0 -3.11393e-08 -3.21333e-08 -3.19858e-08
0 -1.51991e-07 -1.59923e-07 -1.58834e-07
0 -3.81838e-07 -4.14089e-07 -4.10153e-07
0 -7.0185e-07 -7.92951e-07 -7.8365e-07
0 -1.08952e-06 -1.29347e-06 -1.27773e-06
0 -1.52146e-06 -1.91002e-06 -1.89166e-06
0 -1.97603e-06 -2.63346e-06 -2.62541e-06
0 -2.43541e-06 -3.45085e-06 -3.47897e-06
0 -2.88597e-06 -4.34506e-06 -4.45048e-06
0 -3.3195e-06 -5.29659e-06 -5.53571e-06
0 -3.73359e-06 -6.28588e-06 -6.72736e-06
0 -4.12886e-06 -7.29327e-06 -8.01229e-06
0 -4.50841e-06 -8.30132e-06 -9.37159e-06
0 -4.8772e-06 -9.29657e-06 -1.07814e-05
0 -5.2391e-06 -1.02683e-05 -1.22121e-05
0 -5.59611e-06 -1.12082e-05 -1.36299e-05
0 -5.9487e-06 -1.21102e-05 -1.49996e-05
0 -6.2974e-06 -1.29711e-05 -1.6289e-05
0 -6.6444e-06 -1.37905e-05 -1.74727e-05
0 -6.99187e-06 -1.45684e-05 -1.85321e-05
0 -7.34024e-06 -1.53024e-05 -1.94557e-05
0 -7.68727e-06 -1.59871e-05 -2.02381e-05
0 -8.02812e-06 -1.6614e-05 -2.08802e-05
0 -8.35619e-06 -1.71734e-05 -2.13887e-05
0 -8.65853e-06 -1.76505e-05 -2.17698e-05
0 -8.90944e-06 -1.80187e-05 -2.20197e-05
0 -9.07555e-06 -1.82445e-05 -2.21264e-05
0 -9.13174e-06 -1.83021e-05 -2.20818e-05
0 -9.07371e-06 -1.81853e-05 -2.18916e-05
0 -8.91752e-06 -1.79082e-05 -2.15747e-05
0 -8.6851e-06 -1.74927e-05 -2.11493e-05
0 -8.38581e-06 -1.69504e-05 -2.06165e-05
0 -8.01401e-06 -1.62799e-05 -1.99585e-05
0 -7.56618e-06 -1.54822e-05 -1.91571e-05
0 -7.05914e-06 -1.45771e-05 -1.82133e-05
0 -6.52866e-06 -1.36024e-05 -1.71489e-05
0 -6.00837e-06 -1.25944e-05 -1.59885e-05
0 -5.5101e-06 -1.15692e-05 -1.47425e-05
0 -5.02552e-06 -1.05241e-05 -1.3409e-05
0 -4.55386e-06 -9.46493e-06 -1.20013e-05
0 -4.12525e-06 -8.42959e-06 -1.05704e-05
0 -3.78297e-06 -7.47304e-06 -9.1885e-06
0 -3.54396e-06 -6.62996e-06 -7.90933e-06
0 -3.38878e-06 -5.90431e-06 -6.7565e-06
0 -3.30348e-06 -5.30844e-06 -5.76178e-06
0 -3.31928e-06 -4.90117e-06 -5.00243e-06
0 -3.47319e-06 -4.74853e-06 -4.56113e-06
0 -3.72462e-06 -4.83845e-06 -4.44053e-06
0 -3.93765e-06 -5.05525e-06 -4.53857e-06
0 -3.94504e-06 -5.23114e-06 -4.7012e-06
0 -3.61377e-06 -5.20104e-06 -4.7768e-06
0 -2.86725e-06 -4.82056e-06 -4.631e-06
0 -1.68647e-06 -3.97159e-06 -4.14637e-06
0 -1.07078e-07 -2.57109e-06 -3.2241e-06
0 1.80738e-06 -5.6071e-07 -1.76714e-06
0 4.01154e-06 2.1236e-06 3.53408e-07
0 6.45935e-06 5.52091e-06 3.26588e-06
0 8.97131e-06 9.5014e-06 6.94794e-06
0 1.11648e-05 1.36792e-05 1.113e-05
0 1.26136e-05 1.75503e-05 1.54205e-05
0 1.3068e-05 2.0702e-05 1.94979e-05
0 1.2511e-05 2.28806e-05 2.31562e-05
0 1.10731e-05 2.39383e-05 2.62289e-05
0 8.93753e-06 2.37804e-05 2.85195e-05
0 6.29856e-06 2.23635e-05 2.97947e-05
0 3.3593e-06 1.97221e-05 2.98217e-05
0 3.37329e-07 1.59911e-05 2.84167e-05
0 -2.55883e-06 1.13862e-05 2.54633e-05
0 -5.20434e-06 6.11936e-06 2.08734e-05
0 -7.64637e-06 2.85803e-07 1.45204e-05
0 -1.01122e-05 -6.18259e-06 6.23142e-06
0 -1.28756e-05 -1.34256e-05 -4.09678e-06
0 -1.60855e-05 -2.15116e-05 -1.63537e-05
0 -1.97698e-05 -3.04456e-05 -3.0247e-05
0 -2.39346e-05 -4.02529e-05 -4.54293e-05
0 -2.84264e-05 -5.08085e-05 -6.13846e-05
0 -3.26479e-05 -6.15006e-05 -7.71511e-05
0 -3.55797e-05 -7.11754e-05 -9.13186e-05
0 -3.62953e-05 -7.85814e-05 -0.000102504
0 -3.46852e-05 -8.30784e-05 -0.000110055
0 -3.17316e-05 -8.49971e-05 -0.000114363
0 -2.88643e-05 -8.5162e-05 -0.000116313
0 -2.68038e-05 -8.38964e-05 -0.000116228
0 -2.49797e-05 -8.05061e-05 -0.000113321
0 -2.22167e-05 -7.39113e-05 -0.000106353
0 -1.8093e-05 -6.39099e-05 -9.49355e-05
0 -1.35773e-05 -5.17733e-05 -8.01731e-05
0 -1.03007e-05 -3.95554e-05 -6.40039e-05
0 -9.27782e-06 -2.88636e-05 -4.79993e-05
0 -1.03831e-05 -2.03146e-05 -3.28595e-05
0 -1.28685e-05 -1.39533e-05 -1.88725e-05
0 -1.59107e-05 -9.66671e-06 -6.35548e-06
0 -1.84494e-05 -6.89832e-06 4.63707e-06
0 -1.88833e-05 -4.22953e-06 1.4774e-05
0 -1.55411e-05 2.39904e-07 2.51474e-05
0 -8.0024e-06 7.57843e-06 3.60795e-05
0 1.90157e-06 1.68656e-05 4.61205e-05
0 1.08015e-05 2.55884e-05 5.2603e-05
0 1.59018e-05 3.14083e-05 5.35116e-05
0 1.64793e-05 3.34751e-05 4.87853e-05
0 1.35176e-05 3.21201e-05 3.98711e-05
0 8.37628e-06 2.77647e-05 2.84029e-05
0 2.04673e-06 2.04667e-05 1.54931e-05
0 -4.65618e-06 1.03632e-05 1.96067e-06
0 -1.07252e-05 -1.77851e-06 -1.12507e-05
0 -1.50224e-05 -1.45208e-05 -2.30591e-05
0 -1.66184e-05 -2.60911e-05 -3.24927e-05
0 -1.49584e-05 -3.46507e-05 -3.87744e-05
0 -9.68121e-06 -3.83013e-05 -4.10815e-05
0 -3.14471e-07 -3.4995e-05 -3.82014e-05
0 1.37218e-05 -2.2726e-05 -2.85141e-05
0 3.24258e-05 -3.67713e-07 -1.06996e-05
0 5.42455e-05 3.12177e-05 1.51844e-05
0 7.62597e-05 6.91993e-05 4.7654e-05
0 9.59707e-05 0.000110458 8.53037e-05
0 0.00011285 0.00015319 0.000128129
0 0.000127866 0.000196694 0.000176969
0 0.000141839 0.00024008 0.000231881
0 0.000154622 0.000281738 0.000291377
0 0.000165545 0.000319916 0.000352925
0 0.000174159 0.000353478 0.000413775
0 0.000180656 0.00038225 0.00047153
0 0.000185981 0.000407055 0.000524471
0 0.00019151 0.00042932 0.000571508
0 0.000198164 0.000450112 0.000611554
0 0.000205628 0.00046926 0.000642918
0 0.000212752 0.000485612 0.000663771
0 0.000218932 0.000498325 0.000673495
0 0.000224687 0.000507486 0.000673221
0 0.000230574 0.000513187 0.000664692
0 0.00023617 0.000514688 0.000649144
0 0.000240814 0.000511282 0.000627874
0 0.000244964 0.000503761 0.000603433
0 0.000250081 0.000494405 0.000579414
0 0.000257265 0.000485684 0.00055904
0 0.000266656 0.000479583 0.000544509
0 0.000278301 0.000478268 0.000537788
0 0.000293034 0.000484725 0.000541441
0 0.00031203 0.000502109 0.000558195
0 0.000335484 0.000532236 0.000589612
0 0.000362031 0.000574798 0.000635443
0 0.000389569 0.000627972 0.000694308
0 0.000416451 0.00068949 0.00076471
0 0.000441938 0.000757124 0.000845368
0 0.000465788 0.000828496 0.000934776
0 0.000487378 0.00090047 0.00103032
0 0.000504838 0.00096853 0.00112744
0 0.000515047 0.0010269 0.00121959
0 0.000515009 0.0010699 0.00129962
0 0.000504185 0.00109434 0.00136219
0 0.000485947 0.00110118 0.00140557
0 0.000466162 0.00109451 0.00143078
0 0.000449863 0.00107865 0.00143896
0 0.000439176 0.00105625 0.00142983
0 0.0004341 0.00102896 0.00140275
0 0.000434631 0.000999201 0.00135891
0 0.000441663 0.000970734 0.00130225
0 0.000455812 0.000947221 0.0012381
0 0.000475783 0.000930361 0.00117127
0 0.000498536 0.000919787 0.00110567
0 0.000521396 0.000914934 0.00104584
0 0.000543813 0.00091674 0.000997998
0 0.000566778 0.000927232 0.000969074
0 0.000590276 0.00094719 0.000963751
0 0.000611265 0.00097419 0.000982089
0 0.000624346 0.00100304 0.00101978
0 0.000624304 0.00102796 0.00107029
0 0.000608118 0.00104418 0.00112672
0 0.000575354 0.0010483 0.00118229
0 0.000527441 0.00103767 0.00123009
0 0.000466739 0.00100984 0.00126273
0 0.00039587 0.000962321 0.00127249
0 0.000317261 0.000892626 0.00125163
0 0.000232828 0.000798378 0.00119287
0 0.000143827 0.000677473 0.00108989
0 5.09851e-05 0.000528412 0.000937936
0 -4.51673e-05 0.000350723 0.000734522
0 -0.000144093 0.000145181 0.000479821
0 -0.000245249 -8.62376e-05 0.000176658
0 -0.00034821 -0.000340571 -0.00016975
0 -0.000452928 -0.000614278 -0.000552372
0 -0.000560106 -0.000903823 -0.000963199
0 -0.000671433 -0.00120622 -0.00139412
0 -0.000789165 -0.00151899 -0.00183723
0 -0.000914626 -0.00183903 -0.00228408
0 -0.00104664 -0.00216123 -0.00272473
0 -0.00118144 -0.00247843 -0.00314804
0 -0.00131422 -0.00278268 -0.00354333
0 -0.00144066 -0.00306671 -0.00390192
0 -0.00155748 -0.00332431 -0.00421752
0 -0.00166182 -0.00354994 -0.00448564
0 -0.00175074 -0.00373821 -0.00470271
0 -0.00182115 -0.00388395 -0.00486576
0 -0.00186959 -0.0039824 -0.00497218
0 -0.00189254 -0.00402918 -0.00501945
0 -0.00188692 -0.00402058 -0.00500511
0 -0.00185158 -0.00395506 -0.00492816
0 -0.00178919 -0.00383546 -0.00479113
0 -0.00170645 -0.00366934 -0.00460051
0 -0.00161161 -0.00346675 -0.00436467
0 -0.00151066 -0.0032367 -0.00409061
0 -0.00140432 -0.00298409 -0.00378143
0 -0.00128822 -0.0027091 -0.00343618
0 -0.001156 -0.00240943 -0.00305268
0 -0.00100363 -0.00208368 -0.00263114
0 -0.000832541 -0.00173422 -0.00217698
0 -0.000650032 -0.00136798 -0.00170112
0 -0.000466719 -0.000994864 -0.00121769
0 -0.00029273 -0.000625179 -0.000740669
0 -0.000134136 -0.000266918 -0.000280648
0 8.32486e-06 7.52843e-05 0.000156446
0 0.000137423 0.00039874 0.000567744
0 0.000256435 0.000700513 0.000950778
0 0.000366949 0.000976298 0.0013018
0 0.000468474 0.00122088 0.00161571
0 0.000559521 0.0014296 0.00188723
0 0.000639103 0.00159998 0.00211245
0 0.00070772 0.00173277 0.00229005
0 0.000767117 0.00183148 0.00242113
0 0.00081912 0.00190093 0.00250826
0 0.000864554 0.0019458 0.00255457
0 0.000902708 0.00196957 0.00256308
0 0.000931192 0.00197376 0.00253637
0 0.000946225 0.00195765 0.00247633
0 0.000944612 0.00191985 0.00238558
0 0.000927185 0.00186167 0.0022704
0 0.000899782 0.00178866 0.00214148
0 0.000869106 0.00170721 0.00200978
0 0.000837126 0.00161971 0.00188099
0 0.000799983 0.00152361 0.00175418
0 0.000751977 0.00141497 0.00162543
0 0.000690796 0.00129308 0.00149265
0 0.000620352 0.00116305 0.00135854
0 0.000549297 0.00103438 0.00122952
0 0.000485846 0.000916172 0.00111139
0 0.000432858 0.000812415 0.00100503
0 0.000387916 0.000721881 0.000906783
0 0.000348107 0.000642467 0.000813183
0 0.000313777 0.000574674 0.000724684
0 0.000287874 0.00052104 0.000645017
0 0.000273153 0.000483715 0.000578484
0 0.000270503 0.00046318 0.000528281
0 0.000278962 0.000458513 0.000496341
0 0.000296577 0.000468322 0.000483893
0 0.000321551 0.000491818 0.00049226
0 0.00035315 0.000529599 0.000523485
0 0.000391425 0.000583232 0.000579843
0 0.00043556 0.000653425 0.000662043
0 0.000482229 0.000738063 0.000767454
0 0.000525238 0.000831337 0.000889441
0 0.00055679 0.00092441 0.00101824
0 0.000570404 0.00100785 0.00114351
0 0.000563648 0.00107431 0.00125699
0 0.000538184 0.00111897 0.00135266
0 0.000497716 0.00113844 0.00142533
0 0.000446714 0.00113043 0.00147002
0 0.000390742 0.00109512 0.00148318
0 0.000336471 0.00103594 0.00146362
0 0.000290164 0.000958618 0.00141191
0 0.000255465 0.000869047 0.00132892
0 0.000231756 0.000771173 0.00121458
0 0.000214305 0.000666176 0.0010679
0 0.00019666 0.000553635 0.000888932
0 0.000173838 0.000433623 0.000681114
0 0.000143715 0.000307447 0.000451889
0 0.000105605 0.000176153 0.000210487
0 5.80775e-05 3.86306e-05 -3.50497e-05
0 -1.19452e-06 -0.00010807 -0.000278802
0 -7.30968e-05 -0.000265916 -0.000515386
0 -0.000154859 -0.000433117 -0.000738203
0 -0.000240576 -0.00060392 -0.000939897
0 -0.000323647 -0.000770537 -0.00111444
0 -0.000398724 -0.000924975 -0.00125856
0 -0.000462293 -0.00105988 -0.00137169
0 -0.000512826 -0.00116934 -0.00145549
0 -0.000551057 -0.00125012 -0.00151373
0 -0.000579423 -0.00130205 -0.00155145
0 -0.000600499 -0.00132714 -0.0015733
0 -0.000615831 -0.0013288 -0.00158238
0 -0.000626289 -0.00131188 -0.00158067
0 -0.000633248 -0.00128323 -0.00157037
0 -0.000639021 -0.0012513 -0.00155455
0 -0.000646051 -0.00122441 -0.00153667
0 -0.000655884 -0.00120898 -0.00151976
0 -0.000668453 -0.00120818 -0.00150582
0 -0.000681393 -0.0012208 -0.00149499
0 -0.000690057 -0.00124113 -0.0014852
0 -0.000688971 -0.00126046 -0.00147304
0 -0.000673617 -0.00126924 -0.00145495
0 -0.000641488 -0.00125884 -0.00142778
0 -0.000592903 -0.00122328 -0.00138937
0 -0.000531636 -0.00116091 -0.00133933
0 -0.000464188 -0.00107466 -0.00127876
0 -0.000397919 -0.000970917 -0.00120925
0 -0.00033943 -0.000858149 -0.00113211
0 -0.000292984 -0.000745046 -0.00104771
0 -0.000257849 -0.000636946 -0.000953381
0 -0.000226779 -0.000532879 -0.000842052
0 -0.000189175 -0.000427007 -0.000704956
0 -0.000136701 -0.000312854 -0.000536574
0 -6.6386e-05 -0.000185851 -0.000337055
0 1.94568e-05 -4.37447e-05 -0.000111698
0 0.000114544 0.000113315 0.000130523
0 0.000210481 0.000282734 0.000378708
0 0.000298832 0.000459762 0.000621926
0 0.000372745 0.000637771 0.000850573
0 0.0004279 0.000808583 0.00105701
0 0.000462891 0.000963292 0.00123586
0 0.00047913 0.00109335 0.00138395
0 0.000479983 0.00119139 0.00149951
0 0.000469674 0.00125202 0.00158143
0 0.000452982 0.00127327 0.00162943
0 0.000435391 0.00125777 0.00164466
0 0.000422203 0.00121248 0.00162948
0 0.000415811 0.00114556 0.0015853
0 0.000413045 0.00106256 0.00151017
0 0.000405902 0.000965219 0.00139941
0 0.000385509 0.000853244 0.00124896
0 0.000346336 0.000726783 0.00105898
0 0.000288714 0.000588122 0.000835793
0 0.000218636 0.000441835 0.000591358
0 0.000144729 0.000293062 0.000340209
0 7.46961e-05 0.000145681 9.58817e-05
0 1.32454e-05 1.8485e-06 -0.000131228
0 -3.89264e-05 -0.000137962 -0.000335086
0 -8.51609e-05 -0.000274811 -0.000514484
0 -0.000131386 -0.000410412 -0.0006721
0 -0.000183991 -0.000546071 -0.000812776
0 -0.000248212 -0.000682458 -0.000942252
0 -0.000327134 -0.000819871 -0.00106632
0 -0.000420474 -0.00095776 -0.00118937
0 -0.000523881 -0.00109416 -0.00131325
0 -0.000630949 -0.00122717 -0.00143852
0 -0.000736756 -0.00135759 -0.00156723
0 -0.000839279 -0.00148936 -0.00170372
0 -0.000937571 -0.00162686 -0.00185236
0 -0.00102824 -0.00177065 -0.00201368
0 -0.00110333 -0.00191455 -0.00218178
0 -0.00115253 -0.00204703 -0.0023459
0 -0.00116849 -0.0021561 -0.00249509
0 -0.00115131 -0.00223412 -0.0026226
0 -0.00110927 -0.00227974 -0.00272703
0 -0.0010549 -0.00229585 -0.00280959
0 -0.000998584 -0.00228511 -0.00286896
0 -0.000944181 -0.00224675 -0.00289827
0 -0.00088958 -0.00217742 -0.00288639
0 -0.000830145 -0.0020739 -0.00282188
0 -0.000761793 -0.00193514 -0.00269629
0 -0.00068353 -0.00176364 -0.00250683
0 -0.000599353 -0.00156672 -0.00225849
0 -0.000517493 -0.00135569 -0.00196359
0 -0.000446195 -0.001142 -0.00163781
0 -0.000388072 -0.000932086 -0.00129444
0 -0.000337442 -0.000724702 -0.000940963
0 -0.000283219 -0.000513296 -0.000580632
0 -0.000214414 -0.00029076 -0.000216235
0 -0.000123803 -5.24726e-05 0.000147789
0 -9.15383e-06 0.000202692 0.000505308
0 0.000126586 0.000471856 0.000848853
0 0.000276103 0.000748298 0.00117036
0 0.000429695 0.00102278 0.00146267
0 0.000577652 0.00128527 0.00172103
0 0.00071229 0.00152659 0.00194392
0 0.000829204 0.00173988 0.00213336
0 0.000927427 0.00192131 0.00229426
0 0.00100886 0.00207037 0.00243325
0 0.00107749 0.00218996 0.00255774
0 0.00113828 0.00228594 0.00267481
0 0.00119484 0.00236502 0.00278917
0 0.00124649 0.00243133 0.0029003
0 0.00128723 0.00248438 0.00300154
0 0.00130891 0.00252064 0.0030831
0 0.00130613 0.00253695 0.00313667
0 0.00127881 0.00253236 0.0031581
0 0.00123175 0.00250774 0.00314726
0 0.00117226 0.00246442 0.00310628
0 0.00110721 0.00240265 0.00303733
0 0.00104079 0.00232069 0.00294087
0 0.000973816 0.00221525 0.00281523
0 0.000904576 0.00208285 0.00265766
0 0.000830149 0.00192112 0.00246537
0 0.000747408 0.00172939 0.00223644
0 0.000653958 0.001509 0.00197046
0 0.000548267 0.00126259 0.00166849
0 0.000428493 0.000992238 0.0013317
0 0.000291612 0.000697903 0.000960173
0 0.000134409 0.000377882 0.000553591
0 -4.40099e-05 3.11265e-05 0.000113398
0 -0.000240059 -0.0003403 -0.000355151
0 -0.000446024 -0.000730846 -0.000843268
0 -0.000653058 -0.00113337 -0.00134124
0 -0.000853731 -0.00154058 -0.00184038
0 -0.00104153 -0.0019439 -0.00233214
0 -0.00120936 -0.00233183 -0.00280631
0 -0.00135059 -0.00269103 -0.00325161
0 -0.00146264 -0.0030105 -0.00365911
0 -0.00154913 -0.00328479 -0.00402452
0 -0.00161748 -0.00351307 -0.00434648
0 -0.0016743 -0.00369597 -0.00462284
0 -0.0017227 -0.00383365 -0.0048488
0 -0.00176211 -0.00392582 -0.00501746
0 -0.00178971 -0.00397245 -0.00512155
0 -0.0018021 -0.00397439 -0.00515539
0 -0.00179667 -0.00393345 -0.0051162
0 -0.00177271 -0.0038527 -0.00500519
0 -0.00173287 -0.00373743 -0.00482899
0 -0.00168339 -0.00359558 -0.00459986
0 -0.00163184 -0.00343602 -0.00433337
0 -0.00158349 -0.00326593 -0.00404466
0 -0.00153895 -0.00308892 -0.00374564
0 -0.00149372 -0.00290469 -0.0034437
0 -0.00143894 -0.00270932 -0.00314134
0 -0.00136218 -0.00249493 -0.00283557
0 -0.00124963 -0.00225071 -0.00251874
0 -0.00109264 -0.00196831 -0.00218391
0 -0.000894555 -0.00164842 -0.00183139
0 -0.000670992 -0.0013019 -0.00146963
0 -0.000443069 -0.000944827 -0.00111013
0 -0.000228853 -0.000591767 -0.000760801
0 -3.70718e-05 -0.000250683 -0.000421451
0 0.00013488 7.9168e-05 -8.27755e-05
0 0.000297136 0.000404543 0.000269565
0 0.000459782 0.000732196 0.000647567
0 0.000627738 0.00106522 0.00105625
0 0.000801792 0.0014047 0.00149504
0 0.000982472 0.00175329 0.00196176
0 0.00117161 0.00211631 0.00245461
0 0.00137071 0.00249928 0.00297112
0 0.00157828 0.00290429 0.0035058
0 0.0017877 0.00332691 0.0040484
0 0.00198643 0.00375441 0.00458298
0 0.00215647 0.0041645 0.0050871
0 0.00227494 0.00452477 0.00553098
0 0.00231862 0.00479766 0.00588167
0 0.00227751 0.00495436 0.00611545
0 0.00216762 0.0049893 0.00623027
0 0.00202849 0.00492317 0.0062468
0 0.00190721 0.00479257 0.00619609
0 0.00183842 0.00463244 0.00610147
0 0.00182748 0.00446027 0.00596513
0 0.00184782 0.0042715 0.00576663
0 0.00185601 0.004048 0.00547516
0 0.00181244 0.00377143 0.00506721
0 0.00169525 0.00343213 0.00453784
0 0.00150352 0.00303035 0.00390159
0 0.00125223 0.0025725 0.00318637
0 0.000963183 0.00206611 0.00242422
0 0.000657082 0.00151706 0.00164384
0 0.000350042 0.000930764 0.000867316
0 5.28734e-05 0.000314612 0.000109762
0 -0.000230021 -0.000321458 -0.000621064
0 -0.000499087 -0.000964583 -0.00132331
0 -0.000750828 -0.00159334 -0.00199249
0 -0.000970209 -0.00217208 -0.00261196
0 -0.00113554 -0.00265777 -0.0031558
0 -0.00123211 -0.00301641 -0.00360162
0 -0.00126239 -0.00323514 -0.0039402
0 -0.00124585 -0.00332408 -0.00417595
0 -0.00121029 -0.00330976 -0.00432071
0 -0.0011809 -0.00322531 -0.00438607
0 -0.00117298 -0.00310226 -0.00437868
0 -0.00119025 -0.00296607 -0.00430059
0 -0.00122785 -0.00283533 -0.00415303
0 -0.00127763 -0.00272287 -0.00394142
0 -0.00133272 -0.00263709 -0.00367883
0 -0.00138991 -0.00258279 -0.00338681
0 -0.00145176 -0.00256368 -0.00309558
0 -0.00152663 -0.00258462 -0.00284221
0 -0.00162187 -0.00264806 -0.00266202
0 -0.00173292 -0.00274595 -0.00257569
0 -0.00183487 -0.00285255 -0.00257815
0 -0.00188316 -0.00292373 -0.00263584
0 -0.00182859 -0.00290893 -0.00269811
0 -0.00163956 -0.00276982 -0.00271687
0 -0.00131595 -0.00249267 -0.00266021
0 -0.000888379 -0.00208862 -0.00251445
0 -0.000407382 -0.0015866 -0.00227871
0 7.05211e-05 -0.00102421 -0.00195783
0 0.000496772 -0.000438151 -0.00155544
0 0.000841896 0.000144711 -0.0010683
0 0.00110053 0.000711768 -0.000485605
0 0.00128665 0.00126165 0.000204489
0 0.00142055 0.00179628 0.00100425
0 0.00151803 0.00231354 0.00189797
0 0.00158538 0.00280339 0.00284904
0 0.00161818 0.00324752 0.00380238
0 0.00160522 0.00362198 0.00469172
0 0.00153635 0.00390269 0.00545042
0 0.00140978 0.00407072 0.00602215
0 0.00123547 0.00411649 0.00636839
0 0.00103509 0.00404211 0.00647194
0 0.000839566 0.00386181 0.00633739
0 0.000684713 0.00359995 0.00598954
0 0.000604231 0.00328725 0.00546916
0 0.000620839 0.00295782 0.00482562
0 0.000738881 0.00264259 0.00410868
0 0.000940912 0.00236156 0.00336216
0 0.00118816 0.0021201 0.00261912
0 0.00142601 0.00190791 0.00190029
0 0.00159573 0.0017023 0.00121789
0 0.00164946 0.00147773 0.000582905
0 0.00156261 0.00121593 1.10136e-05
0 0.00133974 0.000910521 -0.000475433
0 0.00101191 0.000568702 -0.000850567
0 0.000625202 0.000207879 -0.00109397
0 0.000226362 -0.000151975 -0.00120029
0 -0.000146038 -0.000491845 -0.00118224
0 -0.000463391 -0.000792821 -0.00106688
0 -0.000706505 -0.0010357 -0.000889213
0 -0.000865095 -0.00120238 -0.000685591
0 -0.000935026 -0.0012767 -0.000486791
0 -0.000914417 -0.00124462 -0.000311852
0 -0.000802813 -0.0010971 -0.000165372
0 -0.000604266 -0.000834501 -4.0319e-05
0 -0.000331693 -0.000470571 7.58389e-05
0 -9.04565e-06 -3.40525e-05 0.000195546
0 0.000330047 0.000434182 0.000327958
0 0.000647938 0.000887717 0.000478135
0 0.000910169 0.00128275 0.000647788
0 0.00109035 0.0015852 0.00083633
0 0.00117429 0.00177517 0.00104139
0 0.00116158 0.00184841 0.00125809
0 0.00106247 0.00181388 0.00147716
0 0.00089336 0.00168915 0.00168333
0 0.000673055 0.00149551 0.00185516
0 0.000419831 0.00125303 0.00196649
0 0.000150526 0.000978144 0.00199035
0 -0.00011584 0.000686526 0.00190703
0 -0.000354072 0.000397111 0.00171207
0 -0.000539075 0.000127432 0.00141354
0 -0.000659626 -0.000118004 0.00102029
0 -0.000724703 -0.000352638 0.000535288
0 -0.00075683 -0.000600186 -3.94611e-05
0 -0.000778903 -0.000881324 -0.00069316
0 -0.000804397 -0.00120443 -0.00140062
0 -0.000835521 -0.00156268 -0.00212374
0 -0.000866275 -0.00193571 -0.0028173
0 -0.000886823 -0.00229508 -0.00343546
0 -0.000888174 -0.00260965 -0.00393794
0 -0.000865865 -0.00285012 -0.00429461
0 -0.0008211 -0.00299307 -0.00448748
0 -0.000760007 -0.00302392 -0.00451054
0 -0.000692808 -0.00293937 -0.0043695
0 -0.000632899 -0.00274913 -0.00408141
0 -0.000594179 -0.00247489 -0.00367245
0 -0.000586279 -0.00214563 -0.0031732
0 -0.000610494 -0.00179145 -0.00261403
0 -0.00065955 -0.00143971 -0.00202331
0 -0.000721457 -0.00111411 -0.0014291
0 -0.000785043 -0.000835628 -0.000861778
0 -0.000842647 -0.000621368 -0.000353762
0 -0.000887513 -0.000479316 6.58385e-05
0 -0.000909572 -0.000403652 0.000378025
0 -0.000894765 -0.000375371 0.000577185
0 -0.000828726 -0.000366888 0.000669797
0 -0.000701922 -0.00034878 0.000670936
0 -0.00051384 -0.000297037 0.000600458
0 -0.000275651 -0.000198908 0.000479141
0 -1.00443e-05 -5.58077e-05 0.00032595
0 0.000253502 0.000118571 0.000158592
0 0.000487208 0.00030476 -3.23708e-06
0 0.000671655 0.000484089 -0.000136497
0 0.000796441 0.000640864 -0.000218025
0 0.000857468 0.000761642 -0.00023037
0 0.000854253 0.00083519 -0.000166708
0 0.000789388 0.000854461 -3.17841e-05
0 0.000670949 0.000820241 0.000161553
0 0.000515037 0.000744151 0.000397238
0 0.000345033 0.000647758 0.000659109
0 0.000187168 0.000558122 0.000931345
0 6.49883e-05 0.000501782 0.00119781
0 -4.27859e-06 0.000499097 0.00144277
0 -1.02814e-05 0.000562403 0.00165374
0 5.15807e-05 0.000696923 0.00182478
0 0.000180694 0.000900888 0.00195774
0 0.000371236 0.00116585 0.00206155
0 0.000613182 0.00147886 0.0021513
0 0.000893776 0.0018254 0.00224681
0 0.00119794 0.0021909 0.00236943
0 0.00150781 0.00256113 0.00253777
0 0.00180233 0.00292167 0.00276341
0 0.00205791 0.00325743 0.00304797
0 0.0022509 0.00355298 0.00338251
0 0.00236153 0.00379391 0.00374929
0 0.00237773 0.0039685 0.00412482
0 0.00229763 0.00406875 0.00448285
0 0.00212928 0.00408981 0.00479598
0 0.00188835 0.00402868 0.00503644
0 0.00159537 0.00388359 0.00517724
0 0.00127311 0.00365424 0.00519394
0 0.000943238 0.00334142 0.00506552
0 0.000622422 0.00294579 0.00477433
0 0.000320826 0.0024682 0.00430748
0 4.462e-05 0.00191303 0.00366119
0 -0.00020048 0.00129181 0.00284517
0 -0.000408424 0.000623555 0.00188349
0 -0.000575367 -6.83384e-05 0.000811386
0 -0.000702853 -0.000760974 -0.000329991
0 -0.000799386 -0.00143659 -0.00149856
0 -0.000880038 -0.00208312 -0.00265364
0 -0.000962902 -0.00269188 -0.00375661
0 -0.00106465 -0.00325796 -0.00477199
0 -0.00119811 -0.00378083 -0.00566971
0 -0.00137049 -0.00426054 -0.00642667
0 -0.00158137 -0.00469482 -0.00702655
0 -0.00182307 -0.00508023 -0.00746031
0 -0.00208387 -0.00541336 -0.00772834
0 -0.00235022 -0.00569214 -0.00784149
0 -0.0026078 -0.00591403 -0.007819
0 -0.00284211 -0.00607358 -0.00768495
0 -0.00303823 -0.00616473 -0.00746585
0 -0.00318301 -0.00618348 -0.00718958
0 -0.00326835 -0.006129 -0.00688365
0 -0.00329087 -0.00600392 -0.00657194
0 -0.00324909 -0.00581335 -0.00627156
0 -0.00314304 -0.00556421 -0.00599145
0 -0.00297549 -0.00526469 -0.00573244
0 -0.00275109 -0.00492251 -0.0054872
0 -0.00247447 -0.00454259 -0.0052403
0 -0.00215059 -0.00412632 -0.00497043
0 -0.00178758 -0.0036738 -0.00465541
0 -0.00139955 -0.0031873 -0.00427779
0 -0.0010063 -0.00267266 -0.00382779
0 -0.000630013 -0.00213814 -0.00330282
0 -0.000290982 -0.00159302 -0.00270601
0 -4.39654e-06 -0.00104672 -0.0020451
0 0.000221941 -0.000507971 -0.00133116
0 0.000388761 1.64682e-05 -0.000576868
0 0.00050615 0.000523191 0.000205068
0 0.000592693 0.0010114 0.00100202
0 0.000669681 0.00148192 0.00179994
0 0.000755146 0.00193678 0.00258201
0 0.00086275 0.00237718 0.00332947
0 0.00100247 0.00280417 0.00402473
0 0.00118117 0.00322191 0.0046551
0 0.00140194 0.00363648 0.00521374
0 0.00166112 0.0040507 0.00569685
0 0.00194601 0.00446057 0.00610119
0 0.00223758 0.00485624 0.00642529
0 0.00251532 0.00522581 0.00667271
0 0.00276351 0.0055585 0.00685336
0 0.00297387 0.00584516 0.00698166
0 0.00313984 0.00607794 0.00707313
0 0.00325679 0.00625048 0.0071415
0 0.00332466 0.00635853 0.00719673
0 0.00334305 0.00639976 0.00724299
0 0.00331033 0.00637314 0.00727749
0 0.00322566 0.00627914 0.00729107
0 0.00309096 0.00612078 0.00727078
0 0.00291307 0.00590413 0.00720285
0 0.00270153 0.00563762 0.00707475
0 0.00246773 0.00533049 0.00687633
0 0.00222505 0.00499151 0.00660058
0 0.00198636 0.00462823 0.00624442
0 0.0017623 0.00424667 0.0058091
0 0.00156054 0.00385111 0.00529989
0 0.00138414 0.00344343 0.0047248
0 0.0012306 0.00302316 0.00409346
0 0.0010931 0.00258862 0.00341709
0 0.000963175 0.00213912 0.0027093
0 0.0008335 0.00167708 0.00198687
0 0.000699062 0.00120843 0.00126912
0 0.00055619 0.000740487 0.00057496
0 0.000400784 0.000279146 -8.04275e-05
0 0.000227989 -0.000170927 -0.000686544
0 3.46849e-05 -0.000604783 -0.00123601
0 -0.000176401 -0.00101703 -0.00172303
0 -0.000397751 -0.0014019 -0.00214385
0 -0.000622549 -0.00175478 -0.00249876
0 -0.000845828 -0.00207466 -0.00279338
0 -0.00106383 -0.00236465 -0.00303862
0 -0.00127507 -0.0026309 -0.00324928
0 -0.00147924 -0.00288079 -0.0034416
0 -0.00167471 -0.0031208 -0.00363034
0 -0.00185802 -0.00335537 -0.00382717
0 -0.00202531 -0.00358715 -0.00404075
0 -0.00217341 -0.00381761 -0.00427685
0 -0.00229948 -0.00404643 -0.00453771
0 -0.00240043 -0.0042704 -0.00482073
0 -0.00247304 -0.00448337 -0.00511855
0 -0.0025147 -0.00467716 -0.00541982
0 -0.00252459 -0.00484308 -0.00571094
0 -0.00250578 -0.00497464 -0.00597881
0 -0.00246652 -0.00506994 -0.00621351
0 -0.0024189 -0.00513173 -0.00640858
0 -0.00237525 -0.00516523 -0.00655936
0 -0.00234494 -0.00517593 -0.00666156
0 -0.00233284 -0.00516848 -0.0067111
0 -0.00233934 -0.0051464 -0.00670502
0 -0.00236102 -0.00511184 -0.0066422
0 -0.0023915 -0.00506526 -0.00652396
0 -0.00242265 -0.00500538 -0.00635425
0 -0.00244566 -0.00492918 -0.00613938
0 -0.00245175 -0.00483191 -0.0058871
0 -0.00243242 -0.00470704 -0.00560514
0 -0.00237999 -0.00454692 -0.00530002
0 -0.00228938 -0.00434486 -0.00497737
0 -0.00216037 -0.00409811 -0.00464314
0 -0.00199821 -0.00380937 -0.0043039
0 -0.00181158 -0.00348566 -0.00396515
0 -0.00160956 -0.00313601 -0.00362915
0 -0.00139959 -0.00276951 -0.00329408
0 -0.00118679 -0.00239427 -0.00295466
0 -0.000974387 -0.00201697 -0.00260375
0 -0.000764788 -0.0016429 -0.00223454
0 -0.000560542 -0.00127613 -0.00184241
0 -0.000365056 -0.000919845 -0.00142637
0 -0.000183365 -0.000577305 -0.000990304
0 -2.215e-05 -0.000252714 -0.000543335
0 0.000111436 4.92019e-05 -9.83727e-05
0 0.000212413 0.000324088 0.000330436
0 0.000280579 0.000568506 0.000729758
0 0.000319416 0.000780195 0.0010878
0 0.000333868 0.000957094 0.00139437
0 0.000330737 0.00109681 0.00164151
0 0.000319194 0.00119866 0.00182486
0 0.000309668 0.00126522 0.00194453
0 0.000312231 0.00130186 0.00200465
0 0.000335148 0.00131612 0.00201241
0 0.00038374 0.0013174 0.00197754
0 0.000459781 0.00131621 0.00191184
0 0.00056148 0.001323 0.00182853
0 0.000683832 0.001347 0.00174162
0 0.000819161 0.00139504 0.00166499
0 0.000957915 0.00147043 0.00161152
0 0.00109026 0.00157301 0.00159266
0 0.00120856 0.00170063 0.00161905
0 0.00130926 0.00185088 0.0017009
0 0.00139302 0.00202179 0.00184697
0 0.00146321 0.00221144 0.00206264
0 0.00152413 0.00241761 0.00234816
0 0.00157986 0.00263777 0.00269805
0 0.00163398 0.00286968 0.00310168
0 0.00168981 0.00311189 0.00354481
0 0.00175061 0.00336392 0.00401117
0 0.00181945 0.00362577 0.00448401
0 0.00189901 0.00389722 0.00494744
0 0.0019913 0.00417712 0.00538754
0 0.0020973 0.00446281 0.00579312
0 0.00221649 0.00474967 0.00615601
0 0.00234664 0.00503111 0.00647108
0 0.00248417 0.00529944 0.00673634
0 0.0026248 0.00554706 0.00695305
0 0.00276392 0.00576745 0.00712518
0 0.00289683 0.00595578 0.00725854
0 0.00301887 0.00610937 0.00735981
0 0.00312572 0.00622781 0.00743577
0 0.00321342 0.00631254 0.00749226
0 0.00327847 0.0063662 0.00753363
0 0.00331814 0.006392 0.00756236
0 0.00333046 0.00639279 0.00757884
0 0.00331387 0.00636982 0.00758086
0 0.00326714 0.00632208 0.00756362
0 0.00319051 0.00624718 0.00752116
0 0.00308671 0.00614268 0.0074479
0 0.00296068 0.00600654 0.007339
0 0.00281813 0.00583676 0.00718987
0 0.0026642 0.00563125 0.00699565
0 0.0025027 0.00538806 0.00675134
0 0.00233579 0.0051058 0.00645215
0 0.00216367 0.00478352 0.00609367
0 0.00198434 0.00442032 0.00567185
0 0.00179385 0.00401497 0.00518327
0 0.00158752 0.00356636 0.00462603
0 0.00136142 0.0030741 0.00400076
0 0.00111278 0.00253839 0.0033106
0 0.000839404 0.00195905 0.00255996
0 0.000539576 0.00133537 0.00175388
0 0.000212954 0.000667213 0.000898332
0 -0.00013967 -4.42409e-05 2.56961e-07
0 -0.000518016 -0.000797429 -0.00093377
0 -0.000919939 -0.00159033 -0.00189897
0 -0.00134089 -0.00241938 -0.00289232
0 -0.00177856 -0.00328005 -0.00391123
0 -0.00223006 -0.0041659 -0.00495192
0 -0.00268783 -0.0050669 -0.00600855
0 -0.00314292 -0.00597098 -0.00707369
0 -0.00359251 -0.00686689 -0.00813923
0 -0.00403613 -0.0077457 -0.00919657
0 -0.00446418 -0.00859963 -0.0102359
0 -0.00486666 -0.00942137 -0.0112455
0 -0.0052401 -0.0102034 -0.0122127
0 -0.00558016 -0.0109368 -0.0131251
0 -0.00588133 -0.0116126 -0.0139719
0 -0.00613995 -0.0122229 -0.0147435
0 -0.0063555 -0.0127611 -0.0154306
0 -0.00652942 -0.0132193 -0.0160239
0 -0.00666155 -0.0135898 -0.0165152
0 -0.006751 -0.0138691 -0.0168985
0 -0.00679974 -0.0140556 -0.0171692
0 -0.00681097 -0.0141469 -0.0173231
0 -0.00678509 -0.01414 -0.0173553
0 -0.00672121 -0.0140335 -0.0172609
0 -0.00661826 -0.0138278 -0.0170356
0 -0.00647252 -0.0135226 -0.0166765
0 -0.00627973 -0.0131168 -0.0161819
0 -0.00603672 -0.0126091 -0.0155515
0 -0.00573993 -0.0119983 -0.0147863
0 -0.00538629 -0.0112826 -0.0138887
0 -0.00497469 -0.0104612 -0.0128633
0 -0.00450634 -0.00953446 -0.011716
0 -0.0039844 -0.0085051 -0.0104545
0 -0.00341317 -0.00737744 -0.00908703
0 -0.00279705 -0.00615684 -0.00762101
0 -0.00214011 -0.00484976 -0.006063
0 -0.00144701 -0.00346472 -0.00441989
0 -0.000724065 -0.00201303 -0.00270012
0 1.97844e-05 -0.000508125 -0.000913791
0 0.000764468 0.00103408 0.000928046
0 0.00149646 0.00259224 0.00281286
0 0.00222713 0.00414811 0.00472521
0 0.00295516 0.00569072 0.00664651
0 0.00365344 0.00720336 0.00855468
0 0.00430478 0.00866694 0.0104245
0 0.00491487 0.0100685 0.0122302
0 0.0054886 0.0113987 0.0139484
0 0.00601629 0.0126498 0.015559
0 0.00648584 0.0138123 0.017045
0 0.00689499 0.0148737 0.018392
0 0.00724893 0.0158231 0.019588
0 0.00754719 0.0166473 0.0206227
0 0.00778582 0.0173317 0.021487
0 0.0079663 0.0178655 0.022173
0 0.00809071 0.0182409 0.0226737
0 0.00815693 0.0184512 0.0229822
0 0.00816159 0.0184925 0.023092
0 0.00810176 0.0183656 0.0229975
0 0.00797488 0.0180739 0.0226952
0 0.00778112 0.0176231 0.0221848
0 0.00752331 0.0170229 0.0214703
0 0.00720524 0.0162852 0.0205599
0 0.00683168 0.0154214 0.0194655
0 0.00640849 0.0144421 0.0182025
0 0.00594192 0.0133582 0.0167886
0 0.00543816 0.0121805 0.0152444
0 0.0049033 0.0109203 0.0135917
0 0.00434311 0.00958929 0.0118532
0 0.00376267 0.00820051 0.0100516
0 0.00316611 0.00676781 0.00820866
0 0.00255675 0.00530564 0.00634483
0 0.00193737 0.00382887 0.00447879
0 0.00131058 0.00235235 0.0026276
0 0.000678229 0.000887832 0.000806519
0 2.98678e-05 -0.00055943 -0.000970407
0 -0.000645525 -0.00197687 -0.0026898
0 -0.00132483 -0.00334051 -0.00433968
0 -0.00197854 -0.00463925 -0.00590974
0 -0.00260864 -0.00587272 -0.00739108
0 -0.0032192 -0.00703315 -0.00877572
0 -0.00379468 -0.00811123 -0.0100564
0 -0.00432014 -0.00910234 -0.0112266
0 -0.00479169 -0.0100015 -0.0122805
0 -0.00520507 -0.0108008 -0.0132133
0 -0.00555215 -0.0114929 -0.014021
0 -0.00582866 -0.0120719 -0.0147005
0 -0.00603553 -0.0125315 -0.0152488
0 -0.00617449 -0.0128668 -0.0156637
0 -0.00624802 -0.0130763 -0.015944
0 -0.00626128 -0.0131614 -0.0160895
0 -0.00621995 -0.0131254 -0.0160996
0 -0.00612785 -0.0129721 -0.0159728
0 -0.00598753 -0.0127064 -0.0157075
0 -0.00580091 -0.0123336 -0.0153025
0 -0.00556966 -0.0118595 -0.0147586
0 -0.00529557 -0.0112902 -0.0140786
0 -0.00498036 -0.0106312 -0.0132677
0 -0.00462585 -0.00988767 -0.0123333
0 -0.00423459 -0.00906478 -0.0112857
0 -0.00381046 -0.00816865 -0.010138
0 -0.00335859 -0.00720691 -0.00890585
0 -0.0028845 -0.00618846 -0.00760623
0 -0.00239332 -0.00512321 -0.00625625
0 -0.00188953 -0.00402207 -0.0048725
0 -0.00137718 -0.00289714 -0.00347096
0 -0.000860298 -0.00176197 -0.00206721
0 -0.000344105 -0.000631844 -0.000676832
0 0.000157166 0.000473156 0.000684888
0 0.000624165 0.00153532 0.00200351
0 0.00105847 0.0025496 0.0032657
0 0.00147595 0.00351021 0.0044593
0 0.00187288 0.00440307 0.00557359
0 0.00223443 0.00521881 0.00659972
0 0.00255977 0.00595547 0.00753074
0 0.00285501 0.00661136 0.00836126
0 0.00311952 0.00718472 0.0090878
0 0.00335087 0.00767734 0.00970922
0 0.00355242 0.00809391 0.0102267
0 0.00372943 0.00843938 0.0106437
0 0.00388392 0.00871881 0.0109652
0 0.00401639 0.00893755 0.0111973
0 0.00412807 0.00910009 0.0113466
0 0.00421959 0.00921009 0.0114203
0 0.00429081 0.0092717 0.0114274
0 0.00434244 0.00929005 0.0113782
0 0.00437602 0.00927041 0.0112836
0 0.00439241 0.00921735 0.0111534
0 0.00439118 0.00913462 0.0109962
0 0.0043715 0.00902526 0.0108188
0 0.00433256 0.00889169 0.0106261
0 0.00427328 0.00873546 0.0104213
0 0.00419217 0.00855688 0.010205
0 0.00408764 0.00835486 0.00997546
0 0.00395836 0.00812707 0.00972891
0 0.00380326 0.00787003 0.00945968
0 0.00362121 0.00757879 0.00916016
0 0.00341085 0.00724688 0.00882071
0 0.00317033 0.00686629 0.00842982
0 0.00289757 0.00642804 0.0079747
0 0.0025913 0.00592363 0.00744277
0 0.00225235 0.00534675 0.00682343
0 0.00188337 0.00469365 0.00610846
0 0.00148765 0.00396245 0.00529147
0 0.00106809 0.00315263 0.00436751
0 0.000626755 0.00226491 0.00333332
0 0.000164148 0.00130119 0.00218769
0 -0.000324199 0.00026435 0.000932269
0 -0.000849537 -0.000840332 -0.000426929
0 -0.00140776 -0.00200651 -0.00187906
0 -0.00197106 -0.00322661 -0.00340852
0 -0.00252543 -0.00448132 -0.00499489
0 -0.00307558 -0.0057436 -0.00661398
0 -0.00361559 -0.00699563 -0.00823905
0 -0.00413155 -0.00822262 -0.00984191
0 -0.00461754 -0.00940325 -0.0113939
0 -0.00507191 -0.0105167 -0.0128666
0 -0.00548795 -0.0115457 -0.0142317
0 -0.00585671 -0.0124715 -0.0154616
0 -0.00617187 -0.0132764 -0.0165303
0 -0.00642834 -0.0139468 -0.0174159
0 -0.0066197 -0.0144665 -0.0181001
0 -0.00673542 -0.0148145 -0.0185672
0 -0.0067626 -0.0149772 -0.0188033
0 -0.00669337 -0.0149459 -0.0187964
0 -0.00653008 -0.0147115 -0.0185383
0 -0.00627726 -0.0142691 -0.0180252
0 -0.00593456 -0.0136214 -0.0172598
0 -0.00550781 -0.0127762 -0.0162498
0 -0.0050109 -0.0117456 -0.015008
0 -0.00445544 -0.0105476 -0.0135514
0 -0.00385104 -0.00920458 -0.0119012
0 -0.0032088 -0.00774126 -0.0100823
0 -0.00253942 -0.00618328 -0.0081218
0 -0.0018508 -0.00455664 -0.00604916
0 -0.00114992 -0.00288771 -0.00389711
0 -0.000445547 -0.0012032 -0.00170188
0 0.000241907 0.000466217 0.000498339
0 0.000882097 0.00208501 0.00266563
0 0.001477 0.00363645 0.00476434
0 0.00205916 0.00512506 0.00676272
0 0.00262985 0.00653822 0.00863307
0 0.00316547 0.00785079 0.0103516
0 0.00366335 0.0090526 0.011899
0 0.00413229 0.0101387 0.0132603
0 0.00456685 0.0110965 0.0144245
0 0.00495404 0.0119133 0.0153842
0 0.00528927 0.0125832 0.0161374
0 0.00557272 0.0131041 0.0166873
0 0.00580018 0.013474 0.017041
0 0.00596581 0.0136934 0.0172076
0 0.00606688 0.0137659 0.0171977
0 0.00610157 0.0136958 0.017022
0 0.00606683 0.013488 0.0166916
0 0.00596078 0.0131494 0.0162177
0 0.00578428 0.0126875 0.0156108
0 0.00553971 0.0121102 0.0148809
0 0.00523052 0.0114254 0.0140373
0 0.00486229 0.010642 0.0130888
0 0.00444299 0.00976945 0.0120444
0 0.00398172 0.00881793 0.0109127
0 0.00348764 0.00779763 0.00970203
0 0.00296966 0.00671891 0.00842013
0 0.00243626 0.00559239 0.00707486
0 0.00189529 0.00442915 0.00567477
0 0.00135402 0.0032411 0.00422977
0 0.000819068 0.00204071 0.00275139
0 0.000293953 0.000839947 0.00125238
0 -0.00022925 -0.000353271 -0.000254351
0 -0.000760288 -0.00153793 -0.00175609
0 -0.00128456 -0.00270588 -0.00323907
0 -0.00178088 -0.0038352 -0.00468762
0 -0.00225195 -0.00491276 -0.00608437
0 -0.00270433 -0.00593515 -0.00741061
0 -0.00312813 -0.00689063 -0.00864692
0 -0.00351175 -0.00776349 -0.00977437
0 -0.00385235 -0.008543 -0.0107757
0 -0.00414706 -0.00921983 -0.0116358
0 -0.0043887 -0.0097823 -0.0123419
0 -0.00457223 -0.0102199 -0.0128845
0 -0.00469701 -0.0105258 -0.0132574
0 -0.00476255 -0.0106949 -0.0134571
0 -0.00476702 -0.0107226 -0.013482
0 -0.00470911 -0.0106065 -0.0133319
0 -0.00458834 -0.0103464 -0.0130079
0 -0.00440428 -0.00994434 -0.0125128
0 -0.00415724 -0.00940464 -0.0118516
0 -0.0038493 -0.00873454 -0.0110313
0 -0.00348445 -0.00794368 -0.0100616
0 -0.00306807 -0.00704374 -0.00895469
0 -0.00260661 -0.00604771 -0.00772455
0 -0.00210669 -0.00496882 -0.00638629
0 -0.00157443 -0.00381983 -0.00495546
0 -0.00101557 -0.00261328 -0.00344823
0 -0.000436341 -0.00136238 -0.00188215
0 0.000152164 -8.17095e-05 -0.000276689
0 0.000724153 0.00120723 0.00134732
0 0.00126356 0.00248257 0.00296902
0 0.0017888 0.00373802 0.00456833
0 0.00230837 0.00496744 0.00612589
0 0.00280077 0.0061494 0.00762267
0 0.0032532 0.00726314 0.0090401
0 0.00366992 0.00829648 0.0103606
0 0.00405033 0.00923693 0.0115677
0 0.00438516 0.0100697 0.0126461
0 0.00466891 0.0107829 0.013581
0 0.00490096 0.0113681 0.0143584
0 0.00507744 0.0118168 0.0149648
0 0.00519151 0.0121205 0.0153884
0 0.00523907 0.0122735 0.0156192
0 0.0052186 0.0122722 0.01565
0 0.00512805 0.0121132 0.0154758
0 0.00496527 0.0117937 0.0150938
0 0.00472976 0.0113125 0.0145037
0 0.00442239 0.0106695 0.0137072
0 0.00404467 0.00986597 0.0127089
0 0.00359924 0.0089056 0.0115156
0 0.00309044 0.00779479 0.0101369
0 0.00252401 0.00654279 0.00858459
0 0.00190667 0.00516187 0.00687326
0 0.00124619 0.00366729 0.00501974
0 0.00055114 0.00207726 0.00304343
0 -0.000174456 0.000411866 0.000966383
0 -0.000945032 -0.00131052 -0.0011874
0 -0.00175881 -0.00307818 -0.00339229
0 -0.00256532 -0.00486649 -0.00562004
0 -0.00333317 -0.00662898 -0.00783953
0 -0.00407365 -0.0083346 -0.0100174
0 -0.00478172 -0.00996812 -0.0121185
0 -0.00543084 -0.0115015 -0.0141067
0 -0.00600717 -0.0129028 -0.0159461
0 -0.00650991 -0.0141505 -0.0176028
0 -0.00693616 -0.0152273 -0.0190455
0 -0.0072823 -0.0161215 -0.0202486
0 -0.00754268 -0.0168238 -0.0211938
0 -0.00770898 -0.0173154 -0.0218686
0 -0.00778013 -0.0175862 -0.0222658
0 -0.00776482 -0.0176446 -0.0223834
0 -0.00767541 -0.017499 -0.0222248
0 -0.00752153 -0.0171551 -0.0217986
0 -0.00730832 -0.0166249 -0.0211186
0 -0.00704144 -0.015926 -0.0202025
0 -0.00672697 -0.0150751 -0.0190711
0 -0.00636701 -0.0140887 -0.0177481
0 -0.00596118 -0.0129852 -0.0162597
0 -0.00551011 -0.0117838 -0.0146345
0 -0.00501588 -0.0105026 -0.0129031
0 -0.00448113 -0.00915967 -0.0110976
0 -0.00390899 -0.00777244 -0.0092493
0 -0.00330284 -0.00635575 -0.00738659
0 -0.00266542 -0.0049212 -0.00553353
0 -0.00199856 -0.00347777 -0.00370883
0 -0.00130452 -0.00203362 -0.00192585
0 -0.000588569 -0.000601634 -0.000192726
0 0.000129746 0.000809574 0.00148656
0 0.000828715 0.00220717 0.00311102
0 0.00152046 0.00359361 0.00468228
0 0.00222592 0.00495679 0.00620395
0 0.00293131 0.00628776 0.00768145
0 0.00361273 0.00758462 0.0091217
0 0.00426704 0.00884401 0.0105316
0 0.0048964 0.0100605 0.0119165
0 0.0054911 0.0112303 0.0132789
0 0.00603962 0.0123504 0.0146177
0 0.00653914 0.0134154 0.0159278
0 0.00698938 0.0144188 0.0172006
0 0.0073869 0.015355 0.0184243
0 0.00772995 0.0162176 0.019585
0 0.00802142 0.0169997 0.0206667
0 0.00826518 0.017694 0.0216521
0 0.00846248 0.0182933 0.0225232
0 0.00861234 0.0187904 0.0232619
0 0.00871712 0.0191778 0.0238519
0 0.00878374 0.0194487 0.02428
0 0.00881473 0.0196015 0.0245367
0 0.00880524 0.019636 0.0246156
0 0.00875026 0.0195479 0.0245128
0 0.00864931 0.0193316 0.0242273
0 0.0085035 0.0189861 0.023762
0 0.0083115 0.0185135 0.0231226
0 0.00807061 0.0179151 0.022317
0 0.00777919 0.0171924 0.0213544
0 0.0074355 0.016349 0.0202447
0 0.00703661 0.0153886 0.0189977
0 0.00657987 0.0143154 0.0176232
0 0.0060643 0.0131343 0.016131
0 0.00549024 0.0118511 0.0145304
0 0.00485895 0.010472 0.0128298
0 0.00417299 0.00900298 0.0110368
0 0.00343648 0.00745036 0.00915804
0 0.00265487 0.00582096 0.00719946
0 0.00183483 0.00412217 0.00516684
0 0.000983758 0.00236209 0.00306596
0 0.000103521 0.000548654 0.000902877
0 -0.000826454 -0.00131568 -0.00131654
0 -0.00181127 -0.00323256 -0.00358647
0 -0.00279812 -0.0051861 -0.00589957
0 -0.00375161 -0.0071464 -0.00824682
0 -0.00469299 -0.00910194 -0.0106178
0 -0.0056327 -0.0110509 -0.0130002
0 -0.0065518 -0.0129784 -0.015379
0 -0.00744153 -0.014867 -0.0177366
0 -0.00831182 -0.0167057 -0.0200529
0 -0.00917755 -0.0184843 -0.0223051
0 -0.010046 -0.0201904 -0.0244678
0 -0.0108992 -0.0218193 -0.0265152
0 -0.011711 -0.0233725 -0.0284258
0 -0.0124753 -0.0248348 -0.0301826
0 -0.0131956 -0.0261788 -0.0317704
0 -0.0138625 -0.0273929 -0.0331759
0 -0.0144581 -0.0284738 -0.034387
0 -0.0149723 -0.0294072 -0.0353944
0 -0.0154009 -0.0301751 -0.0361912
0 -0.0157293 -0.0307663 -0.0367726
0 -0.015937 -0.0311717 -0.0371361
0 -0.0160182 -0.03138 -0.0372808
0 -0.015978 -0.0313788 -0.0372073
0 -0.0158213 -0.0311589 -0.0369166
0 -0.0155508 -0.0307151 -0.0364083
0 -0.0151661 -0.030045 -0.0356808
0 -0.0146706 -0.0291508 -0.0347302
0 -0.0140731 -0.0280408 -0.0335512
0 -0.0133801 -0.0267269 -0.0321385
0 -0.0125972 -0.0252225 -0.0304888
0 -0.0117336 -0.0235437 -0.0286023
0 -0.0108012 -0.0217086 -0.026484
0 -0.00981228 -0.019734 -0.0241437
0 -0.00877748 -0.0176353 -0.0215961
0 -0.00770722 -0.0154265 -0.0188607
0 -0.00661134 -0.0131213 -0.0159616
0 -0.00549823 -0.0107326 -0.0129263
0 -0.00437532 -0.00827449 -0.00978586
0 -0.0032563 -0.00576268 -0.00657307
0 -0.00216652 -0.00321793 -0.00332086
0 -0.00111076 -0.000682106 -6.21421e-05
0 -5.93894e-05 0.00181635 0.00317093
0 0.00100359 0.00429893 0.00634931
0 0.00208036 0.00676546 0.00944502
0 0.00318614 0.00917178 0.0124314
0 0.00432075 0.0114948 0.0152857
0 0.00545549 0.0137341 0.0179888
0 0.00657592 0.0158774 0.0205248
0 0.00769015 0.0179051 0.02288
0 0.00877497 0.0198014 0.0250444
0 0.00978705 0.0215573 0.0270126
0 0.010718 0.0231755 0.0287824
0 0.0115748 0.0246538 0.0303531
0 0.0123431 0.0259766 0.0317253
0 0.0129925 0.0271304 0.0329013
0 0.013503 0.0281101 0.0338844
0 0.0138875 0.0289119 0.0346781
0 0.0141669 0.0295272 0.0352855
0 0.0143339 0.0299458 0.0357091
0 0.0143715 0.0301609 0.0359502
0 0.0142817 0.0301691 0.0360083
0 0.0140809 0.0299687 0.0358804
0 0.0137833 0.029561 0.0355617
0 0.0133964 0.028953 0.0350451
0 0.0129318 0.0281561 0.0343234
0 0.0124086 0.0271847 0.0333904
0 0.0118444 0.0260583 0.032242
0 0.011249 0.0248002 0.030878
0 0.0106311 0.0234331 0.0293034
0 0.0100033 0.0219788 0.0275301
0 0.00937774 0.0204578 0.0255777
0 0.00876066 0.0188889 0.023473
0 0.00815499 0.0172872 0.0212485
0 0.00756026 0.0156645 0.0189405
0 0.00697312 0.0140304 0.0165876
0 0.00639224 0.0123932 0.0142282
0 0.00581558 0.0107606 0.0118994
0 0.00523534 0.00914044 0.0096343
0 0.00464181 0.00754003 0.00745961
0 0.00402823 0.00596015 0.00539517
0 0.00339036 0.00439556 0.0034544
0 0.0027225 0.00286076 0.00164357
0 0.0020126 0.00138725 -3.65337e-05
0 0.00125412 -1.96689e-05 -0.00159017
0 0.000462344 -0.0013754 -0.00302764
0 -0.000341669 -0.00268139 -0.00436355
0 -0.00115052 -0.00393144 -0.00561522
0 -0.00196195 -0.00513035 -0.00680164
0 -0.00276678 -0.00628883 -0.0079421
0 -0.0035522 -0.00741257 -0.00905514
0 -0.00431049 -0.00850539 -0.0101579
0 -0.00503938 -0.00957507 -0.0112653
0 -0.00573607 -0.0106301 -0.0123895
0 -0.00639445 -0.0116749 -0.0135382
0 -0.00700746 -0.0127115 -0.0147146
0 -0.00757029 -0.0137401 -0.0159173
0 -0.00808107 -0.0147582 -0.0171409
0 -0.0085397 -0.0157598 -0.018377
0 -0.00894751 -0.0167361 -0.0196138
0 -0.00931083 -0.0176771 -0.0208367
0 -0.00963823 -0.0185711 -0.0220284
0 -0.00993067 -0.0194058 -0.0231694
0 -0.0101864 -0.0201699 -0.0242387
0 -0.0104099 -0.0208536 -0.0252151
0 -0.0106065 -0.0214494 -0.0260787
0 -0.0107787 -0.0219514 -0.0268118
0 -0.0109262 -0.0223549 -0.027399
0 -0.0110482 -0.0226567 -0.0278281
0 -0.0111436 -0.022854 -0.0280908
0 -0.0112087 -0.022944 -0.0281823
0 -0.0112377 -0.0229236 -0.0281014
0 -0.0112231 -0.0227892 -0.0278499
0 -0.0111577 -0.0225371 -0.0274327
0 -0.0110346 -0.0221644 -0.0268573
0 -0.0108475 -0.0216686 -0.0261332
0 -0.0105911 -0.0210476 -0.0252703
0 -0.0102616 -0.0203004 -0.0242786
0 -0.00985649 -0.0194273 -0.0231668
0 -0.00937539 -0.0184299 -0.0219421
0 -0.00881922 -0.0173114 -0.0206094
0 -0.00819194 -0.0160757 -0.0191715
0 -0.00749927 -0.0147281 -0.0176292
0 -0.00674416 -0.0132747 -0.0159821
0 -0.00593025 -0.011723 -0.0142298
0 -0.00506721 -0.0100818 -0.0123727
0 -0.00416791 -0.00836121 -0.0104128
0 -0.00324462 -0.00657285 -0.00835488
0 -0.00230807 -0.00472906 -0.006206
0 -0.00136796 -0.00284217 -0.00397562
0 -0.000437811 -0.000923965 -0.00167547
0 0.000455046 0.00101136 0.00068038
0 0.00128971 0.00293773 0.0030754
0 0.00208438 0.00483248 0.0054905
0 0.00286779 0.00670246 0.00790577
0 0.00363882 0.00855373 0.0103008
0 0.00438213 0.0103628 0.0126528
0 0.00509788 0.012107 0.0149389
0 0.00580118 0.013782 0.0171368
0 0.00649781 0.015383 0.0192249
0 0.00717806 0.0168961 0.0211821
0 0.00783797 0.0183106 0.0229898
0 0.00848203 0.0196232 0.0246322
0 0.00910696 0.0208303 0.0260978
0 0.00970052 0.0219259 0.0273794
0 0.0102525 0.0229064 0.028475
0 0.0107589 0.0237699 0.029387
0 0.0112153 0.0245135 0.0301208
0 0.0116127 0.0251323 0.0306849
0 0.011943 0.0256221 0.0310895
0 0.0122019 0.02598 0.0313461
0 0.0123865 0.0262036 0.0314659
0 0.0124932 0.0262917 0.0314592
0 0.012518 0.0262447 0.031334
0 0.0124587 0.0260647 0.0310954
0 0.0123154 0.0257547 0.0307459
0 0.0120903 0.0253187 0.0302849
0 0.0117871 0.0247612 0.0297095
0 0.0114115 0.0240865 0.0290147
0 0.0109705 0.0232986 0.0281942
0 0.0104718 0.0224009 0.0272411
0 0.00992316 0.0213966 0.0261487
0 0.00933303 0.0202884 0.0249118
0 0.00870988 0.0190789 0.0235264
0 0.00805974 0.0177702 0.02199
0 0.00738601 0.0163641 0.0203021
0 0.00668936 0.0148624 0.0184648
0 0.00596697 0.0132675 0.0164827
0 0.00521777 0.0115822 0.014363
0 0.00444448 0.0098103 0.0121157
0 0.00364595 0.00795607 0.00975236
0 0.00281618 0.00602447 0.0072864
0 0.0019496 0.00402139 0.0047328
0 0.00103539 0.00195029 0.00210748
0 5.33512e-05 -0.000199397 -0.000574083
0 -0.00100122 -0.00243069 -0.00329574
0 -0.00210135 -0.00470668 -0.0060397
0 -0.00321787 -0.0069903 -0.00878875
0 -0.00434508 -0.00927742 -0.011526
0 -0.00549221 -0.0115616 -0.0142339
0 -0.00666022 -0.0138164 -0.0168948
0 -0.00783076 -0.0160177 -0.0194906
0 -0.00898725 -0.0181542 -0.0220026
0 -0.0101252 -0.0202128 -0.0244122
0 -0.0112282 -0.022173 -0.0267003
0 -0.0122674 -0.0240155 -0.0288473
0 -0.0132203 -0.0257253 -0.0308334
0 -0.0140736 -0.027287 -0.0326389
0 -0.0148176 -0.0286837 -0.0342452
0 -0.0154407 -0.0298977 -0.0356352
0 -0.015931 -0.0309124 -0.036793
0 -0.0162802 -0.0317138 -0.0377053
0 -0.0164817 -0.0322862 -0.0383606
0 -0.0165279 -0.0326091 -0.0387494
0 -0.0164159 -0.0326657 -0.0388623
0 -0.0161549 -0.032448 -0.0386902
0 -0.0157612 -0.03195 -0.0382245
0 -0.0152452 -0.0311675 -0.0374566
0 -0.0146132 -0.0301039 -0.0363782
0 -0.0138773 -0.0287704 -0.0349824
0 -0.013053 -0.0271829 -0.0332649
0 -0.0121499 -0.0253608 -0.0312259
0 -0.0111747 -0.0233266 -0.0288713
0 -0.0101371 -0.021105 -0.0262144
0 -0.00905106 -0.0187204 -0.023277
0 -0.00793017 -0.0161957 -0.0200884
0 -0.0067775 -0.0135526 -0.0166857
0 -0.00559366 -0.0108122 -0.0131118
0 -0.00438799 -0.00799555 -0.00941443
0 -0.00317691 -0.00512564 -0.00564457
0 -0.00199102 -0.00224888 -0.00185497
0 -0.000853577 0.000578496 0.00190312
0 0.000258753 0.00335702 0.0055838
0 0.00138568 0.00611132 0.00914466
0 0.00253783 0.0088087 0.0125466
0 0.00369745 0.0113938 0.0157561
0 0.00484705 0.0138472 0.0187458
0 0.00599111 0.0161641 0.0214932
0 0.00713242 0.0183217 0.0239802
0 0.00823754 0.0202944 0.0261939
0 0.00926069 0.022072 0.0281271
0 0.0101924 0.0236495 0.0297785
0 0.011039 0.0250163 0.031151
0 0.0117827 0.0261618 0.0322512
0 0.012396 0.0270804 0.033088
0 0.0128638 0.0277676 0.0336718
0 0.0131832 0.0282174 0.0340131
0 0.0133527 0.0284258 0.0341219
0 0.0133676 0.0283921 0.0340067
0 0.0132244 0.0281178 0.0336741
0 0.0129296 0.0276069 0.0331282
0 0.0124985 0.026867 0.0323708
0 0.011948 0.0259098 0.0314018
0 0.0112958 0.0247495 0.0302194
0 0.0105615 0.0234024 0.0288211
0 0.00976578 0.0218869 0.0272047
0 0.00892757 0.0202225 0.02537
0 0.00806018 0.0184287 0.02332
0 0.00717295 0.0165247 0.0210627
0 0.0062789 0.0145287 0.0186112
0 0.00539064 0.0124577 0.0159842
0 0.00451179 0.0103269 0.0132061
0 0.00363987 0.00814981 0.010306
0 0.00277091 0.00593861 0.00731718
0 0.0018971 0.00370385 0.0042759
0 0.00100152 0.00144295 0.00121793
0 6.68123e-05 -0.000861672 -0.00182245
0 -0.000903547 -0.00319029 -0.00481089
0 -0.00189292 -0.0054806 -0.00771536
0 -0.00289398 -0.00770734 -0.010508
0 -0.00390514 -0.00987999 -0.0131648
0 -0.00492584 -0.0119819 -0.0156664
0 -0.00595796 -0.01398 -0.017998
0 -0.00699567 -0.0158591 -0.020149
0 -0.00802126 -0.0176165 -0.0221112
0 -0.00901632 -0.0192422 -0.0238792
0 -0.00996886 -0.0207218 -0.0254492
0 -0.0108604 -0.0220473 -0.0268194
0 -0.0116576 -0.0232121 -0.0279893
0 -0.0123323 -0.0242048 -0.0289601
0 -0.0128713 -0.0250124 -0.0297335
0 -0.0132644 -0.0256249 -0.0303115
0 -0.0135012 -0.0260338 -0.0306956
0 -0.013574 -0.0262301 -0.030886
0 -0.0134821 -0.026206 -0.0308815
0 -0.0132336 -0.0259572 -0.0306787
0 -0.0128436 -0.0254818 -0.0302718
0 -0.0123288 -0.0247809 -0.0296531
0 -0.0117073 -0.0238606 -0.0288131
0 -0.0109995 -0.022732 -0.0277415
0 -0.0102241 -0.0214087 -0.0264283
0 -0.00939686 -0.0199062 -0.0248644
0 -0.00853296 -0.0182407 -0.0230446
0 -0.00764474 -0.0164296 -0.0209699
0 -0.00673592 -0.0144903 -0.0186491
0 -0.00580952 -0.0124401 -0.0160999
0 -0.00487337 -0.0102961 -0.0133485
0 -0.00393376 -0.00807452 -0.0104283
0 -0.00299156 -0.00578994 -0.00737784
0 -0.00204706 -0.00345606 -0.00423885
0 -0.00111548 -0.00109402 -0.00105405
0 -0.000214575 0.00125384 0.00213329
0 0.000673148 0.00356893 0.00528256
0 0.00158643 0.00588516 0.00835817
0 0.00253964 0.00820323 0.0113266
0 0.00351625 0.0104701 0.0141586
0 0.00450245 0.0126545 0.0168327
0 0.00550971 0.0147538 0.0193328
0 0.00654827 0.016753 0.0216472
0 0.00759595 0.0186255 0.0237665
0 0.0086112 0.0203559 0.0256839
0 0.0095698 0.0219386 0.0273942
0 0.0104668 0.0233635 0.0288939
0 0.0112839 0.0246166 0.0301809
0 0.0119883 0.0256884 0.0312554
0 0.0125575 0.0265728 0.0321199
0 0.0129828 0.027262 0.0327784
0 0.013261 0.0277483 0.0332357
0 0.0133888 0.0280262 0.0334963
0 0.0133649 0.0280917 0.0335635
0 0.0131963 0.027941 0.0334382
0 0.0128974 0.0275726 0.0331187
0 0.0124839 0.0269889 0.0326009
0 0.011973 0.0261966 0.0318784
0 0.0113841 0.0252064 0.0309432
0 0.0107361 0.0240331 0.0297874
0 0.0100453 0.0226947 0.028404
0 0.00932392 0.0212106 0.0267889
0 0.00858193 0.0196003 0.0249426
0 0.00782463 0.017882 0.0228713
0 0.00705294 0.0160717 0.0205879
0 0.00627052 0.0141826 0.0181131
0 0.00548305 0.0122263 0.0154741
0 0.00469102 0.0102125 0.0127044
0 0.00389083 0.00815017 0.0098419
0 0.00307855 0.00604801 0.00692653
0 0.00224776 0.00391317 0.00399675
0 0.00138433 0.00173351 0.00108617
0 0.000470269 -0.000501577 -0.00177553
0 -0.000496012 -0.00274925 -0.00456208
0 -0.00149749 -0.00495834 -0.00725278
0 -0.00252211 -0.0071238 -0.00983133
0 -0.00356716 -0.00924455 -0.0122855
0 -0.00463019 -0.0112924 -0.0146075
0 -0.00570674 -0.0132403 -0.0167915
0 -0.00678634 -0.0150807 -0.0188336
0 -0.00785104 -0.0168103 -0.020731
0 -0.00888114 -0.0184201 -0.0224821
0 -0.00986387 -0.0199045 -0.0240859
0 -0.0107854 -0.0212646 -0.025542
0 -0.0116173 -0.0225002 -0.026851
0 -0.0123355 -0.0236062 -0.0280143
0 -0.0129333 -0.0245771 -0.029034
0 -0.0134081 -0.0254077 -0.0299124
0 -0.0137564 -0.0260911 -0.030651
0 -0.0139761 -0.0266186 -0.0312499
0 -0.0140704 -0.0269834 -0.0317073
0 -0.0140482 -0.0271813 -0.0320196
0 -0.0139219 -0.0272098 -0.0321815
0 -0.0137061 -0.0270689 -0.0321863
0 -0.0134168 -0.0267621 -0.0320254
0 -0.0130692 -0.0262958 -0.0316896
0 -0.0126762 -0.0256793 -0.0311685
0 -0.0122471 -0.0249235 -0.0304527
0 -0.0117878 -0.0240395 -0.0295345
0 -0.011301 -0.0230377 -0.0284096
0 -0.0107878 -0.0219274 -0.0270791
0 -0.0102474 -0.0207164 -0.0255506
0 -0.00967922 -0.019411 -0.0238379
0 -0.0090841 -0.0180153 -0.0219606
0 -0.00846087 -0.0165323 -0.0199423
0 -0.00780395 -0.0149644 -0.0178095
0 -0.00710862 -0.0133146 -0.0155896
0 -0.00637379 -0.0115876 -0.0133089
0 -0.0055989 -0.00979038 -0.0109917
0 -0.00478256 -0.00793239 -0.0086588
0 -0.00392428 -0.00602595 -0.00632744
0 -0.00302808 -0.00408832 -0.00401095
0 -0.00210979 -0.00214666 -0.00171871
0 -0.00119292 -0.000223933 0.000542293
0 -0.000283146 0.00168179 0.00276615
0 0.000635074 0.00357339 0.00494813
0 0.00156843 0.0054308 0.0070837
0 0.00250244 0.00723223 0.00916791
0 0.00341411 0.00897005 0.0111952
0 0.00429011 0.0106384 0.0131583
0 0.00513368 0.0122254 0.0150475
0 0.00594433 0.0137217 0.0168519
0 0.00670339 0.0151238 0.0185594
0 0.00739197 0.0164284 0.020158
0 0.00800664 0.0176301 0.0216358
0 0.00854778 0.0187241 0.0229826
0 0.00900753 0.0197057 0.0241896
0 0.00938169 0.0205686 0.02525
0 0.00967988 0.0213056 0.026158
0 0.00991271 0.0219102 0.0269088
0 0.0100829 0.0223773 0.0274988
0 0.0101911 0.0227027 0.0279246
0 0.0102406 0.022884 0.0281833
0 0.0102361 0.0229204 0.0282714
0 0.0101788 0.0228125 0.0281857
0 0.0100664 0.0225619 0.0279226
0 0.00989571 0.0221712 0.0274796
0 0.00966621 0.0216443 0.0268562
0 0.00937855 0.020986 0.0260541
0 0.00903321 0.0202013 0.025078
0 0.00863137 0.0192953 0.0239347
0 0.00817551 0.0182733 0.0226339
0 0.00766802 0.0171407 0.0211873
0 0.00711232 0.0159033 0.0196081
0 0.00651512 0.0145677 0.0179104
0 0.00588323 0.0131415 0.0161087
0 0.00522031 0.0116337 0.0142171
0 0.00452884 0.0100545 0.0122494
0 0.00381225 0.00841555 0.010219
0 0.00307457 0.00672926 0.00813891
0 0.00231797 0.00500826 0.00602184
0 0.0015421 0.00326485 0.00388029
0 0.000748921 0.00150959 0.00172663
0 -6.10443e-05 -0.000257149 -0.000427774
0 -0.000895788 -0.0020364 -0.00257183
0 -0.00175185 -0.00380551 -0.00469281
0 -0.00259982 -0.0055339 -0.00677719
0 -0.0034136 -0.00721283 -0.00881153
0 -0.00419251 -0.00884126 -0.0107822
0 -0.004943 -0.0104057 -0.0126757
0 -0.00566034 -0.011889 -0.014479
0 -0.00633457 -0.0132825 -0.0161795
0 -0.00696227 -0.0145803 -0.0177653
0 -0.00754677 -0.0157739 -0.0192256
0 -0.00808955 -0.0168559 -0.0205506
0 -0.00858808 -0.0178233 -0.0217319
0 -0.00903874 -0.0186735 -0.0227618
0 -0.00943548 -0.0194026 -0.0236339
0 -0.0097717 -0.0200065 -0.0243431
0 -0.0100432 -0.0204825 -0.0248859
0 -0.0102465 -0.0208282 -0.0252611
0 -0.0103783 -0.0210405 -0.0254689
0 -0.0104355 -0.0211168 -0.0255114
0 -0.0104159 -0.0210556 -0.0253918
0 -0.0103194 -0.0208557 -0.0251142
0 -0.0101478 -0.0205173 -0.0246836
0 -0.00990447 -0.0200423 -0.0241053
0 -0.00959366 -0.0194344 -0.0233844
0 -0.00922022 -0.018699 -0.0225258
0 -0.00878972 -0.0178431 -0.0215342
0 -0.00830912 -0.0168751 -0.0204143
0 -0.00778634 -0.0158049 -0.019171
0 -0.00722634 -0.0146428 -0.0178102
0 -0.00663069 -0.0133987 -0.0163381
0 -0.00600296 -0.0120825 -0.0147622
0 -0.00534932 -0.0107033 -0.0130914
0 -0.00467495 -0.00927023 -0.0113365
0 -0.00398377 -0.00779201 -0.00951042
0 -0.00327968 -0.00627729 -0.00762741
0 -0.00256739 -0.00473496 -0.00570315
0 -0.00185309 -0.00317461 -0.00375437
0 -0.00114632 -0.00160788 -0.00179816
0 -0.000460795 -5.3329e-05 0.00014883
0 0.00019689 0.00147004 0.00207119
0 0.000836998 0.00296209 0.00395494
0 0.00147138 0.00443068 0.00578655
0 0.00209954 0.00586359 0.00755299
0 0.00271192 0.00723891 0.00924252
0 0.00329743 0.00854671 0.0108448
0 0.00385388 0.0097822 0.0123502
0 0.00438682 0.0109342 0.0137499
0 0.00489307 0.0119906 0.0150353
0 0.00535945 0.0129448 0.0161984
0 0.00577847 0.0137927 0.0172321
0 0.00615073 0.0145295 0.0181302
0 0.00647418 0.0151516 0.0188874
0 0.00674196 0.0156578 0.0194999
0 0.00694888 0.0160473 0.019965
0 0.00709371 0.0163188 0.0202813
0 0.00717655 0.0164713 0.0204488
0 0.00719682 0.0165048 0.020469
0 0.00715449 0.0164197 0.0203448
0 0.00705194 0.0162166 0.0200802
0 0.00689332 0.0158971 0.0196797
0 0.00668279 0.0154639 0.0191483
0 0.00642429 0.0149209 0.0184912
0 0.0061221 0.0142736 0.0177137
0 0.00578096 0.0135287 0.0168213
0 0.00540548 0.0126947 0.0158202
0 0.005 0.0117813 0.0147173
0 0.00456869 0.0107991 0.0135209
0 0.00411509 0.00975838 0.0122395
0 0.00364162 0.00866826 0.0108821
0 0.00314991 0.00753654 0.00945803
0 0.00264156 0.00637032 0.0079781
0 0.00211797 0.0051764 0.00645476
0 0.00158039 0.00396152 0.00490185
0 0.00103307 0.00273269 0.00333375
0 0.000483389 0.00149632 0.00176453
0 -6.69816e-05 0.000255475 0.000206592
0 -0.000625947 -0.000991486 -0.00132948
0 -0.00119835 -0.00223773 -0.00283355
0 -0.00177312 -0.00346117 -0.0042963
0 -0.00233196 -0.00464574 -0.00570985
0 -0.00286827 -0.00578845 -0.00706744
0 -0.00338768 -0.00688367 -0.00836317
0 -0.00389063 -0.00791984 -0.00959157
0 -0.00436617 -0.00888825 -0.010747
0 -0.00480571 -0.00978532 -0.0118239
0 -0.00520945 -0.0106074 -0.0128166
0 -0.00557683 -0.0113493 -0.0137194
0 -0.00590168 -0.0120078 -0.014527
0 -0.00617841 -0.0125814 -0.0152343
0 -0.00640592 -0.013068 -0.0158368
0 -0.00658481 -0.0134647 -0.0163303
0 -0.0067147 -0.0137692 -0.0167118
0 -0.00679532 -0.01398 -0.016979
0 -0.00682846 -0.0140958 -0.017131
0 -0.00681779 -0.0141165 -0.0171681
0 -0.0067672 -0.0140433 -0.0170919
0 -0.00667976 -0.0138789 -0.0169047
0 -0.00655816 -0.0136267 -0.0166095
0 -0.00640518 -0.0132908 -0.0162098
0 -0.00622274 -0.0128764 -0.0157093
0 -0.00601146 -0.0123886 -0.0151126
0 -0.00577135 -0.0118328 -0.0144247
0 -0.00550255 -0.0112143 -0.0136519
0 -0.00520526 -0.0105381 -0.0128009
0 -0.00487964 -0.00980855 -0.0118793
0 -0.00452581 -0.00902954 -0.010895
0 -0.00414387 -0.00820392 -0.00985578
0 -0.00373439 -0.00733419 -0.00876909
0 -0.00329924 -0.00642354 -0.00764281
0 -0.00284209 -0.0054768 -0.00648557
0 -0.00236802 -0.00450034 -0.00530623
0 -0.00188328 -0.00350139 -0.00411309
0 -0.0013946 -0.00248761 -0.0029133
0 -0.000907287 -0.00146735 -0.00171301
0 -0.000426174 -0.000450347 -0.000517455
0 4.00881e-05 0.000552078 0.000668979
0 0.000485077 0.00153082 0.00184217
0 0.000913794 0.00248374 0.00299769
0 0.00133396 0.00341061 0.00413067
0 0.00174383 0.00430565 0.00523522
0 0.00213548 0.00516149 0.00630428
0 0.00250394 0.00597437 0.00733014
0 0.00284847 0.00674162 0.0083047
0 0.00316754 0.00745927 0.00922005
0 0.00345831 0.00812326 0.0100688
0 0.00371996 0.00873054 0.0108442
0 0.00395235 0.00927794 0.0115403
0 0.00415401 0.00976145 0.0121519
0 0.004324 0.0101769 0.0126745
0 0.00446296 0.0105209 0.0131047
0 0.00457138 0.0107905 0.0134401
0 0.00464898 0.010983 0.0136788
0 0.00469546 0.0110966 0.0138198
0 0.00471063 0.0111303 0.0138622
0 0.00469396 0.0110842 0.013806
0 0.0046447 0.0109589 0.0136516
0 0.00456211 0.0107558 0.0134
0 0.00444555 0.0104771 0.0130531
0 0.00429476 0.0101252 0.0126133
0 0.00411012 0.00970286 0.012084
0 0.0038925 0.00921299 0.0114694
0 0.00364328 0.0086588 0.0107744
0 0.00336438 0.00804375 0.0100045
0 0.00305835 0.00737179 0.00916584
0 0.00272838 0.00664756 0.00826534
0 0.00237765 0.00587634 0.00731031
0 0.00200861 0.0050639 0.00630829
0 0.00162443 0.0042166 0.0052668
0 0.00123042 0.00334148 0.0041934
0 0.000831112 0.00244613 0.0030958
0 0.000427579 0.00153799 0.00198175
0 1.92382e-05 0.000623282 0.000858668
0 -0.000394038 -0.00029426 -0.000266886
0 -0.000813441 -0.00121357 -0.00138914
0 -0.00123895 -0.00212958 -0.00250206
0 -0.00166296 -0.00303009 -0.00359869
0 -0.00207492 -0.00390585 -0.00467131
0 -0.00247085 -0.00475368 -0.00571192
0 -0.00285245 -0.00556934 -0.00671262
0 -0.00321874 -0.0063461 -0.00766588
0 -0.00356312 -0.00707821 -0.00856486
0 -0.00388029 -0.00776206 -0.00940361
0 -0.00417112 -0.00839416 -0.0101769
0 -0.00443739 -0.00897009 -0.0108802
0 -0.00467658 -0.00948566 -0.0115089
0 -0.00488487 -0.00993743 -0.012059
0 -0.00506126 -0.0103221 -0.0125271
0 -0.0052064 -0.010637 -0.0129105
0 -0.0053202 -0.0108807 -0.0132078
0 -0.00540204 -0.011053 -0.0134185
0 -0.00545201 -0.0111543 -0.0135427
0 -0.00547065 -0.0111852 -0.0135807
0 -0.00545782 -0.0111463 -0.0135327
0 -0.00541251 -0.0110382 -0.0133993
0 -0.00533381 -0.0108619 -0.0131815
0 -0.00522167 -0.0106186 -0.012881
0 -0.00507667 -0.0103099 -0.0125003
0 -0.00489962 -0.0099377 -0.0120424
0 -0.00469157 -0.00950409 -0.011511
0 -0.0044541 -0.00901154 -0.0109098
0 -0.00418922 -0.00846297 -0.0102433
0 -0.00389931 -0.00786193 -0.0095161
0 -0.00358721 -0.00721285 -0.00873345
0 -0.00325628 -0.00652114 -0.00790121
0 -0.00291021 -0.00579302 -0.00702566
0 -0.00255236 -0.00503491 -0.0061131
0 -0.00218573 -0.00425297 -0.00516957
0 -0.00181316 -0.00345273 -0.00420084
0 -0.0014365 -0.00263932 -0.00321266
0 -0.00105607 -0.00181783 -0.00221109
0 -0.000674028 -0.000993909 -0.00120263
0 -0.000297276 -0.000174062 -0.000194102
0 6.64997e-05 0.000633672 0.00080734
0 0.000416422 0.00142284 0.00179422
0 0.000756691 0.00219306 0.00275881
0 0.00108797 0.00294284 0.00369346
0 0.00140614 0.00366443 0.0045908
0 0.00170738 0.00435067 0.00544428
0 0.00199113 0.00499827 0.00624855
0 0.00225852 0.00560434 0.0069992
0 0.00250916 0.0061648 0.00769214
0 0.00274017 0.00667565 0.00832334
0 0.00294813 0.00713395 0.00888893
0 0.0031321 0.00753723 0.00938556
0 0.00329323 0.00788328 0.00981069
0 0.0034304 0.00817088 0.0101628
0 0.00354042 0.00839968 0.010441
0 0.00362216 0.0085693 0.0106449
0 0.00367618 0.00867884 0.0107738
0 0.00370128 0.00872706 0.0108268
0 0.0036953 0.00871302 0.0108036
0 0.00365797 0.00863664 0.0107051
0 0.00359116 0.00849893 0.0105332
0 0.00349708 0.00830169 0.0102906
0 0.00337752 0.00804713 0.00998002
0 0.00323423 0.00773789 0.00960436
0 0.00306944 0.00737725 0.00916681
0 0.00288571 0.00696932 0.00867112
0 0.00268562 0.00651903 0.00812173
0 0.00247143 0.00603174 0.00752364
0 0.00224474 0.00551292 0.00688231
0 0.00200732 0.00496788 0.00620343
0 0.00176181 0.00440136 0.00549262
0 0.00150973 0.00381725 0.00475528
0 0.00125025 0.00321878 0.00399679
0 0.000982499 0.00260896 0.00322277
0 0.000707621 0.0019907 0.0024392
0 0.00042739 0.00136679 0.00165222
0 0.000142528 0.000739467 0.00086768
0 -0.00014656 0.000110662 9.06877e-05
0 -0.000437862 -0.000517794 -0.000674376
0 -0.000730016 -0.00114267 -0.00142375
0 -0.00102252 -0.00175799 -0.00215434
0 -0.00131104 -0.00235923 -0.00286383
0 -0.00159155 -0.00294432 -0.00355074
0 -0.00186475 -0.00351071 -0.0042141
0 -0.00213158 -0.00405545 -0.00485298
0 -0.00239066 -0.00457619 -0.0054662
0 -0.00263985 -0.00507111 -0.00605205
0 -0.00287699 -0.00553824 -0.00660833
0 -0.00309905 -0.00597539 -0.00713249
0 -0.00330282 -0.00638085 -0.00762197
0 -0.00348648 -0.00675325 -0.00807413
0 -0.00364902 -0.0070909 -0.00848623
0 -0.00378878 -0.0073916 -0.00885537
0 -0.00390427 -0.00765317 -0.00917884
0 -0.00399558 -0.00787373 -0.00945447
0 -0.0040641 -0.00805187 -0.00968073
0 -0.00411151 -0.00818669 -0.00985663
0 -0.00413935 -0.00827767 -0.00998131
0 -0.004149 -0.00832456 -0.0100538
0 -0.00414148 -0.00832732 -0.0100731
0 -0.00411732 -0.0082863 -0.0100383
0 -0.00407646 -0.00820215 -0.00994855
0 -0.00401807 -0.0080753 -0.00980306
0 -0.00394057 -0.00790565 -0.00960086
0 -0.003842 -0.00769268 -0.00934115
0 -0.00372079 -0.00743594 -0.00902399
0 -0.00357644 -0.0071356 -0.00865079
0 -0.00340973 -0.00679261 -0.00822435
0 -0.00322233 -0.00640852 -0.00774841
0 -0.00301627 -0.00598525 -0.00722707
0 -0.00279365 -0.00552521 -0.00666461
0 -0.00255652 -0.00503123 -0.00606522
0 -0.00230673 -0.0045065 -0.00543274
0 -0.00204611 -0.00395438 -0.00477068
0 -0.0017763 -0.00337843 -0.00408233
0 -0.00149757 -0.00278247 -0.00337097
0 -0.0012096 -0.0021706 -0.00264002
0 -0.000914483 -0.00154686 -0.00189304
0 -0.000615933 -0.000915389 -0.00113378
0 -0.000317578 -0.000280351 -0.000365996
0 -2.32715e-05 0.000353872 0.00040657
0 0.000265319 0.000983271 0.0011799
0 0.000548749 0.0016054 0.0019492
0 0.000826162 0.00221794 0.00270894
0 0.00109485 0.00281717 0.00345321
0 0.00135213 0.00339824 0.00417612
0 0.00159648 0.00395641 0.00487206
0 0.00182703 0.00448756 0.00553571
0 0.00204266 0.00498767 0.00616207
0 0.0022422 0.00545291 0.0067465
0 0.00242493 0.00587989 0.00728471
0 0.0025902 0.00626547 0.00777238
0 0.00273641 0.00660635 0.00820506
0 0.00286139 0.00689923 0.00857841
0 0.00296422 0.00714153 0.0088887
0 0.0030454 0.00733168 0.00913324
0 0.00310465 0.00746899 0.00931047
0 0.00314092 0.00755327 0.00941959
0 0.00315413 0.00758444 0.00946014
0 0.00314474 0.00756232 0.00943186
0 0.00311238 0.00748688 0.00933499
0 0.00305653 0.00735863 0.00917069
0 0.00297767 0.0071788 0.0089411
0 0.00287697 0.00694918 0.00864907
0 0.00275561 0.00667185 0.00829789
0 0.00261459 0.00634928 0.00789119
0 0.00245493 0.00598443 0.00743312
0 0.00227767 0.00558079 0.00692835
0 0.00208464 0.0051424 0.00638186
0 0.00187884 0.00467353 0.00579869
0 0.00166232 0.00417839 0.00518378
0 0.00143514 0.00366093 0.00454176
0 0.0011974 0.00312482 0.003877
0 0.00095063 0.00257365 0.00319387
0 0.000696492 0.00201084 0.00249683
0 0.000435799 0.0014396 0.00179052
0 0.000169138 0.000862753 0.00107948
0 -0.00010229 0.000282107 0.000367889
0 -0.000376099 -0.000300763 -0.000340622
0 -0.000650429 -0.000882942 -0.00104263
0 -0.000924653 -0.00146028 -0.00173483
0 -0.00119558 -0.00202851 -0.00241387
0 -0.00145768 -0.00258371 -0.00307631
0 -0.00170816 -0.0031215 -0.00371878
0 -0.00194747 -0.00363762 -0.00433788
0 -0.00217527 -0.00412852 -0.00493016
0 -0.00238942 -0.00459069 -0.00549203
0 -0.00258826 -0.00502077 -0.00601968
0 -0.00277074 -0.0054155 -0.00650878
0 -0.0029346 -0.00577156 -0.00695459
0 -0.00307683 -0.0060859 -0.00735236
0 -0.00319612 -0.00635614 -0.00769789
0 -0.00329302 -0.00658091 -0.00798802
0 -0.0033681 -0.00675967 -0.00822066
0 -0.00342173 -0.00689222 -0.0083944
0 -0.00345447 -0.00697818 -0.00850804
0 -0.00346666 -0.00701677 -0.00856034
0 -0.00345798 -0.00700704 -0.00855033
0 -0.00342801 -0.00694847 -0.0084778
0 -0.00337701 -0.0068414 -0.00834372
0 -0.0033059 -0.00668706 -0.00815013
0 -0.00321571 -0.00648716 -0.00789965
0 -0.00310715 -0.00624373 -0.00759526
0 -0.00298072 -0.00595905 -0.00724017
0 -0.00283702 -0.00563579 -0.00683797
0 -0.00267678 -0.00527697 -0.00639257
0 -0.00250086 -0.00488585 -0.00590817
0 -0.00231036 -0.00446592 -0.00538921
0 -0.00210717 -0.00402092 -0.0048406
0 -0.00189384 -0.00355501 -0.00426775
0 -0.00167225 -0.00307273 -0.00367648
0 -0.00144377 -0.0025789 -0.00307266
0 -0.00121132 -0.00207823 -0.00246193
0 -0.000978721 -0.00157496 -0.00184935
0 -0.000747967 -0.00107308 -0.00123898
0 -0.000519038 -0.000575608 -0.000633829
0 -0.000294033 -8.49139e-05 -3.62737e-05
0 -7.62945e-05 0.000396073 0.000551408
0 0.000135014 0.000865187 0.00112657
0 0.0003417 0.00132072 0.00168601
0 0.00054203 0.00176004 0.00222585
0 0.000732473 0.00217956 0.0027417
0 0.000910619 0.00257511 0.00322921
0 0.00107583 0.00294323 0.00368451
0 0.00122769 0.00328174 0.00410452
0 0.00136536 0.00358905 0.00448706
0 0.00148836 0.00386405 0.00483054
0 0.00159704 0.00410625 0.00513368
0 0.00169199 0.00431542 0.00539535
0 0.00177335 0.00449141 0.00561474
0 0.00184094 0.00463431 0.00579139
0 0.00189473 0.00474454 0.00592534
0 0.00193496 0.00482267 0.00601698
0 0.00196167 0.00486911 0.00606694
0 0.00197433 0.00488393 0.00607578
0 0.00197195 0.0048668 0.00604395
0 0.00195362 0.00481724 0.00597197
0 0.00191878 0.00473494 0.00586068
0 0.0018674 0.00462002 0.00571138
0 0.00180002 0.00447322 0.00552588
0 0.00171779 0.00429592 0.00530637
0 0.00162218 0.00408996 0.00505519
0 0.00151473 0.00385752 0.00477458
0 0.00139672 0.00360094 0.0044666
0 0.00126923 0.00332259 0.00413307
0 0.00113319 0.0030249 0.00377571
0 0.000989441 0.00271031 0.00339632
0 0.000838805 0.00238129 0.00299695
0 0.000682179 0.00204023 0.00257997
0 0.000520629 0.00168939 0.00214809
0 0.000355375 0.00133107 0.00170445
0 0.000187755 0.000967529 0.00125261
0 1.94515e-05 0.000600819 0.000796306
0 -0.000147848 0.000232734 0.000339123
0 -0.000312653 -0.000134476 -0.000115788
0 -0.000473376 -0.000498762 -0.000565611
0 -0.000630306 -0.000858503 -0.00100779
0 -0.000784733 -0.00121027 -0.00143992
0 -0.000934506 -0.00155081 -0.00185947
0 -0.00107671 -0.00187868 -0.00226367
0 -0.00121216 -0.00219163 -0.00264981
0 -0.00134277 -0.00248666 -0.0030152
0 -0.00146834 -0.00276192 -0.00335717
0 -0.00158716 -0.00301645 -0.00367318
0 -0.00169775 -0.003249 -0.00396086
0 -0.00179984 -0.00345823 -0.00421807
0 -0.00189314 -0.00364345 -0.0044431
0 -0.00197622 -0.00380423 -0.00463462
0 -0.00204732 -0.00393987 -0.0047918
0 -0.00210537 -0.00404951 -0.00491421
0 -0.00214973 -0.00413223 -0.00500169
0 -0.00217941 -0.00418692 -0.00505427
0 -0.00219326 -0.00421232 -0.00507219
0 -0.00219059 -0.00420735 -0.00505589
0 -0.00217141 -0.00417133 -0.00500601
0 -0.00213628 -0.00410421 -0.00492345
0 -0.00208613 -0.00400665 -0.00480928
0 -0.00202206 -0.00387988 -0.00466462
0 -0.00194527 -0.00372563 -0.00449047
0 -0.00185693 -0.00354589 -0.00428767
0 -0.00175803 -0.00334278 -0.00405695
0 -0.00164926 -0.00311831 -0.00379897
0 -0.00153106 -0.00287428 -0.00351442
0 -0.001404 -0.0026123 -0.00320425
0 -0.00126887 -0.00233385 -0.00286987
0 -0.00112661 -0.00204026 -0.00251322
0 -0.000978246 -0.00173281 -0.00213674
0 -0.000825571 -0.00141308 -0.00174342
0 -0.000670601 -0.00108306 -0.00133674
0 -0.000514387 -0.000745203 -0.000920219
0 -0.000359207 -0.000401853 -0.000497169
0 -0.000208778 -5.52904e-05 -7.05655e-05
0 -6.3589e-05 0.000290775 0.000356757
0 7.86243e-05 0.000632581 0.000781939
0 0.000218086 0.000968251 0.00120207
0 0.000353097 0.0012955 0.00161417
0 0.000483151 0.00161139 0.00201518
0 0.000609819 0.00191422 0.00240213
0 0.000734559 0.0022028 0.00277199
0 0.000856528 0.00247533 0.00312141
0 0.000973446 0.00272982 0.00344673
0 0.00108351 0.00296467 0.00374438
0 0.00118559 0.00317861 0.00401145
0 0.0012785 0.00337061 0.00424604
0 0.00136093 0.00353989 0.00444717
0 0.00143188 0.00368562 0.00461445
0 0.00149071 0.00380668 0.00474786
0 0.00153692 0.00390169 0.00484766
0 0.00157 0.00396939 0.00491445
0 0.00158969 0.00400896 0.0049492
0 0.00159618 0.0040201 0.00495308
0 0.00158999 0.00400309 0.00492736
0 0.00157141 0.00395843 0.00487288
0 0.00153975 0.00388614 0.00478937
0 0.00149315 0.0037853 0.00467516
0 0.00142951 0.00365457 0.00452785
0 0.00134776 0.00349331 0.00434565
0 0.00124847 0.00330207 0.00412811
0 0.00113343 0.00308227 0.00387585
0 0.00100518 0.00283579 0.00359015
0 0.000866752 0.00256498 0.00327298
0 0.000721428 0.00227275 0.00292697
0 0.000572226 0.00196226 0.00255512
0 0.000421023 0.00163614 0.00216002
0 0.000267965 0.00129601 0.00174339
0 0.00011179 0.000942624 0.00130629
0 -4.89734e-05 0.000576457 0.000849968
0 -0.000215407 0.0001978 0.000376308
0 -0.000387658 -0.000192282 -0.000112094
0 -0.000565116 -0.000592059 -0.000612207
0 -0.000748379 -0.00100017 -0.00112083
0 -0.000937318 -0.00141403 -0.00163469
0 -0.00112849 -0.00183038 -0.00215015
0 -0.00131832 -0.00224661 -0.00266281
0 -0.00150575 -0.00265876 -0.00316768
0 -0.00169016 -0.00306187 -0.0036597
0 -0.00186863 -0.00345169 -0.00413403
0 -0.00203749 -0.00382424 -0.00458638
0 -0.00219551 -0.00417574 -0.00501309
0 -0.00234328 -0.00450329 -0.00541132
0 -0.00248101 -0.00480478 -0.00577886
0 -0.00260813 -0.00507859 -0.00611381
0 -0.00272351 -0.00532326 -0.00641435
0 -0.002826 -0.00553766 -0.00667871
0 -0.00291534 -0.00572106 -0.00690531
0 -0.00299126 -0.00587286 -0.00709259
0 -0.0030521 -0.00599217 -0.00723888
0 -0.00309555 -0.0060778 -0.00734251
0 -0.00312033 -0.00612857 -0.00740215
0 -0.003126 -0.00614354 -0.00741712
0 -0.00311224 -0.00612202 -0.00738741
0 -0.00307901 -0.00606349 -0.00731341
0 -0.00302684 -0.00596769 -0.00719584
0 -0.00295672 -0.00583474 -0.00703566
0 -0.0028698 -0.00566524 -0.00683402
0 -0.00276714 -0.00546029 -0.00659221
0 -0.00264978 -0.00522142 -0.0063115
0 -0.00251868 -0.0049505 -0.00599316
0 -0.00237467 -0.00464963 -0.00563849
0 -0.00221863 -0.00432112 -0.00524903
0 -0.00205177 -0.00396735 -0.00482662
0 -0.0018749 -0.0035907 -0.00437352
0 -0.00168787 -0.00319353 -0.00389237
0 -0.00149092 -0.00277813 -0.00338619
0 -0.00128595 -0.00234681 -0.00285839
0 -0.00107518 -0.00190184 -0.00231271
0 -0.000860295 -0.00144568 -0.00175338
0 -0.000643307 -0.000981745 -0.0011851
0 -0.000427241 -0.00051407 -0.000612599
0 -0.000216461 -4.62426e-05 -4.01011e-05
0 -1.37334e-05 0.000417747 0.000528981
0 0.000182694 0.000874279 0.00109187
0 0.000375402 0.00132197 0.00164604
0 0.000564109 0.00175934 0.00218866
0 0.000747289 0.00218314 0.00271618
0 0.000924677 0.00258961 0.00322453
0 0.0010966 0.00297586 0.00370965
0 0.00126201 0.00333973 0.00416758
0 0.00141854 0.00367898 0.00459455
0 0.00156402 0.00399162 0.00498706
0 0.00169708 0.00427625 0.00534204
0 0.00181658 0.00453154 0.00565697
0 0.00192114 0.00475601 0.00592993
0 0.00200946 0.00494813 0.00615959
0 0.00208082 0.0051065 0.00634523
0 0.00213529 0.00522992 0.00648681
0 0.00217345 0.00531771 0.00658502
0 0.00219616 0.00536984 0.00664114
0 0.00220437 0.00538685 0.00665668
0 0.00219896 0.00536962 0.00663307
0 0.00218035 0.00531918 0.00657136
0 0.00214833 0.00523653 0.00647213
0 0.00210229 0.00512275 0.00633575
0 0.00204191 0.00497925 0.0061629
0 0.00196761 0.00480809 0.005955
0 0.00188054 0.00461182 0.00571431
0 0.00178218 0.00439306 0.00544355
0 0.00167389 0.00415403 0.00514547
0 0.00155653 0.00389623 0.00482249
0 0.00143056 0.00362061 0.00447669
0 0.00129657 0.00332823 0.00411046
0 0.00115585 0.00302091 0.00372685
0 0.00101021 0.00270117 0.00332951
0 0.000861426 0.00237191 0.00292217
0 0.000710826 0.00203594 0.00250822
0 0.00055925 0.00169586 0.00209056
0 0.000406996 0.001354 0.00167158
0 0.000254037 0.00101228 0.00125335
0 0.000100614 0.000672112 0.000837733
0 -5.26691e-05 0.000334994 0.000426478
0 -0.000205058 3.10433e-06 2.13298e-05
0 -0.000355118 -0.00032225 -0.00037588
0 -0.000501729 -0.000640405 -0.000763328
0 -0.000645448 -0.000948886 -0.00113932
0 -0.000785845 -0.0012456 -0.00150223
0 -0.000919924 -0.00153069 -0.00185044
0 -0.00104596 -0.00180368 -0.0021824
0 -0.00116539 -0.00206279 -0.00249667
0 -0.00127946 -0.00230673 -0.00279195
0 -0.00138746 -0.00253501 -0.00306715
0 -0.0014883 -0.00274696 -0.00332137
0 -0.00158183 -0.00294167 -0.00355386
0 -0.00166855 -0.00311842 -0.00376404
0 -0.00174851 -0.00327695 -0.0039515
0 -0.00182094 -0.00341706 -0.00411598
0 -0.00188504 -0.00353857 -0.00425742
0 -0.00194056 -0.00364152 -0.00437589
0 -0.00198738 -0.00372607 -0.00447163
0 -0.00202511 -0.00379238 -0.00454499
0 -0.00205322 -0.00384058 -0.00459647
0 -0.00207155 -0.0038709 -0.00462671
0 -0.00208023 -0.00388359 -0.00463644
0 -0.00207931 -0.00387873 -0.00462624
0 -0.00206856 -0.00385615 -0.00459638
0 -0.00204767 -0.00381555 -0.00454694
0 -0.00201656 -0.00375672 -0.00447791
0 -0.00197546 -0.00367966 -0.00438934
0 -0.00192482 -0.00358465 -0.00428137
0 -0.00186525 -0.00347219 -0.00415419
0 -0.00179748 -0.00334298 -0.00400801
0 -0.0017223 -0.00319787 -0.00384312
0 -0.00164039 -0.00303767 -0.00365971
0 -0.00155214 -0.00286305 -0.00345787
0 -0.00145768 -0.00267448 -0.00323765
0 -0.00135721 -0.00247244 -0.00299928
0 -0.00125129 -0.00225771 -0.0027436
0 -0.00114106 -0.00203165 -0.00247222
0 -0.00102789 -0.00179597 -0.00218732
0 -0.000913256 -0.00155246 -0.0018912
0 -0.000798287 -0.00130264 -0.00158603
0 -0.000683129 -0.001048 -0.00127382
0 -0.000567713 -0.000790241 -0.000956483
0 -0.000453172 -0.000530793 -0.000635894
0 -0.000341325 -0.000270826 -0.000313895
0 -0.000232508 -1.25486e-05 7.66445e-06
0 -0.000125192 0.000241368 0.000326764
0 -1.87182e-05 0.000489749 0.00064104
0 8.51461e-05 0.000731683 0.000947783
0 0.000184341 0.00096456 0.00124404
0 0.000278397 0.00118583 0.00152678
0 0.000367623 0.00139453 0.00179325
0 0.000451947 0.00158978 0.00204116
0 0.000530893 0.00177021 0.00226867
0 0.000604148 0.00193482 0.00247442
0 0.000671828 0.00208313 0.00265731
0 0.000733987 0.00221465 0.00281655
0 0.000790084 0.00232861 0.00295155
0 0.000839158 0.00242433 0.00306192
0 0.000880216 0.00250117 0.00314737
0 0.000912307 0.00255836 0.00320768
0 0.000934446 0.00259507 0.00324279
0 0.000945703 0.00261067 0.00325288
0 0.000945426 0.00260474 0.00323827
0 0.000933436 0.00257716 0.00319955
0 0.00091006 0.00252814 0.00313753
0 0.000875968 0.00245838 0.00305319
0 0.000832 0.00236882 0.00294753
0 0.000779092 0.00226061 0.00282148
0 0.000718246 0.00213508 0.00267591
0 0.000650498 0.00199377 0.00251172
0 0.00057688 0.00183837 0.00232988
0 0.000498398 0.00167068 0.00213157
0 0.000416035 0.00149254 0.00191813
0 0.000330739 0.00130574 0.00169114
0 0.000243338 0.00111198 0.00145238
0 0.000154373 0.000912651 0.00120371
0 6.41303e-05 0.000708673 0.000946856
0 -2.72793e-05 0.000500581 0.000683394
0 -0.000120167 0.000288755 0.000414813
0 -0.0002146 7.40235e-05 0.000142758
0 -0.000309432 -0.000142262 -0.000130733
0 -0.000403392 -0.000359089 -0.000403307
0 -0.000496341 -0.000575278 -0.000672594
0 -0.000588597 -0.000788187 -0.00093644
0 -0.000679637 -0.000995325 -0.0011931
0 -0.000768098 -0.00119626 -0.00144132
0 -0.000853417 -0.00139104 -0.00168017
0 -0.000936619 -0.00157849 -0.00190882
0 -0.00101904 -0.00175751 -0.00212646
0 -0.00110079 -0.00192786 -0.00233225
0 -0.00118066 -0.00208913 -0.00252529
0 -0.00125742 -0.0022403 -0.00270454
0 -0.00133024 -0.00238039 -0.00286896
0 -0.00139805 -0.00250872 -0.00301764
0 -0.00145955 -0.00262454 -0.00314994
0 -0.00151361 -0.00272704 -0.00326547
0 -0.00155953 -0.00281565 -0.00336425
0 -0.00159727 -0.00289011 -0.00344662
0 -0.00162712 -0.00295032 -0.00351316
0 -0.00164941 -0.00299629 -0.00356449
0 -0.00166442 -0.00302814 -0.00360115
0 -0.00167256 -0.00304614 -0.00362356
0 -0.00167411 -0.0030505 -0.00363178
0 -0.00166891 -0.00304121 -0.0036254
0 -0.00165637 -0.00301797 -0.00360357
0 -0.00163583 -0.00298042 -0.00356529
0 -0.00160692 -0.00292833 -0.00350972
0 -0.00156973 -0.00286169 -0.00343637
0 -0.00152483 -0.00278083 -0.00334527
0 -0.0014733 -0.00268644 -0.00323696
0 -0.00141646 -0.0025794 -0.00311236
0 -0.00135551 -0.0024607 -0.00297253
0 -0.00129153 -0.00233132 -0.00281859
0 -0.00122526 -0.00219218 -0.00265157
0 -0.00115693 -0.00204402 -0.00247236
0 -0.00108627 -0.00188752 -0.00228175
0 -0.00101295 -0.00172335 -0.00208058
0 -0.000936904 -0.00155223 -0.00186987
0 -0.000858171 -0.00137499 -0.00165088
0 -0.000776584 -0.00119272 -0.0014252
0 -0.000692338 -0.00100672 -0.00119463
0 -0.000606392 -0.000818258 -0.000961016
0 -0.000519985 -0.00062845 -0.000726133
0 -0.000434504 -0.000438463 -0.000491643
0 -0.000351055 -0.000249733 -0.000259127
0 -0.000269737 -6.40904e-05 -3.01446e-05
0 -0.000190321 0.00011681 0.000193808
0 -0.000113142 0.000292309 0.000411307
0 -3.91629e-05 0.00046176 0.000620977
0 3.0577e-05 0.000623463 0.000821475
0 9.58834e-05 0.000775684 0.00101148
0 0.000157266 0.000917856 0.00118991
0 0.000215162 0.00105012 0.00135607
0 0.000269912 0.00117246 0.00150958
0 0.000321928 0.00128487 0.00165019
0 0.000371438 0.0013877 0.00177762
0 0.000418239 0.00148115 0.00189141
0 0.0004617 0.00156485 0.00199095
0 0.000500879 0.00163828 0.00207576
0 0.000534822 0.0017011 0.00214559
0 0.000562879 0.0017529 0.00220048
0 0.000584608 0.00179314 0.00224063
0 0.000599568 0.00182125 0.00226635
0 0.000607294 0.00183656 0.00227784
0 0.000607367 0.00183832 0.00227517
0 0.00059958 0.00182588 0.00225831
0 0.000584138 0.00179902 0.00222739
0 0.000561713 0.00175819 0.00218279
0 0.000533291 0.00170435 0.00212509
0 0.000499926 0.00163873 0.0020548
0 0.00046252 0.00156261 0.00197225
0 0.000421535 0.00147699 0.00187744
0 0.000376768 0.00138238 0.00176992
0 0.000327647 0.00127879 0.00164901
0 0.000273818 0.00116614 0.0015143
0 0.000215295 0.00104458 0.001366
0 0.000152422 0.00091443 0.00120493
0 8.58299e-05 0.000776 0.00103214
0 1.62193e-05 0.000629565 0.000848833
0 -5.57288e-05 0.000475529 0.000656413
0 -0.000129278 0.000314778 0.000456554
0 -0.00020342 0.000148722 0.000251032
0 -0.000276892 -2.09342e-05 4.15292e-05
0 -0.000348942 -0.000192623 -0.000170428
0 -0.000419654 -0.000365233 -0.000383433
0 -0.00048942 -0.000537506 -0.000596184
0 -0.000558759 -0.000707307 -0.000807392
0 -0.000627849 -0.000872629 -0.00101571
0 -0.000695918 -0.00103263 -0.00121969
0 -0.000762226 -0.00118693 -0.00141769
0 -0.000826744 -0.00133471 -0.0016079
0 -0.000889454 -0.00147501 -0.0017884
0 -0.0009499 -0.00160731 -0.0019573
0 -0.00100746 -0.00173108 -0.0021129
0 -0.00106154 -0.00184563 -0.00225378
0 -0.00111147 -0.00195026 -0.00237888
0 -0.00115667 -0.00204412 -0.00248748
0 -0.00119674 -0.00212631 -0.00257923
0 -0.00123112 -0.00219589 -0.00265402
0 -0.0012593 -0.00225193 -0.00271199
0 -0.00128103 -0.00229367 -0.00275339
0 -0.00129617 -0.00232065 -0.00277864
0 -0.00130466 -0.00233284 -0.0027884
0 -0.00130667 -0.00233068 -0.00278341
0 -0.00130245 -0.00231488 -0.00276437
0 -0.00129195 -0.00228607 -0.00273159
0 -0.00127478 -0.00224467 -0.00268498
0 -0.00125043 -0.00219093 -0.00262424
0 -0.00121856 -0.00212514 -0.00254913
0 -0.00117911 -0.00204755 -0.00245958
0 -0.00113234 -0.00195841 -0.00235571
0 -0.00107874 -0.00185788 -0.00223776
0 -0.00101898 -0.00174607 -0.0021061
0 -0.000953914 -0.00162316 -0.00196126
0 -0.000884722 -0.00148965 -0.00180409
0 -0.000812768 -0.00134659 -0.00163587
0 -0.0007394 -0.00119552 -0.00145811
0 -0.000665953 -0.00103824 -0.00127233
0 -0.000593547 -0.000876627 -0.00107999
0 -0.000523055 -0.000712717 -0.000882486
0 -0.000455347 -0.000548418 -0.000681264
0 -0.000391105 -0.000385546 -0.000477922
0 -0.000330265 -0.000225941 -0.000274209
0 -0.000272092 -7.15232e-05 -7.20505e-05
0 -0.000216084 7.58536e-05 0.000126377
0 -0.000162395 0.000215455 0.000318664
0 -0.000111403 0.000347485 0.000502287
0 -6.33584e-05 0.000471352 0.000674769
0 -1.8203e-05 0.00058604 0.000833924
0 2.45052e-05 0.000691545 0.000978021
0 6.52158e-05 0.000788464 0.00110581
0 0.000104022 0.000876846 0.00121651
0 0.000140935 0.000956138 0.00130975
0 0.000176047 0.00102593 0.00138564
0 0.000209157 0.00108598 0.00144475
0 0.000239672 0.00113583 0.00148802
0 0.000266929 0.00117498 0.00151659
0 0.000290286 0.00120311 0.00153168
0 0.000308901 0.00121999 0.00153447
0 0.000321743 0.00122546 0.00152599
0 0.000327865 0.00121949 0.00150717
0 0.000326576 0.00120226 0.00147875
0 0.000317414 0.00117402 0.00144124
0 0.000300068 0.00113499 0.00139486
0 0.000274404 0.00108529 0.00133947
0 0.000240601 0.00102501 0.00127476
0 0.000199198 0.000954301 0.00120031
0 0.000151158 0.000873516 0.00111583
0 9.79423e-05 0.000783307 0.00102119
0 4.12198e-05 0.000684551 0.000916459
0 -1.74539e-05 0.000578225 0.000801771
0 -7.66919e-05 0.000465433 0.000677322
0 -0.000135382 0.000347296 0.000543406
0 -0.000192637 0.000224904 0.000400487
0 -0.000247646 9.94891e-05 0.000249256
0 -0.000299995 -2.76354e-05 9.06694e-05
0 -0.000349748 -0.000155299 -7.40283e-05
0 -0.000397149 -0.000282635 -0.000243329
0 -0.000442659 -0.000409218 -0.000415474
0 -0.000486974 -0.000534609 -0.000588525
0 -0.000530912 -0.000657783 -0.00076049
0 -0.000575053 -0.000777911 -0.000929374
0 -0.000619561 -0.000895071 -0.00109321
0 -0.000664722 -0.00100952 -0.00125011
0 -0.000710783 -0.00112095 -0.00139829
0 -0.000757536 -0.00122864 -0.00153612
0 -0.000804525 -0.00133174 -0.00166217
0 -0.000851111 -0.0014293 -0.00177535
0 -0.000896423 -0.00152004 -0.00187499
0 -0.000939608 -0.00160277 -0.00196098
0 -0.000980056 -0.0016766 -0.00203376
0 -0.00101745 -0.00174092 -0.00209417
0 -0.00105132 -0.0017952 -0.00214324
0 -0.00108076 -0.00183906 -0.00218191
0 -0.001105 -0.00187238 -0.00221101
0 -0.00112361 -0.00189529 -0.00223116
0 -0.0011361 -0.00190804 -0.00224283
0 -0.00114201 -0.00191104 -0.00224627
0 -0.00114088 -0.0019046 -0.00224138
0 -0.00113226 -0.00188882 -0.0022277
0 -0.0011159 -0.00186351 -0.00220447
0 -0.00109192 -0.00182841 -0.00217092
0 -0.00106067 -0.00178322 -0.00212631
0 -0.00102273 -0.00172767 -0.00207003
0 -0.000978981 -0.00166152 -0.00200155
0 -0.000930502 -0.00158467 -0.00192047
0 -0.000878631 -0.00149722 -0.00182651
0 -0.000824443 -0.00139941 -0.00171952
0 -0.000768283 -0.00129168 -0.0015994
0 -0.000710498 -0.0011746 -0.00146617
0 -0.00065164 -0.00104898 -0.00131996
0 -0.000591868 -0.000915667 -0.00116116
0 -0.000531112 -0.000775656 -0.000990403
0 -0.00046942 -0.000629989 -0.000808623
0 -0.000407118 -0.000479419 -0.000617009
0 -0.000344341 -0.000324629 -0.000417001
0 -0.00028052 -0.000166387 -0.000210248
0 -0.000215053 -5.69421e-06 1.44679e-06
0 -0.000147776 0.000156333 0.000216113
0 -7.8973e-05 0.000319433 0.000431636
0 -9.40787e-06 0.000483698 0.000645865
0 6.02398e-05 0.000648013 0.000856731
0 0.000129797 0.000810571 0.00106233
0 0.000199094 0.000970262 0.00126098
0 0.000267626 0.00112635 0.0014513
0 0.000334946 0.0012774 0.00163213
0 0.000400639 0.00142158 0.00180249
0 0.000464043 0.00155752 0.00196163
0 0.000524407 0.00168409 0.00210887
0 0.000581005 0.00179996 0.00224362
0 0.00063296 0.00190398 0.00236525
0 0.000679239 0.00199539 0.00247313
0 0.000718891 0.00207357 0.00256662
0 0.000751139 0.00213796 0.00264504
0 0.000775358 0.00218812 0.00270771
0 0.000791096 0.00222374 0.00275402
0 0.000798134 0.00224456 0.00278338
0 0.000796525 0.00225035 0.00279533
0 0.000786591 0.00224091 0.00278948
0 0.000768903 0.00221627 0.00276564
0 0.000744241 0.00217662 0.00272383
0 0.000713495 0.00212239 0.00266423
0 0.000677543 0.00205415 0.00258717
0 0.000637148 0.00197263 0.00249303
0 0.000592909 0.00187868 0.00238234
0 0.00054525 0.00177326 0.00225576
0 0.000494439 0.00165743 0.00211413
0 0.000440543 0.00153213 0.00195837
0 0.000383348 0.0013981 0.00178946
0 0.000322487 0.00125594 0.00160846
0 0.000257654 0.00110608 0.00141656
0 0.000188676 0.000948903 0.00121521
0 0.00011578 0.00078506 0.00100613
0 3.98257e-05 0.000615574 0.000791406
0 -3.802e-05 0.000441768 0.000573335
0 -0.000116733 0.000265386 0.000354165
0 -0.000195132 8.85448e-05 0.000135965
0 -0.000271627 -8.69578e-05 -7.94267e-05
0 -0.000345244 -0.000259943 -0.000290481
0 -0.000416214 -0.000429155 -0.000496058
0 -0.000485242 -0.000592756 -0.000695389
0 -0.000552795 -0.000749294 -0.000887913
0 -0.000618804 -0.000898438 -0.00107304
0 -0.000682764 -0.00104009 -0.00125001
0 -0.000744301 -0.00117384 -0.0014179
0 -0.000803441 -0.00129938 -0.00157576
0 -0.000860204 -0.00141674 -0.00172268
0 -0.000914268 -0.00152616 -0.00185784
0 -0.000965133 -0.00162761 -0.00198062
0 -0.00101257 -0.001721 -0.00209066
0 -0.00105649 -0.00180629 -0.0021879
0 -0.00109654 -0.00188332 -0.00227254
0 -0.00113234 -0.00195175 -0.00234506
0 -0.00116384 -0.00201119 -0.00240602
0 -0.00119102 -0.00206126 -0.00245607
0 -0.00121366 -0.00210159 -0.0024958
0 -0.00123135 -0.00213194 -0.00252576
0 -0.00124394 -0.00215229 -0.00254636
0 -0.00125152 -0.00216281 -0.00255793
0 -0.00125405 -0.00216383 -0.00256063
0 -0.00125137 -0.0021558 -0.0025545
0 -0.00124355 -0.00213926 -0.00253954
0 -0.00123089 -0.00211484 -0.00251572
0 -0.00121379 -0.00208312 -0.00248307
0 -0.00119268 -0.00204468 -0.0024417
0 -0.00116811 -0.002 -0.00239181
0 -0.00114065 -0.00194948 -0.00233367
0 -0.00111081 -0.00189334 -0.00226755
0 -0.00107894 -0.00183168 -0.00219372
0 -0.0010453 -0.00176456 -0.00211252
0 -0.00101017 -0.00169211 -0.00202439
0 -0.000973704 -0.00161457 -0.00192982
0 -0.000935961 -0.00153222 -0.00182932
0 -0.000896924 -0.00144528 -0.00172332
0 -0.000856295 -0.00135406 -0.00161219
0 -0.000813674 -0.0012588 -0.00149624
0 -0.000768818 -0.0011597 -0.00137578
0 -0.000721603 -0.00105709 -0.00125113
0 -0.000672011 -0.000951303 -0.00112259
0 -0.000620104 -0.000842446 -0.000990521
0 -0.000566181 -0.000730744 -0.000855347
0 -0.000510899 -0.000616714 -0.000717675
0 -0.000455256 -0.000501025 -0.000578297
0 -0.000400265 -0.000384488 -0.000438093
0 -0.000346393 -0.000267947 -0.000297915
0 -0.00029396 -0.000152332 -0.000158545
0 -0.000243526 -3.87327e-05 -2.07251e-05
0 -0.000195427 7.18905e-05 0.000114792
0 -0.000149836 0.000178837 0.000247214
0 -0.000107016 0.000281466 0.000375707
0 -6.71462e-05 0.000378896 0.000499351
0 -3.03584e-05 0.000470186 0.000617122
0 3.1337e-06 0.000554632 0.00072789
0 3.32606e-05 0.000631504 0.000830418
0 6.00327e-05 0.000700137 0.000923439
0 8.33065e-05 0.000760223 0.00100574
0 0.00010288 0.000811354 0.00107617
0 0.000118677 0.000853072 0.00113371
0 0.000130738 0.0008852 0.00117754
0 0.00013901 0.000907429 0.00120705
0 0.000143319 0.000919378 0.00122191
0 0.000143597 0.000920886 0.00122205
0 0.000139891 0.000911823 0.00120765
0 0.000132156 0.000892075 0.00117903
0 0.000120233 0.000861616 0.00113668
0 0.000103966 0.000820515 0.00108117
0 8.32732e-05 0.000768981 0.00101318
0 5.81498e-05 0.000707415 0.000933545
0 2.86691e-05 0.000636333 0.000843154
0 -5.04436e-06 0.000556413 0.000742927
0 -4.28465e-05 0.000468443 0.000633743
0 -8.45045e-05 0.000373193 0.000516439
0 -0.000129595 0.000271606 0.000391851
0 -0.000177603 0.000164617 0.000260835
0 -0.000228068 5.30032e-05 0.000124256
0 -0.000280484 -6.23729e-05 -1.69881e-05
0 -0.000334218 -0.000180691 -0.000161968
0 -0.00038872 -0.000301317 -0.000309761
0 -0.000443642 -0.000423557 -0.000459432
0 -0.000498649 -0.000546324 -0.000609996
0 -0.000553425 -0.00066839 -0.000760436
0 -0.000607469 -0.000788976 -0.000909725
0 -0.000659997 -0.000907398 -0.00105681
0 -0.000710484 -0.00102265 -0.00120058
0 -0.000758562 -0.00113375 -0.00133986
0 -0.000803868 -0.00124001 -0.00147348
0 -0.000846311 -0.00134066 -0.00160025
0 -0.000885844 -0.00143471 -0.001719
0 -0.000922264 -0.00152139 -0.00182859
0 -0.000955393 -0.0016001 -0.00192798
0 -0.000985165 -0.00167018 -0.00201622
0 -0.00101161 -0.00173108 -0.00209247
0 -0.00103459 -0.00178235 -0.00215607
0 -0.00105363 -0.00182361 -0.0022065
0 -0.00106847 -0.00185456 -0.00224346
0 -0.00107912 -0.00187504 -0.00226679
0 -0.00108539 -0.00188492 -0.00227644
0 -0.00108699 -0.00188413 -0.00227254
0 -0.00108367 -0.00187264 -0.00225532
0 -0.00107526 -0.00185049 -0.00222513
0 -0.00106165 -0.0018178 -0.00218238
0 -0.00104281 -0.00177474 -0.00212759
0 -0.00101871 -0.00172152 -0.00206128
0 -0.000989437 -0.00165848 -0.00198403
0 -0.000955168 -0.00158601 -0.00189639
0 -0.00091632 -0.00150452 -0.00179894
0 -0.00087327 -0.00141449 -0.00169218
0 -0.000825991 -0.00131646 -0.00157659
0 -0.000774648 -0.00121094 -0.00145256
0 -0.000719804 -0.00109841 -0.00132048
0 -0.000661932 -0.00097951 -0.00118071
0 -0.000601357 -0.000854921 -0.00103359
0 -0.000538514 -0.00072502 -0.000879436
0 -0.000473984 -0.000590217 -0.000718579
0 -0.000408513 -0.000451084 -0.000551459
0 -0.00034271 -0.00030827 -0.000378692
0 -0.000276697 -0.000162605 -0.000201153
0 -0.000210735 -1.5258e-05 -1.9992e-05
0 -0.000145491 0.000132297 0.000163478
0 -8.16466e-05 0.000279006 0.000347885
0 -1.98058e-05 0.000424397 0.000531844
0 3.96115e-05 0.000567658 0.000713953
0 9.66269e-05 0.000707424 0.000892827
0 0.000151575 0.000842539 0.00106715
0 0.000204698 0.000972552 0.00123564
0 0.000256238 0.00109726 0.00139705
0 0.000306506 0.00121612 0.00155015
0 0.000355518 0.00132842 0.00169371
0 0.000402935 0.0014337 0.00182654
0 0.00044831 0.00153143 0.00194751
0 0.00049108 0.00162076 0.00205561
0 0.000530473 0.00170087 0.00215007
0 0.000565675 0.00177109 0.00223039
0 0.000595979 0.00183068 0.00229628
0 0.00062081 0.00187889 0.00234765
0 0.000639693 0.00191507 0.00238454
0 0.000652252 0.00193875 0.00240717
0 0.000658274 0.00194963 0.00241587
0 0.00065777 0.00194763 0.002411
0 0.000650882 0.00193286 0.00239288
0 0.00063776 0.00190556 0.00236173
0 0.000618561 0.00186612 0.00231768
0 0.000593497 0.00181504 0.00226083
0 0.000562839 0.00175287 0.00219118
0 0.000526855 0.00168011 0.00210871
0 0.000485798 0.00159722 0.00201338
0 0.000439959 0.00150468 0.00190532
0 0.000389733 0.00140296 0.0017848
0 0.000335661 0.00129254 0.00165232
0 0.00027833 0.00117393 0.00150854
0 0.00021822 0.00104763 0.00135426
0 0.000155806 0.000914268 0.00119047
0 9.16564e-05 0.000774559 0.00101823
0 2.6261e-05 0.000629238 0.00083865
0 -4.01547e-05 0.000479008 0.000652841
0 -0.000107603 0.00032475 0.000461852
0 -0.000175961 0.000167477 0.000266693
0 -0.000244756 8.19131e-06 6.83589e-05
0 -0.000313739 -0.000152304 -0.000132119
0 -0.000383107 -0.000313654 -0.000333651
0 -0.000453048 -0.000475332 -0.000535119
0 -0.000523729 -0.000635929 -0.00073533
0 -0.000595037 -0.000794087 -0.000933034
0 -0.000666137 -0.000949357 -0.00112699
0 -0.000736032 -0.00110141 -0.00131595
0 -0.000804064 -0.00124948 -0.00149865
0 -0.000869921 -0.00139268 -0.00167391
0 -0.000933445 -0.00153019 -0.00184063
0 -0.000994317 -0.00166124 -0.00199785
0 -0.0010521 -0.0017849 -0.00214471
0 -0.00110634 -0.00190017 -0.00228052
0 -0.00115657 -0.00200615 -0.00240469
0 -0.00120248 -0.00210205 -0.00251673
0 -0.00124369 -0.00218711 -0.00261622
0 -0.00127969 -0.00226071 -0.00270278
0 -0.00131011 -0.00232239 -0.00277601
0 -0.00133475 -0.00237185 -0.00283555
0 -0.00135334 -0.0024089 -0.00288106
0 -0.00136556 -0.00243345 -0.00291222
0 -0.00137118 -0.00244552 -0.0029288
0 -0.00137018 -0.00244517 -0.00293061
0 -0.0013627 -0.0024325 -0.00291757
0 -0.00134893 -0.00240767 -0.00288972
0 -0.00132911 -0.00237086 -0.00284722
0 -0.00130357 -0.00232232 -0.00279034
0 -0.00127278 -0.00226234 -0.00271947
0 -0.00123723 -0.00219131 -0.00263508
0 -0.00119729 -0.0021097 -0.00253776
0 -0.00115329 -0.00201806 -0.00242815
0 -0.00110557 -0.00191706 -0.00230695
0 -0.0010545 -0.00180744 -0.00217497
0 -0.00100047 -0.00169002 -0.00203306
0 -0.000943806 -0.00156561 -0.00188217
0 -0.000884715 -0.00143507 -0.0017233
0 -0.00082325 -0.00129932 -0.00155753
0 -0.000759636 -0.00115925 -0.00138597
0 -0.000694302 -0.00101572 -0.00120976
0 -0.000627625 -0.000869633 -0.00103
0 -0.000560091 -0.000721744 -0.00084779
0 -0.000492433 -0.000572768 -0.000664244
0 -0.000425541 -0.000423614 -0.000480449
0 -0.000359954 -0.000275239 -0.000297491
0 -0.000295471 -0.000128701 -0.000116438
0 -0.000231989 1.4825e-05 6.16762e-05
0 -0.000169927 0.000154742 0.000235844
0 -0.000109758 0.00029086 0.000405072
0 -5.18932e-05 0.000422441 0.000568399
0 3.29165e-06 0.00054844 0.000724918
0 5.56179e-05 0.000667986 0.000873732
0 0.000105073 0.000780453 0.00101396
0 0.000151432 0.0008854 0.00114475
0 0.000194427 0.000982257 0.00126529
0 0.000234033 0.00107049 0.00137484
0 0.000270114 0.00114969 0.00147275
0 0.000302298 0.00121946 0.00155848
0 0.00033033 0.00127945 0.0016316
0 0.000354092 0.00132938 0.00169178
0 0.000373395 0.00136906 0.00173882
0 0.000388038 0.00139834 0.00177264
0 0.000397872 0.00141709 0.00179326
0 0.000402767 0.00142522 0.00180082
0 0.000402628 0.00142276 0.00179553
0 0.000397441 0.00140977 0.00177767
0 0.00038726 0.0013864 0.00174759
0 0.000372176 0.00135285 0.00170568
0 0.000352321 0.00130944 0.00165234
0 0.000327888 0.00125653 0.00158804
0 0.00029912 0.00119458 0.00151324
0 0.000266265 0.00112409 0.00142846
0 0.000229632 0.00104567 0.00133421
0 0.000189594 0.000959924 0.00123108
0 0.000146551 0.000867488 0.00111968
0 0.000100954 0.000769105 0.00100067
0 5.32135e-05 0.000665444 0.000874764
0 3.66871e-06 0.00055716 0.000742708
0 -4.72869e-05 0.00044494 0.000605281
0 -9.93027e-05 0.000329509 0.00046329
0 -0.000152022 0.000211731 0.000317589
0 -0.000204893 9.23613e-05 0.000169066
0 -0.000257516 -2.79836e-05 1.86499e-05
0 -0.000309762 -0.000148687 -0.000132688
0 -0.000361461 -0.000269251 -0.00028398
0 -0.00041252 -0.000389152 -0.000434267
0 -0.000462964 -0.000507418 -0.000582551
0 -0.000512808 -0.000622959 -0.000727827
0 -0.000561948 -0.000735271 -0.000869126
0 -0.000609905 -0.000843976 -0.00100552
0 -0.000656247 -0.000948372 -0.00113609
0 -0.000700826 -0.00104784 -0.00126
0 -0.000743388 -0.00114205 -0.00137647
0 -0.000783685 -0.00123057 -0.00148478
0 -0.000821588 -0.00131272 -0.00158433
0 -0.000856879 -0.00138798 -0.0016746
0 -0.000889256 -0.0014561 -0.0017552
0 -0.000918512 -0.00151673 -0.00182587
0 -0.000944497 -0.0015694 -0.00188646
