0 1.19388e-06 1.30661e-06 1.29623e-06
0 5.32157e-06 6.17215e-06 6.12332e-06
0 1.14391e-05 1.45675e-05 1.45427e-05
0 1.72106e-05 2.48411e-05 2.52969e-05
0 2.20941e-05 3.62755e-05 3.83526e-05
0 2.62958e-05 4.81113e-05 5.3536e-05
0 2.97366e-05 5.90589e-05 6.95317e-05
0 3.36188e-05 6.94651e-05 8.5808e-05
0 3.94888e-05 8.08246e-05 0.000102385
0 4.61564e-05 9.25486e-05 0.000117333
0 5.12828e-05 0.000102697 0.000128315
0 5.58471e-05 0.000111915 0.000136761
0 6.22804e-05 0.000122169 0.000146031
0 6.83491e-05 0.000131324 0.000155165
0 6.83779e-05 0.0001338 0.0001591
0 5.99263e-05 0.000126094 0.00015413
0 4.52528e-05 0.000108206 0.000139242
0 2.77716e-05 8.13781e-05 0.000113797
0 1.14444e-05 4.89757e-05 7.87598e-05
0 2.50549e-06 1.92395e-05 4.0405e-05
0 3.11795e-06 -1.05079e-06 5.28295e-06
0 6.63323e-06 -1.32952e-05 -2.53823e-05
0 9.40602e-06 -1.80335e-05 -4.6752e-05
0 1.62525e-05 -9.94417e-06 -4.74015e-05
0 2.91184e-05 1.26995e-05 -2.17259e-05
0 4.45272e-05 4.65796e-05 2.68391e-05
0 5.87498e-05 8.75488e-05 9.04824e-05
0 6.6555e-05 0.000127518 0.000155887
0 6.3905e-05 0.000156003 0.00020776
0 5.46429e-05 0.000168141 0.00023756
0 4.71245e-05 0.000165403 0.000243699
0 4.45718e-05 0.000149779 0.000225424
0 4.09673e-05 0.000119689 0.00017983
0 2.92383e-05 7.44106e-05 0.000108116
0 1.16861e-05 2.11005e-05 2.30963e-05
0 -7.02236e-06 -3.25004e-05 -5.9977e-05
0 -2.68645e-05 -8.38391e-05 -0.000132283
0 -4.42796e-05 -0.000126515 -0.000184757
0 -5.65579e-05 -0.000154599 -0.000212831
0 -7.26691e-05 -0.000175394 -0.000227488
0 -9.7276e-05 -0.000196421 -0.000239866
0 -0.000113661 -0.000207274 -0.00024221
0 -9.87468e-05 -0.000187995 -0.000217018
0 -4.80766e-05 -0.00012866 -0.000156561
0 1.84579e-05 -3.81392e-05 -6.91478e-05
0 7.50886e-05 6.46234e-05 3.23007e-05
0 0.000109025 0.000162095 0.000140547
0 0.000115402 0.000234027 0.000243707
0 8.60926e-05 0.00025254 0.000312885
0 1.92126e-05 0.000197799 0.00031447
0 -7.14297e-05 7.21076e-05 0.000227477
0 -0.00016193 -0.00010211 5.03315e-05
0 -0.000221778 -0.0002834 -0.000189588
0 -0.000230665 -0.00042804 -0.000444608
0 -0.000202112 -0.000519169 -0.00067361
0 -0.0001733 -0.000568359 -0.000848895
0 -0.00017278 -0.000594182 -0.000947733
0 -0.00020313 -0.00060626 -0.00095356
0 -0.000248012 -0.000604044 -0.000868106
0 -0.000291047 -0.00058607 -0.000721817
0 -0.000324528 -0.000555631 -0.0005662
0 -0.000339764 -0.000514001 -0.000445832
0 -0.000321608 -0.000456402 -0.000376749
0 -0.0002604 -0.000379703 -0.000348628
0 -0.000161622 -0.000285789 -0.00033507
0 -4.13516e-05 -0.000174725 -0.000300335
0 8.16705e-05 -4.11907e-05 -0.000208797
0 0.000188496 0.000118163 -3.99655e-05
0 0.000254767 0.000287521 0.000192812
0 0.000255268 0.000426912 0.000439468
0 0.00019014 0.000498383 0.000641498
0 9.54442e-05 0.000490995 0.000757817
0 2.12764e-05 0.00042232 0.000769169
0 5.0215e-06 0.000329501 0.000678712
0 5.27338e-05 0.000251088 0.00050965
0 0.000136134 0.000206611 0.000299123
0 0.000214663 0.000194962 9.81138e-05
0 0.000262977 0.000207616 -3.25568e-05
0 0.000274662 0.000234447 -4.64515e-05
0 0.000250989 0.000263973 6.16872e-05
0 0.000198347 0.000289382 0.000253585
0 0.000132125 0.000312837 0.0004667
0 7.83464e-05 0.000343878 0.000641977
0 6.4821e-05 0.000391012 0.000743565
0 0.00010193 0.000448775 0.000760018
0 0.000178584 0.000501696 0.000704658
0 0.000273383 0.000540009 0.00061484
0 0.000355984 0.000558493 0.000530955
0 0.000392667 0.000551203 0.000476694
0 0.000367076 0.000518051 0.000459972
0 0.000285072 0.00046104 0.000470698
0 0.000158735 0.000369263 0.000471367
0 3.47851e-06 0.000224421 0.00041002
0 -0.000149537 2.65628e-05 0.000253775
0 -0.00025847 -0.000195634 6.63226e-06
0 -0.000295137 -0.000399056 -0.00029718
0 -0.000261628 -0.000545526 -0.000605887
0 -0.000184448 -0.000611713 -0.000857995
0 -9.79418e-05 -0.000592412 -0.000992904
0 -3.6919e-05 -0.000506989 -0.000974949
0 -3.43322e-05 -0.000401088 -0.000817214
0 -0.000107381 -0.000328401 -0.000580008
0 -0.000240014 -0.000322154 -0.000345253
0 -0.000390747 -0.000387602 -0.000195261
0 -0.000515115 -0.000510498 -0.000194573
0 -0.000571032 -0.000654091 -0.000357316
0 -0.000529979 -0.000767679 -0.00063531
0 -0.000404104 -0.000818247 -0.000946537
0 -0.000244725 -0.000802657 -0.00120259
0 -0.000107917 -0.00073152 -0.00132134
0 -3.08651e-05 -0.000619535 -0.00124996
0 -3.32937e-05 -0.000492283 -0.000996292
0 -0.000107227 -0.000373767 -0.000623056
0 -0.000190176 -0.000248259 -0.000196006
0 -0.00018841 -6.23635e-05 0.000242525
0 -4.70989e-05 0.000223996 0.000657654
0 0.000222129 0.000612367 0.00102686
0 0.000562583 0.00107261 0.00135873
0 0.000889983 0.00154094 0.00167641
0 0.00110757 0.00192066 0.0019808
0 0.00115246 0.00212435 0.00224761
0 0.00103781 0.00212558 0.00244669
0 0.000825169 0.00194995 0.00252957
0 0.000567222 0.00163058 0.00241528
0 0.000312601 0.00121207 0.00204543
0 0.000139632 0.000782319 0.00146168
0 0.000114032 0.000438177 0.000790021
0 0.000214469 0.000216991 0.000159948
0 0.000335518 8.47232e-05 -0.000340271
0 0.000361509 -2.24777e-05 -0.000662519
0 0.000228605 -0.000163159 -0.000801773
0 -5.38085e-05 -0.00037218 -0.000802976
0 -0.00041177 -0.000647467 -0.000749846
0 -0.000739013 -0.000948842 -0.000737211
0 -0.000939029 -0.00121262 -0.000836149
0 -0.000974532 -0.00139275 -0.00108039
0 -0.000885675 -0.00149256 -0.00146172
0 -0.00075407 -0.00155246 -0.00191924
0 -0.000655175 -0.00161844 -0.0023504
0 -0.000637002 -0.00172179 -0.00265579
0 -0.000714074 -0.00186619 -0.00278202
0 -0.00086026 -0.00201715 -0.0027304
0 -0.00101361 -0.0021106 -0.00254112
0 -0.00109719 -0.00207864 -0.00226629
0 -0.00104388 -0.00187296 -0.00194
0 -0.000821522 -0.00147995 -0.00156322
0 -0.000459191 -0.000934854 -0.00112063
0 -4.98203e-05 -0.000322311 -0.000609645
0 0.00029081 0.000252291 -5.08215e-05
0 0.000491832 0.00071388 0.000528447
0 0.000571376 0.00105746 0.00111381
0 0.000605033 0.00132962 0.00168754
0 0.000655271 0.0015741 0.00219969
0 0.000746464 0.00181027 0.00258751
0 0.000881878 0.0020428 0.0028215
0 0.00105064 0.00226272 0.00291978
0 0.00122438 0.00244602 0.00293043
0 0.00136518 0.00256673 0.0029092
0 0.00144109 0.00261334 0.00290056
0 0.00142611 0.00258122 0.0029113
0 0.0012894 0.00244583 0.00288715
0 0.00101297 0.00216404 0.00273279
0 0.000630378 0.00171275 0.0023702
0 0.000229417 0.00111744 0.00177835
0 -9.94532e-05 0.000440728 0.000986389
0 -0.000311644 -0.000240741 5.79047e-05
0 -0.000415847 -0.000851429 -0.000911571
0 -0.00046014 -0.00133872 -0.00180699
0 -0.000507983 -0.00169085 -0.00251924
0 -0.000613903 -0.00193855 -0.00297699
0 -0.000793377 -0.00212415 -0.00315895
0 -0.00100452 -0.00225893 -0.00308593
0 -0.00118053 -0.0023242 -0.00282652
0 -0.0012732 -0.00229825 -0.0024897
0 -0.00125589 -0.00216341 -0.00217414
0 -0.00110835 -0.00190258 -0.00191305
0 -0.000835147 -0.00152127 -0.00167795
0 -0.000494918 -0.0010728 -0.00142556
0 -0.000175842 -0.000632899 -0.00111941
0 5.47529e-05 -0.000254838 -0.000733856
0 0.000174612 4.68068e-05 -0.000268042
0 0.00020491 0.000288161 0.000245386
0 0.000192687 0.000496398 0.000746022
0 0.000193264 0.000696123 0.00116998
0 0.000253377 0.00090321 0.00147684
0 0.000395633 0.00112357 0.00166447
0 0.000607487 0.00135239 0.00176486
0 0.000838014 0.00156931 0.00182161
0 0.00101902 0.00174444 0.00187295
0 0.00109358 0.00184623 0.00193777
0 0.00103287 0.00184331 0.00200181
0 0.000836483 0.0017026 0.00200942
0 0.000525775 0.00139257 0.00187183
0 0.000150694 0.000908328 0.00150823
0 -0.000209023 0.000295671 0.000892891
0 -0.00048279 -0.000368183 6.00336e-05
0 -0.000660481 -0.00102298 -0.000925044
0 -0.000787511 -0.00164001 -0.00197369
0 -0.000908142 -0.00219393 -0.0029592
0 -0.00102538 -0.00263886 -0.00372691
0 -0.00111209 -0.00291662 -0.00414348
0 -0.00114941 -0.00298654 -0.00415374
0 -0.00114628 -0.00284804 -0.00380151
0 -0.0011127 -0.00252851 -0.00319044
0 -0.00102881 -0.00205987 -0.0024269
0 -0.000857517 -0.00147697 -0.0015968
0 -0.000580767 -0.000825066 -0.000768426
0 -0.000227264 -0.000164139 -2.38989e-06
0 0.00012891 0.000433338 0.000643825
0 0.00039973 0.000893424 0.00112197
0 0.000532385 0.00116647 0.00141153
0 0.000548969 0.00126122 0.00154123
0 0.0005313 0.0012477 0.00157893
0 0.000554316 0.0012149 0.00158722
0 0.000637156 0.00122644 0.00159562
0 0.000756371 0.00131192 0.00161911
0 0.000885978 0.00147772 0.00168746
0 0.00101699 0.00171417 0.00184616
0 0.00114882 0.00199813 0.00212996
0 0.00125988 0.00228307 0.00251988
0 0.00129071 0.00248839 0.00291658
0 0.00116401 0.00250558 0.00315546
0 0.000846901 0.00224367 0.00307536
0 0.00040461 0.00169031 0.00260011
0 -5.15371e-05 0.000898023 0.00173426
0 -0.00045776 -6.96583e-05 0.000515306
0 -0.000811233 -0.0011437 -0.000980966
0 -0.00112423 -0.00222935 -0.0026091
0 -0.0013988 -0.00321738 -0.00416614
0 -0.00163613 -0.00402006 -0.00544877
0 -0.00183475 -0.00458229 -0.0063006
0 -0.00197232 -0.00485931 -0.00662697
0 -0.00200678 -0.0048069 -0.00640036
0 -0.00190162 -0.00440143 -0.00566772
0 -0.0016441 -0.00365685 -0.00453703
0 -0.00123924 -0.00262495 -0.00313729
0 -0.000701005 -0.00138222 -0.00158086
0 -6.487e-05 -2.73684e-05 3.78856e-05
0 0.000599591 0.00131958 0.00162627
0 0.00120859 0.00254239 0.00309399
0 0.00169393 0.00355297 0.0043602
0 0.00201834 0.00429895 0.00535624
0 0.00218557 0.00476362 0.00603172
0 0.00223373 0.00496311 0.0063649
0 0.00221207 0.00493621 0.00636562
0 0.00215885 0.00473137 0.00607193
0 0.00208886 0.00439755 0.00554587
0 0.00199285 0.00397482 0.00486379
0 0.00184612 0.00348868 0.00410481
0 0.00161924 0.00294327 0.00332927
0 0.00128188 0.00231561 0.00255436
0 0.00082865 0.00158169 0.00176428
0 0.000303923 0.000751894 0.000938606
0 -0.000217519 -0.000126011 6.32339e-05
0 -0.000671272 -0.000991139 -0.000870618
0 -0.00103841 -0.00180401 -0.0018696
0 -0.00134264 -0.00255657 -0.00292298
0 -0.00160823 -0.00324629 -0.00397293
0 -0.00183821 -0.00385935 -0.00492105
0 -0.00203182 -0.00437745 -0.0056734
0 -0.00219764 -0.00478378 -0.00617721
0 -0.00234482 -0.00506101 -0.00642652
0 -0.00245692 -0.0051812 -0.00643747
0 -0.002486 -0.00510564 -0.00622403
0 -0.00238575 -0.00480888 -0.0058004
0 -0.00213469 -0.00429236 -0.00518306
0 -0.00173781 -0.00357274 -0.00437942
0 -0.00122529 -0.00267532 -0.00338923
0 -0.000648403 -0.00163851 -0.00222001
0 -6.57455e-05 -0.000513274 -0.00089665
0 0.00047354 0.000640888 0.000533782
0 0.000937141 0.00175459 0.00199412
0 0.00130648 0.00275047 0.00337534
0 0.00157478 0.00355707 0.00455406
0 0.00175284 0.0041263 0.00542139
0 0.0018612 0.00444037 0.0059048
0 0.00192087 0.00451248 0.00598579
0 0.00195156 0.00438522 0.00571001
0 0.00196052 0.00411579 0.00517402
0 0.00193348 0.00375412 0.00449466
0 0.00183978 0.00333064 0.00377873
0 0.00165462 0.00286218 0.00310692
0 0.00138087 0.00236519 0.00252736
0 0.00105101 0.0018617 0.00205099
0 0.000708255 0.00137213 0.00164865
0 0.00038523 0.000904334 0.00125963
0 9.93352e-05 0.00045416 0.000819169
0 -0.000147373 6.66901e-06 0.0002826
0 -0.000365843 -0.000459719 -0.000362472
0 -0.000572092 -0.000962659 -0.00109479
0 -0.000782662 -0.00150668 -0.0018706
0 -0.00100934 -0.00207747 -0.00263758
0 -0.00124961 -0.00264031 -0.00334362
0 -0.00148196 -0.0031432 -0.00393965
0 -0.00167062 -0.00352806 -0.00438161
0 -0.00177404 -0.0037409 -0.00462925
0 -0.00175461 -0.00373623 -0.00464279
0 -0.0015934 -0.00348633 -0.00438911
0 -0.00130507 -0.00299462 -0.0038569
0 -0.000931366 -0.00229562 -0.003061
0 -0.000518394 -0.00144237 -0.0020368
0 -0.000103861 -0.000499222 -0.000841997
0 0.000291683 0.000470732 0.00044807
0 0.000672904 0.0014228 0.00175466
0 0.00105265 0.00232676 0.00299732
0 0.00142503 0.00315036 0.004093
0 0.00176334 0.00385237 0.0049679
0 0.00203468 0.0043888 0.00557497
0 0.00221133 0.00472024 0.00589946
0 0.00226198 0.00480341 0.00593491
0 0.0021507 0.0045936 0.0056655
0 0.00187445 0.00408359 0.00509079
0 0.00149524 0.00334121 0.00426036
0 0.00111007 0.00249059 0.00326526
0 0.000789506 0.00165606 0.00220298
0 0.000563991 0.000938979 0.00117768
0 0.000439279 0.000413991 0.000309035
0 0.000396656 0.000112338 -0.000293133
0 0.000398466 1.93101e-05 -0.000559408
0 0.000411601 9.70337e-05 -0.000472184
0 0.000429681 0.000313096 -6.23251e-05
0 0.00047645 0.000654358 0.000601018
0 0.0005897 0.00112013 0.00142485
0 0.000799256 0.00170676 0.00231262
0 0.0011149 0.00239752 0.00318989
0 0.00152295 0.0031602 0.00402117
0 0.00199113 0.00395566 0.00481202
0 0.0024723 0.00474268 0.00558949
0 0.00288387 0.00545465 0.0063471
0 0.00311915 0.00598705 0.00700851
0 0.0031028 0.0062284 0.00745271
0 0.00281181 0.00608415 0.00754234
0 0.00226687 0.00547851 0.00713023
0 0.00151496 0.00436414 0.00607952
0 0.000616287 0.00274551 0.00430791
0 -0.000363221 0.000692092 0.00182672
0 -0.00138131 -0.00168325 -0.00125471
0 -0.00241903 -0.00425339 -0.00474452
0 -0.00348488 -0.00689348 -0.00839131
0 -0.00461064 -0.00951502 -0.0119354
0 -0.00577526 -0.0120541 -0.0151692
0 -0.00693699 -0.0144335 -0.0179726
0 -0.00808006 -0.0165864 -0.0203192
0 -0.00917167 -0.0184626 -0.0222506
0 -0.0101794 -0.0200273 -0.0238356
0 -0.0110573 -0.0212603 -0.0251166
0 -0.0117128 -0.0221377 -0.0260814
0 -0.0120488 -0.0226338 -0.0266833
0 -0.0120148 -0.022722 -0.026869
0 -0.0116196 -0.0223653 -0.0265884
0 -0.0108976 -0.0214914 -0.0257633
0 -0.0098874 -0.0200154 -0.0242799
0 -0.00862883 -0.0178875 -0.0220264
0 -0.00716534 -0.0151196 -0.0189331
0 -0.00555515 -0.0118056 -0.0150173
0 -0.00384658 -0.00807745 -0.0103856
0 -0.00204449 -0.00404246 -0.00519751
0 -0.000154281 0.000209211 0.000345472
0 0.00178665 0.00455302 0.00598862
0 0.00374373 0.00882733 0.0114371
0 0.0056578 0.0128766 0.0164333
0 0.00741368 0.0165526 0.0207966
0 0.00886931 0.019654 0.0243566
0 0.00985387 0.0218899 0.0269223
0 0.0102427 0.0230395 0.0283637
0 0.0101098 0.0231145 0.0286981
0 0.00964466 0.0222822 0.0280334
0 0.00894239 0.0206954 0.0263967
0 0.00798256 0.0184287 0.0237251
0 0.00679789 0.0156143 0.020101
0 0.00557689 0.0125233 0.0158646
0 0.00447309 0.00938881 0.0114079
0 0.00341112 0.00625498 0.0069651
0 0.00221005 0.0030638 0.00264926
0 0.000761946 -0.000216295 -0.00142837
0 -0.000971359 -0.00348664 -0.00515563
0 -0.00278319 -0.00654584 -0.00843223
0 -0.00430506 -0.00920421 -0.0111652
0 -0.00542616 -0.011261 -0.0133186
0 -0.00612747 -0.0126174 -0.0149182
0 -0.00639779 -0.0133127 -0.0159825
0 -0.00634899 -0.0134032 -0.0164756
0 -0.00601293 -0.0129549 -0.0163027
0 -0.00539454 -0.0120075 -0.0153673
0 -0.00459079 -0.0105892 -0.0136619
0 -0.00368202 -0.00875474 -0.01128
0 -0.00272902 -0.00656901 -0.00838047
0 -0.00180259 -0.00415773 -0.00518681
0 -0.000938934 -0.00172024 -0.00196273
0 -0.000140803 0.000551951 0.00107607
0 0.000663731 0.00262434 0.00385188
0 0.00167564 0.00465857 0.00641936
0 0.00301476 0.00681167 0.00887251
0 0.00454491 0.00915169 0.0112835
0 0.00604152 0.0116391 0.0136868
0 0.00727653 0.014066 0.0160751
0 0.00807328 0.0161687 0.0184135
0 0.00845002 0.017764 0.0206481
0 0.0085256 0.0187741 0.0226517
0 0.00841187 0.0192378 0.0242041
0 0.00825494 0.0193076 0.0251008
0 0.00815643 0.0191429 0.0252155
0 0.00808852 0.018774 0.0244826
0 0.00795248 0.0180966 0.0229295
0 0.00764165 0.016965 0.020706
0 0.0070576 0.0152534 0.0180021
0 0.00611029 0.012889 0.0149428
0 0.00473249 0.00988232 0.0115507
0 0.00292174 0.00631445 0.00776011
0 0.000787051 0.00232824 0.00350187
0 -0.00153275 -0.00187894 -0.0012041
0 -0.00385029 -0.00616542 -0.00626751
0 -0.00589972 -0.0104322 -0.0115762
0 -0.00766309 -0.0145472 -0.0169603
0 -0.00927696 -0.0184112 -0.0221613
0 -0.0107175 -0.0219108 -0.0268704
0 -0.0119788 -0.024887 -0.0308004
0 -0.0130343 -0.0271953 -0.0337413
0 -0.0137752 -0.0287595 -0.0355843
0 -0.0142259 -0.0295686 -0.0363202
0 -0.0144303 -0.0296275 -0.0360333
0 -0.0143407 -0.0289593 -0.0348618
0 -0.013923 -0.0275923 -0.032932
0 -0.0131152 -0.025567 -0.0303382
0 -0.0118383 -0.0229236 -0.0271366
0 -0.0100946 -0.0196752 -0.0233406
0 -0.00793724 -0.0158267 -0.0189386
0 -0.00546386 -0.0114033 -0.0139206
0 -0.00283759 -0.00648541 -0.00830495
0 -0.00027767 -0.00123203 -0.00216883
0 0.00200677 0.00406707 0.00432162
0 0.00399991 0.00910694 0.0108959
0 0.00579429 0.0137239 0.0172065
0 0.00736873 0.0177528 0.0228746
0 0.00870629 0.0210432 0.0275417
0 0.00982173 0.023559 0.0309546
0 0.0106409 0.0252853 0.0330113
0 0.0111476 0.0261974 0.0337261
0 0.0113797 0.0262451 0.033199
0 0.0112605 0.0253973 0.0316056
0 0.0107406 0.0237051 0.0291413
0 0.00984774 0.0212699 0.0259883
0 0.00859274 0.0182597 0.0223129
0 0.00705969 0.0148765 0.0182535
0 0.00537178 0.0112772 0.0139199
0 0.00360055 0.00757259 0.00939619
0 0.00181895 0.00382681 0.00475452
0 9.05828e-05 6.55332e-05 6.94496e-05
0 -0.00162439 -0.00371002 -0.00457986
0 -0.00333253 -0.00740966 -0.00910447
0 -0.0049315 -0.0108789 -0.0134093
0 -0.00647493 -0.0140825 -0.0174032
0 -0.00802685 -0.0169869 -0.0209933
0 -0.00947775 -0.019532 -0.0240799
0 -0.0107442 -0.0216901 -0.0265568
0 -0.0117124 -0.0233582 -0.0283359
0 -0.012243 -0.0244016 -0.0293641
0 -0.0122956 -0.0247033 -0.0296086
0 -0.0118535 -0.0241524 -0.0290382
0 -0.0109466 -0.0227179 -0.0276177
0 -0.00968601 -0.0204691 -0.0253169
0 -0.00818542 -0.017541 -0.0221304
0 -0.00654734 -0.0141148 -0.0181076
0 -0.0048723 -0.0103747 -0.0133855
0 -0.00323083 -0.0064823 -0.00819924
0 -0.00167747 -0.00257685 -0.00284891
0 -0.000270288 0.00116792 0.00234944
0 0.00102415 0.00465326 0.00712981
0 0.00232112 0.00789395 0.0112992
0 0.00360968 0.0107468 0.0147224
0 0.00480521 0.0130493 0.0173327
0 0.00586642 0.0147632 0.019114
0 0.00668947 0.0158338 0.0201025
0 0.00718808 0.0163048 0.0204011
0 0.00736818 0.0162863 0.0201401
0 0.00722404 0.0158223 0.0194302
0 0.00678084 0.0149675 0.0183613
0 0.00615439 0.0138056 0.0170263
0 0.00546298 0.0124265 0.0155043
0 0.00477438 0.0109253 0.0138226
0 0.00411227 0.00936535 0.0119715
0 0.00345498 0.00778469 0.00995541
0 0.00279531 0.00622253 0.00782993
0 0.00217669 0.00471768 0.00571082
0 0.00162694 0.00330321 0.00372817
0 0.00113202 0.00199622 0.0019702
0 0.000667378 0.000802362 0.000477112
0 0.000198018 -0.000262405 -0.000751228
0 -0.000313091 -0.00119607 -0.0017585
0 -0.000882314 -0.00204309 -0.00261645
0 -0.00149525 -0.00286284 -0.00340609
0 -0.00210895 -0.00370189 -0.00420541
0 -0.00267665 -0.00458763 -0.00507733
0 -0.0031675 -0.00551585 -0.0060671
0 -0.00358032 -0.00646868 -0.00720295
0 -0.00394373 -0.00743036 -0.00848185
0 -0.00428026 -0.00837076 -0.00984208
0 -0.0045767 -0.0092392 -0.01116
0 -0.00480477 -0.00997734 -0.0122892
0 -0.00495577 -0.0105353 -0.0131128
0 -0.00504689 -0.0108833 -0.0135727
0 -0.00510125 -0.0110059 -0.0136626
0 -0.00511552 -0.0108884 -0.0134001
0 -0.0050513 -0.0105183 -0.0128099
0 -0.00485715 -0.00989248 -0.0119232
0 -0.00448978 -0.00901418 -0.0107727
0 -0.00392775 -0.00788768 -0.00938635
0 -0.00318001 -0.00651858 -0.00778368
0 -0.00228037 -0.00491619 -0.00597077
0 -0.00128505 -0.00309912 -0.00394192
0 -0.000256026 -0.00110337 -0.00169391
0 0.000741527 0.00100779 0.000756299
0 0.00165594 0.00313422 0.003362
0 0.00249236 0.00519645 0.0060516
0 0.00326323 0.00717067 0.0087377
0 0.00396651 0.00902329 0.0113166
0 0.00462661 0.0107233 0.0136761
0 0.00525649 0.0122529 0.0157122
0 0.00582069 0.013555 0.0173351
0 0.00627182 0.0145534 0.0184794
0 0.00656772 0.0151783 0.019116
0 0.00667572 0.0153754 0.0192518
0 0.00659407 0.015135 0.0189158
0 0.00633198 0.014486 0.0181408
0 0.00589921 0.0134766 0.0169545
0 0.00531649 0.0121667 0.0153827
0 0.00460854 0.0106108 0.0134593
0 0.0038074 0.00885254 0.0112352
0 0.00294999 0.0069391 0.00878439
0 0.00208172 0.00493071 0.00620394
0 0.00125243 0.00290429 0.0036007
0 0.000476274 0.000937478 0.00107303
0 -0.000266254 -0.000922591 -0.00129992
0 -0.000995371 -0.00262536 -0.00344908
0 -0.00169373 -0.00410206 -0.00530851
0 -0.00231843 -0.005332 -0.00682338
0 -0.00285065 -0.00631187 -0.00796148
0 -0.00327684 -0.00703778 -0.00873799
0 -0.00360568 -0.00755137 -0.00921973
0 -0.00387528 -0.00790082 -0.00949495
0 -0.00410057 -0.00812972 -0.00965081
0 -0.00428836 -0.00829728 -0.00976433
0 -0.00445372 -0.00845922 -0.00990084
0 -0.00460893 -0.00866746 -0.0101159
0 -0.00476926 -0.00896149 -0.0104477
0 -0.00493541 -0.00933795 -0.0108995
0 -0.00508325 -0.0097544 -0.0114346
0 -0.00518935 -0.0101534 -0.0119938
0 -0.00524184 -0.0104767 -0.0125068
0 -0.00523689 -0.0106791 -0.0129
0 -0.00518139 -0.0107352 -0.0131077
0 -0.00508449 -0.0106334 -0.0130795
0 -0.00494794 -0.0103713 -0.012786
0 -0.00476508 -0.00994668 -0.0122214
0 -0.00451703 -0.0093498 -0.0113974
0 -0.00417417 -0.0085634 -0.0103347
0 -0.00371086 -0.00757135 -0.0090582
0 -0.00312206 -0.00637603 -0.00759889
0 -0.00242294 -0.0050005 -0.00598597
0 -0.00164126 -0.00347387 -0.00423316
0 -0.000802926 -0.00182495 -0.00234231
0 6.08496e-05 -8.59237e-05 -0.000318197
0 0.00090568 0.00170032 0.0018227
0 0.00171781 0.00349418 0.00405192
0 0.00250078 0.00527835 0.00632779
0 0.00323737 0.00702759 0.00859314
0 0.00391876 0.00869885 0.0107812
0 0.00454526 0.0102509 0.0128164
0 0.00509467 0.011621 0.0146072
0 0.0055283 0.0127258 0.0160539
0 0.00580821 0.0134901 0.0170654
0 0.00590224 0.0138466 0.0175682
0 0.00578639 0.013735 0.0174977
0 0.00544071 0.0131074 0.0167966
0 0.00486566 0.0119481 0.0154376
0 0.00410547 0.0103 0.0134484
0 0.00322616 0.00825732 0.0109086
0 0.00227664 0.00593632 0.00793378
0 0.00129355 0.00344944 0.00465812
0 0.000291121 0.000883718 0.00122221
0 -0.000780449 -0.00173819 -0.00224101
0 -0.00196873 -0.00438855 -0.00561361
0 -0.00322986 -0.0069748 -0.00879843
0 -0.00450212 -0.00945884 -0.0117344
0 -0.00576217 -0.0118197 -0.0143997
0 -0.00695525 -0.0139911 -0.0168061
0 -0.00802682 -0.0159429 -0.0189797
0 -0.00894896 -0.0176375 -0.0209264
0 -0.00964937 -0.0189947 -0.0225933
0 -0.0100571 -0.0199425 -0.0238766
0 -0.0101465 -0.0204179 -0.0246646
0 -0.00991627 -0.0203695 -0.024853
0 -0.00940361 -0.0197638 -0.0243508
0 -0.0086638 -0.0185766 -0.0230949
0 -0.0077414 -0.0168145 -0.0210605
0 -0.00667096 -0.014523 -0.0182713
0 -0.00546719 -0.0117717 -0.0148026
0 -0.00412986 -0.00865093 -0.0107807
0 -0.00266777 -0.0052635 -0.00637877
0 -0.00113171 -0.00172263 -0.00179989
0 0.000387018 0.00180881 0.00275101
0 0.00186117 0.00523327 0.00710734
0 0.00332817 0.00853402 0.0111504
0 0.00473499 0.0115761 0.0147954
0 0.0060092 0.0142447 0.0179929
0 0.0071539 0.0165143 0.0207098
0 0.00812386 0.0183311 0.0229182
0 0.00886329 0.0196962 0.0245974
0 0.00937733 0.0206417 0.0257375
0 0.00965636 0.0211699 0.0263475
0 0.00970409 0.0212998 0.0264542
0 0.00956625 0.0210479 0.0260981
0 0.00927405 0.0204259 0.0253246
0 0.00885372 0.0194736 0.0241727
0 0.00832303 0.0182267 0.0226626
0 0.00766242 0.0167063 0.0207972
0 0.00685835 0.0149335 0.0185844
0 0.0059243 0.0129224 0.0160532
0 0.0048856 0.0106911 0.0132524
0 0.00377964 0.00827354 0.0102416
0 0.00263283 0.00571523 0.00708124
0 0.00146541 0.00307392 0.00382526
0 0.000291098 0.000398362 0.000518007
0 -0.000938457 -0.0023009 -0.00279996
0 -0.00223525 -0.00498087 -0.00607733
0 -0.00351149 -0.00756244 -0.00925256
0 -0.00474577 -0.0100337 -0.0122694
0 -0.00595662 -0.0123807 -0.0150857
0 -0.00711265 -0.0145659 -0.017676
0 -0.00820894 -0.0165779 -0.0200197
0 -0.0092189 -0.0183763 -0.0220894
0 -0.0100794 -0.0199124 -0.0238584
0 -0.0107711 -0.0211658 -0.0253106
0 -0.0112839 -0.0221192 -0.0264396
0 -0.0116063 -0.0227627 -0.0272359
0 -0.0117358 -0.0230809 -0.0276696
0 -0.0116506 -0.0230378 -0.0276933
0 -0.0113449 -0.0226092 -0.0272667
0 -0.0108471 -0.0217853 -0.0263652
0 -0.0101843 -0.0205629 -0.0249726
0 -0.00937727 -0.01896 -0.0230885
0 -0.00845061 -0.0170168 -0.020739
0 -0.0074227 -0.0147876 -0.0179792
0 -0.00630282 -0.0123312 -0.0148861
0 -0.00509762 -0.00970004 -0.0115526
0 -0.00381446 -0.00694239 -0.00807918
0 -0.00247945 -0.00411148 -0.00456709
0 -0.00115011 -0.00128226 -0.00111236
0 0.000101622 0.0014425 0.00220542
0 0.00125277 0.00400642 0.00532676
0 0.00233002 0.0063787 0.0082028
0 0.00330722 0.00847672 0.0107918
0 0.00415114 0.0102699 0.0130605
0 0.00489254 0.011777 0.0149794
0 0.00553036 0.0129971 0.0165216
0 0.00603657 0.0139544 0.0176748
0 0.00642405 0.0146691 0.0184529
0 0.0066989 0.015141 0.0188956
0 0.00686289 0.0153824 0.0190582
0 0.0069343 0.0154062 0.0189951
0 0.00690712 0.0152265 0.0187438
0 0.00676735 0.0148669 0.0183198
0 0.00651812 0.0143461 0.0177258
0 0.00617294 0.0136842 0.016966
0 0.00576028 0.0128997 0.0160466
0 0.0053092 0.0119977 0.0149698
0 0.00483201 0.010981 0.0137355
0 0.00433164 0.00985612 0.012346
0 0.00380269 0.00863133 0.0108089
0 0.00322823 0.00731563 0.00913832
0 0.00259686 0.00591471 0.00735547
0 0.00191348 0.00443244 0.00548675
0 0.00118435 0.00287566 0.00355867
0 0.000413844 0.00125284 0.0015903
0 -0.00039569 -0.000429763 -0.00041118
0 -0.00125004 -0.0021654 -0.00244529
0 -0.00212517 -0.00392092 -0.0045037
0 -0.00296942 -0.00564303 -0.00656178
0 -0.00375961 -0.00729474 -0.00858262
0 -0.00448117 -0.0088424 -0.0105204
0 -0.00511839 -0.0102529 -0.012322
0 -0.00567636 -0.011506 -0.0139325
0 -0.00615725 -0.0125803 -0.0153023
0 -0.00655835 -0.0134552 -0.0163933
0 -0.00688142 -0.0141154 -0.0171824
0 -0.00711956 -0.0145467 -0.0176622
0 -0.00725919 -0.0147416 -0.0178387
0 -0.00728524 -0.0146981 -0.0177249
0 -0.00717504 -0.0144106 -0.0173317
0 -0.00690778 -0.0138706 -0.0166636
0 -0.00647652 -0.0130693 -0.0157196
0 -0.00588633 -0.0119994 -0.0144929
0 -0.0051552 -0.0106625 -0.0129733
0 -0.00431171 -0.00907321 -0.0111539
0 -0.00338496 -0.00725896 -0.00903694
0 -0.00239974 -0.00525653 -0.00663968
0 -0.00138509 -0.0031072 -0.00400172
0 -0.000368965 -0.000856539 -0.00118858
0 0.000618203 0.00142485 0.00171379
0 0.00156159 0.00367105 0.0046138
0 0.00248287 0.00585785 0.00742008
0 0.00336108 0.00792113 0.0100362
0 0.00413329 0.00975768 0.0123655
0 0.00477806 0.0112983 0.014321
0 0.00527793 0.012479 0.0158315
0 0.00559894 0.013254 0.0168478
0 0.00574473 0.0136185 0.0173428
0 0.00572604 0.013576 0.0173104
0 0.00554655 0.013147 0.0167675
0 0.00523112 0.0123707 0.0157535
0 0.00479782 0.0112874 0.0143271
0 0.00425739 0.00994431 0.0125592
0 0.00362301 0.00838935 0.0105248
0 0.00289318 0.00666378 0.00829687
0 0.00207302 0.00480819 0.00594235
0 0.00119017 0.00286318 0.00352058
0 0.000267269 0.000870306 0.00108477
0 -0.000680171 -0.0011349 -0.0013209
0 -0.00163496 -0.00311076 -0.0036604
0 -0.00254718 -0.00498748 -0.00589669
0 -0.00336153 -0.00670631 -0.0079875
0 -0.00406932 -0.00822949 -0.0098827
0 -0.00465036 -0.0095129 -0.0115252
0 -0.00508814 -0.0105282 -0.0128573
0 -0.00539551 -0.011261 -0.0138285
0 -0.00557129 -0.0116945 -0.0144026
0 -0.00561923 -0.0118235 -0.0145634
0 -0.0055495 -0.0116488 -0.014315
0 -0.00535806 -0.0111752 -0.01368
0 -0.00504063 -0.0104196 -0.0126935
0 -0.00459372 -0.00940209 -0.0113963
0 -0.0040104 -0.00814434 -0.0098292
0 -0.00329436 -0.00667215 -0.00803117
0 -0.00246387 -0.00501446 -0.00603994
0 -0.00155694 -0.00320825 -0.00389485
0 -0.000621079 -0.00130092 -0.0016384
0 0.000289791 0.000645554 0.000684785
0 0.00113195 0.0025557 0.00302733
0 0.00190862 0.00437879 0.00533388
0 0.0026137 0.00607479 0.00753393
0 0.00321745 0.00757807 0.00954314
0 0.00371333 0.00884633 0.0112747
0 0.00410449 0.00985636 0.0126516
0 0.00439321 0.0105819 0.0136206
0 0.00458859 0.0110219 0.0141624
0 0.0046973 0.0111821 0.0142872
0 0.00471043 0.0110646 0.0140256
0 0.00461372 0.0106804 0.0134194
0 0.00438936 0.0100385 0.0125134
0 0.00402036 0.00914812 0.0113475
0 0.00350556 0.00802424 0.00995257
0 0.00285184 0.00668219 0.00834813
0 0.00208199 0.00514138 0.0065429
0 0.00123857 0.00343264 0.00454374
0 0.000359459 0.00159926 0.00236805
0 -0.000527431 -0.000307767 5.09023e-05
0 -0.00140853 -0.00224841 -0.00235579
0 -0.0022563 -0.00417531 -0.00478437
0 -0.00302726 -0.00600391 -0.0071455
0 -0.00371848 -0.00766648 -0.00933791
0 -0.00433661 -0.0091298 -0.0112673
0 -0.00487796 -0.0103569 -0.0128565
0 -0.00534961 -0.0113289 -0.0140575
0 -0.00574469 -0.0120434 -0.0148566
0 -0.00604556 -0.0124947 -0.0152731
0 -0.00623772 -0.0126885 -0.0153508
0 -0.0063003 -0.012634 -0.0151427
0 -0.00621508 -0.0123392 -0.0146991
0 -0.00597743 -0.0118202 -0.0140558
0 -0.00558697 -0.011088 -0.0132246
0 -0.00504712 -0.0101422 -0.0121895
0 -0.00437508 -0.00898228 -0.0109214
0 -0.00360204 -0.00761409 -0.0093959
0 -0.00276683 -0.00605457 -0.00760358
0 -0.0019111 -0.00433557 -0.00555798
0 -0.0010698 -0.00250189 -0.00330207
0 -0.000268119 -0.000610801 -0.000907689
0 0.000472993 0.0012572 0.00153222
0 0.00115915 0.00303376 0.00391705
0 0.00181543 0.00469688 0.00614704
0 0.00243985 0.00620585 0.00812897
0 0.00301409 0.00750735 0.00979095
0 0.00352303 0.00858314 0.0110916
0 0.00394298 0.00940727 0.0120167
0 0.00424605 0.00995212 0.012573
0 0.00441045 0.0102092 0.0127824
0 0.00442408 0.0101738 0.0126755
0 0.00429121 0.00986022 0.0122847
0 0.0040309 0.00929964 0.0116349
0 0.00366245 0.0085226 0.010741
0 0.00320296 0.00756063 0.00961097
0 0.00266696 0.00643739 0.00825139
0 0.0020685 0.00516618 0.00667527
0 0.00142568 0.00376353 0.00490968
0 0.000750131 0.00225053 0.00299434
0 4.58683e-05 0.000649979 0.000974149
0 -0.000693758 -0.00101932 -0.00110785
0 -0.00147827 -0.00273514 -0.00320883
0 -0.00227207 -0.00443473 -0.00527543
0 -0.00302299 -0.0060393 -0.00724133
0 -0.00370278 -0.00749442 -0.00903559
0 -0.00427144 -0.00874156 -0.0105929
0 -0.00470881 -0.00973432 -0.0118592
0 -0.0050192 -0.0104533 -0.0127909
0 -0.00519656 -0.010879 -0.0133553
0 -0.00524215 -0.0110029 -0.0135318
0 -0.00515687 -0.0108243 -0.0133109
0 -0.00493146 -0.0103388 -0.0126954
0 -0.0045614 -0.00955022 -0.0117009
0 -0.00405096 -0.00847275 -0.0103574
0 -0.00341259 -0.0071327 -0.00870861
0 -0.00267334 -0.00557799 -0.00681146
0 -0.00187453 -0.00387098 -0.00473259
0 -0.00105528 -0.00207912 -0.00254308
0 -0.00025354 -0.000275977 -0.000315749
0 0.000492291 0.00146013 0.00187739
0 0.00117819 0.00308352 0.00396844
0 0.00181587 0.00457644 0.00589284
0 0.00238921 0.00589704 0.0075908
0 0.00288263 0.00701405 0.00901477
0 0.00329203 0.007915 0.0101311
0 0.00360072 0.00857434 0.0109208
0 0.00379885 0.00898139 0.011383
0 0.00389252 0.0091397 0.0115323
0 0.00388233 0.00905621 0.0113936
0 0.00377202 0.00875261 0.0109943
0 0.00357008 0.00825395 0.0103612
0 0.00327927 0.00758237 0.00951923
0 0.00290555 0.00676067 0.00849249
0 0.00246068 0.00580501 0.00730343
0 0.00195735 0.00472858 0.00597341
0 0.00140828 0.00354983 0.00452531
0 0.000831517 0.00229452 0.00298683
0 0.000249344 0.000999972 0.0013947
0 -0.000320843 -0.000291918 -0.000206911
0 -0.000866273 -0.00154584 -0.00177262
0 -0.00137241 -0.00272071 -0.00325507
0 -0.0018234 -0.00377099 -0.00460345
0 -0.00221403 -0.00467259 -0.00576941
0 -0.00255083 -0.00541355 -0.00671404
0 -0.00283132 -0.00598195 -0.00741303
0 -0.00304664 -0.00637617 -0.00785971
0 -0.00319325 -0.00659667 -0.00806299
0 -0.00326152 -0.00664276 -0.00804328
0 -0.00324103 -0.00651985 -0.00782768
0 -0.00312986 -0.00623704 -0.00744477
0 -0.00293183 -0.00580983 -0.00692118
0 -0.0026586 -0.00526129 -0.00627899
0 -0.00232961 -0.00461686 -0.00553577
0 -0.00196996 -0.00390428 -0.00470831
0 -0.00160257 -0.00315307 -0.00381751
0 -0.00124679 -0.0023926 -0.00289067
0 -0.000922271 -0.00165153 -0.00196092
0 -0.000639384 -0.000956705 -0.00106351
0 -0.000397432 -0.000330658 -0.000231961
0 -0.000190989 0.000211682 0.000503172
0 -1.41357e-05 0.000662585 0.00111476
0 0.000137697 0.00101881 0.00158164
0 0.000268951 0.00128074 0.00189465
0 0.000381003 0.00145452 0.00206232
0 0.000474017 0.00155228 0.0021086
0 0.000545425 0.0015864 0.00206465
0 0.000585794 0.00156627 0.00196141
0 0.000587053 0.00149951 0.00182554
0 0.000545231 0.00139064 0.00167436
0 0.000457594 0.00123913 0.00151113
0 0.000326711 0.00104109 0.001326
0 0.000160555 0.000792276 0.00110064
0 -3.04273e-05 0.000490254 0.000813474
0 -0.000235764 0.000133634 0.000443621
0 -0.000449284 -0.000278669 -2.46689e-05
0 -0.000667288 -0.000744395 -0.000595684
0 -0.000883624 -0.00125631 -0.00125776
0 -0.00109468 -0.00179903 -0.0019834
0 -0.0012976 -0.00235012 -0.00273437
0 -0.0014905 -0.00288727 -0.00346727
0 -0.00168057 -0.00338936 -0.00414009
0 -0.00186989 -0.00383756 -0.00471786
0 -0.00204913 -0.00421417 -0.00517381
0 -0.00220454 -0.00450034 -0.00549028
0 -0.00231535 -0.0046778 -0.00565817
0 -0.00235853 -0.00472893 -0.00567484
0 -0.00231775 -0.00463841 -0.00554082
0 -0.00218515 -0.00439525 -0.00525488
0 -0.00195919 -0.00399249 -0.00481037
0 -0.00164495 -0.00342878 -0.00419605
0 -0.00125519 -0.0027103 -0.00340112
0 -0.000808427 -0.00185004 -0.00242094
0 -0.000327087 -0.000866051 -0.00126199
0 0.000168275 0.000218187 5.70984e-05
0 0.000665756 0.0013715 0.00150749
0 0.00115899 0.00256101 0.00304883
0 0.00164293 0.00375852 0.00462586
0 0.00211048 0.00492721 0.00617114
0 0.00255082 0.00602048 0.00761486
0 0.00295247 0.00699791 0.00889205
0 0.00329711 0.00781833 0.00994442
0 0.00356072 0.00843924 0.0107249
0 0.0037267 0.00882875 0.0112018
0 0.00378211 0.00896198 0.0113567
0 0.00371525 0.00882246 0.0111806
0 0.00352284 0.00840714 0.0106731
0 0.00320855 0.00772445 0.00984226
0 0.00278072 0.0067943 0.00870547
0 0.00225631 0.00564566 0.0072889
0 0.00165618 0.00431084 0.00562631
0 0.000993698 0.00282341 0.00375806
0 0.00027939 0.00121666 0.00173086
0 -0.000481927 -0.00048224 -0.000404639
0 -0.00129471 -0.00225401 -0.00259667
0 -0.00213257 -0.0040516 -0.00478879
0 -0.00294556 -0.00579732 -0.00691934
0 -0.00371031 -0.007436 -0.00892751
0 -0.00440113 -0.00891725 -0.0107535
0 -0.00498463 -0.0101828 -0.0123375
0 -0.00544586 -0.0111968 -0.013623
0 -0.00577005 -0.0119297 -0.0145623
0 -0.00594846 -0.0123587 -0.015122
0 -0.00598813 -0.0124794 -0.0152857
0 -0.00589661 -0.0122933 -0.0150554
0 -0.0056823 -0.0118138 -0.01445
0 -0.00535711 -0.0110679 -0.0135031
0 -0.00492818 -0.0100873 -0.0122596
0 -0.00440232 -0.00890972 -0.0107718
0 -0.00379138 -0.00757567 -0.00909732
0 -0.00310953 -0.00612444 -0.00729466
0 -0.00237723 -0.00459662 -0.00542015
0 -0.00162556 -0.00303301 -0.0035251
0 -0.000880014 -0.00147281 -0.00165222
0 -0.000165936 4.22537e-05 0.000168059
0 0.000492335 0.00147824 0.00191585
0 0.00110229 0.00282184 0.00357197
0 0.00166729 0.00405714 0.00511055
0 0.00216547 0.00515783 0.00650122
0 0.00258705 0.00610911 0.00771395
0 0.00293252 0.00689935 0.0087221
0 0.00319647 0.00751484 0.00950548
0 0.0033798 0.00794948 0.0100525
0 0.00349224 0.00820032 0.0103605
0 0.00353683 0.00827018 0.0104353
0 0.00351622 0.00817215 0.0102912
0 0.00343614 0.00792458 0.00995052
0 0.00329841 0.00754917 0.00944213
0 0.0031063 0.00706781 0.0087984
0 0.00286528 0.00649789 0.00805118
0 0.00257981 0.00585269 0.00722734
0 0.00225215 0.00514118 0.00634488
0 0.00188409 0.00436903 0.00541224
0 0.00148063 0.00354226 0.00443114
0 0.00105074 0.00266896 0.00340084
0 0.000607646 0.00176106 0.00232349
0 0.000165651 0.000834523 0.00120778
0 -0.000263525 -9.43105e-05 6.93499e-05
0 -0.000671489 -0.00101035 -0.00107147
0 -0.00105501 -0.00189646 -0.00219081
0 -0.00141077 -0.00273183 -0.00325948
0 -0.00173698 -0.0034971 -0.00424408
0 -0.002039 -0.00417844 -0.00511287
0 -0.00231663 -0.0047656 -0.00584082
0 -0.00256561 -0.00525073 -0.00641404
0 -0.0027803 -0.00563026 -0.00683216
0 -0.00294956 -0.00590279 -0.00710533
0 -0.0030641 -0.00606667 -0.00724824
0 -0.00311472 -0.00612074 -0.00727499
0 -0.0030954 -0.00606637 -0.00719729
0 -0.00301004 -0.00590967 -0.00702384
0 -0.00286976 -0.00566198 -0.00676024
0 -0.00268975 -0.00533779 -0.00640983
0 -0.00248427 -0.00495102 -0.00597421
0 -0.00226349 -0.00451193 -0.00545514
0 -0.00203241 -0.00402707 -0.00485831
0 -0.00179056 -0.0035017 -0.00419605
0 -0.00153805 -0.00294292 -0.0034874
0 -0.00127867 -0.00236125 -0.00275546
0 -0.0010148 -0.00176934 -0.00202209
0 -0.000746444 -0.00117973 -0.00130268
0 -0.000477109 -0.000601637 -0.000605555
0 -0.000209958 -4.33821e-05 6.45351e-05
0 5.13946e-05 0.000488206 0.000703283
0 0.00029507 0.000989559 0.00130602
0 0.000513936 0.00145322 0.00186687
0 0.000703066 0.00186895 0.00237646
0 0.000849633 0.00222041 0.00281845
0 0.000942553 0.00248179 0.00316766
0 0.000970965 0.002626 0.00339192
0 0.000926611 0.00262962 0.00345825
0 0.000813284 0.00247881 0.00333983
0 0.000640667 0.00217232 0.00301935
0 0.000419728 0.00171973 0.0024926
0 0.00016464 0.0011417 0.00177373
0 -0.000108853 0.000470252 0.000898825
0 -0.000384186 -0.000255487 -7.60996e-05
0 -0.000645222 -0.000995059 -0.00108534
0 -0.000884744 -0.00170641 -0.00206298
0 -0.00110476 -0.0023486 -0.00294728
0 -0.00130977 -0.00289378 -0.00368722
0 -0.00150635 -0.00333039 -0.0042491
0 -0.00169416 -0.00365624 -0.00461962
0 -0.00186153 -0.00387482 -0.00480665
0 -0.0019914 -0.00399108 -0.00483475
0 -0.00206356 -0.00400526 -0.0047364
0 -0.00205835 -0.00391314 -0.00454212
0 -0.00196401 -0.00370975 -0.00427233
0 -0.00178138 -0.00339356 -0.0039335
0 -0.00152294 -0.00297037 -0.00351843
0 -0.00121089 -0.00245289 -0.00301099
0 -0.000872421 -0.00185834 -0.00239462
0 -0.000531617 -0.00120536 -0.00166132
0 -0.00020852 -0.000511696 -0.000818167
0 8.60566e-05 0.000205105 0.000112041
0 0.000354988 0.000925467 0.00109524
0 0.00060573 0.00163367 0.0020902
0 0.000851506 0.00232141 0.00305128
0 0.00110578 0.00297498 0.00393392
0 0.00136998 0.00357751 0.00470364
0 0.00163726 0.00411808 0.00534189
0 0.00189353 0.00458506 0.00584574
0 0.00211773 0.0049662 0.00622408
0 0.00228762 0.00524955 0.00649007
0 0.00238366 0.00542006 0.00665294
0 0.00239286 0.00546392 0.00671278
0 0.0023133 0.00537275 0.0066595
0 0.00215531 0.00514518 0.00647572
0 0.00193707 0.0047882 0.00614138
0 0.00167898 0.00431423 0.0056397
0 0.00139881 0.00373801 0.00496402
0 0.00110872 0.00307636 0.0041242
0 0.000814916 0.00234751 0.00314896
0 0.000517014 0.00157005 0.00208224
0 0.000208601 0.000761154 0.000974938
0 -0.000118917 -6.61473e-05 -0.000126144
0 -0.00047134 -0.000899666 -0.00118463
0 -0.000848538 -0.00171823 -0.00217431
0 -0.00124048 -0.00249842 -0.00307877
0 -0.00162767 -0.00322414 -0.00389073
0 -0.00198591 -0.00387685 -0.00460894
0 -0.00228946 -0.00443741 -0.00523326
0 -0.00252007 -0.00489137 -0.00576058
0 -0.00266804 -0.00522564 -0.00618293
0 -0.0027318 -0.00543254 -0.00648702
0 -0.00272399 -0.00551176 -0.0066563
0 -0.00266245 -0.00546801 -0.00667477
0 -0.0025631 -0.00531105 -0.00653167
0 -0.00243873 -0.00505328 -0.00622609
0 -0.00229501 -0.00470654 -0.00576973
0 -0.00213166 -0.00428197 -0.00518663
0 -0.00194243 -0.00378938 -0.00450961
0 -0.00171992 -0.00323982 -0.0037758
0 -0.00146476 -0.00264922 -0.00302184
0 -0.00118505 -0.00203813 -0.00227886
0 -0.000893132 -0.00143094 -0.00156897
0 -0.000607482 -0.000850937 -0.000904061
0 -0.000342323 -0.000314232 -0.000286983
0 -0.000101389 0.000169713 0.000283742
0 0.000107589 0.000598279 0.000808464
0 0.000279291 0.000972392 0.00128344
0 0.000416987 0.00129154 0.00170097
0 0.000521372 0.00155485 0.00205094
0 0.00059585 0.00175942 0.00232343
0 0.00064808 0.00190117 0.00251156
0 0.000681544 0.00197909 0.00261218
0 0.000696416 0.00199377 0.00262484
0 0.00068992 0.00194622 0.00255128
0 0.000655421 0.0018382 0.00239599
0 0.000587618 0.0016706 0.00216605
0 0.000484614 0.00144365 0.00186991
0 0.000347727 0.00115889 0.00151631
0 0.000183617 0.000821754 0.0011142
0 2.50769e-06 0.000443449 0.000672423
0 -0.000185125 3.90745e-05 0.000199
0 -0.000370821 -0.000374546 -0.000298207
0 -0.00054799 -0.000783159 -0.00080869
0 -0.000710719 -0.00117533 -0.00131807
0 -0.00085858 -0.00154019 -0.00180792
0 -0.000992099 -0.00187106 -0.00225595
0 -0.00110795 -0.00216131 -0.0026404
0 -0.00120865 -0.0024032 -0.0029458
0 -0.00129895 -0.00259322 -0.00316599
0 -0.00137811 -0.00272956 -0.00330421
0 -0.00144352 -0.00281228 -0.0033693
0 -0.00148868 -0.00284336 -0.00337132
0 -0.00150318 -0.00282415 -0.00331971
0 -0.00148061 -0.00275659 -0.00322273
0 -0.00142095 -0.0026432 -0.00308672
0 -0.00132948 -0.00248708 -0.00291589
0 -0.00121698 -0.00229396 -0.00271231
0 -0.00109535 -0.00207158 -0.00247604
0 -0.000972736 -0.0018286 -0.00220653
0 -0.00085381 -0.00157363 -0.00190499
0 -0.000741274 -0.00131417 -0.00157715
0 -0.000637159 -0.00105722 -0.00123486
0 -0.000542329 -0.000808974 -0.000894047
0 -0.000454717 -0.000573494 -0.000570252
0 -0.000370765 -0.000354709 -0.00027583
0 -0.000287762 -0.000155309 -1.88562e-05
0 -0.000203963 2.47454e-05 0.000197394
0 -0.000119021 0.000184366 0.000374304
0 -3.5341e-05 0.000323422 0.00051737
0 4.2912e-05 0.000444748 0.000634881
0 0.000111983 0.000550867 0.000736231
0 0.000169325 0.000645074 0.000830882
0 0.000215028 0.000731859 0.00092735
0 0.000252028 0.000814731 0.00103142
0 0.00028309 0.00089577 0.00114384
0 0.000308609 0.000973611 0.00125889
0 0.000327279 0.00104312 0.00136616
0 0.000336907 0.00109745 0.00145312
0 0.000334488 0.00112712 0.00150622
0 0.000316843 0.00112131 0.00151271
0 0.000282048 0.00107163 0.00146282
0 0.000230353 0.000974007 0.00135157
0 0.00016474 0.000830915 0.00118022
0 9.1697e-05 0.000652556 0.000957576
0 1.94867e-05 0.000455122 0.000699801
0 -4.50193e-05 0.000256398 0.000426933
0 -9.92072e-05 7.13531e-05 0.000158619
0 -0.000146656 -9.18477e-05 -8.85208e-05
0 -0.000195037 -0.000235112 -0.000303589
0 -0.000253764 -0.000366232 -0.000483404
0 -0.000331268 -0.000495857 -0.000633007
0 -0.000430362 -0.000637432 -0.000764792
0 -0.000547364 -0.000798911 -0.000895427
0 -0.000672385 -0.00097977 -0.00104165
0 -0.00079153 -0.00117347 -0.00121586
0 -0.000891588 -0.00136779 -0.00142298
0 -0.000963284 -0.0015502 -0.00165926
0 -0.00100437 -0.00171198 -0.00191165
0 -0.00101984 -0.00184717 -0.00215796
0 -0.00101933 -0.00195216 -0.00237065
0 -0.00101381 -0.00202512 -0.00252341
0 -0.00101103 -0.00206333 -0.00259684
0 -0.00101415 -0.00206379 -0.00258336
0 -0.001022 -0.00202559 -0.00248949
0 -0.00102773 -0.00194918 -0.00233164
0 -0.00101923 -0.00183552 -0.00212944
0 -0.000982899 -0.00168577 -0.0019006
0 -0.000908887 -0.00150138 -0.00165767
0 -0.000795126 -0.00128418 -0.00140619
0 -0.000647635 -0.00103539 -0.00114415
0 -0.000478009 -0.000757238 -0.000864532
0 -0.000300685 -0.000455507 -0.000559223
0 -0.00013188 -0.000139802 -0.0002227
0 1.35764e-05 0.000176486 0.00014508
0 0.000129665 0.000478969 0.000537268
0 0.000219539 0.000757823 0.000939614
0 0.000290249 0.00100791 0.00133115
0 0.000352511 0.0012285 0.00168781
0 0.000417901 0.00142387 0.00198732
0 0.000492145 0.00159611 0.00221407
0 0.000573097 0.00174173 0.0023623
0 0.000652807 0.00185441 0.00243651
0 0.000718923 0.00192491 0.00244854
0 0.000756242 0.00194299 0.00241115
0 0.000751795 0.00190139 0.00233322
0 0.00069951 0.00179758 0.00221821
0 0.000601614 0.00163448 0.00206353
0 0.000467591 0.00141852 0.00186145
0 0.0003098 0.00115553 0.00160077
0 0.000139096 0.000849362 0.00127024
0 -3.6777e-05 0.00050251 0.00086352
0 -0.00021259 0.00011791 0.000382826
0 -0.000386523 -0.000299528 -0.000160881
0 -0.000558647 -0.000741179 -0.000748924
0 -0.000726473 -0.00119295 -0.00135522
0 -0.000890909 -0.00163659 -0.00194953
0 -0.00105385 -0.00205366 -0.00250127
0 -0.0012102 -0.00242803 -0.00298278
0 -0.00135728 -0.00274632 -0.00337356
0 -0.00149118 -0.00299957 -0.00366304
0 -0.00160088 -0.00318247 -0.00385049
0 -0.00167914 -0.00329273 -0.00394316
0 -0.00172073 -0.00333091 -0.0039528
0 -0.00172024 -0.00329956 -0.00389207
0 -0.00167956 -0.00320499 -0.00377311
0 -0.00160614 -0.00305746 -0.0036065
0 -0.00150881 -0.00286917 -0.00339991
0 -0.00139779 -0.00265237 -0.00315843
0 -0.00128162 -0.0024176 -0.00288625
0 -0.00116505 -0.00217196 -0.00258793
0 -0.00104973 -0.00191915 -0.00226937
0 -0.00093373 -0.00165994 -0.00193737
0 -0.000813566 -0.00139341 -0.00159823
0 -0.000688216 -0.00111955 -0.00125742
0 -0.000559082 -0.000840663 -0.000919735
0 -0.000428617 -0.000562766 -0.000590489
0 -0.000303146 -0.000296234 -0.000276134
0 -0.000191462 -5.20086e-05 1.72187e-05
0 -9.69839e-05 0.000163657 0.000285261
0 -1.76449e-05 0.000349332 0.000525338
0 4.97011e-05 0.00050618 0.000735506
0 0.000109052 0.000638865 0.000914203
0 0.000163797 0.000753006 0.00106042
0 0.000214946 0.000851816 0.00117473
0 0.00026257 0.000937173 0.00126072
0 0.000305475 0.00100865 0.00132376
0 0.000339236 0.0010622 0.00136776
0 0.000357378 0.001092 0.00139318
0 0.000354338 0.00109216 0.0013971
0 0.000327592 0.00105849 0.00137425
0 0.000278926 0.000989834 0.00131832
0 0.000213426 0.000887141 0.00122308
0 0.000137653 0.000753423 0.00108399
0 5.69953e-05 0.000592262 0.000898802
0 -2.72779e-05 0.00040529 0.00066696
0 -0.000116912 0.000192659 0.00039047
0 -0.000215076 -4.53092e-05 7.46823e-05
0 -0.000324691 -0.00030713 -0.000272024
0 -0.000446435 -0.000591509 -0.000639679
0 -0.000578511 -0.000893667 -0.00101796
0 -0.000717136 -0.00120307 -0.00139646
0 -0.00085894 -0.00151072 -0.00176594
0 -0.000998401 -0.00180692 -0.00211812
0 -0.00112683 -0.00207935 -0.00244441
0 -0.0012381 -0.00231868 -0.00273541
0 -0.00132667 -0.00251533 -0.00298025
0 -0.00138505 -0.00265869 -0.00316646
0 -0.00140835 -0.00273971 -0.00328106
0 -0.00139532 -0.00274996 -0.00331238
0 -0.00134688 -0.00268383 -0.00325159
0 -0.00126717 -0.00254091 -0.00309447
0 -0.00116231 -0.00232565 -0.0028426
0 -0.00103742 -0.002047 -0.00250316
0 -0.000895819 -0.00171656 -0.0020886
0 -0.000740463 -0.00134717 -0.00161627
0 -0.000576312 -0.000952367 -0.00110651
0 -0.000406304 -0.000543509 -0.000579202
0 -0.000229629 -0.000130665 -5.12193e-05
0 -4.95622e-05 0.000277483 0.00046412
0 0.000130205 0.000676243 0.000957072
0 0.000310064 0.00105991 0.00142125
0 0.00048672 0.00142298 0.00185308
0 0.00065445 0.00176206 0.00225117
0 0.000809098 0.00207185 0.00261482
0 0.00094392 0.00234657 0.00294195
0 0.00105153 0.00258034 0.00322829
0 0.00112922 0.00276703 0.00346794
0 0.00117614 0.00290113 0.00365293
0 0.00119202 0.00297638 0.00377236
0 0.00117835 0.00298658 0.00381385
0 0.00113606 0.00292734 0.00376605
0 0.00106554 0.00279572 0.00362015
0 0.000966744 0.00258969 0.00337106
0 0.000837954 0.00230834 0.00301821
0 0.000677381 0.00195201 0.00256586
0 0.000485052 0.00152403 0.00202357
0 0.000263551 0.0010323 0.0014059
0 1.92569e-05 0.000489338 0.000731146
0 -0.000238268 -8.83174e-05 1.92901e-05
0 -0.000500391 -0.000681717 -0.000710682
0 -0.000759731 -0.00127285 -0.00144219
0 -0.00101356 -0.00184721 -0.00215986
0 -0.00126156 -0.0023936 -0.00284678
0 -0.00149733 -0.00290234 -0.00348401
0 -0.00171546 -0.00336405 -0.00405297
0 -0.00190988 -0.00376825 -0.00453811
0 -0.00206983 -0.00410168 -0.00492789
0 -0.00218766 -0.00435034 -0.00521407
0 -0.00225798 -0.0045023 -0.00539096
0 -0.00227549 -0.00454926 -0.00545365
0 -0.00223874 -0.00448838 -0.00539745
0 -0.00215017 -0.00432206 -0.00521886
0 -0.0020133 -0.00405625 -0.00491697
0 -0.00183406 -0.00369893 -0.00449504
0 -0.00161992 -0.00325862 -0.00396112
0 -0.00137691 -0.00274445 -0.00332819
0 -0.00111093 -0.00216708 -0.00261356
0 -0.000827201 -0.00153974 -0.00183768
0 -0.000533332 -0.000879938 -0.00102255
0 -0.000237457 -0.000206489 -0.000189142
0 5.58653e-05 0.000461067 0.000642668
0 0.000337591 0.00110371 0.00145179
0 0.000600145 0.00170626 0.00221499
0 0.000838708 0.00225158 0.00290786
0 0.00104367 0.00272217 0.00350705
0 0.00120784 0.00310391 0.00399233
0 0.00132586 0.00338316 0.0043471
0 0.0013922 0.00354907 0.00455947
0 0.00140605 0.00359546 0.00462272
0 0.00136814 0.00351977 0.00453436
0 0.00127812 0.00332314 0.00429499
0 0.00113709 0.00300999 0.00390831
0 0.000947605 0.00258802 0.00338281
0 0.000714289 0.00206885 0.00273258
0 0.000444082 0.00146687 0.0019767
0 0.000144324 0.000798125 0.001138
0 -0.000177746 7.87802e-05 0.000240312
0 -0.000515393 -0.000675187 -0.000693966
0 -0.000860688 -0.00144551 -0.00164369
0 -0.00120423 -0.00220976 -0.00258559
0 -0.00153507 -0.00294176 -0.00349174
0 -0.00183897 -0.00361657 -0.0043315
0 -0.00210548 -0.00421184 -0.00507471
0 -0.00232748 -0.00470615 -0.00569348
0 -0.00249615 -0.00508172 -0.00616431
0 -0.0026045 -0.00532517 -0.00646981
0 -0.00264881 -0.00542789 -0.00659985
0 -0.00262911 -0.00538843 -0.00655247
0 -0.00254864 -0.00521177 -0.00633321
0 -0.00241099 -0.0049071 -0.00595332
0 -0.00222089 -0.0044871 -0.00542879
0 -0.00198484 -0.00396694 -0.00478031
0 -0.00170829 -0.00336361 -0.00403204
0 -0.00139869 -0.0026958 -0.00320965
0 -0.00106858 -0.00198387 -0.00233956
0 -0.000730044 -0.00125024 -0.00144752
0 -0.000396779 -0.000517734 -0.000555461
0 -7.90328e-05 0.000193055 0.000319218
0 0.000222046 0.000867528 0.00116121
0 0.000502266 0.00149688 0.00195523
0 0.000760082 0.00207323 0.00268564
0 0.000995868 0.00258971 0.00333673
0 0.00120156 0.00303798 0.00389384
0 0.00136944 0.00340685 0.00434441
0 0.00149361 0.00368507 0.00467925
0 0.00156862 0.00386192 0.00489255
0 0.00159259 0.00392937 0.00498006
0 0.00156527 0.0038839 0.00493798
0 0.00148753 0.00372681 0.00476352
0 0.00136288 0.00346438 0.0044568
0 0.00119754 0.00310694 0.00402302
0 0.00099931 0.0026672 0.00347387
0 0.00077674 0.00215999 0.00282786
0 0.000537081 0.00160101 0.00210853
0 0.000283988 0.00100539 0.00134138
0 1.96268e-05 0.000387118 0.00055151
0 -0.000252772 -0.000239826 -0.000238762
0 -0.000529287 -0.000862406 -0.00101091
0 -0.000804615 -0.00146669 -0.00174932
0 -0.00107336 -0.00203712 -0.00243998
0 -0.00132821 -0.00256287 -0.00307034
0 -0.00155802 -0.00303266 -0.00362919
0 -0.00175445 -0.00343397 -0.0041061
0 -0.00191037 -0.00375757 -0.00449243
0 -0.00201874 -0.00399407 -0.00478054
0 -0.00207774 -0.00413626 -0.00496297
0 -0.0020888 -0.00418158 -0.00503401
0 -0.00205574 -0.00413182 -0.00499134
0 -0.0019865 -0.00399442 -0.00483734
0 -0.00188896 -0.00378059 -0.00457945
0 -0.00176847 -0.00350264 -0.00422996
0 -0.00162876 -0.00317272 -0.00380529
0 -0.00146961 -0.00280019 -0.00332312
0 -0.00128872 -0.00239122 -0.00280053
0 -0.00108642 -0.0019515 -0.00225312
0 -0.000864324 -0.00148762 -0.0016932
0 -0.000629821 -0.001009 -0.00112985
0 -0.00039635 -0.000527494 -0.000569779
0 -0.000171925 -5.69893e-05 -1.847e-05
0 3.54277e-05 0.000388694 0.000518686
0 0.000217287 0.00080146 0.0010353
0 0.000375443 0.00117514 0.00152172
0 0.000511728 0.00150441 0.0019643
0 0.000625589 0.0017876 0.00234764
0 0.000721225 0.00202166 0.00265836
0 0.000800625 0.00220306 0.0028876
0 0.000861834 0.00232908 0.00303152
0 0.000902277 0.00239518 0.0030905
0 0.000915875 0.00239683 0.00306741
0 0.000895982 0.00233163 0.00296706
0 0.000840231 0.00219969 0.00279549
0 0.000749213 0.00200463 0.00255868
0 0.000625476 0.00175163 0.00226066
0 0.000473399 0.00144578 0.00190322
0 0.00029897 0.00109355 0.00148867
0 0.000109431 0.000702313 0.00102132
0 -8.83775e-05 0.000279509 0.000507603
0 -0.000288871 -0.000166031 -4.36081e-05
0 -0.000488216 -0.000624243 -0.000620557
0 -0.000681598 -0.00108454 -0.00120791
0 -0.000866443 -0.00153336 -0.00178682
0 -0.00104304 -0.00195642 -0.00233526
0 -0.00120507 -0.00234099 -0.00282976
0 -0.00134902 -0.00267383 -0.00324965
0 -0.00147458 -0.00294432 -0.00357985
0 -0.00157426 -0.00314455 -0.00381181
0 -0.00164289 -0.00326831 -0.00394342
0 -0.00167661 -0.00331201 -0.00397644
0 -0.00166766 -0.00327308 -0.00391396
0 -0.00161176 -0.00315046 -0.00375958
0 -0.00150946 -0.00294598 -0.00351728
0 -0.0013649 -0.00266498 -0.00319197
0 -0.00118751 -0.00231653 -0.00278989
0 -0.000988406 -0.00191245 -0.0023185
0 -0.000775905 -0.00146608 -0.00178731
0 -0.000559712 -0.0009915 -0.00120841
0 -0.000347274 -0.000502045 -0.000596321
0 -0.000138395 -1.00646e-05 3.24462e-05
0 6.31171e-05 0.000472565 0.000659966
0 0.000253582 0.000936129 0.00126685
0 0.000435327 0.00137118 0.00183223
0 0.000604647 0.00176581 0.00233562
0 0.000754955 0.00210688 0.00275976
0 0.000881749 0.00238159 0.00309202
0 0.000976841 0.00257884 0.00332392
0 0.00103084 0.00268905 0.00344973
0 0.00103818 0.00270514 0.00346576
0 0.000996648 0.00262454 0.00337108
0 0.00090854 0.00244944 0.00316742
0 0.00078041 0.0021862 0.00285831
0 0.00061906 0.00184414 0.00244926
0 0.000430147 0.00143397 0.00194816
0 0.00021835 0.00096616 0.00136566
0 -1.29802e-05 0.000449876 0.000715516
0 -0.000260616 -0.00010658 1.37123e-05
0 -0.000520894 -0.00069327 -0.000722699
0 -0.00078777 -0.00129732 -0.00147574
0 -0.00105617 -0.00190266 -0.00222603
0 -0.00132041 -0.00249016 -0.00295189
0 -0.00156906 -0.00304021 -0.0036304
0 -0.00179464 -0.00353459 -0.00423942
0 -0.0019905 -0.00395679 -0.00475893
0 -0.00214681 -0.00429331 -0.00517267
0 -0.00225849 -0.00453418 -0.00546833
0 -0.00232194 -0.0046716 -0.00563682
0 -0.00233124 -0.00469903 -0.00567174
0 -0.0022825 -0.00461132 -0.00556865
0 -0.00217485 -0.00440455 -0.00532455
0 -0.00200851 -0.0040782 -0.00493946
0 -0.00178823 -0.00363793 -0.0044187
0 -0.0015244 -0.00309595 -0.00377333
0 -0.00122885 -0.00247026 -0.00302009
0 -0.000913498 -0.0017822 -0.00218069
0 -0.000588707 -0.00105341 -0.0012795
0 -0.000262637 -0.000305718 -0.000342489
0 5.69135e-05 0.000438241 0.00060332
0 0.00036486 0.00116046 0.00153079
0 0.000658625 0.00184796 0.00241216
0 0.000934567 0.00248376 0.00321994
0 0.00118628 0.00305015 0.00393041
0 0.00140561 0.00353258 0.00452516
0 0.00158319 0.00391581 0.00499014
0 0.00170826 0.00418612 0.00531476
0 0.00177311 0.00433288 0.00549165
0 0.00177548 0.00435021 0.00551773
0 0.00171819 0.00423996 0.0053944
0 0.00160816 0.00400986 0.00512589
0 0.00145284 0.00367116 0.00471889
0 0.0012592 0.0032379 0.00418391
0 0.00103438 0.00272527 0.00353656
0 0.00078428 0.00214836 0.00279747
0 0.000512802 0.00152122 0.00199056
0 0.000222326 0.000856342 0.00114063
0 -8.47659e-05 0.000164637 0.000270404
0 -0.000405627 -0.000543234 -0.000602183
0 -0.000734539 -0.00125429 -0.00146368
0 -0.00106508 -0.00195369 -0.00230211
0 -0.00138904 -0.00262539 -0.00310462
0 -0.00169252 -0.00325349 -0.0038577
0 -0.00196627 -0.00382428 -0.00454727
0 -0.00220406 -0.00432519 -0.00515887
0 -0.002399 -0.0047453 -0.00567873
0 -0.00254998 -0.00507691 -0.00609457
0 -0.00265707 -0.005315 -0.00639708
0 -0.00271991 -0.00545694 -0.00657981
0 -0.00274039 -0.00550203 -0.00663887
0 -0.00271812 -0.00545017 -0.00657321
0 -0.00265055 -0.00530232 -0.00638518
0 -0.0025376 -0.00506106 -0.00608105
0 -0.00237963 -0.00472979 -0.00566937
0 -0.00217855 -0.00431301 -0.00515966
0 -0.00193929 -0.00381863 -0.0045635
0 -0.00166763 -0.00325861 -0.00389416
0 -0.00137264 -0.00264759 -0.00316526
0 -0.00106558 -0.00200192 -0.00239153
0 -0.000755055 -0.00133864 -0.00158922
0 -0.000451796 -0.000674743 -0.000774998
0 -0.000162886 -2.45333e-05 3.52996e-05
0 0.000112891 0.000601618 0.000826962
0 0.000372259 0.00119582 0.00158457
0 0.000615823 0.00175236 0.00229224
0 0.000847012 0.00226489 0.00293531
0 0.00106 0.0027247 0.00350141
0 0.00124956 0.00312387 0.00398209
0 0.00141029 0.00345487 0.00437265
0 0.00153379 0.00371017 0.00467101
0 0.00161603 0.00388438 0.00487662
0 0.00165574 0.00397443 0.00498923
0 0.00165266 0.00397997 0.00500817
0 0.00160926 0.00390276 0.00493123
0 0.00152816 0.00374507 0.00475538
0 0.00141236 0.0035104 0.00447939
0 0.00126654 0.00320346 0.00410549
0 0.00109505 0.00282952 0.00363967
0 0.000901564 0.0023956 0.0030923
0 0.000689596 0.00191106 0.00247774
0 0.00046179 0.00138726 0.00181329
0 0.000220321 0.000836543 0.00111765
0 -3.10424e-05 0.000270407 0.000408798
0 -0.00028715 -0.000298576 -0.000297022
0 -0.000541766 -0.000858637 -0.000985393
0 -0.000787235 -0.00139794 -0.00164377
0 -0.00101969 -0.00190235 -0.00225973
0 -0.00123359 -0.00236122 -0.00281977
0 -0.00141949 -0.002763 -0.00331027
0 -0.00157413 -0.00309599 -0.00371864
0 -0.00169369 -0.00335319 -0.00403454
0 -0.00177372 -0.00352877 -0.00425104
0 -0.00181532 -0.00361961 -0.00436407
0 -0.00181828 -0.00362548 -0.00437206
0 -0.00178153 -0.00354706 -0.00427609
0 -0.00170723 -0.00338755 -0.00408023
0 -0.00159843 -0.00315322 -0.00379217
0 -0.00145864 -0.00285218 -0.00342261
0 -0.00129391 -0.00249497 -0.00298458
0 -0.00111157 -0.00209474 -0.00249377
0 -0.000918118 -0.00166633 -0.00196758
0 -0.000720956 -0.00122578 -0.00142395
0 -0.000529816 -0.000788889 -0.000880479
0 -0.000349692 -0.000369442 -0.000353479
0 -0.000182476 1.94155e-05 0.000141999
0 -3.45301e-05 0.00036784 0.00059168
0 9.13837e-05 0.000669415 0.000981554
0 0.000195194 0.000914866 0.00129809
0 0.000273194 0.00109782 0.00153088
0 0.000324826 0.00121559 0.00167468
0 0.000351424 0.00126522 0.0017287
0 0.000350783 0.00124703 0.00169518
0 0.00032102 0.00116296 0.00157894
0 0.000261794 0.00101604 0.00138687
0 0.000172984 0.000811794 0.0011274
0 5.78017e-05 0.000557175 0.000810495
0 -7.78972e-05 0.00026027 0.000446287
0 -0.000229048 -6.98155e-05 4.3462e-05
0 -0.000391785 -0.000424459 -0.000390541
0 -0.00056146 -0.00079762 -0.000848516
0 -0.000732695 -0.00118062 -0.00132162
0 -0.000902402 -0.00156074 -0.00179744
0 -0.00106458 -0.00192783 -0.0022599
0 -0.00121027 -0.00226939 -0.00269115
0 -0.00133719 -0.00257124 -0.0030737
0 -0.00144369 -0.00282279 -0.00339167
0 -0.00152513 -0.00301377 -0.00363233
0 -0.00158045 -0.0031371 -0.00378692
0 -0.00160758 -0.00318949 -0.00385002
0 -0.00160223 -0.00316863 -0.00381971
0 -0.00156291 -0.00307521 -0.00369823
0 -0.00148972 -0.00291237 -0.00349165
0 -0.00138407 -0.00268459 -0.00320866
0 -0.00124944 -0.00239821 -0.00285887
0 -0.00109001 -0.0020605 -0.00245149
0 -0.000909265 -0.00167965 -0.00199536
0 -0.000712042 -0.00126542 -0.00149939
0 -0.000507418 -0.000828339 -0.000972689
0 -0.000300707 -0.000377561 -0.000424069
0 -9.41952e-05 7.72012e-05 0.000137654
0 0.000104593 0.000526497 0.000702436
0 0.000293454 0.000964476 0.00125907
0 0.000475132 0.00138416 0.0017955
0 0.000647451 0.00177871 0.00229876
0 0.000807935 0.00214104 0.00275515
0 0.00095291 0.00246012 0.00315141
0 0.00107449 0.00272581 0.0034765
0 0.00116582 0.00292867 0.00372187
0 0.001222 0.0030589 0.00388067
0 0.00123902 0.00310964 0.00394762
0 0.00121622 0.00307719 0.00391881
0 0.00115546 0.00296108 0.00379139
0 0.00105855 0.0027637 0.00356334
0 0.000927852 0.00248881 0.00323445
0 0.000766693 0.00214179 0.0028083
0 0.00057887 0.00173007 0.00229353
0 0.000369079 0.00126295 0.00170399
0 0.000142645 0.000751718 0.00105765
0 -9.46295e-05 0.000208807 0.000374315
0 -0.000337715 -0.000350823 -0.000326807
0 -0.000581865 -0.000913295 -0.00102833
0 -0.000822995 -0.00146497 -0.00171451
0 -0.00106055 -0.00199051 -0.00236935
0 -0.00128978 -0.00248095 -0.00297636
0 -0.00150321 -0.00292815 -0.00352145
0 -0.00169857 -0.00332408 -0.0039946
0 -0.00186965 -0.0036635 -0.00438967
0 -0.00200819 -0.00393814 -0.00470342
0 -0.00211019 -0.00414035 -0.00493413
0 -0.00217049 -0.00426446 -0.00507983
0 -0.00218436 -0.00430472 -0.00513642
0 -0.00215078 -0.0042577 -0.00509788
0 -0.00207098 -0.00412302 -0.00495845
0 -0.00194899 -0.00390243 -0.00471437
0 -0.00179158 -0.00360016 -0.00436504
0 -0.0016049 -0.00322213 -0.00391404
0 -0.00139436 -0.00277635 -0.00337026
0 -0.0011657 -0.00227394 -0.00274835
0 -0.000923323 -0.00172818 -0.00206752
0 -0.000671875 -0.00115534 -0.00135039
0 -0.000419987 -0.000573434 -0.000620207
0 -0.000172778 -3.67958e-08 0.000101848
0 6.75925e-05 0.00055049 0.000797171
0 0.000294799 0.00106794 0.00144937
0 0.000507719 0.00154308 0.00204407
0 0.000705167 0.00196815 0.002569
0 0.000879705 0.00233587 0.00301526
0 0.00102701 0.00263944 0.00337765
0 0.00114225 0.00287425 0.00365374
0 0.00121939 0.00303594 0.003843
0 0.00125681 0.00312074 0.0039451
0 0.00125352 0.00312586 0.00395827
0 0.00120926 0.0030498 0.00387976
0 0.00112802 0.00289448 0.00370765
0 0.00101512 0.00266504 0.00344186
0 0.000875713 0.00236851 0.00308528
0 0.000715799 0.00201418 0.00264541
0 0.000539872 0.00161227 0.00213454
0 0.000349756 0.00117218 0.00156817
0 0.000147034 0.000702649 0.000964016
0 -6.67067e-05 0.000211293 0.000339233
0 -0.000290546 -0.0002934 -0.000292044
0 -0.000520948 -0.000802532 -0.0009175
0 -0.000750367 -0.00130399 -0.00152508
0 -0.000973268 -0.0017819 -0.00210252
0 -0.0011825 -0.00222476 -0.00263741
0 -0.00136753 -0.00262088 -0.00311784
0 -0.00152499 -0.00295915 -0.00353271
0 -0.0016523 -0.0032336 -0.00387209
0 -0.00174525 -0.00343883 -0.00412819
0 -0.0018054 -0.00357213 -0.00429596
0 -0.00183451 -0.00363414 -0.00437336
0 -0.00183265 -0.00362596 -0.00436132
0 -0.00180129 -0.00355024 -0.00426334
0 -0.00174151 -0.00341126 -0.0040856
0 -0.00165402 -0.00321416 -0.00383691
0 -0.00154154 -0.00296604 -0.00352787
0 -0.0014076 -0.00267503 -0.00316978
0 -0.00125602 -0.00234985 -0.00277398
0 -0.00109235 -0.00200041 -0.00235152
0 -0.000921184 -0.00163631 -0.00191253
0 -0.00074618 -0.00126584 -0.00146536
0 -0.000572929 -0.000895765 -0.00101629
0 -0.000403565 -0.000530313 -0.000570259
0 -0.000237726 -0.000173684 -0.000132092
0 -8.01362e-05 0.000169149 0.000293052
0 6.57915e-05 0.000495592 0.000699652
0 0.000200285 0.000800638 0.00108072
0 0.000320899 0.00107676 0.00142832
0 0.000425396 0.00131921 0.00173461
0 0.000513919 0.00152258 0.00199188
0 0.000584927 0.00168139 0.00219323
0 0.000635578 0.00179289 0.0023334
0 0.000664689 0.00185452 0.00240907
0 0.000670592 0.00186442 0.00241858
0 0.000650755 0.00182138 0.00236168
0 0.000604463 0.00172389 0.00223907
0 0.000531734 0.0015718 0.00205239
0 0.000433877 0.00136737 0.00180484
0 0.000315216 0.00111556 0.00150138
0 0.000180567 0.000823897 0.00114841
0 3.44904e-05 0.000501503 0.000754073
0 -0.000117101 0.000158508 0.000328434
0 -0.00026972 -0.000194627 -0.000117522
0 -0.000422385 -0.000550276 -0.000572624
0 -0.000573095 -0.00090346 -0.00102563
0 -0.000720188 -0.00124692 -0.00146475
0 -0.000865799 -0.00157459 -0.00187791
0 -0.00100761 -0.00188174 -0.00225449
0 -0.00113997 -0.00216064 -0.00258653
0 -0.00126083 -0.00240448 -0.00286883
0 -0.0013649 -0.00260662 -0.00309797
0 -0.00144344 -0.00275899 -0.00327083
0 -0.00149042 -0.00285516 -0.00338363
0 -0.00150169 -0.00289003 -0.00343201
0 -0.00147565 -0.00286012 -0.00341119
0 -0.00141513 -0.00276467 -0.00331644
0 -0.00132568 -0.00260576 -0.003145
0 -0.00121418 -0.00238882 -0.00289762
0 -0.00108732 -0.00212146 -0.00257854
0 -0.000948097 -0.00181115 -0.00219515
0 -0.000796344 -0.00146513 -0.00175815
0 -0.000634369 -0.00109138 -0.0012814
0 -0.000465913 -0.000698214 -0.000780521
0 -0.000291757 -0.000295015 -0.000271257
0 -0.000116517 0.000105605 0.000231322
0 5.0972e-05 0.000491674 0.000713341
0 0.000207614 0.000852803 0.0011623
0 0.000350944 0.0011768 0.00156656
0 0.000475 0.00145499 0.00191553
0 0.000577181 0.00168155 0.00220011
0 0.000655578 0.00185095 0.00241326
0 0.000706328 0.00196081 0.00255028
0 0.00072863 0.00200971 0.002609
0 0.000723616 0.00199747 0.00259053
0 0.000692917 0.00192756 0.00249975
0 0.000641013 0.00180569 0.00234428
0 0.000571742 0.00163919 0.00213303
0 0.000486995 0.00143673 0.00187555
0 0.0003892 0.00120637 0.0015819
0 0.000279666 0.000954646 0.00126159
0 0.000157989 0.000685252 0.000921981
0 2.4909e-05 0.000399786 0.000568486
0 -0.000116502 0.000101382 0.000205707
0 -0.000262201 -0.000204837 -0.000162083
0 -0.000407614 -0.000513522 -0.000530736
0 -0.000546681 -0.000817511 -0.000895689
0 -0.000674467 -0.00110719 -0.00125116
0 -0.000791033 -0.00137585 -0.00159035
0 -0.000896601 -0.00161959 -0.00190482
0 -0.000988332 -0.00183369 -0.00218413
0 -0.00106596 -0.00201468 -0.00241812
0 -0.00113048 -0.00215981 -0.00259888
0 -0.00118029 -0.00226526 -0.00272193
0 -0.00121395 -0.00232824 -0.00278658
0 -0.00123008 -0.00234682 -0.00279501
0 -0.00122594 -0.0023203 -0.00275115
0 -0.00120033 -0.00225106 -0.00266029
0 -0.00115463 -0.00214415 -0.00252887
0 -0.00109208 -0.00200691 -0.00236427
0 -0.00101784 -0.00184802 -0.00217426
0 -0.000937318 -0.00167551 -0.00196634
0 -0.000854305 -0.00149613 -0.00174723
0 -0.000771515 -0.00131474 -0.00152271
0 -0.00069048 -0.00113455 -0.00129759
0 -0.000611332 -0.000957547 -0.00107583
0 -0.000533758 -0.000784913 -0.000860747
0 -0.000457424 -0.000618049 -0.000655092
0 -0.000382851 -0.000458223 -0.000460829
0 -0.000311622 -0.000307626 -0.000279761
0 -0.000246514 -0.000169865 -0.000114418
0 -0.000190788 -4.84217e-05 3.23902e-05
0 -0.000146213 5.33852e-05 0.000158235
0 -0.000113312 0.000132933 0.000260901
0 -9.18844e-05 0.000189046 0.000338054
0 -8.08166e-05 0.000221719 0.000387438
0 -7.8553e-05 0.000232177 0.000407697
0 -8.31605e-05 0.000222784 0.000399005
0 -9.27363e-05 0.000196252 0.000363227
0 -0.000105913 0.000155464 0.000304177
0 -0.00012178 0.000103526 0.000227271
0 -0.000140379 4.30754e-05 0.000138435
0 -0.000162219 -2.32353e-05 4.37534e-05
0 -0.000187215 -9.22053e-05 -5.08166e-05
0 -0.000214609 -0.000160571 -0.000140023
0 -0.000242596 -0.000224695 -0.000219402
0 -0.000268852 -0.000281042 -0.000285859
0 -0.000291813 -0.000327332 -0.000338132
0 -0.000309891 -0.000361795 -0.000375952
0 -0.000321512 -0.000383204 -0.000399419
0 -0.000325941 -0.000391273 -0.000408577
0 -0.000322902 -0.000385933 -0.00040346
0 -0.00031357 -0.000368541 -0.000385042
0 -0.000300145 -0.000341458 -0.000354735
0 -0.000284399 -0.000306798 -0.000313915
0 -0.000268007 -0.000267215 -0.000264589
0 -0.000252083 -0.000225207 -0.000209155
0 -0.00023658 -0.000182495 -0.000150106
0 -0.000221152 -0.000139985 -9.00938e-05
0 -0.000205915 -9.88825e-05 -3.24842e-05
0 -0.000191742 -6.15716e-05 1.86224e-05
0 -0.000180585 -3.09216e-05 5.92333e-05
0 -0.000174781 -1.07844e-05 8.53725e-05
0 -0.000176512 -5.66973e-06 9.30747e-05
0 -0.000187951 -2.00612e-05 7.85215e-05
0 -0.000210579 -5.76622e-05 3.81534e-05
0 -0.000244824 -0.000120521 -3.10352e-05
0 -0.000289697 -0.000208528 -0.000130729
0 -0.00034276 -0.000318851 -0.000260272
0 -0.00040055 -0.000446774 -0.000416492
0 -0.000460009 -0.000587715 -0.000594611
0 -0.000520313 -0.000737487 -0.000789139
0 -0.00058226 -0.000892359 -0.000994054
0 -0.000647378 -0.00105094 -0.00120344
0 -0.000716955 -0.00121199 -0.00141129
0 -0.000790153 -0.00137267 -0.00161132
0 -0.000864519 -0.00152936 -0.00179833
0 -0.000937262 -0.00167748 -0.00196908
0 -0.00100491 -0.00181254 -0.00212204
0 -0.00106458 -0.00193054 -0.00225645
0 -0.00111381 -0.00202818 -0.00237112
0 -0.00114973 -0.00210324 -0.002464
0 -0.0011706 -0.00215396 -0.00253186
0 -0.00117589 -0.00217861 -0.00257065
0 -0.00116648 -0.00217612 -0.00257701
0 -0.00114465 -0.00214592 -0.00254853
0 -0.00111189 -0.00208711 -0.00248309
0 -0.00106829 -0.0019991 -0.00237931
0 -0.00101335 -0.00188192 -0.00223717
0 -0.00094603 -0.00173612 -0.00205799
0 -0.000865505 -0.00156302 -0.00184462
0 -0.000772614 -0.00136509 -0.00160152
0 -0.000670746 -0.00114664 -0.00133471
0 -0.000565192 -0.00091438 -0.00105169
0 -0.000460321 -0.000676482 -0.00076053
0 -0.000359182 -0.000441258 -0.000469102
0 -0.000264857 -0.000217073 -0.000185095
0 -0.000178777 -1.01368e-05 8.39818e-05
0 -0.000100261 0.000177389 0.000331083
0 -2.85029e-05 0.000344274 0.000549969
0 3.61511e-05 0.000488963 0.000735436
0 9.23957e-05 0.000610076 0.000883402
0 0.000138286 0.000705201 0.000991726
0 0.000171663 0.000771181 0.00106069
0 0.000190985 0.000805597 0.00109208
0 0.000195074 0.000807253 0.00108812
0 0.000183243 0.000776543 0.0010507
0 0.000156607 0.000716779 0.000982154
0 0.000118574 0.000633988 0.000886245
0 7.39708e-05 0.000535324 0.000767931
0 2.81856e-05 0.000428295 0.000633657
0 -1.35712e-05 0.000320848 0.000491899
0 -4.79461e-05 0.000220305 0.000352006
0 -7.43064e-05 0.000131895 0.000222773
0 -9.42333e-05 5.88267e-05 0.000111889
0 -0.000110589 2.26837e-06 2.52126e-05
0 -0.000126102 -3.84234e-05 -3.37817e-05
0 -0.000142337 -6.5127e-05 -6.45217e-05
0 -0.000158693 -7.95531e-05 -6.89772e-05
0 -0.00017278 -8.25554e-05 -5.1284e-05
0 -0.000181056 -7.39879e-05 -1.6733e-05
0 -0.000179461 -5.21289e-05 2.98396e-05
0 -0.00016572 -1.56596e-05 8.41942e-05
0 -0.000140236 3.4929e-05 0.000143383
0 -0.000105492 9.75519e-05 0.0002064
0 -6.57447e-05 0.000168046 0.000273522
0 -2.60877e-05 0.00024105 0.000345486
0 9.4311e-06 0.00031195 0.00042298
0 3.83991e-05 0.000377607 0.000505573
0 5.92697e-05 0.000435685 0.000589975
0 7.14735e-05 0.000484079 0.000669979
0 7.52095e-05 0.000520645 0.000737709
0 7.08485e-05 0.000542159 0.000784393
0 5.91185e-05 0.000544188 0.000801583
0 4.01026e-05 0.000522234 0.000782409
0 1.26858e-05 0.000471804 0.000722043
0 -2.49053e-05 0.000389049 0.000617854
0 -7.50606e-05 0.000272238 0.000469423
0 -0.00013978 0.0001216 0.000278397
0 -0.000219508 -6.05028e-05 4.85061e-05
0 -0.000312691 -0.000269557 -0.000214255
0 -0.000416312 -0.000500462 -0.000502462
0 -0.000526395 -0.000747436 -0.00080836
0 -0.000638732 -0.0010026 -0.00112402
0 -0.000751006 -0.00125796 -0.00144128
0 -0.00086128 -0.00150691 -0.00175151
0 -0.00096594 -0.00174256 -0.00204592
0 -0.00106318 -0.0019593 -0.00231669
0 -0.00115321 -0.00215403 -0.00255733
0 -0.00123449 -0.00232363 -0.00276268
0 -0.00130462 -0.00246492 -0.00292903
0 -0.00136089 -0.00257488 -0.00305415
0 -0.00139943 -0.00264986 -0.00313698
0 -0.00141656 -0.00268563 -0.00317593
0 -0.00140953 -0.00267811 -0.00316858
0 -0.00137716 -0.00262473 -0.00311256
0 -0.00132062 -0.00252497 -0.00300536
0 -0.00124244 -0.00237984 -0.0028447
0 -0.00114622 -0.00219214 -0.00262989
0 -0.00103592 -0.00196642 -0.00236303
0 -0.00091481 -0.00170834 -0.00204935
0 -0.000785957 -0.00142439 -0.00169704
0 -0.000653579 -0.00112224 -0.00131697
0 -0.000521504 -0.000810198 -0.000921392
0 -0.000389543 -0.000495903 -0.000522086
0 -0.000257754 -0.000187564 -0.000129879
0 -0.000129597 0.000107697 0.000245652
0 -6.19875e-06 0.000386601 0.000596599
0 0.000112177 0.000644845 0.000916426
0 0.00022174 0.000877169 0.00119971
0 0.000318406 0.00108042 0.00144219
0 0.000398321 0.00124871 0.00164001
0 0.000456246 0.00137457 0.00178915
0 0.000488719 0.00145292 0.00188605
0 0.000495109 0.00147972 0.00192744
0 0.000476142 0.00145402 0.00191031
0 0.0004345 0.00137818 0.0018325
0 0.000374009 0.00125586 0.00169361
0 0.000298395 0.00109276 0.00149628
0 0.00021142 0.000895315 0.00124672
0 0.000115654 0.000669274 0.000953954
0 1.23395e-05 0.000420159 0.000628643
0 -9.8001e-05 0.000153152 0.000281561
0 -0.000215699 -0.000126048 -7.72993e-05
0 -0.000340253 -0.00041178 -0.000438355
0 -0.000468429 -0.000698188 -0.000792581
0 -0.000595465 -0.000976899 -0.00113216
0 -0.0007179 -0.00124039 -0.00145052
0 -0.000832758 -0.00148345 -0.00174204
0 -0.000935394 -0.00169976 -0.00200178
0 -0.00102191 -0.00188412 -0.00222523
0 -0.0010907 -0.00203309 -0.00240781
0 -0.00114043 -0.0021433 -0.00254539
0 -0.00117054 -0.00221317 -0.00263475
0 -0.00118154 -0.00224207 -0.00267354
0 -0.00117359 -0.00222927 -0.0026604
0 -0.00114724 -0.00217542 -0.00259561
0 -0.00110376 -0.00208221 -0.0024814
0 -0.00104436 -0.00195229 -0.00232159
0 -0.000970117 -0.00178927 -0.002121
0 -0.000882217 -0.00159724 -0.00188521
0 -0.000782511 -0.00138119 -0.00162058
0 -0.000674327 -0.00114668 -0.00133373
0 -0.000561501 -0.000899198 -0.00103098
0 -0.000446017 -0.000644182 -0.000718407
0 -0.000330166 -0.000387396 -0.000402344
0 -0.000218509 -0.000136124 -8.96472e-05
0 -0.00011409 0.000103558 0.000212859
0 -1.79498e-05 0.000327939 0.0004983
0 6.85239e-05 0.000531674 0.000759431
0 0.000143835 0.000709466 0.000988897
0 0.000206908 0.00085793 0.00117976
0 0.000256881 0.000973792 0.00132652
0 0.000293142 0.00105459 0.00142584
0 0.00031508 0.00109885 0.00147634
0 0.000321425 0.0011055 0.00147852
0 0.000311326 0.00107489 0.00143452
0 0.000284691 0.00100869 0.00134766
0 0.000241598 0.000909226 0.00122198
0 0.000183307 0.000779878 0.00106181
0 0.000112083 0.0006246 0.000871695
0 3.05541e-05 0.000447866 0.000656265
0 -5.77409e-05 0.000254693 0.000420099
0 -0.000149611 5.02693e-05 0.000167904
0 -0.000242988 -0.000160121 -9.50868e-05
0 -0.000335718 -0.0003719 -0.000362926
0 -0.000425874 -0.000581472 -0.000629072
0 -0.000512163 -0.000784023 -0.000886681
0 -0.000593665 -0.000974579 -0.00112913
0 -0.00067001 -0.0011504 -0.00135054
0 -0.000741008 -0.00130845 -0.00154595
0 -0.000805123 -0.0014452 -0.00171143
0 -0.000860103 -0.00155801 -0.00184428
0 -0.000904107 -0.00164432 -0.00194306
0 -0.000934812 -0.00170212 -0.00200748
0 -0.000950707 -0.00173056 -0.00203794
0 -0.000951326 -0.0017294 -0.00203527
0 -0.000936559 -0.00169938 -0.00200051
0 -0.000907626 -0.00164227 -0.00193485
0 -0.000866442 -0.00156024 -0.00183974
0 -0.000815091 -0.00145605 -0.00171703
0 -0.000756303 -0.00133281 -0.00156923
0 -0.000692503 -0.00119385 -0.00139968
0 -0.000625433 -0.00104299 -0.00121252
0 -0.000556632 -0.000883852 -0.00101248
0 -0.000486784 -0.000719916 -0.000804737
0 -0.000416378 -0.000554936 -0.000594895
0 -0.000346684 -0.000392645 -0.000388794
0 -0.000278971 -0.000237206 -0.00019196
0 -0.000214591 -9.19163e-05 -9.18813e-06
0 -0.000155104 4.10032e-05 0.000155563
0 -0.000101871 0.000158171 0.000299204
0 -5.64788e-05 0.000256754 0.000419475
0 -2.03819e-05 0.000335103 0.000514764
0 5.25916e-06 0.000391391 0.000583895
0 1.97566e-05 0.000424706 0.000626044
0 2.33545e-05 0.000435003 0.000640744
0 1.64443e-05 0.000422541 0.000627916
0 -2.185e-07 0.000388374 0.000587977
0 -2.52098e-05 0.000334029 0.000521935
0 -5.74549e-05 0.00026125 0.00043148
0 -9.61195e-05 0.000172293 0.000319066
0 -0.000140169 6.9533e-05 0.000187864
0 -0.000188768 -4.4592e-05 4.16492e-05
0 -0.000241315 -0.000167225 -0.00011537
0 -0.000297111 -0.000295589 -0.000278794
0 -0.000354963 -0.000427303 -0.000444279
0 -0.000413415 -0.00055919 -0.000607748
0 -0.000470925 -0.000687366 -0.000765503
0 -0.00052577 -0.000808894 -0.000914291
0 -0.000576465 -0.000921025 -0.00105128
0 -0.000621499 -0.00102085 -0.0011739
0 -0.000659606 -0.00110631 -0.00127983
0 -0.000690097 -0.00117568 -0.00136694
0 -0.000712577 -0.00122763 -0.00143328
0 -0.000726727 -0.00126156 -0.00147721
0 -0.000732393 -0.00127689 -0.00149764
0 -0.000730253 -0.00127358 -0.00149425
0 -0.000720803 -0.00125226 -0.0014675
0 -0.000704094 -0.00121352 -0.00141858
0 -0.000680556 -0.00115868 -0.00134938
0 -0.000650586 -0.00108958 -0.00126224
0 -0.000615163 -0.00100799 -0.0011598
0 -0.000575062 -0.00091595 -0.0010449
0 -0.000530525 -0.000815941 -0.000920529
0 -0.000483275 -0.000710429 -0.000789803
0 -0.000434931 -0.00060199 -0.000655804
0 -0.0003864 -0.000493244 -0.000521571
0 -0.000339194 -0.000386951 -0.000390078
0 -0.000294558 -0.000285947 -0.000264205
0 -0.000253409 -0.000192602 -0.000146743
0 -0.000216696 -0.000108686 -4.03744e-05
0 -0.000184989 -3.57626e-05 5.24138e-05
0 -0.000158765 2.46114e-05 0.000129451
0 -0.00013859 7.13814e-05 0.000189
0 -0.000124613 0.000103784 0.000229853
0 -0.000116949 0.000121178 0.00025138
0 -0.000115749 0.000123453 0.000253533
0 -0.000120884 0.00011079 0.000236767
0 -0.000132269 8.3655e-05 0.000201971
0 -0.000149713 4.29824e-05 0.000150406
0 -0.000172771 -1.00039e-05 8.36562e-05
0 -0.000200911 -7.37753e-05 3.59324e-06
0 -0.000233356 -0.000146606 -8.76704e-05
0 -0.000269147 -0.000226643 -0.000187812
0 -0.000307279 -0.000311912 -0.000294337
0 -0.000346737 -0.000400548 -0.000404681
0 -0.000386451 -0.000490426 -0.000516262
0 -0.000425345 -0.000578993 -0.000626484
0 -0.000462638 -0.000664141 -0.000732771
0 -0.000497631 -0.000744008 -0.000832639
0 -0.000529474 -0.000816689 -0.000923758
0 -0.000557544 -0.000880759 -0.00100401
0 -0.000581292 -0.000934862 -0.00107157
