0 -0.000597712 -0.000975122 -0.0011224
0 -0.000602891 -0.000996256 -0.00115107
0 -0.000598224 -0.000997485 -0.00115686
0 -0.000587993 -0.000981358 -0.00114199
0 -0.000573423 -0.000948976 -0.00110624
0 -0.000554543 -0.000901862 -0.00104961
0 -0.000532065 -0.00084318 -0.0009744
0 -0.000504128 -0.00077332 -0.000881611
0 -0.000467909 -0.000690586 -0.000771912
0 -0.000425821 -0.000597325 -0.000650902
0 -0.000382644 -0.000498306 -0.000526056
0 -0.000336739 -0.000393276 -0.000397974
0 -0.000283676 -0.00027984 -0.00026329
0 -0.000228511 -0.000164335 -0.000126658
0 -0.000183383 -6.02946e-05 -1.1856e-07
0 -0.000154638 2.24965e-05 0.000107636
0 -0.000140475 8.07469e-05 0.000193343
0 -0.000136894 0.000113795 0.000253793
0 -0.000137692 0.000125431 0.000287638
0 -0.000130775 0.000129671 0.000302488
0 -0.000110546 0.000138606 0.000305273
0 -8.81403e-05 0.000148605 0.000292203
0 -6.96054e-05 0.000158457 0.000268387
0 -4.59671e-05 0.0001789 0.000255604
0 -1.5257e-05 0.000213156 0.000268298
0 1.32476e-05 0.000254345 0.000306621
0 2.93557e-05 0.000294365 0.000364032
0 2.01687e-05 0.000318608 0.000422628
0 -2.32799e-05 0.000309087 0.00045815
0 -9.2235e-05 0.000259921 0.000456192
0 -0.000165791 0.000177916 0.000412211
0 -0.000229416 7.00284e-05 0.000319962
0 -0.000285476 -6.44885e-05 0.000166724
0 -0.000341115 -0.000225217 -5.21898e-05
0 -0.000390201 -0.000396825 -0.000315925
0 -0.000426764 -0.000565048 -0.000594474
0 -0.000457929 -0.000727062 -0.000865179
0 -0.00048604 -0.000871332 -0.00109993
0 -0.000514272 -0.000989855 -0.00127705
0 -0.000566868 -0.00110057 -0.00140761
0 -0.000656984 -0.0012172 -0.00150852
0 -0.000750165 -0.00131693 -0.00156571
0 -0.00079165 -0.00135604 -0.00155172
0 -0.000757968 -0.00130851 -0.0014619
0 -0.000673195 -0.00118592 -0.00132303
0 -0.000578272 -0.00101866 -0.00116612
0 -0.000497851 -0.000835092 -0.00100248
0 -0.000449521 -0.000673314 -0.000842742
0 -0.000463638 -0.000591757 -0.000723372
0 -0.000559656 -0.000638519 -0.00068913
0 -0.000720821 -0.000821502 -0.000767975
0 -0.000902524 -0.00110549 -0.000965714
0 -0.00103843 -0.00141025 -0.00125178
0 -0.00107049 -0.0016483 -0.00157319
0 -0.00100235 -0.00178178 -0.00189515
0 -0.000895796 -0.00182838 -0.00219763
0 -0.00081031 -0.00182663 -0.00244175
0 -0.000767741 -0.00180326 -0.00256945
0 -0.00076661 -0.00177172 -0.00253939
0 -0.000807742 -0.00174402 -0.00236405
0 -0.000899217 -0.0017327 -0.00211286
0 -0.00103065 -0.00173818 -0.00186776
0 -0.00115581 -0.00173996 -0.00168027
0 -0.00121701 -0.00171216 -0.00156813
0 -0.00117558 -0.00163935 -0.00152393
0 -0.00101808 -0.00150927 -0.00151355
0 -0.000756306 -0.00130317 -0.00147977
0 -0.000435208 -0.00101122 -0.00136431
0 -0.000140611 -0.000664571 -0.00114555
0 2.30278e-05 -0.000343388 -0.000856265
0 -2.20066e-06 -0.000131678 -0.000545538
0 -0.000183042 -6.70025e-05 -0.000244889
0 -0.000420311 -0.000131784 2.24598e-05
0 -0.000603972 -0.000257239 0.000231593
0 -0.000657816 -0.000349537 0.000353131
0 -0.00056732 -0.000345723 0.000358967
0 -0.000365977 -0.000226451 0.000257163
0 -9.38088e-05 2.81483e-06 0.000119232
0 0.0002094 0.000308603 4.94573e-05
0 0.000488842 0.000639063 0.000133766
0 0.000684111 0.000944537 0.000408693
0 0.000753015 0.00118926 0.000853078
0 0.000695398 0.00136814 0.00140672
0 0.000556507 0.00150294 0.00198635
0 0.000398702 0.00161757 0.00249448
0 0.000285236 0.0017234 0.00284671
0 0.000274808 0.00182407 0.00300585
0 0.000387839 0.0019177 0.00297935
0 0.000587486 0.00198756 0.00279691
0 0.000806196 0.00201588 0.00251425
0 0.000965507 0.00198741 0.00219499
0 0.000979182 0.00185885 0.0018655
0 0.000787521 0.00157111 0.00151386
0 0.000410015 0.00110603 0.0011291
0 -5.42719e-05 0.000507279 0.00071608
0 -0.000482526 -0.000136512 0.000277285
0 -0.00078306 -0.000722082 -0.000196874
0 -0.000913378 -0.00116406 -0.000709733
0 -0.000879123 -0.00141736 -0.00123531
0 -0.000738863 -0.00150128 -0.00172841
0 -0.000600071 -0.00150618 -0.00215411
0 -0.000580297 -0.00155815 -0.00249519
0 -0.000745672 -0.00176098 -0.00275061
0 -0.00109461 -0.0021581 -0.00295313
0 -0.00157637 -0.00272848 -0.00317553
0 -0.00208189 -0.00338097 -0.00348429
0 -0.00246636 -0.00397511 -0.00389699
0 -0.00263259 -0.00439724 -0.00439663
0 -0.00256814 -0.00460315 -0.00493806
0 -0.00231406 -0.00459428 -0.00542508
0 -0.00194987 -0.0044017 -0.00572569
0 -0.00159606 -0.00409723 -0.00574603
0 -0.00136328 -0.00375923 -0.00545678
0 -0.0012591 -0.00338565 -0.00483633
0 -0.00118252 -0.00288941 -0.00386939
0 -0.00102981 -0.00219238 -0.00261044
0 -0.000751718 -0.00127608 -0.00117705
0 -0.000341483 -0.000172747 0.000316423
0 0.00016323 0.00104259 0.00176988
0 0.000677669 0.00223193 0.00306996
0 0.00111432 0.00322563 0.00412953
0 0.0014453 0.00393729 0.00493861
0 0.00167466 0.00436668 0.00551331
0 0.00176992 0.00450972 0.00581682
0 0.00171566 0.00439583 0.00581327
0 0.00161205 0.00416563 0.00558451
0 0.00160835 0.00399807 0.00529064
0 0.00174615 0.00397467 0.00503483
0 0.00192761 0.00404162 0.00482414
0 0.00201285 0.00407904 0.00462656
0 0.00190292 0.00396663 0.00440572
0 0.00157143 0.00361456 0.00411753
0 0.00106754 0.00299421 0.00370976
0 0.000490407 0.00215322 0.00312964
0 -4.96581e-05 0.0011981 0.00233911
0 -0.000497406 0.000222522 0.00130299
0 -0.000881319 -0.000752858 -1.07635e-05
0 -0.00126115 -0.00176825 -0.00158712
0 -0.00166968 -0.0028795 -0.00334005
0 -0.00211507 -0.00409435 -0.00513851
0 -0.00260543 -0.0053681 -0.00685167
0 -0.00312946 -0.00663914 -0.00837489
0 -0.00364016 -0.00779099 -0.00963034
0 -0.00407294 -0.00868016 -0.0105624
0 -0.00435454 -0.00920288 -0.0111241
0 -0.00441863 -0.0092934 -0.0112708
0 -0.00425814 -0.00896641 -0.010993
0 -0.00395253 -0.00833873 -0.0103485
0 -0.00362244 -0.00756784 -0.00944658
0 -0.00333521 -0.00676872 -0.00838207
0 -0.00303885 -0.00594017 -0.00717676
0 -0.00262209 -0.00499445 -0.00581514
0 -0.00204087 -0.00386789 -0.0043228
0 -0.00133082 -0.00255369 -0.00275816
0 -0.000542445 -0.00107325 -0.00114678
0 0.000268263 0.000527544 0.000531741
0 0.00106015 0.00217779 0.00230933
0 0.00182184 0.00380568 0.00420185
0 0.002533 0.00536601 0.00619305
0 0.00314784 0.00681818 0.00820384
0 0.00358794 0.00807309 0.0100601
0 0.00377043 0.00899812 0.0115348
0 0.0036983 0.00949124 0.0124561
0 0.00348995 0.0095417 0.0127677
0 0.00328833 0.00921504 0.0124965
0 0.00317439 0.00861503 0.0117081
0 0.00315099 0.00786198 0.0105038
0 0.0031462 0.00705124 0.00901604
0 0.00304926 0.00620965 0.00738861
0 0.00275195 0.00528169 0.00574362
0 0.00219625 0.00418256 0.00417034
0 0.001426 0.00288416 0.00273541
0 0.000540693 0.00142479 0.00143703
0 -0.000388087 -0.000132089 0.000171663
0 -0.00131082 -0.00170209 -0.00119015
0 -0.00212972 -0.00316991 -0.00270827
0 -0.00272857 -0.00445221 -0.00436386
0 -0.0031104 -0.00555755 -0.00610652
0 -0.00336649 -0.00654383 -0.00785097
0 -0.00356871 -0.00746205 -0.00945771
0 -0.00377857 -0.00831669 -0.0107763
0 -0.0040245 -0.00905402 -0.0116962
0 -0.00429446 -0.00960121 -0.0121753
0 -0.00455469 -0.00988658 -0.0122313
0 -0.00473006 -0.00985161 -0.011907
0 -0.00472152 -0.00946505 -0.011244
0 -0.00445347 -0.00872326 -0.0102745
0 -0.00391308 -0.00765966 -0.00903642
0 -0.00315584 -0.00633623 -0.00757316
0 -0.0022861 -0.0048299 -0.0059289
0 -0.00143345 -0.00323733 -0.00415829
0 -0.00071962 -0.00168529 -0.00234575
0 -0.000238812 -0.000324863 -0.000612823
0 -9.93019e-06 0.000718098 0.000924499
0 7.70827e-05 0.00143211 0.00220491
0 0.000168175 0.00191954 0.00320014
0 0.000326241 0.00226074 0.00385553
0 0.000539161 0.00248399 0.00411316
0 0.000784103 0.00263816 0.00400625
0 0.00107556 0.00279252 0.00369684
0 0.00144075 0.00301554 0.00341482
0 0.00184488 0.00333186 0.00334219
0 0.002167 0.00368174 0.00353601
0 0.0022838 0.00397954 0.00395504
0 0.00216097 0.00417271 0.00451754
0 0.00185779 0.00424011 0.0051175
0 0.00147863 0.00417766 0.0056176
0 0.00110515 0.00396378 0.00584767
0 0.000756796 0.00354685 0.0056306
0 0.00040447 0.00286588 0.00483388
0 2.21459e-05 0.00188963 0.00343418
0 -0.000354803 0.000680037 0.00157316
0 -0.000643848 -0.000608514 -0.000473825
0 -0.000800788 -0.00183033 -0.00242025
0 -0.000865941 -0.00285523 -0.00405348
0 -0.000928493 -0.00356462 -0.00523144
0 -0.00104745 -0.00393509 -0.00585163
0 -0.00119708 -0.00396181 -0.00584424
0 -0.00129792 -0.00363512 -0.00520686
0 -0.00130395 -0.00303478 -0.00406041
0 -0.00126168 -0.00230933 -0.00267395
0 -0.00129948 -0.00168389 -0.00141861
0 -0.00150994 -0.00138819 -0.000620883
0 -0.00182717 -0.00146582 -0.000419616
0 -0.0021051 -0.00184733 -0.000805516
0 -0.0022782 -0.00249969 -0.00173259
0 -0.00237363 -0.00337102 -0.00312251
0 -0.00242332 -0.00436261 -0.00480341
0 -0.00243572 -0.00530419 -0.0065071
0 -0.00242035 -0.00601506 -0.00794455
0 -0.00239276 -0.00643049 -0.00887477
0 -0.00234804 -0.00650065 -0.00912316
0 -0.00223816 -0.00615624 -0.00859616
0 -0.0020153 -0.0053852 -0.00732132
0 -0.00167287 -0.0042089 -0.00544801
0 -0.00121348 -0.00268722 -0.00318827
0 -0.000628496 -0.000921062 -0.000743911
0 5.72646e-05 0.000955044 0.00171284
0 0.000794612 0.00280341 0.00402153
0 0.00153683 0.00449709 0.00604412
0 0.00220765 0.00589233 0.00768644
0 0.00273064 0.0069108 0.00889934
0 0.00307913 0.00755525 0.0096742
0 0.00326518 0.00785841 0.0100448
0 0.00332744 0.00790098 0.0100785
0 0.0033249 0.00777459 0.00985927
0 0.00330176 0.00754934 0.00947572
0 0.00327082 0.00728232 0.00900712
0 0.00322748 0.00700111 0.00851489
0 0.0031324 0.00668741 0.00802167
0 0.0029076 0.00626977 0.00748586
0 0.0025011 0.00565941 0.00683585
0 0.00193707 0.00481995 0.00602489
0 0.00130108 0.00378349 0.00503449
0 0.000678857 0.00260963 0.00384512
0 8.56699e-05 0.00133263 0.00240832
0 -0.000526524 -5.4312e-05 0.000672852
0 -0.00119341 -0.00155856 -0.00134266
0 -0.00189261 -0.00316902 -0.00353756
0 -0.00257535 -0.00483881 -0.00578184
0 -0.00324162 -0.00650013 -0.00796353
0 -0.00392364 -0.00812124 -0.0100069
0 -0.00461037 -0.00964126 -0.0118425
0 -0.0052464 -0.0109463 -0.0133833
0 -0.00575938 -0.0119502 -0.0145543
0 -0.0060889 -0.0125943 -0.0153108
0 -0.00619663 -0.0128342 -0.0156173
0 -0.00605907 -0.0126468 -0.0154416
0 -0.00568567 -0.012027 -0.0147707
0 -0.00512046 -0.0109993 -0.0136147
0 -0.00442049 -0.00961768 -0.0120051
0 -0.00365147 -0.00796525 -0.0100092
0 -0.00288714 -0.00616408 -0.00774198
0 -0.00218613 -0.00434793 -0.00535167
0 -0.00156533 -0.00261936 -0.00298756
0 -0.000998048 -0.00104689 -0.000777798
0 -0.000434299 0.000358476 0.00119828
0 0.000197723 0.00168851 0.00292934
0 0.000969451 0.00304937 0.00445926
0 0.00187598 0.00447461 0.00586425
0 0.00283069 0.00596447 0.00722698
0 0.00372531 0.00747203 0.00862462
0 0.00446304 0.00891232 0.0101189
0 0.00499732 0.0102209 0.0117293
0 0.00532637 0.0113321 0.0133947
0 0.00544693 0.0121737 0.0149582
0 0.00537153 0.0126913 0.0162047
0 0.00513704 0.0128337 0.0169126
0 0.00478363 0.0125551 0.0169038
0 0.00435235 0.0118279 0.0160829
0 0.0038698 0.0106405 0.0144494
0 0.0033318 0.00901321 0.0120905
0 0.00270712 0.00700569 0.0091658
0 0.00196508 0.004714 0.00588523
0 0.00110246 0.00225982 0.00247759
0 0.000135597 -0.000255825 -0.000842007
0 -0.000918449 -0.00270557 -0.00388096
0 -0.00198615 -0.00490334 -0.00649036
0 -0.00295011 -0.00675458 -0.00860046
0 -0.00376936 -0.00823418 -0.0102099
0 -0.00442155 -0.00930538 -0.0113529
0 -0.00486046 -0.00998948 -0.0120777
0 -0.00508343 -0.0103185 -0.0124257
0 -0.00507651 -0.0102908 -0.0124083
0 -0.00482652 -0.00991714 -0.0120213
0 -0.00439076 -0.00922203 -0.011278
0 -0.00385062 -0.00825576 -0.0102144
0 -0.00327588 -0.00709411 -0.00887486
0 -0.0027154 -0.00580711 -0.00730608
0 -0.00220505 -0.00448789 -0.00559488
0 -0.00179131 -0.00325757 -0.00388449
0 -0.00146961 -0.00218537 -0.00230185
0 -0.00112528 -0.00122599 -0.000870654
0 -0.000610848 -0.000228792 0.000478975
0 0.000149688 0.00097159 0.00183134
0 0.00115289 0.00247148 0.00328012
0 0.00233751 0.00430668 0.00495568
0 0.00359365 0.00644682 0.0069802
0 0.00477322 0.0087664 0.00941331
0 0.00575394 0.0111022 0.0122333
0 0.00651216 0.0133241 0.0153374
0 0.00709395 0.0153584 0.0185512
0 0.00758139 0.0171923 0.0216456
0 0.00806953 0.0188416 0.0243757
0 0.00861936 0.0203151 0.026541
0 0.00925215 0.0216027 0.0280385
0 0.00995859 0.022675 0.0288868
0 0.0106839 0.023486 0.0291994
0 0.0112822 0.0239303 0.0290741
0 0.0115118 0.0238233 0.0285046
0 0.0111393 0.022975 0.0274041
0 0.0100477 0.0212392 0.0256349
0 0.00825349 0.0185036 0.022999
0 0.00588201 0.0147031 0.0192619
0 0.00314926 0.00987194 0.0142284
0 0.000275359 0.00417102 0.00782196
0 -0.00263685 -0.00215848 0.000117517
0 -0.00561098 -0.00892218 -0.00865285
0 -0.00855805 -0.0159633 -0.0181094
0 -0.0114278 -0.0229759 -0.0277466
0 -0.0144456 -0.0297452 -0.0370173
0 -0.0177483 -0.0363525 -0.0454893
0 -0.0212865 -0.0427923 -0.0529089
0 -0.024966 -0.0490116 -0.0592369
0 -0.0288239 -0.0550916 -0.0646549
0 -0.0329024 -0.0609609 -0.0694141
0 -0.0369618 -0.0664464 -0.0737614
0 -0.0407283 -0.0714509 -0.0779063
0 -0.0440092 -0.0758575 -0.0819668
0 -0.0465394 -0.0795847 -0.0859438
0 -0.0480624 -0.0825783 -0.0896353
0 -0.0484509 -0.0846908 -0.0926741
0 -0.047679 -0.0857367 -0.094657
0 -0.0459655 -0.0855703 -0.0952557
0 -0.0438133 -0.0840787 -0.0943098
0 -0.0416637 -0.0811692 -0.0917443
0 -0.0397007 -0.0769443 -0.08743
0 -0.037866 -0.0716891 -0.0812342
0 -0.0359287 -0.0656486 -0.0732113
0 -0.0336923 -0.0591077 -0.0637444
0 -0.0311308 -0.0522983 -0.0534895
0 -0.0283167 -0.0453977 -0.0432656
0 -0.0253583 -0.0386319 -0.0339181
0 -0.0224736 -0.0322388 -0.0261836
0 -0.0198784 -0.0266474 -0.0204769
0 -0.0175092 -0.0221227 -0.0166118
0 -0.0150891 -0.0185404 -0.0140273
0 -0.0125892 -0.0159168 -0.0122931
0 -0.0104115 -0.0144072 -0.0112995
0 -0.00887757 -0.0138013 -0.0109324
0 -0.00784984 -0.0135475 -0.0108205
0 -0.0071704 -0.0132035 -0.0106454
0 -0.00700651 -0.0127501 -0.0104116
0 -0.00749232 -0.0125302 -0.0102861
0 -0.00848801 -0.0128626 -0.0103607
0 -0.00971127 -0.0138504 -0.0106865
0 -0.0107898 -0.0153619 -0.0113199
0 -0.0113975 -0.0169954 -0.0122869
0 -0.0114887 -0.0183338 -0.0136417
0 -0.0112804 -0.019222 -0.0154375
0 -0.0110597 -0.0197561 -0.0175807
0 -0.01103 -0.0201889 -0.0197852
0 -0.0112158 -0.0207623 -0.0216586
0 -0.0115311 -0.0215628 -0.022861
0 -0.0119607 -0.0225496 -0.0233317
0 -0.0125582 -0.023595 -0.023314
0 -0.0133508 -0.0245544 -0.0231723
0 -0.0143469 -0.0254112 -0.0233136
0 -0.0155101 -0.0263346 -0.024089
0 -0.0166687 -0.0275498 -0.0256317
0 -0.0174862 -0.0290597 -0.0277351
0 -0.0176046 -0.0305407 -0.0299462
0 -0.0169081 -0.0315517 -0.0318157
0 -0.0156334 -0.0317524 -0.0330414
0 -0.0142516 -0.031006 -0.033458
0 -0.0132473 -0.0294872 -0.0329761
0 -0.012873 -0.0276362 -0.0315396
0 -0.0130185 -0.0258477 -0.0291036
0 -0.0133732 -0.0243685 -0.0257875
0 -0.0136423 -0.0232293 -0.021993
0 -0.013549 -0.0220661 -0.0182187
0 -0.0129262 -0.0204458 -0.0149058
0 -0.0118561 -0.0182998 -0.0124288
0 -0.0105597 -0.0158965 -0.0109371
0 -0.00923801 -0.0136567 -0.0102466
0 -0.00810029 -0.012068 -0.0100431
0 -0.00742822 -0.0115184 -0.0101221
0 -0.00750782 -0.0121729 -0.0105201
0 -0.00852706 -0.0140347 -0.0115168
0 -0.010473 -0.0169343 -0.0134573
0 -0.0130317 -0.020572 -0.0165473
0 -0.0157392 -0.0247287 -0.0208542
0 -0.0182642 -0.0293488 -0.0263935
0 -0.0205126 -0.0344315 -0.0330691
0 -0.0225509 -0.0399345 -0.0406146
0 -0.0244179 -0.0456948 -0.048616
0 -0.0261366 -0.0512748 -0.0565279
0 -0.0278483 -0.0562878 -0.0637865
0 -0.0296824 -0.06069 -0.0699391
0 -0.0316428 -0.064432 -0.0746747
0 -0.0337234 -0.0675402 -0.0779066
0 -0.0358687 -0.0701069 -0.0797578
0 -0.0378632 -0.0720386 -0.0804644
0 -0.0394402 -0.0732177 -0.0803132
0 -0.0403295 -0.0734985 -0.0795338
0 -0.0402394 -0.0726871 -0.0782054
0 -0.0389747 -0.0706541 -0.0762281
0 -0.036549 -0.0673385 -0.0733771
0 -0.0332244 -0.0627628 -0.0693889
0 -0.0294705 -0.0570935 -0.0640554
0 -0.025816 -0.0506481 -0.0573223
0 -0.0227355 -0.0438536 -0.0493446
0 -0.0204178 -0.0371626 -0.040484
0 -0.0186488 -0.0310123 -0.0312655
0 -0.0171761 -0.0256666 -0.0223891
0 -0.0158484 -0.0210308 -0.0145855
0 -0.0144632 -0.0169497 -0.00845813
0 -0.0128481 -0.013462 -0.00433648
0 -0.0109861 -0.0105934 -0.00216982
0 -0.00898153 -0.00839144 -0.00168572
0 -0.00698417 -0.00703842 -0.00239434
0 -0.00520049 -0.00656068 -0.00372663
0 -0.00387494 -0.00679254 -0.00521463
0 -0.00320727 -0.00753704 -0.00653506
0 -0.00335821 -0.00855306 -0.00758727
0 -0.00439326 -0.00973111 -0.00842977
0 -0.0061373 -0.011152 -0.00923076
0 -0.0082242 -0.0129212 -0.0102081
0 -0.0102553 -0.0151334 -0.0116011
0 -0.0119224 -0.0177905 -0.0136753
0 -0.0131237 -0.0207539 -0.0166599
0 -0.0139833 -0.0238725 -0.0206782
0 -0.0147415 -0.0270581 -0.0256667
0 -0.0156252 -0.0303384 -0.0313333
0 -0.0167254 -0.033796 -0.0371857
0 -0.0179726 -0.0372943 -0.0426125
0 -0.0192805 -0.0406282 -0.0471017
0 -0.0205915 -0.0436431 -0.0503717
0 -0.0218216 -0.0459817 -0.0523379
0 -0.0228732 -0.0473707 -0.0530947
0 -0.023643 -0.0477444 -0.0528197
0 -0.0240088 -0.0471135 -0.0516912
0 -0.0238475 -0.0456727 -0.0498562
0 -0.023107 -0.0436705 -0.0474401
0 -0.0218696 -0.0413076 -0.0446001
0 -0.0203361 -0.0387427 -0.0415103
0 -0.0187539 -0.0360625 -0.0383305
0 -0.0173304 -0.033337 -0.0351854
0 -0.0162006 -0.030688 -0.0321529
0 -0.015406 -0.0282903 -0.0292875
0 -0.014876 -0.026321 -0.0266595
0 -0.0145282 -0.0248875 -0.0243848
0 -0.0142938 -0.023969 -0.0225808
0 -0.0140333 -0.0233859 -0.0212914
0 -0.0136218 -0.0228872 -0.020501
0 -0.0130583 -0.0223136 -0.0201514
0 -0.0123901 -0.0216114 -0.0200935
0 -0.0116253 -0.0207488 -0.0200504
0 -0.0107729 -0.0197175 -0.0197026
0 -0.00991639 -0.0185635 -0.0188451
0 -0.00918811 -0.0173577 -0.0174347
0 -0.00869502 -0.0161575 -0.015569
0 -0.00844589 -0.0149696 -0.0134172
0 -0.00831048 -0.0137318 -0.0111272
0 -0.00810957 -0.0123925 -0.00884548
0 -0.00772527 -0.0109744 -0.00674073
0 -0.00711259 -0.00954291 -0.0049464
0 -0.00630946 -0.00819339 -0.00355262
0 -0.00546161 -0.00706508 -0.00263187
0 -0.00478344 -0.00632642 -0.00224313
0 -0.00449028 -0.00614951 -0.00243024
0 -0.00472711 -0.00667256 -0.00322384
0 -0.0055241 -0.00797375 -0.00465148
0 -0.00682481 -0.0100752 -0.00675619
0 -0.00852218 -0.0129525 -0.0096203
0 -0.0104758 -0.0165318 -0.0133397
0 -0.0125233 -0.0206615 -0.0179411
0 -0.014494 -0.0251058 -0.0233193
0 -0.0163052 -0.029622 -0.0292505
0 -0.0179403 -0.0340803 -0.0354626
0 -0.0193903 -0.0383764 -0.0416526
0 -0.0207713 -0.0423504 -0.0474776
0 -0.0222323 -0.0459642 -0.0526068
0 -0.0237927 -0.0491962 -0.0567649
0 -0.0253938 -0.0519302 -0.0597883
0 -0.0269392 -0.0540962 -0.0616524
0 -0.0282623 -0.055593 -0.0624404
0 -0.0291578 -0.0562816 -0.0623065
0 -0.029458 -0.0560738 -0.0614028
0 -0.0290385 -0.0549048 -0.059821
0 -0.027854 -0.052776 -0.0575799
0 -0.0260036 -0.0497816 -0.0546458
0 -0.0237122 -0.0460678 -0.0509701
0 -0.0212424 -0.0418009 -0.0465038
0 -0.0188074 -0.037131 -0.0412197
0 -0.0165594 -0.0321776 -0.0351614
0 -0.0145598 -0.0270721 -0.0284764
0 -0.0127029 -0.0220043 -0.0214251
0 -0.010846 -0.017084 -0.0143693
0 -0.00895707 -0.012332 -0.00770051
0 -0.00700024 -0.0078832 -0.00178144
0 -0.0049053 -0.00382866 0.00312514
0 -0.00269268 -0.000141482 0.00693575
0 -0.000465154 0.00312289 0.00971381
0 0.00167102 0.00588662 0.0116407
0 0.00359271 0.00809986 0.0129575
0 0.00512954 0.00967786 0.0138779
0 0.00611349 0.0105823 0.0145417
0 0.00644786 0.0108653 0.0149917
0 0.00615625 0.0106075 0.0152005
0 0.00538799 0.00991993 0.0150997
0 0.00436348 0.00890399 0.0145995
0 0.0033196 0.00761 0.0136085
0 0.00244059 0.00609 0.0120592
0 0.00179132 0.00440183 0.00993834
0 0.00132627 0.00259822 0.0073073
0 0.000927356 0.000716484 0.00429918
0 0.000413137 -0.00128035 0.00106256
0 -0.000411368 -0.00349774 -0.00228922
0 -0.00166537 -0.00606302 -0.00568827
0 -0.00336592 -0.00908607 -0.00913127
0 -0.00544607 -0.0126079 -0.0126985
0 -0.00782725 -0.0166047 -0.0165631
0 -0.0104518 -0.0210104 -0.020944
0 -0.0132242 -0.025726 -0.0260051
0 -0.0160291 -0.0306499 -0.0317726
0 -0.0187507 -0.0356546 -0.0380836
0 -0.021267 -0.0406054 -0.0446198
0 -0.023493 -0.0454209 -0.0510104
0 -0.0254314 -0.0500073 -0.0569133
0 -0.0271596 -0.0542396 -0.0620717
0 -0.0287578 -0.0579984 -0.0663379
0 -0.0302893 -0.061157 -0.0696571
0 -0.0317705 -0.0636035 -0.0720367
0 -0.0331138 -0.0652619 -0.0735015
0 -0.0341517 -0.0660849 -0.0740618
0 -0.0346954 -0.0660594 -0.0737168
0 -0.0345955 -0.0652145 -0.0724837
0 -0.0337808 -0.0635856 -0.0704086
0 -0.0322802 -0.0611673 -0.0675413
0 -0.0302441 -0.057933 -0.0639128
0 -0.0278799 -0.0538956 -0.0595267
0 -0.0253704 -0.049149 -0.0543612
0 -0.0228426 -0.0438579 -0.0483907
0 -0.0203631 -0.0382115 -0.0416333
0 -0.017959 -0.0323898 -0.0342042
0 -0.015549 -0.0265813 -0.0263334
0 -0.0129868 -0.0208709 -0.0183758
0 -0.0102728 -0.015206 -0.0107303
0 -0.00750707 -0.00966573 -0.00378365
0 -0.00474833 -0.00442336 0.00214717
0 -0.00207374 0.000396138 0.00693724
0 0.000350916 0.00456343 0.0105844
0 0.00233229 0.00778153 0.0131538
0 0.00374486 0.00987505 0.014762
0 0.00453241 0.0107883 0.0155278
0 0.00467842 0.0105994 0.0155432
0 0.0042462 0.00953972 0.0148228
0 0.00333587 0.00782785 0.0133258
0 0.00202528 0.00561253 0.0110106
0 0.000463577 0.00297663 0.00788257
0 -0.00117588 -9.98202e-05 0.00400383
0 -0.00282009 -0.00365053 -0.000531553
0 -0.00446336 -0.00765269 -0.00562048
0 -0.00615825 -0.0120386 -0.011172
0 -0.00805682 -0.0167366 -0.0171157
0 -0.0102982 -0.0217238 -0.0233822
0 -0.0128522 -0.0269022 -0.0298314
0 -0.0155835 -0.0320535 -0.0362134
0 -0.0183435 -0.0370309 -0.0422326
0 -0.0209492 -0.0416915 -0.0476318
0 -0.0232155 -0.0458542 -0.0522315
0 -0.0250207 -0.0493748 -0.0559212
0 -0.0262983 -0.0520602 -0.0586498
0 -0.0270055 -0.053735 -0.0604012
0 -0.027147 -0.0543186 -0.0611541
0 -0.0267674 -0.0537867 -0.0608651
0 -0.0259184 -0.0522035 -0.0594676
0 -0.0246695 -0.049726 -0.0569093
0 -0.0231184 -0.0465391 -0.0532112
0 -0.0213825 -0.0428125 -0.0484954
0 -0.0195642 -0.0386748 -0.0429751
0 -0.0177162 -0.0342089 -0.0369188
0 -0.0158467 -0.0294929 -0.0306049
0 -0.0139623 -0.0246693 -0.0242792
0 -0.0120054 -0.0198493 -0.0181105
0 -0.00982088 -0.0150385 -0.0121946
0 -0.0073577 -0.0102862 -0.00660013
0 -0.00468204 -0.0056699 -0.0013616
0 -0.00184152 -0.00118737 0.00352208
0 0.00108294 0.00319581 0.00807391
0 0.00394528 0.00746825 0.0123509
0 0.00660434 0.0116181 0.016437
0 0.00896968 0.0156224 0.0204155
0 0.0109693 0.0193876 0.0243149
0 0.0125049 0.0228107 0.0280752
0 0.0134364 0.0257712 0.0315664
0 0.0137941 0.028152 0.0346194
0 0.013859 0.0298861 0.0370499
0 0.0137682 0.030899 0.0386914
0 0.0135204 0.0311489 0.0394151
0 0.0132078 0.0306518 0.0391136
0 0.012816 0.0294029 0.0376892
0 0.0121809 0.0274175 0.03509
0 0.011194 0.0247492 0.0313509
0 0.00978763 0.0213826 0.0265961
0 0.0079131 0.0172659 0.0210054
0 0.00561768 0.0123657 0.0147492
0 0.0029617 0.0066911 0.00793795
0 -4.73806e-05 0.000366939 0.000627091
0 -0.00340979 -0.00643446 -0.00715563
0 -0.00705345 -0.0135492 -0.0153681
0 -0.0108461 -0.0207422 -0.0239013
0 -0.0147243 -0.0279079 -0.0325661
0 -0.018679 -0.0351465 -0.0411203
0 -0.0226177 -0.0424175 -0.0493183
0 -0.0263618 -0.0495847 -0.0569776
0 -0.0298578 -0.0564919 -0.0640355
0 -0.0331485 -0.0628789 -0.0705134
0 -0.0361789 -0.0685617 -0.0764163
0 -0.038899 -0.0734541 -0.0816969
0 -0.041287 -0.077508 -0.0862685
0 -0.0432639 -0.0807478 -0.0900201
0 -0.0447592 -0.0832117 -0.0928393
0 -0.0457308 -0.0848929 -0.0946404
0 -0.0461347 -0.0857584 -0.095385
0 -0.045953 -0.0857566 -0.0950916
0 -0.045272 -0.0848222 -0.0938296
0 -0.0442267 -0.0829332 -0.0916744
0 -0.04287 -0.0801547 -0.0886551
0 -0.0412414 -0.0766246 -0.0847553
0 -0.0393679 -0.0725022 -0.0799554
0 -0.0372221 -0.0679047 -0.0742791
0 -0.0348222 -0.0628806 -0.0678295
0 -0.0322289 -0.0574355 -0.0607882
0 -0.0295151 -0.051576 -0.0533664
0 -0.0267182 -0.0453857 -0.0457403
0 -0.0237271 -0.0390019 -0.038022
0 -0.0203912 -0.0324804 -0.0302686
0 -0.0166847 -0.0258369 -0.0225431
0 -0.012676 -0.0191155 -0.0149445
0 -0.00846115 -0.0123429 -0.00756337
0 -0.00415903 -0.00554368 -0.000458765
0 7.9803e-05 0.00123848 0.00636966
0 0.00411911 0.00792278 0.012969
0 0.00786126 0.0144004 0.0193858
0 0.0111923 0.0205514 0.025639
0 0.0139927 0.0262542 0.0316933
0 0.0160437 0.031408 0.0374502
0 0.0172616 0.0358974 0.0427551
0 0.0181211 0.0396271 0.0474168
0 0.0189351 0.0425345 0.0512309
0 0.0194728 0.0445703 0.0540039
0 0.0197581 0.0457416 0.055578
0 0.0199457 0.0460288 0.0558503
0 0.0198309 0.0453709 0.0547905
0 0.0192701 0.0437639 0.052447
0 0.0183163 0.0412336 0.0489303
0 0.0169058 0.0378178 0.0443841
0 0.0150014 0.0335883 0.0389612
0 0.0127185 0.0286312 0.0328054
0 0.0101481 0.0230572 0.026042
0 0.00735323 0.0170302 0.0187808
0 0.00439377 0.0107187 0.0111307
0 0.00130503 0.00422704 0.00319933
0 -0.00184088 -0.00235414 -0.00486785
0 -0.00499477 -0.00883716 -0.0128545
0 -0.00815138 -0.0151223 -0.0205111
0 -0.0112767 -0.0212566 -0.0275934
0 -0.0142808 -0.027148 -0.0339272
0 -0.0170465 -0.032658 -0.0394468
0 -0.0195072 -0.037652 -0.044172
0 -0.0216412 -0.0419171 -0.0481689
0 -0.02344 -0.0453103 -0.0514905
0 -0.0248359 -0.0477475 -0.0541329
0 -0.02567 -0.049176 -0.056019
0 -0.0258304 -0.0496139 -0.0570131
0 -0.0253527 -0.0491087 -0.0569664
0 -0.0243676 -0.0477192 -0.0557664
0 -0.0229882 -0.0455085 -0.0533711
0 -0.0213774 -0.0425345 -0.0498232
0 -0.0197192 -0.0388806 -0.0452516
0 -0.0180623 -0.0346896 -0.0398581
0 -0.0164152 -0.030148 -0.0338912
0 -0.0147553 -0.025442 -0.0276184
0 -0.013003 -0.0207529 -0.0213055
0 -0.0111484 -0.0162344 -0.0152093
0 -0.00918426 -0.0119045 -0.00952564
0 -0.00705878 -0.00770554 -0.00438135
0 -0.00480796 -0.00367561 0.000144939
0 -0.00253316 0.000107514 0.00407173
0 -0.00031406 0.00359652 0.00747489
0 0.00175805 0.00673261 0.0104437
0 0.00354046 0.00943621 0.0130557
0 0.00489412 0.0116588 0.0153419
0 0.0057585 0.0133703 0.0172933
0 0.00613602 0.0145281 0.0188604
0 0.00606118 0.015127 0.0199673
0 0.00563521 0.0151711 0.0205171
0 0.0050188 0.0146547 0.0204046
0 0.00434036 0.0136153 0.0195431
0 0.00366129 0.0121191 0.0178846
0 0.00299441 0.010241 0.0154407
0 0.0022956 0.00805386 0.0122981
0 0.00149266 0.00560497 0.00861702
0 0.000532369 0.00292216 0.00460987
0 -0.000612993 2.0633e-05 0.000496425
0 -0.00194266 -0.00307847 -0.00354996
0 -0.0034253 -0.00632022 -0.00741572
0 -0.0050292 -0.00959917 -0.0110533
0 -0.00667837 -0.0127666 -0.0144688
0 -0.00821247 -0.0156832 -0.0176599
0 -0.00950575 -0.0182308 -0.0205979
0 -0.0105132 -0.020314 -0.0232144
0 -0.0112079 -0.0218962 -0.0254026
0 -0.0115804 -0.0229687 -0.0270465
0 -0.0116723 -0.0235369 -0.0280422
0 -0.0115553 -0.0236237 -0.0283276
0 -0.0112859 -0.0232413 -0.0278926
0 -0.0109186 -0.0224101 -0.0267788
0 -0.0104894 -0.0211722 -0.0250709
0 -0.00998121 -0.0195841 -0.0228799
0 -0.00935663 -0.0177151 -0.0203291
0 -0.00857322 -0.0156254 -0.0175348
0 -0.00758698 -0.0133554 -0.0145937
0 -0.00640203 -0.0109325 -0.01158
0 -0.00509859 -0.00838451 -0.00854642
0 -0.00377178 -0.00575366 -0.00552219
0 -0.00247291 -0.00310747 -0.00252128
0 -0.00127182 -0.000550838 0.000433893
0 -0.000259144 0.00180066 0.00329446
0 0.000534228 0.00384595 0.00597391
0 0.0011 0.00549335 0.00834316
0 0.001426 0.00668258 0.0102511
0 0.00154463 0.00739793 0.0115579
0 0.00151389 0.00764874 0.0121622
0 0.00137667 0.00745904 0.0120191
0 0.0011641 0.00686132 0.0111477
0 0.000888448 0.00588824 0.00962782
0 0.0005254 0.00457258 0.00758237
0 2.81575e-05 0.00294568 0.00515025
0 -0.00065146 0.00103448 0.00246176
0 -0.00155278 -0.00113613 -0.000380592
0 -0.00268601 -0.00354229 -0.00331755
0 -0.00402154 -0.00615845 -0.00633612
0 -0.00551231 -0.00894788 -0.00945336
0 -0.00709551 -0.0118637 -0.0126954
0 -0.00865516 -0.0148489 -0.0160777
0 -0.0100684 -0.0178241 -0.0195826
0 -0.0112843 -0.0206792 -0.0231324
0 -0.0122861 -0.0232814 -0.0265741
0 -0.0130581 -0.0255049 -0.0297036
0 -0.0136178 -0.0272541 -0.0323032
0 -0.0140004 -0.02847 -0.0341735
0 -0.0142156 -0.0291233 -0.0351699
0 -0.0142636 -0.0292058 -0.0352319
0 -0.0141563 -0.0287255 -0.0343923
0 -0.0138886 -0.0277058 -0.0327635
0 -0.0134344 -0.0261894 -0.0305053
0 -0.0127706 -0.0242359 -0.0277879
0 -0.0118732 -0.0219181 -0.0247636
0 -0.0107289 -0.0193149 -0.0215497
0 -0.00936138 -0.0165021 -0.0182246
0 -0.0078351 -0.0135563 -0.0148359
0 -0.00626657 -0.010554 -0.0114126
0 -0.00478355 -0.00756965 -0.0079712
0 -0.00342551 -0.00466835 -0.00452022
0 -0.00218596 -0.00189476 -0.00107757
0 -0.00109478 0.000709855 0.00230946
0 -0.000152396 0.00310977 0.00555192
0 0.000677787 0.00526875 0.0085235
0 0.0013924 0.00712701 0.011083
0 0.00196928 0.00862095 0.0130975
0 0.00240894 0.00969206 0.0144692
0 0.00270127 0.0102894 0.0151452
0 0.00280711 0.0103755 0.0151099
0 0.0026922 0.00992042 0.0143773
0 0.00233218 0.00891872 0.0129886
0 0.00171012 0.00740369 0.0110115
0 0.000855652 0.00544703 0.00853967
0 -0.000165865 0.00314803 0.00568039
0 -0.00129986 0.000605644 0.00253421
0 -0.00250014 -0.00209074 -0.000810681
0 -0.00372412 -0.00486002 -0.00427127
0 -0.00494685 -0.00763571 -0.00777017
0 -0.00615691 -0.0103615 -0.0112295
0 -0.00730723 -0.012967 -0.014548
0 -0.00831981 -0.0153601 -0.0176062
0 -0.00916531 -0.0174496 -0.0202869
0 -0.00985014 -0.0191618 -0.022486
0 -0.0103747 -0.0204502 -0.0241311
0 -0.010751 -0.0212992 -0.02519
0 -0.0110007 -0.0217199 -0.0256661
0 -0.0111264 -0.0217435 -0.0255917
0 -0.0111105 -0.02141 -0.0250231
0 -0.0109413 -0.0207596 -0.024038
0 -0.0106097 -0.0198288 -0.0227218
0 -0.0101058 -0.0186434 -0.021154
0 -0.00943945 -0.0172259 -0.0193983
0 -0.00863605 -0.015606 -0.0174977
0 -0.00773017 -0.0138248 -0.0154764
0 -0.00677042 -0.011937 -0.0133444
0 -0.00580836 -0.00999432 -0.0111028
0 -0.00488841 -0.0080339 -0.00875115
0 -0.00402069 -0.0060842 -0.00630094
0 -0.00318517 -0.00416083 -0.00378627
0 -0.00238934 -0.00227399 -0.00126479
0 -0.00164749 -0.000444878 0.00118785
0 -0.000951818 0.00129568 0.00348288
0 -0.000310465 0.00289611 0.00553326
0 0.000255658 0.00428338 0.00726596
0 0.000732513 0.00539326 0.00862488
0 0.00110209 0.00618201 0.00957614
0 0.00134824 0.00663326 0.0101113
0 0.00146789 0.00676523 0.0102442
0 0.00146034 0.00660925 0.0100015
0 0.00132123 0.00619241 0.00941628
0 0.00105 0.00553655 0.0085262
0 0.000653541 0.0046555 0.00737092
0 0.000142811 0.00355928 0.00598712
0 -0.00046881 0.00226184 0.00440241
0 -0.00116665 0.000782948 0.00263366
0 -0.00193497 -0.000849159 0.000693295
0 -0.00275394 -0.00259764 -0.00140316
0 -0.00359994 -0.00442397 -0.00363242
0 -0.00445147 -0.00629446 -0.00596278
0 -0.00529579 -0.00818188 -0.00835891
0 -0.00612773 -0.0100619 -0.0107785
0 -0.00693231 -0.0119109 -0.0131645
0 -0.00768941 -0.0136975 -0.0154545
0 -0.0084037 -0.0153837 -0.0175921
0 -0.00909264 -0.0169404 -0.0195302
0 -0.00975746 -0.018347 -0.0212352
0 -0.010383 -0.0195852 -0.0226857
0 -0.0109469 -0.0206398 -0.0238723
0 -0.0114193 -0.0214945 -0.0247968
0 -0.0117689 -0.0221315 -0.0254673
0 -0.0119789 -0.0225325 -0.0258922
0 -0.012037 -0.0226787 -0.0260695
0 -0.011926 -0.0225472 -0.025977
0 -0.0116389 -0.0221156 -0.0255755
0 -0.0111851 -0.0213719 -0.024824
0 -0.0105885 -0.0203196 -0.0236926
0 -0.00988526 -0.0189767 -0.0221691
0 -0.00911416 -0.0173772 -0.0202679
0 -0.00831144 -0.0155751 -0.0180386
0 -0.00750784 -0.0136401 -0.0155642
0 -0.0067253 -0.0116543 -0.012952
0 -0.00598271 -0.00970213 -0.01032
0 -0.00529983 -0.00785541 -0.00778939
0 -0.004673 -0.00616829 -0.00547385
0 -0.00408519 -0.00467884 -0.00346404
0 -0.00354401 -0.00341279 -0.0018241
0 -0.00305306 -0.00237986 -0.000583789
0 -0.00260804 -0.00158243 0.000265025
0 -0.00223544 -0.00102618 0.000752919
0 -0.00197191 -0.00071387 0.000925816
0 -0.00184068 -0.000644384 0.000836106
0 -0.00185813 -0.000809341 0.000534078
0 -0.00202149 -0.00118551 6.41538e-05
0 -0.0023008 -0.00173631 -0.000540914
0 -0.00265471 -0.00241486 -0.00125839
0 -0.00303791 -0.003167 -0.00207073
0 -0.00340208 -0.00393592 -0.0029557
0 -0.00370546 -0.004665 -0.00387568
0 -0.00391994 -0.00530322 -0.00477617
0 -0.00403271 -0.00580976 -0.00559098
0 -0.00404957 -0.00615412 -0.0062513
0 -0.00399161 -0.00631907 -0.00669132
0 -0.00388329 -0.00629976 -0.00685319
0 -0.00374483 -0.00609763 -0.00669814
0 -0.0035912 -0.00572397 -0.00621781
0 -0.00343258 -0.0052034 -0.00544259
0 -0.0032733 -0.00456898 -0.00443801
0 -0.00310903 -0.00385837 -0.00329065
0 -0.00293023 -0.00311193 -0.0020976
0 -0.00273232 -0.00237333 -0.000962961
0 -0.00251935 -0.00168897 1.55461e-05
0 -0.00230221 -0.00110807 0.000766712
0 -0.00210186 -0.000678779 0.00124741
0 -0.00195156 -0.000442176 0.0014368
0 -0.00188974 -0.000433173 0.00133242
0 -0.00194952 -0.000673993 0.000944396
0 -0.00215131 -0.00116944 0.000289537
0 -0.00249989 -0.00191432 -0.000616165
0 -0.002987 -0.00289645 -0.00176358
0 -0.0035953 -0.00409906 -0.00315177
0 -0.00430092 -0.00550404 -0.00478372
0 -0.00507512 -0.00708851 -0.00665803
0 -0.00588763 -0.00882016 -0.00876061
0 -0.00671501 -0.0106568 -0.0110596
0 -0.00753026 -0.0125539 -0.0134997
0 -0.00829847 -0.0144586 -0.0159985
0 -0.00900777 -0.0163036 -0.0184542
0 -0.00966827 -0.0180239 -0.0207545
0 -0.0102807 -0.0195634 -0.0227896
0 -0.0108351 -0.0208759 -0.0244717
0 -0.0113237 -0.0219272 -0.0257438
0 -0.0117312 -0.0226924 -0.0265844
0 -0.0120303 -0.0231565 -0.0270045
0 -0.0122001 -0.023316 -0.0270395
0 -0.0122252 -0.023178 -0.0267381
0 -0.0120914 -0.0227585 -0.0261487
0 -0.0117974 -0.0220816 -0.0253113
0 -0.011356 -0.0211763 -0.0242549
0 -0.0107895 -0.0200735 -0.0229977
0 -0.0101314 -0.0188052 -0.0215519
0 -0.00941862 -0.0174027 -0.0199296
0 -0.00868059 -0.0158948 -0.0181446
0 -0.0079338 -0.0143048 -0.0162147
0 -0.00718195 -0.0126524 -0.0141619
0 -0.00642508 -0.0109563 -0.0120158
0 -0.00567306 -0.00923261 -0.00981395
0 -0.00493274 -0.00750161 -0.00759783
0 -0.00419013 -0.00578498 -0.00540617
0 -0.00344156 -0.00409852 -0.00327204
0 -0.00270443 -0.00246402 -0.00122774
0 -0.00198731 -0.000903692 0.000695237
0 -0.0012965 0.000567702 0.0024747
0 -0.000647422 0.00192991 0.0040988
0 -4.95445e-05 0.00316628 0.00556562
0 0.000494269 0.00427372 0.00688017
0 0.000976465 0.0052492 0.00804726
0 0.00138721 0.00608999 0.00906699
0 0.00171765 0.00679293 0.00993084
0 0.00195505 0.00734084 0.0106198
0 0.00208336 0.00770444 0.011103
0 0.0020888 0.00784805 0.0113398
0 0.0019618 0.00773325 0.0112851
0 0.00170019 0.0073308 0.0108951
0 0.00131244 0.00662907 0.0101363
0 0.000814302 0.00563426 0.00899147
0 0.000224605 0.00436914 0.00746404
0 -0.000439517 0.00286672 0.00557967
0 -0.00116821 0.00116162 0.00338319
0 -0.00195737 -0.00071269 0.000936017
0 -0.00280448 -0.00272257 -0.00168834
0 -0.00370557 -0.00483451 -0.00441489
0 -0.00465369 -0.00701436 -0.00718121
0 -0.00564888 -0.00922492 -0.00993888
0 -0.00668455 -0.0114322 -0.0126454
0 -0.00772016 -0.0135994 -0.015265
0 -0.00870978 -0.0156788 -0.0177621
0 -0.00962917 -0.0176245 -0.0200957
0 -0.0104576 -0.0193949 -0.0222272
0 -0.0111738 -0.0209542 -0.0241212
0 -0.0117694 -0.0222761 -0.0257459
0 -0.012247 -0.0233408 -0.0270719
0 -0.0126033 -0.0241309 -0.0280676
0 -0.0128267 -0.0246282 -0.0287004
0 -0.0129068 -0.024816 -0.028942
0 -0.0128327 -0.0246809 -0.0287771
0 -0.0126019 -0.0242186 -0.028207
0 -0.0122267 -0.0234369 -0.0272489
0 -0.0117202 -0.0223529 -0.025929
0 -0.0110916 -0.0209903 -0.0242749
0 -0.0103491 -0.0193774 -0.0223159
0 -0.00950231 -0.0175483 -0.0200874
0 -0.00856653 -0.0155415 -0.0176339
0 -0.0075656 -0.0133996 -0.0150075
0 -0.00653355 -0.0111739 -0.0122649
0 -0.0055252 -0.00892143 -0.00946773
0 -0.00458695 -0.00671121 -0.00668826
0 -0.00373041 -0.00462727 -0.00401416
0 -0.002988 -0.00275442 -0.00154646
0 -0.00240452 -0.00117122 0.000603851
0 -0.00197804 6.23201e-05 0.00232948
0 -0.00169439 0.000907448 0.00354529
0 -0.00154944 0.00134681 0.00419544
0 -0.00152331 0.00139178 0.00426486
0 -0.00158859 0.00107918 0.00378824
0 -0.00172581 0.000471422 0.00284837
0 -0.0019207 -0.000355262 0.00156372
0 -0.00216935 -0.00133066 6.48722e-05
0 -0.00248566 -0.00239853 -0.0015253
0 -0.00288768 -0.00352196 -0.00310774
0 -0.00338152 -0.00467911 -0.00461892
0 -0.0039597 -0.00585192 -0.0060294
0 -0.00459909 -0.00702627 -0.00733899
0 -0.00525917 -0.00819078 -0.00856926
0 -0.00589262 -0.00932312 -0.00974686
0 -0.00645216 -0.0103854 -0.0108909
0 -0.006893 -0.0113354 -0.0120032
0 -0.00718781 -0.0121337 -0.0130615
0 -0.00733815 -0.0127474 -0.0140178
0 -0.00736916 -0.0131589 -0.0148017
0 -0.0073145 -0.0133644 -0.0153333
0 -0.00720813 -0.0133669 -0.0155419
0 -0.00707717 -0.0131753 -0.0153844
0 -0.00693344 -0.0127998 -0.0148577
0 -0.00677244 -0.0122476 -0.0139976
0 -0.00657431 -0.011528 -0.0128693
0 -0.00631345 -0.0106545 -0.0115526
0 -0.00597094 -0.00964556 -0.0101253
0 -0.00553418 -0.00852651 -0.00864829
0 -0.00499955 -0.00732093 -0.00715689
0 -0.00437751 -0.00605129 -0.00566483
0 -0.00369664 -0.00474569 -0.00417567
0 -0.00300849 -0.00343671 -0.00269289
0 -0.00236881 -0.00216477 -0.00122853
0 -0.00182444 -0.000978902 0.000192064
0 -0.00140865 6.9861e-05 0.00153016
0 -0.00112665 0.000935666 0.00273492
0 -0.00096252 0.00158527 0.00374494
0 -0.000894412 0.0020008 0.0044917
0 -0.000900629 0.00217735 0.00490966
0 -0.000964467 0.0021217 0.00495197
0 -0.00107555 0.00184812 0.00460404
0 -0.00123145 0.00137135 0.00388766
0 -0.00144011 0.000703162 0.00285499
0 -0.00171803 -0.000148589 0.00157492
0 -0.0020868 -0.00117655 0.000118005
0 -0.00256571 -0.00236837 -0.00145599
0 -0.00316072 -0.00370356 -0.00310537
0 -0.00385879 -0.00515296 -0.00480766
0 -0.00462781 -0.00667872 -0.00655487
0 -0.00542014 -0.00823584 -0.00834286
0 -0.00618882 -0.00978227 -0.010163
0 -0.00689719 -0.0112831 -0.0119964
0 -0.00750887 -0.0127034 -0.0138092
0 -0.00800937 -0.0140115 -0.0155526
0 -0.00842349 -0.0151822 -0.0171666
0 -0.00878203 -0.0161935 -0.0185851
0 -0.00910519 -0.0170332 -0.0197465
0 -0.00940422 -0.0176974 -0.0206052
0 -0.00967355 -0.0181804 -0.0211395
0 -0.00989003 -0.018473 -0.0213551
0 -0.0100257 -0.018566 -0.0212835
0 -0.01006 -0.0184544 -0.0209746
0 -0.00997976 -0.0181435 -0.0204831
0 -0.00978202 -0.017651 -0.0198551
0 -0.00947534 -0.0170029 -0.0191177
0 -0.00907054 -0.0162246 -0.0182749
0 -0.00858271 -0.0153352 -0.0173142
0 -0.00803709 -0.0143493 -0.0162214
0 -0.00746461 -0.01328 -0.0149907
0 -0.00689605 -0.0121428 -0.0136298
0 -0.0063573 -0.0109589 -0.0121601
0 -0.00586534 -0.00975452 -0.010615
0 -0.00541941 -0.00855977 -0.00903474
0 -0.00499835 -0.0074047 -0.00746438
0 -0.00458265 -0.00631058 -0.00595354
0 -0.00417067 -0.00529116 -0.00455354
0 -0.00377057 -0.0043617 -0.00331493
0 -0.00339462 -0.00353896 -0.00228112
0 -0.00306234 -0.00284221 -0.00147779
0 -0.00279464 -0.00230035 -0.000911308
0 -0.00260405 -0.00194074 -0.000571004
0 -0.0024981 -0.00177474 -0.000436565
0 -0.00248302 -0.00180224 -0.000489706
0 -0.00256018 -0.00201132 -0.00071945
0 -0.00272619 -0.00237785 -0.00112054
0 -0.00297232 -0.00287796 -0.00168869
0 -0.00327993 -0.00349027 -0.00241489
0 -0.00362401 -0.00419367 -0.00328104
0 -0.0039815 -0.00497062 -0.00426174
0 -0.00433676 -0.00580438 -0.00532991
0 -0.00468695 -0.00667768 -0.00646143
0 -0.00504083 -0.00757495 -0.00763717
0 -0.00540787 -0.00848276 -0.00883694
0 -0.00579221 -0.00938993 -0.0100325
0 -0.00618978 -0.0102841 -0.0111896
0 -0.00658628 -0.0111493 -0.0122757
0 -0.00696437 -0.0119672 -0.0132663
0 -0.00731113 -0.0127166 -0.0141475
0 -0.00761862 -0.0133751 -0.0149132
0 -0.00787908 -0.0139231 -0.0155593
0 -0.00808399 -0.0143461 -0.0160778
0 -0.00822398 -0.0146362 -0.0164559
0 -0.00829115 -0.0147926 -0.0166797
0 -0.00828751 -0.0148191 -0.016741
0 -0.00822306 -0.0147222 -0.0166394
0 -0.00810862 -0.0145076 -0.0163802
0 -0.00795282 -0.0141794 -0.0159719
0 -0.00775909 -0.0137427 -0.0154251
0 -0.00752614 -0.0132054 -0.0147524
0 -0.00725103 -0.0125779 -0.0139667
0 -0.00693038 -0.0118692 -0.0130807
0 -0.00656409 -0.0110852 -0.0121068
0 -0.0061611 -0.0102333 -0.0110576
0 -0.00573189 -0.00932052 -0.0099437
0 -0.00528468 -0.00835584 -0.00877283
0 -0.00482803 -0.00735422 -0.00755208
0 -0.00436878 -0.00633469 -0.00629266
0 -0.00392421 -0.00532392 -0.00501683
0 -0.00351681 -0.00435547 -0.00375989
0 -0.00316071 -0.00346317 -0.00256763
0 -0.00286933 -0.00267939 -0.00149507
0 -0.00265125 -0.00203534 -0.000599098
0 -0.00250425 -0.0015609 7.13376e-05
0 -0.00242172 -0.00127659 0.000481788
0 -0.00239441 -0.00118646 0.000617468
0 -0.00241009 -0.00127878 0.000486113
0 -0.00245844 -0.00152541 0.000117776
0 -0.002537 -0.00189072 -0.000441841
0 -0.00265236 -0.00234582 -0.00114113
0 -0.00281808 -0.0028734 -0.00193068
0 -0.00305111 -0.00347066 -0.00277224
0 -0.00336503 -0.00414751 -0.00364565
0 -0.0037643 -0.00491706 -0.00455108
0 -0.00424094 -0.00578673 -0.00550555
0 -0.00477315 -0.00675215 -0.00653424
0 -0.00532729 -0.00779336 -0.00765958
0 -0.00586431 -0.00887668 -0.00889101
0 -0.00635341 -0.00996273 -0.0102186
0 -0.00677632 -0.011015 -0.0116116
0 -0.00712229 -0.0120036 -0.0130166
0 -0.00739767 -0.0129032 -0.0143593
0 -0.00762648 -0.0136933 -0.0155574
0 -0.00783104 -0.0143564 -0.0165355
0 -0.00802357 -0.014873 -0.0172355
0 -0.00820622 -0.015229 -0.01763
0 -0.00836758 -0.0154166 -0.0177265
0 -0.00848389 -0.0154297 -0.0175594
0 -0.00852357 -0.0152654 -0.0171753
0 -0.00845303 -0.0149234 -0.0166204
0 -0.00824876 -0.014407 -0.0159319
0 -0.00790662 -0.0137249 -0.0151314
0 -0.00744187 -0.0128902 -0.0142223
0 -0.00688633 -0.01192 -0.0131947
0 -0.00628701 -0.0108403 -0.0120361
0 -0.0056989 -0.00968695 -0.0107415
0 -0.00516382 -0.00850061 -0.00932067
0 -0.00469533 -0.00732441 -0.007802
0 -0.00428978 -0.00619575 -0.00623287
0 -0.00393623 -0.00513659 -0.00467654
0 -0.00361279 -0.00415541 -0.00320134
0 -0.00329402 -0.00325371 -0.0018746
0 -0.00296514 -0.00243113 -0.000755459
0 -0.00262655 -0.00169751 0.000120773
0 -0.00229183 -0.00107751 0.000747046
0 -0.00198881 -0.000599226 0.00113984
0 -0.00175701 -0.000291792 0.0013267
0 -0.00163511 -0.000181781 0.00133298
0 -0.00165054 -0.000280497 0.00117634
0 -0.00181245 -0.000584927 0.000861744
0 -0.00210891 -0.00108392 0.00038024
0 -0.00251447 -0.00176165 -0.000288688
0 -0.00299769 -0.00260362 -0.00117057
0 -0.0035253 -0.00359585 -0.00228416
0 -0.00406796 -0.00471912 -0.00363078
0 -0.00460484 -0.00594936 -0.00518972
0 -0.00512429 -0.00725744 -0.00691805
0 -0.00562009 -0.0086038 -0.00875396
0 -0.00609659 -0.00994615 -0.010623
0 -0.00656682 -0.011251 -0.0124396
0 -0.00703176 -0.0124793 -0.0141168
0 -0.0074853 -0.0135913 -0.0155815
0 -0.00792649 -0.0145635 -0.0167819
0 -0.00834545 -0.0153731 -0.0176959
0 -0.0087196 -0.0160025 -0.0183287
0 -0.00902244 -0.0164446 -0.0187055
0 -0.00922731 -0.0166913 -0.0188617
0 -0.00931389 -0.0167444 -0.0188344
0 -0.00927663 -0.0166176 -0.0186563
0 -0.00912563 -0.0163287 -0.0183479
0 -0.00888065 -0.0159006 -0.0179166
0 -0.0085676 -0.0153568 -0.0173599
0 -0.0082141 -0.0147171 -0.0166711
0 -0.0078424 -0.0139978 -0.0158463
0 -0.00746611 -0.0132112 -0.014889
0 -0.00708955 -0.0123655 -0.0138126
0 -0.00671067 -0.01147 -0.0126409
0 -0.00632876 -0.0105355 -0.0114073
0 -0.00594677 -0.00958113 -0.0101523
0 -0.00556915 -0.00863493 -0.00891826
0 -0.00519896 -0.00772451 -0.0077421
0 -0.00483531 -0.0068711 -0.00664994
0 -0.00448143 -0.00608763 -0.00565842
0 -0.0041452 -0.00537901 -0.00477729
0 -0.0038315 -0.00474601 -0.00401083
0 -0.00354876 -0.00418879 -0.00335883
0 -0.00330815 -0.00371022 -0.00281659
0 -0.00311436 -0.00331633 -0.002376
0 -0.00297026 -0.00301401 -0.00203005
0 -0.00288194 -0.00281186 -0.00177938
0 -0.00285526 -0.00271995 -0.00163448
0 -0.00289369 -0.00274568 -0.0016121
0 -0.00299589 -0.00289193 -0.00172981
0 -0.00315335 -0.00315725 -0.0020009
0 -0.00335384 -0.00353634 -0.0024315
0 -0.00358499 -0.00402032 -0.00301866
0 -0.00383838 -0.00459904 -0.00375167
0 -0.0041141 -0.00526447 -0.00461639
0 -0.00441766 -0.00600953 -0.00559529
0 -0.00475431 -0.00682509 -0.00666724
0 -0.00512473 -0.00769873 -0.00780846
0 -0.00552332 -0.0086163 -0.00899287
0 -0.00594204 -0.00956181 -0.010192
0 -0.00636793 -0.010513 -0.0113754
0 -0.00678337 -0.0114421 -0.012515
0 -0.0071724 -0.0123196 -0.0135876
0 -0.00752125 -0.013116 -0.01457
0 -0.00782042 -0.0138045 -0.0154369
0 -0.00805964 -0.0143615 -0.0161582
0 -0.00822607 -0.0147654 -0.0167
0 -0.00830889 -0.0149994 -0.0170296
0 -0.00830082 -0.0150488 -0.017121
0 -0.00820234 -0.0149018 -0.0169598
0 -0.00802076 -0.0145554 -0.0165449
0 -0.00776734 -0.0140173 -0.015888
0 -0.00745433 -0.0133063 -0.0150112
0 -0.00709089 -0.0124511 -0.0139431
0 -0.00668538 -0.0114865 -0.0127196
0 -0.00624998 -0.0104465 -0.0113824
0 -0.00579812 -0.00936249 -0.00997604
0 -0.00533862 -0.00826189 -0.00854328
0 -0.00487366 -0.00716562 -0.00712173
0 -0.00440465 -0.00608957 -0.00574119
0 -0.00394008 -0.00504766 -0.00442421
0 -0.00348789 -0.00405327 -0.00318887
0 -0.00305272 -0.00311927 -0.00204885
0 -0.00264467 -0.00225705 -0.00101381
0 -0.00227693 -0.00148201 -9.23643e-05
0 -0.0019619 -0.000813823 0.000706238
0 -0.00171158 -0.000267606 0.00137229
0 -0.00153567 0.000142821 0.00189304
0 -0.00144113 0.000401492 0.00224961
0 -0.0014327 0.000495749 0.00241939
0 -0.00151079 0.000415203 0.00238014
0 -0.00167068 0.00015178 0.00211228
0 -0.00190717 -0.000297953 0.0016012
0 -0.00221742 -0.000934926 0.000839271
0 -0.00259765 -0.001756 -0.000171893
0 -0.00304266 -0.00275011 -0.00141813
0 -0.00354535 -0.00389758 -0.00287149
0 -0.00409288 -0.0051694 -0.00449157
0 -0.00466794 -0.00652858 -0.00622934
0 -0.00525434 -0.00793351 -0.00803574
0 -0.00584305 -0.00934551 -0.00986539
0 -0.00643461 -0.0107399 -0.0116728
0 -0.00702743 -0.0120961 -0.0134131
0 -0.00760495 -0.0133867 -0.0150433
0 -0.00815008 -0.0145867 -0.0165232
0 -0.00865354 -0.0156669 -0.0178195
0 -0.00909543 -0.0165913 -0.0189065
0 -0.00945111 -0.0173302 -0.0197645
0 -0.00970406 -0.0178572 -0.0203787
0 -0.0098393 -0.0181513 -0.0207365
0 -0.00984724 -0.0182029 -0.0208267
0 -0.00973034 -0.0180105 -0.02064
0 -0.00949819 -0.0175801 -0.0201708
0 -0.00916318 -0.016925 -0.0194193
0 -0.00874042 -0.0160607 -0.018393
0 -0.00824453 -0.0150061 -0.0171093
0 -0.00768704 -0.0137841 -0.0155965
0 -0.00708065 -0.012425 -0.0138936
0 -0.00644206 -0.0109652 -0.0120481
0 -0.00579345 -0.0094422 -0.0101114
0 -0.00515328 -0.0078988 -0.0081361
0 -0.00452189 -0.00637935 -0.00617509
0 -0.00390478 -0.00491856 -0.00428048
0 -0.00332476 -0.00355273 -0.00250616
0 -0.00279694 -0.0023183 -0.000908236
0 -0.00233237 -0.00124118 0.000462246
0 -0.00194833 -0.000351435 0.00156601
0 -0.00165692 0.000316692 0.00237648
0 -0.00146466 0.000742243 0.00287983
0 -0.00138076 0.000911112 0.00307057
0 -0.0014153 0.000812928 0.00294603
0 -0.00157401 0.000450511 0.00250611
0 -0.00185786 -0.000166649 0.00175625
0 -0.00225944 -0.00102355 0.000710809
0 -0.00276002 -0.00209528 -0.000606319
0 -0.0033367 -0.00335309 -0.00216288
0 -0.00396783 -0.00476412 -0.00392061
0 -0.00463354 -0.0062909 -0.00583808
0 -0.00531828 -0.00789503 -0.00787292
0 -0.00601159 -0.00953485 -0.00997936
0 -0.00670436 -0.0111693 -0.0120992
0 -0.00737664 -0.0127564 -0.0141608
0 -0.00799922 -0.0142473 -0.0160896
0 -0.00855686 -0.015594 -0.0178133
0 -0.00904638 -0.016751 -0.0192695
0 -0.00945676 -0.0176786 -0.0204122
0 -0.00977389 -0.0183509 -0.0212128
0 -0.00998945 -0.0187524 -0.0216614
0 -0.0100919 -0.0188789 -0.021764
0 -0.0100675 -0.0187364 -0.0215366
0 -0.0099113 -0.0183352 -0.0210026
0 -0.00962529 -0.0176909 -0.0201906
0 -0.00921873 -0.0168256 -0.0191322
0 -0.00871162 -0.0157657 -0.0178588
0 -0.00812916 -0.0145446 -0.0164029
0 -0.00749869 -0.0132044 -0.0147985
0 -0.00684714 -0.0117902 -0.0130799
0 -0.0062006 -0.0103414 -0.0112821
0 -0.00558031 -0.0088916 -0.00944163
0 -0.00498564 -0.00746852 -0.00759616
0 -0.00440465 -0.00608903 -0.00578386
0 -0.00384083 -0.00476562 -0.0040441
0 -0.00330365 -0.00351598 -0.00241987
0 -0.00279934 -0.00236274 -0.000955895
0 -0.00234166 -0.00133024 0.000311321
0 -0.00194617 -0.000449874 0.00135787
0 -0.00162437 0.000244155 0.00216894
0 -0.00139181 0.000728521 0.00273479
0 -0.0012647 0.000986272 0.0030471
0 -0.00125172 0.0010101 0.00309874
0 -0.00135346 0.000807933 0.00288583
0 -0.00156188 0.000392356 0.00241019
0 -0.00185978 -0.000218325 0.0016826
0 -0.00222584 -0.00100015 0.000722789
0 -0.00264187 -0.00193052 -0.000442972
0 -0.00309478 -0.00298413 -0.00178197
0 -0.00357661 -0.00413263 -0.00325629
0 -0.00408383 -0.00534967 -0.00482614
0 -0.00461406 -0.00661032 -0.00645339
0 -0.00516287 -0.00788889 -0.00810346
0 -0.00572284 -0.00916435 -0.00974202
0 -0.00628513 -0.0104197 -0.0113308
0 -0.00683427 -0.0116283 -0.012832
0 -0.00734481 -0.012758 -0.0142144
0 -0.00779886 -0.0137794 -0.0154514
0 -0.00819026 -0.0146587 -0.0165193
0 -0.00851022 -0.0153679 -0.0173968
0 -0.00875373 -0.0158968 -0.0180661
0 -0.00892176 -0.0162447 -0.0185154
0 -0.00901395 -0.0164195 -0.0187403
0 -0.00903259 -0.0164334 -0.0187447
0 -0.00898095 -0.0162937 -0.0185408
0 -0.00885825 -0.0160038 -0.0181444
0 -0.00866183 -0.0155632 -0.0175718
0 -0.00838994 -0.0149734 -0.0168386
0 -0.00804422 -0.0142421 -0.0159585
0 -0.00763315 -0.0133857 -0.014945
0 -0.00717315 -0.01243 -0.0138144
0 -0.00668549 -0.0114048 -0.012585
0 -0.00619382 -0.0103366 -0.0112774
0 -0.00571609 -0.00924894 -0.00991452
0 -0.00525848 -0.00816513 -0.00852313
0 -0.00482084 -0.00710518 -0.00713473
0 -0.00440281 -0.00608602 -0.00578366
0 -0.00400754 -0.00512328 -0.00450409
0 -0.00363642 -0.0042319 -0.00333007
0 -0.00329055 -0.00342658 -0.00229383
0 -0.00297803 -0.00272242 -0.00142138
0 -0.00270967 -0.00213954 -0.000731103
0 -0.00249734 -0.00170059 -0.000232536
0 -0.00235359 -0.00142033 7.29204e-05
0 -0.00228775 -0.00130723 0.000187768
0 -0.0023077 -0.00136696 0.000112938
0 -0.00241974 -0.00159971 -0.00015435
0 -0.00262286 -0.00200164 -0.000616438
0 -0.00290817 -0.00256512 -0.00127233
0 -0.00326056 -0.00327741 -0.00211671
0 -0.00366191 -0.00412193 -0.00313793
0 -0.00409465 -0.00507704 -0.00431675
0 -0.00454261 -0.00611565 -0.00562585
0 -0.0049931 -0.00720662 -0.00703076
0 -0.00543622 -0.00831513 -0.00849165
0 -0.00586573 -0.00940961 -0.00996127
0 -0.00628068 -0.0104654 -0.0113847
0 -0.00667784 -0.0114556 -0.0127068
0 -0.00704952 -0.0123548 -0.0138797
0 -0.00739149 -0.0131447 -0.014868
0 -0.00769927 -0.0138027 -0.015649
0 -0.00795747 -0.014304 -0.01621
0 -0.00814574 -0.0146319 -0.0165473
0 -0.0082455 -0.0147724 -0.0166638
0 -0.00824166 -0.0147191 -0.0165677
0 -0.00813052 -0.0144769 -0.0162699
0 -0.00791892 -0.0140554 -0.015781
0 -0.00762002 -0.0134698 -0.0151105
0 -0.00725378 -0.0127414 -0.0142686
0 -0.00684208 -0.0118947 -0.0132676
0 -0.00640547 -0.0109554 -0.0121252
0 -0.00596526 -0.00994967 -0.0108657
0 -0.00553424 -0.00890509 -0.00952152
0 -0.00511643 -0.00785183 -0.00813316
0 -0.00471445 -0.00682032 -0.0067478
0 -0.0043303 -0.00583659 -0.00541444
0 -0.00397116 -0.00492492 -0.00418121
0 -0.00364246 -0.00410993 -0.0030946
0 -0.00335027 -0.00341327 -0.00219569
0 -0.00310757 -0.00285626 -0.00151391
0 -0.00292357 -0.00246183 -0.00106367
0 -0.00280629 -0.00224563 -0.000845697
0 -0.00276638 -0.00221408 -0.000852654
0 -0.00281204 -0.00236932 -0.00107433
0 -0.00294932 -0.00270638 -0.00150036
0 -0.00318126 -0.00321551 -0.00212203
0 -0.00350307 -0.00388653 -0.00293057
0 -0.00390129 -0.0047051 -0.00391475
0 -0.00435579 -0.00565271 -0.00505957
0 -0.00484326 -0.00670622 -0.00634558
0 -0.00534148 -0.00783473 -0.00774886
0 -0.00583315 -0.00900379 -0.00924006
0 -0.00631129 -0.0101817 -0.0107804
0 -0.0067724 -0.011338 -0.0123185
0 -0.0072054 -0.0124376 -0.013795
0 -0.00760487 -0.0134507 -0.0151506
0 -0.00797471 -0.0143551 -0.0163315
0 -0.0083104 -0.0151225 -0.0172942
0 -0.00859769 -0.0157259 -0.018008
0 -0.00881661 -0.0161411 -0.018455
0 -0.00893953 -0.0163397 -0.0186267
0 -0.00894149 -0.0163 -0.0185232
0 -0.00881098 -0.0160126 -0.0181525
0 -0.00855042 -0.0154817 -0.0175271
0 -0.00817482 -0.0147269 -0.0166614
0 -0.00770796 -0.0137792 -0.0155711
0 -0.00717554 -0.0126742 -0.0142733
0 -0.0066028 -0.0114497 -0.0127916
0 -0.00602087 -0.0101454 -0.0111615
0 -0.00545658 -0.0087975 -0.00942799
0 -0.0049141 -0.00744205 -0.0076424
0 -0.00438952 -0.00611234 -0.00586107
0 -0.00388534 -0.00483386 -0.00414001
0 -0.00340259 -0.00363249 -0.00253402
0 -0.00294238 -0.0025346 -0.0010979
0 -0.00251639 -0.00156338 0.000121211
0 -0.00214261 -0.000749314 0.00109149
0 -0.00183586 -0.00012285 0.00179937
0 -0.00161025 0.000301226 0.00224833
0 -0.00147945 0.000512981 0.00244951
0 -0.00145352 0.000508301 0.00241443
0 -0.0015382 0.000295956 0.00215307
0 -0.00173193 -0.00011275 0.00167363
0 -0.00202406 -0.000703088 0.000984311
0 -0.00239788 -0.00145656 9.40411e-05
0 -0.0028344 -0.00235699 -0.000986139
0 -0.00331561 -0.00338603 -0.00224099
0 -0.00382821 -0.00452305 -0.00365135
0 -0.00436487 -0.00574912 -0.00519479
0 -0.00492123 -0.00704387 -0.00684467
0 -0.00549216 -0.00838304 -0.0085711
0 -0.00607562 -0.00974531 -0.0103388
0 -0.00666985 -0.0111138 -0.0121035
0 -0.00726138 -0.0124618 -0.0138188
0 -0.00783326 -0.0137583 -0.0154419
0 -0.00837741 -0.014977 -0.0169368
0 -0.00889018 -0.0160877 -0.0182765
0 -0.00936085 -0.0170637 -0.0194405
0 -0.00977073 -0.0178869 -0.0204116
0 -0.0100998 -0.0185376 -0.0211745
0 -0.0103277 -0.0189988 -0.0217156
0 -0.0104394 -0.0192569 -0.0220244
0 -0.0104305 -0.0192977 -0.0220911
0 -0.010303 -0.0191106 -0.0219049
0 -0.0100665 -0.0186947 -0.0214581
0 -0.00973719 -0.0180595 -0.020748
0 -0.00933064 -0.0172234 -0.0197773
0 -0.00885964 -0.0162106 -0.0185589
0 -0.00833553 -0.0150483 -0.0171187
0 -0.00776722 -0.013764 -0.0154951
0 -0.00716165 -0.0123862 -0.0137346
0 -0.00652691 -0.0109394 -0.0118843
0 -0.00587801 -0.00944507 -0.00998798
0 -0.00522453 -0.00793079 -0.00808235
0 -0.00456142 -0.0064238 -0.0061962
0 -0.00389537 -0.00494716 -0.00435533
0 -0.0032489 -0.0035288 -0.0025874
0 -0.00263844 -0.00219579 -0.000923645
0 -0.0020784 -0.000966351 0.000603971
0 -0.00158524 0.000137712 0.00196728
0 -0.0011677 0.00108894 0.00314295
0 -0.000828343 0.0018678 0.00411201
0 -0.00057313 0.00245646 0.0048557
0 -0.000410884 0.00283598 0.00535327
0 -0.000347562 0.00299793 0.00558589
0 -0.000387874 0.00293804 0.00553924
0 -0.000532842 0.00265321 0.00520556
0 -0.000776768 0.00214794 0.00458663
0 -0.00111158 0.00143095 0.00369466
0 -0.00152567 0.000516814 0.00255114
0 -0.00200586 -0.000571749 0.00118478
0 -0.00254277 -0.00180753 -0.000370279
0 -0.00312722 -0.00315855 -0.00207491
0 -0.00374857 -0.00459068 -0.00388702
0 -0.00439615 -0.00607344 -0.00576552
0 -0.0050573 -0.00757689 -0.00767265
0 -0.00571575 -0.009068 -0.0095697
0 -0.0063566 -0.0105177 -0.0114118
0 -0.00696379 -0.0118968 -0.013152
0 -0.0075137 -0.0131678 -0.0147474
0 -0.00799557 -0.0142982 -0.0161606
0 -0.00841389 -0.0152611 -0.0173592
0 -0.00876334 -0.0160299 -0.0183151
0 -0.00903324 -0.0165907 -0.0190057
0 -0.00921431 -0.0169372 -0.0194166
0 -0.00929581 -0.0170657 -0.0195455
0 -0.00927167 -0.0169786 -0.0194012
0 -0.00914348 -0.0166813 -0.0190022
0 -0.00891982 -0.0161851 -0.0183745
0 -0.00861356 -0.0155107 -0.0175476
0 -0.00823991 -0.0146862 -0.0165511
0 -0.00781574 -0.0137465 -0.0154155
0 -0.00735773 -0.0127305 -0.0141723
0 -0.00688227 -0.0116735 -0.0128549
0 -0.00640808 -0.0106044 -0.0114997
0 -0.00595584 -0.00955144 -0.0101469
0 -0.00554027 -0.00854377 -0.00883854
0 -0.00516475 -0.00760718 -0.00761249
0 -0.00482592 -0.00676157 -0.00649889
0 -0.00452403 -0.00602249 -0.00552326
0 -0.00426274 -0.00540252 -0.00470961
0 -0.00404402 -0.00491107 -0.00407797
0 -0.00387384 -0.00455372 -0.00364097
0 -0.00376053 -0.00433433 -0.00340152
0 -0.00370693 -0.00425637 -0.00335204
0 -0.00371511 -0.0043203 -0.00347816
0 -0.00378874 -0.00452332 -0.00376446
0 -0.00392948 -0.00486148 -0.00419798
0 -0.00413708 -0.00532709 -0.00476889
0 -0.00440577 -0.00590612 -0.00546743
0 -0.00472002 -0.00657832 -0.00627963
0 -0.00505895 -0.00731792 -0.00718665
0 -0.00540152 -0.00809705 -0.00816575
0 -0.00572993 -0.00888816 -0.00918945
0 -0.00603524 -0.00966527 -0.010224
0 -0.00631415 -0.0104064 -0.0112304
0 -0.00656586 -0.0110916 -0.0121681
0 -0.00679409 -0.0117013 -0.0129986
0 -0.00700048 -0.0122209 -0.0136882
0 -0.00718317 -0.0126373 -0.0142132
0 -0.00733726 -0.0129395 -0.014562
0 -0.007453 -0.0131209 -0.0147341
0 -0.00751743 -0.0131759 -0.0147375
0 -0.00751548 -0.0130997 -0.0145848
0 -0.00743639 -0.0128908 -0.0142895
0 -0.00727716 -0.0125503 -0.0138643
0 -0.00704241 -0.0120841 -0.0133184
0 -0.00674471 -0.011504 -0.0126565
0 -0.00640069 -0.0108241 -0.0118796
0 -0.00602923 -0.0100608 -0.0109897
0 -0.00564657 -0.00923321 -0.00999239
0 -0.00526302 -0.00835864 -0.00889909
0 -0.00488361 -0.00745431 -0.00772998
0 -0.0045104 -0.00654069 -0.00651576
0 -0.00415123 -0.00563774 -0.00529549
0 -0.00381157 -0.00476588 -0.00411201
0 -0.00349148 -0.00394788 -0.00300945
0 -0.00319605 -0.00320557 -0.00203051
0 -0.00292997 -0.00255999 -0.00120971
0 -0.00269813 -0.00203435 -0.000570428
0 -0.00251206 -0.00164984 -0.000126142
0 -0.00238741 -0.00142234 0.000116084
0 -0.00234112 -0.00136597 0.000152476
0 -0.00238731 -0.0014897 -1.73413e-05
0 -0.00253138 -0.00179379 -0.000390084
0 -0.00276764 -0.00227237 -0.000958767
0 -0.00308128 -0.00291161 -0.00171272
0 -0.00345215 -0.00368897 -0.00263733
0 -0.00385917 -0.00457722 -0.00371372
0 -0.00428593 -0.00554822 -0.00491986
0 -0.00472302 -0.00657666 -0.00623096
0 -0.00516544 -0.0076396 -0.00761866
0 -0.00561045 -0.00871805 -0.00905098
0 -0.00606042 -0.00980161 -0.0104911
0 -0.00651803 -0.0108795 -0.0118992
0 -0.00697848 -0.011933 -0.0132384
0 -0.00743181 -0.0129421 -0.0144788
0 -0.00786643 -0.0138822 -0.0155979
0 -0.00826875 -0.0147206 -0.0165787
0 -0.00861791 -0.0154282 -0.0174048
0 -0.00889039 -0.0159806 -0.0180583
0 -0.00906671 -0.0163564 -0.0185212
0 -0.00913414 -0.0165431 -0.0187764
0 -0.00909192 -0.0165321 -0.0188076
0 -0.00894673 -0.016318 -0.0186015
0 -0.00871121 -0.015903 -0.01815
0 -0.00840314 -0.0152973 -0.0174538
0 -0.00803839 -0.0145194 -0.0165239
0 -0.0076308 -0.013597 -0.0153843
0 -0.00719231 -0.012564 -0.0140717
0 -0.00673086 -0.0114549 -0.012632
0 -0.00625538 -0.0102991 -0.0111153
0 -0.00577276 -0.00912033 -0.00956932
0 -0.00528192 -0.00794129 -0.00803633
0 -0.00478162 -0.00678243 -0.0065508
0 -0.00427862 -0.00565976 -0.00513893
0 -0.00378818 -0.00459235 -0.003822
0 -0.00332426 -0.00360212 -0.00261826
0 -0.00290115 -0.00270662 -0.00154221
0 -0.00253728 -0.00192496 -0.000606664
0 -0.00224681 -0.00128214 0.000173632
0 -0.00204047 -0.000798629 0.000782248
0 -0.00192438 -0.000487832 0.00120254
0 -0.00189631 -0.000358806 0.00141777
0 -0.00194994 -0.000411793 0.00141299
0 -0.00207606 -0.000639837 0.001179
0 -0.00226417 -0.0010332 0.000715048
0 -0.00250754 -0.00157979 2.91031e-05
0 -0.00280165 -0.00226707 -0.000860717
0 -0.00314422 -0.00308283 -0.00192775
0 -0.00353607 -0.00401385 -0.00314104
0 -0.00397547 -0.00504387 -0.0044668
0 -0.00445434 -0.00615093 -0.00587031
0 -0.00496023 -0.00730512 -0.00731997
0 -0.00547761 -0.00847446 -0.0087874
0 -0.00599237 -0.00963358 -0.0102437
0 -0.00649267 -0.0107584 -0.011658
0 -0.0069628 -0.0118217 -0.0129982
0 -0.00738879 -0.012801 -0.0142344
0 -0.00776603 -0.0136781 -0.0153394
0 -0.00809647 -0.0144337 -0.0162892
0 -0.00837834 -0.0150539 -0.0170633
0 -0.00860646 -0.01553 -0.0176455
0 -0.00877452 -0.0158549 -0.0180265
0 -0.00887323 -0.0160259 -0.0182054
0 -0.00889743 -0.0160424 -0.0181892
0 -0.0088454 -0.0159048 -0.0179903
0 -0.0087172 -0.0156174 -0.0176236
0 -0.00851801 -0.0151892 -0.0171039
0 -0.00825471 -0.0146333 -0.0164443
0 -0.00793415 -0.0139648 -0.0156543
0 -0.00756453 -0.0131985 -0.0147426
0 -0.00715514 -0.01235 -0.0137188
0 -0.00671798 -0.0114335 -0.0125966
0 -0.00626931 -0.0104615 -0.0113932
0 -0.00582303 -0.00945118 -0.01013
0 -0.00538839 -0.00842572 -0.00883261
0 -0.00496951 -0.00740986 -0.00752909
0 -0.00456479 -0.00642755 -0.00624806
0 -0.00417958 -0.00549886 -0.00502111
0 -0.0038218 -0.00464134 -0.0038831
0 -0.00349445 -0.00387087 -0.00286869
0 -0.00320458 -0.00319946 -0.00200837
0 -0.00296017 -0.00264093 -0.00132365
0 -0.00276716 -0.00221516 -0.000827346
0 -0.00263537 -0.0019409 -0.000525438
0 -0.00257591 -0.00183181 -0.000419368
0 -0.00259577 -0.00189577 -0.000507871
0 -0.00269739 -0.00212981 -0.000787019
0 -0.00287864 -0.00252245 -0.00125109
0 -0.00313079 -0.00305804 -0.00189069
0 -0.00343879 -0.00371596 -0.00269065
0 -0.0037866 -0.00447479 -0.00363127
0 -0.00416126 -0.00531657 -0.00469077
0 -0.00455338 -0.00622406 -0.00584616
0 -0.00495664 -0.00717728 -0.00707243
0 -0.00536555 -0.00815533 -0.00834273
0 -0.00577548 -0.00914038 -0.00962774
0 -0.00618594 -0.0101152 -0.0108945
0 -0.00659229 -0.0110594 -0.0121082
0 -0.00698205 -0.0119517 -0.0132354
0 -0.00734265 -0.0127679 -0.0142462
0 -0.00766103 -0.0134809 -0.0151147
0 -0.00792505 -0.0140639 -0.0158194
0 -0.00812365 -0.0144945 -0.0163428
0 -0.00824585 -0.0147578 -0.0166698
0 -0.00828479 -0.0148472 -0.0167908
0 -0.00823986 -0.014763 -0.0167024
0 -0.00811557 -0.0145112 -0.0164069
0 -0.00791712 -0.0140999 -0.0159106
0 -0.00765074 -0.013538 -0.0152244
0 -0.00732647 -0.0128392 -0.0143649
0 -0.00695572 -0.0120239 -0.0133552
0 -0.00655243 -0.011117 -0.0122235
0 -0.00613552 -0.0101464 -0.0110022
0 -0.00571884 -0.00914372 -0.0097263
0 -0.00530963 -0.00814165 -0.00843262
0 -0.00491315 -0.00716854 -0.00715781
0 -0.00453178 -0.00624668 -0.00593744
0 -0.00417375 -0.00539368 -0.00480608
0 -0.00384688 -0.00462371 -0.00379604
0 -0.00355447 -0.00394966 -0.0029348
0 -0.00330374 -0.00338439 -0.0022413
0 -0.00309899 -0.00293998 -0.00172301
0 -0.00294117 -0.00262598 -0.00137671
0 -0.00283364 -0.002445 -0.00119231
0 -0.002781 -0.00239326 -0.00115804
0 -0.0027878 -0.0024638 -0.00126298
0 -0.00285722 -0.00264673 -0.00149698
0 -0.00298952 -0.00293354 -0.0018519
0 -0.00318224 -0.00332115 -0.00232298
0 -0.0034292 -0.00380814 -0.00290701
0 -0.00371935 -0.00438981 -0.00359929
0 -0.00403859 -0.00505596 -0.00439314
0 -0.00437348 -0.00579009 -0.0052798
0 -0.00471345 -0.00657149 -0.00624684
0 -0.00505104 -0.00737718 -0.00727683
0 -0.00538202 -0.00818724 -0.0083476
0 -0.00570452 -0.00898885 -0.00943091
0 -0.00601916 -0.00977054 -0.0104913
0 -0.0063242 -0.0105189 -0.0114908
0 -0.00661533 -0.0112217 -0.0123968
0 -0.00689058 -0.0118622 -0.013186
0 -0.00714538 -0.0124192 -0.0138451
0 -0.00737156 -0.0128766 -0.0143688
0 -0.00755834 -0.0132222 -0.0147558
0 -0.00769414 -0.0134498 -0.015008
0 -0.00777082 -0.0135625 -0.0151303
0 -0.00778514 -0.0135683 -0.0151305
0 -0.00774194 -0.0134775 -0.0150189
0 -0.00765077 -0.0132998 -0.0148061
0 -0.00752119 -0.0130442 -0.0145017
0 -0.00736213 -0.0127181 -0.0141126
0 -0.00717933 -0.0123287 -0.0136446
0 -0.00697588 -0.0118846 -0.0131032
0 -0.0067548 -0.0113948 -0.0124957
0 -0.00651893 -0.0108674 -0.0118324
0 -0.00627192 -0.0103103 -0.0111261
0 -0.00601866 -0.00973307 -0.0103923
0 -0.0057663 -0.00914718 -0.00964952
0 -0.00552275 -0.00856818 -0.00891653
0 -0.0052915 -0.00801304 -0.00820982
0 -0.00507491 -0.00749535 -0.0075435
0 -0.00487661 -0.00702583 -0.00693141
0 -0.00469956 -0.00661412 -0.00638743
0 -0.00454735 -0.00626462 -0.00592388
0 -0.00442184 -0.00597713 -0.00555004
0 -0.00432271 -0.00575332 -0.00527078
0 -0.00424947 -0.00559439 -0.0050857
0 -0.00420043 -0.00549933 -0.0049895
0 -0.00417479 -0.00546829 -0.00497474
0 -0.0041736 -0.00549974 -0.00503321
0 -0.00419759 -0.00558749 -0.00515604
0 -0.00424657 -0.00572389 -0.00533463
0 -0.00431827 -0.00590012 -0.00555972
0 -0.00440838 -0.00610652 -0.00582205
0 -0.00451213 -0.0063361 -0.00611358
0 -0.00462436 -0.00658349 -0.00642671
0 -0.0047402 -0.00684235 -0.00675405
0 -0.00485495 -0.00710578 -0.00708831
0 -0.00496501 -0.00736717 -0.00742256
0 -0.00507041 -0.00762135 -0.0077517
0 -0.00517211 -0.00786442 -0.00807067
0 -0.00526987 -0.00809369 -0.00837343
0 -0.00536343 -0.00830798 -0.00865443
0 -0.00545152 -0.00850638 -0.00890846
0 -0.00553168 -0.00868623 -0.00913102
0 -0.00560147 -0.00884296 -0.009319
0 -0.00566026 -0.00897365 -0.00947229
0 -0.00570925 -0.0090779 -0.00959384
0 -0.00575014 -0.00915713 -0.00968766
0 -0.0057855 -0.00921654 -0.00975882
0 -0.00581809 -0.00926404 -0.00981355
0 -0.00585045 -0.00930818 -0.00985908
0 -0.00588478 -0.00935682 -0.00990357
0 -0.00592244 -0.00941537 -0.0099554
0 -0.0059631 -0.00948538 -0.0100214
0 -0.00600393 -0.00956415 -0.0101043
0 -0.00604017 -0.00964598 -0.0102026
0 -0.00606812 -0.00972552 -0.0103119
0 -0.0060886 -0.00980026 -0.0104267
0 -0.00610558 -0.00987013 -0.0105416
0 -0.00612451 -0.00993799 -0.0106517
0 -0.00615003 -0.010007 -0.0107529
0 -0.00618284 -0.0100775 -0.0108412
0 -0.00622066 -0.0101476 -0.0109146
0 -0.00626039 -0.0102148 -0.0109747
0 -0.00629859 -0.0102758 -0.0110254
0 -0.00633168 -0.0103281 -0.0110708
0 -0.00635633 -0.0103694 -0.0111136
0 -0.00637004 -0.0103986 -0.0111537
0 -0.00637084 -0.0104146 -0.0111879
0 -0.00635816 -0.0104155 -0.0112099
0 -0.00633466 -0.0104001 -0.0112137
0 -0.00630391 -0.0103673 -0.0111936
0 -0.00626796 -0.0103143 -0.0111432
0 -0.00622668 -0.0102374 -0.0110565
0 -0.00617785 -0.0101333 -0.010929
0 -0.0061183 -0.00999856 -0.0107579
0 -0.00604475 -0.00983077 -0.010543
0 -0.00595588 -0.00962958 -0.0102866
0 -0.00585415 -0.00939818 -0.00999463
0 -0.00574512 -0.00914495 -0.00967654
0 -0.00563539 -0.00888097 -0.00934384
0 -0.00552994 -0.00861692 -0.00900766
0 -0.00543086 -0.00836353 -0.00867784
0 -0.00533813 -0.00812864 -0.00836321
0 -0.00525076 -0.00791454 -0.00807143
0 -0.00516761 -0.00772094 -0.00780876
0 -0.00508905 -0.00754763 -0.00758059
0 -0.00501782 -0.00739566 -0.00739148
0 -0.00495747 -0.00726793 -0.0072438
0 -0.00491065 -0.00716873 -0.00713713
0 -0.00487886 -0.00710237 -0.00706929
0 -0.00486302 -0.0070715 -0.00703793
0 -0.00486352 -0.0070765 -0.00704152
0 -0.00487836 -0.00711321 -0.00707775
0 -0.00490225 -0.00717222 -0.0071417
0 -0.00492851 -0.00724213 -0.00722643
0 -0.00495019 -0.00731117 -0.0073224
0 -0.00496024 -0.00736723 -0.00741635
0 -0.0049542 -0.00740049 -0.00749352
0 -0.00493245 -0.00740539 -0.00754076
0 -0.00489932 -0.00738025 -0.00754766
0 -0.00486132 -0.00732693 -0.00750811
0 -0.00482487 -0.00725036 -0.00742119
0 -0.00479444 -0.00715734 -0.0072915
0 -0.0047706 -0.00705405 -0.00712782
0 -0.00475012 -0.00694528 -0.00694202
0 -0.0047271 -0.00683314 -0.00674713
0 -0.00469438 -0.00671631 -0.00655445
0 -0.00464789 -0.00659353 -0.00637396
0 -0.00458827 -0.00646581 -0.0062133
0 -0.00451998 -0.0063372 -0.00607594
0 -0.00445076 -0.00621518 -0.00596219
0 -0.00438973 -0.00610926 -0.00587015
0 -0.00434409 -0.00602785 -0.00579644
0 -0.00431801 -0.00597593 -0.00573849
0 -0.00431444 -0.00595647 -0.00569833
0 -0.00433516 -0.00597158 -0.00568336
0 -0.00437973 -0.00602252 -0.00570437
0 -0.00444673 -0.00611209 -0.00577451
0 -0.00453395 -0.00624524 -0.00590682
0 -0.00463873 -0.00642774 -0.00611188
0 -0.00475955 -0.00666526 -0.00639709
0 -0.00489639 -0.00696142 -0.0067661
0 -0.0050502 -0.00731631 -0.00721841
0 -0.00522202 -0.00772647 -0.00774898
0 -0.00541197 -0.00818497 -0.00834787
0 -0.00561736 -0.00868079 -0.00899945
0 -0.00583383 -0.00920234 -0.00968389
0 -0.00605776 -0.0097383 -0.0103799
0 -0.00628333 -0.0102742 -0.0110663
0 -0.00650429 -0.010795 -0.011724
0 -0.00671674 -0.0112865 -0.012336
0 -0.00691484 -0.011734 -0.0128892
0 -0.00709414 -0.012126 -0.0133741
0 -0.00725255 -0.0124581 -0.0137841
0 -0.00738505 -0.0127267 -0.0141133
0 -0.00748578 -0.012928 -0.0143573
0 -0.00755067 -0.0130604 -0.0145129
0 -0.0075766 -0.0131201 -0.0145788
0 -0.00756028 -0.0131009 -0.0145529
0 -0.00749986 -0.0129966 -0.0144319
0 -0.00739648 -0.0128041 -0.0142131
0 -0.00725265 -0.012524 -0.0138938
0 -0.00707198 -0.0121601 -0.0134721
0 -0.00686016 -0.01172 -0.0129489
0 -0.00662408 -0.0112138 -0.0123304
0 -0.00637185 -0.0106522 -0.0116284
0 -0.00611146 -0.0100484 -0.0108595
0 -0.00584838 -0.00941734 -0.0100453
0 -0.00558827 -0.00877471 -0.00921014
0 -0.00533464 -0.00813876 -0.00837824
0 -0.00508539 -0.00752446 -0.00757119
0 -0.00484109 -0.00694269 -0.00680781
0 -0.00460598 -0.00640321 -0.0061048
0 -0.00438411 -0.00591191 -0.00547604
0 -0.00418159 -0.00547374 -0.00493244
0 -0.00400582 -0.00509684 -0.00448114
0 -0.00386499 -0.00479197 -0.00412697
0 -0.00376724 -0.00457219 -0.00387424
0 -0.00371794 -0.0044502 -0.00372666
0 -0.0037193 -0.00443229 -0.00368818
0 -0.0037699 -0.00451804 -0.00376339
0 -0.00386533 -0.00470268 -0.00395631
0 -0.00399918 -0.00497666 -0.00426814
0 -0.00416287 -0.00532813 -0.00469453
0 -0.00434672 -0.00574502 -0.00522443
0 -0.00454318 -0.00621541 -0.00584137
0 -0.00474846 -0.00672838 -0.00652565
0 -0.00496231 -0.00727281 -0.00725663
0 -0.00518587 -0.00783754 -0.00801374
0 -0.00541899 -0.00841168 -0.00877542
0 -0.00565911 -0.00898316 -0.00951983
0 -0.00590149 -0.00954006 -0.0102266
0 -0.00613906 -0.0100696 -0.0108791
0 -0.00636263 -0.0105576 -0.0114664
0 -0.00656441 -0.0109924 -0.0119821
0 -0.00673861 -0.0113635 -0.0124223
0 -0.00687826 -0.01166 -0.012783
0 -0.00697777 -0.0118768 -0.0130588
0 -0.00703538 -0.0120129 -0.0132439
0 -0.00705108 -0.0120675 -0.0133322
0 -0.00702634 -0.0120412 -0.0133185
0 -0.00696534 -0.0119353 -0.0132004
0 -0.006874 -0.0117526 -0.0129799
0 -0.00675743 -0.011498 -0.0126625
0 -0.0066188 -0.0111773 -0.0122567
0 -0.00646025 -0.0107982 -0.0117729
0 -0.0062831 -0.0103709 -0.0112245
0 -0.0060883 -0.00990626 -0.0106262
0 -0.00587817 -0.00941268 -0.00999391
0 -0.00565761 -0.00890147 -0.00934336
0 -0.00543262 -0.00838486 -0.00868995
0 -0.00520842 -0.00787384 -0.00804749
0 -0.00499154 -0.00738097 -0.00742748
0 -0.00478905 -0.00691789 -0.00684093
0 -0.00460652 -0.00649587 -0.00629931
0 -0.00444952 -0.00612509 -0.00581502
0 -0.00432193 -0.00581256 -0.00540111
0 -0.00422479 -0.00556496 -0.00506905
0 -0.00415778 -0.00538691 -0.00482806
0 -0.00411933 -0.00528014 -0.00468436
0 -0.00410758 -0.00524656 -0.0046406
0 -0.00412153 -0.0052863 -0.00469581
0 -0.00416095 -0.00539602 -0.00484535
0 -0.00422621 -0.00557133 -0.00508191
0 -0.00431808 -0.0058071 -0.00539602
0 -0.00443623 -0.00609648 -0.00577652
0 -0.00457838 -0.00643175 -0.00621146
0 -0.00474101 -0.00680461 -0.00668912
0 -0.00491921 -0.00720606 -0.00719824
0 -0.00510638 -0.00762683 -0.00772839
0 -0.00529595 -0.00805653 -0.00826953
0 -0.00548229 -0.00848438 -0.00881135
0 -0.00566062 -0.00890181 -0.00934343
0 -0.00582782 -0.00930012 -0.00985446
0 -0.00598236 -0.00967034 -0.0103326
0 -0.00612267 -0.0100067 -0.0107669
0 -0.00624674 -0.010303 -0.0111472
0 -0.00635371 -0.0105526 -0.011465
0 -0.00644252 -0.0107522 -0.011714
0 -0.0065103 -0.0108986 -0.0118904
0 -0.00655495 -0.0109877 -0.0119931
0 -0.00657488 -0.0110188 -0.012023
0 -0.00656823 -0.010993 -0.0119827
0 -0.00653481 -0.0109111 -0.0118762
0 -0.00647572 -0.0107766 -0.0117078
0 -0.00639292 -0.0105943 -0.0114826
0 -0.00628972 -0.0103688 -0.0112058
0 -0.00617059 -0.010106 -0.0108831
0 -0.00603992 -0.00981287 -0.0105212
0 -0.00590142 -0.00949713 -0.0101275
0 -0.0057599 -0.00916716 -0.00971046
0 -0.00561891 -0.00883129 -0.00928002
0 -0.00548 -0.00849655 -0.00884714
0 -0.00534582 -0.00817148 -0.00842297
0 -0.00521836 -0.00786372 -0.00801819
0 -0.00509917 -0.00757782 -0.00764292
0 -0.00499079 -0.00732025 -0.00730641
0 -0.0048954 -0.00709713 -0.00701632
0 -0.00481472 -0.00691145 -0.0067784
0 -0.0047507 -0.00676682 -0.00659666
0 -0.00470517 -0.0066666 -0.00647333
0 -0.00467914 -0.00661208 -0.00640891
0 -0.00467337 -0.00660376 -0.00640261
0 -0.00468805 -0.00664121 -0.00645261
0 -0.00472251 -0.00672238 -0.00655637
0 -0.00477566 -0.00684408 -0.00671061
0 -0.00484555 -0.00700257 -0.00691132
0 -0.00492949 -0.00719327 -0.00715367
0 -0.0050246 -0.00741105 -0.00743198
0 -0.00512776 -0.00765045 -0.00773968
0 -0.00523594 -0.00790534 -0.00806932
0 -0.00534654 -0.00816936 -0.00841268
0 -0.00545736 -0.00843636 -0.00876111
0 -0.00556639 -0.00870086 -0.00910565
0 -0.00567213 -0.00895693 -0.0094373
0 -0.00577293 -0.00919783 -0.00974743
0 -0.00586672 -0.00941858 -0.0100284
0 -0.00595193 -0.00961524 -0.0102742
0 -0.00602631 -0.00978253 -0.0104804
0 -0.00608702 -0.00991611 -0.0106438
0 -0.00613218 -0.0100138 -0.0107624
0 -0.00616036 -0.0100739 -0.0108352
0 -0.00617029 -0.0100952 -0.0108616
0 -0.00616204 -0.0100784 -0.0108421
0 -0.00613666 -0.0100247 -0.0107775
0 -0.0060955 -0.0099359 -0.0106697
0 -0.00604077 -0.00981498 -0.0105213
0 -0.00597496 -0.00966573 -0.0103357
0 -0.00590014 -0.00949229 -0.0101175
0 -0.00581868 -0.00929971 -0.00987228
0 -0.00573272 -0.00909322 -0.00960652
0 -0.00564322 -0.00887735 -0.00932751
0 -0.00555171 -0.00865705 -0.00904288
0 -0.00546046 -0.00843808 -0.00876005
0 -0.00537064 -0.00822567 -0.00848597
0 -0.00528428 -0.00802433 -0.00822694
0 -0.00520417 -0.00783825 -0.00798853
0 -0.00513214 -0.00767171 -0.00777565
0 -0.00507016 -0.00752854 -0.00759251
0 -0.00502009 -0.00741166 -0.00744253
0 -0.00498285 -0.00732349 -0.00732841
0 -0.00495895 -0.00726562 -0.00725216
0 -0.00494859 -0.00723868 -0.00721507
0 -0.00495143 -0.0072427 -0.00721766
0 -0.00496681 -0.00727682 -0.00725957
0 -0.00499397 -0.00733944 -0.00733942
0 -0.00503191 -0.00742856 -0.00745485
0 -0.00507948 -0.00754161 -0.00760247
0 -0.00513549 -0.00767561 -0.007778
0 -0.00519862 -0.00782717 -0.00797641
0 -0.00526746 -0.00799239 -0.00819217
0 -0.00534061 -0.00816718 -0.00841955
0 -0.00541648 -0.0083474 -0.00865278
0 -0.0054933 -0.00852889 -0.00888619
0 -0.00556923 -0.0087076 -0.00911423
0 -0.00564248 -0.00887891 -0.00933171
0 -0.00571124 -0.00903866 -0.0095338
0 -0.00577349 -0.00918339 -0.00971618
0 -0.00582762 -0.00930951 -0.00987508
