0 -0.000967037 -0.0016139 -0.00193696
0 -0.00098598 -0.0016502 -0.00197748
0 -0.00100121 -0.00167816 -0.00200809
0 -0.0010125 -0.00169762 -0.00202888
0 -0.0010195 -0.00170855 -0.00203994
0 -0.001022 -0.00171095 -0.00204139
0 -0.00102002 -0.00170492 -0.00203336
0 -0.00101356 -0.00169056 -0.00201603
0 -0.00100266 -0.00166807 -0.00198955
0 -0.000987454 -0.00163766 -0.00195412
0 -0.000968165 -0.00159961 -0.00190998
0 -0.000945195 -0.00155421 -0.00185735
0 -0.000918957 -0.0015018 -0.00179654
0 -0.000889627 -0.00144276 -0.00172784
0 -0.000857476 -0.00137752 -0.00165161
0 -0.000822998 -0.00130658 -0.00156823
0 -0.000786605 -0.00123046 -0.00147813
0 -0.000748577 -0.00114965 -0.00138179
0 -0.000709179 -0.00106473 -0.00127974
0 -0.000668688 -0.000976437 -0.00117256
0 -0.000627382 -0.000885338 -0.00106089
0 -0.000585552 -0.000791892 -0.000945405
0 -0.000543475 -0.000696702 -0.000826864
0 -0.000501346 -0.000600387 -0.000706074
0 -0.000459489 -0.000503452 -0.000583875
0 -0.000418177 -0.000406414 -0.000461112
0 -0.000377146 -0.000309761 -0.000338633
0 -0.000336296 -0.000214032 -0.000217292
0 -0.000296013 -0.000119851 -9.7937e-05
0 -0.000256372 -2.77877e-05 1.85952e-05
0 -0.000217305 6.17748e-05 0.000131505
0 -0.00017909 0.000148661 0.000240085
0 -0.000142036 0.000232435 0.000343733
0 -0.000106263 0.000312438 0.000441931
0 -7.19312e-05 0.000388243 0.000534222
0 -3.9343e-05 0.000459463 0.000620177
0 -8.96289e-06 0.000525572 0.000699439
0 1.88935e-05 0.000586067 0.000771739
0 4.43228e-05 0.00064053 0.000836863
0 6.7218e-05 0.000688728 0.000894601
0 8.71088e-05 0.000730522 0.000944701
0 0.000103629 0.00076553 0.000986893
0 0.000116646 0.00079343 0.00102096
0 0.000126185 0.000814237 0.00104679
0 0.000132209 0.000827924 0.00106425
0 0.000134526 0.000834312 0.00107317
0 0.000133053 0.000833337 0.00107338
0 0.000128037 0.000825146 0.00106492
0 0.000119921 0.000810073 0.00104807
0 0.000109159 0.000788588 0.00102325
0 9.61895e-05 0.000761215 0.000990922
0 8.14234e-05 0.000728461 0.000951539
0 6.51762e-05 0.000690843 0.00090556
0 4.76292e-05 0.00064889 0.000853448
0 2.88601e-05 0.000603073 0.000795703
0 8.9419e-06 0.000553902 0.000732951
0 -1.19853e-05 0.000501847 0.000665866
0 -3.40005e-05 0.00044708 0.000594874
0 -5.7743e-05 0.00038942 0.000519975
0 -8.41738e-05 0.000328403 0.000441013
0 -0.000113778 0.000263616 0.000358063
0 -0.000146238 0.000194931 0.000271485
0 -0.000181156 0.000122411 0.000181783
0 -0.000218333 4.62914e-05 8.94346e-05
0 -0.000257389 -3.30912e-05 -5.18701e-06
0 -0.000297726 -0.000115399 -0.000101753
0 -0.000338707 -0.000200208 -0.000199926
0 -0.000379711 -0.000286741 -0.000299372
0 -0.000420354 -0.000374076 -0.00039984
0 -0.000460575 -0.000461581 -0.000501276
0 -0.000500449 -0.000548795 -0.000603843
0 -0.00054021 -0.000635505 -0.00070767
0 -0.000579859 -0.00072154 -0.000812534
0 -0.000618944 -0.000806388 -0.000917879
0 -0.000657179 -0.000889596 -0.00102302
0 -0.000694055 -0.000970666 -0.00112688
0 -0.000727949 -0.00104818 -0.00122741
0 -0.000756603 -0.00111966 -0.00132153
0 -0.000778187 -0.00118252 -0.00140615
0 -0.000792354 -0.00123557 -0.00147956
0 -0.000800923 -0.00127939 -0.00154206
0 -0.000806862 -0.00131529 -0.0015949
0 -0.000811898 -0.00134379 -0.00163822
0 -0.000815215 -0.00136344 -0.00166999
0 -0.000814808 -0.00137175 -0.00168726
0 -0.000810188 -0.00136806 -0.00168886
0 -0.000803619 -0.0013547 -0.00167662
0 -0.000798632 -0.00133561 -0.00165408
0 -0.00079744 -0.00131391 -0.00162406
0 -0.000799851 -0.0012909 -0.00158772
0 -0.000804301 -0.00126683 -0.00154544
0 -0.000808972 -0.00124183 -0.00149778
0 -0.000811466 -0.00121509 -0.00144492
0 -0.000808165 -0.00118394 -0.0013858
0 -0.000795176 -0.001145 -0.00131871
0 -0.000771033 -0.00109636 -0.00124375
0 -0.000738795 -0.0010396 -0.00116474
0 -0.000704758 -0.000979667 -0.00108813
0 -0.000674329 -0.000921182 -0.00101909
0 -0.000649038 -0.000865525 -0.000958906
0 -0.000627241 -0.000811967 -0.000905648
0 -0.000606722 -0.000759862 -0.000856766
0 -0.000586211 -0.000709406 -0.000810429
0 -0.000564727 -0.000660963 -0.000765046
0 -0.000540597 -0.000613998 -0.000718495
0 -0.000511997 -0.000566783 -0.000668198
0 -0.000477696 -0.000516942 -0.000611757
0 -0.00043696 -0.000461896 -0.000547286
0 -0.00038916 -0.000398735 -0.000473047
0 -0.000333625 -0.000323901 -0.000386845
0 -0.000269975 -0.000233494 -0.000286015
0 -0.000198847 -0.000125007 -0.000168785
0 -0.000123284 3.80224e-07 -3.63017e-05
0 -4.91156e-05 0.000137692 0.000107456
0 1.81679e-05 0.000281239 0.000258886
0 7.69957e-05 0.000427634 0.000417571
0 0.000129183 0.000575485 0.000585252
0 0.00017673 0.000722967 0.000762595
0 0.00021988 0.000866521 0.00094759
0 0.000257793 0.00100161 0.00113635
0 0.000290164 0.0011246 0.00132444
0 0.000317957 0.00123453 0.00150778
0 0.000343411 0.00133324 0.00168328
0 0.000369454 0.00142366 0.00184847
0 0.000398049 0.00150816 0.00200034
0 0.000428549 0.00158716 0.00213424
0 0.000458498 0.00165929 0.00224497
0 0.000486599 0.00172368 0.00232963
0 0.000513915 0.00178111 0.00238894
0 0.000541636 0.0018321 0.00242519
0 0.000569152 0.00187508 0.00244005
0 0.000595572 0.00190809 0.00243584
0 0.000622225 0.00193175 0.00241788
0 0.000652236 0.00194949 0.00239393
0 0.000687795 0.0019651 0.00237127
0 0.000728966 0.0019815 0.00235523
0 0.000775336 0.00200225 0.00235059
0 0.0008277 0.00203302 0.0023632
0 0.000887201 0.0020803 0.00239904
0 0.000952892 0.00214824 0.00246159
0 0.00102086 0.00223706 0.00255063
0 0.00108597 0.00234419 0.00266366
0 0.00114418 0.00246614 0.00279814
0 0.00119351 0.00259938 0.00295217
0 0.0012335 0.00273977 0.00312368
0 0.00126351 0.00288135 0.00330866
0 0.00128096 0.00301508 0.00349933
0 0.0012812 0.00312921 0.00368396
0 0.00125991 0.00321211 0.00384941
0 0.00121749 0.0032572 0.00398578
0 0.00116174 0.00326636 0.00408987
0 0.00110504 0.00324796 0.00416329
0 0.0010579 0.00321113 0.00420721
0 0.00102505 0.00316188 0.00421927
0 0.00100707 0.00310435 0.00419587
0 0.00100454 0.00304421 0.00413684
0 0.00101968 0.00298977 0.00404742
0 0.00105408 0.00294893 0.00393592
0 0.00110551 0.00292532 0.00381013
0 0.00116821 0.00291807 0.00367683
0 0.00123684 0.00292555 0.0035449
0 0.00130973 0.0029488 0.00342764
0 0.00138775 0.00299076 0.00334068
0 0.00146932 0.00305176 0.00329596
0 0.00154662 0.00312573 0.00329673
0 0.00160691 0.00320128 0.00333777
0 0.00163757 0.00326607 0.00340971
0 0.00162999 0.00330999 0.00350233
0 0.00158056 0.00332579 0.00360497
0 0.00148967 0.00330795 0.00370594
0 0.00136034 0.00325165 0.0037918
0 0.00119711 0.00315224 0.00384713
0 0.00100526 0.00300497 0.00385517
0 0.00079012 0.00280514 0.0037988
0 0.000556633 0.00254853 0.00366151
0 0.000309612 0.00223196 0.00342886
0 5.41784e-05 0.00185399 0.00309002
0 -0.000204549 0.00141542 0.00263883
0 -0.000462025 0.000919234 0.00207411
0 -0.000714713 0.000369987 0.00139957
0 -0.000960968 -0.000227006 0.000623006
0 -0.00120332 -0.000866736 -0.000245052
0 -0.00144777 -0.00154681 -0.00119316
0 -0.00169799 -0.00226976 -0.00220985
0 -0.00195543 -0.00303634 -0.00328185
0 -0.00222225 -0.00383358 -0.00439057
0 -0.00249816 -0.00463947 -0.00551173
0 -0.0027802 -0.00543839 -0.00661992
0 -0.00306577 -0.00622182 -0.00769257
0 -0.00335257 -0.00697983 -0.00871062
0 -0.00363858 -0.00770079 -0.00965805
0 -0.00392235 -0.00837539 -0.010521
0 -0.0042005 -0.0089957 -0.0112875
0 -0.00446577 -0.00955196 -0.0119475
0 -0.00470878 -0.010033 -0.0124928
0 -0.0049204 -0.0104286 -0.012917
0 -0.00509403 -0.010732 -0.0132182
0 -0.0052291 -0.0109432 -0.0134025
0 -0.00533232 -0.0110707 -0.0134849
0 -0.00541354 -0.0111274 -0.0134839
0 -0.00547825 -0.0111245 -0.0134144
0 -0.00552159 -0.0110652 -0.0132823
0 -0.00552857 -0.0109437 -0.0130837
0 -0.00548101 -0.0107502 -0.0128099
0 -0.00536645 -0.0104775 -0.0124554
0 -0.0051847 -0.0101265 -0.0120231
0 -0.00494862 -0.00970723 -0.0115259
0 -0.00467919 -0.00923612 -0.0109818
0 -0.00439802 -0.00873036 -0.0104086
0 -0.00412002 -0.00820254 -0.00981702
0 -0.00385024 -0.00765864 -0.00920931
0 -0.00358711 -0.00710101 -0.00858238
0 -0.00332804 -0.00653288 -0.00793362
0 -0.00307311 -0.00596081 -0.00726445
0 -0.00282525 -0.00539398 -0.00658071
0 -0.00258795 -0.0048414 -0.0058905
0 -0.00236233 -0.00430845 -0.00520116
0 -0.00214545 -0.00379469 -0.00451708
0 -0.00193042 -0.00329475 -0.00383989
0 -0.00170827 -0.00280088 -0.00317026
0 -0.00147241 -0.0023057 -0.00250958
0 -0.00122174 -0.00180461 -0.00186058
0 -0.000959994 -0.0012965 -0.00122761
0 -0.000693459 -0.000783793 -0.000616588
0 -0.000428729 -0.000270978 -3.18956e-05
0 -0.00016804 0.000242382 0.000530094
0 9.68088e-05 0.000764929 0.00108312
0 0.000378338 0.00130493 0.00164315
0 0.000678157 0.00186055 0.00221734
0 0.00098301 0.00241903 0.00280133
0 0.00127531 0.00296398 0.00338601
0 0.00154501 0.00348497 0.00396656
0 0.00179384 0.00398336 0.00454762
0 0.00203145 0.00447024 0.00514064
0 0.00226652 0.00495673 0.00575457
0 0.0024987 0.00544472 0.00638694
0 0.00271917 0.00592684 0.00702448
0 0.00291913 0.00639502 0.0076528
0 0.00309681 0.00684709 0.00826407
0 0.00325775 0.00728559 0.0088562
0 0.00341037 0.00771267 0.00942788
0 0.00356013 0.00812727 0.0099758
0 0.00370793 0.00852554 0.0104948
0 0.0038536 0.0089028 0.0109795
0 0.00399866 0.00925573 0.011426
0 0.00414566 0.00958405 0.0118337
0 0.00429652 0.00988981 0.0122041
0 0.00445001 0.0101738 0.0125377
0 0.004599 0.0104319 0.0128299
0 0.00472942 0.0106528 0.0130701
0 0.00482252 0.0108198 0.0132431
0 0.00486111 0.0109152 0.0133339
0 0.00483565 0.0109254 0.0133333
0 0.00474486 0.0108419 0.013237
0 0.00459227 0.010659 0.013043
0 0.00438419 0.0103727 0.0127494
0 0.0041306 0.00998425 0.0123566
0 0.00384557 0.00950142 0.0118681
0 0.00354421 0.00893723 0.011289
0 0.00323791 0.00830576 0.0106231
0 0.00293092 0.00761819 0.0098698
0 0.0026202 0.00688125 0.00902504
0 0.00229929 0.0060993 0.00808515
0 0.00196343 0.00527823 0.00705277
0 0.00161306 0.0044267 0.0059387
0 0.00125251 0.00355276 0.00475844
0 0.000883436 0.00265942 0.00352708
0 0.000501641 0.00174462 0.00225799
0 0.000102962 0.00080577 0.000966134
0 -0.000309947 -0.000157888 -0.000329395
0 -0.000730665 -0.00114131 -0.00160586
0 -0.00115166 -0.00212554 -0.00284033
0 -0.00155988 -0.00308493 -0.00401447
0 -0.00194255 -0.00400278 -0.00511551
0 -0.00229816 -0.00487029 -0.0061359
0 -0.00263589 -0.00567863 -0.00707427
0 -0.00296535 -0.00642046 -0.00793392
0 -0.00328926 -0.00709434 -0.00871937
0 -0.00360707 -0.00770265 -0.00943399
0 -0.00392084 -0.00824891 -0.0100804
0 -0.0042331 -0.00874014 -0.0106628
0 -0.00454262 -0.00918846 -0.0111872
0 -0.00484553 -0.00960734 -0.0116609
0 -0.0051377 -0.0100069 -0.0120899
0 -0.00541277 -0.0103918 -0.012478
0 -0.00565886 -0.0107589 -0.0128251
0 -0.00585943 -0.0110965 -0.0131266
0 -0.00599836 -0.0113864 -0.0133754
0 -0.00606434 -0.0116083 -0.0135645
0 -0.00605221 -0.0117431 -0.0136877
0 -0.00596401 -0.0117763 -0.0137411
0 -0.00581033 -0.0117016 -0.0137242
0 -0.00560897 -0.0115222 -0.0136386
0 -0.00538052 -0.0112487 -0.013486
0 -0.00514402 -0.0108974 -0.0132665
0 -0.00491325 -0.0104864 -0.0129767
0 -0.00469128 -0.010029 -0.0126064
0 -0.00446721 -0.00952743 -0.0121359
0 -0.00422193 -0.00897541 -0.0115424
0 -0.00393935 -0.00836569 -0.0108108
0 -0.00361316 -0.00769447 -0.00993924
0 -0.00324719 -0.00696153 -0.00893901
0 -0.00285303 -0.00616989 -0.00783168
0 -0.00244658 -0.00532574 -0.00664571
0 -0.00204438 -0.00443803 -0.00541224
0 -0.0016608 -0.00351841 -0.00416159
0 -0.00130538 -0.00258149 -0.00292093
0 -0.00098138 -0.00164489 -0.00171244
0 -0.000687228 -0.000729929 -0.000551967
0 -0.000420573 0.000140871 0.000549991
0 -0.000175889 0.000956016 0.00158608
0 6.36506e-05 0.00171691 0.00255215
0 0.000320736 0.00242291 0.00344851
0 0.000609408 0.00307215 0.00427851
0 0.000930423 0.00367028 0.00504353
0 0.0012742 0.00422299 0.00573737
0 0.0016234 0.00472739 0.00634653
0 0.00195563 0.00517671 0.00685692
0 0.00224973 0.00556901 0.00726148
0 0.00249432 0.00590889 0.00756478
0 0.00269085 0.00620436 0.00778281
0 0.00284805 0.00646322 0.00793767
0 0.00297436 0.00668999 0.00805118
0 0.00307528 0.006884 0.00814078
0 0.00315256 0.00703898 0.00821688
0 0.00320227 0.00714452 0.00828149
0 0.00321607 0.00718917 0.00832931
0 0.0031856 0.00716335 0.00835031
0 0.00310487 0.00706068 0.00833157
0 0.00297035 0.00687821 0.00825856
0 0.002783 0.00661765 0.00811795
0 0.00255027 0.00628607 0.00790038
0 0.00228253 0.00589201 0.00759859
0 0.00198657 0.00543935 0.00720275
0 0.00166499 0.00492556 0.0066998
0 0.00132072 0.00434603 0.00607866
0 0.000961895 0.00370217 0.00533837
0 0.000605446 0.00300715 0.0044934
0 0.000274894 0.00228349 0.00357016
0 -9.86351e-06 0.00155389 0.002597
0 -0.000244039 0.000832309 0.00159475
0 -0.00044064 0.00012054 0.000573632
0 -0.00062193 -0.000589024 -0.000462252
0 -0.000807125 -0.00130578 -0.00150586
0 -0.00100319 -0.002024 -0.00253957
0 -0.00120473 -0.00271589 -0.00353591
0 -0.0014034 -0.00335532 -0.00446569
0 -0.00159559 -0.00393421 -0.00530437
0 -0.00178416 -0.00445233 -0.00603645
0 -0.00197925 -0.00491306 -0.00665968
0 -0.00219704 -0.00533046 -0.00718447
0 -0.00245188 -0.00572533 -0.00762638
0 -0.00274458 -0.0061092 -0.00799578
0 -0.00305783 -0.00647627 -0.00829223
0 -0.00336299 -0.00681044 -0.00850883
0 -0.00363062 -0.00709481 -0.0086409
0 -0.00383812 -0.0073151 -0.00869087
0 -0.00397345 -0.00746097 -0.0086685
0 -0.00403584 -0.00752851 -0.00858974
0 -0.00403381 -0.00752077 -0.00847439
0 -0.00398105 -0.00744532 -0.00834176
0 -0.00389208 -0.00731182 -0.00820635
0 -0.00377838 -0.00713028 -0.00807478
0 -0.00364565 -0.00690893 -0.00794426
0 -0.00349355 -0.00665289 -0.00780325
0 -0.00331708 -0.00636372 -0.00763376
0 -0.00310839 -0.00603886 -0.00741378
0 -0.00285919 -0.00567189 -0.00712037
0 -0.00256546 -0.00525553 -0.00673499
0 -0.00223369 -0.00478763 -0.00625042
0 -0.00188319 -0.00427457 -0.0056737
0 -0.0015393 -0.00372751 -0.00502099
0 -0.00122172 -0.00315561 -0.00430876
0 -0.000938396 -0.00256264 -0.00354843
0 -0.000688397 -0.00194841 -0.00274643
0 -0.000466732 -0.00131241 -0.00190713
0 -0.000265627 -0.000657517 -0.00103661
0 -7.85897e-05 6.39219e-06 -0.000145185
0 9.64615e-05 0.000661535 0.000752406
0 0.000262717 0.00129025 0.00163855
0 0.000425004 0.00188399 0.00249484
0 0.000585737 0.00243845 0.00330352
0 0.000746363 0.00294575 0.0040486
0 0.000908448 0.00339891 0.00471633
0 0.00107057 0.00379512 0.00529307
0 0.00122523 0.00412971 0.00576311
0 0.00136039 0.00439322 0.00611073
0 0.00146525 0.00457737 0.00632535
0 0.00153605 0.00468121 0.00640645
0 0.00157627 0.00470982 0.00636351
0 0.00159153 0.00466893 0.0062109
0 0.00158581 0.00456294 0.00596381
0 0.00156326 0.00439798 0.0056394
0 0.00153146 0.00418538 0.00525944
0 0.00149917 0.00394027 0.00484798
0 0.00146883 0.00367467 0.00442352
0 0.00143211 0.00339213 0.00399345
0 0.00137429 0.00308993 0.00355721
0 0.00128279 0.00276567 0.0031137
0 0.00115217 0.00242102 0.00266554
0 0.000984424 0.00206119 0.0022189
0 0.000786569 0.00169241 0.00178112
0 0.000567542 0.00131974 0.00135812
0 0.000335808 0.000946449 0.000952741
0 9.73575e-05 0.000572622 0.000563264
0 -0.000147408 0.000192164 0.000181048
0 -0.000404582 -0.000207604 -0.000210263
0 -0.000683536 -0.000641585 -0.000630727
0 -0.000991703 -0.00112096 -0.00109758
0 -0.00132722 -0.00164892 -0.00162056
0 -0.00167598 -0.0022193 -0.00220041
0 -0.00201692 -0.00281675 -0.00282891
0 -0.00232494 -0.00341699 -0.003488
0 -0.00257158 -0.00398888 -0.00415148
0 -0.00273631 -0.00450358 -0.00479555
0 -0.00282252 -0.00494878 -0.00541159
0 -0.0028582 -0.0053334 -0.00600735
0 -0.00288068 -0.00567743 -0.00659616
0 -0.00292015 -0.00599854 -0.00718363
0 -0.00298891 -0.00630255 -0.00775815
0 -0.00307681 -0.0065796 -0.00828873
0 -0.00315795 -0.0068092 -0.00873351
0 -0.00320696 -0.00697168 -0.0090549
0 -0.00321013 -0.00705517 -0.00922936
0 -0.00316297 -0.00705219 -0.00924526
0 -0.00306212 -0.00695193 -0.00909541
0 -0.00290208 -0.00673795 -0.00877352
0 -0.00267858 -0.00639287 -0.00827669
0 -0.00239412 -0.00590591 -0.00761006
0 -0.00206168 -0.00527929 -0.00679021
0 -0.00170583 -0.00453223 -0.00584663
0 -0.00136342 -0.00370409 -0.00482304
0 -0.00108284 -0.00285613 -0.00377856
0 -0.000911901 -0.00206212 -0.00277914
0 -0.000871822 -0.00138154 -0.00187254
0 -0.000933622 -0.00083307 -0.00106325
0 -0.00101846 -0.000390204 -0.000310715
0 -0.00102878 9.33099e-06 0.000444221
0 -0.000892387 0.000438327 0.00124257
0 -0.000594149 0.000931437 0.00207965
0 -0.000180625 0.00146482 0.00290061
0 0.000265641 0.0019897 0.00362607
0 0.000666024 0.00246726 0.00418897
0 0.000974003 0.00287599 0.00455737
0 0.00117967 0.00320985 0.00473824
0 0.00129889 0.00347538 0.00476711
0 0.00135926 0.00368144 0.00469128
0 0.00138825 0.00382877 0.00455561
0 0.00140661 0.00391135 0.0043963
0 0.00142638 0.00392418 0.0042394
0 0.00144954 0.00386568 0.00409878
0 0.00147043 0.00373877 0.00397733
0 0.00149081 0.00356452 0.00388141
0 0.00153532 0.00339658 0.00383811
0 0.00164178 0.00330898 0.00388882
0 0.00183334 0.00336358 0.00406308
0 0.0020998 0.00358548 0.00435994
0 0.00239919 0.00395863 0.00474898
0 0.00267442 0.00443694 0.00518529
0 0.00287459 0.00496135 0.00562753
0 0.00297014 0.00547433 0.00604961
0 0.00295664 0.00592735 0.00644198
0 0.00284841 0.00628187 0.00680449
0 0.00266781 0.0065069 0.00713568
0 0.00243656 0.00657788 0.00742417
0 0.00216942 0.00647712 0.00764464
0 0.00186616 0.00619082 0.00775464
0 0.00151031 0.00570639 0.00769565
0 0.00108549 0.00502098 0.00740838
0 0.000598161 0.00415792 0.00685769
0 9.20334e-05 0.00318068 0.00605474
0 -0.000352674 0.00219261 0.00506346
0 -0.000644345 0.00131124 0.00397929
0 -0.000718923 0.000628895 0.00289208
0 -0.000565024 0.0001871 0.00186077
0 -0.000224441 -2.51654e-05 0.000911104
0 0.000223837 -6.59744e-05 4.67348e-05
0 0.000685646 -2.22365e-05 -0.000737204
0 0.00107779 4.84667e-05 -0.00143535
0 0.00135209 0.000137078 -0.00201852
0 0.00150175 0.000231537 -0.0024381
0 0.00154726 0.000314826 -0.00263892
0 0.00151499 0.000396127 -0.00258041
0 0.00142102 0.00048942 -0.00225746
0 0.00126255 0.000580732 -0.00170788
0 0.0010167 0.000631798 -0.00100951
0 0.00064941 0.000600073 -0.000268285
0 0.000132077 0.000440843 0.000402274
0 -0.000543158 0.000103529 0.000899507
0 -0.00135536 -0.000427991 0.00114704
0 -0.00225252 -0.00111133 0.0011031
0 -0.00315183 -0.0019003 0.00075786
0 -0.0039492 -0.00276113 0.000134241
0 -0.00454121 -0.00363195 -0.000716162
0 -0.0048492 -0.00442933 -0.00172819
0 -0.0048357 -0.00508791 -0.00283712
0 -0.00450982 -0.0055731 -0.0039887
0 -0.00392816 -0.00588702 -0.00514677
0 -0.00319367 -0.00607666 -0.00629372
0 -0.00243542 -0.00618046 -0.00742108
0 -0.0017693 -0.0062022 -0.00850904
0 -0.00127142 -0.00617387 -0.00951154
0 -0.000972653 -0.00614462 -0.0103599
0 -0.000860516 -0.00611585 -0.010968
0 -0.000891426 -0.00605702 -0.0112512
0 -0.00101356 -0.00595191 -0.0111538
0 -0.00118382 -0.00579826 -0.0106583
0 -0.00137091 -0.00558476 -0.00978383
0 -0.00155098 -0.00529046 -0.00857943
0 -0.00170298 -0.00489568 -0.00711442
0 -0.00180557 -0.0043796 -0.00546667
0 -0.00183368 -0.00371371 -0.00371103
0 -0.00175793 -0.00287648 -0.00190933
0 -0.00155152 -0.00187297 -0.000109424
0 -0.00120274 -0.000703767 0.00164523
0 -0.000727739 0.000640691 0.00331098
0 -0.000164282 0.00210849 0.00484637
0 0.000452535 0.00359178 0.00621588
0 0.00109635 0.00500195 0.00739688
0 0.00173812 0.00627937 0.0083843
0 0.00234493 0.00736984 0.00918937
0 0.00289138 0.00823463 0.00983512
0 0.00336955 0.00886902 0.0103489
0 0.00378031 0.00929142 0.0107532
0 0.00411181 0.0095232 0.0110591
0 0.00433655 0.00958491 0.0112639
0 0.00443128 0.0094996 0.0113546
0 0.00439252 0.00929517 0.0113208
0 0.00423777 0.0090075 0.0111684
0 0.00399418 0.00867216 0.0109139
0 0.00368061 0.00830182 0.0105615
0 0.0032978 0.00787389 0.0100914
0 0.00283649 0.00734417 0.00947207
0 0.00229658 0.0066742 0.00868269
0 0.00170068 0.00585109 0.00772736
0 0.0010936 0.00489222 0.00663526
0 0.000534129 0.00384093 0.00545241
0 8.23166e-05 0.00275889 0.00423185
0 -0.00021832 0.00171552 0.00302435
0 -0.000352319 0.000776402 0.00187146
0 -0.000328605 -5.59188e-06 0.000803664
0 -0.000172572 -0.000600037 -0.000159385
0 7.33357e-05 -0.00100782 -0.00100881
0 0.000349428 -0.00124358 -0.00174632
0 0.000588672 -0.0013237 -0.00237944
0 0.000730255 -0.00129504 -0.00291352
0 0.000731415 -0.00123338 -0.00334846
0 0.000573396 -0.00120466 -0.00367993
0 0.000257675 -0.00125762 -0.00390618
0 -0.000205319 -0.00144073 -0.00403926
0 -0.000802271 -0.00179978 -0.00410887
0 -0.00151023 -0.00235621 -0.00415468
0 -0.00228774 -0.0030951 -0.00421469
0 -0.00307457 -0.00397056 -0.00431852
0 -0.00380296 -0.00491685 -0.00448929
0 -0.00441273 -0.0058556 -0.00474479
0 -0.00485987 -0.00670222 -0.00509907
0 -0.00512309 -0.00738786 -0.00556892
0 -0.00521111 -0.00788747 -0.00617117
0 -0.00515659 -0.0082193 -0.0069131
0 -0.00499633 -0.00841485 -0.00778199
0 -0.00475855 -0.00849632 -0.00873787
0 -0.00446523 -0.00848652 -0.00972107
0 -0.00413878 -0.00842371 -0.0106621
0 -0.00380591 -0.00835171 -0.011493
0 -0.00349622 -0.00830354 -0.0121615
0 -0.00323512 -0.00829627 -0.0126273
0 -0.00303618 -0.00832797 -0.0128566
0 -0.0028988 -0.00837307 -0.0128254
0 -0.00281269 -0.00838683 -0.0125228
0 -0.00276491 -0.00831987 -0.0119555
0 -0.00274368 -0.00813009 -0.0111484
0 -0.00273677 -0.00778576 -0.0101382
0 -0.00272756 -0.00726557 -0.00896549
0 -0.0026941 -0.0065611 -0.00766826
0 -0.00261096 -0.00567813 -0.0062797
0 -0.00245058 -0.00463358 -0.00482526
0 -0.00218589 -0.00345129 -0.00332057
0 -0.00179621 -0.00216351 -0.00177279
0 -0.00127218 -0.000806396 -0.000187403
0 -0.000623902 0.000599777 0.00142519
0 0.000119246 0.00204263 0.00304702
0 0.000926212 0.00348705 0.00465176
0 0.00176496 0.00488736 0.00620812
0 0.00258831 0.00621471 0.00768615
0 0.0033389 0.00745046 0.00906114
0 0.00396914 0.00857237 0.010314
0 0.00445635 0.0095577 0.0114296
0 0.00479641 0.0103881 0.0123962
0 0.0049845 0.011046 0.0132041
0 0.00501594 0.0115107 0.0138433
0 0.00490066 0.0117608 0.0142998
0 0.00465991 0.0117784 0.0145543
0 0.00431603 0.0115562 0.0145895
0 0.00389703 0.0111045 0.0143973
0 0.00344359 0.0104551 0.0139819
0 0.00300191 0.00965592 0.0133559
0 0.00260876 0.00875911 0.0125341
0 0.00228227 0.00781127 0.0115293
0 0.00202341 0.00684918 0.010353
0 0.00182204 0.00589978 0.00902111
0 0.00166086 0.00498006 0.00755732
0 0.00151992 0.00409663 0.00599352
0 0.00138165 0.00324744 0.00436974
0 0.00123103 0.00242534 0.00273399
0 0.00105524 0.00161077 0.00113586
0 0.000844589 0.000777016 -0.000379402
0 0.000590079 -7.52802e-05 -0.00177448
0 0.000282036 -0.000927553 -0.00302522
0 -8.99112e-05 -0.00178576 -0.00411845
0 -0.00053336 -0.00266554 -0.00505177
0 -0.00104613 -0.00356046 -0.00583823
0 -0.00162052 -0.00445502 -0.00650511
0 -0.0022514 -0.00534436 -0.00708861
0 -0.00293297 -0.00622648 -0.00762729
0 -0.00364837 -0.0070916 -0.00815709
0 -0.00436606 -0.00792781 -0.00870779
0 -0.00504833 -0.00872622 -0.00929885
0 -0.00565736 -0.00947466 -0.00993524
0 -0.00615318 -0.0101534 -0.0106073
0 -0.00649879 -0.0107421 -0.0112971
0 -0.0066752 -0.0112291 -0.0119873
0 -0.00668875 -0.0116122 -0.0126645
0 -0.00656471 -0.0118946 -0.0133168
0 -0.006338 -0.0120831 -0.013931
0 -0.00604788 -0.0121863 -0.0144915
0 -0.00573389 -0.0122129 -0.0149781
0 -0.0054294 -0.0121689 -0.0153659
0 -0.00515514 -0.0120558 -0.0156238
0 -0.0049183 -0.011871 -0.0157184
0 -0.00471771 -0.0116116 -0.0156207
0 -0.00454958 -0.011277 -0.015312
0 -0.00440876 -0.0108691 -0.0147865
0 -0.00428568 -0.0103882 -0.0140481
0 -0.00416307 -0.00982807 -0.0131058
0 -0.00401846 -0.00917663 -0.011973
0 -0.00383314 -0.00842432 -0.0106733
0 -0.00359917 -0.00757112 -0.00924393
0 -0.00331714 -0.00662548 -0.0077303
0 -0.00298814 -0.00559781 -0.0061756
0 -0.00260842 -0.00449654 -0.00461331
0 -0.00217125 -0.00333017 -0.00306526
0 -0.00167189 -0.00211306 -0.00154292
0 -0.00110806 -0.00085888 -5.13288e-05
0 -0.000484265 0.000432965 0.00140843
0 0.000186855 0.0017619 0.00283775
0 0.000897367 0.00310633 0.00423709
0 0.00164167 0.00443874 0.00560545
0 0.00240043 0.0057423 0.00694264
0 0.00314186 0.00700497 0.00825063
0 0.00383694 0.00821412 0.00953306
0 0.00447184 0.00936158 0.0107936
0 0.00504387 0.010445 0.0120343
0 0.00554629 0.0114627 0.0132545
0 0.00596802 0.0124111 0.0144505
0 0.00630778 0.0132867 0.0156149
0 0.00657422 0.014085 0.0167347
0 0.00677352 0.0147974 0.017791
0 0.00690712 0.0154133 0.0187612
0 0.00698088 0.0159245 0.019623
0 0.00700981 0.0163299 0.0203595
0 0.00701395 0.016635 0.0209599
0 0.00701157 0.0168488 0.0214173
0 0.00701381 0.0169781 0.0217236
0 0.00702356 0.0170261 0.0218699
0 0.00703917 0.0169956 0.0218506
0 0.00705788 0.0168917 0.0216679
0 0.00707517 0.0167199 0.0213306
0 0.00708166 0.0164817 0.0208496
0 0.00706133 0.0161705 0.0202337
0 0.00699135 0.0157714 0.0194881
0 0.00684535 0.0152627 0.0186144
0 0.00660016 0.0146202 0.0176125
0 0.00624005 0.0138234 0.0164838
0 0.0057581 0.0128577 0.0152317
0 0.00515583 0.0117156 0.013859
0 0.00444173 0.0103957 0.0123662
0 0.00363064 0.00890484 0.0107522
0 0.00274412 0.00725985 0.00901711
0 0.00180789 0.00548732 0.00716363
0 0.000847533 0.0036208 0.00519723
0 -0.000111715 0.00169704 0.00312548
0 -0.00105234 -0.000251478 0.000955539
0 -0.00198188 -0.00220321 -0.00130834
0 -0.00291128 -0.00415376 -0.00366421
0 -0.00382019 -0.00611555 -0.00610738
0 -0.00468491 -0.00808312 -0.00862526
0 -0.00551125 -0.010023 -0.0111954
0 -0.00631647 -0.0119228 -0.0137859
0 -0.00710328 -0.0137939 -0.0163599
0 -0.00786231 -0.0156319 -0.0188792
0 -0.00859332 -0.017418 -0.0213057
0 -0.00930591 -0.0191389 -0.0236043
0 -0.0100012 -0.0207846 -0.0257437
0 -0.0106722 -0.0223362 -0.0276964
0 -0.011315 -0.0237679 -0.029438
0 -0.0119272 -0.0250588 -0.0309506
0 -0.0125052 -0.0261965 -0.0322263
0 -0.0130477 -0.0271746 -0.0332682
0 -0.0135567 -0.027993 -0.034087
0 -0.0140321 -0.0286553 -0.0346957
0 -0.0144673 -0.0291636 -0.0351061
0 -0.0148475 -0.0295162 -0.0353272
0 -0.0151525 -0.0297097 -0.0353657
0 -0.0153622 -0.0297418 -0.0352269
0 -0.0154594 -0.0296116 -0.0349166
0 -0.0154305 -0.0293198 -0.0344421
0 -0.0152686 -0.028871 -0.0338146
0 -0.0149778 -0.0282745 -0.0330495
0 -0.0145733 -0.0275426 -0.0321646
0 -0.0140751 -0.0266876 -0.0311758
0 -0.0135044 -0.0257204 -0.0300946
0 -0.012881 -0.0246517 -0.0289281
0 -0.0122228 -0.0234929 -0.0276797
0 -0.0115442 -0.0222565 -0.0263501
0 -0.0108548 -0.0209529 -0.0249356
0 -0.0101569 -0.0195888 -0.0234276
0 -0.00944695 -0.0181667 -0.0218152
0 -0.00871939 -0.0166856 -0.0200879
0 -0.00796576 -0.015141 -0.0182375
0 -0.00717377 -0.013526 -0.0162593
0 -0.00633421 -0.011832 -0.014153
0 -0.00544519 -0.0100512 -0.0119234
0 -0.00450951 -0.00817818 -0.00958037
0 -0.0035333 -0.00621264 -0.0071385
0 -0.00253089 -0.00415987 -0.00461555
0 -0.00152858 -0.00203255 -0.00202805
0 -0.000538908 0.000143043 0.000611658
0 0.000459794 0.00235158 0.00329549
0 0.00149212 0.00460981 0.00601715
0 0.00256294 0.00691792 0.00876791
0 0.0036659 0.00923965 0.0115352
0 0.00479228 0.0115462 0.0143036
0 0.00593987 0.0138287 0.0170555
0 0.00710806 0.016076 0.0197709
0 0.00828281 0.0182701 0.0224287
0 0.00942776 0.0203992 0.0250078
0 0.010512 0.022458 0.0274879
0 0.0115409 0.0244388 0.0298502
0 0.0125187 0.02633 0.0320772
0 0.013424 0.0281196 0.034153
0 0.0142356 0.029794 0.0360653
0 0.014947 0.0313366 0.0378067
0 0.0155652 0.032739 0.0393755
0 0.0161007 0.0340058 0.0407745
0 0.016563 0.0351387 0.042008
0 0.0169623 0.0361311 0.0430818
0 0.017306 0.0369804 0.0440028
0 0.0176002 0.0376916 0.0447778
0 0.0178527 0.0382705 0.0454124
0 0.018068 0.0387183 0.0459094
0 0.0182421 0.0390321 0.0462676
0 0.0183658 0.0392091 0.0464811
0 0.018431 0.0392476 0.0465422
0 0.0184277 0.0391465 0.0464432
0 0.018343 0.0389051 0.046178
0 0.0181694 0.0385227 0.0457416
0 0.0179061 0.037999 0.0451289
0 0.0175534 0.0373315 0.0443363
0 0.017112 0.0365149 0.0433607
0 0.0165845 0.0355429 0.0421996
0 0.0159767 0.0344093 0.0408501
0 0.015294 0.0331074 0.039308
0 0.0145406 0.0316322 0.037569
0 0.0137215 0.029983 0.0356302
0 0.0128429 0.0281639 0.0334905
0 0.0119085 0.0261815 0.0311488
0 0.0109161 0.0240429 0.0286041
0 0.00986523 0.0217574 0.0258579
0 0.00876351 0.0193369 0.0229163
0 0.00761866 0.0167938 0.0197884
0 0.00642942 0.0141375 0.0164845
0 0.00518128 0.011374 0.0130169
0 0.00384731 0.00850864 0.00940175
0 0.00242 0.00554355 0.00565986
0 0.000928798 0.00245924 0.00181666
0 -0.000598346 -0.000740779 -0.00209673
0 -0.00215515 -0.00398478 -0.00604629
0 -0.00374511 -0.00722585 -0.0100003
0 -0.00537249 -0.0104819 -0.0139278
0 -0.00702964 -0.0137537 -0.0177957
0 -0.00869293 -0.0170065 -0.021572
0 -0.0103342 -0.0202163 -0.0252282
0 -0.0119378 -0.0233785 -0.0287433
0 -0.0135481 -0.0264775 -0.0321044
0 -0.0152211 -0.0294803 -0.0353036
0 -0.0168971 -0.0323567 -0.0383353
0 -0.0184837 -0.0350897 -0.0411963
0 -0.0199774 -0.0376707 -0.0438866
0 -0.0213953 -0.0400911 -0.046408
0 -0.0227237 -0.0423369 -0.048761
0 -0.0239468 -0.0443968 -0.0509422
0 -0.0250573 -0.0462661 -0.0529444
0 -0.026045 -0.0479399 -0.0547581
0 -0.0269023 -0.0494094 -0.0563715
0 -0.027626 -0.0506636 -0.0577713
0 -0.0282076 -0.0516931 -0.0589418
0 -0.0286312 -0.0524898 -0.0598654
0 -0.0288841 -0.0530444 -0.0605252
0 -0.0289582 -0.0533446 -0.0609064
0 -0.0288488 -0.0533779 -0.0609969
0 -0.0285626 -0.0531344 -0.0607878
0 -0.0281203 -0.0526055 -0.060272
0 -0.0275368 -0.0517832 -0.0594411
0 -0.0268193 -0.0506624 -0.0582845
0 -0.0259795 -0.0492439 -0.0567928
0 -0.0250354 -0.0475362 -0.0549595
0 -0.0240046 -0.0455551 -0.0527818
0 -0.0229004 -0.0433215 -0.0502607
0 -0.021732 -0.0408582 -0.0474016
0 -0.0205082 -0.0381892 -0.0442161
0 -0.0192391 -0.0353397 -0.0407245
0 -0.0179312 -0.0323355 -0.036957
0 -0.0165883 -0.0292029 -0.0329534
0 -0.0152174 -0.0259671 -0.028761
0 -0.0138364 -0.0226531 -0.024432
0 -0.01247 -0.0192856 -0.0200209
0 -0.0111195 -0.0159022 -0.0155839
0 -0.00976256 -0.0125771 -0.0111763
0 -0.00837972 -0.0093435 -0.00685039
0 -0.00696055 -0.0061393 -0.00265708
0 -0.00550263 -0.00295037 0.00135415
0 -0.00401818 0.000148844 0.00513918
0 -0.0025268 0.00311772 0.00866306
0 -0.00103939 0.00596687 0.0119019
0 0.000440723 0.0086917 0.014841
0 0.00190397 0.0112584 0.0174736
0 0.00333034 0.0136413 0.0198041
0 0.00469785 0.015836 0.0218479
0 0.00599045 0.0178383 0.0236289
0 0.00719762 0.0196341 0.0251757
0 0.00831067 0.0212135 0.026518
0 0.00932033 0.0225782 0.0276833
0 0.0102162 0.0237326 0.0286944
0 0.0109869 0.0246804 0.0295685
0 0.0116206 0.0254306 0.0303171
0 0.0121065 0.0259981 0.0309464
0 0.0124374 0.026399 0.0314579
0 0.012612 0.0266467 0.0318495
0 0.0126347 0.0267528 0.0321168
0 0.0125187 0.0267271 0.0322541
0 0.0122839 0.0265754 0.0322556
0 0.0119513 0.0263002 0.0321158
0 0.0115423 0.0259019 0.0318294
0 0.0110807 0.0253796 0.0313903
0 0.0105899 0.0247312 0.0307914
0 0.0100893 0.0239561 0.0300249
0 0.00959076 0.0230565 0.0290832
0 0.00909873 0.0220378 0.0279599
0 0.00861282 0.0209088 0.0266514
0 0.0081299 0.0196815 0.0251587
0 0.00764415 0.0183694 0.0234886
0 0.00714707 0.0169856 0.0216537
0 0.00662943 0.0155413 0.0196728
0 0.00608387 0.0140455 0.0175703
0 0.00550541 0.0125046 0.0153756
0 0.00489003 0.0109222 0.0131197
0 0.00423337 0.00929782 0.0108318
0 0.0035318 0.00762912 0.00853823
0 0.00278456 0.00591504 0.00626175
0 0.00199409 0.0041582 0.00402168
0 0.0011629 0.00236096 0.00183432
0 0.000290228 0.000525949 -0.000289573
0 -0.000618523 -0.00132714 -0.00234611
0 -0.00154345 -0.00316015 -0.00433426
0 -0.0024649 -0.00494432 -0.00625406
0 -0.00337217 -0.00666791 -0.00810662
0 -0.00425685 -0.00831694 -0.00989279
0 -0.00511339 -0.00987225 -0.0116131
0 -0.00594075 -0.0113242 -0.0132671
0 -0.00673521 -0.0126756 -0.014852
0 -0.00748688 -0.0139312 -0.0163615
0 -0.00818619 -0.0150946 -0.0177871
0 -0.00882844 -0.0161714 -0.0191197
0 -0.00941207 -0.0171709 -0.0203517
0 -0.00993722 -0.018102 -0.0214794
0 -0.0104068 -0.0189717 -0.0225037
0 -0.0108273 -0.0197852 -0.0234293
0 -0.0112076 -0.020546 -0.0242632
0 -0.0115563 -0.0212539 -0.025013
0 -0.0118787 -0.0219051 -0.0256856
0 -0.0121759 -0.0224927 -0.0262853
0 -0.0124458 -0.0230088 -0.0268137
0 -0.0126837 -0.0234446 -0.0272694
0 -0.0128819 -0.0237909 -0.0276468
0 -0.0130297 -0.0240378 -0.0279364
0 -0.0131134 -0.024175 -0.0281248
0 -0.0131186 -0.0241919 -0.0281961
0 -0.0130318 -0.0240776 -0.0281334
0 -0.0128447 -0.023823 -0.027921
0 -0.012556 -0.0234208 -0.0275456
0 -0.012169 -0.0228647 -0.0269961
0 -0.0116893 -0.0221473 -0.026261
0 -0.0111228 -0.0212609 -0.0253289
0 -0.0104771 -0.020199 -0.0241892
0 -0.00976133 -0.0189588 -0.022834
0 -0.00898595 -0.017542 -0.0212592
0 -0.00816165 -0.0159551 -0.0194646
0 -0.00729795 -0.0142091 -0.0174535
0 -0.00640294 -0.0123192 -0.0152342
0 -0.00548427 -0.0103048 -0.0128211
0 -0.0045505 -0.00818919 -0.0102352
0 -0.00361547 -0.00599795 -0.00750419
0 -0.00270749 -0.00375899 -0.00466193
0 -0.00185194 -0.0015113 -0.001748
0 -0.0010424 0.000683343 0.00119083
0 -0.00026365 0.00278639 0.00410183
0 0.000473973 0.00481364 0.00693123
0 0.00114483 0.00675408 0.00962351
0 0.00173407 0.0085465 0.0121248
0 0.00224599 0.0101509 0.0143892
0 0.00269249 0.0115598 0.0163773
0 0.00307807 0.0127585 0.0180533
0 0.00339659 0.0137161 0.0193861
0 0.00363919 0.0144097 0.0203502
0 0.00380172 0.0148323 0.0209269
0 0.00388442 0.014981 0.0211071
0 0.00388761 0.0148544 0.0208933
0 0.00381006 0.0144606 0.0202988
0 0.0036514 0.0138182 0.019346
0 0.00341393 0.0129482 0.0180648
0 0.00310178 0.0118726 0.016492
0 0.00271911 0.0106167 0.0146696
0 0.00226972 0.00920776 0.0126428
0 0.00175874 0.00767343 0.0104588
0 0.00119459 0.00604223 0.00816688
0 0.00058889 0.00434529 0.00581822
0 -4.4855e-05 0.00261539 0.00346337
0 -0.000692199 0.000884899 0.00114976
0 -0.00133802 -0.00081889 -0.00108087
0 -0.00196891 -0.00247953 -0.00319047
0 -0.00257735 -0.00406524 -0.00514252
0 -0.00315155 -0.00550967 -0.00690425
0 -0.00366429 -0.00676234 -0.00844721
0 -0.00409118 -0.00781492 -0.00974973
0 -0.00442853 -0.00866369 -0.0107999
0 -0.00468678 -0.00929541 -0.0115937
0 -0.00487844 -0.00970845 -0.0121337
0 -0.00501264 -0.00992148 -0.0124278
0 -0.00509705 -0.00995954 -0.01249
0 -0.00514184 -0.00984479 -0.0123384
0 -0.00515852 -0.00960117 -0.0119938
0 -0.00515489 -0.00925745 -0.0114799
0 -0.00513523 -0.00884302 -0.0108258
0 -0.00510557 -0.00838535 -0.010067
0 -0.00507536 -0.00791151 -0.00924418
0 -0.00505329 -0.00744734 -0.00839951
0 -0.00504318 -0.00701361 -0.00757321
0 -0.0050439 -0.00662486 -0.00680096
0 -0.00505174 -0.0062914 -0.00611289
0 -0.0050627 -0.00602092 -0.0055328
0 -0.00507291 -0.00581566 -0.005079
0 -0.00507883 -0.00567148 -0.00476664
0 -0.00507899 -0.00558678 -0.00460654
0 -0.00507452 -0.00556651 -0.00460338
0 -0.00506653 -0.00561418 -0.00475413
0 -0.00505391 -0.00572746 -0.00504645
0 -0.00503463 -0.00590216 -0.0054612
0 -0.00500851 -0.00613561 -0.00597643
0 -0.00497889 -0.00642413 -0.00656985
0 -0.00495191 -0.00675906 -0.00721892
0 -0.00493514 -0.00712749 -0.00789974
0 -0.00493658 -0.00751691 -0.00858856
0 -0.00496429 -0.00791808 -0.00926431
0 -0.0050257 -0.0083238 -0.00990891
0 -0.0051263 -0.00872721 -0.0105073
0 -0.00526785 -0.00912161 -0.0110472
0 -0.00544757 -0.00950118 -0.0115194
0 -0.00565904 -0.00986107 -0.0119176
0 -0.00589368 -0.0101972 -0.0122398
0 -0.00614154 -0.0105065 -0.012488
0 -0.00639154 -0.0107865 -0.0126679
0 -0.00663144 -0.011034 -0.012787
0 -0.00684803 -0.0112445 -0.0128534
0 -0.00702829 -0.0114116 -0.0128749
0 -0.00716131 -0.0115291 -0.0128589
0 -0.0072402 -0.0115922 -0.0128135
0 -0.00726274 -0.0115988 -0.0127469
0 -0.00723006 -0.0115483 -0.0126648
0 -0.00714457 -0.0114401 -0.0125688
0 -0.00700796 -0.0112725 -0.0124542
0 -0.00682031 -0.0110418 -0.01231
0 -0.00658049 -0.0107429 -0.0121199
0 -0.00628766 -0.0103701 -0.0118647
0 -0.00594228 -0.00991765 -0.0115239
0 -0.00554644 -0.00937996 -0.0110778
0 -0.0051039 -0.00875159 -0.0105082
0 -0.00462051 -0.00802834 -0.00980065
0 -0.00410426 -0.00720808 -0.00894557
0 -0.00356417 -0.00629037 -0.0079379
0 -0.00300896 -0.00527555 -0.00677606
0 -0.00244661 -0.0041642 -0.00546114
0 -0.00188609 -0.0029581 -0.00399727
0 -0.00133532 -0.00166246 -0.00239215
0 -0.000791265 -0.000289161 -0.000656689
0 -0.000242007 0.00113873 0.00119474
0 0.00031586 0.00260042 0.00314216
0 0.000875141 0.00409624 0.00516097
0 0.00143212 0.0056258 0.00722467
0 0.00199122 0.00716657 0.00930489
0 0.00255827 0.00869521 0.0113741
0 0.00313558 0.0102029 0.0134073
0 0.00372338 0.0116813 0.0153791
0 0.00432116 0.0131125 0.017263
0 0.0049249 0.014476 0.0190318
0 0.00552647 0.0157554 0.0206591
0 0.00611532 0.016936 0.0221218
0 0.00667861 0.0180013 0.0234002
0 0.00720111 0.0189352 0.024478
0 0.0076657 0.0197227 0.0253414
0 0.00805495 0.0203494 0.0259806
0 0.00835277 0.0208004 0.0263893
0 0.00854482 0.0210619 0.0265649
0 0.00861793 0.0211206 0.0265062
0 0.00856103 0.0209636 0.0262121
0 0.00836685 0.0205779 0.0256806
0 0.00803128 0.0199525 0.0249088
0 0.00755309 0.0190796 0.0238931
0 0.00693519 0.0179554 0.0226288
0 0.00618465 0.0165796 0.0211099
0 0.00531099 0.0149553 0.0193285
0 0.00432468 0.0130886 0.0172759
0 0.00323682 0.0109887 0.0149441
0 0.00205952 0.00866794 0.0123279
0 0.000805839 0.006142 0.00942615
0 -0.000511127 0.00342898 0.00624409
0 -0.00188495 0.000548246 0.00279465
0 -0.00332593 -0.00247928 -0.000900666
0 -0.00483553 -0.00563192 -0.00481277
0 -0.00637725 -0.0089128 -0.00890695
0 -0.00790916 -0.0123264 -0.0131452
0 -0.00941568 -0.0158012 -0.0174824
0 -0.0109014 -0.0192435 -0.0218632
0 -0.012378 -0.0226314 -0.0262291
0 -0.0138449 -0.0259663 -0.0305182
0 -0.0152796 -0.0292087 -0.0346636
0 -0.0166536 -0.0323081 -0.0385971
0 -0.0179633 -0.0352391 -0.0422539
0 -0.0192257 -0.0379824 -0.0455796
0 -0.0204213 -0.0404997 -0.048531
0 -0.0214909 -0.0427477 -0.0510704
0 -0.0224018 -0.0446967 -0.0531739
0 -0.0231616 -0.0463259 -0.0548356
0 -0.0237804 -0.0476107 -0.0560592
0 -0.024257 -0.0485248 -0.0568543
0 -0.024587 -0.0490584 -0.0572377
0 -0.024769 -0.0492226 -0.0572312
0 -0.0248104 -0.0490323 -0.0568595
0 -0.0247282 -0.0485035 -0.056148
0 -0.024532 -0.0476649 -0.0551199
0 -0.0242147 -0.0465585 -0.0537963
0 -0.0237687 -0.0452257 -0.0521974
0 -0.0231998 -0.0437034 -0.0503454
0 -0.0225209 -0.0420268 -0.0482663
0 -0.0217444 -0.0402306 -0.0459921
0 -0.0208865 -0.0383439 -0.04356
0 -0.0199714 -0.0363881 -0.0410096
0 -0.0190219 -0.0343776 -0.0383795
0 -0.0180515 -0.0323206 -0.0357032
0 -0.0170677 -0.0302201 -0.0330068
0 -0.0160731 -0.028076 -0.0303091
0 -0.0150654 -0.0258884 -0.0276213
0 -0.0140399 -0.0236599 -0.024948
0 -0.0129944 -0.0213952 -0.0222884
0 -0.0119342 -0.0191008 -0.0196382
0 -0.0108623 -0.0167866 -0.0169898
0 -0.00976377 -0.0144661 -0.0143328
0 -0.00862208 -0.0121524 -0.0116551
0 -0.00743074 -0.00984423 -0.00894644
0 -0.00618596 -0.00751848 -0.00620132
0 -0.00488766 -0.00515641 -0.00341982
0 -0.00354371 -0.00276421 -0.000607646
0 -0.00216652 -0.000349451 0.00222539
0 -0.000767077 0.00209357 0.00506712
0 0.000644416 0.00456591 0.00790403
0 0.00205448 0.00705668 0.0107221
0 0.00344674 0.00955237 0.013508
0 0.00480447 0.0120405 0.016249
0 0.00611218 0.0145058 0.0189322
0 0.00735691 0.0169273 0.0215444
0 0.0085291 0.0192812 0.0240733
0 0.00962281 0.0215444 0.026508
0 0.0106344 0.0236948 0.028839
0 0.0115611 0.0257104 0.0310571
0 0.0124008 0.027571 0.0331527
0 0.0131535 0.0292606 0.0351139
0 0.0138126 0.030767 0.0369269
0 0.0143524 0.0320813 0.0385761
0 0.0147664 0.0332004 0.0400432
0 0.0151088 0.0341258 0.0413073
0 0.015422 0.034857 0.0423455
0 0.0156784 0.0353892 0.0431385
0 0.0158367 0.0357227 0.0436722
0 0.0158901 0.0358616 0.0439332
0 0.0158472 0.0358041 0.0439088
0 0.0157055 0.0355381 0.0435896
0 0.0154494 0.03505 0.0429689
0 0.0150673 0.0343313 0.042043
0 0.0145617 0.0333735 0.0408119
0 0.0139417 0.0321643 0.0392772
0 0.0132085 0.0306936 0.0374418
0 0.012357 0.0289575 0.0353094
0 0.0113898 0.0269565 0.0328835
0 0.0103164 0.0246944 0.0301671
0 0.00914327 0.0221794 0.0271629
0 0.00786981 0.0194236 0.0238736
0 0.00649367 0.016442 0.0203034
0 0.00501787 0.0132513 0.0164599
0 0.0034466 0.00987016 0.0123552
0 0.00176382 0.00631781 0.00800727
0 -4.64394e-05 0.00261281 0.00344076
0 -0.00195995 -0.00124951 -0.00131482
0 -0.0039432 -0.00528397 -0.00622895
0 -0.00597965 -0.00943694 -0.0112623
0 -0.0080537 -0.013614 -0.0163644
0 -0.0101517 -0.0177883 -0.0214845
0 -0.012263 -0.0219792 -0.0265687
0 -0.0143677 -0.0261719 -0.0315592
0 -0.0164328 -0.030325 -0.0364033
0 -0.0184369 -0.0344106 -0.0410569
0 -0.0204142 -0.0384071 -0.0454851
0 -0.0224081 -0.0422771 -0.0496633
0 -0.0243664 -0.0459741 -0.0535749
0 -0.0261925 -0.04946 -0.0572092
0 -0.0278614 -0.0527038 -0.0605595
0 -0.029403 -0.0556756 -0.063619
0 -0.0308328 -0.0583545 -0.0663778
0 -0.0321333 -0.0607353 -0.0688243
0 -0.0332699 -0.0628175 -0.0709481
0 -0.0342167 -0.0645928 -0.0727411
0 -0.0349728 -0.0660474 -0.0741981
0 -0.0355499 -0.0671721 -0.0753165
0 -0.0359486 -0.0679652 -0.0760969
0 -0.036157 -0.0684263 -0.0765424
0 -0.036167 -0.0685526 -0.0766558
0 -0.0359903 -0.0683422 -0.0764392
0 -0.0356518 -0.0677971 -0.0758924
0 -0.0351636 -0.0669233 -0.0750124
0 -0.0345245 -0.065733 -0.0737944
0 -0.0337415 -0.0642443 -0.0722342
0 -0.0328341 -0.0624799 -0.0703303
0 -0.0318231 -0.0604646 -0.0680849
0 -0.030722 -0.0582225 -0.0655048
0 -0.0295393 -0.0557765 -0.0626019
0 -0.0282902 -0.0531472 -0.0593949
0 -0.0269952 -0.0503535 -0.0559093
0 -0.0256658 -0.0474126 -0.052177
0 -0.024305 -0.0443397 -0.0482347
0 -0.0229174 -0.0411496 -0.0441214
0 -0.0215156 -0.0378572 -0.0398773
0 -0.0201185 -0.0344808 -0.0355432
0 -0.0187268 -0.0310489 -0.0311614
0 -0.0173165 -0.0276211 -0.0267753
0 -0.0158674 -0.0242528 -0.0224239
0 -0.0143693 -0.0209225 -0.0181425
0 -0.0128155 -0.017589 -0.0139706
0 -0.0112087 -0.014282 -0.00994649
0 -0.00956183 -0.0110523 -0.00610242
0 -0.00788731 -0.00790705 -0.00246522
0 -0.00619279 -0.00483655 0.000945785
0 -0.00448873 -0.00185687 0.00411824
0 -0.00279445 0.00100339 0.00704669
0 -0.00113542 0.00373029 0.00973388
0 0.00046371 0.00631739 0.0121896
0 0.0019832 0.00874851 0.0144288
0 0.0034077 0.0110038 0.0164701
0 0.0047249 0.0130724 0.0183351
0 0.00592558 0.0149516 0.0200464
0 0.00700423 0.01664 0.0216253
0 0.00795913 0.0181396 0.0230906
0 0.00879236 0.01946 0.0244576
0 0.0095096 0.0206174 0.0257377
0 0.0101197 0.0216307 0.0269382
0 0.0106337 0.0225205 0.0280631
0 0.011063 0.0233085 0.0291124
0 0.0114183 0.0240151 0.0300828
0 0.0117092 0.0246567 0.0309685
0 0.0119447 0.0252451 0.0317634
0 0.0121341 0.0257887 0.0324626
0 0.0122857 0.0262906 0.0330622
0 0.0124061 0.0267482 0.0335591
0 0.0124988 0.0271532 0.0339507
0 0.0125645 0.0274929 0.0342346
0 0.0126002 0.0277509 0.0344081
0 0.0125985 0.0279071 0.0344663
0 0.0125471 0.0279385 0.034401
0 0.0124347 0.0278199 0.0341998
0 0.0122532 0.0275273 0.033846
0 0.0119893 0.0270394 0.0333186
0 0.0116228 0.0263383 0.0325928
0 0.0111348 0.025409 0.0316406
0 0.0105122 0.0242401 0.0304332
0 0.0097475 0.022823 0.028942
0 0.00883674 0.0211506 0.027141
0 0.0077803 0.0192172 0.0250086
0 0.00658615 0.0170207 0.0225304
0 0.00527126 0.0145638 0.0197014
0 0.00385804 0.0118547 0.0165255
0 0.00236975 0.00890669 0.0130149
0 0.000828331 0.00573784 0.00918886
0 -0.000754635 0.00237134 0.00507386
0 -0.00239023 -0.00116442 0.000703054
0 -0.00408749 -0.00483775 -0.00388489
0 -0.00582605 -0.00864251 -0.00864864
0 -0.00758137 -0.0125864 -0.0135485
0 -0.00934453 -0.0166022 -0.0185387
0 -0.0111184 -0.0205826 -0.0235619
0 -0.0129149 -0.0245041 -0.0285616
0 -0.0147406 -0.0284013 -0.0334796
0 -0.0165837 -0.0322756 -0.0382567
0 -0.0184222 -0.0360991 -0.0428435
0 -0.0202537 -0.0398577 -0.0472022
0 -0.0221161 -0.0435478 -0.0513055
0 -0.0240343 -0.0471493 -0.0551383
0 -0.0259588 -0.0506264 -0.0586967
0 -0.0278247 -0.0539482 -0.0619855
0 -0.0296237 -0.0570916 -0.0650153
0 -0.0313695 -0.0600333 -0.0677993
0 -0.0330551 -0.062749 -0.0703499
0 -0.0346574 -0.0652212 -0.0726768
0 -0.0361463 -0.0674387 -0.0747861
0 -0.037491 -0.0693923 -0.0766792
0 -0.0386701 -0.0710717 -0.078352
0 -0.039669 -0.0724682 -0.0797957
0 -0.0404668 -0.0735768 -0.0809972
0 -0.0410369 -0.0743949 -0.0819412
0 -0.0413599 -0.0749204 -0.0826117
0 -0.041431 -0.0751518 -0.0829941
0 -0.0412584 -0.0750887 -0.0830759
0 -0.0408618 -0.0747315 -0.0828474
0 -0.0402667 -0.0740792 -0.0823
0 -0.0395002 -0.0731282 -0.0814259
0 -0.0385934 -0.0718782 -0.080218
0 -0.0375825 -0.0703384 -0.0786714
0 -0.0365043 -0.0685252 -0.076784
0 -0.0353879 -0.0664579 -0.0745552
0 -0.0342494 -0.0641591 -0.0719871
0 -0.0330993 -0.0616568 -0.0690861
0 -0.0319477 -0.058981 -0.0658654
0 -0.0307978 -0.0561606 -0.0623466
0 -0.0296406 -0.0532224 -0.0585604
0 -0.0284649 -0.0501905 -0.054547
0 -0.0272655 -0.0470855 -0.0503544
0 -0.0260461 -0.0439236 -0.0460364
0 -0.0248107 -0.0407171 -0.0416486
0 -0.0235417 -0.0374828 -0.037248
0 -0.0222085 -0.0342631 -0.0328848
0 -0.0207897 -0.0310849 -0.0285967
0 -0.0192733 -0.0278958 -0.0244201
0 -0.0176516 -0.0246407 -0.020388
0 -0.0159225 -0.0213467 -0.0165237
0 -0.014091 -0.0180578 -0.0128408
0 -0.0121645 -0.0147714 -0.00934097
0 -0.0101516 -0.0114777 -0.00601477
0 -0.00806641 -0.00819734 -0.00284672
0 -0.00593325 -0.00495893 0.000183262
0 -0.00378271 -0.00177596 0.00309931
0 -0.00164642 0.00134193 0.00592607
0 0.000444512 0.00437515 0.00868541
0 0.00245893 0.00730078 0.0113944
0 0.00436549 0.0101021 0.0140633
0 0.00613393 0.0127657 0.0166945
0 0.00773785 0.0152763 0.0192821
0 0.0091556 0.0176196 0.0218116
0 0.0103672 0.019785 0.0242608
0 0.0113529 0.0217625 0.0266003
0 0.0120975 0.0235393 0.0287956
0 0.0125935 0.0251005 0.0308085
0 0.0128435 0.0264306 0.0326001
0 0.0128608 0.0275123 0.0341317
0 0.0126681 0.0283257 0.0353663
0 0.0122958 0.0288478 0.0362693
0 0.0117794 0.0290544 0.0368103
0 0.0111665 0.0289274 0.0369626
0 0.0105085 0.0284519 0.036703
0 0.00983361 0.0276181 0.0360142
0 0.00915172 0.0264324 0.0348843
0 0.00847206 0.024914 0.0333019
0 0.00779551 0.023087 0.0312577
0 0.00710715 0.0209844 0.0287507
0 0.00638266 0.0186479 0.0257912
0 0.00559667 0.0161186 0.022405
0 0.00472825 0.0134295 0.018634
0 0.00376456 0.0106051 0.0145357
0 0.00270083 0.00766385 0.0101827
0 0.00153807 0.00461977 0.005658
0 0.000272874 0.00146604 0.00104404
0 -0.00109912 -0.00183532 -0.00357857
0 -0.002557 -0.00526536 -0.00812372
0 -0.00406111 -0.00870441 -0.0125172
0 -0.00558093 -0.0120716 -0.0167017
0 -0.00709608 -0.015374 -0.0206259
0 -0.00859102 -0.0185938 -0.0242493
0 -0.0100546 -0.02166 -0.0275436
0 -0.0114712 -0.0245153 -0.0304894
0 -0.0128127 -0.0271372 -0.033076
0 -0.0140458 -0.0294981 -0.0353013
0 -0.015145 -0.0315532 -0.0371689
0 -0.0160956 -0.0332652 -0.0386869
0 -0.0168872 -0.0346149 -0.0398656
0 -0.017507 -0.0355886 -0.0407147
0 -0.0179388 -0.0361749 -0.0412412
0 -0.0181676 -0.0363719 -0.0414485
0 -0.0181833 -0.0361917 -0.0413359
0 -0.0179832 -0.0356557 -0.0409
0 -0.0175727 -0.0347902 -0.040136
0 -0.0169639 -0.0336255 -0.03904
0 -0.0161762 -0.0321929 -0.0376117
0 -0.0152367 -0.0305227 -0.035856
0 -0.0141814 -0.0286437 -0.033786
0 -0.0130517 -0.0265843 -0.0314235
0 -0.01189 -0.024374 -0.0287993
0 -0.0107357 -0.0220432 -0.0259515
0 -0.00962227 -0.0196235 -0.0229231
0 -0.0085739 -0.0171468 -0.0197597
0 -0.00760811 -0.0146462 -0.016508
0 -0.00674511 -0.0121559 -0.0132154
0 -0.00599316 -0.00972267 -0.00992872
0 -0.00532592 -0.00741666 -0.00669823
0 -0.00470429 -0.00527601 -0.00357298
0 -0.0041052 -0.00326433 -0.000594797
0 -0.00351986 -0.00135979 0.00219066
0 -0.00294364 0.000393181 0.00473787
0 -0.00236877 0.00196348 0.00701114
0 -0.00178444 0.00336988 0.00898106
0 -0.00118591 0.00462708 0.0106247
0 -0.000582152 0.00572072 0.0119278
0 8.48006e-06 0.00663868 0.0128857
0 0.000568713 0.00738467 0.013504
0 0.00108554 0.00795935 0.0137981
0 0.00154525 0.00835183 0.013791
0 0.00192989 0.00855181 0.0135124
0 0.00221931 0.0085569 0.0129964
0 0.00239687 0.00836681 0.0122785
0 0.00245118 0.00797999 0.0113922
0 0.00237165 0.00739783 0.0103671
0 0.00214804 0.00662699 0.0092272
0 0.00177517 0.00567679 0.00799003
0 0.00125555 0.00455778 0.00666712
0 0.000599339 0.00328303 0.00526416
0 -0.000177186 0.00186838 0.00378174
0 -0.00105376 0.000330624 0.00221635
0 -0.00200718 -0.00131329 0.000561741
0 -0.00301173 -0.00304574 -0.00118953
0 -0.00404094 -0.00484863 -0.00304446
0 -0.00507076 -0.006704 -0.00500799
0 -0.0060854 -0.00859464 -0.00708153
0 -0.00708025 -0.0105041 -0.00926188
0 -0.00804495 -0.0124194 -0.0115408
0 -0.00894908 -0.0143335 -0.0139052
0 -0.00976328 -0.0162424 -0.016336
0 -0.0104817 -0.0181301 -0.0188101
0 -0.0111172 -0.019959 -0.0212982
0 -0.0116863 -0.0217021 -0.0237626
0 -0.0122002 -0.0233591 -0.0261649
0 -0.0126679 -0.0249274 -0.0284674
0 -0.0131023 -0.0263914 -0.0306302
0 -0.0135192 -0.0277378 -0.0326145
0 -0.0139284 -0.0289601 -0.0343839
0 -0.0143301 -0.0300495 -0.0359053
0 -0.0147184 -0.0309913 -0.0371513
0 -0.0150856 -0.0317705 -0.0381015
0 -0.0154227 -0.0323741 -0.0387426
0 -0.015717 -0.0327898 -0.039069
0 -0.0159516 -0.0330034 -0.0390828
0 -0.0161078 -0.0330018 -0.0387921
0 -0.0161675 -0.0327743 -0.0382101
0 -0.0161144 -0.0323128 -0.0373531
0 -0.0159332 -0.0316123 -0.0362393
0 -0.0156109 -0.0306717 -0.0348877
0 -0.0151395 -0.0294934 -0.0333167
0 -0.0145158 -0.0280823 -0.0315409
0 -0.0137404 -0.0264442 -0.0295708
0 -0.0128177 -0.0245874 -0.0274133
0 -0.0117574 -0.0225235 -0.0250732
0 -0.0105756 -0.0202687 -0.0225554
0 -0.00929519 -0.0178444 -0.0198666
0 -0.00794459 -0.0152758 -0.0170154
0 -0.0065681 -0.0125907 -0.014012
0 -0.00521618 -0.00981781 -0.0108686
0 -0.00390225 -0.00699157 -0.00759808
0 -0.00260821 -0.00415737 -0.00421546
0 -0.00133053 -0.00135237 -0.000742181
0 -8.9835e-05 0.00142201 0.00279211
0 0.00109181 0.00417079 0.00635413
0 0.00221163 0.00686379 0.00990538
0 0.00328566 0.00946373 0.0134006
0 0.0043317 0.011963 0.0167948
0 0.00535586 0.0143661 0.0200437
0 0.00635327 0.0166665 0.0231023
0 0.00731735 0.018854 0.0259301
0 0.00824602 0.0209257 0.0284942
0 0.00913969 0.0228775 0.0307691
0 0.00999624 0.0246943 0.0327382
0 0.0108084 0.0263545 0.0343939
0 0.0115646 0.0278362 0.0357384
0 0.0122524 0.0291182 0.0367826
0 0.0128602 0.0301795 0.0375446
0 0.0133777 0.0310011 0.0380462
0 0.0137936 0.0315683 0.0383088
0 0.014095 0.0318695 0.0383513
0 0.014268 0.0318991 0.0381872
0 0.0143078 0.0316601 0.0378231
0 0.0142156 0.0311629 0.0372594
0 0.013975 0.0304225 0.0364913
0 0.0135658 0.0294573 0.0355121
0 0.0129904 0.0282881 0.0343146
0 0.0122677 0.0269346 0.0328938
0 0.0114181 0.0254128 0.0312473
0 0.0104616 0.0237348 0.0293766
0 0.00942323 0.0219099 0.027287
0 0.00833364 0.019946 0.0249872
0 0.00722295 0.0178513 0.0224892
0 0.00611502 0.0156358 0.0198079
0 0.00502591 0.0133136 0.0169611
0 0.00396604 0.0109029 0.0139694
0 0.00294059 0.00842479 0.0108552
0 0.00194236 0.00590046 0.00764205
0 0.000945714 0.00334996 0.00435349
0 -7.04044e-05 0.000781973 0.00101231
0 -0.00110497 -0.00181824 -0.00236099
0 -0.00215956 -0.00444545 -0.00574114
0 -0.00324427 -0.00703536 -0.0090927
0 -0.00436102 -0.00953756 -0.012379
0 -0.0055104 -0.01197 -0.0155642
0 -0.0066982 -0.0143567 -0.0186115
0 -0.00792306 -0.0166836 -0.0214896
0 -0.00916926 -0.0189367 -0.0241746
0 -0.0104178 -0.0211279 -0.0266509
0 -0.0116575 -0.0232687 -0.0289133
0 -0.0128817 -0.0253497 -0.0309667
0 -0.0140804 -0.0273544 -0.0328245
0 -0.0152396 -0.0292717 -0.0345069
0 -0.0163447 -0.0310913 -0.0360384
0 -0.017382 -0.032796 -0.0374446
0 -0.0183383 -0.0343668 -0.0387491
0 -0.0192062 -0.0357893 -0.0399715
0 -0.0199872 -0.0370523 -0.041126
0 -0.0206753 -0.0381458 -0.0422207
0 -0.0212457 -0.0390652 -0.0432561
0 -0.0216779 -0.0398139 -0.0442259
0 -0.0219744 -0.0404006 -0.045117
0 -0.0221465 -0.0408346 -0.045911
0 -0.0222001 -0.0411256 -0.0465853
0 -0.0221367 -0.0412821 -0.0471146
0 -0.0219607 -0.0413088 -0.0474732
0 -0.0216857 -0.0412057 -0.0476371
0 -0.0213329 -0.0409692 -0.0475865
0 -0.0209221 -0.0405937 -0.0473078
0 -0.0204689 -0.0400732 -0.0467931
0 -0.019989 -0.0394005 -0.0460399
0 -0.0194979 -0.0385698 -0.0450496
0 -0.0190063 -0.0375787 -0.0438265
0 -0.0185151 -0.0364291 -0.0423773
0 -0.0180155 -0.0351263 -0.0407112
0 -0.0174956 -0.0336788 -0.0388392
0 -0.0169423 -0.0320973 -0.0367749
0 -0.0163404 -0.030394 -0.034535
0 -0.0156746 -0.0285812 -0.0321399
0 -0.0149346 -0.0266705 -0.0296129
0 -0.0141149 -0.0246714 -0.0269801
0 -0.0132135 -0.0225919 -0.024268
0 -0.0122325 -0.0204382 -0.0215027
0 -0.0111798 -0.0182158 -0.018708
0 -0.0100731 -0.015935 -0.0159052
0 -0.00894099 -0.0136166 -0.0131095
0 -0.00780408 -0.0112832 -0.0103301
0 -0.00665925 -0.00894058 -0.00757699
0 -0.00549801 -0.00658518 -0.00485903
0 -0.00432253 -0.00422953 -0.00218188
0 -0.00314309 -0.00190558 0.000449067
0 -0.00197286 0.000360637 0.00302888
0 -0.000818707 0.0025586 0.00555296
0 0.000321321 0.00467854 0.00801427
0 0.00144709 0.00670709 0.0104024
0 0.00254769 0.00863658 0.0127041
0 0.00360565 0.0104673 0.0149045
0 0.00460647 0.012201 0.016988
0 0.00554208 0.0138378 0.0189396
0 0.00640724 0.0153771 0.0207459
0 0.00719503 0.0168183 0.0223955
0 0.00789649 0.0181562 0.0238793
0 0.00850378 0.0193802 0.0251909
0 0.00901291 0.0204769 0.0263266
0 0.00942385 0.0214328 0.0272863
0 0.00973904 0.0222344 0.0280722
0 0.00996159 0.0228683 0.0286875
0 0.0100947 0.0233227 0.0291351
0 0.0101416 0.0235893 0.0294164
0 0.0101059 0.0236632 0.029531
0 0.0099939 0.0235428 0.0294758
0 0.00981447 0.023232 0.029245
0 0.00957261 0.0227394 0.0288297
0 0.00926626 0.0220767 0.0282194
0 0.00889218 0.0212569 0.0274044
0 0.00845109 0.0202945 0.026377
0 0.00794644 0.019203 0.0251339
0 0.00738163 0.0179929 0.0236768
0 0.00676034 0.0166712 0.0220132
0 0.00608842 0.0152422 0.0201561
0 0.0053741 0.0137084 0.0181236
0 0.0046259 0.0120721 0.0159376
0 0.00385079 0.0103361 0.0136222
0 0.0030541 0.00850561 0.0112027
0 0.00223983 0.00658929 0.00870377
0 0.00141055 0.00459909 0.00614918
0 0.000566871 0.00255021 0.00356053
0 -0.000295033 0.000460224 0.000957055
0 -0.0011872 -0.00165766 -0.00164652
0 -0.00212026 -0.00379915 -0.00423982
0 -0.00308698 -0.00595291 -0.00681234
0 -0.0040699 -0.00808326 -0.00935266
0 -0.00505745 -0.0101527 -0.0118489
0 -0.0060426 -0.0121546 -0.0142863
0 -0.00702115 -0.0140946 -0.0166478
0 -0.00799275 -0.0159614 -0.0189157
0 -0.00895224 -0.0177391 -0.0210721
0 -0.00988471 -0.0194244 -0.0230996
0 -0.0107743 -0.0210181 -0.0249832
0 -0.0116123 -0.0225156 -0.0267103
0 -0.0123939 -0.0239081 -0.0282723
0 -0.0131131 -0.0251886 -0.0296646
0 -0.013762 -0.0263505 -0.0308865
0 -0.0143332 -0.0273868 -0.0319404
0 -0.0148229 -0.028291 -0.032831
0 -0.0152304 -0.0290566 -0.0335643
0 -0.0155562 -0.0296774 -0.0341468
0 -0.0158002 -0.0301481 -0.0345846
0 -0.0159616 -0.0304656 -0.0348827
0 -0.0160393 -0.0306276 -0.0350442
0 -0.0160327 -0.0306331 -0.035069
0 -0.015942 -0.0304814 -0.0349541
0 -0.015768 -0.0301744 -0.0346935
0 -0.0155118 -0.0297168 -0.0342804
0 -0.0151761 -0.0291156 -0.0337076
0 -0.0147662 -0.0283783 -0.0329689
0 -0.0142902 -0.027513 -0.0320603
0 -0.0137583 -0.0265287 -0.0309811
0 -0.0131818 -0.0254348 -0.0297349
0 -0.0125723 -0.0242407 -0.0283287
0 -0.0119411 -0.022955 -0.0267729
0 -0.0112975 -0.0215864 -0.0250805
0 -0.0106486 -0.0201439 -0.0232669
0 -0.00999859 -0.0186372 -0.0213497
0 -0.00934958 -0.0170772 -0.0193481
0 -0.0087017 -0.0154756 -0.0172826
0 -0.00805347 -0.0138454 -0.0151748
0 -0.00740324 -0.0122004 -0.0130466
0 -0.00675284 -0.0105568 -0.0109195
0 -0.00610952 -0.00893685 -0.00881465
0 -0.00547891 -0.00736343 -0.00675083
0 -0.00485422 -0.00584381 -0.00474366
0 -0.00422089 -0.00436594 -0.00280912
0 -0.00357411 -0.00292101 -0.000963909
0 -0.00292402 -0.0015235 0.000777639
0 -0.00228454 -0.000190639 0.00240415
0 -0.00166278 0.00107701 0.00390764
0 -0.00106024 0.00227823 0.00528401
0 -0.000480935 0.00340082 0.00653217
0 6.62959e-05 0.00443319 0.00765365
0 0.000573393 0.00536974 0.00865206
0 0.0010368 0.00620516 0.00953184
0 0.00145496 0.00693247 0.0102972
0 0.00182482 0.00754676 0.0109517
0 0.00214128 0.00804743 0.0114979
0 0.00239931 0.00843674 0.0119375
0 0.00259618 0.00871845 0.0122721
0 0.00273119 0.00889795 0.0125028
0 0.00280334 0.00898098 0.0126292
0 0.00280996 0.00897118 0.0126492
0 0.00274925 0.00886945 0.0125596
0 0.00262313 0.00867577 0.0123582
0 0.00243686 0.00839065 0.0120448
0 0.00219801 0.00801528 0.0116215
0 0.00191606 0.00755125 0.0110914
0 0.00160122 0.00700086 0.0104584
0 0.00126307 0.00636766 0.00972599
0 0.000909517 0.00565691 0.00889807
0 0.0005461 0.00487556 0.00797857
0 0.000175948 0.00403194 0.00697163
0 -0.000200105 0.00313477 0.00588164
0 -0.000583155 0.00219239 0.00471366
0 -0.000975605 0.00121268 0.00347419
0 -0.00138025 0.000202909 0.00217163
0 -0.00179948 -0.000830825 0.000816429
0 -0.0022348 -0.00188375 -0.000579215
0 -0.00268667 -0.00295224 -0.00200194
0 -0.00315446 -0.0040341 -0.00343797
0 -0.00363708 -0.00512913 -0.00487438
0 -0.00413285 -0.00623655 -0.00630047
0 -0.00464045 -0.00735346 -0.00770697
0 -0.00515956 -0.00847476 -0.00908436
0 -0.00568519 -0.00959014 -0.0104243
0 -0.00620657 -0.0106868 -0.0117205
0 -0.00671472 -0.0117553 -0.0129681
0 -0.0072061 -0.0127898 -0.0141644
0 -0.00768126 -0.0137842 -0.0153087
0 -0.00814137 -0.0147327 -0.0164013
0 -0.00858455 -0.0156312 -0.0174419
0 -0.00900624 -0.0164765 -0.0184297
0 -0.00940242 -0.0172657 -0.0193625
0 -0.00977033 -0.0179964 -0.0202372
0 -0.0101065 -0.0186665 -0.0210494
0 -0.0104062 -0.0192741 -0.0217941
0 -0.0106646 -0.0198171 -0.022466
0 -0.0108788 -0.0202923 -0.0230593
0 -0.0110468 -0.0206955 -0.0235678
0 -0.0111665 -0.0210209 -0.0239844
0 -0.0112359 -0.0212614 -0.0243019
0 -0.0112551 -0.0214112 -0.0245145
0 -0.0112277 -0.0214672 -0.0246196
0 -0.0111596 -0.0214291 -0.0246163
0 -0.0110574 -0.0212983 -0.0245049
0 -0.0109262 -0.0210768 -0.0242851
0 -0.010769 -0.0207681 -0.0239566
0 -0.0105878 -0.0203769 -0.02352
0 -0.0103838 -0.0199089 -0.0229769
0 -0.010157 -0.0193695 -0.0223294
0 -0.00990538 -0.0187633 -0.0215804
0 -0.00962611 -0.0180939 -0.0207339
0 -0.00931689 -0.0173642 -0.0197959
0 -0.00897719 -0.0165775 -0.0187749
0 -0.00860814 -0.0157373 -0.0176818
0 -0.0082119 -0.0148474 -0.0165284
0 -0.00779101 -0.0139114 -0.0153268
0 -0.00734819 -0.0129335 -0.0140886
0 -0.00688647 -0.011919 -0.0128246
0 -0.00640995 -0.0108746 -0.0115448
0 -0.00592336 -0.00980921 -0.0102581
0 -0.00543421 -0.00873437 -0.00897201
0 -0.004953 -0.00766307 -0.00769236
0 -0.00448384 -0.00660515 -0.00642341
0 -0.00402295 -0.00556824 -0.00516983
0 -0.00356866 -0.00455946 -0.00393746
0 -0.00312599 -0.0035862 -0.00273349
0 -0.00270268 -0.0026552 -0.00156664
0 -0.00230391 -0.00177007 -0.000446274
0 -0.00193157 -0.000935329 0.000618129
0 -0.00158752 -0.000157063 0.00161702
0 -0.00127533 0.000560526 0.00254133
0 -0.000998389 0.00121358 0.0033828
0 -0.000757807 0.00179767 0.00413404
0 -0.000553068 0.00230848 0.00478875
0 -0.000383643 0.00274182 0.00534183
0 -0.000249137 0.00309419 0.00578963
0 -0.000148318 0.0033632 0.00613015
0 -7.89777e-05 0.00354758 0.00636285
0 -3.89857e-05 0.00364714 0.00648807
0 -2.71836e-05 0.00366288 0.00650687
0 -4.32268e-05 0.00359695 0.00642115
0 -8.65329e-05 0.00345275 0.00623384
0 -0.000156673 0.00323455 0.00594867
0 -0.000255052 0.00294642 0.00556965
0 -0.00038412 0.00259154 0.00510082
0 -0.000545745 0.00217256 0.00454656
0 -0.000740964 0.00169187 0.00391214
0 -0.0009699 0.00115198 0.00320391
0 -0.00123144 0.000555805 0.00242929
0 -0.00152308 -9.30645e-05 0.00159645
0 -0.00184117 -0.000790337 0.000713902
0 -0.00218171 -0.00153133 -0.000210345
0 -0.00254111 -0.00231121 -0.00116939
0 -0.00291638 -0.00312501 -0.00215764
0 -0.00330477 -0.00396733 -0.00317047
0 -0.00370331 -0.00483248 -0.00420368
0 -0.00410884 -0.0057143 -0.00525295
0 -0.00451793 -0.00660474 -0.00631367
0 -0.00492701 -0.00749563 -0.00738151
0 -0.00533458 -0.00838202 -0.00845301
0 -0.00574084 -0.00925971 -0.00952528
0 -0.00614248 -0.0101237 -0.0105947
0 -0.00653259 -0.0109703 -0.0116557
0 -0.00690645 -0.0117947 -0.0127005
0 -0.00726281 -0.0125914 -0.0137196
0 -0.0076003 -0.0133565 -0.0147029
0 -0.00791632 -0.0140863 -0.0156398
0 -0.00820817 -0.0147757 -0.0165209
0 -0.00847433 -0.015419 -0.0173377
0 -0.0087151 -0.0160114 -0.018083
0 -0.00893148 -0.0165474 -0.0187505
0 -0.0091236 -0.0170217 -0.0193352
0 -0.00929084 -0.0174289 -0.0198329
0 -0.00943299 -0.017765 -0.0202407
0 -0.00955064 -0.0180278 -0.020557
0 -0.0096445 -0.0182169 -0.0207817
0 -0.00971464 -0.0183333 -0.0209159
0 -0.00976008 -0.0183789 -0.020961
0 -0.00977852 -0.0183553 -0.0209178
0 -0.00976659 -0.0182634 -0.020787
0 -0.00972048 -0.0181036 -0.020569
0 -0.00963678 -0.0178764 -0.0202656
0 -0.00951366 -0.0175827 -0.0198799
0 -0.00935191 -0.0172245 -0.0194169
0 -0.00915478 -0.016805 -0.0188833
0 -0.00892692 -0.0163284 -0.0182867
0 -0.00867344 -0.0157992 -0.0176349
0 -0.00839935 -0.0152227 -0.016935
0 -0.00810929 -0.0146045 -0.0161934
0 -0.00780679 -0.0139506 -0.0154155
0 -0.00749369 -0.0132664 -0.014605
0 -0.00717046 -0.0125568 -0.0137645
0 -0.00683763 -0.0118271 -0.0128968
0 -0.0064971 -0.0110833 -0.0120058
0 -0.00615162 -0.0103319 -0.0110971
0 -0.00580394 -0.00957858 -0.0101762
0 -0.00545854 -0.00882845 -0.00924869
0 -0.00511988 -0.00808574 -0.00831951
0 -0.00478914 -0.00735303 -0.007393
0 -0.00446634 -0.00663184 -0.00647388
0 -0.00415233 -0.00592502 -0.00556848
0 -0.00385046 -0.0052377 -0.00468498
0 -0.00356576 -0.00457502 -0.00383172
0 -0.00330052 -0.00394028 -0.00301594
0 -0.00305308 -0.00333566 -0.00224305
0 -0.00282044 -0.00276356 -0.00151704
0 -0.00260072 -0.00222715 -0.000841453
0 -0.00239335 -0.00172943 -0.00021944
0 -0.00219749 -0.0012729 0.000346606
0 -0.00201157 -0.000859185 0.000855347
0 -0.00183425 -0.00048828 0.00130659
0 -0.00166541 -0.000158983 0.00170098
0 -0.00150597 0.000130242 0.00203956
0 -0.00135776 0.000380828 0.0023234
0 -0.00122387 0.000593384 0.00255306
0 -0.00110895 0.000767064 0.00272837
0 -0.00101826 0.000899861 0.00284905
0 -0.000956347 0.000989346 0.00291537
0 -0.000926051 0.00103315 0.00292851
0 -0.000928379 0.0010292 0.00289038
0 -0.000962814 0.000975816 0.00280322
0 -0.00102749 0.00087189 0.00266912
0 -0.00111979 0.000717047 0.0024896
0 -0.00123731 0.000511625 0.00226526
0 -0.00137809 0.000256303 0.00199517
0 -0.00154088 -4.8368e-05 0.0016766
0 -0.00172566 -0.000402006 0.00130533
0 -0.00193292 -0.000804053 0.000876694
0 -0.00216276 -0.00125356 0.000386409
0 -0.00241446 -0.00174909 -0.000168619
0 -0.00268621 -0.00228855 -0.000789656
0 -0.00297514 -0.00286931 -0.00147593
0 -0.00327793 -0.00348862 -0.00222498
0 -0.00359142 -0.00414391 -0.00303303
0 -0.0039126 -0.00483263 -0.00389505
0 -0.00423857 -0.0055518 -0.00480454
0 -0.0045669 -0.00629833 -0.00575387
0 -0.00489566 -0.00706793 -0.00673518
0 -0.00522441 -0.0078556 -0.0077415
0 -0.00555568 -0.00865893 -0.00876745
0 -0.00589293 -0.00947475 -0.00980797
0 -0.00623635 -0.0102968 -0.0108567
0 -0.00658224 -0.0111186 -0.0119054
0 -0.00692794 -0.0119327 -0.0129448
0 -0.00727357 -0.0127321 -0.013965
0 -0.00761821 -0.0135127 -0.0149563
0 -0.00795804 -0.014269 -0.0159082
0 -0.00828693 -0.0149928 -0.0168094
0 -0.00859756 -0.0156753 -0.0176489
0 -0.0088838 -0.0163081 -0.0184169
0 -0.00914187 -0.0168839 -0.0191065
0 -0.00936951 -0.0173964 -0.0197132
0 -0.00956517 -0.0178406 -0.0202345
0 -0.00972818 -0.0182122 -0.0206688
0 -0.00985857 -0.0185077 -0.0210149
0 -0.00995613 -0.0187246 -0.0212719
0 -0.0100197 -0.0188608 -0.0214384
0 -0.0100472 -0.0189149 -0.0215126
0 -0.0100368 -0.0188863 -0.0214923
0 -0.00998704 -0.0187752 -0.0213758
0 -0.00989687 -0.0185825 -0.0211619
0 -0.00976573 -0.0183098 -0.0208499
0 -0.00959374 -0.0179588 -0.0204402
0 -0.00938228 -0.0175315 -0.0199342
0 -0.00913379 -0.0170303 -0.0193345
0 -0.00885155 -0.0164582 -0.018645
0 -0.00853975 -0.0158189 -0.017871
0 -0.00820342 -0.0151178 -0.0170192
0 -0.00784785 -0.0143607 -0.0160974
0 -0.00747776 -0.0135544 -0.0151136
0 -0.00709677 -0.0127061 -0.014076
0 -0.00670771 -0.0118235 -0.012993
0 -0.00631296 -0.0109148 -0.0118729
0 -0.00591407 -0.0099878 -0.0107243
0 -0.00551494 -0.0090507 -0.00955597
0 -0.00512202 -0.00811387 -0.00837699
0 -0.00473774 -0.00718886 -0.00719719
0 -0.00436053 -0.00628343 -0.0060268
0 -0.0039897 -0.00540206 -0.00487606
0 -0.00362737 -0.00454832 -0.00375484
0 -0.00327642 -0.0037249 -0.00267282
0 -0.00293789 -0.00293334 -0.00163934
0 -0.00261168 -0.00217597 -0.000663303
0 -0.00229874 -0.00145787 0.000246843
0 -0.00200191 -0.000784626 0.00108377
0 -0.00172408 -0.000160916 0.00184236
0 -0.00146636 0.000408898 0.00251981
0 -0.00122891 0.00092086 0.00311497
0 -0.00101276 0.00137146 0.00362774
0 -0.000820014 0.00175762 0.00405871
0 -0.000652774 0.00207736 0.00440935
0 -0.000512447 0.00233012 0.00468188
0 -0.000400149 0.00251647 0.00487882
0 -0.000317308 0.00263765 0.0050026
0 -0.000265884 0.00269511 0.00505507
0 -0.000248145 0.00268998 0.00503728
0 -0.000265964 0.00262299 0.00494968
0 -0.00032038 0.0024948 0.00479256
0 -0.000411537 0.00230622 0.00456654
0 -0.000538428 0.0020582 0.00427262
0 -0.00069898 0.00175184 0.00391206
0 -0.000890171 0.00138842 0.00348632
0 -0.00110811 0.00096971 0.0029971
0 -0.00134869 0.000498066 0.00244635
0 -0.00160811 -2.34589e-05 0.00183617
0 -0.00188291 -0.000591178 0.00116884
0 -0.00216997 -0.00120079 0.000446887
0 -0.00246665 -0.00184738 -0.000326645
0 -0.00277086 -0.00252557 -0.00114802
0 -0.00308095 -0.00322975 -0.00201275
0 -0.00339558 -0.0039544 -0.00291545
0 -0.00371332 -0.00469391 -0.00384946
0 -0.0040321 -0.00544312 -0.00480655
0 -0.00434954 -0.00619673 -0.00577716
0 -0.00466311 -0.00694796 -0.00675147
0 -0.00497019 -0.00769148 -0.00772099
0 -0.00527091 -0.0084248 -0.00867886
0 -0.00556788 -0.0091449 -0.00961844
0 -0.0058619 -0.00984755 -0.0105324
0 -0.00615062 -0.0105281 -0.0114125
0 -0.00643006 -0.0111809 -0.0122497
0 -0.00669754 -0.0118002 -0.013035
0 -0.00695217 -0.0123814 -0.0137607
0 -0.00719292 -0.0129206 -0.0144214
0 -0.00741901 -0.0134145 -0.0150143
0 -0.00763004 -0.0138605 -0.0155376
0 -0.00782492 -0.0142563 -0.0159907
0 -0.00800189 -0.0145996 -0.0163736
0 -0.00815908 -0.0148884 -0.0166868
0 -0.00829431 -0.0151216 -0.0169319
0 -0.00840501 -0.0152988 -0.0171104
0 -0.00848891 -0.01542 -0.0172244
0 -0.00854471 -0.0154862 -0.0172766
0 -0.00857228 -0.0154995 -0.0172704
0 -0.00857251 -0.0154633 -0.01721
0 -0.00854711 -0.0153811 -0.0170997
0 -0.0084981 -0.0152568 -0.0169436
0 -0.008427 -0.0150934 -0.0167447
0 -0.00833437 -0.0148929 -0.0165048
0 -0.00822013 -0.0146562 -0.0162245
0 -0.00808434 -0.0143836 -0.0159039
0 -0.00792774 -0.0140759 -0.0155435
0 -0.00775205 -0.0137342 -0.0151443
0 -0.00756021 -0.0133609 -0.0147083
0 -0.00735658 -0.0129596 -0.014239
0 -0.00714633 -0.0125352 -0.0137409
0 -0.00693439 -0.0120933 -0.0132186
0 -0.00672448 -0.011639 -0.0126768
0 -0.00651827 -0.0111767 -0.0121187
0 -0.00631527 -0.0107092 -0.0115469
0 -0.00611374 -0.0102387 -0.0109631
0 -0.00591191 -0.00976687 -0.0103699
0 -0.00570983 -0.00929507 -0.00977011
0 -0.00550788 -0.00882527 -0.00916708
0 -0.00530392 -0.00835884 -0.008564
0 -0.00509673 -0.00789509 -0.00796368
0 -0.00488854 -0.00743308 -0.00736864
0 -0.00468073 -0.00697329 -0.00678162
0 -0.00447299 -0.00651795 -0.00620612
0 -0.00426752 -0.00607031 -0.00564633
0 -0.00406922 -0.00563351 -0.00510664
0 -0.00388162 -0.0052105 -0.00459099
0 -0.00370558 -0.00480506 -0.00410227
0 -0.00354071 -0.00442175 -0.00364217
0 -0.00338647 -0.00406363 -0.00321149
0 -0.00324227 -0.0037314 -0.00281053
0 -0.00310772 -0.00342631 -0.00243977
0 -0.00298267 -0.00315068 -0.00210024
0 -0.00286756 -0.00290585 -0.00179365
0 -0.00276384 -0.00269242 -0.00152219
0 -0.00267356 -0.00251087 -0.00128825
0 -0.00259856 -0.00236156 -0.00109406
0 -0.00254016 -0.00224467 -0.00094152
0 -0.00249925 -0.00216007 -0.000831935
0 -0.00247616 -0.00210746 -0.000765777
0 -0.00247028 -0.0020865 -0.000742502
0 -0.00248023 -0.00209664 -0.000760698
0 -0.00250423 -0.00213723 -0.00081846
0 -0.00254064 -0.00220774 -0.000913799
0 -0.00258835 -0.00230782 -0.00104488
0 -0.00264667 -0.002437 -0.00121003
0 -0.00271508 -0.00259434 -0.00140762
0 -0.00279322 -0.00277844 -0.00163603
0 -0.00288093 -0.0029875 -0.00189362
0 -0.00297822 -0.00321943 -0.00217874
0 -0.0030851 -0.00347198 -0.00248967
0 -0.00320143 -0.00374287 -0.00282452
0 -0.00332685 -0.00402979 -0.00318111
0 -0.00346073 -0.00433057 -0.00355699
0 -0.00360215 -0.0046434 -0.00394948
0 -0.00374989 -0.00496701 -0.00435572
0 -0.00390248 -0.00529971 -0.00477278
0 -0.00405827 -0.00563904 -0.00519767
0 -0.00421551 -0.00598282 -0.00562729
0 -0.0043722 -0.00632905 -0.00605843
0 -0.00452584 -0.00667508 -0.00648775
0 -0.00467383 -0.0070173 -0.00691204
0 -0.00481427 -0.00735168 -0.00732832
0 -0.00494599 -0.0076748 -0.00773398
0 -0.00506891 -0.00798356 -0.00812691
0 -0.00518412 -0.00827608 -0.00850538
0 -0.00529271 -0.0085521 -0.00886773
0 -0.00539511 -0.00881067 -0.00921196
0 -0.00549151 -0.00905091 -0.00953544
0 -0.00558229 -0.00927301 -0.00983518
0 -0.00566734 -0.009476 -0.0101077
0 -0.00574543 -0.00965774 -0.0103493
0 -0.00581527 -0.00981702 -0.0105566
0 -0.00587568 -0.00995288 -0.010727
0 -0.00592504 -0.0100636 -0.0108585
0 -0.00596239 -0.0101475 -0.0109506
0 -0.00598808 -0.0102037 -0.0110037
0 -0.00600299 -0.010232 -0.0110194
0 -0.00600791 -0.0102325 -0.0110001
0 -0.00600343 -0.0102056 -0.0109484
0 -0.00598996 -0.0101525 -0.010867
0 -0.00596781 -0.0100746 -0.0107583
0 -0.00593718 -0.00997381 -0.0106249
0 -0.00589793 -0.00985251 -0.010469
0 -0.00584948 -0.00971302 -0.0102929
0 -0.0057913 -0.00955728 -0.010098
0 -0.00572308 -0.00938675 -0.00988549
0 -0.00564443 -0.00920279 -0.00965673
0 -0.00555566 -0.00900738 -0.00941374
0 -0.005459 -0.00880305 -0.00915953
0 -0.00535776 -0.00859211 -0.00889747
0 -0.00525474 -0.00837644 -0.00863044
0 -0.00515167 -0.00815724 -0.00836029
0 -0.00504926 -0.00793545 -0.00808804
0 -0.00494846 -0.00771229 -0.00781454
0 -0.00485064 -0.00748925 -0.00754087
0 -0.00475617 -0.00726805 -0.0072684
0 -0.004665 -0.00705055 -0.00699842
0 -0.00457763 -0.0068385 -0.00673191
0 -0.00449421 -0.0066333 -0.00646954
0 -0.00441387 -0.00643542 -0.00621198
0 -0.00433598 -0.00624549 -0.00596066
0 -0.00426207 -0.00606582 -0.00571902
0 -0.00419645 -0.0059007 -0.00549334
0 -0.00414442 -0.00575595 -0.0052913
0 -0.00410929 -0.00563684 -0.00511934
0 -0.00409142 -0.00554594 -0.00498139
0 -0.00408921 -0.00548398 -0.00487944
0 -0.00410008 -0.00545116 -0.00481438
0 -0.00412056 -0.00544684 -0.00478605
0 -0.00414658 -0.00546894 -0.00479326
0 -0.00417467 -0.00551486 -0.00483443
0 -0.00420355 -0.005583 -0.00490901
0 -0.00423512 -0.00567379 -0.00501852
0 -0.00427357 -0.00578923 -0.00516581
0 -0.0043235 -0.00593164 -0.00535343
0 -0.0043884 -0.00610255 -0.00558231
0 -0.00447001 -0.00630236 -0.00585135
0 -0.00456847 -0.00653077 -0.00615805
0 -0.00468313 -0.00678748 -0.00649941
0 -0.00481308 -0.00707243 -0.00687242
0 -0.0049566 -0.00738477 -0.00727389
0 -0.00511054 -0.00772205 -0.00769977
0 -0.00527125 -0.00808007 -0.00814497
0 -0.00543534 -0.0084526 -0.00860408
0 -0.00559886 -0.00883375 -0.00907203
0 -0.00575822 -0.00921875 -0.00954442
0 -0.00591182 -0.00960226 -0.0100175
0 -0.00606046 -0.00998015 -0.0104881
0 -0.00620613 -0.0103495 -0.0109539
0 -0.00634967 -0.0107069 -0.011412
0 -0.00649146 -0.0110506 -0.0118592
0 -0.00663224 -0.0113797 -0.0122914
0 -0.00677225 -0.0116935 -0.0127047
0 -0.00691077 -0.0119911 -0.0130944
0 -0.00704537 -0.012271 -0.0134556
0 -0.007172 -0.012531 -0.0137831
0 -0.00728689 -0.0127683 -0.0140723
0 -0.00738773 -0.0129802 -0.0143203
0 -0.00747285 -0.0131637 -0.0145252
0 -0.0075407 -0.0133159 -0.0146866
0 -0.00759032 -0.0134335 -0.0148045
0 -0.00762162 -0.0135139 -0.0148795
0 -0.00763492 -0.0135547 -0.0149124
0 -0.00763046 -0.0135544 -0.014904
0 -0.00760817 -0.0135123 -0.0148546
0 -0.00756778 -0.0134284 -0.0147639
0 -0.00750885 -0.0133031 -0.014631
0 -0.00743079 -0.0131377 -0.0144547
0 -0.00733306 -0.0129336 -0.0142338
0 -0.00721556 -0.0126928 -0.0139673
0 -0.00707864 -0.012417 -0.0136546
0 -0.00692317 -0.0121077 -0.0132959
0 -0.00675041 -0.0117664 -0.0128921
0 -0.00656222 -0.0113943 -0.0124449
0 -0.00636158 -0.0109934 -0.0119575
0 -0.00615235 -0.0105667 -0.0114347
0 -0.00593886 -0.0101183 -0.0108825
0 -0.00572539 -0.00965225 -0.0103067
0 -0.00551529 -0.00917236 -0.00971248
0 -0.00530933 -0.0086819 -0.00910322
0 -0.00510572 -0.00818461 -0.00848148
0 -0.00490331 -0.00768368 -0.00784992
0 -0.00470262 -0.00718199 -0.00721203
0 -0.00450329 -0.00668383 -0.00657204
0 -0.00430462 -0.00619439 -0.00593488
0 -0.004108 -0.0057177 -0.00530601
0 -0.00391567 -0.00525581 -0.00469119
0 -0.00372864 -0.00480971 -0.00409654
0 -0.00354695 -0.00438161 -0.0035283
0 -0.00337116 -0.00397416 -0.00299219
0 -0.00320252 -0.0035879 -0.00249311
0 -0.00304244 -0.00322403 -0.00203504
0 -0.00289188 -0.00288551 -0.0016209
0 -0.00275103 -0.00257481 -0.00125218
0 -0.00261961 -0.00229334 -0.000928673
0 -0.00249725 -0.00204164 -0.000648717
0 -0.00238366 -0.00182008 -0.000409873
0 -0.00227893 -0.00162913 -0.000209667
0 -0.0021842 -0.00146926 -4.62046e-05
0 -0.00210198 -0.00134119 8.14498e-05
0 -0.00203552 -0.00124605 0.000173534
0 -0.00198755 -0.00118439 0.000230431
0 -0.0019593 -0.00115532 0.00025342
0 -0.00195045 -0.0011568 0.00024466
0 -0.00195991 -0.00118648 0.000206482
0 -0.00198659 -0.00124267 0.000140479
0 -0.00203012 -0.0013249 4.68572e-05
0 -0.00209067 -0.00143374 -7.52681e-05
0 -0.00216774 -0.00156958 -0.00022663
0 -0.00225909 -0.00173143 -0.000406715
0 -0.00236112 -0.00191693 -0.000613829
0 -0.00247004 -0.00212314 -0.000845945
0 -0.00258272 -0.00234726 -0.00110141
0 -0.00269722 -0.00258698 -0.0013792
0 -0.00281285 -0.00284052 -0.00167888
0 -0.00292981 -0.00310647 -0.00200014
0 -0.00304875 -0.00338351 -0.00234232
0 -0.00317035 -0.00367033 -0.00270409
0 -0.00329511 -0.00396557 -0.00308336
0 -0.0034233 -0.00426793 -0.00347736
0 -0.00355507 -0.00457655 -0.00388293
0 -0.00369056 -0.00489139 -0.00429689
0 -0.00382999 -0.00521232 -0.00471634
0 -0.00397358 -0.00553847 -0.00513875
0 -0.00412144 -0.00586945 -0.00556197
0 -0.00427363 -0.0062056 -0.00598433
0 -0.00442985 -0.00654668 -0.00640476
0 -0.00458921 -0.00689132 -0.00682268
0 -0.00475084 -0.00723807 -0.00723787
0 -0.00491415 -0.00758583 -0.00765049
0 -0.00507847 -0.0079328 -0.00806079
0 -0.00524347 -0.00827745 -0.00846893
0 -0.00540877 -0.00861952 -0.00887502
0 -0.00557274 -0.0089581 -0.00927902
0 -0.00573351 -0.00929153 -0.00968046
0 -0.00589054 -0.00961951 -0.0100784
0 -0.00604367 -0.00994207 -0.0104717
0 -0.00619206 -0.0102575 -0.0108586
0 -0.00633445 -0.0105642 -0.0112375
0 -0.00647028 -0.0108619 -0.0116066
0 -0.00659941 -0.0111494 -0.0119634
0 -0.00672097 -0.0114244 -0.0123052
0 -0.00683366 -0.0116841 -0.0126286
0 -0.00693656 -0.0119259 -0.0129304
0 -0.00702895 -0.0121472 -0.0132077
0 -0.00711023 -0.012346 -0.0134579
0 -0.00718024 -0.0125202 -0.0136787
0 -0.00723912 -0.0126681 -0.0138682
0 -0.0072868 -0.0127884 -0.0140243
0 -0.00732276 -0.0128797 -0.0141451
0 -0.0073459 -0.0129405 -0.0142283
0 -0.00735458 -0.0129688 -0.0142711
0 -0.00734731 -0.012963 -0.0142715
0 -0.00732348 -0.0129223 -0.0142281
0 -0.00728373 -0.0128472 -0.0141413
0 -0.00722948 -0.0127389 -0.0140124
0 -0.00716213 -0.012599 -0.013843
0 -0.0070826 -0.0124286 -0.0136348
0 -0.00699133 -0.0122288 -0.0133892
0 -0.00688856 -0.0120008 -0.0131079
0 -0.00677461 -0.0117462 -0.012793
0 -0.00665003 -0.0114667 -0.012447
0 -0.00651538 -0.0111643 -0.0120724
0 -0.0063712 -0.0108413 -0.0116723
0 -0.0062186 -0.0105006 -0.0112505
0 -0.00605961 -0.0101457 -0.0108112
0 -0.00589672 -0.00978057 -0.0103592
0 -0.00573298 -0.00940884 -0.00989899
0 -0.00557071 -0.00903452 -0.0094347
0 -0.00540989 -0.00866147 -0.00896964
0 -0.0052506 -0.00829159 -0.00850633
0 -0.00509398 -0.00792596 -0.00804685
0 -0.00494089 -0.00756673 -0.00759306
0 -0.00479127 -0.00721577 -0.00714695
0 -0.0046443 -0.00687487 -0.0067108
0 -0.00450057 -0.00654599 -0.00628725
0 -0.00436262 -0.00623079 -0.00587955
0 -0.00423262 -0.00593132 -0.00549129
0 -0.00411164 -0.00564931 -0.00512621
0 -0.00400045 -0.00538628 -0.00478776
0 -0.00389993 -0.00514438 -0.00447889
0 -0.00381059 -0.00492554 -0.00420183
0 -0.003732 -0.00473135 -0.00395796
0 -0.00366303 -0.00456273 -0.0037479
0 -0.00360271 -0.00441955 -0.0035718
0 -0.00355055 -0.00430197 -0.00342961
0 -0.00350631 -0.00421054 -0.00332112
0 -0.00346993 -0.00414504 -0.00324589
0 -0.00344162 -0.0041047 -0.00320323
0 -0.00342186 -0.00408855 -0.00319217
0 -0.00341122 -0.00409546 -0.0032115
0 -0.00341029 -0.0041242 -0.00325972
0 -0.0034196 -0.00417352 -0.00333517
0 -0.00343981 -0.00424254 -0.00343621
0 -0.00347192 -0.00433113 -0.00356159
0 -0.00351704 -0.00443983 -0.00371044
0 -0.00357594 -0.00456937 -0.00388194
0 -0.00364848 -0.00472025 -0.00407491
0 -0.00373328 -0.00489189 -0.00428746
0 -0.00382794 -0.00508219 -0.00451715
0 -0.00392966 -0.00528856 -0.0047615
0 -0.00403592 -0.00550873 -0.00501852
0 -0.00414509 -0.00574065 -0.00528718
0 -0.00425662 -0.00598255 -0.0055674
0 -0.00437076 -0.00623305 -0.00585978
0 -0.00448786 -0.00649108 -0.00616499
0 -0.00460787 -0.00675582 -0.00648333
0 -0.00473068 -0.00702642 -0.00681458
0 -0.00485582 -0.00730149 -0.00715777
0 -0.0049819 -0.00757971 -0.00751107
0 -0.00510704 -0.00785987 -0.0078719
0 -0.00523011 -0.00814 -0.00823728
0 -0.00535027 -0.00841858 -0.00860411
0 -0.00546643 -0.0086953 -0.0089693
0 -0.00557798 -0.00896931 -0.00933013
0 -0.00568536 -0.00923932 -0.00968425
0 -0.00579019 -0.00950538 -0.0100296
0 -0.00589444 -0.00976724 -0.0103646
0 -0.0059998 -0.010023 -0.0106874
0 -0.0061069 -0.0102714 -0.0109967
0 -0.00621525 -0.0105117 -0.011291
0 -0.00632397 -0.010742 -0.0115679
0 -0.00643114 -0.0109593 -0.0118248
0 -0.00653341 -0.0111606 -0.0120591
0 -0.00662747 -0.0113431 -0.0122684
0 -0.00671113 -0.0115047 -0.0124512
0 -0.00678299 -0.011644 -0.0126068
0 -0.00684228 -0.0117601 -0.0127356
0 -0.00688886 -0.0118527 -0.0128382
0 -0.00692297 -0.011922 -0.0129154
0 -0.00694479 -0.0119678 -0.0129678
0 -0.00695434 -0.01199 -0.0129955
0 -0.00695125 -0.0119881 -0.0129978
0 -0.00693489 -0.0119616 -0.0129739
0 -0.00690474 -0.01191 -0.0129224
0 -0.00686067 -0.011833 -0.0128423
0 -0.00680312 -0.0117308 -0.012733
0 -0.0067333 -0.0116043 -0.0125944
0 -0.00665303 -0.0114549 -0.0124272
0 -0.00656428 -0.0112843 -0.0122324
0 -0.00646887 -0.0110943 -0.0120115
0 -0.00636844 -0.0108868 -0.0117658
0 -0.00626445 -0.0106639 -0.0114973
0 -0.00615804 -0.0104275 -0.0112082
0 -0.00605005 -0.01018 -0.0109009
0 -0.00594122 -0.00992357 -0.0105784
0 -0.0058322 -0.00966046 -0.0102435
0 -0.00572354 -0.00939268 -0.00989966
0 -0.00561505 -0.00912256 -0.00955009
0 -0.00550594 -0.00885214 -0.00919759
0 -0.00539537 -0.00858186 -0.0088441
0 -0.0052821 -0.00831085 -0.00849085
0 -0.00516491 -0.00803858 -0.00813876
0 -0.0050437 -0.00776541 -0.00778878
0 -0.00491939 -0.00749181 -0.00744239
0 -0.0047927 -0.00721868 -0.00710149
0 -0.00466465 -0.00694751 -0.00676788
0 -0.0045376 -0.00667983 -0.00644321
0 -0.00441399 -0.0064176 -0.00612876
0 -0.00429532 -0.0061631 -0.00582554
0 -0.00418271 -0.00591809 -0.00553465
0 -0.00407761 -0.00568449 -0.00525735
0 -0.0039816 -0.00546546 -0.00499524
0 -0.00389596 -0.00526413 -0.00475006
0 -0.00382107 -0.00508221 -0.0045232
0 -0.00375618 -0.00492038 -0.00431546
0 -0.0037 -0.0047787 -0.00412729
0 -0.00365143 -0.00465674 -0.00395925
0 -0.0036097 -0.00455397 -0.00381235
0 -0.00357467 -0.00446997 -0.00368839
0 -0.00354743 -0.00440502 -0.00359014
0 -0.00353002 -0.00436068 -0.00352097
0 -0.00352427 -0.00433874 -0.00348378
0 -0.00353097 -0.00434019 -0.00348022
0 -0.00354994 -0.00436557 -0.00351077
0 -0.00358067 -0.00441552 -0.00357528
0 -0.00362253 -0.00449076 -0.0036732
0 -0.00367449 -0.00459147 -0.0038033
0 -0.003735 -0.0047169 -0.00396354
0 -0.0038023 -0.00486556 -0.00415141
0 -0.00387501 -0.00503577 -0.00436443
0 -0.00395228 -0.00522556 -0.00460034
0 -0.00403375 -0.00543203 -0.00485704
0 -0.00411941 -0.00565224 -0.00513254
0 -0.00420963 -0.00588398 -0.00542489
0 -0.00430489 -0.00612524 -0.00573212
0 -0.00440543 -0.00637392 -0.00605205
0 -0.00451089 -0.00662826 -0.00638226
0 -0.00462055 -0.00688685 -0.00672008
0 -0.00473355 -0.00714814 -0.00706272
0 -0.00484858 -0.00741085 -0.00740722
0 -0.00496393 -0.00767359 -0.00775056
0 -0.00507804 -0.0079344 -0.00808984
0 -0.00519013 -0.00819202 -0.00842227
0 -0.00529957 -0.00844587 -0.00874533
0 -0.00540508 -0.0086939 -0.00905667
0 -0.00550546 -0.00893327 -0.00935413
0 -0.00560014 -0.00916233 -0.00963597
0 -0.00568935 -0.00937968 -0.00990065
0 -0.0057735 -0.00958288 -0.010147
0 -0.00585302 -0.00976986 -0.0103743
0 -0.005929 -0.00994036 -0.0105826
0 -0.00600187 -0.0100948 -0.0107715
0 -0.00607074 -0.0102327 -0.0109404
0 -0.00613432 -0.0103532 -0.0110879
0 -0.00619094 -0.0104554 -0.0112121
0 -0.00623838 -0.0105387 -0.0113116
0 -0.00627452 -0.0106021 -0.011385
0 -0.00629795 -0.0106449 -0.0114316
0 -0.00630786 -0.0106661 -0.0114508
0 -0.00630368 -0.0106645 -0.0114425
0 -0.00628525 -0.0106393 -0.0114067
0 -0.00625337 -0.0105898 -0.0113443
0 -0.00621003 -0.0105167 -0.0112568
0 -0.00615777 -0.0104214 -0.0111462
0 -0.00609892 -0.010306 -0.0110145
0 -0.00603547 -0.0101727 -0.0108634
0 -0.00596913 -0.0100243 -0.0106944
0 -0.00590113 -0.00986355 -0.010509
0 -0.00583209 -0.0096937 -0.0103087
0 -0.00576269 -0.0095176 -0.0100953
0 -0.00569353 -0.00933797 -0.00987078
0 -0.00562448 -0.00915736 -0.00963768
0 -0.00555555 -0.0089782 -0.00939889
0 -0.00548753 -0.00880241 -0.00915771
0 -0.00542095 -0.00863091 -0.00891751
0 -0.00535605 -0.00846389 -0.00868134
0 -0.00529271 -0.00830135 -0.00845175
0 -0.00523018 -0.0081432 -0.00823066
0 -0.00516788 -0.00798927 -0.0080197
0 -0.00510611 -0.00783944 -0.00782027
0 -0.00504492 -0.00769374 -0.00763324
0 -0.00498357 -0.0075523 -0.00745899
0 -0.00492162 -0.0074156 -0.0072975
0 -0.00485946 -0.00728474 -0.00714842
0 -0.00479779 -0.00716072 -0.00701119
0 -0.00473726 -0.007044 -0.00688526
0 -0.00467878 -0.00693522 -0.00677006
0 -0.00462349 -0.00683549 -0.00666507
0 -0.00457265 -0.00674571 -0.00656982
0 -0.00452758 -0.00666641 -0.00648407
0 -0.00448968 -0.00659825 -0.00640797
0 -0.00446034 -0.00654214 -0.0063422
0 -0.00444081 -0.00649912 -0.00628773
0 -0.0044319 -0.00647011 -0.00624563
0 -0.00443367 -0.00645558 -0.00621674
0 -0.00444526 -0.00645539 -0.00620159
0 -0.00446517 -0.00646907 -0.00620044
0 -0.00449157 -0.00649607 -0.00621351
0 -0.0045227 -0.00653558 -0.00624112
0 -0.00455689 -0.00658644 -0.00628362
0 -0.00459268 -0.00664748 -0.00634124
0 -0.00462882 -0.00671758 -0.00641403
0 -0.00466441 -0.0067954 -0.00650176
0 -0.00469892 -0.00687968 -0.00660392
0 -0.0047321 -0.00696924 -0.00671962
0 -0.00476389 -0.00706279 -0.00684763
0 -0.00479465 -0.00715951 -0.00698646
0 -0.00482512 -0.00725912 -0.00713451
0 -0.00485618 -0.00736153 -0.00729008
0 -0.00488871 -0.00746687 -0.00745126
0 -0.00492348 -0.00757505 -0.00761604
0 -0.004961 -0.00768582 -0.00778227
0 -0.00500134 -0.00779882 -0.00794752
0 -0.00504401 -0.0079134 -0.0081092
0 -0.00508831 -0.00802846 -0.00826482
0 -0.00513364 -0.00814249 -0.0084122
0 -0.00517942 -0.0082538 -0.00854984
0 -0.00522516 -0.0083612 -0.00867716
0 -0.00527091 -0.00846412 -0.00879438
0 -0.00531708 -0.00856208 -0.00890211
0 -0.00536378 -0.00865444 -0.00900112
0 -0.00541058 -0.0087407 -0.00909216
0 -0.00545675 -0.00882057 -0.00917595
0 -0.00550149 -0.00889398 -0.0092532
0 -0.005544 -0.00896097 -0.0093244
0 -0.00558292 -0.00902136 -0.0093896
0 -0.00561628 -0.00907449 -0.00944817
0 -0.00564208 -0.00911922 -0.00949899
0 -0.00565886 -0.0091543 -0.00954077
0 -0.00566554 -0.00917841 -0.00957231
0 -0.00566131 -0.00919024 -0.00959245
0 -0.00564625 -0.00918858 -0.00960007
0 -0.00562128 -0.00917232 -0.00959408
0 -0.00558755 -0.00914064 -0.00957344
0 -0.00554633 -0.00909307 -0.00953703
0 -0.00549903 -0.00902941 -0.0094836
0 -0.00544695 -0.00894962 -0.00941178
0 -0.00539094 -0.00885402 -0.0093202
0 -0.00533169 -0.00874348 -0.00920768
0 -0.0052699 -0.00861904 -0.0090734
0 -0.00520622 -0.00848174 -0.00891702
0 -0.00514093 -0.00833273 -0.00873869
0 -0.00507384 -0.00817314 -0.00853904
0 -0.00500498 -0.00800379 -0.00831923
0 -0.00493481 -0.00782534 -0.0080809
0 -0.00486314 -0.00763873 -0.00782628
0 -0.00478931 -0.00744514 -0.00755816
0 -0.00471349 -0.0072455 -0.00727962
0 -0.00463651 -0.00704072 -0.00699398
0 -0.00455879 -0.00683222 -0.00670456
0 -0.00448037 -0.00662165 -0.00641461
0 -0.0044012 -0.00641047 -0.00612723
0 -0.00432127 -0.00620042 -0.0058454
0 -0.00424073 -0.00599308 -0.00557184
0 -0.00415988 -0.00578954 -0.00530912
0 -0.00407893 -0.00559177 -0.00505945
0 -0.0039982 -0.00540218 -0.00482469
0 -0.0039184 -0.0052224 -0.0046064
0 -0.00384058 -0.00505395 -0.00440586
0 -0.00376593 -0.00489868 -0.0042241
0 -0.00369582 -0.00475829 -0.00406199
0 -0.00363186 -0.0046342 -0.00392023
0 -0.00357563 -0.0045276 -0.00379944
0 -0.0035286 -0.00443936 -0.00370013
0 -0.00349204 -0.00437035 -0.00362278
0 -0.00346696 -0.00432145 -0.00356772
0 -0.0034539 -0.00429316 -0.00353513
0 -0.00345282 -0.00428556 -0.00352493
0 -0.0034632 -0.00429847 -0.00353684
0 -0.00348423 -0.00433153 -0.00357061
0 -0.00351494 -0.0043842 -0.00362601
0 -0.00355434 -0.00445574 -0.00370287
0 -0.00360137 -0.00454523 -0.00380098
0 -0.00365503 -0.00465163 -0.00392012
0 -0.0037146 -0.00477398 -0.00406014
0 -0.0037798 -0.00491173 -0.00422114
0 -0.0038507 -0.00506457 -0.00440325
0 -0.0039274 -0.00523187 -0.00460643
0 -0.00400985 -0.00541288 -0.00483015
0 -0.00409751 -0.00560678 -0.00507313
0 -0.0041891 -0.00581208 -0.00533302
0 -0.00428276 -0.0060264 -0.0056066
0 -0.0043765 -0.00624691 -0.00589022
0 -0.00446851 -0.00647081 -0.00618025
0 -0.00455729 -0.00669569 -0.00647328
0 -0.00464211 -0.00691919 -0.00676629
0 -0.00472323 -0.00713904 -0.00705691
0 -0.00480156 -0.007354 -0.00734343
0 -0.00487829 -0.00756331 -0.00762458
0 -0.0049546 -0.00776599 -0.00789908
0 -0.00503149 -0.00796191 -0.00816532
0 -0.00510986 -0.00815188 -0.00842164
0 -0.00519018 -0.00833603 -0.00866641
0 -0.00527184 -0.00851377 -0.00889808
0 -0.00535412 -0.00868552 -0.00911553
0 -0.00543675 -0.00885231 -0.00931808
0 -0.00551908 -0.00901412 -0.00950548
0 -0.0056004 -0.00917015 -0.00967811
0 -0.00568019 -0.00931983 -0.00983685
0 -0.00575744 -0.00946257 -0.00998297
0 -0.00583123 -0.00959744 -0.0101179
0 -0.00590124 -0.00972346 -0.0102431
0 -0.00596692 -0.00983972 -0.0103598
0 -0.00602685 -0.00994549 -0.0104691
0 -0.00607978 -0.0100403 -0.0105717
0 -0.00612532 -0.0101241 -0.010668
0 -0.00616332 -0.010197 -0.0107579
0 -0.00619346 -0.0102593 -0.0108412
0 -0.0062157 -0.0103115 -0.010917
0 -0.00623036 -0.0103542 -0.0109845
0 -0.00623798 -0.0103878 -0.0110427
0 -0.00623945 -0.0104131 -0.0110908
0 -0.00623605 -0.0104303 -0.0111279
0 -0.0062289 -0.0104396 -0.0111532
0 -0.00621872 -0.0104409 -0.0111658
0 -0.00620608 -0.0104336 -0.011165
0 -0.00619148 -0.0104174 -0.0111502
0 -0.00617522 -0.0103918 -0.011121
0 -0.00615735 -0.0103565 -0.0110773
0 -0.00613763 -0.0103113 -0.0110193
0 -0.00611555 -0.0102559 -0.010947
0 -0.00609029 -0.0101901 -0.0108606
0 -0.00606081 -0.0101135 -0.0107601
0 -0.00602604 -0.0100259 -0.0106459
0 -0.00598493 -0.00992705 -0.0105182
0 -0.00593664 -0.0098167 -0.0103776
0 -0.00588078 -0.00969472 -0.0102246
0 -0.00581759 -0.00956119 -0.0100598
0 -0.00574773 -0.0094165 -0.00988422
0 -0.00567194 -0.00926162 -0.00969905
0 -0.00559142 -0.00909798 -0.00950559
0 -0.00550788 -0.00892707 -0.00930496
0 -0.00542289 -0.00875021 -0.00909807
0 -0.00533754 -0.00856896 -0.00888569
0 -0.00525307 -0.00838506 -0.00866864
0 -0.00517057 -0.00820023 -0.0084478
0 -0.00509056 -0.00801624 -0.00822418
0 -0.005014 -0.00783498 -0.00799896
0 -0.00494189 -0.0076583 -0.00777365
0 -0.00487419 -0.00748778 -0.00755008
0 -0.00481094 -0.00732476 -0.00733039
0 -0.00475297 -0.00717039 -0.00711701
0 -0.00470089 -0.00702594 -0.00691247
0 -0.00465474 -0.00689277 -0.00671936
0 -0.00461437 -0.00677158 -0.00654044
0 -0.00457963 -0.00666273 -0.00637832
0 -0.00455034 -0.00656701 -0.00623534
0 -0.00452614 -0.00648512 -0.00611361
0 -0.00450649 -0.0064172 -0.00601475
0 -0.00449085 -0.00636373 -0.00593985
0 -0.00447886 -0.00632551 -0.00588962
0 -0.00447047 -0.00630297 -0.00586432
0 -0.00446574 -0.00629636 -0.00586378
0 -0.0044649 -0.00630603 -0.00588741
0 -0.00446826 -0.00633205 -0.00593418
0 -0.00447624 -0.006374 -0.00600264
0 -0.00448932 -0.00643121 -0.00609115
0 -0.00450809 -0.00650305 -0.00619802
0 -0.00453312 -0.00658878 -0.00632151
0 -0.00456494 -0.00668744 -0.00645985
0 -0.00460387 -0.00679796 -0.00661133
0 -0.00465001 -0.00691932 -0.00677426
0 -0.00470315 -0.00705053 -0.006947
0 -0.00476277 -0.0071905 -0.00712796
0 -0.00482811 -0.00733812 -0.00731564
0 -0.00489817 -0.00749224 -0.00750867
0 -0.00497177 -0.00765166 -0.00770577
0 -0.00504769 -0.00781516 -0.00790575
0 -0.00512482 -0.00798144 -0.00810752
0 -0.00520229 -0.00814918 -0.00831003
0 -0.00527904 -0.00831705 -0.00851221
0 -0.00535351 -0.00848338 -0.00871293
0 -0.00542458 -0.00864614 -0.008911
0 -0.00549172 -0.00880347 -0.00910521
0 -0.00555425 -0.00895403 -0.00929424
0 -0.00561173 -0.00909661 -0.0094766
0 -0.00566412 -0.00922984 -0.00965062
0 -0.00571114 -0.00935254 -0.00981447
0 -0.00575249 -0.00946392 -0.00996617
0 -0.00578833 -0.00956307 -0.0101037
0 -0.00581902 -0.00964925 -0.0102253
0 -0.00584479 -0.00972225 -0.0103292
0 -0.00586577 -0.0097819 -0.010414
0 -0.00588211 -0.00982789 -0.0104785
0 -0.00589383 -0.00985995 -0.010522
0 -0.00590082 -0.00987786 -0.0105441
0 -0.00590299 -0.0098814 -0.0105446
0 -0.00590027 -0.00987037 -0.0105241
0 -0.00589242 -0.00984459 -0.0104829
0 -0.00587907 -0.00980395 -0.0104222
0 -0.00585982 -0.00974851 -0.0103427
0 -0.00583425 -0.00967841 -0.0102459
0 -0.00580218 -0.0095939 -0.0101327
0 -0.00576342 -0.00949537 -0.0100044
0 -0.0057172 -0.00938322 -0.00986185
0 -0.00566298 -0.00925788 -0.00970594
0 -0.00560078 -0.00911999 -0.00953729
0 -0.00553094 -0.00897023 -0.00935647
0 -0.00545391 -0.008809 -0.00916382
0 -0.00536983 -0.00863671 -0.00895951
0 -0.0052793 -0.0084537 -0.00874362
0 -0.00518345 -0.00826043 -0.00851621
0 -0.00508324 -0.00805762 -0.00827758
0 -0.00498035 -0.00784655 -0.00802838
0 -0.00487711 -0.00762911 -0.00776965
0 -0.00477481 -0.0074073 -0.00750269
0 -0.00467419 -0.00718296 -0.00722884
0 -0.00457676 -0.00695794 -0.0069495
0 -0.00448402 -0.00673425 -0.00666632
0 -0.00439628 -0.00651402 -0.00638102
0 -0.00431301 -0.00629884 -0.00609537
0 -0.00423359 -0.00608974 -0.00581143
0 -0.00415752 -0.00588736 -0.00553148
0 -0.00408422 -0.00569165 -0.00525802
0 -0.00401293 -0.00550282 -0.00499401
0 -0.00394322 -0.00532186 -0.00474254
0 -0.00387526 -0.00514956 -0.0045067
0 -0.00380948 -0.00498665 -0.0042894
0 -0.00374635 -0.00483456 -0.00409303
0 -0.00368639 -0.00469507 -0.00391939
0 -0.00363022 -0.00456939 -0.0037697
0 -0.00357856 -0.00445858 -0.00364463
0 -0.0035322 -0.00436419 -0.00354433
0 -0.00349191 -0.00428773 -0.0034685
0 -0.00345839 -0.00423012 -0.00341636
0 -0.00343233 -0.00419182 -0.00338693
0 -0.00341446 -0.00417311 -0.00337921
0 -0.00340561 -0.00417408 -0.00339231
0 -0.00340656 -0.00419456 -0.0034255
0 -0.00341799 -0.0042341 -0.0034782
0 -0.00344047 -0.00429223 -0.00355006
0 -0.00347446 -0.00436862 -0.00364103
0 -0.00352017 -0.00446297 -0.00375118
0 -0.00357739 -0.00457498 -0.0038806
0 -0.00364546 -0.00470436 -0.0040293
0 -0.00372331 -0.00485077 -0.00419717
0 -0.00380959 -0.00501346 -0.00438403
0 -0.00390275 -0.00519155 -0.00458954
0 -0.00400118 -0.00538418 -0.00481322
0 -0.00410332 -0.00559028 -0.00505446
0 -0.00420785 -0.00580851 -0.00531252
0 -0.00431377 -0.00603736 -0.00558653
0 -0.00442042 -0.00627524 -0.00587555
0 -0.00452724 -0.00652062 -0.00617846
0 -0.0046339 -0.0067722 -0.00649404
0 -0.00474049 -0.00702869 -0.00682079
0 -0.00484722 -0.00728858 -0.00715699
0 -0.00495396 -0.00755072 -0.00750068
0 -0.00506048 -0.00781421 -0.00784958
0 -0.00516708 -0.00807737 -0.00820113
0 -0.00527425 -0.0083391 -0.00855255
0 -0.0053817 -0.0085995 -0.00890088
0 -0.00548857 -0.00885762 -0.00924306
0 -0.00559427 -0.00911182 -0.00957602
0 -0.00569887 -0.00936159 -0.00989693
0 -0.00580264 -0.00960575 -0.0102033
0 -0.00590516 -0.00984161 -0.010493
0 -0.00600603 -0.0100671 -0.0107642
0 -0.00610453 -0.0102811 -0.0110159
0 -0.00619961 -0.0104816 -0.0112471
0 -0.00629065 -0.0106667 -0.0114573
0 -0.00637673 -0.0108349 -0.0116463
0 -0.0064562 -0.0109849 -0.0118138
0 -0.00652755 -0.0111157 -0.0119596
0 -0.00658971 -0.0112267 -0.0120835
0 -0.00664141 -0.0113171 -0.0121854
0 -0.00668126 -0.0113868 -0.0122649
0 -0.00670833 -0.0114356 -0.0123219
0 -0.00672219 -0.0114633 -0.012356
0 -0.00672275 -0.0114699 -0.0123672
0 -0.00671024 -0.0114554 -0.0123552
0 -0.00668529 -0.0114199 -0.0123199
0 -0.00664888 -0.0113637 -0.0122614
0 -0.00660217 -0.011287 -0.0121795
0 -0.00654641 -0.0111903 -0.0120745
0 -0.00648284 -0.0110743 -0.0119465
0 -0.00641262 -0.01094 -0.0117956
0 -0.00633676 -0.0107884 -0.0116224
0 -0.00625612 -0.0106209 -0.0114274
0 -0.00617133 -0.0104387 -0.0112114
0 -0.00608286 -0.0102435 -0.0109756
0 -0.00599112 -0.0100366 -0.0107214
0 -0.00589653 -0.00981969 -0.0104506
0 -0.00579952 -0.00959391 -0.0101654
0 -0.00570036 -0.00936059 -0.00986805
0 -0.00559897 -0.00912129 -0.00956114
0 -0.0054956 -0.00887773 -0.00924726
0 -0.00539072 -0.00863111 -0.0089289
0 -0.00528475 -0.00838219 -0.00860847
0 -0.00517842 -0.008132 -0.00828822
0 -0.00507241 -0.00788219 -0.00797009
0 -0.00496729 -0.00763443 -0.00765581
0 -0.00486326 -0.00739009 -0.00734705
0 -0.00476022 -0.00715045 -0.00704531
0 -0.00465879 -0.00691695 -0.00675192
0 -0.00456016 -0.0066911 -0.00646836
0 -0.00446514 -0.00647449 -0.00619607
0 -0.00437407 -0.00626847 -0.00593637
0 -0.00428743 -0.00607362 -0.00569072
0 -0.00420601 -0.00589049 -0.00546052
0 -0.00413056 -0.00572036 -0.00524705
0 -0.00406148 -0.00556436 -0.00505152
0 -0.00399897 -0.00542294 -0.00487496
0 -0.00394333 -0.00529666 -0.00471826
0 -0.00389487 -0.00518643 -0.00458213
0 -0.00385379 -0.00509296 -0.00446712
0 -0.00382019 -0.00501662 -0.00437362
0 -0.00379414 -0.00495775 -0.0043019
0 -0.00377571 -0.00491672 -0.00425207
0 -0.00376496 -0.00489367 -0.00422418
0 -0.00376196 -0.00488854 -0.00421815
0 -0.00376669 -0.00490112 -0.0042338
0 -0.00377912 -0.00493111 -0.00427086
0 -0.00379917 -0.00497812 -0.00432893
0 -0.00382673 -0.00504158 -0.00440749
0 -0.00386162 -0.00512088 -0.00450592
0 -0.00390353 -0.00521532 -0.00462342
0 -0.00395212 -0.00532417 -0.00475909
0 -0.00400695 -0.00544665 -0.00491191
0 -0.00406757 -0.0055819 -0.00508076
0 -0.00413343 -0.00572903 -0.00526441
0 -0.00420399 -0.00588705 -0.00546159
0 -0.00427866 -0.00605489 -0.005671
0 -0.00435686 -0.00623146 -0.0058913
0 -0.00443802 -0.00641557 -0.00612115
0 -0.00452146 -0.00660607 -0.00635922
0 -0.00460652 -0.00680174 -0.00660419
0 -0.00469271 -0.00700112 -0.00685476
0 -0.00477955 -0.00720286 -0.00710961
0 -0.00486644 -0.00740595 -0.00736734
0 -0.00495273 -0.00760915 -0.00762648
0 -0.00503786 -0.00781069 -0.00788558
0 -0.00512153 -0.00800939 -0.00814301
0 -0.0052038 -0.00820491 -0.00839702
0 -0.00528447 -0.00839668 -0.00864591
0 -0.00536272 -0.00858333 -0.00888792
0 -0.00543798 -0.00876343 -0.00912124
0 -0.00551015 -0.00893644 -0.00934415
0 -0.00557925 -0.009102 -0.00955515
0 -0.00564546 -0.00925912 -0.00975282
0 -0.00570858 -0.00940649 -0.00993592
0 -0.00576802 -0.00954298 -0.0101035
0 -0.00582379 -0.00966789 -0.0102547
