0 -0.00587645 -0.00978078 -0.0103892
0 -0.00592584 -0.00988114 -0.0105066
0 -0.00597085 -0.00996841 -0.0106068
0 -0.00601051 -0.0100422 -0.0106897
0 -0.00604451 -0.0101022 -0.0107552
0 -0.00607235 -0.0101483 -0.0108035
0 -0.00609322 -0.0101802 -0.0108349
0 -0.00610645 -0.0101979 -0.0108496
0 -0.00611167 -0.0102014 -0.0108481
0 -0.00610879 -0.0101907 -0.0108308
0 -0.00609777 -0.0101659 -0.0107981
0 -0.00607871 -0.0101272 -0.0107506
0 -0.00605196 -0.0100749 -0.0106886
0 -0.00601808 -0.0100093 -0.0106127
0 -0.00597764 -0.00993095 -0.0105231
0 -0.00593123 -0.00984047 -0.0104201
0 -0.00587961 -0.00973858 -0.0103042
0 -0.00582376 -0.00962613 -0.0101757
0 -0.00576456 -0.00950406 -0.0100349
0 -0.00570244 -0.00937338 -0.00988247
0 -0.00563777 -0.00923513 -0.00971892
0 -0.00557126 -0.00909046 -0.00954508
0 -0.00550365 -0.00894061 -0.00936186
0 -0.00543544 -0.00878663 -0.00917033
0 -0.0053669 -0.00862928 -0.00897171
0 -0.00529844 -0.00846929 -0.00876731
0 -0.00523047 -0.00830745 -0.00855853
0 -0.00516292 -0.00814449 -0.00834687
0 -0.00509603 -0.00798137 -0.00813389
0 -0.0050305 -0.0078192 -0.00792112
0 -0.00496638 -0.00765879 -0.00771009
0 -0.00490302 -0.00750081 -0.00750226
0 -0.00484039 -0.00734595 -0.00729901
0 -0.00477894 -0.00719493 -0.00710159
0 -0.00471893 -0.00704885 -0.00691128
0 -0.00466053 -0.00690882 -0.00672939
0 -0.00460399 -0.00677532 -0.0065571
0 -0.00454957 -0.00664868 -0.00639541
0 -0.00449761 -0.00652978 -0.00624518
0 -0.00444849 -0.00641945 -0.00610716
0 -0.00440262 -0.00631811 -0.00598209
0 -0.00436049 -0.00622627 -0.00587056
0 -0.00432258 -0.00614467 -0.00577298
0 -0.00428931 -0.00607396 -0.00568953
0 -0.00426102 -0.00601459 -0.00562035
0 -0.00423814 -0.00596699 -0.00556559
0 -0.00422101 -0.00593154 -0.00552539
0 -0.0042097 -0.00590851 -0.0054996
0 -0.00420405 -0.00589777 -0.00548778
0 -0.00420366 -0.0058987 -0.00548931
0 -0.00420809 -0.00591061 -0.00550361
0 -0.00421697 -0.00593289 -0.00553016
0 -0.00423001 -0.00596493 -0.00556851
0 -0.00424701 -0.00600601 -0.00561821
0 -0.00426776 -0.00605544 -0.00567882
0 -0.00429195 -0.00611247 -0.00574969
0 -0.00431928 -0.00617639 -0.00583013
0 -0.00434982 -0.00624693 -0.00591976
0 -0.00438418 -0.00632459 -0.00601883
0 -0.00442318 -0.00641012 -0.00612781
0 -0.00446722 -0.006504 -0.00624678
0 -0.00451612 -0.00660642 -0.00637536
0 -0.0045693 -0.00671717 -0.0065129
0 -0.00462606 -0.00683574 -0.00665878
0 -0.00468571 -0.00696166 -0.00681242
0 -0.00474751 -0.00709429 -0.00697323
0 -0.00481062 -0.00723251 -0.00714053
0 -0.00487423 -0.00737514 -0.00731355
0 -0.00493768 -0.00752114 -0.00749156
0 -0.00500076 -0.00766937 -0.00767413
0 -0.00506378 -0.00781895 -0.00786116
0 -0.00512726 -0.00796958 -0.00805248
0 -0.00519152 -0.00812092 -0.00824734
0 -0.00525644 -0.0082725 -0.0084445
0 -0.00532138 -0.00842383 -0.00864257
0 -0.00538527 -0.00857368 -0.00883959
0 -0.00544615 -0.00871938 -0.00903213
0 -0.00550077 -0.0088573 -0.00921533
0 -0.00554594 -0.00898378 -0.00938431
0 -0.00558098 -0.00909653 -0.00953633
0 -0.00560859 -0.00919599 -0.00967176
0 -0.00563301 -0.0092843 -0.0097924
0 -0.0056565 -0.00936181 -0.00989839
0 -0.00567756 -0.00942559 -0.00998657
0 -0.00569303 -0.00947188 -0.0100525
0 -0.00570203 -0.00949959 -0.0100942
0 -0.00570782 -0.00951192 -0.0101143
0 -0.0057155 -0.00951454 -0.010118
0 -0.00572815 -0.00951201 -0.0101093
0 -0.00574538 -0.0095061 -0.0100895
0 -0.00576486 -0.0094971 -0.0100591
0 -0.00578385 -0.00948495 -0.0100186
0 -0.0057987 -0.00946835 -0.00996799
0 -0.00580399 -0.00944342 -0.00990544
0 -0.0057939 -0.00940485 -0.00982826
0 -0.00576626 -0.00934962 -0.00973648
0 -0.00572562 -0.00928042 -0.0096358
0 -0.00568138 -0.00920452 -0.00953585
0 -0.00564156 -0.00912823 -0.00944443
0 -0.00560841 -0.00905367 -0.00936347
0 -0.00557966 -0.00897996 -0.00929013
0 -0.0055521 -0.00890588 -0.00922061
0 -0.00552327 -0.00883167 -0.00915219
0 -0.00549146 -0.008758 -0.00908252
0 -0.0054547 -0.00868412 -0.00900842
0 -0.0054103 -0.00860756 -0.00892602
0 -0.0053559 -0.00852487 -0.0088317
0 -0.00529034 -0.00843227 -0.00872263
0 -0.0052132 -0.00832552 -0.00859624
0 -0.00512355 -0.00819947 -0.0084493
0 -0.00502048 -0.00804839 -0.00827789
0 -0.00490532 -0.00786859 -0.00807947
0 -0.0047836 -0.00766195 -0.00785588
0 -0.00466408 -0.0074362 -0.00761325
0 -0.0045544 -0.00719994 -0.00735716
0 -0.00445685 -0.00695777 -0.00708838
0 -0.00436921 -0.00671163 -0.00680434
0 -0.00428907 -0.00646478 -0.00650401
0 -0.00421625 -0.00622342 -0.00619031
0 -0.00415198 -0.00599474 -0.005869
0 -0.00409694 -0.00578407 -0.00554656
0 -0.00404981 -0.00559322 -0.005229
0 -0.00400697 -0.0054198 -0.00492111
0 -0.00396381 -0.00525906 -0.00462664
0 -0.00391729 -0.00510741 -0.00435063
0 -0.00386815 -0.00496469 -0.00410093
0 -0.00381959 -0.00483283 -0.00388628
0 -0.00377305 -0.00471186 -0.00371204
0 -0.00372656 -0.00460001 -0.00357815
0 -0.003678 -0.00449695 -0.00348213
0 -0.00362802 -0.00440517 -0.0034222
0 -0.00357774 -0.00432758 -0.00339538
0 -0.003525 -0.00426341 -0.00339393
0 -0.003465 -0.00420804 -0.00340609
0 -0.00339458 -0.00415651 -0.00342062
0 -0.00331397 -0.00410504 -0.00342896
0 -0.00322431 -0.00404875 -0.00342322
0 -0.00312507 -0.00397994 -0.00339393
0 -0.00301532 -0.00388948 -0.00333148
0 -0.00289738 -0.00377062 -0.00323003
0 -0.00277818 -0.00362265 -0.00308946
0 -0.00266642 -0.00344977 -0.00291311
0 -0.00256892 -0.00325722 -0.00270454
0 -0.00248909 -0.00305014 -0.0024664
0 -0.0024279 -0.00283484 -0.00220169
0 -0.00238634 -0.00262027 -0.00191641
0 -0.00236801 -0.00241951 -0.00162223
0 -0.00237942 -0.00225001 -0.00133676
0 -0.00242636 -0.00212941 -0.00107978
0 -0.00250743 -0.00206764 -0.00086622
0 -0.00261005 -0.0020618 -0.000701105
0 -0.0027147 -0.00209922 -0.000582248
0 -0.0028045 -0.00216617 -0.000508364
0 -0.00287113 -0.00225351 -0.000483619
0 -0.00291269 -0.00235472 -0.000514223
0 -0.00292765 -0.00246067 -0.000601477
0 -0.00291228 -0.00255826 -0.000738684
0 -0.00286404 -0.00263492 -0.000914552
0 -0.00278642 -0.00268442 -0.00111845
0 -0.00268843 -0.00270747 -0.00134095
0 -0.00257849 -0.00270623 -0.00156903
0 -0.00245953 -0.0026792 -0.00178245
0 -0.00233093 -0.00262231 -0.00195689
0 -0.00219582 -0.00253577 -0.00207296
0 -0.00206668 -0.00243005 -0.00212415
0 -0.00196337 -0.00232327 -0.00211605
0 -0.00190575 -0.00223355 -0.00205982
0 -0.00190788 -0.00217635 -0.00196811
0 -0.00197642 -0.00216412 -0.00185437
0 -0.00211215 -0.00220669 -0.00173404
0 -0.00231194 -0.00231197 -0.00162622
0 -0.00257007 -0.00248569 -0.00155334
0 -0.00287928 -0.00273332 -0.00154044
0 -0.00323158 -0.00306109 -0.0016145
0 -0.00361856 -0.0034744 -0.00180206
0 -0.00403103 -0.00397689 -0.00212695
0 -0.0044587 -0.00456965 -0.00260807
0 -0.00489055 -0.00525071 -0.00325756
0 -0.00531632 -0.00601506 -0.00408008
0 -0.00572745 -0.00685508 -0.00507305
0 -0.00611854 -0.00776192 -0.00622754
0 -0.00649112 -0.00872754 -0.00753016
0 -0.00685402 -0.00974938 -0.00896561
0 -0.00721524 -0.0108304 -0.0105179
0 -0.00757667 -0.0119735 -0.0121679
0 -0.00793839 -0.0131691 -0.0138894
0 -0.00830093 -0.0143827 -0.0156454
0 -0.00866383 -0.0155803 -0.0173922
0 -0.00902731 -0.0167519 -0.0190923
0 -0.00939349 -0.017891 -0.0207139
0 -0.00976479 -0.0189817 -0.022228
0 -0.010142 -0.0200073 -0.0236103
0 -0.0105227 -0.020957 -0.0248396
0 -0.0109002 -0.0218198 -0.0258985
0 -0.0112634 -0.0225797 -0.0267732
0 -0.0115992 -0.0232197 -0.0274541
0 -0.0118973 -0.0237292 -0.0279389
0 -0.0121563 -0.024109 -0.0282393
0 -0.0123853 -0.0243706 -0.0283802
0 -0.012596 -0.024532 -0.0283928
0 -0.0127928 -0.0246086 -0.0283036
0 -0.0129639 -0.0246048 -0.0281251
0 -0.0130826 -0.024511 -0.027855
0 -0.0131174 -0.0243116 -0.0274837
0 -0.013045 -0.0239948 -0.0270055
0 -0.0128599 -0.0235618 -0.0264265
0 -0.0125776 -0.0230273 -0.0257669
0 -0.0122272 -0.0224147 -0.0250541
0 -0.0118406 -0.0217486 -0.0243139
0 -0.0114415 -0.0210463 -0.0235609
0 -0.0110402 -0.0203153 -0.0227958
0 -0.010638 -0.0195573 -0.0220105
0 -0.0102357 -0.0187761 -0.0211965
0 -0.00983804 -0.017981 -0.0203505
0 -0.00945362 -0.0171855 -0.0194754
0 -0.009091 -0.016404 -0.018577
0 -0.00875386 -0.0156455 -0.0176604
0 -0.00843825 -0.0149109 -0.0167268
0 -0.00813401 -0.0141936 -0.0157746
0 -0.00782888 -0.0134828 -0.0148024
0 -0.00751302 -0.0127674 -0.013812
0 -0.00718153 -0.0120391 -0.0128096
0 -0.00683503 -0.011295 -0.0118059
0 -0.00648044 -0.010538 -0.010816
0 -0.0061274 -0.00977475 -0.00985206
0 -0.00577576 -0.0090045 -0.00891366
0 -0.00540984 -0.00821231 -0.0079846
0 -0.00501089 -0.00738211 -0.00704486
0 -0.0045751 -0.00651515 -0.00608706
0 -0.00411871 -0.00563012 -0.00512027
0 -0.0036659 -0.00475055 -0.00415937
0 -0.00323185 -0.00389225 -0.00321135
0 -0.00281418 -0.00305508 -0.00226776
0 -0.00239747 -0.00222449 -0.00130874
0 -0.00196862 -0.00138526 -0.000317408
0 -0.00153063 -0.000535967 0.000706419
0 -0.00110096 0.00031061 0.0017467
0 -0.000696642 0.0011409 0.00278532
0 -0.00032327 0.00195152 0.00381339
0 2.31461e-05 0.00274672 0.00482988
0 0.000348811 0.00352988 0.00583419
0 0.000658075 0.00429934 0.00682199
0 0.000953335 0.00504918 0.00778561
0 0.00123618 0.00577217 0.00871631
0 0.00150951 0.00646275 0.00960713
0 0.00177939 0.00711955 0.010455
0 0.0020533 0.00774492 0.0112596
0 0.00233415 0.00833987 0.0120181
0 0.00261499 0.008898 0.0127198
0 0.00287827 0.00940275 0.0133445
0 0.00309922 0.0098295 0.0138651
0 0.00325343 0.0101527 0.0142551
0 0.00332497 0.0103534 0.0144968
0 0.00330782 0.0104198 0.0145814
0 0.00320265 0.0103432 0.0145044
0 0.00301549 0.0101171 0.0142633
0 0.00275789 0.00974125 0.0138603
0 0.00244666 0.00922401 0.0133036
0 0.0021009 0.00858053 0.0126046
0 0.00173606 0.00782716 0.0117727
0 0.00135823 0.00697604 0.0108101
0 0.00096285 0.00603321 0.00971245
0 0.000540406 0.00500244 0.00847417
0 8.51278e-05 0.00389145 0.00709698
0 -0.000401311 0.00271329 0.005593
0 -0.000914312 0.00148092 0.00398
0 -0.00145324 0.00020081 0.00227416
0 -0.00202185 -0.00112761 0.000488887
0 -0.0026211 -0.00250459 -0.00135926
0 -0.00324248 -0.00392195 -0.00324483
0 -0.00386994 -0.00536548 -0.00513594
0 -0.00448819 -0.00681941 -0.00700276
0 -0.00508963 -0.00826703 -0.00882058
0 -0.00567146 -0.00968841 -0.0105687
0 -0.00622669 -0.0110554 -0.0122332
0 -0.00674956 -0.0123466 -0.0138084
0 -0.00724701 -0.0135616 -0.0152937
0 -0.00773444 -0.014705 -0.0166913
0 -0.00822485 -0.0157752 -0.0180023
0 -0.00872431 -0.0167733 -0.0192276
0 -0.00923419 -0.017711 -0.0203705
0 -0.00975599 -0.0186048 -0.0214388
0 -0.0102922 -0.019471 -0.0224413
0 -0.0108412 -0.020322 -0.0233857
0 -0.0113929 -0.0211638 -0.0242764
0 -0.0119273 -0.021992 -0.0251114
0 -0.0124182 -0.0227889 -0.0258824
0 -0.0128394 -0.0235275 -0.0265777
0 -0.01317 -0.0241787 -0.027186
0 -0.0133954 -0.0247144 -0.0276985
0 -0.0135098 -0.0251129 -0.0281107
0 -0.01352 -0.0253635 -0.0284243
0 -0.0134448 -0.0254678 -0.0286456
0 -0.0133091 -0.025437 -0.0287814
0 -0.0131388 -0.0252889 -0.0288359
0 -0.0129543 -0.0250439 -0.0288072
0 -0.0127611 -0.0247155 -0.0286808
0 -0.0125448 -0.0243019 -0.0284254
0 -0.0122801 -0.0237902 -0.0280016
0 -0.0119466 -0.0231683 -0.0273785
0 -0.0115381 -0.0224313 -0.0265421
0 -0.0110629 -0.0215809 -0.0254966
0 -0.0105407 -0.0206247 -0.0242609
0 -0.00999792 -0.0195744 -0.0228652
0 -0.00946148 -0.0184453 -0.0213456
0 -0.00895423 -0.0172548 -0.0197397
0 -0.00849195 -0.0160235 -0.0180839
0 -0.00808143 -0.0147731 -0.0164106
0 -0.00771969 -0.0135256 -0.014747
0 -0.00739654 -0.0123029 -0.0131153
0 -0.00709724 -0.0111257 -0.0115334
0 -0.00680498 -0.010014 -0.0100141
0 -0.0065005 -0.00898053 -0.00856235
0 -0.00615897 -0.00801529 -0.0071768
0 -0.00575906 -0.00709156 -0.00585949
0 -0.00529906 -0.00619611 -0.00462611
0 -0.00480022 -0.00533757 -0.00350262
0 -0.00429392 -0.00452985 -0.00251406
0 -0.00380553 -0.00377627 -0.00167426
0 -0.00334585 -0.00306921 -0.000978735
0 -0.00291236 -0.00239882 -0.000405027
0 -0.00249775 -0.00175552 7.92291e-05
0 -0.00209733 -0.0011321 0.000507136
0 -0.00171132 -0.000529506 0.000906606
0 -0.00134688 4.06464e-05 0.0012964
0 -0.0010197 0.000559391 0.00168404
0 -0.000750926 0.00100552 0.00206718
0 -0.000560898 0.00135945 0.00243695
0 -0.000464924 0.00160518 0.0027798
0 -0.000471906 0.00173155 0.00307862
0 -0.000581739 0.00173515 0.00331605
0 -0.00078306 0.00162174 0.00347791
0 -0.00105859 0.00140082 0.00354981
0 -0.00139498 0.00107667 0.0035102
0 -0.00178585 0.000645643 0.00332962
0 -0.00222526 0.000102284 0.00297918
0 -0.00269712 -0.000549181 0.00244379
0 -0.00316905 -0.00128681 0.0017311
0 -0.00359943 -0.0020751 0.000867381
0 -0.00395387 -0.00287915 -0.00011658
0 -0.00421966 -0.00367808 -0.00119897
0 -0.00440954 -0.00446944 -0.00237116
0 -0.0045523 -0.00526177 -0.00362987
0 -0.0046756 -0.00606036 -0.00496243
0 -0.00479394 -0.006861 -0.00633809
0 -0.00490916 -0.00765289 -0.00771396
0 -0.00501793 -0.00842362 -0.00904614
0 -0.00512109 -0.00915495 -0.0102921
0 -0.00523001 -0.00982248 -0.0114186
0 -0.00536779 -0.0104272 -0.0124149
0 -0.00556647 -0.0110058 -0.0132888
0 -0.00585541 -0.0115939 -0.0140555
0 -0.00624341 -0.0122009 -0.0147246
0 -0.00671057 -0.0128169 -0.0152911
0 -0.00721613 -0.0134219 -0.0157414
0 -0.00771491 -0.0139908 -0.0160676
0 -0.00817062 -0.0144991 -0.0162743
0 -0.00856014 -0.0149297 -0.0163789
0 -0.0088731 -0.0152766 -0.0164102
0 -0.00911106 -0.0155424 -0.0164042
0 -0.00928399 -0.0157346 -0.0163973
0 -0.00940386 -0.015863 -0.0164194
0 -0.00947858 -0.0159381 -0.0164882
0 -0.00950878 -0.0159668 -0.016606
0 -0.00948827 -0.0159512 -0.0167609
0 -0.00940637 -0.0158884 -0.016928
0 -0.00925005 -0.0157708 -0.0170729
0 -0.00900744 -0.0155861 -0.0171563
0 -0.00867476 -0.0153219 -0.0171421
0 -0.00826549 -0.0149746 -0.0170081
0 -0.00781308 -0.0145545 -0.0167512
0 -0.00736071 -0.0140793 -0.0163808
0 -0.0069454 -0.0135636 -0.0159067
0 -0.00658837 -0.0130137 -0.0153321
0 -0.00629486 -0.0124288 -0.0146542
0 -0.00605949 -0.0118068 -0.0138701
0 -0.00587258 -0.0111491 -0.0129821
0 -0.00572674 -0.0104651 -0.012003
0 -0.00561829 -0.00977115 -0.0109558
0 -0.00554194 -0.00908741 -0.00987029
0 -0.00549044 -0.00843646 -0.00877827
0 -0.0054559 -0.00784059 -0.00771107
0 -0.00542659 -0.00731055 -0.00669747
0 -0.00538976 -0.00684179 -0.00576208
0 -0.00533924 -0.00642703 -0.00493085
0 -0.00527769 -0.00606916 -0.00423602
0 -0.00521337 -0.00578205 -0.00370892
0 -0.00515355 -0.00557739 -0.00337101
0 -0.00509827 -0.00545379 -0.00322794
0 -0.00504023 -0.00540239 -0.00326848
0 -0.00497169 -0.00541592 -0.00347189
0 -0.00488969 -0.00548884 -0.00381437
0 -0.00479314 -0.00561273 -0.0042671
0 -0.00467794 -0.00577303 -0.00479245
0 -0.00453959 -0.00595217 -0.00534827
0 -0.00438332 -0.00613832 -0.0059006
0 -0.00422997 -0.00633109 -0.00643359
0 -0.00410911 -0.00653927 -0.0069438
0 -0.00404606 -0.00676881 -0.00742722
0 -0.00405445 -0.00701577 -0.00787523
0 -0.004136 -0.00727348 -0.00827579
0 -0.00428384 -0.00753641 -0.00861587
0 -0.0044864 -0.00779937 -0.00888672
0 -0.00473023 -0.00806008 -0.00908697
0 -0.00500396 -0.00832175 -0.00922433
0 -0.00530333 -0.00859507 -0.00931928
0 -0.00563337 -0.00889976 -0.00940576
0 -0.00600361 -0.00925921 -0.00952413
0 -0.00641775 -0.00968963 -0.00971115
0 -0.00686631 -0.010194 -0.00999192
0 -0.00732728 -0.0107618 -0.0103761
0 -0.00776744 -0.0113698 -0.0108591
0 -0.00814223 -0.0119812 -0.0114215
0 -0.00840367 -0.0125486 -0.01203
0 -0.00852082 -0.0130323 -0.0126535
0 -0.00850001 -0.0134222 -0.0132819
0 -0.00838479 -0.0137389 -0.013928
0 -0.00823533 -0.0140128 -0.0146125
0 -0.00810314 -0.0142674 -0.0153423
0 -0.00801323 -0.0145134 -0.0160933
0 -0.007958 -0.0147408 -0.0168122
0 -0.00790763 -0.0149215 -0.0174304
0 -0.00783234 -0.0150266 -0.0178844
0 -0.00771772 -0.0150407 -0.0181318
0 -0.00756158 -0.0149554 -0.0181496
0 -0.00736205 -0.0147568 -0.017922
0 -0.00711214 -0.0144209 -0.0174365
0 -0.00680445 -0.0139218 -0.0166877
0 -0.00644004 -0.013243 -0.0156846
0 -0.00603486 -0.0123858 -0.0144552
0 -0.00562194 -0.0113757 -0.0130488
0 -0.00525338 -0.0102674 -0.0115374
0 -0.00500052 -0.00914857 -0.0100162
0 -0.00493013 -0.00812852 -0.00858975
0 -0.00505848 -0.0073034 -0.00733322
0 -0.00532675 -0.00670642 -0.00625568
0 -0.0056148 -0.00627837 -0.00529805
0 -0.00578025 -0.0058986 -0.00437068
0 -0.00571348 -0.00546402 -0.00341118
0 -0.00538652 -0.00494622 -0.00242543
0 -0.00486552 -0.0043806 -0.00149079
0 -0.00427389 -0.0038267 -0.000720624
0 -0.00373208 -0.00334304 -0.000211145
0 -0.0033153 -0.00296776 -6.13389e-06
0 -0.00304456 -0.00270579 -9.13203e-05
0 -0.00290094 -0.00253952 -0.000409886
0 -0.0028484 -0.00245326 -0.000887253
0 -0.00285193 -0.00244589 -0.00145192
0 -0.00288491 -0.00252534 -0.00204501
0 -0.00293031 -0.002699 -0.00262296
0 -0.00298348 -0.00297294 -0.00315743
0 -0.0030498 -0.0033472 -0.00363461
0 -0.0031224 -0.00379137 -0.00403964
0 -0.0031594 -0.00422613 -0.00432849
0 -0.00309941 -0.0045428 -0.00443719
0 -0.00290433 -0.00464808 -0.00432417
0 -0.0025877 -0.00449974 -0.00399454
0 -0.00221212 -0.00411517 -0.00349849
0 -0.00186371 -0.00355608 -0.00291176
0 -0.00162025 -0.00290329 -0.00230499
0 -0.00152811 -0.00223627 -0.00172354
0 -0.00159575 -0.00162399 -0.00118648
0 -0.00180173 -0.0011239 -0.000695937
0 -0.00211073 -0.000783191 -0.000251438
0 -0.00248899 -0.000641309 0.000136685
0 -0.00291359 -0.000732098 0.00043853
0 -0.00338051 -0.00108632 0.000600025
0 -0.00390701 -0.0017316 0.00054389
0 -0.00451409 -0.00267847 0.000188284
0 -0.00519499 -0.00389536 -0.000516593
0 -0.00588841 -0.00528692 -0.00155519
0 -0.0064773 -0.00669396 -0.00283791
0 -0.00682863 -0.00793268 -0.00423188
0 -0.00685312 -0.00885553 -0.00561508
0 -0.00653818 -0.00939232 -0.00691276
0 -0.00594315 -0.0095595 -0.00809954
0 -0.00518382 -0.00945327 -0.00918029
0 -0.00440555 -0.00919861 -0.0101712
0 -0.00373445 -0.00886642 -0.0110677
0 -0.00323411 -0.00848187 -0.0118168
0 -0.00290313 -0.00808605 -0.0123349
0 -0.00270682 -0.00771278 -0.0125311
0 -0.00260953 -0.00735254 -0.012333
0 -0.002593 -0.00699157 -0.0117224
0 -0.00266695 -0.00665591 -0.0107488
0 -0.00287347 -0.00640344 -0.00952322
0 -0.00327552 -0.00629596 -0.0082022
0 -0.00392857 -0.0063932 -0.00695739
0 -0.00485267 -0.00676683 -0.00595029
0 -0.00601921 -0.00745805 -0.00530246
0 -0.00735175 -0.00840781 -0.005076
0 -0.008734 -0.00951005 -0.00529095
0 -0.0100176 -0.0106951 -0.00592406
0 -0.0110356 -0.0118946 -0.00690568
0 -0.011639 -0.0129978 -0.00814645
0 -0.0117433 -0.0138956 -0.00955811
0 -0.0113479 -0.0145331 -0.0110674
0 -0.0105337 -0.0149091 -0.0126283
0 -0.00944379 -0.0150857 -0.0142234
0 -0.00825515 -0.0151784 -0.0158504
0 -0.00714189 -0.0152407 -0.0174983
0 -0.00623451 -0.0152402 -0.019108
0 -0.00559312 -0.0151848 -0.0205655
0 -0.00521008 -0.0151201 -0.0217364
0 -0.00503771 -0.0150333 -0.0224873
0 -0.00502043 -0.0148724 -0.0227146
0 -0.00511048 -0.0146186 -0.0223634
0 -0.00527043 -0.0142838 -0.0214316
0 -0.00547173 -0.0138646 -0.0199688
0 -0.00568965 -0.0133322 -0.0180514
0 -0.00589575 -0.0126553 -0.0157736
0 -0.00605143 -0.0118027 -0.0132379
0 -0.00610944 -0.0107358 -0.0105417
0 -0.00602985 -0.0094495 -0.00777376
0 -0.00579736 -0.00797497 -0.00501188
0 -0.00542144 -0.00630284 -0.00234176
0 -0.00492537 -0.00443416 0.000140931
0 -0.00434004 -0.00248102 0.00235234
0 -0.00370499 -0.000600161 0.00423038
0 -0.00306043 0.00110646 0.00574372
0 -0.00242933 0.00258311 0.00689764
0 -0.00181232 0.00378128 0.00772502
0 -0.00120227 0.00466919 0.00827222
0 -0.000601973 0.00525385 0.00858623
0 -3.17853e-05 0.00556651 0.00870239
0 0.000471308 0.00563458 0.00863733
0 0.000861906 0.00548022 0.00839212
0 0.00110492 0.00514094 0.00797014
0 0.00119278 0.004678 0.00739708
0 0.00113655 0.00415191 0.00671167
0 0.000935212 0.00358493 0.00593154
0 0.000561057 0.00294716 0.00503639
0 -2.06651e-05 0.00217613 0.00398678
0 -0.000818252 0.00121287 0.00275774
0 -0.00179341 3.16437e-05 0.00135986
0 -0.002864 -0.00134973 -0.000161195
0 -0.00392178 -0.00287508 -0.00173793
0 -0.0048552 -0.0044611 -0.00329698
0 -0.00557253 -0.00601055 -0.00477409
0 -0.00601864 -0.00742643 -0.00612496
0 -0.00618215 -0.008624 -0.00732813
0 -0.00609012 -0.00954332 -0.0083824
0 -0.00579684 -0.0101619 -0.00930406
0 -0.00538247 -0.0104977 -0.0101224
0 -0.0049497 -0.0105916 -0.0108708
0 -0.0046026 -0.0104958 -0.011579
0 -0.00441946 -0.0102908 -0.0122537
0 -0.00443956 -0.0100808 -0.0128728
0 -0.00467148 -0.00996092 -0.0134143
0 -0.00511045 -0.0100136 -0.0138701
0 -0.00574572 -0.0103161 -0.0142467
0 -0.00655338 -0.0109223 -0.014566
0 -0.00748523 -0.0118339 -0.0148498
0 -0.00846592 -0.0129937 -0.0151129
0 -0.00940518 -0.0143031 -0.0153692
0 -0.0102188 -0.0156448 -0.0156428
0 -0.0108481 -0.0169026 -0.0159673
0 -0.0112726 -0.0179803 -0.0163781
0 -0.0115091 -0.0188205 -0.0169193
0 -0.0115971 -0.0194099 -0.0176362
0 -0.0115769 -0.0197689 -0.0185435
0 -0.0114755 -0.0199321 -0.0196129
0 -0.0113051 -0.0199382 -0.0207854
0 -0.0110721 -0.0198376 -0.0219863
0 -0.0107878 -0.0196942 -0.0231279
0 -0.0104716 -0.0195703 -0.0241253
0 -0.0101438 -0.0195063 -0.0249146
0 -0.00981525 -0.0195087 -0.0254368
0 -0.00948516 -0.0195476 -0.0256361
0 -0.00914834 -0.0195645 -0.0254773
0 -0.00880562 -0.0194892 -0.0249513
0 -0.00846793 -0.0192554 -0.0240754
0 -0.00815029 -0.018809 -0.0228881
0 -0.00786173 -0.0181107 -0.0214352
0 -0.00759999 -0.0171395 -0.0197613
0 -0.00735129 -0.0158965 -0.0179053
0 -0.00708951 -0.0144022 -0.0158965
0 -0.00677686 -0.0126902 -0.0137515
0 -0.00637222 -0.0108029 -0.0114781
0 -0.00584958 -0.00879467 -0.00908308
0 -0.00520914 -0.00673769 -0.00658141
0 -0.00445668 -0.00469761 -0.00400626
0 -0.00359363 -0.00270183 -0.00140852
0 -0.00264955 -0.000768378 0.00114957
0 -0.00169007 0.00105727 0.00359941
0 -0.000782667 0.00273174 0.00587695
0 2.62189e-05 0.0042442 0.00792948
0 0.000707458 0.00559313 0.0097137
0 0.00123846 0.00676052 0.0111962
0 0.00160132 0.00772007 0.0123556
0 0.0017874 0.00844838 0.0131799
0 0.00179848 0.0089172 0.0136612
0 0.00164449 0.00908931 0.0137928
0 0.0013457 0.00893585 0.0135769
0 0.000938463 0.00845667 0.0130338
0 0.000474231 0.00768381 0.0122012
0 8.64232e-06 0.00667211 0.0111258
0 -0.000414208 0.00548656 0.00985019
0 -0.000773565 0.00419082 0.00840437
0 -0.00107264 0.00284012 0.00680625
0 -0.00133025 0.00147942 0.00506993
0 -0.00157251 0.000143284 0.00321262
0 -0.00182784 -0.00114586 0.00125743
0 -0.00212048 -0.00237836 -0.000763758
0 -0.00246374 -0.00355591 -0.00280744
0 -0.00285922 -0.00469205 -0.00482505
0 -0.00330354 -0.00581526 -0.00677267
0 -0.00379446 -0.00694774 -0.00860862
0 -0.00433013 -0.00808195 -0.0102982
0 -0.00490822 -0.00921467 -0.011822
0 -0.00552768 -0.0103699 -0.0131714
0 -0.00618721 -0.0115629 -0.0143532
0 -0.00688496 -0.0127838 -0.0153962
0 -0.00762175 -0.0140208 -0.0163422
0 -0.00839863 -0.0152693 -0.0172363
0 -0.00921177 -0.0165192 -0.0181224
0 -0.0100477 -0.0177508 -0.0190378
0 -0.0108777 -0.0189408 -0.0200059
0 -0.0116579 -0.0200649 -0.0210301
0 -0.0123376 -0.0210936 -0.0220933
0 -0.0128725 -0.0219975 -0.0231672
0 -0.0132368 -0.0227596 -0.0242248
0 -0.0134273 -0.0233815 -0.0252465
0 -0.0134606 -0.0238763 -0.0262174
0 -0.0133676 -0.0242604 -0.0271233
0 -0.0131868 -0.0245501 -0.027949
0 -0.0129573 -0.024759 -0.0286762
0 -0.0127106 -0.0248937 -0.029281
0 -0.0124659 -0.0249494 -0.029732
0 -0.0122307 -0.0249126 -0.0299933
0 -0.0120057 -0.0247677 -0.0300325
0 -0.0117903 -0.0245042 -0.0298283
0 -0.0115847 -0.0241172 -0.0293722
0 -0.0113851 -0.0236024 -0.0286635
0 -0.0111765 -0.0229502 -0.027702
0 -0.0109354 -0.0221463 -0.0264889
0 -0.0106423 -0.0211827 -0.0250362
0 -0.0102919 -0.0200673 -0.0233753
0 -0.00989109 -0.0188205 -0.0215513
0 -0.00944581 -0.0174639 -0.0196093
0 -0.00895343 -0.0160127 -0.0175852
0 -0.00840377 -0.0144758 -0.0155049
0 -0.00778528 -0.0128609 -0.0133879
0 -0.00709072 -0.0111787 -0.0112499
0 -0.00632477 -0.00944626 -0.00910195
0 -0.00550672 -0.0076821 -0.00695233
0 -0.00464995 -0.00589763 -0.00481401
0 -0.00375285 -0.00409814 -0.00270529
0 -0.00282426 -0.00229616 -0.000642115
0 -0.00189304 -0.000515748 0.00136574
0 -0.000987252 0.001224 0.00331508
0 -0.000119117 0.0029178 0.00520817
0 0.000711414 0.00456094 0.00704938
0 0.0015049 0.00614242 0.00884283
0 0.00225726 0.00765329 0.0105915
0 0.00296412 0.00908828 0.0122947
0 0.00362315 0.0104388 0.0139445
0 0.00423096 0.011691 0.0155245
0 0.00478059 0.0128308 0.0170118
0 0.00526427 0.0138499 0.0183842
0 0.00568044 0.0147495 0.0196257
0 0.00603774 0.0155398 0.0207294
0 0.00634992 0.0162336 0.0216927
0 0.00662634 0.0168392 0.0225106
0 0.00686856 0.0173568 0.0231748
0 0.00707556 0.0177837 0.0236796
0 0.00724967 0.0181196 0.0240272
0 0.00739539 0.0183661 0.0242258
0 0.0075123 0.0185198 0.0242821
0 0.00758937 0.0185675 0.024195
0 0.00760429 0.0184858 0.0239542
0 0.00752752 0.0182439 0.0235411
0 0.00732935 0.0178094 0.0229337
0 0.00698714 0.017155 0.022113
0 0.00648958 0.0162622 0.0210654
0 0.00583651 0.0151205 0.0197814
0 0.00503673 0.0137259 0.0182528
0 0.00410756 0.0120832 0.0164753
0 0.00307535 0.0102093 0.0144511
0 0.00197396 0.00813347 0.0121908
0 0.000840632 0.00589457 0.00971162
0 -0.000289935 0.0035358 0.00703484
0 -0.00139405 0.00109585 0.00418018
0 -0.00246662 -0.00139859 0.00116059
0 -0.0035253 -0.0039336 -0.0020161
0 -0.00460476 -0.00650467 -0.00534007
0 -0.00572442 -0.00912409 -0.00879483
0 -0.00687259 -0.0118213 -0.0123578
0 -0.008036 -0.0145861 -0.0159988
0 -0.00921413 -0.0173515 -0.0196734
0 -0.0104146 -0.0200835 -0.0233308
0 -0.0116494 -0.0228036 -0.0269252
0 -0.0129215 -0.0255136 -0.0304113
0 -0.0142169 -0.0281787 -0.0337456
0 -0.015514 -0.0307704 -0.0368899
0 -0.0167943 -0.0332774 -0.0398089
0 -0.0180445 -0.0356863 -0.0424755
0 -0.0192587 -0.0379791 -0.04488
0 -0.0204478 -0.0401442 -0.0470335
0 -0.0216273 -0.0421781 -0.0489604
0 -0.0227836 -0.0440779 -0.0506893
0 -0.0238913 -0.0458339 -0.0522461
0 -0.0249423 -0.0474315 -0.0536507
0 -0.0259303 -0.0488551 -0.0549153
0 -0.0268355 -0.0500919 -0.0560464
0 -0.0276317 -0.0511326 -0.0570456
0 -0.0282973 -0.0519745 -0.0579119
0 -0.0288213 -0.0526242 -0.0586453
0 -0.0292051 -0.0530977 -0.0592487
0 -0.0294592 -0.0534168 -0.0597272
0 -0.0295942 -0.0536038 -0.0600833
0 -0.0296162 -0.0536766 -0.0603159
0 -0.0295324 -0.0536471 -0.0604213
0 -0.0293569 -0.053522 -0.0603962
0 -0.0291065 -0.0533028 -0.0602379
0 -0.0287929 -0.0529834 -0.0599405
0 -0.0284208 -0.0525486 -0.0594923
0 -0.02799 -0.0519773 -0.0588765
0 -0.0274969 -0.0512458 -0.0580731
0 -0.0269339 -0.0503308 -0.0570602
0 -0.0262912 -0.0492112 -0.0558149
0 -0.0255591 -0.0478704 -0.0543155
0 -0.0247288 -0.0462974 -0.0525434
0 -0.0237967 -0.0444887 -0.0504857
0 -0.0227695 -0.0424495 -0.0481379
0 -0.0216577 -0.0401914 -0.0455035
0 -0.0204676 -0.0377284 -0.0425903
0 -0.0192023 -0.0350718 -0.0394069
0 -0.0178636 -0.0322304 -0.0359629
0 -0.0164545 -0.0292139 -0.0322715
0 -0.0149934 -0.0260353 -0.0283535
0 -0.0135098 -0.0227135 -0.0242373
0 -0.0120077 -0.0192734 -0.0199576
0 -0.0104632 -0.0157637 -0.0155526
0 -0.00885376 -0.0122459 -0.0110625
0 -0.00717125 -0.00872248 -0.00652441
0 -0.00542006 -0.0051462 -0.00197523
0 -0.0036091 -0.00151953 0.00254205
0 -0.00174217 0.00210904 0.00698585
0 0.000180157 0.00572196 0.0113201
0 0.00215198 0.009331 0.0155119
0 0.00415774 0.0129303 0.0195347
0 0.00617635 0.0164949 0.0233715
0 0.00818879 0.0200094 0.0270173
0 0.0101821 0.0234708 0.0304793
0 0.0121471 0.0268712 0.0337747
0 0.0140762 0.030195 0.0369283
0 0.0159469 0.0334266 0.0399695
0 0.0176742 0.0365515 0.042929
0 0.0191903 0.039557 0.0458336
0 0.0205963 0.0424339 0.0487011
0 0.0220308 0.0451742 0.0515358
0 0.023479 0.0477695 0.0543279
0 0.0248436 0.0502129 0.0570571
0 0.0260684 0.0525035 0.0596974
0 0.02715 0.0546455 0.0622208
0 0.0281081 0.0566415 0.0645993
0 0.0289522 0.0584938 0.066806
0 0.0296586 0.0602061 0.0688157
0 0.0301889 0.0617745 0.0706057
0 0.0305298 0.0631821 0.0721547
0 0.0306977 0.0644027 0.0734433
0 0.0307115 0.0654063 0.0744546
0 0.0305775 0.0661613 0.0751756
0 0.0303016 0.0666342 0.0755986
0 0.0299002 0.0667918 0.0757184
0 0.029396 0.0666042 0.0755274
0 0.0288099 0.0660467 0.0750131
0 0.0281603 0.0651068 0.074159
0 0.0274592 0.0637912 0.0729439
0 0.0267073 0.0621175 0.0713389
0 0.0258891 0.0601074 0.0693119
0 0.0249783 0.057788 0.0668354
0 0.0239512 0.05519 0.0638837
0 0.0227897 0.0523445 0.0604455
0 0.0214851 0.0492788 0.0565372
0 0.020049 0.0460143 0.0521949
0 0.0185034 0.0425637 0.0474685
0 0.016866 0.0389305 0.0424195
0 0.0151349 0.035115 0.0371162
0 0.0132985 0.0311178 0.0316312
0 0.0113731 0.0269206 0.0260285
0 0.00938865 0.0224974 0.0203719
0 0.00735669 0.0179019 0.0147305
0 0.00527976 0.0132568 0.00915199
0 0.00315962 0.0086121 0.00367595
0 0.000990957 0.00394055 -0.00165325
0 -0.001234 -0.000747823 -0.00680545
0 -0.00351545 -0.00540079 -0.011765
0 -0.00584352 -0.00999009 -0.0165259
0 -0.0082007 -0.0145133 -0.0210891
0 -0.0105657 -0.0189551 -0.0254591
0 -0.0129175 -0.0232813 -0.0296412
0 -0.0152355 -0.0274612 -0.0336426
0 -0.0174982 -0.0314762 -0.03747
0 -0.0196758 -0.0353074 -0.0411269
0 -0.0217276 -0.0389293 -0.0446117
0 -0.0236244 -0.0423175 -0.0479177
0 -0.0253852 -0.0454529 -0.0510338
0 -0.0270203 -0.048316 -0.0539464
0 -0.0284688 -0.0508862 -0.0566403
0 -0.0296652 -0.0531449 -0.0590994
0 -0.0305605 -0.0550774 -0.0613043
0 -0.0311148 -0.0566704 -0.0632292
0 -0.0313595 -0.0579086 -0.0648428
0 -0.0313658 -0.0587778 -0.0661126
0 -0.0311502 -0.0592702 -0.0670091
0 -0.0306957 -0.0593829 -0.0675071
0 -0.0300392 -0.0591137 -0.0675839
0 -0.0292635 -0.0584617 -0.0672199
0 -0.028422 -0.0574312 -0.0663991
0 -0.0275288 -0.0560334 -0.0651112
0 -0.0265983 -0.0542902 -0.0633514
0 -0.0256591 -0.0522382 -0.0611207
0 -0.0247368 -0.0499231 -0.058432
0 -0.0238335 -0.0473898 -0.0553089
0 -0.0229278 -0.0446809 -0.0517846
0 -0.0219989 -0.0418365 -0.0479068
0 -0.0210405 -0.0388933 -0.0437389
0 -0.0200526 -0.0358824 -0.0393575
0 -0.0190322 -0.0328297 -0.0348498
0 -0.0179809 -0.0297574 -0.0303082
0 -0.0169138 -0.0267059 -0.0258296
0 -0.0158407 -0.0237465 -0.0214959
0 -0.014751 -0.0208909 -0.0173642
0 -0.0136308 -0.0180589 -0.0134931
0 -0.0124688 -0.0152305 -0.00993058
0 -0.0112545 -0.012485 -0.00670015
0 -0.0099893 -0.00987098 -0.00381159
0 -0.00868306 -0.00737211 -0.00125598
0 -0.00734093 -0.00498077 0.000991381
0 -0.00596165 -0.0027262 0.00296108
0 -0.00454935 -0.00063223 0.00468897
0 -0.00312159 0.00130544 0.00621556
0 -0.00170561 0.0030945 0.00758136
0 -0.000330676 0.00473027 0.0088242
0 0.000976563 0.00621086 0.00997826
0 0.00219253 0.00754881 0.0110722
0 0.00329556 0.00876135 0.012128
0 0.00426542 0.00985975 0.0131601
0 0.0050842 0.0108525 0.014176
0 0.00573891 0.0117501 0.0151773
0 0.00622352 0.0125627 0.0161616
0 0.00653861 0.0132959 0.0171211
0 0.00668992 0.0139487 0.0180431
0 0.00668837 0.0145152 0.0189107
0 0.00655131 0.0149867 0.0197035
0 0.00630199 0.0153511 0.0204003
0 0.00596682 0.0155947 0.0209796
0 0.00557563 0.0157049 0.0214202
0 0.00516482 0.0156738 0.0217034
0 0.00477082 0.0154985 0.0218123
0 0.00441861 0.0151806 0.021732
0 0.00412186 0.014728 0.0214493
0 0.00388684 0.0141562 0.0209531
0 0.00371023 0.0134838 0.0202361
0 0.0035765 0.0127285 0.0192945
0 0.00345974 0.011904 0.0181287
0 0.00332911 0.0110181 0.0167449
0 0.00315586 0.0100723 0.0151597
0 0.00291871 0.00906434 0.0134018
0 0.00260504 0.00798959 0.0115107
0 0.00220922 0.00684105 0.00953108
0 0.0017314 0.00561039 0.00750858
0 0.00117663 0.00429083 0.00548537
0 0.000553414 0.00288071 0.00349625
0 -0.000128283 0.00138563 0.00156683
0 -0.000859161 -0.000183828 -0.000285273
0 -0.00163229 -0.00181357 -0.0020561
0 -0.0024433 -0.00348443 -0.00375801
0 -0.0032892 -0.00517588 -0.00541095
0 -0.00416939 -0.0068678 -0.00703747
0 -0.00508429 -0.00854056 -0.00866072
0 -0.00602317 -0.0101806 -0.0103003
0 -0.00696204 -0.0117827 -0.0119717
0 -0.0078806 -0.0133466 -0.0136878
0 -0.00877108 -0.0148751 -0.015458
0 -0.00963494 -0.0163783 -0.0172861
0 -0.010477 -0.0178708 -0.019168
0 -0.0112979 -0.0193654 -0.0210926
0 -0.012091 -0.0208691 -0.0230435
0 -0.0128487 -0.0223842 -0.0249995
0 -0.0135683 -0.0239066 -0.0269375
0 -0.0142495 -0.0254249 -0.028834
0 -0.0148895 -0.0269198 -0.0306654
0 -0.0154825 -0.0283654 -0.0324075
0 -0.016021 -0.0297307 -0.0340355
0 -0.0164973 -0.0309834 -0.0355236
0 -0.016904 -0.0320916 -0.0368464
0 -0.0172349 -0.0330265 -0.0379804
0 -0.0174837 -0.0337657 -0.0389045
0 -0.0176429 -0.0342931 -0.0395985
0 -0.0177033 -0.034594 -0.040041
0 -0.0176544 -0.0346518 -0.0402097
0 -0.017486 -0.0344513 -0.0400829
0 -0.0171902 -0.0339823 -0.0396432
0 -0.0167651 -0.0332414 -0.0388781
0 -0.0162147 -0.0322304 -0.0377807
0 -0.0155469 -0.0309555 -0.0363495
0 -0.0147732 -0.0294278 -0.0345898
0 -0.0139092 -0.0276647 -0.0325146
0 -0.0129744 -0.0256893 -0.030145
0 -0.0119904 -0.0235299 -0.0275102
0 -0.0109801 -0.02122 -0.0246461
0 -0.00996706 -0.0187985 -0.0215972
0 -0.00897792 -0.0163102 -0.0184159
0 -0.0080504 -0.0138056 -0.0151632
0 -0.00722338 -0.0113457 -0.0119058
0 -0.00650692 -0.00900996 -0.00871213
0 -0.00588577 -0.00687231 -0.00564819
0 -0.00534897 -0.00494696 -0.00277077
0 -0.00489815 -0.00321323 -0.000133029
0 -0.00453788 -0.00169691 0.00220528
0 -0.00426774 -0.000456573 0.00418746
0 -0.00408172 0.00048333 0.00576535
0 -0.00397257 0.00112779 0.00689748
0 -0.00393546 0.00147292 0.00755562
0 -0.00396667 0.00151036 0.00772909
0 -0.00405779 0.00125149 0.00742386
0 -0.00419434 0.000725152 0.00666089
0 -0.00436347 -3.99072e-05 0.00547412
0 -0.00455892 -0.00101779 0.00390909
0 -0.00477823 -0.0021775 0.00202143
0 -0.00502032 -0.00348295 -0.000126349
0 -0.00528487 -0.00489924 -0.0024667
0 -0.00557155 -0.00639275 -0.00492677
0 -0.00587888 -0.00793065 -0.00743027
0 -0.00620377 -0.00948742 -0.00990742
0 -0.00654091 -0.0110448 -0.0122908
0 -0.00688629 -0.0125558 -0.0145072
0 -0.00723536 -0.0139316 -0.0164921
0 -0.0075688 -0.0151092 -0.0181887
0 -0.00785492 -0.0160752 -0.0195419
0 -0.00807005 -0.0168068 -0.0205099
0 -0.00820538 -0.0172608 -0.0210679
0 -0.00826085 -0.0174155 -0.0212084
0 -0.00823957 -0.0172805 -0.0209401
0 -0.00814661 -0.0168724 -0.0202856
0 -0.00799133 -0.0162075 -0.019279
0 -0.00778784 -0.0153136 -0.0179641
0 -0.00754973 -0.0142317 -0.0163912
0 -0.00728652 -0.0130048 -0.0146127
0 -0.00700796 -0.0116727 -0.012682
0 -0.00672459 -0.0102853 -0.0106556
0 -0.00644176 -0.00891087 -0.00859512
0 -0.00616221 -0.00760738 -0.00656445
0 -0.00589286 -0.00639416 -0.00462246
0 -0.00564228 -0.00527462 -0.00282388
0 -0.00541457 -0.00427382 -0.00121989
0 -0.00520796 -0.00342588 0.00014906
0 -0.00501906 -0.00274069 0.00125253
0 -0.00484776 -0.00221302 0.00206681
0 -0.00469867 -0.00184854 0.00257576
0 -0.00458016 -0.00166086 0.00277017
0 -0.00450174 -0.00165574 0.00264859
0 -0.00447032 -0.00182982 0.00222121
0 -0.00448855 -0.00217734 0.00151089
0 -0.00455688 -0.00269085 0.000549821
0 -0.00467597 -0.00335883 -0.0006251
0 -0.00484762 -0.00416694 -0.00197585
0 -0.00507468 -0.00510123 -0.00346492
0 -0.00536025 -0.00614816 -0.00505613
0 -0.00570704 -0.00729416 -0.00671602
0 -0.00611712 -0.0085261 -0.00841737
0 -0.00659151 -0.00983061 -0.0101396
0 -0.0071299 -0.0111935 -0.0118643
0 -0.00773319 -0.0125974 -0.0135749
0 -0.00839969 -0.0140178 -0.0152575
0 -0.00911273 -0.0154309 -0.0168997
0 -0.00984493 -0.0168247 -0.0184915
0 -0.0105762 -0.0181932 -0.0200275
0 -0.0112968 -0.0195259 -0.0215042
0 -0.0119971 -0.0208111 -0.0229193
0 -0.0126604 -0.0220388 -0.0242695
0 -0.0132669 -0.0231975 -0.0255503
0 -0.0138023 -0.0242744 -0.0267571
0 -0.0142621 -0.0252586 -0.0278867
0 -0.0146478 -0.0261436 -0.0289378
0 -0.0149617 -0.0269251 -0.0299083
0 -0.0152051 -0.0275978 -0.0307917
0 -0.0153785 -0.0281534 -0.0315756
0 -0.0154799 -0.0285807 -0.0322406
0 -0.0155038 -0.0288662 -0.0327615
0 -0.0154429 -0.0289952 -0.033111
0 -0.0152902 -0.0289531 -0.0332611
0 -0.0150409 -0.0287262 -0.0331852
0 -0.0146936 -0.028302 -0.0328594
0 -0.0142506 -0.0276709 -0.0322645
0 -0.0137176 -0.0268271 -0.031388
0 -0.0131027 -0.0257686 -0.030223
0 -0.0124141 -0.0244952 -0.0287666
0 -0.0116578 -0.0230083 -0.0270189
0 -0.0108379 -0.0213111 -0.0249836
0 -0.00995802 -0.019411 -0.0226696
0 -0.00902186 -0.0173194 -0.0200918
0 -0.0080356 -0.0150529 -0.0172713
0 -0.00701902 -0.0126325 -0.0142359
0 -0.0060004 -0.0100854 -0.0110196
0 -0.00498369 -0.00745555 -0.00765856
0 -0.00394685 -0.00479937 -0.00419111
0 -0.00287548 -0.00213943 -0.000653729
0 -0.00177583 0.000547293 0.00292264
0 -0.00065946 0.00326516 0.00650091
0 0.000471143 0.00596827 0.0100357
0 0.0016186 0.00861148 0.0134814
0 0.00278015 0.0111825 0.0167928
0 0.00394411 0.0136702 0.0199264
0 0.00509165 0.0160458 0.0228423
0 0.00619921 0.0182837 0.0255043
0 0.00724276 0.0203698 0.0278808
0 0.00820241 0.0222865 0.0299474
0 0.00906285 0.0240084 0.0316888
0 0.00980989 0.0255088 0.0330985
0 0.0104281 0.0267622 0.0341761
0 0.0109008 0.0277402 0.0349238
0 0.0112116 0.0284106 0.0353444
0 0.0113454 0.0287424 0.0354404
0 0.0112903 0.0287101 0.035213
0 0.0110428 0.0282952 0.0346604
0 0.0106061 0.0274872 0.0337753
0 0.00997895 0.0262838 0.032543
0 0.00915497 0.0246894 0.0309427
0 0.00813298 0.0227155 0.0289501
0 0.0069213 0.0203804 0.0265415
0 0.00553464 0.0177072 0.0236978
0 0.00399175 0.0147212 0.0204083
0 0.00231609 0.0114495 0.0166732
0 0.000536036 0.00792053 0.0125062
0 -0.00132642 0.00416356 0.00793476
0 -0.003265 0.000208819 0.00300079
0 -0.00526178 -0.00391052 -0.00224132
0 -0.00726796 -0.00817776 -0.00772972
0 -0.00923717 -0.0126125 -0.0134014
0 -0.01115 -0.0171743 -0.0191861
0 -0.0130058 -0.0217146 -0.0249961
0 -0.0148066 -0.0261404 -0.0307337
0 -0.0165422 -0.0304672 -0.0363005
0 -0.0181877 -0.0346874 -0.0415968
0 -0.0197136 -0.0387273 -0.0465309
0 -0.0210972 -0.0425177 -0.0510273
0 -0.0223303 -0.0460287 -0.0550279
0 -0.0234297 -0.0492292 -0.0584954
0 -0.0244411 -0.0520599 -0.0614107
0 -0.0253989 -0.054465 -0.0637752
0 -0.0262763 -0.0564169 -0.0656048
0 -0.0270172 -0.0579086 -0.066919
0 -0.0276019 -0.0589449 -0.0677458
0 -0.0280621 -0.059538 -0.0681227
0 -0.0284453 -0.0597074 -0.0680881
0 -0.0287639 -0.0594853 -0.067677
0 -0.0289903 -0.0589193 -0.0669192
0 -0.0290979 -0.0580678 -0.0658389
0 -0.0290801 -0.056991 -0.0644604
0 -0.0289292 -0.0557455 -0.0628123
0 -0.0286279 -0.0543824 -0.0609319
0 -0.028169 -0.0529437 -0.0588658
0 -0.0275688 -0.0514568 -0.0566672
0 -0.0268552 -0.0499316 -0.0543901
0 -0.0260489 -0.0483622 -0.0520827
0 -0.0251608 -0.0467315 -0.0497833
0 -0.0242034 -0.0450175 -0.0475168
0 -0.0231911 -0.0431992 -0.0452942
0 -0.0221339 -0.041262 -0.0431111
0 -0.0210324 -0.0392 -0.0409491
0 -0.0198821 -0.0370165 -0.0387786
0 -0.018679 -0.0347218 -0.0365612
0 -0.017422 -0.0323286 -0.0342536
0 -0.0161168 -0.0298478 -0.0318106
0 -0.0147708 -0.0272855 -0.0291906
0 -0.0133757 -0.0246431 -0.0263605
0 -0.0119158 -0.0219227 -0.0233009
0 -0.0103898 -0.0191296 -0.0200068
0 -0.00880974 -0.0162673 -0.0164873
0 -0.00719222 -0.0133342 -0.0127668
0 -0.0055566 -0.0103199 -0.0088832
0 -0.00392121 -0.00720887 -0.00487735
0 -0.00229701 -0.00399482 -0.000790352
0 -0.000689205 -0.000690234 0.00332812
0 0.000895469 0.002689 0.00743029
0 0.00244666 0.00612994 0.0114758
0 0.00395533 0.00960734 0.0154282
0 0.00541851 0.0130849 0.0192592
0 0.0068393 0.0165281 0.0229502
0 0.00822408 0.019905 0.0264886
0 0.00957978 0.0231813 0.0298672
0 0.0109116 0.0263249 0.0330824
0 0.0122223 0.0293094 0.036132
0 0.0135116 0.0321162 0.0390139
0 0.0147755 0.0347318 0.0417245
0 0.0160029 0.0371458 0.0442568
0 0.017176 0.0393498 0.0465993
0 0.0182735 0.0413371 0.048737
0 0.0192741 0.0431018 0.0506528
0 0.0201406 0.0446363 0.0523291
0 0.0208273 0.0459311 0.0537478
0 0.0213319 0.0469757 0.0548908
0 0.0216822 0.0477576 0.0557396
0 0.0218826 0.0482602 0.0562762
0 0.0219137 0.0484634 0.0564832
0 0.021742 0.0483449 0.0563448
0 0.0213441 0.047883 0.0558467
0 0.0207353 0.0470589 0.0549752
0 0.0199478 0.0458587 0.0537154
0 0.0189915 0.0442736 0.0520514
0 0.0178639 0.0422997 0.0499655
0 0.0165803 0.0399404 0.0474387
0 0.0151675 0.0372066 0.044453
0 0.013642 0.0341156 0.0409943
0 0.0120081 0.030689 0.0370551
0 0.0102699 0.0269525 0.0326377
0 0.00843514 0.022936 0.0277568
0 0.00649225 0.0186725 0.0224421
0 0.00442032 0.0141956 0.0167386
0 0.00223617 0.00952795 0.0107033
0 -2.15826e-05 0.00465446 0.00440022
0 -0.00232811 -0.000437955 -0.00210612
0 -0.00467077 -0.0056613 -0.00873342
0 -0.0070432 -0.0108916 -0.0153766
0 -0.00943796 -0.0161157 -0.0219402
0 -0.0118387 -0.0213767 -0.0283366
0 -0.0142201 -0.0266451 -0.0344821
0 -0.0165556 -0.0318466 -0.0403153
0 -0.018826 -0.0369422 -0.0457928
0 -0.0210193 -0.0419147 -0.0508868
0 -0.0231586 -0.0467227 -0.0555894
0 -0.025323 -0.051301 -0.0599093
0 -0.0275493 -0.0555878 -0.0638639
0 -0.0297513 -0.0595416 -0.0674718
0 -0.0317905 -0.0631369 -0.0707483
0 -0.0335918 -0.0663489 -0.0737067
0 -0.0351914 -0.069148 -0.0763579
0 -0.036664 -0.071509 -0.078708
0 -0.0380041 -0.0734247 -0.0807552
0 -0.0391283 -0.0749077 -0.0824897
0 -0.0399768 -0.0759773 -0.083894
0 -0.0405599 -0.0766505 -0.0849441
0 -0.0409066 -0.0769462 -0.0856121
0 -0.041011 -0.0768891 -0.0858694
0 -0.040843 -0.0765041 -0.0856927
0 -0.0403928 -0.0758074 -0.0850686
0 -0.0396886 -0.0748079 -0.0839964
0 -0.0387755 -0.0735112 -0.0824864
0 -0.0376951 -0.0719174 -0.0805575
0 -0.0364864 -0.0700215 -0.0782338
0 -0.0351915 -0.0678204 -0.0755419
0 -0.0338517 -0.0653193 -0.0725085
0 -0.0324985 -0.0625331 -0.0691584
0 -0.0311488 -0.0594851 -0.0655131
0 -0.029802 -0.0562053 -0.0615905
0 -0.0284437 -0.0527301 -0.0574072
0 -0.0270569 -0.0491007 -0.052983
0 -0.0256375 -0.0453617 -0.0483459
0 -0.0241955 -0.0415571 -0.0435343
0 -0.0227244 -0.0377341 -0.0385957
0 -0.0211947 -0.0339582 -0.0335871
0 -0.0195857 -0.0302815 -0.0285719
0 -0.0178966 -0.0266785 -0.0236092
0 -0.0161375 -0.0230815 -0.0187588
0 -0.0143253 -0.0194803 -0.0140889
0 -0.0124808 -0.015917 -0.00965965
0 -0.0106231 -0.0124043 -0.00551311
0 -0.00876507 -0.00892273 -0.00167725
0 -0.00691656 -0.00548253 0.00183662
0 -0.00508843 -0.00212655 0.00503391
0 -0.00329375 0.00111075 0.00793499
0 -0.00154565 0.0042102 0.0105732
0 0.000145558 0.00714781 0.0129904
0 0.00177386 0.00989481 0.0152324
0 0.00333729 0.0124339 0.0173455
0 0.00483648 0.014765 0.019373
0 0.00627322 0.0168976 0.0213517
0 0.00764991 0.0188477 0.0233097
0 0.00896962 0.0206405 0.0252664
0 0.0102358 0.0223123 0.0272322
0 0.0114501 0.0239043 0.0292083
0 0.0126101 0.0254557 0.0311872
0 0.0137095 0.0270004 0.0331559
0 0.0147411 0.0285662 0.0351001
0 0.0156996 0.030175 0.0370078
0 0.016583 0.0318387 0.0388696
0 0.0173912 0.0335552 0.0406788
0 0.0181261 0.0353092 0.042431
0 0.0187916 0.0370767 0.0441243
0 0.0193906 0.0388263 0.0457566
0 0.0199215 0.0405194 0.0473227
0 0.0203752 0.0421121 0.0488105
0 0.0207352 0.0435577 0.0502001
0 0.0209756 0.044805 0.0514644
0 0.0210612 0.0457994 0.0525716
0 0.0209775 0.0464932 0.0534833
0 0.020755 0.0468485 0.0541538
0 0.0204271 0.0468306 0.05453
0 0.0199821 0.0464102 0.0545534
0 0.0193765 0.0455711 0.0541618
0 0.018583 0.0443108 0.0532927
0 0.0176116 0.0426345 0.0518885
0 0.0164871 0.0405549 0.0499057
0 0.0152202 0.0380932 0.0473223
0 0.0138127 0.0352754 0.0441302
0 0.0122822 0.0321274 0.0403354
0 0.0106643 0.0286752 0.0359683
0 0.0089909 0.0249452 0.0310779
0 0.00727416 0.0209653 0.0257271
0 0.00549968 0.0167648 0.0199932
0 0.00365376 0.0123691 0.0139608
0 0.00175332 0.00778604 0.00771142
0 -0.000181552 0.00298483 0.00131485
0 -0.00215275 -0.0020099 -0.00514941
0 -0.00417306 -0.00704866 -0.0115887
0 -0.00625983 -0.0120479 -0.0179293
0 -0.00843078 -0.0170683 -0.0241041
0 -0.0106921 -0.022141 -0.0300475
0 -0.0130333 -0.0272093 -0.0357156
0 -0.0154362 -0.0322188 -0.0410802
0 -0.0178835 -0.0371612 -0.0461256
0 -0.0203609 -0.0420275 -0.0508536
0 -0.0228891 -0.0467753 -0.0552808
0 -0.0255349 -0.0513504 -0.0594341
0 -0.0283087 -0.0557114 -0.0633445
0 -0.0311025 -0.0598321 -0.0670392
0 -0.0337611 -0.0636909 -0.0705384
0 -0.0361867 -0.0672651 -0.0738553
0 -0.0383935 -0.0705326 -0.0769939
0 -0.0404386 -0.0734755 -0.0799476
0 -0.0423008 -0.0760825 -0.0826997
0 -0.0438785 -0.0783495 -0.0852251
0 -0.0450933 -0.0802778 -0.0874939
0 -0.0459438 -0.0818704 -0.0894755
0 -0.0464671 -0.0831294 -0.0911408
0 -0.0466851 -0.0840571 -0.0924631
0 -0.0465922 -0.0846572 -0.0934186
0 -0.0461879 -0.0849288 -0.0939879
0 -0.0455231 -0.0848585 -0.0941596
0 -0.044688 -0.084429 -0.0939307
0 -0.04375 -0.0836275 -0.0933027
0 -0.0427426 -0.0824472 -0.0922755
0 -0.041701 -0.0808963 -0.0908455
0 -0.0406674 -0.0790023 -0.0890034
0 -0.0396673 -0.0768039 -0.0867348
0 -0.0386962 -0.0743425 -0.0840331
0 -0.0377344 -0.0716626 -0.0809029
0 -0.0367655 -0.0688116 -0.0773568
0 -0.0357757 -0.0658327 -0.073423
0 -0.0347441 -0.0627561 -0.0691473
0 -0.0336429 -0.0595972 -0.0645878
0 -0.032451 -0.0563588 -0.0598129
0 -0.0311656 -0.0530346 -0.0548973
0 -0.029797 -0.0496244 -0.0499194
0 -0.0283413 -0.046151 -0.0449554
0 -0.0267767 -0.0426211 -0.0400579
0 -0.0250854 -0.0389908 -0.035262
0 -0.0232569 -0.035214 -0.0306026
0 -0.0212819 -0.0312896 -0.0260988
0 -0.0191564 -0.0272632 -0.0217513
0 -0.0168872 -0.023184 -0.017554
0 -0.0144893 -0.0190579 -0.01349
0 -0.0119808 -0.014884 -0.00953608
0 -0.0093833 -0.010703 -0.00566852
0 -0.0067248 -0.00656146 -0.00186386
0 -0.00404236 -0.00247942 0.00189943
0 -0.00137958 0.00152499 0.00563604
0 0.00121774 0.00542034 0.00935195
0 0.00370525 0.00917594 0.0130444
0 0.00604229 0.0127714 0.0167016
0 0.00819199 0.0161916 0.0203021
0 0.0101182 0.0194197 0.023815
0 0.0117831 0.0224352 0.0272012
0 0.0131522 0.025219 0.030417
0 0.0142006 0.0277531 0.0334166
0 0.0149158 0.030017 0.0361537
0 0.0152975 0.0319856 0.0385825
0 0.0153585 0.0336309 0.040659
0 0.0151251 0.0349232 0.0423422
0 0.0146364 0.0358259 0.0435971
0 0.0139421 0.0362988 0.0443964
0 0.0131089 0.0363153 0.0447181
0 0.0122128 0.0358607 0.0445429
0 0.0113019 0.0349243 0.0438528
0 0.0103991 0.0335113 0.0426304
0 0.00952582 0.0316552 0.040859
0 0.00869196 0.029408 0.0385246
0 0.00788425 0.0268279 0.035621
0 0.00707327 0.023979 0.0321551
0 0.00622571 0.0209277 0.0281527
0 0.00531284 0.017731 0.0236629
0 0.00431618 0.0144222 0.018759
0 0.00322345 0.0110262 0.0135373
0 0.00202096 0.00757951 0.00811203
0 0.000712137 0.00406696 0.00259394
0 -0.000667391 0.000435279 -0.00289541
0 -0.00207515 -0.00324083 -0.00821088
0 -0.00347837 -0.00681151 -0.0132355
0 -0.00485218 -0.0102568 -0.0178775
0 -0.00618297 -0.0136094 -0.0220497
0 -0.00746264 -0.0168105 -0.025692
0 -0.00867568 -0.0197708 -0.0287711
0 -0.00979655 -0.0224419 -0.0312715
0 -0.0107998 -0.0247893 -0.0331981
0 -0.0116704 -0.0267601 -0.034574
0 -0.0124028 -0.0282935 -0.0354332
0 -0.0129923 -0.0293454 -0.0358161
0 -0.0134295 -0.0298941 -0.0357641
0 -0.0136989 -0.0299271 -0.0353143
0 -0.0137809 -0.0294383 -0.0344962
0 -0.013653 -0.0284447 -0.0333276
0 -0.0132963 -0.0269941 -0.0318148
0 -0.0126986 -0.0251498 -0.0299567
0 -0.0118545 -0.022974 -0.0277504
0 -0.0107688 -0.0205264 -0.0251964
0 -0.00946382 -0.0178663 -0.0223055
0 -0.00798243 -0.0150476 -0.0191024
0 -0.00638241 -0.0121149 -0.0156276
0 -0.00473108 -0.00910417 -0.0119349
0 -0.00311324 -0.00604911 -0.00808727
0 -0.0016144 -0.00299055 -0.00415051
0 -0.00027192 2.47858e-05 -0.000188395
0 0.000920333 0.0029642 0.00373483
0 0.00196425 0.00581065 0.00756255
0 0.00284657 0.00854314 0.0112519
0 0.00356189 0.0111312 0.0147563
0 0.00412961 0.0135258 0.0180272
0 0.00458825 0.0156773 0.0210243
0 0.0049775 0.0175786 0.0237092
0 0.00532519 0.0192373 0.026047
0 0.00564571 0.0206385 0.0280084
0 0.00594653 0.0217685 0.0295684
0 0.00623472 0.0226314 0.0307096
0 0.00651655 0.0232324 0.0314232
0 0.00679191 0.0235703 0.0317084
0 0.00704987 0.0236456 0.0315724
0 0.00727013 0.0234658 0.0310307
0 0.00742943 0.0230416 0.0301061
0 0.00750505 0.0223828 0.0288285
0 0.00747422 0.0215002 0.0272339
0 0.00731396 0.0204058 0.0253625
0 0.00700439 0.0191096 0.0232567
0 0.00653326 0.0176144 0.0209584
0 0.00589728 0.0159221 0.0185071
0 0.00510086 0.0140454 0.0159392
0 0.00415513 0.0119994 0.0132858
0 0.00307701 0.00979236 0.010571
0 0.00188751 0.00743464 0.00780971
0 0.000608849 0.00494469 0.00500994
0 -0.000743125 0.0023455 0.00217398
0 -0.00216418 -0.000340249 -0.000702913
0 -0.00363895 -0.00308934 -0.00362891
0 -0.00512125 -0.00587473 -0.00661092
0 -0.00656091 -0.00866664 -0.00965309
0 -0.0079308 -0.0114351 -0.0127533
0 -0.00922549 -0.0141487 -0.0159005
0 -0.0104488 -0.016778 -0.0190744
0 -0.0115988 -0.0193016 -0.0222458
0 -0.0126635 -0.021705 -0.0253784
0 -0.0136336 -0.0239796 -0.0284314
0 -0.0145119 -0.0261215 -0.0313615
0 -0.015309 -0.0281298 -0.0341235
0 -0.0160332 -0.0300049 -0.036673
0 -0.0166859 -0.0317433 -0.0389694
0 -0.0172637 -0.0333334 -0.0409772
0 -0.0177618 -0.034757 -0.0426677
0 -0.0181771 -0.0359914 -0.0440198
0 -0.0185077 -0.0370114 -0.0450206
0 -0.0187506 -0.0377893 -0.0456644
0 -0.0189008 -0.0382969 -0.0459518
0 -0.018951 -0.0385082 -0.0458886
0 -0.0188913 -0.0384002 -0.0454835
0 -0.0187097 -0.0379539 -0.044746
0 -0.0183954 -0.0371568 -0.0436832
0 -0.01794 -0.0360078 -0.0422988
0 -0.0173355 -0.0345188 -0.0405936
0 -0.0165737 -0.0327096 -0.0385659
0 -0.0156467 -0.0306023 -0.0362115
0 -0.0145497 -0.028218 -0.0335252
0 -0.0132838 -0.025577 -0.0305044
0 -0.0118584 -0.0226987 -0.0271532
0 -0.0102926 -0.0196022 -0.0234856
0 -0.00861601 -0.0163075 -0.0195263
0 -0.0068794 -0.0128363 -0.0153096
0 -0.00514565 -0.00921534 -0.0108751
0 -0.00344359 -0.00548796 -0.00626339
0 -0.00175703 -0.00170337 -0.001514
0 -6.40454e-05 0.00211818 0.00333092
0 0.00163745 0.00597744 0.00823357
0 0.00333465 0.00986579 0.0131593
0 0.00501528 0.0137526 0.0180573
0 0.00667687 0.0175937 0.022871
0 0.00832576 0.0213695 0.0275505
0 0.00996905 0.0250865 0.0320486
0 0.0116063 0.028737 0.0363258
0 0.0132269 0.0322952 0.0403522
0 0.0148163 0.0357397 0.0441068
0 0.0163639 0.0390515 0.0475784
0 0.0178643 0.0422029 0.0507634
0 0.0193115 0.0451607 0.0536617
0 0.0206659 0.0478902 0.056275
0 0.0218651 0.050359 0.058607
0 0.0229029 0.0525425 0.0606622
0 0.0238214 0.0544266 0.0624459
0 0.0246571 0.0560038 0.0639628
0 0.0254219 0.0572696 0.0652152
0 0.0260724 0.0582215 0.0662024
0 0.0265414 0.0588612 0.0669197
0 0.0268182 0.0591956 0.0673589
0 0.0269366 0.0592358 0.0675092
0 0.026895 0.0589942 0.0673603
0 0.0266542 0.0584828 0.0669037
0 0.0262057 0.0577136 0.0661346
0 0.025583 0.0566979 0.0650522
0 0.0248222 0.0554446 0.0636592
0 0.0239456 0.05396 0.0619617
0 0.0229729 0.0522495 0.0599679
0 0.0219291 0.0503197 0.0576877
0 0.0208416 0.0481807 0.0551327
0 0.0197358 0.0458479 0.0523164
0 0.0186282 0.0433423 0.049255
0 0.0175247 0.0406903 0.0459682
0 0.0164257 0.0379213 0.0424786
0 0.0153275 0.0350601 0.0388104
0 0.01422 0.032124 0.0349886
0 0.013078 0.0291358 0.0310406
0 0.0118745 0.0261212 0.0269991
0 0.0106085 0.0230898 0.0228981
0 0.00929448 0.0200211 0.0187712
0 0.0079381 0.0168976 0.014664
0 0.00654057 0.0137702 0.0106274
0 0.00510272 0.0107029 0.00670077
0 0.00362099 0.00768266 0.00291989
0 0.00209166 0.00467866 -0.000683326
0 0.000518188 0.00170525 -0.00409049
0 -0.00108901 -0.00121869 -0.00729348
0 -0.00271696 -0.00409422 -0.0102914
0 -0.00435379 -0.00692276 -0.0130914
0 -0.00598922 -0.00969456 -0.0157083
0 -0.00761165 -0.0123931 -0.0181627
0 -0.00920559 -0.0150022 -0.0204787
0 -0.0107519 -0.0175075 -0.0226802
0 -0.0122306 -0.0198928 -0.0247889
0 -0.0136236 -0.0221409 -0.0268237
0 -0.0149167 -0.0242396 -0.0287986
0 -0.016099 -0.0261845 -0.030723
0 -0.0171639 -0.0279754 -0.0326006
0 -0.0181067 -0.0296152 -0.0344288
0 -0.0189229 -0.0311102 -0.0361982
0 -0.0196075 -0.0324678 -0.0378934
0 -0.0201568 -0.0336941 -0.0394926
0 -0.0205678 -0.0347908 -0.0409696
0 -0.02084 -0.0357555 -0.0422957
0 -0.0209766 -0.0365827 -0.0434438
0 -0.0209858 -0.0372644 -0.0443906
0 -0.0208821 -0.03779 -0.0451173
0 -0.0206821 -0.0381462 -0.0456097
0 -0.0204006 -0.0383178 -0.0458573
0 -0.0200561 -0.0382894 -0.0458532
0 -0.0196727 -0.0380464 -0.0455928
0 -0.01927 -0.0375768 -0.0450736
0 -0.0188573 -0.036872 -0.0442937
0 -0.0184354 -0.0359301 -0.0432493
0 -0.0179972 -0.0347603 -0.0419356
0 -0.0175289 -0.0333821 -0.0403488
0 -0.0170135 -0.031818 -0.0384882
0 -0.0164328 -0.0300903 -0.036358
0 -0.0157681 -0.0282189 -0.0339686
0 -0.0150043 -0.0262193 -0.0313371
0 -0.0141331 -0.0241006 -0.028488
0 -0.0131538 -0.021865 -0.0254524
0 -0.0120729 -0.0195122 -0.0222671
0 -0.0109031 -0.0170417 -0.0189724
0 -0.0096629 -0.0144562 -0.0156082
0 -0.0083777 -0.011768 -0.0122112
0 -0.00708055 -0.00900236 -0.00881153
0 -0.00579287 -0.00618357 -0.00542575
0 -0.00450708 -0.00332587 -0.0020605
0 -0.0032045 -0.000442116 0.00127641
0 -0.00187257 0.00244734 0.00458047
0 -0.000506087 0.00531577 0.00785016
0 0.000889985 0.00813247 0.0110793
0 0.00230403 0.0108731 0.0142584
0 0.00372671 0.0135289 0.0173744
0 0.0051514 0.0160996 0.0204089
0 0.00656611 0.018586 0.0233409
0 0.00794977 0.0209897 0.026149
0 0.00927716 0.0233107 0.0288119
0 0.0105258 0.0255437 0.0313105
0 0.0116782 0.0276786 0.0336295
0 0.0127213 0.0297032 0.0357597
0 0.0136457 0.0316036 0.0376978
0 0.0144471 0.0333633 0.0394451
0 0.0151253 0.0349636 0.0410061
0 0.0156832 0.036386 0.0423872
0 0.0161269 0.0376128 0.0435948
0 0.0164642 0.0386274 0.0446341
0 0.0167033 0.039417 0.045507
0 0.0168509 0.0399742 0.0462106
0 0.0169115 0.0402957 0.0467365
0 0.0168879 0.0403827 0.0470713
0 0.0167846 0.0402436 0.0471981
0 0.0166061 0.0398937 0.0470969
0 0.0163511 0.0393498 0.0467471
0 0.0160136 0.0386271 0.0461299
0 0.015591 0.0377407 0.0452321
0 0.0150875 0.0367033 0.0440477
0 0.0145108 0.0355232 0.0425801
0 0.0138703 0.034204 0.0408414
0 0.0131768 0.032747 0.0388523
0 0.0124432 0.0311535 0.03664
0 0.0116824 0.0294258 0.0342364
0 0.0109046 0.0275687 0.0316749
0 0.0101151 0.0255895 0.0289882
0 0.00931412 0.0234964 0.0262062
0 0.00849814 0.0213056 0.0233546
0 0.00765994 0.0190446 0.0204544
0 0.0067886 0.0167368 0.0175228
0 0.00586749 0.0143964 0.0145733
0 0.00487731 0.0120326 0.0116172
0 0.00381637 0.00965079 0.00866957
0 0.00270861 0.00726752 0.00575142
0 0.00157984 0.00491901 0.00288398
0 0.000445921 0.00263243 8.86985e-05
0 -0.000681303 0.000410345 -0.00261164
0 -0.0017944 -0.00174317 -0.00519643
0 -0.00288767 -0.00381247 -0.00764768
0 -0.00394975 -0.00578655 -0.00994993
0 -0.00496517 -0.00766096 -0.0120918
0 -0.00592355 -0.0094294 -0.0140662
0 -0.00682181 -0.0110834 -0.0158699
0 -0.00765776 -0.0126151 -0.017502
0 -0.00842614 -0.0140182 -0.0189639
0 -0.00912017 -0.0152877 -0.0202585
0 -0.00973427 -0.0164181 -0.0213906
0 -0.0102649 -0.017403 -0.022365
0 -0.0107094 -0.0182352 -0.0231851
0 -0.011064 -0.0189076 -0.0238522
0 -0.0113246 -0.0194134 -0.0243659
0 -0.011487 -0.0197471 -0.0247246
0 -0.0115485 -0.0199054 -0.0249256
0 -0.0115078 -0.0198873 -0.0249651
0 -0.0113657 -0.0196941 -0.0248387
0 -0.0111276 -0.0193302 -0.0245421
0 -0.0108039 -0.0188039 -0.0240714
0 -0.0104071 -0.0181262 -0.0234239
0 -0.00994834 -0.0173085 -0.0225973
0 -0.00943885 -0.0163623 -0.0215911
0 -0.00888987 -0.0152989 -0.0204068
0 -0.00831219 -0.0141301 -0.0190496
0 -0.00771543 -0.0128674 -0.0175284
0 -0.00710741 -0.0115222 -0.0158561
0 -0.00649396 -0.010106 -0.0140495
0 -0.00587929 -0.00863064 -0.012129
0 -0.00526606 -0.00710809 -0.0101177
0 -0.00465516 -0.00554993 -0.00804059
0 -0.00404526 -0.00396717 -0.00592322
0 -0.00343292 -0.00237016 -0.00379021
0 -0.00281473 -0.000772376 -0.00166443
0 -0.00219095 0.000810076 0.000433316
0 -0.00156648 0.00236504 0.00248384
0 -0.000945385 0.00388635 0.00447188
0 -0.000323767 0.00537369 0.00638667
0 0.000307378 0.00682621 0.00821708
0 0.000950687 0.00823792 0.00995283
0 0.00159895 0.00960224 0.0115878
0 0.00224107 0.0109123 0.013118
0 0.00286815 0.0121596 0.0145414
0 0.00347493 0.0133375 0.0158585
0 0.00405602 0.0144406 0.0170715
0 0.00460374 0.015463 0.0181836
0 0.00511144 0.0163992 0.0191996
0 0.00557695 0.0172469 0.0201256
0 0.00600074 0.0180067 0.0209673
0 0.00638186 0.0186785 0.0217279
0 0.0067155 0.01926 0.0224061
0 0.00699416 0.0197484 0.0229967
0 0.00721132 0.0201413 0.0234937
0 0.00736374 0.0204387 0.023892
0 0.00745154 0.0206419 0.0241879
0 0.00747693 0.0207533 0.0243791
0 0.00744341 0.0207756 0.0244638
0 0.00735646 0.0207101 0.0244409
0 0.00722434 0.0205577 0.0243101
0 0.00705623 0.0203205 0.0240723
0 0.00685967 0.0200008 0.0237287
0 0.00664041 0.0196008 0.0232801
0 0.00640297 0.0191229 0.0227272
0 0.00615022 0.0185699 0.0220707
0 0.00588297 0.0179453 0.0213121
0 0.0056004 0.0172547 0.0204542
0 0.00530106 0.0165044 0.0195012
0 0.00498323 0.0156995 0.0184587
0 0.00464504 0.0148445 0.0173338
0 0.0042847 0.0139435 0.0161356
0 0.00390133 0.0130007 0.0148745
0 0.00349549 0.0120201 0.0135628
0 0.0030692 0.0110065 0.0122139
0 0.0026254 0.00996448 0.0108412
0 0.00216708 0.00889912 0.00945725
0 0.00169608 0.00781471 0.00807153
0 0.0012125 0.00671412 0.00668956
0 0.000715169 0.00559981 0.00531434
0 0.000200937 0.00447531 0.00394817
0 -0.000334078 0.00334405 0.00259239
0 -0.000887164 0.00220928 0.00124816
0 -0.00144683 0.001077 -8.26583e-05
0 -0.0020029 -4.49516e-05 -0.00139732
0 -0.00255122 -0.00115103 -0.00269196
0 -0.00308815 -0.00223529 -0.00396169
0 -0.0036073 -0.00328852 -0.00520063
0 -0.00409998 -0.00430187 -0.00640173
0 -0.00455676 -0.0052673 -0.0075561
0 -0.00496895 -0.0061743 -0.00865245
0 -0.00532956 -0.00701036 -0.009678
0 -0.00563432 -0.0077644 -0.0106213
0 -0.005883 -0.00842952 -0.0114744
0 -0.00607962 -0.0090026 -0.0122319
0 -0.00623076 -0.00948175 -0.0128889
0 -0.00634303 -0.00986528 -0.0134397
0 -0.00642158 -0.0101526 -0.0138779
0 -0.00647017 -0.0103449 -0.0141978
0 -0.00649136 -0.0104442 -0.0143945
0 -0.00648598 -0.0104526 -0.0144631
0 -0.00645238 -0.0103708 -0.0143991
0 -0.00638693 -0.010199 -0.0141987
0 -0.00628579 -0.00993729 -0.0138611
0 -0.00614652 -0.00958651 -0.013389
0 -0.0059685 -0.00914832 -0.0127886
0 -0.0057521 -0.00862463 -0.0120689
0 -0.00549782 -0.0080172 -0.0112401
0 -0.00520614 -0.00732793 -0.0103132
0 -0.00487791 -0.00655958 -0.00929952
0 -0.00451482 -0.00571651 -0.00821083
0 -0.00411939 -0.00480503 -0.00705882
0 -0.00369444 -0.00383314 -0.00585463
0 -0.00324275 -0.00281013 -0.00460832
0 -0.00276729 -0.00174612 -0.00332877
0 -0.00227192 -0.00065209 -0.00202407
0 -0.00176186 0.000458896 -0.000701895
0 -0.00124338 0.00157361 0.00063034
0 -0.000725925 0.00268291 0.00196529
0 -0.000221324 0.00377945 0.00329545
0 0.000263527 0.00485289 0.00461293
0 0.000728038 0.00589232 0.00590941
0 0.00117189 0.00689198 0.00717631
0 0.00159046 0.00784869 0.0084047
0 0.00197691 0.00875645 0.00958513
0 0.00232676 0.00960812 0.0107073
0 0.00263941 0.0103992 0.0117603
0 0.0029169 0.0111272 0.0127344
0 0.00316147 0.0117889 0.0136219
0 0.00337518 0.01238 0.0144163
0 0.00356129 0.0128983 0.0151127
0 0.00372435 0.0133435 0.0157072
0 0.00386856 0.0137154 0.0161975
0 0.00399649 0.0140145 0.0165828
0 0.00410908 0.014242 0.0168637
0 0.00420556 0.0143997 0.017041
0 0.00428309 0.0144884 0.0171153
0 0.00433713 0.0145075 0.0170878
0 0.00436246 0.0144568 0.0169605
0 0.00435453 0.0143362 0.0167376
0 0.00431032 0.0141466 0.0164247
0 0.00422874 0.0138896 0.0160292
0 0.00411015 0.0135673 0.0155595
0 0.00395561 0.0131818 0.0150238
0 0.0037662 0.0127353 0.014429
0 0.00354301 0.0122296 0.0137807
0 0.0032875 0.011667 0.013083
0 0.00300206 0.0110512 0.0123398
0 0.00269056 0.0103877 0.0115547
0 0.00235826 0.00968383 0.0107319
0 0.00201084 0.00894767 0.00987536
0 0.00165281 0.00818653 0.00898753
0 0.00128681 0.00740573 0.00806928
0 0.000914 0.00660885 0.00712071
0 0.000535932 0.005799 0.00614264
0 0.000156387 0.00498017 0.00513775
0 -0.00022173 0.00415758 0.00411088
0 -0.000596648 0.00333615 0.00306897
0 -0.000963163 0.00251973 0.00202076
0 -0.00131456 0.00171351 0.000975947
0 -0.00164496 0.000925244 -5.49863e-05
0 -0.00195026 0.000162097 -0.00106119
0 -0.00223066 -0.000571778 -0.00203177
0 -0.00248864 -0.00127108 -0.00295572
0 -0.00272576 -0.00192628 -0.0038225
0 -0.00294339 -0.00252959 -0.00462283
0 -0.00314442 -0.00307831 -0.0053493
0 -0.00333311 -0.00357152 -0.00599683
0 -0.00351383 -0.00400851 -0.00656227
0 -0.00368883 -0.0043889 -0.00704317
0 -0.00385644 -0.00471209 -0.00743673
0 -0.00401168 -0.0049767 -0.0077397
0 -0.00414824 -0.00518029 -0.00794942
0 -0.00425973 -0.0053201 -0.00806486
0 -0.00434051 -0.00539436 -0.00808747
0 -0.00438688 -0.00540308 -0.00802182
0 -0.00439796 -0.00534776 -0.0078754
0 -0.00437504 -0.00523075 -0.00765744
0 -0.00432012 -0.00505496 -0.0073774
0 -0.00423531 -0.00482369 -0.00704411
0 -0.00412269 -0.00454059 -0.00666539
0 -0.00398367 -0.00420913 -0.00624709
0 -0.00381812 -0.00383192 -0.00579222
0 -0.00362491 -0.00341096 -0.00530137
0 -0.00340364 -0.00294896 -0.00477458
0 -0.00315607 -0.00245017 -0.00421266
0 -0.00288595 -0.00191994 -0.00361733
0 -0.00259773 -0.0013634 -0.00299024
0 -0.00229536 -0.000784367 -0.00233231
0 -0.00198224 -0.00018516 -0.0016437
0 -0.00166149 0.000432259 -0.000924617
0 -0.00133662 0.00106499 -0.000176747
0 -0.00101325 0.00170907 0.000595481
0 -0.000700402 0.00235882 0.00138511
0 -0.000407292 0.00300729 0.00218468
0 -0.000136714 0.00364864 0.00298839
0 0.000114098 0.00427908 0.00379236
0 0.000347853 0.00489593 0.00459337
0 0.000567628 0.00549543 0.00538751
0 0.000777646 0.00607457 0.00617024
0 0.000981889 0.00663291 0.00693693
0 0.00118376 0.00717096 0.00768323
0 0.00138657 0.00768996 0.00840559
0 0.00159385 0.00819221 0.0091006
0 0.00180877 0.00868125 0.00976467
0 0.00203262 0.00916094 0.0103945
0 0.00226347 0.00963247 0.0109862
0 0.00249618 0.0100926 0.0115355
0 0.00272423 0.0105361 0.0120385
0 0.00294159 0.0109579 0.012493
0 0.00314318 0.0113524 0.0128988
0 0.00332495 0.0117134 0.0132575
0 0.00348397 0.0120347 0.0135717
0 0.00361834 0.0123116 0.0138444
0 0.00372681 0.01254 0.0140778
0 0.00380816 0.0127164 0.0142729
0 0.00386032 0.0128376 0.014428
0 0.00387991 0.0129001 0.0145387
0 0.00386271 0.0129005 0.0145974
0 0.00380498 0.0128353 0.0145952
0 0.00370435 0.0127018 0.0145227
0 0.00356041 0.0124985 0.0143712
0 0.00337532 0.0122252 0.0141338
0 0.00315375 0.0118827 0.0138054
0 0.00290184 0.0114725 0.013383
0 0.00262594 0.0109962 0.0128644
0 0.00233232 0.0104557 0.0122495
0 0.00202727 0.00985441 0.0115402
0 0.00171668 0.0091972 0.0107411
0 0.00140496 0.00848992 0.00985804
0 0.00109401 0.00773825 0.00889783
0 0.000782676 0.00694701 0.00786709
0 0.000467698 0.00611997 0.00677267
0 0.00014587 0.00526005 0.0056223
0 -0.000185807 0.00437055 0.00442493
0 -0.000532442 0.00345636 0.00319004
0 -0.000898274 0.00252261 0.00192868
0 -0.00128139 0.00157417 0.00065524
0 -0.00167508 0.000619462 -0.000613957
0 -0.00207081 -0.000329299 -0.0018613
0 -0.00246063 -0.00125995 -0.00306772
0 -0.00283886 -0.00215976 -0.00421554
0 -0.00320146 -0.0030169 -0.00529109
0 -0.00354562 -0.00382318 -0.00628476
0 -0.00386961 -0.00457224 -0.00719002
0 -0.00417266 -0.00525768 -0.00800247
0 -0.00445431 -0.00587314 -0.00871917
0 -0.00471287 -0.00641297 -0.00933804
0 -0.00494438 -0.00687226 -0.0098571
0 -0.00514343 -0.00724642 -0.0102741
0 -0.00530448 -0.00753117 -0.0105868
0 -0.00542225 -0.00772328 -0.0107932
0 -0.00549169 -0.00782071 -0.010892
0 -0.00550848 -0.00782217 -0.0108819
0 -0.00546968 -0.00772683 -0.0107624
0 -0.0053742 -0.00753455 -0.0105335
0 -0.00522276 -0.00724597 -0.0101961
0 -0.00501795 -0.00686274 -0.0097516
0 -0.00476455 -0.00638801 -0.00920319
0 -0.00446924 -0.00582668 -0.00855534
0 -0.00413959 -0.00518507 -0.00781344
0 -0.00378292 -0.0044703 -0.00698308
0 -0.00340565 -0.00369012 -0.00606995
0 -0.00301324 -0.00285285 -0.00508011
0 -0.00260993 -0.00196712 -0.00402003
0 -0.00219863 -0.00104142 -0.0028966
0 -0.00178203 -8.41557e-05 -0.00171771
0 -0.00136316 0.000894556 -0.000493249
0 -0.000946568 0.00188232 0.000764504
0 -0.000540103 0.00286839 0.00204178
0 -0.000150573 0.00384497 0.00332488
0 0.000222364 0.00480412 0.00460142
0 0.000584795 0.00573944 0.00586059
0 0.000941412 0.00664905 0.00709234
0 0.00129116 0.0075323 0.00828682
0 0.00163077 0.00838478 0.00943309
0 0.00195876 0.00919999 0.0105187
0 0.00227549 0.00997432 0.0115335
0 0.00258191 0.010706 0.0124707
0 0.00287774 0.0113912 0.0133252
0 0.00316124 0.0120247 0.0140938
0 0.00343077 0.0126035 0.014775
0 0.00368568 0.0131256 0.0153694
0 0.00392509 0.0135894 0.0158794
0 0.00414685 0.0139935 0.0163087
0 0.00434786 0.0143375 0.0166614
0 0.00452442 0.0146214 0.0169413
0 0.00467198 0.0148441 0.0171508
0 0.00478515 0.0150037 0.0172916
0 0.00485872 0.0150983 0.0173646
0 0.00488885 0.0151267 0.0173705
0 0.00487362 0.0150879 0.0173102
0 0.00481312 0.0149812 0.0171842
0 0.00470896 0.0148066 0.0169922
0 0.00456392 0.0145644 0.0167342
0 0.004382 0.014256 0.0164093
0 0.00416833 0.0138835 0.0160169
0 0.00392841 0.0134499 0.0155559
0 0.0036675 0.012959 0.0150252
0 0.00339046 0.0124155 0.0144243
0 0.0031018 0.0118247 0.0137534
0 0.00280546 0.0111924 0.013014
0 0.00250466 0.0105244 0.0122086
0 0.00220226 0.00982707 0.0113421
0 0.00190149 0.00910776 0.010422
0 0.00160593 0.00837455 0.00945895
0 0.0013187 0.0076353 0.00846515
0 0.00104098 0.00689598 0.00745273
0 0.000771291 0.00615951 0.00643221
0 0.000506696 0.00542707 0.00541175
0 0.000244264 0.00470043 0.00439869
0 -1.94036e-05 0.00398223 0.00340283
0 -0.000287234 0.00327646 0.00243665
0 -0.00055745 0.00258911 0.00151268
0 -0.00082557 0.001927 0.000641628
0 -0.00109024 0.00129575 -0.000168468
0 -0.00135191 0.00069759 -0.000912596
0 -0.00161007 0.000134258 -0.00158791
0 -0.00186316 -0.000389509 -0.00219274
0 -0.00210915 -0.000869364 -0.00272677
0 -0.00234594 -0.00130337 -0.00319108
0 -0.00257052 -0.00168977 -0.00358791
0 -0.00277853 -0.00202651 -0.00392029
0 -0.00296539 -0.0023123 -0.00419182
0 -0.00312763 -0.00254735 -0.00440694
0 -0.00326361 -0.00273367 -0.00457117
0 -0.00337299 -0.00287457 -0.00469082
0 -0.00345595 -0.00297387 -0.00477207
0 -0.00351293 -0.00303538 -0.00482017
0 -0.00354414 -0.00306208 -0.00483859
0 -0.00354875 -0.00305499 -0.00482826
0 -0.00352503 -0.00301326 -0.00478782
0 -0.00347155 -0.00293541 -0.00471486
0 -0.00338843 -0.00282022 -0.00460689
0 -0.00327777 -0.00266715 -0.00446194
0 -0.00314396 -0.00247709 -0.00427922
0 -0.0029936 -0.00225302 -0.00405966
0 -0.00283468 -0.00199975 -0.00380558
0 -0.00267495 -0.00172296 -0.00351968
0 -0.0025203 -0.001428 -0.00320403
0 -0.00237346 -0.00111886 -0.00285926
0 -0.00223381 -0.000797661 -0.00248458
0 -0.00209848 -0.000465312 -0.00207892
0 -0.00196385 -0.000122327 -0.00164221
0 -0.00182631 0.000230757 -0.00117591
0 -0.00168259 0.000593619 -0.000682687
0 -0.00152998 0.000967241 -0.000165958
0 -0.00136627 0.00135407 0.000370403
0 -0.00118989 0.00175632 0.000922192
0 -0.00100105 0.00217522 0.00148478
0 -0.00080272 0.00261002 0.00205274
0 -0.000598701 0.0030576 0.0026201
0 -0.000391545 0.0035145 0.00318135
0 -0.000184513 0.00397601 0.0037324
0 1.79991e-05 0.00443585 0.00427117
0 0.000214701 0.00488926 0.0047974
0 0.000407989 0.00533333 0.00531212
0 0.000599823 0.0057657 0.00581682
0 0.000789745 0.00618363 0.00631257
0 0.000975812 0.00658415 0.00679925
0 0.0011558 0.0069654 0.00727515
0 0.00132751 0.00732632 0.00773726
0 0.00148825 0.00766536 0.00818179
0 0.00163481 0.00798101 0.00860442
0 0.00176456 0.00827297 0.00900073
0 0.0018764 0.00854151 0.00936668
0 0.00197063 0.00878628 0.00969903
0 0.00204871 0.00900671 0.00999578
0 0.00211307 0.00920268 0.0102561
0 0.00216671 0.00937413 0.0104798
0 0.00221238 0.00952034 0.010667
0 0.00225204 0.00964003 0.0108174
0 0.00228669 0.00973203 0.010931
0 0.0023165 0.00979578 0.0110075
0 0.00234107 0.0098313 0.0110472
0 0.00235945 0.00983906 0.0110501
0 0.00237015 0.00981988 0.0110168
0 0.00237135 0.00977491 0.010948
0 0.00236121 0.00970536 0.0108447
0 0.00233817 0.00961229 0.0107084
0 0.00230111 0.0094966 0.0105411
0 0.00224948 0.00935897 0.0103452
0 0.00218331 0.00919988 0.0101234
0 0.00210317 0.00901968 0.00987859
0 0.00201017 0.00881876 0.00961351
0 0.00190607 0.00859803 0.00933111
0 0.00179332 0.00835944 0.00903455
0 0.00167501 0.00810599 0.00872716
0 0.0015543 0.00784147 0.00841209
0 0.00143397 0.00757007 0.00809203
0 0.00131601 0.00729592 0.00776891
0 0.0012012 0.00702249 0.00744375
0 0.00108913 0.00675205 0.0071167
0 0.000978848 0.00648601 0.00678771
0 0.000869589 0.00622561 0.00645713
0 0.000761162 0.00597192 0.00612605
0 0.000654096 0.00572552 0.00579642
0 0.000549817 0.00548714 0.00547148
0 0.000450579 0.00525814 0.0051555
0 0.000358858 0.00504041 0.00485313
0 0.000276797 0.00483591 0.00456897
0 0.000205955 0.00464658 0.00430702
0 0.000146937 0.00447418 0.00407043
0 9.88855e-05 0.00431974 0.00386125
0 5.94122e-05 0.00418351 0.00367998
0 2.55546e-05 0.00406569 0.00352606
0 -5.04748e-06 0.00396644 0.00339862
0 -3.42629e-05 0.00388549 0.00329669
0 -6.38394e-05 0.00382183 0.00321908
0 -9.49925e-05 0.00377388 0.00316438
0 -0.00012793 0.00373978 0.00313105
0 -0.000161646 0.00371788 0.00311776
0 -0.000194054 0.00370707 0.0031237
0 -0.000222416 0.00370683 0.00314837
0 -0.000244122 0.00371684 0.00319085
0 -0.000257732 0.00373627 0.00324884
0 -0.000263542 0.00376339 0.00331836
0 -0.000262983 0.00379604 0.00339462
0 -0.000257236 0.00383293 0.0034735
0 -0.000246328 0.00387396 0.00355244
0 -0.000229542 0.00392004 0.00363025
0 -0.000206494 0.00397261 0.00370617
0 -0.000177813 0.0040319 0.0037793
0 -0.000144584 0.00409655 0.00384892
0 -0.000107563 0.00416506 0.00391492
0 -6.73564e-05 0.0042367 0.00397813
0 -2.42198e-05 0.00431135 0.00404048
0 2.21565e-05 0.00438899 0.00410454
0 7.11118e-05 0.0044688 0.00417213
0 0.000119054 0.00454746 0.00424221
0 0.000159094 0.00461804 0.0043095
0 0.000182839 0.00467164 0.00436642
0 0.000183983 0.00470093 0.00440663
0 0.000160679 0.00470205 0.00442681
0 0.000114808 0.00467399 0.00442567
0 5.03871e-05 0.00461741 0.00440267
0 -2.71215e-05 0.00453448 0.00435784
0 -0.000111218 0.00442891 0.00429201
0 -0.000195877 0.00430543 0.00420593
0 -0.000277773 0.00416775 0.00409809
0 -0.000357417 0.00401623 0.00396362
0 -0.00043892 0.00384816 0.00379547
0 -0.000527805 0.00366006 0.00358701
0 -0.000627584 0.00344959 0.0033341
0 -0.000738624 0.00321619 0.00303583
0 -0.000859728 0.00295989 0.00269388
0 -0.000989889 0.00267995 0.00231133
0 -0.00112876 0.00237527 0.0018919
0 -0.00127515 0.00204644 0.00144057
0 -0.00142569 0.0016963 0.000964534
0 -0.00157569 0.001329 0.00047263
0 -0.00172045 0.000950552 -2.58479e-05
0 -0.00185671 0.000568799 -0.000522186
0 -0.0019831 0.00019163 -0.00100896
0 -0.00210025 -0.000174363 -0.00148037
0 -0.0022112 -0.000524486 -0.00193251
0 -0.0023202 -0.000855403 -0.00236278
0 -0.0024309 -0.0011643 -0.00276886
0 -0.00254546 -0.00144934 -0.00314795
0 -0.00266469 -0.00171042 -0.00349687
0 -0.00278775 -0.00194846 -0.00381228
0 -0.00291175 -0.00216394 -0.00409058
0 -0.00303163 -0.00235615 -0.00432755
0 -0.00314099 -0.00252319 -0.00451876
0 -0.00323337 -0.00266238 -0.00466077
0 -0.00330366 -0.00277067 -0.00475211
0 -0.00334854 -0.00284477 -0.00479325
0 -0.00336617 -0.00288099 -0.00478586
0 -0.00335593 -0.00287546 -0.00473221
0 -0.00331824 -0.00282464 -0.00463485
0 -0.00325447 -0.00272588 -0.00449617
0 -0.00316643 -0.00257768 -0.00431786
0 -0.00305574 -0.00237975 -0.0041004
0 -0.00292353 -0.00213289 -0.00384278
0 -0.00277053 -0.00183885 -0.00354278
0 -0.00259716 -0.00150026 -0.00319742
0 -0.00240396 -0.0011204 -0.00280354
0 -0.00219174 -0.000702752 -0.00235837
0 -0.00196186 -0.000250586 -0.00185994
0 -0.00171597 0.00023329 -0.00130748
0 -0.00145584 0.000746462 -0.000701581
0 -0.0011842 0.00128653 -4.45689e-05
0 -0.000905602 0.00185102 0.000658939
0 -0.000627119 0.0024367 0.00140175
0 -0.000356831 0.00303876 0.00217488
0 -9.84464e-05 0.00365153 0.00296924
0 0.000148001 0.00427027 0.00377725
0 0.000382433 0.00489191 0.00459351
0 0.000607871 0.00551302 0.00541395
0 0.000830302 0.0061298 0.0062343
0 0.001053 0.00673902 0.00704888
0 0.00127533 0.00733661 0.00785061
0 0.00149616 0.00791733 0.00863206
0 0.00171569 0.00847607 0.00938547
0 0.00193422 0.00900971 0.010103
0 0.00215079 0.00951734 0.0107775
0 0.00236302 0.00999756 0.0114028
0 0.00256804 0.0104471 0.0119734
0 0.00276326 0.0108628 0.0124855
0 0.00294628 0.0112431 0.0129367
0 0.00311461 0.0115857 0.0133257
0 0.00326603 0.0118879 0.0136533
0 0.00339967 0.0121479 0.0139222
0 0.00351606 0.0123655 0.0141367
0 0.00361617 0.0125417 0.0143022
0 0.00370031 0.0126771 0.0144231
0 0.00376745 0.0127717 0.014503
0 0.00381519 0.0128254 0.0145433
0 0.00384052 0.0128375 0.014544
0 0.00384132 0.0128085 0.0145054
0 0.00381757 0.0127404 0.0144285
0 0.00377139 0.0126373 0.0143158
0 0.00370587 0.0125036 0.0141701
0 0.00362377 0.0123427 0.0139929
0 0.00352643 0.012156 0.0137841
0 0.00341406 0.0119431 0.0135422
0 0.00328745 0.0117038 0.0132659
0 0.0031495 0.0114398 0.0129566
0 0.00300486 0.0111543 0.0126174
0 0.00285831 0.0108515 0.0122522
0 0.00271344 0.010535 0.0118646
0 0.00257197 0.0102076 0.0114572
0 0.00243371 0.00987097 0.0110318
0 0.00229714 0.00952639 0.0105898
0 0.00216024 0.00917492 0.0101326
0 0.00202109 0.00881773 0.00966255
0 0.00187821 0.00845602 0.00918244
0 0.00173067 0.00809081 0.00869566
0 0.00157801 0.00772293 0.00820571
0 0.00141997 0.00735289 0.00771573
0 0.00125626 0.00698058 0.00722812
0 0.00108657 0.00660562 0.00674451
0 0.000911055 0.00622802 0.00626609
0 0.000730758 0.00584796 0.00579375
0 0.000546785 0.00546516 0.00532779
0 0.000359722 0.00507937 0.00486807
0 0.000170413 0.00469123 0.00441398
0 -2.01318e-05 0.00430234 0.00396442
0 -0.000211581 0.00391415 0.00351826
0 -0.000403471 0.00352701 0.00307427
0 -0.000594044 0.00314152 0.00263118
0 -0.000781446 0.0027598 0.00218795
0 -0.00096538 0.00238372 0.00174391
0 -0.00114596 0.00201339 0.001299
0 -0.00132212 0.00164838 0.000853803
0 -0.00149226 0.00128942 0.000409454
0 -0.00165541 0.000937989 -3.25181e-05
0 -0.0018113 0.000594466 -0.000470065
0 -0.0019596 0.000258977 -0.000900202
0 -0.00209927 -6.61049e-05 -0.00131883
0 -0.00222868 -0.000377474 -0.00172112
0 -0.00234647 -0.000672163 -0.0021022
0 -0.00245211 -0.000946916 -0.00245761
0 -0.00254572 -0.00119855 -0.00278346
0 -0.00262778 -0.0014241 -0.00307639
0 -0.00269886 -0.00162105 -0.00333341
0 -0.00275931 -0.00178748 -0.00355174
0 -0.0028088 -0.00192121 -0.00372847
0 -0.00284596 -0.00201945 -0.00386018
0 -0.00286837 -0.00207914 -0.00394304
0 -0.00287344 -0.00209766 -0.0039736
0 -0.00285968 -0.00207365 -0.00394992
0 -0.00282731 -0.00200751 -0.0038722
0 -0.00277775 -0.00190096 -0.00374219
0 -0.00271237 -0.0017559 -0.00356206
0 -0.0026317 -0.0015737 -0.00333369
0 -0.00253568 -0.00135533 -0.00305885
0 -0.00242424 -0.00110192 -0.00273962
0 -0.00229761 -0.000814984 -0.00237863
0 -0.00215618 -0.0004963 -0.00197885
0 -0.00200051 -0.00014801 -0.00154346
0 -0.00183172 0.000227096 -0.00107609
0 -0.00165169 0.000625262 -0.000581211
0 -0.00146334 0.00104205 -6.40772e-05
0 -0.00127021 0.00147293 0.000469748
0 -0.00107565 0.00191288 0.00101493
0 -0.000882839 0.002357 0.00156676
0 -0.000694487 0.00280127 0.00212143
0 -0.000510255 0.00324234 0.00267598
0 -0.00032763 0.00367848 0.00322794
0 -0.000146897 0.00410795 0.00377472
0 2.9542e-05 0.00452768 0.00431352
0 0.000201824 0.00493517 0.00484142
0 0.000371332 0.00532916 0.00535509
0 0.000536798 0.00570842 0.0058505
0 0.000694737 0.00607029 0.00632314
0 0.00084208 0.00641162 0.00676858
0 0.000977072 0.00673033 0.00718285
0 0.00109861 0.00702445 0.00756242
0 0.00120603 0.00729126 0.00790455
0 0.00129948 0.00752884 0.00820775
0 0.00138014 0.00773706 0.00847155
0 0.00144981 0.00791587 0.00869594
0 0.00151001 0.00806444 0.0088811
0 0.00156154 0.00818237 0.00902732
0 0.0016047 0.00827031 0.00913506
0 0.00163974 0.00832941 0.00920504
0 0.00166676 0.00836085 0.00923825
0 0.00168542 0.0083661 0.00923596
0 0.00169507 0.00834706 0.00919974
0 0.00169496 0.00830559 0.0091314
0 0.00168411 0.00824279 0.00903266
0 0.00166088 0.00815862 0.0089047
0 0.00162318 0.00805208 0.00874815
0 0.0015693 0.00792184 0.00856371
0 0.00149881 0.00776703 0.00835278
0 0.0014131 0.00758799 0.00811793
0 0.00131506 0.00738649 0.0078627
0 0.00120819 0.00716533 0.00759074
0 0.00109556 0.00692732 0.0073049
0 0.00097909 0.00667455 0.00700668
0 0.00085912 0.00640864 0.00669593
0 0.000734991 0.00613099 0.00637141
0 0.00060596 0.00584254 0.00603165
0 0.000471386 0.00554397 0.00567548
0 0.000330928 0.00523618 0.00530239
0 0.000185132 0.00492052 0.00491291
0 3.57064e-05 0.0045986 0.00450889
0 -0.000115104 0.00427215 0.0040931
0 -0.000265273 0.00394306 0.00366892
0 -0.000413075 0.00361318 0.0032399
0 -0.000557 0.00328355 0.00280943
0 -0.000695732 0.00295486 0.00238066
0 -0.000829255 0.00262851 0.00195597
0 -0.00095972 0.0023054 0.00153699
0 -0.0010898 0.00198503 0.00112512
0 -0.0012211 0.00166737 0.000721686
0 -0.00135424 0.00135423 0.00032793
0 -0.00148894 0.00104763 -5.43272e-05
0 -0.00162397 0.000749632 -0.000422103
0 -0.00175674 0.000464192 -0.000771345
0 -0.00188352 0.00019582 -0.00109771
0 -0.00200061 -5.19435e-05 -0.00139724
0 -0.00210532 -0.000275975 -0.00166687
0 -0.00219637 -0.000473922 -0.00190476
0 -0.00227381 -0.000644915 -0.00211034
0 -0.0023383 -0.000788854 -0.00228376
0 -0.0023905 -0.000905668 -0.00242534
0 -0.0024309 -0.000995321 -0.00253518
0 -0.00245952 -0.00105754 -0.00261292
0 -0.00247556 -0.00109154 -0.00265747
0 -0.00247752 -0.00109617 -0.00266724
0 -0.00246383 -0.00107021 -0.0026406
0 -0.00243338 -0.00101273 -0.00257628
0 -0.00238591 -0.000923424 -0.00247373
0 -0.00232217 -0.000802831 -0.00233338
0 -0.00224387 -0.000652273 -0.00215659
0 -0.00215312 -0.000473525 -0.00194525
0 -0.00205214 -0.000268633 -0.00170144
0 -0.0019429 -3.98416e-05 -0.00142727
0 -0.00182695 0.000210517 -0.00112502
0 -0.00170565 0.000479752 -0.000797204
0 -0.00158035 0.000764698 -0.000446491
0 -0.00145218 0.00106248 -7.57529e-05
0 -0.00132196 0.00137065 0.000311908
0 -0.00119036 0.0016861 0.000713149
0 -0.00105803 0.00200567 0.00112461
0 -0.000925048 0.00232814 0.00154339
0 -0.000790367 0.00265328 0.00196753
0 -0.000652091 0.00298109 0.00239588
0 -0.000507711 0.00331291 0.0028275
0 -0.000355557 0.00365029 0.00326109
0 -0.000197305 0.00399244 0.00369452
0 -3.62189e-05 0.00433693 0.0041252
0 0.000125884 0.0046821 0.00455072
0 0.000287754 0.00502658 0.00496911
0 0.000447589 0.00536818 0.00537874
0 0.000603109 0.00570421 0.00577839
0 0.000751952 0.00603133 0.00616698
0 0.000892065 0.00634584 0.00654295
0 0.00102147 0.00664434 0.00690417
0 0.00113831 0.00692338 0.00724835
0 0.00124167 0.00717971 0.00757358
0 0.00133226 0.00741169 0.00787871
0 0.00141191 0.00761967 0.00816305
0 0.00148258 0.0078051 0.00842569
0 0.0015457 0.00796935 0.00866496
0 0.00160135 0.00811254 0.00887798
0 0.00164785 0.00823318 0.0090603
0 0.00168244 0.00832903 0.00920654
0 0.00170274 0.00839776 0.00931196
0 0.00170777 0.00843735 0.00937362
0 0.00169776 0.00844637 0.00939023
0 0.00167342 0.00842364 0.00936141
0 0.00163565 0.00836798 0.00928736
0 0.00158594 0.00827874 0.00916927
0 0.00152637 0.00815654 0.00900954
0 0.00145918 0.00800321 0.00881131
0 0.00138607 0.00782124 0.00857777
0 0.00130798 0.00761341 0.00831186
0 0.00122506 0.00738275 0.00801628
0 0.00113684 0.00713241 0.00769358
0 0.00104237 0.00686545 0.00734624
0 0.000940581 0.00658459 0.00697682
0 0.000830715 0.00629213 0.0065882
0 0.00071266 0.00599027 0.00618366
0 0.000586945 0.00568135 0.00576681
0 0.00045457 0.0053671 0.0053416
0 0.000316939 0.00504838 0.00491236
0 0.000175801 0.00472603 0.00448336
0 3.32374e-05 0.00440188 0.00405863
0 -0.000109008 0.00407842 0.00364194
0 -0.000249846 0.00375736 0.00323668
0 -0.000388028 0.00344043 0.0028457
0 -0.000521898 0.00313108 0.00247115
0 -0.000649726 0.00283333 0.00211476
0 -0.000770658 0.00255002 0.00177778
0 -0.000885198 0.00228286 0.00146086
0 -0.000994261 0.00203338 0.00116397
0 -0.00109868 0.00180309 0.000886565
0 -0.0011987 0.00159257 0.000628302
0 -0.00129316 0.00140172 0.000389952
0 -0.00138009 0.00123102 0.000173658
0 -0.00145729 0.00108183 -1.76255e-05
0 -0.00152203 0.000955866 -0.000180945
0 -0.00157166 0.000854292 -0.000313763
0 -0.00160453 0.000777872 -0.000413969
0 -0.0016199 0.000727824 -0.000479798
0 -0.00161743 0.00070596 -0.000509864
0 -0.00159735 0.000713927 -0.000503409
0 -0.00156121 0.000752359 -0.000460766
0 -0.00151208 0.000820525 -0.000383574
0 -0.00145386 0.000916593 -0.000274337
0 -0.00139012 0.00103807 -0.000135676
0 -0.00132361 0.00118199 3.00537e-05
0 -0.00125623 0.00134488 0.000220658
0 -0.00118926 0.0015229 0.000433879
0 -0.00112341 0.0017119 0.000667301
0 -0.0010586 0.00190776 0.000918304
0 -0.000994473 0.00210709 0.00118388
0 -0.000930778 0.00230711 0.0014604
0 -0.000867244 0.00250501 0.00174355
0 -0.00080381 0.00269812 0.00202846
0 -0.000740422 0.00288518 0.00231017
0 -0.000676542 0.00306648 0.0025842
0 -0.000611247 0.00324279 0.00284698
0 -0.000543733 0.00341458 0.00309575
0 -0.000473567 0.00358203 0.00332844
0 -0.000400709 0.00374564 0.00354374
0 -0.00032539 0.00390621 0.00374104
0 -0.000247895 0.00406379 0.00392051
0 -0.000168505 0.00421741 0.00408319
0 -8.76367e-05 0.00436597 0.00423069
0 -6.54729e-06 0.0045085 0.00436487
0 7.28946e-05 0.00464374 0.00448765
0 0.000149202 0.00477011 0.00460078
0 0.000220868 0.00488622 0.00470589
0 0.000285872 0.00499107 0.00480432
0 0.000342132 0.0050838 0.00489689
0 0.000387726 0.00516333 0.00498353
0 0.000420807 0.00522834 0.00506324
0 0.000439784 0.00527751 0.00513432
0 0.000443759 0.0053098 0.00519478
0 0.000432966 0.00532478 0.00524276
0 0.00040901 0.00532272 0.00527682
0 0.000374561 0.00530454 0.00529584
0 0.000332653 0.00527145 0.00529879
0 0.000286236 0.00522476 0.00528454
0 0.00023806 0.00516593 0.00525205
0 0.000190582 0.00509658 0.00520051
0 0.000145826 0.00501846 0.00512939
0 0.000105257 0.00493338 0.00503868
0 6.96749e-05 0.00484299 0.00492893
0 3.92934e-05 0.00474876 0.00480122
0 1.38471e-05 0.00465194 0.00465724
0 -7.57962e-06 0.00455349 0.00449921
0 -2.65823e-05 0.00445377 0.0043295
0 -4.51303e-05 0.00435233 0.00415067
0 -6.52806e-05 0.00424849 0.00396575
0 -8.88449e-05 0.00414181 0.00377789
0 -0.000116983 0.00403187 0.00359052
0 -0.000150094 0.00391846 0.00340756
0 -0.000187978 0.0038025 0.00323296
0 -0.000229932 0.00368597 0.0030703
0 -0.000274852 0.00357095 0.00292244
0 -0.000321904 0.00345904 0.00279098
0 -0.000370888 0.00335142 0.00267595
0 -0.000421797 0.00324914 0.00257616
0 -0.000474649 0.00315319 0.00248969
0 -0.000529158 0.00306436 0.00241442
0 -0.000584393 0.00298314 0.00234831
0 -0.000639117 0.00290976 0.0022894
0 -0.000691941 0.00284414 0.00223593
0 -0.000741123 0.00278603 0.00218657
0 -0.000784407 0.00273543 0.00214084
0 -0.000819033 0.00269302 0.00209939
0 -0.000842125 0.00266022 0.00206374
0 -0.000851286 0.00263875 0.00203577
0 -0.000844988 0.00263035 0.00201736
0 -0.00082287 0.00263679 0.00201036
0 -0.000785667 0.00265977 0.00201667
0 -0.000734913 0.00270081 0.00203815
0 -0.000672874 0.002761 0.00207665
0 -0.000602132 0.00284098 0.00213416
0 -0.000524947 0.00294102 0.00221287
0 -0.000443296 0.00306097 0.00231515
0 -0.000358885 0.00320024 0.00244336
0 -0.000272967 0.00335781 0.00259955
0 -0.000186561 0.00353224 0.00278521
0 -0.000100561 0.00372188 0.00300105
0 -1.52781e-05 0.0039251 0.00324699
0 6.99076e-05 0.00414047 0.00352216
0 0.000155787 0.00436685 0.0038248
0 0.000242691 0.00460325 0.00415227
0 0.000331195 0.0048484 0.00450104
0 0.000421995 0.00510116 0.00486665
0 0.000515031 0.00536051 0.00524407
0 0.00060984 0.00562516 0.00562819
0 0.000706309 0.00589401 0.00601404
0 0.00080462 0.00616545 0.00639678
0 0.000904818 0.00643734 0.00677209
0 0.00100666 0.00670818 0.00713627
0 0.00110974 0.00697604 0.00748591
0 0.00121376 0.00723761 0.00781808
0 0.00131828 0.0074895 0.0081305
0 0.00142237 0.00772955 0.00842139
0 0.00152475 0.00795575 0.00868932
0 0.00162389 0.0081652 0.00893312
0 0.00171793 0.00835512 0.00915181
0 0.00180468 0.00852368 0.0093445
0 0.00188189 0.00866952 0.00951041
0 0.00194739 0.00879111 0.00964871
0 0.00199919 0.00888704 0.00975861
0 0.00203558 0.00895626 0.00983933
0 0.00205537 0.00899812 0.00989019
0 0.00205817 0.00901219 0.00991078
0 0.00204445 0.00899842 0.00990103
0 0.0020154 0.00895724 0.00986119
0 0.0019726 0.00888941 0.00979155
0 0.00191778 0.00879582 0.00969237
0 0.00185269 0.00867754 0.0095639
0 0.00177905 0.00853587 0.00940645
0 0.00169834 0.00837239 0.00922039
0 0.00161151 0.00818855 0.00900596
0 0.00151879 0.0079853 0.00876314
0 0.00141984 0.00776319 0.00849178
0 0.00131413 0.00752267 0.00819204
0 0.0012014 0.00726434 0.00786472
0 0.00108209 0.00698939 0.00751174
0 0.000957801 0.00670009 0.00713655
0 0.000831063 0.00639973 0.00674387
0 0.000704793 0.00609214 0.00633908
0 0.000581725 0.00578144 0.00592743
0 0.000463708 0.00547167 0.0055138
0 0.00035148 0.00516613 0.00510279
0 0.000244627 0.00486688 0.00469812
0 0.000141615 0.00457512 0.00430236
0 4.03288e-05 0.00429213 0.00391741
0 -6.14674e-05 0.00401855 0.00354524
0 -0.000165644 0.00375382 0.00318816
0 -0.000273046 0.00349815 0.00284842
0 -0.000383585 0.00325245 0.00252786
0 -0.000496737 0.0030163 0.0022279
0 -0.000611629 0.00278836 0.00194935
0 -0.000727312 0.00256799 0.00169236
0 -0.000842849 0.00235567 0.00145648
0 -0.00095714 0.00215217 0.00124051
0 -0.00106876 0.00195793 0.00104265
0 -0.001176 0.00177334 0.000860647
0 -0.00127734 0.00159933 0.000692149
0 -0.00137128 0.00143729 0.000534916
0 -0.00145643 0.00128842 0.000387021
0 -0.00153186 0.00115352 0.000246928
0 -0.00159678 0.00103303 0.000113589
0 -0.00165056 0.000927122 -1.34568e-05
0 -0.00169306 0.000835604 -0.000134041
0 -0.00172463 0.000757823 -0.000247406
0 -0.0017459 0.000693035 -0.000352328
0 -0.00175777 0.000640463 -0.000447289
0 -0.00176152 0.000599169 -0.000530645
0 -0.00175876 0.00056816 -0.00060078
0 -0.00175121 0.000546606 -0.000656207
0 -0.0017404 0.000534101 -0.000695532
0 -0.00172742 0.000530809 -0.000717383
0 -0.00171289 0.000537268 -0.000720523
0 -0.00169717 0.000554144 -0.000704085
0 -0.0016804 0.000582126 -0.000667706
0 -0.00166242 0.000621865 -0.000611477
0 -0.00164273 0.000673974 -0.000535783
0 -0.00162033 0.000739114 -0.000441083
0 -0.00159375 0.000818066 -0.000327785
0 -0.00156126 0.000911652 -0.000196265
0 -0.00152107 0.0010206 -4.69641e-05
0 -0.00147163 0.00114549 0.000119604
0 -0.00141166 0.00128661 0.000302922
0 -0.00134028 0.00144414 0.000502521
0 -0.0012573 0.00161825 0.000717836
0 -0.00116346 0.00180857 0.000947914
0 -0.00106046 0.00201374 0.00119137
0 -0.000950548 0.00223182 0.00144669
0 -0.000836102 0.00246073 0.00171251
0 -0.000719491 0.00269825 0.00198771
0 -0.000602479 0.00294217 0.00227132
0 -0.000486108 0.00319043 0.00256231
0 -0.000371624 0.00344079 0.00285951
0 -0.000261024 0.0036907 0.00316156
0 -0.000156177 0.00393761 0.0034668
0 -5.7634e-05 0.00417897 0.00377308
0 3.45768e-05 0.00441212 0.00407769
0 0.000119712 0.00463487 0.0043775
0 0.000197055 0.00484557 0.00466915
0 0.000266498 0.00504249 0.00494925
0 0.000328087 0.00522411 0.00521417
0 0.000381844 0.0053894 0.0054602
0 0.000427867 0.00553718 0.00568381
0 0.000466427 0.00566634 0.0058817
0 0.000498018 0.00577649 0.00605097
0 0.000523245 0.00586737 0.00618934
0 0.000542623 0.00593823 0.00629506
0 0.000556499 0.00598827 0.00636684
0 0.000565082 0.00601706 0.00640406
0 0.000568414 0.0060243 0.00640666
0 0.000566365 0.00600965 0.00637522
0 0.00055875 0.00597303 0.00631104
0 0.000545384 0.00591488 0.00621603
0 0.000525959 0.00583597 0.00609244
0 0.000499948 0.00573726 0.00594266
0 0.000466669 0.00561979 0.00576912
0 0.000425437 0.00548474 0.00557426
0 0.000375702 0.00533348 0.00536065
0 0.000317113 0.00516747 0.00513085
0 0.000249552 0.00498807 0.0048873
0 0.000173232 0.00479679 0.00463251
0 8.87999e-05 0.00459516 0.00436892
0 -2.72229e-06 0.00438461 0.00409872
0 -0.000100291 0.00416674 0.00382398
0 -0.000202798 0.00394332 0.0035467
0 -0.000308665 0.00371579 0.00326872
0 -0.000416196 0.00348569 0.00299175
0 -0.000523675 0.00325552 0.00271742
0 -0.000629016 0.00302824 0.00244727
0 -0.00073016 0.00280624 0.00218276
0 -0.000825748 0.00259154 0.0019253
0 -0.000915106 0.00238634 0.00167635
0 -0.000997715 0.00219289 0.00143751
0 -0.00107274 0.00201305 0.00121055
0 -0.00113914 0.00184862 0.00099747
0 -0.00119642 0.00170134 0.000800425
0 -0.00124462 0.00157239 0.000621671
0 -0.00128373 0.00146236 0.00046345
0 -0.0013139 0.0013715 0.000327931
0 -0.00133556 0.00129994 0.000217158
0 -0.00134913 0.00124799 0.000132981
0 -0.00135492 0.00121594 7.69402e-05
0 -0.0013532 0.0012038 5.01567e-05
0 -0.00134438 0.0012115 5.32802e-05
0 -0.00132877 0.00123909 8.64713e-05
0 -0.00130651 0.00128669 0.000149413
0 -0.0012776 0.00135429 0.000241354
0 -0.001242 0.00144179 0.000361163
0 -0.00119961 0.00154891 0.000507412
0 -0.00115007 0.00167517 0.000678486
0 -0.00109285 0.00182012 0.00087274
0 -0.00102742 0.00198351 0.00108863
0 -0.000953358 0.00216504 0.00132471
0 -0.000870169 0.00236407 0.00157963
0 -0.00077742 0.00257964 0.00185207
0 -0.000674996 0.00281085 0.00214096
0 -0.000562732 0.00305742 0.0024455
0 -0.000440164 0.00331938 0.00276513
0 -0.000307826 0.00359614 0.00309928
0 -0.000167967 0.00388642 0.0034472
0 -2.30147e-05 0.00418822 0.00380763
0 0.000125162 0.00449894 0.00417881
0 0.000274363 0.00481602 0.00455878
0 0.000422222 0.00513696 0.00494564
0 0.000566602 0.00545869 0.00533756
0 0.000705703 0.00577815 0.00573264
0 0.000838476 0.00609292 0.00612889
0 0.000964681 0.00640079 0.00652446
0 0.00108448 0.00669998 0.00691749
0 0.00119823 0.00698973 0.00730577
0 0.00130663 0.00726945 0.0076866
0 0.00141024 0.00753766 0.00805689
0 0.00150901 0.00779287 0.00841283
0 0.0016025 0.00803428 0.00875018
0 0.00169019 0.00826116 0.00906474
0 0.00177159 0.00847192 0.00935258
0 0.00184623 0.00866469 0.00961041
0 0.00191382 0.0088379 0.00983564
0 0.00197405 0.00898992 0.0100263
0 0.00202662 0.00911893 0.0101813
0 0.00207129 0.00922324 0.0103001
0 0.00210796 0.00930166 0.010383
0 0.00213645 0.00935352 0.010431
0 0.00215632 0.00937847 0.0104449
0 0.00216685 0.00937638 0.010426
0 0.00216703 0.00934743 0.0103752
0 0.00215575 0.00929207 0.0102937
0 0.0021318 0.00921086 0.0101823
0 0.00209384 0.00910418 0.0100416
0 0.00204073 0.00897227 0.00987199
0 0.0019718 0.0088154 0.00967413
0 0.00188705 0.00863392 0.0094487
0 0.00178707 0.0084283 0.00919657
0 0.00167299 0.00819913 0.00891868
0 0.00154643 0.00794717 0.00861605
0 0.00140936 0.00767346 0.00828975
0 0.00126395 0.00737944 0.00794086
0 0.00111233 0.00706686 0.0075704
0 0.000956367 0.00673774 0.00717932
0 0.000797521 0.00639423 0.00676854
0 0.000637021 0.00603849 0.00633898
0 0.00047609 0.00567299 0.00589173
0 0.000315477 0.00530034 0.00542808
0 0.000155321 0.00492268 0.0049497
0 -4.25639e-06 0.00454149 0.00445886
0 -0.000163199 0.00415808 0.00395831
0 -0.000321789 0.00377428 0.00345124
0 -0.000480289 0.00339187 0.0029414
0 -0.0006381 0.00301173 0.00243312
0 -0.000793657 0.0026355 0.00193106
0 -0.000946401 0.00226544 0.00143975
0 -0.00109715 0.00190245 0.000963408
0 -0.00124624 0.00154777 0.000505953
0 -0.00139276 0.0012039 7.07857e-05
0 -0.00153517 0.000873502 -0.000339226
0 -0.00167267 0.000559415 -0.000721791
0 -0.00180536 0.000264049 -0.00107519
0 -0.00193292 -1.06918e-05 -0.00139811
0 -0.00205408 -0.000262173 -0.00168957
0 -0.00216714 -0.000487931 -0.0019488
0 -0.00227061 -0.000686627 -0.00217522
0 -0.00236312 -0.00085724 -0.00236836
0 -0.00244283 -0.000998775 -0.00252782
0 -0.00250771 -0.00111058 -0.00265329
0 -0.00255612 -0.00119234 -0.00274455
0 -0.002587 -0.00124389 -0.00280146
0 -0.00259975 -0.00126515 -0.00282404
0 -0.00259409 -0.00125603 -0.00281242
0 -0.0025702 -0.00121655 -0.00276687
0 -0.0025288 -0.0011469 -0.00268775
0 -0.00247114 -0.00104742 -0.00257549
0 -0.00239864 -0.000918626 -0.00243056
0 -0.00231284 -0.0007613 -0.00225344
0 -0.0022153 -0.000576548 -0.00204466
0 -0.00210768 -0.000365835 -0.00180482
0 -0.00199151 -0.00013097 -0.00153461
0 -0.00186789 0.00012608 -0.00123496
0 -0.00173776 0.000403197 -0.000907025
0 -0.00160217 0.000697866 -0.00055229
0 -0.00146204 0.00100769 -0.000172608
0 -0.00131813 0.00133094 0.000229739
0 -0.00117108 0.00166561 0.000652031
0 -0.0010219 0.00200919 0.00109119
0 -0.000871909 0.00235997 0.00154382
0 -0.00072182 0.00271637 0.00200629
0 -0.000571444 0.00307616 0.00247488
0 -0.000420286 0.00343778 0.00294592
0 -0.00026937 0.00380016 0.0034159
0 -0.000120652 0.00416074 0.00388149
0 2.5765e-05 0.00451632 0.00433971
0 0.000170868 0.00486521 0.00478805
0 0.000314837 0.00520628 0.0052241
0 0.000456791 0.0055379 0.00564557
0 0.000595422 0.00585779 0.00605039
0 0.000729789 0.00616365 0.00643656
0 0.000859221 0.00645431 0.00680223
0 0.00098264 0.00672904 0.00714581
0 0.00109857 0.00698612 0.00746563
0 0.0012059 0.00722346 0.00776025
0 0.00130391 0.00743985 0.00802846
0 0.00139188 0.00763482 0.00826922
0 0.00146912 0.00780764 0.00848167
0 0.00153513 0.00795693 0.00866509
0 0.00158955 0.00808149 0.00881891
0 0.00163225 0.00818099 0.00894271
0 0.00166325 0.00825533 0.00903617
0 0.00168265 0.00830399 0.00909903
0 0.00169058 0.00832662 0.00913111
0 0.00168722 0.00832355 0.00913234
0 0.0016729 0.00829545 0.00910274
0 0.00164798 0.00824282 0.00904249
0 0.00161281 0.00816618 0.00895191
0 0.00156775 0.00806646 0.00883153
0 0.00151329 0.00794477 0.0086821
0 0.00144996 0.00780214 0.0085046
0 0.00137833 0.00763963 0.00830026
0 0.001299 0.00745839 0.00807055
0 0.0012126 0.00725952 0.0078171
0 0.00111977 0.0070443 0.00754178
0 0.00102114 0.00681422 0.00724658
0 0.000917375 0.00657057 0.00693359
0 0.000809023 0.00631463 0.00660496
0 0.000696669 0.0060482 0.0062629
0 0.000581073 0.00577335 0.00590957
0 0.000462887 0.00549173 0.00554707
0 0.000342551 0.00520475 0.00517766
0 0.000220499 0.004914 0.00480359
0 9.72462e-05 0.00462119 0.00442707
0 -2.64821e-05 0.00432819 0.00405043
0 -0.00015022 0.00403698 0.00367598
0 -0.000273854 0.00374875 0.00330602
0 -0.000396787 0.00346429 0.00294305
0 -0.000518012 0.00318559 0.00258949
0 -0.000636367 0.00291515 0.00224748
0 -0.000750647 0.00265434 0.00191909
0 -0.000860428 0.00240373 0.00160618
0 -0.000965945 0.00216433 0.00131034
0 -0.00106677 0.00193812 0.001033
0 -0.00116193 0.00172713 0.000775313
0 -0.00125083 0.00153245 0.000538136
