0 -0.00586896 -0.00941026 -0.0100035
0 -0.00589095 -0.00947701 -0.0100922
0 -0.0058954 -0.00950773 -0.0101392
0 -0.00588885 -0.0095056 -0.0101467
0 -0.00587296 -0.00947211 -0.0101136
0 -0.00584804 -0.00940948 -0.0100392
0 -0.00581557 -0.00932233 -0.00992643
0 -0.00577286 -0.00921173 -0.0097769
0 -0.00571574 -0.00907544 -0.00959199
0 -0.00564777 -0.0089169 -0.00938098
0 -0.00557611 -0.00874407 -0.00915634
0 -0.00549844 -0.00855728 -0.0089203
0 -0.00540804 -0.00835328 -0.00866919
0 -0.00531232 -0.0081425 -0.00841139
0 -0.00522967 -0.00794639 -0.00816623
0 -0.00517043 -0.0077806 -0.0079478
0 -0.00513257 -0.00765119 -0.00776197
0 -0.00511073 -0.00756047 -0.00761447
0 -0.00509633 -0.00750365 -0.00750837
0 -0.00507157 -0.0074605 -0.00743349
0 -0.00502812 -0.00741367 -0.00738116
0 -0.00498255 -0.00736864 -0.00735928
0 -0.00494365 -0.00732731 -0.00736227
0 -0.00489791 -0.00727406 -0.00735902
0 -0.00484238 -0.00720492 -0.00732804
0 -0.00479118 -0.00713169 -0.00726758
0 -0.00476039 -0.00706758 -0.00718541
0 -0.00477105 -0.0070351 -0.0071061
0 -0.00483889 -0.00706105 -0.00706433
0 -0.00495215 -0.00715314 -0.00708102
0 -0.00507906 -0.00730006 -0.00716253
0 -0.0051957 -0.00749008 -0.00731886
0 -0.00530209 -0.00772277 -0.00757115
0 -0.00540469 -0.00799594 -0.00792923
0 -0.00549081 -0.00828472 -0.00836537
0 -0.00555042 -0.00856354 -0.00883694
0 -0.0055947 -0.00882808 -0.00930906
0 -0.00562886 -0.00906692 -0.00973425
0 -0.00566109 -0.00926814 -0.0100724
0 -0.00573176 -0.00945863 -0.0103329
0 -0.00586472 -0.00966222 -0.0105351
0 -0.00601206 -0.00984198 -0.0106543
0 -0.00609366 -0.00992992 -0.010649
0 -0.00607225 -0.00988648 -0.0105148
0 -0.00597826 -0.00972555 -0.0102975
0 -0.00586551 -0.0094912 -0.0100505
0 -0.00576482 -0.00922578 -0.00979649
0 -0.00570008 -0.00898483 -0.0095544
0 -0.00571471 -0.00885621 -0.00937866
0 -0.00583887 -0.0089138 -0.00933229
0 -0.00605362 -0.00917002 -0.00945072
0 -0.00629911 -0.00957394 -0.00973672
0 -0.00647932 -0.0100085 -0.0101404
0 -0.00651034 -0.0103406 -0.0105825
0 -0.00640115 -0.0105115 -0.0110186
0 -0.00623752 -0.0105478 -0.0114304
0 -0.00609957 -0.0105071 -0.0117705
0 -0.00601738 -0.0104332 -0.011957
0 -0.00598625 -0.0103502 -0.0119237
0 -0.00601076 -0.0102824 -0.0116756
0 -0.0061147 -0.0102545 -0.011301
0 -0.00629476 -0.0102661 -0.0109112
0 -0.00649141 -0.0102815 -0.0105829
0 -0.0066213 -0.0102549 -0.0103517
0 -0.00661748 -0.0101573 -0.0102187
0 -0.00644229 -0.00996636 -0.0101474
0 -0.00609408 -0.00965412 -0.0100668
0 -0.00562367 -0.00920858 -0.00989919
0 -0.00515612 -0.00868053 -0.0096142
0 -0.00485757 -0.00819449 -0.00925382
0 -0.00482962 -0.00787598 -0.00887431
0 -0.0050469 -0.00778042 -0.00849999
0 -0.00538426 -0.0078819 -0.00814325
0 -0.00568277 -0.00808269 -0.00782809
0 -0.00582439 -0.00825302 -0.0075939
0 -0.00577588 -0.00829575 -0.00749036
0 -0.00556372 -0.00816609 -0.00753757
0 -0.00522294 -0.00785461 -0.00766915
0 -0.00479467 -0.00739497 -0.00776204
0 -0.00435065 -0.00687112 -0.00770065
0 -0.00398435 -0.00637776 -0.00740933
0 -0.00377496 -0.00597708 -0.00688249
0 -0.00375003 -0.00568391 -0.0061689
0 -0.00387921 -0.00547039 -0.00535535
0 -0.00410374 -0.00530405 -0.00456973
0 -0.00434413 -0.00516962 -0.00393262
0 -0.00449925 -0.00504758 -0.0035162
0 -0.00449663 -0.00492553 -0.00335356
0 -0.00433494 -0.00482471 -0.00344497
0 -0.00406563 -0.00476879 -0.00374873
0 -0.00378006 -0.00477525 -0.00419687
0 -0.0036152 -0.00490785 -0.00475503
0 -0.00370147 -0.00525641 -0.00542579
0 -0.00406675 -0.00585488 -0.00618092
0 -0.00461297 -0.00665801 -0.00695266
0 -0.00518613 -0.00755832 -0.00768225
0 -0.00565456 -0.00842169 -0.00835231
0 -0.0059428 -0.00912504 -0.00897328
0 -0.00603528 -0.00957707 -0.00954972
0 -0.00598054 -0.00976876 -0.010086
0 -0.00589637 -0.00981444 -0.0106062
0 -0.00592342 -0.00989985 -0.0111329
0 -0.00613843 -0.0101864 -0.0116648
0 -0.00654351 -0.0107624 -0.0122065
0 -0.00710206 -0.0116228 -0.012799
0 -0.00771056 -0.0126421 -0.0134769
0 -0.00820947 -0.0136082 -0.0142295
0 -0.00848885 -0.0143386 -0.0150292
0 -0.00852862 -0.0147524 -0.0158324
0 -0.00835117 -0.0148468 -0.016533
0 -0.00800781 -0.014665 -0.016979
0 -0.00761423 -0.0143105 -0.0170664
0 -0.0073056 -0.0139001 -0.0167656
0 -0.00709638 -0.0134271 -0.0160362
0 -0.0068736 -0.0127545 -0.0148233
0 -0.00654028 -0.0117655 -0.0131603
0 -0.00607351 -0.0104322 -0.011172
0 -0.00548973 -0.00879779 -0.00899281
0 -0.00483758 -0.00699186 -0.00675661
0 -0.00421506 -0.0052412 -0.00463562
0 -0.00371959 -0.00377674 -0.00279426
0 -0.00335443 -0.00269981 -0.00130267
0 -0.00306827 -0.00199529 -0.000187379
0 -0.00288215 -0.0016533 0.000465441
0 -0.00282326 -0.0016361 0.00059873
0 -0.00276318 -0.00174859 0.000355152
0 -0.00251575 -0.00173513 8.53079e-06
0 -0.00206306 -0.0014961 -0.000250746
0 -0.00158521 -0.00112942 -0.000385721
0 -0.00131239 -0.000823072 -0.000434774
0 -0.00140203 -0.000765009 -0.000458114
0 -0.00188956 -0.00109296 -0.000536077
0 -0.00268555 -0.00185549 -0.00077217
0 -0.00361693 -0.00298831 -0.00127552
0 -0.00448702 -0.00433063 -0.00213645
0 -0.00518071 -0.00573507 -0.00344926
0 -0.00572147 -0.00715666 -0.00529988
0 -0.0061976 -0.00863345 -0.00768899
0 -0.00667952 -0.0102342 -0.0104883
0 -0.00721564 -0.0120266 -0.0134911
0 -0.0078331 -0.0140123 -0.0164566
0 -0.00853125 -0.0160756 -0.0191609
0 -0.00928612 -0.0180454 -0.0214489
0 -0.0100352 -0.019729 -0.0232135
0 -0.0106765 -0.0209313 -0.024395
0 -0.0110999 -0.0215333 -0.0249621
0 -0.0112531 -0.021538 -0.0249361
0 -0.0111909 -0.0210909 -0.0244352
0 -0.0110326 -0.0204251 -0.0236301
0 -0.0108423 -0.0197045 -0.0226491
0 -0.0105403 -0.0189123 -0.0214916
0 -0.00998993 -0.0179055 -0.0200876
0 -0.00916263 -0.0165703 -0.0184254
0 -0.00814482 -0.0148802 -0.0165444
0 -0.00703334 -0.0128602 -0.0144478
0 -0.0058994 -0.0105772 -0.0120864
0 -0.00480363 -0.00813908 -0.00940952
0 -0.00375227 -0.00565755 -0.00640549
0 -0.00271353 -0.00320497 -0.00311692
0 -0.0017379 -0.000829014 0.000308927
0 -0.000952706 0.00136788 0.00359208
0 -0.000469484 0.00320644 0.00638654
0 -0.000306899 0.00452825 0.00842672
0 -0.000324712 0.00529249 0.00964099
0 -0.000308737 0.00556233 0.010084
0 -0.00013255 0.00545129 0.0098539
0 0.000200089 0.00510671 0.00908078
0 0.000582853 0.00466111 0.00790883
0 0.000837694 0.00415677 0.00648556
0 0.000769185 0.00351164 0.00493105
0 0.000272073 0.00258411 0.00334641
0 -0.000600253 0.00129242 0.00183108
0 -0.00171379 -0.000360345 0.00040793
0 -0.00295362 -0.00232438 -0.00104707
0 -0.0042209 -0.00448723 -0.00272776
0 -0.0053848 -0.00665409 -0.0047514
0 -0.00633138 -0.00865363 -0.00713839
0 -0.00706067 -0.0104744 -0.00986708
0 -0.00764574 -0.0122359 -0.0128645
0 -0.00815126 -0.0140515 -0.0159596
0 -0.008634 -0.0159212 -0.0188932
0 -0.00914513 -0.017747 -0.0214276
0 -0.00972129 -0.0194191 -0.0234261
0 -0.0103673 -0.0208136 -0.0248347
0 -0.0110285 -0.021807 -0.0256593
0 -0.0115797 -0.0223196 -0.025922
0 -0.0118709 -0.0223149 -0.0256489
0 -0.0118107 -0.0218156 -0.024897
0 -0.0113894 -0.0208857 -0.023742
0 -0.0106742 -0.0196031 -0.02227
0 -0.00980132 -0.0180676 -0.0205742
0 -0.00894917 -0.0164262 -0.0187698
0 -0.00829243 -0.0148758 -0.0169965
0 -0.00790835 -0.0135831 -0.0153593
0 -0.00770508 -0.0125868 -0.0138697
0 -0.00750695 -0.011805 -0.0124987
0 -0.00722425 -0.0111444 -0.0112883
0 -0.00687628 -0.010552 -0.0103351
0 -0.00647118 -0.00994726 -0.00965175
0 -0.00594194 -0.00919235 -0.00909735
0 -0.0052045 -0.00816299 -0.00844028
0 -0.00426466 -0.006835 -0.00748594
0 -0.00328043 -0.00531989 -0.00617139
0 -0.00246683 -0.003792 -0.0045388
0 -0.00194494 -0.00238504 -0.00266216
0 -0.00172015 -0.00117244 -0.000646193
0 -0.00173319 -0.000201534 0.00133288
0 -0.00191605 0.000469846 0.00302534
0 -0.00223397 0.000752253 0.00413015
0 -0.00267855 0.000531175 0.0043608
0 -0.00320683 -0.00024817 0.00357395
0 -0.00368118 -0.00148183 0.00186147
0 -0.00391716 -0.00292356 -0.000463091
0 -0.00383391 -0.00430214 -0.00301315
0 -0.00353964 -0.00544958 -0.00547117
0 -0.0032441 -0.00632762 -0.00759376
0 -0.00310812 -0.00691706 -0.00913365
0 -0.00317413 -0.00716343 -0.00985921
0 -0.00339499 -0.00708931 -0.00966286
0 -0.00373284 -0.00682198 -0.00864581
0 -0.00423795 -0.00655583 -0.00718834
0 -0.00503552 -0.00660426 -0.00588734
0 -0.00616608 -0.00721943 -0.00530776
0 -0.00742162 -0.0083865 -0.00574405
0 -0.0084956 -0.00998317 -0.00725773
0 -0.0092312 -0.0119116 -0.00981117
0 -0.0096297 -0.0140648 -0.0132591
0 -0.00975824 -0.0163285 -0.0172803
0 -0.0097126 -0.0185056 -0.0213805
0 -0.00961003 -0.0202855 -0.0249925
0 -0.00957086 -0.0215221 -0.0276198
0 -0.00965479 -0.0221973 -0.0289088
0 -0.00980598 -0.0221858 -0.028664
0 -0.00991051 -0.0214453 -0.0269316
0 -0.00987564 -0.020018 -0.0239944
0 -0.00961075 -0.017937 -0.0202638
0 -0.00900498 -0.015312 -0.0161527
0 -0.0080068 -0.012325 -0.0120147
0 -0.00669953 -0.0091961 -0.00812296
0 -0.00525778 -0.00613666 -0.00465397
0 -0.00381566 -0.00334747 -0.00170359
0 -0.00246678 -0.000985737 0.000725259
0 -0.00134348 0.000886398 0.0026848
0 -0.000508263 0.0022994 0.00426191
0 8.32412e-05 0.00335358 0.00555848
0 0.000482175 0.00416618 0.00665447
0 0.000754236 0.00484473 0.00761037
0 0.000981149 0.00546026 0.00845518
0 0.00120556 0.00603255 0.00919172
0 0.00140239 0.00652096 0.00977949
0 0.0014768 0.00679395 0.0101026
0 0.00132697 0.00669781 0.01003
0 0.000932299 0.0061582 0.00949643
0 0.000361102 0.00519035 0.00850202
0 -0.000311282 0.00385117 0.00705529
0 -0.0010899 0.00216207 0.00511229
0 -0.00203624 9.74029e-05 0.00260002
0 -0.00316221 -0.00233462 -0.00047681
0 -0.00440153 -0.00506265 -0.00400239
0 -0.00567942 -0.00800477 -0.00782576
0 -0.00698783 -0.0111137 -0.0118344
0 -0.00834089 -0.0143483 -0.0159391
0 -0.0096837 -0.0175827 -0.0200099
0 -0.0109412 -0.0206265 -0.0238626
0 -0.0120691 -0.0233336 -0.0273074
0 -0.0130271 -0.0255999 -0.0301971
0 -0.0137756 -0.0273397 -0.0324095
0 -0.0142918 -0.0284887 -0.0338435
0 -0.014566 -0.0290071 -0.0344508
0 -0.0145867 -0.0288973 -0.0342368
0 -0.0143576 -0.0281936 -0.033254
0 -0.0139124 -0.0269699 -0.0316102
0 -0.0133117 -0.0253573 -0.0294724
0 -0.0126307 -0.0235086 -0.0270331
0 -0.011909 -0.0215516 -0.0244565
0 -0.01113 -0.0195647 -0.0218586
0 -0.0102397 -0.0175559 -0.0192906
0 -0.00915955 -0.0154553 -0.0167245
0 -0.00782982 -0.0131512 -0.0140768
0 -0.00629021 -0.0105531 -0.0112541
0 -0.00466302 -0.0076508 -0.00818703
0 -0.00303977 -0.00451745 -0.00482631
0 -0.00149085 -0.00126488 -0.00113861
0 -9.08711e-05 0.00198909 0.00286264
0 0.00113591 0.00512244 0.00706517
0 0.00218065 0.00800953 0.0112379
0 0.00301238 0.0105185 0.0150687
0 0.00361164 0.0125233 0.0182263
0 0.0039872 0.0139394 0.0204278
0 0.0041512 0.0146973 0.0214882
0 0.00410749 0.0147266 0.0213448
0 0.0038759 0.0139993 0.0200561
0 0.00347373 0.0125434 0.0177772
0 0.00288693 0.0104518 0.0147266
0 0.0021033 0.00787801 0.0111463
0 0.00113333 0.00502184 0.0072819
0 1.34058e-05 0.00209666 0.00338128
0 -0.00118688 -0.000735016 -0.00033218
0 -0.00240212 -0.00338728 -0.00371586
0 -0.00359896 -0.00583562 -0.00670824
0 -0.0047616 -0.00807729 -0.00929936
0 -0.00586308 -0.0101093 -0.0115331
0 -0.00685128 -0.0119239 -0.013468
0 -0.00766504 -0.0134755 -0.0151326
0 -0.0082548 -0.0147018 -0.0165298
0 -0.00861889 -0.0155843 -0.0176635
0 -0.00881126 -0.0161565 -0.0185444
0 -0.00889434 -0.0164775 -0.0191649
0 -0.00891491 -0.0166045 -0.0195001
0 -0.00893945 -0.0166216 -0.0195726
0 -0.00906103 -0.016652 -0.0194849
0 -0.00929596 -0.0167519 -0.0193248
0 -0.00947891 -0.016802 -0.0190488
0 -0.00934986 -0.0165512 -0.0185104
0 -0.00874279 -0.0157615 -0.0175726
0 -0.00762086 -0.0142578 -0.0161073
0 -0.00603098 -0.0119309 -0.0139543
0 -0.00411714 -0.00879196 -0.010967
0 -0.00213168 -0.00499848 -0.00707359
0 -0.000261958 -0.000800261 -0.00229028
0 0.00147717 0.0035468 0.00328199
0 0.00307107 0.00788544 0.00943887
0 0.00455139 0.0121911 0.0158858
0 0.00608725 0.0164417 0.0222769
0 0.00780593 0.0206418 0.028244
0 0.00973863 0.0248761 0.0334956
0 0.0119117 0.0291499 0.0379176
0 0.0143295 0.0333847 0.0415858
0 0.0168393 0.037383 0.0446422
0 0.0189826 0.0407347 0.047139
0 0.0203662 0.043014 0.049026
0 0.0209661 0.0439354 0.0501425
0 0.0205383 0.0432957 0.0501724
0 0.0187689 0.0409738 0.048692
0 0.0158925 0.0369681 0.0453092
0 0.0123331 0.0313875 0.0397916
0 0.00848379 0.0244433 0.0320919
0 0.00472925 0.0164237 0.0223371
0 0.00109837 0.00761777 0.0108364
0 -0.00261248 -0.00174635 -0.0019505
0 -0.00647365 -0.0116228 -0.015484
0 -0.0106157 -0.0218463 -0.0290835
0 -0.0152944 -0.0322199 -0.0420965
0 -0.0206721 -0.0430281 -0.0542097
0 -0.0269867 -0.0543185 -0.0653744
0 -0.0343242 -0.0657814 -0.0758111
0 -0.0421313 -0.0772637 -0.0858555
0 -0.0497952 -0.0884947 -0.0957548
0 -0.0571098 -0.0991978 -0.105744
0 -0.0638241 -0.109268 -0.115887
0 -0.0693996 -0.118513 -0.125964
0 -0.0734684 -0.126663 -0.135505
0 -0.0760005 -0.13357 -0.143952
0 -0.0769491 -0.139017 -0.150949
0 -0.0764921 -0.142604 -0.156389
0 -0.0751983 -0.144115 -0.160239
0 -0.0735069 -0.143597 -0.162285
0 -0.0715525 -0.141088 -0.162126
0 -0.069399 -0.136786 -0.15938
0 -0.0671289 -0.131314 -0.153828
0 -0.0648168 -0.125244 -0.14558
0 -0.0625557 -0.118818 -0.135221
0 -0.0606148 -0.112396 -0.123877
0 -0.0593887 -0.106541 -0.113027
0 -0.0589287 -0.101594 -0.103952
0 -0.0586545 -0.0973491 -0.0970852
0 -0.0577752 -0.0934252 -0.0921768
0 -0.0559682 -0.0898764 -0.0890634
0 -0.0534995 -0.0870225 -0.0876652
0 -0.0506397 -0.084811 -0.0875447
0 -0.0473247 -0.0827822 -0.0877814
0 -0.0436411 -0.0804716 -0.0874825
0 -0.04019 -0.077805 -0.0863665
0 -0.0376806 -0.075161 -0.0845659
0 -0.0364685 -0.0728675 -0.082172
0 -0.0364979 -0.0710135 -0.0791995
0 -0.037292 -0.0695684 -0.0756572
0 -0.0380797 -0.0682376 -0.0715758
0 -0.0382313 -0.0666324 -0.0672694
0 -0.0375557 -0.064606 -0.0632258
0 -0.0362266 -0.0621809 -0.0598966
0 -0.0345249 -0.0594281 -0.0575817
0 -0.032601 -0.0564495 -0.0561078
0 -0.0304868 -0.0533762 -0.0550184
0 -0.0282933 -0.0504324 -0.0538901
0 -0.0262176 -0.0478626 -0.0524061
0 -0.024477 -0.0458211 -0.050443
0 -0.0233901 -0.044452 -0.048214
0 -0.0233344 -0.0439351 -0.046265
0 -0.0243973 -0.044333 -0.0451077
0 -0.0260873 -0.0453919 -0.0448578
0 -0.0275298 -0.0465728 -0.0452378
0 -0.027944 -0.0473156 -0.0458558
0 -0.0270352 -0.0472379 -0.0464127
0 -0.0251481 -0.0462529 -0.0467875
0 -0.0230179 -0.044626 -0.046974
0 -0.021283 -0.0428179 -0.0469546
0 -0.0202008 -0.0412088 -0.046522
0 -0.019782 -0.0400202 -0.0454157
0 -0.0199324 -0.0393265 -0.0436374
0 -0.0203644 -0.0389235 -0.0412802
0 -0.0207516 -0.0384649 -0.0385916
0 -0.0210095 -0.0378148 -0.0360736
0 -0.0212348 -0.0370897 -0.0342784
0 -0.0215079 -0.0365129 -0.0336319
0 -0.0218764 -0.0363879 -0.0342738
0 -0.0224062 -0.0371025 -0.0362258
0 -0.0232179 -0.0390481 -0.039468
0 -0.0245105 -0.0424856 -0.0439857
0 -0.0264207 -0.0473914 -0.0497846
0 -0.0288896 -0.0534095 -0.0567246
0 -0.0318057 -0.0601051 -0.0646735
0 -0.0352255 -0.0672634 -0.0736085
0 -0.0391967 -0.0749127 -0.0834321
0 -0.0434859 -0.0829891 -0.0938335
0 -0.0477387 -0.0911573 -0.104288
0 -0.0516794 -0.0991592 -0.114205
0 -0.0551967 -0.106774 -0.123118
0 -0.058263 -0.113666 -0.130805
0 -0.0608539 -0.119633 -0.137258
0 -0.0631584 -0.124623 -0.142604
0 -0.0654031 -0.128597 -0.146982
0 -0.0675345 -0.131566 -0.150409
0 -0.0693421 -0.133567 -0.152771
0 -0.0705614 -0.134569 -0.153877
0 -0.070865 -0.134454 -0.153483
0 -0.0699629 -0.133001 -0.151387
0 -0.0677795 -0.12991 -0.147494
0 -0.0645232 -0.124976 -0.141812
0 -0.060617 -0.11824 -0.134434
0 -0.0565573 -0.110056 -0.125526
0 -0.0527637 -0.101083 -0.115338
0 -0.0494566 -0.092086 -0.104212
0 -0.0465501 -0.0837475 -0.0925973
0 -0.0438379 -0.0764063 -0.0811159
0 -0.0412912 -0.0699211 -0.0705905
0 -0.0389694 -0.0640849 -0.0616905
0 -0.0368232 -0.0588834 -0.0547714
0 -0.0347233 -0.0543542 -0.0500165
0 -0.0325831 -0.0504865 -0.0472377
0 -0.0303929 -0.0473299 -0.0459986
0 -0.0281513 -0.0450312 -0.0457333
0 -0.0258614 -0.0435416 -0.0458184
0 -0.0236492 -0.0426146 -0.0458284
0 -0.0218025 -0.0420176 -0.045554
0 -0.0206587 -0.0415557 -0.0450453
0 -0.0204891 -0.0411886 -0.0444972
0 -0.0213413 -0.0410913 -0.0440595
0 -0.0229485 -0.0415303 -0.0438593
0 -0.0248663 -0.0427512 -0.0440632
0 -0.0266877 -0.0448656 -0.0449358
0 -0.0282268 -0.0477854 -0.0468492
0 -0.0295251 -0.0512815 -0.050179
0 -0.0307072 -0.0550825 -0.0550844
0 -0.0318384 -0.0589463 -0.0613318
0 -0.0328716 -0.0627177 -0.0683786
0 -0.0337432 -0.0664118 -0.0754715
0 -0.034409 -0.0699383 -0.0817475
0 -0.0348482 -0.0729099 -0.0865514
0 -0.0351691 -0.0751042 -0.0895418
0 -0.0355618 -0.0764383 -0.090655
0 -0.0361311 -0.0767539 -0.090098
0 -0.0368323 -0.0761233 -0.0881857
0 -0.0375117 -0.0748006 -0.085294
0 -0.0379636 -0.0730239 -0.0818468
0 -0.0379822 -0.0710697 -0.0782488
0 -0.0374597 -0.069146 -0.0748676
0 -0.0364432 -0.0672784 -0.0720008
0 -0.03512 -0.0654328 -0.0698486
0 -0.0337734 -0.0636516 -0.0684846
0 -0.0326666 -0.0620877 -0.0678505
0 -0.0319528 -0.0609535 -0.0677693
0 -0.0316426 -0.0603956 -0.0679559
0 -0.0315716 -0.0603483 -0.0680712
0 -0.0315255 -0.0605618 -0.0678668
0 -0.0314242 -0.0607576 -0.0673056
0 -0.0312662 -0.0606665 -0.0664691
0 -0.0309653 -0.0600071 -0.0653577
0 -0.0303702 -0.0585834 -0.0638534
0 -0.029416 -0.0564296 -0.061843
0 -0.0281553 -0.0537626 -0.0592694
0 -0.0267031 -0.0508298 -0.0561159
0 -0.0251738 -0.0477879 -0.0523975
0 -0.0236081 -0.0446358 -0.0481419
0 -0.0220115 -0.0413066 -0.0434575
0 -0.0204146 -0.0377922 -0.0385655
0 -0.0188309 -0.0341433 -0.0336992
0 -0.0172647 -0.030466 -0.0290964
0 -0.0157984 -0.0269472 -0.0250247
0 -0.0145794 -0.0238371 -0.0217273
0 -0.0137435 -0.0214103 -0.0193973
0 -0.013385 -0.019918 -0.0181502
0 -0.0135482 -0.0195527 -0.0180292
0 -0.0141782 -0.0204431 -0.0190511
0 -0.0152048 -0.0226228 -0.0212744
0 -0.0166774 -0.0260027 -0.0248117
0 -0.0185913 -0.0303653 -0.0297107
0 -0.0207721 -0.035378 -0.0358469
0 -0.0230189 -0.0407075 -0.0429289
0 -0.0251922 -0.0461378 -0.0506098
0 -0.0272784 -0.0516085 -0.0585568
0 -0.0293388 -0.0571404 -0.0664086
0 -0.0313975 -0.062579 -0.073822
0 -0.0334881 -0.0676657 -0.0805077
0 -0.0356398 -0.0723133 -0.0862132
0 -0.0377967 -0.0764194 -0.0907795
0 -0.0398097 -0.0798086 -0.0941319
0 -0.0414951 -0.0823878 -0.0962714
0 -0.0426986 -0.0840276 -0.0972643
0 -0.043268 -0.0845524 -0.0971869
0 -0.043064 -0.0838823 -0.0961105
0 -0.0420734 -0.0820286 -0.0940886
0 -0.040421 -0.0790892 -0.0911476
0 -0.0382717 -0.0752445 -0.0872661
0 -0.0357929 -0.0706593 -0.0823748
0 -0.0331332 -0.0654613 -0.0764262
0 -0.0304584 -0.0597884 -0.0694638
0 -0.0279344 -0.0537949 -0.061654
0 -0.0255653 -0.0477194 -0.0532933
0 -0.0232835 -0.0417664 -0.0447775
0 -0.0210949 -0.035977 -0.0365599
0 -0.0189414 -0.0304512 -0.0289836
0 -0.0166774 -0.0252912 -0.0222714
0 -0.0142242 -0.0204429 -0.016599
0 -0.0116161 -0.0158879 -0.0119749
0 -0.00894701 -0.0116948 -0.00831551
0 -0.00634405 -0.00790261 -0.00546208
0 -0.00396878 -0.00457512 -0.00318707
0 -0.00198105 -0.00182481 -0.00127066
0 -0.000476021 0.000332865 0.000507961
0 0.000536355 0.00197359 0.00228886
0 0.00109681 0.00317053 0.00409395
0 0.00126003 0.00401806 0.00582687
0 0.00109588 0.00460996 0.00731247
0 0.000710334 0.00497936 0.00837445
0 0.000259191 0.00512503 0.00888253
0 -0.000109446 0.0050156 0.00877232
0 -0.000382938 0.00452867 0.00798318
0 -0.000700239 0.00347903 0.00641462
0 -0.00126855 0.00170709 0.00396569
0 -0.00230233 -0.000908914 0.000555245
0 -0.00395018 -0.00445726 -0.00387673
0 -0.00625812 -0.00900121 -0.00937498
0 -0.00918706 -0.014593 -0.0159806
0 -0.0126257 -0.0212233 -0.0237098
0 -0.016466 -0.0287433 -0.0325108
0 -0.0205467 -0.0368996 -0.0422372
0 -0.0246187 -0.0454278 -0.052649
0 -0.0285798 -0.0539841 -0.0634155
0 -0.0324493 -0.0622764 -0.0741199
0 -0.0361868 -0.0703003 -0.0843183
0 -0.0397867 -0.0780623 -0.0936495
0 -0.0433418 -0.0854077 -0.101904
0 -0.0468421 -0.0922015 -0.109016
0 -0.0501108 -0.0982788 -0.115008
0 -0.0530368 -0.103394 -0.119924
0 -0.055597 -0.107386 -0.123787
0 -0.0576404 -0.110209 -0.126603
0 -0.0589699 -0.11184 -0.128359
0 -0.0595194 -0.112276 -0.128994
0 -0.0592191 -0.111544 -0.128396
0 -0.0580046 -0.109662 -0.126461
0 -0.0560012 -0.106639 -0.123146
0 -0.0534535 -0.102483 -0.11845
0 -0.0505984 -0.0972304 -0.112399
0 -0.0476186 -0.090989 -0.10504
0 -0.0445752 -0.0839439 -0.0964536
0 -0.0414975 -0.0763518 -0.0868076
0 -0.0384105 -0.0685538 -0.0764196
0 -0.0352295 -0.0609062 -0.06575
0 -0.0319191 -0.0535438 -0.0553774
0 -0.0285941 -0.0464318 -0.0458473
0 -0.0254196 -0.039738 -0.0375833
0 -0.0225463 -0.0337619 -0.0309349
0 -0.0200404 -0.0286709 -0.0260216
0 -0.0178815 -0.0245803 -0.0226899
0 -0.016021 -0.0215916 -0.0206287
0 -0.0144047 -0.0196774 -0.0194711
0 -0.0130312 -0.0187332 -0.0189554
0 -0.0120292 -0.0186323 -0.0189803
0 -0.0116249 -0.0191878 -0.0195765
0 -0.0120176 -0.0202746 -0.0208324
0 -0.0132476 -0.0219229 -0.0228042
0 -0.0151463 -0.0242506 -0.025499
0 -0.0174203 -0.0274079 -0.0289217
0 -0.0198079 -0.0314914 -0.0331443
0 -0.0221738 -0.0364435 -0.0383174
0 -0.0245005 -0.0420408 -0.0445722
0 -0.0268268 -0.0479164 -0.0518511
0 -0.0291051 -0.0537492 -0.0598959
0 -0.031198 -0.0593359 -0.0682578
0 -0.0330677 -0.0644258 -0.0763087
0 -0.0347334 -0.0689042 -0.0834167
0 -0.0361397 -0.0727914 -0.0890339
0 -0.0372304 -0.0759263 -0.092824
0 -0.0380373 -0.078114 -0.0947189
0 -0.0386228 -0.0792477 -0.0948377
0 -0.0389698 -0.0791716 -0.0934534
0 -0.0390004 -0.0778122 -0.0908819
0 -0.0386143 -0.0753226 -0.0873916
0 -0.0376637 -0.0719598 -0.0831781
0 -0.0360431 -0.0679818 -0.078366
0 -0.033797 -0.0635958 -0.0730593
0 -0.0310957 -0.0588865 -0.0673691
0 -0.0282229 -0.0538652 -0.061399
0 -0.0254771 -0.0485731 -0.0552086
0 -0.0229341 -0.0430734 -0.0487874
0 -0.0204773 -0.0374386 -0.0420837
0 -0.0180057 -0.0317675 -0.0350593
0 -0.0154208 -0.0261231 -0.0277654
0 -0.0126058 -0.0204671 -0.0203524
0 -0.00952572 -0.0146779 -0.0129992
0 -0.00623292 -0.00863798 -0.00587323
0 -0.00279477 -0.00231447 0.000926936
0 0.000714349 0.00421816 0.00738134
0 0.00418809 0.0107618 0.0134989
0 0.00750497 0.0170433 0.0193176
0 0.010553 0.0228159 0.0248754
0 0.0132361 0.0278908 0.0301647
0 0.0154765 0.0321583 0.0350993
0 0.0172159 0.0356032 0.039502
0 0.0184089 0.038249 0.0431327
0 0.0190205 0.0400958 0.0457358
0 0.0190382 0.0410833 0.0471023
0 0.0184576 0.041083 0.0471006
0 0.0173764 0.0399579 0.0456705
0 0.0159636 0.0375977 0.0427949
0 0.0142397 0.0339175 0.0384436
0 0.0121524 0.0289414 0.0325561
0 0.00964744 0.0228275 0.0251086
0 0.00666864 0.0157799 0.016196
0 0.00319002 0.00797546 0.00603859
0 -0.00080186 -0.00047646 -0.00510551
0 -0.00524705 -0.00961904 -0.0169534
0 -0.0100866 -0.0194269 -0.0291552
0 -0.0152985 -0.0295944 -0.0413681
0 -0.0207883 -0.0399436 -0.0532645
0 -0.026398 -0.0504275 -0.0645879
0 -0.0319895 -0.0608073 -0.0752439
0 -0.037625 -0.0708574 -0.0852188
0 -0.0432581 -0.080447 -0.0945476
0 -0.0483968 -0.0893946 -0.103315
0 -0.0528555 -0.0975416 -0.111597
0 -0.0568805 -0.104804 -0.119405
0 -0.0603669 -0.111108 -0.126649
0 -0.0630629 -0.116419 -0.133154
0 -0.0650591 -0.120746 -0.138722
0 -0.066453 -0.124091 -0.143185
0 -0.0671662 -0.126463 -0.14643
0 -0.0672825 -0.127864 -0.148387
0 -0.0669927 -0.128255 -0.149014
0 -0.0663596 -0.127566 -0.14828
0 -0.0654106 -0.125748 -0.14614
0 -0.0641362 -0.122784 -0.142545
0 -0.0624249 -0.118705 -0.137477
0 -0.0601891 -0.113593 -0.130969
0 -0.057415 -0.107517 -0.123126
0 -0.0541047 -0.10051 -0.114107
0 -0.0503301 -0.0926097 -0.104106
0 -0.0462185 -0.0839423 -0.0933105
0 -0.0417439 -0.0746669 -0.0818913
0 -0.0367638 -0.0648668 -0.0700253
0 -0.0312784 -0.0546094 -0.0579085
0 -0.0254275 -0.0440013 -0.0457448
0 -0.0193408 -0.0331315 -0.0336838
0 -0.0131029 -0.022059 -0.0218414
0 -0.00682112 -0.0108923 -0.0103276
0 -0.000688215 0.000184202 0.000822294
0 0.00508012 0.0109984 0.0116128
0 0.0103608 0.0213607 0.0220774
0 0.0151315 0.0310082 0.0322327
0 0.0193787 0.039753 0.041998
0 0.0230359 0.0475447 0.0511997
0 0.0257313 0.0543344 0.0595923
0 0.027389 0.0600302 0.0669199
0 0.0286256 0.0645443 0.072959
0 0.0294564 0.0677221 0.0775115
0 0.0296094 0.06951 0.0804423
0 0.0294185 0.0701049 0.0816943
0 0.0290075 0.069538 0.0812272
0 0.0282173 0.0676888 0.0790242
0 0.027097 0.0646691 0.0751158
0 0.0256504 0.0606196 0.0696021
0 0.0237242 0.0555812 0.062672
0 0.0213043 0.0496778 0.0545824
0 0.0184939 0.0430295 0.045632
0 0.0152739 0.0356901 0.0361081
0 0.0116276 0.0277576 0.0262384
0 0.00773004 0.0194423 0.0162087
0 0.00374779 0.0110523 0.00622867
0 -0.000276874 0.00285186 -0.00348756
0 -0.00427674 -0.00499481 -0.0127255
0 -0.00811137 -0.0123778 -0.0212494
0 -0.0116259 -0.0191764 -0.0288742
0 -0.0146932 -0.0252613 -0.0354706
0 -0.0172417 -0.030552 -0.0409603
0 -0.0192456 -0.0349346 -0.0453278
0 -0.0206949 -0.0382706 -0.0485933
0 -0.0215931 -0.0405057 -0.0508026
0 -0.0219681 -0.0416192 -0.0519983
0 -0.0218854 -0.0416129 -0.0521997
0 -0.021395 -0.0405774 -0.0514115
0 -0.0205398 -0.0386984 -0.0496333
0 -0.0194303 -0.0362173 -0.0468897
0 -0.0181533 -0.0333302 -0.0432553
0 -0.0167478 -0.0301393 -0.0388658
0 -0.0152677 -0.0266838 -0.0339177
0 -0.0137321 -0.0229675 -0.0286335
0 -0.0121127 -0.0189926 -0.0232131
0 -0.0103719 -0.0147882 -0.0178011
0 -0.0085106 -0.0104496 -0.0124752
0 -0.00653953 -0.00610588 -0.00726604
0 -0.00444095 -0.00181656 -0.00219816
0 -0.00226353 0.00234838 0.00268215
0 -0.00013842 0.00624894 0.00729485
0 0.00180688 0.00980918 0.0115406
0 0.00349143 0.0130017 0.0153313
0 0.004868 0.0157657 0.018597
0 0.00589295 0.018051 0.0212836
0 0.00655946 0.0198174 0.0233491
0 0.00691537 0.0210049 0.024765
0 0.00701082 0.0215715 0.0255192
0 0.00688153 0.0215156 0.0256031
0 0.00657279 0.0208641 0.0250007
0 0.00610498 0.0196787 0.0236947
0 0.00545854 0.0180436 0.0216863
0 0.00463061 0.0160283 0.0190185
0 0.00363972 0.0136781 0.0157844
0 0.0025094 0.0110258 0.0121163
0 0.00127775 0.00810594 0.00816479
0 -1.16859e-05 0.00498205 0.00408041
0 -0.00132075 0.00176487 -8.72311e-06
0 -0.00262985 -0.00141363 -0.0039886
0 -0.00392057 -0.00442901 -0.00774932
0 -0.00512026 -0.00714934 -0.0111995
0 -0.00614928 -0.00946894 -0.0142447
0 -0.00699982 -0.0113671 -0.0167955
0 -0.00767771 -0.0128579 -0.0187876
0 -0.00816548 -0.0139419 -0.0201824
0 -0.00847882 -0.0146329 -0.0209839
0 -0.00866214 -0.0149555 -0.0212333
0 -0.00873337 -0.0149238 -0.0209971
0 -0.00868709 -0.0145565 -0.0203492
0 -0.00850419 -0.0138748 -0.0193416
0 -0.0081295 -0.0128759 -0.0179968
0 -0.00751092 -0.0115494 -0.0163221
0 -0.00665232 -0.00990115 -0.0143293
0 -0.0056012 -0.00795151 -0.0120427
0 -0.00443743 -0.00574794 -0.00949771
0 -0.00327403 -0.00337827 -0.00674368
0 -0.00223151 -0.000965152 -0.00384569
0 -0.00136954 0.0013369 -0.000892917
0 -0.000687081 0.00338248 0.0019863
0 -0.000199909 0.00508211 0.00462326
0 9.96622e-05 0.00638148 0.00685293
0 0.000278963 0.00727245 0.00853653
0 0.00039383 0.00780258 0.0095609
0 0.00047636 0.0080157 0.00988196
0 0.000556665 0.00794051 0.00953201
0 0.000630519 0.0076009 0.00860592
0 0.000644207 0.00699375 0.00723784
0 0.000522925 0.00609652 0.00555952
0 0.000184172 0.0048902 0.00367381
0 -0.000445916 0.00335914 0.00163013
0 -0.00139782 0.00149072 -0.000563275
0 -0.00264643 -0.000714701 -0.00293966
0 -0.00413558 -0.00323857 -0.00556552
0 -0.00577538 -0.00604175 -0.00849841
0 -0.00740869 -0.00905133 -0.0117811
0 -0.00887277 -0.0121406 -0.0153967
0 -0.0100756 -0.0151288 -0.0192254
0 -0.010967 -0.0178254 -0.0230658
0 -0.0115341 -0.0200824 -0.0266631
0 -0.0118277 -0.0218059 -0.0297396
0 -0.0119289 -0.0229534 -0.0320321
0 -0.0119098 -0.0235246 -0.0333407
0 -0.0118382 -0.0235506 -0.0335678
0 -0.0117669 -0.0230886 -0.032734
0 -0.0116929 -0.0221909 -0.0309704
0 -0.0115592 -0.0208953 -0.028487
0 -0.01128 -0.01924 -0.0255274
0 -0.0107532 -0.0172519 -0.0223221
0 -0.00989646 -0.0149472 -0.0190515
0 -0.00868576 -0.01236 -0.01583
0 -0.00716632 -0.00955125 -0.0127038
0 -0.00544493 -0.00659042 -0.00965242
0 -0.00368286 -0.00354755 -0.00659875
0 -0.00201713 -0.000496935 -0.00344016
0 -0.000494123 0.00249274 -9.73779e-05
0 0.000830498 0.00535943 0.00344167
0 0.00187237 0.00802734 0.00709901
0 0.00261605 0.0104102 0.010696
0 0.00309763 0.0124356 0.0140106
0 0.00336049 0.0140478 0.016816
0 0.00347385 0.0151994 0.018889
0 0.00351602 0.0158484 0.0200695
0 0.00351356 0.0159573 0.0202602
0 0.00344491 0.0155074 0.0194461
0 0.00328199 0.0145148 0.0177145
0 0.00298799 0.0130312 0.0152321
0 0.00251815 0.0111362 0.0122221
0 0.00183458 0.00891326 0.0089002
0 0.000907584 0.00642985 0.00544215
0 -0.000265098 0.00374854 0.00197061
0 -0.00163469 0.000939269 -0.00142857
0 -0.00311802 -0.00192265 -0.00469818
0 -0.00462198 -0.00474772 -0.00781881
0 -0.00600458 -0.00741285 -0.0107662
0 -0.00710608 -0.00978175 -0.013508
0 -0.00787731 -0.0117458 -0.0159999
0 -0.00835429 -0.0132405 -0.0181719
0 -0.0085833 -0.0142591 -0.0199481
0 -0.00864597 -0.0148506 -0.021245
0 -0.00863989 -0.0150927 -0.0219858
0 -0.00862069 -0.0150657 -0.0221296
0 -0.00860923 -0.0148345 -0.0216917
0 -0.00861066 -0.0144316 -0.0207487
0 -0.00858881 -0.0138515 -0.0194209
0 -0.00847611 -0.0130672 -0.0178473
0 -0.00821375 -0.0120564 -0.0161572
0 -0.00775549 -0.0108177 -0.0144457
0 -0.00707681 -0.00937394 -0.0127582
0 -0.00619056 -0.00776133 -0.0110825
0 -0.00513609 -0.00601065 -0.00935706
0 -0.00397952 -0.00414121 -0.00749876
0 -0.00282339 -0.0021704 -0.00543379
0 -0.00175403 -0.000127663 -0.00312047
0 -0.000808164 0.00193842 -0.000561521
0 -2.36693e-05 0.00396943 0.00218743
0 0.00057887 0.00590046 0.00501481
0 0.00103452 0.00765493 0.00775964
0 0.0013896 0.00917105 0.0102524
0 0.00168849 0.0104229 0.0123368
0 0.00199283 0.011414 0.0138911
0 0.0023501 0.012169 0.0148728
0 0.0027584 0.0127146 0.0152982
0 0.00317459 0.0130584 0.0152343
0 0.0035267 0.0131834 0.0147874
0 0.00372657 0.0130562 0.014071
0 0.00369833 0.0126424 0.0131878
0 0.00339774 0.0119169 0.0121966
0 0.00281562 0.0108722 0.0111032
0 0.00198721 0.00952715 0.00986653
0 0.000989848 0.00792395 0.00841496
0 -8.25535e-05 0.00611804 0.00667197
0 -0.00114143 0.00416655 0.00457818
0 -0.0021217 0.00211676 0.00211132
0 -0.00299802 2.84192e-06 -0.000700545
0 -0.0037919 -0.00215206 -0.0037816
0 -0.00455753 -0.00434412 -0.00703803
0 -0.00534422 -0.00658789 -0.010346
0 -0.0061894 -0.00886271 -0.0135685
0 -0.00713345 -0.0111187 -0.0166088
0 -0.00819097 -0.0133483 -0.019389
0 -0.00932702 -0.0155384 -0.021873
0 -0.0104784 -0.0176258 -0.0240724
0 -0.011574 -0.0195533 -0.0260174
0 -0.0125468 -0.0212702 -0.0277537
0 -0.0133413 -0.0227022 -0.0293026
0 -0.0139051 -0.0237825 -0.030637
0 -0.0141847 -0.0244688 -0.0316815
0 -0.0141476 -0.0247239 -0.0323323
0 -0.0138087 -0.0245278 -0.0324892
0 -0.0132301 -0.0238817 -0.0320678
0 -0.0125021 -0.0227971 -0.0310168
0 -0.0117192 -0.0213161 -0.0293352
0 -0.0109535 -0.019519 -0.0270722
0 -0.0102353 -0.0175014 -0.0243242
0 -0.00955449 -0.01536 -0.0212288
0 -0.00888144 -0.0131841 -0.0179618
0 -0.00818686 -0.011047 -0.0147231
0 -0.00745028 -0.00900794 -0.0117009
0 -0.00666219 -0.00710832 -0.00903228
0 -0.00582611 -0.00534498 -0.00678111
0 -0.00495891 -0.00369288 -0.00494561
0 -0.00408469 -0.00217492 -0.00348181
0 -0.00325252 -0.000839282 -0.00232252
0 -0.00253672 0.000286845 -0.00138447
0 -0.00199146 0.00117898 -0.000584945
0 -0.00163621 0.00182701 0.000136006
0 -0.00146697 0.00225804 0.000808074
0 -0.00144874 0.00251607 0.00142773
0 -0.0015189 0.00265323 0.00196419
0 -0.00160629 0.00273745 0.00238841
0 -0.00163784 0.00283756 0.00269025
0 -0.00154949 0.00300769 0.00288473
0 -0.0013096 0.00328752 0.00302295
0 -0.000927369 0.0036981 0.00317844
0 -0.000444958 0.00423975 0.00343499
0 7.59208e-05 0.00490256 0.00387279
0 0.000573875 0.00567025 0.00455224
0 0.00100277 0.00651425 0.00550299
0 0.00133305 0.00739157 0.00669936
0 0.00155307 0.00825087 0.0080604
0 0.00167397 0.00904388 0.00947195
0 0.00172169 0.00972709 0.0107935
0 0.00171927 0.0102525 0.0118717
0 0.00168013 0.0105688 0.0125677
0 0.00160836 0.0106306 0.0127796
0 0.00149456 0.0103976 0.0124522
0 0.00130908 0.00983182 0.0115714
0 0.00100619 0.00890383 0.0101602
0 0.00054268 0.00760055 0.00827189
0 -0.0001107 0.00592773 0.00597562
0 -0.0009667 0.00390792 0.00334226
0 -0.00202047 0.00157445 0.000427385
0 -0.00325131 -0.00103232 -0.00273966
0 -0.00463016 -0.00386814 -0.00614215
0 -0.00614048 -0.0068936 -0.00976456
0 -0.00772582 -0.0100683 -0.0135848
0 -0.00925818 -0.0133133 -0.0175506
0 -0.0106657 -0.0165192 -0.0215809
0 -0.0119472 -0.0196015 -0.0255733
0 -0.0130792 -0.0224833 -0.0294043
0 -0.0140496 -0.0250738 -0.0329366
0 -0.0148889 -0.0273033 -0.0360267
0 -0.0156208 -0.0291242 -0.0385455
0 -0.0162468 -0.0305042 -0.0403961
0 -0.0167694 -0.0314416 -0.0415242
0 -0.0171837 -0.0319471 -0.0419295
0 -0.0174571 -0.0320303 -0.0416652
0 -0.0175491 -0.0317069 -0.0408282
0 -0.0174262 -0.0309917 -0.0395364
0 -0.0170562 -0.0299022 -0.0379031
0 -0.0164276 -0.0284677 -0.0360206
0 -0.0155644 -0.0267253 -0.0339465
0 -0.0145137 -0.0247227 -0.0317024
0 -0.0133365 -0.0225183 -0.0292824
0 -0.0120979 -0.0201697 -0.0266651
0 -0.0108484 -0.0177227 -0.0238283
0 -0.00961882 -0.0152068 -0.0207637
0 -0.00843158 -0.012638 -0.0174915
0 -0.00731257 -0.0100295 -0.0140656
0 -0.0062635 -0.00741062 -0.0105617
0 -0.00524187 -0.00482422 -0.00706046
0 -0.00420941 -0.00228079 -0.00363815
0 -0.00315624 0.000222946 -0.000367189
0 -0.00207849 0.00264932 0.00270046
0 -0.000975052 0.00496597 0.00553214
0 0.00014438 0.00716859 0.00810826
0 0.00126473 0.00923801 0.0104425
0 0.0023728 0.0111583 0.0125628
0 0.00344416 0.0129397 0.0145023
0 0.00443499 0.0145867 0.016292
0 0.00529823 0.0160849 0.0179448
0 0.00599324 0.017411 0.0194568
0 0.00648343 0.0185167 0.0207958
0 0.00674374 0.0193292 0.021902
0 0.00676751 0.019781 0.022693
0 0.00656517 0.0198191 0.0230713
0 0.00616961 0.0194119 0.0229405
0 0.00562908 0.0185631 0.0222195
0 0.00498535 0.0173071 0.0208583
0 0.00426862 0.0156884 0.0188507
0 0.00349088 0.0137446 0.0162366
0 0.00264076 0.0115074 0.0131003
0 0.00169637 0.00900455 0.00956028
0 0.000634993 0.00626197 0.00575031
0 -0.000560593 0.00331479 0.00179021
0 -0.00189758 0.00020967 -0.00222851
0 -0.00338482 -0.00301237 -0.00623294
0 -0.00501735 -0.0063226 -0.0101838
0 -0.00671068 -0.00965426 -0.0140646
0 -0.00833955 -0.0129036 -0.0178506
0 -0.00985182 -0.0160077 -0.0215195
0 -0.0112405 -0.0189204 -0.0250432
0 -0.0124861 -0.0215779 -0.028378
0 -0.0135905 -0.0239507 -0.0314638
0 -0.0145751 -0.0260335 -0.0342149
0 -0.0154279 -0.0277993 -0.036535
0 -0.016112 -0.0292182 -0.0383386
0 -0.0166152 -0.0302662 -0.0395697
0 -0.0169413 -0.0309044 -0.0402136
0 -0.0170795 -0.0310993 -0.040288
0 -0.0170147 -0.030839 -0.0398258
0 -0.0167324 -0.0301151 -0.0388553
0 -0.0162107 -0.0289324 -0.037394
0 -0.0154413 -0.0273179 -0.0354551
0 -0.0144459 -0.0253065 -0.0330546
0 -0.0132633 -0.0229399 -0.0302165
0 -0.0119434 -0.0202699 -0.0269767
0 -0.0105495 -0.0173583 -0.0233925
0 -0.00915431 -0.0142917 -0.019555
0 -0.00784263 -0.0111911 -0.0155926
0 -0.00670787 -0.00820778 -0.0116622
0 -0.0057783 -0.00550746 -0.00793107
0 -0.00500267 -0.00319162 -0.00456203
0 -0.00435952 -0.00128183 -0.00171307
0 -0.00384873 0.000189733 0.00049416
0 -0.00343234 0.00121627 0.00198454
0 -0.0030711 0.00186542 0.00274273
0 -0.00274365 0.00220698 0.00285296
0 -0.00243168 0.00229884 0.00246215
0 -0.0021378 0.00220742 0.00174775
0 -0.00191254 0.00197222 0.000882469
0 -0.00182705 0.00160274 -1.01195e-05
0 -0.00193491 0.00111028 -0.000843314
0 -0.0022666 0.00049472 -0.0015815
0 -0.00281118 -0.00026267 -0.00225094
0 -0.00350558 -0.00116615 -0.00290737
0 -0.00425886 -0.00219392 -0.003628
0 -0.0049727 -0.00330053 -0.00449263
0 -0.0055612 -0.00441226 -0.00554978
0 -0.00597616 -0.00544961 -0.00680846
0 -0.00621259 -0.00635648 -0.00823285
0 -0.00629765 -0.00710542 -0.0097385
0 -0.0062797 -0.00770334 -0.0111925
0 -0.00621761 -0.00817824 -0.0124385
0 -0.00616796 -0.00854021 -0.0133419
0 -0.00617476 -0.0087886 -0.013816
0 -0.00626167 -0.00892737 -0.0138386
0 -0.00642071 -0.00893938 -0.0134536
0 -0.00660922 -0.0087977 -0.0127521
0 -0.00676245 -0.00849377 -0.0118477
0 -0.00680553 -0.00802799 -0.0108431
0 -0.00667076 -0.00739637 -0.00981082
0 -0.00631961 -0.00659385 -0.00878526
0 -0.00575804 -0.00562902 -0.00776765
0 -0.0050442 -0.00452868 -0.0067411
0 -0.00427483 -0.00333785 -0.00567909
0 -0.00355737 -0.00212388 -0.00455629
0 -0.00298076 -0.000968212 -0.0033581
0 -0.00259256 5.12261e-05 -0.00209075
0 -0.00239584 0.000874686 -0.000797403
0 -0.00236127 0.00146743 0.000435036
0 -0.00244297 0.00182492 0.0014808
0 -0.00258755 0.00197355 0.00221627
0 -0.00274081 0.00195351 0.002546
0 -0.0028593 0.00179619 0.00241564
0 -0.00292229 0.00151362 0.00184187
0 -0.00294241 0.00109607 0.000890708
0 -0.00296708 0.000518648 -0.000341753
0 -0.00306655 -0.000242006 -0.00175664
0 -0.00331224 -0.00119391 -0.00327562
0 -0.00375216 -0.00232901 -0.00483019
0 -0.00439238 -0.00362807 -0.00638506
0 -0.00519168 -0.00506013 -0.00793445
0 -0.00607549 -0.00658123 -0.00948705
0 -0.00696164 -0.00814013 -0.0110722
0 -0.00778454 -0.00968483 -0.0127196
0 -0.00849814 -0.0111698 -0.0144476
0 -0.00906989 -0.0125569 -0.0162516
0 -0.00950397 -0.0138169 -0.018088
0 -0.00984235 -0.0149394 -0.0198791
0 -0.0101246 -0.0159294 -0.0215259
0 -0.0103817 -0.0167944 -0.0229292
0 -0.0106435 -0.0175368 -0.0240123
0 -0.0109234 -0.0181497 -0.024738
0 -0.0112171 -0.0186223 -0.0251178
0 -0.0115118 -0.0189445 -0.0252038
0 -0.0117782 -0.0191114 -0.0250704
0 -0.0119682 -0.0191212 -0.0247914
0 -0.0120268 -0.018968 -0.0244171
0 -0.0119068 -0.0186405 -0.0239657
0 -0.0115873 -0.0181271 -0.0234294
0 -0.0110873 -0.0174215 -0.022782
0 -0.0104596 -0.0165279 -0.021984
0 -0.00977241 -0.0154656 -0.0209931
0 -0.00909205 -0.0142687 -0.0197732
0 -0.00846361 -0.0129792 -0.0183035
0 -0.00790433 -0.0116369 -0.0165897
0 -0.00741038 -0.0102749 -0.0146755
0 -0.00696708 -0.00892099 -0.0126421
0 -0.00655365 -0.00760312 -0.0105941
0 -0.00614156 -0.00634173 -0.00864102
0 -0.00571042 -0.00514173 -0.00687889
0 -0.00526036 -0.00401874 -0.00537755
0 -0.00479722 -0.00300828 -0.00417158
0 -0.00433309 -0.0021366 -0.0032568
0 -0.00389644 -0.00142062 -0.00260568
0 -0.00352463 -0.000882263 -0.00217977
0 -0.00325482 -0.000534409 -0.00193807
0 -0.00311849 -0.000376809 -0.00184796
0 -0.00313035 -0.00040777 -0.00188938
0 -0.00327934 -0.000618153 -0.00205557
0 -0.00353583 -0.000988407 -0.00235125
0 -0.00386366 -0.00149881 -0.00279349
0 -0.00422916 -0.00213152 -0.00340771
0 -0.00461063 -0.00287033 -0.00421888
0 -0.00499724 -0.00370269 -0.0052411
0 -0.00538188 -0.00461528 -0.00646555
0 -0.00576195 -0.00559227 -0.00785893
0 -0.00614176 -0.006621 -0.00936942
0 -0.00652981 -0.00769301 -0.0109356
0 -0.00693838 -0.00880153 -0.0124964
0 -0.00738272 -0.0099294 -0.0140006
0 -0.00786726 -0.0110448 -0.0154098
0 -0.00837631 -0.012119 -0.0166971
0 -0.00888558 -0.0131233 -0.0178475
0 -0.00936747 -0.0140247 -0.0188555
0 -0.00979096 -0.0148028 -0.0197241
0 -0.0101328 -0.015447 -0.0204598
0 -0.0103781 -0.015946 -0.0210628
0 -0.0105165 -0.0162898 -0.0215237
0 -0.0105466 -0.0164698 -0.0218246
0 -0.0104777 -0.0164773 -0.0219417
0 -0.0103233 -0.0163061 -0.0218479
0 -0.0100953 -0.0159529 -0.0215159
0 -0.00980279 -0.0154159 -0.0209228
0 -0.00944987 -0.0146957 -0.0200559
0 -0.00903449 -0.0137948 -0.0189148
0 -0.00855101 -0.0127151 -0.017512
0 -0.00799612 -0.011461 -0.0158728
0 -0.00737643 -0.0100482 -0.0140375
0 -0.006718 -0.00851077 -0.01206
0 -0.00605081 -0.00690363 -0.00999976
0 -0.00538948 -0.00529142 -0.00791803
0 -0.00475479 -0.00373474 -0.0058825
0 -0.00417926 -0.00229549 -0.00396478
0 -0.00368461 -0.00103478 -0.00223715
0 -0.00327905 8.78938e-06 -0.000769497
0 -0.00296333 0.000825941 0.000389461
0 -0.00272262 0.0014263 0.00121683
0 -0.00252712 0.0018343 0.00171729
0 -0.00235563 0.0020814 0.00192583
0 -0.00220737 0.00218886 0.00188747
0 -0.00210172 0.00216185 0.00164768
0 -0.0020792 0.00198987 0.00124224
0 -0.00218783 0.00164562 0.000686983
0 -0.00246369 0.00109318 -2.149e-05
0 -0.00291935 0.000302408 -0.000903851
0 -0.00353621 -0.000739709 -0.00198955
0 -0.00426616 -0.00201948 -0.00330881
0 -0.00504519 -0.00349263 -0.00488165
0 -0.00581078 -0.00509283 -0.00670994
0 -0.00651943 -0.00674745 -0.0087744
0 -0.00715536 -0.00839374 -0.0110268
0 -0.00772542 -0.00999615 -0.0133848
0 -0.00824148 -0.0115361 -0.015735
0 -0.00870927 -0.012977 -0.0179466
0 -0.00914472 -0.0142816 -0.0198957
0 -0.00957572 -0.0154373 -0.0214894
0 -0.0100151 -0.0164245 -0.0226827
0 -0.0104543 -0.0172124 -0.0234754
0 -0.0108662 -0.0177808 -0.0238965
0 -0.0111982 -0.0181079 -0.0239904
0 -0.0113858 -0.0181704 -0.0238057
0 -0.0113788 -0.0179574 -0.0233832
0 -0.0111485 -0.017463 -0.0227462
0 -0.0106946 -0.016685 -0.021899
0 -0.0100552 -0.0156385 -0.0208327
0 -0.00929542 -0.014359 -0.019532
0 -0.00848751 -0.0128961 -0.0179833
0 -0.0076974 -0.0113098 -0.0161838
0 -0.00697505 -0.00966084 -0.0141512
0 -0.00634247 -0.00800082 -0.0119304
0 -0.00577789 -0.00637419 -0.00959047
0 -0.00523965 -0.00480861 -0.00722043
0 -0.00470604 -0.00329904 -0.00492281
0 -0.00416154 -0.00184014 -0.0028017
0 -0.00359459 -0.000455038 -0.000935728
0 -0.00301895 0.000826885 0.000628172
0 -0.00246355 0.00196725 0.00186373
0 -0.00196318 0.00290638 0.00277699
0 -0.0015611 0.0035901 0.00339161
0 -0.00129873 0.003987 0.00373232
0 -0.00120687 0.00407988 0.00381405
0 -0.00130947 0.00386308 0.00362642
0 -0.00161714 0.00334142 0.00314092
0 -0.00211441 0.00252165 0.00232144
0 -0.00275915 0.0014161 0.0011409
0 -0.00349319 5.05935e-05 -0.000408349
0 -0.00425514 -0.00153447 -0.00230979
0 -0.00499352 -0.00327913 -0.00451529
0 -0.0056814 -0.00510883 -0.00695793
0 -0.00632194 -0.00695213 -0.0095562
0 -0.00693994 -0.00876198 -0.0122033
0 -0.00756397 -0.0105138 -0.0147794
0 -0.0082021 -0.012171 -0.0171665
0 -0.00884668 -0.0137012 -0.0192657
0 -0.00949942 -0.0151046 -0.0210179
0 -0.010153 -0.016367 -0.0224082
0 -0.0107765 -0.0174516 -0.0234607
0 -0.0113367 -0.0183369 -0.024229
0 -0.0118025 -0.0190102 -0.024778
0 -0.0121377 -0.0194626 -0.0251633
0 -0.0123124 -0.0197014 -0.0254173
0 -0.0123156 -0.0197409 -0.0255453
0 -0.0121537 -0.0195888 -0.0255284
0 -0.0118507 -0.0192513 -0.0253316
0 -0.0114475 -0.018732 -0.024913
0 -0.0109854 -0.0180294 -0.024232
0 -0.0104979 -0.0171483 -0.0232609
0 -0.0100096 -0.0161067 -0.0219947
0 -0.00953216 -0.0149333 -0.020458
0 -0.00906509 -0.0136664 -0.0187053
0 -0.00859784 -0.0123432 -0.0168124
0 -0.00811002 -0.0109897 -0.0148613
0 -0.0075814 -0.00962113 -0.0129269
0 -0.00700372 -0.0082477 -0.0110664
0 -0.00637063 -0.00686939 -0.00931442
0 -0.00568549 -0.00548571 -0.00768237
0 -0.00497863 -0.00411986 -0.00616316
0 -0.00428861 -0.00280611 -0.00473831
0 -0.00365229 -0.00157642 -0.00338719
0 -0.00311098 -0.000469401 -0.00210287
0 -0.00269997 0.000473154 -0.000901407
0 -0.00243662 0.00121829 0.000177953
0 -0.00231853 0.00174653 0.00107713
0 -0.00232521 0.0020503 0.00173388
0 -0.00242277 0.00213293 0.00208882
0 -0.00257436 0.0020041 0.00209481
0 -0.00275483 0.00167159 0.00172928
0 -0.00296039 0.0011383 0.000990305
0 -0.00320613 0.000403445 -0.000100227
0 -0.00351806 -0.000534804 -0.00149715
0 -0.00392235 -0.00167159 -0.00314432
0 -0.00443675 -0.00299189 -0.00498395
0 -0.00506374 -0.00447003 -0.00695343
0 -0.00578509 -0.00607034 -0.00899447
0 -0.00656909 -0.00775393 -0.011065
0 -0.00738565 -0.00947942 -0.0131298
0 -0.00820144 -0.0111926 -0.0151632
0 -0.00896366 -0.0128294 -0.0171378
0 -0.00962633 -0.0143326 -0.0190142
0 -0.0101722 -0.0156501 -0.0207411
0 -0.010587 -0.0167346 -0.0222508
0 -0.0108581 -0.0175521 -0.0234692
0 -0.0109937 -0.018081 -0.0243265
0 -0.0110114 -0.0183106 -0.024768
0 -0.0109283 -0.0182425 -0.0247655
0 -0.0107643 -0.0178889 -0.0243178
0 -0.0105324 -0.0172683 -0.0234506
0 -0.0102305 -0.0164053 -0.0222138
0 -0.00985167 -0.0153302 -0.0206752
0 -0.00938585 -0.014074 -0.0189111
0 -0.00882023 -0.0126648 -0.0169947
0 -0.00815206 -0.0111302 -0.0149894
0 -0.00739831 -0.00949813 -0.0129426
0 -0.00659135 -0.00779811 -0.0108817
0 -0.00575378 -0.00605832 -0.00881682
0 -0.00489916 -0.00430451 -0.00674838
0 -0.00406325 -0.00256861 -0.00467748
0 -0.00328467 -0.000890155 -0.00261516
0 -0.00258445 0.000691783 -0.000588168
0 -0.00198107 0.00214589 0.00135621
0 -0.00148495 0.00344566 0.00315888
0 -0.00109281 0.00456297 0.00475139
0 -0.000798029 0.00546828 0.00605665
0 -0.000594218 0.00612952 0.00701004
0 -0.0004769 0.0065151 0.00756116
0 -0.000451849 0.00659873 0.00767422
0 -0.000537531 0.00635919 0.00733224
0 -0.000756471 0.0057827 0.00653363
0 -0.00112619 0.0048675 0.00529736
0 -0.00165192 0.00362653 0.00366099
0 -0.00232006 0.00209 0.00167807
0 -0.00310111 0.000306142 -0.000586089
0 -0.00396206 -0.0016654 -0.00306823
0 -0.00487595 -0.00376334 -0.00571818
0 -0.00582567 -0.00593294 -0.0084892
0 -0.00680446 -0.00813717 -0.0113343
0 -0.00780855 -0.0103585 -0.0142025
0 -0.00880594 -0.012559 -0.0170256
0 -0.00974167 -0.0146732 -0.0197327
0 -0.010592 -0.0166538 -0.0222553
0 -0.011354 -0.0184539 -0.0245288
0 -0.0120115 -0.0200093 -0.0264995
0 -0.0125497 -0.0212727 -0.0281181
0 -0.0129628 -0.0222159 -0.0293421
0 -0.0132375 -0.0228164 -0.0301367
0 -0.0133551 -0.0230652 -0.0304763
0 -0.013308 -0.0229633 -0.0303494
0 -0.0130941 -0.0225095 -0.0297578
0 -0.0127117 -0.0217043 -0.0287172
0 -0.0121713 -0.0205584 -0.0272547
0 -0.0114909 -0.0190911 -0.0254068
0 -0.0106895 -0.0173379 -0.0232184
0 -0.00979061 -0.0153497 -0.0207396
0 -0.00882133 -0.0131852 -0.0180274
0 -0.00781496 -0.010908 -0.0151483
0 -0.00682238 -0.00858819 -0.0121768
0 -0.00587608 -0.00630535 -0.00919295
0 -0.00496766 -0.00411882 -0.00628069
0 -0.00411244 -0.00205855 -0.00352424
0 -0.00334615 -0.000175659 -0.00101165
0 -0.00267466 0.00147421 0.00118015
0 -0.00210263 0.00286277 0.0029932
0 -0.00164785 0.0039586 0.00437692
0 -0.00131938 0.0047215 0.00530244
0 -0.00112667 0.0051239 0.00575516
0 -0.00108952 0.00515035 0.00573202
0 -0.00121956 0.00479459 0.00524561
0 -0.00151598 0.00407018 0.00431493
0 -0.00197678 0.00300533 0.00296932
0 -0.00258956 0.00163206 0.00124432
0 -0.00332839 -1.0266e-05 -0.00081809
0 -0.0041659 -0.00187635 -0.00316959
0 -0.00507039 -0.00391589 -0.00576052
0 -0.00600524 -0.00606636 -0.00852761
0 -0.00694343 -0.00826437 -0.0113949
0 -0.00787207 -0.0104642 -0.0142818
0 -0.00876245 -0.0126045 -0.0170949
0 -0.00956916 -0.0145953 -0.0197389
0 -0.0102815 -0.0163795 -0.022124
0 -0.0109123 -0.0179268 -0.0241719
0 -0.0114579 -0.019197 -0.0258273
0 -0.0119115 -0.0201709 -0.0270555
0 -0.0122692 -0.0208482 -0.0278421
0 -0.0125122 -0.0212195 -0.028192
0 -0.0126146 -0.0212809 -0.0281276
0 -0.0125638 -0.0210392 -0.0276859
0 -0.0123546 -0.0204989 -0.0269088
0 -0.0119871 -0.0196731 -0.0258388
0 -0.01148 -0.0185932 -0.0245148
0 -0.010858 -0.0172953 -0.0229657
0 -0.0101428 -0.0158174 -0.0212117
0 -0.0093589 -0.0141991 -0.0192693
0 -0.00853018 -0.0124718 -0.0171554
0 -0.00768004 -0.0106595 -0.0148942
0 -0.00684099 -0.00878994 -0.0125215
0 -0.00603806 -0.00690367 -0.010084
0 -0.00526926 -0.00504488 -0.00763805
0 -0.00453788 -0.00324796 -0.00524719
0 -0.00386083 -0.00155164 -0.00297533
0 -0.00324049 -4.4352e-06 -0.000891801
0 -0.00268116 0.00135647 0.000936589
0 -0.0022009 0.00250684 0.00245558
0 -0.00181095 0.00342151 0.00361853
0 -0.00151622 0.00407784 0.00440408
0 -0.00132497 0.004463 0.0048128
0 -0.00124242 0.00457019 0.00485959
0 -0.00127074 0.00440036 0.00457121
0 -0.00141741 0.00396563 0.00397243
0 -0.00168961 0.00328406 0.00308908
0 -0.00208485 0.00237769 0.0019468
0 -0.00259207 0.00127222 0.000570797
0 -0.0031935 -8.23712e-06 -0.00101303
0 -0.0038653 -0.00144011 -0.0027815
0 -0.00458317 -0.00299489 -0.00471337
0 -0.00532324 -0.00463662 -0.00678031
0 -0.00606275 -0.00632407 -0.00894406
0 -0.00678664 -0.0080206 -0.0111619
0 -0.00748943 -0.00969929 -0.0133796
0 -0.0081636 -0.0113255 -0.0155341
0 -0.00879026 -0.0128507 -0.017563
0 -0.00936437 -0.0142438 -0.0194094
0 -0.00990358 -0.0154944 -0.0210322
0 -0.010413 -0.0165884 -0.0224052
0 -0.0108816 -0.0175165 -0.0235153
0 -0.0112964 -0.0182751 -0.0243618
0 -0.01163 -0.0188471 -0.0249477
0 -0.0118448 -0.0192076 -0.0252783
0 -0.0119157 -0.0193344 -0.0253595
0 -0.0118321 -0.0192066 -0.0251942
0 -0.0115974 -0.0188164 -0.0247822
0 -0.0112339 -0.0181769 -0.0241202
0 -0.0107729 -0.0173149 -0.0232016
0 -0.0102408 -0.0162631 -0.0220196
0 -0.00965814 -0.0150537 -0.0205742
0 -0.00904107 -0.0137142 -0.0188813
0 -0.00840229 -0.0122674 -0.0169786
0 -0.00775348 -0.010736 -0.0149231
0 -0.00710775 -0.0091448 -0.0127802
0 -0.00647141 -0.00752871 -0.010613
0 -0.00583048 -0.00592345 -0.00847869
0 -0.00517635 -0.00435591 -0.00642941
0 -0.00452812 -0.00286289 -0.00451277
0 -0.00390846 -0.00149066 -0.00277115
0 -0.00333937 -0.000271906 -0.0012421
0 -0.00285114 0.000772181 4.75868e-05
0 -0.00247001 0.001615 0.00107533
0 -0.00221288 0.00222559 0.00181815
0 -0.00208925 0.00257903 0.00226172
0 -0.00209836 0.00265581 0.00239466
0 -0.00223002 0.00244749 0.0022061
0 -0.00247227 0.00196426 0.00168792
0 -0.00281334 0.0012288 0.000838048
0 -0.00323671 0.000273247 -0.000330979
0 -0.00372344 -0.000863347 -0.00178876
0 -0.00425538 -0.0021423 -0.00348729
0 -0.00481453 -0.00352448 -0.00536816
0 -0.00538755 -0.00496914 -0.00736199
0 -0.0059683 -0.00644006 -0.00939417
0 -0.00655405 -0.00791064 -0.0113978
0 -0.00714721 -0.00935948 -0.0133122
0 -0.00774483 -0.010749 -0.0150869
0 -0.00832229 -0.0120291 -0.0166791
0 -0.00885015 -0.0131638 -0.018053
0 -0.00930656 -0.0141187 -0.0191859
0 -0.0096705 -0.0148609 -0.020064
0 -0.00992591 -0.0153758 -0.0206808
0 -0.0100636 -0.0156579 -0.0210328
0 -0.0100806 -0.0157054 -0.0211165
0 -0.00997996 -0.0155251 -0.0209308
0 -0.00977097 -0.0151286 -0.0204773
0 -0.00946949 -0.0145295 -0.0197632
0 -0.00909257 -0.0137453 -0.0188028
0 -0.00865686 -0.0127994 -0.0176181
0 -0.00818142 -0.0117204 -0.0162426
0 -0.00768439 -0.0105448 -0.014721
0 -0.00718482 -0.0093148 -0.0131052
0 -0.00669957 -0.00807382 -0.0114506
0 -0.0062317 -0.00686588 -0.00981339
0 -0.00578361 -0.00572743 -0.00825211
0 -0.00536757 -0.00468464 -0.00682505
0 -0.00499338 -0.0037667 -0.00558065
0 -0.00466656 -0.00299835 -0.00455473
0 -0.0043966 -0.00239196 -0.00377242
0 -0.00419488 -0.0019607 -0.00324752
0 -0.00407169 -0.00171901 -0.002985
0 -0.00403967 -0.00167799 -0.00298475
0 -0.00410955 -0.00184826 -0.00324261
0 -0.00428413 -0.00223548 -0.00375089
0 -0.00455943 -0.00283302 -0.00449831
0 -0.00492415 -0.00362305 -0.00547031
0 -0.00535981 -0.00457905 -0.00664931
0 -0.00584475 -0.00566567 -0.00801072
0 -0.00635716 -0.00684303 -0.00952132
0 -0.00687566 -0.00807279 -0.0111384
0 -0.00738587 -0.00932186 -0.01281
0 -0.00788149 -0.0105605 -0.0144809
0 -0.00835232 -0.0117523 -0.0160936
0 -0.00878874 -0.0128589 -0.0175884
0 -0.00918623 -0.0138476 -0.0189075
0 -0.00953209 -0.0146806 -0.0199969
0 -0.00980327 -0.015316 -0.0208083
0 -0.00997719 -0.0157193 -0.0213054
0 -0.0100399 -0.0158658 -0.0214705
0 -0.00998652 -0.0157459 -0.021303
0 -0.00982067 -0.0153664 -0.0208163
0 -0.00955121 -0.0147455 -0.020032
0 -0.00918475 -0.0139068 -0.0189743
0 -0.00872905 -0.0128784 -0.0176722
0 -0.00820069 -0.011694 -0.0161641
0 -0.00761939 -0.010388 -0.014494
0 -0.00700997 -0.00899512 -0.0127077
0 -0.00640013 -0.00755592 -0.0108524
0 -0.00579769 -0.00611106 -0.00897339
0 -0.00520464 -0.00469441 -0.00711583
0 -0.00463922 -0.00333811 -0.0053284
0 -0.00411784 -0.00208284 -0.00366219
0 -0.00365353 -0.000969893 -0.00217011
0 -0.00326126 -2.32931e-05 -0.000899509
0 -0.0029452 0.000744635 0.000118962
0 -0.00270175 0.00132399 0.000865742
0 -0.00253127 0.00170852 0.00132955
0 -0.00243692 0.00189124 0.00151264
0 -0.00242178 0.00186642 0.00142468
0 -0.00249217 0.00163553 0.0010809
0 -0.00265763 0.0012025 0.000497499
0 -0.00292549 0.000572245 -0.000311857
0 -0.00329687 -0.000245308 -0.00133348
0 -0.00376652 -0.00123908 -0.0025573
0 -0.00432277 -0.00239762 -0.00397646
0 -0.00494738 -0.00370352 -0.00558085
0 -0.00561843 -0.0051339 -0.00735615
0 -0.00631566 -0.0066631 -0.00928299
0 -0.00702379 -0.00826444 -0.0113326
0 -0.00773774 -0.00991489 -0.0134681
0 -0.00845445 -0.011589 -0.0156452
0 -0.00915707 -0.0132471 -0.0178136
0 -0.00983759 -0.0148528 -0.0199209
0 -0.0105048 -0.0163854 -0.021915
0 -0.0111511 -0.0178192 -0.0237466
0 -0.0117527 -0.019121 -0.0253712
0 -0.0122893 -0.0202603 -0.0267533
0 -0.0127375 -0.0212035 -0.0278682
0 -0.0130685 -0.021913 -0.0286976
0 -0.0132615 -0.0223556 -0.0292242
0 -0.0133074 -0.0225083 -0.0294345
0 -0.0132042 -0.0223615 -0.0293175
0 -0.0129586 -0.0219191 -0.0288608
0 -0.0125851 -0.0211966 -0.0280554
0 -0.0121 -0.0202161 -0.026901
0 -0.0115205 -0.0190026 -0.0254094
0 -0.0108627 -0.0175803 -0.0236053
0 -0.010135 -0.0159687 -0.0215246
0 -0.00934237 -0.0141874 -0.0192131
0 -0.00849031 -0.0122586 -0.0167222
0 -0.00759229 -0.0102109 -0.0141043
0 -0.00667444 -0.00808749 -0.01141
0 -0.00574365 -0.00593908 -0.00868346
0 -0.00479012 -0.00379972 -0.00596671
0 -0.00384072 -0.00169561 -0.00330184
0 -0.00293296 0.000326568 -0.000734628
0 -0.00208244 0.00222426 0.00168466
0 -0.00131255 0.0039743 0.0039115
0 -0.000648753 0.00554073 0.00589873
0 -9.53679e-05 0.0068763 0.00759751
0 0.000351728 0.00794449 0.00896835
0 0.000688615 0.00871451 0.00997307
0 0.000906581 0.00916317 0.0105771
0 0.000992946 0.0092867 0.0107548
0 0.000930854 0.00909034 0.0104948
0 0.000712564 0.00857907 0.00980596
0 0.000344479 0.00776143 0.00871425
0 -0.000159894 0.00664902 0.00725856
0 -0.000780798 0.00526062 0.00548364
0 -0.00149703 0.00362882 0.00343365
0 -0.00229382 0.00179613 0.00114892
0 -0.0031582 -0.000189001 -0.00133102
0 -0.00407169 -0.00227235 -0.00396625
0 -0.00501038 -0.00439857 -0.00670671
0 -0.0059491 -0.00652031 -0.00948674
0 -0.00687021 -0.00861041 -0.0122376
0 -0.00775627 -0.0106453 -0.0148894
0 -0.00857661 -0.0125727 -0.0173756
0 -0.00931299 -0.014337 -0.019638
0 -0.00997242 -0.0159032 -0.0216266
0 -0.0105565 -0.017234 -0.0233023
0 -0.0110529 -0.0182979 -0.0246357
0 -0.0114486 -0.0190854 -0.0256063
0 -0.0117299 -0.0195946 -0.0262045
0 -0.0118811 -0.0198273 -0.0264359
0 -0.0118963 -0.0197936 -0.0263208
0 -0.0117827 -0.0195061 -0.0258906
0 -0.0115518 -0.0189785 -0.025183
0 -0.0112185 -0.0182335 -0.0242356
0 -0.0108002 -0.0173015 -0.023081
0 -0.0103104 -0.0162162 -0.0217479
0 -0.00976561 -0.0150175 -0.0202674
0 -0.00918838 -0.0137485 -0.0186768
0 -0.00859989 -0.0124465 -0.0170175
0 -0.00801737 -0.011141 -0.0153321
0 -0.00745669 -0.00985841 -0.0136638
0 -0.00693304 -0.00862402 -0.0120545
0 -0.00645462 -0.0074652 -0.0105409
0 -0.00601807 -0.00640525 -0.00915385
0 -0.00562068 -0.00545911 -0.00792016
0 -0.00526555 -0.00464218 -0.00686004
0 -0.00495715 -0.00396768 -0.0059887
0 -0.0047047 -0.00344235 -0.00531994
0 -0.00452358 -0.0030742 -0.00486602
0 -0.00442825 -0.00287409 -0.00463461
0 -0.00442282 -0.00284862 -0.00462487
0 -0.00449902 -0.00299506 -0.00482523
0 -0.00464103 -0.00330195 -0.00521622
0 -0.00483132 -0.00374858 -0.0057763
0 -0.00505562 -0.00430562 -0.00648274
0 -0.00530369 -0.00494029 -0.00730972
0 -0.0055685 -0.00562163 -0.00822838
0 -0.00584607 -0.00632538 -0.00920565
0 -0.00613036 -0.00703387 -0.0102022
0 -0.00641115 -0.00773228 -0.0111768
0 -0.00668289 -0.0084092 -0.0120934
0 -0.00694371 -0.00905024 -0.0129251
0 -0.00718941 -0.00963451 -0.0136542
0 -0.00741562 -0.0101447 -0.0142693
0 -0.00761374 -0.0105634 -0.0147615
0 -0.0077696 -0.0108714 -0.0151227
0 -0.00786915 -0.0110589 -0.0153461
0 -0.00790257 -0.0111209 -0.0154258
0 -0.00786306 -0.0110524 -0.0153559
0 -0.00774772 -0.0108506 -0.0151301
0 -0.00756243 -0.0105152 -0.0147448
0 -0.00731591 -0.0100462 -0.0141977
0 -0.00701754 -0.00944651 -0.0134873
0 -0.00667953 -0.00872521 -0.0126161
0 -0.00631543 -0.00790099 -0.0115959
0 -0.00594103 -0.00700313 -0.0104493
0 -0.00556615 -0.0060665 -0.00920791
0 -0.00519805 -0.00512157 -0.00791238
0 -0.00484707 -0.0041945 -0.00661321
0 -0.00451612 -0.00331324 -0.00536527
0 -0.00420731 -0.00250426 -0.00421953
0 -0.00392762 -0.00178862 -0.00322085
0 -0.00368504 -0.00118911 -0.00241044
0 -0.00349278 -0.000731438 -0.00182056
0 -0.00336591 -0.000436885 -0.00147073
0 -0.00331437 -0.000323699 -0.00136947
0 -0.00334272 -0.000404482 -0.00151229
0 -0.00345149 -0.000678795 -0.00188629
0 -0.00363711 -0.00113477 -0.00247415
0 -0.00389327 -0.00175154 -0.00325605
0 -0.00421422 -0.00250352 -0.00421308
0 -0.00459466 -0.00336868 -0.00532674
0 -0.00502653 -0.00432972 -0.00657664
0 -0.00549905 -0.00537247 -0.00793835
0 -0.00600194 -0.00648642 -0.00938644
0 -0.006526 -0.00766193 -0.0108963
0 -0.0070661 -0.00888584 -0.0124448
0 -0.00761846 -0.0101371 -0.0140095
0 -0.00816853 -0.0113811 -0.0155647
0 -0.00869663 -0.0125796 -0.017079
0 -0.00918604 -0.013698 -0.0185122
0 -0.00961808 -0.0146982 -0.0198172
0 -0.00997453 -0.0155474 -0.0209467
0 -0.0102435 -0.0162223 -0.0218565
0 -0.010419 -0.0166982 -0.022509
0 -0.0104973 -0.0169548 -0.0228743
0 -0.0104785 -0.0169795 -0.0229334
0 -0.0103673 -0.0167671 -0.0226808
0 -0.0101693 -0.0163235 -0.0221228
0 -0.00989114 -0.0156672 -0.0212794
0 -0.00954112 -0.0148251 -0.0201826
0 -0.0091261 -0.0138279 -0.0188726
0 -0.00865061 -0.0127049 -0.0173938
0 -0.00811868 -0.0114797 -0.01579
0 -0.00753667 -0.0101724 -0.014102
0 -0.00692112 -0.00880554 -0.0123668
0 -0.00629297 -0.00740507 -0.0106131
0 -0.00565891 -0.00599611 -0.00886165
0 -0.00502595 -0.00460201 -0.00713113
0 -0.00441527 -0.00325035 -0.00544146
0 -0.00384544 -0.0019728 -0.00381733
0 -0.0033342 -0.000802703 -0.0022931
0 -0.00290312 0.000229608 -0.000911487
0 -0.00256384 0.00109965 0.000282459
0 -0.00231582 0.00178868 0.00124819
0 -0.00215411 0.00228311 0.00195067
0 -0.0020696 0.00257198 0.00236405
0 -0.00205201 0.00264881 0.00247717
0 -0.00209968 0.00251213 0.00228742
0 -0.0022195 0.00216405 0.00180229
0 -0.00242208 0.00161013 0.00103881
0 -0.00271971 0.000857505 1.92987e-05
0 -0.00311762 -8.32044e-05 -0.00122583
0 -0.00360721 -0.00119282 -0.00266275
0 -0.00417039 -0.00244312 -0.00425496
0 -0.00478508 -0.00380039 -0.00596621
0 -0.00542799 -0.00522889 -0.00776573
0 -0.00607916 -0.00669368 -0.00962197
0 -0.00672388 -0.00816362 -0.0115011
0 -0.00735363 -0.00961545 -0.013369
0 -0.00796221 -0.0110231 -0.01519
0 -0.00853598 -0.012354 -0.0169246
0 -0.0090656 -0.0135863 -0.0185323
0 -0.00955316 -0.0147022 -0.0199746
0 -0.00999326 -0.0156804 -0.021219
0 -0.0103752 -0.016505 -0.0222425
0 -0.0106929 -0.0171637 -0.0230319
0 -0.010937 -0.0176438 -0.023583
0 -0.011095 -0.0179357 -0.0238976
0 -0.0111593 -0.0180351 -0.0239826
0 -0.0111249 -0.0179395 -0.0238448
0 -0.010986 -0.0176481 -0.023488
0 -0.0107406 -0.0171623 -0.0229119
0 -0.0103932 -0.016485 -0.0221148
0 -0.00995298 -0.0156235 -0.0210966
0 -0.00943461 -0.0145897 -0.0198611
0 -0.00885686 -0.0134012 -0.0184189
0 -0.00824095 -0.0120838 -0.0167914
0 -0.00760701 -0.010669 -0.0150103
0 -0.00697605 -0.00919174 -0.0131147
0 -0.00636523 -0.0076917 -0.0111509
0 -0.00577136 -0.00621026 -0.00916935
0 -0.00518863 -0.00477682 -0.00722449
0 -0.00462676 -0.00340829 -0.00537233
0 -0.00409343 -0.00213333 -0.00366563
0 -0.00359813 -0.000985785 -0.00215379
0 -0.0031631 9.64824e-06 -0.000879762
0 -0.00280767 0.000824697 0.000126766
0 -0.0025423 0.00143018 0.000847209
0 -0.0023752 0.0018068 0.00127613
0 -0.0023101 0.00194279 0.00141805
0 -0.00234497 0.00183665 0.00128035
0 -0.00247735 0.00150238 0.000874634
0 -0.00270501 0.000961657 0.000213042
0 -0.00302402 0.000234692 -0.000691782
0 -0.00342822 -0.000660221 -0.00182336
0 -0.00390545 -0.00170476 -0.00316007
0 -0.00443752 -0.00287904 -0.00467416
0 -0.00500649 -0.00415932 -0.006332
0 -0.0055974 -0.00551851 -0.00809761
0 -0.00619835 -0.00692831 -0.00993376
0 -0.0068007 -0.00835892 -0.0117969
0 -0.00739648 -0.00977927 -0.0136399
0 -0.00797219 -0.0111466 -0.0154129
0 -0.00850491 -0.0124103 -0.017062
0 -0.0089764 -0.0135349 -0.0185354
0 -0.00938106 -0.0144918 -0.0197859
0 -0.00971055 -0.0152533 -0.0207762
0 -0.00995682 -0.015806 -0.0214829
0 -0.0101177 -0.0161427 -0.0218931
0 -0.0101852 -0.0162545 -0.0220024
0 -0.0101481 -0.0161361 -0.0218139
0 -0.0100022 -0.0157888 -0.0213397
0 -0.00974993 -0.0152203 -0.0206008
0 -0.00940054 -0.0144486 -0.0196245
0 -0.00897024 -0.0135019 -0.0184426
0 -0.008479 -0.0124145 -0.0170892
0 -0.00794655 -0.0112239 -0.0156004
0 -0.00739348 -0.00996912 -0.014014
0 -0.00684204 -0.00868692 -0.0123692
0 -0.0063077 -0.00741269 -0.010706
0 -0.00579288 -0.00617552 -0.00906419
0 -0.0053007 -0.00499484 -0.00748522
0 -0.00484001 -0.00388937 -0.00600997
0 -0.00441344 -0.00287889 -0.00467187
0 -0.00402061 -0.00197802 -0.00349425
0 -0.00366451 -0.00119345 -0.00249203
0 -0.00334982 -0.000530363 -0.00167295
0 -0.00308373 5.42929e-06 -0.00103881
0 -0.00287687 0.000409508 -0.000586771
0 -0.0027415 0.000671834 -0.000313057
0 -0.00269056 0.000775814 -0.000218224
0 -0.00273514 0.000706134 -0.000306776
0 -0.00287683 0.000454274 -0.000583869
0 -0.00310663 2.24002e-05 -0.00105452
0 -0.00341052 -0.000576451 -0.00172256
0 -0.00377041 -0.00132149 -0.00258798
0 -0.00416721 -0.00218696 -0.00364364
0 -0.00458768 -0.00314742 -0.00487495
0 -0.0050233 -0.00418026 -0.00625669
0 -0.00546713 -0.00526455 -0.00775017
0 -0.00591601 -0.00638251 -0.00930808
0 -0.00636798 -0.00751903 -0.0108779
0 -0.00682317 -0.00865919 -0.0124095
0 -0.0072838 -0.00977954 -0.0138624
0 -0.00774615 -0.0108458 -0.0152039
0 -0.0081979 -0.0118301 -0.01641
0 -0.00862524 -0.0127133 -0.0174671
0 -0.00901747 -0.0134783 -0.0183699
0 -0.00936038 -0.0141198 -0.0191201
0 -0.00964154 -0.0146405 -0.0197232
0 -0.009853 -0.0150395 -0.0201849
0 -0.00998632 -0.0153146 -0.0205085
0 -0.0100392 -0.0154618 -0.0206936
0 -0.0100142 -0.015473 -0.0207356
0 -0.00991593 -0.0153427 -0.0206262
0 -0.00975316 -0.0150712 -0.0203552
0 -0.00953504 -0.0146633 -0.0199127
0 -0.00926871 -0.0141277 -0.0192922
0 -0.00896252 -0.0134779 -0.0184966
0 -0.00862715 -0.0127316 -0.0175426
0 -0.00827278 -0.0119082 -0.016459
0 -0.00790601 -0.0110268 -0.0152816
0 -0.00752988 -0.0101061 -0.0140491
0 -0.00714777 -0.00916547 -0.0127992
0 -0.00676169 -0.00822562 -0.0115649
0 -0.00637251 -0.00730564 -0.0103723
0 -0.00598191 -0.00642013 -0.00924121
0 -0.00559421 -0.00557977 -0.00818666
0 -0.00522281 -0.00479712 -0.00721973
0 -0.00488032 -0.00408435 -0.00634753
0 -0.00457674 -0.00345015 -0.00557468
0 -0.00432409 -0.00290473 -0.00490457
0 -0.00412668 -0.00245713 -0.00433962
0 -0.00398235 -0.0021107 -0.0038825
0 -0.00388686 -0.00186546 -0.00353647
0 -0.00383405 -0.001719 -0.00330614
0 -0.00381952 -0.0016664 -0.00319828
0 -0.00384068 -0.00170246 -0.00321829
0 -0.00389493 -0.00182228 -0.00336701
0 -0.00397899 -0.0020202 -0.00363892
0 -0.0040902 -0.0022915 -0.00402282
0 -0.00422926 -0.00263448 -0.00450612
0 -0.0043978 -0.00304676 -0.00507477
0 -0.0045965 -0.0035228 -0.00571294
0 -0.00482553 -0.00405525 -0.00640671
0 -0.00508189 -0.00463372 -0.00714356
0 -0.00535851 -0.00524463 -0.00791033
0 -0.00564544 -0.00587266 -0.0086938
0 -0.0059334 -0.00650405 -0.00948302
0 -0.00621559 -0.00712854 -0.01027
0 -0.00648675 -0.0077383 -0.0110476
0 -0.00674749 -0.0083299 -0.01181
0 -0.00700138 -0.00890504 -0.012552
0 -0.00724998 -0.00946349 -0.0132691
0 -0.007496 -0.0100037 -0.013957
0 -0.00774123 -0.0105284 -0.0146112
0 -0.00798097 -0.0110327 -0.015226
0 -0.00820537 -0.0115036 -0.0157933
0 -0.00840394 -0.0119281 -0.016303
0 -0.00856641 -0.0122902 -0.0167455
0 -0.00868803 -0.0125779 -0.0171133
0 -0.00877204 -0.0127879 -0.0174003
0 -0.00882334 -0.0129222 -0.0176018
0 -0.0088462 -0.0129855 -0.0177131
0 -0.00884335 -0.0129826 -0.0177285
0 -0.00881438 -0.0129168 -0.0176457
0 -0.00875963 -0.0127902 -0.0174684
0 -0.0086818 -0.0126054 -0.0172064
0 -0.0085827 -0.0123654 -0.0168734
0 -0.00846304 -0.0120744 -0.0164832
0 -0.00832295 -0.0117388 -0.0160488
0 -0.00816087 -0.0113661 -0.0155795
0 -0.00797588 -0.010963 -0.0150812
0 -0.00777155 -0.0105366 -0.0145598
0 -0.00755417 -0.0100937 -0.0140214
0 -0.00733073 -0.00963851 -0.0134688
0 -0.00710651 -0.00917282 -0.0129024
0 -0.0068835 -0.00869777 -0.012322
0 -0.00666408 -0.00821624 -0.0117267
0 -0.00644993 -0.00773304 -0.0111178
0 -0.00624051 -0.00725254 -0.0105
0 -0.00603895 -0.00678201 -0.00988382
0 -0.00585416 -0.00633464 -0.00928666
0 -0.00569373 -0.00592539 -0.00873015
0 -0.00556162 -0.0055684 -0.00823538
0 -0.00545805 -0.00527463 -0.00782003
0 -0.00537821 -0.00504963 -0.00749724
0 -0.00531707 -0.00489466 -0.00727466
0 -0.00527157 -0.00480608 -0.00715427
0 -0.00524112 -0.00477789 -0.00713365
0 -0.00523054 -0.00480698 -0.007208
0 -0.00524665 -0.00489245 -0.00736889
0 -0.00529363 -0.00503403 -0.00760345
0 -0.00537258 -0.00523176 -0.0078969
0 -0.0054817 -0.00548359 -0.00823543
0 -0.00561653 -0.00578344 -0.0086082
0 -0.00576855 -0.00611823 -0.0090056
0 -0.0059244 -0.00646696 -0.00941635
0 -0.00606902 -0.00680503 -0.00982748
0 -0.00618851 -0.00710813 -0.0102224
0 -0.00627046 -0.00735382 -0.0105781
0 -0.00630709 -0.00752456 -0.0108682
0 -0.00629894 -0.00761069 -0.0110678
0 -0.00625404 -0.00761036 -0.0111558
0 -0.0061847 -0.00752794 -0.0111182
0 -0.00610372 -0.00737205 -0.0109505
0 -0.00602118 -0.00715456 -0.0106591
0 -0.00594046 -0.00688788 -0.0102595
0 -0.0058579 -0.00658221 -0.00977433
0 -0.00576419 -0.00624388 -0.00923047
0 -0.00564675 -0.0058743 -0.00865472
0 -0.00549754 -0.00547541 -0.00807333
0 -0.00531609 -0.00505331 -0.00750893
0 -0.00510925 -0.00461744 -0.00697724
0 -0.00489185 -0.00418374 -0.00648728
0 -0.00468234 -0.00377272 -0.00604257
0 -0.00449654 -0.00340283 -0.00564184
0 -0.00434605 -0.00308958 -0.00528255
0 -0.00424007 -0.00284599 -0.00496812
0 -0.00418506 -0.00268156 -0.00471052
0 -0.00418349 -0.00260308 -0.0045288
0 -0.00423534 -0.00261698 -0.0044483
0 -0.00433766 -0.00273008 -0.00449656
0 -0.00448499 -0.00294946 -0.00469759
0 -0.0046718 -0.00328189 -0.00506952
0 -0.00489343 -0.00373174 -0.00562251
0 -0.00514728 -0.00429916 -0.00635665
0 -0.00543299 -0.00497885 -0.00726135
0 -0.0057507 -0.00575952 -0.00831586
0 -0.00609948 -0.00662445 -0.00948987
0 -0.00647585 -0.00755419 -0.0107459
0 -0.00687532 -0.00852918 -0.0120458
0 -0.00729539 -0.00953055 -0.0133534
0 -0.00772835 -0.010531 -0.0146345
0 -0.00815777 -0.0114985 -0.0158574
0 -0.0085705 -0.0124119 -0.0169957
0 -0.0089592 -0.0132506 -0.0180307
0 -0.00931388 -0.0139964 -0.018949
0 -0.00962471 -0.0146405 -0.01974
0 -0.0098833 -0.0151726 -0.0203935
0 -0.0100786 -0.0155829 -0.0209001
0 -0.0102028 -0.015864 -0.0212516
0 -0.0102513 -0.0160043 -0.0214374
0 -0.0102192 -0.0159917 -0.0214458
0 -0.0101077 -0.0158187 -0.0212676
0 -0.00992277 -0.0154831 -0.0208951
0 -0.00967016 -0.014988 -0.0203229
0 -0.00935679 -0.0143422 -0.019551
0 -0.00899204 -0.013561 -0.0185878
0 -0.00858514 -0.0126624 -0.0174513
0 -0.00814518 -0.0116667 -0.0161683
0 -0.00768302 -0.0105974 -0.0147752
0 -0.00721305 -0.00948127 -0.013314
0 -0.0067465 -0.0083458 -0.0118258
0 -0.00628584 -0.00722028 -0.0103473
0 -0.00583007 -0.00612778 -0.00891057
0 -0.00537988 -0.00508103 -0.00754415
0 -0.0049429 -0.00409699 -0.00627358
0 -0.00452903 -0.0031937 -0.00512001
0 -0.00415106 -0.00238395 -0.00410139
0 -0.00382895 -0.00168623 -0.00323514
0 -0.00357981 -0.0011238 -0.00253739
0 -0.00341392 -0.000716423 -0.00202198
0 -0.0033353 -0.000479611 -0.00169999
0 -0.00333988 -0.000422506 -0.00158038
0 -0.00341894 -0.000543657 -0.00167138
0 -0.00356308 -0.000832475 -0.00197794
0 -0.00376236 -0.0012724 -0.00249834
0 -0.00400683 -0.00184257 -0.00322212
0 -0.0042888 -0.00252232 -0.00413014
0 -0.00460339 -0.00329421 -0.00519412
0 -0.00494761 -0.00414332 -0.0063785
0 -0.00531969 -0.00505661 -0.00764492
0 -0.00571696 -0.00602031 -0.00895277
0 -0.00613422 -0.00701664 -0.0102632
0 -0.00656378 -0.00802324 -0.0115457
0 -0.00699882 -0.00901677 -0.0127779
0 -0.00743016 -0.00996877 -0.0139425
0 -0.00784317 -0.0108513 -0.0150252
0 -0.00822112 -0.0116492 -0.0160111
0 -0.00854783 -0.0123472 -0.0168839
0 -0.00881386 -0.0129299 -0.0176271
0 -0.00901365 -0.0133913 -0.0182256
0 -0.00914509 -0.0137229 -0.0186661
0 -0.00921127 -0.0139168 -0.0189367
0 -0.00921556 -0.0139697 -0.0190291
0 -0.00916336 -0.0138818 -0.0189396
0 -0.00905957 -0.0136573 -0.0186691
0 -0.00890569 -0.0133041 -0.0182232
0 -0.00870268 -0.012832 -0.0176127
0 -0.00845215 -0.0122523 -0.016855
0 -0.00815736 -0.0115773 -0.0159727
0 -0.00782345 -0.0108206 -0.0149913
0 -0.00745854 -0.00999705 -0.0139367
0 -0.0070741 -0.00912494 -0.0128338
0 -0.00668157 -0.00822628 -0.0117045
0 -0.00629132 -0.00732474 -0.010568
0 -0.00590972 -0.00644348 -0.009443
0 -0.00554386 -0.0056009 -0.00835094
0 -0.00520733 -0.00481518 -0.00731685
0 -0.00490778 -0.00410464 -0.00636769
0 -0.0046488 -0.00348259 -0.0055281
0 -0.00443598 -0.00295948 -0.00481907
0 -0.00426943 -0.00254544 -0.00425846
0 -0.00414807 -0.00224812 -0.00385882
0 -0.00407287 -0.00207083 -0.00362661
0 -0.00404345 -0.00201516 -0.00356326
0 -0.0040602 -0.00207987 -0.00366494
0 -0.00412495 -0.00226004 -0.00392334
0 -0.00423849 -0.00254981 -0.00432633
0 -0.0043996 -0.00294126 -0.00485847
0 -0.00460533 -0.00342416 -0.00550238
0 -0.00485068 -0.00398733 -0.00623963
0 -0.00512846 -0.00461759 -0.00705231
0 -0.00543038 -0.00529952 -0.00792304
0 -0.00574788 -0.00601678 -0.00883452
0 -0.00607228 -0.00675251 -0.00976986
0 -0.00639465 -0.00749002 -0.0107125
0 -0.00670732 -0.00821379 -0.0116457
0 -0.0070058 -0.00891231 -0.012552
0 -0.00728543 -0.00957243 -0.0134126
0 -0.00754054 -0.0101782 -0.0142079
0 -0.00776896 -0.0107209 -0.0149187
0 -0.00796896 -0.0111915 -0.0155283
0 -0.00813775 -0.0115785 -0.0160233
0 -0.00827449 -0.0118768 -0.0163949
0 -0.00837579 -0.0120815 -0.0166388
0 -0.00843672 -0.0121885 -0.0167546
0 -0.00845433 -0.0121981 -0.0167454
0 -0.008425 -0.0121111 -0.016617
0 -0.00834696 -0.0119294 -0.0163767
0 -0.00822254 -0.0116583 -0.0160335
0 -0.00805611 -0.0113049 -0.0155964
0 -0.00785457 -0.0108781 -0.0150746
0 -0.00762624 -0.0103891 -0.0144776
0 -0.00738002 -0.00985116 -0.0138156
0 -0.0071253 -0.00927904 -0.0131008
0 -0.00686934 -0.00868732 -0.012347
0 -0.00661812 -0.00809003 -0.01157
0 -0.00637698 -0.00750222 -0.0107884
0 -0.00614749 -0.00693513 -0.0100221
0 -0.00593003 -0.00639721 -0.00929176
0 -0.00572736 -0.00589814 -0.00861719
0 -0.00554075 -0.00544738 -0.00801607
0 -0.00537136 -0.00505335 -0.0075023
0 -0.00522284 -0.00472298 -0.00708522
0 -0.0050998 -0.00446361 -0.00676992
0 -0.00500754 -0.00428081 -0.00655777
0 -0.00495101 -0.00417714 -0.00644759
0 -0.00493393 -0.00415516 -0.0064364
0 -0.00495785 -0.00421477 -0.00652013
0 -0.00502144 -0.00435285 -0.00669438
0 -0.00512126 -0.00456526 -0.00695468
0 -0.00525217 -0.00484504 -0.00729628
0 -0.0054076 -0.00518302 -0.00771351
0 -0.00558095 -0.00556943 -0.00819909
0 -0.00576634 -0.00599353 -0.00874342
0 -0.00595877 -0.00644442 -0.00933402
0 -0.0061538 -0.00691191 -0.00995599
0 -0.00634772 -0.00738606 -0.0105928
0 -0.00653813 -0.00785719 -0.011227
0 -0.00672408 -0.00831686 -0.0118419
0 -0.00690419 -0.00875707 -0.0124218
0 -0.00707586 -0.00916699 -0.012953
0 -0.00723659 -0.00953651 -0.0134246
0 -0.00738214 -0.00985961 -0.0138282
0 -0.00750762 -0.0101293 -0.0141576
0 -0.00760932 -0.0103392 -0.0144092
0 -0.00768246 -0.010486 -0.0145813
0 -0.00772304 -0.0105665 -0.0146736
0 -0.00772994 -0.0105796 -0.0146871
0 -0.00770343 -0.0105264 -0.0146234
0 -0.00764563 -0.0104091 -0.0144847
0 -0.0075602 -0.0102319 -0.0142735
0 -0.00745192 -0.0100009 -0.0139938
0 -0.00732569 -0.00972298 -0.0136507
0 -0.00718518 -0.00940614 -0.0132511
0 -0.0070353 -0.00905816 -0.0128041
0 -0.0068801 -0.00868717 -0.0123201
0 -0.00672158 -0.00830204 -0.0118116
0 -0.00656293 -0.00791214 -0.0112919
0 -0.0064058 -0.00752529 -0.0107748
0 -0.00625094 -0.0071482 -0.0102732
0 -0.006101 -0.00678919 -0.00979942
0 -0.00595857 -0.00645568 -0.00936417
0 -0.00582676 -0.00615418 -0.00897647
0 -0.00570949 -0.00589192 -0.00864338
0 -0.0056106 -0.00567419 -0.0083702
0 -0.00553336 -0.00550518 -0.0081605
0 -0.00548013 -0.00538878 -0.00801647
0 -0.00545265 -0.00532698 -0.00793911
0 -0.00545128 -0.00532034 -0.00792852
0 -0.00547486 -0.00536808 -0.00798407
0 -0.00552162 -0.00546773 -0.00810433
0 -0.005589 -0.00561538 -0.00828679
0 -0.00567399 -0.0058062 -0.00852763
0 -0.00577369 -0.00603462 -0.00882137
0 -0.00588523 -0.00629449 -0.00916082
0 -0.00600564 -0.00657953 -0.00953724
0 -0.00613214 -0.0068831 -0.00994068
0 -0.00626253 -0.00719828 -0.0103603
0 -0.00639469 -0.00751844 -0.0107853
0 -0.0065261 -0.00783659 -0.0112048
