0 -0.00664992 -0.0081403 -0.0116041
0 -0.00675727 -0.00841416 -0.0119653
0 -0.00684801 -0.0086516 -0.0122803
0 -0.00692753 -0.00885186 -0.0125472
0 -0.00699637 -0.00901121 -0.0127599
0 -0.00705154 -0.00912767 -0.0129128
0 -0.00709163 -0.00920304 -0.0130049
0 -0.00711131 -0.00923408 -0.0130329
0 -0.00710302 -0.00921405 -0.0129932
0 -0.00707039 -0.00914488 -0.0128931
0 -0.00702243 -0.0090336 -0.0127447
0 -0.00695564 -0.0088774 -0.0125477
0 -0.00686135 -0.00866984 -0.0122948
0 -0.00674918 -0.00842318 -0.0119956
0 -0.00664273 -0.00816606 -0.0116749
0 -0.00655551 -0.00792074 -0.0113514
0 -0.00648483 -0.00769604 -0.0110334
0 -0.0064232 -0.00749618 -0.0107301
0 -0.00636026 -0.00731703 -0.0104483
0 -0.00627397 -0.00713414 -0.0101782
0 -0.00615436 -0.00692689 -0.00991382
0 -0.00602483 -0.00670531 -0.00967151
0 -0.00589872 -0.00647561 -0.00944985
0 -0.00575952 -0.00622091 -0.00921265
0 -0.0056049 -0.00594047 -0.00893587
0 -0.00545565 -0.00565553 -0.00862152
0 -0.00533491 -0.00538908 -0.0082835
0 -0.0052727 -0.0051758 -0.00795845
0 -0.00529303 -0.00505493 -0.00769683
0 -0.00538306 -0.00503955 -0.00753068
0 -0.00550253 -0.00511719 -0.007473
0 -0.00562097 -0.00527443 -0.00754098
0 -0.00573835 -0.00551266 -0.00776642
0 -0.00586232 -0.00582922 -0.00816719
0 -0.00597489 -0.00618934 -0.00871084
0 -0.00606099 -0.00655861 -0.00934388
0 -0.00613303 -0.00693007 -0.010021
0 -0.00619539 -0.00728818 -0.0106782
0 -0.00625773 -0.00762123 -0.0112599
0 -0.00637408 -0.00796706 -0.0117724
0 -0.00657888 -0.00835416 -0.0122316
0 -0.00681437 -0.0087309 -0.0125934
0 -0.0069799 -0.00900705 -0.0127918
0 -0.00702751 -0.00912522 -0.0128141
0 -0.00699423 -0.00909686 -0.0127195
0 -0.00694632 -0.00897463 -0.0125814
0 -0.00691678 -0.00880524 -0.0124344
0 -0.00692772 -0.00865547 -0.0123067
0 -0.00703088 -0.00864031 -0.0122691
0 -0.00726235 -0.0088573 -0.0123987
0 -0.00759643 -0.00932306 -0.0127326
0 -0.00795785 -0.00997039 -0.0132652
0 -0.00822467 -0.0106439 -0.0139254
0 -0.00828792 -0.011164 -0.0146076
0 -0.00815889 -0.0114466 -0.0152549
0 -0.00795328 -0.0115218 -0.0158462
0 -0.00777546 -0.0114609 -0.0163245
0 -0.00765898 -0.0113233 -0.0165847
0 -0.00759344 -0.0111514 -0.0165319
0 -0.00758298 -0.0109874 -0.016161
0 -0.007663 -0.0108738 -0.0155754
0 -0.00784058 -0.0108141 -0.0149169
0 -0.00805092 -0.0107546 -0.0142926
0 -0.0081947 -0.0106287 -0.0137675
0 -0.00818502 -0.010392 -0.0133657
0 -0.00795839 -0.0100099 -0.013055
0 -0.00749023 -0.00944951 -0.0127498
0 -0.00682681 -0.00870821 -0.0123532
0 -0.00612227 -0.00785943 -0.0118326
0 -0.00560361 -0.00706742 -0.011248
0 -0.00542557 -0.00650084 -0.0106687
0 -0.00558233 -0.00623621 -0.0101096
0 -0.00593531 -0.00624863 -0.0095599
0 -0.00628671 -0.00642327 -0.00902359
0 -0.00647954 -0.0065963 -0.00854595
0 -0.00646006 -0.00664151 -0.00820947
0 -0.00624794 -0.00649006 -0.00806416
0 -0.00587329 -0.00610001 -0.00806928
0 -0.00537293 -0.00548762 -0.00811532
0 -0.00482204 -0.00475708 -0.0080704
0 -0.00432511 -0.00405121 -0.00782748
0 -0.00397941 -0.00348549 -0.00733951
0 -0.00383597 -0.00310412 -0.00661359
0 -0.00388815 -0.00287717 -0.00571615
0 -0.00410362 -0.00275762 -0.00478819
0 -0.00442009 -0.00270839 -0.00399482
0 -0.00472335 -0.00268201 -0.00344622
0 -0.00490486 -0.00265167 -0.00319498
0 -0.00491942 -0.00263808 -0.00327228
0 -0.00477207 -0.00266817 -0.00365701
0 -0.0045266 -0.00277108 -0.00428548
0 -0.00433701 -0.00302531 -0.00514145
0 -0.00438359 -0.00353897 -0.00622727
0 -0.00473808 -0.0043588 -0.00748452
0 -0.00531763 -0.00542558 -0.0087927
0 -0.00596064 -0.00660704 -0.0100166
0 -0.00652261 -0.00774956 -0.0110816
0 -0.00691778 -0.00870742 -0.0119703
0 -0.00711837 -0.0093676 -0.0126859
0 -0.00716854 -0.00970713 -0.0132641
0 -0.00720051 -0.00984586 -0.0137838
0 -0.00737147 -0.0100066 -0.0143385
0 -0.00775566 -0.0103932 -0.0149762
0 -0.00833301 -0.0111246 -0.0157136
0 -0.00903753 -0.0122186 -0.0165839
0 -0.00973772 -0.0135358 -0.0175906
0 -0.0102579 -0.0148067 -0.0186799
0 -0.0105014 -0.0157868 -0.0197968
0 -0.0104846 -0.0163491 -0.020886
0 -0.0102559 -0.0164649 -0.0218243
0 -0.00987178 -0.0161895 -0.0224309
0 -0.00944763 -0.0156802 -0.0225779
0 -0.00911314 -0.0151175 -0.0222204
0 -0.00885692 -0.0145142 -0.0212888
0 -0.00852699 -0.0136934 -0.0196947
0 -0.00801888 -0.0124764 -0.0174775
0 -0.00734055 -0.0107872 -0.01481
0 -0.00654783 -0.008653 -0.0118836
0 -0.00572757 -0.00625079 -0.00888393
0 -0.00499311 -0.00389888 -0.00603482
0 -0.00442161 -0.00190439 -0.00353343
0 -0.00398343 -0.000427456 -0.00145124
0 -0.00360226 0.000522029 0.000174774
0 -0.00330835 0.0009811 0.00121716
0 -0.00316116 0.00103928 0.00157432
0 -0.00301845 0.000973778 0.00140069
0 -0.00263754 0.00113441 0.00104924
0 -0.00198161 0.00164436 0.000779518
0 -0.00127359 0.00233581 0.000647418
0 -0.000807306 0.00293086 0.000620695
0 -0.000796421 0.00316823 0.000655575
0 -0.00131323 0.00285364 0.000663276
0 -0.00227207 0.00192477 0.000511118
0 -0.00346932 0.000475424 4.2265e-05
0 -0.00465564 -0.00127825 -0.000877169
0 -0.00566828 -0.00312941 -0.0023775
0 -0.00650476 -0.00500669 -0.00461938
0 -0.00724162 -0.0069548 -0.00764736
0 -0.00794089 -0.00904518 -0.01133
0 -0.00864871 -0.0113664 -0.0154313
0 -0.00939913 -0.0139703 -0.0196232
0 -0.0101979 -0.0167191 -0.0235821
0 -0.0110372 -0.0193732 -0.0270659
0 -0.0118899 -0.021731 -0.0298734
0 -0.0126795 -0.0235494 -0.0318763
0 -0.0133002 -0.0246237 -0.0330062
0 -0.0137031 -0.0249648 -0.0332813
0 -0.0139449 -0.024763 -0.0328755
0 -0.0141293 -0.0242909 -0.0320425
0 -0.0142757 -0.0237678 -0.0309832
0 -0.0142201 -0.0231655 -0.0297257
0 -0.0137365 -0.0222601 -0.0281951
0 -0.0127723 -0.0208814 -0.0263869
0 -0.0114586 -0.0189772 -0.0243494
0 -0.00995208 -0.0165515 -0.0220634
0 -0.008368 -0.013682 -0.0194187
0 -0.00681286 -0.0105207 -0.0162849
0 -0.00536323 -0.00722559 -0.0125778
0 -0.00399391 -0.00391769 -0.00829407
0 -0.00270717 -0.000718849 -0.00358285
0 -0.00168578 0.00222349 0.00117052
0 -0.00111611 0.00474218 0.00543434
0 -0.000981525 0.00666651 0.00881801
0 -0.00106657 0.00795759 0.0111665
0 -0.00106913 0.00872491 0.0124706
0 -0.000752477 0.00909665 0.0128418
0 -6.37152e-05 0.00922464 0.0124396
0 0.000849104 0.00926512 0.0114593
0 0.00172497 0.00925332 0.0101086
0 0.00226183 0.00906617 0.00854582
0 0.00221865 0.00852769 0.00690343
0 0.00156323 0.00752368 0.00534231
0 0.000425344 0.0060109 0.00397565
0 -0.00105099 0.0039912 0.00269218
0 -0.00270305 0.00155261 0.00123402
0 -0.00430086 -0.00106797 -0.0005902
0 -0.00564704 -0.00359502 -0.00290328
0 -0.00670634 -0.00592855 -0.00583059
0 -0.00756183 -0.00814384 -0.0093892
0 -0.00828558 -0.0103642 -0.0134349
0 -0.00889537 -0.0126978 -0.0176702
0 -0.00941546 -0.0151104 -0.0216884
0 -0.00992628 -0.0174387 -0.0251859
0 -0.0105206 -0.0195712 -0.0279864
0 -0.0112401 -0.0213805 -0.0299857
0 -0.0120346 -0.0226749 -0.0311617
0 -0.0127743 -0.0233695 -0.0315264
0 -0.0133188 -0.0234943 -0.0311575
0 -0.0135583 -0.0230975 -0.0301913
0 -0.013441 -0.022276 -0.0287854
0 -0.0130016 -0.0211598 -0.0271308
0 -0.0123829 -0.019885 -0.0254481
0 -0.0117976 -0.0186504 -0.0239696
0 -0.0113845 -0.01763 -0.0228336
0 -0.0110918 -0.0168328 -0.0219851
0 -0.0107601 -0.0161628 -0.0212596
0 -0.010323 -0.0155586 -0.0205631
0 -0.00983967 -0.0149959 -0.0199004
0 -0.00934331 -0.0143919 -0.0192365
0 -0.0087431 -0.0135565 -0.0184005
0 -0.00790081 -0.0122705 -0.0171536
0 -0.00679829 -0.0104428 -0.0153395
0 -0.00561628 -0.00819395 -0.0129797
0 -0.00456374 -0.00575585 -0.0101988
0 -0.00371417 -0.00334031 -0.00710969
0 -0.00306968 -0.00110679 -0.00382418
0 -0.00260454 0.000857169 -0.000525702
0 -0.00229696 0.00247855 0.00247203
0 -0.00220156 0.00361041 0.00480337
0 -0.00239866 0.00409224 0.00612291
0 -0.00285421 0.00385732 0.00619831
0 -0.00334847 0.0030101 0.00511702
0 -0.00356989 0.00184986 0.00323337
0 -0.00332987 0.000726076 0.000973867
0 -0.00271065 -0.000142358 -0.0013079
0 -0.00198454 -0.000665439 -0.00337215
0 -0.00140219 -0.000819516 -0.00494147
0 -0.00107377 -0.000622936 -0.00569556
0 -0.000994875 -0.000110446 -0.00543329
0 -0.00116638 0.00055687 -0.00418074
0 -0.00169666 0.000999041 -0.00232053
0 -0.00277969 0.000784426 -0.000569918
0 -0.00447871 -0.000339487 0.000276491
0 -0.00651255 -0.00235577 -0.000243032
0 -0.00843037 -0.00505201 -0.00227129
0 -0.00995164 -0.00819587 -0.00589754
0 -0.0110171 -0.0116257 -0.0109901
0 -0.0116035 -0.015147 -0.0171268
0 -0.0117153 -0.0185535 -0.0237087
0 -0.0115341 -0.021596 -0.0299675
0 -0.0113205 -0.0239431 -0.0351472
0 -0.0112335 -0.0254969 -0.0386943
0 -0.0113247 -0.0262472 -0.0401791
0 -0.0115701 -0.0260663 -0.0394599
0 -0.0118849 -0.0250268 -0.0367604
0 -0.0121441 -0.0232907 -0.0325258
0 -0.0121673 -0.0208726 -0.0273444
0 -0.0117716 -0.0178645 -0.0218128
0 -0.0108953 -0.0145329 -0.0165161
0 -0.00960055 -0.0111206 -0.011894
0 -0.00801971 -0.00778661 -0.00813179
0 -0.00629362 -0.00471249 -0.00525982
0 -0.00450904 -0.00205572 -0.00314171
0 -0.0027809 0.000172735 -0.00151774
0 -0.0012675 0.00206298 -0.000109071
0 -4.83476e-05 0.00371979 0.00135511
0 0.000859726 0.00525526 0.00305719
0 0.00145602 0.00675346 0.00507292
0 0.00180407 0.00822043 0.00738078
0 0.00198028 0.00959236 0.00981196
0 0.00197167 0.0107229 0.0120651
0 0.0017547 0.0114312 0.0137949
0 0.00140797 0.0116331 0.0147454
0 0.00106866 0.0113611 0.0148136
0 0.000814943 0.010669 0.0139719
0 0.00057304 0.00953814 0.0121952
0 0.00015605 0.00787604 0.00947306
0 -0.000573513 0.00562361 0.00591178
0 -0.00162715 0.00281547 0.0017536
0 -0.00296081 -0.000470443 -0.0027727
0 -0.00454927 -0.00415881 -0.00750444
0 -0.00639825 -0.00817928 -0.0123452
0 -0.00846343 -0.0124167 -0.0172422
0 -0.0105357 -0.0166294 -0.0220757
0 -0.0123616 -0.0205422 -0.0267134
0 -0.0138537 -0.0240039 -0.0310528
0 -0.0150122 -0.0269061 -0.03495
0 -0.0158058 -0.0291315 -0.038229
0 -0.0162492 -0.0306476 -0.040714
0 -0.0164316 -0.0314873 -0.0422655
0 -0.0164249 -0.0316969 -0.0428085
0 -0.0162921 -0.0313636 -0.0423677
0 -0.0161504 -0.0306316 -0.0410995
0 -0.0160865 -0.0296501 -0.0392468
0 -0.0160679 -0.0285212 -0.0370582
0 -0.015986 -0.0272914 -0.0347409
0 -0.0156733 -0.0259187 -0.032415
0 -0.014922 -0.0242581 -0.0300785
0 -0.013594 -0.0221217 -0.0276295
0 -0.0117006 -0.0193695 -0.0249243
0 -0.009403 -0.0159773 -0.0218191
0 -0.00697495 -0.012029 -0.0181697
0 -0.00468689 -0.00767825 -0.0138349
0 -0.00263454 -0.00311887 -0.00872351
0 -0.000825191 0.0014062 -0.00288409
0 0.000646634 0.00566959 0.00342914
0 0.00173129 0.00953984 0.00975725
0 0.00249296 0.0128943 0.015576
0 0.00298892 0.0156139 0.0204201
0 0.00326492 0.0176378 0.023884
0 0.00341645 0.0189039 0.0257334
0 0.00355319 0.0193404 0.0259371
0 0.00371595 0.0189553 0.0246325
0 0.00388947 0.0178387 0.0221198
0 0.0040145 0.0161 0.0187656
0 0.00395647 0.0139257 0.0149591
0 0.00359088 0.0115639 0.011086
0 0.00287731 0.0091958 0.00746092
0 0.00181512 0.0069019 0.00429267
0 0.000454179 0.00468244 0.00168043
0 -0.00107644 0.00248894 -0.000408581
0 -0.00263137 0.00028398 -0.00212349
0 -0.00407982 -0.00189971 -0.00367057
0 -0.00529035 -0.00394535 -0.00524247
0 -0.00616965 -0.00571185 -0.00695016
0 -0.00670448 -0.00712412 -0.00884638
0 -0.00697118 -0.00823248 -0.01095
0 -0.00709272 -0.00916825 -0.0131737
0 -0.00717675 -0.010042 -0.0153174
0 -0.00736039 -0.010984 -0.0172276
0 -0.00782933 -0.0121808 -0.0188977
0 -0.00865801 -0.0136926 -0.0203526
0 -0.00964788 -0.01529 -0.0215132
0 -0.0104251 -0.0165644 -0.0222197
0 -0.0106862 -0.0171355 -0.0223534
0 -0.0102574 -0.0167035 -0.0218189
0 -0.00906485 -0.0150732 -0.0204582
0 -0.00718543 -0.0122295 -0.0180949
0 -0.00485177 -0.00834304 -0.0146018
0 -0.00241332 -0.00370055 -0.00991508
0 -0.0001197 0.00140792 -0.00403984
0 0.00203594 0.00673611 0.00292897
0 0.00406609 0.0121073 0.0107697
0 0.00597418 0.0175264 0.0190757
0 0.00794431 0.0230699 0.0274271
0 0.0101864 0.0287289 0.0354708
0 0.0128093 0.0345412 0.0428813
0 0.0158711 0.0405443 0.0495441
0 0.0192768 0.0465295 0.0553865
0 0.02267 0.0520637 0.060256
0 0.0254764 0.0566615 0.0640289
0 0.0271446 0.0598281 0.0665731
0 0.0275351 0.0611035 0.0677013
0 0.0266441 0.0601456 0.0671189
0 0.0242784 0.0567929 0.0644972
0 0.0206309 0.0511466 0.0595613
0 0.0163179 0.0435499 0.0521061
0 0.01174 0.034457 0.0420585
0 0.00699788 0.0243103 0.0295599
0 0.00218474 0.0134511 0.0149976
0 -0.00261483 0.00196401 -0.0010703
0 -0.00759374 -0.0102085 -0.0180256
0 -0.0130834 -0.0230175 -0.0351495
0 -0.0192892 -0.0365466 -0.0518722
0 -0.0263358 -0.0509735 -0.0680232
0 -0.0343167 -0.066187 -0.0835523
0 -0.0434471 -0.0819148 -0.0985034
0 -0.0535481 -0.0979052 -0.113038
0 -0.0636182 -0.113803 -0.127387
0 -0.073045 -0.129192 -0.141795
0 -0.0818445 -0.143709 -0.156227
0 -0.0894602 -0.156938 -0.170315
0 -0.095099 -0.16847 -0.183499
0 -0.0987923 -0.17815 -0.195192
0 -0.100932 -0.185951 -0.205044
0 -0.101602 -0.191669 -0.212942
0 -0.101024 -0.19501 -0.218754
0 -0.0996545 -0.195808 -0.222226
0 -0.0977359 -0.194095 -0.223122
0 -0.0954522 -0.190167 -0.2213
0 -0.0931129 -0.184678 -0.216656
0 -0.0909069 -0.178463 -0.209298
0 -0.0890971 -0.172313 -0.199872
0 -0.0882003 -0.167056 -0.189692
0 -0.0884163 -0.163233 -0.180231
0 -0.0891284 -0.160581 -0.172377
0 -0.0893269 -0.158254 -0.166414
0 -0.088499 -0.155696 -0.162445
0 -0.0868468 -0.15317 -0.1607
0 -0.0845413 -0.150824 -0.160871
0 -0.0812762 -0.148067 -0.161666
0 -0.076947 -0.144535 -0.161762
0 -0.0722762 -0.140602 -0.160511
0 -0.0683084 -0.136754 -0.157938
0 -0.0656583 -0.133192 -0.154186
0 -0.0644493 -0.130035 -0.14934
0 -0.0643578 -0.127126 -0.143549
0 -0.0646207 -0.123965 -0.136857
0 -0.0644534 -0.120143 -0.129551
0 -0.063467 -0.115562 -0.122226
0 -0.0616565 -0.11041 -0.115409
0 -0.0591691 -0.104964 -0.109476
0 -0.0560673 -0.0993109 -0.104452
0 -0.0523311 -0.0934197 -0.0999919
0 -0.0480957 -0.0874509 -0.0957532
0 -0.0436662 -0.081652 -0.091473
0 -0.0394148 -0.0762161 -0.0869901
0 -0.0358389 -0.0714369 -0.0823897
0 -0.0335009 -0.067694 -0.0780681
0 -0.032705 -0.0651856 -0.0744333
0 -0.0331423 -0.0636499 -0.0714936
0 -0.0338843 -0.0623812 -0.0688353
0 -0.0338628 -0.0606231 -0.0659673
0 -0.0324568 -0.0579132 -0.0626594
0 -0.0297473 -0.0541975 -0.0589741
0 -0.026348 -0.0497732 -0.0552034
0 -0.0229813 -0.0450808 -0.0516279
0 -0.0200643 -0.0404487 -0.0482184
0 -0.0177114 -0.0360778 -0.0447699
0 -0.0158849 -0.0321096 -0.0410946
0 -0.0143021 -0.0284453 -0.0369142
0 -0.0126577 -0.0248522 -0.032096
0 -0.0110036 -0.0213246 -0.0269718
0 -0.0096355 -0.0180521 -0.02214
0 -0.00879662 -0.0152378 -0.0181681
0 -0.00864372 -0.0131651 -0.0154712
0 -0.00930278 -0.0122536 -0.0143877
0 -0.010761 -0.0129361 -0.0152068
0 -0.0128787 -0.0155719 -0.0181502
0 -0.0154883 -0.020297 -0.0233157
0 -0.0182918 -0.0268098 -0.0305648
0 -0.0210986 -0.034573 -0.0397373
0 -0.0242113 -0.0432119 -0.0508106
0 -0.0280581 -0.0525512 -0.0636638
0 -0.0326516 -0.0625663 -0.0779012
0 -0.0376819 -0.0731085 -0.0926571
0 -0.0428034 -0.0837539 -0.106854
0 -0.0477696 -0.0942234 -0.119729
0 -0.0525663 -0.104376 -0.13084
0 -0.0571999 -0.113974 -0.140177
0 -0.0617015 -0.122827 -0.148095
0 -0.0663536 -0.130871 -0.155011
0 -0.0710361 -0.137976 -0.161273
0 -0.0753093 -0.143931 -0.167
0 -0.0790265 -0.14862 -0.172065
0 -0.0817201 -0.151887 -0.1761
0 -0.0827196 -0.153476 -0.178574
0 -0.0818637 -0.153181 -0.179012
0 -0.0793117 -0.150809 -0.177105
0 -0.0755488 -0.146286 -0.172777
0 -0.071441 -0.139859 -0.166193
0 -0.0677934 -0.132116 -0.157686
0 -0.0649949 -0.123844 -0.147663
0 -0.0630372 -0.115836 -0.136587
0 -0.0616773 -0.10872 -0.125075
0 -0.0605254 -0.102835 -0.113943
0 -0.0592961 -0.0980331 -0.104202
0 -0.0579329 -0.0938419 -0.096551
0 -0.0564078 -0.0900966 -0.0912717
0 -0.0546287 -0.0869258 -0.0884884
0 -0.0525205 -0.0842345 -0.087795
0 -0.0500848 -0.0819382 -0.0884927
0 -0.0473739 -0.080215 -0.0897926
0 -0.044532 -0.0789653 -0.0908897
0 -0.041883 -0.0778889 -0.0912671
0 -0.0398886 -0.0769564 -0.0907748
0 -0.0389882 -0.0761797 -0.0896225
0 -0.0393801 -0.0755708 -0.0880872
0 -0.0409191 -0.0754025 -0.0864636
0 -0.0431455 -0.07598 -0.0850954
0 -0.0454647 -0.0774114 -0.0844004
0 -0.0474612 -0.0797415 -0.0848848
0 -0.0489943 -0.0828757 -0.0870187
0 -0.0500927 -0.0864812 -0.0911126
0 -0.0508371 -0.0901846 -0.0970329
0 -0.051286 -0.0937228 -0.104197
0 -0.0514709 -0.0970253 -0.111806
0 -0.0513881 -0.0999739 -0.118774
0 -0.0510822 -0.102235 -0.124061
0 -0.0507367 -0.103671 -0.127101
0 -0.0505899 -0.104259 -0.127664
0 -0.050806 -0.103894 -0.125932
0 -0.05139 -0.102651 -0.122396
0 -0.0521652 -0.100763 -0.117655
0 -0.0528476 -0.0984606 -0.112431
0 -0.0531476 -0.0960358 -0.10737
0 -0.0528706 -0.0937547 -0.103008
0 -0.0519734 -0.0916278 -0.0997179
0 -0.0505835 -0.08963 -0.0976575
0 -0.0490003 -0.0879348 -0.096868
0 -0.0476128 -0.0867155 -0.0972522
0 -0.04675 -0.0861408 -0.0985628
0 -0.0465267 -0.0863866 -0.10037
0 -0.0467755 -0.0873498 -0.102139
0 -0.0472161 -0.0886595 -0.103469
0 -0.0476812 -0.089966 -0.104202
0 -0.0480863 -0.0909503 -0.104382
0 -0.0482582 -0.0912082 -0.104007
0 -0.0479644 -0.0904117 -0.102962
0 -0.0471218 -0.0885317 -0.101175
0 -0.0458134 -0.0857731 -0.0986196
0 -0.0441791 -0.0824312 -0.0952734
0 -0.0423436 -0.0787461 -0.0911044
0 -0.0403455 -0.0747544 -0.0860597
0 -0.038198 -0.0704025 -0.0801866
0 -0.0359581 -0.0657027 -0.0737317
0 -0.0336777 -0.0606889 -0.0670397
0 -0.0314071 -0.0554382 -0.0604398
0 -0.0292455 -0.0501801 -0.0542941
0 -0.0273328 -0.0452689 -0.0489541
0 -0.0258186 -0.0410957 -0.0446706
0 -0.0248134 -0.0380345 -0.0416181
0 -0.0243524 -0.0363709 -0.0398892
0 -0.0244466 -0.0362589 -0.0395539
0 -0.0250939 -0.0377409 -0.0407545
0 -0.0263289 -0.0407169 -0.0436729
0 -0.0282072 -0.0449329 -0.0483818
0 -0.0305503 -0.0500499 -0.0547155
0 -0.0330211 -0.0557 -0.0623019
0 -0.0354152 -0.061622 -0.0706978
0 -0.0377249 -0.0677312 -0.0795512
0 -0.0400286 -0.0740469 -0.0885057
0 -0.0423558 -0.0804277 -0.0971683
0 -0.0447378 -0.0865262 -0.105251
0 -0.0472064 -0.0921787 -0.11245
0 -0.0497131 -0.0973052 -0.118511
0 -0.0521186 -0.1017 -0.123288
0 -0.0542184 -0.105223 -0.126677
0 -0.0558208 -0.107761 -0.128679
0 -0.0567717 -0.109113 -0.129332
0 -0.0569309 -0.109114 -0.128715
0 -0.0562471 -0.107736 -0.126944
0 -0.0548205 -0.105053 -0.124109
0 -0.0528004 -0.101229 -0.120233
0 -0.0503073 -0.0964639 -0.115239
0 -0.0474583 -0.0909163 -0.109035
0 -0.0443987 -0.0847322 -0.101621
0 -0.0413598 -0.0780734 -0.0931356
0 -0.0385059 -0.0711758 -0.0838842
0 -0.0357909 -0.0643226 -0.0742978
0 -0.0331932 -0.0576486 -0.0648723
0 -0.0307251 -0.0512008 -0.0560013
0 -0.0282431 -0.0450642 -0.0479195
0 -0.0255632 -0.0392557 -0.0408097
0 -0.0226307 -0.0337356 -0.0347254
0 -0.0195111 -0.0285438 -0.0296166
0 -0.0163262 -0.0237743 -0.025389
0 -0.013234 -0.0194618 -0.0218844
0 -0.0103923 -0.01563 -0.0189118
0 -0.00790923 -0.0123118 -0.0162336
0 -0.00584223 -0.00944253 -0.0136251
0 -0.00422119 -0.0069238 -0.0109548
0 -0.00305041 -0.00471005 -0.00821247
0 -0.00229787 -0.00275079 -0.00549345
0 -0.00189398 -0.00100509 -0.00294006
0 -0.00173721 0.000520833 -0.000697419
0 -0.00171955 0.00178884 0.00110271
0 -0.00181014 0.00266045 0.00228234
0 -0.00209599 0.00286364 0.00258814
0 -0.00268286 0.00211021 0.00177037
0 -0.00367018 0.000187514 -0.000388752
0 -0.00520483 -0.00304103 -0.00408819
0 -0.00740649 -0.00765632 -0.00950068
0 -0.0103262 -0.0136936 -0.0167536
0 -0.0139442 -0.0211382 -0.02587
0 -0.0181819 -0.0298671 -0.0366908
0 -0.0228778 -0.0396068 -0.0488862
0 -0.027775 -0.0500919 -0.0620884
0 -0.0327237 -0.0610028 -0.0758426
0 -0.0377267 -0.071902 -0.0896276
0 -0.0427888 -0.0826383 -0.103
0 -0.0478608 -0.0932416 -0.115545
0 -0.0530667 -0.103567 -0.127
0 -0.05848 -0.113435 -0.137282
0 -0.0637756 -0.122706 -0.14637
0 -0.0686349 -0.131146 -0.154316
0 -0.0729093 -0.138471 -0.161178
0 -0.0766047 -0.144536 -0.167021
0 -0.0795941 -0.149279 -0.171876
0 -0.0816133 -0.152624 -0.175671
0 -0.0826931 -0.154547 -0.178244
0 -0.0827829 -0.155043 -0.179397
0 -0.0818003 -0.15409 -0.178959
0 -0.0799955 -0.151695 -0.176795
0 -0.0775921 -0.147883 -0.172802
0 -0.0747606 -0.14271 -0.166935
0 -0.0717267 -0.136304 -0.159227
0 -0.0685996 -0.128882 -0.149833
0 -0.0654344 -0.120777 -0.139096
0 -0.0623381 -0.112381 -0.127527
0 -0.0593308 -0.104127 -0.115733
0 -0.0562781 -0.0963158 -0.104388
0 -0.0531836 -0.0889857 -0.0941527
0 -0.0502744 -0.0823001 -0.0855453
0 -0.0477059 -0.0765839 -0.078925
0 -0.0454141 -0.0719354 -0.0743365
0 -0.0432377 -0.0682648 -0.0715051
0 -0.0410915 -0.0655269 -0.0700295
0 -0.039031 -0.0637267 -0.069487
0 -0.0372217 -0.0627903 -0.0695651
0 -0.0358922 -0.0626197 -0.0701121
0 -0.0353478 -0.0631708 -0.0711099
0 -0.0358628 -0.064411 -0.0726242
0 -0.0374534 -0.0663899 -0.0747311
0 -0.0398963 -0.0692682 -0.0775253
0 -0.0428569 -0.0731902 -0.0811594
0 -0.0459886 -0.0782027 -0.0858595
0 -0.0490507 -0.0841674 -0.0918435
0 -0.0519165 -0.0906607 -0.0991372
0 -0.0544497 -0.097197 -0.107521
0 -0.0565159 -0.103421 -0.116646
0 -0.0581622 -0.108999 -0.125903
0 -0.0594998 -0.113774 -0.134442
0 -0.060497 -0.117773 -0.141504
0 -0.0611113 -0.120911 -0.146496
0 -0.0614332 -0.123017 -0.149128
0 -0.0615776 -0.123968 -0.149425
0 -0.0615681 -0.123655 -0.147589
0 -0.0613985 -0.121987 -0.144024
0 -0.0610181 -0.119019 -0.139172
0 -0.0602345 -0.115006 -0.133416
0 -0.0588253 -0.110255 -0.12705
0 -0.0566734 -0.105005 -0.12027
0 -0.0538102 -0.0994087 -0.113245
0 -0.0504963 -0.0935312 -0.106108
0 -0.0470581 -0.0873583 -0.0989247
0 -0.043614 -0.0808543 -0.0916658
0 -0.0401738 -0.074066 -0.0842092
0 -0.0367369 -0.0671043 -0.0764
0 -0.0332139 -0.0600353 -0.0681413
0 -0.0294739 -0.052828 -0.0594668
0 -0.0254446 -0.0453667 -0.0504837
0 -0.0211382 -0.0375214 -0.0413159
0 -0.016622 -0.0292072 -0.0320953
0 -0.0119959 -0.0204604 -0.0229173
0 -0.00738307 -0.0114958 -0.0138767
0 -0.00290299 -0.00261857 -0.00504932
0 0.00133686 0.00589769 0.00351984
0 0.00523379 0.0138357 0.0117673
0 0.00870386 0.0210336 0.0196058
0 0.0116921 0.0273914 0.0269048
0 0.0141531 0.0328374 0.0334863
0 0.0160287 0.0372838 0.0391319
0 0.0172554 0.0406183 0.0436126
0 0.0177713 0.0427166 0.0467223
0 0.0175023 0.0434476 0.0482768
0 0.0164818 0.0426779 0.0481031
0 0.0148605 0.0402911 0.0460103
0 0.0126848 0.0362637 0.041796
0 0.00998802 0.0306871 0.0353377
0 0.00689907 0.0236987 0.0266712
0 0.00347603 0.0154843 0.0159873
0 -0.000406087 0.00621863 0.00357786
0 -0.00488905 -0.00408258 -0.0102069
0 -0.00996059 -0.0154235 -0.0250337
0 -0.0156175 -0.0275534 -0.0404333
0 -0.0218511 -0.040145 -0.0558049
0 -0.0285244 -0.0531041 -0.070759
0 -0.0354334 -0.0663334 -0.0850339
0 -0.0424057 -0.0795224 -0.0984759
0 -0.0495398 -0.0924465 -0.111095
0 -0.0568472 -0.105004 -0.122962
0 -0.0638307 -0.116977 -0.134258
0 -0.0701114 -0.128121 -0.145146
0 -0.0757686 -0.138294 -0.155668
0 -0.0808658 -0.147402 -0.165763
0 -0.085091 -0.155378 -0.17526
0 -0.0882889 -0.162241 -0.183963
0 -0.0907281 -0.168053 -0.191689
0 -0.0924305 -0.172827 -0.198271
0 -0.093326 -0.176534 -0.203564
0 -0.0936203 -0.179107 -0.207422
0 -0.0934039 -0.180427 -0.209684
0 -0.0926539 -0.180345 -0.210183
0 -0.0914844 -0.178727 -0.208767
0 -0.0899456 -0.175566 -0.205299
0 -0.0879303 -0.170952 -0.19968
0 -0.0853486 -0.164922 -0.191914
0 -0.0821477 -0.157544 -0.182126
0 -0.0782803 -0.148911 -0.170566
0 -0.0738273 -0.139071 -0.157577
0 -0.0688838 -0.128234 -0.143548
0 -0.0633156 -0.116611 -0.12884
0 -0.0569714 -0.104156 -0.113756
0 -0.049911 -0.0909531 -0.0985708
0 -0.0423228 -0.0772822 -0.0834771
0 -0.0344165 -0.0633094 -0.0686187
0 -0.026387 -0.0491324 -0.0541379
0 -0.0184515 -0.0349417 -0.0400727
0 -0.0108499 -0.020998 -0.0264174
0 -0.00378588 -0.00754362 -0.0131355
0 0.00260571 0.00517674 -0.000194168
0 0.00824617 0.0169123 0.0123455
0 0.0130898 0.0274968 0.0243358
0 0.0171128 0.0368488 0.0355376
0 0.0203155 0.0448766 0.0456827
0 0.022735 0.0514836 0.0545307
0 0.0244408 0.0566317 0.0618818
0 0.0254795 0.060314 0.0675739
0 0.0258313 0.0625038 0.0714614
0 0.0255679 0.063161 0.073418
0 0.0248632 0.0623028 0.07334
0 0.0237753 0.0601069 0.0711447
0 0.0223028 0.0567522 0.0668224
0 0.02048 0.0522425 0.0605033
0 0.0183307 0.0466246 0.0524578
0 0.0158197 0.04001 0.0430435
0 0.0129024 0.0324519 0.0326514
0 0.0095306 0.0240796 0.0216679
0 0.00569261 0.0151283 0.0104155
0 0.00156862 0.0059441 -0.000810102
0 -0.00265784 -0.00305726 -0.0116796
0 -0.00693603 -0.0116331 -0.0219081
0 -0.0111753 -0.0196887 -0.0312407
0 -0.0151762 -0.0270686 -0.0394601
0 -0.0187071 -0.0336116 -0.046438
0 -0.0216162 -0.0392374 -0.0521009
0 -0.0238721 -0.0438393 -0.0564619
0 -0.0255065 -0.047303 -0.0596081
0 -0.0265418 -0.0495939 -0.0616426
0 -0.0269876 -0.050688 -0.0626667
0 -0.0268935 -0.0506163 -0.0627626
0 -0.0263829 -0.0495368 -0.0619923
0 -0.0255793 -0.0476839 -0.0603779
0 -0.0245448 -0.045318 -0.0579096
0 -0.023325 -0.0426305 -0.0546065
0 -0.0219591 -0.039697 -0.0505569
0 -0.0204825 -0.0365083 -0.0459244
0 -0.018925 -0.0330051 -0.0409067
0 -0.0172812 -0.0291445 -0.0356778
0 -0.0155153 -0.0249378 -0.0303515
0 -0.0136105 -0.0204669 -0.0249815
0 -0.0115995 -0.0159067 -0.0195951
0 -0.00950391 -0.0114212 -0.0142348
0 -0.00734727 -0.00709517 -0.00898591
0 -0.00524491 -0.00304269 -0.00397956
0 -0.00333859 0.000633051 0.000640677
0 -0.00169392 0.00392191 0.0047503
0 -0.000336051 0.00679528 0.00824629
0 0.000695926 0.00917028 0.0110536
0 0.0013929 0.0109811 0.0131353
0 0.00181612 0.0121798 0.0144894
0 0.00202308 0.0127244 0.0151288
0 0.00201024 0.0126141 0.0150608
0 0.00177198 0.0118986 0.0142839
0 0.00131029 0.010645 0.0127975
0 0.00059874 0.00892151 0.0106217
0 -0.000354473 0.00678988 0.00781348
0 -0.00149174 0.00429114 0.00446738
0 -0.00275519 0.0014621 0.000706922
0 -0.00407589 -0.00162789 -0.00332494
0 -0.0053795 -0.00486416 -0.00747669
0 -0.00662132 -0.00809632 -0.0115997
0 -0.00780452 -0.0111808 -0.0155659
0 -0.00891997 -0.0139954 -0.0192634
0 -0.0099047 -0.0164186 -0.0225732
0 -0.0107413 -0.0183925 -0.0253818
0 -0.0114573 -0.0199507 -0.0275972
0 -0.0120399 -0.0211359 -0.0291615
0 -0.0124782 -0.0219686 -0.0300759
0 -0.0128015 -0.0224765 -0.0304013
0 -0.013032 -0.0226822 -0.0302438
0 -0.0131572 -0.0225817 -0.0297219
0 -0.0131387 -0.022164 -0.0289199
0 -0.0129083 -0.0214121 -0.0278647
0 -0.0123899 -0.0202993 -0.0265407
0 -0.0115665 -0.0188235 -0.0249214
0 -0.0104963 -0.0170159 -0.0229881
0 -0.00928461 -0.0149303 -0.0207411
0 -0.00807353 -0.0126572 -0.0182105
0 -0.0070179 -0.0103261 -0.0154603
0 -0.00622116 -0.00810246 -0.0125939
0 -0.00570084 -0.00617335 -0.00976696
0 -0.00543466 -0.00466411 -0.00718356
0 -0.00538099 -0.00361268 -0.00503923
0 -0.00544469 -0.0030202 -0.00350493
0 -0.00552443 -0.00283185 -0.00272423
0 -0.00556894 -0.00295951 -0.00275185
0 -0.0055548 -0.00334005 -0.00355111
0 -0.00549613 -0.00393589 -0.00500034
0 -0.00546651 -0.00474611 -0.00691645
0 -0.00556974 -0.00581047 -0.00911242
0 -0.00591411 -0.00718166 -0.0114459
0 -0.00659492 -0.00890827 -0.013837
0 -0.00766881 -0.0110231 -0.0162672
0 -0.00914777 -0.0135252 -0.0188066
0 -0.0109518 -0.0163865 -0.0215651
0 -0.0128952 -0.0195559 -0.0246513
0 -0.01481 -0.0229397 -0.0281543
0 -0.0165671 -0.0263863 -0.0320697
0 -0.0180113 -0.0296903 -0.0362662
0 -0.019032 -0.0326391 -0.0405017
0 -0.0196182 -0.0350659 -0.0444662
0 -0.0198111 -0.0368599 -0.0478291
0 -0.0196902 -0.0379614 -0.0502832
0 -0.0193874 -0.0383608 -0.0515995
0 -0.0190401 -0.0380864 -0.0516636
0 -0.0187366 -0.0372076 -0.0504844
0 -0.0184988 -0.0358344 -0.0481874
0 -0.0182712 -0.0340629 -0.044996
0 -0.0179344 -0.0319465 -0.0411952
0 -0.0173521 -0.0295186 -0.0370799
0 -0.0164153 -0.0267934 -0.0329082
0 -0.0150737 -0.0237725 -0.0288684
0 -0.0133626 -0.0204987 -0.0250541
0 -0.0113942 -0.0170543 -0.0214544
0 -0.00933692 -0.0135085 -0.0179779
0 -0.00734021 -0.00993344 -0.0144847
0 -0.00546404 -0.00642294 -0.0108351
0 -0.00378233 -0.00307093 -0.0069631
0 -0.00242103 2.56842e-05 -0.00292202
0 -0.00144155 0.00276564 0.00111057
0 -0.000830946 0.00506725 0.00488302
0 -0.000557776 0.00687165 0.00811742
0 -0.00055462 0.00812463 0.0105514
0 -0.000711183 0.00876923 0.0119799
0 -0.000947366 0.00875334 0.0122593
0 -0.0012366 0.00805768 0.0113368
0 -0.00157198 0.00672212 0.00927189
0 -0.00197499 0.00483762 0.00623509
0 -0.0024929 0.00251991 0.00248302
0 -0.00318681 -0.000124486 -0.00170767
0 -0.00412493 -0.00302389 -0.00607991
0 -0.00534649 -0.00612978 -0.0104331
0 -0.00683257 -0.00939674 -0.0146214
0 -0.00853098 -0.012757 -0.0185305
0 -0.0103257 -0.0160769 -0.0221149
0 -0.0119976 -0.0191834 -0.0253643
0 -0.0133691 -0.0219233 -0.0282686
0 -0.0143807 -0.0241592 -0.0308254
0 -0.0150054 -0.0257922 -0.0330085
0 -0.0152619 -0.0268179 -0.0347721
0 -0.0152537 -0.0273095 -0.036053
0 -0.0150944 -0.0273663 -0.0367689
0 -0.0148617 -0.0271003 -0.0368596
0 -0.0146297 -0.026614 -0.0363149
0 -0.0144458 -0.025964 -0.0351877
0 -0.0142917 -0.0251587 -0.0335882
0 -0.014116 -0.0241752 -0.0316595
0 -0.0138528 -0.0229819 -0.0295525
0 -0.0134254 -0.0215672 -0.0273973
0 -0.0127797 -0.0199484 -0.0252793
0 -0.0118953 -0.0181514 -0.0232186
0 -0.010776 -0.0161947 -0.0211701
0 -0.00947114 -0.0140859 -0.0190508
0 -0.00809156 -0.0118323 -0.0167725
0 -0.0067574 -0.00946326 -0.0142658
0 -0.00553904 -0.00703492 -0.0114987
0 -0.00449838 -0.00462551 -0.00849185
0 -0.00369883 -0.00233765 -0.00534263
0 -0.00313714 -0.000276681 -0.00220954
0 -0.0027611 0.00147983 0.000720654
0 -0.00251106 0.00289411 0.0032463
0 -0.00229779 0.00397862 0.00520955
0 -0.00202687 0.00478463 0.00652484
0 -0.00166189 0.00536473 0.00716987
0 -0.00123071 0.0057493 0.00719115
0 -0.000804741 0.00593323 0.00668956
0 -0.000484555 0.00587263 0.00580344
0 -0.000372928 0.00550796 0.00467634
0 -0.000550105 0.00478753 0.00341542
0 -0.00106363 0.00368016 0.002067
0 -0.00191195 0.00219084 0.000611305
0 -0.00303377 0.000363043 -0.00102241
0 -0.00432479 -0.00173728 -0.00293175
0 -0.00566712 -0.00403891 -0.00521179
0 -0.00695688 -0.00647922 -0.00792658
0 -0.0081287 -0.00901107 -0.0110857
0 -0.00918233 -0.0116032 -0.0146317
0 -0.0101565 -0.0142436 -0.0184591
0 -0.0110862 -0.0169564 -0.022459
0 -0.0120372 -0.0197341 -0.0264915
0 -0.0130989 -0.0225064 -0.0303967
0 -0.01431 -0.0252628 -0.0340666
0 -0.0156487 -0.0280166 -0.037418
0 -0.017068 -0.0307087 -0.0404149
0 -0.018505 -0.033271 -0.0430779
0 -0.0198848 -0.0356464 -0.0454437
0 -0.0211334 -0.0377433 -0.0475532
0 -0.0221693 -0.0394609 -0.0494013
0 -0.0228941 -0.0407275 -0.0509281
0 -0.0232257 -0.0414854 -0.0520455
0 -0.023137 -0.0416954 -0.0526537
0 -0.0226586 -0.0413473 -0.0526606
0 -0.0218804 -0.0404447 -0.0519969
0 -0.0209437 -0.0390243 -0.050633
0 -0.0199852 -0.0371775 -0.0485853
0 -0.0190946 -0.0350227 -0.0459138
0 -0.0183038 -0.0326857 -0.0427279
0 -0.017597 -0.0302971 -0.0391944
0 -0.0169351 -0.0279638 -0.0355301
0 -0.0162686 -0.0257449 -0.0319704
0 -0.0155431 -0.0236578 -0.0287231
0 -0.0147133 -0.0216996 -0.0259288
0 -0.0137694 -0.0198484 -0.0236345
0 -0.0127481 -0.0180722 -0.0218131
0 -0.0117159 -0.0163918 -0.0203947
0 -0.0107381 -0.0148758 -0.0192691
0 -0.00987483 -0.0135698 -0.0183033
0 -0.00918838 -0.0124934 -0.0173701
0 -0.0087143 -0.0116459 -0.0163846
0 -0.00843919 -0.0109855 -0.0153197
0 -0.00831758 -0.0104442 -0.0141955
0 -0.00827815 -0.00994738 -0.0130653
0 -0.00821769 -0.00940764 -0.0119688
0 -0.0080293 -0.00874279 -0.0109213
0 -0.00763922 -0.0079019 -0.00991717
0 -0.00701744 -0.00686142 -0.00890945
0 -0.00618112 -0.00561973 -0.00782989
0 -0.00519037 -0.00419699 -0.00659996
0 -0.00412643 -0.00262331 -0.00514381
0 -0.00307567 -0.000936755 -0.003419
0 -0.00212885 0.000804152 -0.00143305
0 -0.00136407 0.00252193 0.000748804
0 -0.000815076 0.00413417 0.00301847
0 -0.000471448 0.00555626 0.00523181
0 -0.000306899 0.00669952 0.00720901
0 -0.000291193 0.007484 0.00875825
0 -0.000390666 0.0078516 0.00970543
0 -0.000582828 0.00776333 0.00991251
0 -0.000870604 0.00719173 0.0092877
0 -0.00128098 0.00611948 0.00779905
0 -0.00185262 0.00453753 0.00548172
0 -0.00262055 0.00244519 0.00242716
0 -0.00361259 -0.00014591 -0.00123962
0 -0.00485247 -0.00321405 -0.00539125
0 -0.00635466 -0.00672698 -0.00992276
0 -0.00811976 -0.0106352 -0.0147659
0 -0.010162 -0.014874 -0.0198847
0 -0.0124382 -0.019382 -0.0252381
0 -0.0147649 -0.0240591 -0.0307712
0 -0.0169866 -0.0287388 -0.0364134
0 -0.0190724 -0.033292 -0.0420589
0 -0.0210051 -0.0376309 -0.0475782
0 -0.022754 -0.041634 -0.0528124
0 -0.0243243 -0.0452083 -0.0575806
0 -0.0257442 -0.0483269 -0.0617139
0 -0.0270131 -0.0509606 -0.0650754
0 -0.0281094 -0.0530795 -0.067591
0 -0.0290339 -0.0546918 -0.0692555
0 -0.029801 -0.055802 -0.0701186
0 -0.0303997 -0.0564048 -0.0702824
0 -0.030786 -0.0565102 -0.0698739
0 -0.0309118 -0.0561282 -0.0690115
0 -0.0307266 -0.0552859 -0.0677866
0 -0.0301852 -0.0540329 -0.0662517
0 -0.0292981 -0.0524108 -0.064427
0 -0.0281349 -0.050451 -0.06231
0 -0.0267899 -0.0481847 -0.0598772
0 -0.0253556 -0.0456356 -0.0570888
0 -0.0238953 -0.0428252 -0.0538982
0 -0.0224397 -0.0397871 -0.0502757
0 -0.0209963 -0.0365643 -0.0462318
0 -0.0195598 -0.0331996 -0.0418236
0 -0.0181299 -0.0297276 -0.0371488
0 -0.0167107 -0.026192 -0.0323309
0 -0.0152647 -0.0226442 -0.0274995
0 -0.0137275 -0.0190842 -0.0227766
0 -0.0120775 -0.015497 -0.0182417
0 -0.0103167 -0.0119297 -0.013933
0 -0.00843559 -0.00842318 -0.00987441
0 -0.00643968 -0.00497078 -0.00604611
0 -0.0043816 -0.00157906 -0.00240518
0 -0.00234455 0.00172832 0.00108992
0 -0.000402663 0.00493874 0.00447862
0 0.00137075 0.00801387 0.00777152
0 0.00288682 0.0108673 0.0109435
0 0.00407294 0.0134052 0.0139274
0 0.00489867 0.0155361 0.0166195
0 0.00536199 0.0171628 0.018895
0 0.00548075 0.0182131 0.0206217
0 0.00530503 0.0186521 0.0216772
0 0.00492184 0.0184674 0.0219566
0 0.00441822 0.0176766 0.021377
0 0.00382885 0.01634 0.0198873
0 0.00314378 0.0145261 0.017487
0 0.00233794 0.012268 0.0142433
0 0.00137028 0.00958792 0.0102874
0 0.00020291 0.0065061 0.0057928
0 -0.00118488 0.00302696 0.000938442
0 -0.00281036 -0.000831431 -0.00412913
0 -0.00467499 -0.00501393 -0.00932304
0 -0.00677467 -0.00943894 -0.0145945
0 -0.0090684 -0.0140207 -0.0199084
0 -0.0114145 -0.0186468 -0.0252535
0 -0.0136758 -0.0231759 -0.0306096
0 -0.0158264 -0.0275231 -0.0359268
0 -0.0178878 -0.0316598 -0.0411289
0 -0.0198352 -0.0355474 -0.0460971
0 -0.0216163 -0.0391421 -0.0506882
0 -0.0232231 -0.0424098 -0.0547637
0 -0.0246608 -0.0453078 -0.0582179
0 -0.0258997 -0.0477753 -0.0609953
0 -0.0269226 -0.0497598 -0.0630862
0 -0.027742 -0.0512215 -0.0645094
0 -0.0283416 -0.0521169 -0.0652876
0 -0.0286581 -0.0524147 -0.0654365
0 -0.0286254 -0.0521008 -0.0649665
0 -0.0282058 -0.0511753 -0.0638795
0 -0.0273972 -0.0496634 -0.0621717
0 -0.0262453 -0.0476004 -0.0598425
0 -0.0248436 -0.0450355 -0.0569093
0 -0.02332 -0.0420621 -0.0534283
0 -0.0218124 -0.0388222 -0.0495037
0 -0.0204382 -0.035495 -0.0452859
0 -0.0192659 -0.0322691 -0.0409563
0 -0.0182985 -0.0292985 -0.0367108
0 -0.0175031 -0.0266963 -0.0327554
0 -0.016833 -0.0245404 -0.0292914
0 -0.0162101 -0.0227962 -0.0264874
0 -0.0155497 -0.0213285 -0.0244044
0 -0.0148042 -0.0200484 -0.0229944
0 -0.0139554 -0.0188878 -0.022142
0 -0.0130158 -0.017764 -0.0216417
0 -0.0120522 -0.0166765 -0.021288
0 -0.0111712 -0.0156764 -0.0209079
0 -0.0104773 -0.0147981 -0.0203555
0 -0.010051 -0.0140896 -0.0195873
0 -0.00994393 -0.0136043 -0.0186512
0 -0.0101501 -0.0133575 -0.0176596
0 -0.0105858 -0.0133404 -0.0167778
0 -0.0111148 -0.0135243 -0.0161528
0 -0.0115895 -0.0138447 -0.0158925
0 -0.0118897 -0.014231 -0.0160764
0 -0.0119588 -0.0146322 -0.016708
0 -0.0118158 -0.0150112 -0.017715
0 -0.0115385 -0.0153554 -0.0189639
0 -0.0112392 -0.0156799 -0.0202886
0 -0.0110344 -0.0160093 -0.0215281
0 -0.011011 -0.0163715 -0.0225188
0 -0.0112037 -0.0167909 -0.0231587
0 -0.0115923 -0.0172703 -0.0234379
0 -0.0121137 -0.0177861 -0.0234124
0 -0.0126775 -0.0182951 -0.0232083
0 -0.013182 -0.0187369 -0.022972
0 -0.0135307 -0.0190452 -0.0228186
0 -0.0136525 -0.019166 -0.0228058
0 -0.0135205 -0.0190746 -0.0229275
0 -0.0131641 -0.01879 -0.0231342
0 -0.0126689 -0.0183708 -0.0233473
0 -0.0121579 -0.0178984 -0.0234771
0 -0.0117557 -0.0174594 -0.0234402
0 -0.0115523 -0.0171275 -0.0231978
0 -0.0115862 -0.0169509 -0.0227658
0 -0.0118425 -0.0169501 -0.0222183
0 -0.0122603 -0.0171216 -0.0216835
0 -0.0127473 -0.0174382 -0.0213079
0 -0.0132009 -0.0178512 -0.0212127
0 -0.0135352 -0.0183048 -0.0214688
0 -0.0137041 -0.0187586 -0.0221007
0 -0.0137157 -0.0192032 -0.0230702
0 -0.0136293 -0.0196593 -0.0242912
0 -0.0135383 -0.0201654 -0.0256663
0 -0.0135422 -0.0207663 -0.0270683
0 -0.0137167 -0.021502 -0.028381
0 -0.0140959 -0.0223853 -0.0295486
0 -0.0146668 -0.0233913 -0.0305496
0 -0.01538 -0.0244797 -0.0314143
0 -0.0161614 -0.0256037 -0.0322154
0 -0.0169174 -0.0267031 -0.0330341
0 -0.0175611 -0.0277257 -0.0339487
0 -0.0180435 -0.028642 -0.0350005
0 -0.0183499 -0.0294408 -0.0361843
0 -0.0184975 -0.0301287 -0.0374476
0 -0.0185353 -0.0307241 -0.0386988
0 -0.0185269 -0.0312431 -0.0398328
0 -0.0185345 -0.0316954 -0.0407526
0 -0.0186097 -0.0320859 -0.0413928
0 -0.0187839 -0.0324173 -0.0417378
0 -0.0190595 -0.0326952 -0.0418197
0 -0.0194059 -0.0329269 -0.0417081
0 -0.0197623 -0.0331118 -0.0414879
0 -0.0200443 -0.0332309 -0.041232
0 -0.0201672 -0.0332461 -0.0409863
0 -0.0200782 -0.0331141 -0.0407669
0 -0.0197722 -0.0328 -0.0405584
0 -0.0192882 -0.0322884 -0.0403125
0 -0.0186969 -0.0315906 -0.0399565
0 -0.0180782 -0.0307419 -0.0394073
0 -0.0174975 -0.0297882 -0.0385887
0 -0.0169932 -0.0287717 -0.0374538
0 -0.0165789 -0.0277236 -0.0360071
0 -0.0162481 -0.0266627 -0.0343117
0 -0.0159776 -0.0255976 -0.0324775
0 -0.0157319 -0.0245388 -0.030637
0 -0.0154758 -0.023508 -0.0289184
0 -0.0151795 -0.0225207 -0.0274203
0 -0.0148123 -0.0215826 -0.0261955
0 -0.0143656 -0.020716 -0.0252524
0 -0.0138658 -0.0199455 -0.0245664
0 -0.0133626 -0.0192808 -0.0240931
0 -0.0129181 -0.0187337 -0.0237753
0 -0.0125921 -0.0183219 -0.023556
0 -0.0124221 -0.0180581 -0.023389
0 -0.0124111 -0.017948 -0.0232433
0 -0.0125349 -0.0179917 -0.0231155
0 -0.0127558 -0.0181779 -0.0230349
0 -0.0130343 -0.0184883 -0.0230571
0 -0.0133426 -0.0189096 -0.0232547
0 -0.0136605 -0.0194275 -0.0236896
0 -0.0139676 -0.0200261 -0.0243889
0 -0.0142494 -0.0206961 -0.0253473
0 -0.0145035 -0.021434 -0.0265291
0 -0.0147412 -0.0222391 -0.0278696
0 -0.0149885 -0.0231153 -0.0292945
0 -0.0152795 -0.024067 -0.0307345
0 -0.0156456 -0.0250801 -0.032131
0 -0.0160975 -0.0261205 -0.0334425
0 -0.0166171 -0.0271584 -0.0346433
0 -0.0171735 -0.0281643 -0.0357262
0 -0.0177276 -0.0291072 -0.0367036
0 -0.0182354 -0.029969 -0.0375966
0 -0.0186611 -0.0307331 -0.038422
0 -0.0189755 -0.0313756 -0.0391814
0 -0.0191601 -0.0318745 -0.0398597
0 -0.0192163 -0.032211 -0.0404253
0 -0.0191598 -0.0323673 -0.0408315
0 -0.0190088 -0.0323294 -0.0410209
0 -0.018782 -0.0320885 -0.0409342
0 -0.0184944 -0.0316381 -0.0405209
0 -0.0181498 -0.0309728 -0.0397475
0 -0.0177423 -0.0300863 -0.0386017
0 -0.0172619 -0.0289729 -0.037097
0 -0.0167023 -0.0276378 -0.0352757
0 -0.0160732 -0.0261083 -0.0332081
0 -0.0153994 -0.0244343 -0.0309803
0 -0.0147148 -0.0226882 -0.0286808
0 -0.0140433 -0.0209562 -0.0263983
0 -0.0133937 -0.0193131 -0.0242196
0 -0.012792 -0.0178222 -0.0222244
0 -0.0122689 -0.016543 -0.0204843
0 -0.0118271 -0.0155008 -0.0190511
0 -0.011456 -0.0146764 -0.0179426
0 -0.0111387 -0.0140355 -0.0171489
0 -0.0108505 -0.0135416 -0.0166332
0 -0.0105831 -0.0131653 -0.0163461
0 -0.0103582 -0.0129048 -0.0162437
0 -0.0102186 -0.0127869 -0.0162965
0 -0.0102158 -0.0128556 -0.0165019
0 -0.0103983 -0.0131657 -0.0168834
0 -0.0107903 -0.013768 -0.0174848
0 -0.0113783 -0.0146873 -0.0183595
0 -0.0121147 -0.0159149 -0.0195556
0 -0.0129286 -0.0174066 -0.0211035
0 -0.0137452 -0.0190896 -0.0230061
0 -0.0145108 -0.0208827 -0.0252365
0 -0.0152047 -0.0227127 -0.0277407
0 -0.0158398 -0.0245264 -0.0304271
0 -0.0164362 -0.0263051 -0.0331646
0 -0.0169983 -0.02802 -0.0358044
0 -0.0175388 -0.029611 -0.0381984
0 -0.0180833 -0.0310554 -0.0402293
0 -0.0186444 -0.0323467 -0.0418353
0 -0.0192167 -0.0334442 -0.0430058
0 -0.019772 -0.0343139 -0.0437662
0 -0.0202521 -0.0349305 -0.0441611
0 -0.020585 -0.0352568 -0.0442406
0 -0.0207076 -0.035266 -0.0440472
0 -0.020577 -0.034946 -0.0436024
0 -0.0201822 -0.0342871 -0.0429055
0 -0.0195556 -0.0332976 -0.0419409
0 -0.0187658 -0.0320152 -0.0406866
0 -0.0178963 -0.0304939 -0.0391234
0 -0.0170235 -0.0287981 -0.0372425
0 -0.0162019 -0.0269975 -0.0350572
0 -0.015459 -0.0251489 -0.0326111
0 -0.0147974 -0.0232932 -0.0299771
0 -0.0141838 -0.0214713 -0.0272527
0 -0.013562 -0.0196989 -0.0245515
0 -0.0129087 -0.01796 -0.0219928
0 -0.0122287 -0.0162696 -0.0196754
0 -0.0115274 -0.0146713 -0.0176628
0 -0.0108339 -0.0132085 -0.0159964
0 -0.0101983 -0.0119434 -0.0146893
0 -0.00966517 -0.0109482 -0.0137241
0 -0.00927124 -0.0102722 -0.0130773
0 -0.00905014 -0.00994124 -0.0127346
0 -0.00903514 -0.00997284 -0.0127084
0 -0.00925179 -0.0103707 -0.0130377
0 -0.00970476 -0.0111269 -0.013769
0 -0.0103653 -0.0122327 -0.014938
0 -0.0111689 -0.013668 -0.0165557
0 -0.0120367 -0.0153914 -0.0186027
0 -0.0128966 -0.0173376 -0.0210251
0 -0.0137014 -0.0194205 -0.0237445
0 -0.0144442 -0.0215478 -0.0266768
0 -0.0151569 -0.0236482 -0.029715
0 -0.015881 -0.0256894 -0.032725
0 -0.0166233 -0.0276369 -0.035574
0 -0.0173711 -0.0294449 -0.0381404
0 -0.0181342 -0.0311191 -0.0403377
0 -0.0189094 -0.0326668 -0.0421318
0 -0.019662 -0.034047 -0.0435349
0 -0.0203635 -0.0352298 -0.0446041
0 -0.0209887 -0.036202 -0.0454195
0 -0.0214962 -0.0369423 -0.0460556
0 -0.0218453 -0.037447 -0.0465618
0 -0.0220109 -0.0377312 -0.046952
0 -0.0219794 -0.0378005 -0.0472067
0 -0.0217597 -0.0376555 -0.0472822
0 -0.0213886 -0.0372959 -0.0471215
0 -0.0209134 -0.0367104 -0.0466652
0 -0.0203814 -0.0358921 -0.0458655
0 -0.0198361 -0.0348553 -0.0446978
0 -0.0193059 -0.0336321 -0.0431711
0 -0.0187998 -0.0322689 -0.0413299
0 -0.0183063 -0.0308145 -0.0392476
0 -0.0177937 -0.0293015 -0.0370129
0 -0.0172209 -0.0277422 -0.0347183
0 -0.0165586 -0.0261369 -0.0324471
0 -0.0158013 -0.0244843 -0.0302611
0 -0.0149699 -0.0227856 -0.0281921
0 -0.0140924 -0.0210491 -0.0262407
0 -0.0131897 -0.0193074 -0.0243814
0 -0.0123094 -0.0176176 -0.0225812
0 -0.0115191 -0.0160407 -0.0208202
0 -0.0108662 -0.0146346 -0.0191067
0 -0.0103863 -0.0134525 -0.0174843
0 -0.0101003 -0.0125282 -0.0160273
0 -0.00999095 -0.0118721 -0.0148217
0 -0.0100155 -0.011483 -0.0139527
0 -0.0101278 -0.011355 -0.013498
0 -0.0102847 -0.0114824 -0.0135076
0 -0.0104636 -0.0118677 -0.0140051
0 -0.0106764 -0.0125183 -0.0149846
0 -0.0109546 -0.0134401 -0.0164055
0 -0.0113342 -0.0146323 -0.0182022
0 -0.0118501 -0.016084 -0.0202976
0 -0.0125214 -0.0177703 -0.0226193
0 -0.0133378 -0.0196491 -0.0250877
0 -0.0142685 -0.0216713 -0.0276312
0 -0.0152772 -0.0237905 -0.0302042
0 -0.0163272 -0.0259527 -0.0327657
0 -0.0173533 -0.0280807 -0.0352825
0 -0.0182716 -0.0300887 -0.0377177
0 -0.019044 -0.0319033 -0.0400144
0 -0.0196593 -0.0334564 -0.0421012
0 -0.0200923 -0.03469 -0.0438893
0 -0.0203423 -0.0355712 -0.0452852
0 -0.0204398 -0.0360872 -0.046207
0 -0.0204105 -0.0362394 -0.0465959
0 -0.020279 -0.036042 -0.0464268
0 -0.0200724 -0.0355181 -0.0457107
0 -0.0197974 -0.034696 -0.0444955
0 -0.0194436 -0.0336058 -0.0428596
0 -0.0189964 -0.0322777 -0.040897
0 -0.0184315 -0.0307379 -0.0387028
0 -0.0177256 -0.0290116 -0.0363621
0 -0.0168746 -0.0271271 -0.0339413
0 -0.0158982 -0.025113 -0.0314818
0 -0.0148484 -0.0230032 -0.0289991
0 -0.0137714 -0.0208323 -0.0264901
0 -0.0126823 -0.0186328 -0.0239449
0 -0.0116274 -0.0164531 -0.0213632
0 -0.0106717 -0.0143538 -0.0187623
0 -0.00983629 -0.0123838 -0.016185
0 -0.00912745 -0.0105823 -0.0137037
0 -0.00855417 -0.0089897 -0.0114098
0 -0.00809986 -0.00764223 -0.00941158
0 -0.00774081 -0.00657157 -0.00781862
0 -0.00747407 -0.00581273 -0.0067182
0 -0.00731021 -0.00540137 -0.00617447
0 -0.00726853 -0.00537142 -0.00622149
0 -0.00738064 -0.00575311 -0.00686187
0 -0.00767712 -0.00656616 -0.00806974
0 -0.00817233 -0.00781268 -0.00979277
0 -0.00886118 -0.00946393 -0.0119625
0 -0.00971887 -0.0114619 -0.014501
0 -0.0107097 -0.0137344 -0.0173334
0 -0.0118016 -0.0162058 -0.0204009
0 -0.0129687 -0.0188087 -0.0236632
0 -0.0141911 -0.021491 -0.0270775
0 -0.0154637 -0.0242228 -0.0305853
0 -0.0167496 -0.0269789 -0.0341163
0 -0.0179595 -0.029693 -0.0375854
0 -0.0190519 -0.0322792 -0.0409049
0 -0.0200359 -0.0346774 -0.0439897
0 -0.0208987 -0.0368214 -0.0467587
0 -0.021626 -0.0386371 -0.0491379
0 -0.0222241 -0.0400808 -0.0510567
0 -0.022687 -0.0411276 -0.0524546
0 -0.0229876 -0.0417593 -0.0532872
0 -0.0231081 -0.0419702 -0.0535292
0 -0.0230382 -0.0417555 -0.0531782
0 -0.0227594 -0.0411063 -0.0522534
0 -0.0222653 -0.0400191 -0.0507923
0 -0.0215706 -0.0385065 -0.0488445
0 -0.0206946 -0.0366016 -0.0464655
0 -0.0196644 -0.0343596 -0.0437106
0 -0.0185173 -0.0318528 -0.0406354
0 -0.0172921 -0.0291604 -0.0373025
0 -0.0160373 -0.0263662 -0.0337872
0 -0.0148278 -0.0235603 -0.0301793
0 -0.0137073 -0.0208373 -0.0265793
0 -0.0126553 -0.0182599 -0.0230943
0 -0.0116846 -0.0158589 -0.0198362
0 -0.010837 -0.013696 -0.0169111
0 -0.0101069 -0.0118339 -0.014405
0 -0.00948619 -0.0102978 -0.0123884
0 -0.00899912 -0.00912654 -0.0109201
0 -0.0086646 -0.00837208 -0.0100308
0 -0.00849181 -0.00805973 -0.00973044
0 -0.00850273 -0.00819833 -0.0100077
0 -0.00871386 -0.00879007 -0.0108344
0 -0.00912293 -0.00981326 -0.0121742
0 -0.00972741 -0.0112295 -0.0139824
0 -0.0105152 -0.0129994 -0.0162117
0 -0.0114529 -0.0150736 -0.018809
0 -0.0124998 -0.01739 -0.0217158
0 -0.0136088 -0.0198774 -0.0248697
0 -0.0147341 -0.0224555 -0.0281898
0 -0.0158585 -0.0250563 -0.0315808
0 -0.0169467 -0.0276192 -0.0349439
0 -0.017926 -0.0300465 -0.0381665
0 -0.0187811 -0.0322437 -0.0411381
0 -0.0195402 -0.0341734 -0.0437603
0 -0.0202022 -0.035805 -0.0459515
0 -0.0207652 -0.0371068 -0.0476577
0 -0.0212375 -0.0380745 -0.0488466
0 -0.0216035 -0.0387042 -0.0495114
0 -0.0218295 -0.0389852 -0.0496734
0 -0.021896 -0.0389185 -0.0493749
0 -0.0217889 -0.0385064 -0.0486704
0 -0.0214939 -0.0377558 -0.0476179
0 -0.0210202 -0.0366944 -0.0462708
0 -0.0203896 -0.0353607 -0.0446669
0 -0.0196216 -0.0337925 -0.0428272
0 -0.018744 -0.0320302 -0.0407618
0 -0.0177869 -0.0301098 -0.0384753
0 -0.0167765 -0.0280576 -0.035978
0 -0.0157489 -0.0259002 -0.0332958
0 -0.0147583 -0.0236773 -0.0304749
0 -0.0138372 -0.0214497 -0.0275774
0 -0.0129706 -0.0192761 -0.0246762
0 -0.0121541 -0.0171942 -0.0218516
0 -0.0114054 -0.0152542 -0.0191921
0 -0.0107221 -0.0135135 -0.0167891
0 -0.0101059 -0.0120026 -0.0147228
0 -0.00957851 -0.0107418 -0.0130602
0 -0.00915026 -0.009758 -0.0118461
0 -0.00882269 -0.0090725 -0.0110883
0 -0.00860557 -0.00869607 -0.0107686
0 -0.00851055 -0.00863858 -0.0108531
0 -0.00854848 -0.0088999 -0.0113035
0 -0.00873485 -0.00946498 -0.0120864
0 -0.00908281 -0.0103163 -0.0131714
0 -0.00958887 -0.0114272 -0.0145349
0 -0.0102349 -0.0127667 -0.0161572
0 -0.0109938 -0.014312 -0.0180204
0 -0.0118292 -0.0160361 -0.0201076
0 -0.0127012 -0.0178998 -0.0223967
0 -0.013574 -0.0198548 -0.0248563
0 -0.0144267 -0.0218502 -0.0274418
0 -0.0152579 -0.0238412 -0.0300945
0 -0.0160649 -0.0257994 -0.0327412
0 -0.016827 -0.0276857 -0.0352995
0 -0.0175371 -0.0294462 -0.0376932
0 -0.018217 -0.0310666 -0.0398601
0 -0.0188825 -0.0325484 -0.0417566
0 -0.0195253 -0.0338717 -0.0433603
0 -0.0201279 -0.0350219 -0.0446652
0 -0.0206597 -0.0359799 -0.0456733
0 -0.0210694 -0.036704 -0.0463894
0 -0.0213129 -0.0371534 -0.046819
0 -0.0213678 -0.0372992 -0.0469631
0 -0.0212292 -0.0371227 -0.0468175
0 -0.0209152 -0.0366286 -0.0463729
0 -0.0204623 -0.0358454 -0.0456133
0 -0.0199047 -0.0348072 -0.0445187
0 -0.0192689 -0.0335466 -0.0430744
0 -0.018578 -0.0320949 -0.0412834
0 -0.0178494 -0.0304789 -0.039177
0 -0.0170954 -0.0287227 -0.0368138
0 -0.0163223 -0.0268517 -0.0342697
0 -0.015535 -0.0248978 -0.0316269
0 -0.0147456 -0.0229097 -0.0289643
0 -0.0139518 -0.0209363 -0.0263535
0 -0.0131359 -0.0190115 -0.0238602
0 -0.0123194 -0.0171833 -0.0215392
0 -0.0115478 -0.0155095 -0.0194374
0 -0.0108484 -0.0140238 -0.0175924
0 -0.0102553 -0.0127545 -0.0160354
0 -0.00981207 -0.0117453 -0.0148019
0 -0.00953638 -0.0110351 -0.0139187
0 -0.00942542 -0.0106509 -0.0134043
0 -0.00947397 -0.0106149 -0.0132775
0 -0.00966662 -0.0109303 -0.0135535
0 -0.00998031 -0.0115743 -0.0142431
0 -0.0103985 -0.0125098 -0.0153429
0 -0.0109028 -0.0136918 -0.0168287
0 -0.0114696 -0.0150699 -0.018652
0 -0.0120799 -0.0165968 -0.0207413
0 -0.01272 -0.0182294 -0.0230194
0 -0.0133798 -0.0199243 -0.0253991
0 -0.0140575 -0.0216443 -0.0277891
0 -0.0147601 -0.0233672 -0.0301147
0 -0.015489 -0.0250647 -0.0323091
0 -0.0162169 -0.0266789 -0.0343165
0 -0.0168991 -0.0281488 -0.0360952
0 -0.0175055 -0.0294313 -0.0376141
0 -0.0180154 -0.0304862 -0.0388578
0 -0.0184047 -0.0312829 -0.0398173
0 -0.0186591 -0.0318122 -0.040484
0 -0.0187744 -0.0320724 -0.040849
0 -0.018749 -0.0320651 -0.0409022
0 -0.0185905 -0.0318013 -0.0406375
0 -0.0183179 -0.0312948 -0.0400557
0 -0.0179512 -0.0305601 -0.0391663
0 -0.0175099 -0.0296185 -0.0379897
0 -0.0170165 -0.0285014 -0.0365606
0 -0.0164909 -0.0272488 -0.0349285
0 -0.0159489 -0.025908 -0.0331533
0 -0.0154055 -0.0245301 -0.0313013
0 -0.0148757 -0.0231661 -0.029442
0 -0.0143714 -0.0218642 -0.0276469
0 -0.0138963 -0.020659 -0.0259866
0 -0.0134545 -0.0195764 -0.0245202
0 -0.0130595 -0.0186475 -0.0232888
0 -0.0127224 -0.0178952 -0.0223207
0 -0.0124545 -0.0173325 -0.0216333
0 -0.0122755 -0.0169772 -0.0212336
0 -0.0122031 -0.0168485 -0.0211254
0 -0.0122496 -0.0169592 -0.0213089
0 -0.0124211 -0.0173184 -0.0217793
0 -0.012712 -0.0179246 -0.0225285
0 -0.0131057 -0.0187596 -0.0235433
0 -0.0135807 -0.0197932 -0.0248059
0 -0.0141115 -0.0209857 -0.0262911
0 -0.0146739 -0.0222893 -0.0279635
0 -0.0152498 -0.023658 -0.0297734
0 -0.0158262 -0.0250554 -0.0316594
0 -0.0163865 -0.0264483 -0.0335558
0 -0.0169148 -0.0277931 -0.0353938
0 -0.0174068 -0.0290444 -0.0371023
0 -0.0178564 -0.0301655 -0.0386117
0 -0.018243 -0.0311123 -0.0398569
0 -0.0185393 -0.0318307 -0.0407786
0 -0.0187203 -0.0322761 -0.0413323
0 -0.0187687 -0.0324178 -0.0414954
0 -0.0186815 -0.0322418 -0.0412659
0 -0.0184677 -0.0317578 -0.0406581
0 -0.0181376 -0.0309913 -0.0396964
0 -0.0176979 -0.0299716 -0.038408
0 -0.0171572 -0.0287336 -0.0368272
0 -0.0165317 -0.0273188 -0.0350022
0 -0.015843 -0.0257665 -0.0329887
0 -0.0151189 -0.0241162 -0.0308454
0 -0.0143954 -0.0224165 -0.0286324
0 -0.0136877 -0.0207123 -0.0264058
0 -0.0129873 -0.0190368 -0.0242192
0 -0.0123108 -0.017433 -0.0221262
0 -0.0116901 -0.0159585 -0.0201845
0 -0.0111427 -0.0146596 -0.018456
0 -0.0106844 -0.0135636 -0.0169913
0 -0.0103253 -0.0126873 -0.0158238
0 -0.0100603 -0.0120388 -0.0149782
0 -0.00988334 -0.011623 -0.0144653
0 -0.00979683 -0.0114476 -0.0142847
0 -0.00980304 -0.0115166 -0.0144267
0 -0.00990494 -0.011826 -0.014874
0 -0.0101136 -0.0123713 -0.0156093
0 -0.0104401 -0.0131469 -0.0166156
0 -0.0108865 -0.0141422 -0.017876
0 -0.0114495 -0.015347 -0.0193769
0 -0.0121194 -0.0167506 -0.0211083
0 -0.0128757 -0.0183346 -0.0230603
0 -0.0136935 -0.0200733 -0.0252165
0 -0.0145508 -0.0219367 -0.0275545
0 -0.0154378 -0.0238945 -0.0300442
0 -0.0163461 -0.0259227 -0.0326437
0 -0.0172491 -0.0279883 -0.035304
0 -0.0181231 -0.0300366 -0.0379697
0 -0.0189732 -0.0320271 -0.0405804
0 -0.0198068 -0.0339393 -0.0430757
0 -0.0206074 -0.0357403 -0.0453948
0 -0.0213527 -0.0373915 -0.04748
0 -0.0220234 -0.0388582 -0.049283
0 -0.0225905 -0.0400958 -0.0507669
0 -0.0230236 -0.0410545 -0.0519034
0 -0.0233026 -0.0416931 -0.0526663
0 -0.0234127 -0.0419801 -0.0530361
0 -0.0233463 -0.0418986 -0.0529982
0 -0.0231066 -0.0414522 -0.0525375
0 -0.0227027 -0.040657 -0.0516439
0 -0.0221485 -0.0395349 -0.0503183
0 -0.021464 -0.0381137 -0.048575
0 -0.0206686 -0.0364199 -0.0464419
0 -0.0197744 -0.0344753 -0.0439568
0 -0.0187914 -0.0323035 -0.0411667
0 -0.0177265 -0.0299294 -0.0381242
0 -0.016589 -0.0273861 -0.0348859
0 -0.015412 -0.0247226 -0.0315116
0 -0.0142321 -0.022004 -0.0280582
0 -0.0130405 -0.0192814 -0.0245806
0 -0.0118314 -0.0165797 -0.0211355
0 -0.0106534 -0.0139476 -0.0177844
0 -0.00954523 -0.0114457 -0.0145899
0 -0.0085169 -0.00910662 -0.0116082
0 -0.00759377 -0.00696869 -0.00890194
0 -0.00679566 -0.00509356 -0.00653501
0 -0.00611048 -0.00353414 -0.00455986
0 -0.00553285 -0.00232557 -0.00302592
0 -0.00508769 -0.00149745 -0.00197783
0 -0.00480487 -0.00106241 -0.00144914
0 -0.0047079 -0.00101554 -0.00145474
0 -0.00481781 -0.00135276 -0.00198437
0 -0.00514049 -0.00207506 -0.00300663
0 -0.00565988 -0.00318173 -0.00447638
0 -0.00634742 -0.0046573 -0.00634434
0 -0.00717188 -0.00646862 -0.00856718
0 -0.00810706 -0.00856725 -0.0111116
0 -0.00913257 -0.0108897 -0.013947
0 -0.0102253 -0.0133666 -0.0170316
0 -0.0113546 -0.0159309 -0.0203093
0 -0.0124879 -0.0185213 -0.0237156
0 -0.0136101 -0.0210908 -0.0271618
0 -0.0147123 -0.0236218 -0.0305468
0 -0.0157583 -0.0260845 -0.0337842
0 -0.0167167 -0.0284012 -0.0367889
0 -0.0175929 -0.0305096 -0.0394895
0 -0.0183959 -0.032376 -0.0418351
0 -0.019114 -0.0339531 -0.0437861
0 -0.019728 -0.0352086 -0.0453195
0 -0.020223 -0.0361401 -0.0464215
0 -0.0205799 -0.0367469 -0.0470936
0 -0.0207795 -0.0370317 -0.0473543
0 -0.0208199 -0.0370132 -0.0472329
0 -0.0207077 -0.0367081 -0.0467692
0 -0.0204516 -0.0361311 -0.0460056
0 -0.0200714 -0.0353099 -0.0449791
0 -0.019589 -0.0342764 -0.0437209
0 -0.0190266 -0.0330674 -0.0422604
0 -0.0184133 -0.0317332 -0.0406309
0 -0.0177747 -0.0303228 -0.0388685
0 -0.0171265 -0.0288719 -0.0370113
0 -0.0164809 -0.0274113 -0.0351037
0 -0.0158514 -0.0259696 -0.0331979
0 -0.0152508 -0.0245725 -0.0313473
0 -0.014689 -0.0232466 -0.0295998
0 -0.0141748 -0.0220183 -0.0279943
0 -0.0137057 -0.0209026 -0.0265571
0 -0.0132697 -0.0199115 -0.0253059
0 -0.0128756 -0.0190676 -0.0242563
0 -0.0125471 -0.0183921 -0.0234235
0 -0.0123038 -0.0178998 -0.0228215
0 -0.0121623 -0.0176022 -0.0224587
0 -0.0121249 -0.0175006 -0.0223308
0 -0.0121753 -0.0175819 -0.0224232
0 -0.0122911 -0.0178267 -0.0227171
0 -0.0124529 -0.0182101 -0.0231914
0 -0.0126442 -0.0186992 -0.0238211
0 -0.0128535 -0.0192612 -0.024579
0 -0.0130779 -0.0198704 -0.0254349
0 -0.0133155 -0.0205046 -0.0263511
0 -0.0135614 -0.0211463 -0.0272836
0 -0.0138121 -0.0217841 -0.0281906
0 -0.0140644 -0.0224077 -0.0290389
0 -0.0143154 -0.023005 -0.0298049
0 -0.0145612 -0.0235591 -0.0304735
0 -0.0147881 -0.0240445 -0.0310351
0 -0.0149793 -0.0244388 -0.0314827
0 -0.0151219 -0.0247247 -0.0318105
0 -0.0152024 -0.0248881 -0.0320125
0 -0.0152099 -0.0249206 -0.032079
0 -0.0151389 -0.0248168 -0.031996
0 -0.0149893 -0.0245731 -0.0317504
0 -0.0147679 -0.0241876 -0.0313299
0 -0.0144834 -0.0236585 -0.0307239
0 -0.0141478 -0.0229889 -0.0299282
0 -0.0137834 -0.022193 -0.0289512
0 -0.0134103 -0.0213013 -0.0278153
0 -0.0130373 -0.020351 -0.0265534
0 -0.0126739 -0.0193759 -0.0252086
0 -0.0123239 -0.0184117 -0.023837
0 -0.0119887 -0.0174915 -0.0225016
0 -0.0116739 -0.0166423 -0.0212631
0 -0.0113843 -0.0158885 -0.0201775
0 -0.0111315 -0.0152544 -0.0192963
0 -0.0109336 -0.014768 -0.0186586
0 -0.0108064 -0.0144568 -0.0182899
0 -0.0107611 -0.0143448 -0.0182009
0 -0.0108017 -0.0144479 -0.0183857
0 -0.0109275 -0.0147677 -0.0188291
0 -0.0111343 -0.0152906 -0.0195097
0 -0.0114166 -0.0159904 -0.0204039
0 -0.0117702 -0.0168372 -0.0214906
0 -0.0121918 -0.0178062 -0.0227488
0 -0.0126744 -0.0188791 -0.0241553
0 -0.0132068 -0.0200432 -0.0256838
0 -0.0137773 -0.0212907 -0.0273063
0 -0.0143797 -0.022615 -0.0289971
0 -0.0150126 -0.0240054 -0.0307353
0 -0.0156634 -0.025438 -0.0325
0 -0.0163068 -0.0268702 -0.0342676
0 -0.0169241 -0.028256 -0.0360069
0 -0.0174963 -0.0295535 -0.0376731
0 -0.0179958 -0.0307183 -0.0392095
0 -0.0184008 -0.0317116 -0.0405567
0 -0.0186998 -0.0325046 -0.0416576
0 -0.0188878 -0.033069 -0.0424616
0 -0.0189632 -0.0333783 -0.0429273
0 -0.0189309 -0.0334153 -0.043027
0 -0.0187992 -0.033174 -0.0427499
0 -0.0185739 -0.0326605 -0.0421014
0 -0.0182625 -0.0318972 -0.0411051
0 -0.017872 -0.030917 -0.0398013
0 -0.0174059 -0.0297558 -0.0382416
0 -0.0168658 -0.028447 -0.0364829
0 -0.0162511 -0.0270158 -0.0345804
0 -0.0155649 -0.0254831 -0.0325844
0 -0.0148238 -0.0238724 -0.0305384
0 -0.0140573 -0.0222121 -0.0284743
0 -0.0132872 -0.0205302 -0.0264126
0 -0.0125162 -0.0188528 -0.0243684
0 -0.0117601 -0.0172139 -0.0223575
0 -0.0110546 -0.0156569 -0.0204031
0 -0.0104255 -0.0142235 -0.0185423
0 -0.00989337 -0.0129502 -0.0168276
0 -0.00947782 -0.0118678 -0.0153171
0 -0.00917864 -0.0109978 -0.0140641
0 -0.00898224 -0.0103547 -0.0131194
0 -0.0088743 -0.00995199 -0.0125218
0 -0.00884031 -0.00979815 -0.0122905
0 -0.0088736 -0.00989673 -0.0124335
0 -0.00898181 -0.0102476 -0.0129437
0 -0.00918284 -0.0108471 -0.0138012
0 -0.00949704 -0.01169 -0.0149784
0 -0.00993658 -0.0127668 -0.0164365
0 -0.0104973 -0.0140572 -0.0181299
0 -0.0111596 -0.0155303 -0.0200137
0 -0.0118964 -0.0171471 -0.0220465
0 -0.0126788 -0.0188639 -0.02419
0 -0.013479 -0.0206359 -0.0264112
0 -0.0142804 -0.0224238 -0.0286755
0 -0.015076 -0.0242003 -0.0309446
0 -0.0158453 -0.0259377 -0.0331806
0 -0.0165632 -0.0275976 -0.0353396
0 -0.0172279 -0.0291486 -0.0373735
0 -0.0178418 -0.0305699 -0.0392341
0 -0.0183957 -0.0318389 -0.040877
0 -0.0188843 -0.0329343 -0.0422683
0 -0.0193044 -0.033841 -0.0433858
0 -0.0196448 -0.0345439 -0.0442179
0 -0.0198924 -0.0350282 -0.0447628
0 -0.0200385 -0.0352859 -0.0450256
0 -0.0200719 -0.035311 -0.0450135
0 -0.01998 -0.0350972 -0.0447306
0 -0.0197552 -0.0346404 -0.0441763
0 -0.0193957 -0.0339392 -0.0433472
0 -0.0189082 -0.032997 -0.0422401
0 -0.0183092 -0.0318247 -0.0408554
0 -0.0176214 -0.0304409 -0.0391994
0 -0.0168719 -0.0288757 -0.0372913
0 -0.0160873 -0.0271676 -0.0351628
0 -0.0152903 -0.025358 -0.0328563
0 -0.0145048 -0.0234933 -0.0304269
0 -0.0137519 -0.0216277 -0.0279383
0 -0.013028 -0.0198052 -0.0254589
0 -0.012314 -0.0180455 -0.0230609
0 -0.0116207 -0.0163783 -0.0208136
0 -0.010973 -0.0148501 -0.018784
0 -0.0103857 -0.0134973 -0.017031
0 -0.00988281 -0.0123513 -0.0155964
0 -0.00948965 -0.01145 -0.0145107
0 -0.0092137 -0.0108237 -0.0137855
0 -0.00905728 -0.0104886 -0.0134168
0 -0.00902524 -0.0104525 -0.0133965
0 -0.00911523 -0.0107062 -0.01371
0 -0.00932288 -0.0112253 -0.0143439
0 -0.00965088 -0.0119872 -0.0152862
0 -0.0100968 -0.0129726 -0.0165222
0 -0.0106451 -0.0141595 -0.0180283
0 -0.0112746 -0.015526 -0.019773
0 -0.0119619 -0.0170472 -0.0217241
0 -0.0126841 -0.0186893 -0.023842
0 -0.0134244 -0.0204136 -0.0260813
0 -0.0141732 -0.0221808 -0.0283939
0 -0.0149269 -0.0239536 -0.0307181
0 -0.0156646 -0.0256893 -0.0329879
0 -0.0163487 -0.0273283 -0.0351361
0 -0.0169618 -0.0288118 -0.0370933
0 -0.0174992 -0.0301024 -0.0387973
0 -0.0179498 -0.0311706 -0.0401969
0 -0.0183075 -0.0319904 -0.0412572
0 -0.018569 -0.0325506 -0.0419576
0 -0.0187232 -0.032842 -0.0422863
0 -0.0187528 -0.0328518 -0.0422427
0 -0.0186488 -0.032577 -0.0418378
0 -0.0184121 -0.0320255 -0.0410955
0 -0.0180499 -0.0312131 -0.0400489
0 -0.0175802 -0.03017 -0.0387364
0 -0.017026 -0.0289376 -0.0371987
0 -0.0164081 -0.02756 -0.0354776
0 -0.0157485 -0.0260831 -0.0336163
0 -0.0150714 -0.0245524 -0.0316608
0 -0.0144008 -0.0230092 -0.0296591
0 -0.0137579 -0.021491 -0.0276591
0 -0.0131473 -0.0200255 -0.0257088
0 -0.0125633 -0.0186309 -0.0238566
0 -0.0120135 -0.0173312 -0.0221429
0 -0.0115034 -0.01615 -0.0205956
0 -0.0110282 -0.0150955 -0.0192343
0 -0.0105946 -0.0141726 -0.018072
0 -0.0102157 -0.0133892 -0.0171153
0 -0.00990251 -0.0127517 -0.0163675
0 -0.00967011 -0.0122724 -0.0158301
0 -0.00953786 -0.0119767 -0.0155088
0 -0.00952053 -0.011892 -0.0154135
0 -0.00962069 -0.0120342 -0.0155532
0 -0.00983093 -0.0124074 -0.0159371
0 -0.0101372 -0.0130004 -0.0165738
0 -0.0105203 -0.0137889 -0.0174673
0 -0.0109606 -0.0147433 -0.0186123
0 -0.0114428 -0.0158347 -0.0199942
0 -0.0119555 -0.0170368 -0.0215879
0 -0.0124893 -0.0183245 -0.0233531
0 -0.0130372 -0.0196739 -0.0252336
0 -0.0135956 -0.0210633 -0.0271667
0 -0.014166 -0.0224739 -0.0290894
0 -0.0147537 -0.0238877 -0.0309462
0 -0.0153519 -0.0252704 -0.0326959
0 -0.0159408 -0.026576 -0.0343068
0 -0.0165084 -0.0277759 -0.0357591
0 -0.0170451 -0.0288523 -0.0370445
0 -0.017534 -0.029792 -0.0381618
0 -0.0179596 -0.0305957 -0.0391141
0 -0.0183087 -0.0312651 -0.0399042
0 -0.018568 -0.0317938 -0.0405319
0 -0.0187278 -0.0321716 -0.0409936
0 -0.0187877 -0.0323852 -0.041281
0 -0.0187527 -0.03242 -0.0413819
0 -0.0186299 -0.0322679 -0.04128
0 -0.0184301 -0.0319304 -0.0409577
0 -0.0181621 -0.031415 -0.0403992
0 -0.017834 -0.0307362 -0.0395983
0 -0.017459 -0.0299163 -0.038567
0 -0.0170506 -0.0289791 -0.0373344
0 -0.0166164 -0.0279461 -0.0359413
0 -0.0161602 -0.0268375 -0.0344361
0 -0.015683 -0.0256752 -0.0328695
0 -0.0151865 -0.0244831 -0.0312889
0 -0.0146729 -0.0232851 -0.0297321
0 -0.0141515 -0.0221034 -0.0282268
0 -0.0136299 -0.0209546 -0.0267924
0 -0.0131083 -0.0198516 -0.0254412
0 -0.0126043 -0.0188127 -0.0241816
0 -0.0121427 -0.0178567 -0.0230206
0 -0.0117366 -0.0169974 -0.0219642
0 -0.0113983 -0.016247 -0.021018
0 -0.0111327 -0.0156165 -0.0201893
0 -0.0109327 -0.0151091 -0.0194872
0 -0.0107896 -0.0147245 -0.0189238
0 -0.0106981 -0.0144631 -0.0185152
0 -0.0106528 -0.0143215 -0.018276
0 -0.0106492 -0.0142947 -0.0182153
0 -0.0106849 -0.0143793 -0.0183341
0 -0.0107578 -0.0145721 -0.0186239
0 -0.0108711 -0.0148736 -0.0190723
0 -0.0110305 -0.0152849 -0.0196644
0 -0.0112399 -0.0158025 -0.020381
0 -0.0115011 -0.0164194 -0.0212036
0 -0.0118121 -0.0171248 -0.0221145
0 -0.0121644 -0.0179024 -0.0230963
0 -0.0125443 -0.0187316 -0.0241322
0 -0.0129388 -0.0195932 -0.0252078
0 -0.0133386 -0.0204719 -0.0263115
0 -0.0137375 -0.0213552 -0.0274326
0 -0.0141341 -0.0222364 -0.0285616
0 -0.0145307 -0.0231137 -0.0296903
0 -0.0149302 -0.023989 -0.0308111
0 -0.0153311 -0.0248611 -0.031916
0 -0.0157302 -0.0257223 -0.0329964
0 -0.0161222 -0.026563 -0.0340406
0 -0.0164952 -0.027366 -0.0350315
0 -0.0168331 -0.0281061 -0.0359483
0 -0.0171224 -0.0287601 -0.0367705
0 -0.0173578 -0.0293116 -0.0374813
0 -0.0175409 -0.0297516 -0.0380671
0 -0.0176769 -0.0300791 -0.0385184
0 -0.0177713 -0.0302976 -0.0388269
0 -0.0178243 -0.0304096 -0.038984
0 -0.0178329 -0.030416 -0.0389859
0 -0.017796 -0.0303186 -0.0388363
0 -0.0177151 -0.03012 -0.038547
0 -0.0175917 -0.0298235 -0.0381345
0 -0.0174276 -0.0294351 -0.0376165
0 -0.0172243 -0.0289636 -0.0370095
0 -0.016982 -0.0284193 -0.0363266
0 -0.016701 -0.0278125 -0.035577
0 -0.0163868 -0.0271555 -0.0347704
0 -0.016049 -0.0264607 -0.0339178
0 -0.0156961 -0.0257366 -0.0330267
0 -0.0153353 -0.0249884 -0.032103
0 -0.0149727 -0.0242209 -0.031152
0 -0.0146116 -0.0234391 -0.0301781
0 -0.0142573 -0.0226506 -0.0291866
0 -0.0139146 -0.0218664 -0.0281867
0 -0.0135838 -0.0210994 -0.027194
0 -0.0132756 -0.0203693 -0.0262332
0 -0.0130044 -0.0196999 -0.0253352
0 -0.0127748 -0.0191126 -0.0245308
0 -0.0125898 -0.0186232 -0.0238463
0 -0.0124476 -0.018241 -0.0233019
0 -0.0123411 -0.0179685 -0.0229102
0 -0.0122649 -0.0178014 -0.0226762
0 -0.0122178 -0.0177332 -0.0225992
0 -0.0122039 -0.0177599 -0.0226746
0 -0.01223 -0.0178794 -0.0228923
0 -0.0123015 -0.0180907 -0.0232361
0 -0.0124201 -0.0183925 -0.0236858
0 -0.0125836 -0.0187805 -0.024221
0 -0.0127869 -0.0192462 -0.024823
0 -0.0130189 -0.0197718 -0.0254733
0 -0.013262 -0.0203281 -0.0261508
0 -0.0134968 -0.0208808 -0.0268334
0 -0.0137055 -0.0213954 -0.0274958
0 -0.0138699 -0.0218378 -0.0281058
0 -0.0139769 -0.0221812 -0.0286277
0 -0.0140239 -0.0224097 -0.0290282
0 -0.0140171 -0.0225176 -0.0292784
0 -0.0139702 -0.0225089 -0.0293581
0 -0.0138986 -0.0223917 -0.0292587
0 -0.0138151 -0.0221797 -0.028985
0 -0.0137255 -0.0218898 -0.0285535
0 -0.0136276 -0.0215345 -0.0279901
0 -0.0135114 -0.021121 -0.0273264
0 -0.0133616 -0.0206519 -0.0265945
0 -0.013168 -0.0201302 -0.0258277
0 -0.0129292 -0.0195627 -0.0250569
0 -0.012653 -0.0189625 -0.0243056
0 -0.0123573 -0.0183511 -0.02359
0 -0.0120645 -0.0177551 -0.022919
0 -0.0117943 -0.0172 -0.0222949
0 -0.0115621 -0.0167081 -0.0217179
0 -0.0113807 -0.0162982 -0.0211945
0 -0.011261 -0.0159857 -0.0207416
0 -0.0112093 -0.0157832 -0.0203847
0 -0.0112289 -0.0157019 -0.0201579
0 -0.0113189 -0.0157541 -0.0200983
0 -0.0114742 -0.0159519 -0.0202395
0 -0.0116882 -0.0163059 -0.0206091
0 -0.0119548 -0.0168235 -0.0212241
0 -0.0122691 -0.0175056 -0.0220905
0 -0.0126287 -0.0183461 -0.0232001
0 -0.0130325 -0.0193301 -0.0245292
0 -0.0134772 -0.0204354 -0.0260401
0 -0.0139601 -0.0216362 -0.0276844
0 -0.0144809 -0.0229087 -0.0294078
0 -0.0150397 -0.0242325 -0.0311589
0 -0.0156245 -0.0255774 -0.0328906
0 -0.016211 -0.0268985 -0.0345596
0 -0.0167835 -0.0281605 -0.0361313
0 -0.0173317 -0.0293379 -0.0375815
0 -0.0178416 -0.0304057 -0.0388924
0 -0.0182989 -0.0313477 -0.0400496
0 -0.0186883 -0.0321514 -0.0410381
0 -0.0189948 -0.0328022 -0.0418437
0 -0.0192071 -0.0332862 -0.042453
0 -0.0193173 -0.0335872 -0.0428489
0 -0.0193207 -0.0336859 -0.0430125
0 -0.019219 -0.0335688 -0.0429271
0 -0.0190194 -0.0332313 -0.0425781
0 -0.0187296 -0.0326757 -0.0419536
0 -0.0183574 -0.0319118 -0.0410492
0 -0.0179131 -0.0309583 -0.0398726
0 -0.0174074 -0.0298375 -0.0384452
0 -0.01685 -0.028574 -0.0368018
0 -0.0162527 -0.0271964 -0.0349905
0 -0.01563 -0.0257378 -0.0330683
0 -0.0149956 -0.0242338 -0.0310923
0 -0.0143644 -0.0227229 -0.0291134
0 -0.0137436 -0.021238 -0.0271745
0 -0.0131243 -0.0197983 -0.0253115
0 -0.012507 -0.0184234 -0.0235555
0 -0.0119143 -0.0171409 -0.0219325
0 -0.0113675 -0.0159741 -0.0204654
0 -0.0108891 -0.0149455 -0.0191792
0 -0.0105093 -0.0140866 -0.0181004
0 -0.0102443 -0.0134266 -0.0172516
0 -0.0100944 -0.0129856 -0.0166528
0 -0.0100543 -0.0127783 -0.016322
0 -0.0101117 -0.0128084 -0.0162739
0 -0.0102501 -0.0130654 -0.0165186
0 -0.0104572 -0.0135297 -0.0170573
0 -0.010725 -0.0141764 -0.0178776
0 -0.0110468 -0.0149801 -0.0189544
0 -0.0114194 -0.0159191 -0.0202527
0 -0.0118433 -0.0169753 -0.0217322
0 -0.0123173 -0.0181313 -0.0233426
0 -0.0128353 -0.0193679 -0.025031
0 -0.0133876 -0.0206631 -0.0267485
0 -0.0139639 -0.021991 -0.0284497
0 -0.0145555 -0.0233225 -0.0301032
0 -0.0151506 -0.0246244 -0.0316882
0 -0.0157273 -0.0258595 -0.0331872
0 -0.0162603 -0.0269946 -0.0345846
0 -0.0167334 -0.0280077 -0.0358586
0 -0.0171337 -0.0288808 -0.0369843
0 -0.017449 -0.0296007 -0.0379367
0 -0.0176756 -0.0301597 -0.0386904
0 -0.017817 -0.030548 -0.0392239
0 -0.0178769 -0.0307559 -0.0395211
0 -0.0178631 -0.0307796 -0.0395745
0 -0.0177845 -0.0306201 -0.0393836
0 -0.0176424 -0.0302823 -0.0389532
0 -0.0174345 -0.0297765 -0.0382943
0 -0.0171598 -0.0291168 -0.0374257
0 -0.0168176 -0.0283188 -0.0363733
0 -0.0164107 -0.0273987 -0.0351681
0 -0.0159476 -0.0263739 -0.0338437
0 -0.0154426 -0.025266 -0.0324345
0 -0.0149136 -0.0241009 -0.0309721
0 -0.0143802 -0.0229072 -0.0294828
0 -0.0138611 -0.0217171 -0.0279894
0 -0.013363 -0.0205606 -0.0265159
0 -0.0128893 -0.0194623 -0.0250904
0 -0.0124562 -0.0184484 -0.0237466
0 -0.0120744 -0.0175415 -0.0225191
0 -0.0117467 -0.0167546 -0.0214396
0 -0.0114804 -0.0160993 -0.0205369
0 -0.0112765 -0.0155874 -0.0198352
0 -0.0111321 -0.0152255 -0.0193493
0 -0.011046 -0.0150174 -0.0190849
0 -0.0110172 -0.0149667 -0.0190413
0 -0.0110457 -0.0150719 -0.019211
0 -0.0111339 -0.0153275 -0.0195812
0 -0.0112848 -0.0157255 -0.0201355
0 -0.0114992 -0.0162543 -0.0208541
0 -0.0117744 -0.0168997 -0.0217152
0 -0.0121038 -0.0176472 -0.0226956
0 -0.0124768 -0.0184799 -0.0237717
0 -0.0128801 -0.0193787 -0.0249211
0 -0.0133006 -0.0203231 -0.0261212
0 -0.013727 -0.0212913 -0.0273502
0 -0.0141511 -0.0222615 -0.0285875
0 -0.0145671 -0.0232145 -0.0298122
0 -0.014969 -0.0241349 -0.0310024
0 -0.0153467 -0.0250044 -0.0321336
0 -0.0156908 -0.0258029 -0.0331803
0 -0.0159977 -0.0265178 -0.0341177
0 -0.0162649 -0.0271373 -0.0349234
0 -0.0164896 -0.0276482 -0.0355798
0 -0.0166689 -0.0280427 -0.036075
0 -0.0168 -0.0283148 -0.0364029
0 -0.0168788 -0.0284598 -0.0365624
0 -0.0168997 -0.0284754 -0.0365568
0 -0.0168599 -0.0283626 -0.0363926
0 -0.0167584 -0.028125 -0.0360789
0 -0.0165962 -0.0277687 -0.0356266
0 -0.0163789 -0.0273034 -0.0350475
0 -0.0161145 -0.0267415 -0.0343541
0 -0.0158124 -0.0260976 -0.03356
0 -0.0154847 -0.0253898 -0.0326809
0 -0.0151432 -0.0246362 -0.0317341
0 -0.0147977 -0.0238544 -0.0307385
0 -0.0144579 -0.023064 -0.0297152
0 -0.0141327 -0.0222841 -0.0286869
0 -0.0138233 -0.0215293 -0.027678
0 -0.0135283 -0.0208115 -0.0267131
0 -0.0132519 -0.0201444 -0.0258172
0 -0.0129964 -0.0195403 -0.0250128
0 -0.0127644 -0.0190089 -0.0243182
0 -0.0125634 -0.0185607 -0.0237466
0 -0.0123991 -0.0182044 -0.0233055
0 -0.0122762 -0.0179469 -0.0229981
0 -0.0122008 -0.0177942 -0.0228244
0 -0.0121757 -0.0177492 -0.0227818
0 -0.0122016 -0.0178118 -0.0228668
0 -0.0122772 -0.0179788 -0.0230752
0 -0.0123989 -0.0182438 -0.0234018
0 -0.0125611 -0.0185976 -0.0238406
0 -0.0127567 -0.0190291 -0.0243834
0 -0.0129778 -0.019526 -0.0250193
0 -0.0132169 -0.0200753 -0.025734
0 -0.0134672 -0.0206636 -0.0265096
0 -0.0137241 -0.0212775 -0.0273261
0 -0.0139837 -0.0219039 -0.0281618
0 -0.0142432 -0.0225303 -0.0289953
0 -0.0145003 -0.0231446 -0.0298064
0 -0.0147529 -0.0237352 -0.0305763
0 -0.0149952 -0.0242907 -0.0312884
0 -0.0152201 -0.0247964 -0.0319295
0 -0.0154235 -0.0252423 -0.0324883
0 -0.0155992 -0.0256206 -0.0329561
0 -0.0157407 -0.0259216 -0.0333264
0 -0.015845 -0.0261404 -0.033595
0 -0.015908 -0.0262739 -0.0337592
0 -0.0159277 -0.0263194 -0.0338181
0 -0.0159056 -0.026278 -0.0337721
0 -0.0158437 -0.0261527 -0.033623
0 -0.0157455 -0.0259481 -0.0333743
0 -0.0156162 -0.025671 -0.0330316
0 -0.0154608 -0.0253295 -0.0326025
0 -0.0152839 -0.0249325 -0.0320972
0 -0.0150901 -0.02449 -0.031528
0 -0.0148841 -0.0240129 -0.0309087
0 -0.0146702 -0.0235114 -0.0302543
0 -0.0144527 -0.0229974 -0.0295806
0 -0.0142364 -0.022483 -0.0289037
0 -0.014023 -0.0219771 -0.0282393
0 -0.0138153 -0.0214893 -0.0276019
0 -0.0136183 -0.0210313 -0.0270055
0 -0.0134355 -0.0206122 -0.0264625
0 -0.0132719 -0.0202402 -0.0259834
0 -0.0131316 -0.0199232 -0.0255773
0 -0.0130186 -0.019668 -0.0252509
0 -0.0129362 -0.0194792 -0.0250093
0 -0.0128854 -0.0193603 -0.0248557
0 -0.0128669 -0.0193135 -0.0247917
0 -0.0128801 -0.0193379 -0.0248175
0 -0.012923 -0.0194314 -0.0249318
0 -0.0129936 -0.0195903 -0.0251316
0 -0.0130893 -0.0198088 -0.0254121
0 -0.0132068 -0.0200805 -0.025766
0 -0.0133428 -0.0203984 -0.0261838
0 -0.0134939 -0.0207544 -0.0266544
0 -0.013657 -0.0211404 -0.0271651
0 -0.0138289 -0.0215476 -0.0277025
0 -0.0140059 -0.0219664 -0.0282529
