0 -0.00133296 0.00135459 0.00032217
0 -0.00140802 0.00119414 0.00012798
0 -0.00147576 0.00105205 -4.38118e-05
0 -0.00153549 0.00092932 -0.000192526
0 -0.00158632 0.000826405 -0.000317573
0 -0.00162767 0.000743395 -0.000418469
0 -0.00165925 0.000680463 -0.00049485
0 -0.00168073 0.000637844 -0.000546496
0 -0.00169178 0.000615594 -0.000573338
0 -0.00169234 0.000613589 -0.00057546
0 -0.0016826 0.000631674 -0.000553105
0 -0.00166291 0.000669691 -0.000506655
0 -0.0016337 0.000727374 -0.000436613
0 -0.00159548 0.000804288 -0.000343588
0 -0.00154882 0.000899844 -0.000228273
0 -0.00149437 0.00101334 -9.14302e-05
0 -0.00143276 0.00114396 6.61046e-05
0 -0.00136454 0.00129069 0.000243413
0 -0.00129033 0.00145224 0.00043948
0 -0.00121078 0.00162719 0.000653202
0 -0.00112643 0.00181432 0.000883368
0 -0.00103795 0.00201249 0.00112862
0 -0.000946067 0.00222036 0.00138746
0 -0.000851352 0.00243644 0.00165821
0 -0.000754506 0.00265908 0.00193909
0 -0.000655853 0.00288676 0.00222827
0 -0.000555195 0.00311881 0.00252388
0 -0.000452869 0.00335455 0.00282402
0 -0.000350077 0.0035925 0.0031267
0 -0.000248175 0.00383095 0.0034299
0 -0.000147643 0.00406811 0.00373166
0 -4.82055e-05 0.00430241 0.00403016
0 4.98943e-05 0.00453305 0.00432383
0 0.000145875 0.00475908 0.00461122
0 0.000239279 0.00497869 0.00489085
0 0.000329824 0.00519041 0.00516114
0 0.000416959 0.0053934 0.00542053
0 0.000500002 0.0055865 0.00566767
0 0.000578426 0.0057684 0.00590136
0 0.000651837 0.00593844 0.00612035
0 0.000719734 0.00609608 0.00632327
0 0.000781479 0.00624033 0.00650886
0 0.000836562 0.00637013 0.006676
0 0.000884776 0.00648489 0.00682381
0 0.000925969 0.00658425 0.00695153
0 0.000959864 0.00666756 0.00705836
0 0.000986306 0.00673409 0.00714361
0 0.00100549 0.00678347 0.00720706
0 0.00101796 0.00681596 0.00724898
0 0.00102442 0.00683217 0.00726998
0 0.00102549 0.0068328 0.00727073
0 0.00102164 0.00681855 0.00725191
0 0.00101309 0.00679012 0.00721421
0 0.000999877 0.00674829 0.00715834
0 0.000981927 0.00669386 0.00708509
0 0.000959244 0.00662775 0.00699553
0 0.000931848 0.00655083 0.00689084
0 0.000899238 0.0064634 0.00677178
0 0.0008601 0.00636475 0.00663831
0 0.000812985 0.00625377 0.00649006
0 0.000757197 0.00612965 0.00632713
0 0.000692921 0.00599222 0.00615024
0 0.000620879 0.00584172 0.00596037
0 0.000542061 0.00567865 0.00575848
0 0.000457598 0.00550369 0.0055454
0 0.000368732 0.0053178 0.00532187
0 0.000276813 0.00512232 0.00508868
0 0.000183169 0.00491897 0.00484677
0 8.88809e-05 0.00470969 0.00459695
0 -5.49252e-06 0.00449609 0.00433962
0 -0.000100063 0.00427899 0.00407469
0 -0.000195463 0.00405899 0.00380217
0 -0.000291878 0.00383729 0.00352279
0 -0.000388664 0.00361507 0.00323805
0 -0.000485298 0.003393 0.00294981
0 -0.000580634 0.00317247 0.00266085
0 -0.000671362 0.00295713 0.00237598
0 -0.000752603 0.00275241 0.00210195
0 -0.000820213 0.00256356 0.0018456
0 -0.000873724 0.00239313 0.00161104
0 -0.000917093 0.00223994 0.00139816
0 -0.000955804 0.00210144 0.00120493
0 -0.000992757 0.00197757 0.00103148
0 -0.00102617 0.00187204 0.000882323
0 -0.00105209 0.00178981 0.000763698
0 -0.00106972 0.00173252 0.000678389
0 -0.00108354 0.00169611 0.000623172
0 -0.00110035 0.00167317 0.000591488
0 -0.00112449 0.0016578 0.000578236
0 -0.00115573 0.0016478 0.000581746
0 -0.0011909 0.00164275 0.000601858
0 -0.00122608 0.00164262 0.000638062
0 -0.00125614 0.00164941 0.000690518
0 -0.00127357 0.00166847 0.000761754
0 -0.00127023 0.00170688 0.000855353
0 -0.00124272 0.00176872 0.000971138
0 -0.00119674 0.00185056 0.0011012
0 -0.0011447 0.00194295 0.00123226
0 -0.00109735 0.00203732 0.0013534
0 -0.00105748 0.00213096 0.00146156
0 -0.00102151 0.00222558 0.00156013
0 -0.000984963 0.00232302 0.00165386
0 -0.000945378 0.00242314 0.00174624
0 -0.000900939 0.00252511 0.00184044
0 -0.00084837 0.00262973 0.00194089
0 -0.000783721 0.00274003 0.00205309
0 -0.000704164 0.00286024 0.00218229
0 -0.000608387 0.00299495 0.00233273
0 -0.000495761 0.00314944 0.00250829
0 -0.000365346 0.00333031 0.0027136
0 -0.000216425 0.00354503 0.00295405
0 -5.12194e-05 0.00379848 0.00323304
0 0.000122414 0.00408826 0.00354797
0 0.000291885 0.00440441 0.00389044
0 0.000446422 0.00473592 0.00425268
0 0.000583476 0.00507631 0.00463332
0 0.00070656 0.00542246 0.00503537
0 0.000818735 0.00576988 0.00545987
0 0.000920054 0.00611061 0.00590263
0 0.00100923 0.00643529 0.00635591
0 0.00108598 0.00673681 0.00681144
0 0.00115247 0.00701219 0.00726186
0 0.00121358 0.00726346 0.00770121
0 0.00127535 0.00749609 0.00812487
0 0.00134161 0.00771446 0.00852669
0 0.00141124 0.00791947 0.00889574
0 0.00147988 0.00811023 0.00921943
0 0.00154537 0.00828688 0.00948979
0 0.00161017 0.00845127 0.00970569
0 0.00167718 0.00860441 0.00986925
0 0.00174588 0.00874392 0.00998195
0 0.00181525 0.00886624 0.010047
0 0.00188879 0.00897183 0.0100743
0 0.00197352 0.00906621 0.0100793
0 0.00207425 0.00915567 0.0100771
0 0.00219115 0.00924477 0.0100795
0 0.00232294 0.00933922 0.0100975
0 0.00247018 0.00944898 0.0101442
0 0.00263357 0.00958611 0.010233
0 0.00280905 0.00975874 0.0103722
0 0.00298621 0.00996748 0.0105623
0 0.00315214 0.0102074 0.0107993
0 0.0032965 0.010472 0.0110787
0 0.00341356 0.0107547 0.0113973
0 0.00350115 0.0110475 0.0117516
0 0.00355745 0.0113387 0.0121342
0 0.00357752 0.0116102 0.01253
0 0.00355293 0.0118382 0.0129163
0 0.00347653 0.0119991 0.0132672
0 0.00335104 0.0120791 0.0135631
0 0.00319445 0.0120817 0.0137972
0 0.00303421 0.0120238 0.0139722
0 0.00289407 0.0119237 0.0140889
0 0.00278598 0.0117944 0.0141405
0 0.00271322 0.0116453 0.014117
0 0.00267864 0.0114896 0.014015
0 0.00268795 0.0113456 0.0138415
0 0.00274502 0.0112312 0.0136098
0 0.00284552 0.0111554 0.0133329
0 0.00297765 0.0111177 0.0130223
0 0.00313021 0.0111153 0.0126953
0 0.00329906 0.0111501 0.0123792
0 0.00348475 0.0112267 0.0121074
0 0.00368267 0.0113441 0.0119076
0 0.00387527 0.0114878 0.0117899
0 0.00403457 0.0116328 0.0117488
0 0.00413226 0.0117523 0.0117726
0 0.00414786 0.0118245 0.0118476
0 0.00407091 0.0118335 0.0119581
0 0.00389896 0.0117668 0.0120858
0 0.00363489 0.0116137 0.0122065
0 0.00328514 0.0113652 0.0122908
0 0.00285857 0.0110139 0.0123063
0 0.00236579 0.0105531 0.0122171
0 0.00181894 0.00997661 0.0119862
0 0.0012315 0.00928047 0.0115793
0 0.000618633 0.0084644 0.0109688
0 -3.03944e-06 0.00753211 0.0101352
0 -0.000616759 0.00649108 0.00906915
0 -0.00120707 0.00535178 0.00777082
0 -0.00176505 0.00412595 0.00624912
0 -0.00229185 0.00282439 0.00451931
0 -0.00279313 0.0014546 0.00260001
0 -0.00327358 1.7794e-05 0.000512064
0 -0.00373606 -0.00149206 -0.00171833
0 -0.00418473 -0.00307444 -0.00405752
0 -0.00462512 -0.00469673 -0.00645658
0 -0.00506057 -0.00630665 -0.00885377
0 -0.00549345 -0.00787631 -0.0111963
0 -0.00592928 -0.00940016 -0.0134407
0 -0.00637642 -0.0108641 -0.0155448
0 -0.00684085 -0.0122466 -0.0174725
0 -0.00732211 -0.0135313 -0.0191932
0 -0.00781311 -0.0147038 -0.0206804
0 -0.00830137 -0.0157469 -0.0219131
0 -0.00877102 -0.0166404 -0.0228769
0 -0.0092089 -0.0173694 -0.0235682
0 -0.00961311 -0.0179348 -0.0240026
0 -0.00999429 -0.0183535 -0.0242152
0 -0.0103667 -0.0186489 -0.0242505
0 -0.0107349 -0.0188398 -0.0241472
0 -0.0110822 -0.0189302 -0.0239264
0 -0.0113707 -0.0189069 -0.0235893
0 -0.011554 -0.0187481 -0.0231272
0 -0.0115949 -0.0184379 -0.022536
0 -0.011479 -0.0179773 -0.0218273
0 -0.0112199 -0.0173862 -0.0210303
0 -0.0108517 -0.0166957 -0.0201834
0 -0.0104137 -0.0159375 -0.0193222
0 -0.0099358 -0.015133 -0.0184668
0 -0.00943316 -0.0142901 -0.0176174
0 -0.00891089 -0.0134091 -0.0167616
0 -0.0083743 -0.0124928 -0.0158853
0 -0.00783493 -0.0115517 -0.0149798
0 -0.0073096 -0.0106031 -0.0140434
0 -0.00681461 -0.00966598 -0.0130772
0 -0.00635904 -0.00875316 -0.0120807
0 -0.00594088 -0.00786724 -0.0110478
0 -0.00554871 -0.00700087 -0.00996933
0 -0.00516719 -0.00614118 -0.00883748
0 -0.00478291 -0.00527457 -0.00765013
0 -0.00438823 -0.00439028 -0.00641307
0 -0.0039832 -0.00348317 -0.00514059
0 -0.00357495 -0.00255565 -0.00385443
0 -0.00317068 -0.00161376 -0.00257582
0 -0.0027662 -0.000653768 -0.00131099
0 -0.00234078 0.000345406 -4.57968e-05
0 -0.00187029 0.00140681 0.00124025
0 -0.00134883 0.00253139 0.00255312
0 -0.000792661 0.0036943 0.00387792
0 -0.000227339 0.00486433 0.00519297
0 0.000330333 0.00602336 0.00648894
0 0.000884411 0.00717279 0.00777811
0 0.00145444 0.00832873 0.00908878
0 0.00205691 0.00950778 0.0104461
0 0.00268836 0.0107115 0.0118532
0 0.00332561 0.0119239 0.0132921
0 0.00394387 0.0131259 0.0147414
0 0.0045337 0.0143101 0.0161922
0 0.00510024 0.0154823 0.017645
0 0.00565148 0.0166488 0.0191009
0 0.00619143 0.0178093 0.0205548
0 0.00672036 0.0189569 0.0219966
0 0.00723734 0.0200841 0.0234145
0 0.00774361 0.0211847 0.0247986
0 0.00824518 0.0222569 0.0261443
0 0.00875096 0.0233059 0.0274509
0 0.00926548 0.0243347 0.0287148
0 0.00978148 0.025334 0.0299226
0 0.0102771 0.0262794 0.0310476
0 0.0107199 0.027136 0.0320542
0 0.0110779 0.0278685 0.0329074
0 0.0113303 0.02845 0.033583
0 0.0114687 0.0288631 0.0340684
0 0.0114914 0.0290946 0.0343564
0 0.0114014 0.029134 0.034442
0 0.0112117 0.0289788 0.0343259
0 0.0109466 0.0286378 0.0340169
0 0.0106333 0.0281287 0.0335276
0 0.0102908 0.0274709 0.032867
0 0.00992613 0.0266783 0.0320345
0 0.00953425 0.025757 0.0310198
0 0.00910452 0.0247106 0.0298107
0 0.00863008 0.0235482 0.0284042
0 0.00811301 0.0222865 0.0268115
0 0.00755919 0.0209423 0.025051
0 0.00696959 0.0195213 0.0231393
0 0.00633971 0.0180181 0.0210899
0 0.00566839 0.0164331 0.0189211
0 0.00496644 0.0147819 0.0166647
0 0.00425539 0.0130867 0.0143638
0 0.00355789 0.0113706 0.0120628
0 0.00288925 0.00965772 0.00979836
0 0.0022535 0.0079681 0.00759639
0 0.00164366 0.00631254 0.00547657
0 0.00104748 0.00469858 0.00344977
0 0.000452921 0.00314021 0.00151514
0 -0.000151066 0.00164949 -0.000330631
0 -0.000774862 0.00022649 -0.00208803
0 -0.00142776 -0.0011355 -0.00375843
0 -0.00211999 -0.00244717 -0.00534724
0 -0.00286095 -0.00372691 -0.00686476
0 -0.00365222 -0.00499735 -0.00832342
0 -0.00448559 -0.00627649 -0.00973352
0 -0.00534618 -0.00757195 -0.0111003
0 -0.00621211 -0.00887692 -0.0124212
0 -0.00705128 -0.0101688 -0.0136844
0 -0.0078246 -0.0114141 -0.0148736
0 -0.00849543 -0.0125749 -0.0159735
0 -0.0090373 -0.0136152 -0.0169726
0 -0.00943882 -0.0145061 -0.0178662
0 -0.00970597 -0.0152321 -0.0186585
0 -0.00985865 -0.0157928 -0.0193608
0 -0.00992378 -0.0161991 -0.0199854
0 -0.00993002 -0.0164703 -0.0205406
0 -0.00990195 -0.0166276 -0.0210265
0 -0.00984773 -0.0166822 -0.0214249
0 -0.00975026 -0.0166246 -0.021693
0 -0.00957755 -0.0164324 -0.0217748
0 -0.00930449 -0.0160863 -0.0216219
0 -0.00892553 -0.0155779 -0.0212064
0 -0.00845465 -0.0149094 -0.0205218
0 -0.00792027 -0.0140916 -0.0195801
0 -0.00735882 -0.0131419 -0.0184077
0 -0.00680747 -0.0120816 -0.01704
0 -0.0062981 -0.0109344 -0.0155162
0 -0.00585311 -0.00972599 -0.0138761
0 -0.00548256 -0.00848303 -0.0121577
0 -0.00518325 -0.00723074 -0.0103944
0 -0.00494128 -0.00599215 -0.00861619
0 -0.00473476 -0.00478702 -0.00685004
0 -0.00453417 -0.0036278 -0.00511775
0 -0.0043037 -0.00251781 -0.00343243
0 -0.00400661 -0.00145058 -0.00179987
0 -0.00361692 -0.000413062 -0.000229043
0 -0.0031337 0.000603131 0.00126104
0 -0.00258371 0.00159844 0.00264161
0 -0.00200469 0.00256803 0.00387912
0 -0.00142413 0.00350578 0.00495339
0 -0.000850848 0.00441395 0.00587022
0 -0.000278006 0.00530739 0.00665773
0 0.000305678 0.00620532 0.00735718
0 0.000905165 0.00711823 0.0080115
0 0.00151607 0.00804216 0.00865666
0 0.00212348 0.00896143 0.00931695
0 0.00270171 0.00985251 0.010002
0 0.00321841 0.0106869 0.0107104
0 0.00364156 0.0114352 0.0114352
0 0.00394526 0.0120712 0.0121636
0 0.00411329 0.0125745 0.0128767
0 0.00414289 0.0129346 0.0135553
0 0.00404659 0.013154 0.0141824
0 0.00384468 0.0132407 0.0147404
0 0.00355358 0.013197 0.0152005
0 0.00318222 0.013016 0.0155187
0 0.00273911 0.0126895 0.0156491
0 0.00224641 0.0122235 0.015563
0 0.0017488 0.0116478 0.01526
0 0.00130442 0.0110105 0.0147633
0 0.000962627 0.0103588 0.0141025
0 0.000744264 0.00971993 0.0132958
0 0.000636239 0.00909606 0.0123447
0 0.000604032 0.00847347 0.0112458
0 0.000614295 0.00784225 0.0100097
0 0.000650273 0.00720944 0.00867416
0 0.000709726 0.0065951 0.00729819
0 0.000793667 0.00601766 0.00594405
0 0.00089724 0.005483 0.00466396
0 0.00100238 0.00498642 0.00350019
0 0.00107249 0.00452039 0.00247517
0 0.00105677 0.00406384 0.00157985
0 0.000908063 0.00357649 0.000794792
0 0.000606435 0.00303077 0.000113573
0 0.000169942 0.00243623 -0.000453146
0 -0.000357158 0.00182452 -0.000884308
0 -0.000922822 0.00122805 -0.00116535
0 -0.00147982 0.000673136 -0.00130029
0 -0.00199382 0.000178846 -0.00131195
0 -0.00244685 -0.000247422 -0.00123939
0 -0.00283689 -0.000609903 -0.00113372
0 -0.00317186 -0.000917274 -0.00104937
0 -0.00346099 -0.0011794 -0.00103108
0 -0.00370825 -0.00140571 -0.00110623
0 -0.00390774 -0.0016005 -0.00128637
0 -0.00404376 -0.00176183 -0.00156494
0 -0.00409488 -0.00188242 -0.00191624
0 -0.00403794 -0.00194924 -0.00230209
0 -0.0038524 -0.00194437 -0.00267753
0 -0.00352968 -0.00185087 -0.00299532
0 -0.00308583 -0.00166453 -0.00322014
0 -0.00256554 -0.00139779 -0.00334165
0 -0.00202854 -0.00107117 -0.00336404
0 -0.00152835 -0.000703658 -0.00328835
0 -0.00109974 -0.000304967 -0.0031063
0 -0.000757943 0.000126105 -0.00280169
0 -0.000504148 0.000594211 -0.00235733
0 -0.000333882 0.00109883 -0.00176455
0 -0.000243323 0.00162941 -0.00102962
0 -0.000228867 0.00216612 -0.000174324
0 -0.00028514 0.00268487 0.000768346
0 -0.000404603 0.00316009 0.00175967
0 -0.00057457 0.00356876 0.00275955
0 -0.000775223 0.00389931 0.00372955
0 -0.000984505 0.00415207 0.00463048
0 -0.00118658 0.00433034 0.00542357
0 -0.00137611 0.0044333 0.00606926
0 -0.0015551 0.0044548 0.00652062
0 -0.00172445 0.00438933 0.00673908
0 -0.00187621 0.0042393 0.00671107
0 -0.00199397 0.00401708 0.00644398
0 -0.00206175 0.00373995 0.00595849
0 -0.00207152 0.00342212 0.00528251
0 -0.00202032 0.00307523 0.00445218
0 -0.00190238 0.0027169 0.0035172
0 -0.00171177 0.00236918 0.00253585
0 -0.00145766 0.00204248 0.00155476
0 -0.00117303 0.00173046 0.000601735
0 -0.000905181 0.00142548 -0.000301312
0 -0.000697835 0.00112693 -0.0011349
0 -0.000579423 0.00083528 -0.00187787
0 -0.000561657 0.000551109 -0.00250219
0 -0.000644101 0.000279282 -0.0029821
0 -0.000818184 2.59382e-05 -0.00330172
0 -0.00107008 -0.000207085 -0.0034565
0 -0.00138682 -0.000424254 -0.00345727
0 -0.00176358 -0.000639518 -0.00333516
0 -0.00220452 -0.00087807 -0.00314148
0 -0.00271494 -0.00116939 -0.00293868
0 -0.00329073 -0.0015362 -0.00278598
0 -0.0039113 -0.00198765 -0.00272818
0 -0.0045383 -0.00251421 -0.00279189
0 -0.00511849 -0.0030843 -0.00298341
0 -0.00558707 -0.00364559 -0.00328233
0 -0.0058769 -0.00413375 -0.0036492
0 -0.00594398 -0.00449574 -0.00405097
0 -0.00579437 -0.00471649 -0.00448013
0 -0.00548537 -0.00482272 -0.00495688
0 -0.00509939 -0.00486255 -0.005512
0 -0.00471041 -0.00487647 -0.00615895
0 -0.0043582 -0.00487628 -0.00686688
0 -0.0040388 -0.00484476 -0.00755809
0 -0.00371968 -0.00474876 -0.00813613
0 -0.00336986 -0.00455692 -0.00851175
0 -0.00297848 -0.00425265 -0.00862018
0 -0.00254926 -0.00382803 -0.00842307
0 -0.00208498 -0.00326862 -0.00789314
0 -0.00158094 -0.00254803 -0.00700767
0 -0.00103138 -0.00163571 -0.00575592
0 -0.000440687 -0.000510905 -0.00414877
0 0.000166573 0.000824092 -0.00222539
0 0.000739104 0.00233556 -5.59264e-05
0 0.00120652 0.00395163 0.0022571
0 0.00149499 0.00555048 0.00457879
0 0.00153857 0.00697401 0.00676168
0 0.00131131 0.00810086 0.00869418
0 0.000877621 0.00891903 0.0103551
0 0.000402385 0.00952722 0.0118208
0 9.28128e-05 0.0100739 0.0132043
0 0.000106987 0.0106743 0.014583
0 0.000484417 0.0113589 0.0159499
0 0.00113653 0.0120892 0.0172021
0 0.00190215 0.0127949 0.0181887
0 0.00262572 0.0133947 0.0187832
0 0.00320632 0.0138323 0.0189288
0 0.00360807 0.014104 0.018647
0 0.00384664 0.0142352 0.0180164
0 0.00396311 0.0142482 0.0171401
0 0.00399878 0.0141481 0.0161182
0 0.00398304 0.0139258 0.0150361
0 0.0039323 0.0135696 0.0139583
0 0.00384865 0.0130705 0.0129279
0 0.00372365 0.0124269 0.0119745
0 0.00356684 0.0116728 0.0111297
0 0.00343534 0.0109083 0.0104572
0 0.00341326 0.0102783 0.0100465
0 0.00355445 0.00990983 0.00995641
0 0.00384436 0.00986164 0.0101759
0 0.00420309 0.0101127 0.0106333
0 0.00451871 0.0105854 0.0112257
0 0.00468965 0.0111799 0.0118513
0 0.00465648 0.0117995 0.0124401
0 0.00441088 0.012359 0.0129612
0 0.00398422 0.0127862 0.0134071
0 0.00342623 0.0130211 0.0137758
0 0.00278587 0.013013 0.0140549
0 0.00209899 0.0127154 0.0142091
0 0.00137524 0.0120823 0.0141729
0 0.000593344 0.0110723 0.0138498
0 -0.000274808 0.00966974 0.0131384
0 -0.00122152 0.00791447 0.011979
0 -0.0021681 0.00593138 0.0103966
0 -0.00296799 0.00393228 0.00851375
0 -0.00345601 0.00216355 0.00650803
0 -0.00350643 0.00082535 0.00454029
0 -0.00308181 1.5707e-05 0.00270619
0 -0.00225947 -0.00028492 0.00103407
0 -0.00121155 -0.000210483 -0.000486568
0 -0.000141503 8.47826e-05 -0.0018857
0 0.000787897 0.000535074 -0.0031571
0 0.00149219 0.0010897 -0.00421626
0 0.0019612 0.00166106 -0.00495222
0 0.00223554 0.00221374 -0.00524462
0 0.00237493 0.00277298 -0.00498636
0 0.00241848 0.00334361 -0.00414882
0 0.00235394 0.00387787 -0.00279372
0 0.0021171 0.00429896 -0.00106314
0 0.0016206 0.00452592 0.000836219
0 0.000793157 0.00448174 0.00267362
0 -0.00039209 0.00408439 0.00423261
0 -0.00190913 0.00327952 0.00533882
0 -0.0036745 0.00211196 0.0058981
0 -0.00553379 0.00071659 0.00589139
0 -0.00726826 -0.000759977 0.00534429
0 -0.00864799 -0.00220523 0.00433635
0 -0.00949799 -0.00351211 0.0029828
0 -0.0097243 -0.00455308 0.00139472
0 -0.00931093 -0.00523726 -0.000335505
0 -0.00832621 -0.00556247 -0.00214925
0 -0.00692957 -0.00560295 -0.00402784
0 -0.00534797 -0.00551378 -0.00596975
0 -0.00381305 -0.00543574 -0.00797348
0 -0.00249373 -0.00534746 -0.00997558
0 -0.0014684 -0.00519287 -0.0118175
0 -0.000738596 -0.00500602 -0.0133263
0 -0.000263048 -0.00479232 -0.0143448
0 9.69604e-06 -0.0044844 -0.0147299
0 0.000125906 -0.00403559 -0.0143859
0 0.000122319 -0.00345417 -0.0133015
0 2.57689e-05 -0.00275318 -0.0115298
0 -0.000139842 -0.00191695 -0.00914148
0 -0.000340646 -0.000912445 -0.00623583
0 -0.000524593 0.000295351 -0.00292943
0 -0.000629189 0.00174308 0.000672267
0 -0.000601072 0.00343584 0.00444517
0 -0.000412062 0.00534058 0.00826478
0 -6.28702e-05 0.00744774 0.0120299
0 0.000420454 0.00974955 0.0155981
0 0.000992106 0.0121544 0.0188179
0 0.00159934 0.0144911 0.0215862
0 0.00220211 0.0166074 0.0238339
0 0.00278918 0.0184337 0.0255411
0 0.00337716 0.0199377 0.0267388
0 0.00399088 0.02108 0.027481
0 0.00464284 0.0218445 0.0278284
0 0.0053234 0.0222602 0.0278362
0 0.00599959 0.022363 0.0275405
0 0.00662213 0.0221739 0.026958
0 0.00714356 0.0217276 0.0261096
0 0.00753915 0.0211014 0.0250442
0 0.00780087 0.0203801 0.0238253
0 0.00789944 0.0195997 0.022486
0 0.00776416 0.018732 0.0210069
0 0.0073137 0.0177074 0.0193434
0 0.00650821 0.0164538 0.0174714
0 0.00537919 0.0149362 0.015414
0 0.00402699 0.0131727 0.0132409
0 0.00259805 0.0112293 0.0110572
0 0.0012527 0.00920562 0.00897853
0 0.000131163 0.00721597 0.00709708
0 -0.000673784 0.00537376 0.00547139
0 -0.00112427 0.00378096 0.00412267
0 -0.00122803 0.00251867 0.00303889
0 -0.0010338 0.00163332 0.00218294
0 -0.000636352 0.00112265 0.00148899
0 -0.000169934 0.000939011 0.000879053
0 0.000226289 0.00100906 0.000287402
0 0.000448004 0.00124278 -0.000331924
0 0.000440123 0.00153296 -0.000984491
0 0.000184912 0.00176298 -0.00164123
0 -0.000318368 0.00181457 -0.00228773
0 -0.0010595 0.0015762 -0.00292754
0 -0.00200486 0.000966924 -0.00356145
0 -0.00308628 -3.38077e-05 -0.00418568
0 -0.00420526 -0.00137486 -0.00478623
0 -0.00525061 -0.00294654 -0.00534577
0 -0.00612347 -0.00460651 -0.00586158
0 -0.00676212 -0.00620745 -0.00636288
0 -0.00715609 -0.00762212 -0.00690192
0 -0.0073438 -0.00876727 -0.0075325
0 -0.00739255 -0.00961356 -0.00831696
0 -0.00736742 -0.010168 -0.00930122
0 -0.0073083 -0.010455 -0.0104726
0 -0.00722736 -0.0105147 -0.0117767
0 -0.00712126 -0.0104077 -0.0131445
0 -0.00698634 -0.0102148 -0.0144782
0 -0.00682414 -0.0100214 -0.0156694
0 -0.00663369 -0.00989229 -0.0166394
0 -0.00640193 -0.00985006 -0.0173114
0 -0.00610439 -0.00986807 -0.0176026
0 -0.00571847 -0.00988022 -0.0174588
0 -0.00523935 -0.0098009 -0.0168607
0 -0.00468548 -0.00954382 -0.015824
0 -0.00408998 -0.00903236 -0.0143951
0 -0.00348627 -0.00820461 -0.0126326
0 -0.00289912 -0.00702009 -0.0105936
0 -0.00233975 -0.00546645 -0.00832773
0 -0.00179998 -0.00355924 -0.00587021
0 -0.00125037 -0.00133581 -0.00323609
0 -0.000648925 0.00114988 -0.000425517
0 3.64183e-05 0.00382389 0.00256476
0 0.000809486 0.00658865 0.00572859
0 0.0016703 0.0093436 0.0090393
0 0.00263198 0.0120129 0.0124439
0 0.0036767 0.0145442 0.0158626
0 0.00473726 0.0168947 0.0192063
0 0.00573869 0.0190235 0.0223919
0 0.00662852 0.0208965 0.0253332
0 0.0073737 0.0225104 0.0279465
0 0.00795015 0.023886 0.0301634
0 0.00833974 0.0250212 0.0319285
0 0.00853103 0.0258877 0.0332005
0 0.0085204 0.0264549 0.0339515
0 0.00831582 0.0266891 0.0341638
0 0.0079447 0.0265571 0.0338407
0 0.00745831 0.0260478 0.0330186
0 0.006926 0.0251864 0.0317654
0 0.00642136 0.0240292 0.0301667
0 0.00600358 0.0226477 0.0283048
0 0.00569971 0.0211099 0.0262436
0 0.00549965 0.0194752 0.024026
0 0.00536641 0.0177966 0.0216831
0 0.00525071 0.0161156 0.019242
0 0.00510048 0.0144642 0.0167296
0 0.00486996 0.0128749 0.0141791
0 0.00453035 0.0113648 0.011635
0 0.00407216 0.00992018 0.00914168
0 0.00349683 0.00850859 0.00674695
0 0.00280953 0.00711638 0.00450758
0 0.00202043 0.00575244 0.00245998
0 0.00114832 0.00439662 0.000624429
0 0.000218214 0.0030035 -0.000982596
0 -0.000747706 0.00155566 -0.00236992
0 -0.00173779 5.78693e-05 -0.00357523
0 -0.00274782 -0.00149129 -0.00465252
0 -0.00377402 -0.00308961 -0.00566444
0 -0.00481019 -0.00471747 -0.00667503
0 -0.0058439 -0.00634326 -0.0077411
0 -0.00685058 -0.00793041 -0.00890357
0 -0.00779122 -0.00943658 -0.0101766
0 -0.00861728 -0.0108123 -0.0115422
0 -0.00928333 -0.0120114 -0.0129645
0 -0.00976203 -0.0130105 -0.0144112
0 -0.0100502 -0.0138157 -0.0158555
0 -0.0101642 -0.0144532 -0.0172674
0 -0.0101332 -0.0149564 -0.0186167
0 -0.00999428 -0.0153587 -0.019874
0 -0.0097866 -0.0156887 -0.0210057
0 -0.00954284 -0.015962 -0.0219737
0 -0.00928303 -0.0161749 -0.0227346
0 -0.00901586 -0.0163063 -0.0232424
0 -0.00874613 -0.0163284 -0.0234592
0 -0.00848127 -0.0162169 -0.023364
0 -0.00823126 -0.0159533 -0.0229538
0 -0.00800028 -0.0155205 -0.0222343
0 -0.0077766 -0.0148958 -0.0212092
0 -0.0075339 -0.0140545 -0.0198798
0 -0.00724747 -0.012985 -0.0182576
0 -0.00690834 -0.011701 -0.0163761
0 -0.0065196 -0.0102356 -0.014284
0 -0.00608157 -0.00862534 -0.0120294
0 -0.00558276 -0.0068976 -0.00964863
0 -0.00500274 -0.00506963 -0.00716723
0 -0.0043201 -0.00315322 -0.00460586
0 -0.0035204 -0.00116123 -0.00198354
0 -0.00260171 0.000890285 0.000680394
0 -0.00158311 0.00298946 0.00336382
0 -0.000503815 0.00513011 0.00604406
0 0.000606042 0.00730351 0.00869612
0 0.00173799 0.00949647 0.0112921
0 0.00287805 0.0116952 0.0138146
0 0.00399678 0.0138838 0.0162611
0 0.00506996 0.0160436 0.0186361
0 0.00609445 0.0181602 0.0209496
0 0.007084 0.0202226 0.0232146
0 0.00805308 0.0222152 0.0254413
0 0.00900532 0.0241203 0.0276343
0 0.0099329 0.0259266 0.0297875
0 0.0108216 0.0276237 0.0318817
0 0.0116562 0.0291964 0.0338879
0 0.0124241 0.0306348 0.0357766
0 0.0131193 0.0319439 0.0375268
0 0.0137438 0.0331421 0.0391297
0 0.0143052 0.0342507 0.0405828
0 0.0148088 0.0352813 0.0418802
0 0.0152554 0.0362332 0.043012
0 0.0156465 0.0371015 0.0439719
0 0.0159889 0.0378835 0.0447645
0 0.0162915 0.0385773 0.0454024
0 0.016556 0.0391725 0.0458954
0 0.0167714 0.0396458 0.0462425
0 0.0169129 0.0399608 0.0464288
0 0.0169459 0.0400711 0.0464267
0 0.0168352 0.0399294 0.0462024
0 0.0165564 0.0394972 0.0457239
0 0.016096 0.0387506 0.0449647
0 0.0154489 0.0376772 0.043902
0 0.0146198 0.036274 0.0425147
0 0.0136268 0.03455 0.0407867
0 0.0125013 0.0325296 0.038713
0 0.011285 0.0302519 0.0363012
0 0.0100241 0.0277661 0.0335707
0 0.00876314 0.0251255 0.0305485
0 0.00753317 0.0223764 0.0272613
0 0.00634234 0.0195468 0.0237279
0 0.00517294 0.0166404 0.0199602
0 0.00398672 0.0136521 0.0159724
0 0.00275044 0.0105901 0.0117896
0 0.00145985 0.00745509 0.00744745
0 0.000122667 0.00420489 0.00297964
0 -0.00126073 0.000822819 -0.00156677
0 -0.00269376 -0.00260736 -0.00612115
0 -0.00418333 -0.00601619 -0.0106268
0 -0.00573672 -0.0094259 -0.0150355
0 -0.00734886 -0.0128471 -0.0192904
0 -0.00899708 -0.016235 -0.0233424
0 -0.0106509 -0.0195473 -0.0271494
0 -0.0122863 -0.0227708 -0.030677
0 -0.0138941 -0.0258995 -0.0339134
0 -0.0154786 -0.0289224 -0.0368738
0 -0.0170489 -0.0318306 -0.0395893
0 -0.0186102 -0.0346232 -0.0420971
0 -0.0201571 -0.037298 -0.044432
0 -0.0216728 -0.0398397 -0.0466214
0 -0.0231328 -0.0422245 -0.0486846
0 -0.0245102 -0.0444342 -0.0506344
0 -0.0257971 -0.0464578 -0.0524789
0 -0.0270045 -0.0482878 -0.0542244
0 -0.0281076 -0.0499247 -0.0558783
0 -0.0290596 -0.0513826 -0.0574517
0 -0.0298623 -0.0526859 -0.0589559
0 -0.030542 -0.0538595 -0.0603972
0 -0.0310983 -0.0549223 -0.0617731
0 -0.0315322 -0.0558877 -0.0630742
0 -0.0318695 -0.0567661 -0.0642876
0 -0.0321285 -0.0575635 -0.0653982
0 -0.0323018 -0.0582757 -0.0663851
0 -0.0323774 -0.0588848 -0.0672199
0 -0.0323494 -0.0593619 -0.0678685
0 -0.0322098 -0.0596704 -0.0682952
0 -0.0319478 -0.0597686 -0.0684644
0 -0.0315579 -0.0596132 -0.0683415
0 -0.0310402 -0.059164 -0.0678948
0 -0.0303963 -0.0583867 -0.0670971
0 -0.0296295 -0.0572561 -0.0659271
0 -0.0287491 -0.0557625 -0.0643694
0 -0.0277701 -0.0539141 -0.0624141
0 -0.0267071 -0.05173 -0.0600521
0 -0.0255614 -0.0492297 -0.0572721
0 -0.0243173 -0.0464309 -0.054063
0 -0.0229605 -0.0433531 -0.0504205
0 -0.021491 -0.0400192 -0.0463539
0 -0.0199173 -0.0364549 -0.0418888
0 -0.0182529 -0.0326858 -0.0370659
0 -0.0165275 -0.0287359 -0.0319368
0 -0.0147725 -0.0246286 -0.0265598
0 -0.0129808 -0.0204015 -0.0209956
0 -0.0111194 -0.0161172 -0.0153143
0 -0.00916648 -0.0118044 -0.00957791
0 -0.00711677 -0.00741601 -0.003828
0 -0.00497678 -0.00291591 0.00187899
0 -0.00276045 0.00166281 0.0074778
0 -0.000480375 0.00627714 0.0129211
0 0.00185875 0.0109237 0.018174
0 0.00425899 0.0156144 0.0232175
0 0.00672358 0.0203332 0.0280526
0 0.0092529 0.025045 0.0326943
0 0.0118435 0.0297332 0.037171
0 0.0144855 0.0343973 0.041521
0 0.0171627 0.0390225 0.0457853
0 0.01986 0.043581 0.0500048
0 0.0225069 0.0480507 0.054216
0 0.0249784 0.0524136 0.0584422
0 0.0272599 0.0566506 0.0626883
0 0.0294565 0.0607464 0.0669432
0 0.0316324 0.0646956 0.071187
0 0.0337468 0.0684998 0.0753944
0 0.0356931 0.0721605 0.0795342
0 0.0373853 0.0756774 0.0835684
0 0.0388236 0.0790483 0.0874553
0 0.0400583 0.0822652 0.0911531
0 0.0411051 0.0853071 0.0946232
0 0.0419305 0.0881411 0.097831
0 0.042505 0.0907214 0.100748
0 0.0428408 0.0930026 0.103354
0 0.0429822 0.094962 0.105631
0 0.0429719 0.0965682 0.107566
0 0.0428294 0.0977666 0.109136
0 0.04256 0.09851 0.110317
0 0.0421743 0.0987627 0.111088
0 0.0416866 0.0985064 0.111434
0 0.041101 0.0977626 0.111323
0 0.0404128 0.0965669 0.110716
0 0.0396134 0.0949291 0.10956
0 0.0386888 0.0928478 0.107808
0 0.0376221 0.0903531 0.105416
0 0.0364052 0.0875091 0.102362
0 0.0350447 0.0843715 0.0986439
0 0.0335527 0.0809675 0.0942769
0 0.0319411 0.0773117 0.0893007
0 0.030228 0.073418 0.0837762
0 0.0284375 0.0692976 0.0777825
0 0.0265809 0.0649506 0.0714153
0 0.0246548 0.0603773 0.0647747
0 0.0226669 0.055579 0.0579542
0 0.0206306 0.0505415 0.0510187
0 0.0185511 0.0452878 0.044039
0 0.0164293 0.0399054 0.0371225
0 0.0142572 0.0344779 0.0303406
0 0.0120131 0.0290289 0.0237271
0 0.00967103 0.0235356 0.0173222
0 0.00721878 0.0179874 0.0111527
0 0.00466382 0.0124217 0.00523297
0 0.00202644 0.0068975 -0.000421736
0 -0.000668643 0.00145397 -0.00580454
0 -0.00339578 -0.00389167 -0.0109185
0 -0.00612748 -0.00911268 -0.0157686
0 -0.00883284 -0.014159 -0.0203614
0 -0.0114776 -0.0189797 -0.0247044
0 -0.0140213 -0.0235402 -0.0288042
0 -0.0164162 -0.0278126 -0.0326663
0 -0.0186186 -0.0317658 -0.0362972
0 -0.0205962 -0.0353678 -0.0397039
0 -0.0223239 -0.0385915 -0.0428875
0 -0.0237786 -0.0414172 -0.0458366
0 -0.0249386 -0.0438308 -0.0485274
0 -0.0257876 -0.0458213 -0.05093
0 -0.0263199 -0.0473808 -0.0530136
0 -0.0265463 -0.0485081 -0.0547462
0 -0.0264794 -0.0492085 -0.0560939
0 -0.0261161 -0.0494886 -0.0570215
0 -0.0254781 -0.0493533 -0.0574958
0 -0.0246346 -0.0488114 -0.0574895
0 -0.0236556 -0.0478763 -0.0569843
0 -0.0225957 -0.046566 -0.0559708
0 -0.0215099 -0.0449066 -0.0544475
0 -0.0204438 -0.0429347 -0.0524191
0 -0.0194267 -0.0406945 -0.0498978
0 -0.0184772 -0.0382356 -0.0469054
0 -0.0176037 -0.0356081 -0.0434773
0 -0.0168005 -0.0328584 -0.0396647
0 -0.0160552 -0.0300358 -0.0355343
0 -0.0153539 -0.0271915 -0.0311648
0 -0.0146811 -0.0243619 -0.026644
0 -0.0140216 -0.0215642 -0.0220667
0 -0.0133655 -0.0188151 -0.0175453
0 -0.0126998 -0.0161617 -0.0131848
0 -0.0120011 -0.0136565 -0.0090457
0 -0.0112479 -0.01128 -0.00518507
0 -0.0104261 -0.0089571 -0.00166726
0 -0.00951819 -0.00665565 0.00147541
0 -0.00850635 -0.00441055 0.00423349
0 -0.00738591 -0.00225234 0.00660866
0 -0.00616527 -0.000161908 0.00862313
0 -0.00485346 0.00188099 0.0103147
0 -0.00345728 0.00385457 0.0117281
0 -0.00199128 0.00572657 0.0129162
0 -0.00048208 0.00749148 0.0139373
0 0.00103755 0.00915689 0.0148492
0 0.00253366 0.0107193 0.0157052
0 0.0039711 0.0121706 0.0165517
0 0.00531355 0.0135152 0.0174257
0 0.00652653 0.0147654 0.0183544
0 0.00758106 0.0159304 0.0193551
0 0.00845419 0.0170125 0.020435
0 0.00912828 0.0180122 0.0215904
0 0.00959152 0.0189294 0.0228072
0 0.00983992 0.0197609 0.0240627
0 0.00987974 0.0204973 0.0253282
0 0.00972952 0.0211244 0.0265701
0 0.00942002 0.0216302 0.0277529
0 0.00899089 0.0220106 0.0288414
0 0.00848669 0.022264 0.0298021
0 0.00795745 0.0223871 0.0306023
0 0.00745491 0.0223794 0.0312115
0 0.00702088 0.0222471 0.0316031
0 0.00668339 0.0220008 0.0317553
0 0.00645735 0.0216526 0.0316487
0 0.00633988 0.0212125 0.0312653
0 0.00630977 0.0206874 0.0305907
0 0.0063355 0.0200831 0.0296207
0 0.0063837 0.0194074 0.0283658
0 0.00642318 0.018667 0.0268524
0 0.0064264 0.0178643 0.0251195
0 0.00636985 0.0169953 0.0232149
0 0.00623509 0.0160492 0.021192
0 0.00601048 0.0150151 0.0191067
0 0.0056915 0.013891 0.0170141
0 0.00527779 0.0126746 0.0149619
0 0.00476845 0.0113584 0.0129814
0 0.00416054 0.00993646 0.011088
0 0.00345203 0.00840936 0.00929122
0 0.00264508 0.00678551 0.00758816
0 0.00174649 0.00508337 0.00595689
0 0.000766123 0.00332649 0.00436906
0 -0.00028567 0.00153052 0.00279184
0 -0.0014038 -0.000299054 0.00118746
0 -0.00258822 -0.00215841 -0.000480262
0 -0.00382539 -0.00404463 -0.00224644
0 -0.0050816 -0.00595865 -0.00414216
0 -0.00632621 -0.0079029 -0.00618735
0 -0.00754455 -0.00987803 -0.00838899
0 -0.00872746 -0.011881 -0.0107415
0 -0.00986014 -0.0139046 -0.0132286
0 -0.0109201 -0.0159378 -0.0158275
0 -0.0118831 -0.017965 -0.0185072
0 -0.0127321 -0.0199646 -0.0212199
0 -0.0134582 -0.0219078 -0.023909
0 -0.0140564 -0.0237599 -0.0265221
0 -0.0145228 -0.0254839 -0.0290061
0 -0.0148582 -0.027044 -0.0313086
0 -0.0150707 -0.0284093 -0.0333846
0 -0.0151747 -0.029553 -0.0351923
0 -0.015185 -0.030449 -0.036688
0 -0.0151112 -0.0310687 -0.0378274
0 -0.0149578 -0.0313842 -0.0385688
0 -0.0147251 -0.0313806 -0.0388773
0 -0.0144144 -0.0310526 -0.0387268
0 -0.0140313 -0.0303917 -0.0381006
0 -0.0135791 -0.029397 -0.0369913
0 -0.0130569 -0.0280879 -0.0354026
0 -0.0124651 -0.0264928 -0.0333514
0 -0.0118071 -0.0246393 -0.0308683
0 -0.0110896 -0.0225581 -0.0279975
0 -0.0103226 -0.0202896 -0.0247951
0 -0.00952042 -0.0178805 -0.0213292
0 -0.00870188 -0.0153768 -0.0176795
0 -0.00789211 -0.0128265 -0.0139367
0 -0.00712432 -0.0102882 -0.0101986
0 -0.00643544 -0.00783147 -0.00657154
0 -0.00584939 -0.00553801 -0.00314399
0 -0.00536158 -0.00347409 2.97004e-05
0 -0.00495297 -0.00165215 0.00288657
0 -0.00461439 -6.87478e-05 0.00535708
0 -0.00434946 0.00124585 0.00739009
0 -0.0041674 0.00223303 0.00893798
0 -0.00407554 0.00284686 0.0099587
0 -0.00407087 0.00308928 0.0104308
0 -0.00413998 0.00298387 0.0103524
0 -0.00426945 0.00253981 0.00973739
0 -0.00445172 0.00176968 0.00861494
0 -0.00467871 0.000710848 0.00702768
0 -0.00493807 -0.00058638 0.00502939
0 -0.00521923 -0.00207238 0.00268397
0 -0.00551906 -0.00370108 6.19831e-05
0 -0.00583808 -0.00542817 -0.00276098
0 -0.00617666 -0.00721868 -0.00570353
0 -0.00653337 -0.00905011 -0.00868394
0 -0.00689471 -0.0108681 -0.0116241
0 -0.00723174 -0.0125723 -0.0144263
0 -0.00751654 -0.0140892 -0.0169821
0 -0.00773515 -0.015398 -0.019211
0 -0.00787774 -0.0164728 -0.0210384
0 -0.00792576 -0.0172562 -0.0223859
0 -0.00785797 -0.0176891 -0.0231975
0 -0.00766536 -0.0177398 -0.0234387
0 -0.00735709 -0.0174035 -0.0230954
0 -0.00695386 -0.016687 -0.0221775
0 -0.00647855 -0.0156015 -0.0207135
0 -0.00595367 -0.0141722 -0.0187464
0 -0.00540301 -0.0124451 -0.0163334
0 -0.00485027 -0.0104785 -0.0135412
0 -0.00431937 -0.00832958 -0.0104403
0 -0.00382963 -0.00605313 -0.00710449
0 -0.00337836 -0.00370996 -0.00361438
0 -0.00294653 -0.00138672 -6.4958e-05
0 -0.00252727 0.000815586 0.00344148
0 -0.0021299 0.00284328 0.00682302
0 -0.00176318 0.00470129 0.0100076
0 -0.00142333 0.00639096 0.0129115
0 -0.00109592 0.00787323 0.0154641
0 -0.000770002 0.00910982 0.0176134
0 -0.00044734 0.0101101 0.0193136
0 -0.00013749 0.0108993 0.0205313
0 0.000148921 0.0114697 0.0212477
0 0.000401073 0.011796 0.021456
0 0.000608632 0.0118728 0.0211685
0 0.000764132 0.0117128 0.0204201
0 0.00086352 0.0113248 0.0192611
0 0.00090366 0.0107103 0.0177499
0 0.000878369 0.0098744 0.0159481
0 0.000777032 0.00882752 0.0139165
0 0.000586991 0.00758348 0.0117133
0 0.000296166 0.00616379 0.00939214
0 -0.000106221 0.00459144 0.0069994
0 -0.000629356 0.00288508 0.00457191
0 -0.0012787 0.00106102 0.00213504
0 -0.00205274 -0.000866997 -0.000292578
0 -0.00294227 -0.00287761 -0.00269121
0 -0.00393328 -0.00493061 -0.00504473
0 -0.00501583 -0.00698742 -0.00734574
0 -0.00617904 -0.00903582 -0.00959097
0 -0.00738668 -0.0110762 -0.01178
0 -0.00858315 -0.0130965 -0.013915
0 -0.00972648 -0.0150727 -0.0159971
0 -0.0107959 -0.0169828 -0.0180255
0 -0.0117762 -0.0188122 -0.0199996
0 -0.0126494 -0.0205486 -0.0219206
0 -0.0134003 -0.0221782 -0.023791
0 -0.014026 -0.0236869 -0.0256115
0 -0.014534 -0.0250617 -0.0273756
0 -0.0149332 -0.0262898 -0.0290666
0 -0.0152257 -0.0273536 -0.0306557
0 -0.0154065 -0.0282306 -0.0321041
0 -0.0154688 -0.0288986 -0.0333666
0 -0.0154095 -0.0293404 -0.0343942
0 -0.0152289 -0.0295412 -0.0351378
0 -0.0149283 -0.0294856 -0.0355502
0 -0.0145097 -0.0291598 -0.0355908
0 -0.0139821 -0.0285573 -0.0352282
0 -0.0133598 -0.027678 -0.0344407
0 -0.0126562 -0.0265209 -0.0332141
0 -0.0118796 -0.0250821 -0.0315414
0 -0.0110342 -0.0233603 -0.0294237
0 -0.0101231 -0.0213609 -0.0268718
0 -0.00914992 -0.0190953 -0.0239063
0 -0.00811875 -0.0165793 -0.0205575
0 -0.00703473 -0.0138329 -0.016865
0 -0.00591082 -0.0108797 -0.0128771
0 -0.00477393 -0.00774986 -0.00864764
0 -0.00363889 -0.00447903 -0.00423084
0 -0.00248088 -0.00111678 0.000313742
0 -0.0012639 0.00227749 0.00493386
0 2.40437e-05 0.00567907 0.00959726
0 0.00137067 0.00910225 0.0142574
0 0.00275649 0.0125398 0.0188481
0 0.00417036 0.0159332 0.023311
0 0.00560769 0.0192225 0.0275905
0 0.00705917 0.0223923 0.0316322
0 0.00850409 0.0254429 0.0353881
0 0.00991193 0.0283469 0.0388145
0 0.0112507 0.031061 0.0418738
0 0.0124938 0.033557 0.0445406
0 0.0136205 0.0358177 0.046801
0 0.0146124 0.037814 0.0486475
0 0.0154503 0.0395025 0.0500766
0 0.0161116 0.0408387 0.051088
0 0.0165715 0.0417864 0.0516834
0 0.0168067 0.0423126 0.0518656
0 0.0167972 0.0423833 0.0516375
0 0.0165346 0.0419679 0.0509983
0 0.0160243 0.0410493 0.0499401
0 0.015268 0.0396235 0.0484466
0 0.0142597 0.0376929 0.0464944
0 0.0129992 0.035268 0.0440561
0 0.0114983 0.032373 0.0411046
0 0.0097793 0.0290427 0.0376178
0 0.00787078 0.0253169 0.0335827
0 0.00580463 0.0212373 0.0289993
0 0.00360835 0.0168463 0.0238827
0 0.00129188 0.0121877 0.0182651
0 -0.00112546 0.00731259 0.0121967
0 -0.00358028 0.00227322 0.00574333
0 -0.00600111 -0.00291889 -0.0010169
0 -0.0083495 -0.00825902 -0.00799802
0 -0.0106129 -0.0136533 -0.0151201
0 -0.0127821 -0.0189739 -0.022266
0 -0.014836 -0.0241684 -0.029272
0 -0.0167418 -0.0292404 -0.0360113
0 -0.018467 -0.0341813 -0.0423761
0 -0.0199921 -0.0389272 -0.0482494
0 -0.0213163 -0.0433721 -0.0535488
0 -0.0224504 -0.0474372 -0.0582209
0 -0.0234204 -0.0510852 -0.0622285
0 -0.0242749 -0.0542721 -0.0655591
0 -0.025047 -0.0569474 -0.0682204
0 -0.025725 -0.0590859 -0.0702317
0 -0.0263013 -0.0606971 -0.0716252
0 -0.0267943 -0.0618104 -0.0724461
0 -0.0272169 -0.0624492 -0.0727484
0 -0.027592 -0.0626304 -0.0725891
0 -0.0279632 -0.062386 -0.072021
0 -0.0283417 -0.0617725 -0.0710867
0 -0.0286853 -0.0608623 -0.0698209
0 -0.0289519 -0.0597325 -0.0682568
0 -0.0291238 -0.0584591 -0.0664326
0 -0.0291828 -0.0571159 -0.0643941
0 -0.0291039 -0.0557649 -0.0621944
0 -0.0288682 -0.0544379 -0.05989
0 -0.0284637 -0.0531321 -0.0575367
0 -0.027884 -0.0518252 -0.0551855
0 -0.0271331 -0.050483 -0.0528796
0 -0.0262247 -0.049057 -0.0506513
0 -0.0251746 -0.0474926 -0.0485185
0 -0.0239997 -0.045745 -0.0464805
0 -0.022719 -0.0437889 -0.0445128
0 -0.0213489 -0.0416155 -0.0425734
0 -0.0198986 -0.0392253 -0.0406084
0 -0.0183698 -0.0366268 -0.038542
0 -0.0167662 -0.0338357 -0.0362859
0 -0.0151028 -0.0308725 -0.0337584
0 -0.0133895 -0.0277589 -0.0308905
0 -0.011616 -0.0245137 -0.0276313
0 -0.00977397 -0.021152 -0.0239562
0 -0.00787177 -0.0176882 -0.0198665
0 -0.00592871 -0.0141369 -0.0153863
0 -0.00397539 -0.0105012 -0.0105614
0 -0.00204617 -0.00676912 -0.00545839
0 -0.000165648 -0.00293555 -0.000166347
0 0.00165467 0.000994646 0.00523871
0 0.00341061 0.00502036 0.0107026
0 0.00510022 0.00913722 0.0161453
0 0.00672364 0.0133227 0.0214888
0 0.00828586 0.0175416 0.0266841
0 0.00979788 0.0217523 0.0316848
0 0.0112749 0.0259179 0.0364526
0 0.0127335 0.0300225 0.0409676
0 0.0141893 0.0340486 0.0452176
0 0.015655 0.0379612 0.0491963
0 0.0171357 0.0417253 0.0529057
0 0.0186297 0.0453055 0.0563526
0 0.0201137 0.048661 0.0595466
0 0.0215279 0.0517594 0.0624961
0 0.0228441 0.0545741 0.0652053
0 0.024087 0.057074 0.0676713
0 0.0252593 0.059233 0.0698832
0 0.0263649 0.0610381 0.071822
0 0.0274063 0.0624838 0.0734619
0 0.0283015 0.0635637 0.0747704
0 0.0289383 0.0642707 0.0757099
0 0.0292813 0.0645994 0.0762415
0 0.029343 0.0645444 0.0763285
0 0.0290977 0.0640953 0.0759388
0 0.0284978 0.0632355 0.0750469
0 0.027545 0.0619437 0.0736344
0 0.0262865 0.0601963 0.0716877
0 0.0247712 0.0579699 0.0691963
0 0.0230346 0.0552452 0.0661512
0 0.0211102 0.0520114 0.0625447
0 0.0190457 0.0482725 0.0583699
0 0.0168918 0.0440484 0.0536215
0 0.014676 0.0393727 0.0482981
0 0.0123789 0.0342959 0.0424064
0 0.00995706 0.0288885 0.0359661
0 0.00740579 0.0232237 0.029012
0 0.00476125 0.0173614 0.0215953
0 0.00205973 0.0113173 0.0137839
0 -0.000680124 0.00508647 0.00566392
0 -0.00345537 -0.00126218 -0.00268222
0 -0.00626453 -0.00762139 -0.0111382
0 -0.00909422 -0.0139492 -0.0195318
0 -0.0119166 -0.0202687 -0.0277348
0 -0.0146951 -0.0266045 -0.035653
0 -0.0173947 -0.0329445 -0.0431796
0 -0.0199947 -0.039233 -0.0502442
0 -0.0224924 -0.0453871 -0.0568125
0 -0.0249343 -0.0513464 -0.0628629
0 -0.0274347 -0.0570606 -0.0683968
0 -0.030051 -0.0624565 -0.0734347
0 -0.0326822 -0.0674752 -0.0779936
0 -0.0351599 -0.0720876 -0.0820919
0 -0.0373738 -0.0762611 -0.0857553
0 -0.03935 -0.0799545 -0.0890101
0 -0.0412045 -0.0831382 -0.091883
0 -0.0429736 -0.0857965 -0.0943957
0 -0.0445596 -0.0879291 -0.0965566
0 -0.0458564 -0.0895497 -0.0983606
0 -0.0468484 -0.0906752 -0.0997925
0 -0.0475691 -0.0913235 -0.100828
0 -0.0480242 -0.0915222 -0.101434
0 -0.0481762 -0.0913108 -0.101582
0 -0.0479884 -0.0907291 -0.101246
0 -0.0474648 -0.0898074 -0.100414
0 -0.0466406 -0.0885632 -0.0990829
0 -0.0455546 -0.0870029 -0.0972628
0 -0.0442475 -0.085124 -0.0949737
0 -0.0427749 -0.0829193 -0.0922444
0 -0.0412008 -0.0803823 -0.0891078
0 -0.0395804 -0.0775124 -0.085596
0 -0.0379527 -0.0743185 -0.081736
0 -0.0363416 -0.0708246 -0.0775488
0 -0.0347562 -0.0670661 -0.073052
0 -0.0331933 -0.0630848 -0.0682649
0 -0.0316503 -0.0589371 -0.063212
0 -0.0301315 -0.0546928 -0.057923
0 -0.0286212 -0.050413 -0.0524351
0 -0.0270751 -0.0461557 -0.0467949
0 -0.0254558 -0.0419785 -0.0410651
0 -0.0237508 -0.0378968 -0.0353308
0 -0.0219662 -0.0338895 -0.0296636
0 -0.0201214 -0.0299405 -0.024116
0 -0.0182395 -0.0260372 -0.0187693
0 -0.0163363 -0.0221757 -0.0137018
0 -0.0144187 -0.0183661 -0.00895978
0 -0.0124918 -0.0146142 -0.00458069
0 -0.0105631 -0.0109206 -0.000586309
0 -0.00864155 -0.00729731 0.00302695
0 -0.00673426 -0.0037687 0.00627909
0 -0.00484289 -0.000355402 0.00920593
0 -0.00296279 0.00293133 0.0118602
0 -0.00108525 0.00608235 0.0143041
0 0.000799512 0.00909068 0.0166036
0 0.00270015 0.0119574 0.0188262
0 0.00462307 0.0146931 0.0210361
0 0.00657192 0.0173173 0.0232903
0 0.00854643 0.0198559 0.0256343
0 0.010539 0.0223387 0.0280988
0 0.0125299 0.024798 0.0306987
0 0.0144894 0.0272675 0.0334366
0 0.0163853 0.0297781 0.0363055
0 0.0181906 0.0323538 0.0392904
0 0.0198851 0.035009 0.0423699
0 0.0214541 0.0377489 0.0455176
0 0.0228855 0.0405687 0.0487039
0 0.0241699 0.0434485 0.0518972
0 0.0252995 0.0463544 0.0550628
0 0.0262647 0.0492426 0.0581614
0 0.0270506 0.0520624 0.0611484
0 0.0276417 0.054748 0.0639778
0 0.0279729 0.0572115 0.0666057
0 0.0279639 0.0593641 0.0689871
0 0.0276982 0.0611352 0.0710732
0 0.0273521 0.0624609 0.0728097
0 0.026965 0.0632741 0.0741352
0 0.0264518 0.063514 0.0749836
0 0.0257484 0.0631407 0.0752884
0 0.024873 0.0621461 0.0749847
0 0.0238834 0.0605559 0.0740109
0 0.0228007 0.0584072 0.0723122
0 0.0215917 0.0557346 0.0698443
0 0.0202327 0.0525862 0.0665777
0 0.0187487 0.049031 0.0625063
0 0.017174 0.0451367 0.0576511
0 0.015514 0.0409505 0.0520605
0 0.0137556 0.0365098 0.0458104
0 0.0118848 0.0318571 0.0390018
0 0.00990675 0.0270242 0.0317516
0 0.00785371 0.0220086 0.0241827
0 0.00575248 0.0167568 0.0163937
0 0.00360549 0.0112407 0.00848704
0 0.00140138 0.00555703 0.000614378
0 -0.000878137 -0.000182498 -0.00710257
0 -0.00324919 -0.00598359 -0.0145932
0 -0.00571816 -0.0119104 -0.0217806
0 -0.00828324 -0.0179733 -0.0286063
0 -0.0109386 -0.0240912 -0.0350484
0 -0.0136765 -0.030161 -0.0410992
0 -0.0164909 -0.0361452 -0.0467678
0 -0.0193775 -0.0420324 -0.0520867
0 -0.0223253 -0.0477596 -0.0570986
0 -0.0253856 -0.0532414 -0.061847
0 -0.0286483 -0.0584261 -0.0663711
0 -0.0320413 -0.0632906 -0.0706983
0 -0.0353594 -0.0678136 -0.074842
0 -0.0384324 -0.0719678 -0.0788031
0 -0.0411721 -0.0757276 -0.0825709
0 -0.0436006 -0.0790803 -0.0861243
0 -0.0457824 -0.0820259 -0.0894328
0 -0.0476856 -0.0845714 -0.09246
0 -0.0491943 -0.0867291 -0.0951669
0 -0.0502419 -0.088515 -0.0975163
0 -0.0508546 -0.0899405 -0.0994732
0 -0.051082 -0.0910074 -0.101007
0 -0.0509458 -0.0917139 -0.102092
0 -0.0504553 -0.0920595 -0.102716
0 -0.0496575 -0.0920387 -0.102879
0 -0.0486489 -0.0916359 -0.10259
0 -0.0475229 -0.0908292 -0.101858
0 -0.0463357 -0.089599 -0.100694
0 -0.0451303 -0.0879444 -0.0991012
0 -0.0439542 -0.0858944 -0.0970755
0 -0.0428423 -0.0834935 -0.0946099
0 -0.0417986 -0.0807872 -0.0916964
0 -0.0408013 -0.0778291 -0.0883312
0 -0.0398228 -0.0746814 -0.0845184
0 -0.0388322 -0.0714036 -0.0802741
0 -0.0377885 -0.0680387 -0.075628
0 -0.0366478 -0.0646006 -0.0706253
0 -0.0353835 -0.0610838 -0.0653266
0 -0.0339945 -0.0574789 -0.0598062
0 -0.0324815 -0.0537773 -0.054148
0 -0.0308292 -0.0499799 -0.0484568
0 -0.0290224 -0.0460737 -0.042807
0 -0.0270552 -0.0420096 -0.0372149
0 -0.0249243 -0.0377431 -0.0317256
0 -0.0226292 -0.0332628 -0.0263869
0 -0.0201754 -0.0285911 -0.0211998
0 -0.0175709 -0.0237798 -0.0161629
0 -0.014825 -0.0188758 -0.0112713
0 -0.0119511 -0.0139017 -0.00650294
0 -0.00897207 -0.00888315 -0.00183566
0 -0.0059224 -0.00387479 0.0027459
0 -0.00284527 0.00105864 0.00725622
0 0.000211899 0.00587227 0.0117048
0 0.00319989 0.0105362 0.0160922
0 0.00606888 0.0150152 0.0204105
0 0.00876652 0.0192687 0.0246405
0 0.011235 0.0232604 0.0287523
0 0.0134156 0.0269611 0.0327083
0 0.0152573 0.0303455 0.0364657
0 0.0167198 0.0333882 0.0399762
0 0.0177751 0.0360618 0.0431876
0 0.018408 0.0383398 0.0460455
0 0.0186225 0.0401927 0.0484972
0 0.0184475 0.0415832 0.0504954
0 0.0179207 0.042475 0.051997
0 0.0170814 0.0428391 0.0529636
0 0.0160067 0.0426532 0.0533617
0 0.014799 0.0419017 0.0531612
0 0.0135235 0.0405813 0.0523366
0 0.0122175 0.0387094 0.0508644
0 0.0109268 0.0363286 0.0487239
0 0.00968853 0.0335009 0.0459002
0 0.00850971 0.0302977 0.0423879
0 0.00737682 0.0267963 0.0381972
0 0.00626897 0.0230761 0.0333603
0 0.00516202 0.0192082 0.0279358
0 0.00402297 0.0152522 0.0220116
0 0.00282433 0.0112618 0.0157034
0 0.0015748 0.00728063 0.00914885
0 0.000306078 0.00328842 0.0024761
0 -0.000956009 -0.000753401 -0.0041764
0 -0.00219235 -0.00475719 -0.010611
0 -0.00338843 -0.00858554 -0.0166454
0 -0.00453467 -0.012207 -0.0221565
0 -0.00561913 -0.0156734 -0.0270335
0 -0.00662192 -0.0189817 -0.0311843
0 -0.00752141 -0.022008 -0.0345494
0 -0.0083039 -0.0246338 -0.0371052
0 -0.00896559 -0.0268295 -0.0388615
0 -0.00950824 -0.0285778 -0.0398433
0 -0.00993513 -0.0298166 -0.0400962
0 -0.0102485 -0.0304705 -0.0396861
0 -0.0104465 -0.0304944 -0.0386819
0 -0.0105177 -0.0298802 -0.0371483
0 -0.0104395 -0.0286432 -0.0351426
0 -0.0101823 -0.0268175 -0.0327066
0 -0.00971544 -0.0244616 -0.0298662
0 -0.00900794 -0.021657 -0.0266376
0 -0.00803338 -0.0184965 -0.0230344
0 -0.00678144 -0.0150708 -0.0190757
0 -0.0052669 -0.0114606 -0.0147936
0 -0.00353383 -0.00773734 -0.0102376
0 -0.00166691 -0.00397454 -0.00547299
0 0.000230232 -0.000238889 -0.000576906
0 0.00209407 0.0034412 0.00435963
0 0.00389762 0.00706276 0.00924314
0 0.00560028 0.0106151 0.0140085
0 0.00714041 0.0140755 0.0186012
0 0.00846319 0.0174072 0.0229511
0 0.00954486 0.0205608 0.0270019
0 0.0103957 0.023495 0.0307174
0 0.0110458 0.0261827 0.0340643
0 0.0115281 0.0285956 0.0370195
0 0.011868 0.0307 0.0395716
0 0.0120846 0.0324695 0.0417117
0 0.0121978 0.0338864 0.0434338
0 0.0122319 0.034936 0.0447358
0 0.0122129 0.0356041 0.0456154
0 0.012162 0.0358824 0.0460694
0 0.01209 0.0357774 0.0460945
0 0.0119964 0.0353096 0.0456861
0 0.0118693 0.0345077 0.0448403
0 0.0116874 0.0334033 0.0435562
0 0.0114261 0.0320321 0.041839
0 0.0110624 0.0304357 0.0397021
0 0.0105767 0.0286499 0.037169
0 0.00995514 0.0266954 0.0342732
0 0.00919171 0.0245803 0.0310581
0 0.00829041 0.0223062 0.0275755
0 0.00726356 0.0198726 0.0238827
0 0.00612884 0.0172783 0.0200378
0 0.00490443 0.0145195 0.0160952
0 0.00359939 0.0115901 0.0120917
0 0.00220757 0.00848169 0.00805796
0 0.000729569 0.00519835 0.00403505
0 -0.00080669 0.00178159 4.49447e-05
0 -0.0023674 -0.00170781 -0.00391325
0 -0.00393534 -0.00521951 -0.00783666
0 -0.00551067 -0.00871583 -0.0117239
0 -0.0071029 -0.0121653 -0.0155755
0 -0.0087135 -0.0155339 -0.0193814
0 -0.0103243 -0.0187849 -0.0231223
0 -0.0119064 -0.0218933 -0.0267747
0 -0.0134371 -0.0248545 -0.0303115
0 -0.0149039 -0.0276723 -0.0337036
0 -0.0162989 -0.0303429 -0.0369216
0 -0.0176115 -0.0328559 -0.0399356
0 -0.0188247 -0.0352045 -0.0427153
0 -0.019916 -0.0373831 -0.0452315
0 -0.0208619 -0.0393775 -0.0474572
0 -0.0216426 -0.0411627 -0.049369
0 -0.0222447 -0.042706 -0.0509488
0 -0.022662 -0.0439727 -0.0521836
0 -0.0228924 -0.0449294 -0.0530648
0 -0.0229366 -0.0455432 -0.0535866
0 -0.0227956 -0.0457822 -0.0537448
0 -0.0224672 -0.0456202 -0.0535346
0 -0.0219538 -0.0450379 -0.0529485
0 -0.0212702 -0.0440251 -0.0519766
0 -0.020436 -0.0425844 -0.0506053
0 -0.0194642 -0.0407327 -0.0488167
0 -0.0183586 -0.0384964 -0.0465886
0 -0.0171181 -0.0359062 -0.0438971
0 -0.0157428 -0.0329925 -0.0407215
0 -0.0142378 -0.029783 -0.0370518
0 -0.0126146 -0.0263072 -0.0328941
0 -0.0108927 -0.0225975 -0.0282738
0 -0.00911043 -0.0186857 -0.0232337
0 -0.00732027 -0.0145988 -0.0178305
0 -0.00554478 -0.0103571 -0.0121291
0 -0.00376228 -0.00599688 -0.00619862
0 -0.00194488 -0.00157792 -0.000125787
0 -8.1297e-05 0.00287448 0.00601155
0 0.00182466 0.0073904 0.0121736
0 0.00376142 0.0119915 0.0182988
0 0.00572164 0.0166457 0.0243031
0 0.00770803 0.0212898 0.0301269
0 0.00972639 0.0258845 0.0357208
0 0.0117762 0.0304305 0.0410417
0 0.0138491 0.0349281 0.0460633
0 0.0159328 0.0393447 0.0507718
0 0.0180145 0.0436309 0.0551614
0 0.0200797 0.0477483 0.0592345
0 0.0220971 0.0516688 0.062997
0 0.0239959 0.0553544 0.0664528
0 0.025727 0.0587542 0.0696066
0 0.0273115 0.0618297 0.0724646
0 0.0287621 0.0645684 0.0750343
0 0.0300827 0.0669674 0.0773227
0 0.0313 0.0690197 0.079334
0 0.0323813 0.0707178 0.0810675
0 0.0332404 0.0720619 0.0825178
0 0.0338488 0.0730596 0.0836755
0 0.0342413 0.0737195 0.0845288
0 0.034433 0.0740482 0.0850657
0 0.0343984 0.0740533 0.0852759
0 0.0341179 0.0737445 0.0851509
0 0.0336101 0.0731309 0.0846842
0 0.0329189 0.0722194 0.0838701
0 0.0320834 0.0710167 0.0827045
0 0.0311303 0.0695309 0.0811835
0 0.0300869 0.067772 0.0793047
0 0.0289885 0.0657534 0.0770675
0 0.0278644 0.0634935 0.0744752
0 0.0267294 0.0610169 0.0715362
0 0.0255946 0.0583524 0.0682657
0 0.0244723 0.0555282 0.0646848
0 0.0233664 0.0525718 0.0608182
0 0.0222653 0.049512 0.0566934
0 0.0211479 0.0463697 0.0523423
0 0.0199859 0.0431553 0.0478031
0 0.0187528 0.0398815 0.0431231
0 0.0174444 0.0365624 0.0383555
0 0.0160722 0.033187 0.0335435
0 0.01464 0.0297359 0.0287272
0 0.0131448 0.0262351 0.0239741
0 0.0115831 0.0227312 0.0193469
0 0.00994966 0.0192435 0.0148752
0 0.008237 0.0157654 0.0105848
0 0.00644234 0.012279 0.00649728
0 0.00457046 0.00878033 0.00261734
0 0.00263079 0.00529186 -0.00105773
0 0.000634741 0.00183905 -0.00453577
0 -0.00140404 -0.00157186 -0.00783249
0 -0.00346773 -0.00494111 -0.0109669
0 -0.00553342 -0.00825226 -0.0139592
0 -0.00757525 -0.0114766 -0.0168316
0 -0.00956767 -0.0145938 -0.0196065
0 -0.0114879 -0.0175945 -0.0223056
0 -0.0133178 -0.0204702 -0.0249494
0 -0.0150429 -0.0232123 -0.0275557
0 -0.0166477 -0.025817 -0.0301368
0 -0.0181155 -0.028287 -0.0326979
0 -0.0194331 -0.0306278 -0.0352357
0 -0.0205912 -0.0328425 -0.0377377
0 -0.0215815 -0.0349285 -0.0401828
0 -0.0223955 -0.0368796 -0.042543
0 -0.0230271 -0.0386887 -0.044787
0 -0.0234752 -0.0403488 -0.0468837
0 -0.0237464 -0.0418495 -0.0488047
0 -0.0238577 -0.0431738 -0.0505248
0 -0.0238348 -0.0443005 -0.052022
0 -0.0237082 -0.0452068 -0.0532757
0 -0.0235072 -0.0458712 -0.0542666
0 -0.023254 -0.0462754 -0.0549761
0 -0.0229669 -0.0464058 -0.0553861
0 -0.0226668 -0.0462545 -0.0554778
0 -0.0223664 -0.0458197 -0.0552331
0 -0.022061 -0.0451064 -0.0546342
0 -0.0217386 -0.0441306 -0.0536651
0 -0.0213843 -0.0429193 -0.0523141
0 -0.0209758 -0.041499 -0.0505756
0 -0.0204872 -0.039888 -0.0484525
0 -0.0198966 -0.0380985 -0.0459583
0 -0.019188 -0.0361392 -0.0431181
0 -0.0183538 -0.0340132 -0.0399694
0 -0.017396 -0.0317182 -0.0365598
0 -0.0163253 -0.0292514 -0.0329426
0 -0.0151569 -0.0266106 -0.0291719
0 -0.0139072 -0.0237944 -0.0252986
0 -0.012592 -0.0208089 -0.0213671
0 -0.0112288 -0.0176733 -0.0174161
0 -0.00984212 -0.0144153 -0.0134677
0 -0.0084451 -0.0110755 -0.00952311
0 -0.00702114 -0.00770616 -0.00558639
0 -0.00554669 -0.00433663 -0.00166666
0 -0.00400768 -0.00096607 0.00223524
0 -0.0023978 0.00238983 0.00611642
0 -0.000725534 0.00568992 0.00996555
0 0.000986498 0.00890477 0.0137677
0 0.00271486 0.0120306 0.0175029
0 0.00444141 0.0150734 0.0211439
0 0.0061462 0.0180322 0.02466
0 0.00780129 0.0208958 0.0280206
0 0.00937476 0.0236544 0.0311991
0 0.0108393 0.0263068 0.0341756
0 0.0121766 0.0288506 0.0369374
0 0.0133775 0.0312713 0.0394779
0 0.0144397 0.0335475 0.0417966
0 0.0153656 0.0356607 0.0438982
0 0.0161602 0.0375952 0.0457901
0 0.0168302 0.039331 0.0474809
0 0.0173835 0.0408439 0.0489786
0 0.0178273 0.0421126 0.0502884
0 0.0181676 0.0431232 0.0514118
0 0.0184088 0.043869 0.0523452
0 0.0185543 0.0443466 0.0530793
0 0.0186054 0.0445568 0.0535994
0 0.0185647 0.0445095 0.0538858
0 0.0184332 0.0442221 0.0539154
0 0.0182036 0.0437133 0.0536652
0 0.0178683 0.0430001 0.0531149
0 0.0174281 0.0420992 0.0522501
0 0.0168906 0.0410278 0.051065
0 0.0162684 0.0397995 0.0495642
0 0.0155772 0.0384221 0.047762
0 0.0148348 0.0368981 0.045681
0 0.0140596 0.0352301 0.0433504
0 0.0132692 0.0334247 0.040803
0 0.0124753 0.0314884 0.0380724
0 0.0116812 0.029426 0.0351897
0 0.0108826 0.0272445 0.0321821
0 0.010071 0.0249563 0.0290747
0 0.00923627 0.0225799 0.0258913
0 0.00836781 0.0201398 0.022656
0 0.00745131 0.0176566 0.0193933
0 0.00646859 0.0151372 0.0161254
0 0.0054152 0.0125924 0.0128697
0 0.00431125 0.0100571 0.00964609
0 0.00318119 0.00756628 0.00648473
0 0.00204057 0.00513665 0.00341493
0 0.000899687 0.00277999 0.000457949
0 -0.000236585 0.000504265 -0.00236571
0 -0.00136538 -0.00168947 -0.0050379
0 -0.00247816 -0.00379592 -0.00754633
0 -0.00356085 -0.00580272 -0.0098817
0 -0.00460164 -0.00770118 -0.0120375
0 -0.00559523 -0.00948899 -0.0140115
0 -0.00653886 -0.0111624 -0.0158045
0 -0.00742605 -0.0127126 -0.0174188
0 -0.00824512 -0.0141287 -0.0188571
0 -0.00898239 -0.0154 -0.020121
0 -0.0096263 -0.0165166 -0.0212119
0 -0.010169 -0.0174693 -0.022132
0 -0.0106051 -0.0182494 -0.022884
0 -0.0109304 -0.0188491 -0.02347
0 -0.0111425 -0.0192638 -0.023892
0 -0.0112414 -0.0194932 -0.0241522
0 -0.0112305 -0.0195403 -0.024253
0 -0.0111154 -0.01941 -0.0241959
0 -0.0109034 -0.0191091 -0.0239799
0 -0.0106053 -0.0186461 -0.0236019
0 -0.0102336 -0.0180321 -0.0230578
0 -0.00980049 -0.0172795 -0.0223434
0 -0.00931765 -0.0164019 -0.021456
0 -0.00879748 -0.0154134 -0.0203954
0 -0.0082525 -0.0143285 -0.0191648
0 -0.00769462 -0.0131617 -0.017772
0 -0.00713409 -0.0119267 -0.0162284
0 -0.0065787 -0.0106361 -0.0145498
0 -0.00603337 -0.00930084 -0.0127546
0 -0.0054997 -0.00792964 -0.0108629
0 -0.00497581 -0.00652916 -0.00889606
0 -0.00445746 -0.00510513 -0.00687682
0 -0.00393963 -0.00366322 -0.00482888
0 -0.0034171 -0.0022094 -0.00277619
0 -0.00288488 -0.00075044 -0.000742447
0 -0.00233858 0.00070587 0.00125026
0 -0.00177634 0.00215017 0.00318662
0 -0.00120037 0.00357156 0.00505887
0 -0.000613338 0.00496064 0.00685877
0 -1.3915e-05 0.00631691 0.00857633
0 0.00060137 0.00764741 0.0102058
0 0.0012318 0.00895136 0.0117447
0 0.00187086 0.0102179 0.0131921
0 0.00250885 0.0114388 0.014551
0 0.00313664 0.0126137 0.0158284
0 0.00374865 0.013743 0.0170336
0 0.00433956 0.0148229 0.0181742
0 0.00489877 0.0158437 0.0192539
0 0.00541209 0.0167935 0.0202726
0 0.00586857 0.0176621 0.0212288
0 0.00626322 0.0184428 0.0221219
0 0.00659522 0.0191316 0.0229512
0 0.00686556 0.0197262 0.0237152
0 0.00707588 0.0202265 0.0244102
0 0.00722858 0.0206347 0.0250306
0 0.00732731 0.020954 0.0255695
0 0.0073769 0.0211885 0.0260194
0 0.00738254 0.0213422 0.0263726
0 0.00734889 0.0214183 0.0266209
0 0.00727992 0.0214188 0.0267562
0 0.00717973 0.0213441 0.0267714
0 0.00705318 0.0211942 0.0266616
0 0.00690501 0.0209688 0.0264245
0 0.00673905 0.0206678 0.0260597
0 0.00655805 0.0202907 0.0255689
0 0.00636346 0.0198375 0.0249556
0 0.00615532 0.0193086 0.0242249
0 0.00593254 0.0187055 0.0233833
0 0.00569352 0.0180316 0.0224397
0 0.00543646 0.0172919 0.0214044
0 0.00515935 0.0164924 0.0202888
0 0.00485964 0.0156393 0.0191043
0 0.00453376 0.0147376 0.0178615
0 0.00417679 0.0137905 0.0165689
0 0.00378324 0.0127987 0.0152331
0 0.00334869 0.0117621 0.0138595
0 0.00287099 0.0106799 0.0124533
0 0.00235031 0.00955168 0.0110192
0 0.00178945 0.00837827 0.0095621
0 0.00119327 0.00716115 0.00808621
0 0.000565955 0.00590432 0.00659511
0 -8.80901e-05 0.00461702 0.00509249
0 -0.00075601 0.00331079 0.0035822
0 -0.00141533 0.00199843 0.00206861
0 -0.00204681 0.00069548 0.000558397
0 -0.00263953 -0.000579991 -0.000938697
0 -0.00318493 -0.00180884 -0.00240998
0 -0.00367528 -0.0029743 -0.00384284
0 -0.00410685 -0.00406476 -0.00522839
0 -0.00448222 -0.00507367 -0.00655975
0 -0.004809 -0.00599738 -0.00782871
0 -0.00509577 -0.00683349 -0.00902453
0 -0.00534866 -0.00758079 -0.0101344
0 -0.00557143 -0.00823983 -0.0111448
0 -0.00576715 -0.00881261 -0.0120425
0 -0.00593806 -0.00930087 -0.0128137
0 -0.00608404 -0.00970446 -0.0134446
0 -0.00620227 -0.0100212 -0.0139227
0 -0.00628917 -0.0102482 -0.0142392
0 -0.00634273 -0.0103828 -0.0143905
0 -0.00636319 -0.0104232 -0.0143785
0 -0.00635162 -0.0103673 -0.0142088
0 -0.00630821 -0.0102123 -0.0138899
0 -0.00623177 -0.00995617 -0.0134314
0 -0.00612058 -0.00959768 -0.0128446
0 -0.0059733 -0.00913793 -0.0121414
0 -0.00578892 -0.00858068 -0.0113346
0 -0.0055663 -0.00793213 -0.0104367
0 -0.005304 -0.00720014 -0.0094592
0 -0.00500077 -0.00639375 -0.00841238
0 -0.00465629 -0.0055229 -0.0073057
0 -0.00427176 -0.00459815 -0.00614824
0 -0.00385014 -0.00363015 -0.00494905
0 -0.00339614 -0.00262914 -0.00371712
0 -0.00291613 -0.00160472 -0.00246145
0 -0.0024178 -0.000565969 -0.00119105
0 -0.00191015 0.000478504 8.49858e-05
0 -0.00140292 0.00152042 0.00135765
0 -0.000905324 0.00255163 0.00261802
0 -0.000427766 0.00356364 0.0038581
0 1.88451e-05 0.00454737 0.00507064
0 0.000428057 0.00549329 0.00624864
0 0.000798947 0.00639281 0.0073863
0 0.00113518 0.00723968 0.00847858
0 0.00144078 0.00803035 0.00952113
0 0.00171718 0.00876344 0.0105094
0 0.00196672 0.00943866 0.0114376
0 0.00219419 0.0100569 0.0123005
0 0.00240463 0.0106195 0.0130937
0 0.00260188 0.011128 0.0138128
0 0.00278783 0.0115838 0.0144532
0 0.0029616 0.0119872 0.0150091
0 0.00312022 0.0123369 0.0154748
0 0.00326048 0.012631 0.0158461
0 0.00337989 0.0128681 0.016121
0 0.00347671 0.0130472 0.0163004
0 0.00355027 0.013168 0.0163879
0 0.00360091 0.0132308 0.016389
0 0.00362901 0.0132352 0.0163101
0 0.00363372 0.0131805 0.0161571
0 0.00361288 0.013065 0.0159348
0 0.00356382 0.0128875 0.0156472
0 0.00348465 0.0126482 0.0152985
0 0.00337512 0.0123494 0.0148934
0 0.00323678 0.0119959 0.0144377
0 0.00307186 0.0115936 0.0139365
0 0.00288166 0.0111472 0.0133929
0 0.00266581 0.0106599 0.0128073
0 0.0024233 0.0101329 0.0121786
0 0.00215408 0.00956773 0.0115056
0 0.00186048 0.00896686 0.010789
0 0.00154767 0.00833479 0.0100317
0 0.00122311 0.00767753 0.00923915
0 0.000895235 0.00700127 0.00841744
0 0.000571653 0.00631229 0.00757282
0 0.000257017 0.00561673 0.00671146
0 -4.59906e-05 0.00492029 0.00583966
0 -0.000332415 0.00422995 0.00496397
0 -0.000597189 0.00355467 0.00409111
0 -0.000839948 0.00290308 0.00322827
0 -0.00106121 0.00228175 0.00238272
0 -0.00126098 0.00169539 0.0015611
0 -0.00144372 0.00114637 0.000769663
0 -0.00161733 0.000634076 1.47609e-05
0 -0.00178768 0.000156542 -0.000696206
0 -0.00195601 -0.000286798 -0.00135428
0 -0.00211987 -0.000694132 -0.00194908
0 -0.00227541 -0.00106239 -0.00247008
0 -0.00241895 -0.00138849 -0.00290879
0 -0.00254806 -0.00167002 -0.00326013
0 -0.00266212 -0.00190595 -0.00352358
0 -0.00276263 -0.00209696 -0.00370331
0 -0.00285255 -0.00224469 -0.00380676
0 -0.00293481 -0.00235094 -0.00384288
0 -0.00301107 -0.00241741 -0.00382111
0 -0.00308115 -0.00244583 -0.00375075
0 -0.0031425 -0.00243728 -0.00363963
0 -0.00318968 -0.0023913 -0.00349271
0 -0.00321524 -0.00230634 -0.00331244
0 -0.00321225 -0.00218163 -0.00310073
0 -0.00317653 -0.00201845 -0.00286054
0 -0.00310685 -0.0018196 -0.00259552
0 -0.00300349 -0.00158779 -0.00230852
0 -0.00286702 -0.00132422 -0.00200035
0 -0.00269791 -0.00102831 -0.00166955
0 -0.00249748 -0.000698696 -0.00131344
0 -0.00226966 -0.000335299 -0.0009301
0 -0.00202237 5.87206e-05 -0.000520196
0 -0.00176664 0.000477003 -8.67832e-05
0 -0.00151349 0.000912358 0.000367129
0 -0.00127042 0.00135937 0.000841102
0 -0.00104004 0.00181487 0.00133738
0 -0.000822112 0.0022765 0.00185888
0 -0.000616126 0.00274154 0.00240721
0 -0.000421622 0.00320709 0.0029823
0 -0.000237288 0.00367113 0.00358293
0 -6.00813e-05 0.00413343 0.00420756
0 0.000115633 0.00459588 0.0048547
0 0.000296362 0.00506219 0.005523
0 0.000486436 0.0055365 0.00621017
0 0.000687752 0.00602188 0.00691235
0 0.000900145 0.00652007 0.00762394
0 0.0011208 0.0070307 0.0083366
0 0.0013449 0.0075505 0.0090407
0 0.00156764 0.0080749 0.00972748
0 0.00178515 0.00859942 0.0103902
0 0.0019951 0.00911898 0.0110247
0 0.00219741 0.00962747 0.0116287
0 0.002393 0.0101182 0.0122012
0 0.00258213 0.0105847 0.0127421
0 0.00276406 0.0110207 0.0132506
0 0.00293654 0.0114196 0.0137245
0 0.00309446 0.0117734 0.0141582
0 0.00322997 0.0120733 0.0145435
0 0.00333427 0.0123111 0.0148704
0 0.00339941 0.0124798 0.0151287
0 0.0034195 0.0125739 0.0153085
0 0.00339165 0.01259 0.0154018
0 0.00331611 0.0125265 0.0154025
0 0.00319556 0.012383 0.0153058
0 0.00303408 0.0121591 0.0151076
0 0.00283656 0.0118553 0.014805
0 0.00260952 0.0114735 0.0143974
0 0.00236083 0.0110178 0.0138861
0 0.00209764 0.0104936 0.0132743
0 0.00182482 0.00990584 0.0125649
0 0.0015443 0.00925871 0.0117606
0 0.00125526 0.00855575 0.010864
0 0.000955905 0.00780076 0.00987943
0 0.000645398 0.00699844 0.00881355
0 0.000323005 0.00615366 0.00767542
0 -1.46041e-05 0.00527027 0.00647561
0 -0.000369323 0.00435224 0.00522608
0 -0.000736793 0.00340769 0.0039406
0 -0.0011094 0.00245176 0.0026358
0 -0.00147645 0.00150268 0.00133234
0 -0.0018268 0.000575739 5.26174e-05
0 -0.00215657 -0.000318303 -0.00118334
0 -0.00246773 -0.00117221 -0.00235945
0 -0.00276227 -0.00198039 -0.00346336
0 -0.00304116 -0.00273708 -0.00448463
0 -0.0033059 -0.00343646 -0.0054142
0 -0.00355809 -0.00407348 -0.00624466
0 -0.00379752 -0.00464319 -0.00696927
0 -0.00402107 -0.00513977 -0.00758173
0 -0.00422354 -0.00555697 -0.00807681
0 -0.00439909 -0.00588933 -0.00845088
0 -0.00454204 -0.00613243 -0.00870178
0 -0.0046468 -0.0062825 -0.00882873
0 -0.00470775 -0.00633633 -0.00883227
0 -0.00471987 -0.00629143 -0.00871418
0 -0.00467946 -0.00614624 -0.0084773
0 -0.00458482 -0.0059007 -0.00812566
0 -0.00443686 -0.00555686 -0.00766492
0 -0.00423898 -0.00511905 -0.0071023
0 -0.00399606 -0.00459328 -0.00644558
0 -0.00371357 -0.00398644 -0.00570224
0 -0.00339705 -0.00330598 -0.0048791
0 -0.00305195 -0.00255997 -0.00398251
0 -0.00268315 -0.00175685 -0.00301835
0 -0.00229472 -0.000904925 -0.00199196
0 -0.00189053 -1.25746e-05 -0.000908917
0 -0.00147603 0.000910759 0.000223477
0 -0.00105853 0.00185395 0.00139525
0 -0.000645315 0.00280503 0.0025945
0 -0.000244493 0.00375301 0.00380899
0 0.0001373 0.00468907 0.00502811
0 0.000499256 0.0056063 0.00624332
0 0.000844611 0.00649878 0.00744706
0 0.00117714 0.00736054 0.00863054
0 0.00149668 0.00818659 0.0097822
0 0.00179945 0.0089751 0.0108895
0 0.0020842 0.00972571 0.0119408
0 0.00235304 0.0104366 0.0129262
0 0.0026082 0.0111051 0.0138387
0 0.00285131 0.0117292 0.0146722
0 0.00308397 0.0123072 0.0154225
0 0.00330785 0.0128378 0.0160878
0 0.00352461 0.0133202 0.0166687
0 0.00373559 0.0137544 0.017168
0 0.00394079 0.0141406 0.0175892
0 0.00413774 0.0144786 0.0179358
0 0.0043214 0.014767 0.0182104
0 0.00448498 0.0150027 0.0184148
0 0.00462126 0.0151828 0.0185505
0 0.00472357 0.0153043 0.0186194
0 0.00478657 0.0153651 0.0186239
0 0.00480644 0.0153628 0.0185661
0 0.00478109 0.0152955 0.0184478
0 0.00471032 0.0151617 0.0182704
0 0.00459575 0.0149609 0.0180349
0 0.00444049 0.0146936 0.0177417
0 0.00424874 0.0143612 0.0173902
0 0.00402537 0.0139661 0.0169792
0 0.00377583 0.0135121 0.016507
0 0.00350578 0.0130039 0.0159722
0 0.00322067 0.0124475 0.0153733
0 0.00292558 0.011849 0.0147095
0 0.00262569 0.0112159 0.0139821
0 0.00232709 0.0105569 0.0131949
0 0.00203653 0.00988254 0.0123554
0 0.00176002 0.00920282 0.0114732
0 0.00150072 0.00852576 0.0105584
0 0.00125811 0.00785572 0.00961995
0 0.00102907 0.00719324 0.00866566
0 0.000809081 0.00653684 0.00770362
0 0.000593773 0.00588626 0.0067437
0 0.000380517 0.00524503 0.00579773
0 0.000170251 0.00462087 0.0048785
0 -3.37754e-05 0.00402138 0.00399964
0 -0.000232431 0.00345033 0.00317321
0 -0.000430806 0.00290858 0.00240738
0 -0.00063128 0.00239628 0.00170852
0 -0.000832853 0.00191444 0.00108147
0 -0.00103529 0.00146511 0.000528866
0 -0.00123923 0.00105035 5.14429e-05
0 -0.00144388 0.00067177 -0.00035216
0 -0.00164646 0.000330988 -0.000685155
0 -0.00184297 2.9581e-05 -0.00095224
0 -0.00202983 -0.000231927 -0.00115994
0 -0.00220512 -0.000455044 -0.00131695
0 -0.00236794 -0.000643154 -0.00143349
0 -0.00251718 -0.000800507 -0.00151991
0 -0.00265104 -0.000931187 -0.00158555
0 -0.00276651 -0.00103798 -0.00163736
0 -0.00285869 -0.00112131 -0.00167871
0 -0.00292135 -0.00117935 -0.00170972
0 -0.00294887 -0.00120925 -0.00172872
0 -0.00293797 -0.00120826 -0.00173351
0 -0.00288858 -0.00117444 -0.00172206
0 -0.00280447 -0.00110762 -0.0016933
0 -0.00269349 -0.00101032 -0.00164773
0 -0.00256625 -0.00088734 -0.00158693
0 -0.00243384 -0.000744535 -0.0015121
0 -0.00230558 -0.000587426 -0.00142273
0 -0.00218706 -0.000419817 -0.00131556
0 -0.00207965 -0.000243259 -0.00118466
0 -0.0019817 -5.78531e-05 -0.00102311
0 -0.00189037 0.000136649 -0.000824964
0 -0.00180262 0.000340619 -0.000586225
0 -0.00171529 0.000555085 -0.000304853
0 -0.00162506 0.000782188 1.95056e-05
0 -0.00152857 0.00102516 0.000385648
0 -0.00142266 0.00128782 0.000790797
0 -0.00130542 0.00157343 0.00123034
0 -0.0011773 0.00188332 0.00169743
0 -0.00104083 0.00221636 0.0021833
0 -0.000899253 0.00256945 0.00267893
0 -0.000755183 0.00293843 0.00317722
0 -0.00060969 0.00331894 0.00367332
0 -0.000462068 0.0037075 0.00416447
0 -0.000310405 0.00410179 0.00465048
0 -0.000151988 0.00449954 0.00513255
0 1.61804e-05 0.00489793 0.00561179
0 0.000195249 0.00529443 0.00608841
0 0.000383033 0.005687 0.00656153
0 0.000575567 0.00607339 0.00702928
0 0.000768866 0.00645081 0.00748919
0 0.000959025 0.00681715 0.00793865
0 0.00114189 0.00717172 0.00837504
0 0.00131332 0.00751352 0.00879595
0 0.00147022 0.00784088 0.00919971
0 0.00161148 0.00815357 0.00958577
0 0.00173778 0.00845215 0.00995452
0 0.0018507 0.00873565 0.0103065
0 0.00195197 0.00900213 0.0106419
0 0.00204304 0.0092503 0.0109599
0 0.00212507 0.00947882 0.0112594
0 0.0021991 0.00968581 0.0115387
0 0.00226595 0.00986998 0.0117957
0 0.00232615 0.0100309 0.0120285
0 0.00237997 0.0101688 0.0122345
0 0.00242736 0.0102842 0.0124114
0 0.00246795 0.0103779 0.0125569
0 0.00250115 0.0104507 0.0126691
0 0.00252643 0.0105032 0.0127468
0 0.00254344 0.0105358 0.0127894
0 0.00255193 0.0105488 0.012797
0 0.00255178 0.010542 0.0127703
0 0.00254309 0.0105149 0.0127111
0 0.00252644 0.0104674 0.0126216
0 0.00250321 0.0104003 0.0125055
0 0.00247543 0.0103152 0.0123673
0 0.00244518 0.0102148 0.0122118
0 0.00241401 0.0101019 0.0120438
0 0.00238244 0.00997916 0.011867
0 0.0023495 0.00984868 0.0116838
0 0.00231282 0.00971137 0.0114949
0 0.00226946 0.00956751 0.0113005
0 0.00221686 0.00941719 0.0111004
0 0.0021535 0.00926058 0.010895
0 0.00207938 0.00909813 0.0106851
0 0.00199626 0.00893102 0.0104729
0 0.00190752 0.00876136 0.0102614
0 0.00181731 0.0085916 0.0100539
0 0.00172984 0.0084242 0.00985367
0 0.00164869 0.00826199 0.00966308
0 0.00157637 0.00810758 0.0094838
0 0.00151377 0.00796251 0.00931608
0 0.00145996 0.00782718 0.0091587
0 0.00141277 0.00770138 0.00900968
0 0.00136973 0.00758474 0.00886712
0 0.00132864 0.00747673 0.00872952
0 0.00128753 0.0073761 0.00859565
0 0.00124466 0.00728087 0.00846444
0 0.00119876 0.00718904 0.00833512
0 0.00114953 0.00709884 0.00820765
0 0.00109803 0.00700903 0.00808305
0 0.00104641 0.00691918 0.0079631
0 0.000996677 0.00682926 0.00784928
0 0.000949286 0.00673855 0.0077414
0 0.000902639 0.00664502 0.00763702
0 0.000854117 0.0065461 0.00753252
0 0.000801936 0.00644051 0.0074249
0 0.000746271 0.00632915 0.00731287
0 0.000688704 0.00621433 0.00719639
0 0.000630744 0.00609815 0.00707541
0 0.000572949 0.00598179 0.0069493
0 0.000515255 0.00586568 0.00681716
0 0.000458031 0.00575009 0.00667856
0 0.000402665 0.00563564 0.00653419
0 0.000351046 0.00552373 0.00638608
0 0.000305131 0.0054162 0.00623715
0 0.000266051 0.00531395 0.00608955
0 0.000231111 0.00521414 0.00594186
0 0.000191826 0.00510863 0.00578748
0 0.000137248 0.00498645 0.00561722
0 5.98261e-05 0.00483898 0.00542401
0 -4.22478e-05 0.00466238 0.00520521
0 -0.000166682 0.00445582 0.0049613
0 -0.000309008 0.00422005 0.00469404
0 -0.000463471 0.00395806 0.00440627
0 -0.000622789 0.00367538 0.00410191
0 -0.000778895 0.00337857 0.00378458
0 -0.000927495 0.00307219 0.00345486
0 -0.00107103 0.00275652 0.00310847
0 -0.00121618 0.00242866 0.00273766
0 -0.00137002 0.00208506 0.00233472
0 -0.00153742 0.00172348 0.0018947
0 -0.00171972 0.00134329 0.00141657
0 -0.00191551 0.000944822 0.000902541
0 -0.00212256 0.000528462 0.000355918
0 -0.00233843 9.41615e-05 -0.000219359
0 -0.0025594 -0.000357821 -0.000817339
0 -0.00277956 -0.000824896 -0.0014297
0 -0.00299154 -0.00130083 -0.0020463
0 -0.00318823 -0.00177668 -0.00265618
0 -0.00336426 -0.00224267 -0.00324928
0 -0.00351669 -0.00268936 -0.00381742
0 -0.00364571 -0.00310841 -0.00435456
0 -0.0037549 -0.0034935 -0.00485714
0 -0.0038501 -0.00384066 -0.00532332
0 -0.00393724 -0.00414775 -0.0057514
0 -0.00402077 -0.00441385 -0.00613868
0 -0.00410326 -0.00463926 -0.00648157
0 -0.00418546 -0.00482547 -0.00677583
0 -0.00426574 -0.00497426 -0.00701642
0 -0.00433957 -0.00508627 -0.00719704
0 -0.00440011 -0.00516048 -0.00731081
0 -0.00444028 -0.00519491 -0.00735202
0 -0.00445457 -0.00518731 -0.00731761
0 -0.00443952 -0.00513519 -0.00720736
0 -0.00439331 -0.00503533 -0.00702312
0 -0.00431544 -0.00488384 -0.00676821
0 -0.00420673 -0.0046769 -0.00644705
0 -0.00406905 -0.00441144 -0.00606466
0 -0.00390469 -0.00408551 -0.00562585
0 -0.00371557 -0.00369837 -0.00513431
0 -0.00350282 -0.00325053 -0.00459213
0 -0.0032667 -0.0027438 -0.00399975
0 -0.00300694 -0.00218131 -0.00335636
0 -0.00272316 -0.00156733 -0.00266042
0 -0.00241514 -0.000906807 -0.0019102
0 -0.00208314 -0.000204801 -0.00110423
0 -0.00172839 0.000534031 -0.000241821
0 -0.00135327 0.00130566 0.000676547
0 -0.000960987 0.00210643 0.00164856
0 -0.000556705 0.00293202 0.00266911
0 -0.000150348 0.00377661 0.00372968
0 0.000245967 0.0046328 0.00481914
0 0.000623815 0.00549272 0.0059267
0 0.000980043 0.00634945 0.00704379
0 0.00131721 0.00719799 0.00816422
0 0.00163982 0.00803529 0.00928359
0 0.00194963 0.0088586 0.0103963
0 0.00224752 0.00966476 0.0114939
0 0.00253471 0.0104499 0.0125662
0 0.00281163 0.0112088 0.0136025
0 0.00307862 0.0119355 0.0145932
0 0.00333689 0.0126246 0.0155293
0 0.00358695 0.0132717 0.0164026
0 0.00382791 0.0138733 0.0172058
0 0.00405858 0.0144262 0.0179328
0 0.00427759 0.0149274 0.0185787
0 0.00448263 0.0153744 0.0191395
0 0.0046706 0.0157652 0.0196127
0 0.00483893 0.0160985 0.0199978
0 0.00498665 0.0163744 0.020297
0 0.00511405 0.0165947 0.0205151
0 0.00522178 0.0167615 0.020658
0 0.00530982 0.0168769 0.0207321
0 0.00537675 0.0169419 0.0207426
0 0.00541947 0.0169555 0.020693
0 0.00543409 0.0169163 0.0205855
0 0.00541787 0.0168235 0.0204229
0 0.00537077 0.0166792 0.0202096
0 0.00529544 0.0164874 0.0199514
0 0.00519574 0.0162534 0.0196543
0 0.00507472 0.0159815 0.0193222
0 0.00493324 0.0156739 0.0189561
0 0.00477055 0.0153307 0.0185543
0 0.00458682 0.0149528 0.0181154
0 0.00438522 0.0145435 0.0176403
0 0.00417151 0.0141087 0.0171325
0 0.00395212 0.0136547 0.0165962
0 0.00373239 0.0131873 0.0160353
0 0.00351563 0.0127106 0.0154522
0 0.00330303 0.0122271 0.0148487
0 0.00309424 0.0117383 0.0142259
0 0.0028883 0.0112451 0.0135856
0 0.00268423 0.0107488 0.0129303
0 0.00248131 0.0102505 0.0122638
0 0.00227902 0.00975142 0.0115903
0 0.00207679 0.00925267 0.0109147
0 0.00187369 0.00875468 0.0102411
0 0.00166849 0.00825696 0.00957301
0 0.00146004 0.0077588 0.00891301
0 0.00124707 0.00725996 0.00826297
0 0.00102848 0.00676036 0.00762409
0 0.000803498 0.00626006 0.00699697
0 0.000571275 0.00575992 0.00638196
0 0.000331457 0.00526081 0.00577892
0 8.61251e-05 0.00476289 0.00518682
0 -0.000161873 0.00426724 0.0046046
0 -0.000412363 0.00377554 0.00403128
0 -0.000664658 0.00328818 0.00346555
0 -0.000915118 0.00280535 0.00290608
0 -0.00116017 0.00232831 0.00235159
0 -0.00139815 0.00185841 0.00180102
0 -0.0016284 0.0013963 0.00125387
0 -0.00185012 0.000942812 0.000710189
0 -0.00206223 0.000499235 0.000170365
0 -0.00226364 6.67307e-05 -0.000364546
0 -0.00245315 -0.000353189 -0.000892164
0 -0.00262916 -0.000757611 -0.00140848
0 -0.00278949 -0.00114242 -0.00190819
0 -0.00293214 -0.00150342 -0.00238555
0 -0.00305612 -0.00183701 -0.00283502
0 -0.00316153 -0.00214007 -0.00325146
0 -0.00324922 -0.00240985 -0.00363003
0 -0.00332033 -0.00264392 -0.00396613
0 -0.00337599 -0.00284009 -0.00425524
0 -0.00341666 -0.00299598 -0.00449259
0 -0.00344156 -0.00310854 -0.00467269
0 -0.00344872 -0.00317397 -0.00478954
0 -0.00343596 -0.00318871 -0.00483771
0 -0.00340248 -0.0031509 -0.00481391
0 -0.00334949 -0.00306108 -0.00471778
0 -0.00327956 -0.00292146 -0.00455113
0 -0.00319496 -0.00273443 -0.00431646
0 -0.00309652 -0.00250169 -0.00401601
0 -0.00298376 -0.0022245 -0.00365201
0 -0.00285584 -0.00190423 -0.00322729
0 -0.00271206 -0.0015427 -0.00274555
0 -0.00255182 -0.001142 -0.00221111
0 -0.00237458 -0.000704374 -0.00162877
0 -0.00218039 -0.000232603 -0.00100408
0 -0.00197065 0.000269285 -0.000343878
0 -0.00174839 0.000795932 0.000343798
0 -0.0015175 0.00134121 0.00105058
0 -0.00128125 0.0018989 0.00176849
0 -0.00104166 0.00246328 0.00249047
0 -0.000800252 0.0030295 0.00321136
0 -0.00055856 0.00359344 0.00392792
0 -0.000318155 0.00415177 0.0046373
0 -7.98278e-05 0.00470205 0.00533666
0 0.000156911 0.00524155 0.0060237
0 0.000391426 0.00576738 0.00669561
0 0.000620503 0.00627733 0.00734838
0 0.000840627 0.00676873 0.00797788
0 0.00104917 0.00723831 0.00857946
0 0.00124378 0.00768258 0.00914788
0 0.0014219 0.00809818 0.00967868
0 0.00158082 0.00848186 0.0101681
0 0.001719 0.0088305 0.0106133
0 0.00183751 0.00914202 0.0110125
0 0.00193923 0.00941542 0.0113653
0 0.00202653 0.0096501 0.0116714
0 0.00210079 0.00984585 0.0119307
0 0.00216331 0.0100029 0.0121429
0 0.00221541 0.010122 0.0123077
0 0.00225795 0.010205 0.0124252
0 0.00229116 0.010254 0.0124957
0 0.00231477 0.0102715 0.0125199
0 0.00232841 0.0102601 0.0124992
0 0.00233163 0.010222 0.0124354
0 0.00232348 0.0101588 0.0123302
0 0.00230189 0.0100702 0.012185
0 0.00226413 0.00995466 0.0120005
0 0.00220785 0.00980978 0.0117778
0 0.00213227 0.00963393 0.0115189
0 0.00203874 0.00942716 0.0112277
0 0.00193047 0.00919141 0.0109094
0 0.00181145 0.00892976 0.0105694
0 0.00168503 0.00864554 0.010212
0 0.00155282 0.0083414 0.0098399
0 0.00141444 0.00801878 0.00945319
0 0.00126852 0.00767864 0.00905045
0 0.00111343 0.0073225 0.00862977
0 0.00094769 0.00695161 0.0081895
0 0.000770622 0.00656653 0.00772859
0 0.000583086 0.00616872 0.00724719
0 0.000387225 0.00576076 0.00674698
0 0.000185643 0.00534514 0.00623087
0 -1.78197e-05 0.00492453 0.00570226
0 -0.000217773 0.00450131 0.00516456
0 -0.000410767 0.00407685 0.00462123
0 -0.000597509 0.00365285 0.00407507
0 -0.000779115 0.00323125 0.00352761
0 -0.000954981 0.00281229 0.00298003
0 -0.00112556 0.00239568 0.00243404
0 -0.0012935 0.0019826 0.00189141
0 -0.00146143 0.00157444 0.00135395
0 -0.0016299 0.00117232 0.000825049
0 -0.00179717 0.000779089 0.000310185
0 -0.00196006 0.00039964 -0.000184218
0 -0.00211498 3.9145e-05 -0.000651253
0 -0.00225838 -0.000297653 -0.00108448
0 -0.00238757 -0.000606518 -0.00147898
0 -0.00250152 -0.000884525 -0.00183172
0 -0.00260116 -0.0011304 -0.00214145
0 -0.0026884 -0.00134371 -0.00240814
0 -0.00276488 -0.0015242 -0.00263207
0 -0.00283122 -0.00167157 -0.00281339
0 -0.00288699 -0.00178526 -0.00295166
0 -0.00293057 -0.00186405 -0.00304558
0 -0.00295929 -0.00190619 -0.00309323
0 -0.00297009 -0.00190994 -0.00309267
0 -0.0029603 -0.00187392 -0.00304251
0 -0.00292833 -0.00179747 -0.00294232
0 -0.00287418 -0.00168098 -0.002793
0 -0.00279929 -0.00152585 -0.00259668
0 -0.00270587 -0.00133398 -0.00235613
0 -0.00259627 -0.00110743 -0.00207427
0 -0.00247279 -0.000848421 -0.00175396
0 -0.00233771 -0.000559475 -0.00139809
0 -0.00219322 -0.000243553 -0.00100965
0 -0.00204129 9.59993e-05 -0.000591738
0 -0.00188362 0.000455572 -0.000147471
0 -0.0017218 0.000831374 0.000319901
0 -0.00155718 0.00121952 0.000806963
0 -0.00139031 0.0016164 0.00131032
0 -0.00122064 0.00201949 0.00182718
0 -0.00104664 0.00242805 0.00235586
0 -0.000866151 0.00284279 0.00289556
0 -0.000677098 0.00326476 0.00344581
0 -0.000478857 0.00369458 0.00400559
0 -0.000273341 0.00413213 0.00457227
0 -6.37733e-05 0.00457621 0.00514194
0 0.00014751 0.00502454 0.00571105
0 0.000357858 0.00547442 0.00627657
0 0.000563439 0.00592353 0.00683528
0 0.000761199 0.00636937 0.00738458
0 0.000949491 0.00680803 0.00792246
0 0.00112757 0.00723504 0.00844617
0 0.00129429 0.00764541 0.00895236
0 0.00144753 0.00803338 0.00943776
0 0.00158625 0.00839502 0.00989973
0 0.00171203 0.00872889 0.0103369
0 0.00182803 0.00903457 0.0107486
0 0.00193709 0.00931283 0.011134
0 0.00204052 0.00956513 0.0114912
0 0.00213759 0.00979181 0.0118168
0 0.00222528 0.00999105 0.012105
0 0.00229887 0.0101594 0.0123487
0 0.0023539 0.0102935 0.0125415
0 0.00238792 0.0103912 0.0126793
0 0.00240038 0.0104507 0.0127602
0 0.00239162 0.0104703 0.0127831
0 0.00236259 0.0104479 0.0127481
0 0.0023153 0.0103822 0.0126563
0 0.00225299 0.0102736 0.0125105
0 0.00217931 0.0101238 0.0123145
0 0.00209733 0.00993527 0.0120721
0 0.002009 0.00971117 0.0117867
0 0.00191512 0.0094551 0.0114613
0 0.00181548 0.00917097 0.0110986
0 0.00170908 0.00886263 0.0107012
0 0.00159442 0.00853379 0.0102716
0 0.00146996 0.00818798 0.00981276
0 0.00133484 0.00782785 0.00932833
0 0.00118919 0.00745558 0.00882259
0 0.00103386 0.00707362 0.00830044
0 0.000870234 0.0066839 0.00776722
0 0.000700289 0.0062879 0.00722832
0 0.000526108 0.00588698 0.00668886
0 0.000349663 0.0054829 0.0061536
0 0.000172993 0.00507876 0.00562718
0 -1.39044e-06 0.00467737 0.00511344
0 -0.000170466 0.00428168 0.00461529
0 -0.000333165 0.00389593 0.00413565
0 -0.000490424 0.00352377 0.00367711
0 -0.000641766 0.00316782 0.00324097
0 -0.000786167 0.00283063 0.00282742
0 -0.000924614 0.00251373 0.00243597
0 -0.00105897 0.00221698 0.00206634
0 -0.00118934 0.00194078 0.00171954
0 -0.0013132 0.00168739 0.00139837
0 -0.00142674 0.00145946 0.00110659
0 -0.00152642 0.00125877 0.000848001
0 -0.00160953 0.00108678 0.000625943
0 -0.00167381 0.000945292 0.000443291
0 -0.0017173 0.000836481 0.000302617
0 -0.00173868 0.000762585 0.000206126
0 -0.0017379 0.000725553 0.000155244
0 -0.00171666 0.000726322 0.000149969
0 -0.00167836 0.000764192 0.000188547
0 -0.00162751 0.000836979 0.00026802
0 -0.00156873 0.000941654 0.000385222
0 -0.00150579 0.00107473 0.000537286
0 -0.00144123 0.00123223 0.000721545
0 -0.00137676 0.0014097 0.000935281
0 -0.00131334 0.0016024 0.00117563
0 -0.00125112 0.00180567 0.00143953
0 -0.00118965 0.00201521 0.00172353
0 -0.00112829 0.0022271 0.00202347
0 -0.00106653 0.00243793 0.00233434
0 -0.00100421 0.00264486 0.00265042
0 -0.000941226 0.00284577 0.00296586
0 -0.000876974 0.00303989 0.00327572
0 -0.000810198 0.00322803 0.00357616
0 -0.000739581 0.00341196 0.00386372
0 -0.000664472 0.00359315 0.00413569
0 -0.000584801 0.00377238 0.00439018
0 -0.000500517 0.00395039 0.00462599
0 -0.000411866 0.00412821 0.00484247
0 -0.000319713 0.00430623 0.00504016
0 -0.000224963 0.00448354 0.00522066
0 -0.000128338 0.00465841 0.0053859
0 -3.08888e-05 0.00482905 0.00553808
0 6.57161e-05 0.00499366 0.0056797
0 0.000159328 0.00515025 0.00581318
0 0.000247565 0.00529671 0.00594078
0 0.000328193 0.00543101 0.00606415
0 0.000398941 0.00555123 0.00618384
0 0.000456981 0.00565537 0.00629911
0 0.000499517 0.00574149 0.00640823
0 0.000524654 0.00580802 0.00650896
0 0.000531843 0.00585413 0.00659907
0 0.00052208 0.00588023 0.0066768
0 0.00049766 0.00588778 0.00674066
0 0.00046171 0.00587864 0.00678896
0 0.000417693 0.00585452 0.00681994
0 0.000369018 0.00581697 0.00683199
0 0.000318908 0.00576761 0.00682356
0 0.000270375 0.00570835 0.00679354
0 0.000226041 0.00564153 0.00674138
0 0.000187821 0.00556916 0.00666709
0 0.000156848 0.00549259 0.00657141
0 0.000133472 0.0054128 0.0064557
0 0.00011729 0.00533047 0.00632186
0 0.000106992 0.00524613 0.00617198
0 0.000100118 0.00515985 0.0060084
0 9.3923e-05 0.00507098 0.00583372
0 8.6003e-05 0.00497844 0.00565081
0 7.42022e-05 0.00488147 0.00546327
0 5.7153e-05 0.00478056 0.00527535
0 3.47256e-05 0.0046775 0.00509145
0 7.64852e-06 0.00457404 0.00491633
0 -2.31396e-05 0.00447146 0.00475455
0 -5.70437e-05 0.00437098 0.00460932
0 -9.4175e-05 0.00427352 0.00448211
0 -0.000135229 0.00417957 0.00437275
0 -0.000180891 0.00408933 0.00428009
0 -0.000231263 0.00400282 0.0042025
0 -0.000286065 0.0039201 0.00413796
0 -0.000344551 0.00384147 0.00408417
0 -0.000405147 0.00376724 0.0040386
0 -0.000465869 0.00369765 0.00399879
0 -0.000524136 0.00363328 0.00396306
0 -0.000576419 0.00357579 0.00393105
0 -0.000618501 0.0035278 0.00390361
0 -0.000646274 0.00349218 0.0038821
0 -0.000656773 0.00347162 0.00386799
0 -0.000648365 0.00346856 0.00386283
0 -0.000620487 0.00348525 0.00386843
0 -0.000573649 0.00352358 0.00388682
0 -0.000509466 0.00358493 0.00392018
0 -0.000430339 0.00367009 0.00397096
0 -0.000338908 0.00377939 0.00404196
0 -0.000237819 0.00391275 0.00413649
0 -0.000129639 0.00406963 0.00425835
0 -1.69314e-05 0.00424898 0.00441088
0 9.79839e-05 0.00444918 0.00459681
0 0.000213764 0.0046682 0.00481839
0 0.000329613 0.00490399 0.00507699
0 0.000444367 0.00515463 0.00537307
0 0.000556841 0.0054184 0.00570612
0 0.000666814 0.00569384 0.00607456
0 0.000774689 0.00597977 0.00647531
0 0.000880582 0.00627462 0.00690371
0 0.000984571 0.00657639 0.00735434
0 0.00108665 0.00688323 0.00782112
0 0.00118659 0.00719342 0.00829701
0 0.00128479 0.00750596 0.00877525
0 0.00138248 0.00781975 0.00924953
0 0.00148082 0.00813264 0.00971322
0 0.0015806 0.00844257 0.0101603
0 0.00168257 0.0087476 0.0105859
0 0.00178742 0.00904502 0.0109855
0 0.00189559 0.00933148 0.0113556
0 0.00200681 0.00960354 0.0116938
0 0.00211982 0.00985815 0.0119981
0 0.00223257 0.0100923 0.0122672
0 0.00234245 0.0103031 0.0125003
0 0.00244641 0.0104881 0.0126969
0 0.00254104 0.0106451 0.0128567
0 0.00262267 0.0107723 0.0129799
0 0.00268776 0.010868 0.0130665
0 0.00273339 0.0109308 0.0131167
0 0.00275766 0.0109598 0.0131313
0 0.00275984 0.0109549 0.0131113
0 0.00274023 0.0109163 0.0130579
0 0.00269994 0.0108445 0.0129723
0 0.00264067 0.0107403 0.0128554
0 0.00256451 0.010605 0.0127078
0 0.00247382 0.0104398 0.0125298
0 0.00237095 0.0102468 0.0123214
0 0.00225781 0.0100276 0.0120823
0 0.00213554 0.00978349 0.0118113
0 0.00200456 0.00951543 0.0115068
0 0.00186501 0.00922419 0.0111675
0 0.0017174 0.00891084 0.0107929
0 0.00156315 0.00857729 0.010384
0 0.00140491 0.00822689 0.00994376
0 0.0012465 0.00786422 0.00947748
0 0.00109222 0.00749391 0.00899132
0 0.000945583 0.00712051 0.00849177
0 0.000808723 0.00674892 0.00798531
0 0.000682401 0.00638319 0.00747804
0 0.000565665 0.00602571 0.00697498
0 0.000455693 0.00567777 0.00647976
0 0.00034857 0.00534049 0.00599491
0 0.000240457 0.00501417 0.00552327
0 0.000128953 0.00469829 0.00506793
0 1.31552e-05 0.00439346 0.00463152
0 -0.000108121 0.00409984 0.00421732
0 -0.000236838 0.00381557 0.00382837
0 -0.00037347 0.00353909 0.00346614
0 -0.000515633 0.00326987 0.00313199
0 -0.000660628 0.00300719 0.00282655
0 -0.000807228 0.00275046 0.00254871
0 -0.000954041 0.00250016 0.00229634
0 -0.00109865 0.00225751 0.00206643
0 -0.00123852 0.00202383 0.00185525
0 -0.00137158 0.00180093 0.00165892
0 -0.00149609 0.00159113 0.00147373
0 -0.00161032 0.00139656 0.00129626
0 -0.00171261 0.00121868 0.00112374
0 -0.00180165 0.00105838 0.000954251
0 -0.00187667 0.000916046 0.000786799
0 -0.00193728 0.000791466 0.000621435
0 -0.00198348 0.000683817 0.000459164
0 -0.00201569 0.000591812 0.000301829
0 -0.00203489 0.000513884 0.000151937
0 -0.00204264 0.000448392 1.23686e-05
0 -0.00204097 0.000393882 -0.000113848
0 -0.00203202 0.000349405 -0.000223631
0 -0.00201766 0.000314792 -0.000313803
0 -0.00199947 0.000290651 -0.000381348
0 -0.00197893 0.000278028 -0.000423811
0 -0.00195739 0.000278091 -0.000439489
0 -0.00193593 0.000292036 -0.000427464
0 -0.00191506 0.000321123 -0.000387345
0 -0.00189439 0.000366738 -0.000318968
0 -0.00187261 0.000430365 -0.000222252
0 -0.00184765 0.000513443 -9.72128e-05
0 -0.001817 0.00061717 5.59127e-05
0 -0.00177802 0.000742455 0.000236636
0 -0.00172818 0.000889979 0.00044429
0 -0.00166516 0.00106024 0.00067806
0 -0.00158723 0.00125337 0.000936801
0 -0.00149395 0.00146876 0.00121866
0 -0.00138626 0.00170497 0.00152104
0 -0.00126598 0.00196002 0.00184108
0 -0.00113523 0.0022318 0.00217614
0 -0.000996271 0.00251806 0.00252394
0 -0.000851464 0.00281641 0.00288257
0 -0.000703226 0.00312413 0.00325031
0 -0.00055409 0.00343833 0.00362553
0 -0.000406493 0.00375615 0.00400667
0 -0.00026251 0.00407453 0.00439203
0 -0.000124123 0.00439005 0.00477947
0 7.20654e-06 0.00469894 0.00516646
0 0.000130638 0.00499777 0.00555019
0 0.000244988 0.00528369 0.00592741
0 0.000348549 0.005554 0.00629477
0 0.000440284 0.00580618 0.00664852
0 0.000520199 0.00603816 0.00698421
0 0.000588528 0.00624804 0.00729753
0 0.000645738 0.00643459 0.0075844
0 0.00069239 0.00659783 0.00784072
0 0.000728876 0.00673729 0.00806276
0 0.000756001 0.00685149 0.00824742
0 0.000775107 0.00694004 0.00839206
0 0.000787312 0.0070035 0.00849468
0 0.00079315 0.00704149 0.00855402
0 0.00079298 0.00705307 0.00856965
0 0.000787398 0.00703816 0.00854218
0 0.000777027 0.00699749 0.00847316
0 0.000762032 0.00693191 0.0083648
0 0.000741985 0.00684225 0.0082197
0 0.000716087 0.00672952 0.00804077
0 0.000683377 0.0065945 0.00783119
0 0.000642738 0.00643814 0.0075943
0 0.000593022 0.00626235 0.00733355
0 0.000533394 0.00606932 0.00705244
0 0.000463263 0.00586029 0.00675438
0 0.000382116 0.00563632 0.00644267
0 0.000289933 0.00539958 0.00612046
0 0.000187286 0.00515227 0.00579086
0 7.52581e-05 0.00489557 0.00545684
0 -4.41793e-05 0.00463125 0.00512085
0 -0.000168546 0.00436227 0.00478511
0 -0.000295785 0.00409125 0.00445205
0 -0.000424467 0.00382018 0.00412388
0 -0.000552629 0.00355142 0.00380239
0 -0.00067688 0.00328813 0.00348937
0 -0.000794408 0.00303376 0.00318645
0 -0.000904102 0.00279138 0.00289504
0 -0.00100479 0.00256338 0.00261666
0 -0.00109489 0.00235199 0.002353
0 -0.00117347 0.00215963 0.00210588
0 -0.00124018 0.00198854 0.00187735
0 -0.00129504 0.0018402 0.00166972
0 -0.00133821 0.00171525 0.00148537
0 -0.00136999 0.00161391 0.00132677
0 -0.00139074 0.00153644 0.00119653
0 -0.00140098 0.001483 0.00109708
0 -0.00140128 0.00145345 0.00103059
0 -0.00139221 0.00144744 0.000998829
0 -0.00137433 0.00146474 0.00100303
0 -0.00134822 0.00150531 0.00104387
0 -0.00131441 0.00156908 0.0011214
0 -0.00127327 0.00165593 0.00123507
0 -0.00122507 0.00176568 0.00138379
0 -0.00116984 0.00189819 0.00156602
0 -0.00110735 0.00205333 0.00178
0 -0.00103698 0.00223098 0.00202387
0 -0.000957809 0.00243098 0.00229577
0 -0.000868875 0.002653 0.00259386
0 -0.000769287 0.00289652 0.0029163
0 -0.000658095 0.00316094 0.00326158
0 -0.000534595 0.00344577 0.00362866
0 -0.000398469 0.00375065 0.00401678
0 -0.000249845 0.00407521 0.00442496
0 -8.9812e-05 0.00441841 0.00485187
0 7.99897e-05 0.00477805 0.00529573
0 0.000257329 0.00515137 0.00575411
0 0.000438558 0.00553549 0.00622432
0 0.000619515 0.00592719 0.00670381
0 0.000797124 0.00632302 0.00718997
0 0.000969746 0.00671915 0.00768023
0 0.00113675 0.00711208 0.00817246
0 0.00129772 0.00749996 0.00866479
0 0.0014522 0.00788108 0.00915534
0 0.00160044 0.00825263 0.00964205
0 0.00174315 0.00861301 0.0101224
0 0.0018808 0.00896157 0.0105931
0 0.00201321 0.00929662 0.0110504
0 0.00213959 0.00961597 0.0114895
0 0.0022588 0.00991773 0.0119057
0 0.00236969 0.0102 0.0122941
0 0.00247135 0.0104608 0.0126507
0 0.00256313 0.0106981 0.0129715
0 0.00264445 0.0109098 0.0132537
0 0.00271483 0.0110941 0.0134945
0 0.00277411 0.0112492 0.0136926
0 0.00282261 0.0113739 0.0138472
0 0.00286081 0.0114673 0.0139583
0 0.00288891 0.0115288 0.0140265
0 0.00290674 0.0115582 0.0140522
0 0.00291381 0.0115553 0.0140362
0 0.00290938 0.0115204 0.0139793
0 0.00289228 0.0114535 0.0138822
0 0.00286091 0.0113549 0.0137455
0 0.00281365 0.0112244 0.0135694
0 0.0027492 0.011062 0.0133545
0 0.0026668 0.0108681 0.0131016
0 0.0025663 0.010643 0.012812
0 0.00244817 0.0103871 0.0124869
0 0.00231347 0.0101013 0.0121279
0 0.00216379 0.00978654 0.0117367
0 0.00200103 0.00944432 0.0113152
0 0.00182719 0.00907637 0.0108652
0 0.00164429 0.00868481 0.0103883
0 0.00145412 0.00827204 0.00988614
0 0.00125804 0.00784031 0.00936004
0 0.00105745 0.00739176 0.00881135
0 0.000853561 0.00692937 0.00824153
0 0.000647093 0.00645592 0.00765234
0 0.000438435 0.00597334 0.00704583
0 0.000227754 0.00548386 0.0064245
0 1.51247e-05 0.00499017 0.00579121
0 -0.000197783 0.00449514 0.00514906
0 -0.000408075 0.00400121 0.00450189
0 -0.00061591 0.00351064 0.00385386
0 -0.000822556 0.00302598 0.0032088
0 -0.00102552 0.0025495 0.00257175
0 -0.00122156 0.0020835 0.00194821
0 -0.00141014 0.00163029 0.00134299
0 -0.00159181 0.00119205 0.000761638
0 -0.00176644 0.000771111 0.000209383
0 -0.00193353 0.00037001 -0.000309881
0 -0.00209269 -8.83855e-06 -0.000792634
0 -0.00224362 -0.000362902 -0.00123588
0 -0.00238604 -0.000689465 -0.00163756
0 -0.00251938 -0.000986023 -0.00199607
0 -0.0026426 -0.00125045 -0.00231028
0 -0.00275451 -0.00148085 -0.00257949
0 -0.00285388 -0.00167559 -0.00280326
0 -0.00293915 -0.00183343 -0.00298133
0 -0.00300846 -0.00195356 -0.00311366
0 -0.00306003 -0.0020355 -0.00320033
0 -0.00309243 -0.00207903 -0.0032416
0 -0.00310449 -0.00208419 -0.0032379
0 -0.00309543 -0.00205119 -0.00318981
0 -0.00306487 -0.00198041 -0.00309808
0 -0.00301302 -0.00187238 -0.00296358
0 -0.00294063 -0.00172777 -0.0027873
0 -0.00284887 -0.00154741 -0.00257031
0 -0.00273924 -0.00133238 -0.00231374
0 -0.00261344 -0.00108399 -0.00201879
0 -0.00247334 -0.000803874 -0.0016867
0 -0.00232089 -0.00049396 -0.0013188
0 -0.00215794 -0.000156484 -0.000916505
0 -0.00198624 0.000206059 -0.000481407
0 -0.0018075 0.000590961 -1.53177e-05
0 -0.00162331 0.000995353 0.000479644
0 -0.0014347 0.00141628 0.00100101
0 -0.00124236 0.00185077 0.00154594
0 -0.00104727 0.00229595 0.00211116
0 -0.000850679 0.00274911 0.00269288
0 -0.0006538 0.00320759 0.00328705
0 -0.000457901 0.0036685 0.00388967
0 -0.000264443 0.00412914 0.00449683
0 -7.41685e-05 0.00458742 0.00510418
0 0.000113394 0.00504117 0.00570743
0 0.000297761 0.0054877 0.00630287
0 0.00047732 0.005925 0.00688648
0 0.000651313 0.00635147 0.007454
0 0.000819737 0.00676511 0.00800205
0 0.000982913 0.00716446 0.00852726
0 0.00114098 0.00754805 0.00902624
0 0.00129313 0.00791395 0.00949639
0 0.00143836 0.00826022 0.00993549
0 0.00157634 0.00858456 0.0103416
0 0.00170685 0.00888501 0.0107132
0 0.00182925 0.00915993 0.0110492
0 0.00194254 0.00940765 0.0113489
0 0.00204561 0.00962655 0.0116115
0 0.00213734 0.00981533 0.0118365
0 0.00221644 0.00997317 0.0120238
0 0.00228162 0.0100996 0.012173
0 0.0023318 0.0101944 0.012284
0 0.00236613 0.0102573 0.0123569
0 0.00238398 0.0102883 0.0123919
0 0.00238505 0.0102875 0.0123892
0 0.00236947 0.0102555 0.0123492
0 0.00233776 0.0101925 0.0122726
0 0.00229069 0.0100992 0.0121599
0 0.00222937 0.00997634 0.0120121
0 0.00215507 0.00982482 0.0118299
0 0.00206907 0.00964588 0.0116143
0 0.00197269 0.00944091 0.0113663
0 0.00186725 0.00921156 0.0110872
0 0.00175395 0.00895969 0.0107781
0 0.00163388 0.00868732 0.0104407
0 0.00150785 0.00839661 0.0100766
0 0.0013765 0.0080897 0.00968782
0 0.00124066 0.00776841 0.00927666
0 0.00110124 0.00743456 0.00884559
0 0.000958861 0.0070907 0.0083974
0 0.000813952 0.00673883 0.0079351
0 0.000666934 0.00637997 0.00746183
0 0.00051833 0.00601595 0.00698081
0 0.000368424 0.00564891 0.00649528
0 0.000217186 0.00528068 0.00600836
0 6.4888e-05 0.00491339 0.00552326
0 -8.72797e-05 0.0045486 0.00504329
0 -0.000237462 0.00418821 0.00457124
0 -0.000385591 0.00383509 0.00410971
0 -0.000533073 0.00349117 0.00366179
0 -0.000678951 0.00315749 0.00323048
0 -0.000820514 0.00283601 0.00281809
0 -0.000956734 0.00252898 0.00242671
0 -0.00108784 0.00223753 0.00205849
