0 -0.0141789 -0.0223813 -0.028797
0 -0.014335 -0.0227714 -0.0293117
0 -0.0144744 -0.0231269 -0.0297856
0 -0.0146056 -0.0234482 -0.0302144
0 -0.0147267 -0.0237291 -0.0305878
0 -0.014833 -0.0239633 -0.0308961
0 -0.0149238 -0.0241519 -0.0311352
0 -0.0149913 -0.0242892 -0.0312979
0 -0.0150247 -0.0243642 -0.0313769
0 -0.0150275 -0.0243774 -0.0313783
0 -0.0150101 -0.0243356 -0.031315
0 -0.0149667 -0.0242327 -0.0311843
0 -0.0148842 -0.0240582 -0.0309752
0 -0.0147741 -0.0238253 -0.0306978
0 -0.0146657 -0.0235674 -0.0303812
0 -0.0145751 -0.0233108 -0.0300467
0 -0.0144986 -0.0230671 -0.029703
0 -0.0144285 -0.0228413 -0.0293598
0 -0.014351 -0.0226272 -0.0290244
0 -0.014238 -0.0223941 -0.028684
0 -0.0140784 -0.0221164 -0.0283304
0 -0.0139019 -0.0218075 -0.0279849
0 -0.0137259 -0.021475 -0.0276473
0 -0.0135298 -0.0210984 -0.0272742
0 -0.0133101 -0.020679 -0.026838
0 -0.0130922 -0.0202451 -0.0263437
0 -0.0129048 -0.0198274 -0.025811
0 -0.0127868 -0.0194719 -0.0252882
0 -0.0127699 -0.0192292 -0.024841
0 -0.0128398 -0.0191177 -0.0245119
0 -0.0129485 -0.0191239 -0.0243197
0 -0.0130591 -0.0192332 -0.0242879
0 -0.0131722 -0.0194494 -0.0244583
0 -0.0132978 -0.0197713 -0.0248561
0 -0.0134129 -0.020156 -0.0254439
0 -0.0134986 -0.0205607 -0.0261587
0 -0.0135711 -0.0209767 -0.0269472
0 -0.013636 -0.0213849 -0.0277301
0 -0.0137052 -0.0217734 -0.0284365
0 -0.0138464 -0.022191 -0.0290733
0 -0.0141023 -0.0226766 -0.0296585
0 -0.014401 -0.0231677 -0.0301355
0 -0.01462 -0.0235463 -0.0304209
0 -0.014699 -0.0237398 -0.0304985
0 -0.0146823 -0.0237628 -0.030442
0 -0.0146544 -0.0236757 -0.0303436
0 -0.0146545 -0.0235356 -0.0302464
0 -0.0147066 -0.0234248 -0.0301846
0 -0.0148752 -0.0234851 -0.0302443
0 -0.0152039 -0.0238388 -0.0305181
0 -0.01566 -0.024506 -0.0310479
0 -0.0161502 -0.0254018 -0.031823
0 -0.0165196 -0.0263303 -0.0327521
0 -0.0166328 -0.0270637 -0.0337026
0 -0.0165069 -0.0274927 -0.034603
0 -0.0162831 -0.0276507 -0.0354272
0 -0.0160894 -0.0276255 -0.0361045
0 -0.0159658 -0.0274923 -0.0365024
0 -0.0158955 -0.0273056 -0.0364992
0 -0.0158843 -0.027121 -0.0360827
0 -0.0159794 -0.0269941 -0.0353764
0 -0.0161924 -0.026928 -0.0345532
0 -0.0164475 -0.0268526 -0.0337476
0 -0.0166241 -0.0266835 -0.033045
0 -0.0166129 -0.026363 -0.0324818
0 -0.0163312 -0.0258479 -0.0320235
0 -0.0157398 -0.0251009 -0.031568
0 -0.0148868 -0.0241165 -0.0309982
0 -0.0139647 -0.0229878 -0.030276
0 -0.0132693 -0.0219243 -0.0294783
0 -0.012997 -0.0211351 -0.0286902
0 -0.0131326 -0.0207179 -0.0279261
0 -0.013515 -0.0206493 -0.0271661
0 -0.0139077 -0.0207904 -0.0264087
0 -0.0141123 -0.0209368 -0.0257077
0 -0.0140673 -0.0209344 -0.0251739
0 -0.0137971 -0.0206965 -0.0248733
0 -0.013333 -0.0201643 -0.0247572
0 -0.012716 -0.0193555 -0.0247129
0 -0.0120317 -0.0183973 -0.0245911
0 -0.0114047 -0.017468 -0.0242561
0 -0.0109532 -0.0167199 -0.0236477
0 -0.0107405 -0.0162164 -0.0227641
0 -0.0107639 -0.0159225 -0.0216758
0 -0.0109945 -0.0157806 -0.02055
0 -0.0113688 -0.0157436 -0.0195912
0 -0.0117552 -0.0157471 -0.0189327
0 -0.0120202 -0.0157519 -0.018637
0 -0.0120999 -0.0157825 -0.0187533
0 -0.0119856 -0.0158736 -0.0192584
0 -0.0117408 -0.0160607 -0.0200761
0 -0.0115458 -0.0164417 -0.0211928
0 -0.011622 -0.0171485 -0.0226224
0 -0.0120633 -0.0182311 -0.0242951
0 -0.012776 -0.0196103 -0.0260505
0 -0.0135675 -0.0211238 -0.0277118
0 -0.0142672 -0.0225879 -0.0291666
0 -0.0147769 -0.0238285 -0.0303756
0 -0.0150571 -0.024709 -0.0313347
0 -0.0151549 -0.0251977 -0.0320871
0 -0.0152399 -0.0254355 -0.0327438
0 -0.0155096 -0.0256904 -0.0334366
0 -0.0160481 -0.0262113 -0.0342393
0 -0.016819 -0.0271467 -0.0351798
0 -0.0177272 -0.028524 -0.0362965
0 -0.0186005 -0.0301774 -0.037586
0 -0.0192227 -0.0317756 -0.0389724
0 -0.0194854 -0.0330113 -0.040384
0 -0.0194231 -0.0337197 -0.0417552
0 -0.019109 -0.0338574 -0.0429389
0 -0.0186192 -0.0334886 -0.0437141
0 -0.0180928 -0.0328151 -0.0439188
0 -0.0176815 -0.0320735 -0.0434866
0 -0.0173607 -0.0312909 -0.0423186
0 -0.0169356 -0.0302562 -0.0402967
0 -0.01628 -0.0287462 -0.0374709
0 -0.0154115 -0.0266502 -0.0340666
0 -0.0144003 -0.0239872 -0.030338
0 -0.013374 -0.0209737 -0.0265312
0 -0.0124897 -0.0180023 -0.0229318
0 -0.0118001 -0.0154578 -0.01978
0 -0.0112437 -0.0135577 -0.0171562
0 -0.0107445 -0.012328 -0.0150938
0 -0.010335 -0.0117215 -0.0137429
0 -0.0100912 -0.0116211 -0.0132351
0 -0.00986529 -0.0116712 -0.0133827
0 -0.00936579 -0.0114223 -0.013754
0 -0.00853819 -0.0107174 -0.0140315
0 -0.00765554 -0.00977448 -0.0141417
0 -0.00707226 -0.00895219 -0.0141265
0 -0.0070366 -0.00858714 -0.0140328
0 -0.00763927 -0.0089268 -0.0139583
0 -0.00878654 -0.0100473 -0.0140761
0 -0.0102348 -0.0118252 -0.0145919
0 -0.0116875 -0.0139834 -0.0156711
0 -0.0129502 -0.0162613 -0.017472
0 -0.0140118 -0.0185721 -0.0202024
0 -0.0149597 -0.0209753 -0.0239224
0 -0.0158694 -0.0235654 -0.0284654
0 -0.016782 -0.0264462 -0.0335643
0 -0.017719 -0.0296886 -0.0388221
0 -0.0186961 -0.0331423 -0.0438207
0 -0.019718 -0.0364916 -0.0482724
0 -0.0207524 -0.0394793 -0.051912
0 -0.0217131 -0.0418223 -0.0545606
0 -0.0224904 -0.043259 -0.0561318
0 -0.023045 -0.0437998 -0.0566328
0 -0.0234619 -0.0436862 -0.0562794
0 -0.0238771 -0.0432563 -0.055386
0 -0.0243011 -0.0427887 -0.0542007
0 -0.0244949 -0.0422561 -0.0527676
0 -0.0241352 -0.041386 -0.0510037
0 -0.0231173 -0.0399593 -0.0489252
0 -0.0215871 -0.0378828 -0.0466198
0 -0.0197534 -0.0351296 -0.0440843
0 -0.0177834 -0.0317724 -0.0411855
0 -0.0158098 -0.0279914 -0.0377334
0 -0.0139618 -0.0239983 -0.0335687
0 -0.0122712 -0.0199641 -0.0286206
0 -0.0106988 -0.0160622 -0.0230172
0 -0.00943023 -0.0125117 -0.0171981
0 -0.00875818 -0.00951382 -0.0118458
0 -0.00867856 -0.00722212 -0.00749483
0 -0.00888614 -0.00565555 -0.00434799
0 -0.00900658 -0.00467351 -0.00245703
0 -0.00873049 -0.00410637 -0.00172013
0 -0.007918 -0.00377202 -0.00194701
0 -0.00669595 -0.0034928 -0.00291427
0 -0.00538803 -0.00323076 -0.00436319
0 -0.00439036 -0.00314109 -0.00609684
0 -0.0040378 -0.00344273 -0.00794525
0 -0.00444598 -0.0042738 -0.00968548
0 -0.00552695 -0.00570155 -0.0111325
0 -0.00713184 -0.0077596 -0.0123689
0 -0.00906573 -0.0103772 -0.0136858
0 -0.0110221 -0.0132926 -0.0153326
0 -0.0127132 -0.0161733 -0.0174963
0 -0.0140629 -0.0188665 -0.0203972
0 -0.0151538 -0.0214226 -0.024168
0 -0.0160519 -0.0239487 -0.0286754
0 -0.0167526 -0.0265647 -0.0336237
0 -0.0172718 -0.0293035 -0.0385545
0 -0.0177133 -0.0320114 -0.0429928
0 -0.0182138 -0.0345222 -0.0466836
0 -0.018869 -0.0367124 -0.0494328
0 -0.0196818 -0.0383783 -0.0511409
0 -0.0205554 -0.0393708 -0.0518191
0 -0.0213506 -0.039716 -0.0515366
0 -0.0219329 -0.039485 -0.0504785
0 -0.0222032 -0.0387772 -0.0488656
0 -0.0221269 -0.0377622 -0.0469586
0 -0.0217885 -0.0366256 -0.0450794
0 -0.0213851 -0.0355812 -0.0435572
0 -0.0210651 -0.0348078 -0.0426081
0 -0.0207818 -0.0342864 -0.0421843
0 -0.0203799 -0.0338598 -0.0420581
0 -0.019823 -0.0334465 -0.0420516
0 -0.0192235 -0.0330486 -0.0420738
0 -0.0186471 -0.032593 -0.0419805
0 -0.0179918 -0.0318647 -0.0414841
0 -0.0170879 -0.0305961 -0.0402557
0 -0.0158973 -0.0286476 -0.0381223
0 -0.0146087 -0.0261286 -0.035167
0 -0.0134926 -0.0232914 -0.0316159
0 -0.0126504 -0.0203662 -0.0276701
0 -0.0119774 -0.0175633 -0.0235008
0 -0.0113748 -0.015038 -0.0193372
0 -0.0108606 -0.0128743 -0.0155495
0 -0.0105188 -0.0112512 -0.0125638
0 -0.0104762 -0.0104021 -0.0107782
0 -0.0107776 -0.0104066 -0.0104599
0 -0.0111978 -0.0111264 -0.011486
0 -0.011343 -0.0122111 -0.0134087
0 -0.0109752 -0.0132421 -0.015706
0 -0.0101703 -0.0139578 -0.0179592
0 -0.00921484 -0.01426 -0.0199078
0 -0.00839683 -0.0141072 -0.0212523
0 -0.00784945 -0.0135076 -0.0216397
0 -0.00756536 -0.0125209 -0.0208581
0 -0.00756535 -0.0113587 -0.0189514
0 -0.00801256 -0.0104832 -0.0163821
0 -0.00916482 -0.010436 -0.0140228
0 -0.0111213 -0.0115846 -0.0128164
0 -0.0135569 -0.0139478 -0.0132943
0 -0.0159201 -0.0172467 -0.0156336
0 -0.0178531 -0.0211827 -0.0199623
0 -0.0192887 -0.0255362 -0.026162
0 -0.0201957 -0.0300169 -0.0337554
0 -0.0205097 -0.0343574 -0.0420172
0 -0.0203943 -0.0383022 -0.0500493
0 -0.0201734 -0.0414713 -0.0569283
0 -0.0200321 -0.0436795 -0.0619402
0 -0.0200223 -0.0448832 -0.0645895
0 -0.0201775 -0.0449625 -0.0646434
0 -0.0204731 -0.0440136 -0.0622479
0 -0.020801 -0.0422611 -0.0578534
0 -0.020988 -0.0397526 -0.0521097
0 -0.0208281 -0.0365779 -0.0457414
0 -0.0202046 -0.0330271 -0.0394912
0 -0.0191305 -0.0293924 -0.0339939
0 -0.0176669 -0.0258464 -0.0295568
0 -0.0159242 -0.0225446 -0.0262521
0 -0.0140158 -0.0196541 -0.0239898
0 -0.0120035 -0.0171918 -0.0224404
0 -0.0100371 -0.0150391 -0.0212337
0 -0.00832071 -0.0130724 -0.0200015
0 -0.00694892 -0.0111747 -0.0184042
0 -0.00595152 -0.0092567 -0.0162706
0 -0.00532532 -0.00732062 -0.0135556
0 -0.00502383 -0.005473 -0.0104088
0 -0.00503976 -0.00391306 -0.00723879
0 -0.00537726 -0.00285424 -0.00449914
0 -0.00592004 -0.00238316 -0.00254645
0 -0.00644182 -0.0024364 -0.0016243
0 -0.00677993 -0.00293109 -0.00184283
0 -0.00698873 -0.00388505 -0.00330548
0 -0.00727753 -0.00541289 -0.00607334
0 -0.00781764 -0.00761262 -0.0100082
0 -0.00866739 -0.0104791 -0.0147867
0 -0.00983663 -0.0139483 -0.0200622
0 -0.0113601 -0.0179621 -0.0255942
0 -0.0132974 -0.0224604 -0.0312143
0 -0.0156398 -0.0273126 -0.0368115
0 -0.0181571 -0.0322251 -0.0422672
0 -0.0204977 -0.0368585 -0.0474494
0 -0.022501 -0.0410219 -0.0522918
0 -0.0241404 -0.0445722 -0.0566961
0 -0.0253368 -0.0473515 -0.0605021
0 -0.0260544 -0.0493211 -0.0635477
0 -0.0263726 -0.0505294 -0.0656787
0 -0.0263934 -0.0510261 -0.0667926
0 -0.0262137 -0.0509144 -0.0668866
0 -0.0260093 -0.0503762 -0.0660929
0 -0.0259574 -0.0495973 -0.064645
0 -0.0260643 -0.0487084 -0.0627831
0 -0.0262055 -0.0477634 -0.0607093
0 -0.0261787 -0.0466958 -0.0585433
0 -0.0256972 -0.0453109 -0.0562794
0 -0.0245243 -0.0433588 -0.0538133
0 -0.0226145 -0.0406302 -0.051004
0 -0.0201243 -0.0370521 -0.0477156
0 -0.0173278 -0.0327006 -0.0437987
0 -0.0145555 -0.0277432 -0.0390784
0 -0.0120413 -0.0223999 -0.0334114
0 -0.00980167 -0.0169733 -0.0267984
0 -0.00786762 -0.0117988 -0.0194778
0 -0.00636375 -0.00708532 -0.0119182
0 -0.00531612 -0.00295113 -0.00477554
0 -0.00465144 0.000481694 0.00137535
0 -0.00430511 0.00312623 0.006096
0 -0.00420575 0.00492669 0.0090198
0 -0.00420802 0.00581253 0.0100734
0 -0.00414657 0.00576464 0.00936744
0 -0.00394997 0.00489271 0.0071739
0 -0.0036563 0.00335358 0.00391016
0 -0.00337812 0.00134052 -1.00574e-06
0 -0.00327607 -0.000861285 -0.00409013
0 -0.00349433 -0.00301086 -0.00794203
0 -0.00413594 -0.0050309 -0.0112887
0 -0.00523878 -0.00695546 -0.0139596
0 -0.0067178 -0.00887677 -0.0159072
0 -0.00840457 -0.0109041 -0.0172767
0 -0.0101015 -0.0130537 -0.0183163
0 -0.011589 -0.0151863 -0.0193174
0 -0.0127076 -0.0171008 -0.020515
0 -0.0134259 -0.01866 -0.0220722
0 -0.0138057 -0.0198606 -0.0241083
0 -0.0139556 -0.0208289 -0.0265473
0 -0.0139968 -0.0217646 -0.0292165
0 -0.0141084 -0.0228978 -0.0319179
0 -0.0145408 -0.0244361 -0.0345089
0 -0.0154252 -0.0264598 -0.0369631
0 -0.0165759 -0.0287354 -0.0390848
0 -0.017586 -0.0307429 -0.0405998
0 -0.0181066 -0.0319678 -0.0413521
0 -0.0179246 -0.0320252 -0.0412085
0 -0.0169177 -0.0306472 -0.0400123
0 -0.0151093 -0.0277691 -0.0375854
0 -0.0127036 -0.0235903 -0.0338055
0 -0.0100537 -0.0184564 -0.0286281
0 -0.00745 -0.0126991 -0.0220598
0 -0.00491038 -0.00660301 -0.0142014
0 -0.00240304 -0.000373821 -0.00528546
0 5.57293e-05 0.00599531 0.00424603
0 0.00261788 0.0126077 0.0139557
0 0.00550573 0.0194633 0.0234904
0 0.00883507 0.0266022 0.032507
0 0.0126439 0.0340713 0.0409094
0 0.0168023 0.0416295 0.0485902
0 0.020918 0.0487583 0.0552805
0 0.0244873 0.0549169 0.0607324
0 0.0269444 0.0595654 0.0646975
0 0.027759 0.062098 0.0669121
0 0.0268989 0.0620182 0.0670372
0 0.0245538 0.0590624 0.064741
0 0.020773 0.0532511 0.0597712
0 0.0160456 0.0449403 0.051914
0 0.0109978 0.034705 0.0410503
0 0.00564977 0.0231321 0.0272595
0 -5.77312e-05 0.0106723 0.0108893
0 -0.00588766 -0.00255044 -0.00744131
0 -0.0119054 -0.016658 -0.0270919
0 -0.0185251 -0.0317152 -0.0472756
0 -0.0260344 -0.0478599 -0.0672553
0 -0.0345425 -0.0652824 -0.0868957
0 -0.0442271 -0.0838988 -0.10614
0 -0.0553174 -0.103403 -0.124957
0 -0.067408 -0.123471 -0.143495
0 -0.0795262 -0.143705 -0.16194
0 -0.0912315 -0.163574 -0.180572
0 -0.102452 -0.182562 -0.199346
0 -0.112466 -0.200134 -0.217818
0 -0.120393 -0.215771 -0.235328
0 -0.126149 -0.229284 -0.251159
0 -0.129981 -0.240677 -0.2649
0 -0.131958 -0.249709 -0.276432
0 -0.13233 -0.256023 -0.285615
0 -0.131431 -0.25947 -0.292179
0 -0.129541 -0.26 -0.29589
0 -0.127142 -0.257713 -0.296715
0 -0.124671 -0.253149 -0.294618
0 -0.122426 -0.247294 -0.289557
0 -0.120888 -0.241368 -0.282009
0 -0.120588 -0.236561 -0.273144
0 -0.121637 -0.233665 -0.264366
0 -0.123307 -0.232414 -0.256642
0 -0.124372 -0.231658 -0.250473
0 -0.124201 -0.23057 -0.246357
0 -0.123088 -0.229091 -0.244773
0 -0.121173 -0.227172 -0.24548
0 -0.117908 -0.224253 -0.24708
0 -0.113138 -0.220025 -0.247836
0 -0.107763 -0.215035 -0.246774
0 -0.102941 -0.210026 -0.243789
0 -0.0993893 -0.205455 -0.238933
0 -0.0973872 -0.201455 -0.232368
0 -0.0966557 -0.197587 -0.224401
0 -0.0963757 -0.1932 -0.215224
0 -0.0957308 -0.187839 -0.205272
0 -0.0943344 -0.181221 -0.195268
0 -0.0921395 -0.173596 -0.185778
0 -0.0891842 -0.165556 -0.177161
0 -0.0853965 -0.157286 -0.169431
0 -0.0806541 -0.148677 -0.162192
0 -0.0750559 -0.139918 -0.15511
0 -0.0689366 -0.131327 -0.147973
0 -0.0627548 -0.12307 -0.14065
0 -0.0571462 -0.115489 -0.133309
0 -0.052843 -0.109092 -0.126426
0 -0.0502952 -0.104118 -0.120439
0 -0.0492403 -0.100258 -0.11526
0 -0.0486839 -0.0966984 -0.110259
0 -0.0474419 -0.0925234 -0.104744
0 -0.0447465 -0.0871665 -0.0983726
0 -0.0405616 -0.0805822 -0.091264
0 -0.0355136 -0.0731564 -0.0838861
0 -0.030422 -0.0653797 -0.0767269
0 -0.0257695 -0.0575597 -0.0698981
0 -0.0216934 -0.0499267 -0.0632351
0 -0.0181521 -0.0426601 -0.0565255
0 -0.0147931 -0.035627 -0.0493932
0 -0.0112362 -0.0285883 -0.0415527
0 -0.00757324 -0.0215946 -0.0332558
0 -0.00423738 -0.0148945 -0.0251213
0 -0.00161165 -0.00877092 -0.0177037
0 3.93171e-05 -0.00364602 -0.011431
0 0.000495028 -5.62796e-05 -0.00671738
0 -0.000449324 0.00151365 -0.00397997
0 -0.00275338 0.000662785 -0.00363283
0 -0.00595563 -0.00280897 -0.00593584
0 -0.00948713 -0.00867434 -0.0108586
0 -0.0129336 -0.0163145 -0.0183733
0 -0.0162808 -0.0251772 -0.0286737
0 -0.0200183 -0.0350528 -0.0418318
0 -0.0244648 -0.0457401 -0.0573983
0 -0.0293191 -0.0570623 -0.0744793
0 -0.034212 -0.0688506 -0.091797
0 -0.0390295 -0.0806713 -0.107996
0 -0.043741 -0.0922342 -0.122358
0 -0.0483687 -0.103483 -0.134669
0 -0.0530907 -0.114345 -0.145057
0 -0.0583353 -0.124744 -0.153963
0 -0.0643244 -0.134566 -0.16179
0 -0.070519 -0.143515 -0.168898
0 -0.0761548 -0.151159 -0.175463
0 -0.0808182 -0.157138 -0.181313
0 -0.0839957 -0.161102 -0.186017
0 -0.0849354 -0.162747 -0.189002
0 -0.0834523 -0.161992 -0.189758
0 -0.0801447 -0.158898 -0.188004
0 -0.0758868 -0.153732 -0.183756
0 -0.0717666 -0.147111 -0.177303
0 -0.0687117 -0.139832 -0.169053
0 -0.06692 -0.132664 -0.159456
0 -0.0661829 -0.126282 -0.149101
0 -0.0661685 -0.121198 -0.138779
0 -0.0663468 -0.117482 -0.129488
0 -0.0662987 -0.114681 -0.12212
0 -0.0658921 -0.11239 -0.11716
0 -0.065067 -0.110547 -0.114852
0 -0.0637398 -0.109032 -0.115008
0 -0.0618556 -0.107658 -0.11691
0 -0.0594373 -0.106482 -0.119609
0 -0.0566422 -0.105527 -0.122176
0 -0.0538221 -0.104657 -0.123829
0 -0.0515263 -0.103858 -0.124163
0 -0.0503444 -0.10313 -0.123356
0 -0.0506119 -0.102526 -0.121702
0 -0.0522611 -0.102332 -0.119585
0 -0.0548642 -0.102902 -0.117518
0 -0.0577832 -0.10437 -0.116054
0 -0.0604377 -0.106712 -0.115853
0 -0.0625162 -0.10993 -0.117472
0 -0.0639826 -0.113775 -0.121297
0 -0.064878 -0.117743 -0.127268
0 -0.0651656 -0.121463 -0.134755
0 -0.0648682 -0.124801 -0.142917
0 -0.0641362 -0.127549 -0.150582
0 -0.063111 -0.129332 -0.15644
0 -0.0619886 -0.130035 -0.159698
0 -0.0610958 -0.129729 -0.159995
0 -0.0607011 -0.128421 -0.157411
0 -0.0608691 -0.126254 -0.152457
0 -0.0614849 -0.123498 -0.145876
0 -0.0622803 -0.120411 -0.138616
0 -0.062879 -0.117347 -0.131609
0 -0.0629416 -0.114556 -0.125643
0 -0.0622944 -0.11194 -0.121188
0 -0.0609654 -0.10957 -0.118491
0 -0.0592162 -0.107724 -0.117687
0 -0.0574982 -0.106514 -0.118586
0 -0.0562605 -0.106138 -0.120869
0 -0.0557445 -0.106819 -0.124069
0 -0.0558673 -0.108384 -0.127392
0 -0.0563727 -0.110412 -0.130159
0 -0.0570883 -0.1125 -0.132101
0 -0.0578904 -0.114249 -0.133135
0 -0.0585207 -0.115204 -0.133214
0 -0.0586347 -0.114946 -0.132249
0 -0.0580664 -0.113333 -0.130234
0 -0.0568878 -0.11054 -0.127284
0 -0.0552396 -0.106895 -0.123467
0 -0.053206 -0.10265 -0.118776
0 -0.0507893 -0.0978573 -0.113115
0 -0.0479931 -0.0925143 -0.106446
0 -0.0448935 -0.0866697 -0.0989837
0 -0.041609 -0.0803766 -0.0910478
0 -0.0382866 -0.073745 -0.0829777
0 -0.035136 -0.0670403 -0.0752046
0 -0.0323889 -0.0606695 -0.0681501
0 -0.0302351 -0.055111 -0.0621521
0 -0.0288104 -0.0508164 -0.0574698
0 -0.0281916 -0.0481124 -0.0542734
0 -0.0283866 -0.0471853 -0.0527086
0 -0.0292863 -0.048136 -0.0529702
0 -0.0307856 -0.0509583 -0.0552903
0 -0.0328579 -0.0553978 -0.0597893
0 -0.0352784 -0.0609689 -0.0663342
0 -0.0377037 -0.0671786 -0.074565
0 -0.0400115 -0.0736718 -0.0840017
0 -0.0423004 -0.0803005 -0.094151
0 -0.0446953 -0.0871656 -0.104613
0 -0.047237 -0.094241 -0.114859
0 -0.0499599 -0.101185 -0.124311
0 -0.0528792 -0.107808 -0.132667
0 -0.0559214 -0.114005 -0.139655
0 -0.0589241 -0.119493 -0.145136
0 -0.06166 -0.124046 -0.149136
0 -0.0639094 -0.127494 -0.151673
0 -0.0654775 -0.129581 -0.152853
0 -0.0661292 -0.130104 -0.152767
0 -0.0657245 -0.12906 -0.151494
0 -0.0643721 -0.126569 -0.149116
0 -0.0622419 -0.122821 -0.145596
0 -0.0594771 -0.11802 -0.140816
0 -0.0562658 -0.112304 -0.134641
0 -0.0528199 -0.105789 -0.127031
0 -0.0494138 -0.0986394 -0.118114
0 -0.0462818 -0.0911039 -0.108194
0 -0.0434282 -0.0835548 -0.0977341
0 -0.0407558 -0.0762397 -0.0872975
0 -0.0381934 -0.0691683 -0.0773271
0 -0.0356108 -0.0623869 -0.0681003
0 -0.0328122 -0.0559472 -0.0598626
0 -0.0296535 -0.0497899 -0.0527035
0 -0.0261417 -0.0439105 -0.0466061
0 -0.0224283 -0.0384159 -0.0415149
0 -0.0187276 -0.0333484 -0.0372798
0 -0.0152181 -0.0286825 -0.0336954
0 -0.0119993 -0.0244588 -0.0304689
0 -0.00912887 -0.0206414 -0.0272906
0 -0.0066609 -0.0171121 -0.0239414
0 -0.00464206 -0.0138406 -0.0203401
0 -0.0030893 -0.010802 -0.0165512
0 -0.00197225 -0.00792774 -0.0127211
0 -0.00120692 -0.00519389 -0.0090268
0 -0.000686044 -0.00263296 -0.00565031
0 -0.000393605 -0.000397876 -0.00283924
0 -0.000450391 0.00116941 -0.000937048
0 -0.000993724 0.00165714 -0.000280466
0 -0.00203868 0.000709902 -0.00116011
0 -0.00357861 -0.00192091 -0.00384836
0 -0.00574562 -0.00636644 -0.00862099
0 -0.0086679 -0.0126606 -0.0157443
0 -0.0123786 -0.0207241 -0.0253705
0 -0.0168754 -0.0303432 -0.0373897
0 -0.0220416 -0.0412 -0.0513927
0 -0.0276019 -0.0530285 -0.0668095
0 -0.0333135 -0.0655737 -0.0830817
0 -0.0391328 -0.0784512 -0.099536
0 -0.0451152 -0.0914076 -0.115515
0 -0.0512532 -0.10438 -0.130646
0 -0.0576725 -0.117239 -0.144642
0 -0.0644665 -0.12976 -0.157395
0 -0.0712722 -0.141745 -0.168931
0 -0.0776736 -0.152989 -0.179267
0 -0.0835083 -0.163147 -0.188527
0 -0.0887468 -0.171944 -0.196838
0 -0.0932287 -0.179297 -0.204263
0 -0.0966731 -0.185118 -0.210738
0 -0.0990248 -0.189342 -0.216028
0 -0.100214 -0.191991 -0.219849
0 -0.100099 -0.193073 -0.221937
0 -0.0988574 -0.192541 -0.222096
0 -0.0968179 -0.19031 -0.220198
0 -0.0942125 -0.186353 -0.216149
0 -0.0912947 -0.180769 -0.209897
0 -0.0882735 -0.173785 -0.201497
0 -0.0852333 -0.165801 -0.191207
0 -0.0822502 -0.157339 -0.179526
0 -0.0794126 -0.14887 -0.16712
0 -0.0766883 -0.140815 -0.154761
0 -0.0740022 -0.133426 -0.143373
0 -0.0714846 -0.126721 -0.133695
0 -0.0693184 -0.120879 -0.126167
0 -0.0674526 -0.116151 -0.121026
0 -0.0656511 -0.112464 -0.117996
0 -0.0636956 -0.109638 -0.116611
0 -0.0615549 -0.107704 -0.116402
0 -0.0594273 -0.106691 -0.116915
0 -0.0576413 -0.106482 -0.117932
0 -0.0565918 -0.107024 -0.119361
0 -0.0566874 -0.108322 -0.121242
0 -0.0581177 -0.110387 -0.123659
0 -0.0607247 -0.113384 -0.126691
0 -0.0641411 -0.117552 -0.130501
0 -0.0679369 -0.123006 -0.135351
0 -0.0717989 -0.129635 -0.141519
0 -0.0754427 -0.136982 -0.14909
0 -0.0785002 -0.144429 -0.157906
0 -0.0808607 -0.151457 -0.167637
0 -0.0826389 -0.157635 -0.177748
0 -0.0838466 -0.162807 -0.187344
0 -0.0844447 -0.167006 -0.195441
0 -0.0844797 -0.170142 -0.201359
0 -0.0840741 -0.172048 -0.204694
0 -0.0833868 -0.172586 -0.205342
0 -0.0826292 -0.171683 -0.203422
0 -0.0819751 -0.169337 -0.199218
0 -0.0813911 -0.165643 -0.193209
0 -0.0806605 -0.160876 -0.185873
0 -0.0794897 -0.155391 -0.177652
0 -0.0775877 -0.149439 -0.168949
0 -0.0748416 -0.143181 -0.160108
0 -0.0714287 -0.136639 -0.151435
0 -0.067587 -0.129654 -0.143088
0 -0.0633911 -0.122156 -0.135004
0 -0.0588932 -0.114243 -0.126988
0 -0.0541683 -0.106006 -0.118784
0 -0.0491926 -0.0974728 -0.110111
0 -0.0438954 -0.0886273 -0.100797
0 -0.0382673 -0.0794149 -0.0907701
0 -0.0323864 -0.0697007 -0.0800334
0 -0.0263858 -0.0593503 -0.0686661
0 -0.0204278 -0.0483859 -0.0568174
0 -0.0146885 -0.0369878 -0.0447115
0 -0.0093085 -0.0254235 -0.0325668
0 -0.00435209 -0.0140287 -0.0205487
0 0.000184006 -0.00313587 -0.00880056
0 0.00434152 0.00702246 0.0025299
0 0.00816041 0.0163031 0.0132658
0 0.0116316 0.0245778 0.0231911
0 0.0146781 0.0316942 0.0320588
0 0.0171806 0.0374975 0.0396151
0 0.0190096 0.0418546 0.045625
0 0.0200349 0.0446394 0.04987
0 0.0201103 0.0457166 0.0521306
0 0.0191459 0.0449376 0.0521711
0 0.0171866 0.0421688 0.0497467
0 0.0143677 0.0374144 0.0446869
0 0.0109247 0.0308097 0.0369783
0 0.00711864 0.0224921 0.0267354
0 0.00297441 0.0126445 0.0141438
0 -0.00173545 0.00146851 -0.000544003
0 -0.00717215 -0.0110035 -0.0169664
0 -0.0132996 -0.0246374 -0.0346597
0 -0.0200467 -0.0389959 -0.0529933
0 -0.0273672 -0.0538625 -0.0712359
0 -0.0351453 -0.0692464 -0.0889088
0 -0.0431577 -0.0849109 -0.105744
0 -0.0514003 -0.100519 -0.121576
0 -0.0600242 -0.115933 -0.136428
0 -0.0686685 -0.131022 -0.150442
0 -0.076775 -0.145466 -0.16384
0 -0.084272 -0.158964 -0.176819
0 -0.0912824 -0.171319 -0.189418
0 -0.0975703 -0.182402 -0.201537
0 -0.102838 -0.192243 -0.212968
0 -0.107245 -0.200987 -0.223481
0 -0.110904 -0.208678 -0.232912
0 -0.113644 -0.215212 -0.241152
0 -0.115499 -0.220476 -0.248078
0 -0.116564 -0.224373 -0.253502
0 -0.116734 -0.226724 -0.257212
0 -0.115993 -0.227321 -0.259009
0 -0.114517 -0.226025 -0.258686
0 -0.112419 -0.222783 -0.256003
0 -0.109705 -0.217662 -0.250708
0 -0.106425 -0.210803 -0.242625
0 -0.102594 -0.202309 -0.231762
0 -0.0981762 -0.192317 -0.218371
0 -0.093255 -0.18101 -0.202921
0 -0.0878072 -0.168608 -0.185998
0 -0.0815283 -0.15522 -0.168194
0 -0.0742449 -0.140702 -0.150114
0 -0.0660918 -0.125101 -0.132134
0 -0.0572897 -0.10879 -0.114464
0 -0.0480451 -0.0920673 -0.0973613
0 -0.0385773 -0.0751089 -0.0808423
0 -0.0291394 -0.0581443 -0.0648625
0 -0.0199909 -0.0415679 -0.0493315
0 -0.0113707 -0.0257843 -0.0340958
0 -0.00349236 -0.0110576 -0.0191641
0 0.0034611 0.00240789 -0.00466928
0 0.00934924 0.0145103 0.00907972
0 0.0141037 0.0252902 0.0217107
0 0.0177664 0.0347419 0.0329397
0 0.0204771 0.0427119 0.042588
0 0.0224036 0.0490105 0.0505642
0 0.0236042 0.0535342 0.0567812
0 0.0240393 0.0562688 0.0611455
0 0.0237746 0.0572175 0.0635604
0 0.0229805 0.0563851 0.0638998
0 0.0217546 0.0538755 0.062026
0 0.0200639 0.0499746 0.0578294
0 0.0179067 0.0449315 0.0513184
0 0.015368 0.0387964 0.0426907
0 0.012479 0.0316341 0.0323302
0 0.00926037 0.0235472 0.0207647
0 0.00576073 0.0146163 0.00855484
0 0.00202313 0.00506075 -0.00385183
0 -0.0018731 -0.00466457 -0.0160108
0 -0.00586404 -0.0140729 -0.0274926
0 -0.00993652 -0.0229179 -0.0380258
0 -0.0140158 -0.0310781 -0.0473293
0 -0.0179002 -0.0383581 -0.0552021
0 -0.0213502 -0.0445915 -0.0615592
0 -0.0242127 -0.0497271 -0.066354
0 -0.0264445 -0.0537077 -0.0696877
0 -0.0280415 -0.0564563 -0.0717269
0 -0.0289915 -0.0579612 -0.0726541
0 -0.0293058 -0.0582573 -0.0726712
0 -0.0290549 -0.0574701 -0.071943
0 -0.0283539 -0.0558461 -0.0705723
0 -0.0273135 -0.0536529 -0.0685709
0 -0.0260043 -0.0510956 -0.0659006
0 -0.0244941 -0.0482875 -0.0625488
0 -0.0228759 -0.0452485 -0.0585571
0 -0.0212224 -0.0419315 -0.0540224
0 -0.0195577 -0.0382748 -0.0490605
0 -0.0178658 -0.0342505 -0.0437718
0 -0.0161054 -0.0298993 -0.0382396
0 -0.0142748 -0.025373 -0.0325437
0 -0.0123868 -0.0208403 -0.0267953
0 -0.0104163 -0.0163887 -0.0211345
0 -0.00840279 -0.0121455 -0.0157238
0 -0.00645635 -0.00824858 -0.0107431
0 -0.00466089 -0.00472591 -0.00633296
0 -0.00306643 -0.00160632 -0.00260046
0 -0.00172865 0.00101862 0.000379016
0 -0.000710177 0.00307418 0.00258588
0 -1.94742e-05 0.00451389 0.00404156
0 0.000382176 0.00528873 0.00478825
0 0.000497583 0.00538149 0.00485951
0 0.000308178 0.00482937 0.00426953
0 -0.000175393 0.00368849 0.00301829
0 -0.000941543 0.00202353 0.0011051
0 -0.0019618 -9.08392e-05 -0.00144952
0 -0.00316227 -0.00259381 -0.00459425
0 -0.0044621 -0.00543015 -0.00824144
0 -0.0057814 -0.00851393 -0.0122619
0 -0.00703777 -0.0117215 -0.0164903
0 -0.00817943 -0.0148998 -0.0207384
0 -0.00921261 -0.0178904 -0.0248213
0 -0.0101567 -0.0205816 -0.028587
0 -0.0109908 -0.0228867 -0.031889
0 -0.0117168 -0.0247287 -0.0345907
0 -0.012373 -0.0261186 -0.036608
0 -0.0129527 -0.0271267 -0.0378939
0 -0.0134287 -0.0277989 -0.0384705
0 -0.0138049 -0.0281685 -0.0384397
0 -0.014083 -0.0282675 -0.0379494
0 -0.0142363 -0.0281017 -0.0371657
0 -0.0142149 -0.0276434 -0.0362045
0 -0.0139404 -0.0268552 -0.0350985
0 -0.0133384 -0.0257013 -0.033818
0 -0.0124018 -0.024168 -0.0323046
0 -0.011207 -0.0222895 -0.0305024
0 -0.00989137 -0.020141 -0.0283747
0 -0.00863444 -0.0178334 -0.0259228
0 -0.00760966 -0.0155284 -0.0232019
0 -0.00690566 -0.0134134 -0.0203307
0 -0.00654111 -0.0116598 -0.0175154
0 -0.00651589 -0.0103998 -0.0150136
0 -0.00675384 -0.00969578 -0.013064
0 -0.00710701 -0.00952024 -0.011877
0 -0.00745063 -0.00979258 -0.0116026
0 -0.00770369 -0.0104215 -0.0122842
0 -0.00782638 -0.0113132 -0.0138558
0 -0.00785246 -0.0124051 -0.0161453
0 -0.00788569 -0.0136951 -0.0189173
0 -0.00806251 -0.015219 -0.0219387
0 -0.00853266 -0.0170375 -0.0250395
0 -0.0094339 -0.0192284 -0.028097
0 -0.0108342 -0.0218282 -0.0310741
0 -0.0126871 -0.0248274 -0.0340739
0 -0.0148609 -0.0282167 -0.0372298
0 -0.0171971 -0.0319416 -0.0406967
0 -0.019535 -0.0358759 -0.0446133
0 -0.0217081 -0.0398459 -0.0489894
0 -0.0235418 -0.0436262 -0.0536849
0 -0.0248879 -0.0469816 -0.0584165
0 -0.0256671 -0.0497341 -0.062829
0 -0.025885 -0.0517637 -0.066557
0 -0.0256423 -0.0529921 -0.0692687
0 -0.0251048 -0.053383 -0.0707267
0 -0.0244611 -0.0529469 -0.0708076
0 -0.0238816 -0.0517707 -0.0695095
0 -0.0234351 -0.0500016 -0.0669383
0 -0.0230733 -0.0477871 -0.0632924
0 -0.0226714 -0.0452372 -0.0588547
0 -0.0220589 -0.0424072 -0.0539453
0 -0.0210826 -0.0393053 -0.0488792
0 -0.019667 -0.0359136 -0.0439308
0 -0.0178355 -0.032253 -0.0392876
0 -0.0156898 -0.0283737 -0.0349878
0 -0.0133891 -0.0243013 -0.0309406
0 -0.0110777 -0.0201246 -0.0269941
0 -0.00880702 -0.0159973 -0.0229598
0 -0.00663636 -0.0120396 -0.0187033
0 -0.00471792 -0.00836349 -0.0142263
0 -0.00320313 -0.00508939 -0.00970144
0 -0.00216608 -0.00229397 -0.00540152
0 -0.00162809 -2.25049e-05 -0.00162031
0 -0.00155809 0.00165323 0.00135713
0 -0.00183232 0.00263286 0.00331176
0 -0.00229116 0.00282214 0.00407871
0 -0.0028201 0.00216395 0.00356167
0 -0.0033464 0.000707969 0.00176405
0 -0.00384188 -0.0013771 -0.00120353
0 -0.00434408 -0.00390797 -0.00512165
0 -0.00494726 -0.00673554 -0.00971454
0 -0.00576147 -0.00976213 -0.0146787
0 -0.00686488 -0.0129677 -0.0197138
0 -0.00827286 -0.0163622 -0.0245863
0 -0.00994979 -0.019918 -0.0290833
0 -0.0118028 -0.0235107 -0.0330611
0 -0.0136311 -0.0269329 -0.0365132
0 -0.0152208 -0.0299808 -0.0394522
0 -0.016471 -0.0324713 -0.0419222
0 -0.0173376 -0.0342682 -0.0439757
0 -0.0177964 -0.0353542 -0.0456148
0 -0.0178983 -0.0358201 -0.0468219
0 -0.0177419 -0.0357995 -0.0475295
0 -0.0174123 -0.0354357 -0.0476681
0 -0.0170032 -0.0348576 -0.0472154
0 -0.0166169 -0.0341361 -0.0461961
0 -0.0162981 -0.0332793 -0.0446931
0 -0.0160306 -0.0322614 -0.0428233
0 -0.0157654 -0.0310517 -0.040715
0 -0.0154198 -0.0296421 -0.0384911
0 -0.0149054 -0.0280512 -0.0362422
0 -0.0141585 -0.0262999 -0.0340074
0 -0.0131428 -0.0243882 -0.0317664
0 -0.0118734 -0.0222905 -0.0294616
0 -0.0104422 -0.0199774 -0.0270266
0 -0.00897694 -0.0174547 -0.0243994
0 -0.00757048 -0.0147805 -0.0215367
0 -0.00630465 -0.0120568 -0.018431
0 -0.00527587 -0.00942497 -0.0151373
0 -0.00452345 -0.00703631 -0.0117837
0 -0.0040192 -0.00500264 -0.00855202
0 -0.00371295 -0.00337442 -0.00565142
0 -0.00351307 -0.00213214 -0.00326614
0 -0.00329845 -0.00120021 -0.0015201
0 -0.00299152 -0.00049907 -0.000474927
0 -0.0025858 1.79202e-05 -0.00012299
0 -0.00212796 0.000355805 -0.000387936
0 -0.00170702 0.000472423 -0.00113853
0 -0.00143978 0.000289444 -0.00222037
0 -0.00143796 -0.000270248 -0.00350132
0 -0.00178512 -0.0012583 -0.00490686
0 -0.00252126 -0.00269028 -0.00643208
0 -0.0036193 -0.00453611 -0.00813322
0 -0.00498458 -0.0067328 -0.0101071
0 -0.00648903 -0.00920905 -0.0124623
0 -0.00800463 -0.0118993 -0.0152897
0 -0.00942721 -0.0147462 -0.0186327
0 -0.0107159 -0.0177039 -0.0224669
0 -0.0119015 -0.0207436 -0.0267029
0 -0.0130278 -0.0238678 -0.0312198
0 -0.0141472 -0.0270997 -0.0359062
0 -0.0153571 -0.0304045 -0.0406089
0 -0.0167346 -0.0337129 -0.0451551
0 -0.0182771 -0.0370258 -0.0494382
0 -0.0199486 -0.0403409 -0.0533723
0 -0.0217117 -0.0435785 -0.0569258
0 -0.023504 -0.0466583 -0.0601237
0 -0.0252296 -0.0495073 -0.0629834
0 -0.0267745 -0.0520025 -0.0655088
0 -0.0280124 -0.0540175 -0.0676566
0 -0.0288276 -0.0554735 -0.0693564
0 -0.0291537 -0.0563074 -0.0705347
0 -0.0289876 -0.0564757 -0.0711064
0 -0.0283897 -0.055982 -0.0710002
0 -0.0274947 -0.0548648 -0.0701734
0 -0.0264808 -0.0532088 -0.0686142
0 -0.02549 -0.0511571 -0.0663477
0 -0.0246031 -0.0488624 -0.0634432
0 -0.0238499 -0.0464691 -0.0600376
0 -0.0232102 -0.0441126 -0.0563376
0 -0.0226293 -0.0418748 -0.0525893
0 -0.022027 -0.0397646 -0.049032
0 -0.0213134 -0.0377484 -0.0458519
0 -0.0204294 -0.0357884 -0.0431596
0 -0.0193734 -0.0338608 -0.0409705
0 -0.0181993 -0.0319637 -0.0392245
0 -0.0170007 -0.0301314 -0.0378231
0 -0.0158717 -0.0284231 -0.0366172
0 -0.014872 -0.026881 -0.0354324
0 -0.0140389 -0.0255149 -0.0341267
0 -0.0133981 -0.0243073 -0.0326129
0 -0.0129387 -0.0232075 -0.030875
0 -0.0125972 -0.0221322 -0.0289548
0 -0.0122732 -0.02098 -0.0269193
0 -0.0118536 -0.019652 -0.0248153
0 -0.0112276 -0.0180733 -0.0226642
0 -0.0103132 -0.0162095 -0.0204763
0 -0.00908686 -0.014066 -0.018216
0 -0.0075797 -0.0116698 -0.015827
0 -0.00586564 -0.0090582 -0.0132493
0 -0.00406075 -0.00628094 -0.0104337
0 -0.0023091 -0.00341197 -0.00738181
0 -0.000739218 -0.000550983 -0.00414156
0 0.0005699 0.00219217 -0.000803522
0 0.00158091 0.0047045 0.00249922
0 0.00227872 0.00686876 0.00558596
0 0.00266889 0.00857953 0.00824297
0 0.00277963 0.0097549 0.0102639
0 0.00265191 0.0103261 0.0114688
0 0.00232744 0.0102291 0.0117137
0 0.00184555 0.00942269 0.0109033
0 0.00121889 0.00791138 0.00900134
0 0.000417762 0.00572846 0.00603573
0 -0.000600498 0.00290971 0.00209341
0 -0.00188453 -0.000507449 -0.00269663
0 -0.0034845 -0.00449476 -0.00818504
0 -0.00542305 -0.00903588 -0.0142211
0 -0.00769447 -0.0140943 -0.0206691
0 -0.010309 -0.0195958 -0.0274335
0 -0.0131865 -0.0254531 -0.0344219
0 -0.0161048 -0.0315035 -0.0415354
0 -0.0189622 -0.0374936 -0.048696
0 -0.0217902 -0.0432581 -0.0557811
0 -0.024543 -0.0487176 -0.0626204
0 -0.0271184 -0.0537737 -0.0690213
0 -0.0294634 -0.0583809 -0.0747851
0 -0.0315805 -0.0625465 -0.0797657
0 -0.0334673 -0.0662364 -0.0838879
0 -0.0351008 -0.0694141 -0.087147
0 -0.0364816 -0.0720969 -0.0895967
0 -0.0376545 -0.0742882 -0.0913424
0 -0.0386564 -0.0759494 -0.0925233
0 -0.0394728 -0.0770652 -0.0932664
0 -0.0400544 -0.0776433 -0.0936605
0 -0.0403533 -0.0776947 -0.093738
0 -0.0403117 -0.0772718 -0.0934686
0 -0.039871 -0.0764447 -0.092787
0 -0.0390425 -0.0752403 -0.091624
0 -0.0379038 -0.0736389 -0.0899209
0 -0.0365538 -0.0715892 -0.087632
0 -0.0350915 -0.0690425 -0.0847244
0 -0.0335848 -0.0659998 -0.0811789
0 -0.032052 -0.0625159 -0.0769912
0 -0.030463 -0.0586735 -0.0721806
0 -0.02877 -0.0545603 -0.0668089
0 -0.0269461 -0.0502409 -0.0609905
0 -0.0250167 -0.0457648 -0.0548821
0 -0.0230013 -0.0411795 -0.0486548
0 -0.0208423 -0.0364612 -0.0424722
0 -0.0184833 -0.0315587 -0.0364134
0 -0.0159114 -0.0265219 -0.0304974
0 -0.0131268 -0.0214216 -0.0247442
0 -0.0101449 -0.0162717 -0.0191173
0 -0.00702354 -0.0111135 -0.0135931
0 -0.00390383 -0.00602519 -0.00818032
0 -0.000968524 -0.00107258 -0.00290334
0 0.00163791 0.00364937 0.00217131
0 0.00381851 0.00798727 0.00696833
0 0.00550387 0.011796 0.0113905
0 0.00666914 0.0149739 0.0153273
0 0.0073561 0.0174375 0.0186663
0 0.0076549 0.0191331 0.0212874
0 0.00766147 0.020053 0.0230734
0 0.00743701 0.02021 0.0239047
0 0.00703771 0.0196264 0.0236708
0 0.00650475 0.0183717 0.022301
0 0.00580672 0.0165319 0.0197935
0 0.004913 0.0141254 0.0162324
0 0.00380423 0.0111357 0.0117712
0 0.00242945 0.00755736 0.00659401
0 0.00075084 0.00338248 0.000882121
0 -0.00123967 -0.00135344 -0.00520749
0 -0.00352718 -0.00653981 -0.011554
0 -0.00611217 -0.0120429 -0.0180805
0 -0.00894745 -0.0177545 -0.0247505
0 -0.0118673 -0.0235493 -0.0315503
0 -0.0147576 -0.0292716 -0.0384387
0 -0.0176123 -0.0348181 -0.0453118
0 -0.0204004 -0.0401386 -0.0520121
0 -0.023033 -0.0451918 -0.0583476
0 -0.0254287 -0.0499324 -0.0641416
0 -0.0275815 -0.0543081 -0.0692732
0 -0.029524 -0.0582729 -0.0736839
0 -0.0312481 -0.0617602 -0.0773636
0 -0.0327155 -0.064685 -0.0803189
0 -0.0339066 -0.0669802 -0.0825614
0 -0.0348088 -0.0685855 -0.0841037
0 -0.0353821 -0.0694589 -0.0849497
0 -0.0355624 -0.0695889 -0.0850909
0 -0.0353 -0.0689832 -0.0845051
0 -0.0346048 -0.0676874 -0.083175
0 -0.033562 -0.0657976 -0.0811222
0 -0.0323196 -0.0634519 -0.0784274
0 -0.0310582 -0.0608216 -0.0752283
0 -0.029927 -0.058084 -0.0716944
0 -0.0289902 -0.0553991 -0.0680018
0 -0.0282359 -0.0528956 -0.0643298
0 -0.0275997 -0.0506509 -0.0608542
0 -0.0269814 -0.0486748 -0.057725
0 -0.026269 -0.0469071 -0.0550335
0 -0.0253657 -0.0452252 -0.0527796
0 -0.0242191 -0.0434759 -0.0508707
0 -0.022851 -0.0415382 -0.0491615
0 -0.0213602 -0.0393739 -0.0474915
0 -0.019878 -0.03703 -0.0456902
0 -0.0185121 -0.0346175 -0.0436013
0 -0.0173414 -0.0322849 -0.0411415
0 -0.0164301 -0.0301714 -0.0383329
0 -0.0158082 -0.0283495 -0.0353131
0 -0.015445 -0.0268155 -0.0323271
0 -0.0152604 -0.0255139 -0.0296082
0 -0.0151468 -0.0243674 -0.0273313
0 -0.0149767 -0.0233217 -0.025642
0 -0.0146351 -0.0223692 -0.0245695
0 -0.0140693 -0.0215319 -0.0240524
0 -0.0133032 -0.0208358 -0.0239771
0 -0.0124272 -0.0202998 -0.0241866
0 -0.0115867 -0.0199288 -0.0245389
0 -0.0109443 -0.0197158 -0.0249096
0 -0.0106238 -0.0196536 -0.025208
0 -0.0106799 -0.0197448 -0.0253845
0 -0.0110872 -0.0200033 -0.0254334
0 -0.0117389 -0.0204425 -0.0254044
0 -0.0124783 -0.0210499 -0.0253857
0 -0.0131462 -0.0217697 -0.0254878
0 -0.0136233 -0.0225101 -0.0258156
0 -0.0138575 -0.0231732 -0.026437
0 -0.0138702 -0.0236966 -0.027362
0 -0.0137424 -0.0240851 -0.0285343
0 -0.0135876 -0.024414 -0.0298437
0 -0.013519 -0.0247964 -0.0311557
0 -0.0136242 -0.0253373 -0.0323622
0 -0.0139558 -0.0260996 -0.0333956
0 -0.0145277 -0.0270952 -0.0342535
0 -0.0153122 -0.0282948 -0.035035
0 -0.0162376 -0.0296343 -0.0358745
0 -0.0171941 -0.0310252 -0.0368834
0 -0.0180594 -0.0323831 -0.0381383
0 -0.0187351 -0.0336534 -0.0396598
0 -0.0191798 -0.0348179 -0.0414079
0 -0.0194136 -0.035889 -0.0433034
0 -0.0195122 -0.0369015 -0.0452606
0 -0.0195952 -0.0378909 -0.0471666
0 -0.0197783 -0.0388621 -0.0488999
0 -0.0201229 -0.0398109 -0.0503768
0 -0.0206377 -0.0407521 -0.0515337
0 -0.0212823 -0.0416839 -0.0523577
0 -0.021973 -0.0425674 -0.0528972
0 -0.0226179 -0.04336 -0.0532354
0 -0.023143 -0.0440196 -0.0534833
0 -0.0234951 -0.044502 -0.053737
0 -0.02365 -0.0447894 -0.0540535
0 -0.0236159 -0.0448943 -0.0544381
0 -0.023425 -0.0448436 -0.0548412
0 -0.0231281 -0.0446779 -0.0551791
0 -0.022789 -0.0444382 -0.0553574
0 -0.0224771 -0.0441542 -0.0553034
0 -0.0222578 -0.0438518 -0.0549943
0 -0.0221773 -0.0435563 -0.0544593
0 -0.0222452 -0.0432885 -0.053771
0 -0.0224226 -0.0430603 -0.0530219
0 -0.0226232 -0.0428623 -0.052294
0 -0.0227392 -0.0426586 -0.0516441
0 -0.0226838 -0.0424021 -0.0511047
0 -0.0224205 -0.0420474 -0.0506819
0 -0.0219684 -0.0415606 -0.0503509
0 -0.0213912 -0.0409346 -0.0500572
0 -0.0207738 -0.0401929 -0.0497213
0 -0.0201928 -0.0393773 -0.0492468
0 -0.0196992 -0.0385346 -0.0485474
0 -0.0193203 -0.0377063 -0.0475786
0 -0.0190622 -0.0369196 -0.0463588
0 -0.0189111 -0.036186 -0.0449666
0 -0.0188391 -0.0355105 -0.0435227
0 -0.0188067 -0.0348965 -0.0421616
0 -0.0187704 -0.0343345 -0.0410098
0 -0.0186812 -0.0338122 -0.0401437
0 -0.0184958 -0.033336 -0.0395827
0 -0.0182039 -0.0329156 -0.0393116
0 -0.0178337 -0.0325587 -0.0392702
0 -0.0174415 -0.0322793 -0.0393817
0 -0.0171038 -0.0320865 -0.0395738
0 -0.0168904 -0.031982 -0.0397691
0 -0.0168357 -0.0319677 -0.0399088
0 -0.0169367 -0.0320443 -0.0399642
0 -0.0171623 -0.0322109 -0.0399366
0 -0.0174676 -0.0324682 -0.0398717
0 -0.0178113 -0.0328153 -0.0398524
0 -0.0181585 -0.0332402 -0.0399716
0 -0.018476 -0.03372 -0.0403001
0 -0.0187388 -0.034232 -0.0408701
0 -0.0189362 -0.0347638 -0.0416777
0 -0.0190764 -0.0353185 -0.0426823
0 -0.0191881 -0.0359091 -0.0438235
0 -0.0193099 -0.0365515 -0.0450248
0 -0.0194831 -0.0372556 -0.046208
0 -0.0197387 -0.0380106 -0.0473146
0 -0.0200831 -0.038791 -0.0482971
0 -0.0205017 -0.039574 -0.0491383
0 -0.0209688 -0.0403373 -0.0498547
0 -0.0214493 -0.0410588 -0.0504805
0 -0.021896 -0.0417188 -0.0510553
0 -0.0222591 -0.0422948 -0.0516031
0 -0.0224985 -0.0427593 -0.0521293
0 -0.0225922 -0.0430877 -0.0526183
0 -0.0225413 -0.0432585 -0.05303
0 -0.022363 -0.0432489 -0.0533038
0 -0.0220834 -0.043041 -0.0533654
0 -0.0217309 -0.0426246 -0.0531386
0 -0.0213265 -0.0419912 -0.052557
0 -0.0208767 -0.0411334 -0.0515732
0 -0.0203779 -0.0400463 -0.0501712
0 -0.0198275 -0.0387347 -0.0483771
0 -0.0192357 -0.0372253 -0.0462622
0 -0.0186217 -0.0355703 -0.0439285
0 -0.018009 -0.0338479 -0.041491
0 -0.0174148 -0.0321367 -0.0390707
0 -0.0168376 -0.0304997 -0.0367919
0 -0.0162893 -0.0290152 -0.0347615
0 -0.0157942 -0.0277495 -0.0330595
0 -0.0153501 -0.0267197 -0.0317368
0 -0.014942 -0.0259188 -0.0307913
0 -0.0145588 -0.0253155 -0.0301765
0 -0.0141914 -0.024856 -0.0298211
0 -0.0138512 -0.0245014 -0.0296484
0 -0.0135819 -0.0242455 -0.0295992
0 -0.0134411 -0.0241122 -0.0296412
0 -0.0134826 -0.024157 -0.0297796
0 -0.013746 -0.0244556 -0.0300576
0 -0.0142391 -0.0250737 -0.0305467
0 -0.0149296 -0.0260444 -0.0313335
0 -0.0157536 -0.027358 -0.0324976
0 -0.0166296 -0.0289576 -0.0340924
0 -0.0174785 -0.0307554 -0.0361297
0 -0.0182491 -0.0326612 -0.0385724
0 -0.0189326 -0.0346015 -0.0413316
0 -0.0195567 -0.0365272 -0.0442855
0 -0.0201469 -0.0384229 -0.0472915
0 -0.0207147 -0.0402585 -0.0501719
0 -0.021288 -0.0419615 -0.0527564
0 -0.0218934 -0.0435004 -0.0549241
0 -0.0225303 -0.0448752 -0.0566053
0 -0.0231845 -0.0460502 -0.0577975
0 -0.0238166 -0.0469852 -0.05854
0 -0.0243526 -0.0476496 -0.0588904
0 -0.0247117 -0.0479992 -0.0589171
0 -0.0248282 -0.0479941 -0.0586718
0 -0.0246559 -0.047616 -0.0581772
0 -0.0241852 -0.0468556 -0.0574249
0 -0.0234558 -0.0457242 -0.0563838
0 -0.0225463 -0.0442693 -0.0550176
0 -0.0215535 -0.0425586 -0.053295
0 -0.0205681 -0.0406655 -0.0512019
0 -0.0196542 -0.0386664 -0.0487546
0 -0.0188439 -0.0366228 -0.0460058
0 -0.0181354 -0.0345801 -0.043042
0 -0.017486 -0.0325827 -0.0399764
0 -0.0168304 -0.030631 -0.0369507
0 -0.0161303 -0.0286948 -0.0340961
0 -0.0153836 -0.0268013 -0.0315148
0 -0.0145982 -0.0250016 -0.0292944
0 -0.0138037 -0.0233437 -0.0274731
0 -0.0130589 -0.0219127 -0.0260504
0 -0.0124269 -0.0207937 -0.0250056
0 -0.0119647 -0.0200343 -0.0243036
0 -0.0117257 -0.0196653 -0.0239296
0 -0.0117548 -0.0197119 -0.0238982
0 -0.0120702 -0.0201835 -0.0242556
0 -0.0126578 -0.0210812 -0.0250643
0 -0.0134708 -0.0223972 -0.0263764
0 -0.0144283 -0.0241003 -0.028221
0 -0.0154386 -0.0261321 -0.03059
0 -0.0164227 -0.0284076 -0.0334267
0 -0.0173309 -0.0308229 -0.0366326
0 -0.0181607 -0.0332795 -0.0400788
0 -0.0189624 -0.0357047 -0.0436322
0 -0.019781 -0.0380638 -0.0471479
0 -0.0206142 -0.0403157 -0.0504572
0 -0.0214719 -0.0423998 -0.0534236
0 -0.0223753 -0.0443185 -0.055956
0 -0.0232989 -0.0460931 -0.0580083
0 -0.0241972 -0.0476868 -0.0596008
0 -0.025038 -0.0490662 -0.0608033
0 -0.0257857 -0.0502186 -0.061717
0 -0.0263988 -0.0511179 -0.0624438
0 -0.0268441 -0.0517509 -0.0630496
0 -0.0270929 -0.052134 -0.0635575
0 -0.0271192 -0.0522787 -0.0639433
0 -0.0269226 -0.0521875 -0.064149
0 -0.0265355 -0.0518631 -0.0641012
0 -0.0260068 -0.0512914 -0.0637234
0 -0.0253978 -0.050454 -0.0629546
0 -0.0247704 -0.0493571 -0.0617615
0 -0.0241687 -0.048033 -0.0601469
0 -0.0236104 -0.0465337 -0.058154
0 -0.0230823 -0.0449196 -0.0558566
0 -0.0225408 -0.0432353 -0.0533479
0 -0.021929 -0.0414948 -0.05073
0 -0.0212022 -0.0396947 -0.0481013
0 -0.0203451 -0.0378297 -0.0455401
0 -0.0193791 -0.0358895 -0.043093
0 -0.0183512 -0.0338667 -0.0407719
0 -0.0172975 -0.0317923 -0.0385542
0 -0.0162458 -0.0297359 -0.036401
0 -0.0152611 -0.0277754 -0.034283
0 -0.01442 -0.0259925 -0.0322014
0 -0.0137679 -0.0244605 -0.0301993
0 -0.0133304 -0.0232191 -0.0283543
0 -0.0131103 -0.0222838 -0.0267665
0 -0.0130697 -0.0216605 -0.0255422
0 -0.0131476 -0.0213445 -0.0247733
0 -0.0132941 -0.0213328 -0.0245277
0 -0.0134805 -0.0216338 -0.0248482
0 -0.0137043 -0.0222568 -0.0257446
0 -0.0139957 -0.0232069 -0.027189
0 -0.0143963 -0.0244857 -0.0291182
0 -0.0149431 -0.0260836 -0.0314457
0 -0.015663 -0.0279754 -0.0340736
0 -0.0165561 -0.0301198 -0.0369046
0 -0.0175965 -0.0324595 -0.039862
0 -0.0187543 -0.0349283 -0.0428828
0 -0.0199962 -0.0374619 -0.0459144
0 -0.0212402 -0.0399877 -0.0489206
0 -0.0223734 -0.0424085 -0.0518536
0 -0.0233392 -0.0446241 -0.0546454
0 -0.0241172 -0.0465562 -0.0572118
0 -0.024674 -0.048136 -0.0594502
0 -0.0250093 -0.0493067 -0.0612553
0 -0.025165 -0.0500444 -0.0625305
0 -0.0251749 -0.0503527 -0.0632017
0 -0.0250675 -0.0502474 -0.0632278
0 -0.0248752 -0.0497592 -0.0626051
0 -0.0246061 -0.0489283 -0.061375
0 -0.0242481 -0.0477898 -0.0596204
0 -0.0237852 -0.0463726 -0.0574502
0 -0.0231893 -0.0447013 -0.0549807
0 -0.0224306 -0.0427956 -0.0523191
0 -0.0214974 -0.0406781 -0.049549
0 -0.0203994 -0.0383819 -0.0467202
0 -0.019178 -0.0359492 -0.0438483
0 -0.0179032 -0.0334161 -0.0409241
0 -0.0166158 -0.0308153 -0.0379329
0 -0.015339 -0.0282053 -0.0348744
0 -0.0141453 -0.0256561 -0.0317706
0 -0.0130974 -0.0232205 -0.0286657
0 -0.0121996 -0.0209488 -0.0256337
0 -0.0114553 -0.0188987 -0.0227805
0 -0.01087 -0.0171253 -0.0202284
0 -0.0104236 -0.0156787 -0.0181008
0 -0.0100964 -0.0146066 -0.0165118
0 -0.00989517 -0.0139525 -0.0155543
0 -0.00983848 -0.0137582 -0.0152931
0 -0.00994509 -0.0140585 -0.0157591
0 -0.0102402 -0.0148713 -0.0169436
0 -0.0107475 -0.0161963 -0.0187999
0 -0.0114657 -0.0180052 -0.0212486
0 -0.012373 -0.0202359 -0.024188
0 -0.0134444 -0.0228107 -0.0275119
0 -0.0146551 -0.0256532 -0.031128
0 -0.0159857 -0.0286949 -0.0349621
0 -0.0174231 -0.0318786 -0.0389562
0 -0.0189709 -0.0351564 -0.0430625
0 -0.0205834 -0.0384876 -0.0472162
0 -0.0221323 -0.0418015 -0.0513395
0 -0.0235455 -0.0449875 -0.0553542
0 -0.024818 -0.0479597 -0.0591619
0 -0.0259192 -0.0506531 -0.0626647
0 -0.0268311 -0.0529861 -0.065768
0 -0.02758 -0.054897 -0.0683739
0 -0.0281842 -0.0563577 -0.0703971
0 -0.028629 -0.0573483 -0.0717648
0 -0.0289007 -0.0578566 -0.0724268
0 -0.0289877 -0.0578808 -0.072363
0 -0.0288518 -0.057416 -0.0715848
0 -0.0284606 -0.0564493 -0.0701394
0 -0.0278166 -0.0549763 -0.0680978
0 -0.0269329 -0.0530203 -0.0655417
0 -0.0258332 -0.0506267 -0.0625494
0 -0.0245614 -0.0478671 -0.0591889
0 -0.023164 -0.0448381 -0.0555229
0 -0.0216919 -0.0416445 -0.0516182
0 -0.0202173 -0.0383953 -0.0475548
0 -0.0188385 -0.0352088 -0.0434303
0 -0.0175971 -0.0321771 -0.0393576
0 -0.0164586 -0.0293362 -0.0354763
0 -0.0154468 -0.0267342 -0.0319149
0 -0.0146022 -0.024445 -0.028781
0 -0.0138913 -0.0225101 -0.0261852
0 -0.0132949 -0.0209721 -0.0242015
0 -0.0128424 -0.0198972 -0.0228795
0 -0.0125523 -0.0193262 -0.0222466
0 -0.0124335 -0.0192663 -0.0222955
0 -0.0125197 -0.0197159 -0.0230034
0 -0.0128419 -0.0206573 -0.0243246
0 -0.0134026 -0.022056 -0.0262012
0 -0.0141944 -0.0238763 -0.0285684
0 -0.0151942 -0.0260774 -0.0313556
0 -0.016348 -0.0285987 -0.0344903
0 -0.0175937 -0.0313603 -0.0378938
0 -0.0188814 -0.0342666 -0.0414881
0 -0.0201868 -0.0372158 -0.0451995
0 -0.0214605 -0.0401223 -0.0489369
0 -0.0226067 -0.0428899 -0.0525922
0 -0.0235972 -0.0454043 -0.0560475
0 -0.0244591 -0.0476113 -0.0591706
0 -0.0251885 -0.0495026 -0.0618471
0 -0.0257929 -0.0510561 -0.0639929
0 -0.0263041 -0.052257 -0.0655518
0 -0.0267244 -0.0531022 -0.0665068
0 -0.0270301 -0.0535751 -0.0668755
0 -0.0272038 -0.0536639 -0.0667051
0 -0.0272203 -0.0533729 -0.0660597
0 -0.0270432 -0.0527105 -0.06501
0 -0.0266581 -0.0517004 -0.0636263
0 -0.0260696 -0.0503824 -0.0619622
0 -0.0252888 -0.0487907 -0.0600517
0 -0.0243438 -0.0469564 -0.0579106
0 -0.0232743 -0.044911 -0.0555384
0 -0.022119 -0.0426796 -0.0529298
0 -0.0209238 -0.0402927 -0.0500889
0 -0.019747 -0.0378005 -0.0470406
0 -0.0186589 -0.035275 -0.0438348
0 -0.0176831 -0.0327973 -0.0405424
0 -0.0167779 -0.0304194 -0.037255
0 -0.0159404 -0.0281781 -0.0340929
0 -0.0151938 -0.0261304 -0.0311764
0 -0.0145192 -0.0243153 -0.0286163
0 -0.0139072 -0.0227515 -0.0265165
0 -0.0133731 -0.0214748 -0.02493
0 -0.0129202 -0.0205193 -0.0238703
0 -0.0125509 -0.0199 -0.0233179
0 -0.0122942 -0.0196274 -0.0232253
0 -0.012189 -0.0197086 -0.0235468
0 -0.0122642 -0.0201354 -0.0242345
0 -0.0125438 -0.0208901 -0.0252487
0 -0.0130365 -0.021954 -0.0265611
0 -0.0137198 -0.0233039 -0.0281524
0 -0.0145537 -0.0249145 -0.0300149
0 -0.0154914 -0.0267583 -0.0321447
0 -0.0164784 -0.0287919 -0.0345326
0 -0.0174646 -0.0309563 -0.0371541
0 -0.0184222 -0.0331911 -0.0399691
0 -0.0193513 -0.0354368 -0.0429242
0 -0.0202559 -0.0376444 -0.0459474
0 -0.0211165 -0.0397885 -0.0489449
0 -0.0219248 -0.0418374 -0.0518205
0 -0.0227072 -0.0437519 -0.0544878
0 -0.023486 -0.0455357 -0.0568745
0 -0.024259 -0.0471982 -0.0589381
0 -0.0250147 -0.0487087 -0.0606644
0 -0.0257222 -0.0500266 -0.0620542
0 -0.0263222 -0.0511063 -0.0631175
0 -0.0267556 -0.0518861 -0.0638656
0 -0.0269817 -0.0523156 -0.0643035
0 -0.026978 -0.0523751 -0.0644275
0 -0.0267511 -0.0520655 -0.0642253
0 -0.0263343 -0.0514075 -0.0636737
0 -0.0257671 -0.0504389 -0.0627404
0 -0.0250857 -0.0491926 -0.0613946
0 -0.0243253 -0.0476952 -0.0596233
0 -0.0235154 -0.045977 -0.0574438
0 -0.0226767 -0.0440671 -0.0549069
0 -0.0218173 -0.0419926 -0.0520878
0 -0.0209338 -0.0397882 -0.0490765
0 -0.0200245 -0.0375039 -0.0459683
0 -0.019108 -0.0352072 -0.0428572
0 -0.018192 -0.0329454 -0.0398343
0 -0.0172556 -0.0307459 -0.0369835
0 -0.0163225 -0.0286683 -0.0343683
0 -0.0154498 -0.0267698 -0.032037
0 -0.0146684 -0.0250866 -0.0300334
0 -0.0140162 -0.0236792 -0.0283888
0 -0.0135427 -0.0226099 -0.027127
0 -0.0132676 -0.0219161 -0.0262673
0 -0.0131887 -0.0216241 -0.0258291
0 -0.0133035 -0.0217452 -0.0258365
0 -0.0135946 -0.0222608 -0.0263088
0 -0.0140255 -0.0231302 -0.0272536
0 -0.0145637 -0.0243054 -0.0286582
0 -0.015177 -0.0257312 -0.0304817
0 -0.01583 -0.0273497 -0.0326552
0 -0.0165039 -0.0291108 -0.0350873
0 -0.0171957 -0.0309684 -0.0376772
0 -0.0179096 -0.0328768 -0.040335
0 -0.0186615 -0.0347967 -0.0429778
0 -0.0194691 -0.0366961 -0.0455188
0 -0.0203078 -0.0385359 -0.0478873
0 -0.0211121 -0.0402548 -0.050022
0 -0.0218371 -0.0417895 -0.0518738
0 -0.0224601 -0.0431005 -0.0534196
0 -0.0229564 -0.0441546 -0.0546493
0 -0.0233122 -0.0449187 -0.0555613
0 -0.0235252 -0.0453805 -0.0561527
0 -0.0235924 -0.0455418 -0.0564141
0 -0.0235119 -0.045408 -0.056335
0 -0.0232934 -0.0449965 -0.0559065
0 -0.0229537 -0.0443307 -0.0551289
0 -0.0225116 -0.0434307 -0.0540164
0 -0.0219966 -0.0423251 -0.052603
0 -0.0214419 -0.0410553 -0.0509426
0 -0.0208719 -0.0396673 -0.049101
0 -0.0203051 -0.0382163 -0.0471497
0 -0.019755 -0.0367658 -0.0451626
0 -0.0192331 -0.0353752 -0.0432175
0 -0.0187495 -0.0340866 -0.0413926
0 -0.0183018 -0.0329281 -0.0397625
0 -0.0178864 -0.0319268 -0.0383868
0 -0.0175185 -0.0310993 -0.0373029
0 -0.0172156 -0.030457 -0.0365375
0 -0.0169931 -0.030023 -0.0360995
0 -0.0168757 -0.0298268 -0.035983
0 -0.0168846 -0.0298951 -0.0361779
0 -0.0170303 -0.0302464 -0.0366691
0 -0.0173164 -0.0308813 -0.0374439
0 -0.0177336 -0.0317783 -0.0384903
0 -0.0182595 -0.0328989 -0.0397956
0 -0.0188642 -0.0341944 -0.0413414
0 -0.019517 -0.0356102 -0.0430977
0 -0.0201888 -0.0370937 -0.0450186
0 -0.0208415 -0.0386009 -0.0470418
0 -0.0214396 -0.0400957 -0.0491015
0 -0.0219769 -0.0415348 -0.051124
0 -0.0224595 -0.0428662 -0.0530215
0 -0.0228823 -0.0440463 -0.0547057
0 -0.0232369 -0.0450313 -0.0560881
0 -0.0235053 -0.0457616 -0.0570871
0 -0.0236589 -0.0461837 -0.0576421
0 -0.023681 -0.046266 -0.0577225
0 -0.0235692 -0.0459938 -0.0573295
0 -0.0233254 -0.0453759 -0.0564893
0 -0.0229538 -0.0444413 -0.0552436
0 -0.0224556 -0.0432221 -0.053638
0 -0.0218325 -0.0417555 -0.0517235
0 -0.0210993 -0.0400892 -0.0495625
0 -0.0202826 -0.0382723 -0.047219
0 -0.0194185 -0.036357 -0.0447535
0 -0.0185573 -0.0343983 -0.0422265
0 -0.0177239 -0.0324383 -0.0396929
0 -0.0169098 -0.0305171 -0.0372107
0 -0.0161375 -0.0286939 -0.0348445
0 -0.0154498 -0.0270271 -0.032659
0 -0.014862 -0.0255628 -0.0307276
0 -0.0143807 -0.0243412 -0.0291111
0 -0.0140096 -0.0233861 -0.0278449
0 -0.013736 -0.0227056 -0.0269519
0 -0.013551 -0.0223042 -0.0264433
0 -0.0134643 -0.0221828 -0.0263211
0 -0.0134862 -0.022335 -0.026576
0 -0.0136239 -0.0227527 -0.0271876
0 -0.0138911 -0.0234332 -0.0281311
0 -0.0142978 -0.0243746 -0.0293796
0 -0.0148409 -0.0255717 -0.0309073
0 -0.0155146 -0.0270174 -0.0326946
0 -0.0163097 -0.0286992 -0.0347298
0 -0.0172063 -0.0305932 -0.0370042
0 -0.0181803 -0.0326663 -0.0395061
0 -0.019216 -0.0348799 -0.0422212
0 -0.0203067 -0.0371946 -0.0451255
0 -0.021418 -0.0395799 -0.0481765
0 -0.0224932 -0.0420041 -0.0513225
0 -0.0235183 -0.0444139 -0.0544987
0 -0.024509 -0.0467632 -0.057627
0 -0.0254633 -0.0490302 -0.0606314
0 -0.0263766 -0.0511821 -0.0634358
0 -0.0272462 -0.0531691 -0.0659691
0 -0.0280505 -0.0549452 -0.0681722
0 -0.0287584 -0.0564625 -0.0699989
0 -0.0293436 -0.0576649 -0.0714134
0 -0.0297761 -0.0585038 -0.0723837
0 -0.0300233 -0.0589472 -0.072888
0 -0.0300639 -0.0589762 -0.0729154
0 -0.0298858 -0.0585893 -0.0724584
0 -0.0294846 -0.0577969 -0.0715172
0 -0.028875 -0.0566119 -0.0701018
0 -0.0280876 -0.0550561 -0.0682287
0 -0.0271526 -0.0531565 -0.0659187
0 -0.0260933 -0.0509389 -0.0631944
0 -0.0249284 -0.0484375 -0.0600841
0 -0.0236698 -0.0456894 -0.0566258
0 -0.0223285 -0.0427336 -0.0528704
0 -0.0209319 -0.0396202 -0.0488855
0 -0.0195383 -0.0364196 -0.0447469
0 -0.0181687 -0.0331944 -0.0405327
0 -0.0167797 -0.0299633 -0.0363324
0 -0.0153891 -0.0267639 -0.0322295
0 -0.0140543 -0.0236711 -0.0282947
0 -0.0127696 -0.0207338 -0.0246072
0 -0.0115295 -0.018002 -0.0212344
0 -0.0103695 -0.0155539 -0.0182382
0 -0.00931719 -0.01345 -0.0156796
0 -0.00838769 -0.0117228 -0.0136083
0 -0.00762375 -0.0104044 -0.0120712
0 -0.0070861 -0.00951974 -0.0110975
0 -0.00680748 -0.00907997 -0.010694
0 -0.00679393 -0.0090977 -0.0108476
0 -0.00704335 -0.00958742 -0.0115303
0 -0.00753448 -0.0105503 -0.0127133
0 -0.00822873 -0.0119653 -0.0143718
0 -0.00908746 -0.013789 -0.0164896
0 -0.0100777 -0.0159608 -0.0190557
0 -0.0111712 -0.0184121 -0.0220491
0 -0.012339 -0.0210747 -0.0254229
0 -0.0135482 -0.0238849 -0.0290972
0 -0.0147669 -0.0267858 -0.032964
0 -0.0159794 -0.0297268 -0.0369109
0 -0.0172058 -0.0326634 -0.0408431
0 -0.0184483 -0.0355629 -0.0446581
0 -0.0196544 -0.038367 -0.0482596
0 -0.0207963 -0.0409764 -0.0515794
0 -0.0218715 -0.043331 -0.0545456
0 -0.0228535 -0.0454087 -0.0571076
0 -0.023711 -0.0471691 -0.0592363
0 -0.024428 -0.0485818 -0.0609111
0 -0.0250004 -0.0496471 -0.0621363
0 -0.0254195 -0.0503655 -0.0629263
0 -0.0256789 -0.0507407 -0.0633033
0 -0.0257835 -0.0507984 -0.063298
0 -0.0257313 -0.0505658 -0.0629419
0 -0.0255199 -0.0500611 -0.0622684
0 -0.0251657 -0.0493098 -0.0613105
0 -0.0246946 -0.0483424 -0.0601049
0 -0.0241406 -0.0471919 -0.058693
0 -0.0235389 -0.0459003 -0.0571109
0 -0.0229094 -0.0445075 -0.055388
0 -0.0222618 -0.0430493 -0.0535528
0 -0.0216067 -0.0415631 -0.0516423
0 -0.0209549 -0.0400824 -0.0497023
0 -0.0203174 -0.0386341 -0.047783
0 -0.019707 -0.0372434 -0.0459346
0 -0.0191335 -0.0359316 -0.0441975
0 -0.0186006 -0.0347147 -0.0426026
0 -0.018117 -0.033605 -0.0411762
0 -0.0176939 -0.0326259 -0.0399429
0 -0.0173356 -0.0318134 -0.0389278
0 -0.0170529 -0.0311884 -0.0381462
0 -0.0168535 -0.0307552 -0.0375992
0 -0.0167278 -0.0305071 -0.0372785
0 -0.0166662 -0.0304227 -0.0371702
0 -0.016662 -0.0304761 -0.0372549
0 -0.0167026 -0.0306416 -0.037506
0 -0.0167784 -0.0308947 -0.0378937
0 -0.016887 -0.0312183 -0.038388
0 -0.0170227 -0.0315971 -0.0389569
0 -0.0171779 -0.0320146 -0.0395652
0 -0.0173493 -0.0324564 -0.040183
0 -0.0175346 -0.0329107 -0.0407894
0 -0.0177307 -0.033365 -0.0413692
0 -0.0179308 -0.033804 -0.0419103
0 -0.0181207 -0.0342089 -0.0424
0 -0.0182844 -0.0345603 -0.0428243
0 -0.0184076 -0.0348396 -0.0431713
0 -0.0184801 -0.035032 -0.04343
0 -0.0184954 -0.0351241 -0.0435862
0 -0.0184492 -0.0351028 -0.0436211
0 -0.0183423 -0.0349598 -0.0435155
0 -0.0181778 -0.0346893 -0.0432496
0 -0.0179583 -0.034285 -0.0428036
0 -0.0176896 -0.0337463 -0.0421657
0 -0.0173848 -0.0330852 -0.0413404
0 -0.0170632 -0.0323264 -0.040351
0 -0.0167405 -0.0315014 -0.0392327
0 -0.0164256 -0.0306449 -0.0380305
0 -0.0161266 -0.029794 -0.0368003
0 -0.0158492 -0.0289839 -0.035608
0 -0.0155954 -0.0282433 -0.0345151
0 -0.0153685 -0.0275955 -0.0335764
0 -0.0151771 -0.0270665 -0.0328458
0 -0.0150364 -0.0266895 -0.0323652
0 -0.0149622 -0.0264974 -0.0321599
0 -0.0149672 -0.0265159 -0.0322387
0 -0.0150584 -0.0267582 -0.0325941
0 -0.0152377 -0.0272207 -0.0332086
0 -0.0155017 -0.0278838 -0.0340572
0 -0.015843 -0.0287161 -0.0351103
0 -0.0162538 -0.0296855 -0.0363397
0 -0.0167287 -0.0307672 -0.0377224
0 -0.0172598 -0.0319422 -0.0392378
0 -0.0178383 -0.0331965 -0.0408633
0 -0.0184596 -0.0345234 -0.0425749
0 -0.0191198 -0.0359198 -0.0443537
0 -0.0198042 -0.0373782 -0.0461836
0 -0.0204886 -0.0388744 -0.0480428
0 -0.0211552 -0.0403669 -0.0499056
0 -0.0217905 -0.041811 -0.0517366
0 -0.0223699 -0.0431595 -0.0534844
0 -0.0228679 -0.0443625 -0.0550866
0 -0.0232675 -0.0453766 -0.0564774
0 -0.0235551 -0.046166 -0.0575941
0 -0.0237235 -0.0467002 -0.0583804
0 -0.0237718 -0.0469517 -0.0587888
0 -0.0237004 -0.0469025 -0.0587882
0 -0.0235151 -0.0465479 -0.0583671
0 -0.0232252 -0.0458963 -0.0575341
0 -0.0228403 -0.0449725 -0.0563199
0 -0.0223711 -0.0438138 -0.054774
0 -0.0218254 -0.0424618 -0.0529575
0 -0.0212053 -0.0409556 -0.0509351
0 -0.020508 -0.039325 -0.0487667
0 -0.0197357 -0.0375958 -0.0465048
0 -0.0189052 -0.035797 -0.0441942
0 -0.0180485 -0.0339548 -0.0418697
0 -0.0171904 -0.0320869 -0.0395538
0 -0.0163326 -0.0302182 -0.0372644
0 -0.0154888 -0.0283912 -0.0350232
0 -0.014701 -0.0266493 -0.0328573
0 -0.0139996 -0.0250347 -0.0308073
0 -0.0134044 -0.0235937 -0.0289296
0 -0.0129356 -0.0223659 -0.0272807
0 -0.0125933 -0.0213821 -0.025915
0 -0.0123634 -0.020667 -0.024883
0 -0.0122349 -0.0202342 -0.0242234
0 -0.012199 -0.0200862 -0.0239634
0 -0.0122523 -0.020222 -0.0241185
0 -0.0124014 -0.0206367 -0.0246885
0 -0.0126608 -0.0213259 -0.0256566
0 -0.0130449 -0.0222893 -0.0269938
0 -0.0135586 -0.0235209 -0.0286573
0 -0.0141938 -0.025 -0.0305924
0 -0.014931 -0.0266922 -0.0327421
0 -0.0157473 -0.028552 -0.0350565
0 -0.0166207 -0.0305262 -0.0374955
0 -0.0175311 -0.0325592 -0.0400264
0 -0.0184684 -0.0346021 -0.0426122
0 -0.0194152 -0.0366239 -0.0452104
0 -0.0203256 -0.0386043 -0.0477791
0 -0.0211667 -0.0405122 -0.0502687
0 -0.0219376 -0.0423088 -0.0526241
0 -0.0226386 -0.0439676 -0.0547927
0 -0.0232658 -0.0454647 -0.0567266
0 -0.0238245 -0.0467672 -0.0583899
0 -0.0243185 -0.047853 -0.0597562
0 -0.0247347 -0.0487108 -0.0608067
0 -0.0250562 -0.0493274 -0.0615318
0 -0.0252692 -0.0496957 -0.06193
0 -0.0253543 -0.0498126 -0.0620065
0 -0.0252941 -0.0496658 -0.0617671
0 -0.0250795 -0.0492402 -0.0612152
0 -0.0247064 -0.0485259 -0.060351
0 -0.0241809 -0.0475195 -0.0591718
0 -0.0235192 -0.0462294 -0.0576737
0 -0.0227433 -0.0446786 -0.0558557
0 -0.0218826 -0.0429048 -0.0537301
0 -0.0209688 -0.040954 -0.0513245
0 -0.0200295 -0.0388741 -0.0486823
0 -0.0190934 -0.0367165 -0.0458653
0 -0.018195 -0.0345408 -0.0429486
0 -0.0173497 -0.0323997 -0.0400144
0 -0.0165331 -0.0303161 -0.0371487
0 -0.0157311 -0.0283196 -0.0344428
0 -0.01497 -0.0264654 -0.0319773
0 -0.0142699 -0.024796 -0.0298231
0 -0.0136445 -0.0233518 -0.0280436
0 -0.0131232 -0.0221868 -0.026669
0 -0.0127272 -0.0213397 -0.0257085
0 -0.0124654 -0.0208302 -0.0251589
0 -0.0123509 -0.0206686 -0.0250059
0 -0.0123933 -0.0208446 -0.0252353
0 -0.0125902 -0.0213329 -0.0258305
0 -0.0129392 -0.0221119 -0.02678
0 -0.0134355 -0.0231641 -0.0280723
0 -0.014057 -0.024467 -0.0296861
0 -0.0147723 -0.0259959 -0.0315914
0 -0.0155539 -0.0277223 -0.0337515
0 -0.0163778 -0.0296077 -0.0361256
0 -0.017226 -0.0316052 -0.0386698
0 -0.0180936 -0.0336616 -0.0413369
0 -0.0189811 -0.0357227 -0.0440607
0 -0.0198579 -0.0377455 -0.0467601
0 -0.0206705 -0.0396795 -0.0493542
0 -0.0213964 -0.0414537 -0.0517502
0 -0.022031 -0.0430198 -0.053862
0 -0.0225637 -0.0443487 -0.055624
0 -0.0229971 -0.0454059 -0.05699
0 -0.0233383 -0.0461666 -0.057937
0 -0.023574 -0.0466169 -0.0584508
0 -0.0236803 -0.0467412 -0.0585281
0 -0.0236391 -0.0465329 -0.0581804
0 -0.0234387 -0.0460022 -0.0574329
0 -0.0230795 -0.0451689 -0.0563249
0 -0.0225796 -0.044062 -0.0549039
0 -0.0219663 -0.0427238 -0.0532201
0 -0.0212682 -0.0412022 -0.0513236
0 -0.0205149 -0.0395464 -0.0492615
0 -0.019734 -0.0378102 -0.0470795
0 -0.018953 -0.0360463 -0.0448235
0 -0.0182006 -0.0343035 -0.0425407
0 -0.0174943 -0.0326158 -0.0402826
0 -0.0168279 -0.031 -0.0381033
0 -0.0161938 -0.0294811 -0.0360597
0 -0.0155999 -0.0280801 -0.034196
0 -0.0150438 -0.0267967 -0.0325367
0 -0.0145191 -0.0256366 -0.0311046
0 -0.0140364 -0.0246169 -0.0299069
0 -0.01361 -0.0237533 -0.0289384
0 -0.013258 -0.0230678 -0.0281959
0 -0.0130139 -0.0225944 -0.0276826
0 -0.012911 -0.0223648 -0.0274135
0 -0.0129633 -0.022398 -0.0274044
0 -0.0131647 -0.0227014 -0.0276718
0 -0.0134949 -0.0232665 -0.0282318
0 -0.0139244 -0.024071 -0.0290951
0 -0.0144194 -0.0250851 -0.0302631
0 -0.0149553 -0.0262771 -0.031726
0 -0.0155193 -0.0276159 -0.0334585
0 -0.0161043 -0.0290716 -0.0354145
0 -0.0167091 -0.0306152 -0.0375337
0 -0.0173369 -0.0322168 -0.0397541
0 -0.0179943 -0.0338469 -0.0420055
0 -0.0186912 -0.0354825 -0.0442157
0 -0.0194143 -0.0371037 -0.0463295
0 -0.0201274 -0.038674 -0.0483015
0 -0.0208131 -0.0401481 -0.0501018
0 -0.0214666 -0.0415029 -0.0517207
0 -0.0220741 -0.0427256 -0.0531586
0 -0.0226244 -0.0438014 -0.0544239
0 -0.023106 -0.0447257 -0.0555218
0 -0.023499 -0.0454957 -0.0564491
0 -0.0237825 -0.0460983 -0.057196
0 -0.0239455 -0.0465173 -0.0577452
0 -0.023987 -0.0467373 -0.0580773
0 -0.0239129 -0.0467414 -0.0581712
0 -0.023738 -0.0465191 -0.0580056
0 -0.0234774 -0.0460718 -0.0575595
0 -0.0231435 -0.0454111 -0.0568198
0 -0.0227518 -0.0445612 -0.0557909
0 -0.0223163 -0.0435544 -0.0544954
0 -0.021843 -0.0424196 -0.0529714
0 -0.0213336 -0.0411805 -0.0512701
0 -0.020789 -0.0398591 -0.0494522
0 -0.0202104 -0.0384782 -0.0475792
0 -0.019601 -0.0370623 -0.0457032
0 -0.0189684 -0.0356378 -0.0438626
0 -0.0183268 -0.0342258 -0.0420832
0 -0.0176891 -0.0328403 -0.0403793
0 -0.017058 -0.0315047 -0.0387592
0 -0.016448 -0.0302463 -0.0372325
0 -0.0158904 -0.0290837 -0.0358084
0 -0.0154038 -0.0280323 -0.0344969
0 -0.0149951 -0.0271043 -0.0333119
0 -0.0146681 -0.0263048 -0.0322665
0 -0.0144145 -0.0256398 -0.0313769
0 -0.0142224 -0.0251181 -0.0306617
0 -0.014086 -0.0247449 -0.0301389
0 -0.0140008 -0.0245221 -0.0298229
0 -0.0139632 -0.0244487 -0.0297208
0 -0.013976 -0.0245201 -0.0298318
0 -0.0140478 -0.024736 -0.0301513
0 -0.014187 -0.0250985 -0.0306679
0 -0.014398 -0.0256066 -0.031363
0 -0.0146817 -0.0262572 -0.0322164
0 -0.0150326 -0.0270421 -0.033208
0 -0.0154398 -0.0279434 -0.0343176
0 -0.0158887 -0.0289357 -0.0355265
0 -0.0163661 -0.0299926 -0.0368206
0 -0.0168626 -0.0310917 -0.0381895
0 -0.017371 -0.0322147 -0.039623
0 -0.0178884 -0.033352 -0.0411071
0 -0.0184169 -0.0345029 -0.0426234
0 -0.0189576 -0.0356721 -0.0441568
0 -0.0195065 -0.0368631 -0.0456919
0 -0.0200571 -0.03807 -0.0472129
0 -0.0206021 -0.039271 -0.0487058
0 -0.0211298 -0.0404343 -0.0501481
0 -0.0216212 -0.0415256 -0.0515113
0 -0.0220591 -0.0425123 -0.0527653
0 -0.0224353 -0.0433708 -0.0538818
0 -0.0227468 -0.0440898 -0.0548373
0 -0.0229964 -0.0446682 -0.055614
0 -0.0231888 -0.0451055 -0.0561978
0 -0.0233228 -0.0454002 -0.0565769
0 -0.0233945 -0.0455494 -0.0567457
0 -0.0234029 -0.0455493 -0.0567082
0 -0.0233483 -0.0454004 -0.0564763
0 -0.0232311 -0.0451073 -0.0560671
0 -0.0230518 -0.0446767 -0.0554984
0 -0.0228108 -0.0441205 -0.0547874
0 -0.0225086 -0.0434524 -0.0539485
0 -0.0221473 -0.0426838 -0.0529936
0 -0.0217356 -0.0418293 -0.0519368
0 -0.0212869 -0.0409041 -0.0507942
0 -0.0208124 -0.0399196 -0.0495779
0 -0.0203198 -0.0388858 -0.0482975
0 -0.0198163 -0.0378139 -0.046962
0 -0.0193079 -0.0367147 -0.04558
0 -0.0187998 -0.035601 -0.0441625
0 -0.0183021 -0.0344883 -0.0427258
0 -0.0178285 -0.0333915 -0.0412953
0 -0.0173856 -0.032335 -0.0399049
0 -0.0169835 -0.0313554 -0.0385953
0 -0.0166375 -0.0304817 -0.0374087
0 -0.0163503 -0.0297355 -0.0363813
0 -0.0161174 -0.0291323 -0.0355411
0 -0.0159359 -0.0286743 -0.0349094
0 -0.0157986 -0.0283575 -0.0344953
0 -0.0157007 -0.028179 -0.0342985
0 -0.0156489 -0.0281379 -0.0343116
0 -0.0156528 -0.0282349 -0.0345197
0 -0.0157202 -0.0284708 -0.0349017
0 -0.0158574 -0.0288427 -0.0354334
0 -0.0160655 -0.0293419 -0.0360926
0 -0.0163381 -0.0299539 -0.0368599
0 -0.0166592 -0.0306542 -0.0377143
0 -0.0170018 -0.0314058 -0.0386306
0 -0.0173356 -0.0321663 -0.0395788
0 -0.0176333 -0.0328922 -0.0405235
0 -0.0178726 -0.0335396 -0.0414211
0 -0.0180394 -0.0340717 -0.0422235
0 -0.0181326 -0.0344658 -0.042886
0 -0.0181638 -0.0347119 -0.0433682
0 -0.0181509 -0.0348128 -0.0436388
0 -0.0181099 -0.0347803 -0.0436804
0 -0.0180554 -0.0346302 -0.0434929
0 -0.0179941 -0.0343803 -0.0430921
0 -0.0179202 -0.0340441 -0.042508
0 -0.0178188 -0.0336263 -0.0417803
0 -0.0176712 -0.0331259 -0.0409505
0 -0.0174636 -0.0325434 -0.0400596
0 -0.0171922 -0.0318848 -0.0391449
0 -0.0168654 -0.0311657 -0.0382373
0 -0.0165034 -0.0304118 -0.0373561
0 -0.0161335 -0.0296567 -0.0365118
0 -0.0157811 -0.0289338 -0.0357078
0 -0.0154661 -0.0282719 -0.0349437
0 -0.0152069 -0.0276967 -0.0342279
0 -0.0150197 -0.0272298 -0.033583
0 -0.0149145 -0.0268876 -0.0330421
0 -0.0148971 -0.0266862 -0.03265
0 -0.014967 -0.0266438 -0.0324553
0 -0.0151174 -0.026779 -0.0325025
0 -0.0153395 -0.0271098 -0.0328278
0 -0.0156256 -0.0276494 -0.0334544
0 -0.0159714 -0.0284024 -0.0343904
0 -0.0163767 -0.0293628 -0.0356272
0 -0.0168431 -0.030513 -0.0371391
0 -0.0173692 -0.0318244 -0.0388862
0 -0.017952 -0.033261 -0.0408212
0 -0.0185922 -0.034788 -0.0428863
0 -0.0192875 -0.0363773 -0.0450181
0 -0.0200142 -0.0380057 -0.047159
0 -0.020735 -0.0396341 -0.0492519
0 -0.0214298 -0.0412095 -0.0512482
0 -0.0220942 -0.0426979 -0.0531143
0 -0.0227198 -0.0440749 -0.0548235
0 -0.0232969 -0.0453107 -0.0563558
0 -0.0238142 -0.0463847 -0.0576905
0 -0.0242507 -0.0472836 -0.0588062
0 -0.0245854 -0.0479899 -0.0596836
0 -0.0248005 -0.0484818 -0.0603
0 -0.0248805 -0.0487364 -0.0606329
0 -0.0248222 -0.0487311 -0.0606656
0 -0.0246329 -0.0484505 -0.0603836
0 -0.0243228 -0.0478912 -0.0597735
0 -0.0239033 -0.0470616 -0.0588258
0 -0.0233881 -0.0459823 -0.0575414
0 -0.0227911 -0.0446842 -0.0559343
0 -0.0221253 -0.0432005 -0.0540349
0 -0.0214065 -0.041567 -0.0518937
0 -0.0206527 -0.0398223 -0.0495772
0 -0.0198798 -0.0380062 -0.0471578
0 -0.0191039 -0.0361633 -0.0447035
0 -0.0183437 -0.0343349 -0.0422738
0 -0.017599 -0.032543 -0.0399157
0 -0.0168481 -0.030806 -0.0376717
0 -0.0160994 -0.0291592 -0.035582
0 -0.0153903 -0.0276331 -0.033677
0 -0.014748 -0.0262527 -0.0319903
0 -0.0142034 -0.0250588 -0.0305559
0 -0.0137905 -0.0240949 -0.0293967
0 -0.0135188 -0.0233949 -0.0285302
0 -0.0133822 -0.0229834 -0.0279708
0 -0.0133756 -0.0228712 -0.0277336
0 -0.0134872 -0.0230485 -0.027835
0 -0.0136987 -0.0234902 -0.028285
0 -0.0139972 -0.024164 -0.0290817
0 -0.0143712 -0.0250389 -0.0302069
0 -0.0148074 -0.0260899 -0.031625
0 -0.0152991 -0.0272989 -0.0332859
0 -0.0158446 -0.0286501 -0.0351315
0 -0.0164401 -0.0301206 -0.0371041
0 -0.0170809 -0.0316769 -0.0391529
0 -0.0177632 -0.0332783 -0.041228
0 -0.018482 -0.0348868 -0.0432839
0 -0.0192224 -0.0364725 -0.0452876
0 -0.0199506 -0.0380082 -0.0472069
0 -0.0206295 -0.0394596 -0.0490125
0 -0.0212367 -0.0407898 -0.0506778
0 -0.0217617 -0.0419725 -0.0521736
0 -0.0221958 -0.0429858 -0.0534749
0 -0.0225364 -0.043806 -0.0545553
0 -0.0227862 -0.0444177 -0.0553867
0 -0.0229427 -0.0448136 -0.055945
0 -0.023006 -0.0449887 -0.0562117
0 -0.0229803 -0.0449451 -0.0561781
0 -0.0228657 -0.0446887 -0.0558448
0 -0.0226619 -0.0442235 -0.0552226
0 -0.0223728 -0.0435581 -0.0543334
0 -0.0220017 -0.0427062 -0.0532067
0 -0.0215526 -0.0416841 -0.0518755
0 -0.0210322 -0.0405132 -0.0503745
0 -0.0204511 -0.0392225 -0.0487389
0 -0.0198252 -0.0378459 -0.0470039
0 -0.0191763 -0.0364189 -0.0452017
0 -0.0185282 -0.0349786 -0.0433645
0 -0.0179059 -0.0335573 -0.0415272
0 -0.017322 -0.0321798 -0.0397275
0 -0.0167746 -0.0308783 -0.0380055
0 -0.0162751 -0.0296843 -0.0364062
0 -0.0158373 -0.0286177 -0.0349708
0 -0.0154597 -0.0276946 -0.033734
0 -0.0151455 -0.0269299 -0.0327294
0 -0.0148994 -0.0263358 -0.0319779
0 -0.0147186 -0.0259235 -0.0314873
0 -0.0146044 -0.0257025 -0.0312564
0 -0.0145642 -0.0256766 -0.0312757
0 -0.0146039 -0.025843 -0.0315318
0 -0.0147283 -0.0261935 -0.0320082
0 -0.0149417 -0.0267162 -0.0326866
0 -0.0152412 -0.0273951 -0.0335478
0 -0.0156151 -0.0282126 -0.0345709
0 -0.0160483 -0.0291497 -0.0357347
0 -0.0165226 -0.0301838 -0.0370181
0 -0.017019 -0.0312888 -0.0384003
0 -0.0175231 -0.0324368 -0.0398609
0 -0.0180261 -0.0336004 -0.0413745
0 -0.0185238 -0.0347571 -0.0429095
0 -0.019013 -0.0358902 -0.0444333
0 -0.0194841 -0.0369859 -0.0459088
0 -0.0199235 -0.0380275 -0.0472978
0 -0.0203284 -0.0389913 -0.0485676
0 -0.0206985 -0.0398565 -0.0496893
0 -0.0210289 -0.0406065 -0.0506405
0 -0.0213156 -0.0412252 -0.0514065
0 -0.0215523 -0.0417008 -0.051978
0 -0.0217281 -0.0420262 -0.0523516
0 -0.021831 -0.0421972 -0.0525282
0 -0.0218534 -0.0422103 -0.0525125
0 -0.0217919 -0.0420668 -0.0523125
0 -0.0216481 -0.0417708 -0.051938
0 -0.0214299 -0.0413284 -0.0513995
0 -0.0211484 -0.0407521 -0.050707
0 -0.020816 -0.0400589 -0.0498714
0 -0.0204465 -0.0392691 -0.0489059
0 -0.020053 -0.0384061 -0.0478272
0 -0.0196468 -0.0374937 -0.0466565
0 -0.0192391 -0.036553 -0.04542
0 -0.0188381 -0.0356059 -0.0441483
0 -0.0184502 -0.0346719 -0.0428752
0 -0.0180813 -0.0337618 -0.0416346
0 -0.0177277 -0.032889 -0.0404576
0 -0.0173851 -0.0320743 -0.0393719
0 -0.0170618 -0.0313317 -0.0384022
0 -0.0167654 -0.0306744 -0.0375666
0 -0.0165037 -0.0301176 -0.0368759
0 -0.0162905 -0.0296706 -0.036338
0 -0.0161348 -0.0293421 -0.0359558
0 -0.0160407 -0.0291415 -0.0357285
0 -0.016012 -0.0290734 -0.0356537
0 -0.0160473 -0.0291382 -0.0357283
0 -0.0161414 -0.0293327 -0.0359497
0 -0.0162889 -0.0296476 -0.0363153
0 -0.0164835 -0.03007 -0.0368207
0 -0.0167161 -0.0305853 -0.0374588
0 -0.0169778 -0.0311779 -0.0382175
0 -0.0172605 -0.031832 -0.03908
0 -0.0175561 -0.032533 -0.0400255
0 -0.0178591 -0.033266 -0.0410257
0 -0.0181676 -0.0340171 -0.0420518
0 -0.0184789 -0.0347729 -0.0430764
0 -0.0187931 -0.0355199 -0.0440727
0 -0.0191075 -0.036244 -0.0450178
0 -0.0194114 -0.0369307 -0.0458934
0 -0.0196984 -0.0375631 -0.0466851
0 -0.019962 -0.0381252 -0.0473822
0 -0.0201903 -0.0386049 -0.0479756
0 -0.0203751 -0.0389932 -0.0484574
0 -0.0205106 -0.0392831 -0.0488215
0 -0.0205929 -0.0394695 -0.0490627
0 -0.020621 -0.0395504 -0.0491774
0 -0.0205979 -0.0395266 -0.049164
0 -0.0205293 -0.0393998 -0.0490225
0 -0.0204195 -0.039176 -0.0487555
0 -0.0202747 -0.0388631 -0.0483681
0 -0.0201003 -0.0384706 -0.0478691
0 -0.0198999 -0.0380098 -0.0472706
0 -0.0196777 -0.0374927 -0.0465883
0 -0.0194377 -0.0369307 -0.0458403
0 -0.019185 -0.0363358 -0.0450469
0 -0.0189233 -0.0357228 -0.0442288
0 -0.0186551 -0.0351026 -0.0434062
0 -0.0183899 -0.0344848 -0.0425978
0 -0.0181322 -0.0338843 -0.0418201
0 -0.0178808 -0.0333144 -0.0410879
0 -0.0176451 -0.0327867 -0.0404135
0 -0.017433 -0.0323139 -0.0398084
0 -0.0172488 -0.0319053 -0.039283
0 -0.0171001 -0.0315686 -0.0388459
0 -0.0169908 -0.0313105 -0.038505
0 -0.0169219 -0.0311353 -0.0382662
0 -0.0168924 -0.0310453 -0.0381337
0 -0.0168997 -0.0310411 -0.0381104
0 -0.0169407 -0.0311204 -0.038197
0 -0.0170115 -0.0312789 -0.038392
0 -0.0171098 -0.0315103 -0.0386912
0 -0.0172336 -0.0318073 -0.0390869
0 -0.0173799 -0.0321619 -0.0395681
0 -0.0175466 -0.0325658 -0.0401202
0 -0.0177311 -0.0330102 -0.0407262
0 -0.0179301 -0.0334857 -0.0413683
