0 -0.00121336 0.00196247 0.00171516
0 -0.00133223 0.00170526 0.0013979
0 -0.00144342 0.0014675 0.00110791
0 -0.00154612 0.00125036 0.000846167
0 -0.00163965 0.00105489 0.000613333
0 -0.00172314 0.000882338 0.000409895
0 -0.00179562 0.000733864 0.000236137
0 -0.00185626 0.00061034 9.21992e-05
0 -0.0019046 0.000512368 -2.18422e-05
0 -0.0019403 0.00044039 -0.000105982
0 -0.00196294 0.000394683 -0.000160254
0 -0.00197221 0.00037532 -0.000184699
0 -0.00196817 0.000382132 -0.000179382
0 -0.00195111 0.000414725 -0.000144404
0 -0.00192144 0.000472539 -7.99101e-05
0 -0.00187964 0.00055488 1.38758e-05
0 -0.00182643 0.000660915 0.000136617
0 -0.00176271 0.000789661 0.000287823
0 -0.00168936 0.000940002 0.000466816
0 -0.00160731 0.00111073 0.000672712
0 -0.00151755 0.00130056 0.000904421
0 -0.00142107 0.00150815 0.00116064
0 -0.00131879 0.00173206 0.00143984
0 -0.00121151 0.00197078 0.00174029
0 -0.00109993 0.00222278 0.00206002
0 -0.000984614 0.00248657 0.002397
0 -0.000866065 0.0027606 0.00274902
0 -0.000744681 0.00304319 0.00311375
0 -0.000621089 0.00333247 0.00348887
0 -0.000496107 0.00362664 0.00387206
0 -0.000370267 0.00392413 0.00426074
0 -0.000244336 0.00422334 0.0046522
0 -0.000118919 0.0045223 0.00504397
0 6.29475e-06 0.00481929 0.00543379
0 0.000131146 0.00511307 0.00581938
0 0.000254182 0.00540236 0.00619829
0 0.000373887 0.00568562 0.00656795
0 0.000489657 0.00596129 0.00692615
0 0.000601411 0.0062277 0.00727109
0 0.000709099 0.00648361 0.00760095
0 0.000812267 0.00672843 0.00791398
0 0.000909771 0.00696084 0.00820853
0 0.0010008 0.00717836 0.00848317
0 0.00108554 0.00737918 0.00873679
0 0.00116397 0.00756286 0.00896842
0 0.00123514 0.00772872 0.00917692
0 0.00129813 0.00787519 0.00936124
0 0.00135284 0.00800122 0.00952074
0 0.00139967 0.00810686 0.00965538
0 0.00143894 0.00819265 0.00976541
0 0.00147084 0.00825927 0.00985114
0 0.00149556 0.00830752 0.00991285
0 0.00151321 0.00833801 0.00995083
0 0.0015237 0.00835122 0.00996542
0 0.00152689 0.00834774 0.00995711
0 0.00152281 0.00832833 0.0099267
0 0.00151164 0.00829363 0.00987522
0 0.00149295 0.00824347 0.00980312
0 0.00146531 0.00817658 0.00970984
0 0.00142699 0.00809103 0.00959445
0 0.00137713 0.00798545 0.00945654
0 0.00131591 0.00785966 0.00929653
0 0.00124419 0.00771399 0.0091152
0 0.00116305 0.00754875 0.00891333
0 0.00107365 0.00736455 0.00869159
0 0.000977283 0.00716257 0.00845068
0 0.000875408 0.00694439 0.00819145
0 0.000769553 0.00671189 0.00791492
0 0.000660909 0.0064674 0.00762202
0 0.000549911 0.00621298 0.00731322
0 0.000436267 0.00594974 0.0069885
0 0.000319427 0.00567819 0.00664796
0 0.000199302 0.00539913 0.00629265
0 7.62296e-05 0.00511423 0.00592445
0 -4.90584e-05 0.00482518 0.00554547
0 -0.000174133 0.00453355 0.00515892
0 -0.000294698 0.00424313 0.00477064
0 -0.000405816 0.00396144 0.00438885
0 -0.000503238 0.00369601 0.00402182
0 -0.000585368 0.00344981 0.00367473
0 -0.000655144 0.00322134 0.00334802
0 -0.000719363 0.00300798 0.00303985
0 -0.000782856 0.00280955 0.00275092
0 -0.000843326 0.00262991 0.00248764
0 -0.000895 0.00247501 0.00225916
0 -0.000936624 0.00234756 0.00207003
0 -0.000974391 0.00224309 0.00191706
0 -0.00101763 0.00215245 0.00179291
0 -0.00107208 0.00206833 0.00169184
0 -0.00113733 0.00198854 0.00161223
0 -0.00120952 0.00191363 0.00155435
0 -0.00128408 0.00184451 0.00151792
0 -0.0013546 0.00178382 0.00150345
0 -0.00141123 0.00173843 0.00151442
0 -0.00144317 0.0017178 0.00155558
0 -0.00144555 0.00172753 0.00162696
0 -0.00142484 0.00176359 0.00171885
0 -0.00139569 0.00181435 0.00181491
0 -0.00137068 0.00186943 0.0019016
0 -0.00135288 0.00192611 0.00197504
0 -0.00133757 0.00198736 0.00203928
0 -0.00131874 0.00205604 0.00209979
0 -0.00129268 0.00213224 0.00216043
0 -0.00125672 0.00221544 0.00222498
0 -0.00120704 0.00230718 0.00229895
0 -0.00113891 0.00241144 0.00238956
0 -0.00104853 0.00253327 0.002504
0 -0.00093407 0.00267812 0.00264854
0 -0.000794883 0.00285227 0.00282904
0 -0.000630065 0.00306372 0.00305228
0 -0.000438767 0.00332146 0.00332598
0 -0.00022364 0.00363131 0.0036552
0 4.68943e-06 0.00399022 0.00403715
0 0.000228783 0.00438608 0.00446155
0 0.000434238 0.0048055 0.0049187
0 0.000616892 0.00524105 0.00540667
0 0.000779833 0.00568955 0.00592898
0 0.000926748 0.0061454 0.0064868
0 0.00105831 0.00659778 0.00707502
0 0.00117389 0.00703415 0.00768396
0 0.00127424 0.00744443 0.00830308
0 0.00136209 0.00782368 0.00892343
0 0.00144321 0.00817365 0.00953792
0 0.00152586 0.00850065 0.0101406
0 0.00161588 0.00881198 0.0107229
0 0.00171215 0.00911085 0.0112709
0 0.00180921 0.00939483 0.0117675
0 0.00190452 0.00966286 0.0122015
0 0.00200126 0.00991892 0.0125697
0 0.00210302 0.010166 0.0128728
0 0.00220909 0.0104011 0.0131108
0 0.00231834 0.0106194 0.013286
0 0.00243541 0.0108217 0.0134092
0 0.00256941 0.0110147 0.013499
0 0.0027267 0.0112052 0.013574
0 0.00290779 0.0113974 0.013649
0 0.00311135 0.0115968 0.0137387
0 0.00333809 0.0118143 0.0138605
0 0.00358838 0.0120635 0.0140325
0 0.00385619 0.0123532 0.0142661
0 0.00412706 0.0126833 0.014563
0 0.00438299 0.0130473 0.0149186
0 0.00460892 0.0134371 0.0153278
0 0.0047956 0.0138448 0.0157865
0 0.00493843 0.0142612 0.0162902
0 0.0050337 0.0146718 0.0168293
0 0.00507437 0.0150541 0.0173852
0 0.00504965 0.0153782 0.0179295
0 0.00495115 0.0156139 0.0184302
0 0.00478358 0.0157435 0.0188633
0 0.00457121 0.0157703 0.0192208
0 0.00435037 0.0157144 0.0195058
0 0.00415276 0.0155988 0.0197191
0 0.003995 0.0154397 0.0198509
0 0.00388271 0.0152499 0.0198869
0 0.00382074 0.0150472 0.0198199
0 0.00381714 0.0148569 0.0196553
0 0.00387722 0.0147033 0.019406
0 0.00399589 0.0146001 0.0190845
0 0.00415877 0.0145483 0.0187021
0 0.00435223 0.0145456 0.0182777
0 0.00457143 0.0145943 0.0178444
0 0.00481725 0.0146998 0.0174443
0 0.00508401 0.014859 0.0171137
0 0.00534968 0.0150509 0.0168705
0 0.00557877 0.0152406 0.0167133
0 0.00573454 0.0153906 0.0166305
0 0.00578904 0.015471 0.0166097
0 0.00572596 0.0154603 0.0166386
0 0.00553856 0.0153431 0.0166986
0 0.00522659 0.0151067 0.016762
0 0.00479433 0.0147407 0.0167953
0 0.00424982 0.0142366 0.0167594
0 0.00360455 0.0135876 0.01661
0 0.00287304 0.0127884 0.0163006
0 0.00207281 0.0118358 0.0157871
0 0.00122528 0.0107311 0.015032
0 0.000354729 0.00948102 0.0140071
0 -0.000513473 0.00809724 0.0126954
0 -0.00135652 0.0065946 0.0110918
0 -0.00216132 0.00498922 0.00920107
0 -0.00292267 0.00329615 0.00703619
0 -0.00363156 0.00152682 0.00461516
0 -0.00427948 -0.000313394 0.00196041
0 -0.00487277 -0.00223161 -0.000896972
0 -0.00542654 -0.00422932 -0.00391198
0 -0.00594911 -0.0062683 -0.00703683
0 -0.00644033 -0.0082896 -0.0102096
0 -0.00690222 -0.0102543 -0.0133442
0 -0.00734757 -0.0121501 -0.0163752
0 -0.00779582 -0.0139756 -0.0192565
0 -0.00826299 -0.0157193 -0.0219324
0 -0.00875584 -0.017355 -0.0243538
0 -0.00927205 -0.0188583 -0.0264826
0 -0.0098008 -0.020215 -0.028282
0 -0.0103258 -0.0214142 -0.0297219
0 -0.0108355 -0.0224448 -0.0307903
0 -0.0113333 -0.0233062 -0.0315023
0 -0.0118374 -0.0240148 -0.0319006
0 -0.0123699 -0.0245966 -0.0320447
0 -0.0129408 -0.0250703 -0.0319905
0 -0.0135331 -0.0254322 -0.0317742
0 -0.0141023 -0.0256554 -0.0314083
0 -0.0145904 -0.0257055 -0.0308922
0 -0.0149464 -0.0255603 -0.0302285
0 -0.0151415 -0.0252232 -0.0294373
0 -0.0151718 -0.0247226 -0.0285582
0 -0.0150572 -0.024101 -0.027641
0 -0.0148271 -0.023402 -0.026731
0 -0.014501 -0.0226575 -0.0258549
0 -0.0140836 -0.0218798 -0.0250156
0 -0.0135754 -0.0210662 -0.0242011
0 -0.0129847 -0.0202125 -0.0233973
0 -0.0123332 -0.0193231 -0.0225968
0 -0.0116544 -0.0184115 -0.0217986
0 -0.0109835 -0.0174931 -0.0210021
0 -0.0103474 -0.0165776 -0.0202003
0 -0.00975793 -0.0156648 -0.019375
0 -0.0092132 -0.0147471 -0.0184994
0 -0.00870288 -0.0138134 -0.017545
0 -0.00821534 -0.0128546 -0.016489
0 -0.00774288 -0.0118658 -0.0153187
0 -0.00728478 -0.010849 -0.0140342
0 -0.00684763 -0.00981374 -0.0126498
0 -0.00643705 -0.00876897 -0.0111847
0 -0.00604146 -0.00770688 -0.00964674
0 -0.00562722 -0.00659746 -0.00802478
0 -0.00515835 -0.00540733 -0.00630651
0 -0.00462509 -0.0041261 -0.00450316
0 -0.00405128 -0.00277306 -0.00265415
0 -0.00347223 -0.00138129 -0.000806585
0 -0.00290355 2.50924e-05 0.00101491
0 -0.00232726 0.00144691 0.00281901
0 -0.00170639 0.0029105 0.00463252
0 -0.0010111 0.00444701 0.00648096
0 -0.000238158 0.00606103 0.00836937
0 0.000588775 0.00772351 0.0102783
0 0.00144252 0.00939939 0.0121872
0 0.00231364 0.0110742 0.0140931
0 0.0032068 0.0127521 0.0160062
0 0.00412551 0.0144385 0.0179361
0 0.00506481 0.01613 0.0198848
0 0.00601328 0.0178175 0.0218464
0 0.00695769 0.0194931 0.0238114
0 0.0078878 0.0211539 0.0257721
0 0.00880052 0.0228027 0.0277267
0 0.00969851 0.0244454 0.0296774
0 0.0105817 0.0260833 0.0316221
0 0.011438 0.027705 0.0335451
0 0.0122395 0.0292803 0.0354139
0 0.0129468 0.0307639 0.0371828
0 0.013523 0.0321091 0.0388063
0 0.0139475 0.0332823 0.0402502
0 0.0142168 0.034262 0.0414933
0 0.0143363 0.0350294 0.0425199
0 0.0143175 0.0355687 0.0433159
0 0.0141817 0.0358752 0.0438751
0 0.0139611 0.0359578 0.0442017
0 0.0136943 0.0358339 0.0443055
0 0.0134179 0.035522 0.0441922
0 0.0131484 0.0350353 0.0438548
0 0.0128774 0.0343799 0.0432738
0 0.0125866 0.03356 0.0424264
0 0.0122624 0.0325877 0.0413012
0 0.011901 0.0314852 0.0399045
0 0.0115014 0.0302756 0.038253
0 0.0110556 0.0289683 0.036363
0 0.0105496 0.0275594 0.0342497
0 0.00997586 0.0260436 0.0319371
0 0.00934459 0.024426 0.0294677
0 0.00868093 0.0227253 0.0269001
0 0.00801259 0.0209686 0.0242957
0 0.00736023 0.0191815 0.0217087
0 0.0067341 0.0173837 0.0191818
0 0.00613188 0.015591 0.0167427
0 0.00553746 0.013814 0.0144008
0 0.00492223 0.0120514 0.0121532
0 0.0042533 0.0102981 0.00999362
0 0.00351076 0.00856341 0.00791351
0 0.00269169 0.00686152 0.00590286
0 0.00179606 0.00518804 0.00394763
0 0.000819965 0.00351812 0.00202787
0 -0.000238666 0.00182177 0.000122589
0 -0.00137293 7.82653e-05 -0.00178411
0 -0.00256173 -0.00171715 -0.0036996
0 -0.0037685 -0.00355356 -0.00561905
0 -0.00494627 -0.00540606 -0.00752453
0 -0.00604641 -0.00723706 -0.00939095
0 -0.00702639 -0.00900001 -0.0111939
0 -0.00785478 -0.0106479 -0.012914
0 -0.00851672 -0.0121443 -0.0145404
0 -0.00901909 -0.0134705 -0.0160745
0 -0.00938817 -0.0146252 -0.0175276
0 -0.009661 -0.0156197 -0.0189132
0 -0.00987681 -0.0164736 -0.0202413
0 -0.0100679 -0.0172089 -0.0215122
0 -0.0102443 -0.0178359 -0.0227033
0 -0.0103842 -0.0183399 -0.0237605
0 -0.0104468 -0.0186898 -0.0246119
0 -0.0103984 -0.0188582 -0.025194
0 -0.0102268 -0.0188319 -0.0254667
0 -0.0099411 -0.0186116 -0.0254153
0 -0.00957079 -0.0182113 -0.0250472
0 -0.0091587 -0.0176528 -0.0243876
0 -0.00874966 -0.0169601 -0.0234726
0 -0.00838236 -0.0161583 -0.0223439
0 -0.0080852 -0.0152753 -0.0210453
0 -0.00787306 -0.0143395 -0.0196185
0 -0.00774547 -0.0133773 -0.0181005
0 -0.00768791 -0.0124106 -0.0165239
0 -0.00767461 -0.0114563 -0.0149181
0 -0.00766977 -0.0105228 -0.0133058
0 -0.00762758 -0.00960687 -0.0116996
0 -0.00749756 -0.00869152 -0.0101036
0 -0.00724134 -0.00775603 -0.00852568
0 -0.00685069 -0.00679316 -0.00699297
0 -0.00634825 -0.00581406 -0.00555046
0 -0.00577097 -0.00483544 -0.00423649
0 -0.00515063 -0.00386439 -0.00306798
0 -0.00450089 -0.00289111 -0.00204248
0 -0.00381654 -0.00189155 -0.00113166
0 -0.00308525 -0.000839771 -0.000287151
0 -0.00230104 0.00028019 0.000537399
0 -0.0014736 0.00146992 0.00137773
0 -0.00063091 0.0027147 0.00226076
0 0.000188269 0.00398376 0.00320452
0 0.000945619 0.00523689 0.00421489
0 0.00160954 0.00643322 0.00528651
0 0.00215227 0.0075358 0.00640903
0 0.00254914 0.00851248 0.00756822
0 0.00278766 0.0093397 0.00874772
0 0.0028755 0.0100092 0.00993395
0 0.0028337 0.0105215 0.0111077
0 0.00267901 0.010875 0.0122254
0 0.00241588 0.0110658 0.0132284
0 0.00204808 0.0110904 0.0140663
0 0.00160017 0.0109556 0.014698
0 0.00112834 0.0106967 0.0151069
0 0.000707115 0.0103752 0.0153107
0 0.000401366 0.0100535 0.0153334
0 0.000243006 0.00976837 0.0151813
0 0.000224386 0.00952065 0.0148422
0 0.000312144 0.00928949 0.0142985
0 0.00047356 0.00905927 0.0135505
0 0.000695151 0.00883604 0.0126348
0 0.000979803 0.0086416 0.0116172
0 0.00133156 0.00849828 0.0105734
0 0.00174325 0.00841862 0.00957365
0 0.00218751 0.00839536 0.00866107
0 0.00261079 0.00838965 0.00784758
0 0.00293981 0.0083428 0.00713649
0 0.00310533 0.00821202 0.00652076
0 0.00307217 0.00798539 0.00599091
0 0.00285269 0.00767028 0.00556837
0 0.00249302 0.007287 0.00529341
0 0.00204831 0.00686866 0.00519129
0 0.00156669 0.0064527 0.00526478
0 0.00108262 0.00606506 0.00549353
0 0.000612676 0.00570978 0.00583161
0 0.000156895 0.00537246 0.00621006
0 -0.000292501 0.00503646 0.00655929
0 -0.000741048 0.00469747 0.00682824
0 -0.00118484 0.00436052 0.00697137
0 -0.00160691 0.00402903 0.00695406
0 -0.00197711 0.00370643 0.0067716
0 -0.00225644 0.00340624 0.00644113
0 -0.00240429 0.0031546 0.00599528
0 -0.00238398 0.00298324 0.00548252
0 -0.002173 0.00291704 0.00495366
0 -0.00178217 0.00296003 0.00444283
0 -0.0012622 0.00308923 0.00396028
0 -0.000684394 0.00326434 0.00350003
0 -0.000115126 0.00345346 0.00305673
0 0.000398041 0.00365345 0.00265186
0 0.000829165 0.00387716 0.00233241
0 0.0011677 0.00412963 0.00213772
0 0.00140764 0.00440181 0.00209476
0 0.00154014 0.00467536 0.00221999
0 0.00155439 0.00492761 0.00250692
0 0.00144246 0.00513409 0.00293169
0 0.00120331 0.00526958 0.00346276
0 0.000846296 0.00531266 0.00406192
0 0.000392467 0.00525255 0.00468785
0 -0.000130389 0.00508655 0.00529733
0 -0.000697588 0.00480821 0.00583367
0 -0.00129469 0.00440924 0.00623513
0 -0.00191575 0.00389369 0.0064511
0 -0.00254963 0.00327502 0.00642968
0 -0.00317021 0.0025669 0.00613156
0 -0.00374125 0.00178787 0.00555232
0 -0.00422392 0.000964859 0.00470354
0 -0.00458826 0.000126944 0.00360159
0 -0.00481831 -0.000698373 0.0022789
0 -0.00490062 -0.0014821 0.000789104
0 -0.00482154 -0.00219948 -0.000800737
0 -0.00458789 -0.0028475 -0.0024278
0 -0.00424284 -0.0034358 -0.00405968
0 -0.00385171 -0.00396085 -0.00567417
0 -0.00347687 -0.00441898 -0.00721849
0 -0.00316498 -0.00482583 -0.00863772
0 -0.00294486 -0.00520081 -0.00988743
0 -0.0028307 -0.00554664 -0.0109141
0 -0.00282768 -0.00585315 -0.011674
0 -0.00293581 -0.00611549 -0.0121468
0 -0.00315439 -0.00634485 -0.0123309
0 -0.0034892 -0.00656633 -0.0122522
0 -0.00395448 -0.00681189 -0.0119689
0 -0.00456252 -0.00711333 -0.0115571
0 -0.00530827 -0.00749519 -0.0110932
0 -0.00616041 -0.00796587 -0.0106415
0 -0.00706118 -0.00851018 -0.0102473
0 -0.00793131 -0.0090881 -0.00993452
0 -0.00867476 -0.00963677 -0.00970705
0 -0.00919069 -0.0100777 -0.00954526
0 -0.0094069 -0.0103424 -0.00941575
0 -0.00931509 -0.0104048 -0.00931921
0 -0.00897298 -0.0102896 -0.00930808
0 -0.0084726 -0.0100499 -0.00943822
0 -0.00789937 -0.0097354 -0.00973253
0 -0.00730087 -0.00936712 -0.0101762
0 -0.00667448 -0.0089287 -0.0106979
0 -0.00598456 -0.00838125 -0.0111642
0 -0.00520019 -0.00769125 -0.0114423
0 -0.0043194 -0.00684754 -0.0114455
0 -0.0033619 -0.00585221 -0.0111073
0 -0.00234816 -0.00469906 -0.0103667
0 -0.00128989 -0.00336528 -0.00917488
0 -0.000198261 -0.00182159 -0.00749659
0 0.000900692 -4.96574e-05 -0.00532466
0 0.00195187 0.0019429 -0.00269382
0 0.00287716 0.00411257 0.000317299
0 0.00359579 0.00637121 0.00358467
0 0.00402063 0.00858024 0.00693664
0 0.00406242 0.0105648 0.0101794
0 0.00368835 0.0121574 0.013158
0 0.00298998 0.0133024 0.0158156
0 0.00218963 0.0141377 0.0182312
0 0.0015666 0.014892 0.0205528
0 0.00134073 0.0157186 0.0228566
0 0.00158066 0.0166436 0.0251063
0 0.0021917 0.0176059 0.0271639
0 0.0029878 0.0185197 0.0288246
0 0.00378932 0.0193097 0.0299122
0 0.00448087 0.0199196 0.030345
0 0.00502086 0.0203322 0.0301387
0 0.00542435 0.0205798 0.029384
0 0.00573398 0.0207047 0.0282101
0 0.005992 0.0207135 0.0267477
0 0.00622509 0.0205804 0.0251148
0 0.00644095 0.0202786 0.0234143
0 0.00662762 0.0197918 0.0217247
0 0.00676057 0.0191109 0.0200909
0 0.00683786 0.0182648 0.0185783
0 0.00691665 0.0173636 0.0173181
0 0.00708917 0.0165795 0.0164455
0 0.00741324 0.0160662 0.0160411
0 0.00786479 0.0158968 0.0161071
0 0.0083405 0.0160524 0.0165521
0 0.00869837 0.0164479 0.0172328
0 0.00880955 0.0169684 0.0180149
0 0.00859898 0.0175001 0.0187997
0 0.00806072 0.0179482 0.0195258
0 0.00724441 0.0182407 0.0201643
0 0.00622694 0.0183151 0.0206969
0 0.00508838 0.018107 0.0210933
0 0.0038955 0.0175528 0.0213019
0 0.0026829 0.0165925 0.0212385
0 0.00144453 0.0151705 0.0207823
0 0.000161605 0.0132602 0.0198094
0 -0.00114733 0.0109067 0.0182485
0 -0.00238792 0.00826575 0.0161327
0 -0.00339102 0.00560561 0.0136149
0 -0.00395384 0.00324161 0.0109154
0 -0.00391006 0.00143263 0.0082322
0 -0.00322111 0.000310788 0.00568197
0 -0.00201683 -0.000135271 0.00329844
0 -0.000541738 -5.97071e-05 0.00106895
0 0.000942209 0.000334874 -0.00104996
0 0.00223677 0.000934234 -0.00306685
0 0.00323892 0.00167604 -0.00485527
0 0.0039288 0.00247522 -0.00622581
0 0.00434608 0.00325778 -0.00701426
0 0.00456367 0.00399689 -0.00707442
0 0.0046407 0.00469351 -0.00633785
0 0.00457012 0.00531611 -0.00486427
0 0.00426944 0.00576296 -0.00281916
0 0.00362161 0.00590183 -0.000448365
0 0.00252928 0.00563973 0.00195998
0 0.000947536 0.00494203 0.0041315
0 -0.00110409 0.00378202 0.00580456
0 -0.00351806 0.00215032 0.00681319
0 -0.00608829 0.000172321 0.0071611
0 -0.0085536 -0.00190144 0.00687669
0 -0.0106566 -0.00384539 0.00600803
0 -0.0121863 -0.00552268 0.00468838
0 -0.0130006 -0.00684081 0.003046
0 -0.0130343 -0.00771854 0.00117212
0 -0.0123175 -0.00812458 -0.000867695
0 -0.0109948 -0.00813137 -0.00305377
0 -0.00930373 -0.00790611 -0.00539645
0 -0.00750384 -0.00765682 -0.00788907
0 -0.0057998 -0.00751211 -0.0105074
0 -0.00430092 -0.00741893 -0.013106
0 -0.00302752 -0.00725272 -0.0153953
0 -0.00195411 -0.00697057 -0.0171571
0 -0.00105588 -0.00659001 -0.018238
0 -0.000324855 -0.00609711 -0.0185007
0 0.000238152 -0.00542925 -0.0178974
0 0.000631199 -0.00454803 -0.0164382
0 0.000853225 -0.00347762 -0.0141731
0 0.000913617 -0.00223316 -0.0111867
0 0.000850701 -0.000769538 -0.0075721
0 0.000734714 0.000975178 -0.00342424
0 0.00064063 0.00303271 0.00115085
0 0.000617361 0.00537921 0.00600037
0 0.000681227 0.00791255 0.0109343
0 0.000819411 0.0105122 0.0157885
0 0.000995145 0.0131139 0.0203938
0 0.00116832 0.0156483 0.0245522
0 0.00131966 0.0179768 0.0281195
0 0.00146111 0.0199475 0.0310228
0 0.00163137 0.0215003 0.0332321
0 0.00188106 0.0226899 0.0347641
0 0.00225507 0.0235763 0.0356634
0 0.00277545 0.0241545 0.0359731
0 0.00342698 0.0244137 0.0357296
0 0.0041576 0.0243823 0.0349662
0 0.00491308 0.024104 0.0337312
0 0.00567218 0.0236375 0.0321157
0 0.00642304 0.0230563 0.0302347
0 0.00710937 0.022395 0.0281644
0 0.00761199 0.0216083 0.0259127
0 0.00778739 0.0206027 0.0234502
0 0.00753358 0.0192953 0.0207658
0 0.00683371 0.0176514 0.0178907
0 0.00575987 0.0156924 0.0149299
0 0.00445064 0.0134996 0.0120551
0 0.00307846 0.0112094 0.00941971
0 0.00181022 0.00897207 0.00714312
0 0.000768155 0.00691608 0.00532132
0 1.64358e-05 0.00514689 0.00399212
0 -0.000421521 0.00374765 0.00313616
0 -0.000562076 0.00276628 0.00269118
0 -0.000484116 0.00220238 0.00255053
0 -0.000321367 0.00200408 0.00258726
0 -0.000216749 0.00208041 0.00268662
0 -0.000275364 0.00232414 0.00275256
0 -0.000546149 0.00262732 0.00271644
0 -0.00103968 0.00287849 0.00253876
0 -0.00175552 0.00295317 0.00219583
0 -0.00268431 0.00272337 0.00167108
0 -0.00378618 0.00209248 0.000952982
0 -0.00497728 0.00103119 5.44981e-05
0 -0.00613996 -0.000409684 -0.000975065
0 -0.0071488 -0.00211345 -0.00207354
0 -0.00789883 -0.00392692 -0.00319723
0 -0.00832891 -0.00569214 -0.00432707
0 -0.00843962 -0.00727678 -0.00545885
0 -0.00829698 -0.00859814 -0.00662452
0 -0.00801073 -0.00962464 -0.0078912
0 -0.00769082 -0.0103562 -0.00930048
0 -0.00741185 -0.0108085 -0.0108405
0 -0.0072085 -0.011013 -0.0124799
0 -0.00709077 -0.0110257 -0.0141573
0 -0.00705983 -0.0109293 -0.0157557
0 -0.00711057 -0.0108177 -0.0171723
0 -0.00722089 -0.0107687 -0.0183342
0 -0.00734327 -0.0108179 -0.0191471
0 -0.00741062 -0.0109455 -0.0195143
0 -0.00735638 -0.0110846 -0.0193705
0 -0.00713764 -0.0111436 -0.0186868
0 -0.00674728 -0.0110269 -0.0174808
0 -0.00620778 -0.0106455 -0.0158119
0 -0.00555565 -0.00991953 -0.013757
0 -0.00483023 -0.00878546 -0.0113949
0 -0.00406504 -0.00720789 -0.00879802
0 -0.00327686 -0.00518341 -0.00602068
0 -0.0024594 -0.00273602 -0.00308777
0 -0.0015879 8.62627e-05 4.87162e-06
0 -0.000633111 0.00321087 0.00327119
0 0.000411206 0.00653894 0.00671453
0 0.00151083 0.00993877 0.0103222
0 0.00263467 0.013259 0.0140612
0 0.00378673 0.0163853 0.0178725
0 0.00495159 0.0192605 0.0216722
0 0.00606268 0.021836 0.0253717
0 0.00704198 0.0240575 0.0288912
0 0.00783701 0.0258999 0.0321403
0 0.00842457 0.0273757 0.0350201
0 0.0087943 0.0285096 0.037444
0 0.00893273 0.0293119 0.0393335
0 0.00882096 0.0297662 0.0406146
0 0.00844948 0.0298477 0.0412272
0 0.00784581 0.0295496 0.0411433
0 0.00708618 0.0288844 0.0403833
0 0.00627423 0.0278834 0.0390178
0 0.00551718 0.0266008 0.0371511
0 0.00490773 0.0251065 0.0348937
0 0.00450218 0.0234636 0.0323406
0 0.00430891 0.0217191 0.0295651
0 0.0042943 0.0199178 0.0266251
0 0.00439676 0.0181046 0.0235708
0 0.00454036 0.016315 0.0204471
0 0.00464934 0.0145773 0.0173003
0 0.00466122 0.0129038 0.0141852
0 0.00453064 0.0112875 0.0111487
0 0.00422361 0.00973354 0.00824133
0 0.00371585 0.00825262 0.00554074
0 0.00300331 0.00683076 0.0031015
0 0.00210612 0.00543202 0.000947646
0 0.00105573 0.00400819 -0.000893972
0 -0.000118293 0.00251324 -0.0024205
0 -0.00139091 0.000925496 -0.0036692
0 -0.00273879 -0.000756645 -0.00469935
0 -0.00413757 -0.00253541 -0.00558397
0 -0.00555961 -0.0044074 -0.00640591
0 -0.00697314 -0.00634295 -0.00724698
0 -0.00834053 -0.00828597 -0.00818206
0 -0.00961438 -0.0101655 -0.00926282
0 -0.010737 -0.011904 -0.0104849
0 -0.0116529 -0.0134308 -0.0118168
0 -0.0123284 -0.0147019 -0.013251
0 -0.012759 -0.01571 -0.0147799
0 -0.0129624 -0.0164793 -0.0163805
0 -0.0129684 -0.0170526 -0.0180421
0 -0.012815 -0.0174795 -0.0197449
0 -0.0125416 -0.0178075 -0.0214206
0 -0.0121815 -0.0180699 -0.0229894
0 -0.0117576 -0.0182782 -0.0243827
0 -0.0112836 -0.0184235 -0.0255169
0 -0.0107728 -0.0184853 -0.0263133
0 -0.0102471 -0.0184412 -0.0267242
0 -0.00973507 -0.0182697 -0.0267259
0 -0.00926083 -0.0179466 -0.0263082
0 -0.00883274 -0.0174386 -0.0254661
0 -0.00844238 -0.0167059 -0.0241971
0 -0.00807867 -0.0157193 -0.0225164
0 -0.00774328 -0.0144794 -0.0204697
0 -0.00744695 -0.0130169 -0.0181225
0 -0.00718933 -0.0113722 -0.0155384
0 -0.00694464 -0.00957527 -0.0127659
0 -0.00666596 -0.00764596 -0.00983935
0 -0.00630008 -0.00560315 -0.00678637
0 -0.00579934 -0.00346478 -0.00363485
0 -0.005129 -0.00124467 -0.000421747
0 -0.00427502 0.00103668 0.00281569
0 -0.00325374 0.00334489 0.00604966
0 -0.00210917 0.00566728 0.00923701
0 -0.000881529 0.00802986 0.0123255
0 0.000411541 0.0104426 0.0152843
0 0.00175541 0.0128792 0.0181004
0 0.00312571 0.0153206 0.0207721
0 0.00449718 0.0177681 0.0233132
0 0.00585487 0.0202179 0.025747
0 0.00719787 0.0226502 0.0281004
0 0.00853087 0.0250366 0.0304
0 0.0098486 0.027347 0.0326647
0 0.0111284 0.0295503 0.0348988
0 0.0123388 0.0316172 0.0370946
0 0.0134542 0.0335252 0.0392402
0 0.0144639 0.0352677 0.0413288
0 0.015374 0.0368606 0.0433613
0 0.0161966 0.0383323 0.045338
0 0.0169355 0.0397042 0.0472472
0 0.0175844 0.0409839 0.0490647
0 0.0181383 0.0421748 0.0507645
0 0.0186036 0.0432876 0.0523299
0 0.0189951 0.0443365 0.0537521
0 0.0193233 0.0453237 0.05502
0 0.0195847 0.0462279 0.0561116
0 0.0197588 0.0470059 0.0569922
0 0.0198128 0.0475983 0.0576168
0 0.0197126 0.0479394 0.0579387
0 0.0194343 0.0479687 0.0579193
0 0.0189749 0.0476381 0.0575319
0 0.0183506 0.0469132 0.056758
0 0.0175765 0.0457743 0.055582
0 0.0166667 0.044221 0.0539931
0 0.0156491 0.0422765 0.0519902
0 0.0145616 0.0399873 0.0495836
0 0.0134414 0.0374189 0.0467937
0 0.0123198 0.0346446 0.0436472
0 0.0112117 0.031727 0.0401676
0 0.0101082 0.028708 0.0363681
0 0.00898001 0.0256088 0.0322548
0 0.00778501 0.0224298 0.0278394
0 0.00648028 0.0191615 0.0231497
0 0.00505152 0.0157916 0.018231
0 0.00351991 0.0122896 0.0131394
0 0.00191123 0.00863022 0.00791845
0 0.000239348 0.00484068 0.00263204
0 -0.00149062 0.000967203 -0.00261577
0 -0.00327844 -0.00296193 -0.00776001
0 -0.00511897 -0.00693072 -0.0127635
0 -0.00699341 -0.0109268 -0.0175696
0 -0.00887296 -0.0149186 -0.0221344
0 -0.0107337 -0.0188515 -0.0264329
0 -0.0125707 -0.0226815 -0.0304546
0 -0.0143985 -0.0264009 -0.0342156
0 -0.0162392 -0.0300222 -0.0377531
0 -0.0181051 -0.0335485 -0.0411045
0 -0.0199925 -0.0369652 -0.0443011
0 -0.0218844 -0.0402498 -0.0473658
0 -0.023755 -0.043382 -0.0503116
0 -0.0255742 -0.046345 -0.0531438
0 -0.0273121 -0.0491236 -0.0558633
0 -0.0289648 -0.051708 -0.0584701
0 -0.0305581 -0.0541021 -0.0609677
0 -0.0320743 -0.0563289 -0.0633671
0 -0.0334547 -0.0584222 -0.0656837
0 -0.0347051 -0.0604103 -0.0679294
0 -0.0358773 -0.0623123 -0.0701086
0 -0.0369642 -0.0641415 -0.0722188
0 -0.0379254 -0.0659081 -0.0742542
0 -0.0387694 -0.0676163 -0.0762069
0 -0.0395278 -0.0692571 -0.0780611
0 -0.0401937 -0.0708059 -0.0797897
0 -0.0407299 -0.072225 -0.0813564
0 -0.0411008 -0.0734697 -0.08272
0 -0.0412789 -0.0744899 -0.0838377
0 -0.0412435 -0.0752312 -0.0846663
0 -0.0409838 -0.0756393 -0.0851648
0 -0.0405011 -0.0756657 -0.0852963
0 -0.0398119 -0.0752731 -0.08503
0 -0.0389465 -0.07444 -0.0843439
0 -0.0379396 -0.0731581 -0.0832221
0 -0.0368188 -0.0714266 -0.081646
0 -0.0355992 -0.0692561 -0.0795869
0 -0.0342885 -0.0666688 -0.0770099
0 -0.0328923 -0.0636921 -0.0738835
0 -0.0314083 -0.060359 -0.0701885
0 -0.0298262 -0.0567104 -0.065925
0 -0.0281479 -0.0527957 -0.0611134
0 -0.0263907 -0.0486639 -0.055792
0 -0.0245827 -0.0443464 -0.0500135
0 -0.0227499 -0.0398612 -0.0438437
0 -0.0208841 -0.0352244 -0.0373585
0 -0.0189497 -0.0304569 -0.0306417
0 -0.0169208 -0.0256106 -0.0238049
0 -0.014789 -0.0207258 -0.0169405
0 -0.0125567 -0.0157563 -0.0100873
0 -0.0102294 -0.0106388 -0.00331852
0 -0.00780742 -0.00538476 0.00328036
0 -0.00528266 -5.13499e-05 0.00967249
0 -0.0026426 0.0053218 0.0158314
0 0.000125971 0.0107495 0.0217427
0 0.00303436 0.0162742 0.0274214
0 0.00608899 0.0218911 0.032895
0 0.00928923 0.0275532 0.0381963
0 0.0126251 0.0332379 0.0433682
0 0.0160747 0.0389401 0.0484577
0 0.0196024 0.0446295 0.0535065
0 0.0231609 0.050261 0.0585464
0 0.0266369 0.0557932 0.0635999
0 0.029869 0.0611845 0.0686832
0 0.0328208 0.0664069 0.0738042
0 0.0355913 0.0714528 0.0789581
0 0.0382694 0.0763186 0.0841259
0 0.0408496 0.0809947 0.0892749
0 0.0432081 0.0854698 0.0943619
0 0.0452013 0.0897335 0.0993342
0 0.0467995 0.0937727 0.104131
0 0.0480694 0.0975675 0.108687
0 0.049051 0.101089 0.112939
0 0.0497191 0.104298 0.116834
0 0.050045 0.107149 0.120333
0 0.0500483 0.109592 0.123405
0 0.0497918 0.111579 0.12603
0 0.0493475 0.113069 0.12819
0 0.0487707 0.114029 0.129871
0 0.0480785 0.114416 0.131055
0 0.0472618 0.114192 0.13171
0 0.046336 0.113349 0.131785
0 0.045337 0.111911 0.131222
0 0.0442797 0.109914 0.129983
0 0.0431573 0.107394 0.128033
0 0.0419601 0.104393 0.125332
0 0.0406831 0.100986 0.121854
0 0.0393138 0.0972622 0.117593
0 0.0378275 0.0932901 0.112554
0 0.0362104 0.089108 0.106776
0 0.0344674 0.0847379 0.10034
0 0.0326014 0.0801966 0.0933545
0 0.0306155 0.0754944 0.0859373
0 0.0285304 0.0705997 0.078217
0 0.0263753 0.0654546 0.0703208
0 0.0241739 0.0600616 0.0623343
0 0.0219387 0.0544803 0.054369
0 0.0196622 0.0487552 0.0465961
0 0.0173206 0.042902 0.0390844
0 0.0148907 0.0369203 0.0318393
0 0.0123631 0.0308101 0.0249062
0 0.00974233 0.0245966 0.0183047
0 0.00704017 0.0183403 0.0120274
0 0.00427333 0.0121164 0.00607595
0 0.00146354 0.00599041 0.000446144
0 -0.00136234 1.81274e-05 -0.00487745
0 -0.00417324 -0.0057412 -0.00990738
0 -0.00693796 -0.0112258 -0.0146562
0 -0.00962974 -0.0163796 -0.0191416
0 -0.0122207 -0.0211532 -0.0233819
0 -0.0146737 -0.0255029 -0.0273916
0 -0.0169453 -0.0293964 -0.031174
0 -0.0189902 -0.0328137 -0.0347146
0 -0.0207625 -0.0357435 -0.0379816
0 -0.0222226 -0.0381832 -0.0409356
0 -0.0233419 -0.0401379 -0.0435358
0 -0.0241031 -0.0416192 -0.0457416
0 -0.0244981 -0.0426426 -0.0475121
0 -0.0245291 -0.0432233 -0.0488075
0 -0.024202 -0.0433723 -0.0495935
0 -0.0235368 -0.0430973 -0.0498466
0 -0.0225901 -0.0424092 -0.0495578
0 -0.0214423 -0.0413255 -0.0487317
0 -0.0201785 -0.0398686 -0.047382
0 -0.0188795 -0.0380599 -0.0455277
0 -0.017607 -0.0359195 -0.0431897
0 -0.0164037 -0.0334805 -0.0403922
0 -0.0153024 -0.0307956 -0.0371658
0 -0.0143249 -0.0279279 -0.0335494
0 -0.0134745 -0.0249437 -0.0295918
0 -0.0127365 -0.0219083 -0.0253517
0 -0.0120868 -0.0188834 -0.0208969
0 -0.011501 -0.0159224 -0.0163056
0 -0.0109611 -0.0130681 -0.0116654
0 -0.0104454 -0.0103566 -0.00708837
0 -0.00991598 -0.00783776 -0.00268781
0 -0.00933695 -0.00553933 0.00148049
0 -0.00869144 -0.00340535 0.00537089
0 -0.00796655 -0.00135187 0.00890792
0 -0.00714473 0.000659747 0.0120464
0 -0.00621571 0.00263066 0.0147741
0 -0.0051829 0.00455551 0.0170821
0 -0.00405384 0.00644647 0.0189822
0 -0.002831 0.00832809 0.0205127
0 -0.00151553 0.0102015 0.0217244
0 -0.000116017 0.0120338 0.0226784
0 0.00134974 0.0137955 0.0234458
0 0.00285843 0.01548 0.0240992
0 0.00438235 0.0170841 0.0247065
0 0.00588818 0.0185951 0.0253281
0 0.00733841 0.020001 0.0260131
0 0.00869452 0.0213003 0.0267978
0 0.00991847 0.0225012 0.0277045
0 0.0109731 0.023612 0.0287398
0 0.0118242 0.0246345 0.0298945
0 0.0124445 0.0255663 0.0311469
0 0.0128165 0.0264045 0.0324676
0 0.0129352 0.027146 0.0338218
0 0.0128127 0.0277844 0.0351729
0 0.0124815 0.0283108 0.0364844
0 0.011989 0.0287172 0.037722
0 0.0113891 0.0289979 0.0388507
0 0.0107413 0.0291487 0.0398359
0 0.0101095 0.0291694 0.0406448
0 0.00954827 0.0290673 0.041247
0 0.00909483 0.0288514 0.0416123
0 0.00876742 0.0285256 0.0417089
0 0.00856456 0.0280928 0.0415054
0 0.00847002 0.0275616 0.0409786
0 0.00846086 0.0269462 0.0401202
0 0.00851061 0.0262619 0.0389385
0 0.00858932 0.0255215 0.0374569
0 0.00866587 0.0247331 0.0357116
0 0.00871195 0.0238974 0.0337497
0 0.00870471 0.0230085 0.0316282
0 0.00862726 0.0220587 0.0294106
0 0.00846677 0.0210401 0.02716
0 0.00821085 0.0199382 0.0249313
0 0.00784612 0.0187317 0.0227643
0 0.00736081 0.0174016 0.0206799
0 0.00674793 0.0159375 0.0186924
0 0.00600592 0.0143371 0.0168168
0 0.0051373 0.0126112 0.015047
0 0.00414673 0.0107818 0.0133528
0 0.00303843 0.00886429 0.0116945
0 0.00181365 0.00685961 0.0100211
0 0.000467633 0.00476559 0.00827906
0 -0.000995291 0.0025864 0.00642516
0 -0.00253974 0.000331693 0.00442156
0 -0.00411594 -0.00198671 0.00223661
0 -0.00568671 -0.0043558 -0.00014479
0 -0.00722797 -0.00676123 -0.00272178
0 -0.00871609 -0.00918596 -0.00548093
0 -0.010117 -0.0116086 -0.00839439
0 -0.0113876 -0.0140029 -0.0114211
0 -0.0124885 -0.016337 -0.0145141
0 -0.0133936 -0.0185744 -0.0176237
0 -0.0140896 -0.0206771 -0.0206817
0 -0.0145738 -0.0226077 -0.0236088
0 -0.0148521 -0.024331 -0.0263459
0 -0.0149387 -0.0258129 -0.0288403
0 -0.014853 -0.0270192 -0.0310294
0 -0.0146165 -0.0279151 -0.0328527
0 -0.0142523 -0.0284682 -0.0342535
0 -0.0137813 -0.028654 -0.0351795
0 -0.0132216 -0.0284599 -0.0355884
0 -0.0125948 -0.027885 -0.0354488
0 -0.0119233 -0.0269379 -0.034737
0 -0.0112256 -0.0256306 -0.0334411
0 -0.0105149 -0.0239816 -0.0315647
0 -0.00979975 -0.0220272 -0.029128
0 -0.00908742 -0.0198188 -0.0261687
0 -0.00838628 -0.0174109 -0.0227437
0 -0.00770628 -0.0148585 -0.0189297
0 -0.00705867 -0.0122207 -0.0148234
0 -0.00645914 -0.00956273 -0.0105408
0 -0.00593178 -0.00695593 -0.00621102
0 -0.0055053 -0.00448481 -0.0019793
0 -0.00519384 -0.00223787 0.00201057
0 -0.00498316 -0.000257962 0.00567028
0 -0.00484875 0.00145246 0.00893554
0 -0.00477726 0.00287662 0.011704
0 -0.0047664 0.00398467 0.0138861
0 -0.00482052 0.00474374 0.0154269
0 -0.00494518 0.0051115 0.016274
0 -0.00513589 0.00506276 0.0163958
0 -0.00537556 0.00461215 0.0157981
0 -0.00564548 0.00378859 0.0145107
0 -0.00593175 0.00261083 0.0125805
0 -0.00622291 0.00110658 0.0100747
0 -0.0065097 -0.000671332 0.00707599
0 -0.00679336 -0.00266125 0.00367702
0 -0.00709038 -0.00481003 -2.32622e-05
0 -0.00741438 -0.00709006 -0.00392171
0 -0.00775617 -0.00947889 -0.00792326
0 -0.00809578 -0.0118845 -0.0119346
0 -0.00842476 -0.0141661 -0.0158184
0 -0.00874286 -0.0162427 -0.0194268
0 -0.00904111 -0.018096 -0.0226606
0 -0.00929696 -0.0196912 -0.0254242
0 -0.00947952 -0.020956 -0.0276114
0 -0.00955626 -0.0218162 -0.02914
0 -0.00950035 -0.022222 -0.0299479
0 -0.00929674 -0.0221505 -0.029993
0 -0.00894471 -0.0215946 -0.0292666
0 -0.00845642 -0.0205508 -0.0277893
0 -0.00785324 -0.0190256 -0.0256028
0 -0.00716314 -0.0170547 -0.0227695
0 -0.00641688 -0.0147008 -0.01937
0 -0.00564102 -0.0120334 -0.0154949
0 -0.00485334 -0.00911646 -0.0112385
0 -0.00407197 -0.00601621 -0.00669776
0 -0.0033268 -0.00281242 -0.00197488
0 -0.00263393 0.000380682 0.00281105
0 -0.00197461 0.00344283 0.00752766
0 -0.00132988 0.00631788 0.0120786
0 -0.000703763 0.00899046 0.0163962
0 -0.000108169 0.0114378 0.020386
0 0.00045216 0.0136329 0.0239624
0 0.000982863 0.0155422 0.0270726
0 0.00149101 0.0171404 0.029664
0 0.00197342 0.0184347 0.0316915
0 0.00241352 0.0194466 0.0331288
0 0.00279108 0.0201724 0.0339608
0 0.00309648 0.0205906 0.0341899
0 0.00333382 0.0206999 0.0338455
0 0.00351224 0.0205203 0.0329773
0 0.00363565 0.0200675 0.0316444
0 0.00369903 0.0193496 0.0299113
0 0.00369309 0.0183775 0.0278446
0 0.00360718 0.0171676 0.0255098
0 0.00342733 0.0157404 0.02297
0 0.00313654 0.0141204 0.0202828
0 0.00271775 0.0123326 0.0174982
0 0.00215707 0.0103987 0.0146582
0 0.0014479 0.00833722 0.011798
0 0.00059366 0.00616227 0.00894471
0 -0.000394124 0.00388902 0.00611817
0 -0.00150021 0.00155118 0.00333771
0 -0.00271515 -0.000809485 0.00062094
0 -0.00403127 -0.00317209 -0.00202558
0 -0.00541356 -0.00553469 -0.00460139
0 -0.00679744 -0.00788923 -0.00710414
0 -0.00812612 -0.0102098 -0.0095323
0 -0.00937234 -0.0124644 -0.0118874
0 -0.010527 -0.0146312 -0.0141752
0 -0.0115803 -0.0167 -0.0164051
0 -0.0125179 -0.0186603 -0.0185864
0 -0.0133287 -0.0204925 -0.0207211
0 -0.0140093 -0.0221707 -0.0227988
0 -0.0145589 -0.0236679 -0.0247951
0 -0.0149705 -0.0249573 -0.0266721
0 -0.0152301 -0.0260114 -0.0283826
0 -0.0153222 -0.026803 -0.0298735
0 -0.0152359 -0.0273068 -0.0310888
0 -0.0149687 -0.0275026 -0.0319728
0 -0.0145267 -0.0273769 -0.0324743
0 -0.0139233 -0.026923 -0.0325503
0 -0.0131774 -0.0261382 -0.0321655
0 -0.0123107 -0.0250214 -0.0312904
0 -0.0113446 -0.0235707 -0.0299006
0 -0.0102962 -0.0217836 -0.0279795
0 -0.00917966 -0.0196634 -0.025522
0 -0.00800851 -0.0172225 -0.0225358
0 -0.00679622 -0.0144811 -0.0190428
0 -0.00555601 -0.0114652 -0.0150793
0 -0.00430704 -0.00820668 -0.0106953
0 -0.00308194 -0.00474257 -0.00595083
0 -0.00189649 -0.00111104 -0.00090963
0 -0.000716133 0.00264741 0.00436397
0 0.000509633 0.0064662 0.00978814
0 0.00180329 0.0102828 0.015286
0 0.00315962 0.0141017 0.0208189
0 0.00456424 0.0179411 0.0263249
0 0.00600965 0.0217665 0.0317057
0 0.00749618 0.0255133 0.0368854
0 0.00901926 0.0291267 0.0417986
0 0.0105591 0.0325853 0.0463732
0 0.0120822 0.0358922 0.0505491
0 0.0135524 0.0390328 0.0542808
0 0.0149396 0.0419609 0.0575309
0 0.0162214 0.0446314 0.0602773
0 0.0173777 0.0470126 0.062511
0 0.0183873 0.0490638 0.0642285
0 0.0192245 0.0507262 0.0654303
0 0.0198608 0.0519397 0.0661215
0 0.020267 0.0526564 0.0663103
0 0.0204157 0.0528374 0.0660043
0 0.0202844 0.052449 0.0652074
0 0.0198609 0.0514662 0.0639147
0 0.0191375 0.0498777 0.0621111
0 0.0181 0.0476859 0.0597735
0 0.016735 0.0449055 0.0568746
0 0.0150445 0.0415605 0.0533863
0 0.0130507 0.0376846 0.0492857
0 0.0107906 0.0333227 0.04456
0 0.00830762 0.028525 0.0392091
0 0.00562415 0.0233406 0.0332485
0 0.00274986 0.0178225 0.0267115
0 -0.000255584 0.0120317 0.0196505
0 -0.00329377 0.00601593 0.012135
0 -0.00628864 -0.000201572 0.00424906
0 -0.00920112 -0.00656879 -0.00390795
0 -0.0120116 -0.0129823 -0.0122484
0 -0.0146965 -0.0193441 -0.0206589
0 -0.0172181 -0.0255976 -0.0289564
0 -0.0195319 -0.0317067 -0.036986
0 -0.0215993 -0.0376179 -0.0446443
0 -0.0233945 -0.0432458 -0.0518207
0 -0.024908 -0.0485081 -0.0584237
0 -0.0261454 -0.0533789 -0.0643915
0 -0.0271709 -0.0578429 -0.0696679
0 -0.0280653 -0.0618107 -0.0742154
0 -0.0288042 -0.0651748 -0.0780283
0 -0.0293507 -0.0679027 -0.0811179
0 -0.0297365 -0.0700244 -0.0835039
0 -0.0299841 -0.0715848 -0.0852198
0 -0.0301377 -0.0726194 -0.0863113
0 -0.0303069 -0.0731507 -0.0868289
0 -0.0305636 -0.0732088 -0.0868208
0 -0.030874 -0.0728566 -0.0863296
0 -0.0311986 -0.0721776 -0.0853933
0 -0.0315557 -0.0712507 -0.0840512
0 -0.0319477 -0.0701524 -0.0823496
0 -0.03233 -0.0689663 -0.0803446
0 -0.0326541 -0.0677721 -0.0780998
0 -0.0328872 -0.0666204 -0.0756827
0 -0.0330016 -0.0655183 -0.0731597
0 -0.0329618 -0.0644414 -0.0705935
0 -0.0327262 -0.0633477 -0.0680418
0 -0.0322616 -0.0621839 -0.0655549
0 -0.0315554 -0.0608897 -0.0631711
0 -0.0306114 -0.0594018 -0.0609137
0 -0.0294377 -0.0576642 -0.0587847
0 -0.0280454 -0.0556377 -0.0567516
0 -0.0264508 -0.0533011 -0.0547579
0 -0.0246702 -0.0506457 -0.0527419
0 -0.0227176 -0.0476743 -0.0506134
0 -0.0206089 -0.0444007 -0.0482513
0 -0.0183817 -0.0408508 -0.0455509
0 -0.0160828 -0.0370592 -0.0424263
0 -0.0137261 -0.0330634 -0.0388036
0 -0.0113043 -0.0288979 -0.0346395
0 -0.00882618 -0.0245921 -0.0299224
0 -0.00631793 -0.0201757 -0.0246685
0 -0.00381727 -0.0156691 -0.0189234
0 -0.00136936 -0.0110716 -0.0127607
0 0.000986363 -0.00638088 -0.00627314
0 0.0032284 -0.00160107 0.000418701
0 0.00535126 0.00327192 0.00718932
0 0.0073573 0.00823857 0.0139683
0 0.00925183 0.013277 0.0206983
0 0.0110424 0.0183552 0.0272855
0 0.0127401 0.0234471 0.0336604
0 0.0143606 0.0285301 0.039789
0 0.0159222 0.0335771 0.0456351
0 0.0174415 0.038556 0.0511729
0 0.0189315 0.0434324 0.0563947
0 0.0204047 0.0481652 0.0612997
0 0.0218643 0.0527023 0.065892
0 0.0232651 0.0569878 0.0701771
0 0.0245704 0.0609707 0.0741593
0 0.0258256 0.064609 0.0778368
0 0.0270655 0.0678698 0.0811988
0 0.0282999 0.0707251 0.0842278
0 0.029552 0.0731482 0.086898
0 0.0307679 0.0751147 0.089176
0 0.0318238 0.0766059 0.0910218
0 0.032652 0.0776114 0.0923899
0 0.0332478 0.0781299 0.0932316
0 0.0335749 0.0781645 0.0934986
0 0.033548 0.0777139 0.0931478
0 0.0331015 0.0767685 0.0921442
0 0.0322318 0.075313 0.0904626
0 0.0309676 0.0733277 0.0880876
0 0.0293391 0.0707858 0.0850125
0 0.0273803 0.0676586 0.0812394
0 0.0251394 0.0639247 0.0767772
0 0.0226855 0.0595774 0.0716387
0 0.0200925 0.0546321 0.0658402
0 0.0173988 0.0491275 0.0594027
0 0.014585 0.0431237 0.0523522
0 0.0116253 0.0366967 0.0447211
0 0.00854479 0.0299327 0.0365507
0 0.00539164 0.0229002 0.0278965
0 0.00219979 0.0156355 0.0188328
0 -0.00101301 0.00819566 0.0094502
0 -0.00424069 0.000680145 -0.000172219
0 -0.00747906 -0.00682549 -0.00991339
0 -0.0107137 -0.0142804 -0.0195868
0 -0.0139128 -0.0216763 -0.0290652
0 -0.0170334 -0.0290137 -0.0382615
0 -0.0200354 -0.0362738 -0.0470666
0 -0.0228941 -0.0434222 -0.0554038
0 -0.0256035 -0.0504384 -0.0632307
0 -0.0282352 -0.057287 -0.0705135
0 -0.0309159 -0.0638608 -0.0772382
0 -0.0336512 -0.0700355 -0.083409
0 -0.036327 -0.075754 -0.0890266
0 -0.0388104 -0.0810127 -0.0940899
0 -0.0409866 -0.0858043 -0.0986082
0 -0.0428839 -0.0900923 -0.102601
0 -0.044662 -0.0938289 -0.106092
0 -0.0463854 -0.0969882 -0.109105
0 -0.0479533 -0.0995716 -0.111651
0 -0.0492589 -0.101585 -0.113732
0 -0.0502944 -0.103028 -0.115343
0 -0.051101 -0.103902 -0.116472
0 -0.0516893 -0.104233 -0.117103
0 -0.052021 -0.104063 -0.117214
0 -0.052048 -0.10344 -0.116788
0 -0.0517559 -0.102407 -0.115808
0 -0.0511557 -0.100999 -0.114268
0 -0.0502546 -0.0992422 -0.112173
0 -0.0490636 -0.0971507 -0.109542
0 -0.0476204 -0.0947282 -0.106407
0 -0.0459834 -0.0919707 -0.102808
0 -0.044209 -0.0888724 -0.0987877
0 -0.0423443 -0.0854319 -0.0943877
0 -0.0404328 -0.0816549 -0.0896464
0 -0.0385135 -0.0775613 -0.0846019
0 -0.0366157 -0.0731916 -0.0792916
0 -0.0347693 -0.068604 -0.0737492
0 -0.0329897 -0.0638677 -0.068005
0 -0.0312452 -0.0590636 -0.0620881
0 -0.0294839 -0.0542803 -0.056032
0 -0.0276739 -0.0495725 -0.0498809
0 -0.0258022 -0.0449449 -0.0437001
0 -0.023872 -0.0403974 -0.0375705
0 -0.0219025 -0.0359363 -0.0315483
0 -0.0199177 -0.0315657 -0.0256741
0 -0.0179331 -0.0272971 -0.0200176
0 -0.0159543 -0.0231417 -0.0146443
0 -0.0139836 -0.0190933 -0.00958885
0 -0.0120239 -0.0151351 -0.00487885
0 -0.0100781 -0.0112602 -0.00052959
0 -0.00814528 -0.00747436 0.00346695
0 -0.00621736 -0.00378341 0.00713478
0 -0.00427892 -0.00018038 0.0105099
0 -0.00230916 0.00335326 0.0136426
0 -0.000284825 0.00683528 0.0165938
0 0.00181705 0.0102784 0.0194302
0 0.00401622 0.013696 0.0222221
0 0.00632545 0.0171052 0.0250374
0 0.0087472 0.0205257 0.0279351
0 0.0112707 0.0239768 0.0309627
0 0.0138705 0.0274755 0.0341566
0 0.0165104 0.0310362 0.0375425
0 0.0191502 0.034671 0.0411341
0 0.021749 0.0383901 0.0449307
0 0.0242664 0.0421967 0.048918
0 0.0266637 0.0460845 0.0530704
0 0.028903 0.0500387 0.0573512
0 0.0309454 0.0540336 0.061715
0 0.032754 0.0580276 0.0661082
0 0.0342966 0.0619612 0.0704698
0 0.0354876 0.065761 0.0747334
0 0.0361998 0.0693455 0.0788293
0 0.0364785 0.0726296 0.0826848
0 0.0365203 0.0755274 0.0862252
0 0.0363854 0.0779548 0.0893731
0 0.0360042 0.0798332 0.0920495
0 0.0353363 0.0810923 0.0941754
0 0.0343776 0.0816725 0.0956756
0 0.0331603 0.0815276 0.0964824
0 0.0317575 0.0806121 0.0965381
0 0.0302281 0.0788958 0.0957939
0 0.0285983 0.076437 0.0942084
0 0.0268994 0.0733607 0.0917434
0 0.0251749 0.0697353 0.0883653
0 0.0234524 0.0655843 0.0840551
0 0.0217286 0.0609893 0.0788162
0 0.0199794 0.0560816 0.0726812
0 0.0181627 0.0509707 0.0657159
0 0.0162392 0.0457168 0.0580152
0 0.0142117 0.0403414 0.0497014
0 0.0121088 0.0348235 0.0409187
0 0.00994659 0.0291107 0.0318166
0 0.00772176 0.0231887 0.0224919
0 0.00541769 0.0170987 0.0131009
0 0.00301627 0.0108805 0.00390134
0 0.000511382 0.00454727 -0.00499427
0 -0.00208911 -0.0019084 -0.0135521
0 -0.00477032 -0.00850211 -0.0216883
0 -0.00751898 -0.0152557 -0.0293681
0 -0.0103288 -0.0221579 -0.0365823
0 -0.0131977 -0.0290868 -0.0433188
0 -0.0161229 -0.0358877 -0.0495983
0 -0.0190982 -0.0425178 -0.0554587
0 -0.0221147 -0.0489909 -0.06094
0 -0.025157 -0.055242 -0.0660967
0 -0.0283021 -0.0611429 -0.0709832
0 -0.0316529 -0.0666036 -0.0756352
0 -0.03508 -0.0715997 -0.0800726
0 -0.0383349 -0.0761255 -0.0843028
0 -0.0412541 -0.080153 -0.0883187
0 -0.043775 -0.0836491 -0.092102
0 -0.0459595 -0.0866153 -0.0956242
0 -0.0478873 -0.0890887 -0.098844
0 -0.0494998 -0.0911081 -0.101709
0 -0.0506584 -0.0926976 -0.10416
0 -0.0513113 -0.0938773 -0.106144
0 -0.0515169 -0.0946725 -0.107621
0 -0.0513456 -0.095103 -0.108567
0 -0.0508257 -0.0951733 -0.108971
0 -0.0499823 -0.0948731 -0.108835
0 -0.0488884 -0.0941808 -0.108167
0 -0.0476443 -0.093071 -0.106985
0 -0.0463319 -0.091532 -0.105305
0 -0.0450045 -0.0895763 -0.103147
0 -0.043704 -0.0872262 -0.100524
0 -0.0424647 -0.0845066 -0.0974489
0 -0.0412992 -0.0814561 -0.0939279
0 -0.0401895 -0.078132 -0.089965
0 -0.0390941 -0.0745959 -0.0855639
0 -0.0379629 -0.0708943 -0.0807332
0 -0.0367448 -0.067053 -0.0754929
0 -0.0353999 -0.0630877 -0.0698797
0 -0.0339136 -0.059009 -0.0639474
0 -0.0322746 -0.0548235 -0.0577632
0 -0.0304533 -0.050548 -0.0514037
0 -0.0284259 -0.0461793 -0.0449746
0 -0.0261893 -0.0416573 -0.0385529
0 -0.0237506 -0.036919 -0.0321415
0 -0.0211242 -0.0319417 -0.0257811
0 -0.0183308 -0.0267315 -0.0195407
0 -0.01539 -0.021322 -0.013434
0 -0.0123171 -0.0157588 -0.00746626
0 -0.00912968 -0.0100773 -0.00165205
0 -0.0058539 -0.00430678 0.00401098
0 -0.00252518 0.00150469 0.00953065
0 0.0008151 0.00728371 0.0149074
0 0.00412189 0.0129524 0.0201425
0 0.0073467 0.0184533 0.0252357
0 0.0104341 0.0237414 0.0301772
0 0.0133202 0.0287593 0.0349479
0 0.0159409 0.0334413 0.0395234
0 0.0182418 0.0377305 0.0438734
0 0.0201783 0.0415815 0.0479606
0 0.0217155 0.0449534 0.0517411
0 0.0228285 0.0478045 0.0551643
0 0.0235031 0.0500944 0.0581727
0 0.0237376 0.051791 0.0607062
0 0.0235396 0.0528743 0.0627049
0 0.0229273 0.0533323 0.0641122
0 0.0219522 0.0531569 0.0648767
0 0.0206911 0.0523456 0.0649544
0 0.0192019 0.0509058 0.06431
0 0.0175366 0.0488568 0.0629142
0 0.0157707 0.0462258 0.0607441
0 0.0139813 0.0430567 0.0577862
0 0.0122188 0.039426 0.0540373
0 0.0105115 0.0354229 0.0495086
0 0.00887254 0.0311268 0.0442317
0 0.00728876 0.0266138 0.0382633
0 0.00573171 0.0219623 0.031689
0 0.00419927 0.0172486 0.0246233
0 0.00271843 0.0125393 0.0172057
0 0.00131436 0.00785185 0.00959206
0 -1.23689e-06 0.00317333 0.00190193
0 -0.00122817 -0.00143619 -0.00571124
0 -0.00236905 -0.00585805 -0.0129835
0 -0.00341454 -0.0100041 -0.0197222
0 -0.00433698 -0.0138437 -0.0258238
0 -0.00510305 -0.0173982 -0.0311549
0 -0.00569393 -0.0206975 -0.035621
0 -0.00611281 -0.0236733 -0.0391825
0 -0.00637651 -0.0261521 -0.0417975
0 -0.006503 -0.0280176 -0.0434527
0 -0.00650343 -0.0292775 -0.0441803
0 -0.00637242 -0.0299478 -0.0440177
0 -0.00610741 -0.0299742 -0.0430165
0 -0.00573933 -0.0292913 -0.0412531
0 -0.00529691 -0.027887 -0.0388035
0 -0.00477252 -0.0257988 -0.0357341
0 -0.00414393 -0.0230886 -0.0321029
0 -0.00338695 -0.0198246 -0.0279552
0 -0.00247133 -0.0160894 -0.0233276
0 -0.00136599 -0.0119906 -0.0182604
0 -5.18051e-05 -0.00764781 -0.0128048
0 0.00145015 -0.00318562 -0.00702691
0 0.00307783 0.00127638 -0.0010097
0 0.00479015 0.00566829 0.00514886
0 0.00658396 0.00997215 0.0113212
0 0.00843686 0.0141779 0.0173826
0 0.0102771 0.0182705 0.0232649
0 0.0120089 0.0222267 0.0288923
0 0.0135542 0.02601 0.0341546
0 0.014875 0.0295851 0.038978
0 0.015966 0.0329319 0.0433198
0 0.0168353 0.036035 0.04714
0 0.0174932 0.0388674 0.0504208
0 0.0179499 0.041387 0.0531672
0 0.0182179 0.0435469 0.0553909
0 0.018316 0.0453075 0.0571079
0 0.0182717 0.0466412 0.05834
0 0.0181179 0.0475277 0.059109
0 0.0178888 0.0479495 0.0594321
0 0.0176124 0.047892 0.0593226
0 0.0173012 0.0473503 0.0587875
0 0.0169567 0.0463455 0.0578271
0 0.0165758 0.0449268 0.0564364
0 0.0161452 0.0431499 0.0546076
0 0.0156371 0.0410729 0.052333
0 0.0150182 0.0387585 0.0496102
0 0.0142611 0.036262 0.0464469
0 0.0133514 0.0336246 0.0428646
0 0.0122876 0.0308698 0.0389011
0 0.0110792 0.0280042 0.0346093
0 0.00974431 0.0250213 0.0300538
0 0.00830057 0.0219086 0.0253053
0 0.00675729 0.0186421 0.0204323
0 0.00513382 0.0151832 0.0154771
0 0.00347278 0.0115156 0.0104872
0 0.00181207 0.00767889 0.00554585
0 0.000164295 0.00373269 0.000696498
0 -0.00148187 -0.000278893 -0.00406226
0 -0.00315157 -0.00432504 -0.00871585
0 -0.00486257 -0.00837696 -0.0132508
0 -0.00661258 -0.0123918 -0.0176647
0 -0.00838525 -0.0163139 -0.0219455
0 -0.0101626 -0.0201005 -0.0260772
0 -0.0119318 -0.0237357 -0.0300503
0 -0.0136843 -0.0272153 -0.0338559
0 -0.01541 -0.0305263 -0.0374808
0 -0.0170921 -0.0336469 -0.0409098
0 -0.0187057 -0.0365565 -0.0441237
0 -0.0202177 -0.0392402 -0.0470984
0 -0.0215906 -0.0416845 -0.0498072
0 -0.0227873 -0.0438701 -0.0522216
0 -0.0237758 -0.0457703 -0.054313
0 -0.0245297 -0.0473544 -0.0560541
0 -0.0250288 -0.0485926 -0.0574207
0 -0.0252593 -0.0494577 -0.0583921
0 -0.0252146 -0.0499251 -0.0589511
0 -0.0248889 -0.0499704 -0.0590826
0 -0.0242813 -0.0495699 -0.0587725
0 -0.023414 -0.0487052 -0.0580075
0 -0.0223261 -0.047368 -0.0567762
0 -0.0210571 -0.0455598 -0.055065
0 -0.019642 -0.0432871 -0.0528547
0 -0.0181058 -0.0405626 -0.0501205
0 -0.0164645 -0.0374086 -0.0468364
0 -0.0147335 -0.0338568 -0.0429815
0 -0.0129291 -0.0299485 -0.038548
0 -0.0110669 -0.0257323 -0.033546
0 -0.00917787 -0.0212605 -0.0280054
0 -0.0072977 -0.0165834 -0.0219741
0 -0.00541568 -0.0117448 -0.0155141
0 -0.00348821 -0.00678839 -0.00869926
0 -0.00148314 -0.00177652 -0.00161412
0 0.000610192 0.00324977 0.00561727
0 0.00278029 0.00831909 0.0128879
0 0.00500383 0.0134751 0.0201616
0 0.00726401 0.0187175 0.0273565
0 0.0095577 0.0240089 0.034354
0 0.011887 0.0293056 0.0410958
0 0.0142486 0.0345842 0.047544
0 0.0166318 0.0398388 0.053656
0 0.0190227 0.0450552 0.0594128
0 0.0214081 0.0501862 0.0648128
0 0.0237388 0.0551565 0.0698532
0 0.0259258 0.0599068 0.0745351
0 0.0279583 0.0644125 0.0788655
0 0.0298825 0.0686445 0.0828487
0 0.0316851 0.0725506 0.0864888
0 0.0333865 0.0760857 0.0897943
0 0.0350421 0.079234 0.0927742
0 0.0365909 0.081994 0.0954352
0 0.0379207 0.0843604 0.0977807
0 0.0390178 0.0863265 0.0998075
0 0.0399285 0.0878901 0.101507
0 0.0406533 0.0890575 0.10287
0 0.0411509 0.0898402 0.103884
0 0.0413899 0.0902479 0.10454
0 0.0413678 0.0902893 0.104826
0 0.0411019 0.0899763 0.104734
0 0.0406128 0.0893231 0.104255
0 0.0399172 0.0883408 0.103383
0 0.0390391 0.0870371 0.102111
0 0.0380169 0.0854199 0.100434
0 0.0368913 0.0835 0.0983507
0 0.0356949 0.081293 0.0958638
0 0.0344565 0.0788197 0.092982
0 0.0332037 0.0761052 0.0897206
0 0.0319559 0.0731785 0.0860995
0 0.0307219 0.0700721 0.0821405
0 0.0295021 0.066815 0.077866
0 0.0282874 0.0634314 0.0733015
0 0.0270542 0.059945 0.0684796
0 0.0257677 0.0563758 0.0634428
0 0.024403 0.0527393 0.0582419
0 0.0229613 0.049037 0.0529331
0 0.0214499 0.045255 0.0475688
0 0.0198676 0.0414033 0.042182
0 0.018211 0.0375208 0.0368208
0 0.016474 0.0336333 0.0315711
0 0.0146455 0.0297418 0.0264819
0 0.0127163 0.025831 0.0215662
0 0.0106881 0.0218799 0.0168507
0 0.00857142 0.0178844 0.0123515
0 0.00637911 0.0138652 0.00806304
0 0.00412226 0.00984796 0.00397709
0 0.00181243 0.00584582 8.20117e-05
0 -0.000533958 0.00186535 -0.00364165
0 -0.00289491 -0.00207602 -0.00721494
0 -0.00524555 -0.00594735 -0.0106602
0 -0.00756168 -0.00972078 -0.0140042
0 -0.00982281 -0.0133824 -0.0172751
0 -0.0120129 -0.0169263 -0.0204991
0 -0.0141147 -0.0203482 -0.023699
0 -0.0161055 -0.0236454 -0.0268905
0 -0.0179636 -0.0268176 -0.0300809
0 -0.0196715 -0.0298638 -0.0332667
0 -0.0212121 -0.0327796 -0.0364335
0 -0.0225681 -0.0355564 -0.0395569
0 -0.0237238 -0.0381841 -0.0426062
0 -0.02467 -0.0406535 -0.0455485
0 -0.0254071 -0.0429544 -0.0483521
0 -0.0259431 -0.0450724 -0.0509866
0 -0.0262915 -0.0469868 -0.0534223
0 -0.0264708 -0.048674 -0.0556298
0 -0.0265048 -0.0501116 -0.0575814
0 -0.0264196 -0.0512778 -0.0592516
0 -0.0262411 -0.052152 -0.0606164
0 -0.0259897 -0.0527167 -0.0616528
0 -0.0256852 -0.0529621 -0.0623388
0 -0.0253513 -0.0528872 -0.062655
0 -0.0250008 -0.052501 -0.0625844
0 -0.0246325 -0.0518211 -0.0621091
0 -0.024243 -0.0508588 -0.0612099
0 -0.023822 -0.0496161 -0.0598697
0 -0.0233474 -0.0481123 -0.0580778
0 -0.0227941 -0.0463782 -0.0558329
0 -0.0221433 -0.0444333 -0.0531466
0 -0.0213831 -0.0422882 -0.0500469
0 -0.0205078 -0.0399504 -0.0465757
0 -0.0195182 -0.0374257 -0.0427853
0 -0.0184212 -0.0347179 -0.038735
0 -0.0172271 -0.0318299 -0.0344863
0 -0.0159466 -0.0287631 -0.0300986
0 -0.0145906 -0.0255225 -0.0256273
0 -0.0131775 -0.022123 -0.0211274
0 -0.0117326 -0.0185955 -0.016634
0 -0.0102594 -0.0149851 -0.01215
0 -0.00873659 -0.0113263 -0.00768644
0 -0.00714233 -0.0076297 -0.00326587
0 -0.00546299 -0.00390794 0.00110583
0 -0.00369615 -0.000188468 0.00542465
0 -0.00185772 0.00349486 0.00967497
0 2.46027e-05 0.00710639 0.0138387
0 0.0019255 0.0106205 0.0178955
0 0.00382444 0.0140297 0.0218191
0 0.00569898 0.017331 0.0255852
0 0.00752156 0.0205119 0.0291734
0 0.00926213 0.0235564 0.0325659
0 0.0108939 0.026455 0.0357493
0 0.0123984 0.0292036 0.0387151
0 0.013766 0.031795 0.0414594
0 0.0149916 0.0342158 0.0439811
0 0.0160716 0.0364498 0.0462812
0 0.0170033 0.0384811 0.0483617
0 0.0177857 0.0402959 0.0502242
0 0.0184198 0.0418806 0.0518711
0 0.0189089 0.0432203 0.0533038
0 0.0192585 0.0443006 0.0545215
0 0.0194747 0.0451102 0.0555205
0 0.0195624 0.0456425 0.0562928
0 0.0195265 0.0458946 0.0568271
0 0.0193736 0.045868 0.0571096
0 0.0191148 0.0455696 0.0571239
0 0.0187607 0.045012 0.0568527
0 0.0183172 0.0442133 0.0562794
0 0.0177909 0.0431959 0.0553909
0 0.0171951 0.0419844 0.0541793
0 0.0165443 0.0406019 0.0526436
0 0.0158505 0.0390687 0.0507906
0 0.0151249 0.037404 0.048635
0 0.0143779 0.0356218 0.046198
0 0.0136163 0.0337287 0.0435054
0 0.0128424 0.0317267 0.0405864
0 0.012055 0.0296172 0.0374743
0 0.0112523 0.0274036 0.0342068
0 0.0104323 0.0250928 0.0308247
0 0.00959278 0.022696 0.02737
0 0.00872954 0.020227 0.0238831
0 0.00782963 0.0176919 0.0203998
0 0.00687455 0.0150932 0.0169479
0 0.00586071 0.0124585 0.0135461
0 0.00480393 0.00983973 0.0102194
0 0.00371991 0.00727883 0.00700189
0 0.00261501 0.00479321 0.00391204
0 0.0014893 0.00238557 0.000958389
0 0.000339188 6.04073e-05 -0.0018455
0 -0.000834614 -0.00216706 -0.00448875
0 -0.00201865 -0.00428004 -0.0069644
0 -0.00319124 -0.00627404 -0.00926503
0 -0.00433408 -0.00815477 -0.0113851
0 -0.00543479 -0.00992439 -0.0133218
0 -0.00648027 -0.011575 -0.015072
0 -0.00745211 -0.0130943 -0.016632
0 -0.00832901 -0.0144723 -0.0180008
0 -0.00909202 -0.0157012 -0.0191799
0 -0.00972819 -0.0167713 -0.0201731
0 -0.0102311 -0.017671 -0.0209859
0 -0.0106 -0.0183897 -0.0216256
0 -0.0108385 -0.0189213 -0.0221013
0 -0.0109528 -0.0192638 -0.0224225
0 -0.0109512 -0.0194179 -0.0225974
0 -0.010842 -0.0193854 -0.0226311
0 -0.0106353 -0.0191699 -0.0225248
0 -0.0103451 -0.0187789 -0.0222756
0 -0.00998623 -0.0182244 -0.0218777
0 -0.00957139 -0.0175224 -0.021323
0 -0.00911188 -0.0166911 -0.0206035
0 -0.00861929 -0.0157507 -0.0197135
0 -0.00810562 -0.0147222 -0.0186505
0 -0.00758225 -0.0136257 -0.017417
0 -0.00705899 -0.0124784 -0.0160209
0 -0.00654333 -0.0112938 -0.014475
0 -0.00603996 -0.0100803 -0.0127962
0 -0.00555081 -0.00884214 -0.0110051
0 -0.00507551 -0.00758132 -0.00912558
0 -0.00461198 -0.00629912 -0.00718463
0 -0.00415678 -0.00499699 -0.00521042
0 -0.00370499 -0.003677 -0.00323115
0 -0.00325005 -0.00234252 -0.00127474
0 -0.00278427 -0.000998121 0.00063598
0 -0.00230034 0.000350767 0.00249044
0 -0.00179277 0.00169708 0.00428273
0 -0.00126013 0.00303099 0.00600229
0 -0.000705485 0.00434156 0.00764107
0 -0.000129529 0.00562459 0.00919733
0 0.000471993 0.00688384 0.0106712
0 0.00110116 0.00812083 0.0120657
0 0.00175442 0.00933234 0.0133885
0 0.0024231 0.010515 0.0146495
0 0.00309275 0.0116662 0.0158569
0 0.00374514 0.0127815 0.017014
0 0.00436197 0.0138517 0.0181207
0 0.0049264 0.0148635 0.0191761
0 0.0054247 0.0158057 0.0201811
0 0.00584989 0.0166715 0.0211389
0 0.00620235 0.0174566 0.0220522
0 0.0064863 0.018157 0.0229217
0 0.00670699 0.0187689 0.0237453
0 0.00687037 0.0192905 0.0245185
0 0.00698318 0.0197235 0.0252346
0 0.00705233 0.0200714 0.0258846
0 0.00708365 0.0203375 0.0264564
0 0.00708132 0.0205246 0.0269362
0 0.00704846 0.0206352 0.0273095
0 0.00698808 0.0206723 0.0275633
0 0.0069037 0.0206386 0.0276872
0 0.00679922 0.0205355 0.0276732
0 0.0066781 0.0203635 0.0275166
0 0.00654285 0.0201215 0.0272159
0 0.00639527 0.0198081 0.0267728
0 0.00623668 0.0194217 0.0261924
0 0.00606812 0.0189619 0.0254835
0 0.00589006 0.0184295 0.024658
0 0.00570172 0.0178267 0.0237291
0 0.00550032 0.0171566 0.0227107
0 0.00528032 0.0164216 0.0216149
0 0.00503303 0.0156227 0.0204514
0 0.0047476 0.0147591 0.0192263
0 0.00441336 0.0138295 0.0179445
0 0.00402195 0.012833 0.01661
0 0.00356875 0.0117699 0.015227
0 0.00305363 0.0106412 0.0137999
0 0.00248112 0.00944955 0.0123337
0 0.00185873 0.00819868 0.0108331
0 0.00119532 0.00689336 0.00930269
0 0.000499602 0.00554119 0.00774749
0 -0.000218905 0.00415551 0.0061729
0 -0.000940009 0.00275485 0.00458629
0 -0.00163222 0.00136072 0.00299815
0 -0.00227001 -3.8845e-06 0.0014215
0 -0.00284353 -0.00131804 -0.00013282
0 -0.00335409 -0.0025664 -0.00165929
0 -0.00380662 -0.00373894 -0.00315527
0 -0.00420545 -0.00482896 -0.0046174
0 -0.00455533 -0.00583188 -0.00603654
0 -0.00486344 -0.00674512 -0.00739704
0 -0.00513791 -0.00756882 -0.00868234
0 -0.00538431 -0.00830573 -0.00987568
0 -0.0056038 -0.00895885 -0.0109575
0 -0.00579436 -0.0095289 -0.0119068
0 -0.00595337 -0.0100142 -0.0127036
0 -0.00607932 -0.0104121 -0.0133319
0 -0.00617249 -0.0107207 -0.0137818
0 -0.00623479 -0.0109379 -0.0140502
0 -0.00626897 -0.0110612 -0.0141394
0 -0.00627759 -0.0110863 -0.0140553
0 -0.00626209 -0.0110084 -0.0138065
0 -0.0062223 -0.0108234 -0.0134043
0 -0.00615693 -0.0105302 -0.0128621
0 -0.00606424 -0.0101313 -0.0121946
0 -0.00594179 -0.00963112 -0.0114169
0 -0.00578598 -0.00903659 -0.0105432
0 -0.00559208 -0.00835649 -0.0095864
0 -0.00535545 -0.00760115 -0.00855843
0 -0.00507286 -0.00678183 -0.00747064
0 -0.00474325 -0.00590998 -0.00633418
0 -0.00436797 -0.00499667 -0.00516009
0 -0.00395085 -0.00405222 -0.0039593
0 -0.00349832 -0.00308594 -0.00274259
0 -0.00301912 -0.00210613 -0.00152077
0 -0.00252361 -0.00112041 -0.000304108
0 -0.00202302 -0.000136351 0.000898255
0 -0.00152918 0.000838226 0.00207878
0 -0.00105367 0.0017952 0.00323088
0 -0.000606342 0.0027262 0.00434767
0 -0.000195501 0.00362305 0.00542406
0 0.000174064 0.00447901 0.00645741
0 0.000502742 0.00528876 0.00744627
0 0.000795315 0.00604697 0.00838995
0 0.00105912 0.00674848 0.00928742
0 0.00129935 0.00739071 0.0101373
0 0.00151915 0.00797587 0.0109383
0 0.00172305 0.00850816 0.0116887
0 0.00191458 0.00898962 0.0123841
0 0.00209326 0.00942017 0.0130172
0 0.00225577 0.00979939 0.0135796
0 0.00239852 0.0101274 0.0140631
0 0.00251893 0.0104047 0.0144619
0 0.00261621 0.0106321 0.0147726
0 0.00269156 0.0108109 0.0149952
0 0.00274737 0.0109422 0.0151325
0 0.00278586 0.0110266 0.0151884
0 0.00280805 0.011063 0.015167
0 0.00281349 0.0110484 0.015072
0 0.00280075 0.0109793 0.0149068
0 0.00276845 0.0108537 0.0146758
0 0.00271643 0.0106726 0.0143847
0 0.00264592 0.0104392 0.0140407
0 0.0025581 0.0101584 0.0136507
0 0.00245194 0.00983413 0.0132192
0 0.00232357 0.00946805 0.012747
0 0.00216778 0.0090604 0.0122328
0 0.00198053 0.00861147 0.0116751
0 0.00176091 0.00812293 0.0110744
0 0.00151233 0.00759888 0.0104338
0 0.00124156 0.00704528 0.00975898
0 0.000956825 0.00646872 0.00905649
0 0.000666571 0.00587523 0.00833295
0 0.000378357 0.00526969 0.00759463
0 9.78579e-05 0.00465812 0.00684783
0 -0.000170024 0.00404931 0.00609907
0 -0.000419318 0.00345185 0.00535501
0 -0.00064569 0.00287306 0.00462212
0 -0.000848233 0.00231995 0.00390607
0 -0.00102781 0.00179793 0.00321138
0 -0.00118865 0.00130994 0.00254029
0 -0.00133842 0.000856426 0.00189369
0 -0.00148372 0.000436467 0.00127448
0 -0.00162671 5.01338e-05 0.000688572
0 -0.00176484 -0.000300434 0.00014548
0 -0.00189308 -0.000612115 -0.000342539
0 -0.00200659 -0.000882359 -0.000763667
0 -0.0021024 -0.00111024 -0.0011096
0 -0.00218055 -0.00129719 -0.00137695
0 -0.00224427 -0.00144675 -0.00156698
0 -0.00229876 -0.00156328 -0.00168496
0 -0.00234943 -0.00165064 -0.00173844
0 -0.0024007 -0.00171195 -0.00173589
0 -0.00245524 -0.0017496 -0.00168635
0 -0.00251272 -0.00176446 -0.00159797
0 -0.00256876 -0.00175473 -0.00147601
0 -0.00261593 -0.00171684 -0.00132329
0 -0.0026468 -0.001648 -0.00114259
0 -0.00265639 -0.0015481 -0.000938319
0 -0.00264214 -0.00141914 -0.000715797
0 -0.00260239 -0.00126322 -0.000479039
0 -0.00253486 -0.00108082 -0.000229539
0 -0.00243651 -0.000870367 3.35919e-05
0 -0.00230498 -0.000629472 0.0003129
0 -0.00214117 -0.000357262 0.000610484
0 -0.00195127 -5.66496e-05 0.000925149
0 -0.00174598 0.000265739 0.00125244
0 -0.00153655 0.000602522 0.00158825
0 -0.0013309 0.000948804 0.00193213
0 -0.0011324 0.00130266 0.00228727
0 -0.0009414 0.00166319 0.00265836
0 -0.000757908 0.00202881 0.00304947
0 -0.000582258 0.00239742 0.0034633
0 -0.000413762 0.00276759 0.00390164
0 -0.000250241 0.00313999 0.00436687
0 -8.76141e-05 0.00351778 0.00486224
0 8.00775e-05 0.0039059 0.00539052
0 0.000257956 0.0043097 0.00595241
0 0.00044882 0.00473386 0.00654689
0 0.000651644 0.00518106 0.00717024
0 0.00086116 0.00565011 0.00781433
0 0.0010716 0.00613636 0.00846936
0 0.00127786 0.00663396 0.00912651
0 0.00147549 0.0071368 0.00977805
0 0.0016627 0.00763929 0.0104184
0 0.00184006 0.0081362 0.0110442
0 0.00200906 0.00862199 0.0116528
0 0.00217174 0.0090913 0.0122419
0 0.00232966 0.00953773 0.0128085
0 0.002482 0.00995355 0.0133476
0 0.00262431 0.0103302 0.0138506
0 0.00274922 0.0106578 0.0143057
0 0.00284796 0.0109261 0.0146997
0 0.00291196 0.0111255 0.015019
0 0.00293462 0.011249 0.0152517
0 0.00291255 0.0112919 0.0153878
0 0.00284561 0.0112516 0.0154202
0 0.00273569 0.0111268 0.0153435
0 0.00258569 0.0109164 0.0151535
0 0.00239972 0.0106204 0.0148475
0 0.00218357 0.0102405 0.0144252
0 0.00194431 0.00978082 0.0138896
0 0.00168863 0.00924692 0.0132449
0 0.00142083 0.00864385 0.0124953
0 0.00114181 0.00797544 0.0116445
0 0.000849678 0.0072446 0.0106954
0 0.000541839 0.0064541 0.00965255
0 0.000216798 0.00560769 0.00852273
0 -0.000128799 0.00470973 0.0073154
0 -0.000498406 0.00376332 0.0060417
0 -0.000889134 0.0027744 0.00471454
0 -0.00129276 0.00175834 0.00334953
0 -0.00169712 0.000735867 0.00196582
0 -0.00208934 -0.000275216 0.000586237
0 -0.00246105 -0.00126039 -0.000766542
0 -0.00280801 -0.00220657 -0.0020728
0 -0.00312869 -0.00310302 -0.00331494
0 -0.0034241 -0.00394183 -0.00447875
0 -0.00369724 -0.00471729 -0.00555339
0 -0.00395174 -0.0054249 -0.00652885
0 -0.00418976 -0.00606005 -0.00739571
0 -0.00441052 -0.00661703 -0.00814535
0 -0.00461055 -0.00708972 -0.00876913
0 -0.00478506 -0.00747269 -0.00925918
0 -0.0049289 -0.0077613 -0.00960958
0 -0.00503653 -0.00795115 -0.00981645
0 -0.00510213 -0.00803799 -0.00987771
0 -0.00512034 -0.00801819 -0.00979329
0 -0.00508689 -0.00788905 -0.00956508
0 -0.00499883 -0.00764878 -0.00919668
0 -0.00485501 -0.00729704 -0.00869343
0 -0.00465694 -0.00683592 -0.00806302
0 -0.00440875 -0.0062705 -0.00731527
0 -0.00411602 -0.00560807 -0.00646086
0 -0.00378441 -0.00485699 -0.00551005
0 -0.00341913 -0.00402642 -0.00447234
0 -0.00302489 -0.00312632 -0.00335664
0 -0.00260585 -0.00216696 -0.0021713
0 -0.0021654 -0.00115821 -0.000923893
0 -0.00170706 -0.000109736 0.000377913
0 -0.00123642 0.00096737 0.00172423
0 -0.000761497 0.00205978 0.00310238
0 -0.000293546 0.00315318 0.00449805
0 0.00015607 0.00423438 0.00589712
0 0.000582338 0.00529328 0.00728831
0 0.000987394 0.00632295 0.00866253
0 0.00137667 0.00731668 0.010011
0 0.00175148 0.00826938 0.0113233
0 0.00210745 0.00918011 0.0125862
0 0.00244027 0.0100475 0.0137858
0 0.00274907 0.0108673 0.0149108
0 0.0030365 0.011634 0.0159528
0 0.00330604 0.012344 0.0169055
0 0.00355941 0.0129958 0.0177644
0 0.00379734 0.0135884 0.0185263
0 0.00402184 0.0141202 0.0191904
0 0.00423598 0.0145907 0.0197584
0 0.00444164 0.0150015 0.0202337
0 0.0046383 0.0153551 0.0206205
0 0.00482309 0.0156531 0.0209227
0 0.00499086 0.0158946 0.0211426
0 0.00513447 0.0160774 0.0212817
0 0.00524613 0.0161985 0.0213414
0 0.00531889 0.0162556 0.0213234
0 0.00534752 0.016246 0.0212306
0 0.00532878 0.0161671 0.0210657
0 0.00526131 0.0160162 0.0208313
0 0.00514562 0.0157915 0.0205298
0 0.00498406 0.0154925 0.020163
0 0.00478044 0.0151194 0.0197322
0 0.00453949 0.014674 0.0192378
0 0.0042664 0.0141591 0.0186791
0 0.00396665 0.0135794 0.018055
0 0.00364583 0.0129411 0.0173645
0 0.00330927 0.0122513 0.0166065
0 0.00296193 0.0115178 0.0157809
0 0.00260907 0.0107496 0.0148892
0 0.0022574 0.00995763 0.0139368
0 0.0019148 0.00915435 0.0129328
0 0.00158859 0.008352 0.0118888
0 0.00128286 0.00755967 0.0108166
0 0.000997495 0.00678164 0.00972614
0 0.000729367 0.00601746 0.00862571
0 0.000472538 0.00526329 0.007524
0 0.000221421 0.00451827 0.00643224
0 -2.32418e-05 0.0037912 0.00536417
0 -0.000257649 0.00309497 0.00433506
0 -0.000480937 0.00243624 0.00336058
0 -0.000693964 0.00181587 0.00245293
0 -0.000898999 0.00123428 0.00162031
0 -0.00110055 0.00069303 0.000869891
0 -0.00130259 0.000193997 0.00020709
0 -0.00150613 -0.000261715 -0.000365624
0 -0.00171002 -0.000673683 -0.000847505
0 -0.00191249 -0.00104103 -0.00123975
0 -0.00211121 -0.00136216 -0.00154601
0 -0.002303 -0.00163599 -0.00177158
0 -0.00248468 -0.00186353 -0.00192399
0 -0.00265411 -0.00204809 -0.00201375
0 -0.00281034 -0.00219445 -0.00205349
0 -0.00295304 -0.00230799 -0.00205632
0 -0.00308126 -0.00239404 -0.00203441
0 -0.00319205 -0.00245633 -0.0019973
0 -0.00327945 -0.00249536 -0.00195019
0 -0.00333572 -0.00250852 -0.00189446
0 -0.00335381 -0.00249204 -0.00182941
0 -0.0033294 -0.00244248 -0.00175309
0 -0.00326148 -0.00235751 -0.0016638
0 -0.00315344 -0.00223701 -0.00156184
0 -0.00301414 -0.00208413 -0.00144924
0 -0.00285592 -0.00190494 -0.00132887
0 -0.00269149 -0.00170689 -0.00120353
0 -0.00253161 -0.00149704 -0.00107356
0 -0.00238278 -0.00128021 -0.000934833
0 -0.00224652 -0.00105842 -0.000779682
0 -0.00212097 -0.000831875 -0.000599096
0 -0.00200307 -0.000600373 -0.000384699
0 -0.00188973 -0.000363522 -0.000130331
0 -0.00177785 -0.000120086 0.000167881
0 -0.00166424 0.000132597 0.000511977
0 -0.00154572 0.000398556 0.000902067
0 -0.00141967 0.00068255 0.00133622
0 -0.00128492 0.000988681 0.00181
0 -0.00114245 0.00131868 0.00231635
0 -0.000995511 0.00167128 0.00284614
0 -0.000848426 0.00204311 0.00338955
0 -0.00070461 0.00242995 0.00393764
0 -0.000564868 0.00282781 0.00448332
0 -0.000427442 0.00323333 0.00502285
0 -0.000288757 0.00364414 0.00555476
0 -0.000144136 0.00405878 0.00607887
0 1.11372e-05 0.00447551 0.0065959
0 0.00018018 0.00489162 0.00710565
0 0.000362458 0.0053039 0.00760677
0 0.000554828 0.0057093 0.00809727
0 0.000753917 0.00610482 0.00857459
0 0.000955762 0.00648803 0.00903609
0 0.00115515 0.00685786 0.00947942
0 0.00134689 0.00721332 0.00990262
0 0.00152683 0.0075535 0.0103047
0 0.00169217 0.00787843 0.0106861
0 0.0018421 0.0081885 0.0110483
0 0.00197735 0.00848373 0.0113932
0 0.00209849 0.00876337 0.0117222
0 0.0022055 0.0090255 0.0120357
0 0.00229856 0.00926744 0.0123335
0 0.00237852 0.00948685 0.0126148
0 0.00244659 0.00968243 0.0128783
0 0.00250393 0.00985346 0.0131226
0 0.00255141 0.0099994 0.0133453
0 0.00258972 0.0101202 0.0135439
0 0.00261947 0.0102167 0.0137154
0 0.00264122 0.01029 0.0138571
0 0.00265531 0.0103415 0.0139662
0 0.00266198 0.0103726 0.0140405
0 0.00266149 0.0103841 0.0140786
0 0.00265419 0.0103766 0.0140796
0 0.00264059 0.0103508 0.0140436
0 0.00262163 0.010307 0.0139721
0 0.00259917 0.0102467 0.0138683
0 0.00257587 0.010172 0.0137371
0 0.00255443 0.0100857 0.0135844
0 0.00253683 0.00999075 0.0134161
0 0.0025236 0.00988955 0.0132376
0 0.00251324 0.00978334 0.0130527
0 0.00250231 0.00967212 0.0128635
0 0.0024864 0.00955511 0.0126709
0 0.00246139 0.00943139 0.0124759
0 0.0024242 0.00930037 0.0122793
0 0.00237344 0.00916209 0.0120827
0 0.00230997 0.00901781 0.0118887
0 0.00223682 0.00887008 0.0117007
0 0.00215823 0.00872221 0.0115224
0 0.00207875 0.00857745 0.0113572
0 0.00200262 0.00843882 0.0112074
0 0.00193318 0.008309 0.0110741
0 0.00187191 0.00818974 0.0109568
0 0.00181831 0.00808133 0.010853
0 0.00177069 0.00798302 0.0107593
0 0.00172717 0.00789385 0.0106722
0 0.00168607 0.00781279 0.0105887
0 0.00164578 0.00773833 0.0105061
0 0.00160477 0.00766822 0.0104219
0 0.00156183 0.0075997 0.0103339
0 0.00151671 0.00753025 0.0102411
0 0.00147056 0.0074586 0.0101439
0 0.00142559 0.0073847 0.0100439
0 0.00138389 0.00730857 0.00994263
0 0.00134548 0.00722895 0.00983997
0 0.00130771 0.00714291 0.00973324
0 0.00126672 0.00704694 0.00961857
0 0.00121977 0.00693897 0.00949312
0 0.00116655 0.00681953 0.00935629
0 0.0011084 0.00669082 0.00920907
0 0.00104669 0.00655494 0.00905236
0 0.000981887 0.00641314 0.00888619
0 0.000913865 0.00626597 0.00871005
0 0.000842759 0.00611355 0.00852375
0 0.000769668 0.00595644 0.00832826
0 0.000696864 0.00579663 0.00812599
0 0.000627288 0.0056374 0.00792033
0 0.000562589 0.00548052 0.0077136
0 0.000499493 0.00532267 0.00750356
0 0.000427934 0.00515415 0.00728152
0 0.000335042 0.00496201 0.00703549
0 0.000212163 0.00473565 0.00675626
0 5.75475e-05 0.00447002 0.00644029
0 -0.00012555 0.00416446 0.00608804
0 -0.000330903 0.0038207 0.00570169
0 -0.000550502 0.00344277 0.00528483
0 -0.000774955 0.00303763 0.00484262
0 -0.000994518 0.00261369 0.00438008
0 -0.00120304 0.00217688 0.00389854
0 -0.00140259 0.00172781 0.00339331
0 -0.00160227 0.00126305 0.00285548
0 -0.00181205 0.000778527 0.00227625
0 -0.00203839 0.000271778 0.00165047
0 -0.0022833 -0.000257408 0.000977231
0 -0.00254523 -0.000807904 0.000259047
0 -0.00282132 -0.00137886 -0.000499058
0 -0.00310862 -0.00197028 -0.00129227
0 -0.00340297 -0.00258156 -0.00211451
0 -0.00369731 -0.00320917 -0.00295423
0 -0.00398203 -0.00384555 -0.00379684
0 -0.00424746 -0.00448033 -0.00462786
0 -0.00448625 -0.00510201 -0.0054339
0 -0.00469455 -0.00569898 -0.00620371
0 -0.0048725 -0.00626066 -0.00692925
0 -0.0050245 -0.00677908 -0.00760605
0 -0.00515777 -0.00724905 -0.00823193
0 -0.00527983 -0.00766739 -0.00880516
0 -0.00539655 -0.00803221 -0.00932308
0 -0.00551144 -0.00834313 -0.00978185
0 -0.00562556 -0.00860147 -0.0101768
0 -0.00573686 -0.00880905 -0.0105021
0 -0.00583951 -0.00896648 -0.0107501
0 -0.00592476 -0.00907253 -0.0109121
0 -0.00598337 -0.00912497 -0.0109807
0 -0.00600799 -0.00912147 -0.0109516
0 -0.00599382 -0.00905942 -0.0108239
0 -0.00593816 -0.00893534 -0.0105993
0 -0.00584015 -0.0087448 -0.0102815
0 -0.00570085 -0.00848327 -0.00987566
0 -0.00552284 -0.00814702 -0.00938798
0 -0.00530935 -0.00773346 -0.00882457
0 -0.00506337 -0.00724131 -0.0081904
0 -0.00478692 -0.00667075 -0.0074886
0 -0.00448094 -0.0060236 -0.00672035
0 -0.00414559 -0.00530342 -0.00588524
0 -0.00378068 -0.00451531 -0.00498188
0 -0.00338604 -0.0036655 -0.00400845
0 -0.00296193 -0.00276054 -0.00296337
0 -0.0025093 -0.00180663 -0.00184583
0 -0.00203025 -0.000809181 -0.000656369
0 -0.0015289 0.000226782 0.000602408
0 -0.00101232 0.0012952 0.00192433
0 -0.000490722 0.00238798 0.00329846
0 2.21622e-05 0.00349555 0.0047108
0 0.000512055 0.00460824 0.00614805
0 0.000973042 0.00571817 0.00759922
0 0.00141041 0.00681992 0.00905544
0 0.00183124 0.00790675 0.0105101
0 0.00223753 0.00897254 0.0119563
0 0.00262807 0.0100171 0.013383
0 0.00300183 0.0110394 0.014777
0 0.00336029 0.0120325 0.0161258
0 0.00370659 0.0129864 0.0174178
0 0.00404223 0.0138926 0.0186418
0 0.00436626 0.0147457 0.0197883
0 0.00467769 0.0155418 0.0208487
0 0.00497656 0.0162766 0.0218155
0 0.00526209 0.0169455 0.0226823
0 0.00553119 0.0175448 0.023444
0 0.00577954 0.0180724 0.0240969
0 0.00600384 0.0185277 0.0246396
0 0.00620302 0.0189112 0.0250741
0 0.00637752 0.019225 0.0254051
0 0.00652787 0.0194723 0.0256395
0 0.00665372 0.019656 0.0257843
0 0.00675316 0.0197773 0.0258456
0 0.00682258 0.0198348 0.0258276
0 0.00685763 0.0198257 0.0257332
0 0.00685536 0.0197488 0.025566
0 0.00681588 0.0196057 0.0253318
0 0.00674203 0.0194011 0.0250385
0 0.00663801 0.0191409 0.0246938
0 0.00650726 0.01883 0.0243033
0 0.00635038 0.0184709 0.0238682
0 0.00616571 0.0180639 0.0233869
0 0.0059526 0.0176099 0.0228574
0 0.00571434 0.0171132 0.0222809
0 0.00545772 0.0165812 0.0216616
0 0.0051905 0.0160223 0.0210046
0 0.00491925 0.0154437 0.0203144
0 0.00464832 0.0148505 0.0195939
0 0.00437958 0.0142459 0.0188448
0 0.00411317 0.0136317 0.0180684
0 0.00384852 0.0130093 0.0172663
0 0.00358505 0.0123801 0.0164417
0 0.0033225 0.0117457 0.0155986
0 0.00306077 0.011108 0.0147422
0 0.00279968 0.0104684 0.0138782
0 0.00253849 0.00982772 0.0130117
0 0.00227571 0.00918561 0.0121471
0 0.00200917 0.00854132 0.0112879
0 0.00173705 0.00789417 0.0104366
0 0.00145864 0.00724333 0.00959538
0 0.00117338 0.00658805 0.00876592
0 0.000878993 0.00592865 0.00794901
0 0.000572921 0.00526781 0.00714487
0 0.000256661 0.00460836 0.00635325
0 -6.64782e-05 0.00395106 0.00557371
0 -0.000395083 0.00329603 0.00480566
0 -0.000727091 0.00264447 0.00404755
0 -0.00105886 0.00199855 0.0032975
0 -0.00138704 0.00136006 0.00255441
0 -0.00170944 0.000730033 0.00181749
0 -0.00202437 0.000109461 0.00108575
0 -0.00232961 -0.00050029 0.000358431
0 -0.00262239 -0.00109768 -0.00036446
0 -0.00290042 -0.00168109 -0.00108153
0 -0.00316203 -0.00224826 -0.00179052
0 -0.00340499 -0.00279556 -0.00248717
0 -0.00362599 -0.00331794 -0.00316438
0 -0.00382193 -0.00380998 -0.00381485
0 -0.00399143 -0.00426676 -0.00443201
0 -0.00413505 -0.00468408 -0.00500923
0 -0.00425447 -0.00505829 -0.00554007
0 -0.00435161 -0.00538618 -0.0060184
0 -0.00442822 -0.00566487 -0.00643806
0 -0.00448531 -0.00589135 -0.00679229
0 -0.00452247 -0.00606184 -0.00707343
0 -0.00453774 -0.00617177 -0.00727309
0 -0.0045287 -0.00621692 -0.00738352
0 -0.00449446 -0.00619512 -0.0073997
0 -0.00443657 -0.00610724 -0.00732035
0 -0.00435818 -0.00595615 -0.0071471
0 -0.0042622 -0.00574481 -0.00688256
0 -0.00414963 -0.00547532 -0.00652935
0 -0.00401965 -0.00514914 -0.00609024
0 -0.00387098 -0.00476773 -0.00556905
0 -0.00370255 -0.00433299 -0.00497083
0 -0.00351337 -0.00384715 -0.00430159
0 -0.00330246 -0.00331261 -0.00356803
0 -0.00306956 -0.00273251 -0.00277784
0 -0.00281608 -0.00211153 -0.00194033
0 -0.00254529 -0.00145601 -0.00106611
0 -0.00226133 -0.00077336 -0.000166245
0 -0.00196808 -7.13551e-05 0.000748748
0 -0.00166875 0.00064258 0.00167024
0 -0.00136542 0.00136219 0.00259242
0 -0.00105846 0.00208268 0.00351119
0 -0.000747344 0.00280012 0.00442246
0 -0.000433653 0.00351062 0.00532251
0 -0.000121542 0.00421078 0.00620771
0 0.000186416 0.00489768 0.00707398
0 0.000488878 0.00556797 0.00791719
0 0.000782336 0.00621707 0.00873235
0 0.00106239 0.00683944 0.00951353
0 0.00132495 0.00743059 0.0102554
0 0.00156633 0.00798694 0.0109531
0 0.00178382 0.00850451 0.0116024
0 0.00197591 0.00897892 0.0122001
0 0.00214289 0.00940642 0.0127445
0 0.00228685 0.00978519 0.0132345
0 0.00241071 0.0101153 0.0136698
0 0.00251698 0.0103969 0.0140496
0 0.00260738 0.0106298 0.0143727
0 0.00268312 0.0108149 0.0146383
0 0.00274529 0.0109544 0.0148454
0 0.00279478 0.0110515 0.0149936
0 0.00283207 0.011109 0.0150832
0 0.00285722 0.01113 0.015115
0 0.00286999 0.0111172 0.0150903
0 0.00286946 0.0110724 0.0150107
0 0.00285352 0.0109952 0.0148773
0 0.002819 0.0108836 0.0146904
0 0.00276296 0.0107343 0.0144509
0 0.00268417 0.0105453 0.0141612
0 0.00258407 0.0103164 0.013826
0 0.00246635 0.0100498 0.013452
0 0.00233546 0.00974901 0.013046
0 0.00219507 0.00941776 0.0126141
0 0.00204681 0.00905911 0.01216
0 0.0018898 0.00867487 0.0116846
0 0.00172154 0.0082659 0.0111868
0 0.00153927 0.00783292 0.0106646
0 0.00134083 0.00737725 0.0101165
0 0.00112544 0.00690061 0.00954147
0 0.000894114 0.00640484 0.0089397
0 0.000649787 0.00589229 0.00831331
0 0.000396051 0.0053655 0.00766582
0 0.000136331 0.00482789 0.00700134
0 -0.00012419 0.004284 0.00632411
0 -0.000379784 0.00373672 0.00563816
0 -0.000628927 0.00318711 0.00494651
0 -0.000872754 0.00263679 0.00425086
0 -0.00111071 0.0020872 0.00355267
0 -0.00134244 0.00153924 0.00285311
0 -0.00157024 0.000994538 0.00215294
0 -0.00179732 0.000455062 0.00145425
0 -0.00202481 -7.69386e-05 0.000760281
0 -0.00224997 -0.000597561 7.60072e-05
0 -0.00246746 -0.00110087 -0.000590202
0 -0.00267201 -0.00158035 -0.00122891
0 -0.0028597 -0.00203025 -0.00183121
0 -0.00302791 -0.00244604 -0.00238925
0 -0.00317571 -0.00282476 -0.00289768
0 -0.00330425 -0.00316503 -0.0033536
0 -0.00341633 -0.00346641 -0.00375534
0 -0.00351504 -0.00372869 -0.00410199
0 -0.00360249 -0.00395144 -0.00439275
0 -0.00367911 -0.00413353 -0.0046263
0 -0.00374343 -0.0042729 -0.0048005
0 -0.00379263 -0.00436683 -0.00491266
0 -0.00382331 -0.00441267 -0.00496025
0 -0.00383222 -0.00440832 -0.00494152
0 -0.00381695 -0.00435261 -0.00485605
0 -0.00377657 -0.00424571 -0.00470516
0 -0.00371183 -0.00408923 -0.00449177
0 -0.00362444 -0.00388554 -0.00421968
0 -0.00351616 -0.00363714 -0.00389291
0 -0.0033886 -0.00334663 -0.00351551
0 -0.00324362 -0.00301695 -0.00309163
0 -0.00308324 -0.00265148 -0.00262555
0 -0.00290948 -0.00225398 -0.00212164
0 -0.00272425 -0.00182847 -0.0015842
0 -0.00252943 -0.00137921 -0.00101757
0 -0.00232678 -0.000910597 -0.00042612
0 -0.00211775 -0.000426835 0.000185951
0 -0.00190267 6.9016e-05 0.000815445
0 -0.0016803 0.000575838 0.00146126
0 -0.00144836 0.00109421 0.00212365
0 -0.00120432 0.0016253 0.0028026
0 -0.000946948 0.00216969 0.00349767
0 -0.000677875 0.00272673 0.00420658
0 -0.000401989 0.00329433 0.00492462
0 -0.000125719 0.00386948 0.00564726
0 0.000146594 0.00444926 0.00637026
0 0.000412381 0.00503084 0.00708942
0 0.0006683 0.00561055 0.00780163
0 0.000911896 0.00618372 0.00850381
0 0.00114182 0.00674366 0.00919206
0 0.00135604 0.00728261 0.00986205
0 0.00155303 0.00779468 0.0105094
0 0.00173273 0.00827585 0.0111305
0 0.00189684 0.00872374 0.0117235
0 0.00204896 0.00913799 0.0122873
0 0.00219317 0.00951914 0.0128202
0 0.00233175 0.00986816 0.0133197
0 0.00246399 0.0101858 0.0137808
0 0.00258609 0.0104704 0.014196
0 0.00269218 0.0107172 0.014556
0 0.00277661 0.0109218 0.014852
0 0.00283598 0.0110814 0.0150785
0 0.00286931 0.0111945 0.0152324
0 0.00287678 0.0112586 0.0153122
0 0.0028593 0.011271 0.0153173
0 0.0028191 0.0112297 0.015249
0 0.00276001 0.0111349 0.0151109
0 0.00268649 0.0109882 0.0149077
0 0.00260232 0.0107922 0.0146444
0 0.00250994 0.0105501 0.0143255
0 0.0024103 0.0102659 0.0139551
0 0.00230305 0.00994399 0.0135367
0 0.00218671 0.009589 0.0130735
0 0.00205913 0.00920538 0.0125687
0 0.00191822 0.00879736 0.0120257
0 0.00176249 0.00836881 0.0114487
0 0.00159159 0.00792297 0.0108427
0 0.00140627 0.00746256 0.0102133
0 0.00120824 0.00699001 0.00956665
0 0.0010003 0.00650724 0.00890931
0 0.000785648 0.00601517 0.00824778
0 0.000567274 0.00551512 0.00758817
0 0.000347335 0.00501152 0.00693603
0 0.000127753 0.00450927 0.00629628
0 -8.78208e-05 0.00401116 0.00567307
0 -0.000296228 0.00352094 0.00507021
0 -0.000497862 0.00304391 0.00449067
0 -0.000693361 0.00258463 0.00393548
0 -0.000881444 0.00214623 0.00340453
0 -0.00106242 0.00173049 0.00289747
0 -0.00123871 0.00133831 0.00241355
0 -0.00141098 0.000971075 0.00195316
0 -0.00157637 0.000631429 0.00151919
0 -0.00172998 0.000322473 0.0011163
0 -0.0018669 4.67348e-05 0.000749973
0 -0.0019832 -0.000193913 0.000424959
0 -0.00207582 -0.000397749 0.000145327
0 -0.00214216 -0.000562745 -8.43907e-05
0 -0.00218036 -0.000686464 -0.000260082
0 -0.00219024 -0.000766568 -0.000379125
0 -0.00217411 -0.000801879 -0.000440675
0 -0.00213673 -0.000793137 -0.000446203
0 -0.00208422 -0.000742685 -0.000399108
0 -0.00202274 -0.000653661 -0.000303211
0 -0.00195743 -0.000529648 -0.000162039
0 -0.00189209 -0.000374856 2.09785e-05
0 -0.00182918 -0.000194244 0.000242343
0 -0.00176983 6.76224e-06 0.000498463
0 -0.00171391 0.000222692 0.000785597
0 -0.00166039 0.000448256 0.00109955
0 -0.00160792 0.000678444 0.00143532
0 -0.00155512 0.000908671 0.00178719
0 -0.00150069 0.00113508 0.00214873
0 -0.00144344 0.00135501 0.00251285
0 -0.00138204 0.0015676 0.00287343
0 -0.00131471 0.00177393 0.0032257
0 -0.00123963 0.00197636 0.00356496
0 -0.00115576 0.00217742 0.00388721
0 -0.00106307 0.00237924 0.00418925
0 -0.000962125 0.00258359 0.00446848
0 -0.000853681 0.00279179 0.00472405
0 -0.000738532 0.00300438 0.00495663
0 -0.00061784 0.00322072 0.00516792
0 -0.000493397 0.00343892 0.0053608
0 -0.000367375 0.00365616 0.00553884
0 -0.000241954 0.00386915 0.0057057
0 -0.000119164 0.00407453 0.00586519
0 -1.12956e-06 0.00426921 0.00602097
0 0.000109474 0.00445033 0.00617585
0 0.000209041 0.00461503 0.0063312
0 0.000293481 0.00476044 0.00648642
0 0.000359156 0.004884 0.0066393
0 0.000403263 0.00498391 0.00678692
0 0.000424318 0.0050596 0.00692602
0 0.000422961 0.00511189 0.00705362
0 0.000401926 0.0051426 0.00716732
0 0.000365063 0.00515414 0.00726472
0 0.000316536 0.00514891 0.00734311
0 0.00026067 0.00512892 0.00739975
0 0.000201832 0.00509614 0.00743239
0 0.000144359 0.00505246 0.00743944
0 9.24844e-05 0.0049997 0.00741978
0 4.95204e-05 0.00493985 0.00737311
0 1.741e-05 0.00487464 0.00729998
0 -2.98403e-06 0.00480539 0.00720167
0 -1.2041e-05 0.00473304 0.00707994
0 -1.15659e-05 0.00465785 0.00693687
0 -4.44826e-06 0.00457955 0.00677485
0 5.64371e-06 0.00449763 0.00659678
0 1.48267e-05 0.00441123 0.00640617
0 1.97967e-05 0.00431956 0.00620728
0 1.83508e-05 0.00422318 0.00600514
0 9.63772e-06 0.00412369 0.00580547
0 -6.08582e-06 0.00402281 0.00561467
0 -2.81263e-05 0.00392223 0.00543879
0 -5.60405e-05 0.00382346 0.00528172
0 -9.00601e-05 0.00372731 0.00514527
0 -0.000131121 0.00363364 0.00502995
0 -0.000180109 0.00354189 0.00493499
0 -0.000236934 0.0034518 0.00485838
0 -0.000300745 0.0033635 0.00479769
0 -0.000370419 0.0032772 0.00475017
0 -0.000444487 0.00319306 0.00471204
0 -0.000520617 0.0031114 0.00467972
0 -0.000595176 0.00303338 0.00465134
0 -0.000663646 0.00296158 0.00462576
0 -0.000720739 0.00289966 0.00460286
0 -0.000760994 0.00285155 0.0045839
0 -0.000780452 0.00282083 0.00457014
0 -0.000776884 0.00281082 0.00456313
0 -0.000749137 0.00282446 0.00456519
0 -0.000697381 0.00286404 0.00457879
0 -0.000623305 0.00293103 0.00460671
0 -0.000529569 0.00302629 0.00465218
0 -0.000419403 0.00315021 0.00471913
0 -0.0002963 0.00330269 0.00481235
0 -0.000163649 0.00348306 0.00493652
0 -2.4494e-05 0.0036901 0.00509571
0 0.00011817 0.00392199 0.00529385
0 0.000261441 0.00417643 0.00553451
0 0.000403359 0.00445094 0.00581994
0 0.000542514 0.00474322 0.00615099
0 0.000677863 0.00505118 0.00652777
0 0.000808822 0.00537307 0.00694881
0 0.000935262 0.00570741 0.00741066
0 0.00105784 0.00605238 0.00790869
0 0.00117681 0.00640573 0.00843624
0 0.00129166 0.00676531 0.00898509
0 0.0014025 0.00712836 0.00954754
0 0.00151029 0.00749206 0.0101156
0 0.00161614 0.00785545 0.0106808
0 0.00172143 0.00821811 0.0112351
0 0.00182802 0.00857842 0.0117715
0 0.0019377 0.00893347 0.0122832
0 0.00205156 0.0092792 0.0127643
0 0.00217009 0.00961186 0.0132104
0 0.00229318 0.00992855 0.0136178
0 0.00241997 0.0102261 0.0139834
0 0.00254851 0.0105004 0.0143053
0 0.00267576 0.010748 0.0145822
0 0.00279785 0.010966 0.0148134
0 0.00291059 0.0111523 0.0149985
0 0.00300969 0.0113041 0.0151378
0 0.00309087 0.0114193 0.0152318
0 0.00315029 0.0114958 0.0152812
0 0.00318518 0.0115323 0.0152874
0 0.00319427 0.0115285 0.0152521
0 0.00317761 0.0114842 0.0151775
0 0.00313611 0.0114001 0.0150657
0 0.00307128 0.0112768 0.014918
0 0.00298519 0.0111158 0.0147357
0 0.00288036 0.0109187 0.0145194
0 0.00275942 0.0106877 0.0142694
0 0.00262452 0.0104249 0.013985
0 0.00247694 0.010132 0.0136647
0 0.00231731 0.00981001 0.0133063
0 0.0021461 0.00946001 0.0129077
0 0.00196419 0.00908335 0.0124678
0 0.0017736 0.00868244 0.011987
0 0.00157819 0.00826145 0.0114687
0 0.00138329 0.0078261 0.0109185
0 0.00119432 0.00738254 0.0103433
0 0.00101591 0.00693682 0.00975068
0 0.000851304 0.00649446 0.00914817
0 0.00070191 0.00605988 0.00854298
0 0.000566791 0.00563522 0.00794128
0 0.000442115 0.0052211 0.00734771
0 0.000322395 0.00481954 0.00676594
0 0.000203095 0.00443241 0.00619952
0 8.11174e-05 0.00405914 0.00565213
0 -4.65572e-05 0.0036987 0.00512793
0 -0.000183194 0.00335057 0.00463063
0 -0.000330836 0.00301416 0.00416316
0 -0.000489324 0.00268827 0.00372786
0 -0.000656757 0.00237128 0.00332599
0 -0.000830597 0.00206175 0.00295804
0 -0.00100866 0.00175888 0.00262371
0 -0.00118863 0.00146261 0.00232075
0 -0.00136741 0.00117347 0.00204568
0 -0.00154161 0.000892628 0.0017946
0 -0.0017082 0.000622005 0.0015631
0 -0.00186462 0.000364133 0.00134625
0 -0.00200873 0.000121641 0.00113946
0 -0.00213849 -0.000103163 0.000939231
0 -0.00225229 -0.000308441 0.0007424
0 -0.00234922 -0.000492903 0.00054637
0 -0.00242909 -0.000655939 0.00035003
0 -0.00249207 -0.000797714 0.000153591
0 -0.00253869 -0.00091915 -4.17759e-05
0 -0.0025698 -0.00102183 -0.000234344
0 -0.00258685 -0.00110779 -0.000421132
0 -0.00259175 -0.00117923 -0.000597672
0 -0.00258646 -0.00123805 -0.00075972
0 -0.00257263 -0.00128539 -0.000902492
0 -0.0025517 -0.00132147 -0.00102026
0 -0.00252531 -0.00134583 -0.00110846
0 -0.00249539 -0.00135756 -0.00116389
0 -0.00246384 -0.00135537 -0.00118421
0 -0.00243224 -0.00133755 -0.00116813
0 -0.00240131 -0.00130189 -0.0011151
0 -0.00237071 -0.00124577 -0.00102478
0 -0.00233907 -0.00116656 -0.000897207
0 -0.00230424 -0.00106197 -0.000732785
0 -0.00226356 -0.000930217 -0.000532261
0 -0.00221398 -0.000770011 -0.000296531
0 -0.00215228 -0.000580552 -2.66175e-05
0 -0.00207567 -0.000361766 0.000276113
0 -0.0019825 -0.000114733 0.000609438
0 -0.00187259 0.000158302 0.000970404
0 -0.0017469 0.000454515 0.00135586
0 -0.00160704 0.000771049 0.00176216
0 -0.00145474 0.00110514 0.00218579
0 -0.00129177 0.00145407 0.00262425
0 -0.00112048 0.00181507 0.00307491
0 -0.000943899 0.00218531 0.00353459
0 -0.000765106 0.00256188 0.00400011
0 -0.000586946 0.00294172 0.0044685
0 -0.000412675 0.00332137 0.00493692
0 -0.000245853 0.00369688 0.00540222
0 -8.89809e-05 0.00406422 0.0058607
0 5.69589e-05 0.00441965 0.00630869
0 0.000191054 0.00475938 0.00674279
0 0.00031176 0.00507941 0.00715954
0 0.000418148 0.00537626 0.00755523
0 0.000510254 0.00564698 0.00792598
0 0.000588736 0.00588871 0.0082679
0 0.000654436 0.00609934 0.00857718
0 0.000707688 0.00627788 0.00885008
0 0.000748802 0.0064239 0.00908313
0 0.000778637 0.0065374 0.00927307
0 0.000797975 0.00661861 0.00941692
0 0.000807062 0.0066676 0.00951221
0 0.000806108 0.00668464 0.0095573
0 0.000795811 0.00667062 0.00955169
0 0.000777213 0.0066269 0.00949606
0 0.000751221 0.00655478 0.00939203
0 0.000718337 0.00645525 0.00924191
0 0.000678736 0.00632911 0.00904857
0 0.000632442 0.00617741 0.00881547
0 0.000579267 0.00600147 0.00854649
0 0.000518728 0.0058023 0.00824586
0 0.000450236 0.0055806 0.00791794
0 0.000373178 0.00533785 0.00756714
0 0.000286829 0.00507663 0.00719775
0 0.000190413 0.0047997 0.0068139
0 8.36003e-05 0.00450895 0.0064196
0 -3.32055e-05 0.00420622 0.00601849
0 -0.000159107 0.00389473 0.00561385
0 -0.0002931 0.00357801 0.00520914
0 -0.000434189 0.00325862 0.00480778
0 -0.000580511 0.00293916 0.00441276
0 -0.000729169 0.00262318 0.00402674
0 -0.000876789 0.00231436 0.00365218
0 -0.00101993 0.00201577 0.00329153
0 -0.00115607 0.00173024 0.00294715
0 -0.00128328 0.0014606 0.00262094
0 -0.00139926 0.00120976 0.00231479
0 -0.00150182 0.000980523 0.00203068
0 -0.00158967 0.000775292 0.00177048
0 -0.00166231 0.0005959 0.00153586
0 -0.00171965 0.000443746 0.00132835
0 -0.00176179 0.000319991 0.00114989
0 -0.00178901 0.000225533 0.00100282
0 -0.00180179 0.00016088 0.000889151
0 -0.00180089 0.000126157 0.000810792
0 -0.00178712 0.000121233 0.000769759
0 -0.00176125 0.000145778 0.000767691
0 -0.00172409 0.000199289 0.000806075
0 -0.00167643 0.00028113 0.000886152
0 -0.00161904 0.000390592 0.00100834
0 -0.00155258 0.000526941 0.00117249
0 -0.00147758 0.000689471 0.00137799
0 -0.00139415 0.00087761 0.0016236
0 -0.00130204 0.001091 0.00190797
0 -0.00120085 0.00132948 0.00222969
0 -0.00108999 0.00159287 0.00258687
0 -0.000968781 0.00188093 0.0029769
0 -0.000836449 0.00219346 0.00339762
0 -0.000692056 0.00253048 0.00384792
0 -0.000534647 0.00289215 0.00432605
0 -0.000364169 0.00327829 0.00482932
0 -0.000181809 0.00368788 0.00535567
0 1.08146e-05 0.00411878 0.00590263
0 0.000211782 0.00456805 0.00646591
0 0.00041825 0.00503204 0.00704118
0 0.00062645 0.00550643 0.00762522
0 0.000833354 0.00598677 0.00821475
0 0.00103764 0.00646847 0.00880661
0 0.0012385 0.00694678 0.00939838
0 0.00143557 0.00741823 0.00998811
0 0.00162856 0.00788066 0.010574
0 0.00181665 0.00833209 0.0111543
0 0.00199961 0.00877111 0.0117266
0 0.00217768 0.00919643 0.0122877
0 0.00234973 0.00960533 0.0128336
0 0.00251321 0.00999491 0.0133592
0 0.0026657 0.0103635 0.0138592
0 0.00280555 0.0107092 0.0143283
0 0.00293146 0.0110288 0.0147617
0 0.00304223 0.0113195 0.0151551
0 0.0031371 0.0115789 0.0155047
0 0.00321604 0.0118048 0.0158074
0 0.00327969 0.0119951 0.016061
0 0.00332922 0.0121478 0.0162641
0 0.00336588 0.0122621 0.0164163
0 0.00339069 0.0123375 0.0165173
0 0.00340422 0.012374 0.016567
0 0.00340656 0.0123716 0.0165654
0 0.00339721 0.0123309 0.0165126
0 0.00337497 0.0122523 0.0164089
0 0.00333803 0.0121362 0.0162542
0 0.00328431 0.0119828 0.0160485
0 0.00321201 0.0117921 0.0157923
0 0.00311986 0.0115643 0.0154868
0 0.00300728 0.0112996 0.0151336
0 0.00287439 0.0109984 0.0147348
0 0.00272201 0.0106611 0.0142929
0 0.00255158 0.0102886 0.0138109
0 0.00236499 0.00988214 0.0132916
0 0.00216431 0.00944343 0.0127381
0 0.00195157 0.00897462 0.012153
0 0.00172852 0.00847826 0.0115387
0 0.00149663 0.00795703 0.0108971
0 0.00125703 0.0074138 0.0102299
0 0.00101075 0.00685176 0.0095387
0 0.000759128 0.00627439 0.00882531
0 0.000503252 0.00568458 0.00809189
0 0.000242886 0.00508397 0.00734106
0 -2.23916e-05 0.00447561 0.00657593
0 -0.000289944 0.00386482 0.00580025
0 -0.000556245 0.0032556 0.00501825
0 -0.000820946 0.00265 0.00423421
0 -0.0010833 0.00205042 0.00345313
0 -0.00133939 0.00146038 0.00268017
0 -0.00158608 0.000883796 0.0019202
0 -0.00182318 0.000323894 0.00117869
0 -0.00205122 -0.00021676 0.000460956
0 -0.00226946 -0.000735595 -0.000227823
0 -0.00247612 -0.00122979 -0.000882148
0 -0.00266997 -0.00169645 -0.00149665
0 -0.00285103 -0.00213295 -0.00206678
0 -0.00301985 -0.00253698 -0.00258887
0 -0.00317629 -0.00290618 -0.00305976
0 -0.00331945 -0.00323809 -0.00347685
0 -0.00344846 -0.00353035 -0.00383829
0 -0.00356284 -0.00378102 -0.00414275
0 -0.00366197 -0.0039885 -0.00438931
0 -0.00374464 -0.00415143 -0.00457755
0 -0.00380926 -0.00426876 -0.00470738
0 -0.00385435 -0.00433986 -0.00477903
0 -0.00387864 -0.00436453 -0.00479309
0 -0.00388108 -0.00434287 -0.0047504
0 -0.00386068 -0.00427523 -0.00465205
0 -0.0038167 -0.00416222 -0.00449939
0 -0.00374896 -0.00400468 -0.00429394
0 -0.00365781 -0.00380368 -0.00403741
0 -0.00354404 -0.00356049 -0.00373168
0 -0.00340878 -0.00327661 -0.00337875
0 -0.00325353 -0.00295376 -0.00298072
0 -0.00308016 -0.00259394 -0.00253978
0 -0.00289074 -0.00219944 -0.00205819
0 -0.00268743 -0.00177285 -0.00153825
0 -0.00247238 -0.00131703 -0.00098234
0 -0.00224766 -0.000835148 -0.000393025
0 -0.00201524 -0.000330593 0.000226995
0 -0.00177716 0.000193052 0.000874728
0 -0.00153545 0.000732029 0.00154699
0 -0.00129149 0.00128255 0.00224067
0 -0.00104621 0.00184092 0.00295185
0 -0.000800835 0.00240363 0.00367619
0 -0.000557686 0.00296741 0.00441004
0 -0.000319627 0.00352916 0.00514848
0 -8.75996e-05 0.00408591 0.00588577
0 0.000138899 0.00463523 0.00661694
0 0.000358818 0.00517503 0.00733679
0 0.000570795 0.0057031 0.00804026
0 0.000775109 0.00621632 0.00872272
0 0.000972177 0.00671145 0.00937958
0 0.00116218 0.00718725 0.0100068
0 0.00134524 0.00764286 0.0106011
0 0.00152065 0.00807618 0.0111595
0 0.00168776 0.00848446 0.0116794
0 0.00184692 0.00886447 0.0121585
0 0.00199803 0.00921351 0.0125952
0 0.00213976 0.00953051 0.0129879
0 0.00227049 0.00981444 0.0133356
0 0.00238904 0.0100632 0.0136372
0 0.00249412 0.0102751 0.013892
0 0.00258392 0.0104499 0.0140997
0 0.0026566 0.0105875 0.0142601
0 0.00271082 0.0106876 0.0143732
0 0.0027457 0.0107495 0.0144393
0 0.00276069 0.0107733 0.014459
0 0.00275561 0.010759 0.0144331
0 0.00273072 0.0107071 0.0143626
0 0.00268675 0.0106178 0.0142484
0 0.0026248 0.0104915 0.0140917
0 0.00254619 0.0103294 0.0138937
0 0.00245236 0.0101325 0.0136555
0 0.00234478 0.00990274 0.0133783
0 0.00222495 0.00964188 0.0130634
0 0.00209431 0.00935216 0.012712
0 0.00195416 0.00903609 0.0123255
0 0.00180565 0.00869635 0.0119057
0 0.00164983 0.00833563 0.0114546
0 0.00148782 0.00795654 0.0109743
0 0.00132072 0.00756153 0.0104677
0 0.00114935 0.00715308 0.00993755
0 0.000974639 0.00673356 0.00938742
0 0.000797671 0.00630496 0.00882087
0 0.00061929 0.00586871 0.00824186
0 0.000440065 0.00542568 0.00765451
0 0.000259939 0.004978 0.00706297
0 7.85211e-05 0.00452977 0.00647142
0 -0.000103243 0.00408374 0.00588388
0 -0.000283524 0.00364125 0.00530401
0 -0.000462485 0.00320482 0.00473563
0 -0.00064165 0.00277745 0.0041825
0 -0.000820144 0.00236173 0.00364733
0 -0.000995248 0.00196032 0.00313289
0 -0.0011656 0.00157557 0.00264232
0 -0.00133122 0.0012092 0.0021776
