0 0.00126986 0.00865878 0.0115528
0 0.00129995 0.0087487 0.0116727
0 0.00134101 0.00884572 0.0118031
0 0.00142105 0.00897957 0.0119703
0 0.00153869 0.00916024 0.0121789
0 0.00167742 0.00938611 0.0124249
0 0.00180006 0.00962803 0.0126841
0 0.0018473 0.00981805 0.0129023
0 0.00180401 0.00990968 0.0130504
0 0.00171725 0.00990946 0.0131426
0 0.00162974 0.00983465 0.0131815
0 0.00155744 0.00970165 0.0131472
0 0.00151199 0.00954628 0.0130301
0 0.00149391 0.00940153 0.0128308
0 0.00149094 0.00927688 0.0125592
0 0.00151056 0.00918758 0.0122631
0 0.00156018 0.00913993 0.0120031
0 0.00162895 0.009124 0.0118245
0 0.00170062 0.00913745 0.0117594
0 0.00175332 0.00917956 0.0118154
0 0.00176966 0.00924903 0.0119785
0 0.00174903 0.00934784 0.0122243
0 0.00169128 0.00945782 0.0125056
0 0.00155728 0.00949857 0.0127194
0 0.00133192 0.00939654 0.0127728
0 0.00108374 0.00915982 0.0126539
0 0.000875525 0.00881743 0.0123636
0 0.000724758 0.00839658 0.0118912
0 0.000634285 0.00794163 0.0112537
0 0.000567942 0.00747203 0.0104738
0 0.000485296 0.00699568 0.00959885
0 0.000404531 0.0065592 0.00874307
0 0.00037785 0.00623143 0.00805282
0 0.000448721 0.00608112 0.00766205
0 0.000612835 0.00614919 0.00764393
0 0.000808907 0.00642424 0.0079852
0 0.000940637 0.00683403 0.0085934
0 0.000956547 0.0072961 0.00936324
0 0.000950851 0.00782048 0.0102839
0 0.0010321 0.00842371 0.0113372
0 0.00116326 0.00900963 0.0123693
0 0.00127502 0.00948378 0.013217
0 0.00132996 0.00979486 0.0137664
0 0.00130847 0.00990295 0.0139457
0 0.00129025 0.00986451 0.0138188
0 0.00138673 0.00978852 0.0135269
0 0.00162635 0.00974943 0.0131841
0 0.00201117 0.00984516 0.0129307
0 0.00251489 0.010175 0.0129127
0 0.0030436 0.0107617 0.0132126
0 0.00350645 0.0115696 0.0138793
0 0.0038086 0.0124732 0.014882
0 0.00382784 0.0132352 0.0160519
0 0.00351212 0.0136239 0.0171659
0 0.00293454 0.0135408 0.0180234
0 0.00223566 0.0130244 0.0184355
0 0.00155197 0.0121685 0.0182252
0 0.00103599 0.0111413 0.0173436
0 0.000815404 0.0101579 0.0158887
0 0.000882727 0.00931876 0.0140018
0 0.0011307 0.00859578 0.0118854
0 0.00144109 0.00794977 0.00981438
0 0.00172152 0.00741847 0.00808104
0 0.00188706 0.0070397 0.00696473
0 0.0018312 0.00674911 0.00657759
0 0.00145996 0.00647403 0.0067967
0 0.000799806 0.00621601 0.00744274
0 3.16437e-05 0.00601741 0.00832411
0 -0.000643972 0.00590756 0.0092167
0 -0.00109741 0.00587623 0.00991701
0 -0.00124773 0.00590864 0.0102753
0 -0.00106058 0.00602895 0.0102449
0 -0.000598313 0.00622917 0.00986625
0 -5.88085e-05 0.00637585 0.00917487
0 0.000341318 0.00633684 0.00824441
0 0.00055249 0.0061442 0.00729435
0 0.000664394 0.00592704 0.00664048
0 0.000763031 0.00582103 0.00650756
0 0.000858562 0.00592728 0.00692293
0 0.000899751 0.00626378 0.00777765
0 0.000875149 0.00681328 0.00892048
0 0.000856427 0.0075622 0.0102395
0 0.000955688 0.00848003 0.0116742
0 0.00125681 0.00951797 0.0131653
0 0.00171293 0.0105707 0.0145848
0 0.00214678 0.0114633 0.015725
0 0.00241041 0.012052 0.0164298
0 0.00249398 0.0123078 0.0166903
0 0.00246889 0.0122789 0.0165862
0 0.00241768 0.0120416 0.0162191
0 0.00241732 0.0117077 0.0157098
0 0.00252938 0.0114256 0.0151978
0 0.0027512 0.0113067 0.0147889
0 0.00299478 0.0113627 0.0145215
0 0.00314487 0.0115228 0.0143935
0 0.00309825 0.0116484 0.0143608
0 0.00283384 0.0116087 0.0143844
0 0.00242867 0.0113513 0.0144436
0 0.00197014 0.0108825 0.014469
0 0.00148703 0.0102232 0.0143169
0 0.000985568 0.00941764 0.0138347
0 0.000543224 0.00858383 0.0129901
0 0.000277279 0.00785595 0.0118751
0 0.000247802 0.00729091 0.0106254
0 0.000429948 0.0068909 0.00939881
0 0.000774424 0.00669346 0.00838836
0 0.00124128 0.00676856 0.00781676
0 0.00172712 0.00712099 0.00783335
0 0.0020057 0.00760565 0.00835845
0 0.00189946 0.00803296 0.00920022
0 0.00148382 0.00834462 0.0102529
0 0.000968163 0.00855271 0.0114038
0 0.000538676 0.00866766 0.012497
0 0.000306233 0.0087198 0.0133636
0 0.000242757 0.00871691 0.0137764
0 0.000277833 0.00864714 0.0135954
0 0.000406481 0.008516 0.0128801
0 0.000659683 0.00835424 0.011835
0 0.00107213 0.00822579 0.0107578
0 0.00160695 0.00819623 0.00990816
0 0.00210612 0.00827773 0.00942905
0 0.00234174 0.00837916 0.0093275
0 0.00215019 0.00836711 0.00949928
0 0.00157412 0.00820046 0.00986465
0 0.000860462 0.00795521 0.0103973
0 0.000329435 0.00778143 0.0110818
0 0.00022563 0.00786602 0.0119022
0 0.000562343 0.00830111 0.012732
0 0.00115027 0.00902934 0.0133846
0 0.00183277 0.00997382 0.0138436
0 0.00251966 0.0110259 0.0142234
0 0.00314949 0.0120447 0.0146718
0 0.00368253 0.0129278 0.0153189
0 0.00398997 0.0135321 0.0161317
0 0.00393003 0.0137289 0.0169393
0 0.00349016 0.0135119 0.0175608
0 0.00277255 0.0129566 0.0178384
0 0.00198646 0.0122034 0.01768
0 0.00137382 0.0114087 0.017083
0 0.00101897 0.0106077 0.0160248
0 0.00081771 0.00970322 0.0144403
0 0.000674218 0.00864315 0.0124047
0 0.000628596 0.0075277 0.0102144
0 0.000767091 0.00657254 0.00824123
0 0.00103186 0.00594457 0.00673917
0 0.00122928 0.00562139 0.00582287
0 0.00124894 0.00555217 0.00556244
0 0.00114257 0.00578321 0.00602437
0 0.00102479 0.00633537 0.00720317
0 0.000901322 0.00707137 0.0088658
0 0.000667017 0.0077507 0.0105879
0 0.000322496 0.00821296 0.0120382
0 5.36414e-06 0.00843465 0.0130606
0 -0.000149347 0.00849035 0.013554
0 -5.81579e-05 0.00848382 0.0135034
0 0.000286222 0.00846617 0.0129872
0 0.000833441 0.00849093 0.0121686
0 0.00156139 0.00867941 0.0113554
0 0.00239547 0.00911628 0.0108422
0 0.00311921 0.00975058 0.0107725
0 0.00349337 0.0104038 0.011176
0 0.00341276 0.0108933 0.0119947
0 0.00294331 0.0111395 0.0131148
0 0.00223358 0.0111063 0.0143185
0 0.00147829 0.0108105 0.015362
0 0.000884287 0.0104081 0.0160686
0 0.000598533 0.0101008 0.0162768
0 0.000689547 0.0099842 0.0159404
0 0.00110117 0.010038 0.0151274
0 0.00166692 0.0101608 0.0139628
0 0.0022146 0.0101898 0.0126653
0 0.00258405 0.00999334 0.0114372
0 0.00266333 0.00957514 0.0104679
0 0.00248623 0.0090517 0.00996367
0 0.00212795 0.00854164 0.0099592
0 0.00159463 0.00810925 0.0102852
0 0.00093553 0.00777089 0.0107111
0 0.000341249 0.0075726 0.0111332
0 5.89406e-05 0.0076244 0.0115668
0 0.000149038 0.00790595 0.0119248
0 0.000453356 0.0082356 0.0120559
0 0.000825801 0.00849555 0.0119187
0 0.00121539 0.00868473 0.0116196
0 0.00159999 0.00884848 0.0113257
0 0.00188627 0.00897244 0.0111121
0 0.00194276 0.00897491 0.0109648
0 0.00181072 0.00889507 0.0109564
0 0.00165794 0.00886972 0.0112044
0 0.00155188 0.00894168 0.0116786
0 0.0015057 0.00911699 0.0122791
0 0.00152963 0.00940555 0.0129148
0 0.00156151 0.00972879 0.0134427
0 0.0015814 0.010018 0.013788
0 0.00166061 0.0102823 0.0140007
0 0.00178568 0.0104649 0.0140788
0 0.00181219 0.0104084 0.0139113
0 0.00163844 0.0100174 0.0134236
0 0.00134925 0.0093917 0.0127083
0 0.00116533 0.00878724 0.0119932
0 0.00131293 0.00851431 0.0115471
0 0.00183219 0.00875602 0.0115235
0 0.00242571 0.00936662 0.011799
0 0.00270233 0.0100025 0.0121336
0 0.00249479 0.0103594 0.0123921
0 0.00190823 0.0102789 0.0125728
0 0.00123656 0.00981753 0.0127532
0 0.000716754 0.00913147 0.0129106
0 0.000392501 0.00837944 0.0128789
0 0.000242472 0.00775229 0.0125126
0 0.000254131 0.00738991 0.0117859
0 0.000424543 0.00731452 0.0108225
0 0.000741675 0.00744895 0.009838
0 0.00115714 0.00767257 0.00904585
0 0.0015704 0.00786718 0.00863142
0 0.00183397 0.00794315 0.00866663
0 0.00186675 0.00793443 0.00910872
0 0.00167896 0.00795278 0.00986759
0 0.00130761 0.00804593 0.0107585
0 0.000833083 0.00818731 0.0115896
0 0.0003659 0.00829726 0.0122169
0 1.25287e-05 0.00829059 0.012511
0 -0.000119985 0.00816521 0.0124478
0 2.34013e-05 0.0079807 0.0120727
0 0.000375697 0.00777671 0.0114287
0 0.000777631 0.0075639 0.010575
0 0.00111195 0.00739215 0.00964805
0 0.00137429 0.00735618 0.00888356
0 0.00152401 0.00742493 0.0084444
0 0.00143892 0.00742828 0.00832859
0 0.0010727 0.00724328 0.00845944
0 0.000518494 0.00687515 0.00875704
0 -2.60877e-05 0.00645932 0.00915184
0 -0.000393077 0.00615408 0.00955125
0 -0.000543854 0.00602869 0.00982198
0 -0.000487314 0.00610643 0.00986759
0 -0.000199973 0.0064123 0.00974592
0 0.000372837 0.00698397 0.00966633
0 0.00124785 0.00786229 0.00987804
0 0.00231488 0.00904274 0.0105652
0 0.00332321 0.0104195 0.0117696
0 0.00395592 0.0117591 0.0133374
0 0.00396221 0.0127491 0.0149646
0 0.00328182 0.0130913 0.0163211
0 0.00211263 0.0126485 0.0171672
0 0.000902703 0.0116366 0.0174443
0 0.000132555 0.0105005 0.0171942
0 1.4236e-05 0.0095721 0.0164112
0 0.000508974 0.00907409 0.0151357
0 0.00143989 0.00912967 0.0135672
0 0.00248343 0.00955662 0.011971
0 0.00329193 0.0100321 0.0105774
0 0.00364676 0.0103333 0.00967736
0 0.00351304 0.0102923 0.00953758
0 0.00299731 0.00990336 0.0101674
0 0.00220734 0.0093432 0.0113345
0 0.00123591 0.00875667 0.0125705
0 0.000258186 0.00824223 0.0134969
0 -0.000518626 0.00790668 0.0139131
0 -0.000990986 0.00770591 0.0135817
0 -0.00116725 0.00738643 0.0124552
0 -0.00104114 0.00680913 0.0107092
0 -0.000603598 0.00604605 0.00866962
0 -0.000105233 0.00508785 0.00653667
0 8.63538e-06 0.00386657 0.00429407
0 -0.000415394 0.00248503 0.00213752
0 -0.00110019 0.00123129 0.000487169
0 -0.00164153 0.000453702 -0.000268685
0 -0.00174552 0.000420691 7.94241e-05
0 -0.00123885 0.00132964 0.00159191
0 -7.16978e-05 0.00334557 0.0042636
0 0.00161213 0.00646642 0.00796057
0 0.00351243 0.0104604 0.0124754
0 0.00529029 0.014917 0.0175744
0 0.0067011 0.0192387 0.0229201
0 0.00760347 0.0228399 0.0280832
0 0.00789693 0.025381 0.0325996
0 0.00763511 0.0266873 0.0360152
0 0.0070007 0.0267305 0.0379021
0 0.0061829 0.0257247 0.0379665
0 0.00547813 0.0240842 0.0362567
0 0.0051587 0.0221916 0.0330805
0 0.00514958 0.0201646 0.0287536
0 0.00506063 0.0178249 0.0235432
0 0.00441909 0.0147862 0.0176642
0 0.00291647 0.0107077 0.0113368
0 0.000650112 0.0057627 0.00507559
0 -0.00187243 0.000618358 -0.000502918
0 -0.00410517 -0.00414846 -0.00514145
0 -0.0058073 -0.00807766 -0.0087933
0 -0.00696089 -0.0107357 -0.0115262
0 -0.00765513 -0.0120897 -0.0135026
0 -0.00811086 -0.0125316 -0.0148842
0 -0.00845264 -0.0124505 -0.0156769
0 -0.00849948 -0.012016 -0.0156259
0 -0.0080515 -0.0112637 -0.0145391
0 -0.00720306 -0.0101563 -0.0125193
0 -0.00629447 -0.00871766 -0.00995859
0 -0.00564355 -0.00705375 -0.0073142
0 -0.00517789 -0.00508793 -0.00468004
0 -0.00436968 -0.00251244 -0.0016967
0 -0.0026679 0.000962459 0.00211229
0 6.89886e-05 0.00545853 0.0070215
0 0.00348624 0.0109294 0.0130414
0 0.00700615 0.0171358 0.0199795
0 0.0102077 0.0236678 0.0275463
0 0.012829 0.0300684 0.0354239
0 0.0146543 0.0358344 0.0431686
0 0.0156255 0.0404496 0.0502098
0 0.0158369 0.0435932 0.0559583
0 0.0155224 0.0452835 0.0599775
0 0.0151482 0.0459126 0.0622032
0 0.0151178 0.0459135 0.0627068
0 0.015326 0.0452787 0.0613446
0 0.0153825 0.0437862 0.0580616
0 0.0150687 0.0413971 0.0531922
0 0.0141488 0.0379833 0.047098
0 0.0122364 0.0331764 0.0399081
0 0.00913127 0.0267035 0.0316821
0 0.00494333 0.0186123 0.0225289
0 0.000138104 0.00942757 0.0127491
0 -0.00450457 8.61806e-05 0.00279303
0 -0.00852464 -0.00872578 -0.00716671
0 -0.0121122 -0.0169169 -0.0172462
0 -0.0155305 -0.0245806 -0.0273279
0 -0.018807 -0.0318 -0.0370523
0 -0.0218454 -0.038646 -0.0460717
0 -0.0243807 -0.0449307 -0.0538979
0 -0.0261076 -0.0502093 -0.0599842
0 -0.0270309 -0.0540937 -0.0640436
0 -0.027363 -0.0564052 -0.0661679
0 -0.0273289 -0.0572452 -0.0667366
0 -0.0272357 -0.0568575 -0.0660882
0 -0.0270653 -0.0552659 -0.0642319
0 -0.026327 -0.0523551 -0.0608693
0 -0.0245987 -0.0481597 -0.0557449
0 -0.0219884 -0.0429309 -0.0490515
0 -0.0190683 -0.0371011 -0.041392
0 -0.0162933 -0.0310108 -0.0333286
0 -0.0138055 -0.0247535 -0.0251456
0 -0.0115074 -0.018385 -0.0169304
0 -0.00892137 -0.0118223 -0.0085476
0 -0.00551455 -0.00472306 0.000299371
0 -0.00124364 0.00304339 0.00962426
0 0.0033997 0.0111204 0.0189562
0 0.00783142 0.019058 0.0277715
0 0.0118492 0.0267338 0.0359273
0 0.0156113 0.0342453 0.0436496
0 0.0192544 0.0415941 0.051177
0 0.0224932 0.048433 0.0583108
0 0.0246673 0.0541319 0.0645227
0 0.0256053 0.0583084 0.0695436
0 0.025888 0.0610188 0.0734421
0 0.0258997 0.0624144 0.0762396
0 0.0254928 0.0624704 0.077662
0 0.0245002 0.061094 0.077244
0 0.0229823 0.0583333 0.074678
0 0.0210262 0.0543283 0.0699177
0 0.0188795 0.0493693 0.0632419
0 0.01717 0.0441009 0.0554452
0 0.0163355 0.0392714 0.0475483
0 0.0163283 0.035382 0.0403857
0 0.0168822 0.0326692 0.0345896
0 0.0175837 0.0312753 0.0306819
0 0.0179333 0.0311211 0.0289593
0 0.0174619 0.0315433 0.0292193
0 0.0160227 0.0318219 0.0310039
0 0.0140011 0.0317553 0.0338782
0 0.011938 0.0312475 0.0370824
0 0.0101218 0.0302501 0.0396632
0 0.0086377 0.0290371 0.0408227
0 0.00754867 0.0277579 0.0399696
0 0.00691022 0.0262854 0.0370214
0 0.00668114 0.0245189 0.0323152
0 0.00669561 0.0222146 0.0263827
0 0.00671914 0.019083 0.0198766
0 0.0065803 0.0154002 0.0135727
0 0.00625436 0.011877 0.00830839
0 0.00562001 0.00881687 0.00444072
0 0.00425516 0.00599282 0.00170747
0 0.00178903 0.00311529 -0.000448335
0 -0.00161663 1.62358e-05 -0.00242662
0 -0.00526121 -0.00320903 -0.00423531
0 -0.00838417 -0.00623247 -0.00584049
0 -0.0106748 -0.00898052 -0.00752639
0 -0.0122578 -0.0116797 -0.00979589
0 -0.0133103 -0.0144199 -0.0129278
0 -0.0138813 -0.0171103 -0.0168237
0 -0.0139903 -0.0196233 -0.0211319
0 -0.0138105 -0.0218852 -0.0254113
0 -0.0136265 -0.0239108 -0.0292894
0 -0.0136733 -0.0257418 -0.0324565
0 -0.0142098 -0.0275322 -0.0348336
0 -0.0154369 -0.0295067 -0.0365919
0 -0.0171852 -0.0316253 -0.0377969
0 -0.0189489 -0.0335095 -0.038345
0 -0.0202206 -0.0347361 -0.0381854
0 -0.0207139 -0.0350486 -0.0374449
0 -0.0203199 -0.0343263 -0.0362998
0 -0.0189884 -0.0324713 -0.0347268
0 -0.0168264 -0.0294679 -0.0325142
0 -0.0141444 -0.0254899 -0.0294254
0 -0.011264 -0.0207821 -0.0252155
0 -0.00838919 -0.0155061 -0.019635
0 -0.00559116 -0.00971558 -0.0125379
0 -0.00302662 -0.00355854 -0.00414468
0 -0.000941738 0.00263012 0.00492009
0 0.000717203 0.00849928 0.0139538
0 0.00223441 0.0139346 0.0225036
0 0.00384979 0.0190918 0.030242
0 0.00566353 0.0238898 0.0367317
0 0.00763774 0.0280608 0.0416875
0 0.00974466 0.0316316 0.045078
0 0.0120089 0.0347063 0.0471577
0 0.0144629 0.0373402 0.0484283
0 0.0169549 0.0395909 0.0492651
0 0.0189256 0.0411665 0.0496678
0 0.0197726 0.0416316 0.0494726
0 0.0194156 0.041024 0.0487903
0 0.0181648 0.0396049 0.0478368
0 0.0162851 0.0374064 0.0465048
0 0.0141112 0.0345356 0.0445925
0 0.0123059 0.0315378 0.0422367
0 0.0114492 0.0290737 0.039721
0 0.0115076 0.0274191 0.0370728
0 0.0120107 0.0264555 0.034212
0 0.0126734 0.0260986 0.0314669
0 0.0137001 0.026612 0.0297338
0 0.0153161 0.0282642 0.0298839
0 0.0171935 0.0308828 0.0321815
0 0.0187116 0.034029 0.036325
0 0.0195249 0.0373028 0.0417807
0 0.0195785 0.0403985 0.0479115
0 0.0189637 0.0430482 0.053919
0 0.0179824 0.0450133 0.0590315
0 0.0170436 0.0462052 0.0626407
0 0.0164279 0.0466639 0.0643181
0 0.0163162 0.0464717 0.0639413
0 0.0168157 0.0457504 0.0617499
0 0.017744 0.044607 0.0581607
0 0.0185794 0.0430067 0.053564
0 0.0187135 0.0407547 0.0483213
0 0.0178434 0.0377501 0.0428922
0 0.0160519 0.0340503 0.0377516
0 0.0135241 0.0296729 0.0330882
0 0.0104644 0.0246739 0.0287512
0 0.00700919 0.0191672 0.0243027
0 0.00303258 0.0130403 0.0190232
0 -0.00165477 0.00598716 0.0120968
0 -0.00700231 -0.00218342 0.00304843
0 -0.0126171 -0.0113289 -0.00789317
0 -0.0177608 -0.0208959 -0.0199024
0 -0.0217075 -0.0302119 -0.031986
0 -0.0242373 -0.0388786 -0.0433719
0 -0.0257956 -0.0467756 -0.053751
0 -0.0271682 -0.05394 -0.0631139
0 -0.0288476 -0.0604656 -0.0713919
0 -0.0308977 -0.0662293 -0.0784241
0 -0.0331201 -0.0708287 -0.0838982
0 -0.0350423 -0.073827 -0.0873002
0 -0.0362601 -0.075046 -0.0883315
0 -0.0368583 -0.0748007 -0.0873323
0 -0.0373199 -0.0737325 -0.0850481
0 -0.0378638 -0.0723363 -0.0820935
0 -0.0381387 -0.0707026 -0.0787556
0 -0.0376855 -0.0686097 -0.0750713
0 -0.036194 -0.0657673 -0.0710277
0 -0.0335948 -0.0619311 -0.0666229
0 -0.0301616 -0.0569565 -0.0617522
0 -0.0263825 -0.0509869 -0.0563008
0 -0.0227986 -0.0444758 -0.0502207
0 -0.0197424 -0.0378551 -0.0433395
0 -0.0170234 -0.0312617 -0.0353511
0 -0.0143145 -0.0248003 -0.026287
0 -0.0118543 -0.018824 -0.0169096
0 -0.0101564 -0.0136664 -0.00831721
0 -0.00912539 -0.00921175 -0.00101075
0 -0.0079586 -0.00486583 0.00525185
0 -0.00589195 -6.57842e-05 0.0108657
0 -0.0026891 0.00537817 0.0161052
0 0.00143858 0.0113164 0.0210469
0 0.00609842 0.0174335 0.0257654
0 0.010867 0.0234629 0.0304312
0 0.0151849 0.0290708 0.0350532
0 0.0183588 0.033749 0.0393972
0 0.0198136 0.0370221 0.0430782
0 0.0193669 0.0385813 0.0457243
0 0.0173984 0.0383934 0.0471414
0 0.0147783 0.0367425 0.0473096
0 0.0124443 0.0340887 0.0462443
0 0.0109238 0.0309148 0.0438618
0 0.0100686 0.0273975 0.0397971
0 0.00923233 0.0233761 0.0336336
0 0.00796356 0.018768 0.0255222
0 0.00623202 0.0135771 0.0161727
0 0.00404615 0.0076613 0.00633081
0 0.00151861 0.00107524 -0.00314124
0 -0.00100166 -0.00556477 -0.0113624
0 -0.00339031 -0.0116517 -0.0180321
0 -0.00590296 -0.0170474 -0.0233055
0 -0.00863323 -0.021603 -0.0274026
0 -0.0113137 -0.025032 -0.0303935
0 -0.0137251 -0.0274083 -0.0324101
0 -0.0157811 -0.0290463 -0.0337237
0 -0.0173041 -0.0301251 -0.0344467
0 -0.0180679 -0.0307395 -0.0346375
0 -0.0178065 -0.0306956 -0.0342038
0 -0.0162373 -0.0293913 -0.0327797
0 -0.0134214 -0.0263597 -0.0300726
0 -0.00991767 -0.0216226 -0.0260245
0 -0.00634461 -0.0154952 -0.0205663
0 -0.00297919 -0.00836121 -0.0134496
0 0.000102594 -0.000635175 -0.00449162
0 0.00287203 0.00713364 0.0060261
0 0.00539401 0.0143717 0.0173513
0 0.00761163 0.0208892 0.028508
0 0.00919485 0.0266211 0.038438
0 0.00975589 0.0309939 0.0459527
0 0.00919128 0.0333497 0.05013
0 0.00806386 0.0339222 0.0511361
0 0.00734682 0.0334149 0.0497768
0 0.00735939 0.0317966 0.0464304
0 0.00749156 0.028707 0.0410606
0 0.00699002 0.0241427 0.033726
0 0.00545194 0.0182725 0.0248075
0 0.00297519 0.0115296 0.0150693
0 -0.0001084 0.0044446 0.00534048
0 -0.0035628 -0.00272919 -0.00387305
0 -0.00699376 -0.00976398 -0.0122325
0 -0.0100622 -0.0163417 -0.019521
0 -0.0128499 -0.0223495 -0.025808
0 -0.0155212 -0.027809 -0.0313797
0 -0.0180659 -0.0326815 -0.0364433
0 -0.020401 -0.0369228 -0.041031
0 -0.022487 -0.0405373 -0.0451507
0 -0.0243622 -0.0436435 -0.0488649
0 -0.0261765 -0.0465792 -0.0523809
0 -0.0280532 -0.0496514 -0.0558755
0 -0.0298773 -0.052739 -0.0591884
0 -0.0313425 -0.0554618 -0.0619926
0 -0.0322401 -0.0576139 -0.0641895
0 -0.0326927 -0.0592196 -0.065949
0 -0.0328897 -0.060283 -0.0673788
0 -0.0328632 -0.0607253 -0.0683841
0 -0.0325973 -0.0605324 -0.068819
0 -0.0319534 -0.0596169 -0.068396
0 -0.0306174 -0.0576396 -0.0665812
0 -0.0283141 -0.0542013 -0.0628606
0 -0.0250725 -0.04905 -0.0569751
0 -0.0211583 -0.0420873 -0.0488677
0 -0.0166854 -0.0332399 -0.0384525
0 -0.0117201 -0.0225364 -0.0256611
0 -0.0065448 -0.0105605 -0.0109316
0 -0.00126612 0.0017789 0.00491251
0 0.00425096 0.0141535 0.021245
0 0.00994674 0.0266595 0.037538
0 0.0155727 0.0390466 0.0530615
0 0.0209898 0.0509084 0.0671883
0 0.02605 0.0623232 0.0798518
0 0.0309063 0.0736869 0.0914306
0 0.0362523 0.0850256 0.102332
0 0.0420418 0.0958482 0.112494
0 0.0472617 0.105445 0.121444
0 0.0514543 0.113548 0.12917
0 0.0551557 0.120641 0.136278
0 0.0587451 0.127259 0.143281
0 0.0618843 0.13341 0.150085
0 0.0641068 0.138611 0.156033
0 0.065012 0.142224 0.160398
0 0.0643299 0.143765 0.162763
0 0.0622014 0.142907 0.1629
0 0.0591003 0.139528 0.160682
0 0.0557221 0.133959 0.156144
0 0.0526532 0.126828 0.149316
0 0.049854 0.118671 0.140054
0 0.0468338 0.109847 0.128218
0 0.0431196 0.100457 0.114021
0 0.0384785 0.090196 0.0980695
0 0.0330063 0.0786937 0.0811389
0 0.0271111 0.0661517 0.0643758
0 0.0214314 0.0532978 0.0491301
0 0.0164961 0.0408855 0.0361687
0 0.0124588 0.0295016 0.0257028
0 0.00920858 0.0197176 0.0175295
0 0.00652099 0.0119375 0.0111656
0 0.00408009 0.00612583 0.00609361
0 0.00141217 0.0019457 0.00165495
0 -0.00173091 -0.00112942 -0.00255527
0 -0.00488265 -0.00357144 -0.0062255
0 -0.00733458 -0.00560202 -0.00878197
0 -0.00880457 -0.00743122 -0.0100987
0 -0.00940893 -0.00921528 -0.0105548
0 -0.00950368 -0.010833 -0.0107183
0 -0.00947598 -0.0120025 -0.0110657
0 -0.00947695 -0.0125073 -0.0117592
0 -0.00961899 -0.0125043 -0.0128397
0 -0.0101674 -0.0126275 -0.0144412
0 -0.0111535 -0.0134384 -0.0164289
0 -0.0120917 -0.0148681 -0.0182212
0 -0.012358 -0.016337 -0.019232
0 -0.0117642 -0.0171894 -0.0192431
0 -0.0106033 -0.0169452 -0.0183483
0 -0.00923369 -0.0154197 -0.0167459
0 -0.00788561 -0.0127385 -0.0145396
0 -0.00663491 -0.00917748 -0.0115558
0 -0.00532867 -0.00510903 -0.00750074
0 -0.00373228 -0.000897454 -0.00225347
0 -0.00171008 0.00342793 0.00416098
0 0.000756652 0.00813967 0.0115392
0 0.00347233 0.0134372 0.0193516
0 0.00610775 0.0192804 0.0271387
0 0.00860251 0.0255522 0.0347377
0 0.0111201 0.0320368 0.0420011
0 0.0136677 0.0382083 0.0487984
0 0.0160962 0.0435328 0.0549358
0 0.0183751 0.0479313 0.060325
0 0.0207547 0.0517845 0.0651879
0 0.0234665 0.0555542 0.0697402
0 0.0263105 0.0593971 0.0739208
0 0.0287234 0.0630472 0.0773655
0 0.0302885 0.0661052 0.079819
0 0.0311775 0.0685456 0.0815836
0 0.0318735 0.0706364 0.0832619
0 0.0325978 0.0724439 0.085171
0 0.0333998 0.0739262 0.0872944
0 0.034431 0.0753277 0.0896419
0 0.0358276 0.0771011 0.0923077
0 0.0375797 0.0795489 0.0952726
0 0.0395389 0.082718 0.0984471
0 0.0415151 0.0864474 0.101763
0 0.0430638 0.0900809 0.104826
0 0.0434409 0.0925222 0.106892
0 0.0423997 0.0930361 0.107541
0 0.0404566 0.0916156 0.10691
0 0.038309 0.0886663 0.105203
0 0.0363781 0.0846277 0.102272
0 0.034585 0.0798081 0.0976669
0 0.0326959 0.0745208 0.0911319
0 0.0307713 0.0691414 0.0829518
0 0.0289102 0.0638134 0.0737328
0 0.0268695 0.0582146 0.0639738
0 0.0242669 0.0517273 0.0539223
0 0.0208434 0.0439918 0.0438244
0 0.0164142 0.035144 0.0338465
0 0.0109774 0.025371 0.0239009
0 0.00468873 0.0147634 0.0138451
0 -0.00231254 0.00349508 0.00336435
0 -0.00969276 -0.00821187 -0.00777016
0 -0.0167723 -0.0199877 -0.0193352
0 -0.0228249 -0.0312294 -0.0308923
0 -0.0273829 -0.0414159 -0.0419824
0 -0.0303321 -0.0502938 -0.0522477
0 -0.0320292 -0.0576943 -0.0614377
0 -0.0328442 -0.0634291 -0.0692906
0 -0.0328611 -0.0673414 -0.0755171
0 -0.0323923 -0.0694434 -0.079912
0 -0.0319168 -0.0700865 -0.0824253
0 -0.0318095 -0.0696154 -0.0830809
0 -0.0320971 -0.0682648 -0.0819086
0 -0.0325461 -0.0665919 -0.0790483
0 -0.0330234 -0.0650457 -0.0748907
0 -0.0332074 -0.0634947 -0.069991
0 -0.0328202 -0.0615905 -0.0649746
0 -0.0319959 -0.059239 -0.0605499
0 -0.0307879 -0.0564305 -0.0571278
0 -0.0288799 -0.0529006 -0.054347
0 -0.0258982 -0.0484363 -0.0513682
0 -0.021864 -0.043057 -0.0474571
0 -0.0173617 -0.0369412 -0.0422123
0 -0.013139 -0.0304074 -0.0355535
0 -0.00961435 -0.0237164 -0.0275939
0 -0.00688776 -0.0170994 -0.0186393
0 -0.00481944 -0.0106871 -0.00905384
0 -0.00296337 -0.00422039 0.000881725
0 -0.000918618 0.00251086 0.0108222
0 0.001287 0.00921124 0.0201019
0 0.00344541 0.0154575 0.027995
0 0.00563362 0.0211981 0.0343968
0 0.00820513 0.026677 0.039643
0 0.0113515 0.0319627 0.0440462
0 0.0149532 0.0369449 0.0478599
0 0.0187538 0.0415638 0.0513056
0 0.0223281 0.0456178 0.0544662
0 0.02509 0.0487592 0.0571645
0 0.0265245 0.0506984 0.0591294
0 0.0263152 0.051151 0.0600592
0 0.0244826 0.0499047 0.0596569
0 0.0216068 0.0470628 0.0578793
0 0.0186426 0.0430965 0.0549326
0 0.0163059 0.0385523 0.0509093
0 0.0146549 0.0337081 0.0455639
0 0.0132287 0.0285971 0.0385741
0 0.0115552 0.0231929 0.0299727
0 0.00954909 0.0175816 0.0203739
0 0.00763218 0.0120568 0.0108761
0 0.0063162 0.00707118 0.00273528
0 0.00539827 0.00284112 -0.00346754
0 0.00412211 -0.000971801 -0.00806425
0 0.00210454 -0.0046122 -0.0113279
0 -0.000514571 -0.00783497 -0.0133989
0 -0.00351007 -0.0105353 -0.0146382
0 -0.00667269 -0.0129385 -0.0154845
0 -0.00968968 -0.0151932 -0.0163629
0 -0.0123557 -0.0175202 -0.0177212
0 -0.0147832 -0.0203918 -0.0201301
0 -0.0171524 -0.0241135 -0.0240007
0 -0.0194498 -0.0286468 -0.0293456
0 -0.0215173 -0.0337934 -0.0358713
0 -0.023179 -0.0392189 -0.0430378
0 -0.0242941 -0.0444385 -0.0501628
0 -0.0248155 -0.0489413 -0.0565647
0 -0.024862 -0.0523199 -0.0616952
0 -0.0246785 -0.0543681 -0.0652325
0 -0.0244425 -0.055085 -0.0669681
0 -0.0242212 -0.0545303 -0.0667514
0 -0.0241654 -0.0529686 -0.0647307
0 -0.0244228 -0.0510069 -0.0613776
0 -0.024689 -0.0488994 -0.0569891
0 -0.0241464 -0.0461302 -0.0514747
0 -0.0221459 -0.0420345 -0.0448039
0 -0.0187451 -0.0363221 -0.037293
0 -0.0145685 -0.0291676 -0.029428
0 -0.0104209 -0.0211406 -0.0215456
0 -0.00675986 -0.0129208 -0.0136052
0 -0.00345391 -0.00502715 -0.00529825
0 -0.000280237 0.00219381 0.00352204
0 0.00272646 0.00857164 0.0125896
0 0.00548286 0.0142391 0.0214893
0 0.00806158 0.0195871 0.0299111
0 0.0106802 0.0250612 0.0376304
0 0.0135019 0.0309532 0.0445592
0 0.0165414 0.0372696 0.0507437
0 0.0198247 0.0438498 0.0563611
0 0.0234932 0.0505802 0.0618034
0 0.0275709 0.057418 0.0675344
0 0.0317807 0.0642612 0.0738273
0 0.0358138 0.0708895 0.0806116
0 0.0394121 0.0770386 0.0875319
0 0.042136 0.082487 0.0941482
0 0.0435684 0.0870424 0.100007
0 0.0437033 0.0904439 0.104635
0 0.0427275 0.0923089 0.107563
0 0.0406353 0.0921573 0.108323
0 0.03768 0.0896624 0.106591
0 0.0346591 0.0850406 0.102418
0 0.0321746 0.0789018 0.0960366
0 0.030307 0.0718813 0.0875849
0 0.0289033 0.0647295 0.0773663
0 0.0276051 0.0580813 0.066038
0 0.0259651 0.0518388 0.0543092
0 0.0237951 0.0455899 0.042827
0 0.0212342 0.0393734 0.0326898
0 0.0185246 0.0333457 0.024903
0 0.0157519 0.0274919 0.0195109
0 0.0127491 0.0219073 0.016046
0 0.00924169 0.0167373 0.0135969
0 0.00508875 0.0119228 0.0111708
0 0.000475714 0.00739969 0.00817546
0 -0.00407109 0.00326563 0.00441396
0 -0.00784037 -0.000465344 0.00018653
0 -0.0102337 -0.00383125 -0.00411061
0 -0.0110714 -0.00679659 -0.00819986
0 -0.010538 -0.00923096 -0.0118222
0 -0.00889613 -0.0107137 -0.0146063
0 -0.00652435 -0.0107348 -0.0160629
0 -0.0040309 -0.00915451 -0.0158992
0 -0.00199337 -0.00615978 -0.0139551
0 -0.000583405 -0.00202317 -0.00998364
0 0.000515833 0.00297005 -0.00375061
0 0.00171498 0.00849639 0.00465839
0 0.00307134 0.0141469 0.0145072
0 0.00441906 0.0194745 0.0245701
0 0.00587085 0.0245245 0.0339891
0 0.00787851 0.0299923 0.0425465
0 0.0107668 0.0362286 0.0501205
0 0.0145181 0.0429773 0.0567157
0 0.0188836 0.0499506 0.0624592
0 0.0234188 0.0566718 0.0674241
0 0.0274749 0.0623517 0.071601
0 0.0304019 0.0664118 0.0748881
0 0.0318523 0.0686551 0.0772666
0 0.0317136 0.068961 0.0786105
0 0.0299634 0.0672467 0.0785036
0 0.0267594 0.0634944 0.0764012
0 0.0225429 0.0577574 0.0718317
0 0.0180463 0.0504032 0.0646567
0 0.0139368 0.0420867 0.0551041
0 0.0104811 0.0334111 0.0436016
0 0.00769997 0.0247904 0.0307275
0 0.00543277 0.0163021 0.0171559
0 0.00324132 0.00792185 0.0035695
0 0.000745448 -9.56976e-05 -0.00909862
0 -0.00202941 -0.00761686 -0.0199023
0 -0.00494303 -0.0147986 -0.0284305
0 -0.00806691 -0.0215512 -0.034647
0 -0.0114046 -0.0274091 -0.0387654
0 -0.0146521 -0.0320295 -0.0410623
0 -0.0174501 -0.0351692 -0.0418978
0 -0.0195504 -0.0365859 -0.0418048
0 -0.0208129 -0.0364813 -0.0411605
0 -0.0212105 -0.035439 -0.0402728
0 -0.0207935 -0.0340122 -0.0393674
0 -0.0195886 -0.0324532 -0.0382845
0 -0.0175205 -0.030547 -0.0366045
0 -0.0147087 -0.0278396 -0.0339911
0 -0.0116403 -0.0240859 -0.0303334
0 -0.00883389 -0.0193554 -0.0256298
0 -0.00652375 -0.0138678 -0.0198246
0 -0.00452459 -0.00779606 -0.0126861
0 -0.00227916 -0.00112433 -0.00387911
0 0.00077821 0.00621356 0.00664966
0 0.00480302 0.0142941 0.0183953
0 0.00953286 0.023222 0.0306705
0 0.0145382 0.0328474 0.0428337
0 0.0194209 0.042784 0.0542187
0 0.0239148 0.0525986 0.0644639
0 0.0277398 0.0617196 0.0733797
0 0.0304804 0.0694288 0.0807872
0 0.032081 0.075164 0.0866501
0 0.0330092 0.0787849 0.0910198
0 0.0335739 0.0804899 0.0940397
0 0.0338157 0.0806556 0.0957975
0 0.0338657 0.0798699 0.0962839
0 0.0338201 0.0787155 0.095479
0 0.0334702 0.0773568 0.0933081
0 0.0326054 0.0756068 0.0897641
0 0.03125 0.0731178 0.0850319
0 0.0293636 0.0694304 0.0793204
0 0.0268805 0.0641922 0.0726887
0 0.0238108 0.0573485 0.0650617
0 0.0201567 0.0492152 0.0563734
0 0.0160309 0.0404176 0.0466973
0 0.0116952 0.0314963 0.0362002
0 0.00740707 0.0227154 0.0250992
0 0.00331598 0.0142611 0.013747
0 -0.000451229 0.00622677 0.00277455
0 -0.00375684 -0.00140763 -0.00716712
0 -0.00656437 -0.00863671 -0.0157855
0 -0.00900468 -0.015407 -0.023018
0 -0.011362 -0.0217063 -0.0290376
0 -0.0139715 -0.0275798 -0.0342277
0 -0.0170552 -0.0330441 -0.0389969
0 -0.0206044 -0.038146 -0.0436994
0 -0.0244016 -0.0430122 -0.0484923
0 -0.028113 -0.0477039 -0.0533324
0 -0.0314813 -0.0522272 -0.0580783
0 -0.0343645 -0.0566047 -0.0626265
0 -0.0364434 -0.0606642 -0.0668269
0 -0.0373058 -0.063927 -0.070315
0 -0.0367806 -0.0658829 -0.0727379
0 -0.0351387 -0.0662434 -0.0739353
0 -0.0330361 -0.0649163 -0.0737744
0 -0.0308523 -0.0619035 -0.0719539
0 -0.0285622 -0.0573165 -0.0680282
0 -0.0261973 -0.051461 -0.0616934
0 -0.0237485 -0.0447809 -0.0529977
0 -0.0210059 -0.0374818 -0.0422024
0 -0.0176873 -0.0292693 -0.0295895
0 -0.01347 -0.0197595 -0.0156147
0 -0.00809723 -0.00876361 -0.000797052
0 -0.00160421 0.00381915 0.0144607
0 0.00571551 0.0177079 0.029674
0 0.013443 0.0321702 0.044447
0 0.021207 0.046562 0.0586017
0 0.0287073 0.0606055 0.0722214
0 0.0355643 0.0741189 0.0855919
0 0.0416774 0.086847 0.0987926
0 0.0473112 0.098515 0.111554
0 0.0520178 0.108663 0.123303
0 0.0546967 0.116677 0.133309
0 0.0552253 0.122084 0.14089
0 0.054115 0.124607 0.145613
0 0.0515647 0.124217 0.147441
0 0.0483661 0.121274 0.146557
0 0.0457065 0.116504 0.143178
0 0.0440209 0.110733 0.137558
0 0.0431998 0.104778 0.129921
0 0.0428807 0.0993444 0.120554
0 0.0424148 0.0945794 0.110057
0 0.0412753 0.0899286 0.0992569
0 0.0392867 0.0847269 0.0888254
0 0.0364202 0.0786254 0.079485
0 0.0327082 0.0714327 0.071686
0 0.0282498 0.0631967 0.0650507
0 0.0231386 0.0544163 0.0590232
0 0.0175149 0.0456665 0.0528762
0 0.0116199 0.0371945 0.0460062
0 0.00578661 0.0291458 0.0382997
0 0.000403193 0.0216355 0.0297734
0 -0.00421556 0.0144754 0.0206829
0 -0.00783551 0.00743043 0.0113971
0 -0.0102696 0.000527266 0.00243597
0 -0.0115449 -0.00612861 -0.00564932
0 -0.0119425 -0.0123622 -0.0126282
0 -0.0117809 -0.0177263 -0.0182795
0 -0.0112266 -0.0215584 -0.0223354
0 -0.0102676 -0.0231716 -0.0244872
0 -0.00887273 -0.0221055 -0.024353
0 -0.00711577 -0.0184394 -0.0216989
0 -0.00513733 -0.0127729 -0.0164237
0 -0.00308058 -0.00598735 -0.00865986
0 -0.0010762 0.000938679 0.00107313
0 0.000656179 0.00729843 0.0118706
0 0.00195376 0.0127644 0.022493
0 0.00299074 0.0174065 0.0319969
0 0.00411992 0.0217818 0.0399692
0 0.00565439 0.0263845 0.0461433
0 0.00784609 0.0312516 0.0506605
0 0.0108015 0.0362492 0.0539403
0 0.0143835 0.0411804 0.0564285
0 0.0181663 0.0455894 0.0585379
0 0.0214866 0.0489178 0.0603598
0 0.023682 0.0508349 0.0618014
0 0.0243323 0.0512251 0.062718
0 0.0233086 0.0501253 0.0628687
0 0.0207478 0.0476047 0.0618824
0 0.0170516 0.0436043 0.0593016
0 0.0128968 0.0381771 0.0548353
0 0.00905279 0.0317162 0.0484771
0 0.00596673 0.0247847 0.0404208
0 0.00372737 0.0179101 0.0309937
0 0.00228014 0.0113813 0.0206566
0 0.00134452 0.00536811 0.0100574
0 0.000588815 0.000210883 1.03774e-05
0 -1.45218e-05 -0.00384963 -0.00841351
0 -0.000363018 -0.00682756 -0.0143142
0 -0.000542622 -0.00873305 -0.0174063
0 -0.000751586 -0.00949919 -0.0176804
0 -0.00105546 -0.00903927 -0.0154387
0 -0.00141276 -0.00735938 -0.0112523
0 -0.00172152 -0.00460731 -0.00572067
0 -0.0016153 -0.000912702 0.000633159
0 -0.000630391 0.00359928 0.00744307
0 0.00141053 0.00868072 0.0143782
0 0.00442785 0.0141923 0.021247
0 0.00814868 0.0202318 0.0280201
0 0.0121787 0.0268143 0.0347448
0 0.016188 0.0337273 0.0415192
0 0.0198713 0.0406324 0.0484107
0 0.0229281 0.0471188 0.0554226
0 0.0251299 0.0527405 0.0623355
0 0.0263003 0.0570875 0.0686684
0 0.0263854 0.0599431 0.0739197
0 0.0255329 0.0613162 0.0777068
0 0.0240844 0.0612444 0.0797231
0 0.022435 0.0598287 0.0797123
0 0.0209178 0.0573762 0.0775974
0 0.0198391 0.0541971 0.0735392
0 0.0192669 0.0505392 0.0678132
0 0.0189346 0.0466694 0.0608067
0 0.0185595 0.0427632 0.0531157
0 0.017951 0.0388388 0.0454473
0 0.0169097 0.0348255 0.0383497
0 0.0152895 0.0307271 0.0322879
0 0.0131967 0.0266862 0.0276431
0 0.010961 0.0229147 0.0244776
0 0.00889394 0.0197522 0.0227038
0 0.00725717 0.0176516 0.0220977
0 0.00624637 0.0168396 0.022327
0 0.0059255 0.0172388 0.0231702
0 0.00633111 0.0187053 0.0245143
0 0.00744563 0.0209648 0.0263209
0 0.00904721 0.0236054 0.0285578
0 0.0108103 0.0263295 0.0311632
0 0.0124661 0.0289874 0.034118
0 0.0137508 0.0314559 0.0373181
0 0.0144111 0.0335657 0.0404731
0 0.0143926 0.035094 0.0432755
0 0.0138744 0.0359233 0.0454967
0 0.0131386 0.0361209 0.0469697
0 0.0124951 0.0357869 0.047572
0 0.0121542 0.0350393 0.0472227
0 0.0120916 0.0340253 0.0458665
0 0.0120937 0.032762 0.0434706
0 0.011885 0.0311288 0.0401011
0 0.0112684 0.0289785 0.0359871
0 0.0101889 0.026193 0.0314278
0 0.00862142 0.0227064 0.0266074
0 0.00653843 0.0184959 0.021629
0 0.00404941 0.0136931 0.0165881
0 0.00139568 0.00867572 0.0115596
0 -0.00119532 0.00387133 0.00664215
0 -0.00355577 -0.000462655 0.00190429
0 -0.00554546 -0.00420946 -0.00254791
0 -0.00704465 -0.00728203 -0.0065235
0 -0.00798451 -0.00964265 -0.00983432
0 -0.00835946 -0.0112888 -0.012294
0 -0.00821782 -0.0121663 -0.0137487
0 -0.00761095 -0.0121585 -0.0140617
0 -0.0065857 -0.0111296 -0.0130981
0 -0.00526764 -0.00900578 -0.0108033
0 -0.00378925 -0.0058383 -0.00719487
0 -0.00217868 -0.00178382 -0.0023087
0 -0.000398865 0.00296421 0.00377178
0 0.00158014 0.00820301 0.0108493
0 0.00367951 0.0136658 0.0185247
0 0.00568348 0.0190244 0.0262389
0 0.00752053 0.0240928 0.0336183
0 0.00938318 0.0289615 0.0404976
0 0.0113692 0.0336785 0.0466507
0 0.0133656 0.0380003 0.0518678
0 0.0152639 0.0416989 0.0560195
0 0.0170784 0.0447867 0.0591521
0 0.0188472 0.0473266 0.0614675
0 0.020442 0.0492913 0.0630728
0 0.0216303 0.0506156 0.0639807
0 0.0222358 0.0512057 0.0641894
0 0.022137 0.0509607 0.0637051
0 0.0213358 0.0498591 0.0625511
0 0.0200145 0.0479431 0.0607441
0 0.0184236 0.0453304 0.0583068
0 0.0168234 0.0422537 0.0552659
0 0.0153838 0.0389482 0.0516131
0 0.0140767 0.0355337 0.0473028
0 0.0127868 0.0320464 0.042343
0 0.0114645 0.0285246 0.0369283
0 0.0101526 0.0250055 0.0314222
0 0.00889507 0.0214831 0.0261397
0 0.00764435 0.01799 0.0212468
0 0.00633977 0.0146494 0.0169436
0 0.00498624 0.0115826 0.0133947
0 0.00359645 0.00889117 0.0105746
0 0.00218363 0.00666828 0.00841056
0 0.000827635 0.00494532 0.00683988
0 -0.000295497 0.0037483 0.00584843
0 -0.00101708 0.00310336 0.00542287
0 -0.00127368 0.00296358 0.00548696
0 -0.00104205 0.00331357 0.00600438
0 -0.000330857 0.00421161 0.00697225
0 0.000751251 0.00567632 0.00839173
0 0.00204328 0.00767138 0.0102897
0 0.00342355 0.0101408 0.0127278
0 0.00483837 0.0130097 0.0158
0 0.00628895 0.0162025 0.0195811
0 0.00779311 0.0196656 0.0240655
0 0.00929984 0.0233308 0.0291017
0 0.0107231 0.0270582 0.0344397
0 0.0120269 0.0307017 0.0397993
0 0.0131816 0.0341993 0.0448681
0 0.0142234 0.0374906 0.0494451
0 0.0152939 0.0405015 0.0534641
0 0.0164997 0.0432105 0.0568758
0 0.0178151 0.045574 0.0596265
0 0.0191174 0.0475126 0.0616696
0 0.0202819 0.0490095 0.0630125
0 0.0211716 0.0500425 0.063686
0 0.0216135 0.0504953 0.0636952
0 0.0215119 0.0502631 0.0630745
0 0.0208864 0.0492958 0.061872
0 0.019804 0.0475547 0.0600847
0 0.0183766 0.0450714 0.0576684
0 0.0167591 0.0419844 0.054574
0 0.0150949 0.0384843 0.0507744
0 0.0134573 0.0347361 0.0462599
0 0.0118458 0.0308399 0.0410671
0 0.0102053 0.0268313 0.0353265
0 0.00852945 0.0226927 0.0292715
0 0.0069428 0.0184756 0.0232214
0 0.0054887 0.014356 0.0174553
0 0.00402124 0.0104308 0.0121714
0 0.00237548 0.00665441 0.00744871
0 0.00049311 0.00303499 0.0032643
0 -0.00155237 -0.000309915 -0.000324853
0 -0.00361767 -0.00330515 -0.00329475
0 -0.00555211 -0.0059405 -0.005704
0 -0.00719666 -0.00816194 -0.00760597
0 -0.0084165 -0.00990879 -0.00907293
0 -0.00916452 -0.0111696 -0.0101888
0 -0.0094502 -0.011917 -0.0110217
0 -0.00929757 -0.012113 -0.0115584
0 -0.00877011 -0.0117602 -0.0117222
0 -0.00797006 -0.0108828 -0.0114055
0 -0.00702585 -0.00954081 -0.0104793
0 -0.0060488 -0.00782914 -0.00884763
0 -0.00506862 -0.00579042 -0.00643795
0 -0.00406552 -0.00342289 -0.00323571
0 -0.00306417 -0.000784168 0.000609275
0 -0.00211077 0.0020279 0.00482961
0 -0.00117473 0.00495472 0.00917649
0 -0.000136803 0.00798606 0.0134728
0 0.00114124 0.0111459 0.0176688
0 0.00269207 0.0144294 0.0217508
0 0.00443784 0.01779 0.0256539
0 0.00629986 0.0212081 0.0293906
0 0.00816251 0.0246107 0.0329836
0 0.00984975 0.0278061 0.0363987
0 0.0112383 0.0306225 0.0396107
0 0.0123076 0.0329768 0.0425866
0 0.0130967 0.0348477 0.0452845
0 0.0136658 0.0362972 0.0476481
0 0.0140891 0.0374367 0.0496061
0 0.014426 0.0383399 0.0510791
0 0.0147037 0.039035 0.0520088
0 0.0149595 0.0395445 0.0524184
0 0.0152251 0.039856 0.0523798
0 0.0154432 0.0398828 0.051932
0 0.0154887 0.0395194 0.0510859
0 0.0152736 0.0387217 0.0498744
0 0.0147824 0.0375191 0.0483573
0 0.0140336 0.0359686 0.0465716
0 0.0130459 0.034096 0.0444927
0 0.0118563 0.0319089 0.0420677
0 0.0105486 0.0294473 0.0392745
0 0.00922362 0.0267777 0.0361262
0 0.00794843 0.0239631 0.0326486
0 0.00674798 0.0210747 0.0289013
0 0.00564671 0.0182112 0.0250239
0 0.00472012 0.0155057 0.0212284
0 0.00402307 0.0131208 0.0177204
0 0.00345543 0.0111272 0.0146152
0 0.00286721 0.00945193 0.0120062
0 0.00223528 0.00805278 0.0100181
0 0.00159588 0.0069408 0.00871101
0 0.000955488 0.00606828 0.00804385
0 0.000322679 0.00537861 0.00786733
0 -0.000287916 0.00484701 0.00796598
0 -0.000858901 0.00443575 0.00812859
0 -0.00135443 0.00409784 0.00817332
0 -0.00172574 0.0038012 0.00800246
0 -0.00192936 0.00351808 0.00759717
0 -0.00196453 0.0032139 0.00696584
0 -0.00189867 0.00284647 0.00612937
0 -0.00183666 0.00237645 0.00513144
0 -0.00185116 0.00181032 0.00406821
0 -0.00194981 0.00121501 0.00307639
0 -0.00208691 0.000689483 0.00230105
0 -0.0021899 0.000343412 0.0018707
0 -0.00220942 0.000259777 0.00185005
0 -0.00212368 0.000482566 0.00224364
0 -0.0019097 0.00103743 0.00303706
0 -0.00155599 0.00192213 0.00420052
0 -0.0010628 0.00310551 0.00569355
0 -0.000434137 0.00454225 0.00747601
0 0.000302218 0.00616872 0.00949286
0 0.00109451 0.00790637 0.011668
0 0.00189705 0.00968603 0.0139263
0 0.00268384 0.0114582 0.0162052
0 0.00345387 0.0132004 0.018469
0 0.0042422 0.0149357 0.020718
0 0.00507594 0.0166987 0.0229536
0 0.00591835 0.0184742 0.0251414
0 0.00671538 0.0202085 0.02723
0 0.00745338 0.0218617 0.029202
0 0.00813925 0.0234194 0.0310719
0 0.00877529 0.0248596 0.0328464
0 0.00934377 0.0261413 0.0344984
0 0.00981424 0.0272325 0.035975
0 0.010167 0.0281185 0.0372265
0 0.0104007 0.0287926 0.0382115
0 0.0105308 0.029253 0.0388962
0 0.0105673 0.0294849 0.0392512
0 0.0105133 0.0294647 0.0392525
0 0.0104009 0.0292083 0.0389192
0 0.0102963 0.028796 0.0383347
0 0.0102456 0.0283241 0.0375985
0 0.0102111 0.0278279 0.0367557
0 0.0101005 0.0272802 0.035811
0 0.00988889 0.0266849 0.0348258
0 0.00962355 0.0260824 0.0339071
0 0.00932981 0.0254766 0.0331089
0 0.00904256 0.0248905 0.032465
0 0.00885355 0.024434 0.0320505
0 0.00884889 0.0242474 0.0319397
0 0.00906334 0.0244401 0.0321781
0 0.00948257 0.0250665 0.0327938
0 0.0100278 0.0260794 0.0337723
0 0.010551 0.0272989 0.035022
0 0.0109274 0.0285035 0.0364296
0 0.0111646 0.0295717 0.0379466
0 0.0113483 0.0304831 0.0395411
0 0.0115246 0.0312405 0.0411045
0 0.0116674 0.0318344 0.0424502
0 0.011708 0.0322247 0.043366
0 0.0116206 0.032375 0.0437157
0 0.0114691 0.0322871 0.0435005
0 0.011334 0.0319658 0.0428026
0 0.0112246 0.031384 0.0417008
0 0.0110714 0.030504 0.0402473
0 0.0107871 0.0293256 0.0384973
0 0.0103148 0.0278933 0.0365216
0 0.00964529 0.0262719 0.0343985
0 0.00879488 0.0245027 0.0321802
0 0.00778305 0.0225805 0.0298713
0 0.00664907 0.0204892 0.0274544
0 0.00543771 0.0182237 0.0249012
0 0.00418558 0.0158022 0.0221818
0 0.00297272 0.0132946 0.0192968
0 0.00186715 0.010782 0.0162573
0 0.000828607 0.00829695 0.0130643
0 -0.000188942 0.00585543 0.00975315
0 -0.0011734 0.00348002 0.00641194
0 -0.00213118 0.00116833 0.00316561
0 -0.00307627 -0.00107918 0.000140513
0 -0.00398172 -0.00320041 -0.00254858
0 -0.0048262 -0.00510593 -0.00481232
0 -0.00562708 -0.00673946 -0.0066394
0 -0.006387 -0.00806732 -0.0080538
0 -0.00707281 -0.00907158 -0.00907516
0 -0.00766402 -0.00978649 -0.00975648
0 -0.00816337 -0.0102929 -0.0101782
0 -0.00853685 -0.0106388 -0.0103933
0 -0.00869143 -0.010784 -0.0103862
0 -0.00853133 -0.0106239 -0.0100994
0 -0.00803933 -0.01007 -0.00949965
0 -0.00728203 -0.00908117 -0.00856869
0 -0.00633214 -0.00763015 -0.00723859
0 -0.00525354 -0.00573501 -0.00541899
0 -0.00413512 -0.00350174 -0.00307055
0 -0.00305529 -0.00106872 -0.0002058
0 -0.00203832 0.00145938 0.00312295
0 -0.00106355 0.00403095 0.0068113
0 -8.48746e-05 0.00664548 0.0107115
0 0.000931754 0.00930983 0.0146252
0 0.00198599 0.0120094 0.0183926
0 0.0030767 0.0147063 0.0219269
0 0.00422664 0.0173595 0.0251515
0 0.00543014 0.0199261 0.0280495
0 0.00661942 0.022302 0.0306165
0 0.0077347 0.024394 0.0328747
0 0.00875596 0.0262048 0.0349036
0 0.00966821 0.0277694 0.0367487
0 0.0104362 0.0291056 0.0384153
0 0.0109942 0.0301999 0.0398502
0 0.0113114 0.0310355 0.0409896
0 0.011441 0.0316252 0.0418363
0 0.0114654 0.0319919 0.0424127
0 0.011455 0.0321549 0.0427293
0 0.0114368 0.0321175 0.042773
0 0.0113693 0.0318581 0.0424933
0 0.0111829 0.0313457 0.0418321
0 0.0108316 0.0305533 0.0407617
0 0.010307 0.0294633 0.0392945
0 0.00964237 0.02808 0.0374782
0 0.00890771 0.0264502 0.0353945
0 0.0081645 0.0246505 0.0331283
0 0.00743007 0.0227583 0.0307362
0 0.00669688 0.0208469 0.0282653
0 0.00594265 0.0189604 0.0257569
0 0.00511926 0.0170711 0.023223
0 0.00419632 0.0151378 0.020684
0 0.00322125 0.0131874 0.0182124
0 0.00228794 0.0112717 0.0158843
0 0.00145477 0.00943495 0.013736
0 0.000727336 0.00774404 0.0117775
0 8.78988e-05 0.00625255 0.00999563
0 -0.00050785 0.00494956 0.00834893
0 -0.00108727 0.00380801 0.0068293
0 -0.00158452 0.00285407 0.00552051
0 -0.00191616 0.00212026 0.00451799
0 -0.00207228 0.00161165 0.00385659
0 -0.00206916 0.00135971 0.00355341
0 -0.00192427 0.00141286 0.00362021
0 -0.00167088 0.00179543 0.00405057
0 -0.00132887 0.00251207 0.00484725
0 -0.000889871 0.00354479 0.00602621
0 -0.000336863 0.00485417 0.0075949
0 0.000350835 0.0064103 0.00955163
0 0.00118763 0.0082022 0.0118766
0 0.00214661 0.0102072 0.014501
0 0.00314619 0.012363 0.0173036
0 0.00407442 0.0145665 0.0201473
0 0.00485302 0.0166966 0.0229064
0 0.00549492 0.0186417 0.0254872
0 0.00605649 0.0203358 0.0278264
0 0.0065571 0.0217484 0.0298453
0 0.00699175 0.0228442 0.0314554
0 0.0073667 0.0236274 0.0326047
0 0.00767596 0.0241447 0.0332715
0 0.00788789 0.0244149 0.0334565
0 0.00796436 0.0244134 0.0331801
0 0.00787419 0.0241007 0.0324829
0 0.00760106 0.0234405 0.0314218
0 0.00712674 0.0223885 0.0300266
0 0.00642115 0.0209081 0.0282784
0 0.00549404 0.0190252 0.0261648
0 0.0044344 0.0168517 0.0237278
0 0.00333055 0.0145139 0.0210201
0 0.00221194 0.012085 0.0180642
0 0.00112566 0.00962376 0.0149011
0 0.00014176 0.0072174 0.0116349
0 -0.000723557 0.00494012 0.008401
0 -0.0014881 0.00282189 0.00533321
0 -0.00216464 0.000894951 0.00257625
0 -0.00277281 -0.000790426 0.000256812
0 -0.0033308 -0.00219526 -0.0015467
0 -0.00383283 -0.00327804 -0.00279669
0 -0.00425142 -0.00399018 -0.00348501
0 -0.00454063 -0.00429536 -0.00362144
0 -0.00461984 -0.00415075 -0.00321645
0 -0.00438296 -0.0034909 -0.00225396
0 -0.00375904 -0.00225923 -0.000711127
0 -0.00276088 -0.000445281 0.00140403
0 -0.00148879 0.0018908 0.00404358
0 -0.00011514 0.00459931 0.00710882
0 0.00120621 0.00749851 0.0104964
0 0.00244277 0.0104726 0.0141653
0 0.00362962 0.0134675 0.0180867
0 0.00477259 0.0164201 0.0221532
0 0.0058655 0.0192346 0.0262005
0 0.00691598 0.0218858 0.0300679
0 0.00794892 0.0244609 0.0336428
0 0.00903441 0.0270223 0.0369104
0 0.010237 0.0295735 0.0399013
0 0.0115367 0.0320916 0.0426392
0 0.0128557 0.0344897 0.0451405
0 0.0141112 0.0366478 0.0474067
0 0.0152374 0.038507 0.0494483
0 0.0161789 0.0400609 0.0512687
0 0.0168682 0.0412828 0.0528209
0 0.0172689 0.0421648 0.054049
0 0.0174108 0.0427401 0.054932
0 0.0173403 0.0430072 0.0554453
0 0.0170998 0.0429286 0.0555411
0 0.0167438 0.042486 0.0551813
0 0.0163182 0.0416808 0.0543408
0 0.0158265 0.0405223 0.0529879
0 0.0152483 0.0390408 0.0511088
0 0.0145794 0.0372928 0.0487487
0 0.0138306 0.0353396 0.0460024
0 0.0129915 0.0332046 0.042965
0 0.01202 0.0308584 0.0397015
0 0.0108729 0.0282571 0.0362546
0 0.00954092 0.0253869 0.0326591
0 0.00807663 0.0223052 0.0289734
0 0.00657629 0.019143 0.0252924
0 0.00516098 0.0160685 0.0217086
0 0.00395629 0.0132536 0.0182917
0 0.00296278 0.0107813 0.0150705
0 0.00205598 0.00860545 0.0120287
0 0.00114806 0.00663371 0.00918
0 0.000217757 0.00478401 0.0065964
0 -0.000725426 0.00301218 0.00435859
0 -0.00163499 0.00134001 0.00252853
0 -0.0024324 -0.000140043 0.00113238
0 -0.00303777 -0.00128794 0.000173378
0 -0.00341572 -0.00199031 -0.000374169
0 -0.00357908 -0.00221995 -0.000577581
0 -0.00354881 -0.00202394 -0.000486802
0 -0.00332247 -0.00147018 -8.55826e-05
0 -0.0028772 -0.000608128 0.000690908
0 -0.00221779 0.000525052 0.00189611
0 -0.00140409 0.00190016 0.00353139
0 -0.000517638 0.00350699 0.00555813
0 0.000382707 0.00534918 0.00792575
0 0.00126986 0.00741363 0.0105775
0 0.0021257 0.00963106 0.0134286
0 0.0029325 0.0118769 0.016359
0 0.00368435 0.0140202 0.019246
0 0.00437603 0.0159583 0.0219743
0 0.00499663 0.0176172 0.0244173
0 0.00554724 0.0189839 0.0264588
0 0.00603425 0.0201034 0.0280267
0 0.00644921 0.0209854 0.0290867
0 0.00676472 0.0215882 0.0296288
0 0.00694357 0.0218622 0.0296676
0 0.00694403 0.0217404 0.0292316
0 0.00674516 0.0211812 0.0283674
0 0.00637768 0.0202325 0.0271568
0 0.00588394 0.0189857 0.0256733
0 0.00527281 0.0175131 0.0239437
0 0.00456285 0.015897 0.0220015
0 0.00381538 0.0142441 0.0199268
0 0.00309118 0.012625 0.0177962
0 0.00242344 0.0110676 0.015671
0 0.0018358 0.00960975 0.0136395
0 0.00136139 0.00831182 0.0118113
0 0.0010173 0.00723274 0.0102874
0 0.00077805 0.00641087 0.00913607
0 0.000626548 0.0058866 0.00840695
0 0.000586593 0.0057171 0.00815992
0 0.000672697 0.0059277 0.00842193
0 0.000876355 0.00649544 0.00916971
0 0.00118855 0.00737384 0.0103535
0 0.00159107 0.0084958 0.011892
0 0.00207981 0.00980598 0.0137027
0 0.00269222 0.0112962 0.0157368
0 0.00345973 0.0129755 0.0179613
0 0.00434391 0.0148146 0.0203101
0 0.00522577 0.0167179 0.0226625
0 0.00596817 0.0185317 0.0248777
0 0.00651491 0.0201101 0.0268516
0 0.00692403 0.0214084 0.0285728
0 0.00730787 0.0224783 0.0300952
0 0.00772323 0.0233618 0.0314181
0 0.00813062 0.0240635 0.032466
0 0.00848285 0.024623 0.0331974
0 0.00877554 0.025098 0.0336426
0 0.00900214 0.0254882 0.033845
0 0.00913378 0.0257354 0.0338386
0 0.00914988 0.0257712 0.0336617
0 0.0090594 0.0255647 0.0333562
0 0.00888706 0.0251441 0.0329549
0 0.00864528 0.024567 0.0324579
0 0.00831934 0.0238738 0.0318185
0 0.00788665 0.0230756 0.0309723
0 0.0073526 0.0221641 0.0298816
0 0.00677305 0.0211385 0.0285645
0 0.00623587 0.0200292 0.0270934
0 0.00581229 0.0188924 0.0255602
0 0.00552931 0.0178013 0.0240524
0 0.00535699 0.0168216 0.0226375
0 0.00521085 0.0159839 0.0213483
0 0.00499264 0.0152734 0.020193
0 0.00465743 0.014646 0.0191975
0 0.00424686 0.0140724 0.01842
0 0.00383815 0.0135437 0.017899
0 0.00347895 0.0130514 0.0176084
0 0.00318573 0.0126048 0.0174719
0 0.00297109 0.0122506 0.0174085
0 0.00285379 0.012052 0.0173673
0 0.0028415 0.0120376 0.0173232
0 0.00291493 0.012174 0.0172644
0 0.00305064 0.0123969 0.0172109
0 0.0032399 0.0126534 0.0172187
0 0.00347755 0.0129238 0.0173538
0 0.00374244 0.013216 0.0176575
0 0.00399299 0.013547 0.0181295
0 0.0041981 0.0139432 0.018748
0 0.00436181 0.0144339 0.0194938
0 0.00452814 0.0150438 0.0203619
0 0.0047674 0.015797 0.0213671
0 0.00511665 0.0166846 0.0225026
0 0.00553295 0.0176362 0.023699
0 0.00593305 0.0185522 0.0248587
0 0.00627091 0.0193723 0.0259207
0 0.00655044 0.0200892 0.0268708
0 0.00677714 0.0206911 0.0276911
0 0.00694201 0.021151 0.0283441
0 0.00703371 0.021446 0.0287916
0 0.00703286 0.0215449 0.028987
0 0.00693862 0.0214335 0.0289047
0 0.00680191 0.0211546 0.0285802
0 0.00668431 0.0207809 0.0280795
0 0.00659762 0.0203561 0.0274455
0 0.00649341 0.0198734 0.0266834
0 0.0062951 0.0192883 0.0257766
0 0.00594763 0.0185445 0.0247153
0 0.00544159 0.0175985 0.0235043
0 0.00480084 0.016432 0.022152
0 0.00407948 0.0150766 0.0206756
0 0.00336621 0.013624 0.0191136
0 0.00274801 0.0121922 0.0175093
0 0.00224721 0.0108729 0.0158848
0 0.00183425 0.0097133 0.014262
0 0.00149039 0.00873305 0.0126984
0 0.0012095 0.00792772 0.0112786
0 0.000983669 0.00727145 0.0101071
0 0.000819306 0.00675495 0.00928715
0 0.000735405 0.00641269 0.00888504
0 0.000734495 0.00629762 0.0089169
0 0.000795935 0.00644766 0.00933674
0 0.000896522 0.00686709 0.0100619
0 0.0010299 0.00752035 0.0110113
0 0.00122009 0.00834952 0.0121227
0 0.00150903 0.00929422 0.0133586
0 0.00191401 0.0102941 0.0146751
0 0.00242269 0.0113135 0.016026
0 0.00302407 0.0123726 0.017396
0 0.00370136 0.0135198 0.0187889
0 0.00440843 0.0147734 0.0202034
0 0.00507509 0.0160968 0.0216272
0 0.00564475 0.0174159 0.0230506
0 0.00610724 0.0186467 0.0244712
0 0.00649018 0.0197292 0.0258897
0 0.00683126 0.0206584 0.0272984
0 0.00715097 0.0214666 0.028651
0 0.00743092 0.0221709 0.0298537
0 0.00763223 0.0227605 0.0307998
0 0.00775471 0.0232298 0.0314359
0 0.00786155 0.0235981 0.0317961
0 0.00802605 0.0238919 0.0319638
0 0.00825797 0.0241109 0.0320013
0 0.00850457 0.0242384 0.0319395
0 0.00870848 0.0242863 0.031817
0 0.00883073 0.0242864 0.0316809
0 0.00884196 0.0242493 0.0315572
0 0.00873457 0.0241624 0.0314524
0 0.00854769 0.0240249 0.0313794
0 0.00834622 0.0238522 0.0313462
0 0.00817824 0.0236614 0.0313327
0 0.00806666 0.023476 0.031302
0 0.0080102 0.0233199 0.0312152
0 0.00798007 0.0231911 0.0310336
0 0.0079503 0.0230726 0.0307468
0 0.00792512 0.0229559 0.0303939
0 0.00791234 0.0228284 0.0300295
0 0.00791352 0.0226833 0.0297045
0 0.00791793 0.022526 0.0294523
0 0.00786886 0.0223316 0.0292436
0 0.00769535 0.0220504 0.029004
0 0.00738936 0.0216632 0.0286858
0 0.00700315 0.0211793 0.0282729
0 0.00659217 0.0205989 0.0277402
0 0.00619458 0.0199186 0.0270535
0 0.00582183 0.0191387 0.0261787
0 0.00546849 0.0182697 0.0250982
0 0.00514164 0.01735 0.0238423
0 0.00484367 0.0164176 0.0224714
0 0.00453524 0.0154626 0.0210258
0 0.00413146 0.0144261 0.0195043
0 0.00354788 0.0132265 0.017882
0 0.00276483 0.0118031 0.01615
0 0.00184025 0.0101671 0.0143307
0 0.000868643 0.0083829 0.0124437
0 -6.4416e-05 0.00653337 0.0104907
0 -0.000903298 0.00471637 0.0084699
0 -0.00161526 0.00302623 0.00639649
0 -0.00217483 0.00154042 0.00433375
0 -0.00257244 0.000306771 0.00239321
0 -0.00282047 -0.000660755 0.000706749
0 -0.00293916 -0.00135872 -0.00059223
0 -0.00295538 -0.00177924 -0.00139239
0 -0.00291293 -0.00191979 -0.00164385
0 -0.00286797 -0.00179885 -0.00137508
0 -0.00285082 -0.00144296 -0.000661588
0 -0.00281547 -0.000848137 0.000432006
0 -0.00265917 1.25547e-05 0.00185981
0 -0.00231583 0.00112929 0.00353986
0 -0.00178376 0.00245321 0.00536013
0 -0.00108637 0.00393767 0.00723305
0 -0.000262488 0.00554114 0.00910831
0 0.000637303 0.00722151 0.0109711
0 0.00157122 0.00894715 0.0128453
0 0.00251479 0.0107032 0.0147801
0 0.00343281 0.0124667 0.0168052
0 0.00426712 0.0141937 0.0189066
0 0.00497696 0.0158487 0.0210502
0 0.00556332 0.0174093 0.0231887
0 0.00605364 0.0188479 0.0252599
0 0.00648022 0.0201538 0.0271982
0 0.00687554 0.021338 0.0289367
0 0.00727504 0.0224035 0.0304253
0 0.00770844 0.0233581 0.0316486
0 0.008192 0.0242312 0.0326271
0 0.00870932 0.0250387 0.0333967
0 0.00919595 0.0257532 0.0339809
0 0.00957435 0.0263273 0.0344005
0 0.00980109 0.0267262 0.0346919
0 0.00987828 0.0269373 0.0348993
0 0.0098309 0.0269658 0.0350462
0 0.00968512 0.0268282 0.035117
0 0.00946821 0.0265512 0.0350699
0 0.00920906 0.0261698 0.0348579
0 0.00893839 0.0257187 0.0344465
0 0.00869395 0.02523 0.0338366
0 0.00850249 0.0247236 0.0330595
0 0.00834951 0.0241855 0.0321457
0 0.00819046 0.0235813 0.0311241
0 0.00799263 0.0228991 0.0300452
0 0.00775826 0.0221708 0.0289865
0 0.0075113 0.0214555 0.0280283
0 0.00727339 0.0208134 0.027227
0 0.0070616 0.0202958 0.0266147
0 0.00688513 0.0199311 0.0261988
0 0.00674336 0.0197165 0.0259649
0 0.0066419 0.0196357 0.0258963
0 0.00658268 0.0196569 0.0259664
0 0.00655047 0.0197302 0.0261281
0 0.00652091 0.0198039 0.0263216
0 0.00648168 0.0198478 0.0264959
0 0.00645559 0.019875 0.0266378
0 0.00647465 0.0199199 0.0267544
0 0.00653595 0.0199916 0.0268359
0 0.0066044 0.0200668 0.026858
0 0.006635 0.0201015 0.026797
0 0.00658371 0.0200348 0.0266268
0 0.00642109 0.0198049 0.0263213
0 0.00614596 0.0193745 0.0258614
0 0.00578257 0.0187429 0.0252348
0 0.00536142 0.017936 0.0244261
0 0.004913 0.0170014 0.0234258
0 0.00446413 0.0159938 0.0222395
0 0.00401758 0.0149395 0.0208739
0 0.00357447 0.0138541 0.0193599
0 0.00314743 0.012757 0.0177635
0 0.00272645 0.0116502 0.0161483
0 0.00230893 0.0105534 0.0145879
0 0.00191526 0.00951211 0.0131673
0 0.00152658 0.00854251 0.0119232
0 0.00109278 0.00762772 0.0108364
0 0.000594594 0.00675085 0.00987373
0 4.79243e-05 0.00590053 0.009002
0 -0.000514919 0.00506375 0.00818045
0 -0.0010549 0.00422786 0.00736299
0 -0.0015379 0.00339057 0.00650861
0 -0.00192593 0.00258228 0.00560769
0 -0.00217022 0.00187413 0.00470289
0 -0.00224809 0.00133917 0.00386203
0 -0.00218163 0.00102166 0.00315766
0 -0.00201238 0.00094032 0.002673
0 -0.00179682 0.00107564 0.00247807
0 -0.00158538 0.00138632 0.00262356
0 -0.0013879 0.00184863 0.00314969
0 -0.00118716 0.00245506 0.00405986
0 -0.00094793 0.00321908 0.00531937
0 -0.000614894 0.00418394 0.00687829
0 -0.00013075 0.00540236 0.00868212
0 0.0005339 0.00690019 0.010672
0 0.00135979 0.00864766 0.0127875
0 0.00230941 0.0105858 0.0150007
0 0.00335315 0.0126593 0.0173217
0 0.00444886 0.0148131 0.0197652
0 0.00553513 0.0170015 0.0223383
0 0.00655955 0.0191842 0.0250253
0 0.00749992 0.0213156 0.0277829
0 0.00834495 0.0233742 0.0305569
0 0.00908258 0.0253485 0.0332738
0 0.00971934 0.0271884 0.0358374
0 0.0102931 0.0288492 0.0381673
0 0.0108563 0.0303379 0.0402252
0 0.0114439 0.0316706 0.0419875
0 0.0120523 0.0328434 0.0434257
0 0.0126369 0.0338468 0.0445232
0 0.0131434 0.0346667 0.0452904
0 0.0135328 0.035272 0.0457569
0 0.0137554 0.0356052 0.0459377
0 0.0137577 0.0356028 0.045831
0 0.0135473 0.0352521 0.0454555
0 0.0131901 0.0346072 0.044848
0 0.0127398 0.0337346 0.0440142
0 0.0122058 0.0326654 0.0429066
0 0.0115821 0.0314089 0.0414678
0 0.0108956 0.0299924 0.0396958
0 0.0101962 0.0284502 0.0376407
0 0.00950826 0.0267944 0.0353607
0 0.00883033 0.0250356 0.0329221
0 0.0081524 0.0232039 0.0304043
0 0.00744755 0.0213301 0.0278748
0 0.00668195 0.0194308 0.0253819
0 0.00583638 0.0175251 0.0229672
0 0.0049216 0.0156495 0.0206632
0 0.0040012 0.0138513 0.0185047
0 0.00315252 0.0121743 0.0165327
0 0.00241385 0.0106592 0.0147666
0 0.00179908 0.00933577 0.0131984
0 0.0013082 0.00821705 0.0118188
0 0.000924638 0.00730954 0.0106314
0 0.000631536 0.00661014 0.00964988
0 0.000425559 0.00610739 0.00890134
0 0.000301631 0.00578773 0.00841358
0 0.000241566 0.0056322 0.0081926
0 0.00023971 0.00563402 0.00823516
0 0.000300067 0.0058003 0.00853054
0 0.000411762 0.00612491 0.00904109
0 0.000577434 0.00660221 0.0097306
0 0.000822842 0.0072382 0.010584
0 0.00116227 0.00802608 0.0115838
0 0.00158225 0.00893343 0.0126972
0 0.00204951 0.0099133 0.0138842
0 0.00253129 0.0109238 0.0151127
0 0.00301024 0.0119384 0.0163653
0 0.00348576 0.012949 0.0176373
0 0.0039475 0.0139421 0.01891
0 0.0043647 0.0148846 0.020137
0 0.0047181 0.0157466 0.0212739
0 0.00500638 0.0165073 0.0222892
0 0.00523936 0.0171539 0.0231601
0 0.00543719 0.0176813 0.0238747
0 0.00560479 0.0180792 0.0244144
0 0.00572795 0.0183376 0.0247559
0 0.00579772 0.0184554 0.0248918
0 0.00582081 0.0184457 0.0248376
0 0.00581543 0.018338 0.0246309
0 0.00579581 0.0181616 0.0243162
0 0.00575928 0.0179314 0.023927
0 0.00569687 0.0176569 0.0234922
0 0.0056113 0.0173612 0.0230498
0 0.00551322 0.0170716 0.0226388
0 0.00541758 0.0168121 0.0222933
0 0.00533838 0.016607 0.0220382
0 0.00527162 0.0164619 0.0218738
0 0.0052052 0.0163642 0.0217832
0 0.00514821 0.0163162 0.0217624
0 0.00512957 0.0163365 0.0218239
0 0.00518441 0.016453 0.0219894
0 0.00534138 0.0167018 0.0222861
0 0.0055957 0.0171006 0.0227253
0 0.00590322 0.0176312 0.0232922
0 0.00620274 0.0182436 0.0239548
0 0.00645421 0.0188835 0.0246884
0 0.00665732 0.0195094 0.0254842
0 0.00683123 0.0200934 0.0263289
0 0.00700299 0.020636 0.0272017
0 0.00719957 0.0211625 0.0280756
0 0.00742728 0.0216961 0.0289092
0 0.00766656 0.0222348 0.0296507
0 0.00789041 0.0227547 0.0302604
0 0.00808833 0.0232257 0.0307318
0 0.00826344 0.0236154 0.0310825
0 0.00842262 0.0239064 0.0313431
0 0.00857878 0.0241135 0.0315545
0 0.00872448 0.0242587 0.0317366
0 0.00881146 0.0243384 0.0318629
0 0.00878647 0.0243264 0.0318861
0 0.00863045 0.0241917 0.0317694
0 0.00835913 0.0239019 0.0314877
0 0.00801309 0.0234345 0.0310254
0 0.00763998 0.0227913 0.030373
0 0.0072625 0.0219882 0.0295107
0 0.00686912 0.0210419 0.0284078
0 0.00643626 0.0199713 0.0270482
0 0.00596126 0.0188062 0.0254603
0 0.00546048 0.0175756 0.023713
0 0.00494483 0.016288 0.0218829
0 0.00441991 0.0149571 0.0200422
0 0.0038918 0.0136218 0.0182567
0 0.00337716 0.0123353 0.0165958
0 0.0029019 0.0111699 0.0151303
0 0.00248236 0.0101881 0.0139041
0 0.00211367 0.00940493 0.0129264
0 0.00177953 0.00880019 0.012184
0 0.00147253 0.00833837 0.0116525
0 0.00120159 0.00798358 0.0113037
0 0.000990278 0.00771981 0.0111142
0 0.000872391 0.00756242 0.0110693
0 0.000876744 0.00754745 0.0111592
0 0.00100302 0.00770114 0.0113699
0 0.00121633 0.00801884 0.0116801
0 0.00147281 0.00847017 0.0120778
0 0.0017393 0.00900856 0.0125673
0 0.00198977 0.00957613 0.0131518
0 0.00221915 0.0101333 0.0138349
0 0.00244485 0.0106764 0.0146171
0 0.00267493 0.0112149 0.0154704
0 0.00290182 0.0117576 0.016343
0 0.003122 0.0123152 0.0171895
0 0.00336019 0.0129121 0.0179964
0 0.00366184 0.0135796 0.0187863
0 0.00404006 0.0143153 0.0195769
0 0.00446332 0.0150799 0.020365
0 0.00489015 0.0158349 0.0211517
0 0.00527078 0.016542 0.0219312
0 0.00556695 0.01717 0.0226894
0 0.00579189 0.0177268 0.0234358
0 0.00597752 0.0182391 0.0241815
0 0.00613976 0.0187165 0.0249097
0 0.00628783 0.0191594 0.0255886
0 0.00643076 0.0195732 0.026193
0 0.00658858 0.0199704 0.026719
0 0.00677845 0.0203611 0.0271744
0 0.00698439 0.0207303 0.0275557
0 0.00717016 0.0210456 0.0278512
0 0.00730808 0.0212826 0.0280601
0 0.00738979 0.0214327 0.0281971
0 0.00742733 0.021508 0.0282866
0 0.00743068 0.0215209 0.0283394
0 0.00739222 0.0214686 0.0283395
0 0.00731408 0.0213574 0.0282734
0 0.00721601 0.0212063 0.0281416
0 0.00710979 0.0210218 0.0279395
0 0.00698998 0.0207915 0.0276516
0 0.00685019 0.0205009 0.0272684
0 0.00669423 0.0201477 0.0267971
0 0.00652767 0.0197385 0.0262528
0 0.00635213 0.0192829 0.0256505
0 0.00615681 0.0187832 0.0249951
0 0.00592472 0.0182346 0.0242845
0 0.00566205 0.0176491 0.0235363
0 0.0053926 0.0170529 0.0227815
0 0.00513442 0.0164676 0.0220435
0 0.00489741 0.0159092 0.0213409
0 0.00468467 0.0153943 0.0206891
0 0.00450223 0.014943 0.0201054
0 0.00436521 0.0145822 0.01962
0 0.00428291 0.0143351 0.019262
0 0.00424273 0.014198 0.0190366
0 0.00421098 0.0141366 0.0189237
0 0.0041538 0.0141062 0.0188913
0 0.00407204 0.0140825 0.0189218
0 0.00400924 0.0140818 0.0190261
0 0.00400705 0.0141344 0.0192099
0 0.00407467 0.0142584 0.0194553
0 0.00419377 0.0144568 0.019732
0 0.00432868 0.0147098 0.0200064
0 0.00445628 0.014991 0.0202656
0 0.00458007 0.0152815 0.0205253
0 0.00472467 0.0155804 0.0208223
0 0.00491411 0.0159033 0.0211936
0 0.00513677 0.0162566 0.0216425
0 0.00536862 0.01665 0.0221579
0 0.0055989 0.0171022 0.0227352
0 0.00581763 0.0176141 0.0233653
0 0.00602179 0.0181694 0.0240391
0 0.00622139 0.0187433 0.0247511
0 0.00642841 0.01931 0.0254928
0 0.00664737 0.0198544 0.0262481
0 0.00687536 0.0203734 0.0269923
0 0.00709787 0.0208643 0.0276919
0 0.0072844 0.0213084 0.0283008
0 0.00740443 0.0216687 0.0287715
0 0.0074488 0.0219103 0.0290756
0 0.00743135 0.0220092 0.0292076
0 0.00737285 0.0219537 0.0291693
0 0.00728447 0.0217477 0.0289596
0 0.00716526 0.0214079 0.0285759
0 0.0070121 0.0209627 0.0280238
0 0.0068257 0.0204463 0.027324
0 0.00661996 0.0198934 0.0265204
0 0.00641913 0.0193362 0.025675
0 0.00623105 0.0187875 0.0248382
0 0.00603657 0.0182331 0.0240332
0 0.0058181 0.0176666 0.023277
0 0.00558492 0.017116 0.0225986
0 0.0053465 0.0166027 0.0220112
0 0.00509015 0.0161194 0.0214925
0 0.0048064 0.0156552 0.0210091
0 0.00451147 0.0152041 0.020541
0 0.00423902 0.0147707 0.0200831
0 0.00402862 0.0143784 0.0196466
0 0.00391049 0.014057 0.0192519
0 0.00388788 0.0138322 0.018917
0 0.00395018 0.0137323 0.0186712
0 0.00408053 0.0137775 0.0185522
0 0.00425099 0.0139645 0.0185922
0 0.00443597 0.0142743 0.0188179
0 0.00462277 0.0146819 0.0192468
0 0.00480922 0.0151638 0.0198791
0 0.0049914 0.0156959 0.0206841
0 0.00515918 0.0162537 0.0215981
0 0.0053057 0.0168159 0.0225429
0 0.00543266 0.0173624 0.0234412
0 0.00555466 0.0178749 0.0242334
0 0.00569319 0.0183426 0.0248867
0 0.00586342 0.0187575 0.025388
0 0.00607366 0.0191151 0.0257467
0 0.00632129 0.0194268 0.0259955
0 0.00658726 0.0197111 0.0261753
0 0.00682957 0.0199677 0.0263136
0 0.00697793 0.0201573 0.0264036
0 0.0069742 0.0202209 0.0264219
0 0.00681668 0.0201209 0.0263582
0 0.00654604 0.0198469 0.0262053
0 0.00621214 0.0194069 0.0259376
0 0.00584829 0.0188184 0.0255035
0 0.00546812 0.0181046 0.0248457
0 0.00508109 0.0172961 0.0239316
0 0.00469984 0.0164186 0.0227648
0 0.00433865 0.0154854 0.0213904
0 0.00401719 0.0145203 0.0198965
0 0.00375223 0.0135675 0.0183938
0 0.0035167 0.0126523 0.0169703
0 0.00325291 0.0117783 0.0156765
0 0.00292801 0.0109565 0.0145546
0 0.00255158 0.0102134 0.0136522
0 0.00217569 0.00959297 0.0130102
0 0.00186353 0.00913623 0.0126403
0 0.00165676 0.0088697 0.0125201
0 0.0015805 0.00881433 0.0126143
0 0.00164689 0.00898232 0.0128911
0 0.00185264 0.00937264 0.0133342
0 0.00217496 0.00996312 0.0139366
0 0.00257286 0.0107064 0.0146875
0 0.00301403 0.0115585 0.0155925
0 0.00348967 0.0124998 0.0166738
0 0.0039851 0.0135106 0.0179299
0 0.00446243 0.0145556 0.0193177
0 0.00489087 0.0156031 0.0207758
0 0.00526351 0.0166344 0.0222445
0 0.00559112 0.0176312 0.023668
0 0.00589497 0.0185675 0.0249935
0 0.00619261 0.01942 0.0261744
0 0.00649774 0.0201803 0.0271799
0 0.00681705 0.0208427 0.0279986
0 0.00714806 0.0214127 0.0286393
0 0.00746667 0.0218962 0.0291149
0 0.00772221 0.0222713 0.0294265
0 0.00787702 0.0225135 0.0295862
0 0.00792483 0.0226145 0.0296236
0 0.00788026 0.0225742 0.0295667
0 0.00776661 0.0224016 0.0294304
0 0.00761179 0.0221251 0.0292199
0 0.00745278 0.021797 0.0289442
0 0.00732046 0.0214727 0.0286144
0 0.00721856 0.0211814 0.0282317
0 0.00712637 0.0209151 0.0277907
0 0.00702933 0.0206532 0.0273057
0 0.00693413 0.0203868 0.0268181
0 0.00684336 0.0201074 0.0263641
0 0.00674546 0.0198063 0.0259583
0 0.00663037 0.0194918 0.0256045
0 0.00649373 0.0191839 0.0252977
0 0.00633872 0.0189015 0.0250272
0 0.00616953 0.0186468 0.0247744
0 0.00598012 0.0183922 0.0245044
0 0.00576844 0.0181013 0.0241841
0 0.00555615 0.0177622 0.0238077
0 0.00537987 0.0173936 0.0233914
0 0.00524979 0.0170136 0.0229399
0 0.0051418 0.0166303 0.0224431
0 0.00502461 0.0162459 0.0218961
0 0.00486147 0.0158406 0.0212931
0 0.00462633 0.0153816 0.0206333
0 0.00432881 0.0148498 0.0199347
0 0.00400693 0.0142537 0.0192298
0 0.00370469 0.0136296 0.0185495
0 0.00345462 0.0130304 0.0179129
0 0.00326696 0.012509 0.0173281
0 0.0031331 0.0121019 0.0167982
0 0.00303947 0.0118216 0.0163339
0 0.00296901 0.0116487 0.0159493
0 0.00290429 0.0115387 0.0156553
0 0.00283329 0.0114437 0.0154584
0 0.0027588 0.0113402 0.0153652
0 0.00270199 0.0112454 0.0153816
0 0.00268707 0.0112041 0.0155022
0 0.00272636 0.0112623 0.0157132
0 0.00280704 0.0114351 0.0159854
0 0.00290766 0.0117044 0.0162855
0 0.0030267 0.0120421 0.0166094
0 0.0031818 0.0124235 0.0169772
0 0.00340063 0.0128446 0.0174252
0 0.00369917 0.0133219 0.0179876
0 0.00405493 0.0138684 0.0186664
0 0.00442032 0.0144865 0.0194389
0 0.00476244 0.015177 0.0202865
0 0.00506982 0.0159277 0.0211975
0 0.00533391 0.0166962 0.0221483
0 0.00555564 0.0174266 0.0231056
0 0.00575448 0.0180801 0.0240381
0 0.00594682 0.0186412 0.0249117
0 0.00614859 0.0191276 0.025697
0 0.00638361 0.0195916 0.0263859
0 0.00665456 0.0200723 0.0269768
0 0.00693938 0.0205713 0.0274694
0 0.00721398 0.0210675 0.0278795
0 0.00745964 0.0215276 0.0282377
0 0.00766334 0.0219169 0.0285756
0 0.00780924 0.0222053 0.0289055
0 0.00787223 0.0223705 0.0292057
0 0.00784138 0.0224104 0.0294404
0 0.00774045 0.0223549 0.0295857
0 0.00761043 0.0222443 0.0296257
0 0.00748093 0.0220969 0.0295398
0 0.00735761 0.0219005 0.0293022
0 0.00724127 0.0216403 0.0289071
0 0.0071524 0.0213304 0.028395
0 0.00710767 0.0210018 0.0278274
0 0.00708179 0.0206642 0.0272411
0 0.00702748 0.0203115 0.0266543
0 0.0069095 0.0199391 0.0260845
0 0.00670759 0.0195331 0.0255383
0 0.00642699 0.0190789 0.025016
0 0.00609769 0.018574 0.0245142
0 0.00575829 0.0180297 0.0240213
0 0.00544505 0.0174719 0.0235189
0 0.00518036 0.0169317 0.0229855
0 0.00497278 0.0164367 0.0224072
0 0.00482079 0.0160046 0.0217882
0 0.0047167 0.015638 0.021155
0 0.00465422 0.0153333 0.0205547
0 0.00462027 0.0150817 0.020037
0 0.00459131 0.0148698 0.0196377
0 0.0045486 0.0146935 0.0193794
0 0.00447453 0.0145495 0.0192579
0 0.0043543 0.0144274 0.019241
0 0.0041987 0.0143248 0.0192941
0 0.00404067 0.014247 0.0193847
0 0.00392021 0.0142025 0.019486
0 0.00388825 0.0142203 0.0195976
0 0.00398258 0.0143371 0.0197353
0 0.00418585 0.0145576 0.0199001
0 0.00443829 0.014854 0.0200823
0 0.00467762 0.0151861 0.0202828
0 0.00486443 0.0155153 0.0205178
0 0.00498416 0.0158083 0.0208045
0 0.00503914 0.0160416 0.0211462
0 0.00504695 0.0162127 0.0215285
0 0.00502806 0.0163347 0.0219168
0 0.00500638 0.0164355 0.022272
0 0.00500777 0.0165478 0.0225638
0 0.00503687 0.0166767 0.0227601
0 0.00508606 0.0168033 0.0228427
0 0.0051457 0.0168972 0.0228152
0 0.00519515 0.0169188 0.0226871
0 0.0052154 0.0168433 0.0224772
0 0.00520734 0.0166838 0.0222233
0 0.00518555 0.0164846 0.0219704
0 0.00514289 0.0162788 0.0217338
0 0.0050515 0.016069 0.0214967
0 0.00490331 0.015851 0.0212477
0 0.00471447 0.0156178 0.0209848
0 0.00451427 0.0153599 0.0207092
0 0.0043361 0.015079 0.0204254
0 0.00419989 0.0147876 0.0201327
0 0.00410125 0.0144983 0.019819
0 0.00402084 0.0142224 0.0194723
0 0.00396503 0.0139939 0.0191193
0 0.00397458 0.0138714 0.0188332
0 0.00407781 0.0138975 0.0186882
0 0.00425781 0.014073 0.0187243
0 0.00445761 0.0143579 0.0189394
0 0.00462015 0.0146994 0.0193099
0 0.00472816 0.0150652 0.0198185
0 0.00480892 0.0154533 0.0204561
0 0.00491516 0.0158878 0.0212121
0 0.00508334 0.0163931 0.0220556
0 0.00529563 0.0169535 0.0229128
0 0.00549444 0.0175094 0.0236824
0 0.00565194 0.018009 0.024305
0 0.00580737 0.018453 0.0248037
0 0.00601905 0.018871 0.0252379
0 0.00631393 0.0192909 0.0256605
0 0.00667743 0.0197432 0.0261098
0 0.00705341 0.0202393 0.0265971
0 0.00736975 0.0207583 0.0271115
0 0.00758647 0.0212711 0.0276527
0 0.00770156 0.0217394 0.0282227
0 0.00772792 0.0221113 0.0287985
0 0.00769047 0.0223501 0.0293369
0 0.00762573 0.0224572 0.0297876
0 0.00756314 0.0224613 0.0300943
0 0.00749852 0.0223788 0.0301871
0 0.0074038 0.0222002 0.0300018
0 0.00726442 0.0219084 0.0295197
0 0.00709319 0.0214921 0.0287799
0 0.00691374 0.0209519 0.0278575
0 0.00672244 0.0202844 0.0268165
0 0.00647794 0.0194783 0.0256856
0 0.00614136 0.018543 0.024482
0 0.00570085 0.0175118 0.0232269
0 0.0051759 0.0164337 0.021949
0 0.00461764 0.0153639 0.0206859
0 0.00408365 0.0143369 0.0194679
0 0.0036128 0.0133752 0.0183115
0 0.00322066 0.0125017 0.0172298
0 0.00290979 0.0117351 0.0162387
0 0.00268179 0.0111008 0.015364
0 0.00253948 0.0106304 0.0146476
0 0.00247419 0.0103373 0.0141287
0 0.00246269 0.0102081 0.0138296
0 0.00248106 0.0102185 0.0137626
0 0.00250489 0.0103341 0.0139162
0 0.00251418 0.0105144 0.0142494
0 0.00251802 0.0107435 0.0147215
0 0.00255557 0.0110356 0.0153025
0 0.00266011 0.0114056 0.0159575
0 0.00284303 0.0118596 0.0166476
0 0.00310941 0.0124063 0.0173501
0 0.00346138 0.0130537 0.0180671
0 0.00388308 0.0137924 0.0188124
0 0.00434197 0.0145947 0.0196018
0 0.00480407 0.0154282 0.0204547
0 0.00523076 0.0162557 0.0213773
0 0.00558688 0.0170428 0.022356
0 0.00585786 0.0177646 0.0233619
0 0.00605506 0.0184142 0.0243606
0 0.00622135 0.0190125 0.0253317
0 0.00639755 0.019584 0.0262488
0 0.00658537 0.0201259 0.0270571
0 0.00676366 0.0206044 0.0276968
0 0.00692626 0.0209938 0.0281451
0 0.0070911 0.0213005 0.0284274
0 0.00725993 0.0215242 0.0285739
0 0.0074043 0.0216501 0.028601
0 0.00749277 0.0216733 0.0285261
0 0.00750736 0.0216013 0.0283714
0 0.00745054 0.0214515 0.0281641
0 0.00732383 0.0212279 0.0279107
0 0.00711686 0.0209092 0.0275852
0 0.00683574 0.0204787 0.0271606
0 0.00651629 0.0199491 0.0266297
0 0.006207 0.0193568 0.0260011
0 0.00593069 0.0187293 0.0252735
0 0.00567642 0.0180753 0.0244361
0 0.00543154 0.0174051 0.0234992
0 0.00519092 0.0167271 0.0224968
0 0.00494862 0.0160473 0.021475
0 0.0047002 0.0153746 0.0204847
0 0.00445568 0.014727 0.0195813
0 0.00422979 0.014138 0.018815
0 0.00402472 0.0136377 0.0182115
0 0.00383442 0.013239 0.0177683
0 0.00364936 0.012939 0.0174642
0 0.0034747 0.0127293 0.0172782
0 0.00333601 0.0126056 0.0171994
0 0.00326651 0.0125717 0.0172256
0 0.00330076 0.012648 0.0173663
0 0.00345013 0.0128556 0.0176268
0 0.00369062 0.0131983 0.017999
0 0.00398476 0.0136686 0.0184767
0 0.00429052 0.0142384 0.0190532
0 0.00456377 0.014851 0.0197096
0 0.00478739 0.0154546 0.0204325
0 0.00499153 0.01604 0.0212315
0 0.00521989 0.0166284 0.0221133
0 0.00548469 0.017237 0.0230483
0 0.00576364 0.0178666 0.0239775
0 0.00602296 0.0185015 0.0248403
0 0.00625912 0.0191289 0.0256124
0 0.00650648 0.0197529 0.0263164
0 0.0067902 0.0203664 0.0269836
0 0.00710425 0.0209479 0.0276267
0 0.00741084 0.021471 0.0282342
0 0.00765635 0.0219098 0.0287782
0 0.0078074 0.0222508 0.0292344
0 0.00785632 0.0224844 0.0295847
0 0.00781663 0.0225992 0.029813
0 0.00772024 0.0225901 0.0299078
0 0.00759799 0.0224582 0.0298562
0 0.00746821 0.0222128 0.0296432
0 0.00733661 0.0218715 0.0292586
0 0.00719126 0.0214473 0.0286966
0 0.00700651 0.0209372 0.0279564
0 0.00677411 0.0203419 0.0270654
0 0.00651165 0.019678 0.0260828
0 0.00622955 0.0189538 0.025059
0 0.00592854 0.0181769 0.0240283
0 0.00560892 0.0173711 0.0230204
0 0.00526165 0.0165592 0.0220435
0 0.00487698 0.0157529 0.0210895
0 0.00446224 0.0149616 0.0201577
0 0.00404327 0.0141958 0.0192529
0 0.00364533 0.0134591 0.0183777
0 0.00329611 0.0127646 0.0175459
0 0.00302703 0.0121435 0.0167826
0 0.00283846 0.0116152 0.0160983
0 0.00269841 0.0111791 0.0154879
0 0.00258049 0.0108329 0.0149568
0 0.00247618 0.0105735 0.0145247
0 0.00238241 0.0103875 0.0142114
0 0.00231346 0.0102721 0.0140432
0 0.00230123 0.0102489 0.0140501
0 0.00236136 0.0103414 0.0142393
0 0.00249523 0.0105735 0.0146024
0 0.00270554 0.0109718 0.0151339
0 0.00298579 0.0115429 0.0158256
0 0.00332231 0.0122682 0.0166673
0 0.00371001 0.013121 0.0176563
0 0.00415592 0.0140821 0.0188014
0 0.00466058 0.0151354 0.0201039
0 0.00520005 0.0162573 0.0215351
0 0.00572582 0.0174131 0.0230407
0 0.00620488 0.0185737 0.0245696
0 0.006649 0.0197237 0.0260925
0 0.00706782 0.0208384 0.0275761
0 0.00744885 0.0218756 0.0289648
0 0.00778993 0.0227915 0.0302066
0 0.00809492 0.0235613 0.0312653
0 0.00835746 0.0241738 0.0321063
0 0.00857211 0.0246253 0.032706
0 0.00873481 0.0249242 0.0330616
0 0.00883625 0.025075 0.0331795
0 0.00886709 0.0250726 0.033074
0 0.00882148 0.0249115 0.0327693
0 0.00869869 0.0245907 0.0322932
0 0.00850018 0.0241147 0.0316682
0 0.00822899 0.0234956 0.0309098
0 0.00789324 0.0227558 0.0300295
0 0.00750629 0.0219231 0.029037
0 0.00708601 0.021025 0.0279442
0 0.00665288 0.0200866 0.0267688
0 0.0062267 0.0191292 0.0255348
0 0.0058218 0.0181705 0.0242715
0 0.0054401 0.0172211 0.0230081
0 0.00507074 0.0162868 0.021766
0 0.00469878 0.0153783 0.020564
0 0.00431365 0.0145 0.0194217
0 0.00391074 0.0136499 0.0183489
0 0.00349358 0.0128327 0.0173541
0 0.00308198 0.0120585 0.0164483
0 0.00270805 0.0113448 0.0156388
0 0.00240009 0.0107197 0.014935
0 0.00216825 0.0102044 0.0143364
0 0.00200724 0.00980725 0.0138351
0 0.0019093 0.00953431 0.0134347
0 0.00186763 0.00938526 0.0131497
0 0.00187674 0.00935053 0.0129998
0 0.0019307 0.00941807 0.0130036
0 0.00202185 0.00957753 0.0131717
0 0.0021415 0.00982171 0.0135006
0 0.00228149 0.0101473 0.0139732
0 0.00243799 0.0105516 0.0145638
0 0.00261286 0.0110278 0.0152434
0 0.00281166 0.0115647 0.0159852
0 0.00304052 0.0121472 0.016765
0 0.00330173 0.0127583 0.0175597
0 0.00359081 0.013382 0.0183492
0 0.00389538 0.0140037 0.0191147
0 0.00420154 0.0146123 0.0198449
0 0.0045038 0.0152055 0.0205411
0 0.00479002 0.0157746 0.0212021
0 0.00503449 0.0162945 0.0218133
0 0.00523013 0.0167506 0.0223703
0 0.00539511 0.017149 0.0228845
0 0.0055407 0.0174957 0.0233572
0 0.00566935 0.0177946 0.0237802
0 0.00579303 0.0180628 0.0241547
0 0.00592016 0.0183192 0.0244855
0 0.00604685 0.018568 0.0247712
0 0.00616429 0.0188012 0.0250108
0 0.00626032 0.0190018 0.0252043
0 0.00633858 0.019166 0.0253666
0 0.00642019 0.0193111 0.025528
0 0.00651168 0.0194507 0.0257034
0 0.00659455 0.0195828 0.0258825
0 0.00664038 0.0196909 0.0260384
0 0.00663574 0.0197598 0.0261507
0 0.00658804 0.01978 0.0262108
0 0.00650784 0.0197355 0.0262054
0 0.00641219 0.0196203 0.0261257
0 0.0063246 0.0194501 0.0259749
0 0.00625416 0.0192441 0.0257525
0 0.00619421 0.0190176 0.0254566
0 0.00613348 0.0187815 0.0250939
0 0.00606395 0.0185406 0.0246831
0 0.0059827 0.0182929 0.0242516
0 0.00588732 0.0180293 0.023826
0 0.00577821 0.0177475 0.0234296
0 0.00566813 0.0174669 0.0230883
0 0.00557407 0.017217 0.0228223
0 0.00549997 0.0170228 0.0226344
0 0.00545269 0.0169105 0.022528
0 0.0054382 0.0168917 0.0225036
0 0.00544177 0.016945 0.0225436
0 0.00545902 0.0170476 0.0226408
0 0.00549694 0.0171829 0.0227962
0 0.00554583 0.0173254 0.0229936
0 0.00559095 0.017455 0.023208
0 0.00562828 0.0175694 0.0234202
0 0.00566291 0.0176792 0.0236196
0 0.00569951 0.0177922 0.023797
0 0.00574047 0.0179082 0.0239445
0 0.00578765 0.0180231 0.0240614
0 0.00584158 0.01813 0.0241525
0 0.00590058 0.0182218 0.0242246
0 0.00595835 0.0182949 0.0242838
0 0.00601432 0.0183577 0.0243427
0 0.00607268 0.0184267 0.0244166
0 0.00611963 0.0185001 0.024501
0 0.00613596 0.0185624 0.0245798
0 0.00611562 0.0185979 0.0246404
0 0.00605408 0.0185825 0.0246628
0 0.00596222 0.0185049 0.024634
0 0.00587389 0.018383 0.0245617
0 0.00582121 0.0182512 0.0244596
0 0.00582047 0.0181464 0.0243406
0 0.00586272 0.0180888 0.0242112
0 0.00591302 0.0180678 0.024067
0 0.00592948 0.018047 0.0239014
0 0.00588625 0.0179842 0.0237155
0 0.00578525 0.0178519 0.0235213
0 0.00564361 0.0176412 0.0233269
0 0.00548035 0.0173625 0.0231257
0 0.00531937 0.0170522 0.0229086
0 0.00518352 0.016759 0.0226692
0 0.00507762 0.0165107 0.0223946
0 0.00498616 0.0163007 0.022069
0 0.0048974 0.0161055 0.0216961
0 0.00481446 0.015904 0.0213035
0 0.00473981 0.0156807 0.0209229
0 0.00467004 0.015433 0.0205782
0 0.00459599 0.0151729 0.0202801
0 0.00450504 0.0149205 0.020026
0 0.00439073 0.0146947 0.0198072
0 0.00425964 0.0145068 0.0196169
0 0.00412788 0.0143557 0.0194513
0 0.00400518 0.0142209 0.0192985
0 0.00389538 0.0140773 0.0191429
0 0.00380651 0.0139166 0.0189778
0 0.00374901 0.0137521 0.0188066
0 0.00373519 0.013617 0.0186459
0 0.00376598 0.0135427 0.0185136
0 0.0038262 0.0135422 0.0184227
0 0.00391167 0.0136263 0.0184029
0 0.00403584 0.0138099 0.0185007
0 0.00420815 0.0140987 0.0187566
0 0.00441599 0.0144796 0.0191815
0 0.00462777 0.0149238 0.019753
0 0.00482045 0.0154083 0.0204381
0 0.0049928 0.015923 0.0212032
0 0.0051468 0.0164515 0.022003
0 0.00528087 0.0169649 0.0227815
0 0.00540737 0.0174419 0.0234935
0 0.00556157 0.0178895 0.0241291
0 0.00578042 0.0183377 0.024705
0 0.00606854 0.0188089 0.0252332
0 0.00639568 0.0193008 0.0257173
0 0.00671884 0.0198011 0.0261681
0 0.0070012 0.0202907 0.0266048
0 0.00721317 0.0207341 0.0270387
0 0.00732656 0.021081 0.0274579
0 0.00733488 0.0212938 0.0278379
0 0.00726574 0.021371 0.0281556
0 0.00715571 0.0213345 0.0283791
0 0.00702325 0.0212023 0.0284549
0 0.00686605 0.0209758 0.0283211
0 0.00668711 0.020655 0.0279454
0 0.00650599 0.0202489 0.0273422
0 0.0063357 0.0197606 0.0265506
0 0.00617144 0.0191854 0.0256189
0 0.00599474 0.0185245 0.0245977
0 0.0057789 0.0177863 0.023532
0 0.0054914 0.0169802 0.0224495
0 0.00510565 0.0161147 0.0213604
0 0.00462348 0.0151994 0.0202754
0 0.00408175 0.0142494 0.0192063
0 0.00353338 0.0132873 0.0181576
0 0.00302046 0.0123391 0.0171272
0 0.00257371 0.0114329 0.0161106
0 0.00221388 0.0106033 0.0151101
0 0.00195617 0.00989676 0.0141561
0 0.00181873 0.00936479 0.0133096
0 0.00179845 0.00903524 0.0126337
0 0.00186898 0.00890891 0.0121911
0 0.00201071 0.00898473 0.0120535
0 0.00220933 0.00926106 0.0122724
0 0.00244508 0.00972896 0.0128596
0 0.00270462 0.0103789 0.0137921
0 0.00299035 0.011202 0.0150195
0 0.00330837 0.0121747 0.0164647
0 0.00366382 0.0132564 0.0180385
0 0.00407362 0.0144131 0.0196717
0 0.00456685 0.0156318 0.0213188
0 0.00515138 0.0169035 0.0229453
0 0.00578019 0.0181885 0.0245029
0 0.0063798 0.0194203 0.0259326
0 0.00689225 0.020531 0.0271946
0 0.00728754 0.0214613 0.0282747
0 0.00757443 0.0221868 0.0291836
0 0.0077806 0.0227139 0.0299341
0 0.00791221 0.0230477 0.0305043
0 0.00795919 0.0231957 0.0308522
0 0.00793203 0.0231878 0.0309577
0 0.00786889 0.0230735 0.0308387
0 0.00779652 0.0228809 0.0305228
0 0.0076964 0.0225864 0.0300135
0 0.0075445 0.0221607 0.0293239
0 0.00737313 0.0216385 0.0285324
0 0.00724348 0.0211066 0.0277532
0 0.00716634 0.0206275 0.0270553
0 0.00708622 0.0202057 0.0264403
0 0.00693713 0.0198158 0.0258838
0 0.00669262 0.0194266 0.0253708
0 0.00636062 0.0189968 0.0248854
0 0.00596661 0.018484 0.0243989
0 0.00555405 0.0178761 0.0238821
0 0.00516068 0.0171903 0.0232979
0 0.00477362 0.0164263 0.0225704
0 0.00434677 0.0155622 0.0216131
0 0.00389343 0.0146211 0.0204209
0 0.0034811 0.0136606 0.0190709
0 0.00313665 0.0127072 0.0176434
0 0.00286386 0.0117886 0.016226
0 0.0026973 0.0109872 0.0149518
0 0.00265526 0.0103971 0.013956
0 0.00268008 0.0100459 0.0133012
0 0.00267069 0.0098884 0.0129744
0 0.00257012 0.00986672 0.0129477
0 0.00240968 0.00995481 0.0132138
0 0.00228075 0.0101596 0.013766
0 0.00227481 0.0105047 0.014567
0 0.00245053 0.011026 0.0155551
0 0.00281966 0.0117584 0.0166697
0 0.00334128 0.0127061 0.0178517
0 0.00395735 0.0138435 0.0190623
0 0.00462315 0.0151219 0.0203135
0 0.00529479 0.0164644 0.0216335
0 0.00592034 0.0177788 0.0230359
0 0.00646489 0.0189952 0.024519
0 0.00691804 0.0200789 0.0260522
0 0.00727328 0.0210276 0.0275763
0 0.00753999 0.0218763 0.0290218
0 0.0077528 0.0226615 0.0303193
0 0.00794719 0.0233885 0.0314079
0 0.00816072 0.0240481 0.03226
0 0.00842164 0.0246252 0.032879
0 0.00871374 0.0250862 0.0332719
0 0.00898689 0.0253949 0.0334488
0 0.00918757 0.0255362 0.0334337
0 0.00928534 0.0255237 0.0332704
0 0.00926373 0.0253718 0.0329981
0 0.0090959 0.0250628 0.0326138
0 0.00877493 0.0245717 0.0320958
0 0.00834327 0.0239048 0.0314389
0 0.00787362 0.0231037 0.0306509
0 0.00742025 0.0222134 0.0297257
0 0.00698979 0.021256 0.0286323
0 0.00657339 0.0202518 0.0273563
0 0.00618365 0.0192392 0.0259378
0 0.00583873 0.0182532 0.0244532
0 0.00553525 0.0173018 0.0229809
0 0.00525518 0.0163884 0.0215917
0 0.00495641 0.0155116 0.0203257
0 0.00457549 0.0146379 0.0191796
0 0.00408763 0.0137392 0.0181393
0 0.00352984 0.0128347 0.0172061
0 0.00298347 0.011976 0.0163954
0 0.00252576 0.0112097 0.0157007
0 0.00218599 0.0105648 0.0150865
0 0.0019776 0.010076 0.0145371
0 0.00191079 0.00977608 0.014066
0 0.00195825 0.00966095 0.0136882
0 0.00205762 0.00968043 0.0134095
0 0.00214834 0.00976283 0.0132431
0 0.00220794 0.00986305 0.0132277
0 0.00224282 0.00997028 0.0133921
0 0.00225115 0.0100793 0.0137147
0 0.00222992 0.0101958 0.014137
0 0.00219609 0.0103423 0.0145977
0 0.00218979 0.0105485 0.015061
0 0.00227091 0.0108531 0.0155287
0 0.0025036 0.0113038 0.016038
0 0.00292339 0.0119401 0.0166451
0 0.00350941 0.0127742 0.0173987
0 0.00419417 0.0137899 0.0183335
0 0.00489783 0.0149533 0.0194779
0 0.00555507 0.0162221 0.0208518
0 0.00612227 0.017546 0.0224534
0 0.00657357 0.0188567 0.024233
0 0.00690581 0.0200722 0.0260909
0 0.00713428 0.0211303 0.0279047
0 0.00729063 0.0220209 0.0295492
0 0.00742814 0.0227641 0.0309127
0 0.00759063 0.0233652 0.0319108
0 0.00779097 0.0238194 0.0324949
0 0.00801943 0.0241223 0.0326621
0 0.00824432 0.0242557 0.0324555
0 0.00841834 0.0241978 0.0319503
0 0.00849963 0.0239472 0.0312439
0 0.00844883 0.0235071 0.0304229
0 0.00822247 0.0228682 0.0295301
0 0.00780611 0.0220373 0.0285797
0 0.00723069 0.021043 0.0275706
0 0.00655514 0.0199217 0.0264843
0 0.00584934 0.0187179 0.0252931
0 0.00517301 0.0174754 0.0239719
0 0.00455938 0.0162212 0.0224999
0 0.00402123 0.0149652 0.0208721
0 0.00356284 0.0137252 0.0191255
0 0.00318775 0.0125463 0.0173486
0 0.00290272 0.0114885 0.0156648
0 0.00270308 0.0106024 0.014195
0 0.00255626 0.00991199 0.0130403
0 0.00242285 0.00942304 0.0122723
0 0.00228667 0.009138 0.0119207
0 0.00215736 0.00906018 0.011983
0 0.00206232 0.00919227 0.0124204
0 0.00203223 0.00952317 0.013155
0 0.00209783 0.010034 0.0140956
0 0.00228791 0.0107082 0.0151598
0 0.00260782 0.0115168 0.0162822
0 0.00304582 0.012431 0.0174185
0 0.00358877 0.0134388 0.0185548
0 0.00420811 0.0145247 0.0197049
0 0.00485227 0.0156549 0.0208781
0 0.00544998 0.0167747 0.0220705
0 0.00595157 0.0178373 0.0232842
0 0.00636853 0.0188341 0.024537
0 0.00673627 0.0197751 0.0258421
0 0.00707915 0.020675 0.0271824
0 0.00740211 0.0215445 0.0285038
0 0.00769457 0.0223708 0.0297308
0 0.00794677 0.0231252 0.0307939
0 0.00814987 0.0237634 0.0316356
0 0.00829836 0.0242326 0.032215
0 0.0083937 0.0244967 0.0325176
0 0.00843816 0.0245426 0.032548
0 0.00843358 0.0243865 0.0323241
0 0.00837747 0.0240657 0.0318754
0 0.00825507 0.0236118 0.0312288
0 0.00804592 0.0230391 0.0304055
0 0.00774488 0.022353 0.0294367
0 0.00737145 0.0215622 0.0283671
0 0.00695495 0.0206797 0.0272381
0 0.00652888 0.019734 0.0260864
0 0.00612433 0.0187734 0.0249443
0 0.00575085 0.0178432 0.0238267
0 0.00540166 0.0169746 0.022739
0 0.00507576 0.0161923 0.0216978
0 0.00478182 0.0155134 0.0207373
0 0.00453209 0.0149386 0.0198974
0 0.00433598 0.0144656 0.0192136
0 0.00419346 0.0140972 0.0187126
0 0.00409792 0.0138373 0.0184035
0 0.0040306 0.0136834 0.0182685
0 0.00397198 0.0136275 0.0182782
0 0.00392751 0.0136676 0.0184119
0 0.00391796 0.0138015 0.0186543
0 0.00396137 0.0140197 0.0189882
0 0.00406953 0.0143122 0.0193961
0 0.00424418 0.0146723 0.0198625
0 0.00447243 0.0150927 0.0203721
0 0.00472404 0.0155555 0.0209041
0 0.00496305 0.016031 0.0214364
0 0.00516777 0.0164923 0.0219587
0 0.00533494 0.0169187 0.0224697
0 0.00546558 0.0172877 0.022959
0 0.00555429 0.0175771 0.0234005
0 0.00560827 0.0177864 0.0237745
0 0.00563886 0.0179246 0.0240605
0 0.00564097 0.0179903 0.024226
0 0.00562245 0.0179938 0.0242608
0 0.00559786 0.0179448 0.0241717
0 0.00556685 0.017837 0.0239655
0 0.005532 0.0176716 0.0236658
0 0.00549346 0.0174553 0.0233027
0 0.00543861 0.0171939 0.0228987
0 0.00535243 0.0168961 0.022472
0 0.00521823 0.0165605 0.022029
0 0.00502254 0.0161798 0.0215664
0 0.00477238 0.0157545 0.0210849
0 0.00450122 0.015299 0.0205953
0 0.00425108 0.0148414 0.0201121
0 0.00404585 0.0144078 0.0196397
0 0.00388925 0.0140164 0.0191749
0 0.00377185 0.0136783 0.0187178
0 0.00368091 0.0133981 0.0182786
0 0.00359971 0.0131638 0.0178693
0 0.00350321 0.0129436 0.0174925
0 0.00337749 0.0127095 0.0171527
0 0.00322733 0.0124505 0.0168557
0 0.00307426 0.0121802 0.0166102
0 0.00294838 0.0119352 0.0164249
0 0.00287446 0.0117592 0.0163038
0 0.00286778 0.0116915 0.0162525
0 0.00293938 0.0117628 0.0162871
0 0.00309435 0.0119877 0.0164345
0 0.00331717 0.0123505 0.0167142
0 0.00358297 0.0128205 0.0171414
0 0.003875 0.0133734 0.0177331
0 0.00417858 0.0139906 0.0184926
0 0.00447707 0.0146563 0.0193992
0 0.00476009 0.0153598 0.0204159
0 0.00503017 0.0160976 0.0214988
0 0.00529518 0.016864 0.0226028
0 0.00556629 0.0176457 0.0236859
0 0.00585613 0.0184218 0.024714
0 0.00617553 0.0191794 0.0256716
0 0.0065303 0.0199169 0.0265582
0 0.00689772 0.0206126 0.0273609
0 0.00723615 0.021237 0.0280642
0 0.00751019 0.0217683 0.0286598
0 0.00768789 0.0221743 0.0291322
0 0.0077543 0.0224247 0.0294653
0 0.00772047 0.0225056 0.0296499
0 0.0076098 0.0224181 0.0296734
0 0.00744617 0.0221735 0.0295169
0 0.00724764 0.0217926 0.0291626
0 0.00703726 0.0213133 0.0286126
0 0.00684856 0.0207896 0.0279042
0 0.00670035 0.0202658 0.0270915
0 0.00657896 0.0197536 0.0262213
0 0.00644671 0.0192327 0.0253279
0 0.00627085 0.0186823 0.024448
0 0.00605203 0.0181096 0.0236336
0 0.0058094 0.0175439 0.0229315
0 0.00555701 0.0170133 0.022359
0 0.00530028 0.0165319 0.0219011
0 0.00503693 0.0161048 0.021521
0 0.00477607 0.0157334 0.0211839
0 0.00454815 0.0154198 0.0208736
0 0.00438635 0.0151698 0.0205891
0 0.00430784 0.0149853 0.0203362
0 0.00431117 0.0148669 0.0201239
0 0.00437787 0.0148184 0.0199652
0 0.00448085 0.014844 0.0198784
0 0.00460425 0.0149543 0.0198939
0 0.00474997 0.0151661 0.0200525
0 0.00492535 0.0154911 0.0203898
0 0.00512093 0.0159166 0.0209075
0 0.00531537 0.0164128 0.0215775
0 0.00549873 0.0169561 0.0223631
0 0.00566651 0.0175192 0.0232128
0 0.00582045 0.0180771 0.024071
0 0.00598472 0.0186275 0.0249059
0 0.00618684 0.0191785 0.0256972
0 0.00642141 0.0197188 0.026409
0 0.00665304 0.0202107 0.0269978
0 0.0068495 0.0206162 0.0274379
0 0.00699573 0.0209119 0.0277286
0 0.00708494 0.0210837 0.0278807
0 0.00711371 0.0211229 0.0279041
0 0.00707976 0.0210294 0.0278039
0 0.00698176 0.0208133 0.0275799
0 0.0068238 0.0204892 0.0272293
0 0.00661466 0.0200712 0.0267509
0 0.00636672 0.0195727 0.0261469
0 0.00609659 0.0190048 0.025428
0 0.00582631 0.0183851 0.0246193
0 0.00558086 0.0177463 0.0237627
0 0.00538184 0.017129 0.0229088
0 0.00523443 0.016571 0.0221042
0 0.00511018 0.0160881 0.0213747
0 0.00496755 0.0156669 0.0207309
0 0.00478028 0.0152833 0.0201777
0 0.00454606 0.0149161 0.0197203
0 0.00429304 0.0145602 0.0193675
0 0.0040606 0.0142272 0.0191164
0 0.00388288 0.0139436 0.018952
0 0.00378468 0.013749 0.0188582
0 0.00376582 0.0136677 0.0188122
0 0.00380173 0.0136931 0.0187883
0 0.00386641 0.0137985 0.0187787
0 0.00394631 0.0139491 0.0187974
0 0.00403072 0.0141068 0.0188623
0 0.00410988 0.0142443 0.0189861
0 0.00418697 0.014366 0.0191809
0 0.00426557 0.0144955 0.0194458
0 0.00433765 0.0146526 0.0197577
0 0.00439772 0.0148486 0.0200883
0 0.0044513 0.0150832 0.0204172
0 0.00451277 0.0153434 0.0207344
0 0.00459838 0.0156101 0.0210387
0 0.00471677 0.0158664 0.0213318
0 0.00486295 0.0161039 0.0216126
0 0.00501915 0.0163228 0.0218761
0 0.00516289 0.0165284 0.0221167
0 0.00527577 0.0167234 0.0223308
0 0.00535354 0.0169075 0.0225239
0 0.00541366 0.0170867 0.0227163
0 0.00547668 0.017263 0.0229258
0 0.00554698 0.0174297 0.0231521
0 0.00561234 0.0175759 0.0233773
0 0.00565871 0.0176938 0.0235781
0 0.00569344 0.0177964 0.0237503
0 0.00573119 0.0179007 0.0238993
0 0.0057759 0.0180087 0.024024
0 0.00582969 0.0181178 0.0241275
0 0.00590252 0.0182354 0.0242284
0 0.00600335 0.0183748 0.0243508
0 0.00612284 0.0185381 0.0245048
0 0.00623389 0.0187122 0.0246829
0 0.00630785 0.0188753 0.024869
0 0.00633166 0.0190076 0.0250495
0 0.00630206 0.0190852 0.0252045
0 0.00622297 0.0190854 0.0253065
0 0.00611283 0.0190024 0.0253336
0 0.00599332 0.0188448 0.0252667
0 0.00588549 0.0186356 0.0250954
0 0.00581066 0.0184107 0.0248285
0 0.00577415 0.0181959 0.0244838
0 0.00577183 0.0180087 0.0240929
0 0.00580085 0.0178616 0.0237055
0 0.00583215 0.0177383 0.0233546
0 0.0058121 0.0175961 0.0230411
0 0.00570472 0.0173937 0.0227582
0 0.0055132 0.0171186 0.0225052
0 0.00527106 0.0167891 0.0222796
0 0.00501465 0.0164285 0.0220593
0 0.00476838 0.0160587 0.0218078
0 0.00455587 0.0157046 0.0214961
0 0.00440497 0.0153929 0.0211214
0 0.00432819 0.0151384 0.0207015
0 0.00431006 0.0149311 0.0202579
0 0.00432682 0.014756 0.0198252
0 0.00436188 0.0146128 0.0194544
0 0.00439541 0.0145046 0.0191881
0 0.00439803 0.0144234 0.0190405
0 0.00435102 0.0143622 0.0190067
0 0.00426156 0.0143234 0.0190762
0 0.00415413 0.0143112 0.0192283
0 0.00405924 0.0143298 0.019432
0 0.00400547 0.0143846 0.0196551
0 0.00401229 0.0144814 0.0198693
0 0.00408545 0.0146234 0.020056
0 0.0042172 0.0148089 0.0202114
0 0.00438964 0.0150296 0.020346
0 0.00457876 0.0152717 0.0204806
0 0.00475976 0.015519 0.0206397
0 0.0049119 0.0157569 0.0208429
0 0.00502187 0.015975 0.0210995
0 0.00508646 0.0161703 0.0214057
0 0.00511142 0.0163439 0.0217435
0 0.00510866 0.016498 0.0220834
0 0.00509504 0.0166353 0.0223938
0 0.00508934 0.0167586 0.0226482
0 0.00510602 0.0168681 0.0228282
0 0.00515509 0.0169653 0.0229309
0 0.00524774 0.0170625 0.0229761
0 0.00538294 0.017173 0.0229931
0 0.00553763 0.0172983 0.0230056
0 0.00568132 0.0174332 0.023035
0 0.0057894 0.0175695 0.0231012
0 0.00584974 0.0176982 0.0232179
0 0.0058636 0.0178107 0.023389
0 0.00584197 0.0179023 0.0236053
0 0.00580258 0.0179751 0.0238461
0 0.00576208 0.0180339 0.0240808
0 0.00572847 0.0180792 0.024272
0 0.00571274 0.0181192 0.0243951
0 0.0057242 0.0181595 0.0244412
0 0.00575026 0.0181817 0.0243995
0 0.00577237 0.0181623 0.0242694
0 0.00578702 0.0180963 0.0240757
0 0.00580264 0.0179984 0.0238605
0 0.00582116 0.0178889 0.02366
0 0.00582669 0.0177796 0.0234882
0 0.00579136 0.0176647 0.0233369
0 0.00569588 0.0175282 0.0231893
0 0.00555802 0.0173726 0.0230479
0 0.00541622 0.0172111 0.0229231
0 0.00529388 0.0170457 0.0228061
0 0.00520072 0.0168798 0.0226798
0 0.00514359 0.0167293 0.0225363
0 0.00512403 0.0166125 0.0223771
0 0.0051348 0.0165376 0.0222095
0 0.00516309 0.0165018 0.0220486
0 0.0051912 0.0164886 0.0219098
0 0.00520605 0.0164793 0.0218091
0 0.00521039 0.0164709 0.0217681
0 0.00520978 0.0164687 0.0217979
0 0.00520322 0.0164782 0.0218895
0 0.00519047 0.0165077 0.0220235
0 0.0051795 0.0165678 0.0221826
0 0.00519281 0.0166747 0.0223638
0 0.00524766 0.016835 0.0225669
0 0.00533534 0.0170297 0.022778
0 0.00544172 0.0172364 0.0229872
0 0.00555868 0.0174439 0.0231974
0 0.00567526 0.0176446 0.023412
0 0.00578034 0.0178338 0.0236316
0 0.00586583 0.0180091 0.0238536
0 0.00592712 0.0181689 0.0240731
0 0.00596074 0.0183056 0.0242787
0 0.00596757 0.0184088 0.024455
0 0.00596226 0.01848 0.0245967
0 0.00596089 0.0185261 0.0247018
0 0.00596969 0.0185515 0.0247638
0 0.0059967 0.0185701 0.0247876
0 0.00605199 0.0186048 0.0247921
0 0.0061265 0.0186615 0.024788
0 0.00618949 0.0187203 0.0247705
0 0.00621551 0.0187556 0.0247375
0 0.00619126 0.0187424 0.024688
0 0.00610972 0.018656 0.0246117
0 0.00597812 0.0184863 0.0244957
0 0.00581378 0.0182406 0.0243252
0 0.0056328 0.0179352 0.0240811
0 0.00544934 0.0175899 0.0237459
0 0.00527481 0.0172209 0.0233115
0 0.00511493 0.0168369 0.0227838
0 0.00497288 0.0164431 0.0221839
0 0.00485418 0.0160497 0.0215528
0 0.00476429 0.0156736 0.0209436
0 0.00469679 0.0153311 0.0204003
0 0.00463006 0.0150325 0.0199496
0 0.00454543 0.0147844 0.0196076
0 0.00443781 0.0145913 0.0193808
0 0.0043128 0.0144502 0.0192641
0 0.00419336 0.0143614 0.019251
0 0.00410624 0.0143266 0.0193269
0 0.00405786 0.0143356 0.0194556
0 0.00404572 0.014379 0.0195999
0 0.00407166 0.0144577 0.0197384
0 0.00413533 0.0145726 0.0198614
0 0.00423464 0.0147231 0.0199756
0 0.00437296 0.0149145 0.0201067
0 0.00454767 0.015151 0.0202847
0 0.00473987 0.0154263 0.0205281
0 0.00492566 0.0157306 0.0208445
0 0.0050874 0.0160554 0.0212343
0 0.00521698 0.0163926 0.0216894
0 0.00531791 0.0167343 0.0221934
0 0.00540262 0.0170733 0.0227234
0 0.00548632 0.0174046 0.0232527
0 0.00558216 0.0177261 0.0237546
0 0.00569733 0.0180355 0.0242061
0 0.00583202 0.0183312 0.0245907
0 0.00597871 0.0186104 0.0249014
0 0.00612577 0.0188648 0.025141
0 0.00626142 0.0190828 0.0253191
0 0.00637176 0.019253 0.0254488
0 0.00644501 0.0193672 0.0255412
0 0.00647506 0.0194205 0.0256024
0 0.00646317 0.0194164 0.0256348
0 0.00641717 0.0193656 0.0256369
0 0.00634173 0.0192718 0.0255947
0 0.00624026 0.0191336 0.0254898
0 0.00612664 0.0189573 0.0253151
0 0.0060198 0.0187534 0.0250746
0 0.00592757 0.0185263 0.0247727
0 0.00585627 0.0182882 0.0244253
0 0.00580994 0.0180574 0.0240594
0 0.0057695 0.017832 0.0236873
0 0.00570731 0.0175995 0.0233128
0 0.00560573 0.0173513 0.0229444
0 0.00546451 0.0170818 0.0225942
0 0.00529336 0.016787 0.022267
0 0.00510343 0.0164687 0.0219565
0 0.00491867 0.016147 0.0216624
0 0.00476308 0.0158487 0.0213826
0 0.00464591 0.0155926 0.0211086
0 0.00456777 0.0153899 0.0208382
0 0.00452566 0.0152432 0.0205803
0 0.00451518 0.0151481 0.0203532
0 0.00452914 0.0150959 0.0201794
0 0.00455794 0.0150784 0.020079
0 0.00458884 0.0150883 0.0200612
0 0.00461095 0.0151234 0.0201256
0 0.00462413 0.0151891 0.0202668
0 0.00463497 0.0152914 0.0204727
0 0.0046516 0.0154312 0.0207247
0 0.00467782 0.0155979 0.020997
0 0.00471163 0.0157714 0.0212595
0 0.00475611 0.0159373 0.0214931
0 0.0048175 0.0160892 0.02169
0 0.0048954 0.016224 0.0218468
0 0.00498238 0.0163413 0.0219636
0 0.00506679 0.0164418 0.0220437
0 0.00513603 0.0165245 0.0220934
0 0.00518121 0.016586 0.0221208
0 0.00519898 0.0166219 0.0221346
0 0.00519042 0.0166277 0.0221401
0 0.00515948 0.0166011 0.0221369
0 0.00511289 0.0165447 0.0221207
0 0.00505849 0.0164663 0.0220845
0 0.00500288 0.0163752 0.0220202
0 0.00494899 0.0162768 0.0219204
0 0.00489651 0.0161706 0.0217805
0 0.00484941 0.0160577 0.0216063
0 0.00481401 0.0159425 0.0214144
0 0.00479681 0.0158346 0.0212272
0 0.0048006 0.0157463 0.0210678
0 0.0048168 0.0156854 0.0209501
0 0.00483467 0.0156577 0.0208834
0 0.00484478 0.0156628 0.0208712
0 0.00483561 0.0156876 0.0209046
0 0.00480468 0.0157166 0.0209718
0 0.0047645 0.015743 0.0210648
0 0.00473165 0.0157664 0.021173
0 0.00471821 0.0157912 0.0212826
0 0.00472956 0.0158252 0.0213792
0 0.00476878 0.0158801 0.0214572
0 0.004841 0.0159703 0.0215263
0 0.00494545 0.0161033 0.0216038
0 0.00507159 0.0162745 0.0217071
0 0.00520377 0.0164719 0.021852
0 0.0053272 0.0166825 0.0220498
0 0.00543267 0.016898 0.0223056
0 0.00552147 0.0171199 0.022621
0 0.00560381 0.017357 0.0229916
0 0.00568731 0.0176165 0.0234028
0 0.00578251 0.0179059 0.0238398
0 0.00590418 0.018232 0.0242931
0 0.00605257 0.0185886 0.0247492
0 0.006214 0.0189561 0.0251895
0 0.00637626 0.019313 0.0256012
0 0.00652688 0.0196389 0.0259778
0 0.00664981 0.0199118 0.0263087
0 0.00673318 0.0201154 0.0265799
0 0.00677387 0.0202443 0.0267824
0 0.00677746 0.0203019 0.02691
0 0.00675305 0.0202951 0.0269556
0 0.00671288 0.0202361 0.0269182
0 0.00666707 0.0201356 0.0268009
0 0.00660912 0.0199892 0.0265972
0 0.00652428 0.019783 0.0262993
0 0.00641031 0.019513 0.0259159
0 0.00627913 0.0191902 0.0254714
0 0.00613964 0.0188277 0.0249879
0 0.00598621 0.0184304 0.0244729
0 0.0058105 0.0180026 0.0239299
0 0.00561698 0.0175583 0.023372
0 0.0054133 0.0171115 0.0228111
0 0.00520187 0.0166661 0.0222518
0 0.00498847 0.0162233 0.021701
0 0.00478198 0.0157899 0.021168
0 0.00459143 0.0153765 0.0206615
0 0.00442286 0.014992 0.0201889
0 0.00427716 0.0146475 0.0197575
0 0.00415483 0.0143536 0.0193753
0 0.00405635 0.0141159 0.0190515
0 0.00398168 0.0139374 0.0187966
0 0.00393197 0.0138189 0.01862
0 0.00390847 0.0137596 0.0185291
0 0.00391133 0.0137591 0.0185276
0 0.00394004 0.0138182 0.0186144
0 0.0039935 0.0139377 0.018785
0 0.00407042 0.0141172 0.0190316
0 0.00417031 0.0143543 0.0193455
0 0.00429325 0.0146439 0.0197176
0 0.00443884 0.0149784 0.0201391
0 0.00460567 0.0153493 0.0206017
0 0.00479403 0.0157518 0.0211008
0 0.00500141 0.0161817 0.0216315
0 0.0052143 0.0166275 0.022181
0 0.00541713 0.0170741 0.0227338
0 0.00560252 0.0175084 0.023278
0 0.0057678 0.0179189 0.0238035
0 0.00591226 0.0182942 0.0242996
0 0.00603742 0.0186242 0.0247542
0 0.00614471 0.0189053 0.0251535
0 0.00623507 0.0191367 0.0254848
0 0.00631279 0.0193218 0.0257426
0 0.00638557 0.0194706 0.0259305
0 0.00645508 0.0195893 0.0260531
0 0.00651393 0.0196737 0.026113
0 0.00655381 0.0197178 0.0261164
0 0.00656833 0.0197171 0.0260713
0 0.0065498 0.0196636 0.0259812
0 0.00649289 0.0195506 0.0258455
0 0.00640011 0.0193793 0.0256635
0 0.00627664 0.0191536 0.0254303
0 0.0061276 0.0188771 0.0251374
0 0.00596259 0.0185574 0.02478
0 0.0057931 0.0182052 0.024359
0 0.00562711 0.01783 0.0238806
0 0.00547079 0.0174393 0.0233568
0 0.00532626 0.0170418 0.0228046
0 0.00518782 0.0166463 0.0222425
0 0.00504962 0.0162584 0.0216912
0 0.00490804 0.0158843 0.0211725
0 0.0047596 0.0155314 0.020703
0 0.00460552 0.0152031 0.0202933
0 0.0044511 0.0149047 0.0199493
0 0.00430503 0.0146444 0.0196718
0 0.0041806 0.0144309 0.0194593
0 0.00409087 0.0142749 0.0193099
0 0.00404215 0.0141833 0.0192191
0 0.00403353 0.014156 0.0191813
0 0.00406013 0.0141892 0.0191941
0 0.00411623 0.0142774 0.01926
0 0.00419616 0.0144138 0.0193839
0 0.00429344 0.014591 0.0195703
0 0.00440062 0.0148019 0.019819
0 0.0045094 0.0150381 0.0201231
0 0.00461388 0.0152925 0.0204708
0 0.00471467 0.0155614 0.0208497
0 0.00481885 0.0158448 0.021249
0 0.00493301 0.0161413 0.021657
0 0.00505858 0.016446 0.0220605
0 0.00519513 0.0167533 0.0224494
0 0.00533882 0.017057 0.0228167
0 0.0054823 0.0173492 0.0231575
0 0.00561799 0.0176217 0.0234696
0 0.00573783 0.0178674 0.0237526
0 0.00583671 0.0180794 0.0240059
0 0.00591207 0.0182535 0.0242279
0 0.00596373 0.0183892 0.0244169
0 0.00599558 0.0184874 0.0245696
0 0.00601045 0.0185495 0.0246793
0 0.00600851 0.0185751 0.0247384
0 0.00599161 0.0185632 0.0247408
0 0.00596339 0.0185145 0.0246845
0 0.00592682 0.0184306 0.0245719
0 0.00588358 0.0183136 0.0244076
0 0.00583306 0.0181661 0.0241982
0 0.00577267 0.0179909 0.0239518
0 0.00570056 0.0177922 0.0236774
0 0.00561614 0.0175752 0.0233844
0 0.00551863 0.0173441 0.0230814
0 0.00540933 0.0171028 0.0227751
0 0.00529313 0.0168557 0.0224716
0 0.00517611 0.0166095 0.0221767
0 0.00506448 0.0163723 0.0218954
0 0.00496339 0.0161516 0.0216312
0 0.00487591 0.0159543 0.0213876
0 0.00480447 0.0157861 0.0211692
0 0.00475078 0.0156512 0.0209825
0 0.00471497 0.0155515 0.0208348
0 0.00469567 0.0154876 0.0207324
0 0.0046899 0.0154577 0.0206788
0 0.00469491 0.0154602 0.0206761
0 0.00471021 0.0154953 0.0207248
0 0.00473626 0.0155632 0.0208229
0 0.00477327 0.0156626 0.0209652
0 0.00482181 0.0157916 0.021145
0 0.00488277 0.0159472 0.0213549
0 0.00495634 0.0161253 0.0215876
0 0.00504165 0.0163214 0.0218366
0 0.00513654 0.0165303 0.0220962
0 0.0052382 0.016747 0.0223617
0 0.00534224 0.0169667 0.0226289
0 0.00544306 0.0171835 0.0228931
0 0.00553665 0.0173914 0.0231499
0 0.00561921 0.0175848 0.0233946
0 0.00568845 0.0177589 0.0236223
0 0.00574562 0.0179098 0.0238276
0 0.00579163 0.018035 0.0240048
0 0.00582722 0.0181338 0.0241485
0 0.00585391 0.0182061 0.0242539
0 0.00587195 0.0182516 0.0243176
0 0.005881 0.0182703 0.0243381
0 0.00588099 0.0182619 0.0243165
0 0.00587126 0.0182259 0.0242558
0 0.00585071 0.0181628 0.0241602
0 0.00581841 0.0180734 0.0240347
0 0.00577372 0.0179595 0.0238837
0 0.00571674 0.0178243 0.0237111
0 0.00564848 0.0176708 0.0235206
0 0.00557111 0.0175027 0.0233151
0 0.0054874 0.0173245 0.0230976
0 0.00540101 0.0171399 0.0228712
0 0.00531634 0.0169533 0.0226396
0 0.00523607 0.0167691 0.0224069
0 0.00516122 0.0165914 0.0221776
0 0.00509285 0.016424 0.0219572
0 0.00503142 0.0162703 0.0217516
0 0.00497612 0.0161332 0.0215667
0 0.00492698 0.0160149 0.021408
0 0.00488475 0.0159171 0.0212798
0 0.00484981 0.0158413 0.0211851
0 0.00482333 0.0157889 0.0211252
0 0.00480678 0.015761 0.0210995
0 0.00480116 0.0157585 0.0211066
0 0.00480754 0.0157817 0.021144
0 0.00482665 0.0158299 0.0212091
0 0.00485828 0.0159018 0.0212995
0 0.00490151 0.015995 0.0214129
0 0.00495467 0.0161066 0.0215472
