0 2.7814e-16
0.160432 0.0001
0.32084 0.0002
0.481226 0.0003
0.641588 0.0004
0.801927 0.0005
0.962242 0.0006
1.12253 0.0007
1.2828 0.0008
1.44305 0.0009
1.60327 0.001
1.76347 0.0011
1.92365 0.0012
2.0838 0.0013
2.24393 0.0014
2.40403 0.0015
2.56411 0.0016
2.72417 0.0017
2.88421 0.0018
3.04422 0.0019
3.20421 0.002
3.36417 0.0021
3.52411 0.0022
3.68403 0.0023
3.84392 0.0024
4.0038 0.0025
4.16364 0.0026
4.32347 0.0027
4.48326 0.0028
4.64304 0.0029
4.80279 0.003
4.96252 0.0031
5.12223 0.0032
5.28191 0.0033
5.44157 0.0034
5.6012 0.0035
5.76081 0.0036
5.9204 0.0037
6.07996 0.0038
6.2395 0.0039
6.39872 0.004
6.55781 0.0041
6.71671 0.0042
6.87536 0.0043
7.03399 0.0044
7.19259 0.0045
7.35117 0.0046
7.50959 0.0047
7.66777 0.0048
7.82568 0.0049
7.98345 0.005
8.13865 0.0051
8.29371 0.0052
8.44846 0.0053
8.60318 0.0054
8.75788 0.0055
8.91221 0.0056
9.06639 0.0057
9.22055 0.0058
9.37458 0.0059
9.52826 0.006
9.68012 0.0061
9.8319 0.0062
9.98266 0.0063
10.1331 0.0064
10.2834 0.0065
10.4335 0.0066
10.5806 0.0067
10.7255 0.0068
10.8703 0.0069
11.0152 0.007
11.16 0.0071
11.3048 0.0072
11.4496 0.0073
11.5939 0.0074
11.7377 0.0075
11.8811 0.0076
12.0245 0.0077
12.1675 0.0078
12.3086 0.0079
12.4477 0.008
12.586 0.0081
12.7243 0.0082
12.86 0.0083
12.9947 0.0084
13.1289 0.0085
13.2631 0.0086
13.3972 0.0087
13.5313 0.0088
13.665 0.0089
13.7984 0.009
13.9298 0.0091
14.0612 0.0092
14.1925 0.0093
14.3235 0.0094
14.4539 0.0095
14.5831 0.0096
14.7094 0.0097
14.8354 0.0098
14.9611 0.0099
15.0865 0.01
15.2119 0.0101
15.3371 0.0102
15.4623 0.0103
15.5872 0.0104
15.7121 0.0105
15.8357 0.0106
15.9585 0.0107
16.0813 0.0108
16.2039 0.0109
16.3264 0.011
16.4473 0.0111
16.5678 0.0112
16.6882 0.0113
16.8063 0.0114
16.9244 0.0115
17.0422 0.0116
17.16 0.0117
17.2755 0.0118
17.3902 0.0119
17.5047 0.012
17.6191 0.0121
17.7336 0.0122
17.8479 0.0123
17.9623 0.0124
18.0767 0.0125
18.191 0.0126
18.3053 0.0127
18.4193 0.0128
18.533 0.0129
18.6466 0.013
18.7592 0.0131
18.8696 0.0132
18.9797 0.0133
19.0896 0.0134
19.1994 0.0135
19.3092 0.0136
19.4171 0.0137
19.5244 0.0138
19.6316 0.0139
19.7387 0.014
19.8458 0.0141
19.9529 0.0142
20.0599 0.0143
20.1669 0.0144
20.2739 0.0145
20.3809 0.0146
20.4878 0.0147
20.5946 0.0148
20.7013 0.0149
20.808 0.015
20.9139 0.0151
21.0194 0.0152
21.1248 0.0153
21.2302 0.0154
21.335 0.0155
21.4398 0.0156
21.5446 0.0157
21.6494 0.0158
21.7539 0.0159
21.8583 0.016
21.9624 0.0161
22.0664 0.0162
22.1704 0.0163
22.2737 0.0164
22.3752 0.0165
22.4764 0.0166
22.5776 0.0167
22.6788 0.0168
22.7799 0.0169
22.8809 0.017
22.9818 0.0171
23.0822 0.0172
23.1825 0.0173
23.2825 0.0174
23.3823 0.0175
23.4819 0.0176
23.5815 0.0177
23.6807 0.0178
23.7793 0.0179
23.8765 0.018
23.9732 0.0181
24.0699 0.0182
24.1664 0.0183
24.2627 0.0184
24.359 0.0185
24.4551 0.0186
24.5501 0.0187
24.6439 0.0188
24.7375 0.0189
24.8311 0.019
24.9247 0.0191
25.0183 0.0192
25.1119 0.0193
25.2054 0.0194
25.2989 0.0195
25.3921 0.0196
25.4852 0.0197
25.5782 0.0198
25.6712 0.0199
25.764 0.02
25.8564 0.0201
25.9487 0.0202
26.041 0.0203
26.133 0.0204
26.225 0.0205
26.3169 0.0206
26.4087 0.0207
26.5003 0.0208
26.5911 0.0209
26.6809 0.021
26.7706 0.0211
26.8603 0.0212
26.95 0.0213
27.0396 0.0214
27.1291 0.0215
27.2186 0.0216
27.3079 0.0217
27.3971 0.0218
27.4863 0.0219
27.5754 0.022
27.6645 0.0221
27.7536 0.0222
27.8426 0.0223
27.9315 0.0224
28.02 0.0225
28.108 0.0226
28.1959 0.0227
28.2838 0.0228
28.3716 0.0229
28.4589 0.023
28.5461 0.0231
28.6332 0.0232
28.7204 0.0233
28.8069 0.0234
28.8931 0.0235
28.9792 0.0236
29.0651 0.0237
29.1511 0.0238
29.237 0.0239
29.3229 0.024
29.4082 0.0241
29.4934 0.0242
29.5786 0.0243
29.6638 0.0244
29.7481 0.0245
29.8319 0.0246
29.9156 0.0247
29.9992 0.0248
30.0827 0.0249
30.1662 0.025
30.2496 0.0251
30.3329 0.0252
30.4161 0.0253
30.4993 0.0254
30.5817 0.0255
30.6631 0.0256
30.7443 0.0257
30.8254 0.0258
30.9064 0.0259
30.9871 0.026
31.067 0.0261
31.1466 0.0262
31.2259 0.0263
31.3052 0.0264
31.3844 0.0265
31.4636 0.0266
31.5428 0.0267
31.622 0.0268
31.7012 0.0269
31.7804 0.027
31.8593 0.0271
31.938 0.0272
32.0164 0.0273
32.0942 0.0274
32.1715 0.0275
32.2488 0.0276
32.326 0.0277
32.403 0.0278
32.4798 0.0279
32.5565 0.028
32.6332 0.0281
32.7098 0.0282
32.786 0.0283
32.862 0.0284
32.9375 0.0285
33.0128 0.0286
33.0882 0.0287
33.1634 0.0288
33.2386 0.0289
33.3137 0.029
33.3877 0.0291
33.4609 0.0292
33.534 0.0293
33.6071 0.0294
33.6801 0.0295
33.7531 0.0296
33.8259 0.0297
33.8983 0.0298
33.9706 0.0299
34.0425 0.03
34.1142 0.0301
34.1858 0.0302
34.2574 0.0303
34.329 0.0304
34.4005 0.0305
34.472 0.0306
34.5433 0.0307
34.6147 0.0308
34.686 0.0309
34.7573 0.031
34.8285 0.0311
34.8996 0.0312
34.9708 0.0313
35.0419 0.0314
35.1129 0.0315
35.1839 0.0316
35.2547 0.0317
35.3252 0.0318
35.3957 0.0319
35.4659 0.032
35.536 0.0321
35.6061 0.0322
35.6762 0.0323
35.7461 0.0324
35.816 0.0325
35.8857 0.0326
35.9554 0.0327
36.025 0.0328
36.0944 0.0329
36.1638 0.033
36.2331 0.0331
36.3022 0.0332
36.3712 0.0333
36.4399 0.0334
36.5085 0.0335
36.5768 0.0336
36.6447 0.0337
36.7126 0.0338
36.7803 0.0339
36.8477 0.034
36.915 0.0341
36.9817 0.0342
37.0483 0.0343
37.1145 0.0344
37.18 0.0345
37.2453 0.0346
37.3103 0.0347
37.375 0.0348
37.4396 0.0349
37.5038 0.035
37.5676 0.0351
37.6308 0.0352
37.6933 0.0353
37.7551 0.0354
37.8162 0.0355
37.8767 0.0356
37.9362 0.0357
37.9947 0.0358
38.0518 0.0359
38.1069 0.036
38.16 0.0361
38.2109 0.0362
38.2598 0.0363
38.308 0.0364
38.3545 0.0365
38.3995 0.0366
38.4445 0.0367
38.4948 0.0368
38.5471 0.0369
38.5988 0.037
38.6503 0.0371
38.7015 0.0372
38.7525 0.0373
38.8034 0.0374
38.8541 0.0375
38.9048 0.0376
38.9545 0.0377
39.0042 0.0378
39.0538 0.0379
39.103 0.038
39.1518 0.0381
39.2004 0.0382
39.249 0.0383
39.2974 0.0384
39.3457 0.0385
39.3938 0.0386
39.4418 0.0387
39.4898 0.0388
39.5258 0.0389
39.5625 0.039
39.5994 0.0391
39.6341 0.0392
39.6735 0.0393
39.7161 0.0394
39.7585 0.0395
39.8006 0.0396
39.8425 0.0397
39.8842 0.0398
39.9257 0.0399
39.9669 0.04
40.0065 0.0401
40.0455 0.0402
40.0841 0.0403
40.1221 0.0404
40.1596 0.0405
40.1968 0.0406
40.2335 0.0407
40.2694 0.0408
40.3046 0.0409
40.3389 0.041
40.3721 0.0411
40.4046 0.0412
40.4359 0.0413
40.4655 0.0414
40.4932 0.0415
40.5185 0.0416
40.5409 0.0417
40.5596 0.0418
40.5756 0.0419
40.5896 0.042
40.6014 0.0421
40.6126 0.0422
40.6281 0.0423
40.6546 0.0424
40.6822 0.0425
40.7095 0.0426
40.7365 0.0427
40.7633 0.0428
40.7899 0.0429
40.8164 0.043
40.8427 0.0431
40.8689 0.0432
40.8949 0.0433
40.9209 0.0434
40.9467 0.0435
40.9725 0.0436
40.9981 0.0437
41.0234 0.0438
41.0488 0.0439
41.0741 0.044
41.0995 0.0441
41.1136 0.0442
41.1244 0.0443
41.1352 0.0444
41.1445 0.0445
41.1529 0.0446
41.167 0.0447
41.1875 0.0448
41.2078 0.0449
41.2281 0.045
41.2484 0.0451
41.2686 0.0452
41.2882 0.0453
41.3067 0.0454
41.3251 0.0455
41.3436 0.0456
41.362 0.0457
41.3805 0.0458
41.3989 0.0459
41.4172 0.046
41.4353 0.0461
41.4535 0.0462
41.4716 0.0463
41.4897 0.0464
41.5079 0.0465
41.5258 0.0466
41.5432 0.0467
41.5602 0.0468
41.5769 0.0469
41.5936 0.047
41.61 0.0471
41.6265 0.0472
41.643 0.0473
41.6594 0.0474
41.6759 0.0475
41.6923 0.0476
41.7087 0.0477
41.725 0.0478
41.7418 0.0479
41.759 0.048
41.7797 0.0481
41.8019 0.0482
41.8261 0.0483
41.8505 0.0484
41.8751 0.0485
41.8996 0.0486
41.9242 0.0487
41.9489 0.0488
41.9737 0.0489
41.9984 0.049
42.0231 0.0491
42.0478 0.0492
42.0725 0.0493
42.0972 0.0494
42.1219 0.0495
42.1466 0.0496
42.1711 0.0497
42.1956 0.0498
42.2198 0.0499
42.2436 0.05
42.2672 0.0501
42.2904 0.0502
42.3136 0.0503
42.3368 0.0504
42.36 0.0505
42.3832 0.0506
42.4064 0.0507
42.4294 0.0508
42.4525 0.0509
42.4755 0.051
42.4985 0.0511
42.5215 0.0512
42.5445 0.0513
42.5674 0.0514
42.5903 0.0515
42.613 0.0516
42.6356 0.0517
42.6581 0.0518
42.6806 0.0519
42.703 0.052
42.7254 0.0521
42.7477 0.0522
42.77 0.0523
42.7922 0.0524
42.8144 0.0525
42.8367 0.0526
42.8589 0.0527
42.8811 0.0528
42.9032 0.0529
42.9253 0.053
42.9472 0.0531
42.969 0.0532
42.9909 0.0533
43.0126 0.0534
43.0344 0.0535
43.0561 0.0536
43.0779 0.0537
43.0996 0.0538
43.1212 0.0539
43.1429 0.054
43.1645 0.0541
43.1861 0.0542
43.2077 0.0543
43.2292 0.0544
43.2507 0.0545
43.2722 0.0546
43.2936 0.0547
43.3151 0.0548
43.3363 0.0549
43.3576 0.055
43.3788 0.0551
43.3999 0.0552
43.4211 0.0553
43.4421 0.0554
43.4631 0.0555
43.4841 0.0556
43.5054 0.0557
43.5278 0.0558
43.5503 0.0559
43.5727 0.056
43.5951 0.0561
43.6174 0.0562
43.6397 0.0563
43.6621 0.0564
43.6842 0.0565
43.706 0.0566
43.7277 0.0567
43.7495 0.0568
43.7712 0.0569
43.7927 0.057
43.814 0.0571
43.8353 0.0572
43.8564 0.0573
43.8773 0.0574
43.8982 0.0575
43.9189 0.0576
43.9394 0.0577
43.9598 0.0578
43.98 0.0579
44 0.058
44.0197 0.0581
44.0393 0.0582
44.0585 0.0583
44.0775 0.0584
44.0962 0.0585
44.1147 0.0586
44.1332 0.0587
44.1514 0.0588
44.1695 0.0589
44.1873 0.059
44.2049 0.0591
44.2223 0.0592
44.2399 0.0593
44.2573 0.0594
44.275 0.0595
44.2944 0.0596
44.3137 0.0597
44.3331 0.0598
44.3524 0.0599
44.3716 0.06
44.3907 0.0601
44.4098 0.0602
44.4289 0.0603
44.448 0.0604
44.4671 0.0605
44.4859 0.0606
44.5047 0.0607
44.5235 0.0608
44.5422 0.0609
44.5609 0.061
44.5796 0.0611
44.5982 0.0612
44.6168 0.0613
44.6353 0.0614
44.6538 0.0615
44.6723 0.0616
44.6906 0.0617
44.709 0.0618
44.7273 0.0619
44.7455 0.062
44.7637 0.0621
44.7819 0.0622
44.8 0.0623
44.8181 0.0624
44.8362 0.0625
44.8541 0.0626
44.872 0.0627
44.8899 0.0628
44.9077 0.0629
44.9253 0.063
44.9429 0.0631
44.9605 0.0632
44.9779 0.0633
44.9953 0.0634
45.0127 0.0635
45.03 0.0636
45.0472 0.0637
45.0644 0.0638
45.0816 0.0639
45.0986 0.064
45.1157 0.0641
45.1327 0.0642
45.1497 0.0643
45.1666 0.0644
45.1835 0.0645
45.2003 0.0646
45.2172 0.0647
45.234 0.0648
45.2508 0.0649
45.2675 0.065
45.2842 0.0651
45.3007 0.0652
45.3151 0.0653
45.3289 0.0654
45.3426 0.0655
45.358 0.0656
45.3736 0.0657
45.3891 0.0658
45.4046 0.0659
45.4199 0.066
45.4351 0.0661
45.4502 0.0662
45.4649 0.0663
45.4796 0.0664
45.4942 0.0665
45.5087 0.0666
45.523 0.0667
45.5376 0.0668
45.5521 0.0669
45.5663 0.067
45.5805 0.0671
45.5946 0.0672
45.6086 0.0673
45.6225 0.0674
45.6362 0.0675
45.6499 0.0676
45.6636 0.0677
45.6772 0.0678
45.6907 0.0679
45.704 0.068
45.7173 0.0681
45.7304 0.0682
45.743 0.0683
45.7555 0.0684
45.7677 0.0685
45.7798 0.0686
45.7915 0.0687
45.8032 0.0688
45.8147 0.0689
45.8261 0.069
45.8373 0.0691
45.8483 0.0692
45.859 0.0693
45.8694 0.0694
45.8797 0.0695
45.8895 0.0696
45.8988 0.0697
45.9073 0.0698
45.9151 0.0699
45.9219 0.07
45.9275 0.0701
45.9318 0.0702
45.9354 0.0703
45.9379 0.0704
45.939 0.0705
45.9393 0.0706
45.9396 0.0707
45.9436 0.0708
45.9505 0.0709
45.9573 0.071
45.9642 0.0711
45.9711 0.0712
45.9788 0.0713
45.9888 0.0714
45.9986 0.0715
46.008 0.0716
46.0173 0.0717
46.0266 0.0718
46.0358 0.0719
46.045 0.072
46.0541 0.0721
46.0633 0.0722
46.0724 0.0723
46.0816 0.0724
46.0907 0.0725
46.0997 0.0726
46.1088 0.0727
46.1178 0.0728
46.1267 0.0729
46.1355 0.073
46.1443 0.0731
46.1531 0.0732
46.1619 0.0733
46.1706 0.0734
46.1794 0.0735
46.188 0.0736
46.1967 0.0737
46.2054 0.0738
46.214 0.0739
46.2226 0.074
46.2286 0.0741
46.2291 0.0742
46.2298 0.0743
46.2313 0.0744
46.2328 0.0745
46.2329 0.0746
46.2337 0.0747
46.2405 0.0748
46.2472 0.0749
46.254 0.075
46.2606 0.0751
46.2672 0.0752
46.2737 0.0753
46.2802 0.0754
46.2865 0.0755
46.2928 0.0756
46.2991 0.0757
46.3054 0.0758
46.3112 0.0759
46.3166 0.076
46.3219 0.0761
46.3271 0.0762
46.3323 0.0763
46.3375 0.0764
46.3426 0.0765
46.3476 0.0766
46.3526 0.0767
46.3576 0.0768
46.3625 0.0769
46.3675 0.077
46.3724 0.0771
46.3772 0.0772
46.382 0.0773
46.3868 0.0774
46.3915 0.0775
46.3962 0.0776
46.4009 0.0777
46.4056 0.0778
46.4102 0.0779
46.4148 0.078
46.4194 0.0781
46.4239 0.0782
46.4284 0.0783
46.4329 0.0784
46.4373 0.0785
46.4416 0.0786
46.446 0.0787
46.4504 0.0788
46.4547 0.0789
46.459 0.079
46.4634 0.0791
46.4676 0.0792
46.4719 0.0793
46.4761 0.0794
46.4802 0.0795
46.4843 0.0796
46.4883 0.0797
46.4924 0.0798
46.4968 0.0799
46.5014 0.08
46.5061 0.0801
46.5122 0.0802
46.5187 0.0803
46.5252 0.0804
46.5317 0.0805
46.5382 0.0806
46.5449 0.0807
46.5517 0.0808
46.5586 0.0809
46.5655 0.081
46.5725 0.0811
46.5801 0.0812
46.5877 0.0813
46.5952 0.0814
46.6028 0.0815
46.6104 0.0816
46.6179 0.0817
46.6254 0.0818
46.6328 0.0819
46.6401 0.082
46.6474 0.0821
46.6547 0.0822
46.662 0.0823
46.6692 0.0824
46.6764 0.0825
46.6835 0.0826
46.6905 0.0827
46.6976 0.0828
46.7047 0.0829
46.7117 0.083
46.7188 0.0831
46.7258 0.0832
46.7328 0.0833
46.7397 0.0834
46.7467 0.0835
46.7536 0.0836
46.7602 0.0837
46.7665 0.0838
46.7729 0.0839
46.7792 0.084
46.7854 0.0841
46.7917 0.0842
46.798 0.0843
46.8042 0.0844
46.8103 0.0845
46.8164 0.0846
46.8225 0.0847
46.8284 0.0848
46.8343 0.0849
46.8402 0.085
46.846 0.0851
46.8518 0.0852
46.8574 0.0853
46.8629 0.0854
46.8683 0.0855
46.8737 0.0856
46.8791 0.0857
46.8845 0.0858
46.8898 0.0859
46.8966 0.086
46.9037 0.0861
46.9107 0.0862
46.9174 0.0863
46.924 0.0864
46.9305 0.0865
46.9371 0.0866
46.9437 0.0867
46.9502 0.0868
46.9568 0.0869
46.9633 0.087
46.9698 0.0871
46.9764 0.0872
46.9829 0.0873
46.9894 0.0874
46.9959 0.0875
47.0023 0.0876
47.0087 0.0877
47.0152 0.0878
47.0216 0.0879
47.028 0.088
47.0344 0.0881
47.0408 0.0882
47.0471 0.0883
47.0535 0.0884
47.0598 0.0885
47.0662 0.0886
47.0725 0.0887
47.0788 0.0888
47.0851 0.0889
47.0914 0.089
47.0976 0.0891
47.1039 0.0892
47.1101 0.0893
47.1163 0.0894
47.1226 0.0895
47.1288 0.0896
47.135 0.0897
47.1411 0.0898
47.1473 0.0899
47.1534 0.09
47.1597 0.0901
47.166 0.0902
47.1722 0.0903
47.1785 0.0904
47.1846 0.0905
47.1907 0.0906
47.1968 0.0907
47.2029 0.0908
47.209 0.0909
47.215 0.091
47.221 0.0911
47.227 0.0912
47.233 0.0913
47.239 0.0914
47.245 0.0915
47.2509 0.0916
47.2567 0.0917
47.2626 0.0918
47.2684 0.0919
47.2742 0.092
47.28 0.0921
47.2858 0.0922
47.2915 0.0923
47.2972 0.0924
47.3029 0.0925
47.3086 0.0926
47.3142 0.0927
47.3198 0.0928
47.3254 0.0929
47.331 0.093
47.3367 0.0931
47.3429 0.0932
47.349 0.0933
47.3552 0.0934
47.3615 0.0935
47.3677 0.0936
47.3739 0.0937
47.3801 0.0938
47.3862 0.0939
47.3924 0.094
47.3985 0.0941
47.4046 0.0942
47.4107 0.0943
47.4167 0.0944
47.4228 0.0945
47.4288 0.0946
47.4348 0.0947
47.4408 0.0948
47.4468 0.0949
47.4527 0.095
47.4587 0.0951
47.4646 0.0952
47.4705 0.0953
47.4764 0.0954
47.4823 0.0955
47.4881 0.0956
47.4939 0.0957
47.4997 0.0958
47.5055 0.0959
47.5114 0.096
47.5173 0.0961
47.5231 0.0962
47.529 0.0963
47.5348 0.0964
47.5406 0.0965
47.5464 0.0966
47.5521 0.0967
47.5578 0.0968
47.5635 0.0969
47.5694 0.097
47.575 0.0971
47.5805 0.0972
47.5858 0.0973
47.5911 0.0974
47.5963 0.0975
47.6015 0.0976
47.6067 0.0977
47.6129 0.0978
47.619 0.0979
47.6251 0.098
47.6312 0.0981
47.6371 0.0982
47.6431 0.0983
47.649 0.0984
47.6549 0.0985
47.6608 0.0986
47.6667 0.0987
47.6726 0.0988
47.6785 0.0989
47.6843 0.099
47.6901 0.0991
47.6959 0.0992
47.7017 0.0993
47.7075 0.0994
47.7133 0.0995
47.7191 0.0996
47.7248 0.0997
47.7306 0.0998
47.7363 0.0999
47.7421 0.1
47.7478 0.1001
47.7536 0.1002
47.7593 0.1003
47.765 0.1004
47.7704 0.1005
47.7759 0.1006
47.7813 0.1007
47.7868 0.1008
47.7922 0.1009
47.7977 0.101
47.8031 0.1011
47.8086 0.1012
47.814 0.1013
47.8196 0.1014
47.8253 0.1015
47.831 0.1016
47.8366 0.1017
47.8423 0.1018
47.848 0.1019
47.8537 0.102
47.8594 0.1021
47.865 0.1022
47.8706 0.1023
47.8762 0.1024
47.8818 0.1025
47.8873 0.1026
47.8929 0.1027
47.8985 0.1028
47.9041 0.1029
47.9096 0.103
47.9152 0.1031
47.9207 0.1032
47.9263 0.1033
47.9318 0.1034
47.9373 0.1035
47.9429 0.1036
47.9483 0.1037
47.9538 0.1038
47.9593 0.1039
47.9649 0.104
47.9704 0.1041
47.976 0.1042
47.9815 0.1043
47.9871 0.1044
47.9927 0.1045
47.9982 0.1046
48.0038 0.1047
48.0093 0.1048
48.0148 0.1049
48.0204 0.105
48.0259 0.1051
48.0314 0.1052
48.0369 0.1053
48.0424 0.1054
48.0479 0.1055
48.0534 0.1056
48.0589 0.1057
48.0644 0.1058
48.0699 0.1059
48.0754 0.106
48.0809 0.1061
48.0864 0.1062
48.0919 0.1063
48.0977 0.1064
48.1035 0.1065
48.1094 0.1066
48.1153 0.1067
48.1213 0.1068
48.1273 0.1069
48.1333 0.107
48.1394 0.1071
48.1454 0.1072
48.1514 0.1073
48.1573 0.1074
48.1633 0.1075
48.1692 0.1076
48.1751 0.1077
48.181 0.1078
48.1868 0.1079
48.1926 0.108
48.1984 0.1081
48.2042 0.1082
48.2099 0.1083
48.2156 0.1084
48.2213 0.1085
48.227 0.1086
48.2325 0.1087
48.2381 0.1088
48.2435 0.1089
48.249 0.109
48.2547 0.1091
48.2604 0.1092
48.266 0.1093
48.2716 0.1094
48.2769 0.1095
48.2821 0.1096
48.2873 0.1097
48.2924 0.1098
48.2974 0.1099
48.3023 0.11
48.3072 0.1101
48.312 0.1102
48.3169 0.1103
48.3217 0.1104
48.3266 0.1105
48.3314 0.1106
48.3362 0.1107
48.3412 0.1108
48.3462 0.1109
48.3512 0.111
48.3562 0.1111
48.3613 0.1112
48.3663 0.1113
48.3713 0.1114
48.3762 0.1115
48.3812 0.1116
48.3862 0.1117
48.3912 0.1118
48.3962 0.1119
48.4022 0.112
48.4082 0.1121
48.4142 0.1122
48.4203 0.1123
48.4265 0.1124
48.4327 0.1125
48.4389 0.1126
48.4451 0.1127
48.4513 0.1128
48.4575 0.1129
48.4637 0.113
48.4699 0.1131
48.4761 0.1132
48.4822 0.1133
48.4883 0.1134
48.4945 0.1135
48.5006 0.1136
48.5067 0.1137
48.5128 0.1138
48.5189 0.1139
48.525 0.114
48.5311 0.1141
48.5372 0.1142
48.5433 0.1143
48.5494 0.1144
48.5554 0.1145
48.5615 0.1146
48.5676 0.1147
48.5736 0.1148
48.5796 0.1149
48.5855 0.115
48.5915 0.1151
48.5974 0.1152
48.6034 0.1153
48.6093 0.1154
48.6152 0.1155
48.6211 0.1156
48.627 0.1157
48.6329 0.1158
48.6388 0.1159
48.6447 0.116
48.6506 0.1161
48.6565 0.1162
48.6623 0.1163
48.6682 0.1164
48.674 0.1165
48.6798 0.1166
48.6857 0.1167
48.6915 0.1168
48.6972 0.1169
48.703 0.117
48.7087 0.1171
48.7144 0.1172
48.7202 0.1173
48.7259 0.1174
48.7316 0.1175
48.7373 0.1176
48.743 0.1177
48.7487 0.1178
48.7544 0.1179
48.7601 0.118
48.7658 0.1181
48.7715 0.1182
48.7772 0.1183
48.7829 0.1184
48.7885 0.1185
48.7942 0.1186
48.7999 0.1187
48.8055 0.1188
48.8112 0.1189
48.8172 0.119
48.8233 0.1191
48.8294 0.1192
48.8355 0.1193
48.8416 0.1194
48.8477 0.1195
48.8539 0.1196
48.86 0.1197
48.8661 0.1198
48.8722 0.1199
48.8783 0.12
48.8844 0.1201
48.8904 0.1202
48.8965 0.1203
48.9025 0.1204
48.9086 0.1205
48.9147 0.1206
48.9209 0.1207
48.927 0.1208
48.9331 0.1209
48.9392 0.121
48.9453 0.1211
48.9514 0.1212
48.9575 0.1213
48.9635 0.1214
48.9696 0.1215
48.9757 0.1216
48.9818 0.1217
48.9878 0.1218
48.9939 0.1219
48.9999 0.122
49.006 0.1221
49.0122 0.1222
49.0185 0.1223
49.0248 0.1224
49.031 0.1225
49.0372 0.1226
49.0434 0.1227
49.0496 0.1228
49.0558 0.1229
49.062 0.123
49.0681 0.1231
49.0743 0.1232
49.0804 0.1233
49.0865 0.1234
49.0927 0.1235
49.0987 0.1236
49.1048 0.1237
49.1109 0.1238
49.117 0.1239
49.1231 0.124
49.1295 0.1241
49.136 0.1242
49.1425 0.1243
49.149 0.1244
49.1554 0.1245
49.1619 0.1246
49.1684 0.1247
49.1748 0.1248
49.1813 0.1249
49.1877 0.125
49.1941 0.1251
49.2006 0.1252
49.207 0.1253
49.2134 0.1254
49.2199 0.1255
49.2263 0.1256
49.2327 0.1257
49.2391 0.1258
49.2455 0.1259
49.252 0.126
49.2584 0.1261
49.2648 0.1262
49.2712 0.1263
49.2775 0.1264
49.2839 0.1265
49.2902 0.1266
49.2966 0.1267
49.3029 0.1268
49.3092 0.1269
49.3156 0.127
49.3219 0.1271
49.3283 0.1272
49.3346 0.1273
49.3409 0.1274
49.3472 0.1275
49.3536 0.1276
49.3599 0.1277
49.3662 0.1278
49.3725 0.1279
49.3789 0.128
49.3853 0.1281
49.3917 0.1282
49.3982 0.1283
49.4046 0.1284
49.411 0.1285
49.4174 0.1286
49.4238 0.1287
49.4302 0.1288
49.4366 0.1289
49.443 0.129
49.4494 0.1291
49.4558 0.1292
49.4622 0.1293
49.4686 0.1294
49.475 0.1295
49.4814 0.1296
49.4877 0.1297
49.4941 0.1298
49.5005 0.1299
49.5069 0.13
49.5132 0.1301
49.5196 0.1302
49.5261 0.1303
49.5327 0.1304
49.5392 0.1305
49.5458 0.1306
49.5524 0.1307
49.559 0.1308
49.5657 0.1309
49.5724 0.131
49.579 0.1311
49.5857 0.1312
49.5923 0.1313
49.5989 0.1314
49.6056 0.1315
49.6122 0.1316
49.6189 0.1317
49.6255 0.1318
49.6321 0.1319
49.6388 0.132
49.6454 0.1321
49.652 0.1322
49.6586 0.1323
49.6652 0.1324
49.6717 0.1325
49.6784 0.1326
49.6851 0.1327
49.6918 0.1328
49.6986 0.1329
49.7053 0.133
49.712 0.1331
49.7188 0.1332
49.7256 0.1333
49.7324 0.1334
49.7391 0.1335
49.7459 0.1336
49.7526 0.1337
49.7594 0.1338
49.7662 0.1339
49.7729 0.134
49.7797 0.1341
49.7864 0.1342
49.7932 0.1343
49.7999 0.1344
49.8066 0.1345
49.8134 0.1346
49.8201 0.1347
49.8268 0.1348
49.8335 0.1349
49.8403 0.135
49.847 0.1351
49.8537 0.1352
49.8604 0.1353
49.8672 0.1354
49.8739 0.1355
49.8806 0.1356
49.8873 0.1357
49.894 0.1358
49.9007 0.1359
49.9074 0.136
49.9142 0.1361
49.9209 0.1362
49.9276 0.1363
49.9343 0.1364
49.9409 0.1365
49.9476 0.1366
49.9542 0.1367
49.9608 0.1368
49.9674 0.1369
49.9741 0.137
49.9807 0.1371
49.9873 0.1372
49.9939 0.1373
50.0004 0.1374
50.007 0.1375
50.0135 0.1376
50.0201 0.1377
50.0266 0.1378
50.0331 0.1379
50.0397 0.138
50.0462 0.1381
50.0527 0.1382
50.0592 0.1383
50.0657 0.1384
50.0722 0.1385
50.0787 0.1386
50.0852 0.1387
50.0916 0.1388
50.0981 0.1389
50.1045 0.139
50.111 0.1391
50.1174 0.1392
50.1239 0.1393
50.1303 0.1394
50.1367 0.1395
50.1432 0.1396
50.1496 0.1397
50.1561 0.1398
50.1625 0.1399
50.1689 0.14
50.1754 0.1401
50.1819 0.1402
50.1884 0.1403
50.1949 0.1404
50.2014 0.1405
50.2079 0.1406
50.2144 0.1407
50.2209 0.1408
50.2274 0.1409
50.2339 0.141
50.2404 0.1411
50.2469 0.1412
50.2534 0.1413
50.2599 0.1414
50.2664 0.1415
50.2729 0.1416
50.2793 0.1417
50.2858 0.1418
50.2923 0.1419
50.2988 0.142
50.3053 0.1421
50.3118 0.1422
50.3182 0.1423
50.3247 0.1424
50.3312 0.1425
50.3377 0.1426
50.3441 0.1427
50.3506 0.1428
50.357 0.1429
50.3635 0.143
50.3699 0.1431
50.3763 0.1432
50.3827 0.1433
50.3891 0.1434
50.3956 0.1435
50.402 0.1436
50.4085 0.1437
50.4149 0.1438
50.4213 0.1439
50.4278 0.144
50.4342 0.1441
50.4406 0.1442
50.447 0.1443
50.4535 0.1444
50.4599 0.1445
50.4663 0.1446
50.4727 0.1447
50.4791 0.1448
50.4855 0.1449
50.4919 0.145
50.4983 0.1451
50.5047 0.1452
50.5111 0.1453
50.5175 0.1454
50.5239 0.1455
50.5302 0.1456
50.5366 0.1457
50.543 0.1458
50.5494 0.1459
50.5557 0.146
50.5621 0.1461
50.5685 0.1462
50.5748 0.1463
50.5812 0.1464
50.5876 0.1465
50.5939 0.1466
50.6003 0.1467
50.6066 0.1468
50.613 0.1469
50.6193 0.147
50.6257 0.1471
50.632 0.1472
50.6384 0.1473
50.6447 0.1474
50.651 0.1475
50.6573 0.1476
50.6637 0.1477
50.67 0.1478
50.6763 0.1479
50.6826 0.148
50.6888 0.1481
50.6951 0.1482
50.7014 0.1483
50.7076 0.1484
50.7139 0.1485
50.7201 0.1486
50.7263 0.1487
50.7325 0.1488
50.7388 0.1489
50.745 0.149
50.7512 0.1491
50.7574 0.1492
50.7636 0.1493
50.7697 0.1494
50.7759 0.1495
50.7821 0.1496
50.7882 0.1497
50.7944 0.1498
50.8007 0.1499
50.807 0.15
50.8133 0.1501
50.8196 0.1502
50.8258 0.1503
50.8321 0.1504
50.8384 0.1505
50.8447 0.1506
50.851 0.1507
50.8573 0.1508
50.8636 0.1509
50.8698 0.151
50.8761 0.1511
50.8824 0.1512
50.8887 0.1513
50.8949 0.1514
50.9012 0.1515
50.9074 0.1516
50.9137 0.1517
50.9198 0.1518
50.926 0.1519
50.9321 0.152
50.9382 0.1521
50.9442 0.1522
50.9503 0.1523
50.9563 0.1524
50.9624 0.1525
50.9684 0.1526
50.9743 0.1527
50.9803 0.1528
50.9863 0.1529
50.9923 0.153
50.9982 0.1531
51.0042 0.1532
51.0101 0.1533
51.016 0.1534
51.0219 0.1535
51.0278 0.1536
51.0336 0.1537
51.0395 0.1538
51.0454 0.1539
51.0513 0.154
51.0571 0.1541
51.063 0.1542
51.0688 0.1543
51.0746 0.1544
51.0805 0.1545
51.0863 0.1546
51.0921 0.1547
51.0979 0.1548
51.1036 0.1549
51.1094 0.155
51.1152 0.1551
51.1209 0.1552
51.1267 0.1553
51.1325 0.1554
51.1382 0.1555
51.1439 0.1556
51.1496 0.1557
51.1553 0.1558
51.161 0.1559
51.1668 0.156
51.1725 0.1561
51.1781 0.1562
51.1838 0.1563
51.1895 0.1564
51.1951 0.1565
51.2008 0.1566
51.2064 0.1567
51.2121 0.1568
51.2177 0.1569
51.2233 0.157
51.2289 0.1571
51.2345 0.1572
51.2401 0.1573
51.2457 0.1574
51.2514 0.1575
51.2571 0.1576
51.2629 0.1577
51.2687 0.1578
51.2744 0.1579
51.2802 0.158
51.2859 0.1581
51.2916 0.1582
51.2974 0.1583
51.3031 0.1584
51.3088 0.1585
51.3146 0.1586
51.3203 0.1587
51.326 0.1588
51.3317 0.1589
51.3373 0.159
51.343 0.1591
51.3486 0.1592
51.3542 0.1593
51.3599 0.1594
51.3655 0.1595
51.3711 0.1596
51.3767 0.1597
51.3824 0.1598
51.388 0.1599
51.3936 0.16
51.3992 0.1601
51.4049 0.1602
51.4106 0.1603
51.4163 0.1604
51.422 0.1605
51.4277 0.1606
51.4334 0.1607
51.4391 0.1608
51.4448 0.1609
51.4505 0.161
51.4562 0.1611
51.4619 0.1612
51.4676 0.1613
51.4733 0.1614
51.479 0.1615
51.4847 0.1616
51.4904 0.1617
51.4961 0.1618
51.5018 0.1619
51.5075 0.162
51.5132 0.1621
51.5189 0.1622
51.5246 0.1623
51.5303 0.1624
51.536 0.1625
51.5417 0.1626
51.5474 0.1627
51.5531 0.1628
51.5588 0.1629
51.5645 0.163
51.5702 0.1631
51.5759 0.1632
51.5817 0.1633
51.5874 0.1634
51.5931 0.1635
51.5988 0.1636
51.6045 0.1637
51.6102 0.1638
51.6159 0.1639
51.6217 0.164
51.6274 0.1641
51.6331 0.1642
51.6388 0.1643
51.6444 0.1644
51.6501 0.1645
51.6558 0.1646
51.6615 0.1647
51.6672 0.1648
51.6729 0.1649
51.6786 0.165
51.6843 0.1651
51.6899 0.1652
51.6956 0.1653
51.7013 0.1654
51.7069 0.1655
51.7126 0.1656
51.7182 0.1657
51.7239 0.1658
51.7295 0.1659
51.7351 0.166
51.7408 0.1661
51.7463 0.1662
51.7517 0.1663
51.7572 0.1664
51.7627 0.1665
51.7681 0.1666
51.7736 0.1667
51.779 0.1668
51.7845 0.1669
51.79 0.167
51.7954 0.1671
51.8009 0.1672
51.8063 0.1673
51.8118 0.1674
51.8172 0.1675
51.8227 0.1676
51.8281 0.1677
51.8336 0.1678
51.839 0.1679
51.8445 0.168
51.8499 0.1681
51.8553 0.1682
51.8608 0.1683
51.8662 0.1684
51.8716 0.1685
51.877 0.1686
51.8825 0.1687
51.8879 0.1688
51.8933 0.1689
51.8987 0.169
51.9041 0.1691
51.9095 0.1692
51.9148 0.1693
51.9202 0.1694
51.9255 0.1695
51.9308 0.1696
51.9361 0.1697
51.9413 0.1698
51.9466 0.1699
51.9518 0.17
51.957 0.1701
51.9623 0.1702
51.9675 0.1703
51.9729 0.1704
51.9782 0.1705
51.9835 0.1706
51.9888 0.1707
51.9941 0.1708
51.9994 0.1709
52.0047 0.171
52.01 0.1711
52.0153 0.1712
52.0205 0.1713
52.0258 0.1714
52.031 0.1715
52.0362 0.1716
52.0414 0.1717
52.0466 0.1718
52.0518 0.1719
52.057 0.172
52.0622 0.1721
52.0674 0.1722
52.0725 0.1723
52.0777 0.1724
52.0829 0.1725
52.0881 0.1726
52.0933 0.1727
52.0984 0.1728
52.1036 0.1729
52.1087 0.173
52.1139 0.1731
52.1191 0.1732
52.1243 0.1733
52.1294 0.1734
52.1346 0.1735
52.1397 0.1736
52.1448 0.1737
52.15 0.1738
52.1551 0.1739
52.1602 0.174
52.1653 0.1741
52.1704 0.1742
52.1755 0.1743
52.1806 0.1744
52.1856 0.1745
52.1907 0.1746
52.1957 0.1747
52.2007 0.1748
52.2058 0.1749
52.2108 0.175
52.2158 0.1751
52.2208 0.1752
52.2258 0.1753
52.2308 0.1754
52.2358 0.1755
52.2407 0.1756
52.2457 0.1757
52.2507 0.1758
52.2556 0.1759
52.2606 0.176
52.2655 0.1761
52.2705 0.1762
52.2754 0.1763
52.2803 0.1764
52.2852 0.1765
52.2901 0.1766
52.295 0.1767
52.2999 0.1768
52.3048 0.1769
52.3096 0.177
52.3145 0.1771
52.3193 0.1772
52.3241 0.1773
52.3289 0.1774
52.3336 0.1775
52.3383 0.1776
52.343 0.1777
52.3477 0.1778
52.3525 0.1779
52.3572 0.178
52.3619 0.1781
52.3666 0.1782
52.3713 0.1783
52.376 0.1784
52.3807 0.1785
52.3854 0.1786
52.39 0.1787
52.3947 0.1788
52.3993 0.1789
52.4039 0.179
52.4084 0.1791
52.413 0.1792
52.4175 0.1793
52.4219 0.1794
52.4263 0.1795
52.4307 0.1796
52.4351 0.1797
52.4395 0.1798
52.4439 0.1799
52.4482 0.18
52.4525 0.1801
52.4568 0.1802
52.4611 0.1803
52.4653 0.1804
52.4696 0.1805
52.4736 0.1806
52.4776 0.1807
52.4816 0.1808
52.4856 0.1809
52.4896 0.181
52.4935 0.1811
52.4974 0.1812
52.5012 0.1813
52.5051 0.1814
52.509 0.1815
52.5128 0.1816
52.5166 0.1817
52.5204 0.1818
52.5242 0.1819
52.528 0.182
52.5317 0.1821
52.5355 0.1822
52.5392 0.1823
52.5429 0.1824
52.5465 0.1825
52.5502 0.1826
52.5538 0.1827
52.5574 0.1828
52.5611 0.1829
52.5647 0.183
52.5682 0.1831
52.5718 0.1832
52.5754 0.1833
52.5789 0.1834
52.5824 0.1835
52.5859 0.1836
52.5894 0.1837
52.5929 0.1838
52.5966 0.1839
52.6003 0.184
52.6039 0.1841
52.6076 0.1842
52.6112 0.1843
52.6148 0.1844
52.6185 0.1845
52.6221 0.1846
52.6257 0.1847
52.6293 0.1848
52.6328 0.1849
52.6364 0.185
52.64 0.1851
52.6435 0.1852
52.647 0.1853
52.6506 0.1854
52.6541 0.1855
52.6576 0.1856
52.661 0.1857
52.6645 0.1858
52.6679 0.1859
52.6714 0.186
52.6748 0.1861
52.6782 0.1862
52.6818 0.1863
52.6858 0.1864
52.6898 0.1865
52.6938 0.1866
52.6978 0.1867
52.7018 0.1868
52.7058 0.1869
52.7098 0.187
52.7137 0.1871
52.7177 0.1872
52.7216 0.1873
52.7255 0.1874
52.7294 0.1875
52.7332 0.1876
52.737 0.1877
52.7408 0.1878
52.7446 0.1879
52.7484 0.188
52.7522 0.1881
52.756 0.1882
52.7597 0.1883
52.7635 0.1884
52.7672 0.1885
52.7709 0.1886
52.7746 0.1887
52.7783 0.1888
52.782 0.1889
52.7857 0.189
52.7894 0.1891
52.793 0.1892
52.7967 0.1893
52.8004 0.1894
52.8041 0.1895
52.8078 0.1896
52.8115 0.1897
52.8151 0.1898
52.8188 0.1899
52.8224 0.19
52.826 0.1901
52.8296 0.1902
52.8332 0.1903
52.8368 0.1904
52.8404 0.1905
52.844 0.1906
52.8475 0.1907
52.8511 0.1908
52.8546 0.1909
52.8581 0.191
52.8617 0.1911
52.8652 0.1912
52.8687 0.1913
52.8722 0.1914
52.8757 0.1915
52.8792 0.1916
52.8827 0.1917
52.8862 0.1918
52.8897 0.1919
52.8931 0.192
52.8966 0.1921
52.9001 0.1922
52.9035 0.1923
52.9069 0.1924
52.9103 0.1925
52.9138 0.1926
52.9172 0.1927
52.9206 0.1928
52.924 0.1929
52.9273 0.193
52.9307 0.1931
52.9341 0.1932
52.9375 0.1933
52.9408 0.1934
52.9441 0.1935
52.9474 0.1936
52.9507 0.1937
52.954 0.1938
52.9573 0.1939
52.9605 0.194
52.9638 0.1941
52.9671 0.1942
52.9703 0.1943
52.9736 0.1944
52.9768 0.1945
52.98 0.1946
52.9833 0.1947
52.9865 0.1948
52.9897 0.1949
52.9929 0.195
52.9961 0.1951
52.9993 0.1952
53.0025 0.1953
53.0056 0.1954
53.0088 0.1955
53.012 0.1956
53.0151 0.1957
53.0183 0.1958
53.0214 0.1959
53.0246 0.196
53.0277 0.1961
53.0309 0.1962
53.034 0.1963
53.0372 0.1964
53.0403 0.1965
53.0433 0.1966
53.0464 0.1967
53.0495 0.1968
53.0525 0.1969
53.0556 0.197
53.0586 0.1971
53.0617 0.1972
53.0647 0.1973
53.0677 0.1974
53.0707 0.1975
53.0737 0.1976
53.0767 0.1977
53.0797 0.1978
53.0826 0.1979
53.0856 0.198
53.0885 0.1981
53.0915 0.1982
53.0945 0.1983
53.0975 0.1984
53.1004 0.1985
53.1034 0.1986
53.1064 0.1987
53.1093 0.1988
53.1123 0.1989
53.1152 0.199
53.1181 0.1991
53.1211 0.1992
53.124 0.1993
53.1269 0.1994
53.1298 0.1995
53.1327 0.1996
53.1356 0.1997
53.1385 0.1998
53.1414 0.1999
53.1443 0.2
53.1472 0.2001
53.15 0.2002
53.1529 0.2003
53.1558 0.2004
53.1586 0.2005
53.1615 0.2006
53.1643 0.2007
53.1671 0.2008
53.17 0.2009
53.1728 0.201
53.1756 0.2011
53.1784 0.2012
53.1812 0.2013
53.184 0.2014
53.1868 0.2015
53.1897 0.2016
53.1926 0.2017
53.1954 0.2018
53.1983 0.2019
53.2012 0.202
53.2041 0.2021
53.2069 0.2022
53.2098 0.2023
53.2127 0.2024
53.2155 0.2025
53.2184 0.2026
53.2212 0.2027
53.2241 0.2028
53.2269 0.2029
53.2297 0.203
53.2325 0.2031
53.2353 0.2032
53.2381 0.2033
53.2409 0.2034
53.2437 0.2035
53.2464 0.2036
53.2491 0.2037
53.2518 0.2038
53.2545 0.2039
53.2573 0.204
53.26 0.2041
53.2628 0.2042
53.2656 0.2043
53.2684 0.2044
53.2712 0.2045
53.2739 0.2046
53.2766 0.2047
53.2793 0.2048
53.282 0.2049
53.2847 0.205
53.2874 0.2051
53.2901 0.2052
53.2928 0.2053
53.2955 0.2054
53.2982 0.2055
53.3009 0.2056
53.3036 0.2057
53.3063 0.2058
53.3089 0.2059
53.3116 0.206
53.3143 0.2061
53.3169 0.2062
53.3196 0.2063
53.3222 0.2064
53.3248 0.2065
53.3275 0.2066
53.3301 0.2067
53.3327 0.2068
53.3353 0.2069
53.3379 0.207
53.3405 0.2071
53.3431 0.2072
53.3457 0.2073
53.3482 0.2074
53.3508 0.2075
53.3534 0.2076
53.3559 0.2077
53.3585 0.2078
53.361 0.2079
53.3635 0.208
53.3661 0.2081
53.3686 0.2082
53.3711 0.2083
53.3736 0.2084
53.3761 0.2085
53.3786 0.2086
53.3811 0.2087
53.3835 0.2088
53.386 0.2089
53.3885 0.209
53.391 0.2091
53.3934 0.2092
53.3959 0.2093
53.3983 0.2094
53.4007 0.2095
53.4031 0.2096
53.4055 0.2097
53.4078 0.2098
53.4102 0.2099
53.4126 0.21
53.4149 0.2101
53.4173 0.2102
53.4196 0.2103
53.4219 0.2104
53.4242 0.2105
53.4265 0.2106
53.4287 0.2107
53.431 0.2108
53.4333 0.2109
53.4356 0.211
53.4379 0.2111
53.4402 0.2112
53.4425 0.2113
53.4448 0.2114
53.4471 0.2115
53.4494 0.2116
53.4516 0.2117
53.4539 0.2118
53.4562 0.2119
53.4584 0.212
53.4607 0.2121
53.4629 0.2122
53.4651 0.2123
53.4674 0.2124
53.4696 0.2125
53.4718 0.2126
53.474 0.2127
53.4762 0.2128
53.4784 0.2129
53.4806 0.213
53.4827 0.2131
53.4849 0.2132
53.4871 0.2133
53.4892 0.2134
53.4914 0.2135
53.4935 0.2136
53.4956 0.2137
53.4977 0.2138
53.4999 0.2139
53.502 0.214
53.5041 0.2141
53.5062 0.2142
53.5083 0.2143
53.5103 0.2144
53.5124 0.2145
53.5145 0.2146
53.5165 0.2147
53.5185 0.2148
53.5206 0.2149
53.5226 0.215
53.5247 0.2151
53.5267 0.2152
53.5287 0.2153
53.5308 0.2154
53.5328 0.2155
53.5348 0.2156
53.5368 0.2157
53.5388 0.2158
53.5407 0.2159
53.5427 0.216
53.5447 0.2161
53.5466 0.2162
53.5486 0.2163
53.5506 0.2164
53.5525 0.2165
53.5545 0.2166
53.5564 0.2167
53.5585 0.2168
53.5605 0.2169
53.5625 0.217
53.5645 0.2171
53.5665 0.2172
53.5685 0.2173
53.5705 0.2174
53.5725 0.2175
53.5745 0.2176
53.5765 0.2177
53.5784 0.2178
53.5804 0.2179
53.5823 0.218
53.5843 0.2181
53.5862 0.2182
53.5881 0.2183
53.59 0.2184
53.5919 0.2185
53.5937 0.2186
53.5955 0.2187
53.5973 0.2188
53.5991 0.2189
53.6009 0.219
53.6027 0.2191
53.6045 0.2192
53.6063 0.2193
53.6081 0.2194
53.6099 0.2195
53.6117 0.2196
53.6135 0.2197
53.6152 0.2198
53.617 0.2199
53.6188 0.22
53.6206 0.2201
53.6223 0.2202
53.6241 0.2203
53.6258 0.2204
53.6276 0.2205
53.6294 0.2206
53.6311 0.2207
53.6329 0.2208
53.6346 0.2209
53.6364 0.221
53.6381 0.2211
53.6399 0.2212
53.6416 0.2213
53.6433 0.2214
53.6451 0.2215
53.6468 0.2216
53.6485 0.2217
53.6502 0.2218
53.6519 0.2219
53.6536 0.222
53.6554 0.2221
53.6571 0.2222
53.6588 0.2223
53.6604 0.2224
53.6621 0.2225
53.6638 0.2226
53.6655 0.2227
53.6672 0.2228
53.6689 0.2229
53.6706 0.223
53.6722 0.2231
53.6739 0.2232
53.6755 0.2233
53.6772 0.2234
53.6789 0.2235
53.6805 0.2236
53.6822 0.2237
53.6838 0.2238
53.6854 0.2239
53.6871 0.224
53.6887 0.2241
53.6903 0.2242
53.6919 0.2243
53.6933 0.2244
53.6949 0.2245
53.6965 0.2246
53.6982 0.2247
53.6998 0.2248
53.7015 0.2249
53.7031 0.225
53.7047 0.2251
53.7064 0.2252
53.708 0.2253
53.7097 0.2254
53.7114 0.2255
53.713 0.2256
53.7147 0.2257
53.7164 0.2258
53.7181 0.2259
53.7197 0.226
53.7214 0.2261
53.723 0.2262
53.7247 0.2263
53.7264 0.2264
53.728 0.2265
53.7296 0.2266
53.7313 0.2267
53.7329 0.2268
53.7346 0.2269
53.7362 0.227
53.7379 0.2271
53.7395 0.2272
53.7412 0.2273
53.7428 0.2274
53.7445 0.2275
53.7461 0.2276
53.7477 0.2277
53.7493 0.2278
53.7509 0.2279
53.7525 0.228
53.7541 0.2281
53.7557 0.2282
53.7572 0.2283
53.7588 0.2284
53.7604 0.2285
53.7619 0.2286
53.7633 0.2287
53.7647 0.2288
53.766 0.2289
53.7674 0.229
53.7688 0.2291
53.7701 0.2292
53.7715 0.2293
53.7728 0.2294
53.7742 0.2295
53.7755 0.2296
53.7769 0.2297
53.7782 0.2298
53.7796 0.2299
53.7809 0.23
53.7823 0.2301
53.7836 0.2302
53.7849 0.2303
53.7863 0.2304
53.7876 0.2305
53.7889 0.2306
53.7902 0.2307
53.7915 0.2308
53.7929 0.2309
53.7942 0.231
53.7955 0.2311
53.7968 0.2312
53.7981 0.2313
53.7994 0.2314
53.8006 0.2315
53.8019 0.2316
53.8032 0.2317
53.8045 0.2318
53.8057 0.2319
53.807 0.232
53.8083 0.2321
53.8095 0.2322
53.8108 0.2323
53.8121 0.2324
53.8133 0.2325
53.8146 0.2326
53.8159 0.2327
53.8172 0.2328
53.8185 0.2329
53.8199 0.233
53.8212 0.2331
53.8225 0.2332
53.8239 0.2333
53.8252 0.2334
53.8265 0.2335
53.8277 0.2336
53.8289 0.2337
53.83 0.2338
53.8312 0.2339
53.8323 0.234
53.8334 0.2341
53.8345 0.2342
53.8356 0.2343
53.8367 0.2344
53.8378 0.2345
53.8389 0.2346
53.84 0.2347
53.8411 0.2348
53.8422 0.2349
53.8433 0.235
53.8444 0.2351
53.8455 0.2352
53.8466 0.2353
53.8477 0.2354
53.8488 0.2355
53.8498 0.2356
53.8509 0.2357
53.852 0.2358
53.853 0.2359
53.8541 0.236
53.8551 0.2361
53.8562 0.2362
53.8572 0.2363
53.8582 0.2364
53.8592 0.2365
53.8602 0.2366
53.8612 0.2367
53.8622 0.2368
53.8632 0.2369
53.8642 0.237
53.8652 0.2371
53.8662 0.2372
53.8672 0.2373
53.8682 0.2374
53.8692 0.2375
53.8702 0.2376
53.8711 0.2377
53.8721 0.2378
53.8731 0.2379
53.8741 0.238
53.8751 0.2381
53.8761 0.2382
53.877 0.2383
53.878 0.2384
53.879 0.2385
53.88 0.2386
53.881 0.2387
53.8819 0.2388
53.8829 0.2389
53.8839 0.239
53.8849 0.2391
53.8858 0.2392
53.8868 0.2393
53.8878 0.2394
53.8888 0.2395
53.8898 0.2396
53.8908 0.2397
53.8918 0.2398
53.8928 0.2399
53.8938 0.24
53.8948 0.2401
53.8958 0.2402
53.8968 0.2403
53.8977 0.2404
53.8987 0.2405
53.8997 0.2406
53.9006 0.2407
53.9016 0.2408
53.9026 0.2409
53.9035 0.241
53.9045 0.2411
53.9054 0.2412
53.9064 0.2413
53.9074 0.2414
53.9083 0.2415
53.9093 0.2416
53.9102 0.2417
53.9112 0.2418
53.9121 0.2419
53.9131 0.242
53.914 0.2421
53.9149 0.2422
53.9159 0.2423
53.9168 0.2424
53.9178 0.2425
53.9189 0.2426
53.9199 0.2427
53.921 0.2428
53.922 0.2429
53.923 0.243
53.9241 0.2431
53.9251 0.2432
53.9262 0.2433
53.9272 0.2434
53.9282 0.2435
53.9293 0.2436
53.9303 0.2437
53.9314 0.2438
53.9324 0.2439
53.9334 0.244
53.9345 0.2441
53.9355 0.2442
53.9366 0.2443
53.9376 0.2444
53.9387 0.2445
53.9397 0.2446
53.9407 0.2447
53.9417 0.2448
53.9428 0.2449
53.9438 0.245
53.9448 0.2451
53.9458 0.2452
53.9468 0.2453
53.9479 0.2454
53.9489 0.2455
53.9499 0.2456
53.9509 0.2457
53.9519 0.2458
53.9529 0.2459
53.954 0.246
53.955 0.2461
53.956 0.2462
53.957 0.2463
53.958 0.2464
53.959 0.2465
53.96 0.2466
53.961 0.2467
53.962 0.2468
53.963 0.2469
53.964 0.247
53.965 0.2471
53.966 0.2472
53.967 0.2473
53.968 0.2474
53.969 0.2475
53.97 0.2476
53.971 0.2477
53.972 0.2478
53.973 0.2479
53.9739 0.248
53.9749 0.2481
53.9759 0.2482
53.9769 0.2483
53.9779 0.2484
53.9789 0.2485
53.9799 0.2486
53.9809 0.2487
53.9819 0.2488
53.9829 0.2489
53.9839 0.249
53.9849 0.2491
53.9859 0.2492
53.9869 0.2493
53.9879 0.2494
53.9889 0.2495
53.9898 0.2496
53.9908 0.2497
53.9918 0.2498
53.9928 0.2499
53.9938 0.25
53.9948 0.2501
53.9958 0.2502
53.9968 0.2503
53.9978 0.2504
53.9988 0.2505
53.9998 0.2506
54.0008 0.2507
54.0018 0.2508
54.0028 0.2509
54.0038 0.251
54.0048 0.2511
54.0057 0.2512
54.0067 0.2513
54.0077 0.2514
54.0087 0.2515
54.0097 0.2516
54.0107 0.2517
54.0117 0.2518
54.0127 0.2519
54.0137 0.252
54.0146 0.2521
54.0156 0.2522
54.0166 0.2523
54.0176 0.2524
54.0186 0.2525
54.0196 0.2526
54.0205 0.2527
54.0215 0.2528
54.0225 0.2529
54.0235 0.253
54.0244 0.2531
54.0254 0.2532
54.0264 0.2533
54.0274 0.2534
54.0283 0.2535
54.0293 0.2536
54.0302 0.2537
54.0312 0.2538
54.0322 0.2539
54.0332 0.254
54.0342 0.2541
54.0352 0.2542
54.0363 0.2543
54.0373 0.2544
54.0383 0.2545
54.0393 0.2546
54.0404 0.2547
54.0414 0.2548
54.0424 0.2549
54.0434 0.255
54.0444 0.2551
54.0454 0.2552
54.0464 0.2553
54.0474 0.2554
54.0484 0.2555
54.0495 0.2556
54.0505 0.2557
54.0515 0.2558
54.0525 0.2559
54.0535 0.256
54.0544 0.2561
54.0554 0.2562
54.0564 0.2563
54.0574 0.2564
54.0584 0.2565
54.0594 0.2566
54.0603 0.2567
54.0613 0.2568
54.0622 0.2569
54.0631 0.257
54.064 0.2571
54.0647 0.2572
54.063 0.2573
54.0619 0.2574
54.0599 0.2575
54.0579 0.2576
54.0559 0.2577
54.0539 0.2578
54.0519 0.2579
54.0499 0.258
54.0479 0.2581
54.0459 0.2582
54.0439 0.2583
54.0419 0.2584
54.0398 0.2585
54.0378 0.2586
54.0358 0.2587
54.0337 0.2588
54.0317 0.2589
54.0297 0.259
54.0277 0.2591
54.0256 0.2592
54.0236 0.2593
54.0216 0.2594
54.0195 0.2595
54.0175 0.2596
54.0155 0.2597
54.0135 0.2598
54.0136 0.2599
54.0231 0.26
54.0326 0.2601
54.0421 0.2602
54.0516 0.2603
54.0582 0.2604
54.0591 0.2605
54.06 0.2606
54.0609 0.2607
54.0618 0.2608
54.0627 0.2609
54.0636 0.261
54.0645 0.2611
54.0654 0.2612
54.0663 0.2613
54.0672 0.2614
54.0681 0.2615
54.069 0.2616
54.0699 0.2617
54.0707 0.2618
54.0716 0.2619
54.0725 0.262
54.0733 0.2621
54.0742 0.2622
54.075 0.2623
54.0759 0.2624
54.0768 0.2625
54.0776 0.2626
54.0785 0.2627
54.0793 0.2628
54.0802 0.2629
54.081 0.263
54.0819 0.2631
54.0827 0.2632
54.0836 0.2633
54.0844 0.2634
54.0853 0.2635
54.0861 0.2636
54.087 0.2637
54.0878 0.2638
54.0887 0.2639
54.0895 0.264
54.0903 0.2641
54.0912 0.2642
54.092 0.2643
54.0928 0.2644
54.0937 0.2645
54.0945 0.2646
54.0953 0.2647
54.0962 0.2648
54.097 0.2649
54.0978 0.265
54.0986 0.2651
54.0994 0.2652
54.1002 0.2653
54.101 0.2654
54.1018 0.2655
54.1026 0.2656
54.1034 0.2657
54.1042 0.2658
54.105 0.2659
54.1058 0.266
54.1065 0.2661
54.1073 0.2662
54.1081 0.2663
54.1089 0.2664
54.1097 0.2665
54.1105 0.2666
54.1113 0.2667
54.112 0.2668
54.1128 0.2669
54.1136 0.267
54.1144 0.2671
54.1152 0.2672
54.1159 0.2673
54.1167 0.2674
54.1175 0.2675
54.1183 0.2676
54.1191 0.2677
54.1198 0.2678
54.1206 0.2679
54.1214 0.268
54.1222 0.2681
54.1232 0.2682
54.1246 0.2683
54.126 0.2684
54.1274 0.2685
54.1287 0.2686
54.1301 0.2687
54.1315 0.2688
54.1328 0.2689
54.1342 0.269
54.1355 0.2691
54.1369 0.2692
54.1383 0.2693
54.1397 0.2694
54.1411 0.2695
54.1425 0.2696
54.1439 0.2697
54.1453 0.2698
54.1467 0.2699
54.1481 0.27
54.1495 0.2701
54.1509 0.2702
54.1523 0.2703
54.1537 0.2704
54.1551 0.2705
54.1565 0.2706
54.1579 0.2707
54.1593 0.2708
54.1607 0.2709
54.162 0.271
54.1634 0.2711
54.1648 0.2712
54.1662 0.2713
54.1676 0.2714
54.169 0.2715
54.1704 0.2716
54.1718 0.2717
54.1731 0.2718
54.1745 0.2719
54.1759 0.272
54.1773 0.2721
54.1787 0.2722
54.18 0.2723
54.1814 0.2724
54.1828 0.2725
54.1842 0.2726
54.1855 0.2727
54.1869 0.2728
54.1883 0.2729
54.1896 0.273
54.191 0.2731
54.1924 0.2732
54.1937 0.2733
54.1951 0.2734
54.1965 0.2735
54.1979 0.2736
54.1992 0.2737
54.2006 0.2738
54.202 0.2739
54.2033 0.274
54.2047 0.2741
54.2061 0.2742
54.2074 0.2743
54.2088 0.2744
54.2102 0.2745
54.2115 0.2746
54.2129 0.2747
54.2142 0.2748
54.2156 0.2749
54.2169 0.275
54.2182 0.2751
54.2196 0.2752
54.2209 0.2753
54.2222 0.2754
54.2235 0.2755
54.2248 0.2756
54.2261 0.2757
54.2273 0.2758
54.2286 0.2759
54.2299 0.276
54.2312 0.2761
54.2325 0.2762
54.2337 0.2763
54.235 0.2764
54.2363 0.2765
54.2376 0.2766
54.2389 0.2767
54.2401 0.2768
54.2414 0.2769
54.2427 0.277
54.2439 0.2771
54.2452 0.2772
54.2465 0.2773
54.2478 0.2774
54.249 0.2775
54.2503 0.2776
54.2516 0.2777
54.2528 0.2778
54.2541 0.2779
54.2554 0.278
54.2566 0.2781
54.2579 0.2782
54.2591 0.2783
54.2604 0.2784
54.2617 0.2785
54.2629 0.2786
54.2642 0.2787
54.2654 0.2788
54.2667 0.2789
54.268 0.279
54.2692 0.2791
54.2705 0.2792
54.2717 0.2793
54.273 0.2794
54.2742 0.2795
54.2755 0.2796
54.2767 0.2797
54.278 0.2798
54.2792 0.2799
54.2805 0.28
54.2817 0.2801
54.283 0.2802
54.2842 0.2803
54.2855 0.2804
54.2867 0.2805
54.288 0.2806
54.2892 0.2807
54.2905 0.2808
54.2917 0.2809
54.293 0.281
54.2942 0.2811
54.2955 0.2812
54.2967 0.2813
54.298 0.2814
54.2992 0.2815
54.3005 0.2816
54.3017 0.2817
54.303 0.2818
54.3042 0.2819
54.3055 0.282
54.3067 0.2821
54.308 0.2822
54.3092 0.2823
54.3104 0.2824
54.3116 0.2825
54.3129 0.2826
54.3141 0.2827
54.3153 0.2828
54.3166 0.2829
54.3178 0.283
54.319 0.2831
54.3202 0.2832
54.3215 0.2833
54.3227 0.2834
54.3239 0.2835
54.3251 0.2836
54.3263 0.2837
54.3276 0.2838
54.3288 0.2839
54.33 0.284
54.3312 0.2841
54.3324 0.2842
54.3337 0.2843
54.3349 0.2844
54.3361 0.2845
54.3373 0.2846
54.3385 0.2847
54.3397 0.2848
54.3409 0.2849
54.3421 0.285
54.3433 0.2851
54.3445 0.2852
54.3457 0.2853
54.3469 0.2854
54.3481 0.2855
54.3493 0.2856
54.3505 0.2857
54.3517 0.2858
54.3529 0.2859
54.3541 0.286
54.3553 0.2861
54.3565 0.2862
54.3577 0.2863
54.3589 0.2864
54.3601 0.2865
54.3613 0.2866
54.3629 0.2867
54.3645 0.2868
54.3661 0.2869
54.3677 0.287
54.3693 0.2871
54.3709 0.2872
54.3725 0.2873
54.3741 0.2874
54.3757 0.2875
54.3773 0.2876
54.3789 0.2877
54.3805 0.2878
54.3821 0.2879
54.3836 0.288
54.3852 0.2881
54.3868 0.2882
54.3884 0.2883
54.39 0.2884
54.3916 0.2885
54.3932 0.2886
54.3947 0.2887
54.3963 0.2888
54.3979 0.2889
54.3995 0.289
54.4011 0.2891
54.4026 0.2892
54.4042 0.2893
54.4058 0.2894
54.4074 0.2895
54.4089 0.2896
54.4105 0.2897
54.4121 0.2898
54.4136 0.2899
54.4152 0.29
54.4168 0.2901
54.4183 0.2902
54.4199 0.2903
54.4215 0.2904
54.423 0.2905
54.4246 0.2906
54.4261 0.2907
54.4277 0.2908
54.4292 0.2909
54.4307 0.291
54.4323 0.2911
54.4338 0.2912
54.4354 0.2913
54.4369 0.2914
54.4385 0.2915
54.44 0.2916
54.4415 0.2917
54.4431 0.2918
54.4446 0.2919
54.4461 0.292
54.4476 0.2921
54.4491 0.2922
54.4506 0.2923
54.4522 0.2924
54.4537 0.2925
54.4552 0.2926
54.4567 0.2927
54.4582 0.2928
54.4597 0.2929
54.4612 0.293
54.4627 0.2931
54.4642 0.2932
54.4657 0.2933
54.4672 0.2934
54.4687 0.2935
54.4701 0.2936
54.4716 0.2937
54.4731 0.2938
54.4746 0.2939
54.4761 0.294
54.4776 0.2941
54.4791 0.2942
54.4806 0.2943
54.4821 0.2944
54.4835 0.2945
54.485 0.2946
54.4865 0.2947
54.488 0.2948
54.4895 0.2949
54.491 0.295
54.4925 0.2951
54.4939 0.2952
54.4954 0.2953
54.4969 0.2954
54.4983 0.2955
54.4998 0.2956
54.5013 0.2957
54.5028 0.2958
54.5042 0.2959
54.5057 0.296
54.5072 0.2961
54.5086 0.2962
54.5101 0.2963
54.5116 0.2964
54.5133 0.2965
54.5151 0.2966
54.5168 0.2967
54.5185 0.2968
54.5202 0.2969
54.5219 0.297
54.5236 0.2971
54.5253 0.2972
54.5271 0.2973
54.5289 0.2974
54.5307 0.2975
54.5325 0.2976
54.5342 0.2977
54.536 0.2978
54.5378 0.2979
54.5396 0.298
54.5414 0.2981
54.5432 0.2982
54.5449 0.2983
54.5467 0.2984
54.5485 0.2985
54.5503 0.2986
54.552 0.2987
54.5538 0.2988
54.5556 0.2989
54.5573 0.299
54.5591 0.2991
54.5609 0.2992
54.5626 0.2993
54.5644 0.2994
54.5662 0.2995
54.5679 0.2996
54.5697 0.2997
54.5714 0.2998
54.5732 0.2999
54.5749 0.3
54.5767 0.3001
54.5784 0.3002
54.5802 0.3003
54.5819 0.3004
54.5836 0.3005
54.5854 0.3006
54.5871 0.3007
54.5889 0.3008
54.5906 0.3009
54.5923 0.301
54.5941 0.3011
54.5958 0.3012
54.5975 0.3013
54.5993 0.3014
54.601 0.3015
54.6027 0.3016
54.6044 0.3017
54.6062 0.3018
54.6079 0.3019
54.6096 0.302
54.6113 0.3021
54.613 0.3022
54.6147 0.3023
54.6164 0.3024
54.6182 0.3025
54.6199 0.3026
54.6216 0.3027
54.6233 0.3028
54.625 0.3029
54.6267 0.303
54.6284 0.3031
54.6301 0.3032
54.6318 0.3033
54.6334 0.3034
54.6351 0.3035
54.6368 0.3036
54.6385 0.3037
54.6402 0.3038
54.6419 0.3039
54.6435 0.304
54.6452 0.3041
54.6469 0.3042
54.6486 0.3043
54.6502 0.3044
54.6519 0.3045
54.6536 0.3046
54.6552 0.3047
54.6569 0.3048
54.6586 0.3049
54.6602 0.305
54.6619 0.3051
54.6635 0.3052
54.6652 0.3053
54.6668 0.3054
54.6685 0.3055
54.6701 0.3056
54.6718 0.3057
54.6734 0.3058
54.6751 0.3059
54.6767 0.306
54.6783 0.3061
54.68 0.3062
54.6816 0.3063
54.6832 0.3064
54.6849 0.3065
54.6865 0.3066
54.6881 0.3067
54.6897 0.3068
54.6913 0.3069
54.693 0.307
54.6946 0.3071
54.6962 0.3072
54.6978 0.3073
54.6994 0.3074
54.701 0.3075
54.7026 0.3076
54.7042 0.3077
54.7058 0.3078
54.7074 0.3079
54.709 0.308
54.7106 0.3081
54.7122 0.3082
54.7138 0.3083
54.7154 0.3084
54.7169 0.3085
54.7185 0.3086
54.7201 0.3087
54.7217 0.3088
54.7232 0.3089
54.7248 0.309
54.7264 0.3091
54.7279 0.3092
54.7295 0.3093
54.7311 0.3094
54.7326 0.3095
54.7342 0.3096
54.7357 0.3097
54.7373 0.3098
54.7388 0.3099
54.7404 0.31
54.7419 0.3101
54.7434 0.3102
54.745 0.3103
54.7465 0.3104
54.7481 0.3105
54.7496 0.3106
54.7511 0.3107
54.7527 0.3108
54.7542 0.3109
54.7558 0.311
54.7573 0.3111
54.7588 0.3112
54.7604 0.3113
54.7619 0.3114
54.7635 0.3115
54.765 0.3116
54.7665 0.3117
54.768 0.3118
54.7696 0.3119
54.7711 0.312
54.7726 0.3121
54.7741 0.3122
54.7756 0.3123
54.7771 0.3124
54.7787 0.3125
54.7802 0.3126
54.7817 0.3127
54.7832 0.3128
54.7847 0.3129
54.7862 0.313
54.7877 0.3131
54.7892 0.3132
54.7906 0.3133
54.7921 0.3134
54.7936 0.3135
54.7951 0.3136
54.7966 0.3137
54.7983 0.3138
54.8 0.3139
54.8017 0.314
54.8034 0.3141
54.8051 0.3142
54.8068 0.3143
54.8085 0.3144
54.8101 0.3145
54.8118 0.3146
54.8134 0.3147
54.8151 0.3148
54.8168 0.3149
54.8184 0.315
54.82 0.3151
54.8217 0.3152
54.8233 0.3153
54.825 0.3154
54.8266 0.3155
54.8282 0.3156
54.8298 0.3157
54.8315 0.3158
54.8332 0.3159
54.8348 0.316
54.8365 0.3161
54.8381 0.3162
54.8398 0.3163
54.8414 0.3164
54.8431 0.3165
54.8447 0.3166
54.8463 0.3167
54.848 0.3168
54.8496 0.3169
54.8512 0.317
54.8528 0.3171
54.8544 0.3172
54.856 0.3173
54.8576 0.3174
54.8592 0.3175
54.8608 0.3176
54.8624 0.3177
54.864 0.3178
54.8655 0.3179
54.8671 0.318
54.8687 0.3181
54.8702 0.3182
54.8718 0.3183
54.8733 0.3184
54.8749 0.3185
54.8764 0.3186
54.878 0.3187
54.8795 0.3188
54.8811 0.3189
54.8828 0.319
54.8845 0.3191
54.8862 0.3192
54.8878 0.3193
54.8895 0.3194
54.8911 0.3195
54.8927 0.3196
54.8943 0.3197
54.896 0.3198
54.8976 0.3199
54.8993 0.32
54.9009 0.3201
54.9025 0.3202
54.9041 0.3203
54.9057 0.3204
54.9073 0.3205
54.9089 0.3206
54.9104 0.3207
54.912 0.3208
54.9135 0.3209
54.9149 0.321
54.9164 0.3211
54.9178 0.3212
54.9191 0.3213
54.9203 0.3214
54.9214 0.3215
54.9222 0.3216
54.9227 0.3217
54.9228 0.3218
54.9225 0.3219
54.9217 0.322
54.9206 0.3221
54.9189 0.3222
54.9167 0.3223
54.9135 0.3224
54.9087 0.3225
54.904 0.3226
54.8992 0.3227
54.8944 0.3228
54.8897 0.3229
54.8849 0.323
54.8801 0.3231
54.876 0.3232
54.885 0.3233
54.894 0.3234
54.9029 0.3235
54.9117 0.3236
54.9206 0.3237
54.9294 0.3238
54.9382 0.3239
54.9436 0.324
54.9456 0.3241
54.9474 0.3242
54.9493 0.3243
54.9511 0.3244
54.9529 0.3245
54.9547 0.3246
54.9565 0.3247
54.9583 0.3248
54.96 0.3249
54.9618 0.325
54.9635 0.3251
54.9653 0.3252
54.9669 0.3253
54.9686 0.3254
54.9702 0.3255
54.9718 0.3256
54.9735 0.3257
54.9751 0.3258
54.9767 0.3259
54.9783 0.326
54.9799 0.3261
54.9815 0.3262
54.9831 0.3263
54.9847 0.3264
54.9863 0.3265
54.9879 0.3266
54.9895 0.3267
54.991 0.3268
54.9926 0.3269
54.9942 0.327
54.9958 0.3271
54.9973 0.3272
54.9989 0.3273
55.0004 0.3274
55.002 0.3275
55.0036 0.3276
55.0051 0.3277
55.0066 0.3278
55.0082 0.3279
55.0097 0.328
55.0113 0.3281
55.0128 0.3282
55.0144 0.3283
55.0159 0.3284
55.0174 0.3285
55.019 0.3286
55.0205 0.3287
55.022 0.3288
55.0236 0.3289
55.0251 0.329
55.0266 0.3291
55.0281 0.3292
55.0296 0.3293
55.0311 0.3294
55.0326 0.3295
55.0341 0.3296
55.0355 0.3297
55.037 0.3298
55.0385 0.3299
55.04 0.33
55.0414 0.3301
55.0429 0.3302
55.0444 0.3303
55.0459 0.3304
55.0474 0.3305
55.0489 0.3306
55.0504 0.3307
55.0519 0.3308
55.0534 0.3309
55.0549 0.331
55.0563 0.3311
55.0578 0.3312
55.0593 0.3313
55.0608 0.3314
55.0622 0.3315
55.0637 0.3316
55.0651 0.3317
55.0666 0.3318
55.068 0.3319
55.0695 0.332
55.0709 0.3321
55.0724 0.3322
55.0738 0.3323
55.0752 0.3324
55.0767 0.3325
55.0781 0.3326
55.0795 0.3327
55.081 0.3328
55.0824 0.3329
55.0838 0.333
55.0852 0.3331
55.0866 0.3332
55.088 0.3333
55.0894 0.3334
55.0908 0.3335
55.0922 0.3336
55.0936 0.3337
55.095 0.3338
55.0963 0.3339
55.0977 0.334
55.0991 0.3341
55.1005 0.3342
55.1018 0.3343
55.1032 0.3344
55.1045 0.3345
55.1059 0.3346
55.1072 0.3347
55.1086 0.3348
55.1099 0.3349
55.1113 0.335
55.1126 0.3351
55.1139 0.3352
55.1153 0.3353
55.1166 0.3354
55.1179 0.3355
55.1192 0.3356
55.1206 0.3357
55.1219 0.3358
55.1232 0.3359
55.1245 0.336
55.1258 0.3361
55.1271 0.3362
55.1284 0.3363
55.1297 0.3364
55.1311 0.3365
55.1324 0.3366
55.1337 0.3367
55.1351 0.3368
55.1364 0.3369
55.1377 0.337
55.139 0.3371
55.1403 0.3372
55.1416 0.3373
55.1429 0.3374
55.1442 0.3375
55.1455 0.3376
55.1468 0.3377
55.1481 0.3378
55.1493 0.3379
55.1506 0.338
55.1519 0.3381
55.1532 0.3382
55.1545 0.3383
55.1557 0.3384
55.157 0.3385
55.1583 0.3386
55.1595 0.3387
55.1608 0.3388
55.162 0.3389
55.1633 0.339
55.1645 0.3391
55.1658 0.3392
55.167 0.3393
55.1682 0.3394
55.1695 0.3395
55.1707 0.3396
55.1719 0.3397
55.1732 0.3398
55.1744 0.3399
55.1756 0.34
55.1768 0.3401
55.178 0.3402
55.1792 0.3403
55.1804 0.3404
55.1817 0.3405
55.1829 0.3406
55.1841 0.3407
55.1852 0.3408
55.1864 0.3409
55.1876 0.341
55.1888 0.3411
55.19 0.3412
55.1912 0.3413
55.1923 0.3414
55.1935 0.3415
55.1947 0.3416
55.1958 0.3417
55.197 0.3418
55.1981 0.3419
55.1993 0.342
55.2004 0.3421
55.2015 0.3422
55.2027 0.3423
55.2038 0.3424
55.2049 0.3425
55.2061 0.3426
55.2072 0.3427
55.2083 0.3428
55.2094 0.3429
55.2105 0.343
55.2117 0.3431
55.2128 0.3432
55.214 0.3433
55.2152 0.3434
55.2164 0.3435
55.2175 0.3436
55.2187 0.3437
55.2199 0.3438
55.2211 0.3439
55.2222 0.344
55.2234 0.3441
55.2246 0.3442
55.2257 0.3443
55.2269 0.3444
55.228 0.3445
55.2292 0.3446
55.2303 0.3447
55.2315 0.3448
55.2326 0.3449
55.2337 0.345
55.2349 0.3451
55.236 0.3452
55.2372 0.3453
55.2383 0.3454
55.2394 0.3455
55.2405 0.3456
55.2417 0.3457
55.2428 0.3458
55.2439 0.3459
55.245 0.346
55.2462 0.3461
55.2473 0.3462
55.2484 0.3463
55.2495 0.3464
55.2506 0.3465
55.2518 0.3466
55.2529 0.3467
55.254 0.3468
55.2551 0.3469
55.2562 0.347
55.2573 0.3471
55.2584 0.3472
55.2595 0.3473
55.2606 0.3474
55.2617 0.3475
55.2628 0.3476
55.2639 0.3477
55.265 0.3478
55.2661 0.3479
55.2672 0.348
55.2683 0.3481
55.2694 0.3482
55.2705 0.3483
55.2716 0.3484
55.2727 0.3485
55.2737 0.3486
55.2748 0.3487
55.2759 0.3488
55.277 0.3489
55.2781 0.349
55.2791 0.3491
55.2802 0.3492
55.2813 0.3493
55.2823 0.3494
55.2834 0.3495
55.2845 0.3496
55.2855 0.3497
55.2866 0.3498
55.2877 0.3499
55.2887 0.35
55.2898 0.3501
55.2908 0.3502
55.2919 0.3503
55.293 0.3504
55.294 0.3505
55.2951 0.3506
55.2962 0.3507
55.2972 0.3508
55.2982 0.3509
55.2993 0.351
55.3003 0.3511
55.3014 0.3512
55.3024 0.3513
55.3035 0.3514
55.3045 0.3515
55.3056 0.3516
55.3066 0.3517
55.3076 0.3518
55.3087 0.3519
55.3097 0.352
55.3107 0.3521
55.3118 0.3522
55.3128 0.3523
55.3138 0.3524
55.3149 0.3525
55.3159 0.3526
55.3169 0.3527
55.3179 0.3528
55.319 0.3529
55.32 0.353
55.321 0.3531
55.3221 0.3532
55.3232 0.3533
55.3244 0.3534
55.3255 0.3535
55.3266 0.3536
55.3277 0.3537
55.3288 0.3538
55.3299 0.3539
55.331 0.354
55.3321 0.3541
55.3331 0.3542
55.3343 0.3543
55.3354 0.3544
55.3365 0.3545
55.3376 0.3546
55.3387 0.3547
55.3398 0.3548
55.3408 0.3549
55.3418 0.355
55.3417 0.3551
55.3404 0.3552
55.339 0.3553
55.3375 0.3554
55.336 0.3555
55.3345 0.3556
55.333 0.3557
55.3315 0.3558
55.3299 0.3559
55.3284 0.356
55.3269 0.3561
55.3254 0.3562
55.3239 0.3563
55.3224 0.3564
55.3209 0.3565
55.3194 0.3566
55.318 0.3567
55.3166 0.3568
55.3152 0.3569
55.3138 0.357
55.3125 0.3571
55.3111 0.3572
55.3097 0.3573
55.3083 0.3574
55.3069 0.3575
55.3055 0.3576
55.3041 0.3577
55.3028 0.3578
55.3014 0.3579
55.3 0.358
55.2986 0.3581
55.2972 0.3582
55.2958 0.3583
55.2944 0.3584
55.293 0.3585
55.2916 0.3586
55.2902 0.3587
55.2888 0.3588
55.2874 0.3589
55.286 0.359
55.2846 0.3591
55.2833 0.3592
55.2819 0.3593
55.2805 0.3594
55.2792 0.3595
55.2778 0.3596
55.2764 0.3597
55.275 0.3598
55.2737 0.3599
55.2808 0.36
55.2888 0.3601
55.2968 0.3602
55.3047 0.3603
55.3127 0.3604
55.3206 0.3605
55.3286 0.3606
55.3365 0.3607
55.3445 0.3608
55.3524 0.3609
55.3602 0.361
55.3679 0.3611
55.3734 0.3612
55.3748 0.3613
55.3763 0.3614
55.3777 0.3615
55.3791 0.3616
55.3805 0.3617
55.3819 0.3618
55.3833 0.3619
55.3848 0.362
55.3861 0.3621
55.3875 0.3622
55.3889 0.3623
55.3902 0.3624
55.3916 0.3625
55.3929 0.3626
55.3942 0.3627
55.3956 0.3628
55.3969 0.3629
55.3982 0.363
55.3995 0.3631
55.4008 0.3632
55.4022 0.3633
55.4035 0.3634
55.4048 0.3635
55.4061 0.3636
55.4074 0.3637
55.4088 0.3638
55.4101 0.3639
55.4115 0.364
55.4128 0.3641
55.4142 0.3642
55.4156 0.3643
55.4169 0.3644
55.4183 0.3645
55.4197 0.3646
55.421 0.3647
55.4224 0.3648
55.4237 0.3649
55.4251 0.365
55.4264 0.3651
55.4278 0.3652
55.4291 0.3653
55.4305 0.3654
55.4318 0.3655
55.4332 0.3656
55.4345 0.3657
55.4359 0.3658
55.4372 0.3659
55.4385 0.366
55.4399 0.3661
55.4412 0.3662
55.4425 0.3663
55.4439 0.3664
55.4452 0.3665
55.4465 0.3666
55.4478 0.3667
55.4492 0.3668
55.4505 0.3669
55.4518 0.367
55.4531 0.3671
55.4544 0.3672
55.4557 0.3673
55.4569 0.3674
55.4582 0.3675
55.4595 0.3676
55.4607 0.3677
55.4619 0.3678
55.4631 0.3679
55.4644 0.368
55.4656 0.3681
55.4668 0.3682
55.468 0.3683
55.4692 0.3684
55.4705 0.3685
55.4717 0.3686
55.4729 0.3687
55.4741 0.3688
55.4753 0.3689
55.4765 0.369
55.4777 0.3691
55.4789 0.3692
55.4801 0.3693
55.4813 0.3694
55.4825 0.3695
55.4837 0.3696
55.4849 0.3697
55.4861 0.3698
55.4873 0.3699
55.4885 0.37
55.4897 0.3701
55.4909 0.3702
55.492 0.3703
55.4932 0.3704
55.4944 0.3705
55.4956 0.3706
55.4968 0.3707
55.4979 0.3708
55.4991 0.3709
55.5003 0.371
55.5014 0.3711
55.5026 0.3712
55.5038 0.3713
55.5049 0.3714
55.5061 0.3715
55.5073 0.3716
55.5084 0.3717
55.5096 0.3718
55.5107 0.3719
55.5119 0.372
55.513 0.3721
55.5141 0.3722
55.5153 0.3723
55.5164 0.3724
55.5176 0.3725
55.5187 0.3726
55.5198 0.3727
55.521 0.3728
55.5221 0.3729
55.5232 0.373
55.5244 0.3731
55.5255 0.3732
55.5266 0.3733
55.5277 0.3734
55.5289 0.3735
55.53 0.3736
55.5311 0.3737
55.5322 0.3738
55.5333 0.3739
55.5344 0.374
55.5355 0.3741
55.5366 0.3742
55.5377 0.3743
55.5388 0.3744
55.5399 0.3745
55.5411 0.3746
55.5422 0.3747
55.5433 0.3748
55.5444 0.3749
55.5455 0.375
55.5466 0.3751
55.5478 0.3752
55.5489 0.3753
55.55 0.3754
55.551 0.3755
55.5521 0.3756
55.5532 0.3757
55.5543 0.3758
55.5553 0.3759
55.5564 0.376
55.5575 0.3761
55.5587 0.3762
55.56 0.3763
55.5612 0.3764
55.5625 0.3765
55.5637 0.3766
55.565 0.3767
55.5662 0.3768
55.5675 0.3769
55.5687 0.377
55.57 0.3771
55.5712 0.3772
55.5725 0.3773
55.5737 0.3774
55.575 0.3775
55.5762 0.3776
55.5775 0.3777
55.5787 0.3778
55.5799 0.3779
55.5812 0.378
55.5824 0.3781
55.5837 0.3782
55.5849 0.3783
55.5861 0.3784
55.5874 0.3785
55.5886 0.3786
55.5898 0.3787
55.591 0.3788
55.5922 0.3789
55.5935 0.379
55.5947 0.3791
55.5959 0.3792
55.597 0.3793
55.5982 0.3794
55.5993 0.3795
55.6003 0.3796
55.6011 0.3797
55.6019 0.3798
55.6026 0.3799
55.6033 0.38
55.6041 0.3801
55.6048 0.3802
55.6055 0.3803
55.6062 0.3804
55.6069 0.3805
55.6076 0.3806
55.6084 0.3807
55.6091 0.3808
55.6098 0.3809
55.6105 0.381
55.6112 0.3811
55.6119 0.3812
55.6126 0.3813
55.6133 0.3814
55.6139 0.3815
55.6146 0.3816
55.6153 0.3817
55.616 0.3818
55.6166 0.3819
55.6172 0.382
55.6177 0.3821
55.6182 0.3822
55.6188 0.3823
55.6193 0.3824
55.6198 0.3825
55.6203 0.3826
55.6208 0.3827
55.6216 0.3828
55.6227 0.3829
55.6239 0.383
55.625 0.3831
55.6261 0.3832
55.6272 0.3833
55.6283 0.3834
55.6294 0.3835
55.6305 0.3836
55.6316 0.3837
55.6326 0.3838
55.6337 0.3839
55.6348 0.384
55.6358 0.3841
55.6369 0.3842
55.6379 0.3843
55.639 0.3844
55.6401 0.3845
55.6411 0.3846
55.6422 0.3847
55.6432 0.3848
55.6442 0.3849
55.6453 0.385
55.6463 0.3851
55.6474 0.3852
55.6484 0.3853
55.6494 0.3854
55.6505 0.3855
55.6515 0.3856
55.6526 0.3857
55.6536 0.3858
55.6546 0.3859
55.6557 0.386
55.6567 0.3861
55.6578 0.3862
55.6589 0.3863
55.66 0.3864
55.6611 0.3865
55.6622 0.3866
55.6632 0.3867
55.6643 0.3868
55.6654 0.3869
55.6665 0.387
55.6675 0.3871
55.6686 0.3872
55.6697 0.3873
55.6707 0.3874
55.6718 0.3875
55.6729 0.3876
55.6739 0.3877
55.675 0.3878
55.6761 0.3879
55.6771 0.388
55.6782 0.3881
55.6792 0.3882
55.6803 0.3883
55.6814 0.3884
55.6824 0.3885
55.6835 0.3886
55.6845 0.3887
55.6856 0.3888
55.6866 0.3889
55.6877 0.389
55.6887 0.3891
55.6898 0.3892
55.6908 0.3893
55.6918 0.3894
55.6928 0.3895
55.6939 0.3896
55.6949 0.3897
55.6959 0.3898
55.6969 0.3899
55.698 0.39
55.699 0.3901
55.7 0.3902
55.701 0.3903
55.702 0.3904
55.703 0.3905
55.7041 0.3906
55.7051 0.3907
55.7061 0.3908
55.7071 0.3909
55.7081 0.391
55.7091 0.3911
55.7101 0.3912
55.7111 0.3913
55.7121 0.3914
55.7131 0.3915
55.7141 0.3916
55.7151 0.3917
55.7161 0.3918
55.7171 0.3919
55.7181 0.392
55.7191 0.3921
55.7201 0.3922
55.7211 0.3923
55.7221 0.3924
55.7231 0.3925
55.7241 0.3926
55.7251 0.3927
55.726 0.3928
55.727 0.3929
55.728 0.393
55.729 0.3931
55.73 0.3932
55.731 0.3933
55.7319 0.3934
55.7329 0.3935
55.7339 0.3936
55.7349 0.3937
55.7358 0.3938
55.7368 0.3939
55.7378 0.394
55.7388 0.3941
55.7397 0.3942
55.7407 0.3943
55.7416 0.3944
55.7425 0.3945
55.7435 0.3946
55.7444 0.3947
55.7453 0.3948
55.7462 0.3949
55.7472 0.395
55.7481 0.3951
55.749 0.3952
55.7499 0.3953
55.7508 0.3954
55.7518 0.3955
55.7527 0.3956
55.7536 0.3957
55.7545 0.3958
55.7554 0.3959
55.7564 0.396
55.7573 0.3961
55.7582 0.3962
55.7591 0.3963
55.76 0.3964
55.7609 0.3965
55.7618 0.3966
55.7627 0.3967
55.7635 0.3968
55.7644 0.3969
55.7653 0.397
55.7662 0.3971
55.767 0.3972
55.7679 0.3973
55.7688 0.3974
55.7696 0.3975
55.7705 0.3976
55.7714 0.3977
55.7722 0.3978
55.7731 0.3979
55.774 0.398
55.7748 0.3981
55.7757 0.3982
55.7766 0.3983
55.7774 0.3984
55.7783 0.3985
55.7791 0.3986
55.78 0.3987
55.7808 0.3988
55.7817 0.3989
55.7825 0.399
55.7834 0.3991
55.7842 0.3992
55.7851 0.3993
55.7859 0.3994
55.7868 0.3995
55.7876 0.3996
55.7885 0.3997
55.7893 0.3998
55.7902 0.3999
55.791 0.4
