0 -0.00353723 -0.00630478 -0.0102413
0 -0.00355211 -0.00634188 -0.010294
0 -0.00356824 -0.00638194 -0.0103507
0 -0.00358545 -0.00642456 -0.0104109
0 -0.00360358 -0.00646927 -0.0104741
0 -0.00362242 -0.0065157 -0.0105399
0 -0.00364169 -0.00656343 -0.0106075
0 -0.00366122 -0.00661204 -0.0106765
0 -0.00368093 -0.00666111 -0.0107463
0 -0.00370061 -0.00671021 -0.0108164
0 -0.00372011 -0.00675893 -0.0108861
0 -0.00373935 -0.006807 -0.0109549
0 -0.00375804 -0.00685409 -0.0110223
0 -0.00377598 -0.00689961 -0.0110876
0 -0.00379315 -0.00694316 -0.0111504
0 -0.00380948 -0.00698472 -0.0112103
0 -0.0038249 -0.00702402 -0.0112667
0 -0.00383936 -0.0070605 -0.0113191
0 -0.00385269 -0.00709384 -0.0113671
0 -0.00386476 -0.00712403 -0.0114104
0 -0.0038756 -0.00715094 -0.0114487
0 -0.00388517 -0.00717432 -0.0114819
0 -0.0038933 -0.00719397 -0.0115094
0 -0.00389988 -0.00720979 -0.0115313
0 -0.0039049 -0.00722174 -0.0115476
0 -0.00390833 -0.00722972 -0.0115581
0 -0.00391008 -0.00723364 -0.0115629
0 -0.00391011 -0.00723342 -0.011562
0 -0.00390843 -0.00722913 -0.0115554
0 -0.00390513 -0.00722086 -0.0115435
0 -0.00390024 -0.00720871 -0.0115262
0 -0.00389382 -0.00719281 -0.0115039
0 -0.0038859 -0.00717334 -0.0114767
0 -0.00387658 -0.00715052 -0.0114448
0 -0.00386596 -0.00712459 -0.0114086
0 -0.00385417 -0.00709581 -0.0113683
0 -0.00384137 -0.00706449 -0.0113243
0 -0.00382769 -0.00703091 -0.0112771
0 -0.00381328 -0.00699535 -0.0112268
0 -0.00379824 -0.00695809 -0.011174
0 -0.00378274 -0.00691948 -0.0111193
0 -0.00376698 -0.00687998 -0.0110629
0 -0.00375114 -0.00684001 -0.0110056
0 -0.0037353 -0.00679974 -0.0109477
0 -0.00371945 -0.00675946 -0.0108897
0 -0.00370379 -0.00671961 -0.0108321
0 -0.00368856 -0.00668053 -0.0107755
0 -0.00367387 -0.00664261 -0.0107204
0 -0.00365959 -0.00660612 -0.0106672
0 -0.00364552 -0.0065709 -0.0106161
0 -0.00363168 -0.00653698 -0.0105675
0 -0.00361822 -0.00650463 -0.0105216
0 -0.00360523 -0.00647398 -0.0104786
0 -0.0035928 -0.00644508 -0.0104388
0 -0.00358111 -0.00641807 -0.0104024
0 -0.00357032 -0.00639313 -0.0103694
0 -0.00356051 -0.00637046 -0.0103398
0 -0.00355188 -0.00635039 -0.0103138
0 -0.00354482 -0.00633344 -0.0102917
0 -0.00353979 -0.0063202 -0.010274
0 -0.00353698 -0.00631117 -0.0102609
0 -0.00353637 -0.00630662 -0.0102528
0 -0.00353785 -0.00630664 -0.0102496
0 -0.00354127 -0.00631117 -0.0102518
0 -0.00354641 -0.00632009 -0.0102593
0 -0.00355306 -0.00633319 -0.0102725
0 -0.003561 -0.00635008 -0.0102914
0 -0.00357002 -0.00637034 -0.010316
0 -0.00357992 -0.00639356 -0.0103462
0 -0.00359062 -0.0064195 -0.0103819
0 -0.0036022 -0.00644807 -0.0104231
0 -0.0036147 -0.00647928 -0.0104694
0 -0.00362808 -0.0065131 -0.0105205
0 -0.00364223 -0.0065494 -0.0105757
0 -0.00365703 -0.00658805 -0.0106343
0 -0.00367225 -0.00662867 -0.0106955
0 -0.00368734 -0.0066704 -0.010758
0 -0.0037014 -0.00671175 -0.0108202
0 -0.00371371 -0.00675115 -0.0108801
0 -0.00372437 -0.00678775 -0.010937
0 -0.00373429 -0.0068217 -0.0109906
0 -0.00374482 -0.00685343 -0.0110414
0 -0.00375653 -0.00688325 -0.0110892
0 -0.00376848 -0.00691072 -0.0111325
0 -0.00377908 -0.00693483 -0.0111697
0 -0.00378764 -0.00695516 -0.0111998
0 -0.003795 -0.00697257 -0.0112235
0 -0.00380281 -0.00698876 -0.0112427
0 -0.00381212 -0.007005 -0.0112588
0 -0.0038228 -0.00702138 -0.0112724
0 -0.00383405 -0.00703746 -0.0112837
0 -0.00384503 -0.00705273 -0.0112931
0 -0.00385453 -0.00706639 -0.0113006
0 -0.00386084 -0.00707678 -0.0113054
0 -0.00386226 -0.00708178 -0.0113064
0 -0.00385845 -0.00708015 -0.0113033
0 -0.00385126 -0.00707281 -0.0112973
0 -0.00384402 -0.00706241 -0.0112912
0 -0.00383925 -0.00705162 -0.0112866
0 -0.00383724 -0.00704176 -0.0112836
0 -0.00383653 -0.00703304 -0.0112804
0 -0.00383545 -0.00702544 -0.0112757
0 -0.00383308 -0.00701903 -0.0112685
0 -0.00382908 -0.0070135 -0.0112585
0 -0.00382326 -0.00700774 -0.0112453
0 -0.00381543 -0.00699989 -0.0112284
0 -0.00380554 -0.00698791 -0.0112074
0 -0.00379363 -0.00697 -0.0111817
0 -0.00377951 -0.00694466 -0.0111506
0 -0.00376248 -0.00691064 -0.0111126
0 -0.00374145 -0.00686693 -0.0110659
0 -0.00371578 -0.00681348 -0.011009
0 -0.00368647 -0.00675204 -0.0109418
0 -0.00365615 -0.0066859 -0.0108658
0 -0.00362751 -0.00661843 -0.0107829
0 -0.00360129 -0.00655144 -0.0106935
0 -0.00357655 -0.00648533 -0.0105977
0 -0.00355297 -0.00642047 -0.0104961
0 -0.00353149 -0.00635772 -0.0103908
0 -0.00351322 -0.00629822 -0.0102852
0 -0.00349863 -0.00624294 -0.0101821
0 -0.00348732 -0.00619217 -0.0100842
0 -0.00347793 -0.00614529 -0.00999298
0 -0.00346848 -0.00610109 -0.00990932
0 -0.00345741 -0.00605887 -0.00983409
0 -0.00344458 -0.00601919 -0.00976893
0 -0.00343095 -0.00598338 -0.00971581
0 -0.00341726 -0.00595225 -0.00967567
0 -0.00340327 -0.00592552 -0.00964783
0 -0.00338881 -0.00590289 -0.00963109
0 -0.0033748 -0.00588497 -0.00962479
0 -0.00336238 -0.00587245 -0.00962805
0 -0.00335144 -0.00586467 -0.00963856
0 -0.00334076 -0.00585966 -0.00965276
0 -0.0033294 -0.00585544 -0.00966723
0 -0.00331737 -0.0058506 -0.00967942
0 -0.00330468 -0.00584359 -0.0096869
0 -0.00329056 -0.00583197 -0.00968654
0 -0.00327391 -0.00581302 -0.00967508
0 -0.00325465 -0.00578522 -0.00965045
0 -0.00323421 -0.00574901 -0.00961249
0 -0.00321465 -0.00570619 -0.00956222
0 -0.00319741 -0.00565885 -0.00950088
0 -0.00318288 -0.00560891 -0.00942956
0 -0.00317094 -0.00555828 -0.00934966
0 -0.00316183 -0.00550943 -0.00926379
0 -0.00315703 -0.00546611 -0.00917659
0 -0.00315928 -0.00543316 -0.00909471
0 -0.00317109 -0.00541526 -0.00902542
0 -0.0031924 -0.00541473 -0.00897408
0 -0.00321926 -0.00542987 -0.00894254
0 -0.00324549 -0.00545583 -0.00892998
0 -0.00326607 -0.00548742 -0.0089353
0 -0.0032792 -0.00552123 -0.0089589
0 -0.00328535 -0.00555519 -0.00900161
0 -0.00328508 -0.00558676 -0.00906215
0 -0.00327797 -0.00561252 -0.00913624
0 -0.00326358 -0.00562967 -0.00921809
0 -0.00324314 -0.0056378 -0.00930228
0 -0.00321946 -0.00563875 -0.00938419
0 -0.00319499 -0.00563453 -0.00945869
0 -0.00317023 -0.00562549 -0.00951893
0 -0.00314444 -0.00561042 -0.00955755
0 -0.00311831 -0.00558884 -0.00956979
0 -0.00309578 -0.00556311 -0.00955566
0 -0.00308303 -0.00553807 -0.00951937
0 -0.00308561 -0.00551917 -0.00946733
0 -0.0031062 -0.00551089 -0.00940628
0 -0.0031442 -0.00551646 -0.00934271
0 -0.00319669 -0.00553834 -0.00928337
0 -0.00325977 -0.00557861 -0.00923584
0 -0.00332957 -0.00563885 -0.00920863
0 -0.00340299 -0.00571992 -0.00921075
0 -0.00347819 -0.00582223 -0.00925109
0 -0.00355447 -0.005946 -0.0093379
0 -0.00363179 -0.00609107 -0.00947786
0 -0.00371035 -0.00625693 -0.00967516
0 -0.00379005 -0.00644284 -0.00993083
0 -0.00387019 -0.00664788 -0.0102427
0 -0.00394995 -0.00687103 -0.0106058
0 -0.00402873 -0.00711146 -0.0110134
0 -0.00410705 -0.00736894 -0.0114574
0 -0.00418753 -0.00764379 -0.0119296
0 -0.00427395 -0.00793575 -0.0124234
0 -0.00436938 -0.00824271 -0.012932
0 -0.0044745 -0.00856104 -0.0134454
0 -0.00458669 -0.00888466 -0.013952
0 -0.00470211 -0.0092054 -0.0144406
0 -0.00481798 -0.0095162 -0.0149024
0 -0.00493194 -0.0098122 -0.0153319
0 -0.00504144 -0.0100887 -0.0157234
0 -0.00514395 -0.0103403 -0.0160706
0 -0.00523643 -0.0105618 -0.0163696
0 -0.00531535 -0.0107487 -0.0166176
0 -0.00537726 -0.0108963 -0.0168107
0 -0.00541903 -0.0109996 -0.0169452
0 -0.00543892 -0.0110554 -0.0170196
0 -0.00543893 -0.0110646 -0.0170357
0 -0.00542511 -0.011033 -0.0169994
0 -0.00540457 -0.0109691 -0.0169178
0 -0.00538123 -0.0108801 -0.0167964
0 -0.0053533 -0.0107695 -0.0166365
0 -0.00531393 -0.0106362 -0.0164357
0 -0.00525511 -0.010476 -0.01619
0 -0.0051722 -0.0102849 -0.0158982
0 -0.00506719 -0.0100619 -0.0155639
0 -0.00494844 -0.00981087 -0.0151963
0 -0.00482747 -0.00953923 -0.014808
0 -0.00471432 -0.0092561 -0.0144098
0 -0.00461354 -0.00896935 -0.014008
0 -0.00452284 -0.00868419 -0.0136051
0 -0.00443582 -0.00840432 -0.0132014
0 -0.00434679 -0.00813333 -0.0127974
0 -0.00425391 -0.00787429 -0.0123968
0 -0.00415853 -0.00762941 -0.0120063
0 -0.0040634 -0.00739979 -0.0116329
0 -0.00397148 -0.00718453 -0.0112828
0 -0.00388412 -0.00698044 -0.01096
0 -0.00380034 -0.00678299 -0.0106652
0 -0.00371807 -0.00658793 -0.0103966
0 -0.00363481 -0.00639318 -0.0101518
0 -0.00354855 -0.00619931 -0.0099278
0 -0.00345966 -0.00600921 -0.00972204
0 -0.00337103 -0.00582776 -0.00953297
0 -0.00328532 -0.00565966 -0.00935939
0 -0.00320296 -0.00550581 -0.00919732
0 -0.00312186 -0.00536197 -0.00903899
0 -0.00304008 -0.00522233 -0.00887698
0 -0.00296026 -0.00508479 -0.00870931
0 -0.00289012 -0.00495262 -0.0085401
0 -0.00283772 -0.00483152 -0.00837573
0 -0.00280603 -0.00472519 -0.00821993
0 -0.00279034 -0.00463254 -0.00807109
0 -0.0027803 -0.00454834 -0.00792362
0 -0.00276591 -0.00446716 -0.00777303
0 -0.00274345 -0.00438741 -0.00762057
0 -0.00271577 -0.00431126 -0.0074729
0 -0.00268725 -0.00424059 -0.00733713
0 -0.00265943 -0.004174 -0.00721681
0 -0.0026312 -0.0041079 -0.00711201
0 -0.00260114 -0.00403952 -0.00702153
0 -0.00256887 -0.00396856 -0.00694433
0 -0.00253501 -0.00389693 -0.00687953
0 -0.00250059 -0.00382762 -0.0068259
0 -0.00246632 -0.00376335 -0.00678125
0 -0.00243208 -0.00370531 -0.00674213
0 -0.00239746 -0.00365317 -0.00670456
0 -0.0023636 -0.00360671 -0.00666609
0 -0.00233467 -0.00356776 -0.00662766
0 -0.00231779 -0.00354122 -0.00659428
0 -0.00232126 -0.00353468 -0.00657405
0 -0.00235114 -0.00355624 -0.00657559
0 -0.00240853 -0.00361194 -0.00660549
0 -0.00248974 -0.00370508 -0.00666821
0 -0.00258894 -0.00383713 -0.00676776
0 -0.0026999 -0.00400779 -0.0069084
0 -0.00281602 -0.00421358 -0.00709346
0 -0.00293054 -0.00444718 -0.0073243
0 -0.00303786 -0.00469888 -0.00760053
0 -0.00313528 -0.00495938 -0.00792115
0 -0.00322424 -0.00522243 -0.00828538
0 -0.00330949 -0.00548588 -0.00869239
0 -0.00339556 -0.00575056 -0.00913932
0 -0.00348419 -0.00601833 -0.00961921
0 -0.00357485 -0.00629075 -0.0101212
0 -0.00366667 -0.00656959 -0.010633
0 -0.00376024 -0.00685812 -0.0111444
0 -0.00385789 -0.00715947 -0.0116487
0 -0.00396188 -0.00747293 -0.0121401
0 -0.00407274 -0.00779336 -0.0126113
0 -0.00418902 -0.00811264 -0.0130538
0 -0.00430741 -0.00842049 -0.0134601
0 -0.00442362 -0.00870654 -0.0138261
0 -0.00453368 -0.00896294 -0.0141498
0 -0.004635 -0.00918504 -0.0144294
0 -0.00472633 -0.00937106 -0.014665
0 -0.00480684 -0.00952232 -0.0148589
0 -0.00487579 -0.0096424 -0.0150141
0 -0.00493241 -0.00973518 -0.0151327
0 -0.00497637 -0.00980426 -0.015217
0 -0.00500898 -0.00985412 -0.0152709
0 -0.00503349 -0.00989016 -0.0153002
0 -0.0050537 -0.00991735 -0.0153112
0 -0.00507252 -0.00993899 -0.0153098
0 -0.00509088 -0.00995617 -0.0152996
0 -0.00510658 -0.00996706 -0.0152815
0 -0.00511409 -0.00996672 -0.0152532
0 -0.0051066 -0.00994818 -0.0152102
0 -0.00507857 -0.00990415 -0.0151475
0 -0.00502698 -0.00982835 -0.0150603
0 -0.00495227 -0.0097169 -0.0149451
0 -0.00485902 -0.00956982 -0.0148009
0 -0.00475502 -0.00939136 -0.0146284
0 -0.00464883 -0.00918908 -0.0144295
0 -0.00454801 -0.00897253 -0.0142061
0 -0.00445749 -0.00875149 -0.0139595
0 -0.0043765 -0.00853232 -0.0136883
0 -0.00429783 -0.00831464 -0.0133869
0 -0.00421192 -0.00809266 -0.0130485
0 -0.00411253 -0.0078595 -0.0126701
0 -0.00399935 -0.00760944 -0.012254
0 -0.00387687 -0.00733897 -0.0118085
0 -0.0037521 -0.00704809 -0.011345
0 -0.00363267 -0.00674033 -0.0108741
0 -0.00352529 -0.00642307 -0.0104056
0 -0.00343317 -0.0061069 -0.00994878
0 -0.00335454 -0.00580289 -0.00951138
0 -0.00328504 -0.00552149 -0.00909979
0 -0.00322068 -0.00527188 -0.00871934
0 -0.00315912 -0.0050602 -0.00837556
0 -0.00309985 -0.00488848 -0.00807442
0 -0.00304297 -0.00475427 -0.00782117
0 -0.00298832 -0.00465079 -0.00761885
0 -0.00293609 -0.00456861 -0.00746791
0 -0.00288796 -0.00449979 -0.00736759
0 -0.00284773 -0.00444214 -0.00731815
0 -0.00282055 -0.00439982 -0.00732091
0 -0.00281058 -0.0043806 -0.00737574
0 -0.0028184 -0.0043921 -0.0074787
0 -0.00283964 -0.00443838 -0.00762119
0 -0.00286647 -0.00451814 -0.00779134
0 -0.00289179 -0.00462572 -0.00797735
0 -0.00291285 -0.00475354 -0.00817057
0 -0.00293205 -0.00489386 -0.00836658
0 -0.0029558 -0.00504035 -0.00856495
0 -0.00299252 -0.00518974 -0.00876837
0 -0.00304988 -0.00534241 -0.00898077
0 -0.003132 -0.00550182 -0.00920534
0 -0.00323787 -0.00567357 -0.00944383
0 -0.00336214 -0.00586409 -0.00969686
0 -0.00349683 -0.00607823 -0.00996378
0 -0.00363303 -0.00631691 -0.0102429
0 -0.00376365 -0.0065776 -0.0105337
0 -0.00388673 -0.00685691 -0.0108394
0 -0.00400588 -0.0071518 -0.0111669
0 -0.00412651 -0.00745875 -0.0115239
0 -0.00425148 -0.00777182 -0.0119134
0 -0.00437749 -0.00808053 -0.0123302
0 -0.00449434 -0.00837154 -0.0127622
0 -0.00459077 -0.00863479 -0.0131956
0 -0.0046618 -0.0088672 -0.0136196
0 -0.00471087 -0.00907153 -0.0140275
0 -0.00474612 -0.0092534 -0.0144143
0 -0.0047744 -0.00941748 -0.0147728
0 -0.00479743 -0.00956413 -0.0150933
0 -0.00481303 -0.00968888 -0.0153634
0 -0.00481861 -0.00978485 -0.015569
0 -0.00481364 -0.00984614 -0.0157
0 -0.00480097 -0.00987039 -0.0157538
0 -0.0047878 -0.00986039 -0.0157345
0 -0.00478398 -0.0098239 -0.0156525
0 -0.00479707 -0.00977057 -0.0155204
0 -0.00482631 -0.00970705 -0.0153477
0 -0.00486081 -0.00963346 -0.0151381
0 -0.00488414 -0.00954442 -0.0148904
0 -0.0048814 -0.00943258 -0.0146052
0 -0.00484391 -0.00929111 -0.0142874
0 -0.00477035 -0.00911459 -0.0139432
0 -0.00466639 -0.00890053 -0.0135822
0 -0.00454238 -0.00865062 -0.0132165
0 -0.00440952 -0.0083706 -0.0128562
0 -0.00427665 -0.00806943 -0.0125058
0 -0.00414904 -0.00775791 -0.0121662
0 -0.00402738 -0.00744671 -0.0118356
0 -0.00390699 -0.00714407 -0.0115083
0 -0.00378141 -0.00685432 -0.0111763
0 -0.00364713 -0.00657736 -0.0108316
0 -0.00350365 -0.00630858 -0.0104692
0 -0.00335292 -0.00604048 -0.0100869
0 -0.00320181 -0.00576707 -0.00968753
0 -0.00306194 -0.0054881 -0.00927917
0 -0.00294548 -0.00520841 -0.008873
0 -0.00285912 -0.00493489 -0.00847798
0 -0.00279979 -0.00467409 -0.00809823
0 -0.00275688 -0.00443101 -0.007734
0 -0.00271837 -0.00420947 -0.00738473
0 -0.00267551 -0.00401265 -0.00705213
0 -0.00262504 -0.00384278 -0.00674164
0 -0.00256931 -0.00370067 -0.00646244
0 -0.00251486 -0.00358603 -0.00622576
0 -0.00247002 -0.00349821 -0.00604245
0 -0.00244201 -0.00343694 -0.0059209
0 -0.00243435 -0.00340277 -0.00586573
0 -0.00244655 -0.00339768 -0.00587777
0 -0.00247643 -0.00342631 -0.00595587
0 -0.00252261 -0.0034965 -0.00609899
0 -0.00258481 -0.00361717 -0.0063067
0 -0.00266257 -0.00379445 -0.00657778
0 -0.00275395 -0.00402845 -0.00690861
0 -0.00285606 -0.00431313 -0.00729347
0 -0.00296713 -0.00463906 -0.00772667
0 -0.00308727 -0.00499603 -0.00820354
0 -0.00321691 -0.00537283 -0.00871861
0 -0.00335387 -0.0057566 -0.00926306
0 -0.00349241 -0.00613525 -0.00982522
0 -0.00362772 -0.00650149 -0.0103942
0 -0.00376008 -0.00685498 -0.0109624
0 -0.00389177 -0.00720025 -0.011525
0 -0.00402311 -0.00754125 -0.0120776
0 -0.00415288 -0.00787855 -0.0126134
0 -0.00427953 -0.00821073 -0.013124
0 -0.0044009 -0.00853414 -0.0136002
0 -0.00451496 -0.00884286 -0.0140359
0 -0.00462148 -0.00913144 -0.0144291
0 -0.0047229 -0.00939671 -0.0147805
0 -0.00482403 -0.00963836 -0.0150931
0 -0.00493077 -0.0098601 -0.0153736
0 -0.00504804 -0.0100694 -0.0156299
0 -0.00517664 -0.0102735 -0.0158691
0 -0.0053114 -0.0104762 -0.0160941
0 -0.00544219 -0.010677 -0.016304
0 -0.00555625 -0.0108699 -0.016495
0 -0.00563966 -0.0110424 -0.0166605
0 -0.00567964 -0.0111767 -0.0167911
0 -0.00567064 -0.0112555 -0.0168796
0 -0.00561983 -0.0112709 -0.0169268
0 -0.00554531 -0.0112265 -0.0169408
0 -0.00546777 -0.0111345 -0.0169305
0 -0.00540096 -0.0110094 -0.0168994
0 -0.00534571 -0.0108624 -0.0168412
0 -0.00529013 -0.0106974 -0.016739
0 -0.00521654 -0.0105114 -0.016571
0 -0.00511134 -0.010299 -0.0163206
0 -0.00497123 -0.0100546 -0.0159816
0 -0.0048017 -0.00977146 -0.0155564
0 -0.00461108 -0.00943997 -0.0150502
0 -0.00440628 -0.00904875 -0.014467
0 -0.00419193 -0.0085891 -0.0138093
0 -0.00397175 -0.00806003 -0.0130809
0 -0.00375124 -0.00747128 -0.0122877
0 -0.00353716 -0.00684413 -0.0114409
0 -0.00333824 -0.00620916 -0.0105615
0 -0.00316992 -0.00560572 -0.00967979
0 -0.00304896 -0.0050762 -0.00883075
0 -0.00297958 -0.00464676 -0.00804429
0 -0.00294506 -0.00431531 -0.00733298
0 -0.00291094 -0.00405496 -0.00668943
0 -0.00283957 -0.00382248 -0.00609785
0 -0.0027086 -0.00357428 -0.00554898
0 -0.00252377 -0.00328648 -0.00505109
0 -0.00231793 -0.00296501 -0.00463088
0 -0.00213466 -0.0026387 -0.0043202
0 -0.00200655 -0.0023437 -0.00413843
0 -0.00194245 -0.00211142 -0.00408402
0 -0.00192878 -0.00196365 -0.00413677
0 -0.00194078 -0.00191203 -0.00426701
0 -0.0019564 -0.00195884 -0.00444708
0 -0.00196567 -0.00209746 -0.0046593
0 -0.00197241 -0.00231281 -0.00489748
0 -0.00199053 -0.00258371 -0.00516409
0 -0.00203844 -0.00288824 -0.00546687
0 -0.00213151 -0.00320812 -0.00581415
0 -0.00227011 -0.00352562 -0.00620442
0 -0.00243131 -0.00381769 -0.00661717
0 -0.00257717 -0.00405996 -0.00701813
0 -0.00267465 -0.00423823 -0.00737557
0 -0.00271112 -0.00435542 -0.0076731
0 -0.00269765 -0.00442937 -0.00791252
0 -0.0026618 -0.00448531 -0.00810837
0 -0.00263565 -0.00454783 -0.00827898
0 -0.00264514 -0.00463542 -0.00843972
0 -0.00270462 -0.00475904 -0.0086008
0 -0.00281672 -0.00492446 -0.00876865
0 -0.00297606 -0.00513571 -0.00894914
0 -0.00317405 -0.00539701 -0.00915068
0 -0.00340194 -0.0057127 -0.00938578
0 -0.00365345 -0.00608824 -0.00967265
0 -0.00392794 -0.00653057 -0.0100352
0 -0.00422583 -0.00704319 -0.0104963
0 -0.00453689 -0.0076169 -0.0110663
0 -0.00483306 -0.00822148 -0.0117337
0 -0.0050701 -0.00880537 -0.0124617
0 -0.0052019 -0.00930911 -0.0132001
0 -0.0052029 -0.00968426 -0.0139032
0 -0.00508108 -0.00990634 -0.0145426
0 -0.00487476 -0.00997672 -0.0151087
0 -0.00463747 -0.0099171 -0.0156006
0 -0.00442006 -0.00976618 -0.0160118
0 -0.00425741 -0.0095718 -0.0163243
0 -0.00416107 -0.00937522 -0.0165069
0 -0.00411962 -0.0092013 -0.0165245
0 -0.00410875 -0.0090573 -0.0163502
0 -0.00410742 -0.00893658 -0.0159754
0 -0.00410953 -0.0088261 -0.0154176
0 -0.00412587 -0.00871475 -0.0147213
0 -0.00417875 -0.00859928 -0.0139554
0 -0.00429134 -0.00848709 -0.013201
0 -0.00447526 -0.00839678 -0.0125265
0 -0.00472246 -0.00834934 -0.0119738
0 -0.00500391 -0.00835578 -0.01157
0 -0.00527462 -0.00841601 -0.0113316
0 -0.00548292 -0.00851976 -0.0112581
0 -0.00558166 -0.00864531 -0.0113314
0 -0.00553882 -0.00875945 -0.0115207
0 -0.00534513 -0.00881962 -0.0117922
0 -0.00501702 -0.008785 -0.0121134
0 -0.00459489 -0.00863372 -0.0124528
0 -0.00413678 -0.00837003 -0.0127837
0 -0.00370704 -0.00801864 -0.0130925
0 -0.00336169 -0.0076198 -0.0133708
0 -0.00313232 -0.00722528 -0.0135867
0 -0.00301991 -0.00688872 -0.0136863
0 -0.00300259 -0.00664865 -0.0136251
0 -0.00304404 -0.00651427 -0.0133761
0 -0.00310715 -0.00646681 -0.0129269
0 -0.00317083 -0.00647034 -0.0122919
0 -0.00323214 -0.00648209 -0.0115176
0 -0.00329676 -0.00646113 -0.0106768
0 -0.00336902 -0.0063713 -0.00983076
0 -0.00344428 -0.0061826 -0.0090009
0 -0.00350523 -0.00587699 -0.00820771
0 -0.00352248 -0.00545438 -0.00748051
0 -0.00346028 -0.00493258 -0.00682255
0 -0.00328931 -0.00433825 -0.00621489
0 -0.00299973 -0.00369963 -0.00564291
0 -0.00260681 -0.00304711 -0.00510548
0 -0.00215131 -0.00241377 -0.00460875
0 -0.00169312 -0.00183179 -0.00416131
0 -0.00129574 -0.00132813 -0.00377534
0 -0.00100872 -0.000923438 -0.00346236
0 -0.000857793 -0.000633256 -0.00322414
0 -0.000844449 -0.000468808 -0.00305338
0 -0.000950527 -0.000436493 -0.00294176
0 -0.00114543 -0.000537026 -0.00288415
0 -0.00139511 -0.000765093 -0.00288135
0 -0.00167075 -0.00110961 -0.00294428
0 -0.00195352 -0.00155334 -0.00309382
0 -0.00223134 -0.00206994 -0.00335223
0 -0.00249147 -0.00262247 -0.00373323
0 -0.00272128 -0.00317243 -0.00424235
0 -0.00291891 -0.00369647 -0.00488518
0 -0.00309747 -0.00419551 -0.00567024
0 -0.00327491 -0.00468928 -0.00660172
0 -0.00346127 -0.00520289 -0.00766944
0 -0.00365289 -0.00575547 -0.00884413
0 -0.00383513 -0.00635375 -0.0100812
0 -0.00399094 -0.00699078 -0.0113308
0 -0.00410764 -0.00764809 -0.0125463
0 -0.00418222 -0.00829669 -0.0136848
0 -0.00422405 -0.00889722 -0.014706
0 -0.00425004 -0.00940881 -0.0155816
0 -0.00427986 -0.00980717 -0.0162995
0 -0.00433261 -0.010091 -0.0168535
0 -0.00442285 -0.0102761 -0.01724
0 -0.00455929 -0.0103901 -0.0174651
0 -0.004742 -0.0104674 -0.0175439
0 -0.00495998 -0.0105419 -0.0174923
0 -0.00519559 -0.0106409 -0.0173304
0 -0.00543285 -0.0107796 -0.0170892
0 -0.00566268 -0.0109613 -0.0168109
0 -0.00588231 -0.0111812 -0.0165463
0 -0.00609017 -0.0114268 -0.0163429
0 -0.00627933 -0.0116753 -0.0162284
0 -0.00643394 -0.0118952 -0.0162122
0 -0.00653151 -0.0120535 -0.0162892
0 -0.00654929 -0.0121241 -0.0164409
0 -0.00647177 -0.0120935 -0.0166426
0 -0.00629698 -0.0119625 -0.0168699
0 -0.00603932 -0.0117452 -0.0171024
0 -0.00572627 -0.0114643 -0.0173192
0 -0.00539019 -0.0111449 -0.0174915
0 -0.0050612 -0.0108097 -0.0175873
0 -0.00476429 -0.0104758 -0.0175764
0 -0.00451968 -0.0101561 -0.0174358
0 -0.00434346 -0.00986096 -0.0171551
0 -0.00424574 -0.00959777 -0.0167383
0 -0.00422568 -0.00936753 -0.0161974
0 -0.00426859 -0.00916177 -0.0155472
0 -0.00434849 -0.00896347 -0.0148062
0 -0.00443329 -0.0087516 -0.0139979
0 -0.00449126 -0.00850674 -0.0131499
0 -0.00449778 -0.00821354 -0.0122864
0 -0.00443787 -0.0078567 -0.011423
0 -0.00430425 -0.00741969 -0.0105761
0 -0.00409499 -0.00689225 -0.00976209
0 -0.0038142 -0.00627617 -0.00899066
0 -0.00347306 -0.00558409 -0.00826225
0 -0.00308475 -0.00483429 -0.00756732
0 -0.00265992 -0.0040465 -0.00688995
0 -0.00221159 -0.00324195 -0.00621377
0 -0.00176139 -0.00244529 -0.00552428
0 -0.00133853 -0.00168419 -0.00481256
0 -0.000973088 -0.000985786 -0.00407927
0 -0.000689472 -0.000373492 -0.00333318
0 -0.000504039 0.000134188 -0.00258829
0 -0.000424079 0.000524167 -0.00186324
0 -0.000446871 0.000788929 -0.00118115
0 -0.000560424 0.000926233 -0.000568976
0 -0.000745472 0.000938703 -5.67115e-05
0 -0.000978881 0.00083326 0.000324069
0 -0.00123879 0.000619581 0.000541608
0 -0.00150849 0.000307716 0.000565099
0 -0.00177598 -9.28021e-05 0.00036752
0 -0.00203075 -0.00057079 -6.86149e-05
0 -0.00226168 -0.00111087 -0.000745363
0 -0.00245762 -0.00169418 -0.00164742
0 -0.00260943 -0.00230184 -0.00274489
0 -0.00271365 -0.0029187 -0.00399862
0 -0.00277668 -0.003536 -0.00536522
0 -0.00281482 -0.0041517 -0.00680005
0 -0.00284989 -0.00476955 -0.00825861
0 -0.00290473 -0.00539851 -0.00970123
0 -0.00300057 -0.00604983 -0.0110991
0 -0.00315349 -0.00672931 -0.012425
0 -0.00337152 -0.00743002 -0.0136396
0 -0.00365335 -0.0081391 -0.0147089
0 -0.0039915 -0.00885123 -0.0156236
0 -0.00437706 -0.00956673 -0.016389
0 -0.0047976 -0.0102805 -0.0170157
0 -0.00523554 -0.0109781 -0.0175232
0 -0.00567111 -0.0116414 -0.0179392
0 -0.00608615 -0.0122557 -0.018294
0 -0.00646642 -0.0128122 -0.0186192
0 -0.00680032 -0.0133049 -0.0189426
0 -0.00707628 -0.0137271 -0.0192808
0 -0.00728336 -0.0140754 -0.0196422
0 -0.00741457 -0.0143505 -0.0200313
0 -0.00746761 -0.0145545 -0.0204448
0 -0.00744247 -0.0146862 -0.0208672
0 -0.00734107 -0.0147416 -0.021274
0 -0.00717098 -0.0147183 -0.0216361
0 -0.00694902 -0.0146179 -0.0219229
0 -0.00669981 -0.0144477 -0.0221079
0 -0.0064502 -0.0142183 -0.0221717
0 -0.00622419 -0.0139432 -0.0221009
0 -0.00603913 -0.0136366 -0.0218851
0 -0.00590363 -0.0133114 -0.0215188
0 -0.00581653 -0.0129767 -0.0210034
0 -0.00576694 -0.0126352 -0.0203455
0 -0.00573663 -0.0122824 -0.0195566
0 -0.00570574 -0.0119091 -0.0186557
0 -0.00565755 -0.011504 -0.0176704
0 -0.00557944 -0.0110567 -0.0166345
0 -0.00546124 -0.0105577 -0.0155818
0 -0.00529347 -0.00999674 -0.0145333
0 -0.00506848 -0.00936627 -0.0134974
0 -0.00478482 -0.00866572 -0.012483
0 -0.00444951 -0.00790079 -0.0114988
0 -0.00407476 -0.0070842 -0.0105488
0 -0.00367352 -0.00623611 -0.00963365
0 -0.00325681 -0.00537793 -0.00874757
0 -0.00283329 -0.00452817 -0.00787781
0 -0.00241197 -0.00370258 -0.00701208
0 -0.00200442 -0.00291341 -0.0061416
0 -0.00162507 -0.00216899 -0.00526066
0 -0.00128995 -0.00147525 -0.00436885
0 -0.00101272 -0.000837291 -0.00347262
0 -0.000801055 -0.000259739 -0.00258364
0 -0.000655749 0.000253528 -0.00171628
0 -0.000571022 0.000699798 -0.000885813
0 -0.000534909 0.00107824 -0.000107488
0 -0.000530812 0.00139038 0.000603496
0 -0.000540671 0.00164008 0.00123193
0 -0.000548941 0.0018333 0.00176287
0 -0.00054543 0.00197773 0.0021825
0 -0.000525974 0.00208135 0.00247904
0 -0.000491925 0.00215007 0.00264332
0 -0.00044918 0.0021859 0.00266951
0 -0.000406384 0.0021868 0.0025569
0 -0.000372061 0.00214773 0.00231182
0 -0.000351655 0.00206217 0.00194834
0 -0.000347043 0.00192425 0.00148703
0 -0.000359439 0.0017295 0.000951091
0 -0.000392847 0.00147376 0.000361565
0 -0.000454561 0.00115356 -0.000265145
0 -0.000552486 0.000768507 -0.000916515
0 -0.000692121 0.0003231 -0.00158253
0 -0.000875834 -0.0001745 -0.00225611
0 -0.00110394 -0.000715916 -0.00293486
0 -0.00137552 -0.00129553 -0.00362197
0 -0.00168857 -0.00191164 -0.00432571
0 -0.00203937 -0.002566 -0.00505804
0 -0.00242082 -0.0032618 -0.00583222
0 -0.00282218 -0.00400106 -0.00666028
0 -0.0032319 -0.00478321 -0.0075517
0 -0.00364062 -0.00560457 -0.0085136
0 -0.00404205 -0.00645872 -0.00955091
0 -0.00442998 -0.00733679 -0.0106652
0 -0.00479726 -0.00822883 -0.0118528
0 -0.00513887 -0.00912317 -0.0131047
0 -0.00545119 -0.0100055 -0.0144062
0 -0.00573159 -0.0108607 -0.0157405
0 -0.00598157 -0.0116752 -0.0170904
0 -0.00620811 -0.0124429 -0.018435
0 -0.00642208 -0.0131675 -0.0197517
0 -0.00663417 -0.0138582 -0.0210179
0 -0.00685086 -0.0145241 -0.0222086
0 -0.00707462 -0.015171 -0.0232997
0 -0.00730654 -0.0158001 -0.024275
0 -0.00754681 -0.0164086 -0.0251262
0 -0.00779373 -0.0169903 -0.0258487
0 -0.00804363 -0.0175345 -0.0264423
0 -0.00829097 -0.0180267 -0.0269137
0 -0.00852755 -0.018452 -0.0272726
0 -0.00874194 -0.0187973 -0.0275266
0 -0.00892007 -0.0190506 -0.0276819
0 -0.00904777 -0.0192028 -0.0277445
0 -0.0091145 -0.0192496 -0.0277198
0 -0.00911574 -0.0191936 -0.0276137
0 -0.00905249 -0.0190414 -0.0274318
0 -0.00892916 -0.0188011 -0.0271776
0 -0.00875215 -0.0184799 -0.0268505
0 -0.00852889 -0.0180836 -0.0264466
0 -0.00826725 -0.017617 -0.02596
0 -0.00797569 -0.0170847 -0.0253842
0 -0.00766324 -0.0164917 -0.0247139
0 -0.00733919 -0.015844 -0.0239456
0 -0.00701309 -0.0151498 -0.0230801
0 -0.00669449 -0.0144203 -0.0221232
0 -0.00639181 -0.013668 -0.0210849
0 -0.00610966 -0.0129051 -0.0199783
0 -0.00584715 -0.0121419 -0.0188183
0 -0.00560003 -0.0113863 -0.0176221
0 -0.00536361 -0.0106452 -0.0164099
0 -0.00513365 -0.00992303 -0.0152038
0 -0.00490496 -0.00922098 -0.0140205
0 -0.0046706 -0.008538 -0.012872
0 -0.00442357 -0.00786799 -0.0117713
0 -0.00415801 -0.00719793 -0.0107254
0 -0.00387081 -0.00651512 -0.00973285
0 -0.00356061 -0.00581164 -0.00879352
0 -0.00322571 -0.00508518 -0.00790557
0 -0.00286626 -0.00433933 -0.0070595
0 -0.00248668 -0.00358055 -0.00624223
0 -0.00209579 -0.00281658 -0.0054428
0 -0.0017058 -0.00205787 -0.00465143
0 -0.00132928 -0.00131679 -0.0038578
0 -0.000975962 -0.000603399 -0.00305277
0 -0.00065304 7.69163e-05 -0.00223019
0 -0.000366456 0.000721559 -0.00138728
0 -0.000120573 0.00132811 -0.000525786
0 8.23602e-05 0.00189373 0.000346855
0 0.000242645 0.00241608 0.00121834
0 0.000363751 0.0028939 0.00207369
0 0.000452255 0.00332678 0.00289652
0 0.000516775 0.00371457 0.00366961
0 0.00056656 0.00405738 0.0043758
0 0.000610206 0.00435596 0.00499907
0 0.000654446 0.00461149 0.00552515
0 0.000703035 0.00482465 0.0059418
0 0.000756328 0.00499488 0.00623951
0 0.000812008 0.0051205 0.00641251
0 0.000866349 0.0051993 0.00645973
0 0.000915037 0.00522914 0.00638522
0 0.000953527 0.00520769 0.00619777
0 0.000977479 0.00513201 0.00590968
0 0.000982839 0.00499963 0.00553581
0 0.000965454 0.00480976 0.00509216
0 0.000921131 0.00456299 0.00459413
0 0.000846014 0.00426101 0.00405527
0 0.00073665 0.00390617 0.00348631
0 0.000589873 0.00350076 0.00289408
0 0.000403337 0.00304665 0.00228115
0 0.000177023 0.00254582 0.00164705
0 -8.54333e-05 0.00200118 0.000989821
0 -0.000377011 0.00141673 0.000306642
0 -0.000688942 0.000797194 -0.000406471
0 -0.0010124 0.000147491 -0.00115473
0 -0.00133955 -0.000527422 -0.00194402
0 -0.00166465 -0.00122266 -0.00278011
0 -0.00198428 -0.00193376 -0.00366802
0 -0.00229659 -0.00265744 -0.00461158
0 -0.00260162 -0.00339216 -0.00561297
0 -0.00290194 -0.00413829 -0.00667177
0 -0.00320153 -0.00489732 -0.00778402
0 -0.00350417 -0.00567097 -0.00894268
0 -0.00381263 -0.0064633 -0.0101395
0 -0.00412899 -0.00727991 -0.0113664
0 -0.0044562 -0.00812356 -0.0126162
0 -0.00479733 -0.00899283 -0.0138826
0 -0.00515346 -0.00988215 -0.015159
0 -0.00552466 -0.0107864 -0.0164364
0 -0.00591153 -0.0117047 -0.0177098
0 -0.00631428 -0.0126364 -0.0189794
0 -0.00673097 -0.0135775 -0.020242
0 -0.00715534 -0.0145217 -0.0214886
0 -0.00757718 -0.0154606 -0.0227115
0 -0.00798663 -0.0163845 -0.0239077
0 -0.00837726 -0.017284 -0.025075
0 -0.00874478 -0.0181499 -0.0262089
0 -0.00908449 -0.0189712 -0.0273034
0 -0.00939085 -0.0197362 -0.0283524
0 -0.00965906 -0.020434 -0.029347
0 -0.00988677 -0.0210573 -0.0302761
0 -0.0100736 -0.0216009 -0.0311284
0 -0.0102197 -0.0220605 -0.0318915
0 -0.0103244 -0.0224328 -0.0325509
0 -0.0103888 -0.0227161 -0.0330925
0 -0.0104162 -0.0229106 -0.033505
0 -0.0104117 -0.0230176 -0.0337793
0 -0.0103796 -0.023038 -0.0339081
0 -0.0103222 -0.0229715 -0.0338847
0 -0.0102397 -0.0228165 -0.0337044
0 -0.0101313 -0.022571 -0.033365
0 -0.00999481 -0.0222326 -0.032867
0 -0.00982651 -0.0217991 -0.0322131
0 -0.00962116 -0.021267 -0.0314077
0 -0.00937306 -0.0206329 -0.0304565
0 -0.00907718 -0.0198936 -0.0293661
0 -0.0087299 -0.0190474 -0.0281444
0 -0.00832962 -0.0180945 -0.0267996
0 -0.00787723 -0.0170378 -0.0253405
0 -0.00737552 -0.0158822 -0.0237753
0 -0.00682857 -0.0146341 -0.0221105
0 -0.00624127 -0.0133007 -0.0203512
0 -0.00561855 -0.0118918 -0.0185024
0 -0.00497023 -0.0104199 -0.016571
0 -0.00431488 -0.00890056 -0.014566
0 -0.00366876 -0.00735391 -0.0124961
0 -0.00303569 -0.0058031 -0.0103691
0 -0.00241245 -0.00426079 -0.00819773
0 -0.00180053 -0.00272618 -0.0059988
0 -0.00121052 -0.00120201 -0.0037873
0 -0.000653593 0.000296584 -0.00158139
0 -0.000133521 0.0017506 0.000592434
0 0.000351936 0.00314684 0.00270697
0 0.00080613 0.00447748 0.00474122
0 0.00123013 0.00573363 0.00667482
0 0.00162304 0.00690235 0.0084835
0 0.00198384 0.00796982 0.0101436
0 0.00231159 0.00892571 0.0116354
0 0.00260396 0.00976372 0.0129404
0 0.00285663 0.0104782 0.0140419
0 0.00306446 0.0110618 0.0149264
0 0.00322306 0.0115061 0.0155846
0 0.00332962 0.0118046 0.0160103
0 0.00338281 0.011953 0.0162008
0 0.00338245 0.0119492 0.0161573
0 0.00333003 0.0117934 0.0158859
0 0.00322832 0.0114884 0.015396
0 0.00307904 0.011039 0.0146988
0 0.00288203 0.0104523 0.0138075
0 0.00263703 0.00973857 0.0127378
0 0.00234463 0.00890933 0.0115056
0 0.0020063 0.00797602 0.0101275
0 0.00162442 0.00695009 0.00862153
0 0.00120279 0.00584319 0.007007
0 0.000746916 0.00466725 0.00530327
0 0.00026368 0.00343418 0.00352947
0 -0.000239782 0.00215566 0.00170417
0 -0.000757535 0.000843375 -0.000155186
0 -0.00128473 -0.000490397 -0.00203267
0 -0.00181572 -0.0018335 -0.00391364
0 -0.0023472 -0.00317488 -0.00578478
0 -0.00288103 -0.00450655 -0.00763452
0 -0.00341846 -0.00582335 -0.00945333
0 -0.00395492 -0.00711598 -0.0112336
0 -0.00448043 -0.00836975 -0.0129694
0 -0.00498509 -0.00957275 -0.0146529
0 -0.00546444 -0.0107193 -0.016272
0 -0.00591691 -0.0118057 -0.0178166
0 -0.00633864 -0.012828 -0.0192772
0 -0.00672399 -0.0137821 -0.0206421
0 -0.00706932 -0.014662 -0.0218998
0 -0.0073742 -0.0154603 -0.02304
0 -0.00764008 -0.0161714 -0.0240567
0 -0.00786955 -0.0167917 -0.0249463
0 -0.00806589 -0.017318 -0.0257042
0 -0.00823193 -0.0177482 -0.0263274
0 -0.008369 -0.0180825 -0.0268157
0 -0.00847644 -0.0183228 -0.0271675
0 -0.0085518 -0.0184713 -0.0273794
0 -0.0085914 -0.0185292 -0.0274502
0 -0.00859167 -0.0184967 -0.0273806
0 -0.00854997 -0.0183736 -0.027173
0 -0.0084651 -0.0181592 -0.0268316
0 -0.00833778 -0.0178533 -0.0263627
0 -0.00817008 -0.0174558 -0.0257738
0 -0.00796495 -0.0169681 -0.0250732
0 -0.00772623 -0.0163947 -0.0242705
0 -0.00745817 -0.0157429 -0.023375
0 -0.00716441 -0.0150225 -0.0223956
0 -0.00684779 -0.0142439 -0.0213407
0 -0.0065111 -0.0134187 -0.0202187
0 -0.00615848 -0.0125585 -0.0190397
0 -0.00579584 -0.0116758 -0.0178155
0 -0.00542967 -0.0107834 -0.0165611
0 -0.00506666 -0.0098937 -0.0152929
0 -0.00471475 -0.00901771 -0.0140256
0 -0.00438194 -0.00816476 -0.0127708
0 -0.00407361 -0.00734517 -0.0115445
0 -0.00378957 -0.00656695 -0.0103645
0 -0.00352487 -0.00583125 -0.00923783
0 -0.0032756 -0.00513587 -0.00816864
0 -0.00303828 -0.00447702 -0.00716782
0 -0.00280643 -0.00385167 -0.00624302
0 -0.00257305 -0.00325975 -0.00539435
0 -0.00233424 -0.00269954 -0.00462027
0 -0.00208966 -0.00216583 -0.00391932
0 -0.00184137 -0.00165444 -0.00328749
0 -0.00159317 -0.00116511 -0.0027183
0 -0.00135008 -0.000699404 -0.00220472
0 -0.00111697 -0.000257895 -0.00173857
0 -0.000897503 0.000159643 -0.00130917
0 -0.000694209 0.000552591 -0.000904961
0 -0.000509016 0.000918903 -0.000516397
0 -0.000344083 0.00125605 -0.000136762
0 -0.000202032 0.00156215 0.000238262
0 -8.51947e-05 0.00183609 0.000610028
0 4.93466e-06 0.00207677 0.000976142
0 6.73003e-05 0.00228249 0.00133057
0 0.000100986 0.00245093 0.00166431
0 0.000105737 0.00257932 0.00196589
0 8.23489e-05 0.0026639 0.00222193
0 3.21095e-05 0.00269931 0.00241744
0 -4.39613e-05 0.00267845 0.00253615
0 -0.00014574 0.00259282 0.00256075
0 -0.00027432 0.00243303 0.00247363
0 -0.000430883 0.00219017 0.0022585
0 -0.000615412 0.00185758 0.00190221
0 -0.000827117 0.00143127 0.00139527
0 -0.00106571 0.000908941 0.000731172
0 -0.00133197 0.000289187 -9.39612e-05
0 -0.00162773 -0.000428442 -0.00108129
0 -0.00195566 -0.00124353 -0.00222907
0 -0.00231748 -0.00215453 -0.00353221
0 -0.00271193 -0.00315745 -0.00498103
0 -0.0031363 -0.00424512 -0.00656067
0 -0.00358966 -0.00540774 -0.00825196
0 -0.00406979 -0.00663504 -0.0100331
0 -0.00456935 -0.00791743 -0.0118813
0 -0.00507806 -0.00924053 -0.0137746
0 -0.00558379 -0.0105786 -0.0156933
0 -0.00607562 -0.0119 -0.0176142
0 -0.00654829 -0.0131799 -0.0195073
0 -0.00699784 -0.0144013 -0.0213429
0 -0.00741644 -0.0155496 -0.0230922
0 -0.00779455 -0.0166087 -0.0247227
0 -0.00812381 -0.0175602 -0.0262012
0 -0.00839795 -0.0183878 -0.027501
0 -0.00861332 -0.0190787 -0.0286006
0 -0.00876756 -0.0196207 -0.0294766
0 -0.00885789 -0.0199994 -0.0301075
0 -0.00888212 -0.0202006 -0.0304795
0 -0.00884131 -0.0202163 -0.0305837
0 -0.00873998 -0.0200466 -0.0304149
0 -0.00858376 -0.0196969 -0.0299745
0 -0.00837771 -0.0191764 -0.0292703
0 -0.00812674 -0.0184989 -0.0283149
0 -0.00783598 -0.0176829 -0.0271261
0 -0.00751001 -0.0167487 -0.0257275
0 -0.00715222 -0.0157153 -0.024147
0 -0.00676553 -0.0146001 -0.0224158
0 -0.00635443 -0.0134202 -0.0205689
0 -0.00592588 -0.0121937 -0.0186455
0 -0.00548672 -0.0109405 -0.0166881
0 -0.00504247 -0.00968154 -0.0147388
0 -0.00460119 -0.008439 -0.0128303
0 -0.00417221 -0.00723514 -0.0109849
0 -0.0037582 -0.00608137 -0.00922323
0 -0.00335494 -0.00497589 -0.0075642
0 -0.00295883 -0.00391763 -0.00602323
0 -0.00257062 -0.00291811 -0.00461515
0 -0.00219574 -0.00199533 -0.00335201
0 -0.00184246 -0.00116079 -0.00223968
0 -0.00151756 -0.0004178 -0.00128002
0 -0.00122422 0.00023173 -0.000471842
0 -0.000964714 0.000783344 0.000189888
0 -0.000742944 0.00123282 0.000711951
0 -0.00056345 0.00157977 0.00110106
0 -0.000429374 0.00182705 0.00136436
0 -0.000341851 0.00197758 0.0015092
0 -0.000300789 0.00203298 0.0015421
0 -0.000305721 0.00199516 0.00146859
0 -0.000355328 0.00186818 0.00129356
0 -0.000446491 0.00165766 0.0010212
0 -0.000574645 0.00136919 0.000655177
0 -0.000734646 0.00100815 0.00019889
0 -0.000921305 0.000581212 -0.000344251
0 -0.00112958 9.63326e-05 -0.000970759
0 -0.00135471 -0.000438813 -0.00167704
0 -0.00159274 -0.00101765 -0.00245896
0 -0.00184086 -0.00163377 -0.00331104
0 -0.00209611 -0.00228007 -0.0042257
0 -0.00235418 -0.00294908 -0.00519336
0 -0.00261172 -0.00363422 -0.00620307
0 -0.00286822 -0.00433084 -0.00724358
0 -0.00312585 -0.00503537 -0.00830376
0 -0.00338737 -0.00574432 -0.00937248
0 -0.00365317 -0.00645571 -0.0104384
0 -0.00392114 -0.00716641 -0.0114899
0 -0.00418782 -0.0078677 -0.0125152
0 -0.00444838 -0.00854712 -0.0135017
0 -0.00469664 -0.00919103 -0.0144338
0 -0.00492633 -0.0097876 -0.015296
0 -0.00513122 -0.0103273 -0.0160781
0 -0.00530624 -0.0108004 -0.0167717
0 -0.00544894 -0.0111977 -0.0173647
0 -0.00555823 -0.0115134 -0.0178468
0 -0.00563336 -0.0117438 -0.0182121
0 -0.0056738 -0.0118858 -0.0184552
0 -0.00567908 -0.011937 -0.0185699
0 -0.005649 -0.0118965 -0.0185516
0 -0.00558392 -0.0117649 -0.0183984
0 -0.00548501 -0.011544 -0.0181111
0 -0.00535457 -0.0112373 -0.0176925
0 -0.00519601 -0.01085 -0.0171485
0 -0.00501351 -0.010389 -0.0164882
0 -0.00481108 -0.00986274 -0.015723
0 -0.00459175 -0.00927978 -0.0148652
0 -0.00435802 -0.00864835 -0.0139275
0 -0.00411187 -0.00797632 -0.0129215
0 -0.00385581 -0.00727347 -0.011859
0 -0.00359352 -0.00655227 -0.0107587
0 -0.00332883 -0.00582364 -0.0096426
0 -0.00306692 -0.00509534 -0.00852555
0 -0.00281255 -0.00437494 -0.0074218
0 -0.00256764 -0.00366956 -0.00635124
0 -0.00233288 -0.00298826 -0.00533229
0 -0.00211031 -0.00234471 -0.00437894
0 -0.00190374 -0.00175209 -0.00350418
0 -0.00171652 -0.00121965 -0.00272115
0 -0.00155092 -0.000755507 -0.00204099
0 -0.00140978 -0.000368972 -0.00147287
0 -0.00129794 -6.88112e-05 -0.00102617
0 -0.00122166 0.000138417 -0.000710557
0 -0.00118651 0.000247548 -0.000534014
0 -0.00119618 0.000253686 -0.000502511
0 -0.00125284 0.00015235 -0.00062085
0 -0.00135754 -5.99786e-05 -0.000892585
0 -0.00151029 -0.00038577 -0.00131973
0 -0.00171008 -0.000826538 -0.00190321
0 -0.00195538 -0.00138258 -0.00264314
0 -0.00224426 -0.0020523 -0.00353828
0 -0.00257355 -0.00283153 -0.00458554
0 -0.00293912 -0.00371332 -0.00577978
0 -0.00333763 -0.00468859 -0.0071135
0 -0.00376767 -0.005747 -0.00857636
0 -0.00422781 -0.00687682 -0.010155
0 -0.00471259 -0.00806707 -0.011833
0 -0.00521131 -0.00930781 -0.0135918
0 -0.00571102 -0.0105839 -0.0154134
0 -0.0062003 -0.0118709 -0.0172788
0 -0.00667156 -0.0131408 -0.0191609
0 -0.00711913 -0.0143718 -0.0210284
0 -0.00753606 -0.0155488 -0.022849
0 -0.00791437 -0.0166569 -0.0245875
0 -0.00824663 -0.0176762 -0.0262057
0 -0.00852717 -0.018585 -0.0276682
0 -0.00875329 -0.0193654 -0.028946
0 -0.00892508 -0.0200048 -0.030014
0 -0.00904376 -0.0204921 -0.0308482
0 -0.00911099 -0.0208165 -0.0314304
0 -0.00912917 -0.0209712 -0.0317502
0 -0.00910129 -0.020956 -0.0318014
0 -0.00902985 -0.0207767 -0.0315823
0 -0.00891666 -0.020442 -0.0310989
0 -0.00876371 -0.0199625 -0.0303646
0 -0.00857294 -0.0193516 -0.029398
0 -0.00834546 -0.018624 -0.0282233
0 -0.00808193 -0.0177937 -0.0268693
0 -0.00778284 -0.0168729 -0.0253676
0 -0.00744893 -0.0158729 -0.0237515
0 -0.00708184 -0.0148057 -0.0220549
0 -0.00668506 -0.0136847 -0.0203121
0 -0.00626345 -0.0125259 -0.0185565
0 -0.00582085 -0.0113463 -0.0168182
0 -0.00535999 -0.0101618 -0.0151146
0 -0.00488653 -0.0089882 -0.0134553
0 -0.0044089 -0.00783875 -0.0118535
0 -0.00393187 -0.00671723 -0.0103161
0 -0.00345457 -0.00561878 -0.00883893
0 -0.00297621 -0.00454009 -0.00742138
0 -0.00250005 -0.00348566 -0.0060656
0 -0.002032 -0.00246243 -0.00476831
0 -0.0015788 -0.00147322 -0.00352236
0 -0.00114625 -0.000517805 -0.00232165
0 -0.000736731 0.000403105 -0.00116019
0 -0.000349867 0.00128668 -3.04816e-05
0 1.47221e-05 0.00213029 0.00107401
0 0.000356128 0.00293362 0.0021563
0 0.000672532 0.00369741 0.00321608
0 0.000962231 0.00442084 0.00425032
0 0.00122399 0.00510121 0.00525288
0 0.00145664 0.00573556 0.00621493
0 0.00165906 0.00632145 0.00712635
0 0.001831 0.0068558 0.00797633
0 0.00197339 0.00733363 0.00875305
0 0.0020877 0.00774846 0.00944382
0 0.00217502 0.00809356 0.010036
0 0.00223585 0.00836298 0.0105178
0 0.00227042 0.00855162 0.0108782
0 0.00227879 0.0086552 0.0111074
0 0.00226067 0.0086705 0.0111973
0 0.00221559 0.00859565 0.0111417
0 0.00214306 0.00843057 0.0109372
0 0.00204204 0.00817645 0.0105831
0 0.00191125 0.00783432 0.0100817
0 0.00174983 0.00740468 0.00943774
0 0.00155697 0.00688819 0.00865762
0 0.00133123 0.00628558 0.00774912
0 0.00107061 0.00559733 0.00672055
0 0.000773314 0.00482387 0.00558048
0 0.000438103 0.00396628 0.00433748
0 6.43122e-05 0.00302664 0.00299958
0 -0.000348229 0.00200793 0.00157383
0 -0.000799065 0.000913574 6.59364e-05
0 -0.00128759 -0.000252516 -0.00151962
0 -0.00181222 -0.00148573 -0.00317927
0 -0.00236878 -0.00278089 -0.00490992
0 -0.00295442 -0.00413253 -0.00670861
0 -0.00357078 -0.00553547 -0.00857232
0 -0.00421689 -0.00698709 -0.010498
0 -0.00488295 -0.00848596 -0.0124826
0 -0.00555461 -0.0100232 -0.0145243
0 -0.00622149 -0.0115819 -0.0166218
0 -0.00688096 -0.013148 -0.0187676
0 -0.00753325 -0.0147147 -0.0209516
0 -0.00817585 -0.0162773 -0.0231642
0 -0.00880361 -0.0178309 -0.0253907
0 -0.00941095 -0.0193674 -0.027611
0 -0.00999363 -0.0208753 -0.0298022
0 -0.0105494 -0.0223434 -0.0319437
0 -0.0110763 -0.0237619 -0.0340186
0 -0.0115718 -0.0251193 -0.0360064
0 -0.0120322 -0.0263999 -0.0378848
0 -0.0124541 -0.0275867 -0.0396357
0 -0.0128342 -0.0286644 -0.0412414
0 -0.0131677 -0.0296202 -0.0426813
0 -0.0134493 -0.0304416 -0.0439361
0 -0.0136728 -0.0311164 -0.0449886
0 -0.0138329 -0.0316334 -0.0458226
0 -0.0139257 -0.0319834 -0.0464229
0 -0.0139489 -0.0321597 -0.0467765
0 -0.0139019 -0.0321573 -0.0468735
0 -0.0137833 -0.0319724 -0.0467059
0 -0.0135916 -0.0316018 -0.0462673
0 -0.0133299 -0.0310445 -0.0455547
0 -0.0130018 -0.0303028 -0.0445688
0 -0.012608 -0.0293819 -0.0433138
0 -0.0121487 -0.0282871 -0.0417969
0 -0.0116258 -0.0270253 -0.0400297
0 -0.0110428 -0.0256058 -0.0380279
0 -0.0104044 -0.0240405 -0.0358109
0 -0.00971489 -0.0223425 -0.0334005
0 -0.00897822 -0.0205251 -0.0308197
0 -0.00819908 -0.0186018 -0.0280928
0 -0.00738353 -0.0165871 -0.0252442
0 -0.00653951 -0.014498 -0.0222988
0 -0.00568238 -0.0123554 -0.0192824
0 -0.00483116 -0.0101889 -0.0162253
0 -0.00399003 -0.00802943 -0.0131561
0 -0.00314857 -0.00588751 -0.0100935
0 -0.00230334 -0.00375675 -0.00705012
0 -0.00146505 -0.00164056 -0.00404032
0 -0.000649529 0.000440351 -0.00108413
0 0.000131694 0.00246094 0.00179396
0 0.000875857 0.00440512 0.00457384
0 0.00158538 0.00626731 0.0072426
0 0.0022604 0.008043 0.00978828
0 0.00289589 0.00972003 0.0121956
0 0.00348475 0.0112805 0.0144494
0 0.00402164 0.0127096 0.0165362
0 0.00450352 0.0140002 0.0184426
0 0.00492829 0.0151488 0.020155
0 0.00529397 0.0161505 0.0216613
0 0.00559896 0.0169975 0.0229506
0 0.00584205 0.0176824 0.0240124
0 0.00602208 0.0182012 0.0248372
0 0.00613784 0.0185529 0.0254172
0 0.00618862 0.0187376 0.0257466
0 0.0061747 0.0187548 0.0258215
0 0.00609844 0.0186038 0.0256398
0 0.00596349 0.0182859 0.0252027
0 0.00577139 0.0178053 0.0245155
0 0.00552278 0.0171667 0.0235864
0 0.00522089 0.0163752 0.0224271
0 0.00487061 0.0154388 0.0210531
0 0.00447617 0.01437 0.0194834
0 0.00404117 0.0131834 0.0177397
0 0.00356991 0.0118952 0.0158455
0 0.00306778 0.0105225 0.0138266
0 0.00254072 0.00908392 0.0117102
0 0.0019948 0.00759902 0.00952465
0 0.0014359 0.00608657 0.00729807
0 0.000869482 0.00456334 0.00505762
0 0.000299769 0.00304444 0.00282882
0 -0.000269378 0.00154306 0.000635416
0 -0.000834719 6.99023e-05 -0.00150095
0 -0.00139606 -0.00136821 -0.00356169
0 -0.00195406 -0.00276712 -0.00553213
0 -0.00250563 -0.00411647 -0.00740203
0 -0.00304162 -0.0053994 -0.00916538
0 -0.00355296 -0.00660523 -0.0108171
0 -0.00403941 -0.007733 -0.012353
0 -0.00450558 -0.00878569 -0.0137744
0 -0.00495274 -0.00976776 -0.0150857
0 -0.00537927 -0.0106847 -0.0162917
0 -0.00578467 -0.0115423 -0.0174006
0 -0.00617041 -0.0123474 -0.0184229
0 -0.00653888 -0.0131089 -0.0193695
0 -0.00689266 -0.0138354 -0.0202537
0 -0.00723386 -0.0145327 -0.021089
0 -0.00756384 -0.0152048 -0.0218885
0 -0.0078835 -0.0158563 -0.022666
0 -0.00819314 -0.0164915 -0.0234327
0 -0.00849128 -0.0171123 -0.0241956
0 -0.00877403 -0.0177176 -0.024959
0 -0.0090362 -0.0183044 -0.025724
0 -0.009273 -0.0188686 -0.0264884
0 -0.00948097 -0.0194052 -0.0272472
0 -0.00965787 -0.0199079 -0.0279928
0 -0.00980223 -0.0203688 -0.0287149
0 -0.00991329 -0.0207798 -0.0294006
0 -0.00999127 -0.0211327 -0.0300354
0 -0.0100377 -0.0214212 -0.0306039
0 -0.0100556 -0.0216409 -0.0310906
0 -0.0100484 -0.0217893 -0.0314808
0 -0.0100193 -0.0218653 -0.0317604
0 -0.00997057 -0.021869 -0.0319171
0 -0.00990378 -0.021801 -0.0319406
0 -0.00982022 -0.021662 -0.0318231
0 -0.00972004 -0.0214514 -0.0315598
0 -0.00960157 -0.0211677 -0.0311492
0 -0.00946212 -0.0208085 -0.030594
0 -0.00929875 -0.0203715 -0.0299005
0 -0.00910828 -0.0198541 -0.0290776
0 -0.00888702 -0.019254 -0.0281363
0 -0.00863074 -0.0185696 -0.0270877
0 -0.00833514 -0.0178007 -0.0259428
0 -0.00799648 -0.0169484 -0.0247115
0 -0.007612 -0.0160148 -0.0234019
0 -0.00718014 -0.0150029 -0.02202
0 -0.00670114 -0.0139163 -0.0205699
0 -0.0061778 -0.0127599 -0.0190545
0 -0.00561649 -0.0115395 -0.017476
0 -0.00502616 -0.010263 -0.0158367
0 -0.00441653 -0.00893999 -0.014138
0 -0.00380217 -0.00758114 -0.0123832
0 -0.00320197 -0.00620154 -0.010577
0 -0.0026273 -0.00482051 -0.00872495
0 -0.00207756 -0.00345278 -0.00683785
0 -0.00154814 -0.00210373 -0.004926
0 -0.00103962 -0.000775077 -0.00299769
0 -0.00055779 0.000526664 -0.00106972
0 -0.000106252 0.0017901 0.000835565
0 0.000316907 0.00300532 0.00269879
0 0.000716782 0.00416715 0.0045013
0 0.00109756 0.00527302 0.00622332
0 0.00146013 0.00631878 0.00784573
0 0.00180357 0.00729764 0.00935121
0 0.00212774 0.00820285 0.0107247
0 0.00243309 0.0090299 0.0119537
0 0.00271861 0.00977555 0.0130287
0 0.00298154 0.0104357 0.0139444
0 0.00321892 0.0110056 0.0146993
0 0.0034287 0.0114812 0.0152947
0 0.00360921 0.0118605 0.0157351
0 0.00375794 0.0121427 0.0160264
0 0.00387128 0.012327 0.0161758
0 0.00394526 0.0124124 0.0161908
0 0.00397632 0.0123995 0.0160795
0 0.00396239 0.0122906 0.0158507
0 0.003903 0.0120876 0.0155123
0 0.00379784 0.0117933 0.0150717
0 0.00364692 0.0114116 0.0145347
0 0.00345206 0.0109469 0.0139061
0 0.0032167 0.0104035 0.0131893
0 0.00294483 0.00978571 0.0123861
0 0.00264013 0.00909748 0.0114973
0 0.0023059 0.00834261 0.0105222
0 0.00194533 0.00752462 0.00945982
0 0.00156151 0.00664664 0.00830901
0 0.00115689 0.00571137 0.00706901
0 0.000733028 0.00472101 0.00573968
0 0.000290747 0.003677 0.00432144
0 -0.000169819 0.00257998 0.00281549
0 -0.000649367 0.00143019 0.00122407
0 -0.00114833 0.000228023 -0.00044931
0 -0.00166726 -0.00102622 -0.00219994
0 -0.00221045 -0.00233235 -0.00402227
0 -0.00278394 -0.00369135 -0.00591037
0 -0.00338829 -0.00510581 -0.00785822
0 -0.00401659 -0.00657488 -0.00985971
0 -0.00465905 -0.00808889 -0.0119101
0 -0.00531014 -0.00963196 -0.0140046
0 -0.00596858 -0.0111907 -0.0161341
0 -0.00663048 -0.0127569 -0.0182883
0 -0.00728781 -0.0143225 -0.0204558
0 -0.00793128 -0.015877 -0.0226207
0 -0.00855242 -0.0174069 -0.0247682
0 -0.0091446 -0.0188983 -0.0268816
0 -0.00970277 -0.020339 -0.0289384
0 -0.0102223 -0.0217166 -0.0309213
0 -0.0106987 -0.023017 -0.032816
0 -0.0111281 -0.0242239 -0.034601
0 -0.0115074 -0.0253212 -0.0362536
0 -0.0118333 -0.0262948 -0.0377542
0 -0.0121021 -0.027132 -0.039082
0 -0.0123092 -0.0278207 -0.0402134
0 -0.0124501 -0.0283487 -0.0411261
0 -0.0125206 -0.0287045 -0.0417995
0 -0.0125179 -0.0288782 -0.0422139
0 -0.0124393 -0.0288613 -0.0423513
0 -0.0122827 -0.0286469 -0.0421963
0 -0.0120479 -0.0282287 -0.0417366
0 -0.0117366 -0.0276014 -0.0409638
0 -0.0113505 -0.0267644 -0.0398738
0 -0.0108915 -0.0257209 -0.0384685
0 -0.0103619 -0.0244765 -0.0367552
0 -0.00976405 -0.0230387 -0.0347462
0 -0.00910151 -0.0214178 -0.0324589
0 -0.00837837 -0.0196273 -0.0299154
0 -0.0075994 -0.0176835 -0.0271422
0 -0.00677102 -0.0156047 -0.0241694
0 -0.00590179 -0.0134109 -0.0210298
0 -0.00500577 -0.0111255 -0.0177588
0 -0.00410509 -0.00878102 -0.0143952
0 -0.00321633 -0.00642079 -0.0109839
0 -0.00233614 -0.00407645 -0.0075637
0 -0.001454 -0.00175016 -0.00415509
0 -0.000574275 0.0005606 -0.000778421
0 0.000282475 0.00283472 0.00252789
0 0.00109464 0.00503221 0.00572096
0 0.00185179 0.00711666 0.00876888
0 0.00255386 0.00906969 0.0116481
0 0.00320198 0.0108839 0.0143348
0 0.00379203 0.0125465 0.0168036
0 0.00431604 0.0140349 0.0190325
0 0.00476698 0.0153266 0.0210029
0 0.00514147 0.0164106 0.0226966
0 0.0054394 0.0172871 0.0240974
0 0.00566198 0.0179595 0.025194
0 0.00580992 0.0184278 0.0259784
0 0.00588289 0.0186892 0.0264434
0 0.00588042 0.0187411 0.0265843
0 0.00580525 0.018587 0.0264008
0 0.00566405 0.0182356 0.0258986
0 0.00546132 0.0176944 0.0250868
0 0.00519663 0.016966 0.023977
0 0.00486864 0.0160531 0.0225853
0 0.00447825 0.0149639 0.0209322
0 0.00402766 0.0137104 0.0190412
0 0.00351828 0.0123051 0.0169374
0 0.00295058 0.0107597 0.0146467
0 0.00232585 0.0090875 0.0121955
0 0.00164763 0.00730411 0.00961001
0 0.000921331 0.00542659 0.00691556
0 0.000152315 0.00347151 0.00413662
0 -0.000654382 0.00145396 0.00129637
0 -0.00149654 -0.000614156 -0.00158363
0 -0.00237497 -0.00272429 -0.00448377
0 -0.00327885 -0.00486326 -0.00738645
0 -0.00418186 -0.00700441 -0.0102789
0 -0.00506069 -0.00911443 -0.0131491
0 -0.0059044 -0.0111682 -0.015982
0 -0.00671069 -0.0131522 -0.0187604
0 -0.00747888 -0.0150583 -0.0214618
0 -0.00820228 -0.0168768 -0.0240667
0 -0.00886849 -0.0185927 -0.0265602
0 -0.00946849 -0.02019 -0.0289178
0 -0.0100021 -0.0216585 -0.0311152
0 -0.0104739 -0.0229937 -0.0331381
0 -0.0108875 -0.0241916 -0.0349721
0 -0.0112433 -0.0252444 -0.036599
0 -0.0115416 -0.0261432 -0.0380048
0 -0.0117844 -0.0268821 -0.0391791
0 -0.0119737 -0.0274593 -0.0401108
0 -0.0121101 -0.0278741 -0.0407888
0 -0.012191 -0.0281239 -0.0412043
0 -0.0122118 -0.0282043 -0.0413506
0 -0.0121669 -0.0281094 -0.0412234
0 -0.0120507 -0.0278345 -0.040821
0 -0.0118611 -0.0273772 -0.0401462
0 -0.0115981 -0.0267372 -0.0392059
0 -0.0112614 -0.0259146 -0.0380098
0 -0.0108501 -0.0249108 -0.0365695
0 -0.0103646 -0.0237304 -0.0348984
0 -0.00980723 -0.0223814 -0.0330112
0 -0.00918194 -0.0208754 -0.0309238
0 -0.00849306 -0.0192255 -0.0286523
0 -0.00774537 -0.0174458 -0.0262132
0 -0.00694466 -0.0155512 -0.0236227
0 -0.00609957 -0.0135571 -0.0208977
0 -0.00522218 -0.0114807 -0.0180565
0 -0.00433195 -0.00934243 -0.0151202
0 -0.00345485 -0.00717161 -0.0121155
0 -0.00260079 -0.00500347 -0.00906872
0 -0.00175962 -0.00285476 -0.00600077
0 -0.000928053 -0.000721473 -0.00292996
0 -0.000117728 0.00139304 0.000126357
0 0.00065713 0.00346736 0.00314345
0 0.00138923 0.00547456 0.00608929
0 0.00208007 0.00739507 0.00893763
0 0.00273361 0.00921959 0.0116674
0 0.00334907 0.0109417 0.0142549
0 0.00392069 0.012549 0.0166749
0 0.00444292 0.014024 0.0189058
0 0.0049137 0.0153529 0.0209297
0 0.00533307 0.0165302 0.0227303
0 0.00570024 0.0175552 0.0242933
0 0.00601225 0.0184242 0.0256072
0 0.00626448 0.0191288 0.0266622
0 0.00645201 0.0196587 0.0274493
0 0.00657104 0.0200056 0.0279619
0 0.00662 0.0201649 0.0281961
0 0.00659935 0.0201351 0.0281512
0 0.00651238 0.0199174 0.0278296
0 0.00636215 0.019515 0.0272369
0 0.00614565 0.0189289 0.0263796
0 0.00585876 0.0181618 0.0252664
0 0.00550253 0.017222 0.0239094
0 0.00508021 0.0161198 0.0223222
0 0.00459374 0.0148645 0.0205195
0 0.00404497 0.0134652 0.0185181
0 0.00343859 0.0119328 0.0163371
0 0.00278254 0.0102814 0.0139964
0 0.0020856 0.00852608 0.0115167
0 0.00135508 0.00668233 0.00891888
0 0.00059609 0.00476553 0.00622345
0 -0.000187155 0.00279162 0.00345068
0 -0.000993686 0.000775791 0.000620599
0 -0.00182777 -0.00127273 -0.00224687
0 -0.00268451 -0.00334922 -0.0051323
0 -0.00354244 -0.00543604 -0.00801716
0 -0.00438079 -0.00749988 -0.0108852
0 -0.00518913 -0.00951228 -0.01372
0 -0.00596401 -0.0114582 -0.0165008
0 -0.00670603 -0.0133313 -0.0192025
0 -0.00741406 -0.0151278 -0.021802
0 -0.00808108 -0.0168387 -0.0242846
0 -0.00869922 -0.0184494 -0.0266339
0 -0.00926635 -0.0199481 -0.0288267
0 -0.00978518 -0.0213308 -0.030848
0 -0.0102577 -0.0225952 -0.0326914
0 -0.010683 -0.0237346 -0.0343459
0 -0.0110588 -0.0247389 -0.0357995
0 -0.0113845 -0.0256008 -0.0370478
0 -0.0116613 -0.0263189 -0.0380889
0 -0.01189 -0.0268956 -0.0389195
0 -0.0120704 -0.0273324 -0.0395375
0 -0.0122003 -0.0276292 -0.0399432
0 -0.0122767 -0.0277852 -0.0401381
0 -0.012297 -0.0278005 -0.0401242
0 -0.0122592 -0.0276756 -0.0399051
0 -0.0121612 -0.0274107 -0.039487
0 -0.0120025 -0.0270068 -0.0388778
0 -0.0117836 -0.0264654 -0.0380858
0 -0.011506 -0.0257893 -0.0371205
0 -0.011172 -0.0249841 -0.0359925
0 -0.0107854 -0.0240581 -0.0347133
0 -0.0103506 -0.0230209 -0.033294
0 -0.00987224 -0.0218839 -0.031746
0 -0.00935526 -0.0206589 -0.0300807
0 -0.0088042 -0.0193579 -0.0283093
0 -0.00822338 -0.0179915 -0.0264426
0 -0.00761725 -0.0165693 -0.024492
0 -0.00699085 -0.0151002 -0.0224694
0 -0.00635063 -0.0135934 -0.0203881
0 -0.00570365 -0.0120585 -0.0182623
0 -0.0050565 -0.0105064 -0.0161071
0 -0.00441995 -0.00894874 -0.0139375
0 -0.00380573 -0.00740227 -0.0117674
0 -0.00321424 -0.0058849 -0.00960897
0 -0.0026371 -0.00440198 -0.00747533
0 -0.00206937 -0.00294754 -0.0053768
0 -0.00151404 -0.00152151 -0.00332085
0 -0.000977454 -0.000133852 -0.00132245
0 -0.000464271 0.00120295 0.00059982
0 2.44624e-05 0.00248007 0.00243515
0 0.000490173 0.00369382 0.00417531
0 0.000932772 0.00484097 0.00580925
0 0.001349 0.00591402 0.00732779
0 0.00173526 0.0069034 0.00872507
0 0.00209013 0.0078031 0.00999569
0 0.00241293 0.00861141 0.0111342
0 0.00270109 0.00932665 0.0121361
0 0.00295011 0.00994438 0.0129973
0 0.00315558 0.010459 0.0137143
0 0.00331487 0.0108665 0.0142842
0 0.00342721 0.011165 0.0147051
0 0.00349311 0.0113537 0.0149765
0 0.00351368 0.0114316 0.0150982
0 0.00349011 0.0113978 0.0150702
0 0.00342426 0.0112533 0.0148928
0 0.00331868 0.0110018 0.0145676
0 0.00317493 0.010648 0.0140965
0 0.00299358 0.0101964 0.0134825
0 0.00277597 0.00965202 0.0127299
0 0.00252434 0.00902024 0.0118448
0 0.00224098 0.0083069 0.0108342
0 0.00192747 0.0075168 0.00970594
0 0.00158493 0.00665354 0.00846852
0 0.00121471 0.0057207 0.00713127
0 0.000818943 0.00472298 0.0057045
0 0.000400237 0.00366629 0.00419936
0 -3.87391e-05 0.00255733 0.00262736
0 -0.000495341 0.00140361 0.00100002
0 -0.000967379 0.000213757 -0.00067116
0 -0.00145239 -0.00100316 -0.00237468
0 -0.00194694 -0.00223827 -0.00409912
0 -0.00245075 -0.0034832 -0.00583335
0 -0.00296586 -0.00473287 -0.00756694
0 -0.0034886 -0.00598359 -0.00929076
0 -0.0040082 -0.00722401 -0.010997
0 -0.00451271 -0.00843593 -0.0126756
0 -0.00499598 -0.00960637 -0.0143152
0 -0.00545764 -0.010731 -0.0159072
0 -0.0058966 -0.0118065 -0.0174395
0 -0.00630908 -0.0128273 -0.0188984
0 -0.00669144 -0.0137866 -0.0202762
0 -0.0070418 -0.0146786 -0.0215647
0 -0.00736025 -0.0154993 -0.0227514
0 -0.0076479 -0.0162458 -0.0238268
0 -0.00790504 -0.0169139 -0.0247858
0 -0.00813028 -0.0174978 -0.0256223
0 -0.00832192 -0.0179921 -0.026329
0 -0.00847927 -0.0183937 -0.0269012
0 -0.00860207 -0.018701 -0.0273366
0 -0.00868929 -0.0189123 -0.0276329
0 -0.00873947 -0.0190266 -0.0277886
0 -0.00875174 -0.0190441 -0.0278049
0 -0.00872603 -0.0189662 -0.0276842
0 -0.0086622 -0.0187949 -0.0274297
0 -0.00855972 -0.0185319 -0.0270449
0 -0.00841813 -0.0181788 -0.0265346
0 -0.00823754 -0.0177377 -0.0259044
0 -0.00801882 -0.0172114 -0.0251606
0 -0.00776353 -0.0166034 -0.0243099
0 -0.00747374 -0.0159179 -0.0233595
0 -0.00715193 -0.0151598 -0.022317
0 -0.00680112 -0.0143352 -0.0211899
0 -0.006425 -0.0134513 -0.0199862
0 -0.00602774 -0.0125166 -0.0187145
0 -0.00561418 -0.01154 -0.0173838
0 -0.00518954 -0.0105309 -0.0160036
0 -0.00475797 -0.00949972 -0.0145832
0 -0.00432335 -0.0084558 -0.0131321
0 -0.00389323 -0.00740823 -0.0116632
0 -0.00347635 -0.00636922 -0.0101882
0 -0.00307657 -0.00535087 -0.00871786
0 -0.00269307 -0.00435724 -0.00726415
0 -0.00232266 -0.00338666 -0.0058362
0 -0.00196304 -0.00243883 -0.00444356
0 -0.0016152 -0.00151817 -0.00309914
0 -0.00128091 -0.00063186 -0.00181366
0 -0.000960539 0.000213774 -0.000596013
0 -0.000654386 0.00101351 0.000544742
0 -0.000363791 0.00176192 0.00160083
0 -9.09212e-05 0.00245256 0.00256564
0 0.000160977 0.00307847 0.00343305
0 0.000387679 0.00363385 0.0041982
0 0.000585498 0.00411491 0.00485748
0 0.000751984 0.00451867 0.00540788
0 0.000884843 0.0048417 0.00584701
0 0.000981368 0.00508054 0.00617297
0 0.00103947 0.00523264 0.00638428
0 0.00105862 0.00529657 0.00647993
0 0.00103943 0.00527154 0.00645921
0 0.000983211 0.0051575 0.00632175
0 0.00089171 0.00495576 0.0060678
0 0.000766787 0.00466906 0.0056985
0 0.000610746 0.00430144 0.00521589
0 0.000426559 0.00385792 0.004623
0 0.000217179 0.0033441 0.00392382
0 -1.49255e-05 0.00276585 0.00312351
0 -0.000267459 0.00212918 0.00222856
0 -0.000537846 0.00144018 0.00124698
0 -0.000823276 0.000705082 0.000188281
0 -0.00112119 -6.98492e-05 -0.000936832
0 -0.00142995 -0.000878312 -0.00211674
0 -0.00174815 -0.00171405 -0.00333921
0 -0.00207325 -0.00257123 -0.00459166
0 -0.00240356 -0.00344346 -0.00586146
0 -0.00274013 -0.00432366 -0.00713638
0 -0.00308472 -0.00520775 -0.00840471
0 -0.00343538 -0.00609125 -0.00965582
0 -0.00378543 -0.00696271 -0.0108806
0 -0.00412908 -0.00780932 -0.0120685
0 -0.00446352 -0.00862239 -0.013209
0 -0.00478567 -0.00939618 -0.0142966
0 -0.00509189 -0.0101268 -0.0153255
0 -0.00537933 -0.0108108 -0.0162864
0 -0.00564548 -0.0114438 -0.0171722
0 -0.00588694 -0.0120213 -0.0179779
0 -0.00610031 -0.0125392 -0.0186977
0 -0.00628368 -0.0129938 -0.0193277
0 -0.0064366 -0.0133813 -0.0198649
0 -0.00655947 -0.0136983 -0.0203059
0 -0.00665282 -0.0139418 -0.0206485
0 -0.00671705 -0.0141103 -0.0208923
0 -0.00675256 -0.0142036 -0.0210364
0 -0.00676001 -0.0142232 -0.0210799
0 -0.00673995 -0.0141711 -0.021023
0 -0.00669239 -0.0140498 -0.0208667
0 -0.00661717 -0.0138624 -0.0206126
0 -0.00651513 -0.0136125 -0.0202634
0 -0.00638793 -0.0133034 -0.0198238
0 -0.00623736 -0.012938 -0.0192994
0 -0.00606529 -0.0125194 -0.0186966
0 -0.00587359 -0.0120507 -0.0180227
0 -0.00566405 -0.0115354 -0.0172852
0 -0.0054383 -0.0109775 -0.0164914
0 -0.00519789 -0.0103818 -0.015648
0 -0.00494422 -0.0097541 -0.0147623
0 -0.0046788 -0.00910118 -0.0138434
0 -0.00440445 -0.00842995 -0.012901
0 -0.00412552 -0.00774784 -0.011943
0 -0.00384715 -0.00706341 -0.0109769
0 -0.00357468 -0.00638584 -0.0100122
0 -0.00331131 -0.0057219 -0.00905893
0 -0.0030574 -0.00507474 -0.00812538
0 -0.00281444 -0.00444808 -0.00721826
0 -0.00258478 -0.00384652 -0.00634491
0 -0.002368 -0.00327253 -0.00551285
0 -0.00216144 -0.00272762 -0.00472798
0 -0.00196353 -0.00221467 -0.0039949
0 -0.00177456 -0.0017369 -0.00331728
0 -0.00159496 -0.00129557 -0.00269755
0 -0.00142528 -0.000890802 -0.00213767
0 -0.00126736 -0.000523841 -0.00163988
0 -0.0011244 -0.000197362 -0.00120656
0 -0.00100022 8.53475e-05 -0.000839633
0 -0.000898007 0.00032124 -0.000539838
0 -0.000819196 0.000507952 -0.000306874
0 -0.000763982 0.000643459 -0.000140107
0 -0.000732394 0.000725749 -3.88452e-05
0 -0.000724148 0.000753573 -2.1329e-06
0 -0.00073796 0.000727543 -2.87054e-05
0 -0.000771759 0.000650201 -0.00011725
0 -0.000823752 0.000525037 -0.000266705
0 -0.00089313 0.000355553 -0.00047638
0 -0.000979432 0.000145194 -0.000745675
0 -0.00108167 -0.000102489 -0.00107347
0 -0.00119821 -0.000384059 -0.00145764
0 -0.00132705 -0.000696517 -0.001895
0 -0.00146612 -0.0010374 -0.00238147
0 -0.0016135 -0.00140463 -0.0029123
0 -0.00176753 -0.00179625 -0.00348235
0 -0.00192703 -0.00221025 -0.00408625
0 -0.00209165 -0.00264441 -0.00471842
0 -0.00226163 -0.00309575 -0.0053732
0 -0.00243727 -0.0035607 -0.00604492
0 -0.00261925 -0.00403605 -0.00672823
0 -0.00280851 -0.00451943 -0.00741812
0 -0.00300475 -0.00500856 -0.00810953
0 -0.00320689 -0.00550084 -0.00879778
0 -0.00341284 -0.00599281 -0.00947892
0 -0.0036193 -0.00648009 -0.0101492
0 -0.00382407 -0.00695944 -0.0108045
0 -0.00402547 -0.00742861 -0.0114414
0 -0.00422099 -0.00788415 -0.0120568
0 -0.00440746 -0.00832111 -0.0126485
0 -0.00458213 -0.00873487 -0.013214
0 -0.00474413 -0.00912274 -0.0137505
0 -0.00489299 -0.0094827 -0.0142555
0 -0.00502686 -0.00981173 -0.0147248
0 -0.00514397 -0.0101066 -0.0151544
0 -0.00524385 -0.0103655 -0.0155405
0 -0.00532637 -0.0105874 -0.0158782
0 -0.00539118 -0.0107706 -0.0161631
0 -0.00543832 -0.0109136 -0.016392
0 -0.00546845 -0.0110154 -0.0165617
0 -0.00548291 -0.011076 -0.0166702
0 -0.00548344 -0.0110962 -0.0167166
0 -0.00547149 -0.0110767 -0.0167009
0 -0.00544769 -0.0110185 -0.0166234
0 -0.00541201 -0.0109227 -0.0164852
0 -0.00536394 -0.0107904 -0.0162879
0 -0.00530272 -0.0106227 -0.0160337
0 -0.0052276 -0.0104205 -0.0157261
0 -0.00513824 -0.0101852 -0.015369
0 -0.00503489 -0.00991845 -0.0149675
0 -0.00491833 -0.00962227 -0.0145274
0 -0.00478946 -0.00929899 -0.0140542
0 -0.00464895 -0.0089507 -0.0135527
0 -0.00449726 -0.00857962 -0.013027
0 -0.00433507 -0.00818866 -0.0124814
0 -0.00416406 -0.0077815 -0.0119188
0 -0.0039874 -0.00736248 -0.0113434
0 -0.0038085 -0.00693669 -0.0107602
0 -0.00362991 -0.0065094 -0.0101735
0 -0.00345494 -0.00608539 -0.00958761
0 -0.00328567 -0.00566784 -0.00900688
0 -0.00312071 -0.00525803 -0.00843411
0 -0.00296086 -0.00485944 -0.00787253
0 -0.00280952 -0.00447679 -0.00732593
0 -0.00266624 -0.00411064 -0.00679785
0 -0.00252896 -0.00376026 -0.00629208
0 -0.00239847 -0.00342742 -0.00581222
0 -0.00227616 -0.00311438 -0.00536154
0 -0.00216192 -0.00282241 -0.00494314
0 -0.0020554 -0.00255246 -0.00455973
0 -0.00195728 -0.00230609 -0.00421377
0 -0.0018692 -0.00208577 -0.00390783
0 -0.00179278 -0.0018943 -0.00364429
0 -0.00172887 -0.00173382 -0.00342486
0 -0.00167755 -0.00160544 -0.00325031
0 -0.00163867 -0.00150962 -0.00312057
0 -0.00161197 -0.00144644 -0.00303505
0 -0.00159709 -0.00141541 -0.00299303
0 -0.00159386 -0.00141552 -0.00299383
0 -0.00160277 -0.00144594 -0.00303712
0 -0.00162496 -0.00150654 -0.00312291
0 -0.00166148 -0.00159757 -0.00325121
0 -0.00171267 -0.00171914 -0.00342164
0 -0.00177815 -0.00187109 -0.00363332
0 -0.00185706 -0.00205301 -0.00388496
0 -0.0019479 -0.00226407 -0.00417475
0 -0.00204852 -0.00250254 -0.0045002
0 -0.00215655 -0.00276551 -0.00485827
0 -0.00227017 -0.00304935 -0.00524591
0 -0.00238839 -0.0033505 -0.00566038
0 -0.00251092 -0.00366583 -0.00609901
0 -0.00263763 -0.00399227 -0.00655874
0 -0.00276838 -0.00432665 -0.00703574
0 -0.00290195 -0.00466594 -0.00752531
0 -0.00303579 -0.00500733 -0.00802201
0 -0.00316885 -0.00534845 -0.00852042
0 -0.00330167 -0.00568801 -0.00901617
0 -0.00343344 -0.00602463 -0.00950581
0 -0.00356287 -0.00635603 -0.00998574
0 -0.00369057 -0.00668041 -0.0104521
0 -0.00381728 -0.00699611 -0.0109007
0 -0.0039411 -0.00730031 -0.0113274
0 -0.00405923 -0.00758915 -0.011729
0 -0.00417018 -0.00785846 -0.0121026
0 -0.00427287 -0.00810549 -0.0124453
0 -0.00436605 -0.0083288 -0.0127546
0 -0.00444796 -0.00852562 -0.0130281
0 -0.00451599 -0.00869206 -0.0132626
0 -0.00456809 -0.00882553 -0.0134555
0 -0.00460405 -0.00892499 -0.0136046
0 -0.00462456 -0.00898981 -0.0137084
0 -0.00463032 -0.00901975 -0.013766
0 -0.00462253 -0.00901565 -0.0137775
0 -0.00460306 -0.00897924 -0.0137433
0 -0.00457346 -0.00891259 -0.0136639
0 -0.00453441 -0.00881765 -0.01354
0 -0.00448607 -0.00869617 -0.0133726
0 -0.00442865 -0.0085499 -0.0131633
0 -0.00436251 -0.00838067 -0.0129148
0 -0.00428823 -0.00819027 -0.0126305
0 -0.00420673 -0.00798057 -0.0123147
0 -0.00411963 -0.00775397 -0.011972
0 -0.00402893 -0.00751359 -0.011608
0 -0.0039367 -0.00726306 -0.0112296
0 -0.00384436 -0.00700628 -0.0108428
0 -0.00375224 -0.0067471 -0.0104531
0 -0.00366067 -0.00648926 -0.010066
0 -0.00357034 -0.00623624 -0.00968679
0 -0.0034807 -0.00598966 -0.00931919
0 -0.0033904 -0.0057504 -0.00896708
0 -0.00329981 -0.00552093 -0.00863456
0 -0.00321073 -0.00530428 -0.00832445
0 -0.00312456 -0.00510133 -0.00803883
0 -0.00304236 -0.00491091 -0.0077794
0 -0.00296515 -0.00473359 -0.00754708
0 -0.00289406 -0.00457262 -0.00734275
0 -0.00283067 -0.00443083 -0.00716714
0 -0.00277665 -0.00430956 -0.00702021
0 -0.00273299 -0.00420997 -0.00690142
0 -0.00269983 -0.00413365 -0.00681003
0 -0.00267706 -0.00408177 -0.00674531
0 -0.0026645 -0.00405416 -0.00670659
0 -0.00266144 -0.00404907 -0.00669281
0 -0.00266623 -0.00406355 -0.00670237
0 -0.00267679 -0.00409422 -0.00673335
0 -0.0026915 -0.00413751 -0.00678388
0 -0.00270948 -0.00419014 -0.00685235
0 -0.00273019 -0.00424977 -0.0069375
0 -0.00275338 -0.00431523 -0.00703803
0 -0.00277893 -0.00438599 -0.00715224
0 -0.00280652 -0.00446179 -0.00727796
0 -0.00283557 -0.00454247 -0.00741267
0 -0.00286541 -0.0046279 -0.00755347
0 -0.0028954 -0.00471738 -0.00769733
0 -0.00292518 -0.00480943 -0.00784132
0 -0.0029547 -0.00490238 -0.00798286
0 -0.00298415 -0.00499461 -0.00811976
0 -0.00301388 -0.00508428 -0.00825019
0 -0.00304417 -0.00516974 -0.00837254
0 -0.00307468 -0.00524953 -0.00848542
0 -0.00310464 -0.00532216 -0.0085876
0 -0.00313338 -0.00538679 -0.00867805
0 -0.0031602 -0.00544353 -0.0087563
0 -0.00318464 -0.00549294 -0.0088224
0 -0.00320652 -0.00553573 -0.00887662
0 -0.00322569 -0.00557251 -0.00891962
0 -0.003242 -0.00560355 -0.00895241
0 -0.00325561 -0.00562904 -0.00897601
0 -0.00326677 -0.00564907 -0.00899151
0 -0.00327546 -0.00566348 -0.00899998
0 -0.00328166 -0.00567208 -0.00900239
0 -0.0032857 -0.00567523 -0.00899987
0 -0.00328828 -0.00567401 -0.00899385
0 -0.00329019 -0.00566995 -0.00898589
0 -0.0032919 -0.00566455 -0.00897721
0 -0.00329327 -0.00565886 -0.00896838
0 -0.00329369 -0.0056533 -0.00895937
0 -0.00329259 -0.00564795 -0.0089501
0 -0.00329001 -0.00564294 -0.00894085
0 -0.00328672 -0.00563862 -0.00893243
0 -0.00328379 -0.00563536 -0.00892582
0 -0.00328198 -0.0056333 -0.00892157
0 -0.00328145 -0.00563223 -0.00891979
0 -0.00328196 -0.00563193 -0.00892028
0 -0.0032831 -0.00563231 -0.00892267
0 -0.0032844 -0.00563336 -0.00892649
0 -0.0032852 -0.00563488 -0.00893109
0 -0.00328475 -0.00563628 -0.00893555
0 -0.00328242 -0.00563671 -0.00893889
0 -0.00327795 -0.00563526 -0.00894024
0 -0.00327156 -0.0056312 -0.00893903
0 -0.003264 -0.0056242 -0.00893508
0 -0.00325632 -0.0056145 -0.0089285
0 -0.00324948 -0.00560266 -0.00891947
0 -0.00324403 -0.00558951 -0.00890808
0 -0.00324013 -0.00557594 -0.00889432
0 -0.00323767 -0.00556294 -0.00887828
0 -0.00323638 -0.00555139 -0.00886022
0 -0.003236 -0.00554189 -0.00884065
0 -0.00323628 -0.0055347 -0.00882028
0 -0.0032371 -0.00552973 -0.00880014
0 -0.00323846 -0.00552663 -0.00878139
0 -0.0032404 -0.00552495 -0.00876503
0 -0.00324288 -0.00552422 -0.00875206
0 -0.00324565 -0.00552407 -0.00874333
0 -0.00324836 -0.00552429 -0.0087392
0 -0.00325055 -0.00552488 -0.0087397
0 -0.00325159 -0.00552578 -0.00874442
0 -0.00325064 -0.00552656 -0.0087523
0 -0.00324672 -0.00552635 -0.00876168
0 -0.00323922 -0.005524 -0.00877069
0 -0.0032283 -0.00551863 -0.00877775
0 -0.00321514 -0.00550994 -0.00878196
0 -0.00320157 -0.00549835 -0.00878295
0 -0.00318934 -0.00548459 -0.00878042
0 -0.00317935 -0.00546918 -0.00877374
0 -0.00317131 -0.00545222 -0.00876162
0 -0.00316416 -0.0054334 -0.0087424
0 -0.00315683 -0.0054125 -0.00871502
0 -0.00314887 -0.00538961 -0.00867944
0 -0.00314046 -0.00536505 -0.00863644
0 -0.00313196 -0.00533899 -0.00858745
0 -0.00312361 -0.00531135 -0.00853403
0 -0.00311552 -0.00528195 -0.00847747
0 -0.00310768 -0.00525076 -0.00841931
0 -0.00309993 -0.00521808 -0.00836115
0 -0.00309191 -0.00518436 -0.00830423
0 -0.00308313 -0.00515041 -0.00824967
0 -0.00307348 -0.00511724 -0.00819863
0 -0.00306345 -0.00508593 -0.00815252
0 -0.00305396 -0.00505821 -0.00811297
0 -0.00304614 -0.00503611 -0.00808154
0 -0.00304106 -0.00502103 -0.00805961
0 -0.00303935 -0.00501386 -0.0080481
0 -0.00304091 -0.00501477 -0.00804716
0 -0.00304506 -0.00502312 -0.00805625
0 -0.00305095 -0.0050379 -0.00807462
0 -0.00305796 -0.00505811 -0.00810152
0 -0.00306589 -0.00508279 -0.00813633
0 -0.00307501 -0.0051114 -0.00817871
0 -0.00308619 -0.00514417 -0.00822881
0 -0.00310062 -0.00518194 -0.00828703
0 -0.00311926 -0.00522577 -0.0083537
0 -0.00314237 -0.00527655 -0.00842874
0 -0.00316949 -0.00533477 -0.00851145
0 -0.0031993 -0.00540002 -0.0086005
0 -0.00322992 -0.00547067 -0.00869435
0 -0.00325999 -0.00554501 -0.00879161
0 -0.00328885 -0.00562139 -0.00889117
0 -0.00331606 -0.00569751 -0.00899203
0 -0.00334139 -0.00577102 -0.00909309
0 -0.00336478 -0.00584011 -0.00919304
0 -0.00338601 -0.00590325 -0.00929024
0 -0.00340482 -0.00595939 -0.00938284
0 -0.0034213 -0.00600844 -0.00946931
0 -0.00343592 -0.00605133 -0.00954846
0 -0.00344922 -0.00608937 -0.00961935
0 -0.00346166 -0.00612375 -0.00968117
0 -0.00347347 -0.00615522 -0.00973316
0 -0.00348455 -0.00618391 -0.00977466
0 -0.00349457 -0.00620923 -0.00980521
0 -0.00350317 -0.00623015 -0.00982456
0 -0.00351006 -0.0062454 -0.00983292
0 -0.00351509 -0.00625389 -0.00983091
0 -0.00351819 -0.00625492 -0.0098194
0 -0.00351926 -0.00624823 -0.00979936
0 -0.00351799 -0.00623395 -0.00977172
0 -0.0035139 -0.00621254 -0.00973722
0 -0.00350646 -0.00618466 -0.00969636
0 -0.00349519 -0.00615102 -0.00964955
0 -0.00347981 -0.00611219 -0.00959701
0 -0.00346019 -0.00606839 -0.00953881
0 -0.00343648 -0.00601958 -0.00947488
0 -0.00340921 -0.00596559 -0.0094052
0 -0.00337924 -0.00590635 -0.00932988
0 -0.00334764 -0.00584209 -0.00924912
0 -0.00331547 -0.00577335 -0.00916318
0 -0.00328351 -0.00570094 -0.00907224
0 -0.0032522 -0.00562587 -0.00897645
0 -0.00322167 -0.00554925 -0.00887599
0 -0.00319186 -0.00547216 -0.00877118
0 -0.00316269 -0.00539558 -0.00866273
0 -0.00313415 -0.00532021 -0.00855163
0 -0.00310636 -0.00524649 -0.008439
0 -0.00307951 -0.00517475 -0.00832622
0 -0.00305369 -0.0051052 -0.00821496
0 -0.00302896 -0.00503769 -0.00810683
0 -0.00300544 -0.00497188 -0.00800332
0 -0.00298313 -0.00490801 -0.00790569
0 -0.00296157 -0.0048466 -0.00781491
0 -0.00294002 -0.00478786 -0.00773144
0 -0.00291789 -0.00473174 -0.00765525
0 -0.00289478 -0.00467828 -0.00758598
0 -0.00287058 -0.00462748 -0.00752319
0 -0.00284559 -0.00457935 -0.00746644
0 -0.00282072 -0.00453408 -0.00741542
0 -0.00279733 -0.00449218 -0.00737006
0 -0.00277686 -0.00445444 -0.00733038
0 -0.0027604 -0.00442174 -0.00729634
0 -0.00274857 -0.00439495 -0.00726778
0 -0.00274146 -0.00437482 -0.00724446
0 -0.00273861 -0.00436168 -0.00722601
0 -0.00273912 -0.00435535 -0.00721206
0 -0.00274198 -0.00435522 -0.00720238
0 -0.00274635 -0.00436042 -0.007197
0 -0.00275164 -0.00436978 -0.00719621
0 -0.00275756 -0.0043821 -0.00720046
0 -0.00276413 -0.0043965 -0.0072104
0 -0.00277162 -0.0044126 -0.00722675
0 -0.00278033 -0.00443051 -0.00725008
0 -0.00279032 -0.00445064 -0.00728063
0 -0.00280148 -0.00447364 -0.00731824
0 -0.00281363 -0.00450034 -0.00736257
0 -0.00282672 -0.00453161 -0.00741323
0 -0.00284088 -0.00456814 -0.00746982
0 -0.00285634 -0.00461014 -0.00753192
0 -0.00287328 -0.00465731 -0.00759901
0 -0.00289182 -0.00470893 -0.00767046
0 -0.00291211 -0.00476411 -0.00774575
0 -0.00293453 -0.00482223 -0.00782468
0 -0.00295966 -0.0048832 -0.00790745
0 -0.00298793 -0.00494728 -0.00799437
0 -0.00301914 -0.00501462 -0.00808538
0 -0.00305247 -0.00508505 -0.00817993
0 -0.0030867 -0.00515804 -0.00827716
0 -0.00312049 -0.0052329 -0.00837629
0 -0.00315303 -0.00530908 -0.00847682
0 -0.00318413 -0.00538599 -0.00857853
0 -0.00321382 -0.00546255 -0.00868116
0 -0.00324226 -0.00553761 -0.0087842
0 -0.00326933 -0.00561005 -0.00888674
0 -0.00329459 -0.0056787 -0.00898758
0 -0.00331804 -0.00574288 -0.0090856
0 -0.00334063 -0.0058032 -0.00918038
0 -0.00336411 -0.00586171 -0.00927252
0 -0.0033905 -0.00592126 -0.00936343
0 -0.00342101 -0.00598433 -0.00945417
0 -0.00345543 -0.00605217 -0.00954482
0 -0.0034924 -0.00612485 -0.00963499
0 -0.00353028 -0.00620157 -0.00972437
0 -0.00356744 -0.00628064 -0.00981272
0 -0.00360235 -0.00635956 -0.00989973
0 -0.00363399 -0.00643546 -0.00998515
0 -0.00366223 -0.00650615 -0.0100693
0 -0.00368784 -0.00657098 -0.0101532
0 -0.0037127 -0.00663092 -0.0102385
0 -0.00373845 -0.00668776 -0.0103262
0 -0.00376516 -0.0067431 -0.0104166
0 -0.00379204 -0.00679855 -0.0105087
0 -0.00381819 -0.00685546 -0.0106008
0 -0.00384285 -0.00691427 -0.0106913
0 -0.00386578 -0.00697501 -0.0107795
0 -0.00388718 -0.00703726 -0.0108648
0 -0.00390723 -0.00709921 -0.0109464
0 -0.00392569 -0.00715803 -0.0110229
0 -0.00394197 -0.00721067 -0.0110929
0 -0.00395548 -0.00725443 -0.0111549
0 -0.0039657 -0.00728739 -0.0112072
0 -0.00397204 -0.00730865 -0.0112482
0 -0.00397417 -0.00731819 -0.0112767
0 -0.00397218 -0.00731688 -0.0112919
0 -0.00396635 -0.00730616 -0.011293
0 -0.0039569 -0.00728734 -0.0112795
0 -0.00394414 -0.00726135 -0.0112512
0 -0.00392856 -0.00722876 -0.0112081
0 -0.00391069 -0.00718973 -0.0111507
0 -0.00389063 -0.00714378 -0.0110794
0 -0.0038681 -0.00708987 -0.0109947
0 -0.00384259 -0.00702697 -0.0108968
0 -0.0038137 -0.00695437 -0.0107863
0 -0.00378116 -0.00687156 -0.0106642
0 -0.00374471 -0.00677864 -0.0105313
0 -0.00370399 -0.00667625 -0.0103882
0 -0.00365868 -0.00656513 -0.0102354
0 -0.00360909 -0.00644617 -0.0100737
0 -0.00355596 -0.00632047 -0.00990391
0 -0.00349956 -0.00618901 -0.00972676
0 -0.00344007 -0.00605247 -0.00954276
0 -0.00337826 -0.00591138 -0.00935241
0 -0.00331509 -0.00576637 -0.00915652
0 -0.00325126 -0.0056182 -0.00895587
0 -0.00318727 -0.00546767 -0.00875125
0 -0.00312367 -0.00531553 -0.00854358
0 -0.00306111 -0.00516275 -0.00833372
0 -0.00300007 -0.00501087 -0.00812248
0 -0.00294052 -0.00486116 -0.00791104
0 -0.00288256 -0.00471383 -0.00770107
0 -0.00282686 -0.00457 -0.00749479
0 -0.00277447 -0.00443237 -0.00729489
0 -0.00272647 -0.00430328 -0.00710418
0 -0.00268327 -0.00418371 -0.00692485
0 -0.0026443 -0.00407374 -0.00675832
0 -0.0026086 -0.00397332 -0.0066056
0 -0.0025756 -0.00388272 -0.00646786
0 -0.00254534 -0.00380256 -0.00634668
0 -0.00251841 -0.00373338 -0.00624369
0 -0.00249546 -0.00367566 -0.00616024
0 -0.00247705 -0.00363009 -0.00609727
0 -0.00246372 -0.0035975 -0.00605536
0 -0.00245587 -0.00357858 -0.0060346
0 -0.00245357 -0.00357377 -0.00603475
0 -0.00245678 -0.00358351 -0.00605533
0 -0.00246558 -0.00360814 -0.00609573
0 -0.0024801 -0.00364773 -0.00615526
0 -0.00250039 -0.00370191 -0.00623317
0 -0.00252627 -0.00376989 -0.00632853
0 -0.00255722 -0.00385033 -0.00644005
0 -0.00259238 -0.0039414 -0.00656604
0 -0.00263079 -0.00404098 -0.0067046
0 -0.00267167 -0.00414704 -0.00685382
0 -0.00271447 -0.00425797 -0.00701201
0 -0.00275879 -0.00437277 -0.00717784
0 -0.0028046 -0.00449083 -0.00735006
0 -0.00285186 -0.00461169 -0.00752707
0 -0.00289988 -0.0047344 -0.00770672
0 -0.00294739 -0.00485721 -0.00788635
0 -0.00299326 -0.00497825 -0.00806324
0 -0.00303712 -0.00509623 -0.00823518
0 -0.00307947 -0.00521064 -0.0084008
0 -0.00312099 -0.00532129 -0.00855945
0 -0.00316209 -0.00542741 -0.00871047
0 -0.00320249 -0.00552773 -0.00885273
0 -0.00324122 -0.00562103 -0.00898455
0 -0.00327705 -0.00570616 -0.00910405
0 -0.00330881 -0.00578219 -0.00920983
0 -0.00333594 -0.00584842 -0.00930123
0 -0.00335856 -0.00590446 -0.00937801
0 -0.00337705 -0.00595033 -0.00944029
0 -0.00339178 -0.00598627 -0.00948845
0 -0.0034031 -0.00601241 -0.00952289
0 -0.00341121 -0.00602883 -0.0095439
0 -0.00341604 -0.00603582 -0.00955175
0 -0.00341746 -0.00603384 -0.00954683
0 -0.00341546 -0.00602346 -0.0095297
0 -0.00341025 -0.0060054 -0.00950119
0 -0.00340219 -0.00598052 -0.00946236
0 -0.00339173 -0.00594977 -0.00941444
0 -0.00337934 -0.005914 -0.00935874
0 -0.00336549 -0.00587406 -0.00929666
0 -0.00335062 -0.00583081 -0.00922962
0 -0.00333513 -0.00578517 -0.0091591
0 -0.00331931 -0.00573807 -0.00908654
0 -0.00330342 -0.00569046 -0.00901336
0 -0.00328768 -0.00564328 -0.00894096
0 -0.00327229 -0.00559747 -0.0088708
0 -0.00325752 -0.00555393 -0.00880426
0 -0.00324365 -0.0055135 -0.00874244
0 -0.00323095 -0.00547688 -0.0086865
0 -0.00321968 -0.00544471 -0.00863758
0 -0.00321014 -0.00541761 -0.00859655
0 -0.0032026 -0.00539615 -0.00856414
0 -0.00319731 -0.00538072 -0.00854096
0 -0.00319426 -0.00537144 -0.00852726
0 -0.00319315 -0.0053682 -0.00852283
0 -0.00319347 -0.00537055 -0.00852711
0 -0.00319478 -0.00537779 -0.00853938
0 -0.00319689 -0.00538922 -0.00855891
0 -0.00319983 -0.00540435 -0.00858497
0 -0.00320376 -0.00542271 -0.0086168
0 -0.00320883 -0.00544379 -0.00865353
0 -0.00321513 -0.00546714 -0.0086942
0 -0.00322253 -0.00549234 -0.00873761
0 -0.00323062 -0.00551869 -0.00878227
0 -0.00323866 -0.00554513 -0.00882647
0 -0.00324594 -0.0055706 -0.00886853
0 -0.00325226 -0.00559441 -0.00890731
0 -0.00325801 -0.0056163 -0.00894236
0 -0.00326389 -0.00563627 -0.00897354
0 -0.00327042 -0.00565442 -0.00900073
0 -0.00327763 -0.00567069 -0.00902379
0 -0.00328516 -0.00568496 -0.00904251
0 -0.00329247 -0.00569708 -0.0090566
0 -0.00329902 -0.00570693 -0.00906598
0 -0.00330434 -0.00571441 -0.00907081
0 -0.00330806 -0.0057193 -0.00907131
0 -0.00331009 -0.00572145 -0.00906794
0 -0.0033107 -0.00572091 -0.00906143
0 -0.00331049 -0.00571808 -0.00905283
0 -0.00331011 -0.00571361 -0.0090432
0 -0.00331005 -0.00570826 -0.00903348
0 -0.00331046 -0.00570272 -0.0090243
0 -0.00331109 -0.00569753 -0.00901595
0 -0.00331141 -0.00569291 -0.00900838
0 -0.00331089 -0.00568886 -0.00900145
0 -0.00330919 -0.00568521 -0.00899501
0 -0.00330631 -0.00568168 -0.00898907
0 -0.0033025 -0.00567796 -0.00898367
0 -0.00329829 -0.00567382 -0.00897897
0 -0.00329434 -0.00566932 -0.00897521
0 -0.00329137 -0.00566483 -0.00897271
0 -0.00328987 -0.00566096 -0.00897167
0 -0.00329007 -0.00565843 -0.00897218
0 -0.0032919 -0.00565799 -0.00897424
0 -0.00329503 -0.00566017 -0.00897774
0 -0.00329895 -0.00566511 -0.00898249
0 -0.00330308 -0.00567251 -0.00898828
0 -0.00330703 -0.00568177 -0.00899501
0 -0.00331062 -0.00569208 -0.00900274
0 -0.00331385 -0.00570259 -0.00901158
0 -0.00331678 -0.00571245 -0.00902159
0 -0.00331935 -0.00572094 -0.00903262
0 -0.00332139 -0.00572757 -0.0090443
0 -0.00332256 -0.00573204 -0.00905601
0 -0.00332251 -0.00573429 -0.00906694
0 -0.00332093 -0.00573438 -0.00907624
0 -0.00331782 -0.00573259 -0.00908317
0 -0.00331363 -0.00572942 -0.0090874
0 -0.00330918 -0.00572557 -0.00908895
0 -0.00330543 -0.00572174 -0.0090881
0 -0.00330302 -0.00571833 -0.00908504
0 -0.00330202 -0.00571529 -0.00907973
0 -0.00330196 -0.00571215 -0.00907188
0 -0.00330209 -0.00570827 -0.00906118
0 -0.00330175 -0.00570302 -0.00904753
0 -0.0033006 -0.00569611 -0.00903123
0 -0.00329877 -0.00568762 -0.00901303
0 -0.00329667 -0.00567801 -0.00899399
0 -0.00329473 -0.00566788 -0.00897516
0 -0.00329324 -0.00565789 -0.00895747
0 -0.00329226 -0.00564869 -0.00894167
0 -0.00329165 -0.00564075 -0.00892822
0 -0.00329102 -0.00563432 -0.00891722
0 -0.00328994 -0.00562933 -0.00890862
0 -0.00328811 -0.00562559 -0.00890238
0 -0.00328553 -0.00562282 -0.00889841
0 -0.00328246 -0.00562079 -0.00889668
0 -0.00327943 -0.00561942 -0.00889731
0 -0.00327719 -0.00561897 -0.00890051
0 -0.00327648 -0.00561995 -0.00890655
0 -0.00327783 -0.00562307 -0.00891556
0 -0.00328149 -0.00562908 -0.00892762
0 -0.00328746 -0.00563868 -0.00894274
0 -0.00329537 -0.00565226 -0.00896079
0 -0.00330446 -0.00566957 -0.00898133
0 -0.00331371 -0.00568969 -0.00900362
0 -0.00332221 -0.00571128 -0.00902701
0 -0.00332937 -0.00573284 -0.009051
0 -0.00333507 -0.00575305 -0.00907529
0 -0.00333961 -0.005771 -0.00909975
0 -0.00334356 -0.00578637 -0.00912445
0 -0.00334749 -0.00579934 -0.0091493
0 -0.00335167 -0.00581046 -0.00917402
0 -0.00335605 -0.00582043 -0.00919799
0 -0.00336026 -0.00582984 -0.00922039
0 -0.00336373 -0.00583896 -0.00924022
0 -0.00336589 -0.0058476 -0.00925649
0 -0.0033664 -0.00585519 -0.00926839
0 -0.00336531 -0.00586094 -0.00927548
0 -0.00336302 -0.005864 -0.00927764
0 -0.00336017 -0.00586377 -0.00927512
0 -0.00335747 -0.00586001 -0.00926839
0 -0.00335538 -0.00585288 -0.0092579
0 -0.00335393 -0.00584282 -0.009244
0 -0.00335278 -0.0058305 -0.00922688
0 -0.00335138 -0.00581671 -0.00920676
0 -0.00334923 -0.00580221 -0.00918392
0 -0.00334597 -0.00578758 -0.00915885
0 -0.00334154 -0.00577316 -0.0091322
0 -0.00333617 -0.00575901 -0.0091048
0 -0.00333028 -0.00574501 -0.00907758
0 -0.00332432 -0.00573093 -0.00905139
0 -0.00331847 -0.00571642 -0.00902674
0 -0.00331242 -0.00570089 -0.00900359
0 -0.00330546 -0.0056837 -0.00898141
0 -0.00329681 -0.0056643 -0.00895936
0 -0.00328596 -0.00564243 -0.00893654
0 -0.0032729 -0.00561822 -0.00891237
0 -0.00325815 -0.0055921 -0.00888656
0 -0.00324247 -0.0055646 -0.00885888
0 -0.0032267 -0.00553623 -0.00882913
0 -0.00321156 -0.00550741 -0.00879717
0 -0.00319766 -0.00547859 -0.00876297
0 -0.00318548 -0.00545028 -0.00872665
0 -0.00317539 -0.00542312 -0.00868866
0 -0.00316769 -0.00539786 -0.00864975
0 -0.00316248 -0.00537521 -0.0086109
0 -0.00315946 -0.00535555 -0.00857296
0 -0.00315776 -0.00533872 -0.00853655
0 -0.0031563 -0.00532408 -0.00850212
0 -0.00315414 -0.00531076 -0.00847008
0 -0.00315076 -0.00529792 -0.00844099
0 -0.00314613 -0.00528519 -0.00841565
0 -0.0031409 -0.00527285 -0.00839518
0 -0.0031362 -0.00526178 -0.00838083
0 -0.00313303 -0.00525315 -0.00837349
0 -0.00313176 -0.00524799 -0.0083734
0 -0.00313234 -0.00524719 -0.00838029
0 -0.00313464 -0.00525161 -0.00839373
0 -0.00313866 -0.00526192 -0.00841337
0 -0.00314439 -0.0052784 -0.00843878
0 -0.00315167 -0.00530065 -0.00846943
0 -0.00316036 -0.00532757 -0.00850471
0 -0.0031704 -0.00535797 -0.00854409
0 -0.00318183 -0.00539083 -0.00858717
0 -0.0031946 -0.00542519 -0.00863353
0 -0.00320857 -0.00546024 -0.00868267
0 -0.00322348 -0.00549557 -0.00873397
0 -0.00323888 -0.00553104 -0.00878677
0 -0.00325419 -0.0055666 -0.00884031
0 -0.00326898 -0.00560224 -0.00889379
0 -0.00328297 -0.00563784 -0.00894644
0 -0.00329592 -0.00567307 -0.00899767
0 -0.00330771 -0.00570739 -0.00904689
0 -0.00331847 -0.00574013 -0.00909341
0 -0.00332846 -0.0057706 -0.00913682
0 -0.00333779 -0.00579819 -0.00917681
0 -0.00334647 -0.00582242 -0.00921286
0 -0.00335437 -0.00584295 -0.0092444
0 -0.00336125 -0.00585958 -0.0092709
0 -0.00336674 -0.00587226 -0.00929182
0 -0.00337048 -0.005881 -0.00930668
0 -0.00337235 -0.0058859 -0.00931522
0 -0.00337256 -0.00588725 -0.00931757
0 -0.00337161 -0.0058855 -0.00931424
0 -0.00337001 -0.00588106 -0.00930584
0 -0.00336796 -0.00587406 -0.00929278
0 -0.00336522 -0.00586426 -0.00927522
0 -0.00336125 -0.00585126 -0.0092531
0 -0.00335554 -0.00583463 -0.00922639
0 -0.00334766 -0.00581406 -0.00919509
0 -0.00333735 -0.00578928 -0.00915928
0 -0.00332444 -0.00576005 -0.00911892
0 -0.00330887 -0.00572614 -0.00907394
0 -0.00329078 -0.00568751 -0.00902428
0 -0.00327063 -0.00564446 -0.0089701
0 -0.00324929 -0.00559782 -0.00891186
0 -0.0032278 -0.0055488 -0.00885028
0 -0.0032071 -0.00549877 -0.00878612
0 -0.00318785 -0.00544911 -0.00872024
0 -0.00317049 -0.00540109 -0.00865351
0 -0.0031553 -0.00535591 -0.00858683
0 -0.00314247 -0.00531455 -0.00852142
0 -0.00313202 -0.00527778 -0.00845872
0 -0.00312385 -0.00524613 -0.0084002
0 -0.003118 -0.00521981 -0.00834742
0 -0.00311452 -0.00519904 -0.00830201
0 -0.00311321 -0.00518395 -0.00826554
0 -0.00311376 -0.00517429 -0.00823933
0 -0.00311585 -0.00516995 -0.00822418
0 -0.0031189 -0.0051709 -0.00822035
0 -0.00312224 -0.00517674 -0.00822771
0 -0.00312545 -0.00518713 -0.0082458
0 -0.00312843 -0.00520185 -0.0082739
0 -0.0031314 -0.0052206 -0.00831107
0 -0.00313475 -0.00524313 -0.00835617
0 -0.00313898 -0.00526918 -0.00840789
0 -0.00314469 -0.00529865 -0.00846479
0 -0.00315241 -0.00533146 -0.00852543
0 -0.00316248 -0.00536726 -0.0085885
0 -0.00317519 -0.00540598 -0.00865279
0 -0.00319067 -0.00544771 -0.00871727
0 -0.00320883 -0.00549216 -0.0087811
0 -0.00322937 -0.00553898 -0.00884376
0 -0.00325195 -0.00558801 -0.00890516
0 -0.0032763 -0.00563904 -0.00896556
0 -0.00330222 -0.00569165 -0.00902542
0 -0.00332934 -0.00574544 -0.00908546
0 -0.00335696 -0.00579987 -0.00914628
0 -0.00338413 -0.00585417 -0.00920814
0 -0.00340989 -0.00590742 -0.00927108
0 -0.00343339 -0.00595871 -0.00933495
0 -0.00345394 -0.00600726 -0.00939943
0 -0.00347116 -0.00605243 -0.00946399
0 -0.00348498 -0.00609365 -0.00952788
0 -0.00349554 -0.0061305 -0.00959009
0 -0.00350316 -0.00616269 -0.00964944
0 -0.00350824 -0.00619009 -0.00970458
0 -0.0035113 -0.00621269 -0.00975411
0 -0.00351283 -0.00623059 -0.00979663
0 -0.00351335 -0.00624403 -0.00983091
0 -0.00351338 -0.00625333 -0.00985603
0 -0.00351336 -0.00625885 -0.00987148
0 -0.00351362 -0.00626091 -0.009877
0 -0.00351425 -0.0062597 -0.00987254
0 -0.00351511 -0.00625521 -0.0098584
0 -0.00351573 -0.0062472 -0.00983524
0 -0.00351534 -0.00623516 -0.00980377
0 -0.00351306 -0.00621834 -0.00976458
0 -0.00350804 -0.00619601 -0.00971823
0 -0.00349971 -0.00616763 -0.00966566
0 -0.00348785 -0.00613301 -0.00960807
0 -0.0034726 -0.00609237 -0.00954648
0 -0.00345426 -0.00604624 -0.00948177
0 -0.00343318 -0.00599533 -0.00941466
0 -0.00340974 -0.00594054 -0.00934558
0 -0.00338442 -0.0058829 -0.00927476
0 -0.0033578 -0.00582354 -0.00920236
0 -0.00333052 -0.00576348 -0.00912855
0 -0.00330311 -0.0057035 -0.00905333
0 -0.00327589 -0.00564396 -0.00897656
0 -0.00324901 -0.00558484 -0.008898
0 -0.00322257 -0.00552593 -0.00881757
0 -0.00319667 -0.00546697 -0.0087354
0 -0.00317141 -0.00540771 -0.00865174
0 -0.00314679 -0.00534795 -0.00856675
0 -0.00312278 -0.00528764 -0.00848079
0 -0.00309921 -0.00522695 -0.00839436
0 -0.00307593 -0.00516622 -0.00830788
0 -0.00305278 -0.00510596 -0.00822173
0 -0.00302935 -0.0050463 -0.00813632
0 -0.00300537 -0.00498697 -0.00805202
0 -0.00298112 -0.00492822 -0.00796929
0 -0.00295697 -0.00487063 -0.00788865
0 -0.00293294 -0.00481425 -0.00781057
0 -0.00290915 -0.0047591 -0.00773548
0 -0.00288615 -0.00470558 -0.00766372
0 -0.00286441 -0.00465416 -0.00759552
0 -0.00284403 -0.0046052 -0.00753105
0 -0.002825 -0.00455917 -0.00747046
0 -0.00280755 -0.00451664 -0.00741399
0 -0.00279212 -0.00447829 -0.00736206
0 -0.00277906 -0.0044448 -0.00731516
0 -0.00276852 -0.00441672 -0.00727386
0 -0.00276066 -0.00439434 -0.00723873
0 -0.00275568 -0.00437785 -0.00721039
0 -0.00275364 -0.00436745 -0.00718949
0 -0.00275448 -0.0043633 -0.00717667
0 -0.00275807 -0.00436542 -0.00717255
0 -0.00276424 -0.00437382 -0.00717763
0 -0.00277281 -0.00438855 -0.00719235
0 -0.00278356 -0.00440963 -0.007217
0 -0.00279627 -0.00443696 -0.00725176
0 -0.00281083 -0.00447047 -0.00729666
0 -0.00282718 -0.00451007 -0.00735158
0 -0.00284535 -0.00455563 -0.00741628
0 -0.00286539 -0.00460711 -0.00749037
0 -0.00288742 -0.00466434 -0.0075733
0 -0.00291154 -0.00472689 -0.00766442
0 -0.00293781 -0.00479447 -0.00776294
0 -0.00296617 -0.00486693 -0.00786799
0 -0.0029964 -0.0049438 -0.00797851
0 -0.00302824 -0.00502428 -0.00809337
0 -0.00306145 -0.00510761 -0.00821144
0 -0.00309571 -0.00519303 -0.00833167
0 -0.00313059 -0.00527989 -0.00845308
0 -0.00316571 -0.00536745 -0.00857473
0 -0.00320076 -0.0054546 -0.00869569
0 -0.00323555 -0.00554043 -0.00881516
0 -0.00326995 -0.00562457 -0.00893253
0 -0.00330384 -0.00570673 -0.00904741
0 -0.00333724 -0.00578678 -0.00915933
0 -0.00337016 -0.00586462 -0.00926772
0 -0.00340218 -0.00593982 -0.00937191
0 -0.00343237 -0.00601155 -0.00947099
0 -0.00345974 -0.00607872 -0.00956369
0 -0.00348347 -0.00614 -0.0096487
0 -0.00350293 -0.00619394 -0.00972484
0 -0.00351775 -0.00623927 -0.00979101
0 -0.00352797 -0.00627496 -0.00984629
0 -0.00353401 -0.00630049 -0.00988995
0 -0.00353657 -0.0063159 -0.00992157
0 -0.0035364 -0.00632178 -0.00994094
0 -0.00353405 -0.00631903 -0.00994787
0 -0.00352981 -0.00630864 -0.00994204
0 -0.00352382 -0.00629152 -0.00992331
0 -0.00351615 -0.0062686 -0.00989201
0 -0.00350692 -0.00624082 -0.00984881
0 -0.00349634 -0.00620883 -0.00979479
0 -0.00348464 -0.00617283 -0.00973147
0 -0.00347204 -0.00613299 -0.00966056
0 -0.00345869 -0.00608954 -0.00958356
0 -0.00344465 -0.00604273 -0.00950234
0 -0.00342983 -0.00599292 -0.00941884
0 -0.00341396 -0.00594062 -0.00933458
0 -0.00339669 -0.00588644 -0.00925079
0 -0.0033777 -0.0058311 -0.00916856
0 -0.00335686 -0.00577535 -0.00908885
0 -0.00333433 -0.00571991 -0.0090124
0 -0.00331051 -0.00566545 -0.00893991
0 -0.00328609 -0.00561262 -0.0088719
0 -0.0032619 -0.00556201 -0.00880855
0 -0.00323883 -0.00551421 -0.00875015
0 -0.00321768 -0.00546987 -0.00869698
0 -0.00319914 -0.00542968 -0.00864905
0 -0.00318368 -0.00539437 -0.00860637
0 -0.00317156 -0.0053646 -0.00856897
0 -0.00316283 -0.00534086 -0.00853692
0 -0.00315723 -0.00532337 -0.00851023
0 -0.00315435 -0.00531198 -0.00848898
0 -0.0031538 -0.00530631 -0.00847333
0 -0.0031553 -0.00530585 -0.00846363
0 -0.00315853 -0.00531 -0.00846024
0 -0.00316315 -0.00531799 -0.0084634
0 -0.00316877 -0.00532907 -0.00847319
0 -0.00317495 -0.00534261 -0.00848943
0 -0.00318116 -0.00535798 -0.00851161
0 -0.00318691 -0.00537462 -0.00853897
0 -0.00319186 -0.00539213 -0.00857059
0 -0.00319583 -0.00541022 -0.0086054
0 -0.00319886 -0.00542857 -0.00864222
0 -0.00320116 -0.0054469 -0.00867987
0 -0.00320323 -0.00546514 -0.00871733
0 -0.0032058 -0.00548335 -0.00875383
0 -0.00320962 -0.00550167 -0.00878871
0 -0.0032152 -0.00552031 -0.00882146
0 -0.00322273 -0.00553951 -0.00885173
0 -0.00323217 -0.00555941 -0.00887927
0 -0.00324328 -0.00558003 -0.00890388
0 -0.00325564 -0.00560138 -0.00892579
0 -0.00326878 -0.00562336 -0.00894551
0 -0.00328221 -0.00564571 -0.00896361
0 -0.00329555 -0.0056681 -0.00898085
0 -0.00330852 -0.00569023 -0.00899814
0 -0.0033209 -0.00571184 -0.00901638
0 -0.00333252 -0.00573275 -0.00903636
0 -0.0033432 -0.00575288 -0.00905861
0 -0.00335283 -0.00577228 -0.00908338
0 -0.00336132 -0.00579116 -0.00911082
0 -0.00336871 -0.00580983 -0.00914091
0 -0.00337515 -0.00582861 -0.00917338
0 -0.00338088 -0.0058478 -0.00920767
0 -0.00338621 -0.00586761 -0.00924329
0 -0.00339153 -0.00588815 -0.00927975
0 -0.00339727 -0.0059095 -0.00931649
0 -0.00340387 -0.00593168 -0.009353
0 -0.00341165 -0.00595466 -0.00938891
0 -0.00342073 -0.00597836 -0.00942385
0 -0.00343102 -0.00600259 -0.00945746
0 -0.0034422 -0.00602705 -0.0094894
0 -0.00345381 -0.00605136 -0.0095194
0 -0.00346537 -0.00607512 -0.00954734
0 -0.00347643 -0.00609788 -0.00957317
0 -0.00348658 -0.00611915 -0.0095969
0 -0.00349548 -0.00613842 -0.00961856
0 -0.00350287 -0.00615521 -0.00963818
0 -0.00350856 -0.0061691 -0.00965569
0 -0.00351244 -0.00617976 -0.00967095
0 -0.00351443 -0.006187 -0.00968371
0 -0.00351453 -0.00619072 -0.00969362
0 -0.00351278 -0.00619094 -0.00970023
0 -0.00350927 -0.00618775 -0.00970306
0 -0.00350416 -0.00618127 -0.00970159
0 -0.00349763 -0.0061716 -0.00969534
0 -0.00348985 -0.0061588 -0.00968384
0 -0.003481 -0.00614285 -0.00966668
0 -0.00347125 -0.00612372 -0.00964361
0 -0.00346073 -0.00610136 -0.00961446
0 -0.00344952 -0.00607572 -0.00957924
0 -0.00343765 -0.00604677 -0.00953804
0 -0.00342503 -0.00601452 -0.00949108
0 -0.00341152 -0.00597899 -0.00943864
0 -0.00339695 -0.00594023 -0.00938113
0 -0.00338116 -0.00589835 -0.009319
0 -0.00336403 -0.00585351 -0.00925283
0 -0.00334554 -0.00580591 -0.00918321
0 -0.00332571 -0.0057558 -0.00911075
0 -0.00330462 -0.00570342 -0.00903606
0 -0.0032824 -0.00564909 -0.00895971
0 -0.00325922 -0.00559316 -0.0088822
0 -0.00323532 -0.00553601 -0.0088041
0 -0.00321092 -0.00547807 -0.00872589
0 -0.0031863 -0.00541979 -0.00864774
0 -0.0031617 -0.00536167 -0.00857001
0 -0.00313743 -0.00530423 -0.00849317
0 -0.00311383 -0.00524804 -0.00841748
0 -0.00309116 -0.00519354 -0.00834325
0 -0.00306954 -0.00514123 -0.00827085
0 -0.00304899 -0.00509145 -0.00820064
0 -0.00302962 -0.00504408 -0.00813297
0 -0.00301151 -0.0049991 -0.00806817
0 -0.00299465 -0.00495678 -0.00800662
0 -0.00297904 -0.00491706 -0.00794868
0 -0.00296437 -0.00487969 -0.00789452
0 -0.00295023 -0.00484451 -0.00784425
0 -0.00293658 -0.00481142 -0.00779794
0 -0.00292353 -0.00478043 -0.00775568
0 -0.00291119 -0.00475174 -0.00771763
0 -0.00289977 -0.00472573 -0.00768405
0 -0.00288975 -0.00470287 -0.00765523
0 -0.00288158 -0.00468369 -0.00763141
0 -0.00287548 -0.00466868 -0.00761274
0 -0.00287156 -0.00465821 -0.00759931
0 -0.00286982 -0.00465248 -0.0075912
0 -0.00287015 -0.00465154 -0.00758839
0 -0.00287232 -0.00465518 -0.00759078
0 -0.00287606 -0.00466306 -0.00759831
0 -0.00288114 -0.00467473 -0.00761092
0 -0.00288748 -0.00468981 -0.00762862
0 -0.00289509 -0.00470801 -0.00765149
0 -0.00290408 -0.00472922 -0.00767962
0 -0.00291453 -0.00475349 -0.00771309
0 -0.00292646 -0.00478091 -0.00775186
0 -0.00293982 -0.00481162 -0.00779575
0 -0.00295447 -0.00484576 -0.00784451
0 -0.00297028 -0.00488341 -0.00789786
0 -0.00298717 -0.00492452 -0.00795549
0 -0.00300504 -0.00496887 -0.00801704
0 -0.00302374 -0.00501606 -0.00808207
0 -0.00304326 -0.00506552 -0.0081501
0 -0.00306357 -0.00511664 -0.00822065
0 -0.00308444 -0.0051688 -0.00829324
0 -0.0031056 -0.00522146 -0.00836735
0 -0.00312691 -0.00527435 -0.0084424
0 -0.00314843 -0.00532726 -0.00851787
0 -0.00317017 -0.00537986 -0.00859324
0 -0.00319175 -0.00543206 -0.0086681
0 -0.003213 -0.00548407 -0.00874201
0 -0.00323418 -0.00553577 -0.0088146
0 -0.00325532 -0.00558688 -0.00888548
0 -0.00327612 -0.00563731 -0.00895442
0 -0.00329654 -0.00568681 -0.00902128
0 -0.00331669 -0.00573492 -0.00908578
0 -0.00333644 -0.00578124 -0.00914759
0 -0.00335548 -0.00582546 -0.00920662
0 -0.00337357 -0.00586728 -0.00926275
0 -0.00339059 -0.00590647 -0.00931576
0 -0.00340638 -0.00594289 -0.00936545
0 -0.00342078 -0.00597648 -0.00941173
0 -0.00343369 -0.0060072 -0.00945448
0 -0.0034451 -0.00603501 -0.00949355
0 -0.00345505 -0.00605986 -0.00952878
0 -0.00346358 -0.00608169 -0.00956004
0 -0.00347074 -0.00610046 -0.00958722
0 -0.00347661 -0.0061161 -0.00961016
0 -0.00348126 -0.00612857 -0.00962873
0 -0.00348473 -0.00613785 -0.00964282
0 -0.00348702 -0.00614395 -0.00965231
0 -0.00348812 -0.00614687 -0.00965713
0 -0.00348801 -0.00614663 -0.00965721
0 -0.00348664 -0.00614323 -0.00965253
0 -0.00348394 -0.00613665 -0.00964309
0 -0.0034799 -0.00612687 -0.00962895
0 -0.00347453 -0.00611392 -0.00961023
0 -0.00346787 -0.0060978 -0.0095871
0 -0.00345996 -0.00607858 -0.00955974
0 -0.00345085 -0.00605634 -0.00952838
0 -0.0034406 -0.00603122 -0.00949324
0 -0.00342927 -0.00600339 -0.00945455
0 -0.00341691 -0.00597306 -0.00941257
0 -0.00340359 -0.00594049 -0.00936755
0 -0.00338938 -0.0059059 -0.00931975
0 -0.00337438 -0.00586957 -0.00926947
0 -0.00335871 -0.00583175 -0.00921703
0 -0.00334251 -0.0057927 -0.00916275
0 -0.00332596 -0.00575268 -0.009107
0 -0.0033092 -0.00571198 -0.00905015
0 -0.00329239 -0.00567086 -0.00899261
0 -0.00327565 -0.00562961 -0.00893477
0 -0.00325911 -0.00558854 -0.00887702
0 -0.00324286 -0.00554792 -0.00881987
0 -0.00322696 -0.00550804 -0.00876374
0 -0.00321149 -0.00546916 -0.00870887
0 -0.00319652 -0.00543155 -0.00865569
0 -0.00318211 -0.00539545 -0.00860471
0 -0.00316837 -0.00536113 -0.00855626
0 -0.00315542 -0.00532885 -0.00851065
0 -0.00314333 -0.00529879 -0.0084682
0 -0.00313214 -0.00527112 -0.00842923
0 -0.00312193 -0.00524601 -0.00839399
0 -0.00311291 -0.00522368 -0.00836269
0 -0.00310516 -0.00520434 -0.00833555
0 -0.00309858 -0.00518813 -0.00831272
0 -0.00309321 -0.00517501 -0.00829433
0 -0.00308918 -0.00516504 -0.00828044
0 -0.0030865 -0.00515838 -0.00827111
0 -0.00308515 -0.00515506 -0.00826638
0 -0.00308512 -0.00515501 -0.00826622
0 -0.0030864 -0.00515819 -0.00827057
0 -0.00308898 -0.00516452 -0.00827937
0 -0.0030928 -0.00517391 -0.0082925
0 -0.00309781 -0.00518626 -0.00830981
0 -0.00310392 -0.00520138 -0.00833111
0 -0.00311107 -0.00521911 -0.00835618
0 -0.00311919 -0.00523927 -0.00838478
0 -0.00312817 -0.00526176 -0.00841663
0 -0.00313797 -0.00528639 -0.00845144
0 -0.00314854 -0.00531281 -0.00848887
0 -0.00315969 -0.00534074 -0.00852857
0 -0.00317127 -0.00537005 -0.00857019
0 -0.00318328 -0.00540051 -0.00861338
0 -0.00319566 -0.00543183 -0.00865776
0 -0.00320831 -0.00546372 -0.00870292
0 -0.00322111 -0.00549589 -0.00874848
0 -0.00323393 -0.00552814 -0.00879406
0 -0.00324671 -0.0055602 -0.00883927
0 -0.0032594 -0.0055918 -0.00888373
0 -0.00327188 -0.0056227 -0.0089271
0 -0.00328399 -0.00565267 -0.0089691
0 -0.00329563 -0.00568145 -0.00900943
0 -0.00330676 -0.00570881 -0.00904771
0 -0.00331723 -0.00573453 -0.00908366
0 -0.00332694 -0.00575842 -0.00911712
0 -0.0033358 -0.00578031 -0.00914783
0 -0.00334375 -0.00580002 -0.00917556
0 -0.00335073 -0.00581742 -0.00920014
0 -0.00335668 -0.00583239 -0.0092214
0 -0.00336157 -0.00584484 -0.00923921
0 -0.00336539 -0.00585469 -0.00925344
0 -0.00336813 -0.00586188 -0.00926399
0 -0.00336979 -0.0058664 -0.0092708
0 -0.00337038 -0.00586824 -0.00927384
0 -0.00336993 -0.00586743 -0.00927308
0 -0.00336845 -0.00586399 -0.00926856
0 -0.00336598 -0.005858 -0.00926033
0 -0.00336254 -0.00584953 -0.00924848
0 -0.00335818 -0.00583867 -0.00923313
0 -0.00335293 -0.00582553 -0.00921444
0 -0.00334684 -0.00581022 -0.00919259
0 -0.00333995 -0.00579288 -0.00916781
0 -0.00333232 -0.00577365 -0.00914033
0 -0.00332401 -0.00575269 -0.00911041
0 -0.00331506 -0.00573018 -0.00907832
0 -0.00330556 -0.0057063 -0.00904435
0 -0.00329555 -0.00568124 -0.0090088
0 -0.00328516 -0.00565524 -0.00897199
0 -0.0032745 -0.00562856 -0.00893428
