0 1.13439e-06 1.31365e-06 1.29544e-06
0 4.90098e-06 6.19349e-06 6.13403e-06
0 1.00367e-05 1.44907e-05 1.46433e-05
0 1.42313e-05 2.41973e-05 2.5643e-05
0 1.74584e-05 3.41803e-05 3.8943e-05
0 2.04708e-05 4.3636e-05 5.37203e-05
0 2.32825e-05 5.17533e-05 6.76631e-05
0 2.67267e-05 5.946e-05 7.95329e-05
0 3.17924e-05 6.8329e-05 8.9594e-05
0 3.68675e-05 7.71303e-05 9.71908e-05
0 3.95795e-05 8.2987e-05 0.000101576
0 4.11051e-05 8.61619e-05 0.000105
0 4.38272e-05 8.93456e-05 0.000110295
0 4.53692e-05 9.17583e-05 0.000115144
0 4.08327e-05 8.86362e-05 0.000113472
0 2.98208e-05 7.63134e-05 0.000101545
0 1.64375e-05 5.45842e-05 7.89568e-05
0 3.84725e-06 2.55218e-05 4.58193e-05
0 -6.4698e-06 -5.9744e-06 4.3066e-06
0 -1.13382e-05 -3.09291e-05 -3.69328e-05
0 -1.03816e-05 -4.36362e-05 -6.79849e-05
0 -9.69104e-06 -4.77975e-05 -8.49706e-05
0 -1.03147e-05 -4.56069e-05 -8.34918e-05
0 -4.78233e-06 -3.10537e-05 -5.68124e-05
0 9.73935e-06 1.82196e-07 -6.54938e-06
0 2.93724e-05 4.64295e-05 5.8061e-05
0 5.02657e-05 0.000101681 0.000127955
0 6.74283e-05 0.000153125 0.000192735
0 7.59522e-05 0.000186159 0.000240825
0 7.6566e-05 0.000195476 0.000265032
0 7.3061e-05 0.000185582 0.000262582
0 6.54742e-05 0.000161722 0.000231703
0 4.89386e-05 0.000122626 0.000171127
0 2.19332e-05 6.53029e-05 8.57513e-05
0 -7.1972e-06 -4.10916e-06 -9.1464e-06
0 -3.17062e-05 -7.45048e-05 -9.9403e-05
0 -5.35537e-05 -0.000137107 -0.000179231
0 -7.13592e-05 -0.000181332 -0.00024049
0 -8.20134e-05 -0.000202197 -0.000275238
0 -9.2132e-05 -0.000211463 -0.00028882
0 -0.000104602 -0.000220168 -0.000288892
0 -0.000104406 -0.000217199 -0.000269197
0 -7.47602e-05 -0.000178776 -0.000217094
0 -1.8715e-05 -9.33982e-05 -0.000128202
0 4.16157e-05 2.46111e-05 -9.65728e-06
0 8.65882e-05 0.000145663 0.000128096
0 0.000113126 0.000244853 0.000274109
0 0.000121712 0.000304933 0.000402868
0 0.000102984 0.000309025 0.000468064
0 5.20331e-05 0.000246269 0.000427416
0 -1.85677e-05 0.000118681 0.000268488
0 -8.74789e-05 -5.83525e-05 1.28086e-05
0 -0.000133337 -0.00024876 -0.000285624
0 -0.000150213 -0.000407645 -0.000559865
0 -0.000160243 -0.000513365 -0.000761986
0 -0.000191134 -0.000574503 -0.000870633
0 -0.000243729 -0.000608125 -0.000882303
0 -0.000290433 -0.000618098 -0.000809888
0 -0.000301528 -0.00059218 -0.000684705
0 -0.000270673 -0.000520024 -0.000549908
0 -0.000214596 -0.000411283 -0.000440205
0 -0.000150273 -0.000290638 -0.000359095
0 -8.3336e-05 -0.000179562 -0.000281027
0 -1.91385e-05 -8.59257e-05 -0.000180063
0 3.20118e-05 -2.4226e-06 -4.98709e-05
0 6.73974e-05 8.83875e-05 0.000102164
0 0.000100423 0.000201793 0.000268564
0 0.000148843 0.0003385 0.000443797
0 0.000208556 0.000474598 0.00060962
0 0.000247228 0.000565733 0.000727581
0 0.000237334 0.000575834 0.000760978
0 0.000183009 0.000498826 0.000695494
0 0.000111525 0.000356409 0.000538991
0 5.20062e-05 0.0001877 0.000317694
0 1.67575e-05 3.15417e-05 6.99512e-05
0 -4.13575e-06 -9.20747e-05 -0.000163165
0 -2.54909e-05 -0.000180449 -0.000340547
0 -4.75012e-05 -0.000231632 -0.000424934
0 -6.07418e-05 -0.000239182 -0.000400651
0 -6.11072e-05 -0.000199673 -0.000286774
0 -4.93341e-05 -0.000117709 -0.000125017
0 -2.30229e-05 -6.22979e-06 4.42451e-05
0 2.5074e-05 0.000119448 0.000199231
0 9.71338e-05 0.000247632 0.000336591
0 0.000176678 0.000366466 0.000456202
0 0.000238526 0.000465179 0.000557471
0 0.000272006 0.00054053 0.000645769
0 0.000280396 0.000589698 0.000722725
0 0.000270056 0.000606235 0.000776763
0 0.000250676 0.000590658 0.000792579
0 0.000227898 0.000547587 0.000755989
0 0.000189914 0.000467219 0.000647993
0 0.000118783 0.000327379 0.000453569
0 1.77937e-05 0.000121263 0.000182134
0 -8.64974e-05 -0.000125397 -0.000131049
0 -0.000167827 -0.000364046 -0.000441542
0 -0.000216559 -0.000546011 -0.000706772
0 -0.000234253 -0.0006399 -0.000884786
0 -0.000223497 -0.000637962 -0.000937062
0 -0.000193123 -0.000558495 -0.000849732
0 -0.000166299 -0.000442873 -0.000655669
0 -0.000167252 -0.000338915 -0.00042753
0 -0.000197178 -0.000278781 -0.000244418
0 -0.0002364 -0.000275537 -0.000167115
0 -0.000264809 -0.000329093 -0.000225107
0 -0.000265263 -0.000416323 -0.000396421
0 -0.000229109 -0.000493974 -0.000609768
0 -0.000173462 -0.000529426 -0.000782713
0 -0.000130524 -0.000515546 -0.000851755
0 -0.000114124 -0.000456441 -0.000780728
0 -0.000112075 -0.000357065 -0.000572869
0 -0.000110291 -0.000231107 -0.000284377
0 -9.7766e-05 -9.49686e-05 2.17238e-06
0 -4.22681e-05 6.26911e-05 0.000243166
0 9.37847e-05 0.000276898 0.000456574
0 0.00030051 0.000561231 0.000683652
0 0.000519879 0.000892187 0.00096159
0 0.000691543 0.00122604 0.00131305
0 0.000776298 0.0015055 0.00171648
0 0.000754476 0.00166241 0.00208176
0 0.000641286 0.00165103 0.0022845
0 0.000496135 0.00148268 0.00223358
0 0.000373454 0.00119998 0.00189545
0 0.000268364 0.000824552 0.00128538
0 0.000148766 0.000368877 0.000489136
0 2.25417e-05 -0.00010926 -0.000319922
0 -8.04223e-05 -0.000517307 -0.00095349
0 -0.000167252 -0.000791904 -0.00131175
0 -0.00027265 -0.000929361 -0.00140669
0 -0.000401436 -0.000966611 -0.00131437
0 -0.000514384 -0.000952599 -0.00113273
0 -0.000564299 -0.000922332 -0.000958275
0 -0.000531642 -0.000880338 -0.000859732
0 -0.000432221 -0.000809485 -0.000851523
0 -0.00029999 -0.000694954 -0.00088453
0 -0.000180254 -0.000554933 -0.000884601
0 -0.000121651 -0.000441671 -0.000808074
0 -0.000147444 -0.000400047 -0.000664726
0 -0.000237094 -0.000433128 -0.000509628
0 -0.000341717 -0.00051015 -0.000419402
0 -0.000411472 -0.000594139 -0.000452745
0 -0.000412199 -0.000655946 -0.00060863
0 -0.000337976 -0.000675768 -0.000817588
0 -0.000215369 -0.000639484 -0.000971649
0 -8.67009e-05 -0.000533042 -0.00096754
0 1.5938e-05 -0.000345338 -0.000745408
0 7.86288e-05 -8.80095e-05 -0.000320873
0 0.000100126 0.000190853 0.00020831
0 9.24039e-05 0.000424482 0.000697819
0 8.90955e-05 0.000572219 0.00102451
0 0.00014041 0.000653946 0.00114714
0 0.000268664 0.000723646 0.00110718
0 0.000429733 0.000807774 0.000985009
0 0.00054669 0.000888239 0.00087111
0 0.000575371 0.00093442 0.000845972
0 0.00052463 0.000933726 0.000941769
0 0.000434825 0.000901953 0.0011187
0 0.000355328 0.000876161 0.00129177
0 0.000329894 0.00089214 0.00138823
0 0.000370672 0.000949182 0.00137889
0 0.000431774 0.000986331 0.00126203
0 0.000431812 0.000911576 0.00104293
0 0.000319492 0.000670311 0.000734243
0 0.000112392 0.000285982 0.000355196
0 -0.000126444 -0.000161997 -8.04417e-05
0 -0.000329433 -0.00058309 -0.000557179
0 -0.000448135 -0.000905461 -0.00103148
0 -0.000471415 -0.00109477 -0.00142897
0 -0.000430915 -0.00115725 -0.0016714
0 -0.000385732 -0.00113017 -0.0017158
0 -0.000378699 -0.00105295 -0.00156819
0 -0.000397929 -0.000936076 -0.00126878
0 -0.000398998 -0.000772402 -0.000888133
0 -0.000350508 -0.000565201 -0.000515655
0 -0.000243577 -0.000327795 -0.000215379
0 -7.96122e-05 -6.7198e-05 1.30639e-05
0 0.000115858 0.000204725 0.000212585
0 0.000278238 0.000447146 0.000411692
0 0.000345081 0.000607737 0.000606702
0 0.000307555 0.00065854 0.000772612
0 0.000211182 0.000608875 0.000869836
0 0.000118896 0.000497126 0.000856649
0 7.08363e-05 0.000367573 0.000710403
0 7.16651e-05 0.000250836 0.000452156
0 0.000100906 0.000157091 0.000151762
0 0.000130229 8.42826e-05 -9.67623e-05
0 0.000136043 3.12333e-05 -0.000218129
0 0.000103866 -7.07659e-07 -0.000194201
0 3.92425e-05 -8.22769e-06 -6.4836e-05
0 -3.08085e-05 7.63112e-06 9.74447e-05
0 -7.69204e-05 3.18945e-05 0.000215293
0 -9.4906e-05 2.99663e-05 0.000223648
0 -0.000115461 -4.68925e-05 7.89336e-05
0 -0.000173252 -0.000231199 -0.000221466
0 -0.000269547 -0.000507483 -0.000626586
0 -0.000381738 -0.000823116 -0.00106009
0 -0.000500574 -0.00113159 -0.00146762
0 -0.000627566 -0.00140762 -0.00182237
0 -0.000738482 -0.001622 -0.00209134
0 -0.000777241 -0.00172081 -0.00221775
0 -0.000697478 -0.00163991 -0.00214091
0 -0.000507553 -0.0013473 -0.00183025
0 -0.000269714 -0.000876871 -0.00130193
0 -4.46019e-05 -0.000310597 -0.00060157
0 0.000153679 0.000270545 0.000212058
0 0.000341342 0.000815086 0.00105652
0 0.000525825 0.00129781 0.00182199
0 0.00068636 0.00169161 0.0023928
0 0.000783845 0.00194184 0.00268068
0 0.000783584 0.00197312 0.00264549
0 0.000677496 0.00173738 0.00229988
0 0.000498481 0.00127186 0.00171017
0 0.000303134 0.000700239 0.00098221
0 0.000130938 0.000162257 0.000230674
0 -1.16155e-05 -0.00025881 -0.000439789
0 -0.000125471 -0.000543809 -0.00093324
0 -0.000196402 -0.000696095 -0.00117122
0 -0.000204042 -0.000704895 -0.00111932
0 -0.000141481 -0.000546001 -0.000803158
0 -3.12022e-05 -0.00022743 -0.000307751
0 7.61202e-05 0.00016578 0.000237694
0 0.000120522 0.000478557 0.000681795
0 7.21445e-05 0.000566875 0.000891406
0 -3.83594e-05 0.000396137 0.000800445
0 -0.000168594 3.06743e-05 0.000400158
0 -0.000321268 -0.000453131 -0.00028617
0 -0.000514524 -0.00100612 -0.0011778
0 -0.000727228 -0.00158311 -0.00211646
0 -0.000907465 -0.00211523 -0.00291442
0 -0.00102282 -0.0025136 -0.00343367
0 -0.00106953 -0.00268979 -0.00361284
0 -0.00103468 -0.00257745 -0.00343358
0 -0.000881249 -0.00215405 -0.00289087
0 -0.000583322 -0.00145147 -0.00200357
0 -0.000163439 -0.000541568 -0.000834594
0 0.000314588 0.000491159 0.000514401
0 0.000784775 0.00156427 0.00192747
0 0.001198 0.00258448 0.0032822
0 0.00151763 0.00344144 0.00444741
0 0.00172271 0.0040355 0.00529757
0 0.00180944 0.00430919 0.00573369
0 0.00177978 0.00425131 0.00570006
0 0.00163744 0.00388459 0.0052003
0 0.00140058 0.00326094 0.00430661
0 0.00109569 0.00245108 0.00314519
0 0.000743457 0.00153445 0.00186429
0 0.00036583 0.000597161 0.000603542
0 -1.50982e-05 -0.000279831 -0.0005282
0 -0.000371504 -0.00103049 -0.00145976
0 -0.000672988 -0.00161727 -0.00216257
0 -0.000910211 -0.00204527 -0.00265503
0 -0.00108183 -0.00233797 -0.00297653
0 -0.00117467 -0.00250326 -0.00315242
0 -0.0011753 -0.00253044 -0.00318686
0 -0.00109034 -0.00241171 -0.0030762
0 -0.000959407 -0.00217271 -0.00283051
0 -0.000832317 -0.00187187 -0.00247793
0 -0.000724735 -0.00155932 -0.00204707
0 -0.000616363 -0.00125079 -0.00156714
0 -0.000487728 -0.000940088 -0.00108289
0 -0.000342921 -0.000625076 -0.000648458
0 -0.000200683 -0.0003231 -0.000301624
0 -6.88092e-05 -5.78063e-05 -3.89554e-05
0 5.98135e-05 0.000163398 0.000178749
0 0.000182357 0.000348335 0.000387205
0 0.000279874 0.000509832 0.000596636
0 0.000342785 0.000661959 0.000805631
0 0.000385017 0.000811605 0.00101252
0 0.000427541 0.000952517 0.00121038
0 0.00047959 0.00107394 0.0013839
0 0.000532381 0.00116764 0.00151222
0 0.000560578 0.00121856 0.00157015
0 0.000534388 0.00119417 0.00152945
0 0.000438606 0.00105499 0.00136535
0 0.000282776 0.000781038 0.00106339
0 9.218e-05 0.000387894 0.000620982
0 -0.000101919 -7.16288e-05 5.86808e-05
0 -0.000264546 -0.000519213 -0.000561969
0 -0.000366511 -0.000877631 -0.00114047
0 -0.000399863 -0.00109576 -0.00156411
0 -0.000380748 -0.00115623 -0.00174368
0 -0.000329714 -0.00106162 -0.00163607
0 -0.000251685 -0.000818732 -0.00124989
0 -0.000133238 -0.000436526 -0.000639595
0 3.89768e-05 6.13129e-05 0.000106158
0 0.000257009 0.000624214 0.000882606
0 0.000492834 0.00118142 0.00159483
0 0.000704928 0.00165434 0.00217
0 0.000848578 0.00197177 0.00255581
0 0.000892959 0.00208698 0.00271628
0 0.000828986 0.00198402 0.00262794
0 0.000670631 0.00167645 0.00228319
0 0.000450406 0.00120326 0.00170032
0 0.000207555 0.000622827 0.000932328
0 -2.59415e-05 3.24184e-06 6.47869e-05
0 -0.000232065 -0.000586063 -0.00079371
0 -0.000399 -0.00107819 -0.00152557
0 -0.000518073 -0.00141917 -0.00202914
0 -0.000589613 -0.00158318 -0.00224833
0 -0.000614197 -0.00157115 -0.00218201
0 -0.000584563 -0.00139887 -0.00187216
0 -0.000492928 -0.00109338 -0.00138982
0 -0.000335853 -0.000686193 -0.00081165
0 -0.000115092 -0.000203342 -0.000192465
0 0.000151288 0.00032707 0.000436664
0 0.00042252 0.000862282 0.00105292
0 0.000649999 0.00134646 0.00163012
0 0.00080103 0.00172673 0.00213451
0 0.000870631 0.00196925 0.00252241
0 0.000860792 0.00204875 0.00272832
0 0.000767387 0.00193909 0.00267478
0 0.00060733 0.00163964 0.00232546
0 0.000438017 0.00120838 0.00173317
0 0.000320087 0.000748526 0.00102533
0 0.000265233 0.000358106 0.00034962
0 0.000250508 0.000108259 -0.000149869
0 0.000261956 4.32594e-05 -0.000347636
0 0.000301675 0.000172325 -0.00017906
0 0.00037736 0.000474324 0.000330505
0 0.000500242 0.000918212 0.00108143
0 0.000685997 0.00147564 0.00194676
0 0.000946918 0.00211748 0.00281961
0 0.00127528 0.00280332 0.00363718
0 0.00163274 0.00347903 0.00437763
0 0.00196166 0.00408797 0.00504241
0 0.00220818 0.00458611 0.00563362
0 0.00235246 0.00495428 0.0061403
0 0.00241319 0.00519227 0.00653309
0 0.00239581 0.00527821 0.00674353
0 0.00227017 0.00514538 0.00666241
0 0.002006 0.00471311 0.00618371
0 0.00158914 0.00391774 0.00523385
0 0.00100947 0.002721 0.00376698
0 0.000259326 0.00111661 0.00176855
0 -0.000646687 -0.000851124 -0.000720094
0 -0.00165323 -0.00307775 -0.00358244
0 -0.00269718 -0.00542598 -0.00663994
0 -0.0037285 -0.0077687 -0.0096903
0 -0.00467854 -0.00998545 -0.0125494
0 -0.00550107 -0.0119486 -0.0150776
0 -0.00618283 -0.0135543 -0.017173
0 -0.00669758 -0.0147437 -0.0187594
0 -0.00703718 -0.0155067 -0.01979
0 -0.00721472 -0.0158665 -0.0202541
0 -0.00724268 -0.0158555 -0.0201809
0 -0.00712243 -0.0154998 -0.0196215
0 -0.00682988 -0.0147915 -0.0186255
0 -0.00633587 -0.0137104 -0.0172352
0 -0.0056441 -0.0122765 -0.0154839
0 -0.00478945 -0.0105299 -0.0133897
0 -0.00379194 -0.00849533 -0.0109379
0 -0.00265949 -0.00618082 -0.00809572
0 -0.00141238 -0.00358728 -0.00485863
0 -9.40929e-05 -0.000749414 -0.00127764
0 0.00117899 0.00220401 0.0025207
0 0.0023582 0.00510215 0.00634308
0 0.00347774 0.00782107 0.00998897
0 0.00449186 0.0102892 0.0132978
0 0.00538628 0.0124792 0.016157
0 0.00611557 0.0143092 0.0184772
0 0.00658531 0.0156295 0.0201861
0 0.00678367 0.0163206 0.0212081
0 0.00664144 0.0162491 0.021381
0 0.00604102 0.0152543 0.0204638
0 0.00501845 0.0132868 0.0182791
0 0.00377148 0.0105063 0.0148616
0 0.00252396 0.00721849 0.0104594
0 0.00133459 0.00367457 0.00536921
0 3.98865e-05 -4.62305e-05 -0.000121444
0 -0.00150999 -0.00390997 -0.00559194
0 -0.00308827 -0.00759246 -0.0104715
0 -0.00436809 -0.0106651 -0.0143346
0 -0.00544794 -0.0130368 -0.0171109
0 -0.00638948 -0.0146717 -0.0189154
0 -0.0070361 -0.0155513 -0.0198449
0 -0.00729035 -0.0157602 -0.0199436
0 -0.00699339 -0.0152359 -0.0192137
0 -0.00611281 -0.0138648 -0.0176234
0 -0.00483923 -0.0116219 -0.015147
0 -0.0033639 -0.00862586 -0.0117954
0 -0.0018616 -0.00517462 -0.00762728
0 -0.000419667 -0.00156831 -0.00280377
0 0.000930982 0.00199775 0.00238182
0 0.00218966 0.00543696 0.0075411
0 0.00347297 0.00879314 0.012286
0 0.00475479 0.0119823 0.0163357
0 0.00591726 0.0147242 0.0195575
0 0.006884 0.0167814 0.0218997
0 0.00743408 0.0179286 0.0232862
0 0.0074358 0.0180538 0.0236402
0 0.00700366 0.0172945 0.0229777
0 0.00633591 0.0158929 0.0214226
0 0.00566904 0.0141369 0.0191526
0 0.00510396 0.0122697 0.0163708
0 0.00453255 0.0103542 0.0132954
0 0.00381835 0.00832691 0.0101308
0 0.00287386 0.00609759 0.00704503
0 0.00172769 0.00365797 0.00414661
0 0.000520422 0.00114636 0.00144079
0 -0.000659513 -0.00124703 -0.00114809
0 -0.0016635 -0.00331777 -0.00362987
0 -0.00226681 -0.00488019 -0.00589119
0 -0.00252354 -0.00592555 -0.007768
0 -0.00264153 -0.00659118 -0.00909886
0 -0.00273679 -0.00698209 -0.00977177
0 -0.00292059 -0.00717331 -0.00979781
0 -0.003203 -0.00722223 -0.00934703
0 -0.00348262 -0.00715852 -0.00869067
0 -0.00367202 -0.00703181 -0.00810996
0 -0.0036711 -0.00686956 -0.00778623
0 -0.00341956 -0.00664001 -0.00772103
0 -0.00299752 -0.00632627 -0.0077962
0 -0.00258885 -0.00598311 -0.00787361
0 -0.00236897 -0.00570561 -0.00782653
0 -0.00238132 -0.00555117 -0.00756541
0 -0.00250991 -0.0054736 -0.00707527
0 -0.00258614 -0.00533667 -0.00642406
0 -0.0024812 -0.00499118 -0.00571861
0 -0.00214993 -0.00436405 -0.00502762
0 -0.00163887 -0.00350138 -0.00432913
0 -0.0010559 -0.00253735 -0.00354008
0 -0.000529429 -0.00161211 -0.00258842
0 -0.000148595 -0.000791349 -0.00146214
0 7.78892e-05 -5.95026e-05 -0.000229153
0 0.000223905 0.000630892 0.00100425
0 0.000426368 0.00136159 0.00217428
0 0.00081116 0.00223569 0.00328533
0 0.00140483 0.00329169 0.00439104
0 0.00212401 0.00451158 0.00557729
0 0.00281749 0.00582456 0.00691475
0 0.00333284 0.00707076 0.00840216
0 0.00358271 0.00806648 0.00992652
0 0.00357091 0.0086726 0.0112643
0 0.00337512 0.00883091 0.0121344
0 0.00308921 0.00856122 0.0122696
0 0.00277352 0.0078992 0.0115055
0 0.00244198 0.00686499 0.00985128
0 0.00206032 0.00546681 0.00748243
0 0.00155654 0.00371499 0.00466808
0 0.000861994 0.00166001 0.00168135
0 -6.13365e-05 -0.000621247 -0.00126237
0 -0.00119105 -0.00296584 -0.00401407
0 -0.00231765 -0.00512329 -0.00647584
0 -0.00319324 -0.00692378 -0.00858327
0 -0.00376533 -0.00824572 -0.0102788
0 -0.00402378 -0.00902404 -0.0114967
0 -0.00402476 -0.00931515 -0.0121635
0 -0.00390974 -0.00919532 -0.0122165
0 -0.00373077 -0.00874742 -0.0116454
0 -0.00351198 -0.00804848 -0.010529
0 -0.00325701 -0.00713531 -0.00902996
0 -0.00291486 -0.00605328 -0.00735558
0 -0.00246636 -0.00486537 -0.00569866
0 -0.00190975 -0.00363208 -0.00417543
0 -0.00124584 -0.00239841 -0.00279796
0 -0.000526355 -0.00117461 -0.00150086
0 0.000171789 4.90421e-05 -0.000188011
0 0.000779483 0.00128239 0.00123407
0 0.00129079 0.00252732 0.00282426
0 0.00175313 0.00377405 0.00457254
0 0.00217098 0.00499528 0.00638814
0 0.00254923 0.00614074 0.00812066
0 0.00289968 0.00715375 0.00960751
0 0.00318921 0.00796154 0.0107117
0 0.00338402 0.00846909 0.0113367
0 0.00344765 0.00859532 0.0114352
0 0.00333706 0.00829262 0.0109994
0 0.00303662 0.0075531 0.0100414
0 0.00254676 0.00640525 0.0085844
0 0.00188618 0.00489352 0.00666155
0 0.00109872 0.00307091 0.00431939
0 0.000228581 0.00100459 0.00162836
0 -0.000711375 -0.00122064 -0.00129658
0 -0.0016528 -0.00347737 -0.00427729
0 -0.00245199 -0.00555294 -0.00708706
0 -0.00309172 -0.00726879 -0.00950532
0 -0.00360318 -0.00855939 -0.0113388
0 -0.00391739 -0.00933235 -0.0124101
0 -0.00398873 -0.00950433 -0.0126044
0 -0.00380933 -0.00906106 -0.0119241
0 -0.00338497 -0.00801355 -0.0104693
0 -0.00275206 -0.00644005 -0.00838044
0 -0.00191506 -0.0044468 -0.00579106
0 -0.000865727 -0.00211707 -0.00281176
0 0.000321087 0.000449988 0.000445144
0 0.00147958 0.00310806 0.00384428
0 0.00254503 0.00574135 0.00725426
0 0.00352763 0.00824014 0.0105399
0 0.00431944 0.0103987 0.0135218
0 0.00488343 0.0120668 0.0159846
0 0.00523328 0.013161 0.0177019
0 0.00531856 0.0135956 0.0184822
0 0.00516817 0.0133538 0.0182224
0 0.00480842 0.0124322 0.0169193
0 0.00421019 0.0108299 0.0146507
0 0.00337187 0.00859971 0.0115513
0 0.00230016 0.00583869 0.00780695
0 0.00104506 0.00270833 0.00364544
0 -0.000316982 -0.000599632 -0.00069779
0 -0.00177878 -0.00394697 -0.00500991
0 -0.00320751 -0.0071325 -0.00909308
0 -0.00443357 -0.00994919 -0.0127651
0 -0.00549079 -0.0123341 -0.0158624
0 -0.00631028 -0.0141711 -0.0182336
0 -0.00679936 -0.0153499 -0.0197692
0 -0.00699612 -0.015845 -0.0204086
0 -0.00685587 -0.0155877 -0.0201221
0 -0.0063738 -0.0145827 -0.018908
0 -0.00560348 -0.0128992 -0.016792
0 -0.00454548 -0.0105782 -0.0138387
0 -0.00325539 -0.00771979 -0.0101661
0 -0.00181646 -0.00445935 -0.00594493
0 -0.000287134 -0.000942159 -0.00138731
0 0.00116598 0.00259349 0.00327995
0 0.00248016 0.0059842 0.00785341
0 0.0037855 0.00920105 0.0121526
0 0.00499517 0.0121081 0.0159996
0 0.00599277 0.0145667 0.0192394
0 0.00678866 0.0164985 0.0217437
0 0.00727839 0.0177577 0.0234028
0 0.00742752 0.0182553 0.0241408
0 0.00728385 0.0179937 0.0239243
0 0.00684774 0.0170078 0.022753
0 0.00617705 0.015385 0.0206654
0 0.00533181 0.0132407 0.0177631
0 0.00432839 0.0106717 0.0142079
0 0.00320772 0.00777503 0.0102031
0 0.00199499 0.00466282 0.00596533
0 0.000711689 0.00146008 0.00170029
0 -0.000639141 -0.00172608 -0.00240812
0 -0.00200414 -0.00473058 -0.0061869
0 -0.00317958 -0.00732173 -0.00947879
0 -0.0040847 -0.00939817 -0.0121597
0 -0.00474001 -0.0108942 -0.0141233
0 -0.00508422 -0.0117354 -0.0152862
0 -0.00514027 -0.011936 -0.0155985
0 -0.0049502 -0.0115072 -0.0150551
0 -0.00452565 -0.0105012 -0.0137253
0 -0.0039479 -0.00904723 -0.0117543
0 -0.00326642 -0.00727526 -0.00933449
0 -0.00249863 -0.0053321 -0.00668067
0 -0.0016963 -0.00336511 -0.00401392
0 -0.000905198 -0.00150024 -0.00154071
0 -0.000200631 0.000112921 0.000569421
0 0.000322017 0.00137002 0.00220696
0 0.000671792 0.0022503 0.00332606
0 0.000899394 0.00273146 0.00392872
0 0.00098998 0.00283617 0.00404758
0 0.000951407 0.00263566 0.00373207
0 0.000803153 0.00217598 0.00304975
0 0.000543737 0.00150521 0.00208423
0 0.000205563 0.000665282 0.000923178
0 -0.000194694 -0.000313188 -0.000357048
0 -0.00065197 -0.001374 -0.00169593
0 -0.00111179 -0.00242968 -0.00303025
0 -0.00152131 -0.00338584 -0.00428137
0 -0.00185176 -0.00417523 -0.00535895
0 -0.0020731 -0.00475367 -0.00617789
0 -0.00218336 -0.00509075 -0.00667257
0 -0.0021904 -0.00516402 -0.00679502
0 -0.00208287 -0.00494793 -0.00651787
0 -0.00185613 -0.00443135 -0.00584106
0 -0.00150826 -0.00362683 -0.00479078
0 -0.00103674 -0.00256001 -0.00341111
0 -0.000455188 -0.00126889 -0.00175674
0 0.000198756 0.000195518 0.000109567
0 0.000859356 0.0017591 0.00212193
0 0.00150135 0.00335171 0.00420973
0 0.00211751 0.00490423 0.00627705
0 0.00263358 0.00629334 0.00819307
0 0.00301332 0.00741011 0.00981415
0 0.00325953 0.00818748 0.0109989
0 0.00334065 0.00855011 0.0116149
0 0.00324736 0.00844464 0.0115572
0 0.0029844 0.00784953 0.0107829
0 0.00256667 0.00678632 0.00933427
0 0.00203896 0.00534096 0.00732716
0 0.001428 0.00362592 0.00492062
0 0.000738795 0.00174979 0.00228871
0 -3.09668e-05 -0.000210338 -0.00040569
0 -0.000909978 -0.00221533 -0.00302483
0 -0.00183591 -0.00417456 -0.00546353
0 -0.00269617 -0.00598888 -0.00766466
0 -0.0034871 -0.0076204 -0.00961075
0 -0.00416403 -0.00900496 -0.011296
0 -0.00467093 -0.0101069 -0.0127106
0 -0.00503764 -0.010942 -0.0138318
0 -0.00525412 -0.0114956 -0.0146164
0 -0.00530183 -0.0117344 -0.014992
0 -0.00517999 -0.0116007 -0.014878
0 -0.00487305 -0.0110393 -0.0142228
0 -0.00439073 -0.0100388 -0.0130029
0 -0.00374055 -0.00861072 -0.0112162
0 -0.00291376 -0.00678666 -0.00889331
0 -0.00193425 -0.00462412 -0.00610635
0 -0.000842953 -0.00219345 -0.00296727
0 0.000292551 0.000407069 0.000388747
0 0.00135099 0.00301858 0.00381771
0 0.00232856 0.00553287 0.0071803
0 0.00326888 0.00788161 0.010328
0 0.00406052 0.00990478 0.0130943
0 0.0046717 0.0115136 0.015332
0 0.00512667 0.0126774 0.0169275
0 0.00537663 0.0133304 0.0178114
0 0.00544635 0.0134763 0.0179703
0 0.00535184 0.0131352 0.0174389
0 0.00507202 0.012334 0.0162946
0 0.00463635 0.0111526 0.0146452
0 0.00406573 0.00966959 0.0126168
0 0.00338625 0.00797323 0.0103427
0 0.00265961 0.00617206 0.00795184
0 0.00192924 0.00436276 0.00556369
0 0.00123745 0.0026458 0.0032895
0 0.000626901 0.00110883 0.00122859
0 9.31861e-05 -0.000218792 -0.000546182
0 -0.000387421 -0.00132284 -0.0019884
0 -0.000800962 -0.00218325 -0.00307445
0 -0.00112771 -0.00281539 -0.00381001
0 -0.00137004 -0.00322806 -0.00422601
0 -0.00150626 -0.00341673 -0.00437062
0 -0.00152256 -0.00339911 -0.00429542
0 -0.00143902 -0.00319908 -0.00404605
0 -0.00128095 -0.00286296 -0.00366284
0 -0.0010926 -0.00245722 -0.0031829
0 -0.000919395 -0.0020415 -0.00264903
0 -0.000787516 -0.0016724 -0.00211868
0 -0.00071777 -0.00139774 -0.00166671
0 -0.000719499 -0.00125776 -0.00137853
0 -0.000791871 -0.00129237 -0.00133361
0 -0.000929017 -0.00152309 -0.00158149
0 -0.00111497 -0.00194573 -0.00212841
0 -0.00134372 -0.00254076 -0.00294597
0 -0.00163151 -0.00328494 -0.00398411
0 -0.00199752 -0.0041621 -0.00518213
0 -0.0024424 -0.0051518 -0.00647429
0 -0.00292893 -0.00620232 -0.00778571
0 -0.00339314 -0.00722865 -0.00904079
0 -0.00378449 -0.00813849 -0.0101769
0 -0.00407315 -0.00885327 -0.0111325
0 -0.00423739 -0.00931652 -0.0118298
0 -0.00426801 -0.00949779 -0.0121838
0 -0.00417386 -0.00938998 -0.0121311
0 -0.00397429 -0.0089972 -0.0116467
0 -0.00368199 -0.00832494 -0.0107444
0 -0.00329248 -0.00738291 -0.00946825
0 -0.00279119 -0.00619094 -0.00788053
0 -0.00217232 -0.00478416 -0.0060537
0 -0.00145633 -0.00321784 -0.00406673
0 -0.000689391 -0.00156368 -0.00199848
0 6.3051e-05 9.58788e-05 8.11334e-05
0 0.00072427 0.00166904 0.00211167
0 0.00129487 0.00311151 0.0040415
0 0.00182604 0.00442314 0.00582127
0 0.00229853 0.00557871 0.00739876
0 0.00271271 0.006576 0.00873198
0 0.00308748 0.00742393 0.00979973
0 0.00339715 0.00810288 0.0106086
0 0.00364476 0.00861297 0.0111888
0 0.00383039 0.00896017 0.0115772
0 0.00393288 0.00915045 0.0118038
0 0.00395662 0.00920428 0.0118841
0 0.00390507 0.00912826 0.0118179
0 0.00378705 0.00892355 0.0115988
0 0.00363354 0.00860441 0.0112246
0 0.00345768 0.00818356 0.0106958
0 0.00325374 0.0076708 0.0100138
0 0.00301209 0.00706892 0.00918771
0 0.0027191 0.00636975 0.00823632
0 0.00237318 0.00556798 0.00718176
0 0.00198057 0.00466596 0.00603817
0 0.00154612 0.00367646 0.00480848
0 0.00108243 0.00262342 0.00349186
0 0.000605337 0.00153035 0.00209399
0 0.000121436 0.000410883 0.000631179
0 -0.000378073 -0.000737496 -0.000874155
0 -0.000894075 -0.00190913 -0.00239208
0 -0.0013997 -0.00305998 -0.00387706
0 -0.00188127 -0.00414619 -0.00527677
0 -0.00233542 -0.00513986 -0.00654369
0 -0.0027365 -0.0060054 -0.0076381
0 -0.00306732 -0.00671854 -0.00853159
0 -0.00331866 -0.0072617 -0.00920621
0 -0.0034782 -0.00761552 -0.00965202
0 -0.00354805 -0.00777569 -0.00986404
0 -0.00353251 -0.00774583 -0.00984057
0 -0.00343593 -0.00753694 -0.00958663
0 -0.00327109 -0.00716975 -0.00911693
0 -0.00304689 -0.0066626 -0.00845557
0 -0.00276528 -0.00602899 -0.00762938
0 -0.00242503 -0.00527809 -0.00666231
0 -0.00202329 -0.00441598 -0.00557411
0 -0.00156314 -0.0034515 -0.00437815
0 -0.00105632 -0.00239798 -0.00308344
0 -0.000520944 -0.00127528 -0.00170074
0 1.50627e-05 -0.000111279 -0.000246298
0 0.000514368 0.00105713 0.00125698
0 0.000974086 0.00220143 0.00277903
0 0.00141741 0.00330873 0.00427589
0 0.00182697 0.00434481 0.00568557
0 0.00218592 0.00526555 0.00694127
0 0.00249267 0.00603956 0.00798282
0 0.00272024 0.00662114 0.0087557
0 0.00284599 0.00696096 0.00921106
0 0.00285475 0.0070221 0.00930993
0 0.00273509 0.00678177 0.00903017
0 0.00250123 0.00624985 0.00837128
0 0.00217564 0.00546204 0.00735545
0 0.00177891 0.00446699 0.00602979
0 0.00133712 0.00332539 0.00446834
0 0.000870867 0.00209934 0.00276759
0 0.000394258 0.000847848 0.00103465
0 -9.19151e-05 -0.000386584 -0.0006325
0 -0.000591316 -0.0015584 -0.00215289
0 -0.00106659 -0.00259708 -0.00346463
0 -0.00147937 -0.00346377 -0.00453323
0 -0.00182124 -0.00414298 -0.0053445
0 -0.00205857 -0.00460809 -0.00589498
0 -0.00216846 -0.00484994 -0.00618651
0 -0.00216286 -0.00486675 -0.00622341
0 -0.00205242 -0.00466501 -0.00601143
0 -0.00186142 -0.00427335 -0.00555636
0 -0.00161343 -0.00372205 -0.00487026
0 -0.00131677 -0.0030422 -0.00398104
0 -0.000985558 -0.00226625 -0.00293734
0 -0.000630287 -0.00142167 -0.00180228
0 -0.000258365 -0.000542806 -0.000641186
0 0.000106985 0.000325288 0.000490716
0 0.000447968 0.0011457 0.00155462
0 0.000764023 0.00189512 0.00252047
0 0.0010422 0.00254481 0.00336021
0 0.00126492 0.00307191 0.00405267
0 0.0014305 0.0034722 0.00458492
0 0.0015426 0.00374651 0.00495228
0 0.00160886 0.00390208 0.00515772
0 0.0016372 0.00394959 0.00520855
0 0.00162634 0.00389503 0.00511578
0 0.00157242 0.00374349 0.0048931
0 0.00147359 0.00349817 0.0045554
0 0.0013297 0.00316177 0.00411631
0 0.00114611 0.0027421 0.00358581
0 0.000931057 0.00225077 0.00297026
0 0.000693204 0.00170263 0.00227608
0 0.000444394 0.00111686 0.00151679
0 0.000198043 0.000516874 0.000719705
0 -3.11811e-05 -6.87513e-05 -7.42684e-05
0 -0.000232843 -0.000608906 -0.000817946
0 -0.000403616 -0.00107063 -0.0014624
0 -0.000542725 -0.00142753 -0.00196325
0 -0.000654271 -0.00167312 -0.00229168
0 -0.000738822 -0.00181238 -0.00244193
0 -0.000790975 -0.00185473 -0.00243444
0 -0.000809765 -0.00181637 -0.00231146
0 -0.000798302 -0.00171773 -0.00212635
0 -0.000760441 -0.00158297 -0.00192686
0 -0.000699822 -0.00143465 -0.00174148
0 -0.000620783 -0.00128693 -0.001579
0 -0.000532495 -0.00114592 -0.00143457
0 -0.000447844 -0.00101115 -0.00129661
0 -0.000374964 -0.000878484 -0.00115137
0 -0.000315201 -0.000745694 -0.000988543
0 -0.000266137 -0.000614667 -0.000807945
0 -0.000225194 -0.000491187 -0.00062177
0 -0.000194162 -0.000385013 -0.00045228
0 -0.000178268 -0.000309504 -0.000326623
0 -0.000184153 -0.000282888 -0.000271729
0 -0.000218268 -0.000325308 -0.000310327
0 -0.000283328 -0.000450303 -0.000457522
0 -0.000379505 -0.000661416 -0.000719745
0 -0.000504215 -0.000951096 -0.00109254
0 -0.00064378 -0.00129461 -0.00155072
0 -0.000773143 -0.00164723 -0.00204164
0 -0.00086948 -0.00195631 -0.00249687
0 -0.000921643 -0.00217636 -0.00284838
0 -0.000928135 -0.00227406 -0.00303695
0 -0.000891673 -0.00223221 -0.00302144
0 -0.000815333 -0.00205129 -0.00278826
0 -0.000701849 -0.00174542 -0.00235509
0 -0.000554458 -0.00133857 -0.00176789
0 -0.000376458 -0.000860323 -0.00108893
0 -0.00017448 -0.000343834 -0.000380325
0 4.01588e-05 0.000178021 0.000309888
0 0.000256918 0.000682048 0.000953123
0 0.000466184 0.0011514 0.00153522
0 0.000655928 0.00156868 0.00204909
0 0.000811884 0.00191949 0.00248912
0 0.000924467 0.00219324 0.00284904
0 0.000996693 0.00238776 0.00312451
0 0.00104073 0.00251201 0.00331356
0 0.00106732 0.0025773 0.00341445
0 0.00107876 0.00259058 0.00342574
0 0.00106784 0.00254912 0.00334702
0 0.00102117 0.00243723 0.00317675
0 0.000927135 0.0022349 0.00291091
0 0.00078317 0.00193065 0.00254379
0 0.000595176 0.00152634 0.00206744
0 0.000371746 0.00103378 0.00147302
0 0.000120153 0.000467427 0.000758406
0 -0.000151439 -0.00015885 -6.29706e-05
0 -0.000429663 -0.000826437 -0.000958504
0 -0.000693958 -0.00149863 -0.00187362
0 -0.000926226 -0.00212115 -0.00273625
0 -0.00112535 -0.00264991 -0.00347664
0 -0.00129469 -0.00306047 -0.00404045
0 -0.00142675 -0.00333628 -0.0043924
0 -0.00150817 -0.00346863 -0.0045212
0 -0.00152168 -0.00344916 -0.00443641
0 -0.00145038 -0.00326537 -0.00415781
0 -0.00128582 -0.00291055 -0.00370312
0 -0.00103011 -0.00238878 -0.00308093
0 -0.000699072 -0.0017196 -0.00229454
0 -0.000323522 -0.00093891 -0.00135365
0 5.4259e-05 -9.35026e-05 -0.000287848
0 0.000391143 0.000759687 0.000851408
0 0.000676703 0.00156913 0.00199837
0 0.000927168 0.00230481 0.00307727
0 0.00114487 0.00293714 0.0040076
0 0.00133136 0.00343685 0.0047205
0 0.00148656 0.00379171 0.00517594
0 0.00159374 0.00398905 0.00536687
0 0.0016381 0.00401656 0.00531432
0 0.00160659 0.00387209 0.00505423
0 0.00148958 0.00356037 0.00462269
0 0.00129636 0.00310439 0.00405076
0 0.00105151 0.00254548 0.00336572
0 0.000787008 0.00193085 0.00259584
0 0.000533707 0.00130756 0.00177527
0 0.000307247 0.000711439 0.000946259
0 0.000107743 0.000161056 0.000154984
0 -7.38336e-05 -0.000336346 -0.000555789
0 -0.000250157 -0.00077466 -0.00115132
0 -0.000427916 -0.00114837 -0.00161342
0 -0.00060144 -0.00145664 -0.00194518
0 -0.000749784 -0.00169222 -0.00216331
0 -0.000843227 -0.00183798 -0.00228595
0 -0.000858413 -0.00187566 -0.0023211
0 -0.000790383 -0.00179193 -0.00226265
0 -0.000655347 -0.00158828 -0.00209251
0 -0.000481543 -0.00128244 -0.00178894
0 -0.000296314 -0.000899831 -0.00134128
0 -0.000119156 -0.000467451 -0.000762942
0 4.23837e-05 -9.91273e-06 -9.5179e-05
0 0.000190009 0.000449956 0.000602684
0 0.000333261 0.000894445 0.00127086
0 0.00048398 0.00131114 0.00185939
0 0.000639993 0.00168065 0.00233242
0 0.000786276 0.00197903 0.00267324
0 0.000898464 0.00218523 0.00288027
0 0.00095113 0.002279 0.00295972
0 0.000933704 0.00224797 0.00291847
0 0.000849088 0.00209134 0.00275615
0 0.000709242 0.00181687 0.00246374
0 0.000530952 0.00144048 0.00202959
0 0.000328541 0.000980386 0.00145036
0 0.000110239 0.000451988 0.000739805
0 -0.000122001 -0.000133449 -7.18629e-05
0 -0.000371246 -0.00076676 -0.000944989
0 -0.000638469 -0.0014262 -0.00183317
0 -0.000916103 -0.0020761 -0.00268696
0 -0.00119079 -0.00268375 -0.00346135
0 -0.00143802 -0.00321322 -0.00411657
0 -0.00162429 -0.00362141 -0.00461854
0 -0.00172712 -0.00387358 -0.00494093
0 -0.00173973 -0.00394625 -0.00506269
0 -0.00166574 -0.00383134 -0.00496567
0 -0.0015191 -0.00354084 -0.00463951
0 -0.00131918 -0.00310076 -0.00409215
0 -0.00108534 -0.00254624 -0.00335622
0 -0.000833212 -0.00191519 -0.00248743
0 -0.000571433 -0.00124435 -0.00155642
0 -0.000307411 -0.000574474 -0.000637296
0 -5.47043e-05 5.07126e-05 0.000205848
0 0.000171924 0.000600251 0.000929427
0 0.0003691 0.0010585 0.00150999
0 0.000535397 0.00141307 0.0019404
0 0.000658397 0.00165805 0.00222577
0 0.000729175 0.00179388 0.00237591
0 0.000744774 0.00182154 0.00240176
0 0.000707794 0.00174771 0.00231408
0 0.000632891 0.00158598 0.00212323
0 0.000536476 0.00135669 0.00184165
0 0.000431851 0.00108682 0.00148695
0 0.000330046 0.000802556 0.00108547
0 0.000236123 0.00052496 0.000672435
0 0.000154699 0.00027266 0.000288252
0 9.25017e-05 6.48383e-05 -2.60823e-05
0 5.28342e-05 -7.69737e-05 -0.000234611
0 4.04245e-05 -0.000130814 -0.000311659
0 6.27687e-05 -8.16035e-05 -0.000243948
0 0.00012419 7.72733e-05 -2.9295e-05
0 0.000228488 0.000344707 0.000326194
0 0.000377658 0.000710595 0.00081012
0 0.000562394 0.00115867 0.00140298
0 0.000766197 0.00166479 0.00207495
0 0.000973733 0.00219533 0.00278657
0 0.00116905 0.00271357 0.00349338
0 0.00133966 0.00318199 0.00414721
0 0.00147515 0.00356446 0.00469617
0 0.00156353 0.00383076 0.00509017
0 0.0015983 0.00395797 0.00528932
0 0.0015763 0.00393055 0.00526807
0 0.00149362 0.00373919 0.00501559
0 0.00134852 0.00338207 0.00453596
0 0.00114165 0.00286783 0.00384711
0 0.00087747 0.00221504 0.00297782
0 0.000564967 0.00144961 0.00196411
0 0.000211668 0.000599408 0.00084467
0 -0.00018038 -0.000314095 -0.000344668
0 -0.000605432 -0.00127103 -0.00157123
0 -0.00103573 -0.00223112 -0.0027967
0 -0.00144185 -0.00314682 -0.00397556
0 -0.00181263 -0.00398449 -0.00505918
0 -0.00212766 -0.00470542 -0.00599698
0 -0.00236819 -0.00527274 -0.00674253
0 -0.00252907 -0.00566091 -0.00725681
0 -0.00259987 -0.0058448 -0.00750902
0 -0.00257586 -0.00581105 -0.00748003
0 -0.00245976 -0.00556004 -0.00716543
0 -0.00225464 -0.00510165 -0.00657801
0 -0.00197215 -0.0044604 -0.0057476
0 -0.00162801 -0.00367038 -0.00471929
0 -0.00123834 -0.00277273 -0.00354984
0 -0.00082361 -0.00181603 -0.00230334
0 -0.000404611 -0.00084949 -0.00104539
0 -8.10086e-06 7.48242e-05 0.0001636
0 0.000336992 0.00091268 0.00127413
0 0.000629681 0.0016445 0.00224718
0 0.000877045 0.00225095 0.00304911
0 0.00106569 0.00270713 0.0036538
0 0.00119201 0.00300582 0.00404663
0 0.00125923 0.00314883 0.00422556
0 0.00126628 0.0031438 0.00420265
0 0.00122283 0.00300897 0.00400098
0 0.00113591 0.0027623 0.00364988
0 0.00100868 0.0024239 0.00318215
0 0.000851518 0.00201926 0.00263261
0 0.000674246 0.00157343 0.00203612
0 0.000487925 0.00111332 0.00142612
0 0.000306982 0.000665826 0.000834042
0 0.000142516 0.000254786 0.000288511
0 5.91531e-06 -9.5921e-05 -0.000183364
0 -9.3086e-05 -0.000363425 -0.000553503
0 -0.000148204 -0.000528009 -0.000792828
0 -0.000153952 -0.000574684 -0.000876003
0 -0.000111787 -0.000496213 -0.000788292
0 -2.55852e-05 -0.000294966 -0.000529662
0 9.89297e-05 1.6031e-05 -0.000116369
0 0.000247763 0.000411698 0.000420542
0 0.000409229 0.000858065 0.00103937
0 0.000573811 0.00131887 0.00169107
0 0.00073036 0.00176061 0.00232206
0 0.000873699 0.00215451 0.00288088
0 0.000997548 0.00247691 0.00332638
0 0.00109319 0.00271074 0.0036322
0 0.00115417 0.00284326 0.00378684
0 0.00117129 0.00286416 0.00378994
0 0.0011367 0.00276799 0.00364762
0 0.00104864 0.00255569 0.00336894
0 0.000909944 0.00223511 0.0029633
0 0.000729249 0.00182049 0.00244061
0 0.000517739 0.00132866 0.00181224
0 0.00028294 0.000775351 0.00109229
0 2.9216e-05 0.000173014 0.000299409
0 -0.000241107 -0.000466248 -0.000542959
0 -0.0005217 -0.00112343 -0.00140532
0 -0.000798424 -0.00176983 -0.00225113
0 -0.00106274 -0.00237632 -0.00304283
0 -0.00130995 -0.00292321 -0.00374784
0 -0.00152702 -0.0033925 -0.00433991
0 -0.00169973 -0.00376402 -0.0047995
0 -0.00181467 -0.0040181 -0.00511139
0 -0.00186001 -0.00413487 -0.00526297
0 -0.00183334 -0.00410287 -0.00524367
0 -0.00173958 -0.00392355 -0.00504589
0 -0.0015882 -0.00360837 -0.00466904
0 -0.00139107 -0.00317565 -0.00412246
0 -0.00115635 -0.00264339 -0.00342663
0 -0.000888711 -0.00202784 -0.00261262
0 -0.000593326 -0.00134779 -0.0017189
0 -0.000277642 -0.000626494 -0.000785404
0 4.27877e-05 0.000106046 0.000153224
0 0.000347363 0.000820371 0.00107098
0 0.000626884 0.0014932 0.0019434
0 0.000870718 0.00209376 0.0027367
0 0.00105491 0.00258165 0.00340645
0 0.00116437 0.00291896 0.00390131
0 0.00119471 0.00307538 0.00417119
0 0.00114844 0.00303451 0.00417754
0 0.00103712 0.0027969 0.0038996
0 0.000870074 0.00237615 0.00334088
0 0.000654701 0.00179847 0.00253464
0 0.000402323 0.00110264 0.00154432
0 0.000123561 0.000334665 0.000455124
0 -0.000172969 -0.000458977 -0.000643593
0 -0.00047403 -0.00122323 -0.00166883
0 -0.000757174 -0.00189476 -0.00255014
0 -0.00100242 -0.00243324 -0.00323906
0 -0.00119644 -0.00282122 -0.00371012
0 -0.00132099 -0.00304631 -0.00395962
0 -0.00136553 -0.00310949 -0.00400223
0 -0.00133258 -0.00301769 -0.00386151
0 -0.00122604 -0.00277976 -0.00356011
0 -0.0010544 -0.00241323 -0.00311365
0 -0.000829167 -0.0019372 -0.00253291
0 -0.000562938 -0.00137201 -0.00183053
0 -0.000273109 -0.000739831 -0.00102668
0 2.17546e-05 -6.27112e-05 -0.000149403
0 0.000304754 0.000632936 0.000769427
0 0.000573262 0.00132273 0.00169749
0 0.000834708 0.00198843 0.00259963
0 0.00108263 0.00260664 0.00343581
0 0.0013061 0.00315317 0.00416818
0 0.00149574 0.00360997 0.0047668
0 0.00163868 0.00395668 0.00521092
0 0.00172776 0.00417535 0.00548907
0 0.00176135 0.0042574 0.00559691
0 0.00173965 0.00420356 0.00553565
0 0.00166781 0.00402619 0.005312
0 0.00155345 0.00374327 0.00493922
0 0.00140309 0.00337117 0.00443709
0 0.00122278 0.00292369 0.00382953
0 0.0010158 0.00241202 0.00314157
0 0.000784256 0.00184849 0.00239713
0 0.000533738 0.00124989 0.00161862
0 0.000271279 0.000634735 0.000826453
0 5.50496e-06 2.01976e-05 3.81555e-05
0 -0.00025583 -0.00057815 -0.00072978
0 -0.000501136 -0.00113968 -0.00145576
0 -0.000712707 -0.00163723 -0.00211013
0 -0.00088424 -0.00204866 -0.00266001
0 -0.00101403 -0.00235779 -0.00307552
0 -0.00109696 -0.0025529 -0.00333523
0 -0.00113446 -0.0026309 -0.00343055
0 -0.00112744 -0.00259418 -0.00336629
0 -0.00107489 -0.00244956 -0.00315844
0 -0.00097922 -0.0022094 -0.00283017
0 -0.000842999 -0.00188874 -0.00240734
0 -0.000671655 -0.0015047 -0.00191477
0 -0.000475917 -0.00107654 -0.00137494
0 -0.000269211 -0.000624714 -0.000808526
0 -6.76741e-05 -0.000171379 -0.000234863
0 0.000113716 0.000261638 0.000327305
0 0.000269169 0.000656639 0.000858416
0 0.000398191 0.000998734 0.00133551
0 0.00050005 0.00127626 0.00173279
0 0.000576955 0.00148266 0.00202684
0 0.000629162 0.00161228 0.00220166
0 0.000653926 0.00166122 0.00225224
0 0.000648537 0.00162731 0.00218322
0 0.000607149 0.0015076 0.00200415
0 0.00052464 0.00130203 0.00172581
0 0.000401068 0.00101509 0.00135779
0 0.000241867 0.000656843 0.00090963
0 6.01754e-05 0.000245096 0.00039433
0 -0.000127736 -0.000195439 -0.000169865
0 -0.000308521 -0.000639249 -0.000759101
0 -0.00047246 -0.00106175 -0.00134148
0 -0.000616195 -0.00143878 -0.00187624
0 -0.000740821 -0.00175518 -0.00232249
0 -0.000846558 -0.00200187 -0.00264986
0 -0.000928585 -0.00216804 -0.00284269
0 -0.000977228 -0.00224359 -0.00290115
0 -0.000982756 -0.00222133 -0.00283695
0 -0.000938491 -0.0021007 -0.00266645
0 -0.000844345 -0.00189075 -0.00240493
0 -0.000708827 -0.00160746 -0.00206467
0 -0.000547346 -0.00127122 -0.00165782
0 -0.000377537 -0.000903922 -0.00119918
0 -0.000213214 -0.000524637 -0.000707083
0 -6.04328e-05 -0.000148681 -0.000202337
0 8.05182e-05 0.000212101 0.000293623
0 0.000212146 0.000550763 0.000760488
0 0.000337812 0.00086162 0.00117993
0 0.000454627 0.00113659 0.0015369
0 0.000556776 0.00136759 0.00182256
0 0.000639283 0.00154584 0.0020346
0 0.000694345 0.00166358 0.00217426
0 0.000717126 0.00171678 0.00224221
0 0.000706014 0.00170248 0.00223566
0 0.000660998 0.00161958 0.00214867
0 0.000587488 0.00147039 0.00197576
0 0.000493742 0.00126109 0.0017165
0 0.000386978 0.00100196 0.00137753
0 0.000271251 0.000704767 0.000972796
0 0.000146571 0.000379777 0.000522371
0 1.309e-05 3.67674e-05 4.8742e-05
0 -0.000130271 -0.000315564 -0.000426338
0 -0.000281562 -0.000666668 -0.000882595
0 -0.000430774 -0.00100011 -0.00130201
0 -0.000569576 -0.00129953 -0.00167045
0 -0.000687542 -0.00154982 -0.00197778
0 -0.000775025 -0.00173939 -0.00221682
0 -0.000830156 -0.00186394 -0.00238171
0 -0.000851323 -0.00192152 -0.00246625
0 -0.000839849 -0.00191141 -0.00246471
0 -0.000800063 -0.00183481 -0.00237417
0 -0.000734515 -0.00169367 -0.00219581
0 -0.00064532 -0.00149192 -0.00193513
0 -0.000533048 -0.0012352 -0.00160116
0 -0.000397342 -0.00092974 -0.00120569
0 -0.000241477 -0.000583453 -0.000762092
0 -7.15403e-05 -0.000205477 -0.000282774
0 0.000105296 0.000194821 0.000222966
0 0.000281989 0.000606696 0.000747968
0 0.000452472 0.00101638 0.00128171
0 0.000608607 0.00140697 0.0018054
0 0.000743005 0.00176018 0.00229287
0 0.000850848 0.00205742 0.00271359
0 0.000927412 0.00228054 0.00303639
0 0.000969672 0.00241382 0.00323402
0 0.000975853 0.00244583 0.00328765
0 0.000945106 0.00237217 0.00319044
0 0.000879363 0.00219741 0.00294901
0 0.000783282 0.00193553 0.00258389
0 0.000664201 0.00160904 0.00212735
0 0.000530173 0.00124397 0.00161762
0 0.000386832 0.000864088 0.00109194
0 0.000236897 0.00048662 0.000580578
0 8.34614e-05 0.000122479 0.000102669
0 -7.23851e-05 -0.00022387 -0.000334261
0 -0.000230298 -0.000552198 -0.000731774
0 -0.00038385 -0.000860632 -0.00109627
0 -0.000526461 -0.00114651 -0.00143433
0 -0.000649501 -0.00140298 -0.00174746
0 -0.000742713 -0.00161892 -0.00202847
0 -0.000802928 -0.00178355 -0.00226184
0 -0.000830956 -0.00188712 -0.00242734
0 -0.000830953 -0.00192364 -0.0025051
0 -0.000808062 -0.00189073 -0.00247994
0 -0.000763172 -0.00178811 -0.00234607
0 -0.000694719 -0.00161767 -0.00210907
0 -0.000599628 -0.00138252 -0.00178351
0 -0.000475785 -0.00108886 -0.00139004
0 -0.000327654 -0.000749706 -0.000952064
0 -0.000165338 -0.000383371 -0.000490535
0 1.12008e-06 -8.13874e-06 -2.06133e-05
0 0.000160459 0.000358967 0.000447146
0 0.000305103 0.000705624 0.0009025
0 0.000434366 0.0010245 0.00133253
0 0.000546015 0.00130866 0.00172292
0 0.000642065 0.00155486 0.00205983
0 0.000725069 0.00175859 0.00233108
0 0.000790031 0.00191164 0.00252729
0 0.000832191 0.00200699 0.00264253
0 0.000846949 0.00203762 0.00267471
0 0.000830569 0.00199983 0.00262451
0 0.000785079 0.00189595 0.00249477
0 0.000715614 0.00173344 0.00229102
0 0.000628553 0.00152426 0.00202183
0 0.000530915 0.00128164 0.00169921
0 0.000426461 0.0010168 0.00133827
0 0.000316929 0.000738796 0.000956548
0 0.000203563 0.000454855 0.000571516
0 8.71775e-05 0.000171472 0.000196527
0 -3.13304e-05 -0.000105212 -0.000159635
0 -0.000150131 -0.000368632 -0.000490471
0 -0.000261135 -0.000609717 -0.000790155
0 -0.000357138 -0.000820835 -0.0010535
0 -0.000437764 -0.000997758 -0.00127731
0 -0.000502892 -0.00113961 -0.00146045
0 -0.000554657 -0.00124979 -0.00160283
0 -0.000594951 -0.00133126 -0.00170432
0 -0.000621575 -0.00138428 -0.00176521
0 -0.000631961 -0.00140598 -0.00178561
0 -0.000621646 -0.00138906 -0.00176291
0 -0.000586412 -0.00132637 -0.00169215
0 -0.000527125 -0.00121523 -0.00156793
0 -0.000447113 -0.00105709 -0.00138538
0 -0.00035151 -0.000857472 -0.00114315
0 -0.000248027 -0.000625487 -0.000847222
0 -0.000143291 -0.000372532 -0.000511543
0 -4.12895e-05 -0.000111711 -0.000155753
0 5.41711e-05 0.000143299 0.000198601
0 0.000141301 0.000380433 0.000530744
0 0.000220628 0.00058879 0.000820161
0 0.000286947 0.000756425 0.00104773
0 0.000333346 0.000872565 0.00119929
0 0.000357555 0.000929425 0.00126752
0 0.000356751 0.000922198 0.00125172
0 0.00033047 0.000852311 0.00115652
0 0.000281756 0.000727076 0.000990579
0 0.000213903 0.000557527 0.000766131
0 0.000134158 0.000357506 0.000498666
0 4.992e-05 0.000140902 0.000205001
0 -3.65672e-05 -8.08516e-05 -9.84938e-05
0 -0.000124874 -0.000300462 -0.000397462
0 -0.000213853 -0.000512531 -0.00068015
0 -0.000302504 -0.000712019 -0.000936243
0 -0.000386806 -0.000892167 -0.00115681
0 -0.000456906 -0.00104103 -0.00133429
0 -0.000503459 -0.00114565 -0.0014616
0 -0.000520263 -0.00119504 -0.00153088
0 -0.00050468 -0.00118202 -0.00153302
0 -0.000459626 -0.00110588 -0.00145908
0 -0.000389998 -0.000969579 -0.00130273
0 -0.000301693 -0.000779016 -0.00106434
0 -0.000202002 -0.000544032 -0.000754565
0 -9.70025e-05 -0.000277942 -0.000393394
0 9.58964e-06 4.00647e-06 -5.4595e-06
0 0.000114484 0.000285524 0.000385035
0 0.000216759 0.000553895 0.000756355
0 0.000316696 0.000800233 0.00108905
0 0.000407706 0.00101419 0.00136788
0 0.000482627 0.00118692 0.00158284
0 0.000535845 0.00130779 0.0017275
0 0.000558648 0.0013646 0.00179743
0 0.000548098 0.00135143 0.00178883
0 0.000506587 0.00126778 0.00169806
0 0.00043733 0.00111851 0.00152266
0 0.000347723 0.000913425 0.0012646
0 0.000244988 0.000663856 0.000933623
0 0.000133318 0.000380591 0.000546193
0 1.69454e-05 7.48039e-05 0.000122905
0 -0.000105163 -0.000242202 -0.000313475
0 -0.000232404 -0.000557425 -0.000739258
0 -0.000356354 -0.000854097 -0.0011299
0 -0.000470578 -0.00111436 -0.00146229
0 -0.000563692 -0.00131957 -0.00171806
0 -0.000622585 -0.00145301 -0.00188368
0 -0.000642347 -0.00150336 -0.00195016
0 -0.000620376 -0.00146583 -0.00191258
0 -0.000560069 -0.00134398 -0.00177045
0 -0.000470077 -0.00114789 -0.00152875
0 -0.000357526 -0.000891234 -0.00119889
0 -0.000230659 -0.000589743 -0.000799899
0 -9.7129e-05 -0.000260096 -0.000356356
0 3.94025e-05 8.24849e-05 0.000106488
0 0.000175504 0.000424952 0.000567502
0 0.00031025 0.000756867 0.00100971
0 0.000442991 0.00107014 0.00141901
0 0.000567551 0.00135685 0.0017856
0 0.000679506 0.00161037 0.00210389
0 0.000774579 0.00182473 0.00237169
0 0.000847291 0.00199447 0.00258793
0 0.000896381 0.00211569 0.00274975
0 0.00092115 0.00218543 0.00285218
0 0.000922456 0.00220315 0.00288955
0 0.00090361 0.00216972 0.00285694
0 0.000865266 0.00208487 0.00275052
0 0.000806787 0.00194775 0.00256941
0 0.000728006 0.00175825 0.00231663
0 0.000627897 0.0015175 0.00199795
0 0.000506378 0.0012286 0.00162042
0 0.000364627 0.000896646 0.00119135
0 0.000204214 0.000527793 0.000718323
0 3.12866e-05 0.000130371 0.000210137
0 -0.000147202 -0.000283226 -0.000321774
0 -0.000323615 -0.000696829 -0.000860919
0 -0.000485685 -0.00108992 -0.001383
0 -0.000627642 -0.00144065 -0.00185807
0 -0.000748472 -0.00173394 -0.00225791
0 -0.000847644 -0.00196252 -0.00256175
0 -0.000925607 -0.00212279 -0.00275922
0 -0.000977519 -0.00221242 -0.00285028
0 -0.000996262 -0.00222818 -0.00284227
0 -0.000976333 -0.00216741 -0.00274622
0 -0.00091423 -0.0020306 -0.00257151
0 -0.000811775 -0.00182194 -0.00232309
0 -0.000676744 -0.00155032 -0.0020031
0 -0.000520015 -0.00122788 -0.00161417
0 -0.000353421 -0.000868065 -0.0011637
0 -0.000187252 -0.000485111 -0.000666238
0 -2.6684e-05 -9.30754e-05 -0.000142111
0 0.000125983 0.000295045 0.000386589
0 0.000272603 0.000670545 0.000899458
0 0.000417183 0.00102665 0.00137783
0 0.000555942 0.0013544 0.00180553
0 0.000682869 0.0016446 0.00217104
0 0.00078983 0.00188515 0.00246701
0 0.000866369 0.00206347 0.00268894
0 0.000908129 0.00217088 0.00283239
0 0.000913733 0.0022017 0.00289057
0 0.000884494 0.00215544 0.0028553
0 0.000825736 0.00203558 0.00271954
0 0.000742591 0.00184697 0.00248123
0 0.000639081 0.00159572 0.00214585
0 0.000517702 0.0012885 0.00172619
0 0.000378255 0.000933243 0.00124087
0 0.000219912 0.000539691 0.000711334
0 4.53286e-05 0.000118819 0.000157642
0 -0.000142863 -0.000317479 -0.000404175
0 -0.000339491 -0.000755857 -0.000960583
0 -0.000531834 -0.00118016 -0.0014966
0 -0.000709266 -0.00157288 -0.0019952
0 -0.000862773 -0.00191766 -0.00243867
0 -0.000984847 -0.00220051 -0.00280891
0 -0.00107302 -0.00241061 -0.00308936
0 -0.0011262 -0.00254105 -0.0032668
0 -0.00114495 -0.00258859 -0.00333293
0 -0.0011296 -0.00255234 -0.00328501
0 -0.00107816 -0.0024327 -0.00312528
0 -0.000989109 -0.00223136 -0.00286076
0 -0.000862927 -0.00195244 -0.0025018
0 -0.000702379 -0.00160327 -0.0020603
0 -0.000513941 -0.00119515 -0.00154918
0 -0.00030714 -0.000743567 -0.000982963
0 -9.49225e-05 -0.000267522 -0.000378968
0 0.000107948 0.000211768 0.000242306
0 0.000292796 0.000673852 0.000858384
0 0.000457198 0.00110132 0.00144443
0 0.000600423 0.00147999 0.00197243
0 0.000722799 0.00179774 0.00241443
0 0.000821672 0.00204388 0.00274743
0 0.000892028 0.00220958 0.0029578
0 0.00092917 0.00228696 0.00304142
0 0.00092752 0.00226971 0.00300123
0 0.000884562 0.00215734 0.00284547
0 0.000802826 0.00195704 0.00258524
0 0.000688672 0.00168306 0.002234
0 0.000553013 0.00135552 0.00180911
0 0.000407992 0.000996589 0.00133257
0 0.000262077 0.000626054 0.00082976
0 0.000119878 0.000259094 0.000326141
0 -1.73816e-05 -9.28985e-05 -0.000155326
0 -0.000151332 -0.000420294 -0.00059451
0 -0.00027953 -0.000713903 -0.00097409
0 -0.00039603 -0.00096429 -0.00128243
0 -0.000495994 -0.00116344 -0.00151585
0 -0.000570914 -0.00130545 -0.00167595
0 -0.000613135 -0.0013858 -0.00176636
0 -0.000620297 -0.00140278 -0.00178944
0 -0.000592736 -0.00135736 -0.0017449
0 -0.000535466 -0.0012525 -0.00163054
0 -0.000456394 -0.0010942 -0.00144503
0 -0.000363085 -0.000891267 -0.00119195
0 -0.000262045 -0.000653931 -0.000881272
0 -0.000156859 -0.000393076 -0.000529134
0 -4.8352e-05 -0.000119618 -0.000155748
0 5.99223e-05 0.000154746 0.000218302
0 0.000163578 0.000418587 0.000574229
0 0.000261498 0.000660804 0.000895364
0 0.000348581 0.000869966 0.00116856
0 0.000419342 0.00103789 0.00138508
0 0.000472322 0.00115883 0.00153908
0 0.000503607 0.00122872 0.00162782
0 0.000511483 0.00124739 0.00165156
0 0.000497884 0.00121613 0.00161181
0 0.000462928 0.00113628 0.00151015
0 0.000407371 0.00100952 0.00134803
0 0.000333031 0.000838051 0.00112781
0 0.000241195 0.000625533 0.000853881
0 0.000135589 0.000377888 0.000533318
0 2.31848e-05 0.000105492 0.000177194
0 -9.1286e-05 -0.000177636 -0.00019923
0 -0.000202793 -0.00045713 -0.000577376
0 -0.000304467 -0.000718013 -0.000935209
0 -0.000395975 -0.000947374 -0.00124968
0 -0.000476783 -0.00113667 -0.00150195
0 -0.000542525 -0.00127906 -0.00167999
0 -0.000589189 -0.00136812 -0.00177872
0 -0.000608977 -0.00139731 -0.00179856
0 -0.000595309 -0.00136136 -0.00174298
0 -0.000547458 -0.00125945 -0.00161644
0 -0.000468122 -0.00109629 -0.00142278
0 -0.000364215 -0.000880734 -0.00116522
0 -0.000245043 -0.000624171 -0.000848924
0 -0.000119283 -0.000338901 -0.000483792
0 6.00755e-06 -3.7644e-05 -8.51426e-05
0 0.000123581 0.000265331 0.000327632
0 0.000231362 0.000557455 0.000733891
0 0.000333822 0.000828848 0.00111284
0 0.000428812 0.00106994 0.00144462
0 0.000512135 0.00127239 0.00171225
0 0.000579252 0.00142577 0.00190314
0 0.000620213 0.00151846 0.00201122
0 0.000630442 0.00154268 0.00203529
0 0.000609057 0.00149446 0.0019757
0 0.000555739 0.00137564 0.00183334
0 0.000476012 0.00119457 0.00161064
0 0.000377417 0.000963045 0.00131435
0 0.00026706 0.000694399 0.000957385
0 0.000151789 0.000401762 0.00055856
0 3.69349e-05 9.86931e-05 0.000140278
0 -7.69191e-05 -0.000201564 -0.000274301
0 -0.000189818 -0.000486553 -0.000662674
0 -0.000297293 -0.000743787 -0.0010039
0 -0.000396779 -0.000963287 -0.00128184
0 -0.000481376 -0.00113539 -0.00148708
0 -0.000539276 -0.00124965 -0.00161523
0 -0.00056349 -0.00129743 -0.00166543
0 -0.000549727 -0.00127331 -0.00163783
0 -0.000499554 -0.00117817 -0.0015324
0 -0.000420768 -0.00101941 -0.00134983
0 -0.000321619 -0.000808144 -0.00109313
0 -0.000210578 -0.000556712 -0.00077084
0 -9.43139e-05 -0.000276905 -0.000397848
0 2.44906e-05 2.10167e-05 6.73406e-06
0 0.000142955 0.000325806 0.000423149
0 0.000260392 0.000627399 0.000833138
0 0.000377785 0.000917025 0.00121949
0 0.000488061 0.00118152 0.00156589
0 0.000583373 0.00140837 0.00185794
0 0.000657307 0.00158512 0.00208407
0 0.000701493 0.00169897 0.00223504
0 0.000713683 0.00174285 0.00230273
0 0.000694171 0.00171252 0.00227934
0 0.000643421 0.0016075 0.0021586
0 0.000566526 0.00143296 0.00193956
0 0.000468897 0.00119681 0.00162863
0 0.000354311 0.000909113 0.00123933
0 0.000224935 0.000580403 0.000790517
0 8.13196e-05 0.00021995 0.000302771
0 -7.60908e-05 -0.000162257 -0.000205021
0 -0.000245933 -0.000555548 -0.000716067
0 -0.000421243 -0.000947222 -0.00121398
0 -0.000591486 -0.00132025 -0.00168239
0 -0.000745974 -0.00165766 -0.00210608
0 -0.000874527 -0.00194405 -0.00247025
0 -0.000969833 -0.00216525 -0.0027599
0 -0.00102735 -0.00231072 -0.00295986
0 -0.00104592 -0.00237305 -0.00305602
0 -0.00102713 -0.00234841 -0.00303824
0 -0.000974029 -0.00223797 -0.00290304
0 -0.000889706 -0.00204643 -0.00265478
0 -0.00077556 -0.00178089 -0.0023047
0 -0.000632071 -0.00144987 -0.00186892
0 -0.00045999 -0.0010621 -0.00136562
0 -0.000262494 -0.000627021 -0.000811683
0 -4.84805e-05 -0.000156998 -0.000221558
0 0.000167327 0.000331605 0.00039225
0 0.000372911 0.000820166 0.00101727
0 0.000561071 0.00128755 0.00163586
0 0.000724945 0.00171364 0.00222262
0 0.000863656 0.00208457 0.00274786
0 0.000977692 0.0023892 0.00318144
0 0.00106452 0.00261777 0.003498
0 0.00112348 0.00276231 0.00368278
0 0.00115139 0.00281525 0.00373276
0 0.00114278 0.00277208 0.00365347
0 0.00109374 0.00263356 0.0034557
0 0.00100228 0.00240553 0.00315245
0 0.000871428 0.00209819 0.00275631
0 0.000708983 0.00172397 0.00227906
0 0.000524915 0.00129713 0.00173307
0 0.000330645 0.000835557 0.00113464
0 0.000135605 0.000358457 0.000505259
0 -5.42293e-05 -0.000115691 -0.000130656
0 -0.000235776 -0.000569934 -0.000746433
0 -0.000406732 -0.000987924 -0.00131173
0 -0.000561957 -0.0013521 -0.00179596
0 -0.00069617 -0.00164944 -0.00217586
0 -0.000803747 -0.0018705 -0.00243994
0 -0.000876726 -0.00200669 -0.00258823
0 -0.000909028 -0.0020548 -0.00262832
0 -0.000898597 -0.00201719 -0.00257118
0 -0.000847699 -0.00190214 -0.00242843
0 -0.000764129 -0.00172341 -0.00221088
0 -0.000658601 -0.00149627 -0.00192976
0 -0.000541903 -0.00123658 -0.00159903
0 -0.000423181 -0.000959852 -0.00123613
0 -0.000308049 -0.000680081 -0.000861529
0 -0.000199848 -0.000410722 -0.000496883
0 -0.000100339 -0.000163065 -0.000162038
0 -1.20438e-05 5.23726e-05 0.000126594
0 6.00459e-05 0.000226452 0.00035684
0 0.000113906 0.000354592 0.000521459
0 0.000149786 0.000433247 0.000618458
0 0.000165657 0.000461979 0.000649943
0 0.000161863 0.000444506 0.000620803
0 0.000141624 0.000386114 0.00053893
0 0.000107904 0.000295235 0.00041472
0 6.45694e-05 0.000181115 0.000258806
0 1.46098e-05 5.15111e-05 8.14609e-05
0 -4.04161e-05 -8.6383e-05 -0.000106266
0 -9.7309e-05 -0.000225632 -0.000293465
0 -0.000151645 -0.000358572 -0.000470113
0 -0.000200574 -0.000477923 -0.000626928
0 -0.000241064 -0.000576405 -0.000755048
0 -0.00026841 -0.000644969 -0.000845568
0 -0.000278553 -0.000676171 -0.000890215
0 -0.000268563 -0.000664135 -0.000881528
0 -0.000237083 -0.000604639 -0.000813815
0 -0.000185428 -0.000497738 -0.000684665
0 -0.000116125 -0.000345572 -0.000494818
0 -3.16052e-05 -0.000152438 -0.00024814
0 6.40459e-05 7.51139e-05 4.82432e-05
0 0.000166507 0.000328314 0.000384451
0 0.000275058 0.000598548 0.000748384
0 0.000387132 0.000878199 0.00112554
0 0.000496585 0.00115503 0.00149864
0 0.000599649 0.00141599 0.00184875
0 0.000691199 0.00164767 0.00215788
0 0.000764574 0.00183521 0.00240997
0 0.000815767 0.00196773 0.00259089
0 0.000840824 0.00203717 0.00268952
0 0.000837866 0.00203885 0.00269882
0 0.000808505 0.00197313 0.00261659
0 0.000754401 0.00184283 0.0024455
0 0.000677865 0.00165343 0.00219281
0 0.000582038 0.00141342 0.00187033
0 0.000469339 0.0011324 0.00149297
0 0.000342422 0.000820474 0.00107678
0 0.000204254 0.000487612 0.000637779
0 6.05096e-05 0.00014502 0.000191081
0 -8.25572e-05 -0.00019416 -0.00024896
0 -0.000219567 -0.000516435 -0.000667907
0 -0.000342851 -0.000808046 -0.00105009
0 -0.000449162 -0.0010575 -0.00137924
0 -0.00053617 -0.00125616 -0.00164064
0 -0.000598862 -0.00139724 -0.00182263
0 -0.000635099 -0.00147564 -0.00191856
0 -0.000642475 -0.00148789 -0.00192739
0 -0.000620063 -0.00143383 -0.00185302
0 -0.000570113 -0.00131744 -0.00170268
0 -0.000495206 -0.00114678 -0.00148553
0 -0.000400876 -0.00093371 -0.00121376
0 -0.000295433 -0.00069229 -0.000902506
0 -0.000186807 -0.000436991 -0.000569028
0 -8.17714e-05 -0.000182071 -0.000231514
0 1.44447e-05 5.93082e-05 9.29818e-05
0 9.84033e-05 0.000276227 0.000389416
0 0.000169694 0.000460901 0.000644042
0 0.000227927 0.000607065 0.000844094
0 0.000268847 0.00070823 0.000979057
0 0.000289841 0.000759963 0.0010432
0 0.000291798 0.000760233 0.00103683
0 0.000274117 0.000709345 0.000964229
0 0.000235998 0.000610676 0.000831262
0 0.000178419 0.000469364 0.000644963
0 0.000103751 0.0002919 0.000413357
0 1.67372e-05 8.63223e-05 0.000145338
0 -7.80574e-05 -0.000138172 -0.000148461
0 -0.000175838 -0.0003721 -0.00045622
0 -0.000271164 -0.000605009 -0.000765652
0 -0.000364125 -0.000828245 -0.00106342
0 -0.000454781 -0.00103578 -0.00133633
0 -0.000538199 -0.00122012 -0.0015725
0 -0.000608963 -0.00137307 -0.00176176
0 -0.000659944 -0.00148478 -0.00189651
0 -0.00068505 -0.00154519 -0.00197143
0 -0.000682125 -0.00154808 -0.0019818
0 -0.000650393 -0.00149079 -0.00192248
0 -0.000592026 -0.00137529 -0.0017897
0 -0.000512236 -0.00120753 -0.00158395
0 -0.000415931 -0.000994439 -0.00131099
0 -0.000307518 -0.00074388 -0.000982123
0 -0.000190911 -0.000465351 -0.000613322
0 -6.85794e-05 -0.000169774 -0.000222282
0 5.55782e-05 0.000131052 0.00017464
0 0.000177056 0.000426327 0.000563788
0 0.000294574 0.000707572 0.000933387
0 0.000404138 0.000966798 0.00127267
0 0.000500008 0.00119636 0.00157204
0 0.000580435 0.00138956 0.00182326
0 0.000642928 0.0015403 0.00202053
0 0.000686067 0.00164532 0.00216018
0 0.000711082 0.00170438 0.00223994
0 0.000718299 0.00171922 0.00225998
0 0.00070968 0.00169406 0.00222389
0 0.000687978 0.00163375 0.00213796
0 0.000653153 0.00154177 0.00200926
0 0.00060474 0.00142066 0.00184456
0 0.000543428 0.00127336 0.00165033
0 0.000470401 0.00110359 0.00143206
0 0.000388478 0.00091572 0.00119374
0 0.000300854 0.000714761 0.000938849
0 0.000210427 0.000506065 0.000671482
0 0.000121386 0.00029492 0.000396545
0 3.55274e-05 8.58369e-05 0.000119274
0 -4.97299e-05 -0.000119117 -0.000154681
0 -0.000134951 -0.000318485 -0.000418841
0 -0.000217159 -0.00050832 -0.000665985
0 -0.000294872 -0.000684093 -0.000888803
0 -0.000365262 -0.000839323 -0.00108088
0 -0.000422335 -0.000964903 -0.00123654
0 -0.000462089 -0.00105398 -0.0013503
0 -0.00048216 -0.00110267 -0.00141751
0 -0.000482814 -0.00111074 -0.0014354
0 -0.000467996 -0.00108183 -0.00140368
0 -0.000441502 -0.0010209 -0.00132552
0 -0.000407131 -0.000934635 -0.00120841
0 -0.000368159 -0.00083097 -0.00106376
0 -0.00032545 -0.000717199 -0.000904692
0 -0.000279068 -0.000599686 -0.000743539
0 -0.000229526 -0.000483362 -0.000589989
0 -0.000178228 -0.000371455 -0.000449604
0 -0.000126796 -0.000265462 -0.000322896
0 -7.65577e-05 -0.000165495 -0.000206584
0 -2.96415e-05 -7.16292e-05 -9.64492e-05
0 1.18977e-05 1.62064e-05 1.10102e-05
0 4.77636e-05 9.87792e-05 0.000117951
0 7.99194e-05 0.000177711 0.000225088
0 0.000110702 0.000254683 0.000331328
0 0.000140916 0.000329892 0.000433909
0 0.000170384 0.000402032 0.000529458
0 0.000197437 0.00046778 0.000614087
0 0.000219198 0.000522186 0.000683824
0 0.000233656 0.000560711 0.00073519
0 0.000240326 0.000580767 0.00076557
0 0.000240517 0.000583388 0.000774052
0 0.000236628 0.000572229 0.000761542
0 0.000230289 0.000551098 0.000730623
0 0.000222627 0.000523738 0.000686232
0 0.00021469 0.000493244 0.000635321
0 0.000206642 0.000462204 0.000585062
0 0.000198209 0.00043335 0.00054138
0 0.000188663 0.000408171 0.000507496
0 0.000176775 0.000386134 0.000482877
0 0.000162512 0.000365453 0.000464391
0 0.000147608 0.000344497 0.000448013
0 0.000134066 0.000322449 0.00042937
0 0.0001228 0.000299211 0.000404564
0 0.000113801 0.000275291 0.000371927
0 0.000106222 0.000250794 0.000332425
0 9.80227e-05 0.000224363 0.00028827
0 8.69784e-05 0.000193937 0.000241992
0 7.13834e-05 0.000157767 0.000194828
0 5.00107e-05 0.000114408 0.000145269
0 2.35453e-05 6.38726e-05 9.06356e-05
0 -4.61399e-06 8.55861e-06 2.91287e-05
0 -3.08562e-05 -4.82497e-05 -3.96169e-05
0 -5.32408e-05 -0.000103792 -0.000114354
0 -7.13424e-05 -0.000156413 -0.000191938
0 -8.68297e-05 -0.000205003 -0.000267387
0 -0.000102279 -0.00024924 -0.000335159
0 -0.000119293 -0.000290384 -0.000391464
0 -0.000138629 -0.00032895 -0.000435574
0 -0.000159668 -0.000364738 -0.000469837
0 -0.000180026 -0.000397296 -0.000498512
0 -0.000196661 -0.000425061 -0.000525393
0 -0.000207315 -0.000447213 -0.000552552
0 -0.000211799 -0.000463925 -0.000580004
0 -0.000212235 -0.000475909 -0.000605676
0 -0.00021155 -0.000484462 -0.000626271
0 -0.000212064 -0.000490443 -0.000638694
0 -0.000214729 -0.000494112 -0.000641507
0 -0.000218194 -0.000494748 -0.000634984
0 -0.000218966 -0.00048958 -0.000619892
0 -0.00021282 -0.000474403 -0.000596176
0 -0.000196594 -0.000444954 -0.000562007
0 -0.000169566 -0.000398156 -0.000513533
0 -0.000133104 -0.000332729 -0.000445319
0 -9.00393e-05 -0.000249332 -0.000352142
0 -4.4373e-05 -0.000150917 -0.00023191
0 1.04003e-06 -4.11814e-05 -8.66252e-05
0 4.50081e-05 7.60893e-05 7.7937e-05
0 8.81259e-05 0.000196933 0.000252582
0 0.000132598 0.000318513 0.000426727
0 0.000178627 0.000437681 0.000590612
0 0.000224896 0.000549653 0.000736663
0 0.000268888 0.000649133 0.000859797
0 0.000305419 0.000729946 0.000956532
0 0.000329049 0.000784944 0.0010238
0 0.000336629 0.000808587 0.00105797
0 0.000327566 0.000798445 0.00105517
0 0.000303794 0.000755063 0.00101211
0 0.000269429 0.00068206 0.000927056
0 0.000228098 0.000584537 0.00080164
0 0.00018283 0.000468006 0.000641915
0 0.00013542 0.000337751 0.000457125
0 8.39703e-05 0.000197342 0.000257278
0 2.6102e-05 4.92576e-05 5.17591e-05
0 -3.90381e-05 -0.000104489 -0.000151158
0 -0.000109581 -0.000259907 -0.000345392
0 -0.0001798 -0.000410428 -0.00052779
0 -0.000245054 -0.000550876 -0.000697168
0 -0.000302066 -0.000675569 -0.000851746
0 -0.000346153 -0.000778178 -0.000987016
0 -0.000374641 -0.000854258 -0.00109509
0 -0.000387025 -0.000899052 -0.00116599
0 -0.000383513 -0.000908673 -0.0011905
0 -0.000366094 -0.00088085 -0.00116204
0 -0.000335653 -0.000814158 -0.00107785
0 -0.000292136 -0.000710197 -0.000940326
0 -0.000236225 -0.000573318 -0.000756937
0 -0.000168403 -0.000408933 -0.000537892
0 -8.94493e-05 -0.000222746 -0.000293165
0 -1.10897e-06 -1.96616e-05 -3.10392e-05
0 9.09577e-05 0.000193124 0.000241246
0 0.00018119 0.000406714 0.000516394
0 0.000266744 0.000613307 0.000785931
0 0.000341186 0.000801947 0.00103928
0 0.000400634 0.000962733 0.0012639
0 0.00044654 0.00108992 0.00144649
0 0.000478144 0.00117809 0.00157507
0 0.000495245 0.00122459 0.00164138
0 0.000498504 0.00122869 0.00164243
0 0.000486345 0.00118986 0.00158086
0 0.000457939 0.00110968 0.00146351
0 0.000413003 0.000991315 0.00129935
0 0.000352107 0.000840213 0.00109849
0 0.000279505 0.000665564 0.000871763
0 0.000201293 0.000478397 0.000630151
0 0.000124059 0.000289973 0.000384067
0 5.33039e-05 0.000111008 0.000143909
0 -9.4192e-06 -5.09496e-05 -7.93797e-05
0 -6.44082e-05 -0.000191712 -0.00027554
0 -0.000112342 -0.000309312 -0.000437199
0 -0.000155318 -0.000405197 -0.000560785
0 -0.000194035 -0.000480784 -0.000646413
0 -0.000225504 -0.000534499 -0.000697703
0 -0.00024603 -0.00056489 -0.000720371
0 -0.000252508 -0.000570626 -0.000719727
0 -0.000242766 -0.000551197 -0.000698525
0 -0.000219112 -0.000509523 -0.000657231
0 -0.000187096 -0.000450036 -0.000595008
0 -0.000151389 -0.000377266 -0.000510936
0 -0.000115811 -0.000295741 -0.000406191
0 -8.22567e-05 -0.000208611 -0.000284973
0 -4.98558e-05 -0.000118195 -0.000154105
0 -1.71357e-05 -2.72232e-05 -2.18948e-05
0 1.68727e-05 6.18681e-05 0.000103596
0 5.215e-05 0.00014699 0.000216099
0 8.6863e-05 0.000224616 0.000311349
0 0.000116399 0.000288776 0.000386357
0 0.000135167 0.000332668 0.000438461
0 0.000139834 0.000350401 0.000464353
0 0.000129506 0.000338473 0.000460044
0 0.0001061 0.000297349 0.000421668
0 7.41097e-05 0.000230841 0.000346973
0 3.7799e-05 0.000144636 0.000237086
0 5.33631e-07 4.51122e-05 9.76347e-05
0 -3.66886e-05 -6.2375e-05 -6.14294e-05
0 -7.49235e-05 -0.000173853 -0.000227294
0 -0.000113935 -0.000283925 -0.000386314
0 -0.000154165 -0.000387023 -0.000527082
0 -0.000195988 -0.00048024 -0.000643143
0 -0.000236606 -0.000559925 -0.000732804
0 -0.000271851 -0.000622083 -0.00079741
0 -0.000296164 -0.000663912 -0.000839494
0 -0.000304872 -0.000682572 -0.000860924
0 -0.000298233 -0.000677118 -0.000861496
0 -0.000278498 -0.000648143 -0.000838382
0 -0.000248748 -0.000596836 -0.000787326
0 -0.000213123 -0.000525559 -0.000705034
0 -0.000173752 -0.000436485 -0.000590933
0 -0.000130648 -0.000331039 -0.000447985
0 -8.3103e-05 -0.00021096 -0.000282444
0 -3.01556e-05 -7.84342e-05 -0.000101834
0 2.81706e-05 6.33293e-05 8.69417e-05
0 9.07993e-05 0.000210548 0.000278305
0 0.000156692 0.000360473 0.000468481
0 0.0002226 0.000509004 0.000654672
0 0.000283566 0.000650151 0.000833665
0 0.000336164 0.000778556 0.00100147
0 0.000378832 0.00088927 0.00115271
0 0.000411922 0.000978772 0.00128072
0 0.000436229 0.00104552 0.00137845
0 0.00045141 0.00108752 0.00143916
0 0.000456825 0.00110269 0.00145863
0 0.000452089 0.00108956 0.00143637
0 0.000436238 0.00104675 0.00137441
0 0.000408412 0.000974883 0.00127646
0 0.000368798 0.000876859 0.00114728
0 0.000318539 0.000757176 0.000992137
0 0.000259867 0.000620706 0.000816016
0 0.000195402 0.0004712 0.000623174
0 0.000127633 0.000312314 0.000417585
0 5.82434e-05 0.00014746 0.000202722
0 -1.29345e-05 -2.09548e-05 -1.81057e-05
0 -8.69656e-05 -0.000191745 -0.000241325
0 -0.000162232 -0.000362602 -0.00046282
0 -0.0002358 -0.000529945 -0.00067798
0 -0.00030698 -0.000690571 -0.000881567
0 -0.000372321 -0.000837664 -0.0010672
0 -0.000426588 -0.00096267 -0.00122755
0 -0.000467735 -0.00105952 -0.0013553
0 -0.000494098 -0.00112402 -0.00144418
0 -0.000505962 -0.00115528 -0.00148984
0 -0.000505852 -0.00115517 -0.00149109
0 -0.000494688 -0.00112574 -0.00144981
0 -0.000472628 -0.00106916 -0.00137023
0 -0.000439518 -0.000987731 -0.00125865
0 -0.000395475 -0.00088464 -0.00112252
0 -0.000342544 -0.000764804 -0.000969295
0 -0.000283817 -0.000634183 -0.000805512
0 -0.000222718 -0.000499072 -0.000636596
0 -0.000163245 -0.000365518 -0.000467382
0 -0.000108129 -0.000238019 -0.000302359
0 -5.82248e-05 -0.000119596 -0.000145739
0 -1.47043e-05 -1.34699e-05 -2.39107e-06
0 2.17912e-05 7.8043e-05 0.000122762
0 5.30098e-05 0.000154992 0.00022661
0 8.0908e-05 0.000218226 0.00030812
0 0.000105475 0.000268504 0.00036826
0 0.000126217 0.000307126 0.000410011
0 0.000142536 0.000335308 0.000437449
0 0.000153198 0.000353503 0.000454452
0 0.000157065 0.000361518 0.000463149
0 0.000153224 0.000358058 0.000462809
0 0.000141484 0.000341504 0.000450409
0 0.000123434 0.000311444 0.00042228
0 0.000101876 0.000268942 0.00037566
0 7.93467e-05 0.000216405 0.000309896
0 5.75382e-05 0.000157255 0.000227467
0 3.71767e-05 9.51341e-05 0.000134192
0 1.76145e-05 3.28093e-05 3.78857e-05
0 -3.12454e-06 -2.82937e-05 -5.38775e-05
0 -2.65972e-05 -8.74614e-05 -0.000135157
0 -5.20679e-05 -0.000142628 -0.000202282
0 -7.6976e-05 -0.000190609 -0.000254514
0 -9.82815e-05 -0.000229165 -0.000293354
0 -0.000112623 -0.000255583 -0.000320617
0 -0.000116995 -0.000266876 -0.000336126
0 -0.000109396 -0.000260488 -0.000336373
0 -8.96029e-05 -0.000233479 -0.000315586
0 -5.9373e-05 -0.000183811 -0.000267001
0 -2.04553e-05 -0.000109915 -0.000183875
0 2.54164e-05 -1.08799e-05 -6.19735e-05
0 7.62236e-05 0.000111582 9.83914e-05
0 0.000131547 0.000253565 0.000292201
0 0.000191443 0.000410603 0.000510465
0 0.000254677 0.000577252 0.000741489
0 0.000319416 0.000745542 0.000972259
0 0.000383482 0.000907693 0.00119057
0 0.000444435 0.00105684 0.00138634
0 0.000499651 0.00118601 0.00155234
0 0.000545853 0.00129063 0.00168463
0 0.00057963 0.00136723 0.00178079
0 0.000598501 0.00141247 0.00183899
0 0.000601302 0.00142446 0.00185766
0 0.000588553 0.00140217 0.00183493
0 0.000561869 0.00134593 0.00176911
0 0.00052356 0.00125862 0.00166033
0 0.000476525 0.00114478 0.00151157
0 0.000422377 0.00100903 0.00132826
0 0.000361182 0.000855006 0.00111773
0 0.000292686 0.00068557 0.000888388
0 0.000216163 0.000502919 0.000647336
0 0.000132468 0.000309378 0.000399092
0 4.3781e-05 0.000108266 0.000145856
0 -4.91781e-05 -9.73176e-05 -0.000111552
0 -0.000143666 -0.000304384 -0.000372072
0 -0.000234049 -0.000508043 -0.000632753
0 -0.000318169 -0.000703627 -0.000887855
0 -0.00039551 -0.000886356 -0.00112859
0 -0.000463245 -0.00104847 -0.00134395
0 -0.000520136 -0.00118328 -0.00152284
0 -0.000564754 -0.00128561 -0.00165622
0 -0.00059424 -0.00135056 -0.00173813
0 -0.000606847 -0.00137539 -0.00176589
0 -0.000600464 -0.0013582 -0.00173978
0 -0.000574549 -0.00129929 -0.0016628
0 -0.000531662 -0.00120292 -0.00154043
0 -0.000475243 -0.00107577 -0.0013797
0 -0.000409357 -0.000926179 -0.00118872
0 -0.000338068 -0.000762554 -0.000976596
0 -0.000264537 -0.000592129 -0.000753325
0 -0.000191507 -0.000421183 -0.000528835
0 -0.000119891 -0.000253818 -0.000310536
0 -4.93672e-05 -9.2446e-05 -0.000102858
0 1.7989e-05 5.93801e-05 9.10475e-05
0 7.95821e-05 0.000198891 0.00026903
0 0.000134993 0.000325318 0.000429938
0 0.000182902 0.00043638 0.000572517
0 0.000221363 0.000529626 0.000694917
0 0.000250635 0.000603609 0.000794712
0 0.00027111 0.00065675 0.00086897
0 0.000282454 0.000688154 0.000914413
0 0.000284926 0.000696926 0.000928237
0 0.000278756 0.00068267 0.000909523
0 0.000264445 0.000646506 0.000859824
0 0.00024299 0.000590577 0.000782911
0 0.000215601 0.000518517 0.000684299
0 0.000183712 0.000434823 0.000570346
0 0.000148531 0.000344156 0.000447432
0 0.000111255 0.000251018 0.000321622
0 7.24857e-05 0.000157825 0.000197458
0 3.25001e-05 6.546e-05 7.74263e-05
0 -8.15138e-06 -2.52128e-05 -3.70554e-05
0 -4.83977e-05 -0.000112896 -0.000145194
0 -8.56701e-05 -0.000194869 -0.000246369
0 -0.000117594 -0.000267971 -0.000339431
0 -0.000143109 -0.000329771 -0.00042211
0 -0.000161283 -0.000377891 -0.000490551
0 -0.000171677 -0.000410454 -0.000539972
0 -0.000175173 -0.000426445 -0.000566198
0 -0.000173244 -0.000425382 -0.000566978
0 -0.000166913 -0.000407938 -0.000542636
0 -0.000156495 -0.000375787 -0.000495871
0 -0.000141134 -0.000330998 -0.000430843
0 -0.000119623 -0.000275127 -0.000352134
0 -9.20118e-05 -0.000209524 -0.000264317
0 -5.95709e-05 -0.000136538 -0.000171186
0 -2.45459e-05 -5.92897e-05 -7.54596e-05
0 9.89824e-06 1.81686e-05 2.04631e-05
0 4.0543e-05 9.12742e-05 0.000114168
0 6.64591e-05 0.000156914 0.000202952
0 8.79879e-05 0.000213408 0.000283145
0 0.000104291 0.000259084 0.000350277
0 0.000115954 0.00029315 0.000400532
0 0.000124567 0.000315868 0.000431848
0 0.000130327 0.000327119 0.000443935
0 0.000132875 0.000326792 0.000437955
0 0.000131146 0.000315198 0.000416273
0 0.000124061 0.000292863 0.000382079
0 0.000111797 0.000261194 0.000338656
0 9.51905e-05 0.000222171 0.000288612
0 7.5582e-05 0.000177937 0.000233812
0 5.51999e-05 0.000131429 0.000175878
0 3.60503e-05 8.55462e-05 0.000116585
0 1.90009e-05 4.23797e-05 5.80109e-05
0 4.39309e-06 3.55471e-06 2.7934e-06
0 -7.80467e-06 -2.99728e-05 -4.59044e-05
0 -1.79091e-05 -5.76608e-05 -8.5141e-05
0 -2.61617e-05 -7.85205e-05 -0.000113005
0 -3.29074e-05 -9.22085e-05 -0.000129099
0 -3.80505e-05 -9.91856e-05 -0.000134298
0 -4.04914e-05 -9.93003e-05 -0.000130023
0 -3.91001e-05 -9.25756e-05 -0.000117897
0 -3.35246e-05 -7.9309e-05 -9.95049e-05
0 -2.41844e-05 -5.9839e-05 -7.59603e-05
0 -1.20982e-05 -3.51278e-05 -4.75672e-05
0 1.60357e-06 -6.36424e-06 -1.40662e-05
0 1.57476e-05 2.50695e-05 2.4653e-05
0 2.93871e-05 5.78831e-05 6.79431e-05
0 4.22889e-05 9.11729e-05 0.000114276
0 5.44783e-05 0.000124134 0.000161444
0 6.61055e-05 0.000155987 0.000206832
0 7.74148e-05 0.000185712 0.00024794
0 8.81783e-05 0.000212137 0.000282825
0 9.77659e-05 0.000234026 0.00031022
0 0.000105252 0.000250131 0.000329463
0 0.000109593 0.000259405 0.000340232
0 0.000110105 0.000261021 0.00034228
0 0.000106556 0.000254515 0.00033523
0 9.91411e-05 0.000239791 0.000318541
0 8.84982e-05 0.000217282 0.000291802
0 7.55748e-05 0.000187988 0.000255113
0 6.11727e-05 0.000153107 0.000209229
0 4.56798e-05 0.000113881 0.000155705
0 2.92759e-05 7.14928e-05 9.68862e-05
0 1.19343e-05 2.70135e-05 3.55141e-05
0 -6.38722e-06 -1.83325e-05 -2.56962e-05
0 -2.53836e-05 -6.33313e-05 -8.44498e-05
0 -4.44086e-05 -0.000106596 -0.000138953
0 -6.20709e-05 -0.000145753 -0.000187799
0 -7.68232e-05 -0.000178924 -0.000229844
0 -8.79983e-05 -0.000205092 -0.000263948
0 -9.49904e-05 -0.000222997 -0.000288882
0 -9.762e-05 -0.000232216 -0.000303353
0 -9.65647e-05 -0.000232642 -0.000306228
0 -9.23315e-05 -0.000224319 -0.000296934
0 -8.54567e-05 -0.000208022 -0.000275683
0 -7.63046e-05 -0.000184511 -0.000243483
0 -6.46982e-05 -0.000154668 -0.00020207
0 -5.06665e-05 -0.000119529 -0.000153766
0 -3.44587e-05 -8.02463e-05 -0.000101039
0 -1.65575e-05 -3.81669e-05 -4.61306e-05
0 2.28345e-06 5.20576e-06 9.11351e-06
0 2.09024e-05 4.78975e-05 6.32871e-05
0 3.81116e-05 8.8322e-05 0.000115214
0 5.35504e-05 0.000125386 0.000163687
0 6.66334e-05 0.000157623 0.000207277
0 7.68686e-05 0.000184214 0.000244371
0 8.45403e-05 0.000204794 0.000273416
0 8.97335e-05 0.000218809 0.000293156
0 9.25289e-05 0.000226041 0.000302873
0 9.30722e-05 0.00022637 0.000302443
0 9.10478e-05 0.000219757 0.000292292
0 8.61916e-05 0.000206495 0.000273319
0 7.85336e-05 0.00018706 0.000246696
0 6.81918e-05 0.000162127 0.0002137
0 5.57327e-05 0.000132729 0.000175603
0 4.19225e-05 0.000100129 0.000133624
0 2.7441e-05 6.571e-05 8.90219e-05
0 1.30691e-05 3.09624e-05 4.32191e-05
0 -6.89536e-07 -2.82294e-06 -2.14501e-06
0 -1.35999e-05 -3.47039e-05 -4.53027e-05
0 -2.52994e-05 -6.38358e-05 -8.45147e-05
0 -3.55712e-05 -8.91013e-05 -0.000118193
0 -4.42478e-05 -0.000109576 -0.000145104
0 -5.10614e-05 -0.000124837 -0.00016448
0 -5.5638e-05 -0.000134338 -0.000175962
0 -5.74799e-05 -0.000137769 -0.000179569
0 -5.64656e-05 -0.000135136 -0.000175597
0 -5.2688e-05 -0.000126506 -0.000164483
0 -4.63733e-05 -0.000112378 -0.000146732
0 -3.80554e-05 -9.35179e-05 -0.000122921
0 -2.82686e-05 -7.08164e-05 -9.37933e-05
0 -1.74939e-05 -4.53089e-05 -6.03679e-05
0 -6.17275e-06 -1.79842e-05 -2.39717e-05
0 5.1635e-06 1.00864e-05 1.38438e-05
0 1.62713e-05 3.79795e-05 5.14742e-05
0 2.70874e-05 6.48567e-05 8.74377e-05
0 3.7207e-05 8.96883e-05 0.000120426
0 4.64193e-05 0.000111685 0.00014931
0 5.4329e-05 0.000130073 0.000173197
0 6.02991e-05 0.000144192 0.000191447
0 6.41882e-05 0.000153657 0.000203675
0 6.59175e-05 0.000158112 0.00020967
0 6.54465e-05 0.000157484 0.000209334
0 6.30356e-05 0.000151991 0.000202685
0 5.88562e-05 0.000142035 0.000189923
0 5.31078e-05 0.000128156 0.000171529
0 4.61476e-05 0.000110942 0.000148301
0 3.81924e-05 9.10162e-05 0.000121302
0 2.94369e-05 6.90994e-05 9.17473e-05
0 2.01457e-05 4.6035e-05 6.08865e-05
0 1.05383e-05 2.2671e-05 2.99231e-05
0 9.78877e-07 -1.61603e-07 -4.00645e-08
0 -8.13342e-06 -2.16434e-05 -2.803e-05
0 -1.64067e-05 -4.10096e-05 -5.31874e-05
0 -2.33632e-05 -5.76458e-05 -7.47677e-05
0 -2.88635e-05 -7.08546e-05 -9.21207e-05
0 -3.27487e-05 -8.01195e-05 -0.000104667
0 -3.48281e-05 -8.53993e-05 -0.000111956
0 -3.52234e-05 -8.6577e-05 -0.000113728
0 -3.39391e-05 -8.36777e-05 -0.00010996
0 -3.10511e-05 -7.68851e-05 -0.000100879
