0 -0.00326374 -0.00560152 -0.00889607
0 -0.00325307 -0.00557447 -0.00885785
0 -0.0032426 -0.00554771 -0.00882
0 -0.00323237 -0.00552144 -0.00878271
0 -0.00322239 -0.00549587 -0.00874631
0 -0.0032127 -0.0054712 -0.00871115
0 -0.00320334 -0.00544759 -0.0086775
0 -0.00319438 -0.00542521 -0.00864562
0 -0.00318589 -0.00540419 -0.00861578
0 -0.00317793 -0.00538464 -0.00858821
0 -0.00317061 -0.0053667 -0.00856312
0 -0.00316402 -0.00535051 -0.00854064
0 -0.00315819 -0.00533617 -0.0085209
0 -0.00315312 -0.00532375 -0.008504
0 -0.00314886 -0.00531336 -0.00848998
0 -0.00314549 -0.00530514 -0.0084789
0 -0.003143 -0.00529916 -0.00847077
0 -0.00314137 -0.00529538 -0.00846562
0 -0.00314064 -0.0052938 -0.00846343
0 -0.00314085 -0.00529445 -0.00846421
0 -0.00314201 -0.0052973 -0.00846794
0 -0.00314408 -0.00530227 -0.00847459
0 -0.00314703 -0.00530927 -0.00848408
0 -0.00315083 -0.00531823 -0.00849633
0 -0.00315539 -0.00532907 -0.00851124
0 -0.00316061 -0.00534165 -0.00852863
0 -0.00316636 -0.00535578 -0.0085483
0 -0.00317252 -0.00537127 -0.00857005
0 -0.00317907 -0.00538798 -0.00859368
0 -0.00318597 -0.00540578 -0.00861902
0 -0.00319326 -0.00542456 -0.00864588
0 -0.00320092 -0.00544417 -0.00867399
0 -0.00320888 -0.00546442 -0.00870307
0 -0.00321701 -0.00548509 -0.0087328
0 -0.00322529 -0.00550608 -0.00876291
0 -0.00323374 -0.00552731 -0.00879317
0 -0.00324232 -0.00554866 -0.00882334
0 -0.00325094 -0.00556995 -0.0088532
0 -0.00325949 -0.00559099 -0.00888246
0 -0.0032679 -0.00561161 -0.00891092
0 -0.00327615 -0.0056317 -0.00893846
0 -0.00328424 -0.00565116 -0.00896502
0 -0.00329212 -0.00566986 -0.00899051
0 -0.00329969 -0.00568764 -0.00901472
0 -0.00330684 -0.00570439 -0.00903752
0 -0.00331356 -0.00572008 -0.00905894
0 -0.00331986 -0.00573472 -0.00907897
0 -0.00332561 -0.0057482 -0.00909743
0 -0.0033305 -0.00576018 -0.00911401
0 -0.0033342 -0.00577026 -0.00912831
0 -0.00333648 -0.00577802 -0.00913993
0 -0.00333723 -0.00578312 -0.00914853
0 -0.00333648 -0.00578526 -0.00915384
0 -0.00333437 -0.00578429 -0.00915562
0 -0.00333103 -0.00578012 -0.00915361
0 -0.00332655 -0.00577272 -0.00914752
0 -0.00332098 -0.00576212 -0.00913706
0 -0.00331465 -0.00574871 -0.00912225
0 -0.00330824 -0.00573339 -0.00910364
0 -0.00330257 -0.0057173 -0.00908207
0 -0.00329805 -0.00570136 -0.00905827
0 -0.0032947 -0.00568615 -0.00903281
0 -0.00329224 -0.00567197 -0.00900622
0 -0.00329036 -0.00565901 -0.00897918
0 -0.0032888 -0.00564727 -0.00895245
0 -0.00328731 -0.00563661 -0.00892685
0 -0.00328561 -0.00562671 -0.00890318
0 -0.00328342 -0.00561715 -0.00888203
0 -0.00328057 -0.00560759 -0.00886366
0 -0.00327717 -0.00559807 -0.0088486
0 -0.0032736 -0.00558902 -0.0088375
0 -0.00327029 -0.00558114 -0.00883069
0 -0.00326741 -0.00557501 -0.0088281
0 -0.00326496 -0.00557102 -0.00882935
0 -0.00326297 -0.00556955 -0.00883404
0 -0.00326132 -0.00557058 -0.00884145
0 -0.00325914 -0.005573 -0.00885001
0 -0.00325487 -0.00557451 -0.00885728
0 -0.0032472 -0.00557256 -0.00886084
0 -0.00323651 -0.00556586 -0.00885963
0 -0.00322519 -0.00555519 -0.00885448
0 -0.00321621 -0.00554251 -0.00884702
0 -0.00321071 -0.00552904 -0.00883765
0 -0.00320698 -0.00551406 -0.00882439
0 -0.00320203 -0.00549602 -0.00880432
0 -0.00319459 -0.00547482 -0.00877646
0 -0.00318653 -0.00545291 -0.0087431
0 -0.00318128 -0.00543396 -0.00870826
0 -0.00318117 -0.00542052 -0.00867548
0 -0.00318616 -0.00541314 -0.00864656
0 -0.00319484 -0.00541124 -0.00862214
0 -0.0032055 -0.00541407 -0.00860308
0 -0.00321585 -0.00542012 -0.00858967
0 -0.00322254 -0.00542625 -0.00858046
0 -0.00322215 -0.00542836 -0.0085731
0 -0.0032139 -0.00542402 -0.00856676
0 -0.00320152 -0.00541503 -0.00856397
0 -0.00319164 -0.00540667 -0.00856964
0 -0.00318932 -0.00540412 -0.00858717
0 -0.00319509 -0.00540972 -0.00861603
0 -0.003206 -0.00542353 -0.00865283
0 -0.00321868 -0.00544518 -0.00869406
0 -0.00323115 -0.00547449 -0.00873762
0 -0.00324255 -0.00551036 -0.00878228
0 -0.00325221 -0.00554999 -0.0088268
0 -0.00325947 -0.00558926 -0.00886961
0 -0.00326389 -0.00562373 -0.00890913
0 -0.00326525 -0.00564926 -0.00894367
0 -0.00326286 -0.00566231 -0.00897094
0 -0.00325504 -0.0056598 -0.00898745
0 -0.00323937 -0.00563919 -0.00898887
0 -0.00321445 -0.00559964 -0.00897133
0 -0.0031822 -0.00554393 -0.00893367
0 -0.00314775 -0.00547826 -0.00887828
0 -0.00311582 -0.00540875 -0.00880805
0 -0.0030877 -0.00533837 -0.00872317
0 -0.00306217 -0.00526736 -0.00862246
0 -0.00303846 -0.00519601 -0.00850652
0 -0.00301755 -0.00512602 -0.00837905
0 -0.00300148 -0.00505961 -0.00824568
0 -0.00299163 -0.00499859 -0.00811192
0 -0.00298724 -0.00494311 -0.007982
0 -0.00298513 -0.00489079 -0.00785865
0 -0.00298103 -0.00483881 -0.00774336
0 -0.00297195 -0.00478619 -0.0076377
0 -0.00295766 -0.00473385 -0.00754476
0 -0.00293987 -0.0046839 -0.00746831
0 -0.00291964 -0.00463782 -0.00741014
0 -0.00289637 -0.00459519 -0.00736887
0 -0.00286981 -0.00455523 -0.00734211
0 -0.00284179 -0.00451905 -0.0073285
0 -0.0028145 -0.00448814 -0.00732648
0 -0.00278775 -0.00446134 -0.00733157
0 -0.00275932 -0.00443493 -0.00733681
0 -0.00272759 -0.00440513 -0.00733563
0 -0.00269264 -0.00436914 -0.0073232
0 -0.00265464 -0.00432405 -0.00729492
0 -0.00261222 -0.00426549 -0.0072449
0 -0.00256343 -0.00418846 -0.00716703
0 -0.00250831 -0.00409018 -0.00705764
0 -0.00244994 -0.00397193 -0.00691691
0 -0.0023924 -0.00383789 -0.00674749
0 -0.00233863 -0.00369283 -0.0065525
0 -0.00228968 -0.00354085 -0.0063348
0 -0.00224534 -0.003386 -0.00609788
0 -0.00220617 -0.00323368 -0.00584772
0 -0.0021754 -0.00309175 -0.00559441
0 -0.00215856 -0.00297032 -0.00535197
0 -0.00216066 -0.00287917 -0.00513556
0 -0.0021817 -0.00282332 -0.00495663
0 -0.00221406 -0.00279983 -0.00481939
0 -0.00224551 -0.00279956 -0.00472255
0 -0.00226619 -0.00281283 -0.00466457
0 -0.00227277 -0.00283326 -0.00464677
0 -0.00226655 -0.00285694 -0.00467101
0 -0.00224891 -0.00287916 -0.00473516
0 -0.00221919 -0.00289345 -0.00483116
0 -0.00217679 -0.00289441 -0.00494767
0 -0.00212433 -0.00288132 -0.00507404
0 -0.00206748 -0.00285818 -0.0052012
0 -0.00201107 -0.00282933 -0.0053189
0 -0.00195611 -0.00279552 -0.00541379
0 -0.00190121 -0.00275446 -0.00547152
0 -0.00184778 -0.00270521 -0.00548262
0 -0.00180359 -0.0026523 -0.00544715
0 -0.00178081 -0.00260515 -0.00537388
0 -0.00179027 -0.00257437 -0.00527589
0 -0.00183702 -0.00256873 -0.00516681
0 -0.00191954 -0.00259461 -0.00505971
0 -0.00203175 -0.0026567 -0.00496812
0 -0.00216559 -0.00275871 -0.00490692
0 -0.0023133 -0.00290353 -0.00489249
0 -0.00246875 -0.00309306 -0.00494221
0 -0.00262821 -0.00332825 -0.00507336
0 -0.00279026 -0.00360926 -0.0053017
0 -0.00295537 -0.00393562 -0.00563977
0 -0.00312463 -0.00430627 -0.00609499
0 -0.0032977 -0.00471953 -0.00666862
0 -0.00347349 -0.00517314 -0.00735559
0 -0.00365158 -0.00566477 -0.00814526
0 -0.00383067 -0.00619328 -0.00902302
0 -0.00401146 -0.00676007 -0.00997267
0 -0.00419944 -0.0073661 -0.0109792
0 -0.00440174 -0.00800855 -0.0120299
0 -0.0046227 -0.00868189 -0.0131088
0 -0.00486067 -0.00937551 -0.0141954
0 -0.00511001 -0.0100739 -0.0152685
0 -0.00536459 -0.0107627 -0.0163049
0 -0.00561863 -0.0114305 -0.0172824
0 -0.00586695 -0.0120669 -0.018189
0 -0.00610433 -0.0126611 -0.019015
0 -0.00632536 -0.0132022 -0.0197494
0 -0.00652449 -0.0136796 -0.0203835
0 -0.00669544 -0.0140839 -0.0209109
0 -0.00683111 -0.014405 -0.0213258
0 -0.00692458 -0.0146325 -0.0216217
0 -0.00697229 -0.01476 -0.0217945
0 -0.00697824 -0.0147902 -0.0218478
0 -0.00695415 -0.014735 -0.021793
0 -0.00691368 -0.0146113 -0.0216437
0 -0.00686469 -0.0144341 -0.0214099
0 -0.00680408 -0.0142106 -0.0210942
0 -0.00671887 -0.0139383 -0.0206911
0 -0.00659353 -0.0136088 -0.0201926
0 -0.0064193 -0.0132135 -0.0195965
0 -0.00620052 -0.0127508 -0.0189114
0 -0.00595412 -0.0122282 -0.0181569
0 -0.0057028 -0.0116611 -0.0173573
0 -0.00546604 -0.0110678 -0.0165346
0 -0.00525211 -0.0104647 -0.0157024
0 -0.00505581 -0.00986315 -0.0148656
0 -0.00486438 -0.00927113 -0.0140254
0 -0.00466678 -0.00869448 -0.013184
0 -0.00445909 -0.00813956 -0.0123473
0 -0.0042454 -0.00761329 -0.0115277
0 -0.00403419 -0.00712018 -0.0107414
0 -0.00383274 -0.00665851 -0.0100028
0 -0.00364468 -0.00621906 -0.0093185
0 -0.00346776 -0.00579203 -0.00868857
0 -0.00329464 -0.00537236 -0.00811071
0 -0.00312043 -0.0049564 -0.00758051
0 -0.00294369 -0.00454301 -0.0070916
0 -0.00276291 -0.00413756 -0.00663902
0 -0.00258015 -0.00375075 -0.00622082
0 -0.0024019 -0.00339269 -0.00583513
0 -0.00223092 -0.00306481 -0.00547452
0 -0.00206199 -0.00275755 -0.0051243
0 -0.00189 -0.00245857 -0.0047702
0 -0.00172089 -0.00216389 -0.00440866
0 -0.00157156 -0.00188037 -0.00404809
0 -0.00145889 -0.00161949 -0.00370102
0 -0.00138853 -0.00138904 -0.00337437
0 -0.00135054 -0.00118753 -0.00306427
0 -0.00132406 -0.00100512 -0.00275894
0 -0.00128955 -0.000831411 -0.00244877
0 -0.00123995 -0.000663506 -0.00213577
0 -0.00118104 -0.000505748 -0.00183306
0 -0.00112171 -0.000361533 -0.00155493
0 -0.00106555 -0.000227594 -0.00130862
0 -0.00101077 -9.64898e-05 -0.00109453
0 -0.000954417 3.75303e-05 -0.000910644
0 -0.000895211 0.000175363 -0.000755178
0 -0.000833776 0.000313384 -0.000626603
0 -0.000771605 0.000445614 -0.000522643
0 -0.00070948 0.000566669 -0.000439074
0 -0.000646516 0.000674293 -0.000369076
0 -0.000581574 0.000769322 -0.000304777
0 -0.000516943 0.000852419 -0.000241254
0 -0.000461213 0.000920199 -0.000180336
0 -0.000428996 0.000963111 -0.000131842
0 -0.000437198 0.000966104 -0.00011165
0 -0.000498241 0.000912967 -0.000136522
0 -0.000614432 0.000791534 -0.000219056
0 -0.000778635 0.000594983 -0.000367509
0 -0.000979234 0.00032005 -0.000589265
0 -0.00120357 -3.28808e-05 -0.000892293
0 -0.00143839 -0.000456896 -0.00128286
0 -0.00167063 -0.000937259 -0.00176343
0 -0.00188972 -0.00145427 -0.0023332
0 -0.00209007 -0.00198874 -0.00299025
0 -0.00227345 -0.00252741 -0.00373317
0 -0.00244857 -0.00306575 -0.00456044
0 -0.00262529 -0.00360634 -0.00546656
0 -0.00280882 -0.00415349 -0.00643768
0 -0.00299776 -0.00470953 -0.00745159
0 -0.00318842 -0.00527896 -0.00848371
0 -0.00338158 -0.00587092 -0.00951498
0 -0.00358229 -0.0064916 -0.0105339
0 -0.00379706 -0.00713735 -0.0115276
0 -0.00402865 -0.0077946 -0.0124787
0 -0.00427131 -0.00844444 -0.0133717
0 -0.0045153 -0.00906751 -0.0141931
0 -0.00475242 -0.00964571 -0.0149324
0 -0.0049764 -0.0101638 -0.0155843
0 -0.00518254 -0.0106121 -0.0161455
0 -0.00536801 -0.0109879 -0.0166169
0 -0.00553142 -0.0112944 -0.0170037
0 -0.00567146 -0.011538 -0.0173115
0 -0.00578663 -0.0117258 -0.0175442
0 -0.00587657 -0.0118655 -0.0177073
0 -0.00594381 -0.0119661 -0.0178093
0 -0.00599441 -0.012038 -0.0178621
0 -0.006036 -0.0120907 -0.0178786
0 -0.00607449 -0.0121309 -0.0178705
0 -0.00611124 -0.0121614 -0.0178458
0 -0.00614122 -0.0121785 -0.0178065
0 -0.00615342 -0.0121727 -0.017748
0 -0.00613456 -0.0121301 -0.0176609
0 -0.00607355 -0.0120363 -0.017535
0 -0.00596448 -0.0118791 -0.0173607
0 -0.0058088 -0.0116508 -0.0171308
0 -0.0056163 -0.0113514 -0.0168425
0 -0.00540276 -0.0109896 -0.0164971
0 -0.0051857 -0.0105805 -0.0160978
0 -0.00498046 -0.0101431 -0.0156478
0 -0.00479629 -0.00969699 -0.0151493
0 -0.00463171 -0.00925459 -0.0145993
0 -0.00447252 -0.00881489 -0.0139874
0 -0.00429886 -0.00836582 -0.0133009
0 -0.00409715 -0.00789238 -0.0125355
0 -0.0038666 -0.00738309 -0.0116991
0 -0.00361671 -0.00683248 -0.0108075
0 -0.00336306 -0.00624228 -0.00988036
0 -0.00312192 -0.0056213 -0.00894098
0 -0.00290423 -0.00498337 -0.00801015
0 -0.00271542 -0.00434755 -0.00710361
0 -0.00255474 -0.00373725 -0.0062365
0 -0.00241485 -0.00317395 -0.0054219
0 -0.00228596 -0.00267373 -0.00466911
0 -0.00216186 -0.00224848 -0.00398833
0 -0.00204203 -0.00190409 -0.00339125
0 -0.00192814 -0.0016366 -0.00288776
0 -0.00182084 -0.0014318 -0.00248375
0 -0.00171967 -0.00127002 -0.00218
0 -0.00162664 -0.00113525 -0.00197511
0 -0.00154956 -0.00102336 -0.0018704
0 -0.00149967 -0.000942629 -0.00186932
0 -0.00148489 -0.000907677 -0.00197207
0 -0.00150495 -0.000932707 -0.00217126
0 -0.00155043 -0.00102575 -0.00245037
0 -0.00160586 -0.00118463 -0.00278605
0 -0.00165709 -0.00139818 -0.00315487
0 -0.00169825 -0.00165109 -0.00353953
0 -0.00173378 -0.00192785 -0.00393109
0 -0.00177683 -0.00221627 -0.00432848
0 -0.00184488 -0.00251026 -0.00473671
0 -0.00195341 -0.00281044 -0.00516311
0 -0.00211039 -0.00312365 -0.00561349
0 -0.00231455 -0.00346156 -0.00609085
0 -0.00255658 -0.00383754 -0.00659602
0 -0.0028216 -0.00426155 -0.00712749
0 -0.00309185 -0.00473561 -0.00768166
0 -0.00335289 -0.00525492 -0.00825725
0 -0.00360114 -0.00581287 -0.00886081
0 -0.0038437 -0.00640395 -0.00950688
0 -0.00409233 -0.00702173 -0.0102112
0 -0.00435295 -0.00765264 -0.0109802
0 -0.00461517 -0.00827528 -0.0118042
0 -0.00485599 -0.00886566 -0.0126605
0 -0.00505388 -0.00940276 -0.0135224
0 -0.00520012 -0.00987595 -0.0143673
0 -0.00530191 -0.010289 -0.0151815
0 -0.00537529 -0.0106556 -0.0159583
0 -0.00543357 -0.0109879 -0.0166829
0 -0.00548053 -0.0112866 -0.0173285
0 -0.00551248 -0.0115413 -0.0178688
0 -0.00552437 -0.0117387 -0.0182797
0 -0.00551496 -0.0118677 -0.0185406
0 -0.00549052 -0.0119227 -0.018645
0 -0.00546635 -0.0119081 -0.0186042
0 -0.00546245 -0.0118386 -0.0184404
0 -0.0054932 -0.0117334 -0.0181777
0 -0.00555623 -0.0116062 -0.017835
0 -0.00562907 -0.0114575 -0.0174197
0 -0.00567796 -0.0112768 -0.016931
0 -0.00567219 -0.0110499 -0.0163702
0 -0.00559385 -0.0107637 -0.0157453
0 -0.00544043 -0.010408 -0.0150718
0 -0.00522335 -0.009978 -0.0143708
0 -0.0049636 -0.00947655 -0.0136623
0 -0.00468493 -0.00891534 -0.012962
0 -0.00440685 -0.00831255 -0.0122812
0 -0.00414067 -0.00768974 -0.0116232
0 -0.00388871 -0.00706831 -0.0109818
0 -0.00364579 -0.00646603 -0.0103435
0 -0.00340129 -0.00589304 -0.00969227
0 -0.00314324 -0.00534767 -0.00901307
0 -0.00286677 -0.00481843 -0.00829438
0 -0.00257731 -0.00429196 -0.00753245
0 -0.00228847 -0.00375878 -0.00673513
0 -0.00202164 -0.00321637 -0.0059203
0 -0.00179946 -0.00267096 -0.00510964
0 -0.00163374 -0.00213488 -0.00432158
0 -0.00151933 -0.00162153 -0.00356573
0 -0.0014374 -0.00114167 -0.00284317
0 -0.00136405 -0.000702414 -0.00215236
0 -0.00127992 -0.000308848 -0.00149559
0 -0.00117734 3.42333e-05 -0.000882982
0 -0.00106187 0.000323345 -0.000332135
0 -0.000947766 0.000557808 0.00013561
0 -0.000851944 0.000738923 0.000499454
0 -0.000788955 0.000867708 0.000743076
0 -0.000766725 0.000943261 0.00085764
0 -0.000785419 0.000961298 0.000841672
0 -0.000841203 0.000912159 0.000697375
0 -0.000930984 0.000780499 0.000426631
0 -0.00105368 0.000548862 3.00349e-05
0 -0.00120799 0.000204794 -0.000490385
0 -0.00138966 -0.000252363 -0.00112794
0 -0.00159243 -0.000810536 -0.00187188
0 -0.00181266 -0.00145032 -0.00271147
0 -0.00205052 -0.00215051 -0.0036381
0 -0.00230504 -0.00288886 -0.00464158
0 -0.0025701 -0.0036409 -0.00570498
0 -0.00283687 -0.00438246 -0.00680514
0 -0.00309951 -0.00509852 -0.00792
0 -0.00335764 -0.00579106 -0.00903469
0 -0.00361372 -0.00647108 -0.0101406
0 -0.00387007 -0.00714485 -0.0112298
0 -0.00412694 -0.00781236 -0.0122874
0 -0.00437959 -0.00846893 -0.0132938
0 -0.00462064 -0.00910599 -0.0142335
0 -0.004846 -0.00971413 -0.015093
0 -0.00505699 -0.0102844 -0.0158645
0 -0.00525957 -0.01081 -0.0165503
0 -0.00546331 -0.0112904 -0.0171578
0 -0.00567993 -0.0117338 -0.0177006
0 -0.00591866 -0.0121538 -0.0181974
0 -0.00618079 -0.0125642 -0.0186628
0 -0.00645651 -0.0129732 -0.019103
0 -0.00672539 -0.01338 -0.0195171
0 -0.00696057 -0.0137718 -0.0198986
0 -0.00713323 -0.0141235 -0.020234
0 -0.00721799 -0.0143998 -0.0205054
0 -0.00720393 -0.014567 -0.0206991
0 -0.00710493 -0.0146088 -0.0208162
0 -0.00695692 -0.0145326 -0.0208726
0 -0.00680156 -0.0143631 -0.0208858
0 -0.0066671 -0.0141297 -0.0208607
0 -0.00655636 -0.0138552 -0.0207811
0 -0.00644671 -0.0135473 -0.0206111
0 -0.00630349 -0.0131994 -0.0203078
0 -0.00610033 -0.0127998 -0.0198389
0 -0.00583126 -0.0123363 -0.0191914
0 -0.0055069 -0.0117947 -0.0183697
0 -0.00514261 -0.0111552 -0.0173846
0 -0.0047499 -0.0103948 -0.0162453
0 -0.00433489 -0.00949611 -0.0149594
0 -0.00390222 -0.00845657 -0.0135351
0 -0.00346237 -0.00729413 -0.0119849
0 -0.0030342 -0.00604871 -0.010333
0 -0.00264052 -0.00478625 -0.00861842
0 -0.00230801 -0.00359471 -0.00689824
0 -0.00206363 -0.00255606 -0.00524516
0 -0.00191672 -0.00171435 -0.00371879
0 -0.0018406 -0.0010635 -0.00233782
0 -0.00177123 -0.000550775 -0.00108525
0 -0.00163242 -9.25047e-05 7.04301e-05
0 -0.00137704 0.000395464 0.0011498
0 -0.00101612 0.000961466 0.00213788
0 -0.000616025 0.00159594 0.00298181
0 -0.000263424 0.0022413 0.00361721
0 -2.13462e-05 0.00282438 0.0040034
0 9.47572e-05 0.00328356 0.00414197
0 0.000113219 0.00357823 0.00407148
0 8.40023e-05 0.00368697 0.00384865
0 5.17474e-05 0.00360526 0.00352678
0 3.73204e-05 0.00334631 0.00314009
0 3.37588e-05 0.00294082 0.00270004
0 1.29084e-05 0.00243127 0.00220142
0 -6.3049e-05 0.00186054 0.00162927
0 -0.000225718 0.00126366 0.000968033
0 -0.000476553 0.000674664 0.000221931
0 -0.000770441 0.000138228 -0.000566636
0 -0.00103262 -0.000298161 -0.00132782
0 -0.00119869 -0.000607018 -0.00199719
0 -0.001245 -0.000794674 -0.00254156
0 -0.00119458 -0.000897496 -0.00296439
0 -0.00110327 -0.000966835 -0.00329494
0 -0.00103601 -0.0010519 -0.00357084
0 -0.00104482 -0.00118877 -0.00382396
0 -0.00115749 -0.00139929 -0.00407573
0 -0.0013781 -0.00169572 -0.00434035
0 -0.0016945 -0.00208629 -0.00463141
0 -0.00208705 -0.00257883 -0.00496764
0 -0.00253561 -0.00318146 -0.00537589
0 -0.00302853 -0.00390464 -0.00589412
0 -0.00356787 -0.00476238 -0.00657119
0 -0.00415564 -0.00576184 -0.00745375
0 -0.00477217 -0.00688457 -0.00856331
0 -0.00536144 -0.00807021 -0.00987604
0 -0.00582996 -0.00921704 -0.0113181
0 -0.00608101 -0.0102098 -0.0127878
0 -0.00606801 -0.0109571 -0.0141924
0 -0.00581575 -0.0114079 -0.015475
0 -0.00540169 -0.0115545 -0.0166175
0 -0.00492716 -0.0114392 -0.0176197
0 -0.00449207 -0.0111474 -0.0184614
0 -0.00416985 -0.0107786 -0.0190901
0 -0.0039869 -0.0104133 -0.0194509
0 -0.00391949 -0.0100951 -0.0194906
0 -0.00391656 -0.00983437 -0.0191567
0 -0.00393529 -0.00962004 -0.0184282
0 -0.0039637 -0.00942834 -0.0173396
0 -0.00402162 -0.00923428 -0.0159831
0 -0.00414948 -0.00902766 -0.0144922
0 -0.00439017 -0.00882398 -0.0130254
0 -0.00476667 -0.00865937 -0.0117377
0 -0.00526401 -0.00857916 -0.0107189
0 -0.00582516 -0.00861981 -0.00999616
0 -0.00636147 -0.00878043 -0.00959853
0 -0.00677178 -0.00902563 -0.00953899
0 -0.00696465 -0.00931029 -0.0097725
0 -0.00687929 -0.00957504 -0.0102282
0 -0.00650038 -0.00973683 -0.0108422
0 -0.00586245 -0.00971351 -0.0115516
0 -0.00504478 -0.00946446 -0.0122899
0 -0.00415987 -0.00900038 -0.0130052
0 -0.00333181 -0.0083621 -0.0136791
0 -0.00266799 -0.00761868 -0.0142872
0 -0.00223575 -0.00687698 -0.0147443
0 -0.0020441 -0.00625414 -0.0149434
0 -0.00204137 -0.00582692 -0.014816
0 -0.00214619 -0.00560421 -0.0143221
0 -0.00228847 -0.00553958 -0.0134363
0 -0.00243006 -0.00555925 -0.0121795
0 -0.00256257 -0.00557882 -0.0106439
0 -0.0026935 -0.00551481 -0.0089821
0 -0.00282934 -0.00530222 -0.00733104
0 -0.00296002 -0.00489848 -0.00572872
0 -0.00305255 -0.00427088 -0.00418691
0 -0.00305181 -0.00340783 -0.00276225
0 -0.00289118 -0.0023405 -0.00147189
0 -0.00251628 -0.00113028 -0.000266768
0 -0.00190953 0.000159758 0.000888495
0 -0.00110673 0.00147375 0.00198906
0 -0.000195529 0.00275471 0.00302095
0 0.00070634 0.00394019 0.00396892
0 0.00147979 0.004971 0.00480666
0 0.00203092 0.0058025 0.00550768
0 0.00231023 0.00640552 0.00606618
0 0.00231862 0.00675968 0.00649562
0 0.00209809 0.00685115 0.00680993
0 0.00171362 0.00667748 0.00701433
0 0.00123328 0.00625178 0.00710331
0 0.000711057 0.00560083 0.00705291
0 0.000180435 0.0047619 0.00681934
0 -0.00033627 0.00378717 0.00635691
0 -0.000814684 0.00274862 0.00563932
0 -0.00123266 0.00172116 0.00465853
0 -0.00158884 0.000748399 0.00340706
0 -0.00190904 -0.000175974 0.001872
0 -0.00222868 -0.00109602 4.874e-05
0 -0.00256716 -0.00206502 -0.00203979
0 -0.00291696 -0.00312121 -0.00433428
0 -0.00325261 -0.00427726 -0.00674585
0 -0.00354629 -0.00552261 -0.00917807
0 -0.00377747 -0.0068269 -0.0115454
0 -0.00393888 -0.00812644 -0.0137619
0 -0.00404164 -0.00932462 -0.0157394
0 -0.00411317 -0.0103358 -0.0174226
0 -0.00419014 -0.0111212 -0.0187964
0 -0.00431052 -0.011686 -0.0198564
0 -0.00450488 -0.0120628 -0.020601
0 -0.00478862 -0.0123008 -0.0210442
0 -0.0051572 -0.0124624 -0.0212144
0 -0.00558817 -0.0126179 -0.0211449
0 -0.00605058 -0.0128279 -0.0208756
0 -0.00651595 -0.0131232 -0.0204636
0 -0.0069668 -0.0135071 -0.0199881
0 -0.00739826 -0.0139687 -0.0195433
0 -0.00780932 -0.0144869 -0.0192269
0 -0.00818883 -0.0150204 -0.0191079
0 -0.00850717 -0.0155068 -0.0191956
0 -0.00871967 -0.0158794 -0.0194617
0 -0.00878018 -0.0160878 -0.019872
0 -0.00865732 -0.0161074 -0.0203834
0 -0.00834722 -0.0159387 -0.0209466
0 -0.00787839 -0.0156061 -0.0215194
0 -0.00730465 -0.0151526 -0.0220563
0 -0.00668933 -0.0146272 -0.022495
0 -0.00609144 -0.0140724 -0.0227683
0 -0.00555985 -0.0135186 -0.0228232
0 -0.00513314 -0.0129875 -0.0226267
0 -0.00484059 -0.0124976 -0.0221632
0 -0.00469869 -0.0120628 -0.0214357
0 -0.00470331 -0.0116845 -0.0204662
0 -0.00482419 -0.0113461 -0.0192879
0 -0.00500756 -0.0110134 -0.0179333
0 -0.00518753 -0.010643 -0.0164382
0 -0.00530161 -0.0101926 -0.0148548
0 -0.00530261 -0.00962891 -0.0132472
0 -0.00516196 -0.00892965 -0.0116548
0 -0.00486811 -0.00807857 -0.0100851
0 -0.00442563 -0.00705585 -0.00855576
0 -0.00385127 -0.00585113 -0.00709654
0 -0.0031677 -0.00448587 -0.00570665
0 -0.00239751 -0.00300433 -0.00435526
0 -0.001561 -0.00145032 -0.00301229
0 -0.000684577 0.000137632 -0.00165137
0 0.000190836 0.00171635 -0.00024321
0 0.00101194 0.00323293 0.00123009
0 0.00172287 0.00463188 0.00276221
0 0.00227644 0.00586659 0.00432999
0 0.00264104 0.00690417 0.00590331
0 0.0028036 0.00772283 0.00744404
0 0.00277063 0.00830819 0.00890396
0 0.0025665 0.00865356 0.0102283
0 0.00222924 0.00876252 0.0113591
0 0.00180384 0.0086487 0.0122363
0 0.00133223 0.00833051 0.0127988
0 0.000844914 0.00782482 0.0129873
0 0.000362641 0.00714638 0.0127495
0 -9.54214e-05 0.00631449 0.0120504
0 -0.000507157 0.0053605 0.0108847
0 -0.000849364 0.00432497 0.00928189
0 -0.00110348 0.00324555 0.00729997
0 -0.00126382 0.0021494 0.00501356
0 -0.00134384 0.00105244 0.00250529
0 -0.00137503 -4.06349e-05 -0.000139128
0 -0.00139944 -0.00113639 -0.00283423
0 -0.00146092 -0.00225742 -0.00550206
0 -0.00159936 -0.00343627 -0.008091
0 -0.00184632 -0.00467907 -0.0105535
0 -0.00222014 -0.00595484 -0.0128039
0 -0.00272213 -0.00723784 -0.0147685
0 -0.00333997 -0.00853102 -0.0164374
0 -0.00405469 -0.00984536 -0.0178325
0 -0.00484054 -0.0111727 -0.0189757
0 -0.00566451 -0.0124784 -0.019897
0 -0.00649093 -0.0137215 -0.0206492
0 -0.00728704 -0.0148795 -0.0212978
0 -0.00802584 -0.0159443 -0.0219033
0 -0.00868275 -0.0169034 -0.0225172
0 -0.0092328 -0.0177401 -0.0231794
0 -0.00965481 -0.0184479 -0.023909
0 -0.00993629 -0.0190324 -0.0247081
0 -0.0100723 -0.0194982 -0.0255718
0 -0.0100615 -0.0198391 -0.0264759
0 -0.00990693 -0.0200431 -0.0273684
0 -0.00962204 -0.0201028 -0.0281893
0 -0.00923869 -0.0200207 -0.0288827
0 -0.00880459 -0.0198088 -0.0293978
0 -0.00837168 -0.0194858 -0.0296971
0 -0.00798518 -0.0190773 -0.0297536
0 -0.00767753 -0.0186122 -0.0295434
0 -0.00746509 -0.018117 -0.0290526
0 -0.00734542 -0.0176087 -0.0282813
0 -0.00729725 -0.0170916 -0.0272371
0 -0.00728622 -0.0165564 -0.0259383
0 -0.00727524 -0.0159835 -0.0244195
0 -0.00723304 -0.0153483 -0.0227305
0 -0.00713609 -0.0146261 -0.0209305
0 -0.00696478 -0.0137941 -0.0190821
0 -0.0066993 -0.0128323 -0.0172407
0 -0.00632165 -0.0117253 -0.0154308
0 -0.00582298 -0.0104694 -0.0136481
0 -0.00521099 -0.00907903 -0.0118991
0 -0.00451287 -0.0075894 -0.0102047
0 -0.003765 -0.00604172 -0.00856686
0 -0.00299261 -0.0044692 -0.00696535
0 -0.0022049 -0.00290102 -0.0053772
0 -0.00141221 -0.00136458 -0.00378248
0 -0.000639692 0.000118565 -0.00216268
0 7.87132e-05 0.00153232 -0.00050434
0 0.000712818 0.00286426 0.00119391
0 0.00124255 0.00410456 0.00292002
0 0.0016577 0.00524406 0.00465335
0 0.00195565 0.00627417 0.00636835
0 0.00214353 0.0071889 0.00803639
0 0.00224244 0.00798645 0.00962841
0 0.00228512 0.0086699 0.0111161
0 0.00230612 0.00924759 0.0124709
0 0.00233259 0.00973199 0.0136639
0 0.0023814 0.0101374 0.014668
0 0.00246036 0.0104775 0.01546
0 0.00256865 0.0107619 0.0160204
0 0.00269709 0.0109935 0.0163353
0 0.00283087 0.0111675 0.0163998
0 0.00295513 0.011274 0.0162224
0 0.00306038 0.0113006 0.015826
0 0.00314325 0.0112357 0.0152461
0 0.00320131 0.0110694 0.0145237
0 0.00322643 0.0107928 0.0136962
0 0.00320293 0.0103984 0.0127926
0 0.00311313 0.00988375 0.0118351
0 0.00294408 0.00925489 0.0108421
0 0.00268929 0.00852448 0.00982686
0 0.00234666 0.00770538 0.00879402
0 0.00191671 0.00680498 0.00773751
0 0.00140227 0.00582297 0.00664094
0 0.000809215 0.00475245 0.00548011
0 0.000148641 0.00358438 0.00422753
0 -0.000561506 0.00231304 0.00285762
0 -0.00129922 0.000939155 0.00134907
0 -0.00204326 -0.000530354 -0.000315276
0 -0.00277678 -0.00208354 -0.00214847
0 -0.00349233 -0.0037031 -0.00415686
0 -0.00418878 -0.00536888 -0.00633639
0 -0.00485636 -0.00706101 -0.00867096
0 -0.00547366 -0.00875528 -0.0111324
0 -0.00602536 -0.0104197 -0.0136828
0 -0.0065166 -0.0120242 -0.0162853
0 -0.0069678 -0.0135558 -0.0189128
0 -0.00740126 -0.0150224 -0.0215369
0 -0.00783363 -0.0164437 -0.0241101
0 -0.0082759 -0.017836 -0.0265762
0 -0.00873635 -0.019206 -0.0288969
0 -0.00922013 -0.0205546 -0.0310476
0 -0.00972647 -0.0218807 -0.0330043
0 -0.010249 -0.0231782 -0.0347512
0 -0.0107796 -0.0244301 -0.036286
0 -0.0113096 -0.0256104 -0.0376154
0 -0.0118274 -0.0266903 -0.0387487
0 -0.012315 -0.0276433 -0.0396949
0 -0.012749 -0.0284461 -0.0404626
0 -0.013106 -0.029079 -0.0410596
0 -0.0133692 -0.02953 -0.0414932
0 -0.0135312 -0.0297982 -0.041773
0 -0.0135925 -0.029892 -0.0419093
0 -0.0135563 -0.0298244 -0.0419077
0 -0.0134253 -0.029607 -0.0417663
0 -0.0132029 -0.0292479 -0.041477
0 -0.0128992 -0.0287519 -0.0410274
0 -0.0125272 -0.0281234 -0.0404046
0 -0.0120993 -0.0273677 -0.0395976
0 -0.0116297 -0.0264914 -0.0385993
0 -0.011137 -0.0255052 -0.0374099
0 -0.010642 -0.024426 -0.0360373
0 -0.0101621 -0.0232759 -0.0344967
0 -0.00970737 -0.0220779 -0.0328074
0 -0.00927855 -0.0208517 -0.030991
0 -0.00887023 -0.0196131 -0.0290722
0 -0.00847397 -0.0183739 -0.0270797
0 -0.00807982 -0.0171412 -0.0250456
0 -0.00767583 -0.0159151 -0.0230017
0 -0.00724759 -0.014688 -0.020977
0 -0.0067814 -0.0134481 -0.018998
0 -0.00626921 -0.012182 -0.0170775
0 -0.00570798 -0.0108761 -0.0152114
0 -0.00509725 -0.00951942 -0.0133943
0 -0.00443871 -0.00810357 -0.0116177
0 -0.00373336 -0.00662368 -0.00986474
0 -0.00298517 -0.00508036 -0.00811874
0 -0.00220801 -0.00348616 -0.00636345
0 -0.00142158 -0.00186635 -0.00458073
0 -0.000645043 -0.000246282 -0.00275443
0 0.000105775 0.00135659 -0.000870991
0 0.000820054 0.00293067 0.00108109
0 0.00148999 0.00446728 0.00310697
0 0.00210699 0.00595975 0.00520136
0 0.00266169 0.00740223 0.00734868
0 0.00314834 0.00878955 0.00952563
0 0.00356834 0.0101177 0.0117041
0 0.00392971 0.0113834 0.0138536
0 0.00424443 0.0125828 0.0159428
0 0.00452627 0.0137118 0.0179413
0 0.00478925 0.0147667 0.01982
0 0.00504566 0.0157447 0.0215521
0 0.00530346 0.016643 0.0231124
0 0.00556469 0.017458 0.0244786
0 0.00582626 0.0181857 0.0256326
0 0.0060823 0.0188225 0.0265626
0 0.00632631 0.0193655 0.0272643
0 0.00655244 0.0198115 0.0277411
0 0.00675705 0.0201571 0.0280041
0 0.0069394 0.0203999 0.0280712
0 0.00709909 0.0205387 0.0279636
0 0.00723218 0.0205717 0.0277034
0 0.00732989 0.020497 0.0273129
0 0.00737909 0.0203143 0.0268119
0 0.00736342 0.0200241 0.0262143
0 0.00726684 0.0196249 0.0255281
0 0.00707791 0.0191129 0.0247574
0 0.00679282 0.018485 0.0239047
0 0.00641743 0.0177401 0.0229709
0 0.0059655 0.016879 0.0219537
0 0.00545369 0.015904 0.0208467
0 0.00489769 0.0148197 0.0196386
0 0.00431093 0.0136334 0.0183151
0 0.00370354 0.0123556 0.0168599
0 0.00308137 0.010997 0.0152562
0 0.00244625 0.00956656 0.0134887
0 0.00179822 0.00807055 0.0115469
0 0.00113843 0.00651361 0.00942841
0 0.000468836 0.00489809 0.00713893
0 -0.000209625 0.00322259 0.00469018
0 -0.000901365 0.00148146 0.00209775
0 -0.00161671 -0.00033384 -0.000619129
0 -0.00236219 -0.00223482 -0.00343879
0 -0.00313685 -0.00422944 -0.00634036
0 -0.00393994 -0.00630848 -0.00930812
0 -0.00477653 -0.00845111 -0.0123345
0 -0.00565354 -0.0106422 -0.0154141
0 -0.00657349 -0.0128739 -0.0185311
0 -0.00753028 -0.0151391 -0.0216595
0 -0.00850764 -0.0174252 -0.024779
0 -0.00948459 -0.019713 -0.0278782
0 -0.0104429 -0.0219813 -0.0309429
0 -0.0113684 -0.0242123 -0.0339562
0 -0.0122484 -0.0263894 -0.0369077
0 -0.0130733 -0.0284914 -0.0397881
0 -0.0138424 -0.0304913 -0.0425815
0 -0.0145625 -0.0323637 -0.0452709
0 -0.0152406 -0.0340914 -0.047841
0 -0.0158772 -0.0356658 -0.0502709
0 -0.0164659 -0.0370844 -0.0525323
0 -0.0170001 -0.0383491 -0.0545956
0 -0.017476 -0.0394661 -0.0564349
0 -0.017892 -0.040443 -0.058029
0 -0.0182461 -0.0412847 -0.0593602
0 -0.0185346 -0.0419907 -0.0604148
0 -0.0187539 -0.0425535 -0.0611846
0 -0.0189014 -0.0429597 -0.0616667
0 -0.0189762 -0.0431914 -0.0618614
0 -0.0189767 -0.043228 -0.0617711
0 -0.0188979 -0.0430478 -0.0613985
0 -0.0187305 -0.0426317 -0.0607453
0 -0.0184629 -0.0419684 -0.0598108
0 -0.0180848 -0.0410561 -0.0585928
0 -0.0175896 -0.0398978 -0.0570878
0 -0.0169753 -0.0385 -0.0552937
0 -0.0162434 -0.0368736 -0.0532099
0 -0.015399 -0.0350307 -0.0508365
0 -0.0144518 -0.0329814 -0.0481752
0 -0.0134166 -0.0307355 -0.0452319
0 -0.0123123 -0.0283064 -0.0420188
0 -0.0111594 -0.0257122 -0.0385535
0 -0.00997881 -0.0229734 -0.034857
0 -0.00879967 -0.0201136 -0.0309526
0 -0.00765149 -0.0171617 -0.0268665
0 -0.00653538 -0.014161 -0.0226294
0 -0.00543049 -0.0111591 -0.01828
0 -0.00432508 -0.00817569 -0.0138725
0 -0.00322421 -0.00521006 -0.00945979
0 -0.00214343 -0.00227179 -0.00506396
0 -0.00109988 0.000614671 -0.00070304
0 -0.000102534 0.00342048 0.00356902
0 0.000848078 0.00611979 0.0076901
0 0.00175163 0.00869432 0.0116231
0 0.00260432 0.011131 0.0153417
0 0.00340225 0.0134126 0.0188108
0 0.00414498 0.0155125 0.0219938
0 0.0048356 0.0174016 0.0248643
0 0.00547664 0.0190588 0.0274036
0 0.00606487 0.0204775 0.0295908
0 0.0065914 0.021661 0.0314046
0 0.00704568 0.0226154 0.0328311
0 0.00741914 0.0233453 0.0338656
0 0.00770685 0.0238545 0.0345093
0 0.00790717 0.0241471 0.0347693
0 0.00802022 0.0242306 0.0346633
0 0.00804714 0.0241149 0.0342191
0 0.00799183 0.0238015 0.033466
0 0.00785972 0.0232857 0.0324341
0 0.00765262 0.0225675 0.0311573
0 0.00736861 0.021656 0.029669
0 0.00700652 0.0205661 0.0279984
0 0.00656738 0.0193145 0.0261701
0 0.00605259 0.0179197 0.0242054
0 0.00546393 0.0164023 0.0221223
0 0.00480658 0.0147849 0.0199357
0 0.0040915 0.0130887 0.0176597
0 0.00333403 0.011331 0.0153075
0 0.00255014 0.00952597 0.0128909
0 0.00175413 0.00768612 0.01042
0 0.000958093 0.00582302 0.00790431
0 0.000170998 0.00394667 0.00535304
0 -0.000605556 0.00206513 0.00277553
0 -0.00137723 0.000183075 0.000181922
0 -0.00214118 -0.00169407 -0.00241547
0 -0.00288158 -0.00354891 -0.00500154
0 -0.00358727 -0.00535657 -0.00755963
0 -0.0042565 -0.0070989 -0.0100743
0 -0.00489005 -0.0087646 -0.0125305
0 -0.00548984 -0.0103462 -0.0149083
0 -0.0060569 -0.0118411 -0.0171811
0 -0.00658962 -0.0132489 -0.0193243
0 -0.00708702 -0.0145674 -0.0213239
0 -0.00755196 -0.015795 -0.0231692
0 -0.0079881 -0.016932 -0.0248447
0 -0.00839515 -0.0179771 -0.0263383
0 -0.00876903 -0.0189234 -0.0276463
0 -0.00910546 -0.0197597 -0.028766
0 -0.00940151 -0.0204754 -0.0296936
0 -0.00965418 -0.0210621 -0.0304293
0 -0.00985893 -0.0215133 -0.030976
0 -0.0100103 -0.0218239 -0.0313352
0 -0.010104 -0.0219913 -0.0315096
0 -0.0101386 -0.022017 -0.0315048
0 -0.0101138 -0.0219053 -0.031328
0 -0.0100302 -0.0216632 -0.0309864
0 -0.0098895 -0.0213004 -0.0304872
0 -0.00969559 -0.0208271 -0.0298391
0 -0.00945486 -0.020253 -0.0290526
0 -0.00917629 -0.0195905 -0.028141
0 -0.0088711 -0.0188551 -0.0271209
0 -0.00855084 -0.0180636 -0.0260105
0 -0.00822503 -0.0172318 -0.0248283
0 -0.00789952 -0.0163739 -0.0235918
0 -0.00757588 -0.0155017 -0.0223169
0 -0.0072519 -0.0146239 -0.0210176
0 -0.00692314 -0.0137457 -0.0197065
0 -0.00658433 -0.0128685 -0.0183949
0 -0.00622993 -0.01199 -0.0170915
0 -0.00585454 -0.0111045 -0.0158013
0 -0.00545372 -0.0102036 -0.0145252
0 -0.00502491 -0.00927831 -0.0132623
0 -0.00456723 -0.00831933 -0.0120075
0 -0.0040816 -0.00731967 -0.0107517
0 -0.00357582 -0.00627785 -0.0094854
0 -0.00306217 -0.00519854 -0.00819972
0 -0.00254589 -0.00408658 -0.00688351
0 -0.00202419 -0.00294377 -0.0055216
0 -0.00149299 -0.0017738 -0.00409929
0 -0.000952737 -0.000581858 -0.00260786
0 -0.000410898 0.000628525 -0.00104318
0 0.000121644 0.00185286 0.000594668
0 0.00063552 0.00308425 0.00229911
0 0.00112439 0.00431449 0.00405737
0 0.00158234 0.00553418 0.00585202
0 0.00200235 0.0067316 0.00766112
0 0.00237888 0.00789124 0.00945841
0 0.00271004 0.00899375 0.011214
0 0.0029954 0.0100174 0.0128944
0 0.00323235 0.0109396 0.0144628
0 0.00341471 0.0117358 0.0158786
0 0.00353421 0.0123804 0.0170986
0 0.00358379 0.0128487 0.0180804
0 0.00355996 0.0131212 0.0187861
0 0.0034623 0.0131848 0.0191835
0 0.00329224 0.0130299 0.0192447
0 0.00305194 0.0126495 0.0189458
0 0.00274174 0.0120393 0.0182681
0 0.00235993 0.0111984 0.0171999
0 0.00190566 0.0101265 0.0157379
0 0.00138159 0.00882646 0.0138892
0 0.000794556 0.00730872 0.0116735
0 0.000154158 0.00559124 0.00912267
0 -0.000529469 0.00369717 0.00627708
0 -0.00124817 0.00165355 0.00318311
0 -0.00199887 -0.000510013 -0.000107758
0 -0.00278727 -0.0027684 -0.00354087
0 -0.00361921 -0.0051075 -0.00706175
0 -0.00447964 -0.007501 -0.0106219
0 -0.00533461 -0.00988714 -0.0141805
0 -0.00615732 -0.0121981 -0.0176823
0 -0.00693842 -0.014393 -0.0210493
0 -0.00767397 -0.016453 -0.0242167
0 -0.00835178 -0.0183604 -0.027141
0 -0.00895001 -0.0200833 -0.0297771
0 -0.00944683 -0.0215779 -0.0320773
0 -0.0098298 -0.0228065 -0.0340011
0 -0.0100971 -0.0237483 -0.0355185
0 -0.0102533 -0.0243952 -0.03661
0 -0.0103055 -0.0247418 -0.0372633
0 -0.0102613 -0.0247845 -0.0374729
0 -0.0101311 -0.0245288 -0.0372422
0 -0.00992938 -0.0239963 -0.0365829
0 -0.00967014 -0.0232227 -0.0355146
0 -0.00936226 -0.0222457 -0.0340658
0 -0.0090099 -0.0210973 -0.032274
0 -0.00861586 -0.0198064 -0.0301847
0 -0.00818542 -0.0184032 -0.0278532
0 -0.00772767 -0.0169178 -0.0253449
0 -0.00725292 -0.015378 -0.0227309
0 -0.00676919 -0.0138083 -0.0200817
0 -0.00628049 -0.0122331 -0.0174651
0 -0.00578761 -0.0106784 -0.0149446
0 -0.00528889 -0.00917282 -0.0125664
0 -0.00478356 -0.00773939 -0.0103485
0 -0.00427597 -0.00638003 -0.00830268
0 -0.00377174 -0.00508835 -0.00645482
0 -0.00327325 -0.00387488 -0.00482549
0 -0.00278255 -0.0027633 -0.0034184
0 -0.00230843 -0.00177157 -0.00223146
0 -0.00186595 -0.000904164 -0.00125861
0 -0.0014675 -0.000158176 -0.000484572
0 -0.00111915 0.000466751 0.000111634
0 -0.00082503 0.000965901 0.000549314
0 -0.000591434 0.00133599 0.000845157
0 -0.000425727 0.00158059 0.00101625
0 -0.000331685 0.00170648 0.00107905
0 -0.000307345 0.00171797 0.00104531
0 -0.000347629 0.00161845 0.000921687
0 -0.000447476 0.00141506 0.000712324
0 -0.000601018 0.00111875 0.000419564
0 -0.000798752 0.000741356 4.35243e-05
0 -0.00102839 0.000294269 -0.000417179
0 -0.00127865 -0.000211186 -0.000964381
0 -0.00154087 -0.000763752 -0.0015998
0 -0.00180793 -0.00135317 -0.00232405
0 -0.0020731 -0.00197065 -0.00313493
0 -0.00233038 -0.00260817 -0.00402596
0 -0.00257475 -0.00325764 -0.00498629
0 -0.00280304 -0.0039119 -0.00600201
0 -0.00301684 -0.00456699 -0.00705813
0 -0.00322273 -0.00522213 -0.00813991
0 -0.00342901 -0.00587831 -0.00923246
0 -0.00364085 -0.00653811 -0.0103207
0 -0.00385799 -0.00719895 -0.0113889
0 -0.00407791 -0.00784773 -0.0124168
0 -0.00429542 -0.00846793 -0.0133799
0 -0.00450102 -0.00904367 -0.0142548
0 -0.00468405 -0.00955887 -0.0150204
0 -0.00483587 -0.00999833 -0.0156596
0 -0.00495067 -0.0103474 -0.0161594
0 -0.00502455 -0.0105916 -0.0165083
0 -0.00505433 -0.0107194 -0.0166979
0 -0.0050375 -0.0107239 -0.0167238
0 -0.00497248 -0.0106013 -0.0165825
0 -0.00485791 -0.0103494 -0.0162698
0 -0.00469173 -0.00996799 -0.0157828
0 -0.00447222 -0.00945982 -0.0151209
0 -0.00420044 -0.00883108 -0.0142869
0 -0.00388182 -0.00809086 -0.0132876
0 -0.00352709 -0.00725031 -0.0121336
0 -0.0031509 -0.00632375 -0.0108408
0 -0.00276628 -0.00533131 -0.0094298
0 -0.00238055 -0.00429462 -0.00792157
0 -0.00199484 -0.00322859 -0.00633632
0 -0.0016079 -0.00214138 -0.00469281
0 -0.00122177 -0.00103981 -0.00301001
0 -0.000841719 6.43538e-05 -0.00131399
0 -0.000473807 0.00115234 0.000363737
0 -0.000123968 0.00220307 0.00199279
0 0.000203074 0.00319869 0.00354417
0 0.000503222 0.00412455 0.00498971
0 0.000771482 0.00496442 0.00630306
0 0.00100227 0.00569943 0.00745921
0 0.00119068 0.00631236 0.00843477
0 0.00133255 0.00679039 0.00920953
0 0.00142339 0.00712313 0.00976642
0 0.00145803 0.00729978 0.0100903
0 0.00143069 0.00730915 0.0101673
0 0.00133571 0.0071414 0.00998512
0 0.00116827 0.00678901 0.00953428
0 0.000924528 0.00624617 0.00880874
0 0.000601998 0.00550807 0.00780553
0 0.000199861 0.00457132 0.0065242
0 -0.000281662 0.0034348 0.00496646
0 -0.000841843 0.00209991 0.00313587
0 -0.00147931 0.000570319 0.00103792
0 -0.00219205 -0.00114764 -0.00131935
0 -0.002977 -0.0030443 -0.00392462
0 -0.00383561 -0.00510703 -0.00676263
0 -0.00477649 -0.0073221 -0.00981421
0 -0.005791 -0.00968242 -0.0130573
0 -0.00684157 -0.012179 -0.016472
0 -0.00789203 -0.0147711 -0.0200393
0 -0.00892631 -0.0173955 -0.0237257
0 -0.00993758 -0.0200064 -0.0274775
0 -0.010915 -0.0225824 -0.0312421
0 -0.0118402 -0.0251019 -0.0349752
0 -0.0126944 -0.0275277 -0.0386268
0 -0.0134675 -0.029813 -0.0421395
0 -0.0141566 -0.0319154 -0.0454565
0 -0.0147587 -0.0338039 -0.0485226
0 -0.0152678 -0.0354546 -0.0512832
0 -0.0156762 -0.0368432 -0.0536858
0 -0.0159757 -0.0379454 -0.0556817
0 -0.0161604 -0.0387419 -0.0572288
0 -0.016229 -0.0392229 -0.0582941
0 -0.0161848 -0.0393888 -0.0588542
0 -0.0160346 -0.0392461 -0.0588956
0 -0.0157876 -0.038803 -0.0584166
0 -0.0154591 -0.038068 -0.0574261
0 -0.0150676 -0.0370561 -0.0559466
0 -0.0146279 -0.0357938 -0.0540159
0 -0.0141482 -0.034313 -0.0516809
0 -0.01363 -0.0326425 -0.0489946
0 -0.0130695 -0.0308088 -0.0460161
0 -0.0124612 -0.0288389 -0.0428088
0 -0.0118005 -0.0267615 -0.0394392
0 -0.0110858 -0.0246048 -0.0359761
0 -0.0103199 -0.0223953 -0.0324863
0 -0.00950993 -0.0201621 -0.0290313
0 -0.0086666 -0.0179389 -0.0256645
0 -0.00780497 -0.0157485 -0.0224309
0 -0.00693808 -0.01359 -0.0193555
0 -0.00606173 -0.0114569 -0.0164331
0 -0.00516361 -0.00935024 -0.0136472
0 -0.00424221 -0.00727676 -0.0109938
0 -0.00330754 -0.00524834 -0.00846988
0 -0.002378 -0.00327621 -0.00605906
0 -0.00147427 -0.00136348 -0.00373913
0 -0.000608058 0.000492049 -0.00149086
0 0.000219483 0.00228951 0.000703782
0 0.00100725 0.00402437 0.00286506
0 0.0017479 0.00569436 0.00501165
0 0.00243305 0.00730153 0.00715475
0 0.00306009 0.00884814 0.00929764
0 0.00363164 0.0103331 0.0114379
0 0.00415064 0.0117527 0.0135669
0 0.0046184 0.0131024 0.0156698
0 0.00503626 0.0143774 0.0177272
0 0.0054073 0.0155724 0.019717
0 0.00573577 0.0166808 0.0216141
0 0.00602571 0.0176955 0.0233902
0 0.00627952 0.0186082 0.0250166
0 0.00649735 0.0194111 0.0264654
0 0.00667738 0.0200959 0.0277115
0 0.00681693 0.0206545 0.028733
0 0.0069139 0.0210783 0.0295118
0 0.0069677 0.0213593 0.0300343
0 0.00697893 0.0214903 0.0302911
0 0.00694838 0.021466 0.0302773
0 0.00687753 0.0212849 0.0299932
0 0.00676642 0.0209488 0.0294443
0 0.00660847 0.0204556 0.0286377
0 0.00639291 0.0197994 0.027581
0 0.00611075 0.018976 0.0262851
0 0.00575499 0.0179845 0.0247625
0 0.00531881 0.0168246 0.0230255
0 0.0047962 0.0154943 0.021086
0 0.00418418 0.0139918 0.0189544
0 0.00348342 0.0123172 0.0166391
0 0.00269703 0.0104739 0.0141454
0 0.00182944 0.00846691 0.0114763
0 0.000886566 0.00630283 0.00863289
0 -0.000124379 0.00399096 0.00561536
0 -0.0011991 0.00154333 0.00242355
0 -0.00234264 -0.00102826 -0.000941804
0 -0.00355639 -0.00371784 -0.00447865
0 -0.00481759 -0.00652649 -0.00818347
0 -0.00609298 -0.00944638 -0.0120508
0 -0.00736252 -0.012449 -0.0160762
0 -0.00862209 -0.0155021 -0.0202581
0 -0.00987483 -0.0185867 -0.0245843
0 -0.0111195 -0.0216959 -0.0290229
0 -0.0123446 -0.0248251 -0.0335364
0 -0.0135368 -0.0279581 -0.0380935
0 -0.0146939 -0.0310653 -0.0426601
0 -0.0158267 -0.034115 -0.0471981
0 -0.0169492 -0.0370857 -0.0516698
0 -0.0180661 -0.039964 -0.0560362
0 -0.0191713 -0.0427365 -0.0602564
0 -0.0202545 -0.0453841 -0.0642887
0 -0.0213031 -0.0478848 -0.06809
0 -0.0223022 -0.0502193 -0.0716194
0 -0.0232368 -0.0523719 -0.0748416
0 -0.0240926 -0.0543292 -0.0777273
0 -0.0248573 -0.056077 -0.0802529
0 -0.0255372 -0.0575994 -0.082401
0 -0.0261445 -0.0588795 -0.0841602
0 -0.0266446 -0.0599011 -0.0855228
0 -0.0269923 -0.0606453 -0.0864833
0 -0.0271942 -0.0610902 -0.0870369
0 -0.0272625 -0.061218 -0.087179
0 -0.0271754 -0.0610191 -0.0869052
0 -0.0269214 -0.0604901 -0.0862136
0 -0.0265183 -0.0596343 -0.0851059
0 -0.0259807 -0.0584611 -0.0835869
0 -0.025314 -0.0569826 -0.081665
0 -0.0245295 -0.0552135 -0.079351
0 -0.0236414 -0.0531737 -0.0766574
0 -0.0226625 -0.0508872 -0.0735997
0 -0.0216065 -0.0483779 -0.0701966
0 -0.0204844 -0.0456696 -0.0664716
0 -0.019306 -0.0427876 -0.0624542
0 -0.0180837 -0.0397592 -0.05818
0 -0.0168367 -0.0366117 -0.0536895
0 -0.0155924 -0.0333751 -0.0490261
0 -0.0143684 -0.0300932 -0.0442349
0 -0.0131534 -0.0268041 -0.0393617
0 -0.0119296 -0.0235089 -0.0344526
0 -0.0106917 -0.020198 -0.0295579
0 -0.0094421 -0.0168832 -0.0247245
0 -0.0081894 -0.0135885 -0.0199697
0 -0.00694635 -0.0103417 -0.0152967
0 -0.00572029 -0.0071703 -0.0107279
0 -0.00450912 -0.00409313 -0.00629799
0 -0.00330787 -0.00111976 -0.00203543
0 -0.00211835 0.00173899 0.00204189
0 -0.000949898 0.00446381 0.00591752
0 0.000186348 0.00703121 0.00956624
0 0.00128006 0.00942323 0.0129618
0 0.00232088 0.0116327 0.0160878
0 0.00329836 0.0136606 0.0189319
0 0.00420285 0.0155083 0.0214784
0 0.00502501 0.0171722 0.0237137
0 0.00575483 0.018642 0.0256318
0 0.00638227 0.0199037 0.0272322
0 0.00689931 0.0209438 0.0285151
0 0.00730183 0.0217515 0.0294826
0 0.00759011 0.0223206 0.0301409
0 0.00776816 0.0226501 0.0304995
0 0.00784211 0.0227464 0.0305693
0 0.00782156 0.0226216 0.0303617
0 0.00771714 0.0222893 0.02989
0 0.00753359 0.0217657 0.0291697
0 0.00727516 0.0210729 0.0282193
0 0.00695493 0.020237 0.0270598
0 0.00659113 0.0192842 0.0257152
0 0.00619897 0.0182385 0.0242112
0 0.00578781 0.0171209 0.0225735
0 0.00536382 0.0159495 0.0208279
0 0.00493256 0.0147407 0.0190006
0 0.00449806 0.0135078 0.0171177
0 0.00406013 0.0122609 0.0152039
0 0.00361441 0.011006 0.0132813
0 0.00315531 0.00974613 0.0113686
0 0.002678 0.0084813 0.00948049
0 0.0021775 0.00720891 0.00762698
0 0.00164763 0.00592344 0.00581203
0 0.00108185 0.00461649 0.00403276
0 0.000474634 0.00327749 0.00227936
0 -0.000178349 0.00189482 0.000535878
0 -0.000881393 0.000456268 -0.00121852
0 -0.00164055 -0.00104999 -0.00300848
0 -0.00245885 -0.00263462 -0.00486134
0 -0.00332771 -0.00430784 -0.00680578
0 -0.00423328 -0.00607752 -0.00887046
0 -0.00516763 -0.00794709 -0.0110824
0 -0.00612449 -0.00991693 -0.0134645
0 -0.00709417 -0.0119856 -0.0160331
0 -0.00806745 -0.0141474 -0.0187958
0 -0.00903643 -0.01639 -0.0217528
0 -0.00999128 -0.018697 -0.0249021
0 -0.0109212 -0.0210515 -0.0282354
0 -0.011819 -0.0234369 -0.0317232
0 -0.0126849 -0.0258335 -0.0353207
0 -0.0135249 -0.0282189 -0.0389844
0 -0.014345 -0.0305709 -0.0426704
0 -0.0151501 -0.0328704 -0.0463306
0 -0.0159438 -0.0351027 -0.0499155
0 -0.0167282 -0.0372576 -0.0533774
0 -0.0175039 -0.0393274 -0.0566744
0 -0.0182697 -0.0413053 -0.0597714
0 -0.0190228 -0.0431848 -0.0626382
0 -0.0197597 -0.0449585 -0.0652511
0 -0.0204768 -0.0466167 -0.0675952
0 -0.0211689 -0.048146 -0.0696616
0 -0.021828 -0.0495311 -0.0714444
0 -0.0224441 -0.0507558 -0.0729411
0 -0.023006 -0.0518049 -0.0741524
0 -0.0235015 -0.0526654 -0.075081
0 -0.0239171 -0.0533259 -0.0757297
0 -0.0242379 -0.0537766 -0.0761013
0 -0.0244476 -0.0540071 -0.0761992
0 -0.0245296 -0.0540047 -0.0760269
0 -0.0244668 -0.0537596 -0.0755866
0 -0.0242446 -0.0532651 -0.0748791
0 -0.0238597 -0.0525131 -0.0739029
0 -0.0233217 -0.0514964 -0.0726545
0 -0.022646 -0.0502126 -0.0711285
0 -0.021851 -0.0486661 -0.0693171
0 -0.0209576 -0.0468698 -0.0672123
0 -0.0199888 -0.0448448 -0.0648064
0 -0.0189654 -0.042618 -0.0620941
0 -0.0179039 -0.040219 -0.0590738
0 -0.0168151 -0.0376773 -0.0557501
0 -0.0157078 -0.0350207 -0.0521374
0 -0.0145939 -0.0322736 -0.0482623
0 -0.013497 -0.0294573 -0.0441634
0 -0.0124418 -0.0265929 -0.0398878
0 -0.0114261 -0.0237134 -0.0354883
0 -0.0104278 -0.0208496 -0.0310211
0 -0.00943186 -0.0179976 -0.0265542
0 -0.00843236 -0.0151404 -0.022151
0 -0.00742863 -0.012282 -0.0178323
0 -0.00642425 -0.00944606 -0.0136017
0 -0.00542082 -0.00666319 -0.00949376
0 -0.00441389 -0.0039593 -0.00555619
0 -0.00339891 -0.00134715 -0.00181211
0 -0.00237635 0.00117106 0.00173905
0 -0.00134956 0.00359146 0.00509369
0 -0.00032257 0.00590127 0.008237
0 0.000700313 0.00808457 0.0111619
0 0.00171322 0.0101331 0.0138734
0 0.00270831 0.0120505 0.0163741
0 0.0036763 0.0138463 0.0186607
0 0.00460652 0.015527 0.0207352
0 0.00548795 0.0170926 0.022606
0 0.00630948 0.0185373 0.0242815
0 0.00705955 0.0198533 0.0257678
0 0.00772729 0.0210322 0.0270725
0 0.0083037 0.0220651 0.0282052
0 0.00878148 0.0229416 0.0291733
0 0.00915468 0.0236497 0.0299788
0 0.00941757 0.0241761 0.0306182
0 0.00956328 0.0245077 0.0310837
0 0.00958325 0.0246331 0.0313636
0 0.00946933 0.0245428 0.0314413
0 0.00922047 0.0242288 0.0312958
0 0.00884586 0.0236841 0.0309027
0 0.00835805 0.0229027 0.0302349
0 0.00776872 0.0218813 0.0292636
0 0.00709142 0.0206229 0.0279605
0 0.00634129 0.0191338 0.0263002
0 0.00553074 0.0174208 0.0242629
0 0.00466748 0.0154926 0.0218347
0 0.00375569 0.0133593 0.0190096
0 0.00279782 0.0110302 0.0157917
0 0.00179527 0.00851373 0.0121967
0 0.000747722 0.00581767 0.00825094
0 -0.000351947 0.00294977 0.00398964
0 -0.00152384 -8.19731e-05 -0.00054452
0 -0.00278006 -0.00327205 -0.00530394
0 -0.00410155 -0.00662928 -0.0102397
0 -0.00546101 -0.0101519 -0.0153078
0 -0.00684421 -0.0137857 -0.0204823
0 -0.00824426 -0.017457 -0.025728
0 -0.00965692 -0.0211193 -0.0309675
0 -0.011077 -0.0247469 -0.0361329
0 -0.0124958 -0.0283181 -0.0411979
0 -0.013905 -0.0318015 -0.0461387
0 -0.0152968 -0.0351519 -0.0509096
0 -0.0166588 -0.0383228 -0.0554556
0 -0.0179709 -0.0412822 -0.0597343
0 -0.0192085 -0.0440151 -0.0637118
0 -0.0203447 -0.0465123 -0.0673465
0 -0.0213525 -0.0487583 -0.0705932
0 -0.0222086 -0.0507262 -0.0734183
0 -0.0228955 -0.0523837 -0.075799
0 -0.0234014 -0.0536999 -0.0777138
0 -0.0237258 -0.0546502 -0.0791425
0 -0.0238711 -0.0552163 -0.0800715
0 -0.0238214 -0.0553846 -0.0804927
0 -0.0235722 -0.0551436 -0.080398
0 -0.0231544 -0.0544835 -0.079776
0 -0.0225957 -0.0534047 -0.0786153
0 -0.0219042 -0.051928 -0.0769085
0 -0.0210912 -0.0500883 -0.0746548
0 -0.0201743 -0.0479229 -0.0718633
0 -0.0191684 -0.0454689 -0.0685534
0 -0.0180876 -0.0427635 -0.0647578
0 -0.0169473 -0.0398432 -0.0605239
0 -0.0157612 -0.0367431 -0.0559118
0 -0.0145441 -0.0334949 -0.0509926
0 -0.0133251 -0.0301307 -0.0458457
0 -0.0121421 -0.0267036 -0.0405557
0 -0.0110043 -0.0232812 -0.0352088
0 -0.00988868 -0.0198963 -0.0299
0 -0.00877308 -0.0165461 -0.024717
0 -0.00765172 -0.0132404 -0.0196985
0 -0.00653326 -0.0100158 -0.0148564
0 -0.00543705 -0.0069231 -0.0102327
0 -0.00438295 -0.00401124 -0.00589333
0 -0.00338249 -0.00131061 -0.00188481
0 -0.00244094 0.00117048 0.00177827
0 -0.00156435 0.00343188 0.00508513
0 -0.00076167 0.00546424 0.00801058
0 -4.27829e-05 0.00724466 0.0105349
0 0.00058353 0.00874799 0.0126572
0 0.00111189 0.00996108 0.0143787
0 0.00154004 0.0108867 0.0156922
0 0.00186654 0.0115358 0.0165922
0 0.00208902 0.011918 0.0170819
0 0.00220297 0.0120352 0.0171675
0 0.00220162 0.0118874 0.0168555
0 0.00207993 0.0114814 0.0161581
0 0.00184033 0.0108254 0.0150955
0 0.00149164 0.00992399 0.0136923
0 0.00104388 0.00878314 0.0119747
0 0.00050619 0.00741236 0.00996895
0 -0.000112831 0.00582512 0.00770089
0 -0.000805197 0.00403995 0.00519454
0 -0.00156462 0.00207952 0.00247187
0 -0.00238661 -3.16033e-05 -0.000445999
0 -0.00326669 -0.00226782 -0.00353756
0 -0.00419814 -0.00460343 -0.00678039
0 -0.00517266 -0.00701515 -0.0101505
0 -0.00618943 -0.00948542 -0.013622
0 -0.00725246 -0.0120096 -0.0171679
0 -0.00834529 -0.0145873 -0.0207626
0 -0.00943018 -0.0171956 -0.0243869
0 -0.0104766 -0.0197911 -0.0280259
0 -0.0114736 -0.0223376 -0.0316481
0 -0.0124238 -0.0248131 -0.0352064
0 -0.0133318 -0.0272039 -0.0386662
0 -0.0141937 -0.0294962 -0.0420076
0 -0.0149971 -0.0316688 -0.0452064
0 -0.0157335 -0.0336959 -0.0482312
0 -0.0164039 -0.03556 -0.0510533
0 -0.0170128 -0.0372564 -0.053653
0 -0.0175597 -0.0387847 -0.056011
0 -0.0180377 -0.0401377 -0.0581032
0 -0.018438 -0.0413003 -0.0599062
0 -0.0187539 -0.0422557 -0.0614022
0 -0.0189816 -0.0429906 -0.0625752
0 -0.019119 -0.0434956 -0.063409
0 -0.0191645 -0.0437619 -0.06389
0 -0.0191163 -0.0437796 -0.064008
0 -0.0189717 -0.043538 -0.0637542
0 -0.0187277 -0.0430293 -0.0631211
0 -0.0183838 -0.0422531 -0.0621054
0 -0.017941 -0.0412159 -0.0607096
0 -0.0174012 -0.0399259 -0.0589409
0 -0.0167664 -0.0383922 -0.0568116
0 -0.0160393 -0.0366262 -0.0543389
0 -0.0152242 -0.0346413 -0.0515441
0 -0.0143255 -0.0324514 -0.0484505
0 -0.0133474 -0.0300699 -0.0450836
0 -0.0122959 -0.0275112 -0.0414722
0 -0.011182 -0.0247939 -0.0376486
0 -0.0100343 -0.0219447 -0.0336489
0 -0.00889066 -0.0190088 -0.0295114
0 -0.00776079 -0.0160376 -0.0252786
0 -0.00662568 -0.0130536 -0.0210007
0 -0.00547393 -0.0100533 -0.0167133
0 -0.00431623 -0.00704521 -0.0124203
0 -0.00317543 -0.00406188 -0.00813671
0 -0.00207346 -0.00114508 -0.00391089
0 -0.00102303 0.00167196 0.000210706
0 -2.8555e-05 0.00437217 0.00420097
0 0.000906477 0.00694742 0.00803663
0 0.00177622 0.00938406 0.0116859
0 0.0025794 0.0116568 0.015117
0 0.00332404 0.0137374 0.0183075
0 0.00402015 0.015608 0.021238
0 0.00467188 0.0172651 0.0238827
0 0.00527565 0.0187126 0.0262127
0 0.00582115 0.0199537 0.0282023
0 0.00629397 0.020987 0.0298289
0 0.00667924 0.021807 0.0310722
0 0.0069646 0.0224072 0.0319177
0 0.00714227 0.0227809 0.0323609
0 0.00720995 0.0229237 0.0324098
0 0.00717118 0.0228311 0.032081
0 0.00703551 0.0224933 0.0313913
0 0.00681275 0.0218978 0.0303584
0 0.00650409 0.0210377 0.0290031
0 0.00610383 0.0199159 0.0273452
0 0.00560769 0.0185455 0.025401
0 0.00501446 0.0169464 0.0231854
0 0.00432332 0.0151412 0.0207142
0 0.00353478 0.0131538 0.0180037
0 0.00265506 0.0110088 0.0150716
0 0.00169807 0.00872826 0.0119381
0 0.00068277 0.00633083 0.00862628
0 -0.000371809 0.00383261 0.00516046
0 -0.00145358 0.00124954 0.00156619
0 -0.00256226 -0.00140461 -0.00213016
0 -0.00369223 -0.00412452 -0.00590231
0 -0.00481712 -0.00689801 -0.00972415
0 -0.00591101 -0.0096841 -0.0135696
0 -0.00696475 -0.0124342 -0.0174181
0 -0.00798016 -0.015117 -0.0212577
0 -0.00896585 -0.0177163 -0.025065
0 -0.00992918 -0.0202266 -0.0287988
0 -0.0108653 -0.0226469 -0.0324223
0 -0.0117583 -0.0249684 -0.0359063
0 -0.0125939 -0.0271754 -0.0392214
0 -0.013367 -0.0292564 -0.042341
0 -0.0140824 -0.0312085 -0.0452441
0 -0.0147501 -0.0330296 -0.0479167
0 -0.0153792 -0.0347109 -0.0503523
0 -0.0159767 -0.0362393 -0.0525467
0 -0.0165481 -0.0376043 -0.0544946
0 -0.0170948 -0.0388036 -0.0561926
0 -0.0176124 -0.0398424 -0.0576382
0 -0.0180928 -0.040729 -0.058828
0 -0.0185249 -0.0414703 -0.0597586
0 -0.0188958 -0.0420686 -0.0604298
0 -0.0191914 -0.0425207 -0.060845
0 -0.0193995 -0.0428191 -0.0610113
0 -0.0195125 -0.0429534 -0.0609418
0 -0.0195277 -0.042913 -0.0606538
0 -0.0194465 -0.0426892 -0.0601664
0 -0.0192731 -0.0422763 -0.0594975
0 -0.019013 -0.0416743 -0.0586608
0 -0.0186725 -0.0408905 -0.0576647
0 -0.0182563 -0.0399392 -0.0565115
0 -0.0177677 -0.0388376 -0.0551979
0 -0.0172089 -0.0376022 -0.0537172
0 -0.016584 -0.0362481 -0.052062
0 -0.0159008 -0.0347888 -0.0502282
0 -0.0151713 -0.0332347 -0.0482168
0 -0.0144102 -0.0315936 -0.0460343
0 -0.0136321 -0.0298716 -0.0436923
0 -0.0128494 -0.0280744 -0.0412055
0 -0.0120705 -0.0262093 -0.0385912
0 -0.0112993 -0.0242852 -0.0358678
0 -0.0105363 -0.0223136 -0.0330551
0 -0.00978363 -0.020308 -0.0301733
0 -0.00904555 -0.0182876 -0.0272441
0 -0.00831585 -0.016277 -0.0242928
0 -0.00757818 -0.0142928 -0.021352
0 -0.00682383 -0.0123312 -0.0184488
0 -0.00605611 -0.0103815 -0.0155888
0 -0.00528474 -0.00844409 -0.0127788
0 -0.00452211 -0.00653129 -0.0100457
0 -0.00377725 -0.00465946 -0.0074134
0 -0.0030527 -0.00283939 -0.00488869
0 -0.00234935 -0.00107571 -0.0024743
0 -0.00167201 0.000623275 -0.000178626
0 -0.00102858 0.00223901 0.00199002
0 -0.000426242 0.00374894 0.00402807
0 0.000129468 0.00513718 0.00593215
0 0.000634088 0.00639695 0.00769539
0 0.00108377 0.00752489 0.00930991
0 0.0014751 0.00851647 0.0107685
0 0.00180522 0.00936668 0.0120625
0 0.00207159 0.010073 0.0131808
0 0.00227299 0.0106365 0.0141124
0 0.00241078 0.0110608 0.0148485
0 0.00248821 0.0113492 0.0153814
0 0.00250896 0.0115031 0.0157047
0 0.00247615 0.0115217 0.0158133
0 0.00239341 0.011403 0.015704
0 0.00226533 0.0111464 0.0153754
0 0.00209384 0.0107525 0.0148278
0 0.00187753 0.0102197 0.0140624
0 0.00161449 0.00954512 0.0130832
0 0.00130319 0.0087296 0.0118973
0 0.000942303 0.00777814 0.0105149
0 0.000530673 0.00669726 0.00894754
0 6.7766e-05 0.00549342 0.00720858
0 -0.000445739 0.0041738 0.00531298
0 -0.00100739 0.0027474 0.00327683
0 -0.00161314 0.00122484 0.00111678
0 -0.00225812 -0.000382903 -0.00115049
0 -0.00293704 -0.00206497 -0.00350853
0 -0.0036443 -0.00380974 -0.00594117
0 -0.00437446 -0.00560457 -0.00843256
0 -0.00512684 -0.00743738 -0.0109673
0 -0.00590637 -0.00930198 -0.013531
0 -0.00670848 -0.0111964 -0.0161114
0 -0.00751314 -0.0131055 -0.0186976
0 -0.00830077 -0.0149991 -0.0212816
0 -0.00906166 -0.0168523 -0.0238529
0 -0.00979444 -0.0186532 -0.0263915
0 -0.0105004 -0.0203963 -0.0288752
0 -0.0111747 -0.0220758 -0.0312862
0 -0.011806 -0.0236795 -0.0336061
0 -0.0123852 -0.0251916 -0.0358131
0 -0.0129115 -0.0266006 -0.0378878
0 -0.0133887 -0.0279023 -0.039815
0 -0.0138189 -0.0290927 -0.0415811
0 -0.0142028 -0.0301636 -0.0431734
0 -0.0145413 -0.0311062 -0.044582
0 -0.0148369 -0.0319161 -0.0457993
0 -0.0150914 -0.0325937 -0.0468184
0 -0.0153041 -0.0331399 -0.0476322
0 -0.0154713 -0.033553 -0.0482347
0 -0.015588 -0.0338297 -0.0486217
0 -0.0156492 -0.0339662 -0.0487913
0 -0.0156521 -0.0339603 -0.0487438
0 -0.0155952 -0.03381 -0.0484823
0 -0.0154776 -0.033513 -0.0480129
0 -0.015299 -0.0330678 -0.0473436
0 -0.0150602 -0.0324753 -0.0464836
0 -0.0147631 -0.0317405 -0.045443
0 -0.0144099 -0.0308713 -0.0442327
0 -0.0140031 -0.0298768 -0.0428633
0 -0.0135448 -0.0287676 -0.0413454
0 -0.0130388 -0.0275557 -0.0396904
0 -0.0124902 -0.026254 -0.0379108
0 -0.0119052 -0.024875 -0.0360198
0 -0.0112899 -0.0234294 -0.0340309
0 -0.0106503 -0.0219267 -0.0319576
0 -0.00999205 -0.020376 -0.0298137
0 -0.00932252 -0.0187874 -0.027614
0 -0.00865037 -0.0171723 -0.0253741
0 -0.00798659 -0.0155449 -0.0231106
0 -0.00734516 -0.0139248 -0.0208402
0 -0.0067311 -0.0123328 -0.0185816
0 -0.00613563 -0.0107783 -0.0163511
0 -0.00555307 -0.00926004 -0.0141567
0 -0.00498881 -0.00778207 -0.0120112
0 -0.00445164 -0.00635861 -0.00993666
0 -0.00394727 -0.00500598 -0.00795297
0 -0.0034764 -0.00373463 -0.0060755
0 -0.00303736 -0.00254832 -0.00431865
0 -0.00263095 -0.0014505 -0.00269752
0 -0.00226171 -0.000449934 -0.00122647
0 -0.00193434 0.000441397 8.25968e-05
0 -0.00165067 0.00121477 0.00121961
0 -0.00141076 0.0018666 0.00217568
0 -0.0012153 0.00239467 0.0029443
0 -0.00106609 0.00279497 0.00352172
0 -0.000964735 0.00306311 0.00390579
0 -0.000911806 0.00319726 0.00409561
0 -0.000907141 0.00319872 0.00409207
0 -0.000950001 0.00307101 0.00389815
0 -0.00103977 0.00281768 0.00351843
0 -0.00117707 0.00244072 0.00295851
0 -0.00136241 0.00194322 0.00222617
0 -0.00159421 0.0013315 0.00133163
0 -0.00186944 0.000613217 0.000286328
0 -0.00218512 -0.000204492 -0.0008976
0 -0.00253849 -0.00111454 -0.00220712
0 -0.00292631 -0.0021084 -0.00362833
0 -0.00334421 -0.00317559 -0.00514675
0 -0.00378679 -0.00430425 -0.0067472
0 -0.00424802 -0.00548158 -0.00841344
0 -0.0047219 -0.00669425 -0.0101287
0 -0.00520422 -0.00792947 -0.0118772
0 -0.0056931 -0.00917727 -0.0136452
0 -0.00618932 -0.010431 -0.0154208
0 -0.00669615 -0.0116874 -0.017193
0 -0.00721327 -0.0129439 -0.0189515
0 -0.00773108 -0.0141896 -0.0206874
0 -0.00823414 -0.0154041 -0.0223889
0 -0.00871222 -0.016572 -0.0240398
0 -0.00916417 -0.0176875 -0.0256241
0 -0.00959034 -0.018746 -0.02713
0 -0.00998744 -0.0197405 -0.0285472
0 -0.0103505 -0.0206617 -0.0298641
0 -0.0106774 -0.0215016 -0.0310686
0 -0.0109698 -0.0222559 -0.0321541
0 -0.0112307 -0.0229235 -0.0331159
0 -0.0114608 -0.0235029 -0.0339476
0 -0.0116581 -0.0239905 -0.0346436
0 -0.0118207 -0.0243837 -0.0352016
0 -0.0119486 -0.0246831 -0.03562
0 -0.0120418 -0.0248904 -0.0358979
0 -0.0120995 -0.0250063 -0.0360362
0 -0.0121202 -0.0250302 -0.0360376
0 -0.0121026 -0.0249616 -0.0359055
0 -0.0120459 -0.0248009 -0.0356441
0 -0.0119502 -0.0245491 -0.0352589
0 -0.0118156 -0.0242081 -0.0347561
0 -0.0116432 -0.0237804 -0.0341428
0 -0.0114354 -0.023271 -0.0334272
0 -0.0111965 -0.0226878 -0.0326187
0 -0.010931 -0.02204 -0.0317271
0 -0.0106432 -0.0213375 -0.0307622
0 -0.0103369 -0.02059 -0.0297337
0 -0.0100158 -0.019807 -0.028651
0 -0.00968294 -0.0189975 -0.0275241
0 -0.00934158 -0.0181693 -0.0263628
0 -0.00899494 -0.0173291 -0.0251774
0 -0.00864631 -0.0164833 -0.0239783
0 -0.00829774 -0.0156372 -0.0227754
0 -0.00794991 -0.0147942 -0.0215759
0 -0.00760484 -0.0139572 -0.0203864
0 -0.00726645 -0.0131303 -0.0192141
0 -0.0069362 -0.012317 -0.0180632
0 -0.00661317 -0.0115185 -0.0169364
0 -0.00629924 -0.0107371 -0.0158415
0 -0.00599818 -0.00997849 -0.0147888
0 -0.00571193 -0.00925044 -0.0137844
0 -0.00544153 -0.00856087 -0.0128324
0 -0.00518885 -0.00791611 -0.0119387
0 -0.00495595 -0.00732186 -0.0111094
0 -0.00474391 -0.00678277 -0.010348
0 -0.00455262 -0.00630094 -0.00965788
0 -0.0043817 -0.00587641 -0.00904222
0 -0.00423208 -0.00550856 -0.00850409
0 -0.00410576 -0.00519685 -0.00804641
0 -0.00400421 -0.00494124 -0.00767233
0 -0.00392788 -0.00474232 -0.0073846
0 -0.0038767 -0.00460103 -0.00718459
0 -0.00385017 -0.00451831 -0.00707219
0 -0.00384708 -0.0044951 -0.00704659
0 -0.00386607 -0.00453246 -0.00710674
0 -0.00390633 -0.0046311 -0.00725145
0 -0.00396803 -0.00479086 -0.00747945
0 -0.00405218 -0.00501101 -0.00778928
0 -0.00415984 -0.00529 -0.00817908
0 -0.0042914 -0.00562539 -0.00864647
0 -0.0044468 -0.00601438 -0.00918865
0 -0.00462556 -0.00645425 -0.00980234
0 -0.00482659 -0.00694247 -0.0104836
0 -0.00504786 -0.00747634 -0.011228
0 -0.00528673 -0.00805282 -0.0120306
0 -0.00554072 -0.00866841 -0.0128859
0 -0.0058076 -0.00931923 -0.0137885
0 -0.00608457 -0.0100011 -0.0147329
0 -0.0063693 -0.0107093 -0.0157133
0 -0.0066621 -0.0114381 -0.0167241
0 -0.0069654 -0.0121831 -0.0177597
0 -0.00727804 -0.0129424 -0.0188141
0 -0.00759392 -0.0137105 -0.0198808
0 -0.00790843 -0.0144775 -0.0209524
0 -0.00821828 -0.0152343 -0.0220216
0 -0.00851839 -0.015974 -0.0230794
0 -0.00880415 -0.0166897 -0.0241141
0 -0.00907331 -0.017375 -0.0251145
0 -0.00932481 -0.018024 -0.0260694
0 -0.00955764 -0.0186325 -0.0269692
0 -0.00977138 -0.0191971 -0.0278051
0 -0.00996668 -0.0197147 -0.0285685
0 -0.0101452 -0.0201824 -0.029253
0 -0.0103085 -0.0205985 -0.0298543
0 -0.0104562 -0.0209613 -0.0303678
0 -0.0105862 -0.0212678 -0.0307889
0 -0.0106955 -0.0215146 -0.0311151
0 -0.0107819 -0.0216996 -0.0313457
0 -0.0108439 -0.0218214 -0.031481
0 -0.01088 -0.0218792 -0.031523
0 -0.0108893 -0.0218726 -0.0314754
0 -0.010871 -0.0218015 -0.0313421
0 -0.0108242 -0.021666 -0.0311267
0 -0.0107475 -0.0214665 -0.0308319
0 -0.0106402 -0.0212039 -0.030461
0 -0.0105028 -0.0208801 -0.0300173
0 -0.010338 -0.0204996 -0.0295055
0 -0.01015 -0.0200682 -0.0289308
0 -0.00994318 -0.0195921 -0.0282988
0 -0.00972112 -0.0190776 -0.0276138
0 -0.00948636 -0.0185299 -0.0268799
0 -0.00924059 -0.0179538 -0.0261005
0 -0.00898539 -0.0173535 -0.0252797
0 -0.00872292 -0.0167332 -0.0244226
0 -0.0084553 -0.0160971 -0.0235347
0 -0.00818372 -0.0154491 -0.0226219
0 -0.00790988 -0.0147921 -0.0216912
0 -0.00763719 -0.0141295 -0.0207492
0 -0.00736981 -0.0134664 -0.0198026
0 -0.00711015 -0.0128094 -0.0188599
0 -0.00685795 -0.0121623 -0.0179277
0 -0.00661408 -0.0115281 -0.0170118
0 -0.00638184 -0.0109127 -0.0161212
0 -0.00616242 -0.0103218 -0.0152651
0 -0.00595294 -0.00975839 -0.0144502
0 -0.00575067 -0.00922517 -0.013681
0 -0.0055559 -0.00872491 -0.0129621
0 -0.00537023 -0.0082599 -0.012298
0 -0.00519469 -0.00783169 -0.0116924
0 -0.00503092 -0.00744187 -0.0111492
0 -0.00488293 -0.00709346 -0.0106731
0 -0.0047561 -0.0067913 -0.0102686
0 -0.00465465 -0.00654082 -0.0099389
0 -0.0045806 -0.00634661 -0.00968602
0 -0.00453433 -0.0062125 -0.00951128
0 -0.00451514 -0.00614155 -0.00941503
0 -0.00452126 -0.00613491 -0.00939644
0 -0.00455026 -0.00619123 -0.00945409
0 -0.0045997 -0.00630723 -0.00958693
0 -0.00466839 -0.00647906 -0.0097948
0 -0.00475711 -0.00670306 -0.010078
0 -0.00486655 -0.00697549 -0.0104359
0 -0.00499525 -0.00729186 -0.0108662
0 -0.00514004 -0.0076472 -0.0113642
0 -0.00529727 -0.0080368 -0.0119237
0 -0.00546397 -0.0084572 -0.0125377
0 -0.005639 -0.00890662 -0.0131999
0 -0.00582258 -0.00938439 -0.0139048
0 -0.00601492 -0.00988963 -0.0146468
0 -0.00621581 -0.0104197 -0.0154189
0 -0.00642474 -0.0109696 -0.0162132
0 -0.00664124 -0.0115341 -0.0170216
0 -0.00686545 -0.0121088 -0.0178365
0 -0.00709599 -0.0126897 -0.0186518
0 -0.00732882 -0.0132698 -0.0194612
0 -0.0075603 -0.0138407 -0.0202575
0 -0.00778781 -0.0143954 -0.0210339
0 -0.00800662 -0.014927 -0.0217829
0 -0.00820979 -0.0154276 -0.0224954
0 -0.00839265 -0.0158903 -0.0231634
0 -0.00855496 -0.0163112 -0.0237807
0 -0.00869872 -0.0166894 -0.0243418
0 -0.00882577 -0.0170246 -0.0248434
0 -0.00893725 -0.0173162 -0.0252827
0 -0.00903377 -0.0175639 -0.0256556
0 -0.00911603 -0.0177683 -0.0259587
0 -0.00918445 -0.01793 -0.0261909
0 -0.00923838 -0.0180491 -0.0263511
0 -0.00927656 -0.0181252 -0.0264387
0 -0.00929841 -0.0181579 -0.0264554
0 -0.00930454 -0.0181478 -0.0264056
0 -0.00929654 -0.0180972 -0.0262946
0 -0.00927638 -0.0180091 -0.0261293
0 -0.00924589 -0.0178876 -0.025918
0 -0.00920642 -0.0177377 -0.0256686
0 -0.00915853 -0.0175644 -0.0253884
0 -0.0091018 -0.0173724 -0.0250837
0 -0.00903511 -0.0171654 -0.0247603
0 -0.00895767 -0.0169463 -0.0244239
0 -0.00886993 -0.016718 -0.0240794
0 -0.0087734 -0.0164825 -0.0237313
0 -0.00866958 -0.016241 -0.0233843
0 -0.00855973 -0.0159943 -0.0230415
0 -0.00844549 -0.0157428 -0.0227041
0 -0.00832917 -0.0154882 -0.0223729
0 -0.00821355 -0.0152337 -0.0220498
0 -0.00810151 -0.0149832 -0.0217361
0 -0.0079954 -0.014741 -0.0214327
0 -0.00789659 -0.0145106 -0.0211396
0 -0.00780554 -0.0142948 -0.0208571
0 -0.00772225 -0.0140955 -0.0205858
0 -0.00764645 -0.0139134 -0.0203253
0 -0.0075768 -0.013747 -0.0200753
0 -0.00751061 -0.0135924 -0.0198358
0 -0.00744508 -0.013444 -0.0196054
0 -0.00737818 -0.0132961 -0.0193817
0 -0.00730894 -0.0131449 -0.0191638
0 -0.00723743 -0.0129884 -0.0189522
0 -0.00716434 -0.0128265 -0.0187472
0 -0.0070906 -0.0126607 -0.0185483
0 -0.00701691 -0.0124933 -0.0183543
0 -0.00694336 -0.012327 -0.0181636
0 -0.00686974 -0.0121642 -0.0179741
0 -0.00679634 -0.0120062 -0.0177836
0 -0.00672394 -0.011853 -0.0175903
0 -0.00665278 -0.0117039 -0.017393
0 -0.00658313 -0.011558 -0.0171916
0 -0.0065163 -0.0114138 -0.0169866
0 -0.00645395 -0.0112701 -0.0167786
0 -0.00639675 -0.0111261 -0.0165688
0 -0.00634393 -0.0109816 -0.0163583
0 -0.00629432 -0.0108376 -0.0161483
0 -0.00624746 -0.0106957 -0.0159407
0 -0.00620332 -0.0105588 -0.0157383
0 -0.00616188 -0.0104301 -0.0155442
0 -0.00612338 -0.0103124 -0.0153619
0 -0.00608844 -0.0102075 -0.0151946
0 -0.00605782 -0.0101169 -0.0150459
0 -0.00603233 -0.0100417 -0.0149188
0 -0.0060126 -0.00998218 -0.014816
0 -0.00599911 -0.00993866 -0.0147398
0 -0.00599269 -0.00991204 -0.0146925
0 -0.00599478 -0.00990447 -0.0146766
0 -0.00600694 -0.00991889 -0.0146946
0 -0.0060299 -0.00995791 -0.0147483
0 -0.00606303 -0.0100229 -0.0148377
0 -0.00610466 -0.0101136 -0.0149616
0 -0.00615316 -0.0102292 -0.0151184
0 -0.006208 -0.0103683 -0.0153072
0 -0.00626999 -0.0105302 -0.0155275
0 -0.00634045 -0.0107138 -0.0157793
0 -0.00642008 -0.0109175 -0.0160617
0 -0.00650844 -0.0111392 -0.0163723
0 -0.00660442 -0.0113764 -0.0167082
0 -0.00670641 -0.0116266 -0.0170657
0 -0.00681205 -0.011888 -0.0174411
0 -0.00691961 -0.0121585 -0.0178299
0 -0.00702811 -0.0124351 -0.0182274
0 -0.00713472 -0.012714 -0.0186286
0 -0.0072362 -0.0129904 -0.0190287
0 -0.00733262 -0.0132603 -0.0194227
0 -0.00742665 -0.0135211 -0.0198071
0 -0.0075201 -0.0137721 -0.0201801
0 -0.00761273 -0.0140127 -0.0205394
0 -0.00770409 -0.0142417 -0.0208811
0 -0.00779403 -0.0144576 -0.0212023
0 -0.00788198 -0.0146611 -0.021501
0 -0.00796702 -0.0148535 -0.0217745
0 -0.0080477 -0.0150344 -0.0220206
0 -0.00812231 -0.0152022 -0.0222388
0 -0.00819024 -0.0153556 -0.0224298
0 -0.00825178 -0.0154933 -0.0225942
0 -0.00830665 -0.0156135 -0.0227327
0 -0.00835396 -0.0157143 -0.0228468
0 -0.008393 -0.0157938 -0.0229376
0 -0.00842314 -0.0158514 -0.0230056
0 -0.00844329 -0.0158869 -0.0230506
0 -0.00845184 -0.0159 -0.0230723
0 -0.0084468 -0.0158899 -0.0230689
0 -0.00842617 -0.0158551 -0.0230374
0 -0.00838872 -0.015794 -0.0229751
0 -0.00833489 -0.0157054 -0.0228796
0 -0.00826728 -0.0155897 -0.0227506
0 -0.00819007 -0.0154485 -0.0225885
0 -0.00810746 -0.0152843 -0.0223944
0 -0.00802207 -0.0150997 -0.0221686
0 -0.00793415 -0.0148962 -0.0219099
0 -0.00784245 -0.0146748 -0.0216173
0 -0.00774581 -0.0144369 -0.0212902
0 -0.00764428 -0.0141846 -0.0209306
0 -0.00753924 -0.0139205 -0.0205424
0 -0.00743232 -0.0136468 -0.0201312
0 -0.00732484 -0.0133662 -0.0197032
0 -0.00721857 -0.0130807 -0.0192636
0 -0.00711444 -0.0127918 -0.0188177
0 -0.00701103 -0.0125006 -0.0183714
0 -0.00690725 -0.0122087 -0.0179302
0 -0.00680452 -0.0119201 -0.0174996
0 -0.00670452 -0.0116395 -0.0170845
0 -0.00660715 -0.01137 -0.0166904
0 -0.00651247 -0.011115 -0.0163229
0 -0.006423 -0.0108793 -0.0159873
0 -0.0063423 -0.0106685 -0.0156886
0 -0.00627218 -0.0104861 -0.0154303
0 -0.00621214 -0.010333 -0.0152142
0 -0.00616106 -0.0102089 -0.0150403
0 -0.00611879 -0.010113 -0.0149083
0 -0.00608573 -0.0100444 -0.0148172
0 -0.00606202 -0.0100023 -0.0147664
0 -0.00604836 -0.00998614 -0.0147555
0 -0.00604702 -0.00999677 -0.0147847
0 -0.00606086 -0.0100365 -0.0148549
0 -0.00609181 -0.0101081 -0.0149665
0 -0.00613998 -0.0102132 -0.0151193
0 -0.00620376 -0.0103521 -0.0153116
0 -0.00628014 -0.010523 -0.0155405
0 -0.00636555 -0.0107228 -0.0158028
0 -0.00645689 -0.0109469 -0.0160952
0 -0.00655208 -0.0111904 -0.0164151
0 -0.00665018 -0.0114478 -0.0167597
0 -0.00675027 -0.0117137 -0.0171259
0 -0.00685066 -0.011983 -0.0175096
0 -0.00695079 -0.0122522 -0.0179059
0 -0.00705074 -0.0125185 -0.0183098
0 -0.00714874 -0.0127806 -0.0187166
0 -0.00724364 -0.0130379 -0.0191219
0 -0.00733733 -0.0132913 -0.019521
0 -0.00743242 -0.0135424 -0.0199104
0 -0.00752918 -0.013792 -0.0202872
0 -0.00762575 -0.0140387 -0.0206469
0 -0.0077206 -0.0142788 -0.0209851
0 -0.00781289 -0.0145084 -0.0212992
0 -0.00790168 -0.0147244 -0.0215868
0 -0.00798614 -0.0149244 -0.021846
0 -0.00806525 -0.015105 -0.0220766
0 -0.00813773 -0.015264 -0.0222792
0 -0.00820269 -0.0154004 -0.0224536
0 -0.00825929 -0.0155141 -0.0225998
0 -0.00830583 -0.0156048 -0.0227178
0 -0.00834039 -0.0156726 -0.0228074
0 -0.00836178 -0.0157173 -0.0228681
0 -0.00836934 -0.0157385 -0.0228993
0 -0.00836265 -0.0157355 -0.0229001
0 -0.00834189 -0.0157073 -0.0228699
0 -0.00830826 -0.0156532 -0.0228083
0 -0.0082637 -0.0155733 -0.0227154
0 -0.00821034 -0.0154685 -0.0225914
0 -0.00814991 -0.0153404 -0.0224366
0 -0.00808358 -0.0151909 -0.0222509
0 -0.00801209 -0.0150224 -0.0220347
0 -0.00793592 -0.0148375 -0.0217886
0 -0.00785547 -0.0146387 -0.021514
0 -0.00777114 -0.0144283 -0.0212129
0 -0.00768352 -0.0142079 -0.0208882
0 -0.00759339 -0.0139787 -0.0205438
0 -0.00750153 -0.0137421 -0.0201845
0 -0.00740843 -0.0134994 -0.0198146
0 -0.00731492 -0.0132521 -0.0194378
0 -0.00722211 -0.0130012 -0.0190588
0 -0.00712926 -0.0127472 -0.0186813
0 -0.00703378 -0.0124909 -0.0183077
0 -0.00693446 -0.0122337 -0.0179403
0 -0.00683186 -0.0119776 -0.0175812
0 -0.00672663 -0.0117237 -0.0172312
0 -0.00661887 -0.0114721 -0.0168912
0 -0.00650906 -0.0112238 -0.0165627
0 -0.00639988 -0.0109815 -0.0162474
0 -0.00629571 -0.0107485 -0.0159472
0 -0.00619986 -0.0105276 -0.0156633
0 -0.00611361 -0.0103215 -0.0153969
0 -0.0060374 -0.0101331 -0.0151489
0 -0.00597165 -0.00996435 -0.0149196
0 -0.00591616 -0.00981631 -0.0147092
0 -0.00586962 -0.00968898 -0.0145183
0 -0.00583043 -0.00958169 -0.0143478
0 -0.00579778 -0.00949326 -0.014199
0 -0.00577179 -0.00942229 -0.0140736
0 -0.00575283 -0.00936772 -0.0139739
0 -0.00574129 -0.00932926 -0.0139021
0 -0.00573758 -0.00930737 -0.0138603
0 -0.0057419 -0.00930302 -0.0138498
0 -0.00575399 -0.00931748 -0.0138713
0 -0.00577324 -0.00935218 -0.0139247
0 -0.00579914 -0.0094085 -0.0140098
0 -0.00583164 -0.00948747 -0.014126
0 -0.00587095 -0.00958937 -0.0142726
0 -0.00591715 -0.00971337 -0.0144482
0 -0.00597016 -0.00985769 -0.0146511
0 -0.00603007 -0.0100202 -0.0148794
0 -0.00609759 -0.0101991 -0.0151316
0 -0.0061739 -0.0103937 -0.0154069
0 -0.00625984 -0.010604 -0.0157045
0 -0.00635506 -0.0108298 -0.0160229
0 -0.00645779 -0.01107 -0.0163594
0 -0.00656559 -0.0113229 -0.0167107
0 -0.00667616 -0.0115861 -0.0170737
0 -0.00678745 -0.0118577 -0.0174458
0 -0.00689889 -0.012136 -0.0178254
0 -0.00701137 -0.0124182 -0.0182104
0 -0.0071239 -0.012701 -0.018599
0 -0.00723378 -0.0129803 -0.0189884
0 -0.0073399 -0.0132523 -0.0193745
0 -0.00744325 -0.0135146 -0.019754
0 -0.00754517 -0.0137679 -0.0201257
0 -0.00764731 -0.0140154 -0.0204907
0 -0.00775255 -0.0142613 -0.0208499
0 -0.00786316 -0.0145081 -0.0212039
0 -0.00797867 -0.0147576 -0.021552
0 -0.00809646 -0.0150101 -0.0218918
0 -0.00821267 -0.0152636 -0.0222201
0 -0.00832328 -0.0155136 -0.022535
0 -0.00842541 -0.0157546 -0.0228351
0 -0.00851742 -0.0159809 -0.0231187
0 -0.00859894 -0.0161881 -0.0233852
0 -0.00867186 -0.0163742 -0.0236361
0 -0.00873996 -0.0165405 -0.023874
0 -0.00880653 -0.0166904 -0.0241004
0 -0.00887238 -0.0168275 -0.0243149
0 -0.00893588 -0.0169546 -0.0245155
0 -0.00899439 -0.0170737 -0.0246992
0 -0.00904584 -0.0171863 -0.0248637
0 -0.00908952 -0.0172927 -0.0250079
0 -0.0091256 -0.0173917 -0.0251315
0 -0.00915408 -0.0174798 -0.025234
0 -0.00917437 -0.0175515 -0.0253142
0 -0.00918551 -0.017601 -0.0253703
0 -0.00918642 -0.0176234 -0.0254004
0 -0.00917605 -0.0176154 -0.0254023
0 -0.00915362 -0.0175755 -0.0253736
0 -0.00911916 -0.0175051 -0.0253124
0 -0.00907341 -0.0174071 -0.0252173
0 -0.0090174 -0.0172852 -0.0250875
0 -0.00895231 -0.017143 -0.0249222
0 -0.00887956 -0.0169836 -0.0247216
0 -0.00880094 -0.0168092 -0.024487
0 -0.00871814 -0.0166211 -0.0242203
0 -0.00863191 -0.0164191 -0.0239238
0 -0.00854192 -0.0162021 -0.0235992
0 -0.00844746 -0.0159687 -0.0232488
0 -0.00834793 -0.0157183 -0.0228754
0 -0.00824278 -0.0154511 -0.0224828
0 -0.0081313 -0.0151678 -0.0220738
0 -0.0080128 -0.0148702 -0.0216504
0 -0.00788705 -0.0145602 -0.0212149
0 -0.00775451 -0.0142401 -0.020771
0 -0.00761647 -0.0139126 -0.0203217
0 -0.00747435 -0.0135805 -0.0198678
0 -0.00732984 -0.0132462 -0.019411
0 -0.00718546 -0.0129109 -0.0189544
0 -0.00704241 -0.0125757 -0.0184992
0 -0.00690015 -0.0122419 -0.0180462
0 -0.00676067 -0.0119116 -0.0175974
0 -0.00662774 -0.0115882 -0.0171552
0 -0.00650129 -0.0112733 -0.0167207
0 -0.00637896 -0.0109675 -0.0162949
0 -0.00626093 -0.0106718 -0.01588
0 -0.0061495 -0.0103891 -0.0154794
0 -0.0060467 -0.010123 -0.015097
0 -0.00595392 -0.00987707 -0.0147377
0 -0.00587236 -0.00965394 -0.0144064
0 -0.00580284 -0.00945592 -0.0141071
0 -0.00574468 -0.00928396 -0.0138422
0 -0.00569562 -0.00913769 -0.0136131
0 -0.00565362 -0.00901645 -0.0134215
0 -0.00561856 -0.00892031 -0.0132697
0 -0.00559175 -0.00885018 -0.0131601
0 -0.0055745 -0.00880708 -0.0130947
0 -0.00556759 -0.00879162 -0.0130747
0 -0.00557155 -0.00880418 -0.0131002
0 -0.00558685 -0.00884527 -0.0131704
0 -0.00561365 -0.00891553 -0.0132841
0 -0.00565181 -0.00901539 -0.0134394
0 -0.00570103 -0.00914463 -0.0136341
0 -0.00576115 -0.00930251 -0.0138657
0 -0.00583209 -0.00948782 -0.0141318
0 -0.00591336 -0.00969863 -0.0144298
0 -0.00600367 -0.00993184 -0.014756
0 -0.00610104 -0.0101831 -0.0151062
0 -0.00620322 -0.0104475 -0.0154757
0 -0.00630829 -0.0107203 -0.0158602
0 -0.00641507 -0.0109983 -0.0162555
0 -0.00652343 -0.0112791 -0.0166586
0 -0.00663369 -0.0115609 -0.0170664
0 -0.00674496 -0.0118425 -0.0174755
0 -0.00685554 -0.0121224 -0.0178816
0 -0.00696388 -0.0123974 -0.0182798
0 -0.00706723 -0.0126635 -0.0186648
0 -0.00716255 -0.0129165 -0.0190316
0 -0.00724993 -0.0131548 -0.0193772
0 -0.00733268 -0.0133784 -0.0197014
0 -0.0074133 -0.0135869 -0.0200032
0 -0.00749055 -0.0137785 -0.0202797
0 -0.00756133 -0.0139504 -0.0205268
0 -0.00762348 -0.0140997 -0.0207418
0 -0.0076757 -0.014225 -0.0209226
0 -0.00771703 -0.014326 -0.0210668
0 -0.00774735 -0.0144026 -0.0211737
0 -0.00776749 -0.0144545 -0.0212442
0 -0.00777876 -0.0144825 -0.0212796
0 -0.00778234 -0.0144875 -0.0212813
0 -0.00777876 -0.0144704 -0.0212504
0 -0.00776786 -0.0144319 -0.0211882
0 -0.00774948 -0.0143728 -0.0210963
0 -0.00772385 -0.0142949 -0.0209769
0 -0.00769144 -0.0142003 -0.0208323
0 -0.00765279 -0.0140911 -0.0206659
0 -0.0076088 -0.0139696 -0.0204814
0 -0.00756065 -0.013838 -0.020282
0 -0.00750938 -0.0136985 -0.0200706
0 -0.00745583 -0.0135535 -0.0198512
0 -0.00740112 -0.0134055 -0.0196278
0 -0.00734665 -0.0132566 -0.0194042
0 -0.00729351 -0.0131084 -0.0191831
0 -0.00724194 -0.0129634 -0.0189675
0 -0.00719203 -0.0128241 -0.0187609
0 -0.00714449 -0.0126922 -0.0185662
0 -0.00710019 -0.0125701 -0.0183862
0 -0.00705967 -0.0124597 -0.0182236
0 -0.00702347 -0.0123629 -0.0180805
0 -0.00699246 -0.012281 -0.017959
0 -0.0069675 -0.0122148 -0.0178604
0 -0.00694918 -0.0121651 -0.0177865
0 -0.00693757 -0.0121326 -0.0177379
0 -0.00693208 -0.0121171 -0.0177143
0 -0.00693164 -0.0121171 -0.0177148
0 -0.00693524 -0.0121312 -0.017738
0 -0.00694228 -0.0121585 -0.0177823
0 -0.00695264 -0.0121978 -0.0178463
0 -0.00696649 -0.012248 -0.0179283
0 -0.00698403 -0.0123079 -0.0180264
0 -0.00700531 -0.0123766 -0.0181386
0 -0.00703003 -0.0124528 -0.0182624
0 -0.00705727 -0.012535 -0.0183944
0 -0.0070856 -0.0126206 -0.0185312
0 -0.00711365 -0.0127073 -0.0186685
0 -0.00714093 -0.0127931 -0.0188033
0 -0.0071681 -0.0128774 -0.0189342
0 -0.00719646 -0.0129601 -0.0190604
0 -0.00722692 -0.0130413 -0.0191809
0 -0.00725942 -0.0131207 -0.0192948
0 -0.00729314 -0.0131974 -0.0194009
0 -0.00732699 -0.0132706 -0.0194983
0 -0.00735984 -0.0133397 -0.0195863
0 -0.00739047 -0.0134043 -0.0196646
0 -0.00741814 -0.0134632 -0.0197334
0 -0.00744255 -0.0135157 -0.0197931
0 -0.00746369 -0.0135617 -0.0198449
0 -0.00748244 -0.0136014 -0.0198904
0 -0.00750012 -0.0136359 -0.0199313
0 -0.00751728 -0.0136663 -0.0199691
0 -0.00753395 -0.0136938 -0.0200049
0 -0.00754966 -0.0137191 -0.0200386
0 -0.00756333 -0.0137423 -0.0200698
0 -0.00757369 -0.0137634 -0.020098
0 -0.00758007 -0.0137816 -0.0201226
0 -0.00758249 -0.0137964 -0.0201432
0 -0.0075815 -0.013807 -0.0201597
0 -0.00757813 -0.0138129 -0.0201722
0 -0.00757377 -0.0138142 -0.020181
0 -0.00756986 -0.0138115 -0.0201865
0 -0.00756749 -0.0138062 -0.0201891
0 -0.00756713 -0.0137997 -0.0201889
0 -0.00756869 -0.0137936 -0.020186
0 -0.00757156 -0.013789 -0.0201802
0 -0.00757473 -0.0137864 -0.0201713
0 -0.00757707 -0.0137853 -0.0201592
0 -0.00757776 -0.0137846 -0.0201439
0 -0.00757646 -0.0137829 -0.0201258
0 -0.00757323 -0.0137787 -0.0201057
0 -0.0075682 -0.0137704 -0.0200841
0 -0.00756135 -0.0137569 -0.0200611
0 -0.00755237 -0.0137372 -0.0200365
0 -0.00754074 -0.0137112 -0.0200095
0 -0.00752582 -0.0136788 -0.019979
0 -0.00750715 -0.0136406 -0.0199437
0 -0.00748478 -0.0135974 -0.0199025
0 -0.00745973 -0.0135506 -0.0198551
0 -0.00743384 -0.013502 -0.0198021
0 -0.0074092 -0.0134534 -0.0197441
0 -0.00738738 -0.013406 -0.019682
0 -0.00736873 -0.01336 -0.019616
0 -0.00735235 -0.0133148 -0.0195459
0 -0.00733704 -0.0132694 -0.0194717
0 -0.00732182 -0.0132228 -0.0193932
0 -0.00730603 -0.0131746 -0.0193113
0 -0.0072899 -0.0131252 -0.0192282
0 -0.00727443 -0.0130758 -0.0191461
0 -0.00726046 -0.013028 -0.0190676
0 -0.00724841 -0.0129833 -0.018995
0 -0.00723839 -0.0129427 -0.0189299
0 -0.00723001 -0.0129074 -0.0188736
0 -0.00722254 -0.0128781 -0.0188266
0 -0.00721514 -0.0128547 -0.0187892
0 -0.00720726 -0.0128369 -0.0187612
0 -0.00719889 -0.0128239 -0.0187427
0 -0.00719066 -0.0128155 -0.0187337
0 -0.00718371 -0.0128114 -0.0187342
0 -0.00717952 -0.0128122 -0.0187448
0 -0.00717958 -0.0128189 -0.0187656
0 -0.00718498 -0.0128329 -0.0187969
0 -0.00719622 -0.0128557 -0.0188384
0 -0.00721326 -0.0128887 -0.0188899
0 -0.00723535 -0.0129325 -0.0189508
0 -0.00726096 -0.0129864 -0.0190199
0 -0.00728801 -0.0130485 -0.0190956
0 -0.00731463 -0.0131159 -0.0191763
0 -0.00733961 -0.0131854 -0.0192607
0 -0.0073627 -0.013254 -0.0193478
0 -0.00738441 -0.0133199 -0.0194373
0 -0.00740559 -0.013382 -0.0195291
0 -0.0074271 -0.0134404 -0.0196227
0 -0.0074493 -0.0134955 -0.0197173
0 -0.00747192 -0.0135487 -0.0198115
0 -0.00749423 -0.0136011 -0.0199034
0 -0.00751488 -0.0136528 -0.0199911
0 -0.00753241 -0.0137032 -0.0200722
0 -0.007546 -0.0137506 -0.0201438
0 -0.00755581 -0.0137932 -0.0202048
0 -0.00756265 -0.0138295 -0.020255
0 -0.00756767 -0.0138584 -0.0202943
0 -0.00757225 -0.0138786 -0.0203227
0 -0.00757742 -0.0138903 -0.0203411
0 -0.00758341 -0.0138944 -0.0203496
0 -0.00758958 -0.0138923 -0.0203484
0 -0.00759483 -0.0138852 -0.0203376
0 -0.0075981 -0.0138743 -0.0203174
0 -0.00759865 -0.0138609 -0.0202888
0 -0.0075962 -0.0138457 -0.0202529
0 -0.00759101 -0.0138286 -0.0202114
0 -0.00758377 -0.0138095 -0.0201661
0 -0.00757525 -0.0137877 -0.0201188
0 -0.00756572 -0.0137624 -0.0200708
0 -0.00755449 -0.0137322 -0.0200222
0 -0.0075401 -0.0136959 -0.0199721
0 -0.007521 -0.0136522 -0.0199191
0 -0.00749618 -0.0136007 -0.0198616
0 -0.00746565 -0.0135418 -0.0197984
0 -0.00743041 -0.0134763 -0.0197291
0 -0.00739218 -0.0134054 -0.0196533
0 -0.00735277 -0.0133306 -0.0195708
0 -0.0073138 -0.0132529 -0.0194811
0 -0.00727642 -0.0131734 -0.0193844
0 -0.00724172 -0.0130934 -0.0192809
0 -0.00721094 -0.0130143 -0.0191717
0 -0.00718473 -0.012938 -0.0190585
0 -0.00716319 -0.0128663 -0.0189433
0 -0.00714604 -0.0128 -0.0188283
0 -0.00713187 -0.0127388 -0.0187148
0 -0.00711847 -0.0126815 -0.0186043
0 -0.00710387 -0.0126269 -0.018498
0 -0.00708692 -0.0125735 -0.0183974
0 -0.00706762 -0.0125206 -0.0183046
0 -0.00704734 -0.0124688 -0.0182224
0 -0.00702827 -0.0124202 -0.018154
0 -0.00701233 -0.0123774 -0.0181009
0 -0.00700036 -0.0123423 -0.0180642
0 -0.0069923 -0.0123169 -0.0180439
0 -0.00698789 -0.0123029 -0.0180392
0 -0.00698713 -0.0123022 -0.0180496
0 -0.00699005 -0.0123153 -0.0180745
0 -0.00699653 -0.0123415 -0.0181127
0 -0.00700636 -0.012379 -0.0181632
0 -0.00701965 -0.0124258 -0.0182249
0 -0.00703665 -0.0124801 -0.018297
0 -0.00705751 -0.0125395 -0.0183788
0 -0.00708207 -0.0126028 -0.0184692
0 -0.00710981 -0.012669 -0.0185668
0 -0.00713992 -0.0127379 -0.0186704
0 -0.00717137 -0.0128097 -0.0187785
0 -0.00720307 -0.012884 -0.0188894
0 -0.00723409 -0.0129607 -0.0190017
0 -0.00726384 -0.013039 -0.0191138
0 -0.00729211 -0.0131178 -0.0192247
0 -0.00731906 -0.0131957 -0.0193333
0 -0.00734503 -0.0132713 -0.0194387
0 -0.00737027 -0.0133429 -0.0195399
0 -0.00739472 -0.0134091 -0.0196361
0 -0.00741808 -0.0134691 -0.019726
0 -0.00743974 -0.0135226 -0.0198085
0 -0.00745893 -0.0135691 -0.0198823
0 -0.00747503 -0.0136087 -0.019946
0 -0.00748762 -0.0136412 -0.0199987
0 -0.00749687 -0.0136671 -0.02004
0 -0.00750375 -0.0136874 -0.0200705
0 -0.00750947 -0.0137028 -0.0200909
0 -0.0075145 -0.0137135 -0.0201018
0 -0.00751822 -0.0137186 -0.020103
0 -0.00751956 -0.0137174 -0.020094
0 -0.0075176 -0.0137087 -0.0200746
0 -0.00751155 -0.0136915 -0.0200445
0 -0.0075007 -0.0136652 -0.0200037
0 -0.00748455 -0.013629 -0.019952
0 -0.00746279 -0.0135823 -0.0198891
0 -0.00743549 -0.0135248 -0.0198148
0 -0.00740341 -0.0134571 -0.0197294
0 -0.00736818 -0.0133806 -0.0196337
0 -0.00733193 -0.0132976 -0.0195293
0 -0.00729631 -0.0132104 -0.0194173
0 -0.00726245 -0.0131219 -0.0192994
0 -0.00723132 -0.0130343 -0.0191771
0 -0.00720349 -0.0129501 -0.0190526
0 -0.00717906 -0.0128715 -0.0189278
0 -0.00715814 -0.0127998 -0.0188056
0 -0.00714087 -0.0127356 -0.0186887
0 -0.00712729 -0.0126797 -0.0185804
0 -0.0071174 -0.0126327 -0.0184836
0 -0.00711113 -0.0125948 -0.0184016
0 -0.00710826 -0.0125661 -0.0183371
0 -0.00710806 -0.0125466 -0.0182919
0 -0.00710936 -0.012536 -0.0182663
0 -0.00711089 -0.0125338 -0.0182602
0 -0.00711183 -0.0125392 -0.0182731
0 -0.00711193 -0.0125519 -0.0183038
0 -0.0071115 -0.0125717 -0.0183507
0 -0.00711125 -0.0125981 -0.018412
0 -0.00711219 -0.0126308 -0.0184854
0 -0.00711543 -0.0126691 -0.0185686
0 -0.00712208 -0.0127127 -0.0186593
0 -0.00713312 -0.0127617 -0.0187545
0 -0.00714923 -0.0128162 -0.0188523
0 -0.00717066 -0.0128763 -0.018951
0 -0.00719721 -0.0129419 -0.019049
0 -0.00722841 -0.0130126 -0.0191452
0 -0.00726381 -0.0130885 -0.0192396
0 -0.00730311 -0.0131693 -0.0193327
0 -0.00734594 -0.0132545 -0.019426
0 -0.00739184 -0.0133434 -0.0195206
0 -0.00743998 -0.0134348 -0.019618
0 -0.00748842 -0.0135276 -0.019719
0 -0.00753492 -0.01362 -0.0198239
0 -0.00757788 -0.0137101 -0.0199325
0 -0.00761598 -0.0137965 -0.0200446
0 -0.00764821 -0.013878 -0.0201593
0 -0.00767431 -0.0139535 -0.0202754
0 -0.00769452 -0.0140221 -0.0203914
0 -0.0077093 -0.0140833 -0.0205048
0 -0.0077193 -0.0141369 -0.020613
0 -0.00772542 -0.0141824 -0.020713
0 -0.00772874 -0.0142201 -0.0208022
0 -0.00773035 -0.0142504 -0.020878
0 -0.00773136 -0.0142739 -0.0209387
0 -0.0077328 -0.0142915 -0.0209828
0 -0.00773538 -0.0143036 -0.0210089
0 -0.0077394 -0.0143107 -0.0210166
0 -0.00774465 -0.0143125 -0.0210067
0 -0.00775025 -0.0143088 -0.0209798
0 -0.00775472 -0.0142985 -0.0209371
0 -0.00775624 -0.01428 -0.0208795
0 -0.00775309 -0.0142518 -0.0208087
0 -0.00774397 -0.0142127 -0.0207267
0 -0.00772837 -0.0141621 -0.0206347
0 -0.00770637 -0.0141003 -0.0205347
0 -0.00767842 -0.0140277 -0.020429
0 -0.00764508 -0.0139459 -0.0203192
0 -0.00760707 -0.0138565 -0.0202057
0 -0.00756511 -0.0137613 -0.0200889
0 -0.00752004 -0.0136621 -0.0199693
0 -0.007473 -0.0135608 -0.019847
0 -0.00742507 -0.0134589 -0.0197217
0 -0.00737703 -0.013357 -0.0195929
0 -0.00732924 -0.013255 -0.01946
0 -0.0072818 -0.0131522 -0.0193223
0 -0.00723481 -0.013048 -0.0191796
0 -0.00718851 -0.0129419 -0.0190321
0 -0.00714304 -0.0128339 -0.0188799
0 -0.00709817 -0.0127235 -0.0187236
0 -0.00705362 -0.0126108 -0.0185638
0 -0.00700914 -0.0124961 -0.0184011
0 -0.00696427 -0.0123801 -0.0182364
0 -0.00691848 -0.0122633 -0.0180702
0 -0.00687146 -0.0121462 -0.0179034
0 -0.00682332 -0.0120291 -0.017737
0 -0.00677473 -0.0119122 -0.0175717
0 -0.00672651 -0.0117959 -0.0174085
0 -0.00667877 -0.0116808 -0.0172485
0 -0.00663139 -0.0115674 -0.0170926
0 -0.00658502 -0.0114563 -0.0169415
0 -0.00654053 -0.0113484 -0.0167958
0 -0.00649824 -0.0112448 -0.016656
0 -0.0064584 -0.0111465 -0.0165229
0 -0.00642173 -0.0110549 -0.0163974
0 -0.00638904 -0.0109713 -0.0162808
0 -0.00636093 -0.0108971 -0.0161741
0 -0.00633774 -0.0108332 -0.0160789
0 -0.00631964 -0.0107803 -0.0159962
0 -0.00630686 -0.010739 -0.0159274
0 -0.00629964 -0.0107096 -0.0158741
0 -0.00629791 -0.0106928 -0.0158376
0 -0.00630132 -0.0106888 -0.015819
0 -0.0063096 -0.0106975 -0.0158194
0 -0.00632259 -0.0107192 -0.0158397
0 -0.00634003 -0.0107539 -0.0158804
0 -0.00636166 -0.0108016 -0.0159419
0 -0.00638737 -0.0108623 -0.0160242
0 -0.0064172 -0.0109357 -0.016127
0 -0.00645117 -0.0110218 -0.0162498
0 -0.00648946 -0.0111202 -0.0163919
0 -0.00653236 -0.0112307 -0.0165522
0 -0.00658001 -0.0113528 -0.0167296
0 -0.00663216 -0.0114858 -0.0169225
0 -0.00668821 -0.0116288 -0.017129
0 -0.00674769 -0.0117808 -0.017347
0 -0.00681014 -0.0119404 -0.0175744
0 -0.00687539 -0.012106 -0.017809
0 -0.00694335 -0.012276 -0.0180488
0 -0.00701282 -0.0124492 -0.0182921
0 -0.00708234 -0.0126239 -0.0185372
0 -0.00715173 -0.0127982 -0.018782
0 -0.00722149 -0.0129706 -0.019025
0 -0.00729175 -0.0131413 -0.0192653
0 -0.00736233 -0.0133103 -0.0195021
0 -0.00743316 -0.0134771 -0.0197343
0 -0.00750337 -0.0136404 -0.0199608
0 -0.00757088 -0.0137989 -0.0201797
0 -0.00763333 -0.0139501 -0.0203882
0 -0.00768877 -0.014091 -0.0205832
0 -0.007736 -0.0142182 -0.0207625
0 -0.0077744 -0.0143289 -0.0209239
0 -0.00780371 -0.014421 -0.021065
0 -0.00782438 -0.0144936 -0.0211845
0 -0.00783788 -0.0145464 -0.0212811
0 -0.00784594 -0.0145804 -0.0213536
0 -0.00784958 -0.0145969 -0.021401
0 -0.00784922 -0.0145982 -0.0214226
0 -0.0078452 -0.0145859 -0.021418
0 -0.00783788 -0.0145618 -0.0213874
0 -0.0078275 -0.0145273 -0.0213316
0 -0.00781426 -0.0144834 -0.0212526
0 -0.00779858 -0.0144308 -0.0211529
0 -0.00778094 -0.0143699 -0.0210358
0 -0.00776162 -0.0143007 -0.0209047
0 -0.00774052 -0.0142237 -0.0207638
0 -0.0077173 -0.0141396 -0.0206166
0 -0.00769147 -0.0140494 -0.0204652
0 -0.00766235 -0.0139538 -0.0203123
0 -0.00762929 -0.0138544 -0.0201606
0 -0.00759194 -0.0137528 -0.020012
0 -0.0075504 -0.0136501 -0.0198679
0 -0.00750545 -0.0135474 -0.0197292
0 -0.00745844 -0.0134458 -0.0195969
0 -0.00741105 -0.0133466 -0.0194719
0 -0.00736511 -0.0132511 -0.0193546
0 -0.00732216 -0.0131604 -0.0192453
0 -0.00728331 -0.0130761 -0.0191442
0 -0.00724957 -0.0129996 -0.0190514
0 -0.00722161 -0.0129323 -0.0189669
0 -0.00719946 -0.0128751 -0.0188909
0 -0.00718275 -0.0128287 -0.0188233
0 -0.00717096 -0.0127929 -0.0187644
0 -0.0071635 -0.0127673 -0.0187147
0 -0.00715975 -0.0127508 -0.0186748
0 -0.00715921 -0.0127425 -0.0186454
0 -0.00716138 -0.0127411 -0.0186273
0 -0.00716559 -0.0127454 -0.0186209
0 -0.0071709 -0.012754 -0.0186259
0 -0.00717627 -0.0127658 -0.0186417
0 -0.00718076 -0.01278 -0.0186672
0 -0.00718369 -0.0127957 -0.0187009
0 -0.00718467 -0.0128124 -0.018741
0 -0.00718367 -0.0128294 -0.0187854
0 -0.00718113 -0.0128465 -0.0188323
0 -0.00717803 -0.0128635 -0.0188797
0 -0.0071758 -0.0128808 -0.0189265
0 -0.00717589 -0.0128989 -0.0189715
0 -0.00717938 -0.0129183 -0.0190138
0 -0.00718681 -0.0129397 -0.0190528
0 -0.00719826 -0.0129635 -0.0190878
0 -0.00721338 -0.01299 -0.019119
0 -0.00723157 -0.0130194 -0.0191465
0 -0.00725208 -0.0130514 -0.0191714
0 -0.00727412 -0.0130858 -0.0191947
0 -0.00729701 -0.013122 -0.0192181
0 -0.00732022 -0.0131594 -0.0192434
0 -0.00734332 -0.0131977 -0.0192723
0 -0.00736603 -0.0132364 -0.0193064
0 -0.00738795 -0.0132755 -0.019347
0 -0.0074085 -0.013315 -0.0193949
0 -0.00742746 -0.0133553 -0.0194503
0 -0.00744499 -0.0133969 -0.0195133
0 -0.00746109 -0.0134401 -0.0195833
0 -0.00747602 -0.0134855 -0.0196598
0 -0.00749047 -0.0135334 -0.0197416
0 -0.00750522 -0.0135839 -0.0198276
0 -0.00752102 -0.013637 -0.0199167
0 -0.00753855 -0.0136929 -0.020008
0 -0.00755841 -0.0137515 -0.0201006
0 -0.00758109 -0.0138124 -0.0201934
0 -0.00760651 -0.0138749 -0.0202849
0 -0.00763395 -0.0139387 -0.0203741
0 -0.00766252 -0.0140031 -0.0204605
0 -0.00769151 -0.0140672 -0.0205431
0 -0.00772017 -0.0141296 -0.0206214
0 -0.00774748 -0.0141896 -0.0206952
0 -0.00777262 -0.0142462 -0.0207642
0 -0.00779517 -0.0142982 -0.0208284
0 -0.00781478 -0.0143445 -0.0208875
0 -0.00783103 -0.0143842 -0.0209411
0 -0.00784359 -0.0144167 -0.0209888
0 -0.00785219 -0.0144417 -0.0210298
0 -0.00785674 -0.0144589 -0.0210633
0 -0.00785724 -0.0144682 -0.0210884
0 -0.00785377 -0.0144699 -0.0211039
0 -0.00784646 -0.0144638 -0.0211091
0 -0.00783558 -0.0144501 -0.0211029
0 -0.00782146 -0.0144285 -0.021084
0 -0.00780449 -0.014399 -0.0210518
0 -0.00778501 -0.0143614 -0.0210061
0 -0.00776325 -0.0143156 -0.0209464
0 -0.00773943 -0.0142616 -0.0208728
0 -0.00771362 -0.0141994 -0.0207856
0 -0.00768563 -0.0141293 -0.0206853
0 -0.00765513 -0.0140514 -0.0205725
0 -0.00762197 -0.013966 -0.0204477
0 -0.00758611 -0.0138735 -0.0203119
0 -0.00754745 -0.0137746 -0.0201664
0 -0.00750592 -0.0136698 -0.0200128
0 -0.00746174 -0.0135599 -0.0198522
0 -0.00741531 -0.0134451 -0.0196861
0 -0.00736711 -0.0133261 -0.019516
0 -0.00731762 -0.0132036 -0.0193429
0 -0.00726707 -0.0130784 -0.0191679
0 -0.00721564 -0.0129513 -0.018992
0 -0.00716348 -0.0128236 -0.0188164
0 -0.00711094 -0.012696 -0.0186419
0 -0.00705845 -0.0125697 -0.0184694
0 -0.00700648 -0.0124456 -0.0182997
0 -0.00695555 -0.0123246 -0.0181338
0 -0.00690618 -0.0122076 -0.0179725
0 -0.00685873 -0.0120952 -0.0178165
0 -0.00681367 -0.0119873 -0.0176661
0 -0.00677157 -0.0118842 -0.0175218
0 -0.00673241 -0.0117863 -0.0173844
0 -0.00669529 -0.0116937 -0.0172541
0 -0.0066596 -0.011606 -0.0171311
0 -0.00662547 -0.0115232 -0.0170155
0 -0.00659315 -0.0114456 -0.0169077
0 -0.00656286 -0.0113737 -0.0168083
0 -0.00653518 -0.011308 -0.0167181
0 -0.00651103 -0.0112495 -0.0166381
0 -0.00649122 -0.0111991 -0.016569
0 -0.00647621 -0.0111578 -0.0165116
0 -0.00646601 -0.0111265 -0.0164663
0 -0.00646023 -0.0111055 -0.0164337
0 -0.00645846 -0.011095 -0.0164137
0 -0.00646026 -0.0110945 -0.0164066
0 -0.00646505 -0.0111035 -0.0164121
0 -0.00647237 -0.0111212 -0.0164302
0 -0.00648214 -0.0111467 -0.016461
0 -0.00649461 -0.0111796 -0.0165045
0 -0.00651018 -0.0112196 -0.0165608
0 -0.00652928 -0.011267 -0.01663
0 -0.00655214 -0.011322 -0.0167116
0 -0.00657865 -0.011385 -0.0168051
0 -0.00660857 -0.0114562 -0.0169099
0 -0.00664169 -0.0115359 -0.0170252
0 -0.00667782 -0.0116242 -0.0171501
0 -0.00671675 -0.0117206 -0.0172839
0 -0.00675813 -0.0118243 -0.0174257
0 -0.0068016 -0.0119337 -0.0175744
0 -0.00684714 -0.0120476 -0.0177292
0 -0.00689485 -0.012165 -0.0178892
0 -0.00694411 -0.0122844 -0.0180534
0 -0.00699377 -0.0124049 -0.018221
0 -0.00704334 -0.0125256 -0.0183909
0 -0.00709292 -0.0126462 -0.0185622
0 -0.0071425 -0.0127662 -0.0187337
0 -0.0071917 -0.0128856 -0.0189046
0 -0.0072402 -0.0130043 -0.0190737
0 -0.00728797 -0.013122 -0.0192403
0 -0.00733518 -0.0132384 -0.0194034
0 -0.00738185 -0.013353 -0.0195622
0 -0.00742767 -0.0134647 -0.0197161
0 -0.00747226 -0.0135728 -0.0198645
0 -0.00751547 -0.0136767 -0.0200069
0 -0.00755708 -0.0137756 -0.0201427
0 -0.00759656 -0.0138686 -0.0202712
0 -0.00763351 -0.0139552 -0.0203918
0 -0.00766793 -0.0140356 -0.0205043
0 -0.00769976 -0.0141094 -0.0206081
0 -0.00772852 -0.0141765 -0.0207027
0 -0.00775383 -0.0142368 -0.0207877
0 -0.00777572 -0.0142902 -0.0208628
0 -0.00779439 -0.0143366 -0.0209277
0 -0.00780987 -0.0143756 -0.0209822
0 -0.00782217 -0.0144071 -0.021026
0 -0.00783136 -0.0144308 -0.0210593
0 -0.00783753 -0.0144466 -0.0210818
0 -0.00784073 -0.0144543 -0.0210933
0 -0.00784083 -0.014454 -0.0210939
0 -0.00783764 -0.0144458 -0.0210834
0 -0.00783103 -0.0144298 -0.0210618
0 -0.00782098 -0.0144059 -0.0210292
0 -0.00780748 -0.0143745 -0.0209857
0 -0.00779066 -0.0143356 -0.0209317
0 -0.00777072 -0.0142896 -0.0208678
0 -0.00774796 -0.0142366 -0.020794
0 -0.00772265 -0.014177 -0.020711
0 -0.00769498 -0.0141111 -0.0206195
0 -0.00766518 -0.0140394 -0.02052
0 -0.00763355 -0.0139625 -0.0204131
0 -0.00760035 -0.0138812 -0.0202996
0 -0.00756565 -0.0137959 -0.0201801
0 -0.00752954 -0.0137075 -0.0200555
0 -0.00749229 -0.0136167 -0.0199265
0 -0.00745429 -0.013524 -0.0197943
0 -0.00741592 -0.0134299 -0.0196598
0 -0.00737757 -0.0133351 -0.0195242
0 -0.00733959 -0.01324 -0.0193882
0 -0.00730215 -0.0131452 -0.0192529
0 -0.00726532 -0.0130514 -0.0191193
0 -0.0072292 -0.0129593 -0.0189884
0 -0.00719383 -0.0128696 -0.0188612
0 -0.00715924 -0.0127827 -0.0187384
0 -0.00712563 -0.0126993 -0.018621
0 -0.00709332 -0.0126201 -0.0185098
0 -0.00706259 -0.0125456 -0.0184055
0 -0.00703376 -0.0124762 -0.0183087
0 -0.00700716 -0.0124123 -0.01822
0 -0.00698312 -0.0123544 -0.0181401
0 -0.00696191 -0.0123029 -0.0180693
0 -0.00694374 -0.0122584 -0.0180081
0 -0.00692873 -0.0122211 -0.0179565
0 -0.00691692 -0.012191 -0.0179146
0 -0.00690831 -0.0121684 -0.0178829
0 -0.00690286 -0.0121536 -0.0178612
0 -0.00690051 -0.0121467 -0.0178498
0 -0.00690118 -0.0121474 -0.0178485
0 -0.00690482 -0.0121554 -0.0178576
0 -0.00691134 -0.0121707 -0.0178769
0 -0.00692064 -0.012193 -0.0179063
0 -0.00693256 -0.0122218 -0.0179455
0 -0.00694693 -0.0122567 -0.0179942
0 -0.00696353 -0.0122975 -0.018052
0 -0.00698214 -0.0123438 -0.0181183
0 -0.00700253 -0.0123953 -0.0181925
0 -0.00702454 -0.0124516 -0.0182737
0 -0.00704802 -0.0125123 -0.0183613
0 -0.00707288 -0.0125766 -0.0184545
0 -0.007099 -0.0126442 -0.0185521
0 -0.00712628 -0.0127144 -0.0186533
0 -0.00715459 -0.0127866 -0.0187572
0 -0.00718376 -0.0128605 -0.0188629
0 -0.00721357 -0.0129352 -0.0189694
0 -0.00724376 -0.0130103 -0.0190758
0 -0.00727405 -0.0130851 -0.0191813
0 -0.00730416 -0.0131593 -0.0192851
0 -0.00733385 -0.0132322 -0.0193864
0 -0.00736285 -0.0133031 -0.0194846
0 -0.00739076 -0.0133713 -0.0195791
0 -0.00741736 -0.0134363 -0.0196692
0 -0.00744252 -0.0134977 -0.0197545
0 -0.00746582 -0.0135548 -0.0198345
0 -0.00748702 -0.0136072 -0.0199086
0 -0.00750614 -0.0136546 -0.0199765
0 -0.00752289 -0.0136967 -0.0200379
0 -0.00753705 -0.013733 -0.0200918
0 -0.00754869 -0.0137634 -0.0201377
0 -0.0075579 -0.0137879 -0.0201755
0 -0.00756457 -0.0138065 -0.0202048
0 -0.00756867 -0.0138191 -0.0202252
0 -0.00757039 -0.0138257 -0.0202366
0 -0.00756988 -0.0138262 -0.0202388
0 -0.00756723 -0.0138208 -0.020232
0 -0.00756248 -0.0138095 -0.0202161
0 -0.00755574 -0.0137925 -0.0201915
0 -0.00754708 -0.01377 -0.0201584
0 -0.00753652 -0.0137422 -0.0201172
0 -0.00752406 -0.0137094 -0.0200685
0 -0.0075097 -0.0136717 -0.0200126
0 -0.00749347 -0.0136296 -0.0199503
0 -0.00747544 -0.0135833 -0.0198822
0 -0.00745568 -0.0135332 -0.0198089
0 -0.00743437 -0.0134797 -0.0197314
0 -0.00741178 -0.0134234 -0.0196503
0 -0.00738818 -0.0133645 -0.0195661
0 -0.00736375 -0.0133035 -0.0194797
