0 -2.44443e-05 -6.37601e-05 -8.43751e-05
0 -1.11087e-05 -4.01499e-05 -5.66228e-05
0 6.345e-06 -6.6193e-06 -1.80604e-05
0 2.29537e-05 3.25431e-05 2.84827e-05
0 3.82412e-05 7.43868e-05 8.25957e-05
0 5.33715e-05 0.000116676 0.000142935
0 6.80052e-05 0.000157399 0.000205001
0 8.36032e-05 0.000197761 0.000265655
0 0.000102324 0.000240824 0.000323781
0 0.000121448 0.000284352 0.000375915
0 0.000136795 0.000322154 0.00041872
0 0.000150851 0.000353865 0.000455855
0 0.000167623 0.000383648 0.00049313
0 0.000180917 0.000408788 0.000526467
0 0.000179573 0.000418962 0.000544086
0 0.000161734 0.000406125 0.000538325
0 0.000135418 0.000368937 0.000507217
0 0.000108035 0.000310606 0.000448468
0 8.39758e-05 0.000240431 0.000362514
0 7.04308e-05 0.000176435 0.000262155
0 6.84643e-05 0.000130583 0.000164118
0 6.52784e-05 9.54173e-05 7.67536e-05
0 5.66056e-05 6.53206e-05 1.40301e-05
0 5.46884e-05 5.15572e-05 -2.02719e-06
0 6.31728e-05 6.43687e-05 3.36707e-05
0 7.4408e-05 0.000104311 0.000107522
0 8.3961e-05 0.000164419 0.000202989
0 8.79608e-05 0.00022585 0.00029917
0 8.37286e-05 0.000264715 0.000373089
0 7.72425e-05 0.000271844 0.000411746
0 7.62176e-05 0.000257043 0.000411043
0 7.74434e-05 0.000230215 0.000367837
0 6.65272e-05 0.00018631 0.000278368
0 3.66353e-05 0.00011513 0.000149807
0 1.97581e-06 2.23241e-05 9.45385e-06
0 -2.61357e-05 -7.7085e-05 -0.000119157
0 -5.31218e-05 -0.000170198 -0.00023144
0 -7.71771e-05 -0.000236885 -0.000319142
0 -9.36344e-05 -0.000267797 -0.000373103
0 -0.000116069 -0.00028764 -0.000406331
0 -0.000149236 -0.00032035 -0.000431527
0 -0.000162601 -0.000345504 -0.000431643
0 -0.000121807 -0.000313328 -0.000378431
0 -3.13073e-05 -0.000193998 -0.000261982
0 6.65651e-05 -7.26861e-06 -9.42449e-05
0 0.000134598 0.000194923 0.00011188
0 0.000170377 0.00036439 0.000349921
0 0.000176935 0.000466435 0.000586392
0 0.000131976 0.00046974 0.000740155
0 2.36449e-05 0.000355851 0.000725373
0 -0.000119967 0.000132578 0.000501172
0 -0.000252315 -0.000171077 8.52237e-05
0 -0.000320179 -0.000494996 -0.000442501
0 -0.000303921 -0.00076572 -0.000971873
0 -0.000261001 -0.000947479 -0.00141357
0 -0.000270939 -0.00105829 -0.00170838
0 -0.000361079 -0.0011436 -0.00182066
0 -0.000492815 -0.00122191 -0.00175038
0 -0.000599688 -0.00126784 -0.00155156
0 -0.000646203 -0.00125108 -0.00132602
0 -0.000636482 -0.00116841 -0.00117212
0 -0.000576507 -0.00104399 -0.00112189
0 -0.000463489 -0.00090813 -0.00113022
0 -0.000312591 -0.000777112 -0.00111969
0 -0.000166073 -0.000644238 -0.00102947
0 -6.0619e-05 -0.000481089 -0.000827182
0 7.48348e-06 -0.000255913 -0.000498507
0 7.14034e-05 3.84351e-05 -5.14452e-05
0 0.000143368 0.000360657 0.000459039
0 0.000197621 0.000632551 0.000926875
0 0.000211636 0.000792994 0.00124778
0 0.000198428 0.000832144 0.00136958
0 0.000195457 0.000784389 0.00129915
0 0.00023135 0.000706 0.00109322
0 0.00030166 0.00064406 0.000834607
0 0.000370773 0.000611105 0.000600995
0 0.000403089 0.000597348 0.000457072
0 0.000397535 0.000603019 0.00045628
0 0.000376787 0.00064017 0.000612435
0 0.000354327 0.00071584 0.000878078
0 0.000335266 0.000825237 0.00117208
0 0.000331938 0.000952406 0.00142077
0 0.000365425 0.00108116 0.00158767
0 0.000446747 0.0012009 0.00167594
0 0.000548573 0.00129666 0.00169961
0 0.000622551 0.00135334 0.00167675
0 0.000644915 0.00136892 0.00164032
0 0.000616784 0.00134255 0.00161459
0 0.000547845 0.00126712 0.00159209
0 0.000459994 0.00114951 0.00154815
0 0.000372547 0.00100519 0.00144904
0 0.000273501 0.000819811 0.00124217
0 0.000134945 0.000549846 0.000879561
0 -3.69264e-05 0.000174757 0.000365371
0 -0.00020088 -0.000269787 -0.000239825
0 -0.000319421 -0.000708335 -0.000854338
0 -0.000382282 -0.00105726 -0.00139782
0 -0.000403354 -0.0012543 -0.0017877
0 -0.000393918 -0.0012852 -0.00194627
0 -0.000367981 -0.00118627 -0.0018436
0 -0.000365956 -0.00103404 -0.00154003
0 -0.000428967 -0.000918603 -0.00117382
0 -0.000554188 -0.000898334 -0.000895802
0 -0.000698739 -0.000990951 -0.000820869
0 -0.000814006 -0.00118453 -0.00100725
0 -0.000852504 -0.00142722 -0.00142256
0 -0.000785666 -0.00163655 -0.00194163
0 -0.000647046 -0.00174459 -0.00240392
0 -0.0005159 -0.00173467 -0.00266589
0 -0.000444477 -0.00162409 -0.00262493
0 -0.000430489 -0.00142866 -0.00225383
0 -0.000455136 -0.00117759 -0.00164291
0 -0.000487026 -0.000902777 -0.000958691
0 -0.000435244 -0.000573664 -0.000311859
0 -0.000191347 -9.73404e-05 0.000300774
0 0.000248756 0.000586284 0.000929239
0 0.000775885 0.00143835 0.00163283
0 0.00126677 0.0023584 0.00248219
0 0.00161616 0.00321119 0.00349414
0 0.00173154 0.00382993 0.00455423
0 0.00160884 0.0041059 0.00544931
0 0.00136595 0.00406224 0.0059748
0 0.00114134 0.00379151 0.00597741
0 0.000985654 0.00334791 0.00536292
0 0.000884764 0.00275266 0.00418556
0 0.00085627 0.00209141 0.00272659
0 0.00091074 0.0014941 0.00136819
0 0.000947435 0.00101049 0.00037863
0 0.000808083 0.000620299 -0.000164196
0 0.000428352 0.00026692 -0.000333578
0 -0.000113978 -0.000158354 -0.00030618
0 -0.000664954 -0.000697057 -0.000318878
0 -0.00107111 -0.0012758 -0.000588223
0 -0.00124154 -0.00178386 -0.00122025
0 -0.00118502 -0.00214985 -0.00215407
0 -0.00100914 -0.00240024 -0.00319159
0 -0.000886136 -0.00263056 -0.00409478
0 -0.000968024 -0.00295319 -0.00468878
0 -0.00129127 -0.00340513 -0.00493997
0 -0.0017681 -0.0039085 -0.00495892
0 -0.00223531 -0.00435162 -0.00493612
0 -0.00250576 -0.00462655 -0.00501681
0 -0.00244734 -0.00464699 -0.0052064
0 -0.00205353 -0.00437479 -0.00536811
0 -0.00144111 -0.00380147 -0.00527204
0 -0.000787459 -0.00294918 -0.00468997
0 -0.00026196 -0.00190198 -0.00351285
0 2.86674e-05 -0.000805646 -0.00183484
0 8.18568e-05 0.000175078 6.24136e-05
0 3.30657e-05 0.000925125 0.00182895
0 0.000109992 0.00153886 0.00321908
0 0.00046712 0.00222569 0.00414316
0 0.00106882 0.0030147 0.00462615
0 0.0017365 0.00383496 0.00483122
0 0.00227752 0.0045713 0.00501414
0 0.00257101 0.00507383 0.00539364
0 0.002583 0.00531377 0.00602958
0 0.00236744 0.00534888 0.00678777
0 0.00206082 0.00527915 0.00743537
0 0.00181426 0.00519532 0.0077419
0 0.00168569 0.00504583 0.0075288
0 0.00161273 0.00467895 0.00671772
0 0.00148945 0.00398092 0.00537321
0 0.00124267 0.00294431 0.00368232
0 0.000843675 0.0016713 0.00186084
0 0.000304888 0.000297312 7.89903e-05
0 -0.000321618 -0.00104714 -0.00153951
0 -0.000929174 -0.00222407 -0.00291541
0 -0.00139884 -0.00315925 -0.00402329
0 -0.00172361 -0.00386175 -0.00488754
0 -0.00194476 -0.00434792 -0.00553851
0 -0.0020536 -0.00462747 -0.00595954
0 -0.00206141 -0.00470799 -0.00611735
0 -0.00200547 -0.00461119 -0.00601626
0 -0.00190993 -0.0043715 -0.00568312
0 -0.00175994 -0.00397846 -0.0051247
0 -0.00151703 -0.00341019 -0.0043518
0 -0.00120701 -0.00270943 -0.00343521
0 -0.000898556 -0.00196152 -0.00247555
0 -0.000616125 -0.00124214 -0.00154279
0 -0.000345842 -0.000589751 -0.000668892
0 -7.07925e-05 9.06293e-07 0.000133478
0 0.00020631 0.000558155 0.000856547
0 0.000472565 0.00110742 0.00150479
0 0.000725703 0.00165147 0.00210483
0 0.000969445 0.00218002 0.00270048
0 0.00120278 0.00268304 0.00332331
0 0.00140107 0.00314102 0.00395713
0 0.00152929 0.00352636 0.00454436
0 0.00157179 0.00379985 0.00500788
0 0.00153056 0.00390512 0.00526123
0 0.00139874 0.00376956 0.00520323
0 0.00114998 0.00331587 0.00472322
0 0.000780132 0.00251523 0.00375738
0 0.000345909 0.00143734 0.00235051
0 -8.71173e-05 0.000211752 0.000635808
0 -0.000532786 -0.0010816 -0.00124693
0 -0.00102413 -0.00240609 -0.00316775
0 -0.00152649 -0.00366799 -0.00495054
0 -0.00196638 -0.00473594 -0.00638057
0 -0.00224356 -0.00546349 -0.0072802
0 -0.00230936 -0.00571994 -0.00757365
0 -0.00222841 -0.00550839 -0.00730472
0 -0.00205997 -0.00493394 -0.00656636
0 -0.0017975 -0.00410711 -0.0054414
0 -0.00142063 -0.00311933 -0.00402532
0 -0.000940907 -0.00202238 -0.0024563
0 -0.00043652 -0.000878425 -0.000909569
0 -2.35445e-05 0.000177829 0.000447454
0 0.000223844 0.000986292 0.00149161
0 0.000334411 0.0014495 0.00215921
0 0.000411288 0.00159859 0.00247094
0 0.000547454 0.00161783 0.00252854
0 0.000777866 0.00172468 0.00246644
0 0.00105445 0.00200868 0.00242355
0 0.00130621 0.00243117 0.00254994
0 0.00152087 0.00291459 0.0029854
0 0.00171617 0.00342367 0.00379186
0 0.00189746 0.00398969 0.00489713
0 0.00203714 0.00461937 0.00609692
0 0.00206875 0.00518795 0.00710189
0 0.00192275 0.0054324 0.00759921
0 0.00158948 0.00509568 0.00735219
0 0.00114867 0.00412652 0.00628533
0 0.000671241 0.00267081 0.00444167
0 0.000120609 0.000901221 0.00191402
0 -0.00059964 -0.00108305 -0.00111258
0 -0.00145854 -0.00322215 -0.00430999
0 -0.00226743 -0.00533164 -0.00726605
0 -0.00293357 -0.00715843 -0.00965323
0 -0.0034631 -0.00852906 -0.0113109
0 -0.00379938 -0.00924999 -0.0121533
0 -0.00386242 -0.00920871 -0.0121174
0 -0.00358035 -0.00845089 -0.0111805
0 -0.00294732 -0.00706016 -0.00940348
0 -0.00207041 -0.00516745 -0.00693738
0 -0.00106893 -0.0029068 -0.00397224
0 -4.48572e-05 -0.000422363 -0.000724921
0 0.000852466 0.00202107 0.00255976
0 0.00158688 0.00419597 0.00564025
0 0.00224503 0.00602289 0.00829489
0 0.00277736 0.00740875 0.010326
0 0.00315675 0.00832953 0.0116108
0 0.00343899 0.00885136 0.0121469
0 0.00360337 0.00899179 0.0120425
0 0.00365985 0.00879877 0.011475
0 0.00361074 0.00834072 0.0106294
0 0.00340337 0.00766402 0.00964747
0 0.00304451 0.00683848 0.00861097
0 0.0025604 0.00589424 0.00752829
0 0.00196109 0.00479764 0.00632594
0 0.00129833 0.00352475 0.00490403
0 0.000641667 0.00210017 0.00321189
0 4.51766e-05 0.000607278 0.00127467
0 -0.000494389 -0.000872929 -0.000825693
0 -0.00104118 -0.00234757 -0.00299384
0 -0.00164137 -0.00382917 -0.00512072
0 -0.00231027 -0.00529433 -0.00707358
0 -0.00300149 -0.00671223 -0.00874354
0 -0.00361541 -0.0079642 -0.0100906
0 -0.00410147 -0.00893337 -0.0111436
0 -0.00443269 -0.00958087 -0.0119361
0 -0.00455451 -0.00987065 -0.0124322
0 -0.0044264 -0.00978243 -0.0125235
0 -0.00406165 -0.00930248 -0.0121006
0 -0.00353599 -0.00841685 -0.0111098
0 -0.00292963 -0.00714402 -0.00954368
0 -0.00226188 -0.00552541 -0.00743567
0 -0.00151461 -0.00363316 -0.00487997
0 -0.000675178 -0.00156226 -0.0020338
0 0.000219591 0.000583464 0.000906503
0 0.00106582 0.00268372 0.00374223
0 0.0018213 0.0046345 0.0062959
0 0.00247162 0.00629333 0.00842147
0 0.00293036 0.00749205 0.0100175
0 0.00319396 0.00817995 0.0110188
0 0.00330138 0.00839406 0.0113966
0 0.00326848 0.00822613 0.0111899
0 0.00317232 0.00781863 0.0105123
0 0.00305418 0.00726571 0.00952362
0 0.0028891 0.00660641 0.00838646
0 0.00265827 0.00586585 0.00723744
0 0.00234113 0.00506323 0.00617028
0 0.00194705 0.00423861 0.00522384
0 0.00152093 0.00343032 0.00437332
0 0.00108737 0.00263668 0.00353873
0 0.000664694 0.00183397 0.00262738
0 0.000262047 0.000982903 0.00156655
0 -0.000146637 3.92127e-05 0.000318719
0 -0.000596823 -0.00102658 -0.00111391
0 -0.00109506 -0.00221301 -0.00269366
0 -0.00162067 -0.0034616 -0.00434355
0 -0.00214912 -0.00469007 -0.0059575
0 -0.00262712 -0.00581036 -0.00741507
0 -0.0029844 -0.00670484 -0.00859138
0 -0.00317267 -0.0072609 -0.00936788
0 -0.00315342 -0.00738543 -0.00963048
0 -0.00291259 -0.00701395 -0.00928521
0 -0.00248426 -0.00615802 -0.00829583
0 -0.00192432 -0.00489182 -0.00669839
0 -0.00128098 -0.00331639 -0.00459512
0 -0.000589424 -0.00154893 -0.00215088
0 0.000119568 0.000296636 0.000436818
0 0.000813867 0.00212226 0.00299317
0 0.00152054 0.00389879 0.00538881
0 0.00225116 0.00558896 0.00752001
0 0.00289112 0.00704603 0.00930101
0 0.00336256 0.00816123 0.0106782
0 0.0036432 0.00886924 0.0116121
0 0.00367259 0.0090819 0.0120285
0 0.00343414 0.00875383 0.0118131
0 0.00297741 0.00789317 0.0108925
0 0.00243313 0.00662856 0.0093329
0 0.00197431 0.0052052 0.00733293
0 0.00165787 0.00383832 0.00514786
0 0.00144052 0.00267954 0.00307274
0 0.00128153 0.00181441 0.00141929
0 0.0011396 0.00124995 0.000433205
0 0.000985693 0.000993699 0.000206398
0 0.000830899 0.00103714 0.000650858
0 0.000729182 0.00133564 0.00157108
0 0.000777446 0.00190509 0.00275386
0 0.00106221 0.00277424 0.00403901
0 0.00159137 0.00389722 0.00534396
0 0.00228952 0.0051937 0.00666605
0 0.00302928 0.00656905 0.00806445
0 0.00369213 0.00793012 0.00960566
0 0.0042142 0.00921547 0.0113098
0 0.0045435 0.010331 0.0130554
0 0.00461648 0.0111066 0.0145487
0 0.00441607 0.0113615 0.0154287
0 0.0039764 0.0109429 0.0153593
0 0.00331671 0.00972758 0.0140668
0 0.00240983 0.00763073 0.0113813
0 0.00122111 0.00463652 0.00730043
0 -0.000252268 0.000826964 0.00201441
0 -0.00210009 -0.00369069 -0.00415783
0 -0.00427028 -0.00874155 -0.0108398
0 -0.00647763 -0.0139527 -0.0176229
0 -0.0087211 -0.0190262 -0.0241556
0 -0.0109729 -0.0238133 -0.0302093
0 -0.0130145 -0.0280664 -0.0356389
0 -0.0148969 -0.0316911 -0.0403574
0 -0.0166539 -0.0348255 -0.0443153
0 -0.0181884 -0.037526 -0.0475211
0 -0.019517 -0.039764 -0.0500225
0 -0.0205976 -0.041506 -0.051837
0 -0.021255 -0.0426334 -0.0529719
0 -0.0214397 -0.0430109 -0.053418
0 -0.0211568 -0.0425934 -0.0531119
0 -0.0203227 -0.0412888 -0.0518855
0 -0.01895 -0.0389698 -0.0494674
0 -0.0171115 -0.0355781 -0.0456145
0 -0.0149106 -0.0311133 -0.0401972
0 -0.0125351 -0.0257236 -0.0332676
0 -0.0100938 -0.019657 -0.0250696
0 -0.00763564 -0.0131123 -0.0159399
0 -0.00508289 -0.00631171 -0.00629278
0 -0.00222129 0.000617604 0.00335574
0 0.000921391 0.00764629 0.0125328
0 0.00419498 0.0144084 0.0208687
0 0.00724233 0.0203735 0.028109
0 0.00965928 0.0252296 0.0340565
0 0.0113974 0.0286346 0.0383111
0 0.0121015 0.0302073 0.0405511
0 0.0116506 0.030026 0.0408373
0 0.0106902 0.0284952 0.0394144
0 0.00953577 0.0258045 0.0363937
0 0.00809216 0.0220878 0.031645
0 0.0064639 0.0176848 0.025323
0 0.00493538 0.0130542 0.0181384
0 0.00366707 0.00861941 0.0108974
0 0.00243944 0.00442849 0.00405697
0 0.000809197 0.000157657 -0.00219253
0 -0.00134495 -0.0042426 -0.0076364
0 -0.00366854 -0.00848704 -0.0121967
0 -0.00571476 -0.0123511 -0.0159445
0 -0.00713438 -0.0153879 -0.0189135
0 -0.0077283 -0.0170789 -0.0211503
0 -0.00757695 -0.0174322 -0.0226032
0 -0.00694341 -0.0167432 -0.0230571
0 -0.00605169 -0.0152979 -0.0222244
0 -0.0050337 -0.0133456 -0.0198859
0 -0.00399816 -0.0109075 -0.016079
0 -0.00300642 -0.0078936 -0.011141
0 -0.00199659 -0.0043556 -0.0055648
0 -0.000854105 -0.000510806 0.00016666
0 0.000429268 0.00327669 0.00561916
0 0.00177581 0.00670295 0.0104076
0 0.00309694 0.00962934 0.0142405
0 0.00431547 0.0120254 0.0171085
0 0.0055054 0.0141302 0.0193497
0 0.0068005 0.0162743 0.0213943
0 0.00811593 0.0185195 0.0235752
0 0.00919355 0.0207298 0.0260187
0 0.00980102 0.0226267 0.0285996
0 0.00986518 0.023863 0.0310193
0 0.00955808 0.0243336 0.0329225
0 0.00913248 0.0241611 0.0339414
0 0.00874806 0.023521 0.033762
0 0.0085368 0.0226679 0.0323567
0 0.00852538 0.0217387 0.0299921
0 0.00849334 0.0205732 0.0269961
0 0.00809858 0.0188753 0.0236588
0 0.00711515 0.0164251 0.0201841
0 0.00549584 0.0131656 0.0165755
0 0.00334027 0.00917178 0.0125993
0 0.000864605 0.00458187 0.00789297
0 -0.00174753 -0.000459963 0.00213559
0 -0.00425267 -0.00580959 -0.00476629
0 -0.00630548 -0.0113191 -0.0125968
0 -0.00791954 -0.0167546 -0.0209241
0 -0.00949131 -0.0219287 -0.0291573
0 -0.0113911 -0.0269252 -0.0367022
0 -0.0137775 -0.0317384 -0.043136
0 -0.0164483 -0.0361347 -0.0481102
0 -0.0189385 -0.0398765 -0.0515306
0 -0.0208744 -0.0426395 -0.0536022
0 -0.0220454 -0.0441353 -0.0545525
0 -0.0223249 -0.0443068 -0.0546082
0 -0.0217511 -0.0432582 -0.0538419
0 -0.0205138 -0.0412124 -0.0521503
0 -0.0188359 -0.0384111 -0.0493767
0 -0.0169868 -0.0349699 -0.0453668
0 -0.0151812 -0.0309323 -0.040091
0 -0.0133794 -0.026307 -0.0336135
0 -0.0113911 -0.0210538 -0.0260826
0 -0.00911502 -0.0151588 -0.0177518
0 -0.0065214 -0.0087175 -0.0089205
0 -0.00362491 -0.00194342 4.53582e-05
0 -0.000595212 0.00492128 0.00886457
0 0.00235161 0.011511 0.0172628
0 0.00506872 0.0173228 0.0248227
0 0.00744394 0.0220268 0.0312009
0 0.00927202 0.0255471 0.0360384
0 0.0103592 0.0278698 0.0390452
0 0.0108308 0.0289608 0.040195
0 0.0107825 0.0287661 0.0395722
0 0.0101314 0.0272269 0.0373364
0 0.00902381 0.0244362 0.0336822
0 0.00757413 0.0206522 0.0287695
0 0.00577973 0.0161702 0.022811
0 0.00386131 0.0113378 0.0161202
0 0.00201198 0.00645812 0.00909383
0 0.00020099 0.00167702 0.00212633
0 -0.00158797 -0.00297378 -0.00454017
0 -0.00334523 -0.00742846 -0.0106694
0 -0.00513579 -0.0115406 -0.0160612
0 -0.00693508 -0.0152883 -0.0207077
0 -0.00861444 -0.0186885 -0.0246115
0 -0.0100972 -0.0216344 -0.027872
0 -0.0113649 -0.0240612 -0.030638
0 -0.0124101 -0.0259876 -0.0329694
0 -0.0131869 -0.0274079 -0.034862
0 -0.0135953 -0.0283 -0.0361648
0 -0.0135237 -0.0285826 -0.036695
0 -0.012956 -0.0280567 -0.0362928
0 -0.0120042 -0.0265547 -0.0347822
0 -0.0107522 -0.0240345 -0.0320004
0 -0.00922714 -0.0205673 -0.0278285
0 -0.00748633 -0.0163642 -0.0222997
0 -0.00560702 -0.0116621 -0.0156542
0 -0.00370849 -0.00662784 -0.00830451
0 -0.00193345 -0.00153717 -0.0007912
0 -0.000286901 0.00329801 0.00635478
0 0.00133281 0.00778489 0.0127806
0 0.00290559 0.0117759 0.0182002
0 0.00431093 0.0149854 0.0223634
0 0.00545366 0.017323 0.0251878
0 0.00621114 0.0187202 0.0266406
0 0.0064145 0.0190039 0.0267394
0 0.00602692 0.0181454 0.0255525
0 0.00517736 0.016225 0.0231599
0 0.00401409 0.0134402 0.0197305
0 0.00271858 0.0101632 0.0154673
0 0.00143788 0.00669746 0.0105907
0 0.000200727 0.00321475 0.00539069
0 -0.00093581 -9.90461e-05 0.000253826
0 -0.00191921 -0.00311041 -0.00443849
0 -0.00280561 -0.00574898 -0.00835306
0 -0.00364668 -0.0078855 -0.0112755
0 -0.00445504 -0.00947198 -0.0132031
0 -0.00517282 -0.0105493 -0.0141536
0 -0.00561087 -0.0110211 -0.0141906
0 -0.00559614 -0.0107585 -0.0134468
0 -0.0051309 -0.00976902 -0.0120565
0 -0.00432182 -0.00810592 -0.0101467
0 -0.00328655 -0.00591468 -0.00775088
0 -0.0022042 -0.00349849 -0.00491487
0 -0.0012859 -0.00115181 -0.00177022
0 -0.000652071 0.000872364 0.00145006
0 -0.000309096 0.00241505 0.00437772
0 -0.000203863 0.00349114 0.00668275
0 -0.000240903 0.00409716 0.00809696
0 -0.000322641 0.00417568 0.00838564
0 -0.000431215 0.00371309 0.00751033
0 -0.000606136 0.00270264 0.0055897
0 -0.000888994 0.00120192 0.00289572
0 -0.0013348 -0.000638869 -0.000209456
0 -0.00201034 -0.00272038 -0.0034611
0 -0.00294938 -0.00499441 -0.00662916
0 -0.00408326 -0.00734866 -0.00955955
0 -0.00525212 -0.00966503 -0.0122251
0 -0.00630495 -0.0118269 -0.0146115
0 -0.00712792 -0.01365 -0.0167395
0 -0.007638 -0.0149783 -0.0185871
0 -0.00781373 -0.0157485 -0.0200211
0 -0.00768394 -0.0159355 -0.0208523
0 -0.00729301 -0.0155411 -0.0208556
0 -0.00670993 -0.0145806 -0.0198668
0 -0.00601124 -0.013052 -0.0178371
0 -0.00523425 -0.0109837 -0.0148469
0 -0.00437714 -0.00846671 -0.0111001
0 -0.00339596 -0.00560284 -0.00684563
0 -0.00223343 -0.00249967 -0.00232655
0 -0.000917242 0.000728327 0.00222713
0 0.000502213 0.00406423 0.00668774
0 0.00199059 0.00747077 0.0109738
0 0.00338575 0.0106969 0.0149562
0 0.00451674 0.0134902 0.0185509
0 0.00534904 0.0157052 0.0216355
0 0.00586418 0.0172141 0.0240474
0 0.00606571 0.0180209 0.0256392
0 0.00604845 0.0182406 0.0262706
0 0.00589569 0.0179324 0.0258938
0 0.00562254 0.0171194 0.0245517
0 0.00522305 0.0158143 0.0223722
0 0.00465292 0.014004 0.019537
0 0.00384989 0.0117371 0.0162358
0 0.00282393 0.00913289 0.0126649
0 0.00165318 0.00632678 0.00899202
0 0.000435198 0.00348003 0.0053427
0 -0.000730482 0.000748871 0.00180758
0 -0.00179264 -0.00176621 -0.00155023
0 -0.00272236 -0.00401644 -0.00467601
0 -0.00346127 -0.00594152 -0.00746787
0 -0.00400959 -0.00748079 -0.00978578
0 -0.00445876 -0.00867976 -0.0115626
0 -0.00491515 -0.00964778 -0.0128206
0 -0.00543992 -0.0104846 -0.0136615
0 -0.00603498 -0.011292 -0.0142559
0 -0.00665696 -0.0121387 -0.0148103
0 -0.0072487 -0.0130584 -0.0155516
0 -0.00779375 -0.0140884 -0.0166662
0 -0.00830453 -0.0152588 -0.0182427
0 -0.00876712 -0.0165578 -0.0202247
0 -0.00916241 -0.017922 -0.0224183
0 -0.0095025 -0.0192534 -0.0245789
0 -0.00981177 -0.0204393 -0.0264678
0 -0.0101085 -0.0213787 -0.0278871
0 -0.0103829 -0.0219973 -0.0287083
0 -0.0105763 -0.0222466 -0.0288776
0 -0.0106113 -0.0220939 -0.028415
0 -0.0104222 -0.0214974 -0.0273885
0 -0.00996224 -0.0204144 -0.025867
0 -0.00921368 -0.0188212 -0.0238773
0 -0.00819584 -0.0167245 -0.0213969
0 -0.00697484 -0.0141893 -0.0183941
0 -0.00564605 -0.0113252 -0.0148597
0 -0.00428409 -0.00822643 -0.01082
0 -0.00293464 -0.00495852 -0.00635469
0 -0.00165156 -0.00159946 -0.00160475
0 -0.000424541 0.00173695 0.00322128
0 0.000838834 0.00503244 0.00795502
0 0.00214396 0.00831317 0.0124727
0 0.0034412 0.0114475 0.0166153
0 0.00471754 0.0143377 0.0203074
0 0.00589413 0.0169247 0.0234989
0 0.00683041 0.0190056 0.0261002
0 0.00743063 0.0204195 0.028009
0 0.00763922 0.0210763 0.0290739
0 0.0074158 0.0208658 0.029139
0 0.00677539 0.0197501 0.0280408
0 0.00576364 0.01772 0.0256343
0 0.00443724 0.0147777 0.021875
0 0.00291833 0.0110484 0.0168622
0 0.0013246 0.00675666 0.0108433
0 -0.000310061 0.0021458 0.00416192
0 -0.00204312 -0.00259971 -0.00282203
0 -0.00391013 -0.00739542 -0.00978398
0 -0.00581796 -0.0121026 -0.0163378
0 -0.0077085 -0.0165193 -0.0221781
0 -0.00957722 -0.0206163 -0.0272383
0 -0.0113541 -0.0243429 -0.0315111
0 -0.0129682 -0.0275025 -0.0350916
0 -0.0143973 -0.0300692 -0.0381011
0 -0.0155818 -0.0320963 -0.0405778
0 -0.016419 -0.03357 -0.0425142
0 -0.016834 -0.0344974 -0.0437825
0 -0.0167636 -0.0347702 -0.0442341
0 -0.0162262 -0.034203 -0.0437634
0 -0.0153507 -0.0327289 -0.0422567
0 -0.0142101 -0.0303542 -0.0395894
0 -0.012807 -0.0271503 -0.0356547
0 -0.0111582 -0.0232559 -0.0304625
0 -0.00928677 -0.0187697 -0.02419
0 -0.00724425 -0.0137632 -0.0171372
0 -0.00515823 -0.00835864 -0.00965493
0 -0.0031009 -0.0028322 -0.0020888
0 -0.0010038 0.00252473 0.00526204
0 0.00110677 0.00761875 0.0121827
0 0.0030872 0.0122928 0.0184355
0 0.00487238 0.0163225 0.0237866
0 0.00647442 0.0196595 0.0281157
0 0.00788529 0.0222752 0.0313382
0 0.00899311 0.0241298 0.0334451
0 0.00973457 0.0252835 0.0345156
0 0.0101609 0.0257665 0.0346754
0 0.010208 0.0255693 0.0340992
0 0.00985708 0.0247567 0.032943
0 0.00924462 0.0234085 0.031315
0 0.0084455 0.0216381 0.0292681
0 0.00754997 0.0196249 0.0268278
0 0.00667643 0.0175056 0.0240387
0 0.00583798 0.015349 0.0209682
0 0.00500049 0.0131591 0.0177083
0 0.00412729 0.0108758 0.0143651
0 0.00316793 0.00846159 0.0110335
0 0.00210176 0.00593802 0.00777093
0 0.000950383 0.00336595 0.00458711
0 -0.000254642 0.000823652 0.00146573
0 -0.00144114 -0.00163998 -0.00162835
0 -0.00251502 -0.00401158 -0.00472948
0 -0.00345943 -0.00627929 -0.00782802
0 -0.00430876 -0.00843809 -0.0108681
0 -0.00511226 -0.0105039 -0.0137762
0 -0.005939 -0.0124977 -0.0164908
0 -0.00683068 -0.0144473 -0.0189898
0 -0.00778409 -0.0163824 -0.0212999
0 -0.00875675 -0.0182973 -0.0234735
0 -0.00968147 -0.0201348 -0.0255558
0 -0.0105085 -0.0218226 -0.027571
0 -0.011227 -0.0233189 -0.0295132
0 -0.0118507 -0.0246325 -0.0313411
0 -0.0123895 -0.025798 -0.0329777
0 -0.012819 -0.0267993 -0.0343171
0 -0.0131022 -0.0275448 -0.0352545
0 -0.0132174 -0.0279276 -0.035726
0 -0.0131386 -0.0278616 -0.0356902
0 -0.0128526 -0.027297 -0.0350891
0 -0.012357 -0.026233 -0.0338591
0 -0.0116484 -0.024705 -0.0319688
0 -0.0107681 -0.022761 -0.0294406
0 -0.00976918 -0.020444 -0.0263422
0 -0.00866337 -0.0177985 -0.0227668
0 -0.00745231 -0.014874 -0.0188165
0 -0.00614393 -0.0117309 -0.0146016
0 -0.00476209 -0.0084662 -0.0102514
0 -0.00340124 -0.00520052 -0.00590571
0 -0.00214806 -0.00207807 -0.00169509
0 -0.000986672 0.000804189 0.00226924
0 8.84308e-05 0.00345375 0.00591957
0 0.00105843 0.00585402 0.00919858
0 0.00194945 0.00797526 0.0120496
0 0.00278474 0.00985017 0.0144687
0 0.00354839 0.0114884 0.0164722
0 0.00421528 0.0128706 0.0181049
0 0.00478181 0.0140135 0.0194418
0 0.00524202 0.0149437 0.0205459
0 0.00558267 0.0156702 0.021469
0 0.00581338 0.0162158 0.0222266
0 0.00594518 0.0165918 0.0227975
0 0.0059777 0.0167801 0.0231459
0 0.00593164 0.0167828 0.0232388
0 0.00583492 0.016604 0.0230511
0 0.00567558 0.016221 0.0225515
0 0.00541633 0.0156074 0.0217125
0 0.00503678 0.0147312 0.02052
0 0.00452368 0.0135585 0.018967
0 0.00386791 0.0120726 0.0170471
0 0.00307781 0.0102744 0.0147492
0 0.00216784 0.00818307 0.0120649
0 0.00115579 0.00583157 0.00899909
0 6.47502e-05 0.00324977 0.00557275
0 -0.00108911 0.000468601 0.00182749
0 -0.00231551 -0.00247626 -0.00217675
0 -0.00362648 -0.00557073 -0.00638386
0 -0.00496699 -0.00876272 -0.0106896
0 -0.00625878 -0.0119083 -0.01494
0 -0.00749824 -0.0149083 -0.019011
0 -0.00869299 -0.0177305 -0.0227771
0 -0.00979783 -0.0202996 -0.0261326
0 -0.0107757 -0.0225439 -0.0290101
0 -0.0116125 -0.0244208 -0.0313558
0 -0.0122695 -0.0258691 -0.0331502
0 -0.0127073 -0.0268457 -0.0343815
0 -0.0129264 -0.0273448 -0.0350403
0 -0.0129181 -0.0273557 -0.0351154
0 -0.0126641 -0.0268744 -0.0345775
0 -0.0121848 -0.0259065 -0.033397
0 -0.0114945 -0.0244404 -0.0315527
0 -0.0105929 -0.0224735 -0.0290397
0 -0.00950682 -0.0200252 -0.025876
0 -0.00825318 -0.0171354 -0.0221031
0 -0.00683899 -0.0138654 -0.0177899
0 -0.00530018 -0.01028 -0.0130295
0 -0.003704 -0.00646184 -0.00794185
0 -0.00213374 -0.0025509 -0.00266984
0 -0.000613685 0.00128933 0.00260948
0 0.000867545 0.00499128 0.00774147
0 0.00224978 0.00849717 0.0125785
0 0.00346312 0.011627 0.0169022
0 0.00448708 0.0142448 0.0205213
0 0.00528421 0.0162716 0.0232761
0 0.00579588 0.017564 0.0250366
0 0.00600757 0.0180712 0.0257521
0 0.00593897 0.0178455 0.025414
0 0.00559329 0.0169 0.0240714
0 0.00498414 0.0152986 0.0218246
0 0.00415519 0.0131583 0.0188129
0 0.00314939 0.0105708 0.0152088
0 0.00201058 0.00765575 0.0111868
0 0.000780795 0.0045389 0.0069132
0 -0.000510575 0.00131524 0.00253334
0 -0.00184489 -0.00191224 -0.00184121
0 -0.00321216 -0.00509092 -0.00613081
0 -0.00454159 -0.00816876 -0.0102197
0 -0.00571966 -0.0109891 -0.0139721
0 -0.00672536 -0.0134548 -0.017297
0 -0.00758741 -0.0155467 -0.0201012
0 -0.00828348 -0.0171896 -0.0223094
0 -0.00878199 -0.0183425 -0.023863
0 -0.00907929 -0.0190155 -0.0247147
0 -0.00916074 -0.0191749 -0.0248639
0 -0.00900929 -0.0188075 -0.0243339
0 -0.0086485 -0.0179489 -0.0231717
0 -0.00809922 -0.0166293 -0.0214353
0 -0.00736905 -0.0149091 -0.0191833
0 -0.00649775 -0.0128745 -0.0164915
0 -0.00552695 -0.0105949 -0.0134484
0 -0.00448402 -0.00813991 -0.0101536
0 -0.00340645 -0.00557787 -0.00670799
0 -0.00234409 -0.00297826 -0.00320009
0 -0.00132703 -0.000432384 0.000284614
0 -0.000334401 0.00201767 0.00366827
0 0.000623676 0.00436345 0.00687451
0 0.00148074 0.00651571 0.00979773
0 0.00221077 0.0083817 0.0123362
0 0.00280937 0.00990891 0.0144122
0 0.00324515 0.0110214 0.0159469
0 0.00349489 0.0116636 0.0168737
0 0.00354665 0.0118219 0.0171406
0 0.00339058 0.0114899 0.0167224
0 0.00304808 0.0106836 0.0156414
0 0.00256712 0.00946362 0.0139643
0 0.00198312 0.00790868 0.0117922
0 0.00131242 0.00609825 0.00923975
0 0.000564865 0.00411259 0.00642815
0 -0.00025341 0.0020139 0.00347803
0 -0.00113239 -0.000153796 0.000492895
0 -0.0020578 -0.002356 -0.00246714
0 -0.0030298 -0.00457621 -0.00537379
0 -0.00402471 -0.00678188 -0.00820328
0 -0.00497249 -0.00890715 -0.0109396
0 -0.00583206 -0.0109003 -0.0135458
0 -0.00658917 -0.0127091 -0.0159576
0 -0.0072123 -0.0142614 -0.0180955
0 -0.00767999 -0.0155011 -0.0198619
0 -0.00799482 -0.0163849 -0.0211607
0 -0.00815971 -0.0168762 -0.0219118
0 -0.00817472 -0.0169627 -0.0220688
0 -0.00805755 -0.016656 -0.021634
0 -0.00782423 -0.0159876 -0.020655
0 -0.00747806 -0.015011 -0.0192229
0 -0.00703704 -0.0137974 -0.0174601
0 -0.00652172 -0.0124241 -0.0155014
0 -0.00594661 -0.0109671 -0.013476
0 -0.00533878 -0.00949734 -0.0114906
0 -0.00472536 -0.00807336 -0.00962169
0 -0.00411831 -0.00672819 -0.00790105
0 -0.00351685 -0.00545775 -0.00630847
0 -0.00292287 -0.00423363 -0.00479502
0 -0.00235371 -0.00302918 -0.0033087
0 -0.00182199 -0.00183646 -0.00180495
0 -0.00133092 -0.000669542 -0.000259314
0 -0.000893806 0.000445486 0.00130956
0 -0.00052501 0.00147549 0.00283779
0 -0.0002303 0.00237983 0.00423241
0 -1.06777e-05 0.00311624 0.00538595
0 0.000141679 0.00364462 0.00620753
0 0.000236803 0.00393398 0.0066395
0 0.000273527 0.0039722 0.00665957
0 0.000240245 0.00376581 0.00628663
0 0.000121583 0.00333111 0.00556921
0 -9.64566e-05 0.00268488 0.0045731
0 -0.000413855 0.00184947 0.00337206
0 -0.000806716 0.000867109 0.00204055
0 -0.00123724 -0.000196966 0.000647168
0 -0.00167094 -0.00126897 -0.000755937
0 -0.00208442 -0.00228952 -0.00213557
0 -0.00246742 -0.00323147 -0.00346839
0 -0.00282552 -0.00410531 -0.00473734
0 -0.00317159 -0.00494077 -0.00592617
0 -0.00351505 -0.00575858 -0.00701894
0 -0.00386616 -0.00656089 -0.00801854
0 -0.00423231 -0.00733668 -0.00894478
0 -0.00460353 -0.00807367 -0.00982204
0 -0.00495036 -0.00876235 -0.0106636
0 -0.00523102 -0.00938107 -0.0114552
0 -0.00540505 -0.00988216 -0.0121541
0 -0.00545682 -0.010205 -0.0126954
0 -0.0054046 -0.0103065 -0.0130093
0 -0.00528205 -0.0101785 -0.0130315
0 -0.00511575 -0.00984336 -0.0127104
0 -0.00491463 -0.00933342 -0.0120275
0 -0.00467149 -0.00866641 -0.0110091
0 -0.00436859 -0.00783723 -0.00971777
0 -0.00398155 -0.00682845 -0.00822875
0 -0.00349077 -0.00563417 -0.00660342
0 -0.00290046 -0.00427901 -0.00487628
0 -0.00225319 -0.00281771 -0.00306196
0 -0.0016102 -0.00133248 -0.00117856
0 -0.00102269 8.54893e-05 0.000731589
0 -0.000539601 0.0013671 0.00258806
0 -0.000190552 0.00245981 0.00428377
0 4.08171e-05 0.00331976 0.00569968
0 0.000190162 0.0039238 0.00672163
0 0.000288851 0.00426405 0.00727809
0 0.000352439 0.00434242 0.00734348
0 0.000364632 0.00417017 0.00694124
0 0.000288772 0.0037542 0.00614121
0 9.43828e-05 0.00309569 0.00503627
0 -0.000226146 0.00221177 0.00372978
0 -0.000652135 0.00114992 0.00231253
0 -0.00114146 -1.40013e-05 0.00085006
0 -0.00164511 -0.00118952 -0.000615276
0 -0.00211816 -0.00229764 -0.00205708
0 -0.00252528 -0.00329093 -0.00344727
0 -0.00285077 -0.00415561 -0.00474839
0 -0.00310424 -0.00489898 -0.00591318
0 -0.00331505 -0.00553663 -0.00689365
0 -0.00352167 -0.00608437 -0.00766213
0 -0.00374238 -0.00654209 -0.00821015
0 -0.00395015 -0.00688759 -0.00853992
0 -0.00409299 -0.00708793 -0.00866246
0 -0.00412553 -0.00710767 -0.00859411
0 -0.00402672 -0.00692024 -0.00835059
0 -0.00381112 -0.00652593 -0.00793539
0 -0.00351516 -0.00595335 -0.00733725
0 -0.00317942 -0.00525067 -0.00654247
0 -0.00284765 -0.00447673 -0.00555579
0 -0.00255438 -0.00368486 -0.00441659
0 -0.00231118 -0.00291487 -0.0031972
0 -0.00211018 -0.00219734 -0.00199016
0 -0.00192946 -0.00155051 -0.000888268
0 -0.00174885 -0.000980771 2.96893e-05
0 -0.00156697 -0.00050128 0.000703356
0 -0.00139718 -0.000140641 0.00110239
0 -0.00126352 6.80993e-05 0.00123364
0 -0.00120057 9.497e-05 0.00112684
0 -0.00124229 -8.40719e-05 0.000810758
0 -0.00140944 -0.000478443 0.000300763
0 -0.00170041 -0.0010793 -0.000404588
0 -0.00208706 -0.00186493 -0.00131655
0 -0.00252572 -0.00280131 -0.00244635
0 -0.00298051 -0.00384744 -0.00379731
0 -0.0034296 -0.00496788 -0.00535207
0 -0.00385566 -0.00612744 -0.00706294
0 -0.00425271 -0.00728376 -0.00883186
0 -0.00462473 -0.00839 -0.0105205
0 -0.00497089 -0.00938806 -0.0119946
0 -0.00528408 -0.0102168 -0.0131471
0 -0.00554916 -0.0108258 -0.0139158
0 -0.00573754 -0.0111722 -0.014281
0 -0.00581572 -0.0112331 -0.0142543
0 -0.0057638 -0.0110146 -0.013878
0 -0.00558514 -0.0105428 -0.0132089
0 -0.00530156 -0.00986204 -0.0123068
0 -0.00494637 -0.00903025 -0.0112285
0 -0.00455958 -0.00811176 -0.0100296
0 -0.00417801 -0.00717409 -0.00877091
0 -0.00382623 -0.00627383 -0.00751547
0 -0.0035098 -0.00544467 -0.00632129
0 -0.00321884 -0.00469592 -0.0052333
0 -0.00294593 -0.00402177 -0.00428148
0 -0.0026879 -0.0034187 -0.00347854
0 -0.00244817 -0.00289189 -0.00282002
0 -0.00223989 -0.00244794 -0.00229193
0 -0.00206881 -0.00209187 -0.00187312
0 -0.00193697 -0.00182232 -0.00154019
0 -0.00184509 -0.00162497 -0.00127306
0 -0.00178118 -0.00147782 -0.0010553
0 -0.00172989 -0.00135649 -0.000873141
0 -0.00167473 -0.00123494 -0.000709193
0 -0.00159485 -0.00108567 -0.00053746
0 -0.00147695 -0.000882102 -0.000324713
0 -0.00132005 -0.000604463 -3.49533e-05
0 -0.00113132 -0.000242633 0.000364783
0 -0.000922627 0.000202417 0.000898456
0 -0.000703917 0.000720707 0.00157518
0 -0.000479247 0.00129946 0.00238501
0 -0.000251516 0.00192225 0.00329472
0 -2.84833e-05 0.00256273 0.00424708
0 0.000179342 0.00318357 0.0051705
0 0.000363218 0.00374101 0.00599328
0 0.000511815 0.004188 0.00664919
0 0.000604917 0.00447538 0.00707583
0 0.000618354 0.0045583 0.00721943
0 0.0005348 0.00440437 0.00704228
0 0.000346802 0.00399458 0.00652221
0 5.31363e-05 0.00332148 0.00564915
0 -0.000341002 0.00239153 0.00442681
0 -0.000823274 0.00122697 0.00287604
0 -0.00137713 -0.000136806 0.00103559
0 -0.00198638 -0.00165706 -0.00104081
0 -0.00264148 -0.00329379 -0.0033023
0 -0.0033454 -0.0050235 -0.00570309
0 -0.00409006 -0.00681777 -0.0081743
0 -0.00483638 -0.00861973 -0.0106314
0 -0.00556004 -0.0103768 -0.0129945
0 -0.00625702 -0.0120359 -0.0151862
0 -0.00689476 -0.0135235 -0.0171386
0 -0.00743103 -0.0147764 -0.0187903
0 -0.00783897 -0.015744 -0.0200827
0 -0.00808909 -0.016379 -0.020962
0 -0.00816294 -0.0166473 -0.0213799
0 -0.00807189 -0.0165328 -0.0213036
0 -0.0078354 -0.0160403 -0.0207189
0 -0.00747166 -0.0151982 -0.0196351
0 -0.00700418 -0.0140541 -0.0180925
0 -0.00645207 -0.0126648 -0.0161639
0 -0.00583022 -0.0110899 -0.0139524
0 -0.00515668 -0.00939069 -0.0115763
0 -0.00444726 -0.00762847 -0.00915212
0 -0.00372127 -0.00586925 -0.00678164
0 -0.00301601 -0.00418413 -0.00454081
0 -0.00237509 -0.00263908 -0.00247957
0 -0.0018136 -0.00127708 -0.000630179
0 -0.00133348 -0.000114807 0.000975981
0 -0.000950959 0.000840934 0.00230835
0 -0.000658726 0.001591 0.00334746
0 -0.000430678 0.0021444 0.0040863
0 -0.000261823 0.00250823 0.00453461
0 -0.000154742 0.00268811 0.00471213
0 -0.000112003 0.00269574 0.00464868
0 -0.00014252 0.00254781 0.00438306
0 -0.000245871 0.00226062 0.003955
0 -0.000406393 0.00185693 0.00340436
0 -0.000604564 0.00137042 0.00276642
0 -0.000818318 0.000840253 0.00207369
0 -0.00102227 0.000312039 0.00136203
0 -0.00119554 -0.000168011 0.000674823
0 -0.00132472 -0.000564698 6.25578e-05
0 -0.0014046 -0.00085459 -0.000426151
0 -0.00144276 -0.00102754 -0.000753046
0 -0.00145564 -0.00109093 -0.000895895
0 -0.00146121 -0.00106927 -0.000860483
0 -0.00147533 -0.000998735 -0.000682254
0 -0.00150625 -0.000917082 -0.000419832
0 -0.00155221 -0.000854026 -0.000151519
0 -0.00160411 -0.000825975 4.63992e-05
0 -0.00164951 -0.000839707 0.000117284
0 -0.00167952 -0.000900801 3.03206e-05
0 -0.00169785 -0.00101773 -0.000212069
0 -0.00172432 -0.00120221 -0.000585772
0 -0.00178712 -0.00146609 -0.0010598
0 -0.00190917 -0.00181566 -0.00160407
0 -0.00209707 -0.00225066 -0.00219644
0 -0.00233915 -0.00276426 -0.00282969
0 -0.00261501 -0.00334367 -0.00351403
0 -0.00290888 -0.00397553 -0.00426959
0 -0.00320829 -0.00464673 -0.00511701
0 -0.00349987 -0.00534273 -0.0060603
0 -0.00377611 -0.00605052 -0.00707507
0 -0.00403656 -0.00675855 -0.00811732
0 -0.0042902 -0.00745509 -0.00913573
0 -0.00455294 -0.00812902 -0.0100834
0 -0.00482886 -0.00876591 -0.0109261
0 -0.00510082 -0.00934495 -0.011641
0 -0.00533816 -0.00983557 -0.0122137
0 -0.00550713 -0.0101984 -0.0126349
0 -0.00558368 -0.0103999 -0.0128954
0 -0.00556406 -0.0104214 -0.0129816
0 -0.00546025 -0.0102629 -0.0128733
0 -0.00528856 -0.00994038 -0.0125466
0 -0.00506342 -0.00947021 -0.0119814
0 -0.00479457 -0.00886225 -0.0111741
0 -0.00448707 -0.0081232 -0.0101449
0 -0.00414246 -0.00726067 -0.00893356
0 -0.00375812 -0.0062897 -0.00758877
0 -0.00333168 -0.00523703 -0.00615883
0 -0.00288048 -0.00414223 -0.00469058
0 -0.00244305 -0.00305915 -0.00323595
0 -0.0020564 -0.00205892 -0.00185654
0 -0.00175714 -0.00121987 -0.000627508
0 -0.00157458 -0.000603302 0.000360298
0 -0.00150894 -0.000246863 0.00101998
0 -0.00154044 -0.000167136 0.00128031
0 -0.00164589 -0.000356934 0.00109678
0 -0.00180209 -0.000789957 0.000478296
0 -0.00198949 -0.00142073 -0.000511149
0 -0.00219493 -0.0021828 -0.00175836
0 -0.00241102 -0.00300382 -0.00313056
0 -0.00263834 -0.00382441 -0.00449369
0 -0.00288068 -0.00459357 -0.00571395
0 -0.00313414 -0.00527045 -0.00669582
0 -0.00339117 -0.00583888 -0.00739619
0 -0.00363956 -0.00628471 -0.00782394
0 -0.00385344 -0.00658953 -0.00803201
0 -0.00400196 -0.00675187 -0.00808418
0 -0.00405637 -0.00677451 -0.00803201
0 -0.00399652 -0.00665576 -0.00789784
0 -0.00382737 -0.00639944 -0.00767217
0 -0.00358027 -0.00601178 -0.00732482
0 -0.00329494 -0.00550353 -0.00681548
0 -0.00300595 -0.0048968 -0.00611102
0 -0.00273316 -0.00421533 -0.00520146
0 -0.00247455 -0.00347825 -0.00410933
0 -0.00222007 -0.00270246 -0.00288997
0 -0.00195752 -0.0019023 -0.00161689
0 -0.00167135 -0.00108701 -0.000363471
0 -0.00135886 -0.000265599 0.000810602
0 -0.00102956 0.000536872 0.00186233
0 -0.000699372 0.00128095 0.00276724
0 -0.000395792 0.00192801 0.00352497
0 -0.000147699 0.00244838 0.00414581
0 2.56456e-05 0.00282831 0.00463694
0 0.000115267 0.00306846 0.00499717
0 0.000125059 0.00317279 0.00521121
0 6.91777e-05 0.00314072 0.00525399
0 -3.84059e-05 0.00296803 0.00509626
0 -0.000189291 0.00265046 0.0047138
0 -0.000380231 0.00218766 0.0040973
0 -0.000613941 0.00158474 0.00325482
0 -0.000896902 0.00084902 0.00221116
0 -0.00123268 -9.96073e-06 0.00100308
0 -0.00161687 -0.000973506 -0.00032534
0 -0.0020362 -0.00200958 -0.00173163
0 -0.00246897 -0.00307644 -0.00317664
0 -0.00289442 -0.00413246 -0.00462192
0 -0.0032962 -0.00514064 -0.00602722
0 -0.00365913 -0.00607117 -0.00734226
0 -0.00398078 -0.00690619 -0.00851804
0 -0.00426921 -0.00762977 -0.00951546
0 -0.00452808 -0.00822606 -0.0103059
0 -0.00474943 -0.00868685 -0.0108765
0 -0.00491418 -0.0090021 -0.011227
0 -0.00500261 -0.00915693 -0.0113675
0 -0.00500378 -0.00914292 -0.0113145
0 -0.00491849 -0.00896 -0.0110825
0 -0.00475772 -0.00861894 -0.010681
0 -0.0045395 -0.00814648 -0.0101159
0 -0.00428487 -0.00757527 -0.00939647
0 -0.00401362 -0.00693527 -0.00854361
0 -0.00374055 -0.00625384 -0.00759264
0 -0.00347296 -0.00555388 -0.00658989
0 -0.00321282 -0.00485494 -0.00558405
0 -0.0029612 -0.00417791 -0.00462045
0 -0.00272098 -0.00354917 -0.00373995
0 -0.00250385 -0.00299866 -0.00297541
0 -0.00232693 -0.0025518 -0.0023528
0 -0.0021997 -0.00222771 -0.00189326
0 -0.00212435 -0.00203295 -0.00160662
0 -0.00209369 -0.00195537 -0.00148865
0 -0.00209379 -0.00197756 -0.00152654
0 -0.00211776 -0.00208222 -0.00170132
0 -0.00216435 -0.00225143 -0.00198857
0 -0.00223347 -0.00247518 -0.00236088
0 -0.00232695 -0.0027473 -0.00279018
0 -0.00244296 -0.0030588 -0.00325097
0 -0.0025744 -0.00339853 -0.00372105
0 -0.00271594 -0.00375059 -0.00418565
0 -0.00286316 -0.00409956 -0.00463854
0 -0.00300832 -0.00443565 -0.00507574
0 -0.00314484 -0.00475057 -0.00549381
0 -0.00326861 -0.0050419 -0.00588839
0 -0.00337757 -0.00531019 -0.00625367
0 -0.00347072 -0.00554859 -0.00658073
0 -0.00354467 -0.00574578 -0.00685624
0 -0.00359598 -0.0058904 -0.00706545
0 -0.00362256 -0.00597311 -0.00719447
0 -0.0036226 -0.00598828 -0.00723144
0 -0.00359565 -0.00593434 -0.00716915
0 -0.00354239 -0.00581226 -0.00700644
0 -0.00346344 -0.00562285 -0.00674683
0 -0.00335972 -0.00536934 -0.00639862
0 -0.00323516 -0.00505988 -0.00597555
0 -0.00309806 -0.00470938 -0.00549724
0 -0.00295857 -0.00434121 -0.00498852
0 -0.00282522 -0.00397877 -0.00447573
0 -0.00270296 -0.00363986 -0.00398339
0 -0.00259343 -0.0033378 -0.00353366
0 -0.00249737 -0.00307809 -0.00314525
0 -0.00241629 -0.00286437 -0.00283294
0 -0.00235305 -0.00270326 -0.00260756
0 -0.00231141 -0.00259976 -0.00247418
0 -0.0022934 -0.00255953 -0.00243314
0 -0.00229978 -0.00258632 -0.00248072
0 -0.00233059 -0.00267596 -0.00261006
0 -0.00238491 -0.00282123 -0.00281423
0 -0.0024631 -0.0030174 -0.00308786
0 -0.00256406 -0.0032614 -0.00342599
0 -0.00268209 -0.00354764 -0.00381995
0 -0.00280908 -0.00386523 -0.0042568
0 -0.00293664 -0.00420053 -0.00472106
0 -0.00305826 -0.00453574 -0.00519324
0 -0.00317006 -0.00484973 -0.00564924
0 -0.00326697 -0.00512522 -0.00606007
0 -0.00334173 -0.00534609 -0.00639405
0 -0.00338832 -0.00549565 -0.00662242
0 -0.0034012 -0.00555822 -0.00672215
0 -0.00337495 -0.00551858 -0.00667708
0 -0.00330574 -0.00536623 -0.00647843
0 -0.00319406 -0.00510024 -0.00612713
0 -0.00304773 -0.00473398 -0.00563677
0 -0.00287881 -0.00429296 -0.00503185
0 -0.00270055 -0.00380776 -0.00434614
0 -0.0025278 -0.00331369 -0.00362342
0 -0.0023734 -0.00284672 -0.00291346
0 -0.00224247 -0.00243492 -0.00226438
0 -0.00213401 -0.00209723 -0.0017167
0 -0.00204384 -0.00183784 -0.00130137
0 -0.00196226 -0.00164473 -0.00102973
0 -0.00187833 -0.00150126 -0.000886222
0 -0.00178983 -0.00139152 -0.000838566
0 -0.00170594 -0.00130706 -0.000845947
0 -0.0016456 -0.00125264 -0.000873984
0 -0.00163159 -0.00124221 -0.000905963
0 -0.0016791 -0.00129676 -0.000945892
0 -0.001791 -0.00143936 -0.00102501
0 -0.00195766 -0.00168404 -0.00119166
0 -0.00215867 -0.00202912 -0.00149599
0 -0.00236941 -0.00245843 -0.0019747
0 -0.00256871 -0.00294778 -0.0026351
0 -0.00274481 -0.00347422 -0.0034546
0 -0.00290076 -0.00402157 -0.00438214
0 -0.00304967 -0.00457871 -0.00534549
0 -0.00320726 -0.00513378 -0.00625979
0 -0.00338999 -0.00566819 -0.00704865
0 -0.00359974 -0.00615724 -0.00767049
0 -0.0038153 -0.00657109 -0.00811169
0 -0.00400397 -0.0068789 -0.00838457
0 -0.00413244 -0.00706246 -0.0085189
0 -0.00417658 -0.00711567 -0.00854133
0 -0.00412886 -0.00703655 -0.00846565
0 -0.00400009 -0.00683142 -0.00828567
0 -0.00381421 -0.00651387 -0.00798214
0 -0.00359806 -0.00609958 -0.00753266
0 -0.00337206 -0.00560565 -0.00692155
0 -0.00314617 -0.00504658 -0.00615212
0 -0.00292312 -0.00443341 -0.00525175
0 -0.0026996 -0.00378109 -0.00426812
0 -0.0024712 -0.00311062 -0.0032581
0 -0.00223593 -0.00244509 -0.00227248
0 -0.00199152 -0.00180667 -0.00135079
0 -0.00174541 -0.001212 -0.000527329
0 -0.0015141 -0.000674633 0.000176068
0 -0.0013098 -0.000210392 0.000752676
0 -0.00114337 0.000163411 0.00120188
0 -0.00102699 0.000428579 0.00152727
0 -0.000968366 0.00057212 0.00172724
0 -0.000971046 0.000591164 0.00179246
0 -0.00103526 0.000487297 0.00170828
0 -0.00115342 0.000263237 0.00145864
0 -0.00131135 -7.4836e-05 0.00103734
0 -0.00149562 -0.000516501 0.000449726
0 -0.00170009 -0.00104887 -0.000288902
0 -0.00192978 -0.00166049 -0.00115784
0 -0.00219481 -0.00234416 -0.002138
0 -0.0024987 -0.00309619 -0.00320678
0 -0.00283535 -0.00391051 -0.00433709
0 -0.00319061 -0.00477068 -0.00550042
0 -0.00354456 -0.00564475 -0.00666107
0 -0.00387664 -0.00648408 -0.00777986
0 -0.00416948 -0.00723623 -0.00881274
0 -0.00441165 -0.00786158 -0.00970741
0 -0.00459335 -0.00833458 -0.0104101
0 -0.00470602 -0.00864317 -0.0108736
0 -0.00475108 -0.00878305 -0.0110722
0 -0.00473764 -0.00875051 -0.0110059
0 -0.00467322 -0.00855136 -0.0106955
0 -0.00455823 -0.00820153 -0.0101755
0 -0.00438845 -0.00772262 -0.00948658
0 -0.00416493 -0.00714497 -0.00867558
0 -0.00390002 -0.00650138 -0.00779356
0 -0.00361463 -0.00582454 -0.00688759
0 -0.00333085 -0.00514821 -0.00599463
0 -0.00306721 -0.00450199 -0.00514021
0 -0.00283148 -0.00391008 -0.00434172
0 -0.00262357 -0.00338976 -0.00361389
0 -0.00244595 -0.00294367 -0.00296913
0 -0.00229586 -0.0025646 -0.00241702
0 -0.00216847 -0.00224875 -0.00196506
0 -0.00206595 -0.00199475 -0.0016182
0 -0.00199043 -0.00180848 -0.00138076
0 -0.00194627 -0.00170498 -0.00125604
0 -0.00194049 -0.00169336 -0.00124556
0 -0.00197303 -0.00177282 -0.00134707
0 -0.00203665 -0.00193226 -0.00155211
0 -0.00212128 -0.0021499 -0.00184723
0 -0.00221477 -0.00240294 -0.00221261
0 -0.00230684 -0.00267182 -0.00262328
0 -0.00239258 -0.00293932 -0.0030513
0 -0.00246992 -0.00319362 -0.00346593
0 -0.00254017 -0.0034266 -0.00383828
0 -0.00261029 -0.00363236 -0.0041483
0 -0.00268751 -0.00381336 -0.00438919
0 -0.00277299 -0.00397471 -0.0045668
0 -0.00286087 -0.00411719 -0.00469564
0 -0.00293983 -0.00424036 -0.00479431
0 -0.00299824 -0.00434126 -0.00488128
0 -0.00303018 -0.00441474 -0.0049685
0 -0.00303797 -0.00446052 -0.00505906
0 -0.0030326 -0.00448776 -0.00515
0 -0.0030287 -0.00451152 -0.0052342
0 -0.00303825 -0.00454628 -0.00530502
0 -0.00306698 -0.00460076 -0.00536169
0 -0.00311401 -0.00467541 -0.00541224
0 -0.00317214 -0.00476337 -0.0054699
0 -0.00322757 -0.00485379 -0.00554547
0 -0.00326731 -0.0049368 -0.00564373
0 -0.00328567 -0.00500589 -0.00576068
0 -0.00328334 -0.00505714 -0.00588219
0 -0.00326682 -0.00508722 -0.00598681
0 -0.00324354 -0.00509186 -0.00604937
0 -0.00321547 -0.00506402 -0.00604525
0 -0.00317924 -0.0049927 -0.00595563
0 -0.00312782 -0.00486581 -0.00577113
0 -0.00305351 -0.00467396 -0.00549196
0 -0.00295305 -0.00441469 -0.00512637
0 -0.00282758 -0.0040945 -0.00468799
0 -0.00268258 -0.00372757 -0.00419287
0 -0.00252824 -0.0033345 -0.00365827
0 -0.00237418 -0.00293611 -0.00310369
0 -0.00222928 -0.00255134 -0.0025511
0 -0.002101 -0.00219791 -0.00202381
0 -0.00199021 -0.00188506 -0.00154364
0 -0.0018929 -0.00161473 -0.00112981
0 -0.00180426 -0.00138585 -0.000796219
0 -0.00172059 -0.00119462 -0.000546134
0 -0.00164064 -0.00103743 -0.000372698
0 -0.00156658 -0.000912423 -0.000260474
0 -0.0015049 -0.000819175 -0.000189703
0 -0.00146435 -0.000758826 -0.000144562
0 -0.00145164 -0.000733495 -0.000116643
0 -0.0014671 -0.000743468 -0.000105161
0 -0.00150531 -0.000787968 -0.00011834
0 -0.00156074 -0.000868476 -0.000173038
0 -0.00162979 -0.000988291 -0.000289568
0 -0.00171048 -0.00115194 -0.000485247
0 -0.00180414 -0.00136615 -0.000771046
0 -0.00191606 -0.0016391 -0.00115231
0 -0.00205353 -0.0019784 -0.00163003
0 -0.0022222 -0.00238905 -0.00220212
0 -0.00242223 -0.00287038 -0.0028621
0 -0.00264579 -0.00341261 -0.00359874
0 -0.00288045 -0.00399613 -0.00439456
0 -0.00311148 -0.00459423 -0.00522222
0 -0.0033269 -0.00517763 -0.00604769
0 -0.00352722 -0.00572291 -0.00683507
0 -0.0037182 -0.00621868 -0.00755159
0 -0.00390205 -0.00666178 -0.00817024
0 -0.00407684 -0.00704922 -0.00867204
0 -0.00423208 -0.00737109 -0.00904956
0 -0.00435222 -0.00761152 -0.00930623
0 -0.00442301 -0.00775231 -0.00944928
0 -0.00443286 -0.00777684 -0.00948049
0 -0.00437595 -0.00767863 -0.0093928
0 -0.00425583 -0.00746098 -0.00917198
0 -0.00408553 -0.00713207 -0.00880321
0 -0.00388196 -0.00670486 -0.00827949
0 -0.00366027 -0.00619333 -0.00760643
0 -0.00342858 -0.00561188 -0.00680289
0 -0.00318668 -0.00497531 -0.0058977
0 -0.00293131 -0.00429572 -0.00492539
0 -0.00265856 -0.00358596 -0.0039215
0 -0.00237184 -0.00286385 -0.00291812
0 -0.0020831 -0.00215035 -0.00194077
0 -0.00180333 -0.00146944 -0.00101083
0 -0.00154979 -0.000846282 -0.000154764
0 -0.00133952 -0.000302782 0.000598914
0 -0.00117718 0.000138571 0.00122264
0 -0.00106616 0.000457129 0.00168642
0 -0.00100883 0.000639034 0.00196538
0 -0.0010043 0.000674103 0.00203962
0 -0.00105524 0.000558223 0.00189612
0 -0.00116437 0.000292829 0.0015341
0 -0.00132974 -0.000118282 0.000964044
0 -0.00154757 -0.000665881 0.000206995
0 -0.00181553 -0.0013368 -0.000712548
0 -0.00213053 -0.00211489 -0.00177223
0 -0.00248359 -0.00297821 -0.00295051
0 -0.00286182 -0.00390204 -0.00422058
0 -0.00325017 -0.00486131 -0.00554924
0 -0.00363137 -0.00582714 -0.00689211
0 -0.00399364 -0.00676552 -0.00819551
0 -0.00433509 -0.00764251 -0.00941002
0 -0.00465622 -0.00842769 -0.0104878
0 -0.00494596 -0.00909571 -0.0113858
0 -0.00518172 -0.0096248 -0.012071
0 -0.00534193 -0.0099892 -0.0125208
0 -0.00541131 -0.0101616 -0.0127254
0 -0.00538233 -0.010122 -0.0126794
0 -0.00525499 -0.00986165 -0.0123764
0 -0.00503509 -0.00938868 -0.0118106
0 -0.00473506 -0.00872617 -0.0109822
0 -0.00437523 -0.00790452 -0.0099091
0 -0.00397982 -0.00695867 -0.00862978
0 -0.00356724 -0.00592512 -0.0071994
0 -0.00314953 -0.00484212 -0.00568216
0 -0.00273869 -0.00375142 -0.0041432
0 -0.00234131 -0.00269441 -0.00264291
0 -0.00195684 -0.00170465 -0.00123112
0 -0.00159551 -0.000805532 4.31378e-05
0 -0.00127976 -1.77035e-05 0.0011323
0 -0.00102218 0.000635045 0.00200364
0 -0.0008244 0.00112753 0.00263801
0 -0.000687264 0.00144376 0.00303536
0 -0.00061177 0.00158219 0.00320447
0 -0.000600768 0.00155507 0.00315697
0 -0.000657935 0.00138366 0.0029104
0 -0.000781217 0.00108251 0.00248393
0 -0.000960621 0.000658914 0.00190072
0 -0.00118396 0.000123677 0.00118339
0 -0.00144134 -0.000507078 0.000351506
0 -0.00172597 -0.00121028 -0.00057781
0 -0.002033 -0.00196003 -0.00158921
0 -0.00235236 -0.00273573 -0.00266417
0 -0.00266811 -0.00352066 -0.00377489
0 -0.0029693 -0.0042982 -0.00488638
0 -0.00324782 -0.00504853 -0.00595635
0 -0.00350006 -0.00574464 -0.00693789
0 -0.00373195 -0.00635698 -0.00779162
0 -0.00394214 -0.00686256 -0.00848436
0 -0.00411924 -0.00724785 -0.00899089
0 -0.0042499 -0.0075057 -0.00929989
0 -0.00431989 -0.00763089 -0.00941471
0 -0.0043232 -0.00761917 -0.00935351
0 -0.00426532 -0.00747165 -0.0091394
0 -0.00415429 -0.00720108 -0.00879268
0 -0.00399591 -0.00682881 -0.00832685
0 -0.0037983 -0.0063773 -0.00775135
0 -0.00357427 -0.00586838 -0.00708112
0 -0.0033385 -0.0053187 -0.00633725
0 -0.00310533 -0.00474036 -0.00554415
0 -0.00288213 -0.0041517 -0.00472872
0 -0.00266956 -0.00357761 -0.00391999
0 -0.00247392 -0.00304279 -0.00315036
0 -0.00230188 -0.00257164 -0.00245372
0 -0.0021581 -0.00218285 -0.00186259
0 -0.00205092 -0.00188549 -0.00140744
0 -0.00197932 -0.00168226 -0.00110714
0 -0.00193398 -0.00157122 -0.00096308
0 -0.00191028 -0.0015474 -0.00096537
0 -0.00190802 -0.00160356 -0.00109437
0 -0.00193302 -0.00173244 -0.00132715
0 -0.00199536 -0.00192827 -0.00164313
0 -0.00209794 -0.00218591 -0.00202212
0 -0.00223178 -0.00249796 -0.00244605
0 -0.00238117 -0.0028483 -0.00290035
0 -0.00253028 -0.00321414 -0.0033738
0 -0.00266865 -0.00357368 -0.00385713
0 -0.00279226 -0.0039071 -0.00433774
0 -0.00289723 -0.0042026 -0.00479462
0 -0.00298055 -0.00445675 -0.00519918
0 -0.00304554 -0.00466534 -0.0055247
0 -0.00309947 -0.00482536 -0.00575522
0 -0.00314884 -0.00493624 -0.00588787
0 -0.00319376 -0.00499685 -0.00593014
0 -0.00322503 -0.00500758 -0.00589458
0 -0.00323046 -0.00496975 -0.00579678
0 -0.00320497 -0.00488611 -0.00565533
0 -0.00315389 -0.00476421 -0.00548901
0 -0.00308785 -0.00461624 -0.00531065
0 -0.00301796 -0.00445706 -0.0051257
0 -0.00295283 -0.0043025 -0.0049368
0 -0.00289858 -0.00416563 -0.00474825
0 -0.00285867 -0.00405202 -0.00456818
0 -0.00283125 -0.00395952 -0.00440683
0 -0.0028101 -0.00388243 -0.00427292
0 -0.00278683 -0.00381422 -0.00416974
0 -0.00275423 -0.00374847 -0.00409345
0 -0.00271106 -0.00368091 -0.00403531
0 -0.00266222 -0.00361033 -0.00398395
0 -0.00261651 -0.00353845 -0.00392779
0 -0.00258207 -0.00346993 -0.00385841
0 -0.00256046 -0.00340817 -0.00377119
0 -0.00254708 -0.00335114 -0.00366531
0 -0.00253372 -0.00329198 -0.00354486
0 -0.00251234 -0.003222 -0.00341663
0 -0.00248018 -0.00313598 -0.0032875
0 -0.00243813 -0.00303529 -0.00316215
0 -0.00238872 -0.00292633 -0.00304025
0 -0.0023369 -0.00281742 -0.00291856
0 -0.00228857 -0.00271539 -0.00279436
0 -0.00224918 -0.00262423 -0.00266799
0 -0.00222213 -0.00254572 -0.00254356
0 -0.00220642 -0.00248031 -0.00242753
0 -0.00219775 -0.00242851 -0.00232786
0 -0.00219329 -0.00239302 -0.00225456
0 -0.00219394 -0.00237895 -0.00221899
0 -0.0022029 -0.00239223 -0.00223113
0 -0.00222433 -0.00243945 -0.00229788
0 -0.00226189 -0.00252721 -0.0024231
0 -0.00231915 -0.00266188 -0.00260975
0 -0.00239893 -0.00284827 -0.00286059
0 -0.00250007 -0.00308599 -0.00317581
0 -0.0026175 -0.00336924 -0.00355242
0 -0.0027461 -0.00368799 -0.00398434
0 -0.00288153 -0.00403104 -0.00446232
0 -0.00302069 -0.00439154 -0.00497394
0 -0.00316413 -0.00476429 -0.0055036
0 -0.00331405 -0.00514427 -0.00603539
0 -0.00347169 -0.00552735 -0.0065547
0 -0.00363344 -0.0059041 -0.00704866
0 -0.00379 -0.00626097 -0.00750691
0 -0.0039314 -0.00658351 -0.00791996
0 -0.00404719 -0.00685624 -0.00827691
0 -0.00412799 -0.00706333 -0.00856354
0 -0.00416842 -0.00719164 -0.00876206
0 -0.00416792 -0.00723334 -0.00885404
0 -0.0041308 -0.00718436 -0.00882416
0 -0.00406233 -0.00704562 -0.00866291
0 -0.00396506 -0.00682055 -0.00836728
0 -0.00383708 -0.00650992 -0.00794105
0 -0.00367259 -0.00611287 -0.00739307
0 -0.00346566 -0.00562702 -0.00673333
0 -0.00321638 -0.00505173 -0.00597224
0 -0.00293553 -0.00439697 -0.00512209
0 -0.0026384 -0.00368585 -0.00419704
0 -0.00234244 -0.00295057 -0.00321552
0 -0.00206313 -0.00222481 -0.00220267
0 -0.00180437 -0.00153557 -0.00118999
0 -0.00157142 -0.000899904 -0.00022141
0 -0.00137047 -0.000327455 0.000650206
0 -0.00119559 0.00017191 0.00138041
0 -0.00104201 0.000582453 0.00193731
0 -0.000912567 0.000884185 0.00230581
0 -0.000815588 0.00105978 0.00248725
0 -0.000769804 0.00109948 0.00248905
0 -0.000795718 0.000998967 0.00232173
0 -0.000902281 0.000755544 0.00199351
0 -0.00108421 0.000370018 0.00150989
0 -0.00132264 -0.000145819 0.00087719
0 -0.00159156 -0.000765441 0.000103864
0 -0.00187071 -0.00145333 -0.00079586
0 -0.0021499 -0.00217531 -0.00180027
0 -0.00242277 -0.00290632 -0.00287815
0 -0.0026856 -0.00363179 -0.00398442
0 -0.00293997 -0.00434304 -0.00506505
0 -0.0031882 -0.00503004 -0.0060655
0 -0.00343635 -0.00567683 -0.00694476
0 -0.00369138 -0.00626366 -0.00768672
0 -0.00394327 -0.0067726 -0.00829063
0 -0.00416965 -0.00719261 -0.00876702
0 -0.00434792 -0.00751941 -0.00913144
0 -0.00445996 -0.00774994 -0.00939751
0 -0.00450291 -0.00788058 -0.00957603
0 -0.00449067 -0.00791142 -0.00966743
0 -0.00444109 -0.0078512 -0.00966188
0 -0.00436856 -0.00771629 -0.00954576
0 -0.00428533 -0.00752577 -0.00931207
0 -0.00419956 -0.00729608 -0.0089715
0 -0.0041131 -0.00703573 -0.00855195
0 -0.00402169 -0.00674751 -0.00808974
0 -0.00391434 -0.00643379 -0.00761843
0 -0.0037803 -0.00609847 -0.00715999
0 -0.00361828 -0.00574764 -0.00672336
0 -0.00343582 -0.00538721 -0.00630432
0 -0.00324793 -0.0050227 -0.00588942
0 -0.00307294 -0.0046615 -0.00546527
0 -0.0029227 -0.00431331 -0.00502428
0 -0.00280022 -0.00398731 -0.00456706
0 -0.00270117 -0.00368862 -0.00410577
0 -0.00261625 -0.00341815 -0.00366236
0 -0.00253603 -0.00317155 -0.00325948
0 -0.00245208 -0.00294249 -0.00291285
0 -0.00235839 -0.00272679 -0.00262685
0 -0.00225507 -0.00252044 -0.00239373
0 -0.00214719 -0.00232273 -0.00219671
0 -0.00204347 -0.00213712 -0.00201471
0 -0.00195455 -0.00196635 -0.00182937
0 -0.00188683 -0.00181218 -0.00162927
0 -0.0018399 -0.00167508 -0.00141234
0 -0.00180776 -0.00155204 -0.00118662
0 -0.001781 -0.00143786 -0.000967465
0 -0.00175043 -0.00132769 -0.000771407
0 -0.00171071 -0.00121908 -0.00061071
0 -0.00166372 -0.00111619 -0.000492674
0 -0.00161883 -0.00103196 -0.000419699
0 -0.00158859 -0.000982506 -0.000390591
0 -0.00158461 -0.000981559 -0.000404583
0 -0.00161504 -0.00103902 -0.000465934
0 -0.00168095 -0.00115825 -0.000583924
0 -0.00177539 -0.00133561 -0.000769703
0 -0.00188682 -0.00156329 -0.00103245
0 -0.0020041 -0.00183148 -0.00137607
0 -0.00212069 -0.00213034 -0.00179695
0 -0.00223551 -0.00245182 -0.00228238
0 -0.00235168 -0.00279061 -0.00281168
0 -0.00247444 -0.00314419 -0.00336151
0 -0.00260781 -0.00351079 -0.00390873
0 -0.00275269 -0.00388464 -0.00443107
0 -0.00290484 -0.0042535 -0.00491265
0 -0.00305433 -0.00460031 -0.00534522
0 -0.00319096 -0.00490737 -0.00572601
0 -0.00330546 -0.00516253 -0.00605377
0 -0.00338879 -0.00535989 -0.00632367
0 -0.00343695 -0.00549541 -0.00652666
0 -0.00345143 -0.00556629 -0.00665165
0 -0.00343829 -0.00557237 -0.00668874
0 -0.00340664 -0.00551603 -0.00663266
0 -0.00336256 -0.0054031 -0.00648388
0 -0.00330773 -0.00524287 -0.00625018
0 -0.00324303 -0.00504574 -0.00594916
0 -0.00316922 -0.00482262 -0.00560591
0 -0.00308776 -0.0045854 -0.00524796
0 -0.00300253 -0.00434615 -0.00490102
0 -0.00291714 -0.00411805 -0.00458514
0 -0.0028358 -0.00391517 -0.00431341
0 -0.0027653 -0.00374843 -0.00409369
0 -0.00271258 -0.00362603 -0.00393257
0 -0.00268542 -0.00355627 -0.00383683
0 -0.00268791 -0.00354504 -0.00381117
0 -0.0027153 -0.00359201 -0.00385726
0 -0.00276098 -0.0036919 -0.00397494
0 -0.00282085 -0.00383769 -0.00416339
0 -0.00289122 -0.00402117 -0.00441874
0 -0.00297039 -0.00423506 -0.00473133
0 -0.00305727 -0.00447318 -0.00508548
0 -0.00314834 -0.00472707 -0.00546029
0 -0.00324265 -0.00498771 -0.00583448
0 -0.00334171 -0.0052463 -0.00619161
0 -0.00344539 -0.00549439 -0.0065214
0 -0.00355149 -0.00572636 -0.00681852
0 -0.00365216 -0.0059367 -0.00707959
0 -0.00373442 -0.00611595 -0.00729963
0 -0.00378744 -0.00625024 -0.00747169
0 -0.00380635 -0.00632564 -0.0075868
0 -0.0037909 -0.00633227 -0.00763211
0 -0.00374397 -0.00626505 -0.00759076
0 -0.0036703 -0.00612566 -0.0074471
0 -0.0035753 -0.00592044 -0.00719307
0 -0.00346358 -0.00565482 -0.00683054
0 -0.00333741 -0.00533327 -0.00637164
0 -0.00319794 -0.00496169 -0.00583722
0 -0.00304493 -0.0045499 -0.00525208
0 -0.00287705 -0.00411125 -0.00463995
0 -0.00269715 -0.00365921 -0.00402061
0 -0.00251178 -0.00320713 -0.00340863
0 -0.00232772 -0.00276632 -0.0028137
0 -0.00215302 -0.0023464 -0.00224425
0 -0.00199689 -0.00195969 -0.00170947
0 -0.00186314 -0.00161482 -0.00121829
0 -0.00174946 -0.0013153 -0.00078196
0 -0.0016539 -0.00106413 -0.000412792
0 -0.00157365 -0.000859339 -0.000119826
0 -0.00150482 -0.000697377 9.30473e-05
0 -0.00144756 -0.000578798 0.000228316
0 -0.00140698 -0.000507468 0.000291229
0 -0.00139137 -0.000491241 0.000286422
0 -0.00140873 -0.000537306 0.000217034
0 -0.00146237 -0.000648916 8.24551e-05
0 -0.00155047 -0.000826947 -0.000122672
0 -0.00166721 -0.00106829 -0.000405834
0 -0.00180359 -0.00136602 -0.000772722
0 -0.00195139 -0.0017118 -0.00122498
0 -0.0021072 -0.00209817 -0.00175984
0 -0.00227172 -0.00252109 -0.00236949
0 -0.00244695 -0.00297826 -0.00303922
0 -0.00263299 -0.00346594 -0.00374964
0 -0.00282819 -0.00397661 -0.00447782
0 -0.00302943 -0.00449642 -0.00519722
0 -0.0032297 -0.00500534 -0.00588372
0 -0.00342207 -0.00547996 -0.00651663
0 -0.00359996 -0.00590014 -0.00707788
0 -0.00375358 -0.00625459 -0.00755348
0 -0.00387607 -0.00653773 -0.0079325
0 -0.00396621 -0.00674728 -0.00820854
0 -0.00402532 -0.0068834 -0.00838189
0 -0.00405712 -0.00694851 -0.00845843
0 -0.00406521 -0.00694814 -0.00844658
0 -0.00404873 -0.00688773 -0.00835467
0 -0.00400487 -0.00677225 -0.00819094
0 -0.00393331 -0.00660542 -0.00796337
0 -0.00383418 -0.00638683 -0.00767696
0 -0.00370829 -0.00611537 -0.00733291
0 -0.00356013 -0.00579325 -0.00693019
0 -0.00339493 -0.00542577 -0.00646725
0 -0.00321848 -0.00502069 -0.00594419
0 -0.00303635 -0.00458608 -0.00536509
0 -0.00285122 -0.00413005 -0.00474018
0 -0.00266798 -0.00366174 -0.00408622
0 -0.00249289 -0.00319446 -0.00342439
0 -0.00232797 -0.00274567 -0.00277798
0 -0.00217578 -0.0023316 -0.00217164
0 -0.00204221 -0.00196891 -0.00163068
0 -0.00192985 -0.00166771 -0.00117863
0 -0.00183749 -0.00142828 -0.000832384
0 -0.00176452 -0.0012524 -0.000598095
0 -0.00171054 -0.00114102 -0.000473658
0 -0.00167602 -0.00109303 -0.000448792
0 -0.00166465 -0.00110804 -0.00050741
0 -0.00168072 -0.00118152 -0.000633688
0 -0.00172552 -0.00130595 -0.000813714
0 -0.00179799 -0.00147485 -0.00103823
0 -0.00189444 -0.00168388 -0.0013047
0 -0.00200786 -0.00192932 -0.00161408
0 -0.0021301 -0.00220521 -0.00196744
0 -0.00225447 -0.00250386 -0.00236445
0 -0.00237695 -0.00281632 -0.002801
0 -0.00249527 -0.00313353 -0.00326684
0 -0.00260869 -0.00345054 -0.00374556
0 -0.00271983 -0.00376371 -0.00421789
0 -0.00283196 -0.00406943 -0.00466472
0 -0.00294775 -0.00436577 -0.00507135
0 -0.00306882 -0.00464708 -0.00543241
0 -0.00319033 -0.00490618 -0.00574828
0 -0.00330127 -0.00513569 -0.00601991
0 -0.00338929 -0.00532484 -0.00624825
0 -0.00344633 -0.00546498 -0.00643266
0 -0.00347226 -0.00555216 -0.0065697
0 -0.00347228 -0.00558589 -0.00665191
0 -0.00345361 -0.00557059 -0.0066696
0 -0.00342438 -0.00551489 -0.00661651
0 -0.00339105 -0.00542761 -0.00649393
0 -0.00335645 -0.00531549 -0.00631259
0 -0.00332022 -0.00518374 -0.00609069
0 -0.00327774 -0.0050357 -0.00584857
0 -0.00322366 -0.00487453 -0.00560484
0 -0.00315698 -0.00470593 -0.00537359
0 -0.0030817 -0.00453728 -0.00516275
0 -0.00300519 -0.00437648 -0.00497431
0 -0.0029359 -0.00423212 -0.00480666
0 -0.00288155 -0.00411158 -0.00465802
0 -0.00284546 -0.00401849 -0.00452788
0 -0.00282442 -0.00395108 -0.00441683
0 -0.00281063 -0.00390178 -0.00432568
0 -0.00279523 -0.00386007 -0.00425422
0 -0.00277197 -0.00381607 -0.004199
0 -0.00273811 -0.00376204 -0.0041519
0 -0.00269469 -0.00369432 -0.00410122
0 -0.00264743 -0.00361535 -0.00403535
0 -0.00260358 -0.00352999 -0.00394544
0 -0.00256739 -0.00344195 -0.00382725
0 -0.00253999 -0.00335411 -0.00368428
0 -0.00252019 -0.003268 -0.00352716
0 -0.0025034 -0.00318402 -0.00336927
0 -0.00248386 -0.0031027 -0.00322398
0 -0.00245957 -0.00302672 -0.00310348
0 -0.00243296 -0.00296141 -0.00301677
0 -0.00241021 -0.00291455 -0.00296938
0 -0.00239925 -0.00289624 -0.00296403
0 -0.00240552 -0.00291467 -0.00300041
0 -0.0024302 -0.00297252 -0.00307692
0 -0.00247176 -0.00306765 -0.00319257
0 -0.00252609 -0.00319335 -0.00334641
0 -0.00258675 -0.00333943 -0.0035358
0 -0.00264843 -0.00349663 -0.0037555
0 -0.00270934 -0.00366063 -0.0039991
0 -0.00277108 -0.0038317 -0.00425899
0 -0.00283619 -0.00401091 -0.00452505
0 -0.00290676 -0.00419702 -0.0047872
0 -0.00298391 -0.00438609 -0.00503901
0 -0.00306552 -0.00457318 -0.00527759
0 -0.00314667 -0.00475208 -0.00550142
0 -0.00322006 -0.00491565 -0.00570799
0 -0.00327637 -0.00505458 -0.00589139
0 -0.00330924 -0.00515733 -0.00604187
0 -0.00331757 -0.00521469 -0.00614682
0 -0.00330283 -0.00522017 -0.00619131
0 -0.00326784 -0.00517009 -0.00616008
0 -0.00321704 -0.00506627 -0.00604294
0 -0.00315472 -0.00491398 -0.00583885
0 -0.00308248 -0.00471844 -0.00555534
0 -0.00299893 -0.00448337 -0.00520542
0 -0.0028997 -0.00421097 -0.00480471
0 -0.0027822 -0.00390469 -0.00437004
0 -0.00265057 -0.00357384 -0.00391754
0 -0.00251248 -0.00323278 -0.00346113
0 -0.00237726 -0.00289743 -0.00301264
0 -0.00225517 -0.00258692 -0.00258477
0 -0.00215443 -0.00231783 -0.00219268
0 -0.00207916 -0.00209891 -0.00185257
0 -0.00202898 -0.00193647 -0.00158231
0 -0.00200038 -0.00183283 -0.0013991
0 -0.00198876 -0.00178556 -0.0013136
0 -0.00199108 -0.00179363 -0.00132934
0 -0.00200757 -0.00185704 -0.00144274
0 -0.00204017 -0.00197277 -0.00164132
0 -0.00208958 -0.00213438 -0.00190606
0 -0.0021548 -0.00233272 -0.00221431
0 -0.00223355 -0.00255517 -0.00254458
0 -0.00232172 -0.00278831 -0.0028795
0 -0.00241394 -0.00302218 -0.0032049
0 -0.00250578 -0.00324898 -0.00351186
0 -0.00259618 -0.00346397 -0.00379891
0 -0.00268601 -0.00366872 -0.00406889
0 -0.00277353 -0.0038655 -0.00432404
0 -0.00285458 -0.00405229 -0.00456511
0 -0.0029263 -0.00422529 -0.00479165
0 -0.00298709 -0.00438004 -0.00500148
0 -0.00303539 -0.00451103 -0.00518963
0 -0.00307271 -0.00461605 -0.00534977
0 -0.00310171 -0.00469694 -0.00547555
0 -0.00312289 -0.00475465 -0.005561
0 -0.00313663 -0.00478841 -0.00560319
0 -0.00314294 -0.00479703 -0.00560313
0 -0.00314037 -0.00477889 -0.00556463
0 -0.00312711 -0.0047334 -0.00549285
0 -0.00310162 -0.00466259 -0.00539272
0 -0.00306385 -0.00456988 -0.00526848
0 -0.00301743 -0.0044605 -0.00512534
0 -0.00296927 -0.00434348 -0.00497081
0 -0.00292737 -0.00423034 -0.00481491
0 -0.00289757 -0.00413293 -0.00466955
0 -0.00288117 -0.00406094 -0.00454709
0 -0.00287554 -0.00401861 -0.004459
0 -0.00287621 -0.00400379 -0.00441403
0 -0.00287881 -0.00401084 -0.00441585
0 -0.00288066 -0.00403363 -0.00446117
0 -0.00288142 -0.00406709 -0.00454004
0 -0.00288252 -0.0041081 -0.00463771
0 -0.00288604 -0.00415426 -0.00473663
0 -0.00289537 -0.00420304 -0.00482267
0 -0.00291428 -0.00425289 -0.00488961
0 -0.00294302 -0.00430231 -0.00493759
0 -0.00297654 -0.00434926 -0.00497096
0 -0.00300651 -0.00439081 -0.00499586
0 -0.00302568 -0.00442247 -0.00501832
0 -0.00303075 -0.00444033 -0.00504171
0 -0.00302195 -0.0044418 -0.00506367
0 -0.00300181 -0.00442523 -0.00507602
0 -0.00297424 -0.00439131 -0.00506708
0 -0.00294289 -0.00434122 -0.00502507
0 -0.00291012 -0.00427415 -0.00494209
0 -0.002877 -0.0041889 -0.00481693
0 -0.0028419 -0.00408407 -0.00465386
0 -0.00280044 -0.00395796 -0.00445989
0 -0.00274744 -0.00380993 -0.00424251
0 -0.00267904 -0.00364027 -0.0040076
0 -0.00259662 -0.00345074 -0.00375885
0 -0.00250686 -0.00324645 -0.00349889
0 -0.00241661 -0.00303566 -0.00322958
0 -0.00233207 -0.00282776 -0.00295308
0 -0.00225746 -0.00263121 -0.0026742
0 -0.00219375 -0.00245214 -0.00240185
0 -0.00214204 -0.00229527 -0.00214973
0 -0.00210258 -0.00216525 -0.00193352
0 -0.00207337 -0.00206581 -0.00176752
0 -0.00205316 -0.00200007 -0.0016629
0 -0.00204177 -0.0019712 -0.00162546
0 -0.00204038 -0.00198144 -0.00165503
0 -0.00205187 -0.00203136 -0.00174651
0 -0.00208063 -0.00212136 -0.00189314
0 -0.00213094 -0.00225295 -0.00208906
0 -0.00220425 -0.00242716 -0.00232966
0 -0.00229929 -0.00264351 -0.00261379
0 -0.00241319 -0.00290051 -0.00294364
0 -0.00254208 -0.00319562 -0.00332298
0 -0.00268183 -0.00352414 -0.00375466
0 -0.00282866 -0.00387927 -0.00423704
0 -0.00297766 -0.0042541 -0.00476167
0 -0.00312253 -0.00463939 -0.00531085
0 -0.00326061 -0.00502074 -0.00585957
0 -0.00339318 -0.00538393 -0.00638193
0 -0.00352107 -0.00571781 -0.00685454
0 -0.00364389 -0.00601369 -0.00725936
0 -0.00375862 -0.00626622 -0.0075861
0 -0.00385787 -0.00647101 -0.00783131
0 -0.00393266 -0.00662077 -0.00799662
0 -0.00397532 -0.00670656 -0.00808672
0 -0.00398249 -0.00672396 -0.0081064
0 -0.00395585 -0.00667387 -0.00805749
0 -0.00389976 -0.00656161 -0.00793829
0 -0.00382054 -0.006397 -0.00774627
0 -0.00372616 -0.00618933 -0.00748216
0 -0.00362291 -0.00594551 -0.00715192
0 -0.00351353 -0.00567111 -0.00676638
0 -0.00339862 -0.00537152 -0.00634111
0 -0.0032776 -0.00505369 -0.00589333
0 -0.00314785 -0.0047245 -0.00543742
0 -0.003008 -0.00438851 -0.00498394
0 -0.00286145 -0.00404988 -0.00453974
0 -0.00271476 -0.00371477 -0.00410778
0 -0.00257565 -0.00339068 -0.00368867
0 -0.00244985 -0.00308482 -0.0032833
0 -0.00234168 -0.00280713 -0.00289678
0 -0.00225659 -0.00257004 -0.00254211
0 -0.00219757 -0.00238202 -0.00223749
0 -0.00216269 -0.00224816 -0.00200169
0 -0.0021471 -0.00217137 -0.0018519
0 -0.00214529 -0.00214967 -0.00179925
0 -0.00215315 -0.00217841 -0.00184555
0 -0.00216994 -0.00225313 -0.00198315
0 -0.00219866 -0.00237054 -0.00219692
0 -0.00224462 -0.00252874 -0.00246821
0 -0.00231208 -0.00272557 -0.00277844
0 -0.0024015 -0.00295759 -0.00311195
0 -0.00250884 -0.00321821 -0.00345711
0 -0.002627 -0.00349479 -0.00380775
0 -0.00274769 -0.00377298 -0.0041617
0 -0.00285966 -0.00404013 -0.00451309
0 -0.00295089 -0.00428041 -0.00484926
0 -0.00301426 -0.00447748 -0.00515135
0 -0.00304742 -0.00461984 -0.0053953
0 -0.00305235 -0.00469695 -0.00555438
0 -0.00303367 -0.00470067 -0.00560429
0 -0.00299522 -0.00462883 -0.00552971
0 -0.00293981 -0.00448361 -0.00532747
0 -0.00286796 -0.00427123 -0.00500754
0 -0.00277802 -0.00399975 -0.00459119
0 -0.00266937 -0.00367886 -0.00410675
0 -0.00254248 -0.00332217 -0.00358325
0 -0.00239913 -0.00294303 -0.00304427
0 -0.00224328 -0.00255375 -0.00250727
0 -0.00208225 -0.00216831 -0.00198435
0 -0.00192667 -0.00179873 -0.00148483
0 -0.00178665 -0.00145729 -0.00101994
0 -0.00166996 -0.001158 -0.000602195
0 -0.00158118 -0.00091269 -0.00024632
0 -0.00152078 -0.000730869 3.04534e-05
0 -0.00148656 -0.00061794 0.000212912
0 -0.00147535 -0.000574355 0.000289911
0 -0.00148604 -0.000600355 0.000255514
0 -0.00152108 -0.000697532 0.000109753
0 -0.00158461 -0.000867496 -0.000141703
0 -0.00168117 -0.0011129 -0.000490681
0 -0.00181409 -0.0014352 -0.000930186
0 -0.00198345 -0.0018314 -0.00145531
0 -0.00218456 -0.00229448 -0.00206349
0 -0.00240854 -0.00281535 -0.00275217
0 -0.00264503 -0.00338211 -0.00351577
0 -0.0028854 -0.00398025 -0.00434362
0 -0.00312298 -0.00459641 -0.00521529
0 -0.00335247 -0.0052137 -0.00609826
0 -0.00357435 -0.00581081 -0.00695341
0 -0.00378991 -0.00636945 -0.00774215
0 -0.00399454 -0.0068721 -0.00843018
0 -0.00418107 -0.00730062 -0.00899142
0 -0.00433789 -0.0076389 -0.00941072
0 -0.00445069 -0.00787353 -0.00968429
0 -0.00451125 -0.00799549 -0.00981767
0 -0.00451809 -0.00800199 -0.00981922
0 -0.00447217 -0.00789837 -0.00969549
0 -0.00437822 -0.00769497 -0.00945035
0 -0.00424536 -0.00740427 -0.00908773
0 -0.00408337 -0.00704 -0.00861543
0 -0.00389984 -0.00661219 -0.00804472
0 -0.00369909 -0.00612944 -0.00739089
0 -0.00348369 -0.00560347 -0.00667347
0 -0.00325708 -0.00504588 -0.00591327
0 -0.00302396 -0.00446915 -0.0051303
0 -0.00278818 -0.00388855 -0.00434361
0 -0.00255749 -0.00332055 -0.00357153
0 -0.00234308 -0.00278169 -0.00283035
0 -0.00214975 -0.00228744 -0.00213604
0 -0.00198272 -0.00185404 -0.00150781
0 -0.00184948 -0.0014929 -0.000968982
0 -0.00174969 -0.00120976 -0.000543522
0 -0.00167977 -0.00101068 -0.000248431
0 -0.00163696 -0.000897236 -9.26642e-05
0 -0.00161796 -0.000868732 -7.54181e-05
0 -0.00162383 -0.000924652 -0.000185711
0 -0.00166061 -0.00106006 -0.00040754
0 -0.00173294 -0.00126903 -0.000722294
0 -0.00184305 -0.00154672 -0.00111427
0 -0.00198948 -0.00188709 -0.00157281
0 -0.00216315 -0.00228179 -0.0020898
0 -0.00235119 -0.00271911 -0.0026597
0 -0.00254206 -0.00318241 -0.0032766
0 -0.00272682 -0.00365393 -0.00393089
0 -0.00290094 -0.00411973 -0.00460492
0 -0.0030612 -0.00456662 -0.00527017
0 -0.00320625 -0.0049832 -0.00589215
0 -0.0033406 -0.00535927 -0.006438
0 -0.00346768 -0.00568277 -0.00688369
0 -0.00358455 -0.0059442 -0.00721634
0 -0.00368336 -0.00613571 -0.00743417
0 -0.00375259 -0.00625064 -0.00754306
0 -0.00378039 -0.00628424 -0.00755234
0 -0.00376058 -0.00623308 -0.00747222
0 -0.00369553 -0.00609916 -0.00730975
0 -0.00359373 -0.00589013 -0.00706755
0 -0.00346695 -0.00561895 -0.00674599
0 -0.00332778 -0.00530279 -0.00634731
0 -0.00318658 -0.00495675 -0.0058798
0 -0.00304859 -0.00459307 -0.00536056
0 -0.00291508 -0.00422278 -0.00481404
0 -0.00278525 -0.00385372 -0.00426693
0 -0.00265568 -0.00349459 -0.0037432
0 -0.00252511 -0.00315462 -0.0032605
0 -0.00239677 -0.00284103 -0.00283145
0 -0.00227725 -0.00256397 -0.0024644
0 -0.00217585 -0.00233147 -0.00216252
0 -0.00209921 -0.0021495 -0.00192673
0 -0.00205013 -0.00202573 -0.00175749
0 -0.00202889 -0.00196254 -0.00165631
0 -0.00203274 -0.0019573 -0.00162617
0 -0.00205759 -0.00200552 -0.00167022
0 -0.00209952 -0.00210078 -0.00178991
0 -0.00215468 -0.00223689 -0.00198235
0 -0.00221941 -0.00240923 -0.00223947
0 -0.00229181 -0.00261325 -0.00254876
0 -0.00237245 -0.00284293 -0.00289594
0 -0.00246285 -0.00309335 -0.00326721
0 -0.00256351 -0.0033599 -0.00364882
0 -0.0026723 -0.00363361 -0.00402818
0 -0.00278451 -0.00390592 -0.00439517
0 -0.00289379 -0.00416963 -0.00474121
0 -0.00299406 -0.00441307 -0.00506032
0 -0.00308036 -0.00462565 -0.00534663
0 -0.00314896 -0.00480128 -0.00559246
0 -0.00319814 -0.00493505 -0.00578898
0 -0.00322777 -0.00502419 -0.0059268
0 -0.00323954 -0.00506818 -0.00599876
0 -0.00323622 -0.00506703 -0.00600116
0 -0.00321952 -0.00502138 -0.00593478
0 -0.00318943 -0.00493342 -0.00580466
0 -0.0031451 -0.00480703 -0.00561913
0 -0.0030861 -0.00464697 -0.00538879
0 -0.00301333 -0.00445916 -0.00512504
0 -0.00292955 -0.00425035 -0.0048389
0 -0.00283928 -0.0040283 -0.00454036
0 -0.00274834 -0.00380274 -0.00423816
0 -0.00266164 -0.00358402 -0.00394064
0 -0.00258258 -0.0033804 -0.00365601
0 -0.00251428 -0.00319788 -0.00339268
0 -0.00245818 -0.00304207 -0.00316002
0 -0.00241436 -0.0029168 -0.00296776
0 -0.00238283 -0.00282358 -0.00282406
0 -0.00236264 -0.00276403 -0.00273437
0 -0.00235294 -0.00273977 -0.00270149
0 -0.00235451 -0.00275128 -0.002725
0 -0.00236859 -0.00279808 -0.00280158
0 -0.00239608 -0.00287866 -0.00292597
0 -0.0024372 -0.00299027 -0.00309115
0 -0.00249069 -0.00312953 -0.00328958
0 -0.00255396 -0.00329142 -0.00351404
0 -0.00262413 -0.00346897 -0.0037576
0 -0.00269798 -0.00365513 -0.00401377
0 -0.00277215 -0.00384348 -0.00427543
0 -0.00284383 -0.00402841 -0.00453448
0 -0.00291113 -0.00420453 -0.00478224
0 -0.00297289 -0.00436615 -0.00500985
0 -0.00302748 -0.00450856 -0.00520958
0 -0.00307397 -0.00462764 -0.00537486
0 -0.00311153 -0.00472007 -0.00550074
0 -0.00313812 -0.00478342 -0.00558418
0 -0.00315219 -0.00481541 -0.00562389
0 -0.00315299 -0.0048151 -0.00562038
0 -0.0031402 -0.00478277 -0.00557522
0 -0.00311427 -0.00471952 -0.00549069
0 -0.00307669 -0.00462835 -0.00536963
0 -0.00302947 -0.0045132 -0.00521547
0 -0.00297477 -0.00437826 -0.00503271
0 -0.00291523 -0.00422859 -0.00482708
0 -0.0028532 -0.00406954 -0.0046056
0 -0.00279085 -0.00390629 -0.00437616
0 -0.00272951 -0.00374417 -0.00414699
0 -0.00266972 -0.00358803 -0.00392605
0 -0.00261335 -0.00344214 -0.00372045
0 -0.00256238 -0.00331079 -0.00353607
0 -0.0025181 -0.0031979 -0.00337776
0 -0.00248244 -0.00310642 -0.0032496
0 -0.00245673 -0.00303881 -0.00315454
0 -0.00244118 -0.00299702 -0.00309461
0 -0.00243595 -0.00298168 -0.00307106
0 -0.00244077 -0.00299243 -0.00308414
0 -0.00245485 -0.00302826 -0.00313323
0 -0.00247771 -0.00308738 -0.00321649
0 -0.00250846 -0.00316773 -0.00333082
0 -0.00254579 -0.00326655 -0.00347199
0 -0.00258864 -0.00338005 -0.00363473
0 -0.00263597 -0.00350492 -0.00381323
0 -0.00268637 -0.00363739 -0.00400135
0 -0.00273859 -0.00377291 -0.00419267
0 -0.00279138 -0.00390806 -0.00438084
0 -0.00284261 -0.00403882 -0.00456008
0 -0.00289107 -0.00416018 -0.00472521
0 -0.00293526 -0.00426857 -0.00487205
0 -0.00297235 -0.00436068 -0.00499701
0 -0.0030012 -0.00443321 -0.00509687
0 -0.00302126 -0.00448467 -0.00516906
0 -0.00303173 -0.00451404 -0.00521155
0 -0.00303322 -0.00452067 -0.00522317
0 -0.00302651 -0.00450516 -0.00520368
0 -0.00301199 -0.00446875 -0.00515399
0 -0.00299044 -0.00441299 -0.00507619
0 -0.00296253 -0.00434009 -0.00497361
0 -0.00292881 -0.00425268 -0.00485056
0 -0.00289028 -0.00415356 -0.00471197
0 -0.00284817 -0.00404604 -0.00456297
0 -0.00280404 -0.00393391 -0.00440854
0 -0.00275939 -0.00382066 -0.00425339
0 -0.00271532 -0.00371009 -0.00410196
0 -0.00267391 -0.00360605 -0.00395826
0 -0.00263703 -0.00351137 -0.003826
0 -0.00260535 -0.0034287 -0.00370892
0 -0.00257977 -0.00336064 -0.00361034
0 -0.00256109 -0.00330867 -0.00353338
0 -0.00254891 -0.00327359 -0.00348071
0 -0.00254278 -0.00325598 -0.00345394
0 -0.00254285 -0.00325592 -0.00345366
0 -0.00254884 -0.00327296 -0.00347935
0 -0.00256052 -0.00330632 -0.00352929
0 -0.00257815 -0.00335492 -0.0036009
0 -0.00260131 -0.00341709 -0.00369096
0 -0.00262929 -0.00349063 -0.00379571
