0 -0.00733885 -0.0132412 -0.019392
0 -0.00731399 -0.0131782 -0.0193039
0 -0.00728932 -0.0131153 -0.0192158
0 -0.00726483 -0.0130531 -0.0191285
0 -0.0072406 -0.0129923 -0.0190427
0 -0.00721677 -0.0129331 -0.018959
0 -0.00719361 -0.0128758 -0.0188778
0 -0.00717134 -0.0128211 -0.0188
0 -0.00715014 -0.0127693 -0.0187261
0 -0.00713028 -0.0127205 -0.0186567
0 -0.007112 -0.0126751 -0.0185924
0 -0.0070954 -0.0126334 -0.0185335
0 -0.00708055 -0.0125956 -0.0184805
0 -0.0070675 -0.0125623 -0.0184336
0 -0.00705626 -0.0125334 -0.0183932
0 -0.00704681 -0.0125094 -0.0183594
0 -0.00703918 -0.0124903 -0.0183325
0 -0.0070334 -0.0124763 -0.0183124
0 -0.00702954 -0.0124673 -0.0182994
0 -0.00702769 -0.0124634 -0.0182935
0 -0.00702791 -0.0124644 -0.0182948
0 -0.00703021 -0.0124704 -0.018303
0 -0.00703457 -0.0124811 -0.0183183
0 -0.00704093 -0.0124964 -0.0183402
0 -0.00704915 -0.0125164 -0.0183686
0 -0.00705904 -0.0125406 -0.0184031
0 -0.00707041 -0.0125688 -0.0184433
0 -0.00708307 -0.0126008 -0.0184886
0 -0.00709693 -0.0126361 -0.0185387
0 -0.00711197 -0.0126746 -0.0185932
0 -0.00712817 -0.0127158 -0.0186517
0 -0.00714544 -0.0127595 -0.0187136
0 -0.00716362 -0.0128051 -0.0187784
0 -0.00718252 -0.0128522 -0.0188455
0 -0.00720198 -0.0129006 -0.0189143
0 -0.00722188 -0.0129499 -0.0189843
0 -0.00724208 -0.0129998 -0.019055
0 -0.00726238 -0.01305 -0.0191258
0 -0.00728255 -0.0130999 -0.0191962
0 -0.0073024 -0.0131493 -0.0192655
0 -0.00732185 -0.0131979 -0.0193333
0 -0.00734097 -0.0132454 -0.0193994
0 -0.00735974 -0.0132914 -0.0194635
0 -0.00737776 -0.0133353 -0.019525
0 -0.00739489 -0.0133772 -0.0195835
0 -0.00741128 -0.0134168 -0.0196389
0 -0.00742682 -0.013454 -0.019691
0 -0.00744116 -0.0134884 -0.0197395
0 -0.00745389 -0.0135197 -0.0197836
0 -0.0074645 -0.0135469 -0.0198225
0 -0.0074725 -0.0135696 -0.0198557
0 -0.00747764 -0.013587 -0.0198826
0 -0.0074799 -0.0135987 -0.0199027
0 -0.0074795 -0.0136045 -0.0199154
0 -0.00747668 -0.013604 -0.0199204
0 -0.00747153 -0.013597 -0.0199173
0 -0.00746412 -0.0135838 -0.0199056
0 -0.00745492 -0.0135648 -0.0198852
0 -0.00744505 -0.0135415 -0.0198571
0 -0.00743572 -0.0135156 -0.0198224
0 -0.00742761 -0.0134884 -0.0197822
0 -0.00742076 -0.0134611 -0.0197374
0 -0.00741476 -0.013434 -0.019689
0 -0.00740921 -0.0134075 -0.019638
0 -0.00740373 -0.0133817 -0.0195856
0 -0.00739798 -0.0133565 -0.019533
0 -0.00739156 -0.0133314 -0.0194816
0 -0.00738408 -0.0133058 -0.0194324
0 -0.00737533 -0.0132793 -0.0193862
0 -0.0073655 -0.0132521 -0.0193439
0 -0.00735507 -0.0132249 -0.0193067
0 -0.00734467 -0.0131987 -0.0192753
0 -0.00733463 -0.0131746 -0.0192497
0 -0.00732495 -0.0131533 -0.0192298
0 -0.00731575 -0.0131354 -0.019215
0 -0.00730686 -0.013121 -0.0192044
0 -0.00729691 -0.0131085 -0.0191957
0 -0.00728363 -0.0130949 -0.0191855
0 -0.0072653 -0.0130763 -0.0191703
0 -0.00724254 -0.0130509 -0.0191484
0 -0.00721903 -0.0130201 -0.0191213
0 -0.00719935 -0.012987 -0.0190916
0 -0.00718537 -0.0129535 -0.0190597
0 -0.0071746 -0.0129186 -0.019023
0 -0.00716259 -0.0128801 -0.018977
0 -0.00714748 -0.0128379 -0.0189206
0 -0.00713203 -0.0127958 -0.0188571
0 -0.00712141 -0.0127595 -0.0187927
0 -0.00711903 -0.0127327 -0.0187326
0 -0.00712481 -0.0127163 -0.0186796
0 -0.0071366 -0.0127095 -0.0186351
0 -0.00715181 -0.0127111 -0.0186003
0 -0.00716703 -0.0127187 -0.0185758
0 -0.00717719 -0.0127277 -0.0185594
0 -0.00717717 -0.0127317 -0.0185479
0 -0.00716578 -0.0127272 -0.0185401
0 -0.00714863 -0.0127168 -0.0185398
0 -0.00713557 -0.0127082 -0.0185541
0 -0.00713415 -0.0127092 -0.0185882
0 -0.00714513 -0.0127233 -0.0186415
0 -0.00716405 -0.0127507 -0.0187083
0 -0.00718581 -0.0127907 -0.0187832
0 -0.00720741 -0.0128428 -0.0188628
0 -0.00722755 -0.0129057 -0.0189452
0 -0.00724528 -0.0129752 -0.0190282
0 -0.00725965 -0.013045 -0.0191091
0 -0.00727012 -0.0131083 -0.0191857
0 -0.00727637 -0.0131587 -0.0192551
0 -0.00727744 -0.0131911 -0.0193139
0 -0.00727081 -0.0132007 -0.0193567
0 -0.00725276 -0.0131831 -0.0193769
0 -0.00722106 -0.0131368 -0.0193684
0 -0.00717862 -0.0130662 -0.0193299
0 -0.00713289 -0.0129805 -0.0192652
0 -0.00709074 -0.0128886 -0.019178
0 -0.00705392 -0.0127949 -0.0190678
0 -0.00702026 -0.0126996 -0.0189327
0 -0.00698851 -0.0126034 -0.0187743
0 -0.00696055 -0.0125089 -0.0185978
0 -0.00693954 -0.012419 -0.0184109
0 -0.0069272 -0.0123353 -0.0182214
0 -0.00692242 -0.0122579 -0.018036
0 -0.00692101 -0.0121849 -0.0178592
0 -0.00691697 -0.012113 -0.0176928
0 -0.00690556 -0.0120392 -0.0175388
0 -0.0068861 -0.011964 -0.0174015
0 -0.00686125 -0.0118908 -0.0172871
0 -0.00683276 -0.0118222 -0.0171983
0 -0.00679921 -0.0117576 -0.017133
0 -0.00675956 -0.0116956 -0.0170879
0 -0.00671645 -0.011638 -0.0170612
0 -0.0066735 -0.0115868 -0.0170505
0 -0.00663058 -0.0115404 -0.0170493
0 -0.00658427 -0.0114933 -0.0170473
0 -0.00653225 -0.0114395 -0.0170348
0 -0.0064749 -0.0113753 -0.0170045
0 -0.00641268 -0.0112966 -0.0169495
0 -0.00634378 -0.0111967 -0.0168609
0 -0.00626541 -0.0110682 -0.0167295
0 -0.00617735 -0.0109075 -0.0165497
0 -0.00608405 -0.0107168 -0.0163217
0 -0.00599207 -0.0105024 -0.0160495
0 -0.00590595 -0.0102714 -0.0157379
0 -0.00582721 -0.01003 -0.0153913
0 -0.00575587 -0.00978457 -0.0150152
0 -0.00569282 -0.00954323 -0.0146189
0 -0.00564259 -0.00931766 -0.0142179
0 -0.0056134 -0.00912313 -0.0138335
0 -0.00561282 -0.00897455 -0.0134887
0 -0.00564068 -0.00887934 -0.0132011
0 -0.00568528 -0.00883296 -0.0129771
0 -0.00572826 -0.00882181 -0.012815
0 -0.00575491 -0.00883139 -0.0127127
0 -0.0057603 -0.00885207 -0.0126722
0 -0.00574652 -0.00887805 -0.0126964
0 -0.00571582 -0.00890244 -0.0127821
0 -0.00566733 -0.00891555 -0.0129173
0 -0.0056003 -0.00890941 -0.0130848
0 -0.00551878 -0.00888327 -0.0132686
0 -0.00543138 -0.00884333 -0.0134549
0 -0.00534544 -0.00879626 -0.0136282
0 -0.00526239 -0.00874328 -0.0137685
0 -0.00518004 -0.00868099 -0.0138541
0 -0.00510042 -0.00860797 -0.0138709
0 -0.00503525 -0.00853078 -0.013819
0 -0.00500272 -0.00846339 -0.0137116
0 -0.00501897 -0.00842162 -0.0135685
0 -0.00509152 -0.00841855 -0.0134102
0 -0.00521814 -0.00846371 -0.0132564
0 -0.00538962 -0.00856404 -0.0131275
0 -0.00559374 -0.00872495 -0.0130456
0 -0.00581874 -0.00895073 -0.0130351
0 -0.00605533 -0.0092443 -0.0131221
0 -0.00629767 -0.00960681 -0.0133324
0 -0.00654363 -0.0100381 -0.0136894
0 -0.00679365 -0.0105374 -0.0142118
0 -0.00704939 -0.0111032 -0.0149107
0 -0.0073126 -0.0117329 -0.0157878
0 -0.00758307 -0.0124239 -0.0168352
0 -0.00785818 -0.0131735 -0.0180367
0 -0.00813633 -0.0139795 -0.0193704
0 -0.00841987 -0.0148446 -0.0208129
0 -0.00871441 -0.015774 -0.0223441
0 -0.00902664 -0.016762 -0.0239483
0 -0.00936274 -0.0177911 -0.0256013
0 -0.00972446 -0.0188437 -0.0272633
0 -0.0101053 -0.0199053 -0.0288947
0 -0.0104938 -0.0209589 -0.0304657
0 -0.0108795 -0.0219845 -0.0319494
0 -0.0112558 -0.0229611 -0.0333229
0 -0.0116174 -0.0238714 -0.034571
0 -0.0119579 -0.0247015 -0.0356834
0 -0.012268 -0.0254373 -0.0366499
0 -0.0125368 -0.0260622 -0.0374599
0 -0.0127524 -0.026559 -0.0381037
0 -0.0129034 -0.0269142 -0.038572
0 -0.0129834 -0.0271212 -0.0388593
0 -0.0129981 -0.0271845 -0.03897
0 -0.0129648 -0.0271209 -0.0389195
0 -0.0129048 -0.0269542 -0.0387286
0 -0.0128308 -0.0267071 -0.0384123
0 -0.0127402 -0.0263907 -0.0379736
0 -0.0126145 -0.0260008 -0.0374033
0 -0.012431 -0.0255238 -0.0366894
0 -0.0121766 -0.024947 -0.0358275
0 -0.0118576 -0.0242686 -0.0348298
0 -0.0114989 -0.0235008 -0.0337243
0 -0.0111336 -0.0226664 -0.0325474
0 -0.0107895 -0.0217928 -0.0313329
0 -0.0104778 -0.0209042 -0.0301026
0 -0.0101905 -0.0200172 -0.0288645
0 -0.00990934 -0.0191425 -0.027619
0 -0.00961791 -0.0182886 -0.0263691
0 -0.00931022 -0.017465 -0.0251266
0 -0.00899112 -0.0166804 -0.0239123
0 -0.00867145 -0.0159394 -0.0227493
0 -0.00836246 -0.0152409 -0.0216571
0 -0.00807081 -0.0145793 -0.0206466
0 -0.00779657 -0.0139426 -0.0197167
0 -0.00753285 -0.0133162 -0.0188582
0 -0.00726924 -0.0126925 -0.018063
0 -0.00700023 -0.0120725 -0.0173251
0 -0.00672804 -0.0114644 -0.0166375
0 -0.00645904 -0.0108817 -0.0159956
0 -0.00619871 -0.0103378 -0.0153977
0 -0.00594647 -0.00983596 -0.014834
0 -0.00569494 -0.00936323 -0.0142825
0 -0.00543849 -0.00890135 -0.0137217
0 -0.00518481 -0.00844347 -0.0131472
0 -0.00495597 -0.00799946 -0.0125721
0 -0.00477648 -0.00758664 -0.0120157
0 -0.00465695 -0.00721643 -0.0114888
0 -0.00458436 -0.00688602 -0.010986
0 -0.00452787 -0.00658036 -0.0104896
0 -0.00445821 -0.00628408 -0.00998475
0 -0.00436551 -0.00599353 -0.00947386
0 -0.00425946 -0.00571621 -0.00897586
0 -0.0041537 -0.00545833 -0.00851137
0 -0.00405315 -0.00521591 -0.00809055
0 -0.00395467 -0.0049784 -0.00771375
0 -0.00385412 -0.00473749 -0.00737811
0 -0.00375019 -0.00449186 -0.00708155
0 -0.00364412 -0.00424667 -0.00682274
0 -0.00353794 -0.00401032 -0.00659941
0 -0.00343255 -0.00379032 -0.00640647
0 -0.00332649 -0.00358978 -0.0062349
0 -0.00321771 -0.0034075 -0.00607396
0 -0.00310894 -0.00324267 -0.00591703
0 -0.00301226 -0.00310062 -0.00576741
0 -0.0029491 -0.00299608 -0.00564013
0 -0.00294486 -0.00295211 -0.00555913
0 -0.00301875 -0.00299358 -0.00554951
0 -0.00317488 -0.00313924 -0.00562999
0 -0.00340293 -0.0033996 -0.00581277
0 -0.00368656 -0.00377983 -0.0061087
0 -0.00400843 -0.00427984 -0.00652953
0 -0.00434939 -0.00488975 -0.00708452
0 -0.00468909 -0.00558767 -0.0077772
0 -0.00501089 -0.00634427 -0.00860628
0 -0.00530702 -0.00713133 -0.00956892
0 -0.00558117 -0.00792951 -0.0106633
0 -0.0058461 -0.00873198 -0.0118874
0 -0.00611492 -0.00954144 -0.0132339
0 -0.00639295 -0.0103635 -0.0146824
0 -0.00667852 -0.0112031 -0.0162006
0 -0.00697046 -0.0120667 -0.0177524
0 -0.00727064 -0.0129669 -0.019312
0 -0.00758417 -0.0139169 -0.0208661
0 -0.00791937 -0.0149111 -0.0223941
0 -0.00827779 -0.015923 -0.0238621
0 -0.00864898 -0.0169223 -0.0252427
0 -0.00902013 -0.0178843 -0.0265205
0 -0.00938254 -0.0187858 -0.0276808
0 -0.00972916 -0.0196031 -0.0287112
0 -0.0100525 -0.0203173 -0.0296078
0 -0.0103465 -0.0209223 -0.0303743
0 -0.0106091 -0.0214255 -0.0310168
0 -0.0108405 -0.0218386 -0.0315417
0 -0.0110389 -0.0221711 -0.0319559
0 -0.0112013 -0.0224325 -0.0322674
0 -0.0113289 -0.0226365 -0.0324878
0 -0.0114303 -0.0227997 -0.0326344
0 -0.0115179 -0.0229362 -0.0327276
0 -0.0116004 -0.0230544 -0.0327853
0 -0.0116791 -0.0231565 -0.0328195
0 -0.011746 -0.0232367 -0.0328333
0 -0.0117848 -0.0232803 -0.0328197
0 -0.0117763 -0.023266 -0.0327646
0 -0.0117037 -0.0231721 -0.0326515
0 -0.0115574 -0.0229801 -0.0324646
0 -0.0113391 -0.022679 -0.0321918
0 -0.0110635 -0.0222694 -0.0318274
0 -0.0107549 -0.0217646 -0.0313718
0 -0.0104396 -0.0211869 -0.0308281
0 -0.0101407 -0.0205648 -0.0302004
0 -0.00987296 -0.0199269 -0.0294916
0 -0.00963527 -0.0192909 -0.0286974
0 -0.00940664 -0.0186539 -0.0278025
0 -0.00915698 -0.0179966 -0.026789
0 -0.00886521 -0.0172961 -0.0256505
0 -0.00852756 -0.016535 -0.0243981
0 -0.00815472 -0.0157044 -0.0230577
0 -0.00776757 -0.0148064 -0.0216635
0 -0.00739236 -0.0138541 -0.0202503
0 -0.00705057 -0.0128744 -0.0188473
0 -0.00675137 -0.0119031 -0.0174772
0 -0.0064933 -0.0109737 -0.0161592
0 -0.00626622 -0.0101114 -0.0149099
0 -0.00605657 -0.0093373 -0.0137465
0 -0.00585675 -0.00867001 -0.0126852
0 -0.00566678 -0.0081199 -0.0117414
0 -0.00548891 -0.00768129 -0.0109307
0 -0.00532264 -0.00733295 -0.0102628
0 -0.00516487 -0.00704653 -0.00973814
0 -0.00501646 -0.00679979 -0.00935511
0 -0.00488825 -0.00658717 -0.00911725
0 -0.00479735 -0.00642026 -0.00903126
0 -0.0047561 -0.00631995 -0.00909901
0 -0.00476436 -0.00630701 -0.00931137
0 -0.00480871 -0.00639283 -0.00964545
0 -0.00486713 -0.0065737 -0.0100674
0 -0.00491908 -0.00683326 -0.0105426
0 -0.00495563 -0.00714957 -0.0110452
0 -0.00498333 -0.0075009 -0.0115612
0 -0.00502186 -0.0078705 -0.0120886
0 -0.00509764 -0.00825079 -0.0126339
0 -0.00523435 -0.00864446 -0.0132078
0 -0.00544458 -0.00906293 -0.0138189
0 -0.00572732 -0.00952366 -0.014472
0 -0.00606977 -0.0100461 -0.0151687
0 -0.00644955 -0.0106449 -0.0159076
0 -0.00683982 -0.011323 -0.0166844
0 -0.00722084 -0.0120727 -0.017498
0 -0.00758878 -0.012884 -0.0183589
0 -0.00795465 -0.0137498 -0.0192898
0 -0.00833449 -0.0146614 -0.020315
0 -0.00873176 -0.0156002 -0.021445
0 -0.00912731 -0.0165343 -0.0226662
0 -0.00948861 -0.0174248 -0.0239454
0 -0.00978666 -0.0182374 -0.0252445
0 -0.0100093 -0.0189573 -0.0265334
0 -0.0101657 -0.0195933 -0.0277905
0 -0.0102789 -0.0201666 -0.0289949
0 -0.0103701 -0.0206929 -0.0301223
0 -0.0104468 -0.0211724 -0.0311383
0 -0.0105046 -0.021591 -0.0319993
0 -0.010536 -0.0219294 -0.0326668
0 -0.0105392 -0.0221695 -0.0331156
0 -0.0105242 -0.0223013 -0.0333373
0 -0.0105137 -0.0223303 -0.033345
0 -0.0105363 -0.0222792 -0.0331714
0 -0.0106119 -0.0221777 -0.0328544
0 -0.0107359 -0.0220457 -0.0324209
0 -0.0108735 -0.0218833 -0.03188
0 -0.0109734 -0.021674 -0.0312302
0 -0.0109891 -0.0213953 -0.0304734
0 -0.0108938 -0.0210259 -0.0296227
0 -0.0106842 -0.0205488 -0.0287024
0 -0.0103776 -0.0199564 -0.0277435
0 -0.0100055 -0.0192541 -0.0267776
0 -0.00960319 -0.0184602 -0.0258282
0 -0.00919943 -0.0176029 -0.0249076
0 -0.00881107 -0.0167157 -0.0240165
0 -0.00843998 -0.0158302 -0.023144
0 -0.00807635 -0.0149711 -0.0222675
0 -0.00770872 -0.0141518 -0.0213593
0 -0.00732946 -0.0133711 -0.020396
0 -0.00693197 -0.0126147 -0.0193618
0 -0.00651615 -0.0118593 -0.0182514
0 -0.0061014 -0.0110872 -0.0170777
0 -0.00572295 -0.010298 -0.0158709
0 -0.00541267 -0.00950505 -0.0146635
0 -0.00518413 -0.00872409 -0.0134792
0 -0.00502785 -0.00796988 -0.0123333
0 -0.00491517 -0.00725623 -0.0112308
0 -0.00481006 -0.00659535 -0.0101707
0 -0.00468337 -0.00599617 -0.00915674
0 -0.00452316 -0.00546386 -0.00820492
0 -0.00433761 -0.00500146 -0.00734206
0 -0.00414906 -0.00461103 -0.00659965
0 -0.00398397 -0.00429326 -0.006008
0 -0.00386421 -0.00404806 -0.00559089
0 -0.00380165 -0.003877 -0.00536071
0 -0.00379762 -0.00378712 -0.00531858
0 -0.00384806 -0.00379443 -0.00546042
0 -0.00394966 -0.00392345 -0.00578332
0 -0.00410158 -0.004201 -0.00628681
0 -0.00430264 -0.00464581 -0.00696826
0 -0.00454728 -0.00525916 -0.00781837
0 -0.00482644 -0.0060237 -0.00882231
0 -0.00513373 -0.00691098 -0.00996557
0 -0.00546845 -0.00788944 -0.0112368
0 -0.00583018 -0.00892571 -0.0126223
0 -0.0062099 -0.00998294 -0.0140987
0 -0.00659069 -0.0110262 -0.0156332
0 -0.00696255 -0.0120342 -0.0171946
0 -0.00732795 -0.013009 -0.0187625
0 -0.00769199 -0.013969 -0.0203265
0 -0.00805663 -0.0149258 -0.0218799
0 -0.00841832 -0.0158748 -0.0234031
0 -0.00876843 -0.016806 -0.024858
0 -0.00910016 -0.0177111 -0.0262143
0 -0.00941231 -0.0185809 -0.0274588
0 -0.00970808 -0.0194029 -0.0285827
0 -0.0099951 -0.0201653 -0.0295825
0 -0.0102873 -0.0208656 -0.03047
0 -0.0106035 -0.0215171 -0.0312695
0 -0.0109599 -0.022143 -0.0320079
0 -0.0113588 -0.0227644 -0.0327057
0 -0.0117836 -0.0233917 -0.0333732
0 -0.0122011 -0.0240223 -0.0340102
0 -0.0125709 -0.0246388 -0.0346071
0 -0.01285 -0.0252041 -0.0351443
0 -0.0129998 -0.0256639 -0.0355958
0 -0.0130026 -0.0259657 -0.0359426
0 -0.0128786 -0.0260842 -0.0361877
0 -0.0126818 -0.0260305 -0.0363543
0 -0.0124744 -0.0258412 -0.0364677
0 -0.0122988 -0.0255602 -0.0365335
0 -0.0121589 -0.025221 -0.036526
0 -0.0120208 -0.0248348 -0.0363902
0 -0.0118328 -0.0243923 -0.0360597
0 -0.0115561 -0.0238753 -0.0354833
0 -0.0111822 -0.0232651 -0.0346406
0 -0.0107273 -0.0225394 -0.0335369
0 -0.0102144 -0.0216676 -0.0321863
0 -0.00966061 -0.0206141 -0.0306017
0 -0.00907506 -0.0193515 -0.0287932
0 -0.00846424 -0.0178741 -0.0267729
0 -0.00783793 -0.0162077 -0.0245616
0 -0.0072188 -0.0144114 -0.0221938
0 -0.0066493 -0.0125791 -0.0197255
0 -0.00617846 -0.0108409 -0.0172418
0 -0.00584066 -0.0093345 -0.0148534
0 -0.00564045 -0.00813545 -0.0126543
0 -0.00553756 -0.00722171 -0.0106672
0 -0.00544209 -0.00650007 -0.00885253
0 -0.00524462 -0.00584749 -0.00716184
0 -0.00487489 -0.00514742 -0.00557264
0 -0.0043478 -0.00432927 -0.00410676
0 -0.00376236 -0.00339971 -0.00283898
0 -0.0032485 -0.00243768 -0.00186763
0 -0.00289857 -0.00155424 -0.00125704
0 -0.00273201 -0.000848323 -0.00100472
0 -0.00270382 -0.000382331 -0.00105307
0 -0.00273852 -0.000183355 -0.00131926
0 -0.00276939 -0.000255453 -0.00172475
0 -0.00276464 -0.000581778 -0.00221868
0 -0.00273408 -0.00111915 -0.00278491
0 -0.00272213 -0.00180307 -0.0034326
0 -0.00278902 -0.00256748 -0.00418418
0 -0.00298392 -0.0033609 -0.00506228
0 -0.00331004 -0.00413572 -0.00606032
0 -0.00370123 -0.00482757 -0.00711439
0 -0.00404646 -0.00536661 -0.00811871
0 -0.00424915 -0.00571334 -0.00897595
0 -0.00427371 -0.00587982 -0.00963675
0 -0.00415522 -0.0059225 -0.0101076
0 -0.00397785 -0.00591833 -0.0104344
0 -0.00383889 -0.00594043 -0.0106757
0 -0.00381626 -0.00604334 -0.0108823
0 -0.00395166 -0.00626003 -0.0110898
0 -0.00425091 -0.00660802 -0.0113223
0 -0.00469546 -0.00709931 -0.011603
0 -0.00525574 -0.00774634 -0.011962
0 -0.00590098 -0.00856229 -0.0124415
0 -0.00661036 -0.00956403 -0.0130988
0 -0.00738412 -0.0107733 -0.0140082
0 -0.00823089 -0.0122011 -0.0152403
0 -0.00912756 -0.0138206 -0.0168274
0 -0.00998405 -0.0155425 -0.0187337
0 -0.0106539 -0.017212 -0.0208484
0 -0.0109995 -0.018655 -0.0230186
0 -0.0109595 -0.0197417 -0.0251039
0 -0.0105716 -0.0204012 -0.027019
0 -0.00994758 -0.0206172 -0.028747
0 -0.00923509 -0.020448 -0.0302826
0 -0.00858452 -0.0200238 -0.0315676
0 -0.00810937 -0.0194989 -0.0325275
0 -0.00784924 -0.0189944 -0.0331023
0 -0.00776735 -0.01857 -0.0332204
0 -0.00778759 -0.0182351 -0.0327978
0 -0.00784557 -0.0179726 -0.0317944
0 -0.00792175 -0.0177505 -0.0302675
0 -0.00804414 -0.0175334 -0.0283583
0 -0.00827156 -0.0173046 -0.0262539
0 -0.00866684 -0.0170836 -0.024177
0 -0.00926423 -0.0169232 -0.0223745
0 -0.0100427 -0.0168965 -0.0210096
0 -0.0109181 -0.0170629 -0.0200974
0 -0.0117584 -0.0174173 -0.0196492
0 -0.0124126 -0.0178992 -0.019703
0 -0.0127443 -0.0184378 -0.0202055
0 -0.0126629 -0.0189466 -0.021035
0 -0.0121474 -0.0193019 -0.0220893
0 -0.0112498 -0.019379 -0.0232841
0 -0.0100858 -0.0191217 -0.0245231
0 -0.00881959 -0.0185427 -0.0257321
0 -0.00763274 -0.0176866 -0.026894
0 -0.00667915 -0.016658 -0.0279492
0 -0.00605086 -0.0156302 -0.0287367
0 -0.00576532 -0.0147791 -0.0291202
0 -0.00576578 -0.0142117 -0.0290362
0 -0.00593797 -0.0139367 -0.0284158
0 -0.0061638 -0.0138852 -0.0271959
0 -0.00638064 -0.0139477 -0.0254118
0 -0.00658357 -0.0139973 -0.0232086
0 -0.00678517 -0.0139054 -0.0207766
0 -0.00698658 -0.0135708 -0.0183211
0 -0.0071687 -0.0129461 -0.0159682
0 -0.00728679 -0.0120107 -0.0137119
0 -0.00726645 -0.0107407 -0.0115657
0 -0.00701651 -0.00915067 -0.00958116
0 -0.00645917 -0.00732486 -0.00772537
0 -0.0055643 -0.00537511 -0.00592569
0 -0.00438039 -0.00339454 -0.00417506
0 -0.00303501 -0.00145652 -0.00251539
0 -0.00169959 0.000360353 -0.000981387
0 -0.000546633 0.00196565 0.000395352
0 0.000287815 0.00328158 0.00157577
0 0.000732029 0.00426188 0.00254035
0 0.000787787 0.00488255 0.00330598
0 0.00051652 0.00512669 0.0038995
0 1.17618e-05 0.00498677 0.00432944
0 -0.000628768 0.00447736 0.00458386
0 -0.00132734 0.00363773 0.0046295
0 -0.00203876 0.00252442 0.00440709
0 -0.00273536 0.00121265 0.0038509
0 -0.00338309 -0.000196348 0.00292254
0 -0.00394936 -0.00159557 0.00161233
0 -0.00443302 -0.00292087 -8.90922e-05
0 -0.00487195 -0.00418215 -0.00220154
0 -0.00531722 -0.00544729 -0.00473442
0 -0.0057981 -0.00679728 -0.00765767
0 -0.00630419 -0.00828827 -0.0108879
0 -0.00679653 -0.00993511 -0.0142979
0 -0.00723092 -0.0117151 -0.0177498
0 -0.00757364 -0.0135829 -0.0211252
0 -0.00780996 -0.0154535 -0.0242976
0 -0.00795009 -0.0171836 -0.0271292
0 -0.00803151 -0.0186341 -0.0295419
0 -0.00811087 -0.0197425 -0.031524
0 -0.00824943 -0.0205237 -0.0330731
0 -0.00849697 -0.0210361 -0.0341848
0 -0.00887764 -0.0213556 -0.0348748
0 -0.00938551 -0.0215702 -0.0351835
0 -0.00999098 -0.0217827 -0.0351577
0 -0.0106528 -0.022091 -0.0348475
0 -0.0113315 -0.0225504 -0.0343309
0 -0.0120026 -0.0231662 -0.0337236
0 -0.0126607 -0.0239177 -0.033161
0 -0.0133051 -0.0247701 -0.0327783
0 -0.0139192 -0.025663 -0.0326954
0 -0.0144576 -0.0265061 -0.0329523
0 -0.0148516 -0.0271992 -0.0334842
0 -0.0150289 -0.0276608 -0.0342218
0 -0.0149382 -0.0278497 -0.0351218
0 -0.0145691 -0.0277658 -0.0361225
0 -0.0139611 -0.0274438 -0.0371615
0 -0.0131926 -0.0269448 -0.0381632
0 -0.012357 -0.0263377 -0.0390197
0 -0.0115411 -0.0256819 -0.0396394
0 -0.0108162 -0.0250219 -0.0399602
0 -0.0102391 -0.0243913 -0.0399285
0 -0.00985399 -0.0238168 -0.0395089
0 -0.0096864 -0.0233176 -0.0387028
0 -0.00973154 -0.0228968 -0.037542
0 -0.00994555 -0.0225327 -0.0360656
0 -0.0102499 -0.0221764 -0.0343113
0 -0.0105492 -0.0217611 -0.0323274
0 -0.0107532 -0.0212175 -0.0301784
0 -0.0107932 -0.02049 -0.027949
0 -0.0106264 -0.0195432 -0.0257301
0 -0.0102342 -0.0183573 -0.0235555
0 -0.00961692 -0.016921 -0.0214113
0 -0.0087916 -0.0152279 -0.0193179
0 -0.00779834 -0.0132918 -0.0173023
0 -0.00668979 -0.0111603 -0.0153319
0 -0.00549866 -0.00890174 -0.0133463
0 -0.0042431 -0.00658282 -0.0113069
0 -0.00296686 -0.00426521 -0.00918771
0 -0.00175106 -0.00201543 -0.00696605
0 -0.000687858 9.01577e-05 -0.00464341
0 0.00014996 0.00197637 -0.00225537
0 0.000720555 0.00358671 0.000147065
0 0.00100949 0.00488909 0.00251065
0 0.00102393 0.00586686 0.00477251
0 0.000790913 0.00650981 0.00685544
0 0.000356954 0.00681594 0.00867631
0 -0.00021427 0.00679745 0.0101524
0 -0.000857481 0.00647858 0.0111998
0 -0.00152876 0.00588499 0.0117335
0 -0.00220314 0.00503764 0.0116754
0 -0.00285322 0.00395984 0.0109695
0 -0.00344217 0.00269483 0.00959861
0 -0.00393112 0.00131038 0.00759704
0 -0.00428827 -0.00012637 0.0050447
0 -0.00450034 -0.00157167 0.00204181
0 -0.0045822 -0.00300477 -0.00130176
0 -0.00457548 -0.00442042 -0.00486596
0 -0.00453845 -0.00582703 -0.00852808
0 -0.00453532 -0.00726477 -0.0121735
0 -0.00462784 -0.00878712 -0.015731
0 -0.0048661 -0.0103933 -0.0191365
0 -0.00527894 -0.0120374 -0.0222546
0 -0.00587321 -0.0136933 -0.0249661
0 -0.00663869 -0.0153725 -0.027259
0 -0.00755303 -0.0170982 -0.0291708
0 -0.00858643 -0.0188659 -0.0307268
0 -0.00969901 -0.0206258 -0.0319563
0 -0.0108415 -0.0223166 -0.0329344
0 -0.0119663 -0.0239104 -0.0337616
0 -0.0130332 -0.0254018 -0.0345224
0 -0.0140044 -0.0267715 -0.0352927
0 -0.0148407 -0.0279921 -0.0361469
0 -0.0155071 -0.029054 -0.0371279
0 -0.0159793 -0.0299644 -0.0382364
0 -0.016245 -0.0307247 -0.0394608
0 -0.0162995 -0.0313197 -0.0407814
0 -0.0161453 -0.0317278 -0.0421394
0 -0.0157984 -0.0319344 -0.0434406
0 -0.0152994 -0.0319384 -0.0445988
0 -0.0147171 -0.0317542 -0.0455513
0 -0.0141296 -0.0314108 -0.0462433
0 -0.0136027 -0.0309489 -0.0466217
0 -0.0131836 -0.0304153 -0.0466456
0 -0.0128986 -0.0298519 -0.0462915
0 -0.0127485 -0.0292855 -0.0455469
0 -0.0127076 -0.0287215 -0.0444091
0 -0.0127312 -0.0281459 -0.0428958
0 -0.0127699 -0.0275294 -0.0410511
0 -0.0127814 -0.0268339 -0.0389412
0 -0.0127337 -0.0260196 -0.0366475
0 -0.0125982 -0.0250482 -0.0342538
0 -0.0123418 -0.0238859 -0.031835
0 -0.0119304 -0.0225081 -0.0294479
0 -0.0113433 -0.0209088 -0.027108
0 -0.0105849 -0.0191086 -0.0248034
0 -0.00968171 -0.0171514 -0.022546
0 -0.00867571 -0.0150914 -0.0203589
0 -0.00761709 -0.0129833 -0.018226
0 -0.00653948 -0.0108701 -0.0161057
0 -0.00545264 -0.00878094 -0.0139674
0 -0.00437453 -0.00673937 -0.01179
0 -0.00334828 -0.00476713 -0.00955212
0 -0.00242558 -0.00288341 -0.00724309
0 -0.00164538 -0.00110669 -0.00487386
0 -0.00102465 0.000545022 -0.00247034
0 -0.000561832 0.00205612 -6.29104e-05
0 -0.000243172 0.00341662 0.0023152
0 -4.47697e-05 0.0046235 0.004627
0 6.82508e-05 0.00568028 0.00683418
0 0.000138639 0.00659748 0.0088982
0 0.000207574 0.00739297 0.0107791
0 0.000304497 0.00808935 0.0124376
0 0.000442302 0.00870811 0.0138378
0 0.000618577 0.0092628 0.0149486
0 0.000820862 0.00975555 0.0157441
0 0.00103337 0.0101782 0.0162084
0 0.00124298 0.0105179 0.0163444
0 0.00144301 0.0107623 0.0161781
0 0.00163201 0.0108989 0.0157523
0 0.0018064 0.0109136 0.0151172
0 0.00195244 0.0107912 0.0143216
0 0.00204712 0.0105184 0.013405
0 0.00206571 0.0100896 0.0123982
0 0.00198691 0.00951005 0.0113283
0 0.00179429 0.00879218 0.0102173
0 0.00147601 0.00794757 0.00907582
0 0.00102496 0.00698048 0.0078982
0 0.000439828 0.0058845 0.00666354
0 -0.000275165 0.00464331 0.00533869
0 -0.00110861 0.00323746 0.00388397
0 -0.00203816 0.00165373 0.00226035
0 -0.00303165 -0.000109536 0.000433393
0 -0.00405546 -0.00204285 -0.00162704
0 -0.0050826 -0.00412764 -0.00394696
0 -0.00609839 -0.00633668 -0.00654368
0 -0.00709843 -0.00863495 -0.00941921
0 -0.00806768 -0.0109893 -0.0125578
0 -0.00897268 -0.0133704 -0.0159262
0 -0.00978578 -0.0157364 -0.0194751
0 -0.0105043 -0.0180407 -0.0231461
0 -0.0111519 -0.0202585 -0.0268909
0 -0.0117667 -0.0223974 -0.0306884
0 -0.0123812 -0.0244884 -0.0344966
0 -0.0130126 -0.0265642 -0.0382174
0 -0.0136709 -0.028638 -0.0417705
0 -0.0143656 -0.0307046 -0.0451281
0 -0.0151011 -0.0327559 -0.0482671
0 -0.015873 -0.0347856 -0.0511538
0 -0.0166699 -0.0367804 -0.0537696
0 -0.0174786 -0.0387121 -0.0561244
0 -0.0182853 -0.0405397 -0.0582336
0 -0.0190724 -0.0422189 -0.0601003
0 -0.0198172 -0.0437097 -0.0617261
0 -0.0204954 -0.0449831 -0.0631225
0 -0.0210886 -0.0460266 -0.0643003
0 -0.021587 -0.0468437 -0.0652671
0 -0.0219882 -0.0474492 -0.0660325
0 -0.0222891 -0.0478618 -0.066603
0 -0.0224819 -0.0480991 -0.0669753
0 -0.0225544 -0.0481736 -0.0671391
0 -0.0224951 -0.0480895 -0.0670848
0 -0.0222973 -0.0478415 -0.0668058
0 -0.0219703 -0.0474169 -0.0662994
0 -0.0215484 -0.0468024 -0.0655677
0 -0.0210715 -0.045996 -0.0646187
0 -0.0205696 -0.0450124 -0.0634648
0 -0.0200666 -0.0438794 -0.0621188
0 -0.0195798 -0.0426319 -0.0605901
0 -0.0191137 -0.0413075 -0.0588853
0 -0.0186595 -0.0399425 -0.0570122
0 -0.0182021 -0.0385662 -0.0549853
0 -0.0177289 -0.0371945 -0.052828
0 -0.0172315 -0.0358268 -0.0505698
0 -0.0167019 -0.034446 -0.0482414
0 -0.0161305 -0.0330235 -0.0458711
0 -0.0155066 -0.0315256 -0.0434819
0 -0.0148204 -0.0299203 -0.0410881
0 -0.0140629 -0.028184 -0.0386918
0 -0.0132278 -0.0263051 -0.0362834
0 -0.0123173 -0.0242846 -0.0338439
0 -0.0113402 -0.0221373 -0.0313485
0 -0.0103036 -0.0198896 -0.0287726
0 -0.00921503 -0.0175696 -0.0260965
0 -0.00808984 -0.0151999 -0.0233038
0 -0.00695061 -0.0127975 -0.0203799
0 -0.00582439 -0.0103749 -0.0173141
0 -0.00473798 -0.00794187 -0.0141056
0 -0.00370951 -0.00550802 -0.0107646
0 -0.00274583 -0.00308493 -0.00730729
0 -0.0018467 -0.000686012 -0.00375562
0 -0.00100827 0.00167512 -0.000143978
0 -0.000222963 0.00398452 0.0034862
0 0.000523212 0.00622895 0.00709629
0 0.00124978 0.00839916 0.0106487
0 0.00197511 0.0104919 0.0141019
0 0.00271033 0.012508 0.0174138
0 0.00345789 0.0144481 0.0205465
0 0.00421379 0.0163094 0.0234664
0 0.00497116 0.0180858 0.026144
0 0.00572378 0.0197705 0.0285587
0 0.00646843 0.0213564 0.030701
0 0.00720515 0.0228377 0.0325722
0 0.00793576 0.0242096 0.0341823
0 0.00866156 0.0254694 0.0355472
0 0.00938081 0.0266153 0.0366884
0 0.0100873 0.0276462 0.0376299
0 0.0107702 0.0285618 0.038394
0 0.0114128 0.0293622 0.0390002
0 0.0119921 0.0300446 0.0394642
0 0.01248 0.0305996 0.0397961
0 0.0128492 0.0310128 0.0400012
0 0.013079 0.0312696 0.0400844
0 0.0131563 0.031358 0.0400505
0 0.013076 0.0312661 0.0399011
0 0.0128438 0.0309801 0.0396304
0 0.012478 0.0304875 0.0392249
0 0.0119993 0.0297812 0.0386629
0 0.0114256 0.0288606 0.037915
0 0.0107736 0.0277304 0.036944
0 0.0100574 0.0263991 0.035708
0 0.00928712 0.0248789 0.0341658
0 0.00847102 0.0231855 0.0322841
0 0.00761789 0.0213344 0.0300409
0 0.00673519 0.019335 0.0274252
0 0.00582762 0.0171897 0.0244372
0 0.00489839 0.0148967 0.0210904
0 0.00394877 0.012453 0.0174117
0 0.0029718 0.00985391 0.0134358
0 0.00194155 0.0070917 0.00919894
0 0.000825993 0.00415504 0.00473611
0 -0.000384355 0.00102015 8.1093e-05
0 -0.00168199 -0.00232718 -0.00473145
0 -0.00305765 -0.00584776 -0.0096705
0 -0.00449966 -0.00947509 -0.0147146
0 -0.00599718 -0.0131651 -0.0198296
0 -0.00754441 -0.0168976 -0.0249642
0 -0.00914001 -0.020658 -0.0300887
0 -0.0107823 -0.0244214 -0.0351895
0 -0.0124629 -0.028148 -0.0402408
0 -0.014165 -0.0317966 -0.0452088
0 -0.0158692 -0.0353428 -0.0500624
0 -0.0175563 -0.0387816 -0.0547756
0 -0.0192043 -0.0421145 -0.0593247
0 -0.0207902 -0.0453354 -0.063683
0 -0.0222947 -0.0484293 -0.067827
0 -0.0237065 -0.0513785 -0.0717457
0 -0.0250354 -0.0541667 -0.0754381
0 -0.0263151 -0.05678 -0.0789036
0 -0.0275376 -0.059207 -0.0821386
0 -0.0286403 -0.0614327 -0.0851374
0 -0.0296077 -0.0634332 -0.0878917
0 -0.0304749 -0.0651818 -0.0903874
0 -0.031224 -0.0666601 -0.0926032
0 -0.0317914 -0.0678548 -0.0945118
0 -0.0321519 -0.0687503 -0.0960819
0 -0.0323202 -0.0693352 -0.097281
0 -0.0322964 -0.0696063 -0.0980783
0 -0.0320666 -0.0695525 -0.0984478
0 -0.0316421 -0.0691534 -0.0983675
0 -0.0310619 -0.0684006 -0.0978153
0 -0.0303613 -0.0672966 -0.0967675
0 -0.0295605 -0.065843 -0.095202
0 -0.0286758 -0.0640459 -0.0930989
0 -0.0277261 -0.0619294 -0.0904471
0 -0.0267243 -0.0595243 -0.0872538
0 -0.0256692 -0.0568539 -0.0835386
0 -0.0245543 -0.0539402 -0.0793303
0 -0.0233788 -0.0508097 -0.0746747
0 -0.0221475 -0.0474878 -0.0696319
0 -0.020871 -0.0439961 -0.0642739
0 -0.0195726 -0.0403617 -0.058681
0 -0.0182719 -0.0366365 -0.0529361
0 -0.0169616 -0.0328751 -0.0471198
0 -0.0156243 -0.0290864 -0.0413163
0 -0.0142529 -0.0252623 -0.035604
0 -0.0128491 -0.0214246 -0.0300189
0 -0.0114258 -0.0176212 -0.0245683
0 -0.010004 -0.0139146 -0.0192859
0 -0.00860159 -0.0103657 -0.0142291
0 -0.00723019 -0.00701565 -0.0094427
0 -0.00589709 -0.003882 -0.00494844
0 -0.00461066 -0.000972067 -0.000763939
0 -0.00338549 0.00170217 0.00307778
0 -0.00224094 0.00412242 0.00653984
0 -0.00119578 0.00627357 0.00960279
0 -0.000263837 0.00815373 0.0122611
0 0.000549617 0.00977551 0.0145109
0 0.00124837 0.0111576 0.0163528
0 0.00184172 0.0123143 0.0177994
0 0.00234056 0.0132509 0.0188716
0 0.00275478 0.0139663 0.0195895
0 0.00309123 0.0144577 0.0199742
0 0.00335211 0.0147286 0.0200515
0 0.0035349 0.0147925 0.0198491
0 0.00363703 0.0146623 0.019393
0 0.00365692 0.0143467 0.0187081
0 0.00358646 0.0138559 0.0178177
0 0.00341295 0.0132029 0.0167438
0 0.00312989 0.0124 0.015507
0 0.00274122 0.0114563 0.0141265
0 0.00225968 0.0103762 0.0126188
0 0.00170125 0.00916279 0.0109961
0 0.00107978 0.00782129 0.00926454
0 0.000407419 0.00635921 0.00742506
0 -0.000303516 0.00478629 0.00547432
0 -0.0010425 0.00311599 0.00340669
0 -0.00180224 0.00136637 0.00121714
0 -0.00257594 -0.00044142 -0.00109554
0 -0.00335439 -0.00228635 -0.00352711
0 -0.00412763 -0.00414992 -0.00606757
0 -0.00488784 -0.00601689 -0.00870067
0 -0.00563264 -0.00787557 -0.0114038
0 -0.00636218 -0.00971974 -0.0141498
0 -0.00706878 -0.0115535 -0.0169108
0 -0.00774437 -0.0133821 -0.0196622
0 -0.00839477 -0.0151945 -0.0223859
0 -0.00903148 -0.016973 -0.0250716
0 -0.00966143 -0.0187056 -0.0276989
0 -0.0102882 -0.0203838 -0.0302258
0 -0.0109118 -0.0220022 -0.0326189
0 -0.0115264 -0.0235556 -0.0348631
0 -0.0121229 -0.0250326 -0.0369442
0 -0.0126925 -0.0264158 -0.0388459
0 -0.0132264 -0.0276906 -0.0405551
0 -0.0137155 -0.0288478 -0.0420678
0 -0.014154 -0.0298801 -0.0433878
0 -0.0145409 -0.0307791 -0.0445204
0 -0.014877 -0.0315384 -0.0454715
0 -0.0151619 -0.0321571 -0.0462503
0 -0.0153938 -0.0326394 -0.0468654
0 -0.0155708 -0.0329916 -0.0473218
0 -0.0156936 -0.0332218 -0.0476254
0 -0.0157662 -0.0333411 -0.0477861
0 -0.0157963 -0.0333644 -0.0478162
0 -0.0157931 -0.0333085 -0.0477291
0 -0.0157653 -0.033189 -0.0475389
0 -0.0157193 -0.0330185 -0.047259
0 -0.0156583 -0.0328042 -0.0469005
0 -0.0155805 -0.0325483 -0.0464711
0 -0.0154806 -0.0322493 -0.0459762
0 -0.0153512 -0.0319015 -0.0454191
0 -0.0151835 -0.0314951 -0.0447994
0 -0.0149675 -0.0310164 -0.0441122
0 -0.0146929 -0.0304492 -0.0433484
0 -0.0143504 -0.0297766 -0.0424947
0 -0.0139338 -0.0289826 -0.0415346
0 -0.0134423 -0.0280554 -0.0404511
0 -0.0128805 -0.0269893 -0.0392279
0 -0.0122558 -0.0257835 -0.0378481
0 -0.0115748 -0.0244386 -0.036293
0 -0.0108415 -0.0229554 -0.0345421
0 -0.0100597 -0.0213362 -0.0325774
0 -0.0092365 -0.0195856 -0.0303869
0 -0.00838499 -0.0177117 -0.0279674
0 -0.00752745 -0.0157257 -0.0253245
0 -0.00668722 -0.0136442 -0.0224728
0 -0.00586615 -0.0114979 -0.0194378
0 -0.0050507 -0.0093241 -0.0162623
0 -0.00424308 -0.00713912 -0.012988
0 -0.00346418 -0.00494164 -0.00963802
0 -0.00273155 -0.00274861 -0.00625174
0 -0.00205022 -0.000605355 -0.00289823
0 -0.00142294 0.00143641 0.000355025
0 -0.000860896 0.00333548 0.00344879
0 -0.000382434 0.00505674 0.00631882
0 -3.24677e-06 0.00656197 0.00889691
0 0.000270487 0.00781002 0.0111222
0 0.000439507 0.00876455 0.0129449
0 0.000504248 0.00940021 0.0143203
0 0.000461418 0.00970239 0.015205
0 0.000306883 0.00966228 0.0155601
0 4.03986e-05 0.0092723 0.0153534
0 -0.000335168 0.00852765 0.01456
0 -0.000816939 0.00743477 0.0131708
0 -0.00139776 0.00601371 0.011199
0 -0.00206201 0.00428927 0.00867513
0 -0.00279032 0.00228716 0.00564388
0 -0.00356598 3.9116e-05 0.0021648
0 -0.00437656 -0.00241522 -0.0016904
0 -0.00521467 -0.00503272 -0.00584311
0 -0.00608381 -0.00777229 -0.0102115
0 -0.00700015 -0.0106106 -0.0147124
0 -0.00796711 -0.0135314 -0.0192644
0 -0.0089539 -0.0164739 -0.0238042
0 -0.00991792 -0.0193408 -0.0282636
0 -0.0108311 -0.0220544 -0.0325315
0 -0.0116824 -0.024574 -0.0365002
0 -0.0124655 -0.0268775 -0.0401076
0 -0.013162 -0.0289373 -0.0433083
0 -0.0137401 -0.0307052 -0.0460466
0 -0.0141725 -0.0321235 -0.0482627
0 -0.014453 -0.0331522 -0.049922
0 -0.0145957 -0.0337846 -0.0510207
0 -0.0146226 -0.034038 -0.0515606
0 -0.0145504 -0.0339333 -0.0515418
0 -0.0143915 -0.0334865 -0.0509796
0 -0.0141609 -0.0327238 -0.0499067
0 -0.0138754 -0.0316953 -0.048362
0 -0.0135447 -0.0304591 -0.0463921
0 -0.0131718 -0.0290609 -0.0440574
0 -0.0127598 -0.0275365 -0.0414307
0 -0.0123183 -0.0259236 -0.0385958
0 -0.0118618 -0.0242638 -0.0356459
0 -0.0114038 -0.0225951 -0.0326753
0 -0.0109505 -0.0209491 -0.0297745
0 -0.0105013 -0.019357 -0.027032
0 -0.0100524 -0.0178527 -0.0245083
0 -0.00959901 -0.0164531 -0.0222146
0 -0.00914011 -0.0151484 -0.0201646
0 -0.00867969 -0.0139327 -0.0183996
0 -0.00822305 -0.0128273 -0.0169432
0 -0.00777795 -0.0118651 -0.0157917
0 -0.00735442 -0.0110636 -0.014937
0 -0.00696257 -0.0104175 -0.0143672
0 -0.00661308 -0.00991552 -0.0140546
0 -0.00631702 -0.00955742 -0.0139626
0 -0.00608469 -0.00934914 -0.0140591
0 -0.00592478 -0.00928735 -0.0143149
0 -0.00584362 -0.00935944 -0.0146978
0 -0.00584432 -0.00955517 -0.0151774
0 -0.0059266 -0.00986965 -0.0157318
0 -0.00608674 -0.0102961 -0.0163462
0 -0.00631747 -0.0108217 -0.0170088
0 -0.00660781 -0.0114299 -0.017712
0 -0.00694305 -0.0121046 -0.0184532
0 -0.00730641 -0.0128299 -0.0192329
0 -0.00768363 -0.0135892 -0.0200531
0 -0.00806582 -0.014366 -0.0209176
0 -0.00844371 -0.0151459 -0.02183
0 -0.00880401 -0.0159172 -0.022791
0 -0.00913554 -0.0166711 -0.0237963
0 -0.00942958 -0.0173987 -0.0248361
0 -0.00967877 -0.0180906 -0.0258981
0 -0.00988309 -0.0187409 -0.0269707
0 -0.0100514 -0.0193481 -0.0280419
0 -0.0101954 -0.0199121 -0.0290923
0 -0.0103231 -0.0204339 -0.0300968
0 -0.010437 -0.0209131 -0.0310279
0 -0.0105352 -0.0213435 -0.0318545
0 -0.0106126 -0.0217122 -0.032545
0 -0.0106624 -0.0220025 -0.0330715
0 -0.0106773 -0.0221954 -0.0334104
0 -0.0106503 -0.0222707 -0.0335429
0 -0.0105756 -0.022207 -0.0334552
0 -0.0104494 -0.0219866 -0.0331391
0 -0.0102689 -0.021598 -0.0325913
0 -0.0100313 -0.0210361 -0.0318117
0 -0.0097321 -0.0203 -0.0308018
0 -0.00936541 -0.0193915 -0.0295628
0 -0.00892646 -0.0183154 -0.0280975
0 -0.00841374 -0.0170802 -0.0264123
0 -0.00783396 -0.0156983 -0.0245186
0 -0.00720672 -0.0141885 -0.0224345
0 -0.00655354 -0.0125786 -0.0201844
0 -0.00588407 -0.0108974 -0.0177996
0 -0.0052021 -0.00916124 -0.01531
0 -0.00451855 -0.0073784 -0.0127364
0 -0.00384801 -0.00556526 -0.0101019
0 -0.00319794 -0.00374954 -0.00744003
0 -0.00256863 -0.00196011 -0.00478411
0 -0.00196135 -0.000219442 -0.00216602
0 -0.00138396 0.00145179 0.000377517
0 -0.000848912 0.00302812 0.0028046
0 -0.000368084 0.00448071 0.00507395
0 4.96745e-05 0.00578382 0.00714811
0 0.000397017 0.00691714 0.00899125
0 0.00066631 0.00786269 0.0105678
0 0.000850567 0.00860167 0.0118449
0 0.000945442 0.00911484 0.0127945
0 0.000949168 0.00938484 0.0133918
0 0.000860706 0.00939758 0.013614
0 0.000679464 0.00914199 0.0134396
0 0.000404325 0.00861033 0.0128497
0 3.05802e-05 0.0077974 0.0118296
0 -0.000448224 0.00669785 0.0103701
0 -0.00103598 0.0053071 0.00846757
0 -0.00173441 0.00362393 0.00612454
0 -0.00254517 0.00164985 0.003349
0 -0.00346983 -0.000613019 0.000153218
0 -0.00450836 -0.00316159 -0.00344665
0 -0.00565921 -0.0059893 -0.00743011
0 -0.00692643 -0.0090841 -0.0117719
0 -0.00832715 -0.0124301 -0.0164427
0 -0.00986163 -0.0160236 -0.0214101
0 -0.0114823 -0.0198629 -0.0266428
0 -0.0131292 -0.0238956 -0.0321211
0 -0.0147692 -0.0280285 -0.0378168
0 -0.0163924 -0.0321863 -0.0436582
0 -0.017999 -0.036327 -0.0495661
0 -0.0195863 -0.0404194 -0.0554896
0 -0.0211414 -0.0444219 -0.0613817
0 -0.0226425 -0.0482792 -0.0671735
0 -0.0240655 -0.0519335 -0.0727791
0 -0.0253854 -0.0553377 -0.0781166
0 -0.0265742 -0.0584598 -0.0831153
0 -0.0276304 -0.0612759 -0.0877053
0 -0.0285672 -0.0637618 -0.091817
0 -0.0293377 -0.0659052 -0.0953937
0 -0.0298836 -0.0676947 -0.0983968
0 -0.0302191 -0.0690717 -0.100798
0 -0.0303578 -0.0699643 -0.10257
0 -0.0302833 -0.0703646 -0.103686
0 -0.0300364 -0.0703014 -0.104134
0 -0.0296925 -0.0697878 -0.103915
0 -0.0292714 -0.0688548 -0.103036
0 -0.028768 -0.0675767 -0.101511
0 -0.0282101 -0.0660225 -0.0993666
0 -0.0276272 -0.0642326 -0.0966441
0 -0.0270201 -0.0622475 -0.0934073
0 -0.0263783 -0.0601079 -0.0897408
0 -0.0257016 -0.0578368 -0.0857412
0 -0.0249993 -0.0554506 -0.0815145
0 -0.0242779 -0.0529724 -0.0771712
0 -0.0235322 -0.0504266 -0.0728142
0 -0.022747 -0.047842 -0.0685299
0 -0.021906 -0.0452549 -0.0643835
0 -0.0209993 -0.0426838 -0.0604192
0 -0.0200237 -0.040115 -0.0566632
0 -0.0189672 -0.0375345 -0.0531168
0 -0.0178128 -0.0349437 -0.0497571
0 -0.0165652 -0.0323472 -0.0465584
0 -0.0152519 -0.0297506 -0.0434983
0 -0.013907 -0.0271607 -0.0405476
0 -0.0125658 -0.0245782 -0.0376685
0 -0.0112599 -0.0219983 -0.0348168
0 -0.0100055 -0.0194237 -0.0319437
0 -0.00880217 -0.0168691 -0.0290057
0 -0.00764273 -0.0143527 -0.0259691
0 -0.00652365 -0.0118863 -0.0228098
0 -0.0054468 -0.00947483 -0.0195186
0 -0.00441479 -0.00712032 -0.0161054
0 -0.003428 -0.00482276 -0.012595
0 -0.0024876 -0.00257807 -0.00902263
0 -0.00159826 -0.000378766 -0.005431
0 -0.000767259 0.00178079 -0.00186746
0 -8.05765e-07 0.00389867 0.00162069
0 0.000699879 0.0059628 0.00498996
0 0.00134006 0.00795216 0.00820261
0 0.00192986 0.00984002 0.0112268
0 0.00248073 0.0115983 0.0140358
0 0.00300234 0.0132015 0.0166067
0 0.00350046 0.0146305 0.0189191
0 0.00397597 0.0158733 0.0209534
0 0.00442497 0.0169258 0.0226908
0 0.00483943 0.0177901 0.0241132
0 0.00520773 0.0184711 0.0252044
0 0.00551513 0.0189727 0.0259503
0 0.00574485 0.0192944 0.0263389
0 0.00588019 0.019431 0.0263658
0 0.00590663 0.0193736 0.0260369
0 0.00581516 0.0191045 0.0253629
0 0.00560367 0.018595 0.0243558
0 0.00527178 0.0178145 0.0230301
0 0.00481628 0.01674 0.0213988
0 0.00423242 0.0153576 0.019467
0 0.0035157 0.0136611 0.0172314
0 0.00266123 0.0116536 0.0146831
0 0.00166396 0.00934718 0.0118094
0 0.00052239 0.00676042 0.00859518
0 -0.000757251 0.00391349 0.0050272
0 -0.00216079 0.000824715 0.00109692
0 -0.00367458 -0.00249128 -0.00319833
0 -0.00529961 -0.00602388 -0.00785519
0 -0.00702956 -0.00976831 -0.012864
0 -0.00881887 -0.0137348 -0.0182096
0 -0.0106123 -0.0179276 -0.0238715
0 -0.0123806 -0.0223073 -0.029825
0 -0.0141227 -0.0268086 -0.0360558
0 -0.0158622 -0.0313757 -0.0425491
0 -0.0176307 -0.03597 -0.0492445
0 -0.0194436 -0.0405682 -0.0560545
0 -0.0212939 -0.0451504 -0.0629135
0 -0.0231649 -0.0496894 -0.0697679
0 -0.0250368 -0.0541537 -0.076549
0 -0.0269129 -0.0585165 -0.0831736
0 -0.0288287 -0.0627605 -0.0895688
0 -0.0307678 -0.0668738 -0.0956862
0 -0.0326608 -0.0708775 -0.10149
0 -0.0344784 -0.0747796 -0.106947
0 -0.036185 -0.0784735 -0.112026
0 -0.0377235 -0.0818418 -0.116697
0 -0.0391145 -0.0848561 -0.120931
0 -0.0404068 -0.0875011 -0.124703
0 -0.0415612 -0.0897613 -0.127989
0 -0.042502 -0.0916481 -0.130773
0 -0.0432142 -0.0931553 -0.133042
0 -0.0437143 -0.094248 -0.134774
0 -0.0439914 -0.094918 -0.135942
0 -0.0440227 -0.095186 -0.136525
0 -0.043813 -0.0950544 -0.136528
0 -0.0433993 -0.0945042 -0.135958
0 -0.0428256 -0.093533 -0.134815
0 -0.0421208 -0.0921613 -0.133104
0 -0.0412999 -0.090406 -0.13084
0 -0.0403767 -0.0882791 -0.128037
0 -0.039368 -0.0858048 -0.12471
0 -0.038282 -0.0830203 -0.120881
0 -0.0371143 -0.0799716 -0.116588
0 -0.0358606 -0.0767037 -0.111875
0 -0.0345249 -0.0732429 -0.106792
0 -0.0331151 -0.0696003 -0.101397
0 -0.0316502 -0.0657979 -0.0957545
0 -0.0301636 -0.061883 -0.0899309
0 -0.0286724 -0.0579027 -0.0839902
0 -0.027165 -0.0538664 -0.0779899
0 -0.0256264 -0.0497618 -0.0719852
0 -0.0240478 -0.0455954 -0.0660162
0 -0.0224241 -0.0413975 -0.0600977
0 -0.0207587 -0.0372135 -0.0542442
0 -0.0190627 -0.0330964 -0.0484788
0 -0.0173485 -0.0290906 -0.0428297
0 -0.0156257 -0.0252188 -0.0373299
0 -0.0139027 -0.0214845 -0.0320087
0 -0.0121914 -0.0178872 -0.0268961
0 -0.010509 -0.0144332 -0.0220267
0 -0.00887651 -0.0111369 -0.017432
0 -0.0073147 -0.00801389 -0.013136
0 -0.00584152 -0.00507632 -0.00915743
0 -0.00446984 -0.00233338 -0.0055091
0 -0.00320619 0.000204096 -0.00219638
0 -0.00205139 0.00252101 0.00078098
0 -0.0010024 0.00459972 0.00342585
0 -5.48922e-05 0.00642521 0.00574257
0 0.000794492 0.00799057 0.00773752
0 0.00154671 0.00930026 0.00941956
0 0.0022005 0.0103696 0.0107996
0 0.00275509 0.0112213 0.0118904
0 0.00321321 0.0118816 0.0127063
0 0.003582 0.012377 0.0132646
0 0.00387278 0.0127338 0.0135881
0 0.00409993 0.0129789 0.0137062
0 0.0042783 0.0131366 0.0136527
0 0.00442004 0.0132187 0.0134598
0 0.00453193 0.0132268 0.0131581
0 0.00461331 0.0131624 0.0127773
0 0.00465934 0.0130288 0.0123435
0 0.00466703 0.0128283 0.0118755
0 0.00463061 0.0125612 0.0113838
0 0.00453563 0.0122252 0.010871
0 0.00436577 0.0118153 0.0103318
0 0.00411153 0.011323 0.00975375
0 0.00377031 0.0107352 0.00911717
0 0.00334152 0.0100328 0.00839472
0 0.00282441 0.00919224 0.00755159
0 0.00221953 0.00818878 0.00654692
0 0.00152958 0.006999 0.0053359
0 0.000757576 0.00560242 0.00387152
0 -9.55782e-05 0.00398207 0.00210634
0 -0.00103095 0.00212467 -5.06315e-06
0 -0.00204996 2.00449e-05 -0.00250362
0 -0.00315335 -0.00233973 -0.00542342
0 -0.00434106 -0.00496002 -0.00878869
0 -0.00561294 -0.00784198 -0.0126101
0 -0.00697793 -0.0109812 -0.0168827
0 -0.00844274 -0.0143677 -0.0215863
0 -0.00998139 -0.0179901 -0.0266883
0 -0.0115509 -0.0218484 -0.0321473
0 -0.0131236 -0.025932 -0.0379145
0 -0.0146919 -0.0301806 -0.0439431
0 -0.0162685 -0.0345098 -0.0502034
0 -0.0178797 -0.0388553 -0.0566401
0 -0.0195416 -0.043179 -0.0631395
0 -0.0212482 -0.0474617 -0.0696036
0 -0.0229859 -0.0516907 -0.0759843
0 -0.0247472 -0.0558507 -0.0822299
0 -0.0265268 -0.0599244 -0.0882679
0 -0.0283322 -0.0638992 -0.0940382
0 -0.0301996 -0.0677708 -0.0995135
0 -0.0321285 -0.0715566 -0.104683
0 -0.034059 -0.0752789 -0.109535
0 -0.0359536 -0.0788931 -0.114059
0 -0.0377784 -0.0823064 -0.118252
0 -0.0394844 -0.0854691 -0.122116
0 -0.0410872 -0.0883618 -0.125649
0 -0.0426275 -0.0909581 -0.128848
0 -0.0440642 -0.0932549 -0.131704
0 -0.0453137 -0.0952655 -0.134211
0 -0.0463424 -0.0969777 -0.136358
0 -0.0471492 -0.0983667 -0.138126
0 -0.0477144 -0.0994271 -0.139496
0 -0.0480086 -0.100156 -0.140457
0 -0.0480202 -0.100525 -0.141009
0 -0.0477644 -0.100493 -0.141143
0 -0.0472831 -0.100032 -0.140845
0 -0.0466259 -0.0991347 -0.140098
0 -0.0458263 -0.0978083 -0.138886
0 -0.0449072 -0.0960813 -0.137193
0 -0.0438943 -0.0939919 -0.134994
0 -0.042808 -0.0915829 -0.132261
0 -0.0416547 -0.0889031 -0.128979
0 -0.0404379 -0.0860025 -0.12515
0 -0.0391695 -0.0829233 -0.120806
0 -0.0378695 -0.0796918 -0.115998
0 -0.0365546 -0.0763136 -0.110793
0 -0.0352392 -0.0727874 -0.10527
0 -0.0339441 -0.0691248 -0.0995163
0 -0.0326798 -0.065361 -0.093616
0 -0.0314266 -0.0615439 -0.0876469
0 -0.0301494 -0.0576944 -0.0816801
0 -0.0288183 -0.0538056 -0.0757789
0 -0.0274111 -0.0498815 -0.0699877
0 -0.0259142 -0.04595 -0.0643249
0 -0.0243245 -0.0420494 -0.0587975
0 -0.0226456 -0.0382135 -0.0534192
0 -0.0208826 -0.0344587 -0.0482119
0 -0.019046 -0.0307784 -0.0431925
0 -0.0171517 -0.0271531 -0.0383677
0 -0.0152177 -0.0235679 -0.0337418
0 -0.0132594 -0.020023 -0.0293183
0 -0.01129 -0.0165314 -0.0250935
0 -0.00932305 -0.0131084 -0.0210556
0 -0.00737337 -0.00976481 -0.0171876
0 -0.00545502 -0.00650815 -0.0134708
0 -0.0035814 -0.00334844 -0.00988776
0 -0.0017681 -0.000301371 -0.00642472
0 -3.57769e-05 0.00261319 -0.00307357
0 0.0015896 0.00537475 0.000166625
0 0.00307931 0.00796461 0.00328991
0 0.00440522 0.0103661 0.00628501
0 0.00554301 0.0125627 0.00913701
0 0.00647388 0.0145353 0.0118278
0 0.00718441 0.0162595 0.0143352
0 0.00766584 0.0177053 0.0166319
0 0.00791373 0.0188389 0.0186854
0 0.00792683 0.0196265 0.0204584
0 0.00770912 0.0200377 0.0219087
0 0.00728617 0.0200498 0.0229895
0 0.00670682 0.0196533 0.0236475
0 0.00600872 0.0188543 0.0238242
0 0.00520432 0.017672 0.0234583
0 0.00430323 0.0161257 0.0224887
0 0.00332387 0.0142366 0.0208587
0 0.00228582 0.0120486 0.0185234
0 0.00120405 0.00961181 0.0154693
0 9.03947e-05 0.00694749 0.0117185
0 -0.00104273 0.00405708 0.00730741
0 -0.00218254 0.000942682 0.00229203
0 -0.00332952 -0.00239226 -0.00323798
0 -0.00450574 -0.00594335 -0.00917597
0 -0.00572906 -0.00971593 -0.0154185
0 -0.00699899 -0.0137276 -0.0218681
0 -0.00831915 -0.0179511 -0.0284547
0 -0.0097 -0.0222865 -0.0351174
0 -0.0111454 -0.0266248 -0.0417386
0 -0.0126528 -0.0308968 -0.048186
0 -0.0142134 -0.0350655 -0.0543868
0 -0.0158078 -0.0391035 -0.0603088
0 -0.0174088 -0.0429733 -0.0659081
0 -0.0189876 -0.0466202 -0.0711104
0 -0.0205119 -0.0499825 -0.0758474
0 -0.0219413 -0.0530099 -0.0800858
0 -0.0232305 -0.055672 -0.0837995
0 -0.0243379 -0.0579527 -0.0869466
0 -0.0252312 -0.059836 -0.0894894
0 -0.0259005 -0.0612962 -0.0914128
0 -0.0263502 -0.062301 -0.0927134
0 -0.0265516 -0.0628199 -0.0933836
0 -0.0264614 -0.0628279 -0.0934139
0 -0.0260966 -0.0623074 -0.0928048
0 -0.0255113 -0.0612562 -0.0915665
0 -0.0247356 -0.0596934 -0.0897072
0 -0.0237927 -0.0576537 -0.0872337
0 -0.0227122 -0.0551805 -0.0841595
0 -0.0215155 -0.0523251 -0.0805049
0 -0.0202235 -0.0491471 -0.0762967
0 -0.0188628 -0.045711 -0.0715745
0 -0.0174576 -0.0420785 -0.0663958
0 -0.0160378 -0.0383033 -0.0608361
0 -0.0146563 -0.0344421 -0.0549855
0 -0.0133521 -0.0305751 -0.0489459
0 -0.0121134 -0.0267726 -0.0428283
0 -0.0109139 -0.0230453 -0.0367657
0 -0.00974882 -0.0193822 -0.0308674
0 -0.0086274 -0.0158029 -0.0251588
0 -0.00756017 -0.0123555 -0.0196641
0 -0.0065511 -0.0090981 -0.0144733
0 -0.00559507 -0.00608112 -0.00967501
0 -0.00468325 -0.00333333 -0.0053076
0 -0.00381212 -0.000859938 -0.00138337
0 -0.00298662 0.00134376 0.00207294
0 -0.0022166 0.0032752 0.00502526
0 -0.00151271 0.00491885 0.00745236
0 -0.000886168 0.00625572 0.00935314
0 -0.000349385 0.00727707 0.0107281
0 8.48677e-05 0.00798875 0.0115716
0 0.000405062 0.00841022 0.0118896
0 0.000602595 0.0085558 0.0117098
0 0.000673024 0.00841213 0.0110635
0 0.000611887 0.00795959 0.00997971
0 0.000411478 0.0071964 0.00849801
0 6.89301e-05 0.00613019 0.00666597
0 -0.000410555 0.00476997 0.00452536
0 -0.00102051 0.00312739 0.00210914
0 -0.00175628 0.0012201 -0.000554336
0 -0.00261247 -0.000924772 -0.00344085
0 -0.00357931 -0.00327204 -0.00653191
0 -0.00464131 -0.00578606 -0.00981297
0 -0.00577894 -0.00843506 -0.0132696
0 -0.0069728 -0.0111892 -0.0168862
0 -0.00821472 -0.0140224 -0.0206458
0 -0.00949862 -0.0169227 -0.0245296
0 -0.0107901 -0.0198807 -0.0285163
0 -0.0120385 -0.022863 -0.0325829
0 -0.0132123 -0.0258231 -0.0367127
0 -0.0143058 -0.0287245 -0.0408867
0 -0.0153297 -0.0315434 -0.0450636
0 -0.0162947 -0.0342656 -0.0491898
0 -0.0171985 -0.0368774 -0.0532192
0 -0.0180303 -0.0393561 -0.0571101
0 -0.0187851 -0.0416749 -0.0608214
0 -0.0194701 -0.0438173 -0.0643106
0 -0.0200973 -0.0457812 -0.067537
0 -0.0206756 -0.0475684 -0.07047
0 -0.0212064 -0.0491737 -0.0730851
0 -0.0216843 -0.050583 -0.0753541
0 -0.0221008 -0.0517775 -0.0772495
0 -0.0224477 -0.0527396 -0.0787499
0 -0.0227175 -0.053455 -0.0798377
0 -0.0228999 -0.0539113 -0.0804966
0 -0.0229817 -0.0540953 -0.0807132
0 -0.0229463 -0.0539891 -0.0804792
0 -0.0227771 -0.0535706 -0.0797923
0 -0.0224644 -0.0528233 -0.0786571
0 -0.0220066 -0.0517415 -0.0770826
0 -0.0214047 -0.050325 -0.0750814
0 -0.0206607 -0.0485772 -0.0726679
0 -0.0197794 -0.0465072 -0.0698583
0 -0.0187691 -0.0441327 -0.0666694
0 -0.0176395 -0.041477 -0.0631177
0 -0.0163998 -0.0385649 -0.0592186
0 -0.0150601 -0.0354201 -0.0549887
0 -0.0136418 -0.0320671 -0.0504494
0 -0.0121894 -0.0285394 -0.0456293
0 -0.0107436 -0.0248927 -0.0405655
0 -0.00930372 -0.0211848 -0.0353039
0 -0.0078529 -0.0174349 -0.0299067
0 -0.00639519 -0.0136421 -0.0244335
0 -0.00495326 -0.00982282 -0.018904
0 -0.00355209 -0.00601397 -0.0133291
0 -0.00220207 -0.00226132 -0.00775832
0 -0.000893843 0.0013935 -0.00225726
0 0.000389776 0.00492331 0.00312972
0 0.0016607 0.0083145 0.00837133
0 0.00291976 0.011557 0.0134248
0 0.0041599 0.0146364 0.0182375
0 0.00537167 0.0175361 0.0227646
0 0.00654376 0.0202435 0.0269742
0 0.00766288 0.0227542 0.0308365
0 0.00871559 0.0250691 0.0343206
0 0.00968997 0.0271863 0.0374007
0 0.0105751 0.0290956 0.0400607
0 0.0113609 0.0307773 0.0422929
0 0.0120382 0.0322056 0.0440931
0 0.0125998 0.0333541 0.04546
0 0.0130396 0.0342011 0.0463957
0 0.0133519 0.0347316 0.0469089
0 0.0135292 0.0349401 0.0470133
0 0.0135668 0.0348303 0.0467181
0 0.0134632 0.0344071 0.0460285
0 0.0132126 0.0336738 0.0449525
0 0.0128074 0.0326348 0.0435005
0 0.0122471 0.0312993 0.0416832
0 0.0115426 0.0296832 0.039514
0 0.0107166 0.0278049 0.0370098
0 0.00979398 0.0256829 0.0341884
0 0.00879471 0.0233382 0.0310673
0 0.00773499 0.0207964 0.0276645
0 0.00663033 0.0180869 0.0239992
0 0.00549336 0.0152387 0.0200927
0 0.00432806 0.0122796 0.0159691
0 0.00312209 0.00923488 0.0116578
0 0.0018663 0.00612072 0.00719428
0 0.000585166 0.00293949 0.00261822
0 -0.000684968 -0.000293826 -0.00202751
0 -0.00192508 -0.00353347 -0.00669877
0 -0.0031295 -0.00673657 -0.0113588
0 -0.00430253 -0.00988425 -0.015987
0 -0.0054547 -0.0129703 -0.0205545
0 -0.00658938 -0.015992 -0.0250108
0 -0.00769912 -0.0189388 -0.0293176
0 -0.00877669 -0.0217852 -0.033451
0 -0.00982346 -0.0244992 -0.037386
0 -0.0108476 -0.0270608 -0.0411058
0 -0.0118561 -0.0294689 -0.0445964
0 -0.0128509 -0.031732 -0.0478413
0 -0.0138313 -0.033855 -0.0508313
0 -0.0147932 -0.0358361 -0.0535628
0 -0.0157274 -0.0376714 -0.0560288
0 -0.0166208 -0.0393607 -0.0582237
0 -0.0174595 -0.0409074 -0.0601497
0 -0.018232 -0.0423142 -0.0618141
0 -0.01893 -0.0435785 -0.0632247
0 -0.0195485 -0.0446896 -0.0643912
0 -0.0200836 -0.0456318 -0.0653249
0 -0.0205299 -0.0463886 -0.0660386
0 -0.0208802 -0.0469477 -0.0665441
0 -0.0211262 -0.047303 -0.0668515
0 -0.0212607 -0.0474545 -0.0669686
0 -0.0212785 -0.0474055 -0.0669
0 -0.0211779 -0.0471627 -0.0666461
0 -0.0209603 -0.0467354 -0.0662036
0 -0.0206291 -0.0461317 -0.0655659
0 -0.0201945 -0.0453563 -0.0647234
0 -0.0196718 -0.0444114 -0.0636648
0 -0.0190752 -0.0432981 -0.0623795
0 -0.0184206 -0.0420201 -0.0608591
0 -0.0177246 -0.0405846 -0.0590979
0 -0.0169998 -0.039002 -0.0570931
0 -0.0162529 -0.0372835 -0.0548452
0 -0.0154862 -0.035442 -0.0523589
0 -0.0146991 -0.0334906 -0.0496445
0 -0.0138884 -0.0314414 -0.0467188
0 -0.0130507 -0.0293039 -0.0436048
0 -0.012184 -0.0270853 -0.040331
0 -0.0112914 -0.0247914 -0.0369301
0 -0.0103855 -0.0224299 -0.033438
0 -0.009479 -0.0200163 -0.029892
0 -0.00856715 -0.0175768 -0.0263325
0 -0.00763786 -0.0151302 -0.022799
0 -0.00668553 -0.0126719 -0.0193044
0 -0.00570895 -0.0101946 -0.0158389
0 -0.00471298 -0.00770834 -0.0124132
0 -0.00371044 -0.00523785 -0.0090548
0 -0.00271579 -0.00281318 -0.00577608
0 -0.00173939 -0.000456626 -0.00258075
0 -0.000787937 0.00182187 0.000519574
0 0.000132525 0.00401401 0.00351078
0 0.00101554 0.00610222 0.00638263
0 0.00185648 0.00806415 0.00912497
0 0.00265296 0.00988577 0.0117236
0 0.00340254 0.0115666 0.0141622
0 0.00410099 0.013113 0.0164251
0 0.00474194 0.0145296 0.018498
0 0.00531865 0.015816 0.0203662
0 0.00582619 0.016968 0.0220172
0 0.00626187 0.0179808 0.0234433
0 0.0066248 0.0188488 0.0246409
0 0.00691551 0.0195646 0.025608
0 0.00713501 0.0201178 0.0263413
0 0.00728307 0.0204954 0.0268363
0 0.00735724 0.0206855 0.027088
0 0.00735267 0.0206793 0.0270913
0 0.00726394 0.020474 0.0268418
0 0.00708889 0.020072 0.0263371
0 0.00682911 0.0194771 0.0255756
0 0.00648722 0.018693 0.0245572
0 0.00606671 0.0177257 0.0232846
0 0.00557407 0.0165841 0.0217634
0 0.0050185 0.0152786 0.0200013
0 0.00440901 0.0138196 0.0180081
0 0.00375259 0.0122174 0.0157958
0 0.00305457 0.0104842 0.0133789
0 0.00231974 0.00863368 0.0107743
0 0.00155238 0.00667998 0.00800128
0 0.00075567 0.00463662 0.00508089
0 -6.87156e-05 0.00251633 0.00203558
0 -0.000921812 0.000331235 -0.00111074
0 -0.00181172 -0.00190945 -0.00433308
0 -0.00274599 -0.00420617 -0.00760657
0 -0.0037129 -0.00655893 -0.0109071
0 -0.0046862 -0.00894283 -0.0142119
0 -0.00564496 -0.0113165 -0.0175024
0 -0.0065793 -0.0136488 -0.0207595
0 -0.00748772 -0.0159244 -0.0239571
0 -0.00837013 -0.0181337 -0.0270677
0 -0.00921881 -0.020264 -0.0300699
0 -0.0100193 -0.0222943 -0.032944
0 -0.0107612 -0.0242027 -0.0356724
0 -0.0114438 -0.025978 -0.0382419
0 -0.0120709 -0.0276208 -0.0406399
0 -0.0126433 -0.0291314 -0.0428525
0 -0.0131574 -0.0305014 -0.044867
0 -0.013608 -0.0317167 -0.0466704
0 -0.0139913 -0.0327662 -0.048249
0 -0.0143075 -0.0336452 -0.0495914
0 -0.0145601 -0.0343524 -0.0506881
0 -0.0147525 -0.0348865 -0.05153
0 -0.0148841 -0.0352445 -0.0521087
0 -0.0149505 -0.0354236 -0.0524176
0 -0.0149468 -0.0354229 -0.0524531
0 -0.0148699 -0.0352438 -0.052215
0 -0.0147213 -0.0348892 -0.0517072
0 -0.0145067 -0.0343633 -0.0509373
0 -0.01423 -0.0336702 -0.0499172
0 -0.0138913 -0.0328142 -0.048661
0 -0.0134914 -0.0318015 -0.0471853
0 -0.0130334 -0.0306401 -0.0455074
0 -0.0125191 -0.0293386 -0.0436443
0 -0.0119472 -0.0279056 -0.0416115
0 -0.0113159 -0.02635 -0.0394243
0 -0.0106263 -0.0246821 -0.0370985
0 -0.00988348 -0.0229134 -0.0346508
0 -0.00909527 -0.0210567 -0.0320981
0 -0.0082713 -0.0191261 -0.0294583
0 -0.00742443 -0.017138 -0.0267502
0 -0.00657442 -0.0151125 -0.0239942
0 -0.00574707 -0.0130769 -0.0212119
0 -0.00495735 -0.0110649 -0.0184262
0 -0.00419929 -0.00909801 -0.0156573
0 -0.00346238 -0.00717866 -0.0129168
0 -0.00274692 -0.00530821 -0.0102155
0 -0.00206363 -0.00349917 -0.00757538
0 -0.00142532 -0.00177181 -0.00502403
0 -0.000837353 -0.000145879 -0.00258529
0 -0.000296873 0.00136863 -0.000281045
0 0.00019885 0.00277076 0.00186645
0 0.000647002 0.00405685 0.00383606
0 0.00104304 0.0052145 0.00560931
0 0.00138682 0.00623022 0.00717118
0 0.00168287 0.00709877 0.00851013
0 0.00193593 0.00782201 0.00961778
0 0.00214736 0.00840129 0.0104884
0 0.00231503 0.00883377 0.011118
0 0.00243545 0.0091152 0.0115044
0 0.00250568 0.00924428 0.0116484
0 0.00252413 0.00922356 0.0115545
0 0.00249087 0.00905935 0.0112325
0 0.00240572 0.0087567 0.0106949
0 0.00226571 0.00831368 0.00995274
0 0.00206792 0.00772942 0.00902036
0 0.00181282 0.00701133 0.00791621
0 0.00150328 0.00617 0.0066577
0 0.00114296 0.00521477 0.00526143
0 0.000736403 0.00415586 0.00374561
0 0.000289519 0.00300749 0.00212909
0 -0.000191578 0.00178615 0.000428035
0 -0.000702421 0.000505738 -0.0013454
0 -0.00124039 -0.00082406 -0.00318148
0 -0.00180238 -0.00219471 -0.00507044
0 -0.00238241 -0.0035955 -0.00700095
0 -0.00297195 -0.00501427 -0.00895959
0 -0.00356311 -0.00644003 -0.0109319
0 -0.00415308 -0.00786606 -0.0129039
0 -0.00474061 -0.00928793 -0.0148632
0 -0.00531499 -0.0106929 -0.0167977
0 -0.00585971 -0.0120589 -0.0186955
0 -0.00636727 -0.0133653 -0.0205454
0 -0.00684078 -0.0146003 -0.0223338
0 -0.00728576 -0.0157601 -0.0240446
0 -0.00770413 -0.0168437 -0.0256631
0 -0.00809302 -0.0178477 -0.0271747
0 -0.00844863 -0.0187666 -0.0285641
0 -0.00877054 -0.0195988 -0.0298178
0 -0.00906106 -0.020347 -0.0309256
0 -0.00932123 -0.0210123 -0.0318809
0 -0.00954992 -0.0215905 -0.0326798
0 -0.00974612 -0.0220755 -0.0333209
0 -0.00991007 -0.0224624 -0.0338051
0 -0.0100415 -0.022748 -0.0341348
0 -0.0101382 -0.0229292 -0.0343132
0 -0.0101959 -0.0230028 -0.034344
0 -0.0102109 -0.0229671 -0.0342325
0 -0.0101812 -0.022825 -0.0339858
0 -0.0101071 -0.0225834 -0.0336131
0 -0.00999033 -0.0222511 -0.0331242
0 -0.00983332 -0.021836 -0.032529
0 -0.00963893 -0.021346 -0.0318373
0 -0.00941076 -0.020789 -0.0310586
0 -0.00915295 -0.0201725 -0.0302018
0 -0.00886964 -0.0195032 -0.0292756
0 -0.00856463 -0.0187864 -0.028288
0 -0.0082412 -0.0180274 -0.0272462
0 -0.00790195 -0.0172311 -0.0261566
0 -0.00754807 -0.0164014 -0.0250239
0 -0.00717864 -0.0155401 -0.0238505
0 -0.00679193 -0.0146476 -0.0226377
0 -0.00638912 -0.0137261 -0.0213881
0 -0.0059758 -0.012782 -0.0201085
0 -0.00555975 -0.0118242 -0.0188086
0 -0.00515184 -0.0108619 -0.0174986
0 -0.00476327 -0.00990677 -0.016188
0 -0.00439817 -0.00897157 -0.0148841
0 -0.00405507 -0.00806442 -0.0135947
0 -0.00373061 -0.00718915 -0.0123299
0 -0.00342124 -0.00634852 -0.0110987
0 -0.00312517 -0.0055458 -0.00990905
0 -0.00284112 -0.00478386 -0.00876937
0 -0.00256754 -0.00406386 -0.00768812
0 -0.00230412 -0.00338569 -0.00667422
0 -0.00205273 -0.00274938 -0.00573676
0 -0.00181686 -0.00215689 -0.00488367
0 -0.00160015 -0.00161243 -0.00412109
0 -0.00140478 -0.00112056 -0.00345274
0 -0.00123125 -0.000685405 -0.00288016
0 -0.00108015 -0.000311877 -0.0024039
0 -0.000953572 -6.38976e-06 -0.00202447
0 -0.000854654 0.000224565 -0.00174237
0 -0.000786347 0.000376335 -0.00155801
0 -0.000751179 0.000446541 -0.00147195
0 -0.000751667 0.000434254 -0.00148515
0 -0.000790113 0.000339374 -0.00159897
0 -0.000867912 0.000162579 -0.00181495
0 -0.000985161 -9.47751e-05 -0.00213436
0 -0.00114034 -0.000430786 -0.00255794
0 -0.00133035 -0.000843151 -0.00308561
0 -0.00155109 -0.00132927 -0.00371651
0 -0.00179809 -0.00188607 -0.00444893
0 -0.00206706 -0.00250973 -0.00528029
0 -0.00235431 -0.00319557 -0.00620709
0 -0.0026571 -0.00393826 -0.00722487
0 -0.00297352 -0.00473187 -0.00832792
0 -0.0033024 -0.0055697 -0.00950874
0 -0.00364228 -0.00644417 -0.0107574
0 -0.00399033 -0.00734778 -0.012062
0 -0.00434559 -0.00827346 -0.0134089
0 -0.00470994 -0.00921611 -0.0147844
0 -0.00508266 -0.0101724 -0.0161745
0 -0.0054583 -0.0111356 -0.0175648
0 -0.00582888 -0.0120925 -0.0189418
0 -0.00618911 -0.0130276 -0.0202929
0 -0.00653995 -0.0139313 -0.021605
0 -0.00688365 -0.0148011 -0.0228657
0 -0.00721937 -0.0156346 -0.0240642
0 -0.00754448 -0.0164262 -0.0251914
0 -0.00785515 -0.0171695 -0.0262379
0 -0.00814627 -0.0178589 -0.0271943
0 -0.00841318 -0.0184899 -0.0280536
0 -0.00865261 -0.0190576 -0.0288113
0 -0.008862 -0.0195556 -0.0294649
0 -0.00903962 -0.0199784 -0.0300133
0 -0.00918519 -0.0203222 -0.0304574
0 -0.00929888 -0.0205852 -0.0307984
0 -0.00937939 -0.0207654 -0.0310358
0 -0.00942357 -0.0208603 -0.0311678
0 -0.00942838 -0.0208685 -0.0311923
0 -0.00939306 -0.0207913 -0.0311086
0 -0.00931974 -0.0206328 -0.030918
0 -0.00921247 -0.0203986 -0.0306236
0 -0.00907603 -0.0200944 -0.0302293
0 -0.00891437 -0.0197253 -0.0297392
0 -0.00872972 -0.0192952 -0.0291565
0 -0.00852311 -0.0188069 -0.0284845
0 -0.00829503 -0.0182628 -0.0277272
0 -0.00804605 -0.0176654 -0.0268895
0 -0.00777707 -0.0170177 -0.0259778
0 -0.00748917 -0.016323 -0.0249987
0 -0.00718342 -0.0155849 -0.0239598
0 -0.00686094 -0.0148072 -0.0228686
0 -0.0065235 -0.0139945 -0.0217326
0 -0.0061736 -0.0131526 -0.02056
0 -0.00581429 -0.012289 -0.0193599
0 -0.00545081 -0.0114123 -0.0181434
0 -0.0050928 -0.0105331 -0.0169222
0 -0.00474866 -0.00966393 -0.0157062
0 -0.00441921 -0.00881447 -0.0145025
0 -0.0041019 -0.00798767 -0.0133185
0 -0.00379362 -0.00718291 -0.0121612
0 -0.00349102 -0.00640091 -0.0110364
0 -0.00319453 -0.00564617 -0.0099515
0 -0.00290878 -0.00492483 -0.00891614
0 -0.00263926 -0.00424314 -0.00794069
0 -0.00239074 -0.00360773 -0.00703525
0 -0.00216727 -0.00302566 -0.00620912
0 -0.00197219 -0.0025046 -0.00547045
0 -0.00180813 -0.00205247 -0.00482609
0 -0.00167574 -0.00167519 -0.00428093
0 -0.00157248 -0.00137507 -0.00383751
0 -0.00149443 -0.00115173 -0.00349686
0 -0.00143958 -0.0010041 -0.00326
0 -0.00140886 -0.000931112 -0.00312893
0 -0.00140436 -0.000931221 -0.003106
0 -0.00142723 -0.00100203 -0.00319242
0 -0.00147738 -0.00114007 -0.00338667
0 -0.00155372 -0.00134118 -0.00368416
0 -0.00165339 -0.00160161 -0.00407832
0 -0.00177359 -0.00191869 -0.00456197
0 -0.00191399 -0.00229146 -0.00512885
0 -0.00207628 -0.00272064 -0.00577409
0 -0.0022622 -0.00320683 -0.00649276
0 -0.00247157 -0.00374807 -0.00727803
0 -0.00270189 -0.0043391 -0.00812116
0 -0.00294969 -0.00497257 -0.00901287
0 -0.00321221 -0.00564064 -0.00994464
0 -0.0034872 -0.00633552 -0.0109086
0 -0.00377118 -0.00704929 -0.0118967
0 -0.00405915 -0.00777279 -0.0128999
0 -0.00434711 -0.00849575 -0.013908
0 -0.00463287 -0.00921019 -0.0149103
0 -0.0049111 -0.00990934 -0.0158959
0 -0.00517363 -0.0105835 -0.0168546
0 -0.00541742 -0.0112235 -0.0177774
0 -0.00564427 -0.0118243 -0.0186577
0 -0.00585628 -0.0123836 -0.0194909
0 -0.00605479 -0.0129007 -0.02027
0 -0.00624051 -0.0133754 -0.0209866
0 -0.00641413 -0.0138076 -0.0216349
0 -0.00657563 -0.0141972 -0.022209
0 -0.00672282 -0.0145439 -0.0227032
0 -0.00685285 -0.0148463 -0.0231146
0 -0.00696481 -0.0151027 -0.0234427
0 -0.00706015 -0.0153124 -0.0236895
0 -0.00714132 -0.0154761 -0.0238605
0 -0.00721101 -0.0155961 -0.0239641
0 -0.00727179 -0.0156758 -0.0240094
0 -0.00732533 -0.01572 -0.0240053
0 -0.00737128 -0.015734 -0.0239604
0 -0.00740699 -0.0157222 -0.0238816
0 -0.00742865 -0.0156883 -0.0237748
0 -0.00743302 -0.0156346 -0.0236456
0 -0.00741874 -0.0155631 -0.0234991
0 -0.00738619 -0.0154747 -0.02334
0 -0.00733658 -0.0153687 -0.0231725
0 -0.00727141 -0.0152437 -0.0229987
0 -0.0071928 -0.0150984 -0.0228191
0 -0.00710391 -0.0149332 -0.0226332
0 -0.00700876 -0.0147508 -0.022441
0 -0.00691146 -0.0145562 -0.0222417
0 -0.00681526 -0.014355 -0.0220337
0 -0.00672185 -0.0141523 -0.0218145
0 -0.00663157 -0.0139521 -0.0215817
0 -0.00654427 -0.0137566 -0.0213333
0 -0.00645977 -0.0135665 -0.0210688
0 -0.00637673 -0.0133789 -0.0207875
0 -0.0062917 -0.0131876 -0.0204883
0 -0.00620009 -0.0129843 -0.0201692
0 -0.00609823 -0.0127609 -0.0198278
0 -0.00598465 -0.0125114 -0.0194641
0 -0.00585994 -0.0122333 -0.0190801
0 -0.00572555 -0.0119274 -0.0186778
0 -0.0055827 -0.0115966 -0.0182575
0 -0.00543225 -0.011245 -0.0178191
0 -0.00527488 -0.0108773 -0.0173619
0 -0.00511094 -0.010498 -0.0168847
0 -0.00494113 -0.0101109 -0.016386
0 -0.00476648 -0.00971796 -0.0158653
0 -0.00458728 -0.00931891 -0.0153234
0 -0.00440557 -0.00891277 -0.0147624
0 -0.00422648 -0.00849933 -0.0141844
0 -0.00405316 -0.00807991 -0.0135925
0 -0.00388475 -0.00765596 -0.0129907
0 -0.00372005 -0.00722751 -0.0123821
0 -0.00355931 -0.0067961 -0.0117704
0 -0.00340297 -0.00636725 -0.0111604
0 -0.00325121 -0.00594853 -0.0105586
0 -0.0031049 -0.00554642 -0.00997208
0 -0.00296567 -0.00516536 -0.00940792
0 -0.00283508 -0.00480929 -0.00887338
0 -0.00271488 -0.00448242 -0.00837598
0 -0.00260691 -0.00418786 -0.00792276
0 -0.0025123 -0.00392708 -0.00751977
0 -0.00243186 -0.00370128 -0.00717225
0 -0.00236702 -0.00351313 -0.00688547
0 -0.00232006 -0.00336711 -0.00666502
0 -0.00229316 -0.00326848 -0.00651624
0 -0.00228744 -0.00322172 -0.00644297
0 -0.00230221 -0.00322936 -0.00644662
0 -0.00233521 -0.00329165 -0.00652634
0 -0.00238417 -0.00340736 -0.00668043
0 -0.0024486 -0.00357487 -0.00690769
0 -0.00253009 -0.00379297 -0.0072079
0 -0.00263084 -0.00406033 -0.00758064
0 -0.00275187 -0.00437462 -0.00802381
0 -0.00289238 -0.00473227 -0.00853322
0 -0.00305027 -0.00512934 -0.0091031
0 -0.003223 -0.00556214 -0.00972695
0 -0.00340791 -0.00602698 -0.0103976
0 -0.00360163 -0.00651933 -0.011107
0 -0.00379991 -0.00703354 -0.0118462
0 -0.00399939 -0.00756277 -0.0126059
0 -0.00419876 -0.00809954 -0.0133771
0 -0.00439825 -0.0086379 -0.014152
0 -0.00459944 -0.0091748 -0.0149241
0 -0.00480334 -0.00970732 -0.0156879
0 -0.00500894 -0.0102307 -0.0164385
0 -0.00521579 -0.0107416 -0.0171702
0 -0.00542365 -0.0112391 -0.0178776
0 -0.00563004 -0.011721 -0.0185564
0 -0.00583077 -0.012185 -0.0192029
0 -0.00602224 -0.0126282 -0.0198114
0 -0.00620289 -0.0130483 -0.0203779
0 -0.0063721 -0.0134432 -0.0209014
0 -0.00652876 -0.0138096 -0.0213812
0 -0.00667129 -0.0141428 -0.0218164
0 -0.00679831 -0.0144395 -0.0222058
0 -0.00690903 -0.0146972 -0.0225484
0 -0.00700271 -0.0149141 -0.0228434
0 -0.00707782 -0.0150884 -0.0230897
0 -0.00713209 -0.0152188 -0.0232843
0 -0.00716281 -0.0153034 -0.0234229
0 -0.00716723 -0.0153396 -0.0235008
0 -0.00714332 -0.015324 -0.023513
0 -0.0070912 -0.0152545 -0.0234556
0 -0.00701409 -0.0151311 -0.0233269
0 -0.00691765 -0.0149562 -0.0231279
0 -0.00680763 -0.0147335 -0.0228606
0 -0.00668736 -0.0144663 -0.0225256
0 -0.00655683 -0.014157 -0.0221224
0 -0.00641382 -0.013807 -0.02165
0 -0.0062565 -0.013418 -0.021109
0 -0.00608514 -0.0129936 -0.0205034
0 -0.00590163 -0.0125381 -0.0198405
0 -0.0057084 -0.0120557 -0.01913
0 -0.00550801 -0.0115501 -0.0183806
0 -0.00530299 -0.0110244 -0.0176019
0 -0.00509596 -0.0104828 -0.016805
0 -0.00488992 -0.00993177 -0.015998
0 -0.00468547 -0.00937782 -0.0151878
0 -0.00448078 -0.00882503 -0.0143838
0 -0.00427717 -0.00827837 -0.0135949
0 -0.00407897 -0.00774623 -0.0128297
0 -0.00388841 -0.00723607 -0.0120977
0 -0.00370632 -0.00675428 -0.0114087
0 -0.00353581 -0.00630876 -0.0107716
0 -0.00338124 -0.00590663 -0.0101936
0 -0.00324444 -0.00555105 -0.00967924
0 -0.00312416 -0.00524183 -0.00923093
0 -0.00301828 -0.00497779 -0.00884976
0 -0.00292608 -0.00475789 -0.00853638
0 -0.00284878 -0.00458165 -0.0082915
0 -0.00278864 -0.00444965 -0.00811629
0 -0.00274848 -0.00436394 -0.00801258
0 -0.00273173 -0.0043281 -0.00798257
0 -0.00274166 -0.00434669 -0.008028
0 -0.00277964 -0.00442353 -0.00814907
0 -0.00284388 -0.00455977 -0.00834379
0 -0.00293 -0.00475335 -0.00860804
0 -0.00303311 -0.00499974 -0.00893678
0 -0.00314936 -0.00529293 -0.00932518
0 -0.00327631 -0.00562581 -0.0097689
0 -0.00341238 -0.00599055 -0.0102634
0 -0.00355602 -0.00637902 -0.0108035
0 -0.00370539 -0.0067837 -0.0113826
0 -0.00385876 -0.00719818 -0.0119931
0 -0.00401464 -0.00761768 -0.0126264
0 -0.00417234 -0.00803984 -0.0132746
0 -0.00433265 -0.0084652 -0.0139307
0 -0.00449707 -0.00889613 -0.0145886
0 -0.00466654 -0.00933482 -0.0152425
0 -0.00484045 -0.00977996 -0.0158866
0 -0.00501688 -0.0102265 -0.0165151
0 -0.00519416 -0.0106694 -0.0171224
0 -0.005371 -0.011104 -0.0177033
0 -0.00554521 -0.0115229 -0.0182548
0 -0.00571319 -0.0119186 -0.0187745
0 -0.00587178 -0.0122862 -0.0192599
0 -0.00601992 -0.012623 -0.0197089
0 -0.00615688 -0.0129275 -0.0201205
0 -0.00628004 -0.0131987 -0.0204928
0 -0.00638606 -0.0134351 -0.0208236
0 -0.00647298 -0.0136363 -0.021111
0 -0.00654006 -0.0138021 -0.0213523
0 -0.00658644 -0.0139315 -0.0215448
0 -0.0066114 -0.0140219 -0.0216859
0 -0.00661548 -0.0140709 -0.021773
0 -0.00660066 -0.014077 -0.0218047
0 -0.00656966 -0.0140399 -0.0217803
0 -0.00652492 -0.0139604 -0.0216993
0 -0.00646809 -0.0138401 -0.0215611
0 -0.00640007 -0.0136814 -0.0213656
0 -0.00632135 -0.0134874 -0.0211134
0 -0.0062321 -0.0132615 -0.0208056
0 -0.00613212 -0.0130069 -0.0204446
0 -0.00602138 -0.0127259 -0.0200342
0 -0.00590053 -0.0124207 -0.0195799
0 -0.00577061 -0.0120931 -0.0190874
0 -0.00563277 -0.0117446 -0.0185619
0 -0.00548823 -0.0113763 -0.0180116
0 -0.00533816 -0.0109904 -0.0174447
0 -0.00518357 -0.0105898 -0.0168651
0 -0.00502514 -0.0101781 -0.0162765
0 -0.00486297 -0.00975908 -0.0156846
0 -0.0046954 -0.00933369 -0.0150924
0 -0.00451976 -0.00890271 -0.0145008
0 -0.00433743 -0.00846964 -0.0139117
0 -0.00415269 -0.00803813 -0.013328
0 -0.0039672 -0.00760946 -0.0127523
0 -0.00378263 -0.00718532 -0.0121874
0 -0.003604 -0.00677056 -0.0116371
0 -0.00343672 -0.00637154 -0.0111054
0 -0.00328386 -0.0059936 -0.0105954
0 -0.00314636 -0.00564032 -0.0101097
0 -0.00302374 -0.00531413 -0.00965027
0 -0.00291443 -0.00501708 -0.00921911
0 -0.00281666 -0.00475044 -0.00881826
0 -0.00272907 -0.00451354 -0.00845015
0 -0.00265056 -0.0043044 -0.00811774
0 -0.00258068 -0.0041214 -0.00782445
0 -0.00252036 -0.00396409 -0.00757406
0 -0.00247145 -0.00383303 -0.00737048
0 -0.00243533 -0.00372952 -0.00721702
0 -0.00241245 -0.0036556 -0.00711581
0 -0.00240273 -0.00361398 -0.00706778
0 -0.00240599 -0.00360767 -0.00707305
0 -0.00242219 -0.00363945 -0.00713137
0 -0.0024515 -0.00371127 -0.00724225
0 -0.00249419 -0.0038238 -0.00740484
0 -0.00255054 -0.00397597 -0.00761763
0 -0.0026206 -0.00416517 -0.00787848
0 -0.00270445 -0.00438818 -0.00818519
0 -0.00280275 -0.00464233 -0.00853619
0 -0.00291679 -0.00492639 -0.00893076
0 -0.00304757 -0.0052402 -0.00936815
0 -0.00319429 -0.00558318 -0.00984633
0 -0.00335398 -0.00595342 -0.0103614
0 -0.00352223 -0.00634794 -0.0109083
0 -0.00369473 -0.00676335 -0.011482
0 -0.00386899 -0.0071961 -0.0120782
0 -0.00404429 -0.00764214 -0.0126935
0 -0.00422078 -0.00809717 -0.0133242
0 -0.00439855 -0.00855657 -0.013966
0 -0.00457737 -0.00901586 -0.0146138
0 -0.00475576 -0.00947105 -0.0152616
0 -0.00493067 -0.0099178 -0.0159033
0 -0.00510252 -0.0103536 -0.0165355
0 -0.00527713 -0.0107826 -0.0171583
0 -0.00546065 -0.0112125 -0.0177736
0 -0.0056551 -0.0116475 -0.0183826
0 -0.00585727 -0.0120875 -0.0189839
0 -0.00606183 -0.0125308 -0.0195732
0 -0.00626428 -0.0129738 -0.0201457
0 -0.00645968 -0.0134112 -0.0206983
0 -0.00664197 -0.0138344 -0.021228
0 -0.00680655 -0.0142331 -0.0217321
0 -0.00695269 -0.0145997 -0.0222091
0 -0.00708376 -0.0149322 -0.0226609
0 -0.00720529 -0.0152329 -0.0230906
0 -0.00732175 -0.0155053 -0.0234998
0 -0.00743437 -0.015754 -0.0238876
0 -0.00754133 -0.0159834 -0.0242504
0 -0.00763949 -0.0161971 -0.0245834
0 -0.00772617 -0.016397 -0.0248817
0 -0.00780023 -0.0165833 -0.0251424
0 -0.00786188 -0.0167539 -0.0253647
0 -0.00791134 -0.016904 -0.0255477
0 -0.00794783 -0.0170259 -0.0256893
0 -0.0079697 -0.0171107 -0.0257866
0 -0.00797506 -0.0171508 -0.0258369
0 -0.00796212 -0.017141 -0.0258372
0 -0.00792965 -0.0170793 -0.0257844
0 -0.00787754 -0.0169675 -0.025676
0 -0.00780669 -0.0168098 -0.0255109
0 -0.0077185 -0.0166117 -0.0252881
0 -0.00761455 -0.0163786 -0.0250074
0 -0.00749692 -0.0161154 -0.0246695
0 -0.00736821 -0.0158255 -0.0242767
0 -0.00723088 -0.015511 -0.0238324
0 -0.0070862 -0.015172 -0.02334
0 -0.00693407 -0.0148073 -0.022803
0 -0.00677377 -0.0144152 -0.0222255
0 -0.00660467 -0.0139953 -0.0216117
0 -0.00642641 -0.0135486 -0.0209658
0 -0.00623843 -0.0130771 -0.0202936
0 -0.00603984 -0.0125837 -0.0196
0 -0.00583031 -0.0120718 -0.0188877
0 -0.00561093 -0.0115448 -0.0181618
0 -0.00538405 -0.0110071 -0.0174284
0 -0.00515298 -0.0104636 -0.0166893
0 -0.00492154 -0.0099188 -0.0159468
0 -0.00469153 -0.00937515 -0.015206
0 -0.00446332 -0.00883377 -0.0144698
0 -0.00424016 -0.00829823 -0.01374
0 -0.00402518 -0.00777295 -0.0130198
0 -0.00381762 -0.00725942 -0.0123124
0 -0.00361585 -0.00675829 -0.0116201
0 -0.0034205 -0.00627264 -0.0109456
0 -0.00323382 -0.00580692 -0.0102924
0 -0.00305827 -0.0053649 -0.00966559
0 -0.0028964 -0.00495018 -0.00907113
0 -0.00275098 -0.00456759 -0.00851614
0 -0.00262472 -0.00422253 -0.00800787
0 -0.00251882 -0.0039189 -0.00755201
0 -0.00243139 -0.00365791 -0.00715176
0 -0.00235871 -0.00343877 -0.00680894
0 -0.00229816 -0.00326061 -0.0065258
0 -0.00224963 -0.00312387 -0.00630569
0 -0.00221467 -0.00302975 -0.00615238
0 -0.00219502 -0.00297912 -0.00606892
0 -0.00219195 -0.00297227 -0.00605705
0 -0.00220625 -0.00300961 -0.00611708
0 -0.00223833 -0.00309179 -0.00624802
0 -0.00228809 -0.00321932 -0.00644771
0 -0.00235513 -0.00339242 -0.00671321
0 -0.00243889 -0.00361076 -0.00704088
0 -0.0025389 -0.00387329 -0.00742675
0 -0.00265484 -0.00417809 -0.00786674
0 -0.00278599 -0.00452189 -0.00835623
0 -0.00293055 -0.00489962 -0.00888944
0 -0.00308577 -0.00530464 -0.00945944
0 -0.00324874 -0.00572964 -0.0100588
0 -0.00341677 -0.00616775 -0.0106803
0 -0.0035876 -0.00661349 -0.0113174
0 -0.00376033 -0.00706305 -0.0119644
0 -0.00393523 -0.00751362 -0.0126164
0 -0.00411185 -0.00796276 -0.0132678
0 -0.00428804 -0.00840759 -0.0139118
0 -0.00446038 -0.00884448 -0.0145402
0 -0.00462512 -0.00926838 -0.015145
0 -0.00477928 -0.00967312 -0.0157197
0 -0.00492228 -0.0100543 -0.0162605
0 -0.00505682 -0.0104109 -0.0167658
0 -0.00518586 -0.0107424 -0.0172335
0 -0.00530917 -0.0110453 -0.0176603
0 -0.00542298 -0.0113147 -0.0180423
0 -0.00552191 -0.0115472 -0.0183739
0 -0.00560271 -0.0117408 -0.0186503
0 -0.0056656 -0.0118946 -0.0188688
0 -0.00571119 -0.0120086 -0.0190293
0 -0.0057396 -0.012083 -0.0191324
0 -0.00575241 -0.0121186 -0.0191796
0 -0.00575227 -0.012117 -0.019173
0 -0.00574063 -0.0120797 -0.0191144
0 -0.00571723 -0.0120079 -0.0190058
0 -0.00568171 -0.0119033 -0.0188495
0 -0.00563462 -0.0117686 -0.0186486
0 -0.00557701 -0.011607 -0.0184072
0 -0.00551002 -0.0114222 -0.0181304
0 -0.00543494 -0.0112176 -0.017824
0 -0.0053533 -0.0109966 -0.0174936
0 -0.00526671 -0.0107628 -0.0171448
0 -0.0051769 -0.0105198 -0.0167828
0 -0.00508562 -0.0102717 -0.0164136
0 -0.00499446 -0.0100222 -0.0160433
0 -0.00490479 -0.0097746 -0.0156775
0 -0.00481716 -0.00953191 -0.0153209
0 -0.00473168 -0.0092976 -0.0149785
0 -0.00464962 -0.0090754 -0.0146552
0 -0.0045728 -0.00886938 -0.0143552
0 -0.00450269 -0.00868242 -0.0140824
0 -0.00444053 -0.00851642 -0.0138404
0 -0.00438673 -0.00837355 -0.0136321
0 -0.00434165 -0.00825584 -0.0134605
0 -0.00430674 -0.00816474 -0.0133276
0 -0.00428295 -0.00810102 -0.0132346
0 -0.00426923 -0.00806432 -0.0131814
0 -0.00426376 -0.00805321 -0.0131664
0 -0.00426535 -0.0080657 -0.0131877
0 -0.00427337 -0.00809981 -0.0132433
0 -0.00428751 -0.00815376 -0.0133309
0 -0.00430771 -0.00822591 -0.0134481
0 -0.0043342 -0.00831465 -0.0135923
0 -0.00436708 -0.00841832 -0.0137601
0 -0.00440585 -0.00853512 -0.0139478
0 -0.00444895 -0.00866266 -0.0141503
0 -0.00449422 -0.00879769 -0.014362
0 -0.00453988 -0.00893637 -0.0145773
0 -0.00458523 -0.00907572 -0.0147917
0 -0.00463093 -0.00921457 -0.0150027
0 -0.00467867 -0.00935254 -0.015209
0 -0.00472974 -0.00948904 -0.0154095
0 -0.00478417 -0.00962327 -0.0156021
0 -0.00484098 -0.00975438 -0.0157847
0 -0.00489838 -0.00988145 -0.0159556
0 -0.00495442 -0.0100032 -0.0161136
0 -0.00500756 -0.0101182 -0.0162579
0 -0.00505657 -0.0102253 -0.0163883
0 -0.00510066 -0.0103235 -0.0165052
0 -0.00513994 -0.0104122 -0.0166101
0 -0.00517574 -0.0104915 -0.0167052
0 -0.00520981 -0.0105627 -0.016793
0 -0.00524337 -0.0106274 -0.0168754
0 -0.00527643 -0.0106873 -0.0169538
0 -0.00530762 -0.0107432 -0.0170283
0 -0.00533512 -0.010795 -0.0170981
0 -0.00535747 -0.0108426 -0.017162
0 -0.00537361 -0.010885 -0.0172192
0 -0.00538309 -0.0109212 -0.0172689
0 -0.00538664 -0.0109497 -0.0173108
0 -0.00538602 -0.0109696 -0.0173448
0 -0.0053834 -0.0109811 -0.0173713
0 -0.00538083 -0.0109853 -0.0173908
0 -0.00537982 -0.010984 -0.0174038
0 -0.00538114 -0.0109792 -0.0174104
0 -0.00538475 -0.0109734 -0.0174106
0 -0.00538973 -0.0109683 -0.0174044
0 -0.00539451 -0.0109647 -0.0173914
0 -0.00539742 -0.0109616 -0.0173713
0 -0.00539726 -0.0109574 -0.0173444
0 -0.00539356 -0.0109502 -0.0173116
0 -0.00538636 -0.0109376 -0.0172737
0 -0.00537583 -0.0109175 -0.0172317
0 -0.0053619 -0.010888 -0.017186
0 -0.00534414 -0.0108482 -0.0171362
0 -0.00532174 -0.0107976 -0.0170811
0 -0.00529382 -0.0107368 -0.0170191
0 -0.00525987 -0.0106665 -0.0169485
0 -0.00522026 -0.010588 -0.0168678
0 -0.00517652 -0.0105036 -0.0167767
0 -0.0051315 -0.0104159 -0.016676
0 -0.00508861 -0.0103277 -0.0165673
0 -0.00505015 -0.0102411 -0.016452
0 -0.0050164 -0.0101563 -0.0163306
0 -0.00498625 -0.0100728 -0.0162031
0 -0.00495792 -0.00998898 -0.0160694
0 -0.0049296 -0.00990363 -0.0159301
0 -0.00490035 -0.00981615 -0.0157866
0 -0.00487051 -0.0097274 -0.0156421
0 -0.0048414 -0.00963939 -0.0155004
0 -0.0048144 -0.00955419 -0.0153656
0 -0.00479036 -0.00947384 -0.0152409
0 -0.00476952 -0.00940066 -0.0151291
0 -0.00475153 -0.0093366 -0.015032
0 -0.00473543 -0.00928259 -0.0149505
0 -0.00472005 -0.0092387 -0.0148847
0 -0.00470466 -0.00920433 -0.0148345
0 -0.00468936 -0.0091787 -0.0147997
0 -0.00467508 -0.00916131 -0.0147803
0 -0.00466352 -0.00915209 -0.0147765
0 -0.0046569 -0.00915169 -0.014789
0 -0.00465739 -0.00916162 -0.0148181
0 -0.00466656 -0.00918405 -0.0148643
0 -0.00468514 -0.00922125 -0.0149274
0 -0.00471299 -0.00927492 -0.0150072
0 -0.00474892 -0.00934579 -0.0151029
0 -0.00479051 -0.00943295 -0.0152128
0 -0.00483457 -0.00953341 -0.0153345
0 -0.00487819 -0.00964259 -0.0154656
0 -0.00491943 -0.00975545 -0.0156039
0 -0.00495767 -0.00986757 -0.015748
0 -0.00499368 -0.00997603 -0.0158971
0 -0.00502906 -0.0100796 -0.0160505
0 -0.00506512 -0.0101782 -0.0162075
0 -0.00510238 -0.0102728 -0.0163665
0 -0.0051404 -0.010365 -0.0165251
0 -0.00517796 -0.0104564 -0.0166804
0 -0.00521334 -0.0105474 -0.0168286
0 -0.00524477 -0.0106364 -0.0169659
0 -0.005271 -0.0107209 -0.0170892
0 -0.00529186 -0.0107983 -0.0171965
0 -0.00530842 -0.0108657 -0.0172867
0 -0.00532249 -0.010921 -0.0173596
0 -0.00533583 -0.0109628 -0.0174159
0 -0.00534956 -0.0109914 -0.0174564
0 -0.00536375 -0.0110081 -0.0174814
0 -0.00537738 -0.0110144 -0.017491
0 -0.0053888 -0.0110122 -0.0174856
0 -0.00539634 -0.0110035 -0.0174656
0 -0.00539894 -0.01099 -0.0174324
0 -0.00539639 -0.0109723 -0.0173876
0 -0.00538921 -0.0109504 -0.0173337
0 -0.0053785 -0.0109238 -0.0172733
0 -0.00536541 -0.0108919 -0.0172089
0 -0.00535037 -0.0108536 -0.0171422
0 -0.00533236 -0.0108072 -0.017073
0 -0.00530921 -0.0107508 -0.0169997
0 -0.00527858 -0.0106828 -0.01692
0 -0.00523924 -0.0106027 -0.0168315
0 -0.00519147 -0.0105108 -0.0167326
0 -0.0051367 -0.0104086 -0.0166226
0 -0.00507754 -0.0102981 -0.0165012
0 -0.00501688 -0.010181 -0.016368
0 -0.00495701 -0.0100589 -0.016223
0 -0.00489982 -0.00993343 -0.0160663
0 -0.00484693 -0.00980665 -0.0158988
0 -0.0047995 -0.00968078 -0.0157223
0 -0.0047583 -0.00955845 -0.0155396
0 -0.00472369 -0.00944237 -0.0153542
0 -0.00469496 -0.00933401 -0.0151692
0 -0.00466982 -0.00923287 -0.0149874
0 -0.00464512 -0.00913732 -0.0148109
0 -0.00461815 -0.00904557 -0.0146413
0 -0.00458742 -0.00895573 -0.0144809
0 -0.00455317 -0.00886645 -0.0143328
0 -0.00451771 -0.00877883 -0.0142006
0 -0.00448452 -0.00869629 -0.0140887
0 -0.00445632 -0.00862265 -0.0140002
0 -0.00443422 -0.00856139 -0.0139362
0 -0.00441831 -0.00851577 -0.0138964
0 -0.00440848 -0.00848864 -0.01388
0 -0.0044048 -0.00848201 -0.0138862
0 -0.00440734 -0.00849666 -0.0139142
0 -0.00441602 -0.00853165 -0.0139626
0 -0.00443057 -0.00858449 -0.0140299
0 -0.00445094 -0.00865198 -0.0141148
0 -0.00447728 -0.00873073 -0.0142162
0 -0.00450961 -0.00881784 -0.014333
0 -0.00454754 -0.00891146 -0.0144637
0 -0.00459008 -0.00901055 -0.0146068
0 -0.00463572 -0.0091145 -0.0147604
0 -0.00468282 -0.00922315 -0.0149223
0 -0.00472982 -0.00933641 -0.0150902
0 -0.00477552 -0.00945357 -0.0152618
0 -0.00481946 -0.00957343 -0.015435
0 -0.00486161 -0.00969428 -0.0156077
0 -0.00490215 -0.00981393 -0.015778
0 -0.00494154 -0.00993034 -0.0159441
0 -0.00498042 -0.0100416 -0.0161043
0 -0.00501891 -0.0101458 -0.016257
0 -0.00505628 -0.0102415 -0.0164
0 -0.0050915 -0.0103283 -0.0165314
0 -0.00512343 -0.0104057 -0.0166489
0 -0.00515093 -0.0104731 -0.0167507
0 -0.00517354 -0.0105302 -0.0168356
0 -0.00519176 -0.0105776 -0.0169035
0 -0.00520685 -0.0106163 -0.0169555
0 -0.00522024 -0.0106474 -0.0169929
0 -0.00523232 -0.0106706 -0.0170163
0 -0.00524204 -0.0106851 -0.0170258
0 -0.00524764 -0.0106893 -0.0170207
0 -0.00524746 -0.0106817 -0.0170003
0 -0.00524015 -0.0106609 -0.0169643
0 -0.00522469 -0.0106259 -0.0169125
0 -0.00520052 -0.0105755 -0.0168444
0 -0.00516746 -0.0105089 -0.0167593
0 -0.00512587 -0.0104255 -0.0166567
0 -0.00507721 -0.0103262 -0.0165368
0 -0.00502396 -0.0102132 -0.0164006
0 -0.00496917 -0.01009 -0.01625
0 -0.00491568 -0.00996072 -0.016087
0 -0.00486551 -0.00982918 -0.0159138
0 -0.00481977 -0.00969915 -0.0157328
0 -0.00477893 -0.0095741 -0.0155469
0 -0.00474329 -0.00945707 -0.0153597
0 -0.00471316 -0.00935011 -0.0151754
0 -0.00468854 -0.00925431 -0.0149987
0 -0.00466922 -0.00917042 -0.0148344
0 -0.0046551 -0.00909929 -0.0146874
0 -0.00464614 -0.00904146 -0.0145623
0 -0.00464181 -0.00899679 -0.0144632
0 -0.00464081 -0.00896514 -0.0143926
0 -0.00464127 -0.00894626 -0.0143514
0 -0.00464135 -0.00893928 -0.0143394
0 -0.00463994 -0.00894339 -0.0143555
0 -0.00463689 -0.00895818 -0.0143979
0 -0.00463296 -0.00898315 -0.0144643
0 -0.00462948 -0.0090178 -0.0145517
0 -0.00462816 -0.00906168 -0.0146566
0 -0.00463073 -0.00911416 -0.0147754
0 -0.00463884 -0.009175 -0.0149043
0 -0.00465393 -0.00924438 -0.0150397
0 -0.004677 -0.0093224 -0.0151787
0 -0.00470837 -0.00940912 -0.0153183
0 -0.00474771 -0.00950436 -0.0154565
0 -0.00479426 -0.00960763 -0.015592
0 -0.0048473 -0.00971857 -0.0157248
0 -0.00490626 -0.00983681 -0.0158563
0 -0.0049705 -0.00996148 -0.0159884
0 -0.0050391 -0.0100914 -0.0161236
0 -0.0051104 -0.0102251 -0.0162639
0 -0.00518176 -0.0103608 -0.0164106
0 -0.0052499 -0.0104956 -0.016564
0 -0.00531216 -0.0106272 -0.0167239
0 -0.00536686 -0.0107535 -0.0168897
0 -0.0054128 -0.010873 -0.0170599
0 -0.00544941 -0.010984 -0.0172325
0 -0.00547712 -0.011085 -0.0174046
0 -0.00549715 -0.0111751 -0.0175723
0 -0.00551085 -0.0112542 -0.0177319
0 -0.00551962 -0.0113221 -0.0178791
0 -0.00552503 -0.0113787 -0.0180097
0 -0.00552872 -0.0114249 -0.0181201
0 -0.00553222 -0.0114614 -0.0182073
0 -0.00553684 -0.0114892 -0.0182688
0 -0.00554347 -0.0115091 -0.0183037
0 -0.00555236 -0.0115216 -0.0183121
0 -0.0055629 -0.0115264 -0.0182948
0 -0.00557356 -0.0115227 -0.0182533
0 -0.00558193 -0.0115086 -0.0181894
0 -0.00558515 -0.0114819 -0.0181051
0 -0.0055805 -0.0114401 -0.0180028
0 -0.00556609 -0.0113815 -0.0178847
0 -0.00554124 -0.0113053 -0.017753
0 -0.00550626 -0.011212 -0.0176107
0 -0.00546199 -0.011103 -0.0174606
0 -0.00540943 -0.0109803 -0.0173042
0 -0.00534976 -0.0108463 -0.0171421
0 -0.00528451 -0.0107039 -0.0169747
0 -0.00521559 -0.0105561 -0.0168023
0 -0.00514495 -0.0104062 -0.0166247
0 -0.00507414 -0.010256 -0.0164417
0 -0.00500415 -0.0101064 -0.0162524
0 -0.00493532 -0.00995715 -0.0160558
0 -0.00486763 -0.00980726 -0.0158516
0 -0.00480126 -0.00965555 -0.0156396
0 -0.00473612 -0.00950124 -0.0154202
0 -0.0046718 -0.00934386 -0.0151941
0 -0.00460789 -0.0091827 -0.0149624
0 -0.00454401 -0.00901762 -0.0147264
0 -0.00447971 -0.00884962 -0.0144871
0 -0.00441477 -0.00867967 -0.0142455
0 -0.00434858 -0.0085081 -0.0140027
0 -0.0042797 -0.00833532 -0.0137598
0 -0.00420769 -0.00816206 -0.0135176
0 -0.00413401 -0.00798891 -0.0132775
0 -0.00406026 -0.00781643 -0.0130409
0 -0.00398718 -0.00764532 -0.0128088
0 -0.00391538 -0.00747659 -0.0125822
0 -0.00384586 -0.00731149 -0.012362
0 -0.00377957 -0.00715141 -0.0121488
0 -0.00371716 -0.00699784 -0.0119432
0 -0.00365914 -0.00685258 -0.0117465
0 -0.00360626 -0.00671775 -0.01156
0 -0.00355949 -0.00659546 -0.0113858
0 -0.00351972 -0.00648734 -0.0112258
0 -0.00348741 -0.00639464 -0.0110824
0 -0.00346272 -0.00631835 -0.0109577
0 -0.0034458 -0.00625918 -0.0108542
0 -0.00343673 -0.00621762 -0.0107742
0 -0.00343532 -0.00619406 -0.01072
0 -0.00344114 -0.00618889 -0.0106933
0 -0.00345373 -0.0062024 -0.0106958
0 -0.00347269 -0.00623483 -0.0107287
0 -0.00349767 -0.00628633 -0.0107925
0 -0.0035285 -0.006357 -0.0108876
0 -0.00356517 -0.00644683 -0.0110137
0 -0.00360785 -0.00655571 -0.0111703
0 -0.0036569 -0.00668345 -0.0113563
0 -0.00371273 -0.00682979 -0.0115703
0 -0.0037757 -0.00699425 -0.0118107
0 -0.00384602 -0.00717615 -0.0120753
0 -0.00392352 -0.00737452 -0.012362
0 -0.00400756 -0.007588 -0.0126677
0 -0.00409716 -0.00781476 -0.0129895
0 -0.00419135 -0.00805255 -0.0133242
0 -0.00428935 -0.00829893 -0.0136691
0 -0.0043902 -0.00855162 -0.0140214
0 -0.00449269 -0.00880867 -0.0143784
0 -0.00459642 -0.00906772 -0.0147375
0 -0.00470119 -0.00932622 -0.0150965
0 -0.00480593 -0.0095824 -0.0154533
0 -0.0049097 -0.00983538 -0.0158067
0 -0.00501286 -0.0100849 -0.0161551
0 -0.00511632 -0.0103305 -0.016497
0 -0.00521897 -0.0105713 -0.0168305
0 -0.00531732 -0.0108049 -0.017152
0 -0.00540808 -0.0110272 -0.0174576
0 -0.00548874 -0.011233 -0.0177431
0 -0.00555718 -0.0114186 -0.0180046
0 -0.00561242 -0.0115801 -0.0182387
0 -0.00565464 -0.0117141 -0.0184422
0 -0.00568461 -0.0118185 -0.0186126
0 -0.00570405 -0.0118932 -0.0187479
0 -0.00571536 -0.0119401 -0.0188467
0 -0.00572042 -0.0119614 -0.0189079
0 -0.00571988 -0.0119597 -0.0189306
0 -0.00571387 -0.0119377 -0.0189144
0 -0.00570256 -0.011898 -0.0188594
0 -0.00568633 -0.0118427 -0.0187679
0 -0.00566561 -0.0117733 -0.0186428
0 -0.00564087 -0.0116907 -0.0184883
0 -0.0056126 -0.0115952 -0.0183093
0 -0.00558122 -0.0114873 -0.0181118
0 -0.00554684 -0.0113676 -0.0179011
0 -0.00550918 -0.0112373 -0.0176817
0 -0.00546742 -0.0110979 -0.0174577
0 -0.0054205 -0.0109512 -0.0172328
0 -0.00536756 -0.0107994 -0.0170101
0 -0.0053085 -0.0106447 -0.016792
0 -0.00524403 -0.0104894 -0.0165804
0 -0.00517544 -0.0103354 -0.0163773
0 -0.00510472 -0.0101844 -0.0161836
0 -0.00503452 -0.0100378 -0.0160005
0 -0.00496742 -0.0098976 -0.0158287
0 -0.00490553 -0.00976571 -0.0156687
0 -0.00485066 -0.00964434 -0.015521
0 -0.00480405 -0.00953541 -0.0153857
0 -0.00476621 -0.0094406 -0.0152633
0 -0.00473718 -0.00936145 -0.0151541
0 -0.00471641 -0.00929874 -0.0150586
0 -0.00470281 -0.00925211 -0.0149771
0 -0.00469516 -0.00922048 -0.0149105
0 -0.00469254 -0.00920249 -0.0148597
0 -0.00469423 -0.0091964 -0.0148259
0 -0.00469944 -0.00920029 -0.01481
0 -0.00470712 -0.00921231 -0.0148122
0 -0.00471598 -0.00923064 -0.014832
0 -0.00472461 -0.00925361 -0.014868
0 -0.00473176 -0.00927989 -0.0149181
0 -0.00473655 -0.00930863 -0.0149799
0 -0.0047386 -0.00933911 -0.0150503
0 -0.00473809 -0.00937033 -0.0151262
0 -0.0047358 -0.00940155 -0.0152043
0 -0.00473333 -0.00943283 -0.015282
0 -0.00473281 -0.00946458 -0.0153573
0 -0.00473634 -0.0094973 -0.0154286
0 -0.00474536 -0.00953178 -0.0154946
0 -0.00476047 -0.0095689 -0.0155544
0 -0.00478149 -0.0096092 -0.0156076
0 -0.00480767 -0.0096529 -0.0156543
0 -0.00483785 -0.00970006 -0.0156953
0 -0.00487071 -0.00975039 -0.0157323
0 -0.00490493 -0.00980315 -0.0157671
0 -0.00493944 -0.00985746 -0.0158023
0 -0.00497346 -0.00991257 -0.0158406
0 -0.0050064 -0.00996783 -0.0158846
0 -0.00503787 -0.0100229 -0.0159366
0 -0.00506747 -0.0100777 -0.0159979
0 -0.00509455 -0.0101327 -0.0160695
0 -0.00511902 -0.0101884 -0.0161516
0 -0.00514136 -0.0102458 -0.0162438
0 -0.00516184 -0.0103058 -0.0163452
0 -0.00518109 -0.0103692 -0.0164546
0 -0.00520029 -0.0104364 -0.0165704
0 -0.00522067 -0.010508 -0.0166911
0 -0.00524346 -0.0105839 -0.016815
0 -0.00526976 -0.010664 -0.0169406
0 -0.00530021 -0.0107478 -0.0170667
0 -0.00533507 -0.0108348 -0.0171921
0 -0.00537405 -0.0109246 -0.0173155
0 -0.0054159 -0.0110161 -0.0174358
0 -0.00545893 -0.0111079 -0.0175518
0 -0.00550169 -0.0111986 -0.0176631
0 -0.00554296 -0.0112869 -0.0177691
0 -0.00558152 -0.0113712 -0.0178697
0 -0.00561628 -0.0114496 -0.0179646
0 -0.00564653 -0.0115204 -0.0180536
0 -0.00567181 -0.0115824 -0.0181361
0 -0.00569165 -0.0116346 -0.0182114
0 -0.00570564 -0.0116763 -0.0182785
0 -0.00571371 -0.0117069 -0.018336
0 -0.00571609 -0.0117264 -0.0183823
0 -0.00571297 -0.011735 -0.0184155
0 -0.00570462 -0.011733 -0.0184342
0 -0.0056915 -0.0117203 -0.0184368
0 -0.00567421 -0.0116969 -0.0184216
0 -0.0056532 -0.0116626 -0.0183874
0 -0.00562881 -0.0116171 -0.0183334
0 -0.00560134 -0.0115601 -0.0182591
0 -0.00557098 -0.0114914 -0.0181646
0 -0.00553769 -0.0114109 -0.0180503
0 -0.00550123 -0.0113186 -0.0179167
0 -0.00546114 -0.0112145 -0.0177648
0 -0.00541684 -0.011099 -0.0175957
0 -0.00536788 -0.0109724 -0.0174108
0 -0.00531405 -0.0108352 -0.0172116
0 -0.00525549 -0.0106882 -0.017
0 -0.00519256 -0.0105321 -0.0167776
0 -0.00512557 -0.0103681 -0.0165465
0 -0.00505507 -0.0101974 -0.0163082
0 -0.00498198 -0.0100212 -0.0160644
0 -0.00490707 -0.00983993 -0.0158167
0 -0.00483073 -0.00965519 -0.0155661
0 -0.00475334 -0.00946883 -0.015314
0 -0.00467553 -0.0092822 -0.0150619
0 -0.00459804 -0.00909665 -0.014811
0 -0.00452177 -0.00891403 -0.0145623
0 -0.00444812 -0.00873593 -0.0143172
0 -0.00437811 -0.00856325 -0.014077
0 -0.00431125 -0.00839673 -0.0138429
0 -0.00424686 -0.00823707 -0.0136162
0 -0.00418551 -0.00808466 -0.0133979
0 -0.00412791 -0.00793952 -0.0131892
0 -0.00407376 -0.00780157 -0.0129912
0 -0.00402206 -0.00767071 -0.0128044
0 -0.00397209 -0.00754677 -0.0126292
0 -0.00392375 -0.00742959 -0.0124658
0 -0.00387735 -0.0073192 -0.0123148
0 -0.00383346 -0.00721622 -0.0121766
0 -0.00379304 -0.00712194 -0.0120523
0 -0.0037574 -0.00703804 -0.0119431
0 -0.00372785 -0.00696611 -0.0118498
0 -0.00370514 -0.00690759 -0.0117731
0 -0.00368948 -0.00686371 -0.0117135
0 -0.00368072 -0.00683532 -0.0116714
0 -0.00367845 -0.00682252 -0.011647
0 -0.00368194 -0.00682472 -0.0116402
0 -0.00369035 -0.00684084 -0.011651
0 -0.00370304 -0.00686962 -0.0116794
0 -0.00371975 -0.00690986 -0.0117254
0 -0.00374062 -0.00696069 -0.0117893
0 -0.00376599 -0.00702179 -0.0118715
0 -0.00379621 -0.00709332 -0.0119721
0 -0.00383134 -0.00717566 -0.0120907
0 -0.00387122 -0.00726926 -0.0122268
0 -0.00391551 -0.00737455 -0.0123793
0 -0.00396385 -0.0074918 -0.0125473
0 -0.004016 -0.00762092 -0.0127298
0 -0.00407173 -0.0077612 -0.0129254
0 -0.00413064 -0.00791134 -0.0131328
0 -0.0041924 -0.00806956 -0.0133504
0 -0.0042569 -0.00823385 -0.0135769
0 -0.00432378 -0.00840236 -0.0138107
0 -0.00439227 -0.00857367 -0.0140502
0 -0.00446179 -0.00874673 -0.0142936
0 -0.00453242 -0.00892036 -0.0145394
0 -0.00460415 -0.00909378 -0.014786
0 -0.00467619 -0.00926708 -0.015032
0 -0.00474771 -0.00944021 -0.0152762
0 -0.00481833 -0.00961253 -0.0155174
0 -0.00488809 -0.00978338 -0.0157542
0 -0.00495729 -0.00995227 -0.0159855
0 -0.00502588 -0.0101183 -0.0162105
0 -0.00509342 -0.0102801 -0.0164286
0 -0.00515931 -0.0104365 -0.0166389
0 -0.0052229 -0.0105865 -0.0168406
0 -0.0052837 -0.010729 -0.0170328
0 -0.00534128 -0.0108627 -0.017215
0 -0.00539493 -0.0109872 -0.0173864
0 -0.00544402 -0.0111023 -0.0175463
0 -0.00548851 -0.0112078 -0.017694
0 -0.00552846 -0.0113035 -0.0178288
0 -0.0055636 -0.0113894 -0.0179503
0 -0.00559389 -0.0114653 -0.0180578
0 -0.00561968 -0.0115308 -0.0181508
0 -0.00564119 -0.0115857 -0.0182288
0 -0.00565839 -0.0116298 -0.0182914
0 -0.00567134 -0.0116629 -0.0183385
0 -0.00568018 -0.0116848 -0.0183698
0 -0.00568491 -0.0116954 -0.018385
0 -0.00568529 -0.0116949 -0.0183842
0 -0.00568103 -0.0116831 -0.0183674
0 -0.00567191 -0.0116601 -0.0183345
0 -0.00565784 -0.011626 -0.0182859
0 -0.00563883 -0.0115808 -0.0182219
0 -0.005615 -0.0115249 -0.0181432
0 -0.00558656 -0.0114583 -0.0180504
0 -0.00555386 -0.0113815 -0.0179442
0 -0.0055173 -0.0112949 -0.0178253
0 -0.00547718 -0.0111992 -0.0176946
0 -0.00543373 -0.0110952 -0.0175529
0 -0.00538723 -0.0109838 -0.0174009
0 -0.00533806 -0.0108659 -0.0172396
0 -0.00528662 -0.0107424 -0.01707
0 -0.00523338 -0.0106142 -0.0168931
0 -0.00517881 -0.0104824 -0.01671
0 -0.0051234 -0.0103481 -0.0165222
0 -0.00506775 -0.0102122 -0.0163308
0 -0.00501244 -0.0100755 -0.0161376
0 -0.00495778 -0.00993848 -0.0159439
0 -0.00490403 -0.00980213 -0.015751
0 -0.0048514 -0.00966749 -0.0155604
0 -0.00479981 -0.00953559 -0.0153736
0 -0.00474916 -0.00940722 -0.0151921
0 -0.00469975 -0.00928312 -0.0150171
0 -0.00465196 -0.00916423 -0.0148498
0 -0.00460612 -0.00905158 -0.0146914
0 -0.00456265 -0.0089459 -0.0145431
0 -0.00452217 -0.00884751 -0.0144057
0 -0.00448529 -0.00875689 -0.01428
0 -0.00445234 -0.00867499 -0.0141667
0 -0.00442324 -0.00860253 -0.0140666
0 -0.00439797 -0.00853968 -0.0139801
0 -0.00437686 -0.00848685 -0.0139075
0 -0.0043601 -0.00844472 -0.0138493
0 -0.00434765 -0.00841368 -0.0138056
0 -0.00433955 -0.00839372 -0.0137767
0 -0.0043359 -0.00838463 -0.0137625
0 -0.0043367 -0.00838621 -0.0137632
0 -0.00434189 -0.00839841 -0.0137786
0 -0.00435134 -0.008421 -0.0138086
0 -0.00436487 -0.00845351 -0.0138529
0 -0.0043822 -0.00849541 -0.0139109
0 -0.00440302 -0.00854635 -0.0139822
0 -0.00442704 -0.008606 -0.0140661
0 -0.00445397 -0.00867369 -0.0141616
0 -0.00448355 -0.00874858 -0.0142678
0 -0.00451563 -0.00883017 -0.0143838
0 -0.0045501 -0.008918 -0.0145086
0 -0.00458671 -0.00901114 -0.0146409
0 -0.00462506 -0.00910864 -0.0147798
0 -0.00466484 -0.00920982 -0.0149238
0 -0.00470578 -0.00931391 -0.0150719
0 -0.00474754 -0.00941997 -0.0152227
0 -0.00478994 -0.00952712 -0.0153749
0 -0.00483275 -0.0096345 -0.0155271
0 -0.00487553 -0.00974126 -0.015678
0 -0.00491786 -0.00984677 -0.0158264
0 -0.00495948 -0.0099504 -0.015971
0 -0.00500019 -0.0100511 -0.0161108
0 -0.00503964 -0.0101479 -0.0162448
0 -0.0050773 -0.01024 -0.0163722
0 -0.00511276 -0.010327 -0.0164923
0 -0.00514574 -0.010408 -0.0166043
0 -0.00517596 -0.0104823 -0.0167073
0 -0.00520318 -0.0105493 -0.0168009
0 -0.00522718 -0.0106083 -0.0168844
0 -0.00524773 -0.0106592 -0.0169571
0 -0.00526458 -0.0107017 -0.0170186
0 -0.00527757 -0.0107354 -0.0170684
0 -0.00528675 -0.0107604 -0.017106
0 -0.00529228 -0.0107765 -0.0171311
0 -0.00529422 -0.0107839 -0.0171436
0 -0.00529262 -0.0107823 -0.0171433
0 -0.00528764 -0.0107719 -0.0171303
0 -0.00527951 -0.0107531 -0.0171048
0 -0.00526843 -0.010726 -0.0170671
0 -0.00525449 -0.0106909 -0.0170175
0 -0.00523768 -0.0106481 -0.0169566
0 -0.0052181 -0.0105981 -0.016885
0 -0.00519592 -0.0105414 -0.0168035
0 -0.00517124 -0.0104785 -0.0167128
0 -0.0051442 -0.0104096 -0.0166139
0 -0.00511507 -0.0103356 -0.0165077
0 -0.00508408 -0.0102573 -0.0163953
0 -0.00505129 -0.0101751 -0.0162776
0 -0.00501699 -0.0100893 -0.016156
0 -0.00498187 -0.0100009 -0.0160314
