0 -0.0026579 -0.0035691 -0.00390756
0 -0.00268116 -0.00364267 -0.00401618
0 -0.00270133 -0.00370823 -0.00411729
0 -0.00272389 -0.00376815 -0.00421005
0 -0.00274761 -0.00382283 -0.00428969
0 -0.00276962 -0.00387181 -0.00435217
0 -0.00278935 -0.0039146 -0.00439852
0 -0.00280336 -0.00394621 -0.00442891
0 -0.00280733 -0.00395893 -0.00444152
0 -0.00280406 -0.00395311 -0.00443948
0 -0.00279826 -0.00393576 -0.00442644
0 -0.00278515 -0.00390639 -0.00439573
0 -0.00275826 -0.00385878 -0.00433775
0 -0.0027272 -0.00379773 -0.00425821
0 -0.00271057 -0.00373986 -0.00417526
0 -0.00271342 -0.00369904 -0.00410161
0 -0.00272522 -0.00368041 -0.00404241
0 -0.00273548 -0.00368221 -0.00400459
0 -0.00273723 -0.00369284 -0.00399348
0 -0.00271905 -0.00368803 -0.00399824
0 -0.00267968 -0.00365168 -0.00400318
0 -0.00263919 -0.00359665 -0.00400435
0 -0.00260483 -0.00353619 -0.00398353
0 -0.00256106 -0.00346075 -0.0039055
0 -0.00250791 -0.00336225 -0.00375914
0 -0.00246307 -0.00324348 -0.00356218
0 -0.00243765 -0.00311345 -0.00334088
0 -0.00243741 -0.00299936 -0.00312979
0 -0.00246103 -0.00293712 -0.00296814
0 -0.00249109 -0.00293789 -0.00288135
0 -0.00250896 -0.00298337 -0.0028806
0 -0.00251716 -0.00305423 -0.00297608
0 -0.00253877 -0.0031533 -0.00317714
0 -0.00258655 -0.00329517 -0.00347204
0 -0.00264094 -0.0034756 -0.00381078
0 -0.00268595 -0.00367786 -0.00414163
0 -0.00273472 -0.00388887 -0.0044431
0 -0.00279381 -0.00407835 -0.00469599
0 -0.00286089 -0.00422194 -0.00488793
0 -0.00295207 -0.00434939 -0.00504288
0 -0.00306175 -0.0044941 -0.00518281
0 -0.0031304 -0.00462309 -0.00528284
0 -0.00310083 -0.00465933 -0.00530099
0 -0.00298217 -0.00455151 -0.00522462
0 -0.00284376 -0.00432198 -0.00507051
0 -0.00274535 -0.00404722 -0.00484761
0 -0.00269377 -0.00380365 -0.00454664
0 -0.00268721 -0.00365223 -0.00419755
0 -0.00275979 -0.00364801 -0.0039133
0 -0.00293482 -0.00381518 -0.00382954
0 -0.00317309 -0.00413133 -0.00402351
0 -0.00338737 -0.00454181 -0.00449691
0 -0.00347667 -0.00494617 -0.0051666
0 -0.00339697 -0.00523416 -0.0058966
0 -0.00322301 -0.0053724 -0.00656443
0 -0.00309386 -0.00541277 -0.00706457
0 -0.00309477 -0.00543474 -0.00730278
0 -0.00320996 -0.00548437 -0.00722648
0 -0.00337332 -0.00554602 -0.00687167
0 -0.00353468 -0.00557623 -0.00638527
0 -0.00366957 -0.00555114 -0.00596135
0 -0.00373867 -0.00546887 -0.00572471
0 -0.00368044 -0.00533372 -0.00567808
0 -0.00347182 -0.00515385 -0.00575159
0 -0.00316738 -0.00493424 -0.00584626
0 -0.0028585 -0.00466118 -0.00584121
0 -0.00261247 -0.00431295 -0.00562025
0 -0.00245376 -0.00389241 -0.00511109
0 -0.0023985 -0.00346259 -0.00434971
0 -0.00247107 -0.00314187 -0.00350326
0 -0.00264986 -0.0030162 -0.00278282
0 -0.00284357 -0.00306868 -0.00234926
0 -0.00294134 -0.00319563 -0.00226526
0 -0.0028709 -0.00327145 -0.00250075
0 -0.00263883 -0.00322793 -0.00295251
0 -0.00233259 -0.00308671 -0.00347216
0 -0.00206005 -0.00291428 -0.00388222
0 -0.00188537 -0.00275278 -0.00398698
0 -0.00183296 -0.0026073 -0.00369527
0 -0.00190954 -0.00247157 -0.00307192
0 -0.00208733 -0.00233807 -0.00228393
0 -0.0022865 -0.00220522 -0.00154136
0 -0.00239377 -0.00205701 -0.000980569
0 -0.0023255 -0.00186182 -0.00066154
0 -0.00209726 -0.00162828 -0.000610506
0 -0.00180534 -0.00139886 -0.000770834
0 -0.00154929 -0.00120895 -0.00102743
0 -0.00140571 -0.00110547 -0.00125687
0 -0.00142174 -0.00114071 -0.00137109
0 -0.00158763 -0.00132267 -0.00136369
0 -0.00185616 -0.0016269 -0.00130829
0 -0.00219662 -0.00204366 -0.00136666
0 -0.0025835 -0.00257694 -0.00171712
0 -0.00294344 -0.00321111 -0.00243707
0 -0.00317405 -0.00388555 -0.00347555
0 -0.00322041 -0.00450852 -0.0046934
0 -0.00312242 -0.00500196 -0.00591912
0 -0.00298395 -0.00531428 -0.00694223
0 -0.00289579 -0.00543283 -0.00754988
0 -0.00291628 -0.00542379 -0.00763791
0 -0.00309359 -0.00541118 -0.00727465
0 -0.00344127 -0.00550713 -0.00669852
0 -0.00389275 -0.00576179 -0.00621075
0 -0.00432513 -0.00615649 -0.00607261
0 -0.00462278 -0.00662907 -0.0064308
0 -0.00469396 -0.00707855 -0.00725064
0 -0.00450247 -0.00739204 -0.0083551
0 -0.00412994 -0.00750997 -0.0094605
0 -0.00374738 -0.0074452 -0.0102431
0 -0.00350124 -0.00724899 -0.0104539
0 -0.0034482 -0.00697242 -0.00997742
0 -0.00358221 -0.00666001 -0.00891877
0 -0.00382859 -0.00633138 -0.00756338
0 -0.00398177 -0.00591129 -0.00616272
0 -0.00379071 -0.00522909 -0.00483963
0 -0.00317197 -0.00414775 -0.00359604
0 -0.00226245 -0.00268043 -0.00237211
0 -0.00127808 -0.000989065 -0.00108183
0 -0.000427368 0.000674287 0.000398919
0 7.36932e-05 0.00199974 0.0020742
0 0.000110884 0.0027442 0.0037497
0 -0.00020723 0.00291186 0.00515401
0 -0.00066662 0.0026849 0.00601547
0 -0.00111231 0.00220298 0.00604716
0 -0.00141594 0.00155272 0.00510851
0 -0.00140668 0.000892445 0.00345511
0 -0.00102127 0.000406109 0.00157953
0 -0.000480685 0.000141208 -0.000110575
0 -0.000182943 -4.97627e-05 -0.00137742
0 -0.000404461 -0.000386155 -0.00208108
0 -0.00114326 -0.00103912 -0.002262
0 -0.00219061 -0.00210321 -0.00219539
0 -0.00327258 -0.00349011 -0.00232099
0 -0.00414642 -0.00489151 -0.00302
0 -0.00462757 -0.00600309 -0.0044112
0 -0.00466536 -0.00677786 -0.00643874
0 -0.00443453 -0.0074261 -0.00888075
0 -0.00423382 -0.00818604 -0.0113429
0 -0.00430683 -0.00915943 -0.0133793
0 -0.00479181 -0.0103498 -0.0147765
0 -0.00566777 -0.0116561 -0.0155836
0 -0.00669205 -0.0128593 -0.0159667
0 -0.00750195 -0.0137345 -0.0161518
0 -0.00779124 -0.0141005 -0.0162609
0 -0.00742528 -0.0138111 -0.0162734
0 -0.0064975 -0.0128215 -0.016018
0 -0.00530953 -0.0112608 -0.0152391
0 -0.00424324 -0.00941884 -0.013764
0 -0.00358871 -0.00766241 -0.0115779
0 -0.00339232 -0.00623203 -0.00884247
0 -0.0034122 -0.00506781 -0.00583022
0 -0.00330984 -0.00394094 -0.00291636
0 -0.00289715 -0.00261343 -0.000419407
0 -0.00214871 -0.000927876 0.00155331
0 -0.00111009 0.000997497 0.00303915
0 8.94497e-05 0.00289413 0.00429991
0 0.00121811 0.00459329 0.00563528
0 0.00202254 0.00598128 0.00718678
0 0.0023581 0.00702027 0.00896884
0 0.00225185 0.00774553 0.0107952
0 0.0018359 0.00808035 0.0123087
0 0.00126295 0.00787325 0.0130602
0 0.000695996 0.00710509 0.0126945
0 0.000277642 0.00589664 0.0111204
0 3.5477e-05 0.00441739 0.00848957
0 -0.000126743 0.0028189 0.00516428
0 -0.000343616 0.00115622 0.00162674
0 -0.000737497 -0.000590864 -0.00170531
0 -0.00139405 -0.00244801 -0.00448007
0 -0.00235552 -0.00440004 -0.00657632
0 -0.00358163 -0.00636548 -0.0082027
0 -0.0048545 -0.00823399 -0.00957208
0 -0.00587162 -0.0098641 -0.0109186
0 -0.00648859 -0.0111452 -0.0124378
0 -0.00671447 -0.0120753 -0.0141204
0 -0.00659067 -0.0126501 -0.015772
0 -0.00625012 -0.0128636 -0.0170506
0 -0.00594321 -0.0128309 -0.0177113
0 -0.00587429 -0.0127004 -0.0176694
0 -0.00606623 -0.0125368 -0.0169527
0 -0.00636774 -0.0123173 -0.0157253
0 -0.00654172 -0.0119263 -0.0142269
0 -0.00640014 -0.0112205 -0.0127111
0 -0.00587241 -0.0101212 -0.0113305
0 -0.00498853 -0.00863593 -0.0100482
0 -0.00386195 -0.00684812 -0.00867156
0 -0.00268187 -0.00489078 -0.00695117
0 -0.00167735 -0.00290701 -0.00473616
0 -0.000989048 -0.00102496 -0.00204757
0 -0.000617511 0.000629719 0.000924238
0 -0.00050355 0.00197599 0.00380541
0 -0.00053805 0.00299049 0.00619701
0 -0.000605888 0.00359806 0.00772885
0 -0.000649924 0.00372067 0.00809381
0 -0.000613727 0.00341675 0.00731895
0 -0.000483736 0.00279005 0.00565359
0 -0.00041146 0.00185906 0.00340195
0 -0.000613154 0.000605193 0.000875736
0 -0.00115749 -0.000954884 -0.00166037
0 -0.00191621 -0.00269934 -0.00388129
0 -0.00267572 -0.00434825 -0.00557594
0 -0.0032939 -0.00563456 -0.00677403
0 -0.00375897 -0.00649322 -0.00761529
0 -0.00409123 -0.0069834 -0.00826477
0 -0.00426747 -0.00720735 -0.00875785
0 -0.00426319 -0.00728604 -0.009038
0 -0.00412921 -0.00727786 -0.00910113
0 -0.00401814 -0.00722054 -0.00901509
0 -0.00410056 -0.00722225 -0.00893014
0 -0.0044421 -0.00743512 -0.00900476
0 -0.00494557 -0.00796121 -0.00933681
0 -0.00537718 -0.00871418 -0.00991599
0 -0.00549122 -0.00937306 -0.0106093
0 -0.00520283 -0.00957662 -0.0112345
0 -0.00462706 -0.00915644 -0.0115759
0 -0.00393 -0.00816919 -0.0113509
0 -0.00320179 -0.00678196 -0.0102551
0 -0.00247293 -0.00512609 -0.00810309
0 -0.00178124 -0.00322369 -0.00496731
0 -0.00119946 -0.00112047 -0.0012131
0 -0.000818987 0.000951406 0.00254619
0 -0.000714585 0.00265633 0.00569384
0 -0.000828294 0.00367608 0.00775756
0 -0.000947588 0.00383136 0.0084416
0 -0.000950023 0.00325434 0.0077306
0 -0.000953584 0.00217567 0.00570723
0 -0.00116585 0.000658492 0.00259369
0 -0.00165239 -0.00123019 -0.0011224
0 -0.00229876 -0.00338475 -0.00489716
0 -0.00300705 -0.00568177 -0.00819411
0 -0.00376542 -0.00779945 -0.010713
0 -0.00449905 -0.00939522 -0.0124337
0 -0.00505921 -0.0103005 -0.0133128
0 -0.0053093 -0.0104286 -0.013363
0 -0.00515575 -0.00984729 -0.0126452
0 -0.00462841 -0.00874931 -0.0112372
0 -0.00387923 -0.00724158 -0.00928484
0 -0.00308633 -0.00543397 -0.00693593
0 -0.00242766 -0.00356275 -0.00439829
0 -0.00200027 -0.00188455 -0.00188895
0 -0.00173848 -0.00058889 0.000380132
0 -0.00154924 0.000278517 0.00218687
0 -0.00139403 0.000815466 0.00337431
0 -0.00120887 0.00115539 0.00386859
0 -0.000937529 0.00141583 0.00376398
0 -0.000581541 0.00166012 0.00331547
0 -0.000179231 0.00188347 0.00282161
0 0.000171431 0.00207553 0.00253915
0 0.000345019 0.00224725 0.00261075
0 0.000270102 0.00236872 0.00303347
0 -6.60567e-05 0.0023332 0.00360567
0 -0.000594943 0.0020384 0.00403511
0 -0.00114623 0.00148098 0.00407858
0 -0.00154696 0.000760493 0.00356005
0 -0.00174453 -9.76466e-06 0.00242396
0 -0.00184527 -0.000832599 0.000702633
0 -0.00203604 -0.00184296 -0.00149567
0 -0.00243422 -0.00318672 -0.00398373
0 -0.00305084 -0.00489927 -0.00650222
0 -0.00387112 -0.00686308 -0.00885733
0 -0.00485416 -0.00890986 -0.0110785
0 -0.00590765 -0.0109167 -0.0132462
0 -0.00688914 -0.012758 -0.0153929
0 -0.00759799 -0.0142985 -0.0174455
0 -0.00790453 -0.0154359 -0.0192353
0 -0.00786553 -0.0160914 -0.0206077
0 -0.00762024 -0.0162131 -0.0213702
0 -0.00727551 -0.0158023 -0.021325
0 -0.00689152 -0.0149161 -0.0203468
0 -0.00647278 -0.013636 -0.01843
0 -0.00598392 -0.0120262 -0.0157356
0 -0.00540736 -0.0101359 -0.0125608
0 -0.00475774 -0.00805638 -0.00927525
0 -0.00405266 -0.00594842 -0.00621093
0 -0.00331048 -0.00399267 -0.00356184
0 -0.00255901 -0.00229055 -0.00138375
0 -0.00180472 -0.000826899 0.000361011
0 -0.00105196 0.000468589 0.00177982
0 -0.000340249 0.00169438 0.00304413
0 0.000303968 0.00292803 0.00432766
0 0.000863189 0.00415359 0.00573997
0 0.00130784 0.00531341 0.00731394
0 0.00164557 0.00637563 0.00900067
0 0.0019164 0.00733619 0.010684
0 0.00213341 0.00818168 0.0121899
0 0.00227627 0.00884361 0.0133123
0 0.00231955 0.00920316 0.0138737
0 0.0022225 0.00911392 0.0137464
0 0.001935 0.00845473 0.0128535
0 0.0014211 0.00718108 0.0111655
0 0.0006623 0.00531397 0.00869806
0 -0.000317307 0.00293062 0.00552051
0 -0.00143698 0.000163834 0.00176682
0 -0.00259454 -0.00281498 -0.00236305
0 -0.00373087 -0.00584852 -0.00666009
0 -0.00478053 -0.00876057 -0.0108664
0 -0.00562657 -0.011282 -0.0146375
0 -0.00624721 -0.0132203 -0.0176689
0 -0.00671161 -0.0145596 -0.0197378
0 -0.00704294 -0.0153003 -0.0207392
0 -0.00724011 -0.0154583 -0.0207087
0 -0.00730359 -0.0151168 -0.0197849
0 -0.00717816 -0.0143088 -0.018187
0 -0.00677272 -0.0130222 -0.0161177
0 -0.00605691 -0.0112922 -0.0137298
0 -0.00508052 -0.00918954 -0.0111421
0 -0.00396249 -0.0068532 -0.00842699
0 -0.00287361 -0.00448537 -0.00562314
0 -0.0019546 -0.00225844 -0.0027609
0 -0.00127386 -0.000344876 4.45641e-05
0 -0.000874433 0.00110294 0.00253526
0 -0.000741303 0.00206468 0.004482
0 -0.00066745 0.00268239 0.00581855
0 -0.000373024 0.00322115 0.00661139
0 0.00023402 0.0039232 0.00704529
0 0.00107915 0.00490827 0.00738631
0 0.00203033 0.00619232 0.00797911
0 0.00291307 0.007686 0.00914328
0 0.00356776 0.00921914 0.0110032
0 0.00392713 0.0106401 0.0134649
0 0.00404562 0.011898 0.016241
0 0.00408955 0.0130416 0.0189511
0 0.00426048 0.0141593 0.0212412
0 0.00467837 0.0152886 0.0228704
0 0.00533027 0.0163839 0.0237874
0 0.00609537 0.0173529 0.0241223
0 0.00680789 0.0180896 0.0241257
0 0.00730454 0.0185112 0.024054
0 0.00738697 0.0185147 0.0239748
0 0.006861 0.0178984 0.0236764
0 0.00569152 0.0164426 0.0227713
0 0.00402323 0.0139969 0.0208086
0 0.00205469 0.0104766 0.0173186
0 -9.35732e-05 0.0058765 0.0119089
0 -0.00240339 0.000279313 0.00443366
0 -0.00494328 -0.00618012 -0.00489965
0 -0.00771116 -0.0134767 -0.0156737
0 -0.0105735 -0.0214504 -0.0272598
0 -0.0136534 -0.0296286 -0.0388345
0 -0.0172685 -0.0377685 -0.0497834
0 -0.0213342 -0.0457372 -0.0598087
0 -0.0255413 -0.0532331 -0.0688119
0 -0.0298203 -0.0601783 -0.0768763
0 -0.0340501 -0.0667324 -0.084181
0 -0.0380105 -0.0729736 -0.0909069
0 -0.0415983 -0.0788681 -0.0972222
0 -0.0446466 -0.0843508 -0.103225
0 -0.0469765 -0.0892027 -0.108919
0 -0.0485867 -0.0931521 -0.114288
0 -0.0495215 -0.0960647 -0.11925
0 -0.0496769 -0.0977021 -0.123565
0 -0.0489079 -0.0977598 -0.126783
0 -0.0472222 -0.0961674 -0.128272
0 -0.0448011 -0.0929893 -0.127456
0 -0.042031 -0.0884229 -0.123861
0 -0.0393657 -0.082864 -0.117228
0 -0.036973 -0.0765615 -0.107765
0 -0.0347181 -0.069475 -0.0959826
0 -0.0323823 -0.0616193 -0.0827133
0 -0.0297153 -0.0532243 -0.0690764
0 -0.026481 -0.0444285 -0.0559402
0 -0.0226277 -0.0353961 -0.0437964
0 -0.0184912 -0.026892 -0.0331483
0 -0.0147294 -0.0199212 -0.0246187
0 -0.0118589 -0.0149255 -0.0185806
0 -0.0098767 -0.0117347 -0.0148836
0 -0.00848447 -0.00998074 -0.0130868
0 -0.00766526 -0.00939655 -0.0129085
0 -0.00768211 -0.00995297 -0.0143335
0 -0.00844616 -0.0116585 -0.0171166
0 -0.00936078 -0.0140316 -0.0204864
0 -0.00997087 -0.0163856 -0.0237932
0 -0.0105037 -0.0186002 -0.0270381
0 -0.0114716 -0.0209277 -0.0304813
0 -0.0129671 -0.0235521 -0.0341746
0 -0.0146492 -0.0266004 -0.0379802
0 -0.0160703 -0.0298858 -0.04169
0 -0.0169365 -0.0327843 -0.0450752
0 -0.0172673 -0.0347539 -0.0480048
0 -0.0173113 -0.0356751 -0.0504399
0 -0.0173102 -0.0357979 -0.0522187
0 -0.0173079 -0.0355978 -0.0529884
0 -0.0171939 -0.0353549 -0.0524767
0 -0.0169295 -0.0349146 -0.0507372
0 -0.0166424 -0.0339988 -0.0481623
0 -0.0164277 -0.0325096 -0.0452668
0 -0.0161869 -0.0306091 -0.0423579
0 -0.0158006 -0.0286901 -0.0396686
0 -0.0153202 -0.027239 -0.0375658
0 -0.0149092 -0.0265402 -0.0363201
0 -0.014579 -0.026341 -0.0358915
0 -0.0140774 -0.0260019 -0.0358574
0 -0.0131629 -0.0249761 -0.0355928
0 -0.0118464 -0.0230624 -0.0345587
0 -0.0103976 -0.0204779 -0.0324484
0 -0.00922961 -0.0177461 -0.0292775
0 -0.00863961 -0.0153847 -0.0253499
0 -0.00857104 -0.0136027 -0.021109
0 -0.00874005 -0.0123056 -0.0170858
0 -0.00885248 -0.0112721 -0.0138406
0 -0.00858373 -0.0101975 -0.0116829
0 -0.00775863 -0.00889331 -0.0105895
0 -0.00658248 -0.00750965 -0.0104445
0 -0.00547754 -0.00648828 -0.0110982
0 -0.00485756 -0.00634051 -0.0123226
0 -0.0050577 -0.00737547 -0.0140083
0 -0.00629105 -0.00970862 -0.0163153
0 -0.00856471 -0.0134033 -0.0196161
0 -0.0115818 -0.0184342 -0.024391
0 -0.0148152 -0.0245818 -0.031002
0 -0.0178231 -0.031389 -0.0394841
0 -0.0204037 -0.0384042 -0.0496117
0 -0.0226188 -0.0455413 -0.0610723
0 -0.024859 -0.0528623 -0.0733456
0 -0.0275211 -0.0602477 -0.0854493
0 -0.0305663 -0.0675869 -0.0963899
0 -0.0336873 -0.0746397 -0.105589
0 -0.0367601 -0.0808363 -0.112745
0 -0.0396934 -0.085772 -0.117955
0 -0.042243 -0.0893751 -0.12148
0 -0.044262 -0.0916633 -0.12352
0 -0.045596 -0.0928188 -0.124309
0 -0.0459904 -0.0930059 -0.123973
0 -0.0453871 -0.0921056 -0.122593
0 -0.0439221 -0.0899295 -0.12018
0 -0.0417413 -0.0863189 -0.116515
0 -0.0390031 -0.081178 -0.111196
0 -0.0358468 -0.0746464 -0.103794
0 -0.0324017 -0.0669989 -0.0940908
0 -0.028943 -0.058531 -0.0822952
0 -0.0257154 -0.0496969 -0.0690549
0 -0.0226958 -0.0409613 -0.0553215
0 -0.0198338 -0.0325551 -0.0421038
0 -0.0171113 -0.0247507 -0.0301269
0 -0.0144409 -0.0179662 -0.0199189
0 -0.0118059 -0.0124229 -0.0120139
0 -0.00932108 -0.00808215 -0.00663353
0 -0.0071449 -0.00492815 -0.00367032
0 -0.00540896 -0.0030312 -0.00287532
0 -0.00424328 -0.00237215 -0.00380784
0 -0.00379214 -0.00292112 -0.00596754
0 -0.00413865 -0.00461859 -0.00890349
0 -0.00520672 -0.00716756 -0.0122222
0 -0.00674907 -0.0102216 -0.0156892
0 -0.00845143 -0.0135463 -0.0192678
0 -0.010077 -0.0169245 -0.023065
0 -0.0115492 -0.0202468 -0.0272534
0 -0.0128917 -0.023539 -0.0319193
0 -0.0141696 -0.0268616 -0.036997
0 -0.0154615 -0.030328 -0.0423522
0 -0.0168269 -0.0340052 -0.0478248
0 -0.018343 -0.0378403 -0.0532237
0 -0.020067 -0.0418048 -0.058447
0 -0.0219307 -0.0458484 -0.0634643
0 -0.0237163 -0.0497258 -0.068153
0 -0.0251673 -0.0530777 -0.0723517
0 -0.0261281 -0.0555788 -0.0758416
0 -0.0264501 -0.0569337 -0.0782973
0 -0.0260087 -0.0569375 -0.0793517
0 -0.024936 -0.055573 -0.0786565
0 -0.0234962 -0.0529652 -0.0759993
0 -0.0219114 -0.0493492 -0.0713827
0 -0.0203546 -0.045022 -0.0650464
0 -0.0188741 -0.0402836 -0.0574757
0 -0.0174521 -0.0354187 -0.0493487
0 -0.0160805 -0.0307242 -0.0414253
0 -0.0146662 -0.026352 -0.0343103
0 -0.0131111 -0.0222457 -0.0283449
0 -0.011523 -0.0185856 -0.023762
0 -0.0101241 -0.0157267 -0.0206503
0 -0.0090872 -0.0138283 -0.0189123
0 -0.00856799 -0.0130333 -0.0184324
0 -0.00865668 -0.0134375 -0.0190763
0 -0.00920033 -0.0147882 -0.0206094
0 -0.00993981 -0.0166627 -0.0228212
0 -0.0107597 -0.0187682 -0.025574
0 -0.0115531 -0.0208709 -0.0286857
0 -0.0121317 -0.0227301 -0.0318436
0 -0.0124019 -0.0241832 -0.0346414
0 -0.0124516 -0.0251756 -0.0367931
0 -0.0124684 -0.0257412 -0.0381606
0 -0.0126092 -0.0259925 -0.0386632
0 -0.0128558 -0.0260073 -0.038304
0 -0.0130068 -0.0257323 -0.0371334
0 -0.0128939 -0.0250548 -0.0353108
0 -0.0125024 -0.0238882 -0.0331079
0 -0.0118862 -0.0222368 -0.0307471
0 -0.0111265 -0.0202683 -0.0283891
0 -0.0103521 -0.018308 -0.0261602
0 -0.0097278 -0.0167294 -0.0241919
0 -0.00943916 -0.0158329 -0.0226984
0 -0.00962403 -0.0157848 -0.0219541
0 -0.0102805 -0.0166171 -0.0222333
0 -0.0112897 -0.0182931 -0.0237681
0 -0.0125147 -0.0207697 -0.0267109
0 -0.0138503 -0.0239916 -0.0310958
0 -0.0152265 -0.0278307 -0.036766
0 -0.0166414 -0.0320649 -0.0433453
0 -0.0180896 -0.0365006 -0.0503888
0 -0.0195209 -0.0409221 -0.0573844
0 -0.0209923 -0.045071 -0.063792
0 -0.0225778 -0.0489156 -0.0692982
0 -0.0241837 -0.0524374 -0.0737069
0 -0.0256429 -0.0553931 -0.0769317
0 -0.026807 -0.0575696 -0.0790733
0 -0.0275254 -0.0588054 -0.0802173
0 -0.0276741 -0.0589306 -0.0803887
0 -0.0271866 -0.0579331 -0.079513
0 -0.0260484 -0.0559017 -0.0774196
0 -0.0243599 -0.0528594 -0.0739698
0 -0.0223498 -0.0488669 -0.0691024
0 -0.0202381 -0.0440852 -0.0628829
0 -0.0181568 -0.0387367 -0.0555152
0 -0.0161874 -0.0330958 -0.047287
0 -0.0142587 -0.0274367 -0.038574
0 -0.0121558 -0.0218182 -0.0298221
0 -0.00985849 -0.0160765 -0.021371
0 -0.00752023 -0.0102965 -0.0134786
0 -0.00520279 -0.00481905 -0.00641773
0 -0.00294559 9.0705e-05 -0.000297847
0 -0.000859433 0.00419926 0.00483495
0 0.000929321 0.00733047 0.00886854
0 0.00231672 0.00954111 0.0117566
0 0.00323668 0.0110147 0.0134869
0 0.00367065 0.0117919 0.0141023
0 0.00363675 0.0117971 0.0137468
0 0.00322866 0.0109988 0.0125431
0 0.00255957 0.00939861 0.0105575
0 0.00164275 0.00709136 0.00781202
0 0.000511744 0.00432807 0.00432541
0 -0.000709016 0.00135368 0.000213125
0 -0.00191071 -0.0016953 -0.00432247
0 -0.00302147 -0.00474174 -0.00903013
0 -0.00402696 -0.00773815 -0.0136487
0 -0.00500221 -0.0106356 -0.0179687
0 -0.00604366 -0.0133623 -0.0218312
0 -0.007156 -0.0158571 -0.0251398
0 -0.00829327 -0.0181172 -0.0279215
0 -0.00946031 -0.0202304 -0.0303291
0 -0.010648 -0.0223319 -0.0325814
0 -0.0118255 -0.0245206 -0.0349234
0 -0.0130005 -0.0268536 -0.0375851
0 -0.0141909 -0.0293855 -0.0407515
0 -0.0154315 -0.0321904 -0.0445375
0 -0.016765 -0.0353315 -0.0489423
0 -0.0181848 -0.0387863 -0.0538174
0 -0.0196528 -0.042425 -0.0589061
0 -0.021158 -0.0460425 -0.0639261
0 -0.0226598 -0.0494239 -0.0686061
0 -0.0240369 -0.0524101 -0.0727098
0 -0.0252099 -0.0548886 -0.0760591
0 -0.0261529 -0.0567756 -0.0785332
0 -0.0268023 -0.0580142 -0.0800652
0 -0.0270984 -0.0585452 -0.0806261
0 -0.0270014 -0.0583011 -0.0802002
0 -0.0264648 -0.0572125 -0.0787639
0 -0.0254763 -0.055225 -0.0762865
0 -0.0240983 -0.0523623 -0.0727619
0 -0.0224445 -0.0487338 -0.0682087
0 -0.0205866 -0.044469 -0.0626603
0 -0.0185432 -0.0396876 -0.0561928
0 -0.0163711 -0.0344874 -0.0489596
0 -0.0141912 -0.0289912 -0.0411891
0 -0.0120344 -0.0233719 -0.0331445
0 -0.00979334 -0.0176903 -0.0250516
0 -0.00745283 -0.0119449 -0.0170691
0 -0.00507511 -0.0062932 -0.00936245
0 -0.00266284 -0.000931701 -0.00212867
0 -0.000284346 0.00401992 0.0044418
0 0.00186078 0.00838441 0.0101277
0 0.00355509 0.0119164 0.0147052
0 0.00465459 0.0144227 0.0180262
0 0.00507298 0.0157368 0.019944
0 0.0047445 0.0156416 0.0202669
0 0.00377332 0.0140264 0.0188322
0 0.00240091 0.0110791 0.0155606
0 0.000785709 0.0071463 0.0105196
0 -0.000905663 0.00254991 0.00393732
0 -0.00257198 -0.00242079 -0.00381728
0 -0.00430084 -0.00761161 -0.0122425
0 -0.00623734 -0.0130823 -0.0208271
0 -0.00845656 -0.018862 -0.029212
0 -0.0109238 -0.0247609 -0.0371357
0 -0.0135872 -0.0306006 -0.04443
0 -0.0163646 -0.036326 -0.0511877
0 -0.0191629 -0.0418254 -0.0575777
0 -0.0219828 -0.0469648 -0.0637274
0 -0.024721 -0.0517389 -0.0697118
0 -0.0270646 -0.0560887 -0.0753547
0 -0.0287842 -0.0598044 -0.0803733
0 -0.0298019 -0.0626996 -0.0845428
0 -0.0301108 -0.0645594 -0.0876418
0 -0.0298071 -0.0651408 -0.0894431
0 -0.0290419 -0.0643602 -0.0896522
0 -0.0279236 -0.0622947 -0.0879354
0 -0.0264785 -0.0591157 -0.0840871
0 -0.0247697 -0.0549998 -0.0781565
0 -0.022886 -0.0500282 -0.0704844
0 -0.0208295 -0.0442976 -0.0616177
0 -0.0186251 -0.0380116 -0.0521642
0 -0.0163258 -0.031495 -0.0426604
0 -0.0138573 -0.0250291 -0.0334979
0 -0.011161 -0.0186881 -0.0248886
0 -0.00839029 -0.0126277 -0.016961
0 -0.00574509 -0.00708539 -0.00984248
0 -0.00327277 -0.00210238 -0.0035401
0 -0.000935618 0.00234964 0.00200146
0 0.00122488 0.00624582 0.00681035
0 0.00310647 0.00962752 0.0109538
0 0.00468772 0.0126071 0.0145226
0 0.00603748 0.0152195 0.0176111
0 0.00720995 0.0174297 0.020316
0 0.00820517 0.0192685 0.0226972
0 0.00901593 0.020816 0.0247624
0 0.00962846 0.0220639 0.0264586
0 0.00997632 0.0229047 0.0276625
0 0.00995884 0.0232203 0.0282414
0 0.00956635 0.0228937 0.0280895
0 0.00891497 0.0218198 0.0270935
0 0.00808049 0.0200101 0.0251299
0 0.00705951 0.017577 0.022105
0 0.00585173 0.0145885 0.0179863
0 0.00443993 0.0110576 0.012828
0 0.00280183 0.00696549 0.00678254
0 0.000940618 0.00227106 4.16997e-05
0 -0.00119916 -0.00300648 -0.00722936
0 -0.0037025 -0.00880847 -0.0149227
0 -0.0065113 -0.0150771 -0.0229993
0 -0.00947761 -0.0216683 -0.031474
0 -0.0125194 -0.028406 -0.0403045
0 -0.0156234 -0.0352055 -0.0493147
0 -0.0188421 -0.0419738 -0.0583084
0 -0.0222162 -0.0485871 -0.0670987
0 -0.0256533 -0.0550519 -0.075517
0 -0.0290543 -0.0614025 -0.0834708
0 -0.0323612 -0.0675048 -0.0908835
0 -0.0354239 -0.0731664 -0.0976938
0 -0.0380914 -0.0782112 -0.103882
0 -0.0402927 -0.0824538 -0.109403
0 -0.0419489 -0.0857927 -0.114149
0 -0.0429726 -0.0881975 -0.117957
0 -0.0433506 -0.0896369 -0.120661
0 -0.0431556 -0.0901006 -0.122132
0 -0.042532 -0.0895763 -0.12225
0 -0.0416439 -0.0880594 -0.12088
0 -0.0405607 -0.0856316 -0.11792
0 -0.039274 -0.0824088 -0.113386
0 -0.037774 -0.078472 -0.107473
0 -0.0360533 -0.0739097 -0.100534
0 -0.0341067 -0.0688233 -0.0929915
0 -0.0319329 -0.0633147 -0.0852098
0 -0.0295709 -0.057547 -0.077426
0 -0.0270555 -0.0516915 -0.0697368
0 -0.0243846 -0.0457981 -0.0621398
0 -0.021626 -0.0399036 -0.0546088
0 -0.0188776 -0.034126 -0.0471192
0 -0.0161715 -0.0285332 -0.0396717
0 -0.0134659 -0.0230743 -0.032314
0 -0.0106884 -0.0176586 -0.0251173
0 -0.00783105 -0.0122397 -0.0181534
0 -0.00493968 -0.00681966 -0.0114617
0 -0.00204354 -0.00144597 -0.00503644
0 0.000819874 0.00377887 0.00115231
0 0.00356003 0.00875451 0.00714023
0 0.00605622 0.0134218 0.0129409
0 0.00821325 0.0177106 0.018504
0 0.0099801 0.0215177 0.0237124
0 0.0113282 0.0247506 0.0284262
0 0.0122113 0.0273136 0.0324815
0 0.0125946 0.0290745 0.0356915
0 0.0125961 0.0299218 0.0378744
0 0.012308 0.0298141 0.0388195
0 0.0116821 0.0288251 0.0382917
0 0.0108078 0.027044 0.0361462
0 0.00973535 0.024414 0.0323695
0 0.0084001 0.0208983 0.0270581
0 0.00683514 0.0165459 0.0204392
0 0.00499582 0.0114054 0.0128154
0 0.00278709 0.00559663 0.00448173
0 0.000176152 -0.00074081 -0.00429102
0 -0.00278594 -0.00750551 -0.0132827
0 -0.00585569 -0.0144824 -0.0223473
0 -0.00880927 -0.0213718 -0.0313836
0 -0.0116245 -0.0279895 -0.0402544
0 -0.0143821 -0.0342453 -0.0487871
0 -0.0171733 -0.0400572 -0.0567977
0 -0.019963 -0.0453884 -0.0640552
0 -0.0225832 -0.0502723 -0.0703689
0 -0.0249267 -0.0546604 -0.0756536
0 -0.0269427 -0.0583746 -0.0798946
0 -0.0285449 -0.0612466 -0.083129
0 -0.0296114 -0.0631148 -0.0853582
0 -0.0300155 -0.0638633 -0.0865014
0 -0.0297009 -0.0634773 -0.0864333
0 -0.0287064 -0.0619503 -0.0850022
0 -0.0271854 -0.0592978 -0.082081
0 -0.0253515 -0.0555963 -0.0776051
0 -0.0233599 -0.0509737 -0.0715912
0 -0.0212756 -0.0456432 -0.0641908
0 -0.0190864 -0.0398342 -0.0557002
0 -0.0168319 -0.0337192 -0.0465398
0 -0.014579 -0.0275327 -0.037225
0 -0.0122946 -0.0214772 -0.028266
0 -0.00999995 -0.0156112 -0.0199921
0 -0.00777541 -0.0101546 -0.0126044
0 -0.00564627 -0.00542011 -0.0063085
0 -0.00363115 -0.0014849 -0.00118292
0 -0.00178275 0.00170219 0.00276117
0 -0.000220584 0.00414458 0.00549863
0 0.000921637 0.00584851 0.0071264
0 0.00161145 0.00687333 0.0078164
0 0.00188255 0.00719551 0.00773404
0 0.00173042 0.00673112 0.00701787
0 0.00116602 0.00552871 0.00570251
0 0.000255264 0.00368539 0.00372872
0 -0.000932376 0.00127891 0.0010122
0 -0.00227068 -0.00155785 -0.00250204
0 -0.00360757 -0.00470789 -0.00677933
0 -0.00488157 -0.00809491 -0.0117026
0 -0.00611231 -0.0116326 -0.0170883
0 -0.00737189 -0.0152508 -0.022688
0 -0.00874849 -0.0189284 -0.0282678
0 -0.010237 -0.0226201 -0.0336046
0 -0.0117339 -0.0261706 -0.0384491
0 -0.01316 -0.0294305 -0.0426619
0 -0.0144642 -0.0323224 -0.0462214
0 -0.0155623 -0.0347252 -0.0491255
0 -0.0163702 -0.0365113 -0.051396
0 -0.0168501 -0.0376534 -0.053019
0 -0.0169899 -0.0381605 -0.0539332
0 -0.0167896 -0.0380158 -0.0540658
0 -0.0163006 -0.0372315 -0.0533257
0 -0.0155942 -0.0358323 -0.0516475
0 -0.0147043 -0.0338247 -0.0490152
0 -0.0136566 -0.0312642 -0.0454724
0 -0.0124704 -0.0282409 -0.0411438
0 -0.0111481 -0.0248382 -0.0362167
0 -0.00972932 -0.0211824 -0.0309239
0 -0.00830564 -0.0174628 -0.0255185
0 -0.00690857 -0.0138056 -0.0202213
0 -0.00551354 -0.0102541 -0.0152026
0 -0.00420221 -0.0069603 -0.0106338
0 -0.00307277 -0.0041011 -0.00667481
0 -0.00211444 -0.00172277 -0.00340453
0 -0.00132529 0.000145865 -0.000855489
0 -0.000747724 0.00146875 0.000951644
0 -0.000387056 0.00227582 0.00202668
0 -0.000232737 0.00259594 0.00238311
0 -0.000310812 0.00239932 0.00203549
0 -0.000629919 0.00166569 0.0010077
0 -0.00117083 0.000397712 -0.000693949
0 -0.00195029 -0.00141737 -0.00307557
0 -0.00297687 -0.00376933 -0.00614874
0 -0.00420647 -0.00660736 -0.00990999
0 -0.0055812 -0.00986396 -0.0143037
0 -0.00703134 -0.0134332 -0.0192217
0 -0.00851018 -0.0171741 -0.024505
0 -0.0100081 -0.0209817 -0.0299751
0 -0.0114576 -0.0247439 -0.0354486
0 -0.0127798 -0.0282683 -0.0406632
0 -0.0139861 -0.0314286 -0.0453429
0 -0.0150982 -0.0342208 -0.049316
0 -0.0160938 -0.0366045 -0.0524781
0 -0.0169672 -0.0385122 -0.0548172
0 -0.0177257 -0.0399514 -0.0564109
0 -0.0183263 -0.0409367 -0.0573562
0 -0.0187084 -0.0414576 -0.0577643
0 -0.0188517 -0.0415526 -0.0577249
0 -0.0187355 -0.0412503 -0.0572875
0 -0.0183312 -0.0405185 -0.0564505
0 -0.0176467 -0.0393197 -0.0551358
0 -0.0167125 -0.0376074 -0.053226
0 -0.0155746 -0.0353532 -0.0506072
0 -0.0142962 -0.0326016 -0.0471978
0 -0.0129305 -0.029435 -0.0429906
0 -0.0115199 -0.0259481 -0.038083
0 -0.0101291 -0.0222625 -0.0326828
0 -0.00882655 -0.0185659 -0.0270814
0 -0.0075921 -0.0150127 -0.0215971
0 -0.00636533 -0.0116202 -0.0164792
0 -0.00517442 -0.00847025 -0.0119266
0 -0.00406892 -0.00572007 -0.0081311
0 -0.00305771 -0.00341742 -0.0051596
0 -0.00219291 -0.00160092 -0.00299824
0 -0.00157218 -0.000369352 -0.00162877
0 -0.00124739 0.000243801 -0.000984789
0 -0.00121183 0.000275489 -0.000998629
0 -0.00143662 -0.000238865 -0.00161939
0 -0.00186952 -0.00122609 -0.00280041
0 -0.00245618 -0.0025815 -0.00452007
0 -0.00316795 -0.00425084 -0.00676264
0 -0.0039894 -0.00621822 -0.00950126
0 -0.00491253 -0.0084726 -0.0126972
0 -0.0059354 -0.0110119 -0.0162832
0 -0.00705217 -0.013808 -0.020177
0 -0.00826403 -0.0167986 -0.0243003
0 -0.00959324 -0.0199327 -0.0285868
0 -0.0109996 -0.0231616 -0.0329759
0 -0.0123479 -0.0263562 -0.037346
0 -0.0135363 -0.0293346 -0.0415194
0 -0.0145225 -0.0319702 -0.0453117
0 -0.0152835 -0.0341561 -0.0485411
0 -0.0158351 -0.0357886 -0.0510605
0 -0.0162128 -0.0368422 -0.0527449
0 -0.0164209 -0.037335 -0.0535034
0 -0.0164265 -0.0372595 -0.0533075
0 -0.0162013 -0.0366034 -0.0521862
0 -0.0157199 -0.0353483 -0.0502211
0 -0.0149501 -0.0334603 -0.0475113
0 -0.0138936 -0.0309635 -0.0441508
0 -0.0125931 -0.0279598 -0.0402247
0 -0.0111253 -0.0245904 -0.035828
0 -0.0096272 -0.021045 -0.0310883
0 -0.00825599 -0.0175545 -0.0261685
0 -0.00705488 -0.0142762 -0.0212786
0 -0.00598107 -0.0112527 -0.0166355
0 -0.00505896 -0.00856148 -0.0124496
0 -0.00429143 -0.0062924 -0.00893934
0 -0.00360412 -0.00445133 -0.00624782
0 -0.00299347 -0.00305904 -0.00443279
0 -0.00252543 -0.00217675 -0.00349987
0 -0.00224211 -0.00181863 -0.00338174
0 -0.00218004 -0.00197415 -0.0039628
0 -0.00237105 -0.00264333 -0.00511437
0 -0.00279251 -0.00376815 -0.00670693
0 -0.00339668 -0.00524013 -0.00864063
0 -0.00413829 -0.00696513 -0.0108563
0 -0.00495275 -0.00884835 -0.013308
0 -0.00577948 -0.0108047 -0.0159542
0 -0.0065917 -0.012798 -0.0187501
0 -0.00738299 -0.0148125 -0.0216382
0 -0.00816092 -0.0168268 -0.0245525
0 -0.00894771 -0.0188222 -0.0274222
0 -0.0097324 -0.020757 -0.0301642
0 -0.0104486 -0.0225369 -0.0326653
0 -0.0110411 -0.0240545 -0.0348134
0 -0.0114947 -0.0252456 -0.0365258
0 -0.0118071 -0.0260747 -0.037734
0 -0.0119809 -0.026521 -0.0383971
0 -0.0120241 -0.0265947 -0.0385067
0 -0.0119483 -0.0263304 -0.0380856
0 -0.0117635 -0.0257678 -0.0371961
0 -0.0114775 -0.024948 -0.0359263
0 -0.0111013 -0.0239188 -0.0343784
0 -0.0106449 -0.0227296 -0.0326508
0 -0.0101263 -0.0214367 -0.0308312
0 -0.00957989 -0.0201125 -0.028999
0 -0.00904933 -0.0188301 -0.0272174
0 -0.00857329 -0.0176454 -0.0255445
0 -0.00817263 -0.0166012 -0.0240385
0 -0.00785963 -0.0157409 -0.0227603
0 -0.00764919 -0.015108 -0.0217792
0 -0.00754776 -0.0147332 -0.0211567
0 -0.00754662 -0.0146374 -0.0209397
0 -0.00763806 -0.0148277 -0.021155
0 -0.00781932 -0.0152933 -0.0218031
0 -0.00808631 -0.0160144 -0.0228592
0 -0.00843582 -0.0169635 -0.0242702
0 -0.0088565 -0.0180981 -0.0259563
0 -0.00932427 -0.0193536 -0.0278159
0 -0.00980468 -0.0206491 -0.0297341
0 -0.010256 -0.0218974 -0.0315912
0 -0.0106516 -0.0230096 -0.0332746
0 -0.0109836 -0.0239239 -0.0346816
0 -0.0112479 -0.0246211 -0.0357306
0 -0.0114524 -0.0251002 -0.0363883
0 -0.0116111 -0.0253743 -0.0366684
0 -0.0117291 -0.0254729 -0.0366268
0 -0.0118013 -0.025424 -0.0363489
0 -0.0118185 -0.0252575 -0.0359291
0 -0.011778 -0.0250136 -0.0354602
0 -0.0116823 -0.0247261 -0.0350112
0 -0.0115324 -0.0244081 -0.0346107
0 -0.0113301 -0.0240572 -0.0342451
0 -0.0110879 -0.0236647 -0.0338735
0 -0.0108293 -0.0232255 -0.0334483
0 -0.010579 -0.022746 -0.0329263
0 -0.0103497 -0.0222358 -0.0322786
0 -0.010136 -0.0216955 -0.0314958
0 -0.00991696 -0.0211127 -0.0305873
0 -0.00966618 -0.0204642 -0.0295744
0 -0.00936284 -0.0197243 -0.0284776
0 -0.00899555 -0.0188739 -0.0273041
0 -0.00856093 -0.0179027 -0.0260455
0 -0.0080603 -0.0168073 -0.0246727
0 -0.00749834 -0.0155889 -0.0231462
0 -0.00689205 -0.0142575 -0.0214373
0 -0.00627197 -0.0128279 -0.0195364
0 -0.00565811 -0.0113217 -0.0174592
0 -0.00505701 -0.00977042 -0.0152491
0 -0.00447024 -0.00820786 -0.0129712
0 -0.00389605 -0.00667346 -0.010712
0 -0.00334956 -0.00522049 -0.00857868
0 -0.00286398 -0.0039161 -0.00668483
0 -0.00246981 -0.00283542 -0.00513255
0 -0.00219564 -0.00205642 -0.00400976
0 -0.0020759 -0.00165711 -0.0033972
0 -0.00214118 -0.00170241 -0.00336754
0 -0.00240022 -0.00222545 -0.00397566
0 -0.00284917 -0.00323008 -0.00525457
0 -0.00348541 -0.00470591 -0.00721461
0 -0.00428731 -0.00662499 -0.00983417
0 -0.00522215 -0.00893786 -0.0130537
0 -0.00626594 -0.0115801 -0.0167795
0 -0.00739494 -0.014475 -0.0208924
0 -0.0086029 -0.0175454 -0.0252622
0 -0.00991641 -0.0207456 -0.029783
0 -0.011307 -0.0240332 -0.0343567
0 -0.0126756 -0.0272963 -0.0388467
0 -0.0139787 -0.0304186 -0.043125
0 -0.0151981 -0.0333395 -0.047085
0 -0.0162722 -0.0359636 -0.0506199
0 -0.0171562 -0.0381661 -0.05364
0 -0.0178359 -0.0398814 -0.0560508
0 -0.0182807 -0.0410573 -0.057754
0 -0.0184563 -0.0416272 -0.0586649
0 -0.0183726 -0.04158 -0.0587221
0 -0.0180635 -0.0409323 -0.0579089
0 -0.0175503 -0.0397044 -0.0562538
0 -0.0168574 -0.0379642 -0.0538321
0 -0.016013 -0.0358076 -0.0507654
0 -0.0150372 -0.0333235 -0.0472074
0 -0.0139558 -0.0306044 -0.0433297
0 -0.0128035 -0.0277516 -0.0393047
0 -0.0116199 -0.0248621 -0.035288
0 -0.0104679 -0.0220508 -0.0314065
0 -0.00940968 -0.0194331 -0.0277591
0 -0.00845007 -0.0170549 -0.0244242
0 -0.0075859 -0.0149339 -0.021458
0 -0.00685191 -0.0131175 -0.0189098
0 -0.00625206 -0.0116217 -0.0168175
0 -0.00575285 -0.0104243 -0.0151891
0 -0.00535407 -0.0095288 -0.0140206
0 -0.00507538 -0.00894297 -0.0132972
0 -0.00491182 -0.00864509 -0.0129858
0 -0.00486265 -0.00861886 -0.0130442
0 -0.00493413 -0.00885209 -0.0134255
0 -0.00510475 -0.00930678 -0.0140792
0 -0.00534831 -0.00993882 -0.0149539
0 -0.0056448 -0.0106985 -0.0159981
0 -0.00595726 -0.0115168 -0.0171501
0 -0.00625035 -0.0123273 -0.0183379
0 -0.00650492 -0.0130747 -0.0194821
0 -0.00670874 -0.013713 -0.0205024
0 -0.00686555 -0.0142187 -0.0213333
0 -0.00699678 -0.0145959 -0.0219356
0 -0.00712578 -0.0148689 -0.0223077
0 -0.00727064 -0.0150785 -0.0224882
0 -0.00744066 -0.0152722 -0.0225498
0 -0.00762978 -0.015486 -0.0225863
0 -0.00781959 -0.0157372 -0.0226909
0 -0.00799136 -0.0160289 -0.0229369
0 -0.00813274 -0.0163559 -0.0233627
0 -0.00824461 -0.0167158 -0.0239663
0 -0.00834781 -0.0171182 -0.0247147
0 -0.0084739 -0.0175798 -0.025559
0 -0.00865079 -0.0181147 -0.026448
0 -0.00889414 -0.0187283 -0.027342
0 -0.00920164 -0.019413 -0.028222
0 -0.00955874 -0.0201539 -0.0290967
0 -0.00994821 -0.020938 -0.0299995
0 -0.0103467 -0.0217509 -0.0309688
0 -0.0107266 -0.0225741 -0.0320274
0 -0.0110666 -0.0233908 -0.0331716
0 -0.0113592 -0.0241853 -0.0343722
0 -0.0116182 -0.0249445 -0.0355782
0 -0.011871 -0.0256702 -0.0367277
0 -0.0121364 -0.026364 -0.0377659
0 -0.0124115 -0.0270102 -0.0386453
0 -0.0126723 -0.0275763 -0.0393305
0 -0.0128817 -0.0280134 -0.0398084
0 -0.0130041 -0.0282695 -0.0400749
0 -0.0130194 -0.0283118 -0.0401292
0 -0.0129239 -0.0281348 -0.039966
0 -0.0127251 -0.0277507 -0.039566
0 -0.0124352 -0.0271758 -0.0389037
0 -0.0120717 -0.0264227 -0.0379584
0 -0.0116549 -0.0255001 -0.0367288
0 -0.0112021 -0.0244204 -0.0352378
0 -0.0107188 -0.0232059 -0.0335237
0 -0.0102054 -0.0218864 -0.0316372
0 -0.00967699 -0.0205107 -0.0296483
0 -0.00916303 -0.0191504 -0.0276475
0 -0.00869749 -0.0178771 -0.0257475
0 -0.00832654 -0.0167775 -0.0240783
0 -0.0080896 -0.0159569 -0.0227661
0 -0.00798912 -0.0154836 -0.0219198
0 -0.00800943 -0.0153846 -0.02162
0 -0.00813688 -0.0156612 -0.02191
0 -0.00835218 -0.0162717 -0.0227785
0 -0.00862528 -0.0171368 -0.0241413
0 -0.00892016 -0.0181606 -0.0258471
0 -0.00920579 -0.0192381 -0.0277076
0 -0.00946966 -0.0202743 -0.0295365
0 -0.00972517 -0.021209 -0.0311597
0 -0.0099864 -0.0220021 -0.032439
0 -0.0102494 -0.0226227 -0.033302
0 -0.0105069 -0.0230706 -0.0337416
0 -0.0107394 -0.0233549 -0.0338207
0 -0.0109084 -0.0234662 -0.0336396
0 -0.0109745 -0.0233963 -0.0332948
0 -0.0109025 -0.023142 -0.0328545
0 -0.0106749 -0.0226957 -0.0323346
0 -0.0103122 -0.0220635 -0.031711
0 -0.00986818 -0.0212712 -0.0309347
0 -0.00940163 -0.0203515 -0.0299463
0 -0.00895751 -0.0193471 -0.0287044
0 -0.00855804 -0.018306 -0.0272076
0 -0.00820011 -0.0172549 -0.0255065
0 -0.00787061 -0.0162001 -0.0237014
0 -0.00754671 -0.0151463 -0.0219104
0 -0.0071998 -0.0140975 -0.0202412
0 -0.00681687 -0.0130728 -0.0187821
0 -0.006406 -0.0121186 -0.0175797
0 -0.00599538 -0.0112844 -0.0166362
0 -0.00563084 -0.0106073 -0.0159245
0 -0.00535952 -0.0101123 -0.0154065
0 -0.00521157 -0.0098104 -0.0150509
0 -0.00519551 -0.00970427 -0.0148488
0 -0.00530074 -0.0097988 -0.0148233
0 -0.00550364 -0.0100969 -0.0150217
0 -0.00577807 -0.0105925 -0.0155021
0 -0.00610053 -0.0112727 -0.0163095
0 -0.00645468 -0.0121218 -0.0174601
0 -0.00683771 -0.0131265 -0.0189366
0 -0.00725773 -0.0142782 -0.0206868
0 -0.00772343 -0.0155635 -0.0226333
0 -0.00823636 -0.0169522 -0.024686
0 -0.008789 -0.0183973 -0.0267605
0 -0.00936386 -0.0198415 -0.0287869
0 -0.00994189 -0.0212357 -0.0307084
0 -0.0105014 -0.0225425 -0.0324842
0 -0.0110063 -0.0237205 -0.0340829
0 -0.0114316 -0.0247391 -0.0354753
0 -0.0117792 -0.0255855 -0.0366408
0 -0.0120492 -0.0262432 -0.0375602
0 -0.0122354 -0.0266975 -0.0382099
0 -0.012336 -0.0269467 -0.03857
0 -0.0123495 -0.0269888 -0.0386316
0 -0.0122781 -0.0268235 -0.0383983
0 -0.0121321 -0.0264638 -0.0378891
0 -0.0119217 -0.0259299 -0.037135
0 -0.0116553 -0.0252485 -0.036175
0 -0.0113417 -0.0244547 -0.0350536
0 -0.0109913 -0.0235837 -0.0338182
0 -0.0106165 -0.0226651 -0.0325193
0 -0.0102365 -0.0217297 -0.0312044
0 -0.00987154 -0.0208137 -0.0299146
0 -0.0095383 -0.0199557 -0.0286927
0 -0.00925411 -0.0191951 -0.0275849
0 -0.00902953 -0.0185693 -0.0266405
0 -0.00886896 -0.0181047 -0.0259056
0 -0.00876833 -0.0178038 -0.0254081
0 -0.00870752 -0.0176463 -0.0251543
0 -0.00866895 -0.017606 -0.025131
0 -0.00864996 -0.0176603 -0.0253063
0 -0.00865483 -0.0177941 -0.0256354
0 -0.00869379 -0.0180021 -0.0260684
0 -0.00877914 -0.0182834 -0.0265588
0 -0.00891179 -0.0186303 -0.02707
0 -0.00908064 -0.019024 -0.0275777
0 -0.00927058 -0.0194404 -0.0280743
0 -0.00946431 -0.0198559 -0.0285664
0 -0.00964569 -0.0202513 -0.0290629
0 -0.00980402 -0.020618 -0.0295676
0 -0.00993594 -0.0209567 -0.0300779
0 -0.0100455 -0.0212714 -0.0305819
0 -0.0101383 -0.0215613 -0.0310567
0 -0.0102177 -0.0218179 -0.0314724
0 -0.0102847 -0.022028 -0.0318011
0 -0.0103369 -0.0221774 -0.0320207
0 -0.0103693 -0.0222534 -0.0321172
0 -0.0103748 -0.0222475 -0.0320873
0 -0.0103456 -0.0221552 -0.0319342
0 -0.0102759 -0.0219733 -0.0316642
0 -0.0101637 -0.0217029 -0.0312861
0 -0.0100157 -0.0213523 -0.0308113
0 -0.00984693 -0.0209418 -0.0302566
0 -0.00967772 -0.0205041 -0.0296479
0 -0.00952445 -0.0200733 -0.0290157
0 -0.00938973 -0.0196753 -0.028391
0 -0.00927093 -0.019322 -0.0278054
0 -0.00916665 -0.0190158 -0.0272928
0 -0.00907481 -0.0187585 -0.0268829
0 -0.00899712 -0.0185541 -0.0265935
0 -0.00893729 -0.0184125 -0.026432
0 -0.00889889 -0.0183467 -0.0263943
0 -0.00888813 -0.0183643 -0.0264676
0 -0.00891112 -0.0184635 -0.0266367
0 -0.00897209 -0.0186368 -0.0268884
0 -0.0090738 -0.0188771 -0.0272153
0 -0.00921213 -0.0191795 -0.0276137
0 -0.00937327 -0.019536 -0.0280795
0 -0.00953933 -0.0199303 -0.0286029
0 -0.00969622 -0.020338 -0.0291689
0 -0.00983596 -0.020734 -0.0297573
0 -0.00995406 -0.0210952 -0.030337
0 -0.0100452 -0.0213993 -0.030864
0 -0.0101025 -0.0216286 -0.0312885
0 -0.0101237 -0.0217681 -0.0315634
0 -0.0101079 -0.0217979 -0.0316505
0 -0.0100508 -0.0216973 -0.0315236
0 -0.00994851 -0.021451 -0.0311724
0 -0.00979892 -0.0210569 -0.0306033
0 -0.00960705 -0.0205339 -0.0298422
0 -0.00938642 -0.0199175 -0.0289307
0 -0.00915044 -0.0192515 -0.0279231
0 -0.00891579 -0.0185811 -0.0268864
0 -0.00870325 -0.0179504 -0.0258954
0 -0.00852607 -0.0174016 -0.0250214
0 -0.00838569 -0.0169621 -0.0243199
0 -0.00827373 -0.0166402 -0.0238255
0 -0.00817558 -0.0164278 -0.0235421
0 -0.00807819 -0.0162978 -0.0234411
0 -0.00797993 -0.0162179 -0.0234731
0 -0.00789385 -0.01617 -0.0235801
0 -0.00784266 -0.0161559 -0.0237127
0 -0.00785074 -0.0161969 -0.0238435
0 -0.0079363 -0.0163268 -0.0239781
0 -0.00810654 -0.0165782 -0.0241583
0 -0.00835354 -0.0169683 -0.0244513
0 -0.00865288 -0.0174945 -0.0249285
0 -0.00896992 -0.0181342 -0.0256406
0 -0.00926905 -0.0188509 -0.0265989
0 -0.00952689 -0.0196061 -0.0277697
0 -0.0097457 -0.0203685 -0.0290845
0 -0.00994805 -0.0211211 -0.0304483
0 -0.0101549 -0.0218554 -0.0317487
0 -0.0103787 -0.0225513 -0.0328811
0 -0.010624 -0.0231794 -0.0337675
0 -0.0108743 -0.0237068 -0.0343736
0 -0.011097 -0.0240956 -0.0347099
0 -0.0112614 -0.0243151 -0.034816
0 -0.0113359 -0.0243524 -0.0347396
0 -0.011294 -0.0242079 -0.0345132
0 -0.0111306 -0.0238879 -0.0341461
0 -0.0108651 -0.0234061 -0.0336301
0 -0.0105331 -0.0227825 -0.0329451
0 -0.0101732 -0.0220377 -0.0320664
0 -0.00981396 -0.021198 -0.0309806
0 -0.0094686 -0.0202977 -0.0296998
0 -0.00914296 -0.019372 -0.0282701
0 -0.00883363 -0.0184468 -0.0267659
0 -0.00853074 -0.0175373 -0.0252783
0 -0.00823156 -0.0166598 -0.0238938
0 -0.00793079 -0.0158352 -0.0226777
0 -0.00762287 -0.0150829 -0.021671
0 -0.00732068 -0.0144281 -0.0208824
0 -0.00705103 -0.0139004 -0.0203005
0 -0.00684791 -0.013524 -0.0199079
0 -0.00674407 -0.0133194 -0.0196892
0 -0.0067537 -0.0133016 -0.0196404
0 -0.00687014 -0.0134759 -0.0197733
0 -0.00707395 -0.0138368 -0.0201148
0 -0.00733786 -0.0143658 -0.0206925
0 -0.00763349 -0.0150326 -0.0215222
0 -0.00794303 -0.0158079 -0.0225994
0 -0.0082664 -0.0166767 -0.023898
0 -0.00861647 -0.0176381 -0.0253763
0 -0.00901017 -0.0186956 -0.0269843
0 -0.009455 -0.019843 -0.0286696
0 -0.00994722 -0.02106 -0.030379
0 -0.0104693 -0.0223075 -0.0320629
0 -0.0109782 -0.0235174 -0.0336729
0 -0.0114241 -0.0246097 -0.0351542
0 -0.0117768 -0.0255214 -0.0364507
0 -0.0120246 -0.0262102 -0.037503
0 -0.0121648 -0.026652 -0.0382472
0 -0.0122052 -0.026845 -0.0386297
0 -0.0121663 -0.0268028 -0.0386245
0 -0.0120679 -0.026543 -0.038239
0 -0.0119191 -0.0260871 -0.0375116
0 -0.0117181 -0.0254602 -0.036508
0 -0.0114608 -0.0246933 -0.0353105
0 -0.0111469 -0.0238266 -0.0340062
0 -0.0107862 -0.0229038 -0.0326746
0 -0.0104008 -0.0219681 -0.0313789
0 -0.0100175 -0.0210613 -0.0301568
0 -0.00965652 -0.0202153 -0.0290268
0 -0.00933259 -0.0194509 -0.0279984
0 -0.0090517 -0.0187806 -0.0270741
0 -0.00881333 -0.0182063 -0.0262577
0 -0.00862035 -0.0177244 -0.0255569
0 -0.00847202 -0.0173337 -0.0249821
0 -0.00836643 -0.0170404 -0.0245508
0 -0.0083081 -0.016859 -0.0242818
0 -0.00829722 -0.0168033 -0.024188
0 -0.00832699 -0.0168733 -0.0242721
0 -0.00838892 -0.0170527 -0.0245225
0 -0.00847336 -0.017315 -0.0249144
0 -0.00857183 -0.0176295 -0.0254129
0 -0.00867859 -0.0179694 -0.0259741
0 -0.0087895 -0.018316 -0.0265512
0 -0.00890025 -0.0186527 -0.0270997
0 -0.00900835 -0.0189644 -0.0275823
0 -0.00911663 -0.019243 -0.0279793
0 -0.00922932 -0.0194884 -0.0282918
0 -0.00934562 -0.0197049 -0.0285336
0 -0.00945736 -0.0198974 -0.0287239
0 -0.00955246 -0.0200669 -0.0288838
0 -0.00962263 -0.0202097 -0.0290314
0 -0.00966564 -0.0203205 -0.0291778
0 -0.00968609 -0.0203993 -0.029326
0 -0.00969719 -0.020458 -0.029474
0 -0.00971389 -0.0205177 -0.0296176
0 -0.00974649 -0.0205981 -0.0297534
0 -0.00979972 -0.0207096 -0.0298826
0 -0.00987333 -0.0208518 -0.0300146
0 -0.00996082 -0.0210148 -0.0301634
0 -0.0100475 -0.0211813 -0.0303376
0 -0.0101176 -0.0213364 -0.0305383
0 -0.0101615 -0.0214698 -0.030757
0 -0.0101775 -0.021574 -0.0309738
0 -0.0101701 -0.0216432 -0.0311609
0 -0.0101454 -0.0216697 -0.0312855
0 -0.0101052 -0.0216406 -0.0313129
0 -0.0100458 -0.0215411 -0.0312117
0 -0.00996086 -0.0213561 -0.030961
0 -0.00984441 -0.0210732 -0.0305537
0 -0.00969532 -0.0206907 -0.0299969
0 -0.009518 -0.0202192 -0.0293099
0 -0.0093179 -0.0196801 -0.0285222
0 -0.0091015 -0.0190991 -0.0276671
0 -0.00887778 -0.0185022 -0.0267824
0 -0.0086585 -0.0179178 -0.0259125
0 -0.00845455 -0.01737 -0.0250974
0 -0.00826929 -0.0168733 -0.0243677
0 -0.00810074 -0.0164378 -0.0237457
0 -0.00794746 -0.0160693 -0.0232415
0 -0.00780901 -0.0157668 -0.0228532
0 -0.00768723 -0.0155254 -0.0225698
0 -0.00758637 -0.0153396 -0.0223725
0 -0.00751079 -0.0152044 -0.0222403
0 -0.00746501 -0.0151189 -0.0221569
0 -0.00745231 -0.0150857 -0.0221143
0 -0.00747107 -0.0151051 -0.022112
0 -0.00751725 -0.0151759 -0.022159
0 -0.00758996 -0.0153013 -0.0222741
0 -0.00768992 -0.0154885 -0.0224809
0 -0.00781633 -0.0157463 -0.0227995
0 -0.0079694 -0.0160853 -0.0232452
0 -0.00815283 -0.0165156 -0.0238287
0 -0.00837279 -0.0170451 -0.0245559
0 -0.0086349 -0.0176775 -0.0254281
0 -0.00893818 -0.0184077 -0.0264373
0 -0.00927099 -0.0192194 -0.0275643
0 -0.00961385 -0.0200822 -0.0287791
0 -0.00994938 -0.0209558 -0.0300371
0 -0.0102649 -0.0218032 -0.0312877
0 -0.0105536 -0.0225957 -0.0324824
0 -0.0108216 -0.0233141 -0.0335721
0 -0.0110775 -0.0239546 -0.034516
0 -0.0113193 -0.0245165 -0.0352847
0 -0.0115364 -0.024987 -0.0358638
0 -0.0117131 -0.0253441 -0.0362553
0 -0.0118267 -0.0255613 -0.0364679
0 -0.011856 -0.0256136 -0.0365071
0 -0.0117903 -0.0254871 -0.03637
0 -0.0116291 -0.0251817 -0.0360432
0 -0.0113857 -0.024708 -0.0355094
0 -0.0110848 -0.0240852 -0.0347556
0 -0.0107503 -0.023337 -0.0337815
0 -0.0104004 -0.0224869 -0.0326036
0 -0.0100457 -0.0215564 -0.0312547
0 -0.00968283 -0.0205696 -0.0297813
0 -0.00930322 -0.0195481 -0.0282368
0 -0.00890523 -0.0185033 -0.0266762
0 -0.00849326 -0.0174525 -0.0251577
0 -0.00808438 -0.0164302 -0.0237306
0 -0.00770085 -0.0154748 -0.0224322
0 -0.00735875 -0.0146282 -0.0212969
0 -0.00707782 -0.0139351 -0.0203531
0 -0.00687984 -0.0134299 -0.019631
0 -0.00677733 -0.0131328 -0.0191641
0 -0.00677515 -0.0130567 -0.0189837
0 -0.00687032 -0.0132074 -0.0191169
0 -0.00704875 -0.0135818 -0.0195786
0 -0.00729545 -0.0141691 -0.0203674
0 -0.00760241 -0.0149519 -0.0214659
0 -0.0079676 -0.0159084 -0.0228424
0 -0.00839305 -0.0170184 -0.0244534
0 -0.00887732 -0.0182588 -0.0262463
0 -0.00940813 -0.0195989 -0.028165
0 -0.00996999 -0.0210017 -0.0301513
0 -0.0105497 -0.0224285 -0.0321471
0 -0.0111237 -0.0238327 -0.0340972
0 -0.0116598 -0.0251543 -0.0359412
0 -0.0121392 -0.0263443 -0.0376184
0 -0.0125544 -0.0273726 -0.0390726
0 -0.0128865 -0.0282017 -0.0402443
0 -0.0131155 -0.0287928 -0.0410821
0 -0.0132329 -0.0291186 -0.0415499
0 -0.0132301 -0.0291537 -0.0416198
0 -0.0131006 -0.028881 -0.041277
0 -0.0128478 -0.0283053 -0.0405205
0 -0.0124806 -0.0274457 -0.0393645
0 -0.0120144 -0.0263345 -0.0378458
0 -0.0114751 -0.0250199 -0.0360226
0 -0.0108868 -0.0235564 -0.033967
0 -0.0102723 -0.0219997 -0.0317576
0 -0.0096625 -0.0204172 -0.0294781
0 -0.0090741 -0.0188712 -0.0272144
0 -0.00850487 -0.0173915 -0.0250448
0 -0.00796994 -0.0160102 -0.0230449
0 -0.00749638 -0.0147802 -0.0212873
0 -0.00709209 -0.013738 -0.0198276
0 -0.00675956 -0.0129096 -0.0186999
0 -0.00650759 -0.0123225 -0.0179187
0 -0.00634027 -0.0119786 -0.0174791
0 -0.00626099 -0.0118601 -0.017364
0 -0.00627617 -0.0119536 -0.0175475
0 -0.00638567 -0.0122475 -0.0179992
0 -0.00658222 -0.0127302 -0.0186908
0 -0.00685733 -0.0133923 -0.0195957
0 -0.00719856 -0.0142138 -0.0206921
0 -0.00759092 -0.0151627 -0.0219606
0 -0.00802154 -0.0162078 -0.0233797
0 -0.00847443 -0.0173184 -0.0249213
0 -0.0089307 -0.0184622 -0.026546
0 -0.00937435 -0.0196078 -0.028208
0 -0.00979521 -0.020723 -0.0298515
0 -0.0101894 -0.0217764 -0.0314136
0 -0.0105505 -0.0227372 -0.0328328
0 -0.0108682 -0.02357 -0.0340481
0 -0.0111385 -0.0242473 -0.0350107
0 -0.0113576 -0.0247574 -0.0356941
0 -0.0115147 -0.0250859 -0.03609
0 -0.011601 -0.0252232 -0.0362091
0 -0.0116099 -0.0251765 -0.0360774
0 -0.0115376 -0.024956 -0.0357268
0 -0.0113868 -0.0245743 -0.0351874
0 -0.011164 -0.0240522 -0.0344845
0 -0.0108819 -0.0234123 -0.0336392
0 -0.0105604 -0.0226775 -0.0326709
0 -0.0102205 -0.021876 -0.0315975
0 -0.00988164 -0.0210404 -0.0304429
0 -0.00955974 -0.020205 -0.0292417
0 -0.00926984 -0.0194073 -0.0280419
0 -0.00901815 -0.0186796 -0.0269031
0 -0.00880367 -0.0180446 -0.0258888
0 -0.00862905 -0.0175225 -0.025055
0 -0.00848684 -0.017121 -0.0244385
0 -0.00836422 -0.016834 -0.0240529
0 -0.00826232 -0.0166587 -0.0238885
0 -0.00818933 -0.0165922 -0.0239158
0 -0.00815914 -0.0166313 -0.0240978
0 -0.00819051 -0.0167804 -0.0243985
0 -0.00829125 -0.0170412 -0.0247895
0 -0.0084518 -0.0174016 -0.0252503
0 -0.00865022 -0.0178362 -0.0257688
0 -0.00886025 -0.0183101 -0.026339
0 -0.00905892 -0.0187856 -0.0269552
0 -0.00923132 -0.019234 -0.0276046
0 -0.00937064 -0.0196378 -0.0282606
0 -0.00947632 -0.0199888 -0.0288832
0 -0.00955607 -0.0202872 -0.029429
0 -0.00962476 -0.0205368 -0.0298641
0 -0.00969684 -0.0207391 -0.0301688
0 -0.00977767 -0.0208945 -0.030341
0 -0.00985889 -0.0210016 -0.0303935
0 -0.0099218 -0.0210541 -0.0303482
0 -0.00995092 -0.0210478 -0.0302372
0 -0.00994357 -0.020987 -0.0300955
0 -0.00990433 -0.0208811 -0.0299479
0 -0.0098419 -0.0207456 -0.0298056
0 -0.00976953 -0.0206017 -0.0296696
0 -0.00970078 -0.0204683 -0.029536
0 -0.00964636 -0.0203572 -0.0294005
0 -0.00961133 -0.0202701 -0.0292621
0 -0.0095923 -0.0202002 -0.0291227
0 -0.00957848 -0.0201356 -0.028986
0 -0.00955615 -0.0200624 -0.0288531
0 -0.0095151 -0.0199695 -0.0287225
0 -0.0094532 -0.0198512 -0.0285893
0 -0.00937663 -0.0197088 -0.0284459
0 -0.00929641 -0.0195508 -0.028284
0 -0.00922078 -0.0193867 -0.0280945
0 -0.009151 -0.0192206 -0.0278688
0 -0.009084 -0.0190498 -0.0276044
0 -0.009016 -0.0188678 -0.0273063
0 -0.0089452 -0.0186699 -0.0269879
0 -0.00887091 -0.018458 -0.0266652
0 -0.00879168 -0.0182393 -0.0263508
0 -0.00870718 -0.0180243 -0.026055
0 -0.00862067 -0.0178224 -0.0257838
0 -0.00853914 -0.0176407 -0.0255421
0 -0.00847057 -0.0174845 -0.0253343
0 -0.0084205 -0.0173588 -0.0251634
0 -0.00839045 -0.017269 -0.0250328
0 -0.00838107 -0.0172224 -0.0249499
0 -0.00839495 -0.0172278 -0.0249274
0 -0.00843464 -0.0172924 -0.0249808
0 -0.00850098 -0.0174212 -0.0251248
0 -0.00859324 -0.0176175 -0.0253711
0 -0.00871144 -0.0178855 -0.0257281
0 -0.00885623 -0.0182281 -0.0261997
0 -0.00902519 -0.0186428 -0.026781
0 -0.0092129 -0.0191195 -0.0274586
0 -0.0094148 -0.0196429 -0.028214
0 -0.00962804 -0.0201969 -0.0290233
0 -0.00985123 -0.0207698 -0.0298626
0 -0.0100845 -0.0213547 -0.0307106
0 -0.0103245 -0.0219437 -0.0315461
0 -0.0105659 -0.022527 -0.0323514
0 -0.0108038 -0.0230915 -0.0331124
0 -0.0110271 -0.0236163 -0.0338123
0 -0.0112214 -0.0240784 -0.0344358
0 -0.0113764 -0.0244581 -0.0349647
0 -0.0114815 -0.0247367 -0.0353745
0 -0.0115282 -0.0248971 -0.0356396
0 -0.0115155 -0.0249275 -0.0357346
0 -0.01145 -0.0248237 -0.0356411
0 -0.0113381 -0.0245866 -0.0353493
0 -0.0111827 -0.0242209 -0.0348566
0 -0.0109814 -0.023731 -0.0341686
0 -0.0107263 -0.0231157 -0.0332967
0 -0.0104107 -0.0223697 -0.0322544
0 -0.0100392 -0.0214949 -0.0310571
0 -0.00962669 -0.0205098 -0.029724
0 -0.00919282 -0.0194483 -0.0282781
0 -0.00875829 -0.0183539 -0.0267511
0 -0.00833809 -0.0172702 -0.0251899
0 -0.007947 -0.0162338 -0.0236494
0 -0.00759486 -0.0152714 -0.022191
0 -0.00728325 -0.014405 -0.020884
0 -0.00701284 -0.0136581 -0.0197856
0 -0.00678335 -0.0130553 -0.0189369
0 -0.00659902 -0.0126202 -0.0183633
0 -0.00647446 -0.0123705 -0.018071
0 -0.00642942 -0.0123183 -0.0180571
0 -0.00647918 -0.0124707 -0.0183106
0 -0.00663149 -0.0128326 -0.0188198
0 -0.00688378 -0.0134041 -0.0195755
0 -0.00721682 -0.0141675 -0.0205636
0 -0.00760168 -0.0150841 -0.0217638
0 -0.00801302 -0.0161066 -0.023148
0 -0.008432 -0.0171874 -0.0246767
0 -0.00884682 -0.0182866 -0.0262981
0 -0.0092506 -0.0193754 -0.0279507
0 -0.00963951 -0.0204323 -0.0295667
0 -0.0100187 -0.0214435 -0.0310801
0 -0.0103915 -0.0223948 -0.0324405
0 -0.0107509 -0.0232586 -0.0336119
0 -0.0110905 -0.0240121 -0.0345789
0 -0.0113979 -0.0246464 -0.0353495
0 -0.0116534 -0.0251496 -0.0359392
0 -0.0118396 -0.0255129 -0.0363653
0 -0.0119455 -0.0257379 -0.0366444
0 -0.0119705 -0.0258256 -0.0367841
0 -0.0119281 -0.0257811 -0.0367844
0 -0.0118374 -0.0256207 -0.036641
0 -0.0117166 -0.025366 -0.0363493
0 -0.0115823 -0.0250408 -0.0359159
0 -0.0114445 -0.0246684 -0.035361
0 -0.0113026 -0.0242617 -0.0347164
0 -0.0111484 -0.0238236 -0.0340202
0 -0.0109715 -0.0233533 -0.0333075
0 -0.0107653 -0.0228522 -0.0326041
0 -0.0105291 -0.0223242 -0.0319191
0 -0.0102694 -0.0217754 -0.031244
0 -0.0100022 -0.0212156 -0.0305654
0 -0.00974719 -0.0206607 -0.0298734
0 -0.00952183 -0.0201279 -0.029163
0 -0.00933274 -0.0196314 -0.0284405
0 -0.00917408 -0.0191782 -0.027724
0 -0.00903748 -0.018768 -0.0270412
0 -0.00891012 -0.0183943 -0.0264226
0 -0.00877708 -0.0180456 -0.0258882
0 -0.00863145 -0.0177109 -0.0254427
0 -0.00847186 -0.0173865 -0.025076
0 -0.008305 -0.0170757 -0.024764
0 -0.00814701 -0.0167866 -0.0244784
0 -0.00801365 -0.0165272 -0.0241947
0 -0.00791506 -0.0163029 -0.0238984
0 -0.0078526 -0.0161136 -0.0235896
0 -0.00781738 -0.0159554 -0.0232824
0 -0.00779449 -0.015821 -0.0229994
0 -0.00776947 -0.0157026 -0.0227639
0 -0.00773654 -0.0155998 -0.0225979
0 -0.00770159 -0.0155232 -0.0225169
0 -0.00767709 -0.0154904 -0.0225259
0 -0.00767797 -0.0155214 -0.0226229
0 -0.00771853 -0.0156342 -0.0228047
0 -0.00780746 -0.0158386 -0.0230715
0 -0.00794417 -0.0161329 -0.0234267
0 -0.00811832 -0.0165062 -0.0238754
0 -0.00831436 -0.016942 -0.0244214
0 -0.00851748 -0.0174229 -0.0250624
0 -0.00871678 -0.0179315 -0.0257864
0 -0.00890862 -0.0184538 -0.0265712
0 -0.00909668 -0.0189812 -0.0273891
0 -0.00928697 -0.019508 -0.0282096
0 -0.00948192 -0.0200265 -0.0289967
0 -0.00967763 -0.0205268 -0.0297194
0 -0.00986611 -0.020993 -0.0303565
0 -0.0100377 -0.0214025 -0.0308932
0 -0.0101834 -0.0217379 -0.0313264
0 -0.0102952 -0.0219887 -0.0316563
0 -0.0103638 -0.0221467 -0.0318776
0 -0.0103832 -0.0222094 -0.0319843
0 -0.0103549 -0.0221774 -0.0319699
0 -0.010289 -0.0220538 -0.0318317
0 -0.0101985 -0.0218487 -0.0315724
0 -0.0100926 -0.0215773 -0.0311999
0 -0.00997934 -0.021259 -0.0307318
0 -0.00986367 -0.0209158 -0.0301962
0 -0.00974929 -0.0205679 -0.0296292
0 -0.00964061 -0.0202315 -0.0290732
0 -0.0095387 -0.0199205 -0.0285673
0 -0.00944409 -0.0196458 -0.0281411
0 -0.00935843 -0.0194192 -0.027816
0 -0.0092873 -0.0192548 -0.0276043
0 -0.00924327 -0.0191668 -0.0275123
0 -0.00923627 -0.0191657 -0.0275397
0 -0.00926828 -0.0192542 -0.0276787
0 -0.00933705 -0.0194267 -0.0279188
0 -0.00943791 -0.0196733 -0.0282517
0 -0.00956433 -0.0199806 -0.0286686
0 -0.00970871 -0.0203333 -0.0291589
0 -0.00986224 -0.0207168 -0.0297081
0 -0.0100153 -0.0211163 -0.0302945
0 -0.0101609 -0.0215152 -0.0308925
0 -0.0102982 -0.0218995 -0.0314763
0 -0.010432 -0.0222625 -0.0320238
0 -0.010567 -0.0226011 -0.0325174
0 -0.0106997 -0.0229098 -0.0329405
0 -0.0108177 -0.0231759 -0.0332796
0 -0.0109057 -0.0233789 -0.0335243
0 -0.0109517 -0.0234965 -0.033667
0 -0.010947 -0.0235099 -0.0336995
0 -0.0108876 -0.0234083 -0.0336083
0 -0.0107755 -0.0231919 -0.0333776
0 -0.0106193 -0.0228698 -0.032996
0 -0.0104307 -0.0224534 -0.0324592
0 -0.0102218 -0.0219543 -0.0317733
0 -0.0100017 -0.0213876 -0.030958
0 -0.00977361 -0.0207717 -0.0300437
0 -0.00953921 -0.0201246 -0.0290667
0 -0.00929768 -0.0194642 -0.0280653
0 -0.00904335 -0.018801 -0.027076
0 -0.00877887 -0.0181428 -0.0261302
0 -0.00851582 -0.0175054 -0.0252518
0 -0.00826514 -0.0169065 -0.024455
0 -0.00803601 -0.0163629 -0.0237464
0 -0.00783574 -0.0158924 -0.023127
0 -0.00767109 -0.0155058 -0.0225985
0 -0.00754634 -0.0152037 -0.0221658
0 -0.00745997 -0.014981 -0.0218336
0 -0.00740693 -0.014832 -0.0216063
0 -0.00738334 -0.0147552 -0.0214898
0 -0.00738888 -0.0147564 -0.0214902
0 -0.00742555 -0.0148426 -0.0216113
0 -0.00749674 -0.0150176 -0.0218544
0 -0.00760716 -0.0152845 -0.02222
0 -0.00775897 -0.0156437 -0.0227067
0 -0.00794867 -0.0160902 -0.0233093
0 -0.00816939 -0.0166155 -0.02402
0 -0.00841545 -0.0172104 -0.0248311
0 -0.00868356 -0.0178648 -0.0257342
0 -0.00897021 -0.0185677 -0.0267169
0 -0.009268 -0.0193055 -0.0277612
0 -0.00956676 -0.0200592 -0.0288424
0 -0.00985873 -0.020808 -0.0299267
0 -0.0101354 -0.02153 -0.0309773
0 -0.0103863 -0.0221982 -0.0319562
0 -0.0106078 -0.022789 -0.032824
0 -0.0108021 -0.0232879 -0.0335506
0 -0.0109686 -0.0236874 -0.0341141
0 -0.0111053 -0.0239863 -0.0345044
0 -0.0112106 -0.0241863 -0.0347281
0 -0.0112802 -0.0242899 -0.0348027
0 -0.0113086 -0.0243005 -0.0347532
0 -0.0112916 -0.0242209 -0.0346028
0 -0.0112259 -0.0240551 -0.0343678
0 -0.0111115 -0.0238082 -0.0340561
0 -0.0109533 -0.0234844 -0.033664
0 -0.0107581 -0.0230864 -0.0331812
0 -0.0105363 -0.0226185 -0.0325978
0 -0.0103014 -0.0220886 -0.0319087
0 -0.0100609 -0.0215072 -0.0311157
0 -0.00981438 -0.0208848 -0.0302288
0 -0.0095627 -0.0202307 -0.0292673
0 -0.00930916 -0.0195587 -0.0282615
0 -0.00905326 -0.0188818 -0.0272485
0 -0.0088014 -0.0182161 -0.0262693
0 -0.00856576 -0.0175905 -0.0253643
0 -0.00835401 -0.0170332 -0.024567
0 -0.00817113 -0.0165626 -0.0239024
0 -0.00802032 -0.0161925 -0.0233862
0 -0.0079038 -0.0159267 -0.0230237
0 -0.00782512 -0.015761 -0.0228139
0 -0.00778639 -0.0156919 -0.0227486
0 -0.0077859 -0.0157148 -0.022812
0 -0.00781982 -0.0158211 -0.0229856
0 -0.0078844 -0.0160017 -0.0232513
0 -0.00797863 -0.0162477 -0.0235952
0 -0.00810363 -0.0165512 -0.0240105
0 -0.0082577 -0.0169078 -0.0244929
0 -0.00843352 -0.0173129 -0.0250371
0 -0.008621 -0.0177572 -0.0256361
0 -0.00881235 -0.0182284 -0.0262813
0 -0.00900168 -0.0187114 -0.0269607
0 -0.00918458 -0.0191895 -0.0276576
0 -0.00936045 -0.0196513 -0.0283513
0 -0.00952895 -0.0200916 -0.0290191
0 -0.00969006 -0.0205091 -0.0296403
0 -0.00984658 -0.0209034 -0.0302018
0 -0.00999812 -0.0212677 -0.0306947
0 -0.0101377 -0.0215897 -0.0311124
0 -0.0102556 -0.0218564 -0.0314521
0 -0.0103427 -0.0220549 -0.0317117
0 -0.0103933 -0.0221798 -0.0318891
0 -0.0104072 -0.0222308 -0.0319811
0 -0.0103885 -0.0222105 -0.0319836
0 -0.0103461 -0.0221271 -0.0318954
0 -0.0102904 -0.021993 -0.0317202
0 -0.0102286 -0.0218214 -0.0314685
0 -0.0101638 -0.0216241 -0.0311566
0 -0.0100951 -0.0214092 -0.0308043
0 -0.0100194 -0.0211827 -0.0304339
0 -0.0099354 -0.0209498 -0.0300687
0 -0.00984595 -0.0207167 -0.0297281
0 -0.00975512 -0.0204926 -0.0294239
0 -0.00966686 -0.0202874 -0.0291607
0 -0.00958716 -0.0201111 -0.0289401
0 -0.009522 -0.0199696 -0.02876
0 -0.00947258 -0.0198619 -0.0286154
0 -0.00943529 -0.0197803 -0.0284991
0 -0.00940388 -0.0197123 -0.0284021
0 -0.00937096 -0.0196456 -0.0283146
0 -0.00933084 -0.0195691 -0.0282259
0 -0.00928143 -0.0194757 -0.0281244
0 -0.00922565 -0.019365 -0.0280021
0 -0.00916873 -0.0192413 -0.0278538
0 -0.00911427 -0.0191094 -0.027677
0 -0.00906472 -0.0189752 -0.0274752
0 -0.00902116 -0.0188436 -0.0272582
0 -0.00898264 -0.0187175 -0.02704
0 -0.00894712 -0.018599 -0.026836
0 -0.00891386 -0.0184924 -0.026661
0 -0.00888513 -0.0184055 -0.0265296
0 -0.0088663 -0.0183499 -0.026454
0 -0.00886404 -0.0183382 -0.0264428
0 -0.00888272 -0.0183792 -0.0265012
0 -0.00892289 -0.018475 -0.0266293
0 -0.00898282 -0.0186218 -0.0268249
0 -0.00905834 -0.0188101 -0.0270824
0 -0.00914278 -0.019027 -0.0273907
0 -0.00923072 -0.0192609 -0.0277369
0 -0.00932153 -0.0195053 -0.0281088
0 -0.00941782 -0.0197592 -0.0284948
0 -0.00952066 -0.0200216 -0.0288835
0 -0.00962882 -0.0202897 -0.0292648
0 -0.00974022 -0.0205593 -0.0296318
0 -0.00985172 -0.0208233 -0.0299816
0 -0.00995836 -0.021072 -0.0303117
0 -0.010052 -0.0212952 -0.0306158
0 -0.0101228 -0.0214801 -0.0308828
0 -0.0101631 -0.0216124 -0.0310957
0 -0.0101698 -0.0216802 -0.0312351
0 -0.0101444 -0.0216742 -0.0312811
0 -0.0100898 -0.0215885 -0.0312147
0 -0.010012 -0.0214254 -0.0310233
0 -0.00991747 -0.0211929 -0.0307059
0 -0.0098092 -0.0209008 -0.0302719
0 -0.00968622 -0.0205562 -0.0297375
0 -0.00954351 -0.0201619 -0.0291249
0 -0.00937837 -0.0197229 -0.0284598
0 -0.0091952 -0.0192489 -0.0277678
0 -0.00900147 -0.0187563 -0.0270746
0 -0.00880859 -0.0182713 -0.0264046
0 -0.00863093 -0.0178219 -0.0257796
0 -0.00847981 -0.017431 -0.0252213
0 -0.00836303 -0.0171159 -0.0247508
0 -0.00828464 -0.0168875 -0.02439
0 -0.00824331 -0.0167495 -0.0241568
0 -0.00823418 -0.0167015 -0.0240629
0 -0.00825279 -0.0167416 -0.0241127
0 -0.00829655 -0.016866 -0.0243025
0 -0.00836374 -0.0170672 -0.024618
0 -0.00845191 -0.0173331 -0.0250348
0 -0.0085568 -0.0176458 -0.0255211
0 -0.00867465 -0.0179865 -0.0260437
0 -0.00880223 -0.0183379 -0.0265723
0 -0.00893441 -0.0186841 -0.0270809
0 -0.00906694 -0.0190139 -0.027551
0 -0.00919963 -0.0193245 -0.0279771
0 -0.00933219 -0.0196183 -0.0283621
0 -0.00946007 -0.0198949 -0.0287123
0 -0.00957626 -0.0201508 -0.0290339
0 -0.00967455 -0.02038 -0.0293305
0 -0.00975096 -0.0205745 -0.0296022
0 -0.00980439 -0.0207285 -0.0298435
0 -0.00983812 -0.0208414 -0.0300455
0 -0.00985768 -0.0209177 -0.0301977
0 -0.00986761 -0.0209622 -0.0302892
0 -0.00987109 -0.0209771 -0.030314
0 -0.00986931 -0.0209623 -0.0302728
0 -0.00986073 -0.0209159 -0.0301723
0 -0.00984162 -0.0208365 -0.0300237
0 -0.0098077 -0.0207251 -0.0298389
0 -0.00975643 -0.0205846 -0.0296289
0 -0.00969099 -0.0204223 -0.0294041
0 -0.00962054 -0.020252 -0.0291759
0 -0.00955708 -0.0200912 -0.0289577
0 -0.00951187 -0.0199583 -0.0287642
0 -0.00948944 -0.0198682 -0.0286094
0 -0.00948742 -0.0198272 -0.0285065
0 -0.00950013 -0.019832 -0.0284657
0 -0.00951999 -0.0198724 -0.0284925
0 -0.00954051 -0.0199358 -0.028585
0 -0.00955811 -0.0200117 -0.0287319
0 -0.00957163 -0.0200938 -0.0289134
0 -0.00958231 -0.020178 -0.0291045
0 -0.009595 -0.020262 -0.0292812
0 -0.00961765 -0.0203463 -0.0294281
0 -0.00965505 -0.0204308 -0.0295393
0 -0.00970365 -0.020513 -0.0296153
0 -0.0097536 -0.0205876 -0.0296622
0 -0.00979369 -0.0206472 -0.0296904
0 -0.00981537 -0.0206836 -0.0297088
0 -0.00981371 -0.0206894 -0.0297198
0 -0.00978803 -0.0206603 -0.0297191
0 -0.00974191 -0.0205961 -0.0296935
0 -0.00968086 -0.0204994 -0.0296258
0 -0.00961199 -0.0203735 -0.0295001
0 -0.00954203 -0.0202214 -0.0293061
0 -0.00947381 -0.0200453 -0.0290431
0 -0.00940587 -0.0198448 -0.0287192
0 -0.0093312 -0.0196179 -0.0283466
0 -0.00924095 -0.0193618 -0.0279401
0 -0.00913123 -0.0190771 -0.0275146
0 -0.00900449 -0.0187695 -0.0270845
0 -0.00886806 -0.0184486 -0.02666
0 -0.00873145 -0.0181288 -0.0262462
0 -0.00860341 -0.0178253 -0.0258475
0 -0.00849159 -0.0175511 -0.0254693
0 -0.00840374 -0.0173182 -0.0251233
0 -0.0083445 -0.0171361 -0.0248276
0 -0.00831257 -0.0170097 -0.0246005
0 -0.00830365 -0.0169424 -0.0244603
0 -0.00831257 -0.0169359 -0.0244211
0 -0.00833496 -0.0169884 -0.0244884
0 -0.00836991 -0.0170968 -0.0246594
0 -0.00842182 -0.0172596 -0.0249256
0 -0.00849813 -0.0174786 -0.0252746
0 -0.00860473 -0.0177562 -0.0256932
0 -0.00874476 -0.0180948 -0.0261709
0 -0.00891748 -0.0184944 -0.0267035
0 -0.00911825 -0.0189499 -0.0272923
0 -0.00933916 -0.0194511 -0.0279405
0 -0.00956975 -0.0199853 -0.02865
0 -0.00979901 -0.0205373 -0.0294141
0 -0.0100163 -0.0210899 -0.0302138
0 -0.0102111 -0.0216251 -0.0310208
0 -0.0103814 -0.0221233 -0.0317972
0 -0.0105348 -0.022573 -0.0325049
0 -0.0106784 -0.0229678 -0.0331108
0 -0.0108156 -0.0233021 -0.033589
0 -0.0109439 -0.0235739 -0.0339291
0 -0.0110521 -0.0237754 -0.0341335
0 -0.0111256 -0.0238922 -0.0342133
0 -0.0111522 -0.0239146 -0.0341873
0 -0.0111267 -0.0238395 -0.0340705
0 -0.0110494 -0.0236712 -0.0338705
0 -0.010927 -0.023422 -0.0335875
0 -0.0107735 -0.0231081 -0.0332177
0 -0.0106039 -0.0227439 -0.0327589
0 -0.0104303 -0.0223405 -0.0322145
0 -0.0102619 -0.0219101 -0.0315973
0 -0.0100996 -0.0214639 -0.0309287
0 -0.00993508 -0.0210077 -0.0302308
0 -0.00976132 -0.0205447 -0.0295264
0 -0.00957602 -0.0200772 -0.0288376
0 -0.0093789 -0.0196055 -0.0281781
0 -0.00917603 -0.0191348 -0.0275548
0 -0.00897804 -0.0186796 -0.0269711
0 -0.00879709 -0.0182595 -0.0264281
0 -0.00864858 -0.0178959 -0.025934
0 -0.00854477 -0.0176097 -0.025506
0 -0.00848827 -0.0174132 -0.0251654
0 -0.00847361 -0.0173084 -0.0249362
0 -0.00848979 -0.017291 -0.0248394
0 -0.00852378 -0.0173513 -0.0248862
0 -0.00856667 -0.0174764 -0.0250748
0 -0.00861703 -0.017657 -0.0253888
0 -0.00868098 -0.0178895 -0.0258038
0 -0.00876801 -0.0181722 -0.0262885
0 -0.00888429 -0.0185029 -0.0268114
0 -0.00902963 -0.0188744 -0.0273476
0 -0.0091975 -0.0192722 -0.0278781
0 -0.0093755 -0.0196779 -0.0283944
0 -0.00954569 -0.0200678 -0.0288913
0 -0.00968813 -0.0204138 -0.0293559
0 -0.00978687 -0.0206914 -0.0297707
0 -0.0098334 -0.0208808 -0.0301091
0 -0.00982706 -0.0209651 -0.0303345
0 -0.0097747 -0.020937 -0.030409
0 -0.00968894 -0.0207985 -0.0303028
0 -0.0095825 -0.0205576 -0.0300012
0 -0.00946288 -0.0202278 -0.0295098
0 -0.0093327 -0.0198251 -0.0288553
0 -0.0091899 -0.0193648 -0.0280823
0 -0.00902711 -0.0188588 -0.0272428
0 -0.00883892 -0.0183174 -0.0263883
0 -0.00862516 -0.0177554 -0.0255618
0 -0.00839061 -0.0171883 -0.0247883
0 -0.00814876 -0.0166346 -0.0240821
0 -0.00791925 -0.0161216 -0.023449
0 -0.00772312 -0.0156773 -0.0228904
0 -0.00757851 -0.0153246 -0.0224136
0 -0.0074954 -0.0150809 -0.022034
0 -0.00747201 -0.0149525 -0.021773
0 -0.00749675 -0.0149344 -0.0216543
0 -0.00755609 -0.0150194 -0.0216997
0 -0.0076407 -0.015202 -0.0219236
0 -0.0077479 -0.0154784 -0.0223276
0 -0.0078831 -0.0158512 -0.0229008
0 -0.00805674 -0.0163256 -0.0236242
0 -0.00827883 -0.0169047 -0.024475
0 -0.00855416 -0.0175859 -0.0254325
0 -0.00887944 -0.0183593 -0.0264804
0 -0.00924186 -0.0192054 -0.0276064
0 -0.00962138 -0.0200976 -0.0288001
0 -0.0100005 -0.021006 -0.0300435
0 -0.0103622 -0.0219022 -0.0313098
0 -0.0106895 -0.0227583 -0.0325625
0 -0.0109766 -0.0235454 -0.0337505
0 -0.0112254 -0.0242402 -0.0348173
0 -0.0114397 -0.0248275 -0.0357072
0 -0.0116216 -0.0252926 -0.036377
0 -0.0117676 -0.0256217 -0.0368046
0 -0.0118696 -0.0258063 -0.0369888
0 -0.0119168 -0.0258418 -0.0369493
0 -0.0118994 -0.0257268 -0.036716
0 -0.0118078 -0.0254661 -0.0363171
0 -0.0116404 -0.0250698 -0.0357761
0 -0.0114073 -0.0245536 -0.0351101
0 -0.0111219 -0.0239347 -0.0343262
0 -0.0108003 -0.0232312 -0.0334271
0 -0.0104631 -0.0224636 -0.0324195
0 -0.0101287 -0.0216555 -0.0313163
0 -0.00980538 -0.0208306 -0.03014
0 -0.00949466 -0.020009 -0.0289224
0 -0.00919819 -0.0192064 -0.0277036
0 -0.0089115 -0.0184344 -0.0265315
0 -0.00863512 -0.0177065 -0.0254511
0 -0.00837945 -0.0170429 -0.0244996
0 -0.00815067 -0.0164653 -0.0237072
0 -0.00795586 -0.0159962 -0.0230903
0 -0.00780696 -0.0156563 -0.022655
0 -0.0077127 -0.0154554 -0.0224016
0 -0.00767812 -0.0153927 -0.0223245
0 -0.00770523 -0.0154623 -0.0224172
0 -0.00778805 -0.0156536 -0.0226705
0 -0.00791507 -0.0159529 -0.0230727
0 -0.00807874 -0.0163497 -0.0236135
0 -0.00827436 -0.0168335 -0.0242823
0 -0.0084966 -0.0173911 -0.0250649
0 -0.00874107 -0.0180081 -0.0259414
0 -0.00900107 -0.0186675 -0.0268865
0 -0.00926673 -0.0193495 -0.0278716
0 -0.00952988 -0.0200321 -0.0288648
0 -0.00978435 -0.0206942 -0.0298308
0 -0.0100227 -0.0213155 -0.0307363
0 -0.0102363 -0.0218742 -0.031549
0 -0.0104195 -0.0223522 -0.0322402
0 -0.0105717 -0.0227381 -0.0327895
0 -0.0106906 -0.0230222 -0.0331812
0 -0.0107703 -0.0231986 -0.0334091
0 -0.0108061 -0.0232639 -0.0334742
0 -0.010794 -0.0232154 -0.0333819
0 -0.0107319 -0.0230545 -0.0331444
0 -0.0106221 -0.0227879 -0.032775
0 -0.0104721 -0.0224281 -0.0322885
0 -0.0102921 -0.0219927 -0.031701
0 -0.0100923 -0.0215027 -0.0310282
0 -0.00988166 -0.0209777 -0.0302889
0 -0.00967071 -0.0204368 -0.0295064
0 -0.00946778 -0.0198984 -0.0287082
0 -0.00927238 -0.0193749 -0.0279222
0 -0.0090847 -0.0188751 -0.0271752
0 -0.00890831 -0.0184128 -0.026495
0 -0.00874598 -0.0180005 -0.0259037
0 -0.0086026 -0.0176468 -0.0254149
0 -0.00848369 -0.0173625 -0.0250369
0 -0.00839401 -0.017157 -0.0247725
0 -0.00833875 -0.0170356 -0.0246205
0 -0.00832133 -0.0170003 -0.024578
0 -0.00834133 -0.0170491 -0.0246411
0 -0.00839579 -0.0171759 -0.0248059
0 -0.00847963 -0.017373 -0.0250679
0 -0.00858564 -0.0176305 -0.0254194
0 -0.00870662 -0.0179363 -0.0258493
0 -0.00883816 -0.0182785 -0.026344
0 -0.00897796 -0.0186473 -0.0268868
0 -0.00912415 -0.0190329 -0.0274592
0 -0.0092743 -0.0194248 -0.0280401
0 -0.00942424 -0.0198127 -0.0286079
0 -0.00956933 -0.0201851 -0.0291439
0 -0.00970547 -0.0205307 -0.0296334
0 -0.00982764 -0.0208383 -0.0300641
0 -0.0099303 -0.0210952 -0.0304248
0 -0.0100088 -0.0212923 -0.0307059
0 -0.01006 -0.0214247 -0.0308999
0 -0.0100827 -0.0214891 -0.031001
0 -0.0100775 -0.0214853 -0.0310055
0 -0.0100471 -0.0214156 -0.0309137
0 -0.00999429 -0.0212845 -0.0307295
0 -0.0099224 -0.0210989 -0.030461
0 -0.00983443 -0.0208662 -0.0301199
0 -0.00973316 -0.020596 -0.029721
0 -0.00962155 -0.0202988 -0.0292815
0 -0.00950274 -0.0199853 -0.0288192
0 -0.00938109 -0.0196664 -0.0283516
0 -0.00926082 -0.0193533 -0.0278962
0 -0.00914615 -0.0190578 -0.0274688
0 -0.00904193 -0.0187907 -0.0270834
0 -0.00895186 -0.0185602 -0.0267524
0 -0.00887918 -0.0183739 -0.0264848
0 -0.00882675 -0.018238 -0.0262892
0 -0.00879571 -0.018156 -0.0261704
0 -0.00878659 -0.01813 -0.026131
0 -0.00879934 -0.0181604 -0.026172
0 -0.00883268 -0.0182448 -0.0262906
0 -0.00888478 -0.0183785 -0.0264816
0 -0.00895337 -0.0185559 -0.0267374
0 -0.0090356 -0.0187695 -0.0270476
0 -0.00912846 -0.0190111 -0.0274
0 -0.00922873 -0.0192721 -0.0277814
0 -0.00933284 -0.0195431 -0.0281776
0 -0.0094374 -0.0198149 -0.0285743
0 -0.00953938 -0.0200789 -0.0289586
0 -0.00963584 -0.0203271 -0.0293187
0 -0.00972365 -0.0205525 -0.0296429
0 -0.00979962 -0.0207478 -0.0299228
0 -0.00986144 -0.0209066 -0.0301505
0 -0.00990727 -0.0210243 -0.0303195
0 -0.00993579 -0.021098 -0.030426
0 -0.0099462 -0.0211254 -0.0304671
0 -0.00993848 -0.0211068 -0.0304422
0 -0.00991329 -0.021044 -0.0303532
0 -0.00987154 -0.0209391 -0.0302035
0 -0.00981517 -0.0207962 -0.0299989
0 -0.00974667 -0.0206206 -0.0297467
0 -0.00966843 -0.0204183 -0.0294555
0 -0.00958296 -0.0201966 -0.029135
0 -0.00949317 -0.0199641 -0.028796
0 -0.00940188 -0.0197273 -0.02845
0 -0.00931161 -0.0194932 -0.0281086
0 -0.00922549 -0.0192702 -0.027783
0 -0.00914633 -0.0190648 -0.0274836
0 -0.009076 -0.018883 -0.0272203
0 -0.00901672 -0.0187308 -0.0270007
0 -0.00897023 -0.0186122 -0.0268305
0 -0.00893776 -0.0185303 -0.0267143
0 -0.00892048 -0.0184874 -0.0266542
0 -0.00891892 -0.0184841 -0.0266507
0 -0.00893288 -0.0185199 -0.0267025
0 -0.00896161 -0.0185929 -0.0268068
0 -0.00900378 -0.0186999 -0.0269594
0 -0.00905753 -0.0188365 -0.0271546
0 -0.00912064 -0.0189976 -0.0273855
0 -0.00919071 -0.0191772 -0.0276446
0 -0.00926514 -0.019369 -0.0279231
0 -0.00934137 -0.0195665 -0.0282112
0 -0.009417 -0.0197633 -0.0284993
0 -0.00948977 -0.0199532 -0.0287779
0 -0.00955768 -0.0201308 -0.0290379
0 -0.00961934 -0.0202908 -0.029271
0 -0.00967319 -0.020429 -0.0294701
0 -0.00971719 -0.020541 -0.0296298
0 -0.00974985 -0.0206235 -0.0297466
0 -0.00977001 -0.020674 -0.029818
0 -0.009777 -0.0206918 -0.0298429
0 -0.00977082 -0.0206768 -0.0298219
0 -0.00975202 -0.0206302 -0.0297565
0 -0.00972223 -0.0205543 -0.0296492
0 -0.00968274 -0.0204525 -0.0295039
0 -0.00963473 -0.020329 -0.0293256
0 -0.0095804 -0.0201886 -0.0291206
0 -0.00952169 -0.0200358 -0.0288965
0 -0.00946012 -0.0198751 -0.0286614
0 -0.00939736 -0.0197117 -0.0284232
0 -0.00933532 -0.0195509 -0.0281896
0 -0.00927589 -0.0193979 -0.0279678
0 -0.00922098 -0.0192575 -0.0277647
0 -0.0091727 -0.0191341 -0.0275862
0 -0.00913264 -0.0190313 -0.0274375
0 -0.00910189 -0.0189519 -0.0273228
0 -0.00908126 -0.0188982 -0.0272449
0 -0.009071 -0.0188712 -0.0272054
0 -0.00907112 -0.0188714 -0.0272051
0 -0.00908143 -0.018898 -0.0272432
0 -0.00910138 -0.0189494 -0.0273176
0 -0.00913013 -0.0190236 -0.0274251
0 -0.0091666 -0.0191175 -0.0275616
0 -0.00920934 -0.0192278 -0.0277219
0 -0.00925671 -0.0193502 -0.0278999
