0 -0.00494645 -0.00991098 -0.0159052
0 -0.00491097 -0.00982041 -0.0157785
0 -0.00487559 -0.00973027 -0.0156524
0 -0.00484045 -0.00964147 -0.0155279
0 -0.00480579 -0.00955454 -0.0154059
0 -0.0047718 -0.00947006 -0.0152873
0 -0.00473871 -0.00938875 -0.0151731
0 -0.0047069 -0.00931119 -0.0150641
0 -0.00467678 -0.00923783 -0.0149612
0 -0.00464867 -0.00916916 -0.0148652
0 -0.00462285 -0.00910564 -0.0147766
0 -0.00459953 -0.00904763 -0.014696
0 -0.00457886 -0.00899571 -0.0146238
0 -0.00456094 -0.0089504 -0.0145605
0 -0.00454586 -0.00891179 -0.0145064
0 -0.00453367 -0.00888007 -0.0144616
0 -0.00452428 -0.0088556 -0.0144264
0 -0.00451754 -0.00883853 -0.014401
0 -0.0045136 -0.00882877 -0.0143856
0 -0.00451269 -0.0088262 -0.0143803
0 -0.00451474 -0.00883064 -0.0143851
0 -0.00451949 -0.00884197 -0.0144001
0 -0.00452696 -0.00886006 -0.014425
0 -0.0045372 -0.00888468 -0.0144595
0 -0.00454992 -0.00891552 -0.0145033
0 -0.00456472 -0.0089523 -0.0145559
0 -0.00458138 -0.0089947 -0.0146165
0 -0.0045998 -0.00904223 -0.0146846
0 -0.00461994 -0.00909435 -0.0147595
0 -0.0046417 -0.00915076 -0.0148405
0 -0.00466487 -0.00921119 -0.014927
0 -0.00468949 -0.00927494 -0.0150182
0 -0.0047156 -0.00934126 -0.0151131
0 -0.00474291 -0.0094098 -0.0152109
0 -0.00477103 -0.00948018 -0.0153107
0 -0.00479985 -0.00955184 -0.0154117
0 -0.00482931 -0.00962413 -0.015513
0 -0.00485903 -0.0096966 -0.0156139
0 -0.00488859 -0.00976885 -0.0157135
0 -0.00491769 -0.00984016 -0.0158112
0 -0.00494624 -0.00990996 -0.0159065
0 -0.00497412 -0.00997793 -0.0159989
0 -0.00500123 -0.0100434 -0.0160881
0 -0.00502727 -0.0101057 -0.0161735
0 -0.00505173 -0.0101646 -0.0162545
0 -0.00507459 -0.0102199 -0.016331
0 -0.00509606 -0.0102714 -0.0164025
0 -0.0051156 -0.0103186 -0.0164688
0 -0.00513244 -0.0103609 -0.0165289
0 -0.00514604 -0.0103974 -0.0165816
0 -0.00515591 -0.0104271 -0.0166259
0 -0.00516183 -0.0104492 -0.0166611
0 -0.00516385 -0.010463 -0.0166863
0 -0.00516223 -0.0104684 -0.016701
0 -0.00515727 -0.0104652 -0.0167046
0 -0.00514917 -0.0104531 -0.0166964
0 -0.00513807 -0.0104323 -0.0166758
0 -0.00512462 -0.0104034 -0.016643
0 -0.00511027 -0.0103685 -0.0165991
0 -0.00509657 -0.0103298 -0.016546
0 -0.00508443 -0.0102892 -0.0164853
0 -0.00507383 -0.0102479 -0.0164182
0 -0.00506426 -0.0102067 -0.0163461
0 -0.00505509 -0.0101663 -0.0162705
0 -0.00504579 -0.0101265 -0.0161934
0 -0.00503595 -0.0100872 -0.0161165
0 -0.00502508 -0.0100477 -0.0160415
0 -0.0050125 -0.0100075 -0.0159696
0 -0.00499789 -0.00996622 -0.0159022
0 -0.00498163 -0.00992403 -0.0158405
0 -0.00496468 -0.00988209 -0.0157856
0 -0.00494801 -0.00984199 -0.0157385
0 -0.00493194 -0.00980501 -0.0156995
0 -0.00491652 -0.00977209 -0.015668
0 -0.00490213 -0.00974429 -0.0156434
0 -0.00488865 -0.00972176 -0.0156244
0 -0.00487443 -0.00970248 -0.0156082
0 -0.00485638 -0.00968204 -0.0155901
0 -0.00483202 -0.00965552 -0.0155655
0 -0.00480214 -0.00962054 -0.0155325
0 -0.00477158 -0.00957883 -0.0154931
0 -0.00474626 -0.00953447 -0.0154508
0 -0.0047285 -0.00948998 -0.0154064
0 -0.00471488 -0.00944406 -0.0153562
0 -0.00469948 -0.00939368 -0.0152949
0 -0.00467977 -0.00933869 -0.0152206
0 -0.00465949 -0.00928401 -0.015138
0 -0.00464554 -0.009237 -0.0150554
0 -0.00464255 -0.00920283 -0.0149798
0 -0.00465045 -0.00918262 -0.0149147
0 -0.0046664 -0.00917536 -0.014862
0 -0.00468699 -0.00917966 -0.0148228
0 -0.00470767 -0.00919248 -0.0147976
0 -0.00472174 -0.00920733 -0.0147836
0 -0.00472242 -0.00921587 -0.0147758
0 -0.00470816 -0.0092135 -0.0147725
0 -0.00468645 -0.0092038 -0.0147788
0 -0.00467052 -0.00919695 -0.0148042
0 -0.00467044 -0.00920316 -0.0148554
0 -0.00468727 -0.00922745 -0.0149314
0 -0.00471506 -0.00926988 -0.015025
0 -0.00474699 -0.00932912 -0.0151293
0 -0.00477899 -0.00940451 -0.0152397
0 -0.00480922 -0.00949412 -0.0153537
0 -0.00483628 -0.00959228 -0.0154685
0 -0.00485875 -0.00969038 -0.0155809
0 -0.00487568 -0.00977922 -0.0156874
0 -0.0048865 -0.00985047 -0.0157846
0 -0.00488981 -0.00989717 -0.0158676
0 -0.00488218 -0.00991303 -0.0159293
0 -0.00485864 -0.00989228 -0.0159605
0 -0.00481637 -0.00983302 -0.0159531
0 -0.00475922 -0.00974106 -0.0159052
0 -0.00469749 -0.0096286 -0.0158216
0 -0.00464067 -0.00950756 -0.0157069
0 -0.00459117 -0.00938354 -0.0155614
0 -0.00454621 -0.00925693 -0.0153829
0 -0.00450424 -0.00912844 -0.0151723
0 -0.00446771 -0.00900154 -0.0149369
0 -0.00444078 -0.00888019 -0.0146877
0 -0.0044256 -0.00876695 -0.0144351
0 -0.0044202 -0.0086624 -0.0141879
0 -0.00441846 -0.00856378 -0.0139514
0 -0.00441235 -0.00846592 -0.0137283
0 -0.00439576 -0.00836512 -0.0135216
0 -0.00436787 -0.00826224 -0.0133372
0 -0.00433213 -0.00816188 -0.0131828
0 -0.00429098 -0.00806738 -0.0130622
0 -0.00424324 -0.00797789 -0.0129727
0 -0.00418826 -0.00789205 -0.0129096
0 -0.00412985 -0.00781204 -0.0128705
0 -0.00407257 -0.00774078 -0.0128522
0 -0.00401559 -0.00767613 -0.0128459
0 -0.00395409 -0.00761066 -0.012838
0 -0.00388521 -0.00753677 -0.0128155
0 -0.00380962 -0.00744933 -0.0127689
0 -0.00372767 -0.00734289 -0.0126893
0 -0.00363638 -0.00720863 -0.012565
0 -0.00353185 -0.00703651 -0.0123841
0 -0.00341444 -0.00682132 -0.0121393
0 -0.00329027 -0.00656588 -0.0118312
0 -0.00316761 -0.0062785 -0.0114653
0 -0.00305238 -0.00596864 -0.0110479
0 -0.00294678 -0.00564494 -0.0105852
0 -0.00285077 -0.00531602 -0.0100844
0 -0.00276532 -0.00499285 -0.0095578
0 -0.00269634 -0.00469091 -0.00902564
0 -0.00265512 -0.00443034 -0.00851612
0 -0.00265208 -0.00423114 -0.00805979
0 -0.00268721 -0.00410351 -0.00767964
0 -0.00274507 -0.00404141 -0.00738413
0 -0.00280147 -0.00402665 -0.00717066
0 -0.00283709 -0.00404008 -0.00703631
0 -0.00284539 -0.00406908 -0.00698383
0 -0.00282897 -0.00410581 -0.00701707
0 -0.00279055 -0.0041409 -0.00713184
0 -0.0027288 -0.00416143 -0.00731215
0 -0.00264254 -0.00415671 -0.00753545
0 -0.00253701 -0.00412556 -0.00778055
0 -0.00242337 -0.00407598 -0.00802936
0 -0.0023111 -0.00401664 -0.00826147
0 -0.00220206 -0.00394912 -0.00845011
0 -0.00209349 -0.00386885 -0.00856664
0 -0.00198819 -0.00377393 -0.00859221
0 -0.00190171 -0.00367327 -0.00852702
0 -0.00185837 -0.00358559 -0.00838884
0 -0.00187982 -0.00353184 -0.00820379
0 -0.00197622 -0.00352941 -0.00799883
0 -0.00214465 -0.00359099 -0.00779992
0 -0.00237285 -0.00372589 -0.00763378
0 -0.00264449 -0.00394149 -0.00752988
0 -0.00294366 -0.00424361 -0.00752068
0 -0.00325799 -0.00463616 -0.0076406
0 -0.00358033 -0.00512087 -0.0079239
0 -0.00390861 -0.00569775 -0.00840196
0 -0.00424336 -0.00636557 -0.00909978
0 -0.00458469 -0.00712172 -0.0100322
0 -0.00493294 -0.00796256 -0.0112015
0 -0.00529068 -0.00888401 -0.0125975
0 -0.00565848 -0.00988238 -0.0141987
0 -0.00603268 -0.0109552 -0.0159755
0 -0.00641267 -0.0121064 -0.0178954
0 -0.00680467 -0.0133457 -0.0199292
0 -0.00721946 -0.0146679 -0.0220565
0 -0.00766705 -0.0160459 -0.0242501
0 -0.00814841 -0.0174522 -0.0264587
0 -0.00865371 -0.0188682 -0.0286283
0 -0.00916849 -0.0202737 -0.0307176
0 -0.00968023 -0.0216414 -0.0326931
0 -0.01018 -0.022943 -0.0345286
0 -0.0106596 -0.0241554 -0.036203
0 -0.0111082 -0.025261 -0.0376999
0 -0.0115139 -0.0262428 -0.0390073
0 -0.0118636 -0.0270805 -0.0401126
0 -0.012143 -0.0277516 -0.0410007
0 -0.0123374 -0.0282369 -0.0416582
0 -0.0124392 -0.0285274 -0.0420785
0 -0.0124573 -0.02863 -0.042267
0 -0.0124167 -0.0285676 -0.0422433
0 -0.0123458 -0.0283714 -0.0420339
0 -0.0122608 -0.0280707 -0.0416583
0 -0.0121572 -0.0276806 -0.0411192
0 -0.0120101 -0.0271966 -0.040404
0 -0.0117883 -0.0266005 -0.0394961
0 -0.0114732 -0.0258748 -0.0383904
0 -0.0110725 -0.0250158 -0.0371035
0 -0.0106188 -0.0240388 -0.0356737
0 -0.0101564 -0.0229733 -0.0341504
0 -0.00972224 -0.0218549 -0.0325794
0 -0.00933055 -0.0207149 -0.0309903
0 -0.00897023 -0.0195749 -0.0293935
0 -0.00861619 -0.0184489 -0.0277892
0 -0.00824582 -0.0173487 -0.0261806
0 -0.00785054 -0.0162863 -0.0245821
0 -0.00743733 -0.0152732 -0.0230201
0 -0.00702149 -0.0143168 -0.0215261
0 -0.00661834 -0.0134158 -0.0201283
0 -0.00623741 -0.0125607 -0.0188376
0 -0.00587903 -0.0117353 -0.0176456
0 -0.00553465 -0.0109223 -0.0165427
0 -0.00519234 -0.0101106 -0.0155223
0 -0.00484352 -0.00929955 -0.014571
0 -0.00448734 -0.00850163 -0.0136768
0 -0.00413186 -0.00773687 -0.0128364
0 -0.00378801 -0.00702271 -0.0120478
0 -0.00345721 -0.00636129 -0.0112966
0 -0.00312768 -0.00573473 -0.0105537
0 -0.00278966 -0.00511859 -0.0097925
0 -0.00245341 -0.00450351 -0.00900745
0 -0.00214918 -0.00390209 -0.0082165
0 -0.00190927 -0.00333682 -0.00744572
0 -0.00174641 -0.00282277 -0.00671015
0 -0.00164231 -0.00235673 -0.00600268
0 -0.00155605 -0.00191932 -0.00529946
0 -0.00144919 -0.00149015 -0.00458059
0 -0.0013089 -0.00106424 -0.00384925
0 -0.00114829 -0.000651794 -0.00313055
0 -0.000986144 -0.000261567 -0.00245186
0 -0.000829931 0.000111333 -0.00182684
0 -0.0006763 0.000480734 -0.00125597
0 -0.000520034 0.000857404 -0.000735396
0 -0.00035936 0.00124255 -0.000262396
0 -0.000195865 0.00162872 0.000164634
0 -3.22746e-05 0.00200425 0.000548471
0 0.000130298 0.00235886 0.000895551
0 0.000294061 0.00268827 0.00121709
0 0.000461934 0.002994 0.00152641
0 0.000630315 0.00327706 0.00183134
0 0.00078302 0.00353029 0.00212658
0 0.000891396 0.00373404 0.0023911
0 0.000921498 0.00385741 0.00259221
0 0.000847509 0.00386688 0.00269591
0 0.00066364 0.00373677 0.00267687
0 0.000383471 0.0034522 0.00251859
0 2.89261e-05 0.00300557 0.00220636
0 -0.000376892 0.00239645 0.00172424
0 -0.000808934 0.00163736 0.00105942
0 -0.00124078 0.000757014 0.000206663
0 -0.00165057 -0.000205405 -0.000832866
0 -0.00202797 -0.00121219 -0.00205588
0 -0.00237769 -0.00223793 -0.00346047
0 -0.00271629 -0.00327387 -0.00504466
0 -0.00306213 -0.00432397 -0.00679859
0 -0.00342393 -0.00539571 -0.00869579
0 -0.0037971 -0.00649446 -0.0106929
0 -0.00417411 -0.00762716 -0.0127406
0 -0.00456039 -0.00881054 -0.0147992
0 -0.00497268 -0.0100667 -0.0168473
0 -0.00542214 -0.0113958 -0.0188683
0 -0.00590507 -0.0127621 -0.0208271
0 -0.00640668 -0.0141163 -0.0226813
0 -0.00691093 -0.015419 -0.0244031
0 -0.00740562 -0.0166417 -0.0259779
0 -0.00788045 -0.0177584 -0.0273947
0 -0.00832494 -0.0187453 -0.028645
0 -0.00873026 -0.0195913 -0.0297293
0 -0.00909271 -0.0203037 -0.030657
0 -0.00941242 -0.0209003 -0.0314379
0 -0.00968838 -0.021397 -0.0320784
0 -0.00991818 -0.0218056 -0.0325872
0 -0.0101045 -0.022141 -0.0329802
0 -0.0102592 -0.0224236 -0.0332797
0 -0.0103988 -0.0226736 -0.0335105
0 -0.010536 -0.0229036 -0.0336956
0 -0.0106728 -0.0231156 -0.03385
0 -0.0107975 -0.0233007 -0.0339762
0 -0.0108869 -0.0234388 -0.0340638
0 -0.0109142 -0.0235023 -0.0340934
0 -0.0108569 -0.0234616 -0.0340431
0 -0.0107018 -0.0232902 -0.0338921
0 -0.0104494 -0.0229716 -0.0336246
0 -0.0101192 -0.0225054 -0.0332335
0 -0.00974373 -0.0219085 -0.0327195
0 -0.00935783 -0.02121 -0.0320868
0 -0.00899128 -0.0204472 -0.0313402
0 -0.00866296 -0.0196577 -0.0304826
0 -0.00837069 -0.0188655 -0.0295074
0 -0.00808633 -0.0180671 -0.028393
0 -0.00776984 -0.0172367 -0.0271143
0 -0.00739274 -0.0163434 -0.0256617
0 -0.00695081 -0.0153631 -0.0240492
0 -0.00646102 -0.0142829 -0.0223104
0 -0.00595133 -0.0131052 -0.0204915
0 -0.00545381 -0.0118481 -0.0186412
0 -0.00499862 -0.0105463 -0.0167971
0 -0.00460312 -0.00924869 -0.0149847
0 -0.00426344 -0.00800501 -0.0132302
0 -0.00395915 -0.00685118 -0.01156
0 -0.00367205 -0.00581027 -0.00999391
0 -0.00339729 -0.00490312 -0.00855049
0 -0.00313687 -0.00414568 -0.00725324
0 -0.0028918 -0.00353383 -0.00612449
0 -0.00265984 -0.0030387 -0.00517646
0 -0.00243745 -0.00261973 -0.00441031
0 -0.00222716 -0.00224626 -0.00382517
0 -0.00204354 -0.00191248 -0.00342702
0 -0.00190756 -0.00163597 -0.00322572
0 -0.00183385 -0.00144467 -0.00322459
0 -0.00182218 -0.00136469 -0.00341244
0 -0.00185544 -0.00141133 -0.0037598
0 -0.00190455 -0.0015816 -0.00422265
0 -0.00194189 -0.00185479 -0.00475564
0 -0.00195619 -0.00220134 -0.00532494
0 -0.00195757 -0.00259212 -0.00591263
0 -0.00197349 -0.00300584 -0.006516
0 -0.00203979 -0.00343381 -0.00714441
0 -0.00218835 -0.00388065 -0.00781207
0 -0.00243626 -0.00436218 -0.00853054
0 -0.00278238 -0.0049027 -0.00930613
0 -0.00320999 -0.00552984 -0.0101414
0 -0.00369033 -0.0062641 -0.011035
0 -0.00418706 -0.00710913 -0.0119819
0 -0.00466943 -0.00805432 -0.0129819
0 -0.00513192 -0.00908575 -0.01405
0 -0.00559573 -0.0101917 -0.0152176
0 -0.00608611 -0.0113602 -0.0165178
0 -0.00660681 -0.0125699 -0.0179654
0 -0.00712806 -0.0137819 -0.0195424
0 -0.00760198 -0.014945 -0.0212023
0 -0.00799012 -0.0160127 -0.0228909
0 -0.0082787 -0.0169633 -0.024572
0 -0.00848108 -0.017808 -0.0262268
0 -0.00862799 -0.0185745 -0.0278293
0 -0.00874787 -0.0192832 -0.0293406
0 -0.00885165 -0.0199326 -0.0307137
0 -0.00893363 -0.0205037 -0.0318946
0 -0.00898308 -0.020972 -0.0328323
0 -0.00899629 -0.0213155 -0.0334889
0 -0.00898544 -0.0215222 -0.0338505
0 -0.008981 -0.0215997 -0.0339353
0 -0.00902199 -0.021578 -0.0337852
0 -0.00913574 -0.0214964 -0.0334474
0 -0.00931673 -0.0213807 -0.0329576
0 -0.00952007 -0.0212297 -0.0323281
0 -0.0096786 -0.0210199 -0.0315559
0 -0.00973079 -0.0207205 -0.0306428
0 -0.00963974 -0.0203021 -0.0296061
0 -0.00939943 -0.0197419 -0.0284775
0 -0.00903206 -0.0190295 -0.0272977
0 -0.00857834 -0.0181718 -0.0261085
0 -0.00808345 -0.0171928 -0.0249405
0 -0.00758435 -0.0161289 -0.0238096
0 -0.00710232 -0.0150238 -0.0227174
0 -0.00664047 -0.0139197 -0.0216492
0 -0.00618657 -0.0128483 -0.0205744
0 -0.00572416 -0.0118255 -0.0194565
0 -0.00524218 -0.0108483 -0.018264
0 -0.00473437 -0.00989729 -0.0169747
0 -0.00420272 -0.00894262 -0.0155814
0 -0.00366899 -0.00796083 -0.014102
0 -0.003177 -0.00694962 -0.0125737
0 -0.00277318 -0.00592508 -0.0110342
0 -0.00247815 -0.00491048 -0.00951623
0 -0.00227651 -0.00392832 -0.00804116
0 -0.00212889 -0.00299685 -0.00661234
0 -0.00198926 -0.00213055 -0.00522599
0 -0.00182052 -0.00134058 -0.00388759
0 -0.00160804 -0.000634582 -0.00261869
0 -0.00136337 -1.70496e-05 -0.00145466
0 -0.00111554 0.000510485 -0.000437762
0 -0.000898567 0.000948618 0.000390739
0 -0.000741078 0.00129743 0.000998197
0 -0.000658167 0.00155364 0.00136698
0 -0.000649807 0.0017074 0.00149437
0 -0.000708782 0.001738 0.00138421
0 -0.000830138 0.00161346 0.00103864
0 -0.00101297 0.00129807 0.000457006
0 -0.00125557 0.000766545 -0.000358686
0 -0.00155089 1.69701e-05 -0.00139749
0 -0.00188812 -0.000927731 -0.00264028
0 -0.00226 -0.00203027 -0.00406778
0 -0.00266648 -0.00324979 -0.00566482
0 -0.00310695 -0.00454336 -0.00741298
0 -0.00357048 -0.00586352 -0.00928044
0 -0.00403636 -0.00716444 -0.0112231
0 -0.00448867 -0.00841844 -0.0131988
0 -0.00493112 -0.00962989 -0.0151797
0 -0.00537777 -0.010826 -0.0171503
0 -0.0058326 -0.0120253 -0.019099
0 -0.00628638 -0.0132214 -0.0210045
0 -0.00672696 -0.0143981 -0.0228257
0 -0.00714745 -0.0155421 -0.0245217
0 -0.0075465 -0.0166423 -0.0260713
0 -0.00792668 -0.0176838 -0.0274683
0 -0.00829646 -0.0186502 -0.0287146
0 -0.00867293 -0.0195377 -0.0298248
0 -0.00908027 -0.0203646 -0.0308302
0 -0.00953954 -0.0211635 -0.0317687
0 -0.010054 -0.0219637 -0.0326692
0 -0.0106014 -0.0227797 -0.033544
0 -0.011139 -0.0236073 -0.0343913
0 -0.0116143 -0.024423 -0.0351983
0 -0.0119727 -0.0251782 -0.0359385
0 -0.0121643 -0.0258012 -0.0365756
0 -0.0121673 -0.026222 -0.037083
0 -0.0120094 -0.026407 -0.0374638
0 -0.0117615 -0.0263711 -0.0377483
0 -0.0115056 -0.026164 -0.037969
0 -0.0112974 -0.0258445 -0.0381328
0 -0.0111418 -0.0254569 -0.0382056
0 -0.0109925 -0.0250153 -0.0381136
0 -0.0107795 -0.0245056 -0.0377683
0 -0.0104504 -0.0239025 -0.0371017
0 -0.00999383 -0.0231797 -0.0360871
0 -0.00943118 -0.0223064 -0.0347313
0 -0.00879284 -0.0212398 -0.0330533
0 -0.00810071 -0.019932 -0.0310695
0 -0.00736587 -0.0183456 -0.0287923
0 -0.00659587 -0.016473 -0.0262366
0 -0.00580389 -0.0143481 -0.0234284
0 -0.00502251 -0.012049 -0.020412
0 -0.00430874 -0.0097002 -0.0172601
0 -0.00372014 -0.00747767 -0.0140859
0 -0.00329646 -0.0055629 -0.0110383
0 -0.00305117 -0.00404664 -0.00823796
0 -0.00293848 -0.00289714 -0.00570603
0 -0.00283801 -0.00199695 -0.00339088
0 -0.0026019 -0.00118553 -0.00123104
0 -0.00213561 -0.000307925 0.000810929
0 -0.00145836 0.000729834 0.00271107
0 -0.000702002 0.00192068 0.00436713
0 -3.98309e-05 0.00316261 0.00564573
0 0.000405745 0.00430961 0.0064613
0 0.00061011 0.0052304 0.00681597
0 0.000634221 0.00584385 0.00678275
0 0.000579472 0.00611734 0.00646886
0 0.000535904 0.00604632 0.00597832
0 0.00054843 0.005651 0.00537875
0 0.000607099 0.00498706 0.00469067
0 0.000653238 0.00413963 0.00390153
0 0.000604556 0.00319593 0.00298215
0 0.000393301 0.00222367 0.00190303
0 1.28798e-05 0.00128522 0.000673058
0 -0.000451301 0.000464966 -0.000622243
0 -0.000853997 -0.000145197 -0.00184109
0 -0.00106892 -0.000493736 -0.00285306
0 -0.00105022 -0.000598479 -0.0035922
0 -0.000845221 -0.000536921 -0.00406732
0 -0.000565977 -0.00041349 -0.00433955
0 -0.000341622 -0.000326936 -0.00448823
0 -0.00027526 -0.000351033 -0.00458332
0 -0.000421717 -0.000530739 -0.0046748
0 -0.000788153 -0.000889758 -0.00479838
0 -0.00134926 -0.00144318 -0.00498845
0 -0.00206445 -0.00220611 -0.00528878
0 -0.00289152 -0.00319539 -0.00575811
0 -0.00380305 -0.00443351 -0.00647665
0 -0.00479539 -0.00594996 -0.00754554
0 -0.0058754 -0.00776037 -0.00905984
0 -0.00702062 -0.00982987 -0.0110634
0 -0.00812036 -0.0120404 -0.0135086
0 -0.00897582 -0.0141862 -0.0162464
0 -0.00939619 -0.0160293 -0.0190712
0 -0.0092987 -0.017398 -0.0217947
0 -0.00874096 -0.018219 -0.0242949
0 -0.00788212 -0.0184789 -0.0265452
0 -0.00691943 -0.0182382 -0.0285568
0 -0.00604589 -0.0176572 -0.0302634
0 -0.00540996 -0.0169443 -0.0315534
0 -0.00506913 -0.0162717 -0.0323405
0 -0.00497626 -0.0157239 -0.0325399
0 -0.00502348 -0.0153077 -0.0320523
0 -0.00511823 -0.0149945 -0.0308138
0 -0.00523448 -0.0147461 -0.0288836
0 -0.00541317 -0.0145233 -0.0264536
0 -0.00573462 -0.0143041 -0.0237793
0 -0.00628338 -0.0141077 -0.0211633
0 -0.00710733 -0.0140053 -0.0189257
0 -0.00818195 -0.0140995 -0.0172484
0 -0.00939731 -0.0144565 -0.0161626
0 -0.0105758 -0.0150505 -0.0157136
0 -0.0115126 -0.0158071 -0.0159383
0 -0.0120237 -0.0166503 -0.0167514
0 -0.011988 -0.0174667 -0.0179988
0 -0.011375 -0.0180768 -0.0195496
0 -0.0102503 -0.0183027 -0.0212872
0 -0.008766 -0.0180742 -0.0230809
0 -0.00714128 -0.0174231 -0.024831
0 -0.00561658 -0.0164088 -0.0265175
0 -0.00439292 -0.0151532 -0.0280761
0 -0.00358986 -0.0138768 -0.0292937
0 -0.00323002 -0.0128197 -0.0299756
0 -0.00324103 -0.0121328 -0.0300415
0 -0.0034764 -0.0118286 -0.0294165
0 -0.00377873 -0.0118126 -0.0280081
0 -0.00406013 -0.0119414 -0.0258328
0 -0.00431577 -0.0120538 -0.0230733
0 -0.00456843 -0.0119839 -0.0199835
0 -0.00482364 -0.0115903 -0.0168258
0 -0.0050594 -0.0108022 -0.0137677
0 -0.00522014 -0.00960261 -0.0108114
0 -0.00521204 -0.00797148 -0.00796774
0 -0.00491931 -0.00591699 -0.00529936
0 -0.00423904 -0.00353163 -0.00277636
0 -0.00312346 -0.000962428 -0.000308852
0 -0.00162231 0.0016539 0.00211562
0 0.000105313 0.00421525 0.00443374
0 0.00183466 0.00662871 0.00658786
0 0.00334236 0.00878574 0.00853217
0 0.00445746 0.010581 0.0102124
0 0.00509093 0.0119468 0.0115967
0 0.00524272 0.0128541 0.012703
0 0.0049855 0.0132885 0.0135687
0 0.00443232 0.0132423 0.0142097
0 0.00370381 0.012729 0.014615
0 0.00289832 0.0117933 0.0147477
0 0.0020702 0.0105039 0.0145402
0 0.00124895 0.00895379 0.0139164
0 0.000477033 0.00726675 0.0128335
0 -0.000201245 0.00557614 0.0112825
0 -0.000784194 0.00396605 0.00925143
0 -0.00132337 0.00242541 0.00671124
0 -0.00188696 0.000866125 0.00364237
0 -0.00251298 -0.000815682 7.35855e-05
0 -0.00318513 -0.00268963 -0.00389691
0 -0.00384672 -0.00476974 -0.0081113
0 -0.00443304 -0.00701407 -0.0123841
0 -0.00489066 -0.00935251 -0.0165559
0 -0.00519134 -0.0116882 -0.0204912
0 -0.00534523 -0.0138554 -0.0240357
0 -0.00540098 -0.0156643 -0.0270719
0 -0.00543255 -0.0170104 -0.0295666
0 -0.00552204 -0.0179069 -0.0315242
0 -0.00574114 -0.0184452 -0.0329508
0 -0.0061323 -0.0187452 -0.0338603
0 -0.00669824 -0.018927 -0.0342903
0 -0.00740576 -0.0191149 -0.0342966
0 -0.00820243 -0.0194379 -0.0339417
0 -0.00903949 -0.0199865 -0.0333143
0 -0.00989102 -0.0207812 -0.0325569
0 -0.0107545 -0.0217923 -0.0318478
0 -0.0116285 -0.0229673 -0.0313745
0 -0.0124864 -0.0242265 -0.0312989
0 -0.0132665 -0.025451 -0.0316604
0 -0.013883 -0.0264999 -0.0323786
0 -0.0142446 -0.0272546 -0.0333888
0 -0.0142772 -0.0276554 -0.0346416
0 -0.0139505 -0.027706 -0.0360306
0 -0.0132985 -0.0274544 -0.0374688
0 -0.0124152 -0.0269776 -0.0389135
0 -0.0114196 -0.0263641 -0.0402464
0 -0.0104238 -0.0256895 -0.0413004
0 -0.0095218 -0.0250051 -0.0419838
0 -0.00879245 -0.0243491 -0.0422598
0 -0.00830048 -0.023757 -0.0420842
0 -0.00808727 -0.0232581 -0.041429
0 -0.00815234 -0.0228593 -0.0403177
0 -0.00844189 -0.0225341 -0.0387985
0 -0.0088563 -0.0222236 -0.0369056
0 -0.00927407 -0.0218455 -0.0346779
0 -0.00958034 -0.0213109 -0.0321885
0 -0.00968731 -0.0205429 -0.0295405
0 -0.00954057 -0.0194861 -0.0268523
0 -0.00911523 -0.0181103 -0.024189
0 -0.00841095 -0.0164053 -0.0215373
0 -0.00744695 -0.0143656 -0.0189086
0 -0.00626514 -0.0120003 -0.0163456
0 -0.00492934 -0.00936099 -0.0138257
0 -0.00348657 -0.0065319 -0.0112726
0 -0.00195252 -0.00360116 -0.00863226
0 -0.00036685 -0.000651589 -0.0058812
0 0.0011747 0.00223199 -0.00299935
0 0.0025521 0.0049569 1.25906e-05
0 0.0036645 0.00742883 0.00311017
0 0.00445232 0.00956918 0.00622496
0 0.00489577 0.0113296 0.00928973
0 0.00500324 0.0126887 0.0122308
0 0.00480297 0.0136365 0.0149567
0 0.0043402 0.0141677 0.0173683
0 0.00368154 0.0142881 0.0193685
0 0.00290795 0.0140176 0.0208596
0 0.00208129 0.013382 0.0217405
0 0.00123374 0.0124059 0.0219144
0 0.000397072 0.01112 0.0213079
0 -0.000378979 0.00957645 0.0198904
0 -0.00103652 0.00786151 0.0176901
0 -0.00152699 0.00608218 0.0147956
0 -0.00182676 0.00431859 0.0113276
0 -0.0019477 0.0026031 0.0074124
0 -0.00193493 0.000940096 0.00318675
0 -0.00185478 -0.000681268 -0.00119928
0 -0.00178305 -0.00231275 -0.00559728
0 -0.00179588 -0.00402407 -0.00989708
0 -0.00195762 -0.00581935 -0.0140208
0 -0.00230887 -0.00765533 -0.0178379
0 -0.0028672 -0.00951017 -0.0211827
0 -0.00363347 -0.0113941 -0.0239876
0 -0.00459456 -0.0133327 -0.0262972
0 -0.00572494 -0.0153328 -0.0281654
0 -0.0069838 -0.0173512 -0.0296192
0 -0.00831608 -0.0193146 -0.0307226
0 -0.00966453 -0.0211803 -0.0315994
0 -0.0109779 -0.0229445 -0.0323709
0 -0.0122066 -0.0245959 -0.033135
0 -0.0132982 -0.0261021 -0.033989
0 -0.0142063 -0.0274417 -0.0350039
0 -0.0149026 -0.0286144 -0.0361943
0 -0.0153741 -0.0296169 -0.0375491
0 -0.015607 -0.0304269 -0.0390487
0 -0.0155854 -0.0310146 -0.040642
0 -0.015307 -0.0313613 -0.0422363
0 -0.0148026 -0.0314676 -0.04372
0 -0.0141441 -0.0313505 -0.0450035
0 -0.0134283 -0.0310412 -0.046025
0 -0.0127488 -0.0305846 -0.0467285
0 -0.012179 -0.0300358 -0.0470626
0 -0.0117664 -0.029449 -0.0469884
0 -0.011527 -0.0288605 -0.0464801
0 -0.0114404 -0.0282773 -0.0455203
0 -0.0114568 -0.0276841 -0.0441057
0 -0.0115162 -0.0270539 -0.0422635
0 -0.0115656 -0.0263505 -0.0400567
0 -0.0115649 -0.0255304 -0.0375731
0 -0.0114786 -0.0245455 -0.0349069
0 -0.0112652 -0.0233464 -0.032144
0 -0.0108811 -0.0218922 -0.0293638
0 -0.0102984 -0.0201657 -0.0266158
0 -0.00951919 -0.0181839 -0.0238971
0 -0.00856999 -0.0159921 -0.0212137
0 -0.00749265 -0.0136513 -0.0186049
0 -0.00633689 -0.011227 -0.0160729
0 -0.005134 -0.0087754 -0.0135706
0 -0.00389058 -0.00633308 -0.0110545
0 -0.00262276 -0.0039239 -0.00849995
0 -0.00137543 -0.00157021 -0.00588344
0 -0.000211032 0.000703513 -0.00318743
0 0.000811279 0.00287213 -0.00041851
0 0.00165394 0.00491185 0.00239535
0 0.00230696 0.00680236 0.00522225
0 0.00278242 0.00852922 0.00803181
0 0.00310662 0.0100842 0.0107901
0 0.00331625 0.0114655 0.0134599
0 0.00345662 0.0126798 0.0160032
0 0.00357579 0.013744 0.0183794
0 0.0037138 0.0146831 0.0205452
0 0.00389269 0.0155238 0.022457
0 0.00411288 0.0162851 0.0240725
0 0.00435859 0.0169729 0.0253523
0 0.00460957 0.0175806 0.0262652
0 0.00485291 0.0180949 0.0267988
0 0.00508929 0.018506 0.0269695
0 0.00532928 0.0188094 0.0268205
0 0.00558043 0.0189975 0.026404
0 0.00583435 0.019053 0.0257691
0 0.00606513 0.0189557 0.0249588
0 0.00624121 0.0186946 0.0240115
0 0.00633583 0.0182738 0.0229629
0 0.00632414 0.0177068 0.0218448
0 0.00617746 0.0170032 0.0206775
0 0.00586682 0.0161603 0.0194629
0 0.00537119 0.0151598 0.0181831
0 0.00468246 0.0139704 0.0168051
0 0.00380774 0.0125553 0.0152867
0 0.00277126 0.0108846 0.0135847
0 0.00161237 0.00894565 0.0116571
0 0.000376856 0.00674406 0.00946315
0 -0.00089405 0.00430254 0.00696199
0 -0.00216864 0.00166013 0.00411895
0 -0.0034305 -0.00112859 0.000915121
0 -0.00466971 -0.00400065 -0.00264625
0 -0.00585199 -0.00690318 -0.00653868
0 -0.00692652 -0.00979763 -0.0107151
0 -0.00786854 -0.0126414 -0.0151145
0 -0.0086952 -0.0153957 -0.0196715
0 -0.00945232 -0.0180531 -0.0243308
0 -0.0101883 -0.0206426 -0.0290684
0 -0.0109324 -0.023213 -0.0338322
0 -0.011697 -0.0258039 -0.0384906
0 -0.0124928 -0.0284226 -0.0429396
0 -0.0133339 -0.0310507 -0.047153
0 -0.0142307 -0.0336645 -0.051115
0 -0.015185 -0.0362448 -0.0547917
0 -0.0161928 -0.0387702 -0.0581583
0 -0.0172482 -0.0412078 -0.0612234
0 -0.0183404 -0.0435127 -0.0640034
0 -0.0194462 -0.0456369 -0.0664893
0 -0.0205317 -0.0475436 -0.0686645
0 -0.0215644 -0.0492186 -0.0705359
0 -0.0225225 -0.0506725 -0.0721276
0 -0.0233929 -0.0519305 -0.0734602
0 -0.0241629 -0.0530155 -0.0745493
0 -0.0248171 -0.0539374 -0.0754127
0 -0.0253382 -0.0546901 -0.0760638
0 -0.025716 -0.0552585 -0.0765083
0 -0.025944 -0.0556259 -0.0767508
0 -0.0260018 -0.055775 -0.0767984
0 -0.025877 -0.0556882 -0.0766586
0 -0.0255988 -0.0553571 -0.0763391
0 -0.025217 -0.0547929 -0.0758493
0 -0.0247722 -0.0540262 -0.075197
0 -0.0242939 -0.0530973 -0.0743814
0 -0.0238025 -0.0520478 -0.0733913
0 -0.0233087 -0.0509174 -0.0722117
0 -0.022818 -0.0497427 -0.0708327
0 -0.0223328 -0.048551 -0.0692528
0 -0.0218481 -0.0473507 -0.0674773
0 -0.021352 -0.0461268 -0.0655155
0 -0.0208307 -0.0448469 -0.0633798
0 -0.0202689 -0.0434696 -0.0610852
0 -0.0196471 -0.0419511 -0.0586451
0 -0.0189435 -0.0402503 -0.0560678
0 -0.0181379 -0.0383359 -0.0533541
0 -0.017215 -0.0361916 -0.0504981
0 -0.0161676 -0.0338178 -0.047489
0 -0.0150086 -0.031231 -0.0443157
0 -0.0137703 -0.0284604 -0.0409686
0 -0.0124727 -0.02554 -0.0374375
0 -0.0111162 -0.0225028 -0.03371
0 -0.00970602 -0.019376 -0.0297744
0 -0.00826094 -0.0161716 -0.0256255
0 -0.00680781 -0.0128953 -0.0212726
0 -0.00537189 -0.00956422 -0.0167437
0 -0.003966 -0.00620563 -0.0120661
0 -0.00258818 -0.00284549 -0.0072553
0 -0.00122844 0.000495312 -0.00234394
0 0.000123037 0.00380228 0.00261328
0 0.00147182 0.0070686 0.00756504
0 0.00281949 0.0102927 0.0124696
0 0.00416482 0.0134728 0.0172844
0 0.005505 0.016602 0.0219633
0 0.00683607 0.0196688 0.0264645
0 0.00815319 0.0226595 0.0307584
0 0.00945322 0.0255607 0.0348261
0 0.0107373 0.0283601 0.0386567
0 0.0120107 0.0310472 0.042247
0 0.0132793 0.0336151 0.0456035
0 0.0145459 0.0360621 0.0487393
0 0.0158099 0.0383916 0.0516689
0 0.0170662 0.0406099 0.0544054
0 0.0183058 0.0427239 0.0569604
0 0.0195004 0.0447372 0.0593439
0 0.0206058 0.0466433 0.0615605
0 0.0216059 0.0484257 0.0636076
0 0.0224992 0.0500634 0.0654795
0 0.0232589 0.0515388 0.0671736
0 0.0238798 0.052838 0.0686911
0 0.0243893 0.0539473 0.0700341
0 0.024774 0.0548512 0.0712017
0 0.0249876 0.0555308 0.0721874
0 0.0250257 0.0559622 0.0729766
0 0.0249201 0.0561189 0.0735463
0 0.0246709 0.0559751 0.073864
0 0.0242494 0.0555097 0.0738892
0 0.023659 0.0547103 0.0735768
0 0.0229358 0.0535763 0.0728804
0 0.022107 0.0521193 0.0717535
0 0.0211809 0.0503608 0.0701488
0 0.0201642 0.0483246 0.0680215
0 0.0190775 0.0460278 0.0653401
0 0.0179473 0.0434853 0.0620933
0 0.0167856 0.0407122 0.0582846
0 0.0155868 0.0377121 0.0539267
0 0.0143399 0.0344738 0.0490452
0 0.0130305 0.0309838 0.0436827
0 0.0116332 0.0272378 0.037897
0 0.0101341 0.0232387 0.0317556
0 0.00854964 0.018974 0.0253301
0 0.00689727 0.0144397 0.0186879
0 0.00517643 0.00969831 0.0118842
0 0.00337709 0.00484327 0.00494889
0 0.00148397 -6.13828e-05 -0.0020777
0 -0.000515981 -0.00498032 -0.00911097
0 -0.00262392 -0.00989572 -0.0160843
0 -0.00482916 -0.0147956 -0.0229663
0 -0.00711365 -0.0196597 -0.0297193
0 -0.00945278 -0.0244559 -0.0363023
0 -0.0118174 -0.0291524 -0.042676
0 -0.0141798 -0.0337338 -0.0488051
0 -0.016518 -0.0382017 -0.0546752
0 -0.0188142 -0.042563 -0.0602889
0 -0.0210512 -0.0468146 -0.0656464
0 -0.0232498 -0.0509357 -0.070743
0 -0.0254604 -0.0548957 -0.0755797
0 -0.0276314 -0.0586643 -0.0801627
0 -0.0296527 -0.0622106 -0.0844958
0 -0.0314946 -0.065498 -0.0885753
0 -0.0331129 -0.0684831 -0.0923895
0 -0.0344268 -0.0711125 -0.0959201
0 -0.0354576 -0.0733418 -0.0991404
0 -0.036261 -0.0751551 -0.102017
0 -0.0367899 -0.0765393 -0.104516
0 -0.0369714 -0.0774718 -0.106601
0 -0.0368232 -0.0779496 -0.108232
0 -0.0364102 -0.0779902 -0.109368
0 -0.0357707 -0.0775952 -0.109963
0 -0.034926 -0.0767379 -0.109974
0 -0.033914 -0.0753995 -0.109352
0 -0.0327934 -0.0736133 -0.108042
0 -0.0316271 -0.0714538 -0.106006
0 -0.0304544 -0.0689819 -0.103241
0 -0.0292822 -0.0662253 -0.0997507
0 -0.0281076 -0.0632151 -0.0955245
0 -0.0269379 -0.0600001 -0.0906084
0 -0.0257841 -0.0566155 -0.0851105
0 -0.0246509 -0.0530739 -0.0791415
0 -0.0235438 -0.0493862 -0.0728186
0 -0.0224634 -0.0455891 -0.0662745
0 -0.0213827 -0.0417447 -0.0596459
0 -0.0202629 -0.0378853 -0.0530781
0 -0.0190787 -0.0339968 -0.0466923
0 -0.0178159 -0.0300739 -0.0405294
0 -0.0164697 -0.0261517 -0.0346068
0 -0.0150507 -0.0222969 -0.02898
0 -0.0135815 -0.0185862 -0.0237164
0 -0.0120865 -0.0150825 -0.0188634
0 -0.0105884 -0.0118185 -0.0144326
0 -0.00910803 -0.00880024 -0.0104187
0 -0.00766585 -0.0060259 -0.00683266
0 -0.00628101 -0.00350081 -0.0036905
0 -0.00497006 -0.00123712 -0.000982477
0 -0.00374783 0.000758376 0.00131879
0 -0.00262845 0.00249346 0.00323369
0 -0.00162494 0.0039881 0.00477911
0 -0.000746003 0.00526473 0.00598625
0 7.18097e-06 0.00633669 0.00689517
0 0.000639659 0.00720266 0.00753909
0 0.00115769 0.00785776 0.00794895
0 0.00156433 0.00830676 0.0081595
0 0.00185803 0.00856095 0.00820182
0 0.00203328 0.00863055 0.00809786
0 0.00208323 0.00852483 0.00786182
0 0.00200582 0.00825478 0.00750293
0 0.00180826 0.00783355 0.00702605
0 0.00150232 0.00727355 0.00643074
0 0.00109953 0.0065817 0.00571119
0 0.000614988 0.00575868 0.0048569
0 7.03915e-05 0.00480446 0.00385368
0 -0.000512015 0.00372282 0.00268545
0 -0.00111647 0.00252086 0.00133658
0 -0.00173279 0.00120808 -0.000205834
0 -0.00235189 -0.000201713 -0.00194932
0 -0.00296567 -0.00169021 -0.00389395
0 -0.00356997 -0.00323833 -0.00603185
0 -0.00416464 -0.00482988 -0.00834702
0 -0.00475056 -0.00645234 -0.0108148
0 -0.00532824 -0.00809659 -0.013403
0 -0.00590106 -0.00975855 -0.0160758
0 -0.00647865 -0.0114409 -0.0187993
0 -0.00707842 -0.0131522 -0.021543
0 -0.00771977 -0.0149033 -0.0242783
0 -0.00840821 -0.0167036 -0.0269802
0 -0.00913431 -0.0185477 -0.0296309
0 -0.00988679 -0.0204085 -0.0322128
0 -0.0106542 -0.0222519 -0.0346976
0 -0.0114215 -0.0240508 -0.0370604
0 -0.0121749 -0.0257846 -0.0392934
0 -0.0129022 -0.0274369 -0.0413947
0 -0.0135892 -0.028991 -0.0433582
0 -0.0142217 -0.0304273 -0.0451809
0 -0.0147918 -0.0317311 -0.0468673
0 -0.0152989 -0.0328997 -0.0484241
0 -0.0157439 -0.0339398 -0.0498531
0 -0.0161272 -0.0348573 -0.0511532
0 -0.0164491 -0.035655 -0.0523235
0 -0.0167138 -0.0363393 -0.0533642
0 -0.0169317 -0.0369244 -0.054278
0 -0.0171186 -0.0374309 -0.0550723
0 -0.0172919 -0.0378788 -0.055758
0 -0.0174658 -0.0382849 -0.0563458
0 -0.0176489 -0.0386609 -0.0568443
0 -0.0178422 -0.0390136 -0.0572598
0 -0.0180401 -0.0393433 -0.0575959
0 -0.0182318 -0.0396442 -0.0578537
0 -0.0184031 -0.0399037 -0.058032
0 -0.018536 -0.0401021 -0.0581268
0 -0.0186092 -0.0402138 -0.0581301
0 -0.0185999 -0.0402094 -0.0580292
0 -0.0184869 -0.0400568 -0.0578061
0 -0.0182551 -0.0397248 -0.0574389
0 -0.0178995 -0.0391882 -0.0569033
0 -0.0174242 -0.0384312 -0.0561744
0 -0.0168386 -0.0374465 -0.0552238
0 -0.0161513 -0.0362308 -0.0540179
0 -0.0153687 -0.0347833 -0.0525186
0 -0.0144974 -0.0331067 -0.0506892
0 -0.0135477 -0.0312091 -0.0485004
0 -0.0125348 -0.029103 -0.0459352
0 -0.0114769 -0.0268038 -0.0429902
0 -0.0103974 -0.0243286 -0.039676
0 -0.00933193 -0.0216984 -0.0360174
0 -0.0083127 -0.0189439 -0.0320545
0 -0.00733538 -0.0161211 -0.0278441
0 -0.00637716 -0.0132946 -0.0234727
0 -0.00543847 -0.010487 -0.0190289
0 -0.00454332 -0.00769289 -0.0145587
0 -0.00371485 -0.0049436 -0.0101142
0 -0.00296472 -0.00231512 -0.00580313
0 -0.00230171 0.000111914 -0.00174278
0 -0.00173912 0.00228022 0.00198254
0 -0.00129123 0.00415481 0.0053069
0 -0.000966718 0.00570658 0.00816007
0 -0.000767226 0.00689974 0.0104723
0 -0.000691919 0.00769414 0.012188
0 -0.000743462 0.00805702 0.013262
0 -0.000930098 0.00797119 0.0136488
0 -0.00125682 0.00743689 0.0133071
0 -0.00171588 0.00647064 0.0122179
0 -0.00229212 0.00509773 0.0103921
0 -0.0029692 0.00334437 0.00786109
0 -0.003728 0.00124145 0.00467235
0 -0.00454669 -0.00116932 0.00089508
0 -0.00540483 -0.00383832 -0.0033818
0 -0.00628906 -0.00671505 -0.0080594
0 -0.00719786 -0.00975133 -0.013035
0 -0.00814912 -0.0129129 -0.0182023
0 -0.00915898 -0.0161763 -0.0234525
0 -0.0102015 -0.0194823 -0.0286975
0 -0.0112252 -0.022723 -0.0338583
0 -0.0121937 -0.0257952 -0.0388074
0 -0.0130911 -0.0286329 -0.0434002
0 -0.0139076 -0.0311981 -0.047545
0 -0.0146236 -0.033459 -0.0511899
0 -0.015207 -0.0353697 -0.0542729
0 -0.0156258 -0.0368685 -0.0567158
0 -0.0158665 -0.0379008 -0.0584668
0 -0.0159413 -0.0384452 -0.0595204
0 -0.0158777 -0.0385193 -0.0598842
0 -0.0157019 -0.038163 -0.0595601
0 -0.0154322 -0.0374128 -0.0585675
0 -0.0150887 -0.0362996 -0.056953
0 -0.0146928 -0.0348778 -0.0547745
0 -0.014257 -0.033222 -0.0520965
0 -0.0137853 -0.0313958 -0.0490009
0 -0.0132822 -0.0294479 -0.0455867
0 -0.012759 -0.0274255 -0.0419657
0 -0.0122324 -0.0253807 -0.0382581
0 -0.0117187 -0.0233713 -0.0345915
0 -0.0112282 -0.0214619 -0.0311037
0 -0.0107631 -0.0196923 -0.0278865
0 -0.0103205 -0.0180509 -0.0249526
0 -0.00989186 -0.0165159 -0.0223307
0 -0.00946244 -0.0151017 -0.0200939
0 -0.00902128 -0.0138509 -0.0182827
0 -0.00857558 -0.0128004 -0.016895
0 -0.00814905 -0.0119609 -0.015928
0 -0.00776258 -0.0113237 -0.0153811
0 -0.00742464 -0.0108842 -0.0152294
0 -0.00714039 -0.0106502 -0.0154243
0 -0.00692198 -0.0106235 -0.0159183
0 -0.00678621 -0.0107898 -0.0166676
0 -0.00674472 -0.0111328 -0.0176226
0 -0.00680124 -0.0116437 -0.0187331
0 -0.0069571 -0.0123147 -0.0199588
0 -0.00721376 -0.0131309 -0.021267
0 -0.00756824 -0.0140727 -0.0226293
0 -0.00800995 -0.0151213 -0.0240251
0 -0.00852168 -0.0162587 -0.0254429
0 -0.00908566 -0.017463 -0.0268753
0 -0.00968868 -0.0187105 -0.028318
0 -0.0103145 -0.0199785 -0.0297709
0 -0.010936 -0.0212449 -0.031238
0 -0.0115243 -0.0224886 -0.0327244
0 -0.0120621 -0.0236896 -0.0342308
0 -0.0125428 -0.0248283 -0.0357517
0 -0.0129604 -0.0258878 -0.0372762
0 -0.0133074 -0.026857 -0.038787
0 -0.0135812 -0.0277309 -0.0402613
0 -0.0137905 -0.0285102 -0.0416736
0 -0.0139512 -0.0291992 -0.0429969
0 -0.0140769 -0.0298027 -0.0442032
0 -0.0141724 -0.0303206 -0.0452624
0 -0.0142352 -0.0307439 -0.0461384
0 -0.0142598 -0.0310552 -0.0467937
0 -0.0142396 -0.0312326 -0.0471963
0 -0.0141659 -0.0312526 -0.0473194
0 -0.0140291 -0.0310908 -0.0471403
0 -0.0138206 -0.0307227 -0.0466422
0 -0.0135346 -0.0301286 -0.0458161
0 -0.0131678 -0.0292972 -0.0446599
0 -0.0127176 -0.0282259 -0.0431764
0 -0.0121798 -0.0269162 -0.0413707
0 -0.011549 -0.0253728 -0.0392489
0 -0.0108215 -0.0236034 -0.0368193
0 -0.00999928 -0.0216204 -0.034095
0 -0.00909778 -0.0194424 -0.0310955
0 -0.00814957 -0.0171014 -0.0278492
0 -0.00717903 -0.014646 -0.0243976
0 -0.00618361 -0.0121127 -0.020787
0 -0.005163 -0.00950702 -0.0170479
0 -0.00413799 -0.00683637 -0.0132023
0 -0.00313298 -0.00413511 -0.00929085
0 -0.00216009 -0.00144757 -0.00536242
0 -0.0012204 0.00119126 -0.00145596
0 -0.000315261 0.00375694 0.00239133
0 0.000545199 0.00622507 0.00613223
0 0.00134361 0.00856256 0.00971387
0 0.00206452 0.0107288 0.0130875
0 0.00270105 0.0126847 0.016209
0 0.00325202 0.0143996 0.0190334
0 0.00371462 0.0158523 0.0215138
0 0.0040812 0.0170269 0.0236059
0 0.00434077 0.0179095 0.0252699
0 0.00448048 0.0184859 0.0264683
0 0.00448609 0.0187404 0.0271653
0 0.00434584 0.0186565 0.0273286
0 0.00405732 0.0182194 0.0269306
0 0.00362574 0.0174196 0.0259532
0 0.00305469 0.0162487 0.024389
0 0.00234582 0.0146916 0.0222355
0 0.00150271 0.0127324 0.0194943
0 0.000527691 0.0103646 0.0161746
0 -0.000582531 0.00759298 0.0122902
0 -0.00183556 0.00442791 0.0078565
0 -0.00323954 0.000882591 0.00289326
0 -0.00480743 -0.00302509 -0.00257258
0 -0.00656508 -0.00727222 -0.0085063
0 -0.00851435 -0.0118532 -0.0148671
0 -0.0105947 -0.0167656 -0.0216085
0 -0.0127257 -0.0219486 -0.0286814
0 -0.0148527 -0.0272987 -0.036053
0 -0.0169531 -0.0327249 -0.0436769
0 -0.019036 -0.0381589 -0.0514538
0 -0.0211165 -0.0435493 -0.0592898
0 -0.0231903 -0.0488491 -0.0671224
0 -0.0252337 -0.0540025 -0.0748812
0 -0.0272106 -0.0589441 -0.0824736
0 -0.0291408 -0.0636114 -0.0897917
0 -0.0310535 -0.0679687 -0.0967325
0 -0.0328419 -0.0720382 -0.103214
0 -0.0343868 -0.0758246 -0.109171
0 -0.0356515 -0.0792219 -0.114536
0 -0.0366001 -0.0821068 -0.119248
0 -0.0372437 -0.0844118 -0.123247
0 -0.0376494 -0.0860993 -0.126486
0 -0.0378288 -0.0871957 -0.128959
0 -0.0377536 -0.0877655 -0.130686
0 -0.0374729 -0.087811 -0.131631
0 -0.0370861 -0.0873115 -0.131748
0 -0.0366336 -0.0863407 -0.131039
0 -0.0361161 -0.0850326 -0.12954
0 -0.0355588 -0.0834632 -0.12731
0 -0.0349958 -0.0816566 -0.12441
0 -0.0344387 -0.0796497 -0.120915
0 -0.0338808 -0.0774924 -0.116949
0 -0.0333167 -0.075225 -0.112649
0 -0.0327482 -0.0728708 -0.108135
0 -0.03217 -0.0704346 -0.103536
0 -0.0315555 -0.0679229 -0.098979
0 -0.0308643 -0.0653675 -0.0945518
0 -0.0300617 -0.062802 -0.0903144
0 -0.0291238 -0.0602189 -0.0863098
0 -0.0280374 -0.057583 -0.0825496
0 -0.0268043 -0.0548749 -0.0790055
0 -0.0254361 -0.0520953 -0.0756447
0 -0.0239525 -0.0492498 -0.0724365
0 -0.02239 -0.046344 -0.0693324
0 -0.0207897 -0.0433824 -0.0662725
0 -0.0191821 -0.0403655 -0.0631908
0 -0.0175899 -0.0372952 -0.0600154
0 -0.0160286 -0.0341866 -0.0566781
0 -0.0145031 -0.0310662 -0.0531238
0 -0.0130102 -0.0279571 -0.0493155
0 -0.0115448 -0.0248675 -0.0452397
0 -0.0101078 -0.0217933 -0.0409087
0 -0.00870808 -0.0187254 -0.0363606
0 -0.00735807 -0.0156535 -0.0316483
0 -0.00606741 -0.0125682 -0.026827
0 -0.00484096 -0.00946461 -0.0219584
0 -0.00367841 -0.00634781 -0.0171114
0 -0.0025735 -0.00323789 -0.0123448
0 -0.00151341 -0.000169288 -0.00770086
0 -0.000480434 0.00281485 -0.00321709
0 0.000543272 0.00567079 0.00107047
0 0.00157033 0.00836157 0.00513166
0 0.0026047 0.0108616 0.00894105
0 0.00364079 0.0131579 0.0124725
0 0.00466397 0.0152493 0.0156977
0 0.00565269 0.017142 0.018589
0 0.00658211 0.018845 0.0211222
0 0.00742659 0.0203629 0.0232761
0 0.00816199 0.0216925 0.0250335
0 0.00876853 0.0228205 0.0263823
0 0.00923235 0.0237245 0.0273192
0 0.00954481 0.0243737 0.0278542
0 0.0096997 0.0247349 0.0280028
0 0.00968737 0.0247725 0.0277695
0 0.00950108 0.0244432 0.0271522
0 0.00914817 0.0237118 0.0261477
0 0.00863118 0.0225629 0.0247424
0 0.00793246 0.0209929 0.0229106
0 0.00703447 0.0190082 0.0206217
0 0.0059364 0.0166246 0.0178454
0 0.00464836 0.0138616 0.0145529
0 0.00318466 0.0107371 0.0107208
0 0.00156491 0.00726692 0.00633534
0 -0.000186909 0.00346282 0.00139293
0 -0.0020645 -0.000667584 -0.0041
0 -0.00407251 -0.00511653 -0.0101267
0 -0.00617519 -0.00987964 -0.0166606
0 -0.00830879 -0.0149679 -0.0236677
0 -0.0104377 -0.020368 -0.0311062
0 -0.0125731 -0.0259957 -0.0389237
0 -0.0147598 -0.0317447 -0.047057
0 -0.0170416 -0.0375458 -0.0554671
0 -0.0194358 -0.0433691 -0.0641142
0 -0.02193 -0.0492076 -0.0728768
0 -0.0244908 -0.0550526 -0.0816076
0 -0.02711 -0.060877 -0.0902132
0 -0.0298381 -0.0666414 -0.0986309
0 -0.0326765 -0.0723513 -0.106792
0 -0.0355209 -0.0780459 -0.114621
0 -0.0382696 -0.0836613 -0.122065
0 -0.0408612 -0.0890462 -0.129106
0 -0.0432737 -0.0940824 -0.135727
0 -0.0455515 -0.0986992 -0.141898
0 -0.04772 -0.10289 -0.1476
0 -0.0497054 -0.106691 -0.152816
0 -0.0514218 -0.110076 -0.157511
0 -0.052859 -0.112962 -0.161642
0 -0.0540309 -0.115326 -0.16518
0 -0.054914 -0.117213 -0.168112
0 -0.055474 -0.118641 -0.170427
0 -0.055706 -0.119574 -0.172104
0 -0.0556353 -0.119981 -0.173132
0 -0.0553051 -0.119865 -0.173513
0 -0.0547656 -0.119246 -0.173244
0 -0.0540551 -0.118135 -0.172311
0 -0.0531988 -0.116548 -0.170691
0 -0.0522222 -0.114514 -0.168372
0 -0.0511491 -0.11208 -0.165363
0 -0.0499949 -0.109294 -0.16168
0 -0.0487672 -0.1062 -0.15735
0 -0.0474704 -0.102828 -0.152422
0 -0.0461087 -0.0992051 -0.146968
0 -0.0446857 -0.0953626 -0.141076
0 -0.0432099 -0.0913261 -0.134835
0 -0.0416967 -0.0871113 -0.128327
0 -0.0401523 -0.0827492 -0.121631
0 -0.0385598 -0.0782782 -0.11482
0 -0.036895 -0.0737037 -0.107969
0 -0.0351424 -0.0690209 -0.101135
0 -0.0332914 -0.0642502 -0.0943468
0 -0.0313411 -0.0594355 -0.087625
0 -0.029305 -0.0546362 -0.0809896
0 -0.0272041 -0.0499132 -0.0744701
0 -0.0250618 -0.0453108 -0.0681066
0 -0.0228995 -0.0408474 -0.0619291
0 -0.0207353 -0.0365239 -0.0559641
0 -0.018587 -0.0323397 -0.0502434
0 -0.0164755 -0.0283036 -0.0447979
0 -0.0144257 -0.024434 -0.0396521
0 -0.0124643 -0.0207531 -0.0348245
0 -0.0106152 -0.0172814 -0.0303271
0 -0.00889546 -0.0140361 -0.026165
0 -0.00731453 -0.0110308 -0.0223372
0 -0.00587441 -0.00827632 -0.0188377
0 -0.00456995 -0.00577921 -0.0156561
0 -0.00339067 -0.00353926 -0.0127774
0 -0.00232381 -0.00154714 -0.010184
0 -0.0013574 0.000216301 -0.00785665
0 -0.000481204 0.00177854 -0.00577439
0 0.000314681 0.00317242 -0.00391375
0 0.00104199 0.00443268 -0.00224913
0 0.00171554 0.00559267 -0.000753731
0 0.00235157 0.00668136 0.000598679
0 0.00296442 0.00772131 0.00183221
0 0.00356498 0.0087289 0.00296882
0 0.00416093 0.00971574 0.00402914
0 0.00475671 0.0106889 0.00503368
0 0.00535212 0.0116493 0.00600061
0 0.00594046 0.0125905 0.0069399
0 0.00650805 0.0134986 0.00785333
0 0.00703532 0.0143537 0.00873752
0 0.00749761 0.0151307 0.00958156
0 0.00786539 0.0157997 0.010364
0 0.00810516 0.0163247 0.0110535
0 0.00818194 0.0166644 0.01161
0 0.00806262 0.0167725 0.0119861
0 0.0077291 0.0165994 0.0121278
0 0.00718895 0.0160968 0.0119751
0 0.00645785 0.0152217 0.011463
0 0.0055447 0.0139388 0.0105204
0 0.00446128 0.0122169 0.00907122
0 0.00322766 0.0100383 0.00703733
0 0.00186387 0.00741406 0.00434574
0 0.000385486 0.0043695 0.000938394
0 -0.00119193 0.000926707 -0.00321924
0 -0.0028511 -0.00288751 -0.00813612
0 -0.00458982 -0.00703708 -0.0137957
0 -0.00641685 -0.0114851 -0.0201536
0 -0.00830772 -0.0161993 -0.0271384
0 -0.0102079 -0.0211662 -0.0346591
0 -0.0120827 -0.0263936 -0.0426116
0 -0.0139409 -0.0318489 -0.0508833
0 -0.0158264 -0.0374248 -0.0593744
0 -0.0177905 -0.0430127 -0.0680186
0 -0.0198653 -0.0485658 -0.0767078
0 -0.0220535 -0.0540846 -0.0852646
0 -0.0243407 -0.0595786 -0.0935717
0 -0.0267136 -0.0650427 -0.101608
0 -0.0292261 -0.0704801 -0.109351
0 -0.0319891 -0.075922 -0.116737
0 -0.0349941 -0.0813644 -0.123718
0 -0.0380839 -0.0867318 -0.130292
0 -0.0410948 -0.0919385 -0.136476
0 -0.0439575 -0.0969188 -0.142263
0 -0.0467268 -0.10163 -0.147638
0 -0.0494698 -0.106075 -0.152614
0 -0.0521199 -0.110256 -0.157233
0 -0.054541 -0.114113 -0.161522
0 -0.0566851 -0.117577 -0.165463
0 -0.0585753 -0.120639 -0.16904
0 -0.0601914 -0.123323 -0.172257
0 -0.0614628 -0.125616 -0.175106
0 -0.0623364 -0.127466 -0.17756
0 -0.0628081 -0.128826 -0.1796
0 -0.0629049 -0.12968 -0.181214
0 -0.0626572 -0.130022 -0.182385
0 -0.0621022 -0.129841 -0.183088
0 -0.0613001 -0.129124 -0.183293
0 -0.060316 -0.127875 -0.182961
0 -0.0591993 -0.126129 -0.182036
0 -0.0579852 -0.123952 -0.180454
0 -0.0567048 -0.121421 -0.17815
0 -0.0553893 -0.118607 -0.175084
0 -0.0540651 -0.115567 -0.17126
0 -0.052745 -0.112349 -0.166723
0 -0.0514357 -0.108977 -0.161532
0 -0.0501511 -0.105457 -0.155775
0 -0.0489062 -0.10179 -0.149581
0 -0.0477079 -0.0979783 -0.143078
0 -0.0465415 -0.0940265 -0.136377
0 -0.0453644 -0.0899666 -0.129588
0 -0.0441257 -0.0858325 -0.122822
0 -0.0427795 -0.0816213 -0.11617
0 -0.0412833 -0.0773216 -0.109666
0 -0.0396007 -0.0729427 -0.103308
0 -0.0377126 -0.0685095 -0.0971009
0 -0.0356208 -0.0640552 -0.091063
0 -0.033345 -0.0596092 -0.0852084
0 -0.0309159 -0.0551807 -0.0795444
0 -0.0283656 -0.0507554 -0.0740679
0 -0.0257207 -0.0463125 -0.0687648
0 -0.0230034 -0.0418442 -0.0636182
0 -0.0202351 -0.037364 -0.058612
0 -0.0174408 -0.0328998 -0.0537245
0 -0.0146549 -0.0284802 -0.0489289
0 -0.0119245 -0.0241266 -0.044201
0 -0.00930207 -0.0198572 -0.0395223
0 -0.00683455 -0.0156949 -0.0348794
0 -0.00455515 -0.0116723 -0.0302649
0 -0.00248537 -0.0078295 -0.0256799
0 -0.000641342 -0.00420815 -0.0211351
0 0.000960808 -0.000846943 -0.016649
0 0.00230279 0.00221874 -0.0122493
0 0.00336528 0.00495437 -0.00797394
0 0.00413095 0.00732465 -0.00387129
0 0.00458714 0.00929398 6.8854e-07
0 0.00472788 0.0108283 0.0035767
0 0.00456073 0.0118965 0.00678559
0 0.00411632 0.0124737 0.00955078
0 0.00345228 0.0125467 0.0117904
0 0.0026326 0.0121212 0.0134194
0 0.00169297 0.0112214 0.0143526
0 0.000650366 0.00988315 0.0145099
0 -0.000465371 0.00813662 0.0138178
0 -0.00161575 0.00600081 0.0122099
0 -0.00277345 0.00352706 0.00963251
0 -0.00392357 0.000803954 0.0060857
0 -0.00505212 -0.00212115 0.00163785
0 -0.00614517 -0.00526148 -0.00363306
0 -0.00720309 -0.00863587 -0.00964091
0 -0.00825024 -0.0122439 -0.0162463
0 -0.00931403 -0.0160921 -0.0232806
0 -0.0104083 -0.0202143 -0.0305982
0 -0.0115516 -0.0246058 -0.0381136
0 -0.0127703 -0.0291656 -0.0457227
0 -0.0140835 -0.0337586 -0.053217
0 -0.0154983 -0.0382839 -0.0604203
0 -0.0170064 -0.0426829 -0.0672736
0 -0.0185827 -0.0469226 -0.0737426
0 -0.0201913 -0.0509688 -0.0797618
0 -0.0217937 -0.0547659 -0.0852438
0 -0.0233505 -0.0582386 -0.0901206
0 -0.0248159 -0.0613114 -0.0943601
0 -0.0261341 -0.0639287 -0.0979369
0 -0.0272456 -0.0660608 -0.100808
0 -0.028099 -0.0676925 -0.10293
0 -0.0286631 -0.0688167 -0.104289
0 -0.028933 -0.0694141 -0.104892
0 -0.0289136 -0.0694295 -0.104737
0 -0.0285935 -0.0688197 -0.103822
0 -0.0279657 -0.067595 -0.102166
0 -0.0270623 -0.0657767 -0.0998034
0 -0.0259386 -0.063383 -0.0967605
0 -0.0246419 -0.0604544 -0.0930601
0 -0.0232037 -0.0570539 -0.0887314
0 -0.0216458 -0.0532558 -0.0838084
0 -0.0199959 -0.0491433 -0.0783315
0 -0.0183051 -0.0448007 -0.0723549
0 -0.016642 -0.0403089 -0.0659529
0 -0.0150424 -0.0357712 -0.0592202
0 -0.0134954 -0.0312907 -0.0522669
0 -0.0119933 -0.0268988 -0.0452283
0 -0.0105574 -0.0225849 -0.0382533
0 -0.00921838 -0.018367 -0.0314335
0 -0.00799355 -0.0142973 -0.0247998
0 -0.00687743 -0.0104411 -0.0184174
0 -0.00585057 -0.00685801 -0.0124005
0 -0.00489257 -0.00358884 -0.00684228
0 -0.00399049 -0.000652708 -0.00178473
0 -0.00314158 0.00194737 0.00274847
0 -0.00234955 0.00421482 0.00671475
0 -0.00162062 0.00615034 0.0100607
0 -0.000963795 0.00774887 0.0127506
0 -0.000391418 0.00900479 0.0147721
0 8.20635e-05 0.00991925 0.0161219
0 0.000441599 0.0105026 0.0167954
0 0.000674728 0.0107731 0.016808
0 0.000775059 0.0107369 0.0162064
0 0.000745743 0.0103699 0.0150376
0 0.000594449 0.0096411 0.0133458
0 0.000319007 0.00854155 0.0111926
0 -9.22038e-05 0.00708041 0.00864535
0 -0.000648753 0.00527435 0.00575766
0 -0.00135653 0.00314472 0.0025716
0 -0.0022216 0.000720035 -0.000875529
0 -0.00324815 -0.00196172 -0.00455202
0 -0.00443039 -0.0048573 -0.00843334
0 -0.00574777 -0.00792769 -0.0124981
0 -0.00717324 -0.0111465 -0.0167249
0 -0.00869149 -0.0145018 -0.0210937
0 -0.0102807 -0.017974 -0.0255866
0 -0.0118802 -0.0215181 -0.0301856
0 -0.0134205 -0.0250833 -0.0348757
0 -0.0148637 -0.0286279 -0.0396475
0 -0.0162043 -0.0321135 -0.0444852
0 -0.0174557 -0.0355103 -0.0493552
0 -0.0186303 -0.038797 -0.0542213
0 -0.0197261 -0.041948 -0.0590428
0 -0.0207309 -0.0449304 -0.0637685
0 -0.0216374 -0.047716 -0.0683474
0 -0.0224533 -0.0502932 -0.0727274
0 -0.023197 -0.0526649 -0.0768538
0 -0.0238847 -0.0548378 -0.0806786
0 -0.0245239 -0.0568144 -0.0841625
0 -0.0251129 -0.0585906 -0.0872673
0 -0.0256439 -0.0601569 -0.0899563
0 -0.0261059 -0.0614988 -0.0921984
0 -0.0264882 -0.062598 -0.0939683
0 -0.0267834 -0.0634334 -0.0952448
0 -0.0269885 -0.0639824 -0.0960106
0 -0.0270873 -0.0642215 -0.0962524
0 -0.0270467 -0.064123 -0.0959612
0 -0.0268477 -0.0636537 -0.0951351
0 -0.0264922 -0.0627868 -0.0937814
0 -0.0259753 -0.0615122 -0.0919117
0 -0.0252854 -0.0598312 -0.0895383
0 -0.0244191 -0.0577501 -0.0866753
0 -0.0233797 -0.0552817 -0.0833393
0 -0.0221734 -0.0524476 -0.079548
0 -0.0208114 -0.0492755 -0.0753187
0 -0.0193071 -0.0457934 -0.0706682
0 -0.017677 -0.0420265 -0.0656155
0 -0.0159645 -0.0380013 -0.0601848
0 -0.0142318 -0.0337643 -0.0544089
0 -0.0124993 -0.0293849 -0.0483302
0 -0.0107488 -0.0249107 -0.0419998
0 -0.00897775 -0.0203503 -0.0354841
0 -0.00720665 -0.0157156 -0.028847
0 -0.0054541 -0.0110465 -0.0221148
0 -0.00372242 -0.00639944 -0.0153022
0 -0.00200209 -0.00182877 -0.00845563
0 -0.000282577 0.00262881 -0.00164793
0 0.00144163 0.00695805 0.00505258
0 0.00316728 0.0111561 0.0115972
0 0.00488174 0.0152211 0.0179391
0 0.00656948 0.0191453 0.0240193
0 0.0082173 0.0229139 0.0297824
0 0.00981259 0.0265083 0.0351933
0 0.0113416 0.0299095 0.0402309
0 0.0127904 0.0330993 0.044875
0 0.0141463 0.036059 0.0491032
0 0.015398 0.0387665 0.0528961
0 0.016535 0.0411967 0.0562413
0 0.0175475 0.0433248 0.0591324
0 0.0184256 0.0451297 0.0615657
0 0.0191527 0.0465961 0.0635384
0 0.0197014 0.0477135 0.0650479
0 0.0200642 0.0484742 0.0660917
0 0.0202635 0.0488745 0.0666668
0 0.0203024 0.0489178 0.0667704
0 0.0201598 0.048613 0.0664043
0 0.019839 0.0479662 0.0655749
0 0.0193614 0.0469795 0.0642868
0 0.018739 0.0456558 0.0625474
0 0.0179915 0.044004 0.0603715
0 0.0171527 0.0420453 0.0577768
0 0.0162431 0.0398093 0.0547811
0 0.0152651 0.0373235 0.0514021
0 0.014221 0.0346146 0.0476603
0 0.0131153 0.0317134 0.0435817
0 0.0119501 0.0286522 0.0391978
0 0.0107264 0.0254572 0.0345476
0 0.00943711 0.0221481 0.0296783
0 0.00807459 0.0187344 0.0246431
0 0.00666293 0.0152121 0.0194953
0 0.00524313 0.0115934 0.0142851
0 0.00383693 0.00792539 0.00905703
0 0.00244894 0.00425832 0.00384589
0 0.00107604 0.000623736 -0.00133041
0 -0.000290487 -0.00295984 -0.00644809
0 -0.00165731 -0.00648099 -0.0114638
0 -0.00302189 -0.00992494 -0.0163493
0 -0.00437673 -0.0132637 -0.0210871
0 -0.00571623 -0.016463 -0.0256455
0 -0.00703846 -0.0195018 -0.0300011
0 -0.00834518 -0.0223825 -0.0341445
0 -0.00963714 -0.0251241 -0.0380602
0 -0.0109108 -0.0277456 -0.0417313
0 -0.0121589 -0.0302534 -0.0451507
0 -0.0133714 -0.0326428 -0.0483156
0 -0.0145372 -0.0349056 -0.0512229
0 -0.0156471 -0.0370346 -0.0538742
0 -0.0166946 -0.0390232 -0.0562777
0 -0.0176747 -0.040863 -0.058443
0 -0.0185831 -0.042542 -0.0603788
0 -0.0194148 -0.0440462 -0.0620928
0 -0.020164 -0.0453625 -0.063592
0 -0.0208235 -0.0464827 -0.0648828
0 -0.0213851 -0.0474048 -0.0659709
0 -0.0218397 -0.0481327 -0.06686
0 -0.0221779 -0.0486729 -0.0675511
0 -0.0223914 -0.0490314 -0.068043
0 -0.0224731 -0.0492101 -0.0683314
0 -0.0224177 -0.0492041 -0.0684078
0 -0.0222255 -0.0490029 -0.0682611
0 -0.0219058 -0.0485935 -0.0678797
0 -0.0214739 -0.0479645 -0.0672523
0 -0.0209492 -0.0471084 -0.0663662
0 -0.0203529 -0.0460249 -0.0652068
0 -0.0197017 -0.0447227 -0.0637577
0 -0.0190026 -0.0432164 -0.0620016
0 -0.0182554 -0.0415234 -0.0599253
0 -0.0174596 -0.0396617 -0.057522
0 -0.0166162 -0.0376477 -0.0547941
0 -0.0157268 -0.0354938 -0.0517548
0 -0.0147927 -0.033208 -0.0484286
0 -0.0138187 -0.0307953 -0.0448505
0 -0.012812 -0.0282599 -0.0410624
0 -0.0117823 -0.0256079 -0.0371094
0 -0.0107465 -0.022849 -0.033035
0 -0.00971425 -0.0200028 -0.0288784
0 -0.0086669 -0.0171046 -0.0246759
0 -0.00757891 -0.0141805 -0.0204678
0 -0.00644107 -0.0112275 -0.0162849
0 -0.0052562 -0.00824208 -0.0121252
0 -0.00403803 -0.00524166 -0.00798749
0 -0.00280927 -0.00225684 -0.00390397
0 -0.00158729 0.000675949 9.24522e-05
0 -0.000375112 0.00352665 0.00399201
0 0.000830071 0.00628342 0.00778659
0 0.00202474 0.00894512 0.0114573
0 0.00319764 0.0115041 0.0149845
0 0.00433623 0.0139434 0.0183527
0 0.00543056 0.0162487 0.0215466
0 0.00647096 0.018418 0.0245486
0 0.00744679 0.0204567 0.0273446
0 0.00834933 0.0223666 0.0299266
0 0.00917311 0.0241394 0.0322894
0 0.00991421 0.0257583 0.0344267
0 0.0105675 0.0272032 0.0363307
0 0.0111256 0.0284542 0.0379939
0 0.0115807 0.0294949 0.0394087
0 0.0119267 0.0303126 0.0405668
0 0.0121598 0.0308986 0.0414587
0 0.0122773 0.0312469 0.0420742
0 0.0122774 0.0313543 0.0424023
0 0.0121618 0.031221 0.0424316
0 0.0119374 0.0308507 0.0421509
0 0.0116127 0.0302519 0.0415506
0 0.0111984 0.0294366 0.0406249
0 0.010708 0.0284134 0.039372
0 0.0101551 0.0271886 0.0377926
0 0.00955086 0.0257718 0.0358912
0 0.00890259 0.0241755 0.0336786
0 0.00821418 0.0224123 0.0311711
0 0.00748619 0.020494 0.0283889
0 0.00671682 0.0184318 0.0253557
0 0.00590281 0.0162368 0.0220995
0 0.00504102 0.0139212 0.0186525
0 0.00413034 0.0114968 0.0150492
0 0.00316912 0.00897535 0.0113254
0 0.00214669 0.00636572 0.00751746
0 0.00105665 0.00366662 0.00365989
0 -7.92912e-05 0.000884698 -0.000215927
0 -0.00122742 -0.00193799 -0.00408284
0 -0.00236506 -0.00474682 -0.00792043
0 -0.00347926 -0.00750554 -0.0117068
0 -0.00456548 -0.0101946 -0.0154132
0 -0.00562484 -0.0128036 -0.019021
0 -0.00665239 -0.0153226 -0.0225191
0 -0.00763189 -0.0177322 -0.025889
0 -0.00854615 -0.0200079 -0.029112
0 -0.00938772 -0.022134 -0.0321742
0 -0.0101569 -0.0241068 -0.0350577
0 -0.0108568 -0.0259237 -0.0377417
0 -0.0114898 -0.0275744 -0.0402083
0 -0.0120543 -0.0290439 -0.0424399
0 -0.0125452 -0.0303207 -0.0444174
0 -0.0129591 -0.031401 -0.0461229
0 -0.0132961 -0.0322868 -0.0475413
0 -0.013559 -0.0329816 -0.0486613
0 -0.0137508 -0.0334879 -0.0494748
0 -0.0138736 -0.033806 -0.049977
0 -0.0139269 -0.0339351 -0.0501663
0 -0.0139071 -0.0338738 -0.0500449
0 -0.0138111 -0.0336208 -0.0496195
0 -0.0136425 -0.0331767 -0.048902
0 -0.0134063 -0.0325436 -0.0479075
0 -0.0131004 -0.0317222 -0.0466515
0 -0.0127174 -0.0307126 -0.0451484
0 -0.012252 -0.0295172 -0.0434123
0 -0.0117024 -0.0281425 -0.0414581
0 -0.0110697 -0.0265981 -0.0393011
0 -0.0103563 -0.0248954 -0.0369571
0 -0.00956835 -0.0230484 -0.0344423
0 -0.00871743 -0.0210745 -0.031775
0 -0.00781955 -0.0189948 -0.0289753
0 -0.00689161 -0.0168324 -0.0260639
0 -0.00595011 -0.0146107 -0.0230618
0 -0.00501518 -0.012354 -0.0199901
0 -0.00411356 -0.0100923 -0.0168716
0 -0.00326142 -0.00786284 -0.0137322
0 -0.00244878 -0.00569335 -0.0106042
0 -0.00166048 -0.00358706 -0.00751642
0 -0.000897393 -0.00154085 -0.00448233
0 -0.000172934 0.000435017 -0.00151975
0 0.000498369 0.00231823 0.00133377
0 0.00111155 0.00408481 0.00404104
0 0.00167286 0.00572248 0.00657807
0 0.00219047 0.00723319 0.00892507
0 0.00266636 0.00861914 0.0110609
0 0.00309804 0.00987101 0.0129674
0 0.00348467 0.0109735 0.0146318
0 0.00382852 0.0119182 0.0160445
0 0.00413139 0.0127071 0.0171983
0 0.00439178 0.0133443 0.0180899
0 0.00460531 0.0138291 0.0187202
0 0.00476684 0.0141565 0.0190931
0 0.00487199 0.0143228 0.0192143
0 0.00491757 0.0143293 0.019094
0 0.00490235 0.0141809 0.0187454
0 0.00482619 0.0138805 0.018183
0 0.00468742 0.0134281 0.0174222
0 0.00448482 0.012828 0.0164804
0 0.00422167 0.0120916 0.0153773
0 0.00390448 0.0112347 0.0141324
0 0.00353805 0.0102704 0.0127622
0 0.00312292 0.00920765 0.0112782
0 0.00265812 0.00805418 0.00968807
0 0.00214593 0.00681891 0.0079994
0 0.00159382 0.00551243 0.0062219
0 0.00101287 0.0041464 0.0043676
0 0.000415214 0.00273349 0.00244967
0 -0.00018748 0.00128759 0.000481353
0 -0.000785385 -0.000176545 -0.00152409
0 -0.00137186 -0.00164442 -0.00355306
0 -0.00194671 -0.00310351 -0.00559144
0 -0.00251498 -0.00454653 -0.00762555
0 -0.00307496 -0.00596916 -0.00964255
0 -0.00361611 -0.00735874 -0.0116307
0 -0.00413109 -0.00869536 -0.0135796
0 -0.00461974 -0.00996604 -0.015473
0 -0.00508561 -0.011169 -0.0172883
0 -0.00553173 -0.0123074 -0.0190069
0 -0.00595609 -0.0133826 -0.0206132
0 -0.00635313 -0.0143902 -0.0220917
0 -0.00672034 -0.0153237 -0.0234309
0 -0.00706006 -0.0161789 -0.024625
0 -0.00737408 -0.0169533 -0.0256702
0 -0.00765992 -0.0176406 -0.0265639
0 -0.00791273 -0.0182299 -0.0273054
0 -0.00812872 -0.0187116 -0.0278965
0 -0.00830603 -0.0190822 -0.0283401
0 -0.00844393 -0.0193435 -0.0286414
0 -0.00854198 -0.0195003 -0.0288074
0 -0.00859958 -0.0195578 -0.0288458
0 -0.00861618 -0.0195221 -0.0287637
0 -0.00859186 -0.0194007 -0.0285684
0 -0.00852732 -0.0192016 -0.0282673
0 -0.00842332 -0.0189303 -0.0278672
0 -0.00828134 -0.0185896 -0.0273744
0 -0.00810391 -0.018181 -0.0267954
0 -0.00789394 -0.0177064 -0.0261356
0 -0.0076539 -0.0171671 -0.0253995
0 -0.00738447 -0.0165628 -0.0245886
0 -0.00708346 -0.0158909 -0.0237011
0 -0.00674747 -0.0151486 -0.0227328
0 -0.0063761 -0.0143361 -0.0216813
0 -0.00597479 -0.0134596 -0.0205488
0 -0.00555318 -0.0125291 -0.0193419
0 -0.00512127 -0.0115559 -0.0180679
0 -0.00468711 -0.0105513 -0.0167345
0 -0.00425725 -0.00952655 -0.0153498
0 -0.00383695 -0.00849365 -0.0139238
0 -0.00343041 -0.00746406 -0.0124685
0 -0.00304244 -0.00644753 -0.0109972
0 -0.00267454 -0.00545273 -0.00952244
0 -0.00232033 -0.00448485 -0.00805425
0 -0.0019707 -0.00353969 -0.00660193
0 -0.0016224 -0.00260782 -0.00517788
0 -0.00127816 -0.00168803 -0.00379655
0 -0.000941157 -0.000789023 -0.00247241
0 -0.00061263 8.02227e-05 -0.00121791
0 -0.000292422 0.000914917 -4.12784e-05
0 1.93299e-05 0.00171077 0.00105165
0 0.000319916 0.00245949 0.00205548
0 0.000603938 0.00314932 0.00296537
0 0.000865358 0.00376925 0.00377705
0 0.00109855 0.00431191 0.0044868
0 0.00129769 0.00477218 0.00509146
0 0.00145663 0.00514454 0.00558776
0 0.00156996 0.00542296 0.00597184
0 0.0016341 0.00560283 0.0062396
0 0.00164768 0.00568173 0.00638701
0 0.00161131 0.00565832 0.00641007
0 0.00152742 0.00553149 0.00630469
0 0.00139968 0.00530111 0.00606682
0 0.00123193 0.004969 0.00569295
0 0.00102805 0.00453871 0.00518041
0 0.000791975 0.00401463 0.00452751
0 0.00052717 0.00340162 0.00373398
0 0.000236359 0.00270521 0.00280168
0 -7.77215e-05 0.00193199 0.00173552
0 -0.000411437 0.00108972 0.000544171
0 -0.000760575 0.000186856 -0.000760245
0 -0.00112146 -0.000768161 -0.00216298
0 -0.0014917 -0.00176684 -0.00364734
0 -0.00186991 -0.0028002 -0.00519476
0 -0.00225475 -0.00385956 -0.00678516
0 -0.00264761 -0.00493828 -0.0083991
0 -0.00305335 -0.00603303 -0.0100197
0 -0.00347371 -0.0071407 -0.0116331
0 -0.00390465 -0.00824973 -0.0132287
0 -0.00434048 -0.00934207 -0.0147934
0 -0.00477773 -0.0104067 -0.0163102
0 -0.00521361 -0.0114412 -0.0177652
0 -0.00564276 -0.0124423 -0.0191475
0 -0.00605686 -0.0134004 -0.0204456
0 -0.00644621 -0.0143031 -0.0216505
0 -0.00680394 -0.0151409 -0.0227571
0 -0.00712834 -0.0159086 -0.0237633
0 -0.00741994 -0.0166014 -0.0246689
0 -0.0076772 -0.0172121 -0.0254732
0 -0.00789594 -0.0177326 -0.0261733
0 -0.0080717 -0.0181567 -0.0267649
0 -0.00820154 -0.018482 -0.0272427
0 -0.00828478 -0.0187082 -0.0276021
0 -0.00832313 -0.0188375 -0.0278404
0 -0.00832031 -0.0188741 -0.0279572
0 -0.0082811 -0.0188238 -0.027952
0 -0.00820975 -0.018692 -0.0278244
0 -0.00810863 -0.0184818 -0.0275731
0 -0.00797837 -0.0181943 -0.027197
0 -0.0078187 -0.0178295 -0.0266965
0 -0.00762973 -0.0173877 -0.0260741
0 -0.00741232 -0.01687 -0.0253347
0 -0.00716726 -0.0162774 -0.0244845
0 -0.00689464 -0.015611 -0.0235304
0 -0.00659413 -0.014873 -0.0224803
0 -0.00626555 -0.0140671 -0.0213422
0 -0.00590954 -0.0131982 -0.0201251
0 -0.00552859 -0.0122738 -0.0188391
0 -0.00512749 -0.011304 -0.0174966
0 -0.00471297 -0.010301 -0.0161112
0 -0.00429169 -0.00927709 -0.0146962
0 -0.00386762 -0.00824357 -0.0132626
0 -0.00344559 -0.00720882 -0.0118195
0 -0.00303218 -0.00618053 -0.0103748
0 -0.00262861 -0.00516645 -0.00893576
0 -0.00223224 -0.00416984 -0.00750959
0 -0.00184336 -0.00319011 -0.00610608
0 -0.00146756 -0.00223173 -0.00473906
0 -0.00111312 -0.001307 -0.00342323
0 -0.000786635 -0.000430885 -0.00217247
0 -0.00049107 0.00038413 -0.000999301
0 -0.000226228 0.00112938 8.5165e-05
0 9.30251e-06 0.0017982 0.00107137
0 0.000217178 0.00238522 0.00195217
0 0.000399617 0.0028881 0.00272224
0 0.00055853 0.00330819 0.00337616
0 0.00069342 0.0036481 0.00390772
0 0.000800951 0.00390897 0.00431069
0 0.000877338 0.0040906 0.00458057
0 0.000921295 0.00419345 0.0047166
0 0.000934896 0.00421972 0.0047224
0 0.00092192 0.00417226 0.004605
0 0.00088488 0.0040521 0.004372
0 0.00082261 0.00385667 0.00402876
0 0.000730637 0.00358149 0.00357879
0 0.000604382 0.00322394 0.00302606
0 0.00044222 0.00278547 0.00237666
0 0.000245758 0.00227129 0.00163901
0 1.81548e-05 0.00168873 0.000822344
0 -0.000237133 0.00104599 -6.477e-05
0 -0.000516306 0.000351952 -0.00101456
0 -0.000814559 -0.000383704 -0.00201898
0 -0.00112553 -0.00115011 -0.0030685
0 -0.00144154 -0.00193515 -0.00415174
0 -0.00175498 -0.00272601 -0.00525595
0 -0.00205903 -0.00351062 -0.00636783
0 -0.0023481 -0.00427881 -0.0074746
0 -0.0026217 -0.00502377 -0.00856571
0 -0.00288521 -0.00574395 -0.00963291
0 -0.00314255 -0.00643986 -0.0106696
0 -0.00339409 -0.00710893 -0.0116701
0 -0.00364015 -0.00774665 -0.0126267
0 -0.00388071 -0.00835045 -0.0135298
0 -0.00411433 -0.00892024 -0.0143693
0 -0.00433817 -0.00945545 -0.0151374
0 -0.00454931 -0.00995363 -0.015829
0 -0.00474646 -0.0104117 -0.0164405
0 -0.00492999 -0.0108278 -0.0169715
0 -0.0051017 -0.0112019 -0.0174273
0 -0.00526489 -0.0115369 -0.0178166
0 -0.00542313 -0.0118363 -0.018149
0 -0.00557819 -0.0121043 -0.0184341
0 -0.00572892 -0.0123452 -0.0186809
0 -0.00587147 -0.0125631 -0.0188969
0 -0.0060006 -0.0127605 -0.0190874
0 -0.0061114 -0.0129383 -0.0192571
0 -0.00620075 -0.0130968 -0.0194109
0 -0.0062675 -0.013235 -0.0195531
0 -0.00631161 -0.0133507 -0.0196862
0 -0.00633358 -0.0134401 -0.0198101
0 -0.00633482 -0.0134994 -0.019923
0 -0.00631827 -0.0135271 -0.0200222
0 -0.00628839 -0.0135251 -0.0201045
0 -0.00625033 -0.0134977 -0.0201665
0 -0.00620845 -0.0134505 -0.0202035
0 -0.00616492 -0.0133885 -0.0202093
0 -0.00612009 -0.013315 -0.020178
0 -0.00607387 -0.0132321 -0.020105
0 -0.00602568 -0.0131392 -0.0199865
0 -0.00597311 -0.0130319 -0.0198197
0 -0.0059111 -0.0129013 -0.0196009
0 -0.00583312 -0.0127356 -0.0193261
0 -0.00573359 -0.0125234 -0.0189921
0 -0.00560999 -0.0122564 -0.0185988
0 -0.00546285 -0.0119313 -0.0181484
0 -0.0052939 -0.0115486 -0.017643
0 -0.00510457 -0.0111118 -0.0170839
0 -0.00489592 -0.0106263 -0.0164715
0 -0.00466871 -0.0100989 -0.0158059
0 -0.00442335 -0.00953559 -0.0150865
0 -0.00416008 -0.0089412 -0.0143125
0 -0.00388 -0.00831886 -0.0134842
0 -0.00358637 -0.00767051 -0.0126042
0 -0.00328549 -0.00699702 -0.011677
0 -0.00298453 -0.00629961 -0.0107075
0 -0.00268704 -0.00558184 -0.00970264
0 -0.00239451 -0.00484801 -0.00866836
0 -0.00210838 -0.00410177 -0.00760888
0 -0.00182726 -0.0033474 -0.00653128
0 -0.00154898 -0.0025903 -0.00544525
0 -0.00127442 -0.00183857 -0.00436058
0 -0.00100611 -0.00110263 -0.00328836
0 -0.00074628 -0.000392354 -0.00224154
0 -0.000496641 0.000284704 -0.00123285
0 -0.000259027 0.000923314 -0.000274177
0 -3.62412e-05 0.00151902 0.000622881
0 0.000168486 0.00206745 0.00144758
0 0.000352813 0.00256459 0.0021905
0 0.000514786 0.00300604 0.00284286
0 0.000651225 0.00338544 0.00339563
0 0.000758002 0.00369442 0.00384012
0 0.000832422 0.00392489 0.00416977
0 0.000874994 0.00407174 0.00438159
0 0.000888564 0.00413348 0.0044757
0 0.000875674 0.00411079 0.00445327
0 0.000836509 0.00400467 0.00431479
0 0.000768703 0.00381591 0.0040596
0 0.000668917 0.00354573 0.00368721
0 0.000535303 0.00319698 0.00319936
0 0.000368716 0.00277424 0.00260087
0 0.000171969 0.00228266 0.00189879
0 -5.12805e-05 0.00172715 0.00110135
0 -0.000296805 0.00111274 0.000217842
0 -0.000559658 0.000445764 -0.000740947
0 -0.000834527 -0.000265628 -0.00176281
0 -0.00111666 -0.00101182 -0.00283488
0 -0.00140277 -0.00178267 -0.00394448
0 -0.00169202 -0.00256864 -0.00507986
0 -0.00198547 -0.00336237 -0.00623069
0 -0.00228424 -0.00415888 -0.00738807
0 -0.00259046 -0.00495514 -0.00854397
0 -0.00290724 -0.00575059 -0.00969028
0 -0.00323358 -0.00654395 -0.0108188
0 -0.00356354 -0.00732947 -0.0119224
0 -0.00389071 -0.0080997 -0.0129946
0 -0.00421019 -0.0088495 -0.0140271
0 -0.00451872 -0.009575 -0.0150131
0 -0.00481376 -0.010271 -0.0159488
0 -0.00509279 -0.0109311 -0.0168312
0 -0.00535403 -0.0115493 -0.0176572
0 -0.00559587 -0.0121198 -0.0184233
0 -0.00581579 -0.0126379 -0.0191265
0 -0.00601095 -0.0131003 -0.019764
0 -0.0061793 -0.013504 -0.0203318
0 -0.0063186 -0.0138456 -0.0208241
0 -0.00642493 -0.0141211 -0.0212343
0 -0.00649368 -0.0143253 -0.0215548
0 -0.00652176 -0.0144531 -0.0217771
0 -0.00650943 -0.0145001 -0.0218947
0 -0.00646073 -0.0144652 -0.0219047
0 -0.00638224 -0.0143508 -0.0218072
0 -0.00628065 -0.0141611 -0.0216029
0 -0.00616004 -0.0139002 -0.0212916
0 -0.00602014 -0.0135704 -0.0208714
0 -0.00585762 -0.0131731 -0.0203404
0 -0.00566966 -0.0127104 -0.019699
0 -0.00545637 -0.0121861 -0.0189524
0 -0.00522054 -0.0116052 -0.0181098
0 -0.00496599 -0.0109731 -0.0171829
0 -0.00469608 -0.0102945 -0.0161844
0 -0.00441355 -0.00957474 -0.0151273
0 -0.00412047 -0.00882012 -0.0140247
0 -0.00381835 -0.00803831 -0.0128897
0 -0.00351013 -0.00723735 -0.0117351
0 -0.00320103 -0.0064272 -0.0105729
0 -0.00289517 -0.00562053 -0.00941428
0 -0.0025952 -0.00482816 -0.00827078
0 -0.0023051 -0.00405765 -0.00715606
0 -0.00202819 -0.00331622 -0.00608472
0 -0.00176714 -0.0026137 -0.00506965
0 -0.00152527 -0.00196062 -0.00412182
0 -0.00130372 -0.0013634 -0.00324962
0 -0.00110061 -0.000823257 -0.00245802
0 -0.000913078 -0.000338866 -0.0017501
0 -0.000739537 9.0472e-05 -0.00112879
0 -0.000581241 0.000464206 -0.000597231
0 -0.000442619 0.000780995 -0.000159052
0 -0.000329624 0.00103791 0.000181493
0 -0.000247842 0.00122947 0.000419919
0 -0.000201821 0.00134836 0.000552662
0 -0.000194142 0.00138795 0.000578518
0 -0.000223555 0.00134481 0.000499705
0 -0.000284661 0.00121992 0.000321327
0 -0.000370688 0.00101777 4.95366e-05
0 -0.000476737 0.000744788 -0.000309812
0 -0.000600347 0.000409111 -0.000751618
0 -0.000740152 2.06124e-05 -0.00127102
0 -0.000894847 -0.000410002 -0.00186225
0 -0.00106284 -0.00087252 -0.00251799
0 -0.00124211 -0.0013583 -0.00322931
0 -0.00143052 -0.00186118 -0.00398626
0 -0.00162659 -0.00237829 -0.00477908
0 -0.00183017 -0.00290988 -0.0055989
0 -0.00204151 -0.00345808 -0.00643751
0 -0.00226025 -0.00402468 -0.00728715
0 -0.00248585 -0.00460863 -0.00814034
0 -0.00271827 -0.00520685 -0.00898929
0 -0.00295735 -0.00581521 -0.00982666
0 -0.00320018 -0.00642541 -0.0106463
0 -0.00344194 -0.00702588 -0.0114429
0 -0.00368001 -0.0076064 -0.0122128
0 -0.0039133 -0.00816002 -0.0129535
0 -0.00413915 -0.00868219 -0.0136613
0 -0.00435322 -0.00916916 -0.0143323
0 -0.00455126 -0.00961826 -0.0149629
0 -0.00473071 -0.0100289 -0.0155487
0 -0.00488975 -0.0104009 -0.016085
0 -0.00502534 -0.010733 -0.0165662
0 -0.00513438 -0.0110218 -0.016987
0 -0.00521627 -0.0112634 -0.0173429
0 -0.00527276 -0.0114542 -0.0176297
0 -0.00530628 -0.0115909 -0.0178442
0 -0.00531911 -0.011671 -0.0179845
0 -0.00531374 -0.011694 -0.0180496
0 -0.00529234 -0.0116608 -0.0180378
0 -0.00525585 -0.0115738 -0.0179478
0 -0.00520371 -0.0114362 -0.0177789
0 -0.00513461 -0.0112512 -0.0175314
0 -0.00504762 -0.0110224 -0.0172072
0 -0.0049427 -0.0107524 -0.01681
0 -0.00482039 -0.0104433 -0.0163448
0 -0.00468162 -0.0100965 -0.0158183
0 -0.00452789 -0.00971321 -0.0152386
0 -0.00436117 -0.00929494 -0.0146139
0 -0.00418297 -0.00884422 -0.0139516
0 -0.00399396 -0.00836436 -0.0132591
0 -0.0037945 -0.00785906 -0.0125425
0 -0.00358455 -0.00733177 -0.0118062
0 -0.00336452 -0.00678634 -0.0110543
0 -0.00313548 -0.00622721 -0.010289
0 -0.0028968 -0.00565731 -0.00951094
0 -0.00264921 -0.00507819 -0.00872352
0 -0.00239889 -0.0044935 -0.00793121
0 -0.00215216 -0.00390899 -0.0071388
0 -0.00191119 -0.00332943 -0.006352
0 -0.00167885 -0.00275996 -0.00557659
0 -0.00146051 -0.00220786 -0.00481788
0 -0.00125927 -0.00168021 -0.00408077
0 -0.00107365 -0.00118153 -0.0033694
0 -0.000900397 -0.00071373 -0.00268735
0 -0.000737202 -0.000277312 -0.00203823
0 -0.000583206 0.000127455 -0.00142633
0 -0.000438504 0.000500846 -0.00085653
0 -0.000303602 0.000844017 -0.000333994
0 -0.000179705 0.00115763 0.000135922
0 -6.92904e-05 0.0014401 0.000547675
0 2.46281e-05 0.00168775 0.000896323
0 0.000100178 0.00189606 0.00117843
0 0.000157123 0.00206057 0.00139209
0 0.000195723 0.00217673 0.00153629
0 0.000215629 0.00224004 0.0016102
0 0.00021591 0.00224688 0.00161305
0 0.000195753 0.00219562 0.00154444
0 0.000155062 0.00208739 0.0014048
0 9.41843e-05 0.00192552 0.00119536
0 1.29637e-05 0.00171385 0.000917474
0 -8.96452e-05 0.00145516 0.000571745
0 -0.000215154 0.00115062 0.000157843
0 -0.000364416 0.000800304 -0.000324342
0 -0.000536122 0.000404654 -0.000872954
0 -0.000726272 -3.43083e-05 -0.00148344
0 -0.000929385 -0.000513005 -0.00214948
0 -0.00114054 -0.00102708 -0.00286464
0 -0.00135679 -0.00157196 -0.00362327
0 -0.00157723 -0.00214278 -0.00442034
0 -0.00180238 -0.002734 -0.00525061
0 -0.00203221 -0.00333932 -0.00610772
0 -0.00226483 -0.00395209 -0.00698378
0 -0.00249818 -0.00456549 -0.00786982
0 -0.00273255 -0.00517461 -0.00875751
0 -0.00297139 -0.00578074 -0.00964169
0 -0.00321979 -0.00639054 -0.0105226
0 -0.00348269 -0.00701115 -0.0114035
0 -0.00376322 -0.00764647 -0.0122857
0 -0.00405967 -0.00829627 -0.0131671
0 -0.00436489 -0.00895763 -0.0140414
0 -0.00466917 -0.00962483 -0.0149027
0 -0.00496362 -0.0102882 -0.0157468
0 -0.00524171 -0.0109356 -0.016569
0 -0.00549837 -0.0115543 -0.017364
0 -0.00573126 -0.0121343 -0.0181291
0 -0.00594322 -0.012671 -0.0188657
0 -0.00614126 -0.0131662 -0.0195772
0 -0.00633224 -0.0136255 -0.020264
0 -0.00651881 -0.0140549 -0.0209234
0 -0.00669839 -0.0144592 -0.0215492
0 -0.00686609 -0.0148419 -0.0221325
0 -0.00701844 -0.0152048 -0.0226664
0 -0.00715465 -0.0155479 -0.0231471
0 -0.00727513 -0.0158681 -0.023572
0 -0.00737937 -0.0161581 -0.0239385
0 -0.00746538 -0.0164068 -0.0242436
0 -0.00753045 -0.0166018 -0.0244834
0 -0.00757173 -0.0167329 -0.0246534
0 -0.00758633 -0.0167925 -0.0247491
0 -0.00757202 -0.0167772 -0.0247663
0 -0.00752812 -0.0166884 -0.0247016
0 -0.00745565 -0.0165312 -0.024553
0 -0.00735656 -0.0163126 -0.0243188
0 -0.00723303 -0.0160396 -0.0239983
0 -0.00708763 -0.015718 -0.0235923
0 -0.00692374 -0.0153527 -0.0231032
0 -0.00674468 -0.0149464 -0.0225353
0 -0.00655232 -0.0144996 -0.021893
0 -0.00634657 -0.0140104 -0.0211806
0 -0.00612653 -0.0134769 -0.020403
0 -0.00589148 -0.0128988 -0.0195664
0 -0.00564103 -0.0122775 -0.0186773
0 -0.00537466 -0.0116158 -0.0177426
0 -0.00509184 -0.010918 -0.0167685
0 -0.00479289 -0.0101893 -0.015761
0 -0.004479 -0.00943578 -0.014726
0 -0.00415191 -0.00866422 -0.0136703
0 -0.00381574 -0.0078802 -0.0125995
0 -0.0034781 -0.00708899 -0.0115189
0 -0.00314513 -0.00629722 -0.0104352
0 -0.00281835 -0.00551032 -0.00935229
0 -0.00249943 -0.00473113 -0.0082729
0 -0.00219012 -0.00396174 -0.00720245
0 -0.00188951 -0.00320397 -0.00614634
0 -0.00159692 -0.00246139 -0.0051087
0 -0.00131362 -0.0017394 -0.00409408
0 -0.00104121 -0.00104307 -0.00310842
0 -0.000781237 -0.000377251 -0.00215899
0 -0.000536566 0.000252301 -0.00125461
0 -0.000311905 0.000838239 -0.000405733
0 -0.000112292 0.00137284 0.000377149
0 6.00383e-05 0.00185078 0.001086
0 0.000207345 0.00227057 0.00171622
0 0.000334123 0.00263291 0.00226514
0 0.000443132 0.00293788 0.00272966
0 0.000533862 0.00318392 0.00310537
0 0.000604064 0.00336885 0.00338736
0 0.000651595 0.00349099 0.00357152
0 0.000674855 0.00354923 0.00365539
0 0.000672532 0.0035425 0.00363813
0 0.000643823 0.00346981 0.00352052
0 0.000588813 0.00333059 0.00330475
0 0.000508214 0.00312487 0.00299401
0 0.000402768 0.00285328 0.0025924
0 0.000273 0.00251733 0.00210456
0 0.000119503 0.00211965 0.00153548
0 -5.6293e-05 0.0016647 0.000891065
0 -0.000251491 0.00115925 0.00017896
0 -0.000461993 0.000612093 -0.000591512
0 -0.000683411 3.29377e-05 -0.00141023
0 -0.000911961 -0.000568844 -0.00226714
0 -0.00114529 -0.00118546 -0.00315306
0 -0.00138288 -0.00181146 -0.00406008
0 -0.00162531 -0.00244327 -0.00498095
0 -0.00187204 -0.00307764 -0.00590747
0 -0.00211925 -0.00371011 -0.00682942
0 -0.00236118 -0.00433389 -0.00773515
0 -0.00259373 -0.00494179 -0.00861329
0 -0.00281612 -0.00552926 -0.00945476
0 -0.00302881 -0.00609265 -0.010254
0 -0.00323251 -0.00662788 -0.0110082
0 -0.00342891 -0.00713075 -0.0117156
0 -0.00361773 -0.00759614 -0.0123717
0 -0.00379456 -0.00801864 -0.0129684
0 -0.00395346 -0.00839328 -0.0134975
0 -0.00408925 -0.00871569 -0.0139537
0 -0.00419927 -0.00898355 -0.0143339
0 -0.00428441 -0.00919674 -0.014636
0 -0.00434716 -0.00935593 -0.01486
0 -0.00438915 -0.00946198 -0.0150071
0 -0.00441168 -0.0095161 -0.0150795
0 -0.00441638 -0.00951978 -0.0150793
0 -0.00440429 -0.0094746 -0.0150078
0 -0.00437535 -0.00938259 -0.0148675
0 -0.00432959 -0.00924669 -0.0146625
0 -0.00426803 -0.00907083 -0.0143977
0 -0.00419243 -0.00885944 -0.0140787
0 -0.00410459 -0.00861712 -0.0137125
0 -0.00400628 -0.00834864 -0.013307
0 -0.00389932 -0.00805874 -0.0128696
0 -0.00378584 -0.00775177 -0.0124069
0 -0.00366798 -0.0074321 -0.0119273
0 -0.00354762 -0.00710464 -0.0114405
0 -0.00342695 -0.00677506 -0.0109532
0 -0.00330817 -0.0064487 -0.0104704
0 -0.00319252 -0.00612935 -0.00999917
0 -0.0030804 -0.00582105 -0.00954735
0 -0.00297273 -0.00552907 -0.00912018
0 -0.00287214 -0.005258 -0.0087227
0 -0.00278118 -0.00501109 -0.00836045
0 -0.00269983 -0.00479094 -0.00803799
0 -0.00262786 -0.00459988 -0.00775904
0 -0.00256737 -0.00444039 -0.00752701
0 -0.00251988 -0.00431448 -0.0073442
0 -0.00248391 -0.00422198 -0.00721092
0 -0.00245713 -0.00416063 -0.00712569
0 -0.00243836 -0.00412795 -0.00708639
0 -0.00242735 -0.00412208 -0.00709086
0 -0.00242416 -0.00414133 -0.00713663
0 -0.00242894 -0.00418389 -0.00722078
0 -0.00244206 -0.00424804 -0.00733999
0 -0.0024639 -0.0043323 -0.00749044
0 -0.00249406 -0.00443491 -0.00766733
0 -0.00253061 -0.00455291 -0.00786458
0 -0.00257052 -0.0046819 -0.00807511
0 -0.00261131 -0.0048172 -0.00829204
0 -0.00265248 -0.00495544 -0.00851017
0 -0.00269539 -0.00509554 -0.00872683
0 -0.00274228 -0.00523758 -0.00894102
0 -0.00279508 -0.00538082 -0.0091517
0 -0.00285396 -0.00552408 -0.009357
0 -0.00291712 -0.00566648 -0.00955462
0 -0.00298221 -0.00580691 -0.00974259
0 -0.00304679 -0.00594413 -0.00991956
0 -0.00310842 -0.00607685 -0.0100846
0 -0.0031653 -0.00620321 -0.0102374
0 -0.00321682 -0.00632133 -0.0103786
0 -0.00326404 -0.00643074 -0.01051
0 -0.00330899 -0.00653234 -0.0106344
0 -0.00335358 -0.00662769 -0.0107549
0 -0.00339906 -0.00671885 -0.0108741
0 -0.0034458 -0.006808 -0.0109933
0 -0.00349264 -0.00689648 -0.0111125
0 -0.00353705 -0.00698418 -0.0112306
0 -0.00357623 -0.00707019 -0.011346
0 -0.00360862 -0.00715315 -0.011457
0 -0.00363408 -0.00723124 -0.0115628
0 -0.00365337 -0.00730238 -0.0116626
0 -0.0036681 -0.00736505 -0.0117562
0 -0.0036808 -0.00741896 -0.0118437
0 -0.0036942 -0.00746518 -0.0119255
0 -0.00371027 -0.00750583 -0.0120019
0 -0.00372986 -0.00754348 -0.0120728
0 -0.00375264 -0.00758066 -0.0121376
0 -0.00377726 -0.00761931 -0.012195
0 -0.00380163 -0.00766006 -0.012244
0 -0.00382351 -0.00770178 -0.0122838
0 -0.00384115 -0.00774195 -0.012314
0 -0.00385381 -0.00777736 -0.012335
0 -0.00386152 -0.00780475 -0.0123478
0 -0.00386449 -0.00782096 -0.0123529
0 -0.00386257 -0.00782333 -0.0123505
0 -0.00385503 -0.00781007 -0.0123395
0 -0.00384074 -0.00778041 -0.0123181
0 -0.00381837 -0.00773449 -0.0122839
0 -0.00378692 -0.00767313 -0.0122341
0 -0.00374654 -0.00759792 -0.0121664
0 -0.00369928 -0.00751147 -0.0120803
0 -0.00364881 -0.00741725 -0.0119766
0 -0.00359923 -0.00731865 -0.0118574
0 -0.00355355 -0.00721804 -0.0117244
0 -0.00351258 -0.00711601 -0.0115784
0 -0.0034749 -0.00701155 -0.0114195
0 -0.00343766 -0.00690279 -0.0112474
0 -0.00339852 -0.006788 -0.0110625
0 -0.00335673 -0.00666686 -0.0108669
0 -0.00331298 -0.00654087 -0.0106646
0 -0.003269 -0.00641252 -0.0104606
0 -0.003227 -0.00628443 -0.0102601
0 -0.00318849 -0.00615971 -0.0100679
0 -0.00315359 -0.00604197 -0.00988794
0 -0.00312157 -0.00593388 -0.00972298
0 -0.00309123 -0.00583647 -0.00957447
0 -0.00306102 -0.00574975 -0.00944313
0 -0.00302985 -0.00567331 -0.00932934
0 -0.00299775 -0.00560648 -0.00923347
0 -0.00296594 -0.00554869 -0.00915607
0 -0.00293673 -0.00549996 -0.00909795
0 -0.00291313 -0.00546146 -0.00906033
0 -0.00289813 -0.00543567 -0.00904441
0 -0.00289397 -0.00542568 -0.00905097
0 -0.00290163 -0.00543459 -0.00908029
0 -0.00292116 -0.00546521 -0.00913228
0 -0.00295136 -0.00551914 -0.0092062
0 -0.00298944 -0.00559542 -0.00930012
0 -0.00303151 -0.00569024 -0.00941108
0 -0.00307378 -0.00579801 -0.00953605
0 -0.00311369 -0.0059127 -0.00967261
0 -0.00315048 -0.00602883 -0.00981914
0 -0.00318521 -0.00614227 -0.00997478
0 -0.00322022 -0.00625123 -0.0101391
0 -0.00325752 -0.00635635 -0.0103114
0 -0.00329793 -0.00645946 -0.0104901
0 -0.00334106 -0.00656227 -0.0106724
0 -0.00338511 -0.00666632 -0.010854
0 -0.00342732 -0.00677251 -0.0110303
0 -0.00346518 -0.00687991 -0.0111969
0 -0.00349728 -0.00698545 -0.0113499
0 -0.00352337 -0.00708483 -0.0114862
0 -0.00354457 -0.00717404 -0.0116046
0 -0.00356339 -0.00725033 -0.0117051
0 -0.00358259 -0.00731235 -0.0117888
0 -0.00360379 -0.00735995 -0.0118563
0 -0.00362705 -0.00739417 -0.0119081
0 -0.00365097 -0.0074172 -0.0119443
0 -0.00367315 -0.00743178 -0.0119644
0 -0.00369142 -0.00744047 -0.0119686
0 -0.00370438 -0.00744521 -0.0119582
0 -0.00371145 -0.00744697 -0.0119352
0 -0.00371306 -0.00744564 -0.0119022
0 -0.00371069 -0.00744037 -0.0118631
0 -0.003706 -0.00742988 -0.011821
0 -0.00369945 -0.00741227 -0.0117768
0 -0.00368957 -0.00738488 -0.0117305
0 -0.00367338 -0.00734474 -0.01168
0 -0.00364768 -0.00728945 -0.0116217
0 -0.00361035 -0.00721785 -0.0115521
0 -0.00356134 -0.00713031 -0.0114688
0 -0.0035029 -0.00702847 -0.0113705
0 -0.00343831 -0.00691454 -0.0112563
0 -0.00337065 -0.0067907 -0.0111254
0 -0.00330289 -0.00665884 -0.0109772
0 -0.00323759 -0.00652099 -0.0108116
0 -0.00317685 -0.00637961 -0.0106294
0 -0.00312271 -0.00623763 -0.0104324
0 -0.00307659 -0.00609855 -0.010224
0 -0.00303874 -0.00596543 -0.0100083
0 -0.00300804 -0.00584007 -0.00978906
0 -0.00298158 -0.0057225 -0.00956975
0 -0.00295534 -0.00561074 -0.00935303
0 -0.00292566 -0.00550149 -0.00914116
0 -0.00289046 -0.00539139 -0.00893702
0 -0.00284974 -0.00527909 -0.00874484
0 -0.00280596 -0.00516676 -0.00856999
0 -0.00276361 -0.00505851 -0.0084182
0 -0.00272663 -0.00495853 -0.00829382
0 -0.00269633 -0.00487151 -0.00819861
0 -0.0026725 -0.00480232 -0.00813232
0 -0.00265507 -0.00475492 -0.00809412
0 -0.00264437 -0.00473201 -0.00808319
0 -0.00264058 -0.00473474 -0.00809847
0 -0.00264353 -0.00476205 -0.00813832
0 -0.0026531 -0.00481082 -0.00820081
0 -0.00266953 -0.00487693 -0.00828431
0 -0.00269326 -0.00495627 -0.00838748
0 -0.0027243 -0.0050454 -0.00850888
0 -0.00276209 -0.0051419 -0.00864682
0 -0.0028057 -0.00524474 -0.00879933
0 -0.00285371 -0.00535374 -0.00896413
0 -0.00290404 -0.00546877 -0.00913863
0 -0.00295466 -0.0055896 -0.00932003
0 -0.00300431 -0.00571582 -0.00950565
0 -0.00305212 -0.00584624 -0.00969312
0 -0.00309763 -0.00597872 -0.00988029
0 -0.00314111 -0.00611047 -0.0100653
0 -0.00318328 -0.00623868 -0.0102466
0 -0.00322485 -0.00636074 -0.0104221
0 -0.00326601 -0.00647417 -0.0105898
0 -0.00330609 -0.00657743 -0.0107474
0 -0.00334359 -0.00667004 -0.0108924
0 -0.00337689 -0.00675174 -0.0110219
0 -0.00340479 -0.00682213 -0.0111336
0 -0.00342673 -0.00688123 -0.0112261
0 -0.00344354 -0.00692981 -0.0112991
0 -0.00345731 -0.0069694 -0.0113537
0 -0.00346995 -0.00700129 -0.0113919
0 -0.00348214 -0.00702549 -0.0114147
0 -0.00349292 -0.0070406 -0.0114219
0 -0.00349999 -0.00704463 -0.0114127
0 -0.00350087 -0.00703556 -0.0113862
0 -0.00349364 -0.0070116 -0.011342
0 -0.00347692 -0.00697117 -0.0112797
0 -0.00344972 -0.0069128 -0.0111987
0 -0.00341152 -0.00683513 -0.0110982
0 -0.00336272 -0.00673745 -0.0109774
0 -0.00330501 -0.00662048 -0.0108365
0 -0.0032415 -0.00648687 -0.0106768
0 -0.00317624 -0.00634101 -0.0105007
0 -0.00311313 -0.0061881 -0.0103108
0 -0.00305451 -0.00603321 -0.0101094
0 -0.00300156 -0.00588111 -0.00989956
0 -0.0029553 -0.00573661 -0.00968462
0 -0.00291649 -0.00560396 -0.00946911
0 -0.0028856 -0.00548564 -0.00925825
0 -0.00286261 -0.00538291 -0.0090575
0 -0.00284697 -0.00529631 -0.00887277
0 -0.00283828 -0.00522644 -0.00871056
0 -0.0028366 -0.00517427 -0.00857703
0 -0.00284135 -0.00513968 -0.00847704
0 -0.00285036 -0.00512132 -0.00841375
0 -0.00286069 -0.00511835 -0.00838841
0 -0.00286996 -0.00513033 -0.00840059
0 -0.00287674 -0.00515619 -0.00844872
0 -0.00288067 -0.00519457 -0.00853032
0 -0.00288252 -0.00524456 -0.00864212
0 -0.00288395 -0.00530551 -0.00878016
0 -0.00288719 -0.00537693 -0.00893972
0 -0.00289468 -0.00545844 -0.00911573
0 -0.00290866 -0.00554932 -0.00930314
0 -0.00293107 -0.00564933 -0.00949698
0 -0.00296331 -0.00575901 -0.00969297
0 -0.00300586 -0.00587851 -0.00988764
0 -0.00305827 -0.00600768 -0.0100779
0 -0.00311954 -0.00614609 -0.010262
0 -0.00318873 -0.00629252 -0.0104398
0 -0.00326525 -0.00644618 -0.0106129
0 -0.0033485 -0.00660694 -0.0107842
0 -0.00343702 -0.00677386 -0.0109567
0 -0.00352833 -0.00694474 -0.0111331
0 -0.00361934 -0.00711671 -0.0113153
0 -0.00370641 -0.00728665 -0.0115041
0 -0.00378597 -0.00745142 -0.0116994
0 -0.0038549 -0.007608 -0.0119006
0 -0.00391136 -0.00775377 -0.0121061
0 -0.00395529 -0.00788684 -0.0123135
0 -0.00398755 -0.00800603 -0.0125193
0 -0.00400913 -0.00811044 -0.0127195
0 -0.0040214 -0.00819923 -0.0129094
0 -0.00402638 -0.00827217 -0.0130828
0 -0.00402634 -0.00832994 -0.0132338
0 -0.00402357 -0.00837353 -0.0133577
0 -0.00402021 -0.00840395 -0.0134507
0 -0.00401807 -0.00842249 -0.0135101
0 -0.00401845 -0.00843064 -0.0135351
0 -0.00402194 -0.00842938 -0.0135254
0 -0.00402793 -0.00841873 -0.0134818
0 -0.00403445 -0.00839759 -0.0134064
0 -0.00403841 -0.00836382 -0.0133018
0 -0.00403618 -0.0083146 -0.0131705
0 -0.0040244 -0.00824689 -0.0130147
0 -0.00400065 -0.00815829 -0.0128379
0 -0.00396403 -0.00804776 -0.012645
0 -0.00391505 -0.00791585 -0.0124402
0 -0.00385486 -0.00776428 -0.0122269
0 -0.00378472 -0.00759555 -0.0120071
0 -0.00370583 -0.00741292 -0.0117821
0 -0.00361967 -0.00722042 -0.0115526
0 -0.00352868 -0.00702215 -0.0113187
0 -0.0034358 -0.00682178 -0.0110805
0 -0.0033429 -0.00662217 -0.0108375
0 -0.00325041 -0.00642465 -0.0105886
0 -0.00315868 -0.00622869 -0.0103323
0 -0.00306858 -0.00603271 -0.0100676
0 -0.00298046 -0.00583533 -0.00979414
0 -0.00289422 -0.00563573 -0.00951245
0 -0.00281034 -0.0054331 -0.00922335
0 -0.00272923 -0.00522674 -0.00892764
0 -0.0026499 -0.00501648 -0.00862634
0 -0.00257048 -0.00480317 -0.0083209
0 -0.00248994 -0.00458843 -0.00801275
0 -0.00240794 -0.00437269 -0.00770306
0 -0.00232339 -0.00415537 -0.00739298
0 -0.00223523 -0.00393706 -0.00708398
0 -0.0021441 -0.00371925 -0.00677797
0 -0.00205185 -0.00350286 -0.00647692
0 -0.00196021 -0.0032883 -0.0061825
0 -0.00187024 -0.00307645 -0.00589609
0 -0.00178284 -0.00286886 -0.00561881
0 -0.00169906 -0.00266728 -0.00535148
0 -0.00161992 -0.00247363 -0.00509482
0 -0.00154637 -0.00229039 -0.00484999
0 -0.00147932 -0.00212046 -0.00461871
0 -0.00141985 -0.0019666 -0.00440315
0 -0.00136915 -0.00183112 -0.00420567
0 -0.00132813 -0.00171569 -0.00402884
0 -0.00129729 -0.00162156 -0.00387549
0 -0.00127687 -0.00154964 -0.00374858
0 -0.00126694 -0.00150061 -0.00365114
0 -0.00126731 -0.00147492 -0.00358602
0 -0.00127752 -0.00147295 -0.00355578
0 -0.00129688 -0.00149503 -0.00356253
0 -0.00132458 -0.00154143 -0.00360791
0 -0.00135998 -0.0016123 -0.00369301
0 -0.00140264 -0.00170769 -0.0038183
0 -0.00145244 -0.00182755 -0.0039837
0 -0.00150949 -0.00197166 -0.0041886
0 -0.00157415 -0.00213967 -0.00443181
0 -0.00164692 -0.00233109 -0.00471163
0 -0.0017284 -0.00254535 -0.00502592
0 -0.00181907 -0.00278169 -0.0053721
0 -0.00191875 -0.00303896 -0.00574696
0 -0.0020265 -0.00331537 -0.00614667
0 -0.00214111 -0.0036086 -0.00656698
0 -0.00226137 -0.00391591 -0.00700366
0 -0.00238608 -0.00423425 -0.00745274
0 -0.00251414 -0.00456046 -0.0079105
0 -0.00264465 -0.00489123 -0.00837326
0 -0.00277699 -0.00522389 -0.00883767
0 -0.00291047 -0.00555657 -0.00930098
0 -0.00304461 -0.00588739 -0.00976094
0 -0.00317918 -0.00621477 -0.010216
0 -0.00331387 -0.00653749 -0.0106649
0 -0.00344792 -0.00685475 -0.0111054
0 -0.00357979 -0.00716576 -0.011535
0 -0.00370705 -0.00746738 -0.0119501
0 -0.00382554 -0.00775391 -0.0123458
0 -0.00392997 -0.00801962 -0.0127166
0 -0.00401715 -0.00825925 -0.0130565
0 -0.00408696 -0.00846726 -0.0133606
0 -0.00414008 -0.00863904 -0.0136249
0 -0.00417721 -0.00877243 -0.0138461
0 -0.00420052 -0.00886757 -0.0140219
0 -0.00421347 -0.00892628 -0.0141509
0 -0.00421874 -0.0089517 -0.0142312
0 -0.00421722 -0.00894762 -0.014261
0 -0.00420886 -0.0089178 -0.0142397
0 -0.00419387 -0.00886554 -0.0141677
0 -0.00417289 -0.00879359 -0.0140475
0 -0.00414659 -0.00870394 -0.0138835
0 -0.00411549 -0.00859768 -0.0136811
0 -0.00408014 -0.00847541 -0.0134474
0 -0.00404104 -0.00833764 -0.0131896
0 -0.00399833 -0.00818507 -0.0129139
0 -0.00395146 -0.00801901 -0.0126273
0 -0.00389934 -0.00784143 -0.012337
0 -0.00384071 -0.00765467 -0.0120476
0 -0.00377449 -0.00746139 -0.0117621
0 -0.00370003 -0.00726446 -0.0114836
0 -0.00361803 -0.00706667 -0.0112146
0 -0.00353081 -0.00687066 -0.0109572
0 -0.00344122 -0.00667874 -0.0107127
0 -0.00335191 -0.00649307 -0.0104824
0 -0.00326574 -0.00631578 -0.0102672
0 -0.00318618 -0.00614929 -0.0100675
0 -0.00311614 -0.00599658 -0.00988371
0 -0.00305712 -0.00586034 -0.00971605
0 -0.00300981 -0.00574262 -0.00956486
0 -0.00297448 -0.00564518 -0.00943047
0 -0.00295043 -0.00556906 -0.00931323
0 -0.00293608 -0.00551391 -0.00921363
0 -0.00292953 -0.00547815 -0.00913254
0 -0.0029292 -0.00545972 -0.00907123
0 -0.00293402 -0.00545643 -0.00903125
0 -0.00294301 -0.00546595 -0.00901387
0 -0.00295474 -0.00548563 -0.00901958
0 -0.00296743 -0.00551266 -0.00904767
0 -0.00297932 -0.00554472 -0.00909642
0 -0.00298885 -0.00558018 -0.00916328
0 -0.00299488 -0.00561777 -0.00924491
0 -0.00299689 -0.00565626 -0.00933742
0 -0.00299499 -0.00569463 -0.00943651
0 -0.00299018 -0.00573234 -0.00953778
0 -0.0029846 -0.00576951 -0.00963765
0 -0.00298117 -0.00580668 -0.00973349
0 -0.00298268 -0.00584473 -0.0098234
0 -0.00299124 -0.0058848 -0.0099057
0 -0.00300785 -0.00592799 -0.00997883
0 -0.00303239 -0.00597496 -0.0100422
0 -0.00306391 -0.00602601 -0.0100964
0 -0.00310093 -0.00608143 -0.0101422
0 -0.0031417 -0.00614107 -0.0101816
0 -0.00318447 -0.00620411 -0.0102174
0 -0.00322777 -0.00626941 -0.0102529
0 -0.00327059 -0.00633599 -0.0102919
0 -0.00331219 -0.00640305 -0.0103381
0 -0.00335204 -0.00647001 -0.0103947
0 -0.00338958 -0.0065367 -0.0104642
0 -0.00342403 -0.00660348 -0.0105476
0 -0.00345498 -0.00667122 -0.0106455
0 -0.00348278 -0.00674115 -0.010758
0 -0.00350808 -0.00681463 -0.010884
0 -0.00353182 -0.00689274 -0.0110217
0 -0.00355515 -0.00697633 -0.0111691
0 -0.00357948 -0.00706605 -0.0113242
0 -0.00360659 -0.00716211 -0.0114847
0 -0.00363825 -0.00726414 -0.0116489
0 -0.00367573 -0.00737166 -0.0118148
0 -0.00371939 -0.00748439 -0.0119807
0 -0.00376873 -0.00760171 -0.012145
0 -0.00382251 -0.00772222 -0.0123058
0 -0.00387892 -0.00784399 -0.0124614
0 -0.00393603 -0.00796509 -0.0126108
0 -0.00399202 -0.00808381 -0.0127537
0 -0.00404522 -0.00819819 -0.0128897
0 -0.00409414 -0.00830584 -0.0130187
0 -0.00413748 -0.00840436 -0.0131402
0 -0.00417426 -0.00849186 -0.0132539
0 -0.00420392 -0.00856695 -0.013359
0 -0.00422608 -0.0086285 -0.0134542
0 -0.00424042 -0.0086757 -0.0135377
0 -0.00424682 -0.00870826 -0.0136074
0 -0.00424556 -0.0087263 -0.0136613
0 -0.00423717 -0.00873005 -0.0136968
0 -0.0042222 -0.00871965 -0.0137118
0 -0.00420123 -0.00869499 -0.0137039
0 -0.00417489 -0.00865581 -0.0136713
0 -0.00414382 -0.00860183 -0.0136125
0 -0.00410856 -0.00853273 -0.0135267
0 -0.00406948 -0.00844822 -0.0134135
0 -0.00402665 -0.00834806 -0.0132731
0 -0.00397982 -0.00823223 -0.013106
0 -0.00392853 -0.00810083 -0.0129134
0 -0.00387217 -0.00795409 -0.0126964
0 -0.00381017 -0.00779246 -0.0124571
0 -0.00374219 -0.00761659 -0.0121976
0 -0.00366794 -0.00742727 -0.0119209
0 -0.00358747 -0.00722549 -0.0116297
0 -0.00350164 -0.00701251 -0.0113263
0 -0.00341162 -0.0067897 -0.0110128
0 -0.00331769 -0.00655848 -0.010691
0 -0.00321991 -0.00632037 -0.0103632
0 -0.00311927 -0.00607709 -0.0100309
0 -0.00301695 -0.0058307 -0.00969616
0 -0.00291379 -0.00558337 -0.00936068
0 -0.00281133 -0.00533704 -0.00902575
0 -0.0027114 -0.00509353 -0.00869297
0 -0.00261438 -0.00485479 -0.00836424
0 -0.00252016 -0.00462281 -0.00804122
0 -0.00242976 -0.0043983 -0.00772538
0 -0.00234376 -0.00418133 -0.00741817
0 -0.00226159 -0.00397277 -0.00712109
0 -0.00218287 -0.00377369 -0.00683576
0 -0.00210769 -0.00358429 -0.00656354
0 -0.00203583 -0.00340405 -0.00630536
0 -0.00196664 -0.00323254 -0.00606187
0 -0.00189956 -0.00306966 -0.00583366
0 -0.00183474 -0.00291553 -0.00562141
0 -0.00177329 -0.00277094 -0.00542613
0 -0.00171686 -0.00263759 -0.00524927
0 -0.00166709 -0.00251785 -0.00509237
0 -0.0016253 -0.00241405 -0.00495666
0 -0.00159239 -0.00232825 -0.0048431
0 -0.00156876 -0.00226211 -0.00475246
0 -0.00155427 -0.00221678 -0.00468537
0 -0.00154827 -0.00219251 -0.00464215
0 -0.00154981 -0.00218853 -0.00462281
0 -0.00155796 -0.00220335 -0.00462739
0 -0.00157203 -0.00223527 -0.00465599
0 -0.00159169 -0.00228271 -0.00470887
0 -0.00161711 -0.00234461 -0.00478642
0 -0.00164877 -0.00242061 -0.00488904
0 -0.00168713 -0.00251099 -0.00501691
0 -0.00173229 -0.00261637 -0.0051697
0 -0.00178403 -0.00273742 -0.00534652
0 -0.00184178 -0.00287476 -0.00554613
0 -0.00190508 -0.00302873 -0.00576717
0 -0.00197369 -0.00319916 -0.00600821
0 -0.0020473 -0.00338505 -0.00626763
0 -0.00212544 -0.00358465 -0.00654354
0 -0.00220759 -0.00379567 -0.0068339
0 -0.00229329 -0.00401535 -0.00713666
0 -0.00238209 -0.0042411 -0.00744978
0 -0.00247342 -0.00447077 -0.00777108
0 -0.00256642 -0.0047025 -0.00809827
0 -0.00266056 -0.00493495 -0.00842908
0 -0.0027557 -0.00516786 -0.00876157
0 -0.00285122 -0.00540156 -0.00909406
0 -0.00294661 -0.00563558 -0.00942485
0 -0.00304181 -0.00586894 -0.00975217
0 -0.00313656 -0.00610081 -0.0100747
0 -0.00323013 -0.00633034 -0.0103911
0 -0.00332212 -0.00655622 -0.0107
0 -0.00341264 -0.0067765 -0.0110001
0 -0.00350146 -0.00698965 -0.0112903
0 -0.00358775 -0.00719473 -0.0115694
0 -0.00367049 -0.00739013 -0.0118364
0 -0.00374888 -0.00757425 -0.0120898
0 -0.00382222 -0.00774664 -0.0123289
0 -0.00388988 -0.00790724 -0.0125524
0 -0.00395181 -0.00805538 -0.0127594
0 -0.00400819 -0.00819041 -0.012949
0 -0.00405893 -0.00831223 -0.0131204
0 -0.00410367 -0.00842066 -0.0132727
0 -0.00414233 -0.00851516 -0.0134054
0 -0.00417511 -0.00859522 -0.0135181
0 -0.00420208 -0.00866059 -0.0136101
0 -0.00422304 -0.00871109 -0.0136811
0 -0.00423774 -0.0087465 -0.0137307
0 -0.00424616 -0.00876662 -0.0137589
0 -0.00424824 -0.00877134 -0.0137655
0 -0.00424373 -0.00876056 -0.0137504
0 -0.00423239 -0.00873426 -0.0137136
0 -0.0042142 -0.00869244 -0.0136555
0 -0.00418931 -0.00863521 -0.0135763
0 -0.00415798 -0.00856288 -0.0134767
0 -0.0041205 -0.00847594 -0.0133573
0 -0.00407723 -0.008375 -0.0132189
0 -0.00402859 -0.00826075 -0.0130622
0 -0.00397505 -0.00813409 -0.0128884
0 -0.00391707 -0.00799607 -0.0126985
0 -0.00385514 -0.0078478 -0.0124937
0 -0.00378976 -0.00769041 -0.0122754
0 -0.00372133 -0.00752498 -0.0120452
0 -0.00365018 -0.00735267 -0.0118048
0 -0.00357706 -0.0071748 -0.011556
0 -0.003503 -0.00699268 -0.0113005
0 -0.00342871 -0.00680751 -0.0110399
0 -0.00335428 -0.0066206 -0.0107762
0 -0.00327975 -0.00643333 -0.0105111
0 -0.00320572 -0.00624682 -0.0102466
0 -0.00313292 -0.0060622 -0.00998462
0 -0.0030613 -0.00588087 -0.00972717
0 -0.00299084 -0.00570412 -0.00947618
0 -0.00292243 -0.00553316 -0.00923333
0 -0.00285721 -0.00536892 -0.00900031
0 -0.00279561 -0.00521196 -0.00877882
0 -0.00273725 -0.00506374 -0.00857033
0 -0.00268226 -0.00492603 -0.00837621
0 -0.0026314 -0.00479909 -0.00819754
0 -0.00258532 -0.00468307 -0.00803531
0 -0.00254416 -0.00457934 -0.00789052
0 -0.00250796 -0.00448909 -0.0077641
0 -0.002477 -0.0044126 -0.00765671
0 -0.00245179 -0.00435003 -0.0075689
0 -0.00243258 -0.00430182 -0.00750111
0 -0.00241943 -0.00426832 -0.00745366
0 -0.00241231 -0.00424961 -0.00742669
0 -0.00241117 -0.00424562 -0.0074202
0 -0.00241592 -0.00425613 -0.00743399
0 -0.00242635 -0.0042809 -0.00746778
0 -0.00244214 -0.00431962 -0.00752114
0 -0.002463 -0.00437176 -0.00759348
0 -0.00248869 -0.0044366 -0.00768404
0 -0.00251893 -0.00451338 -0.00779198
0 -0.00255337 -0.00460136 -0.00791628
0 -0.0025917 -0.00469966 -0.00805581
0 -0.00263371 -0.00480731 -0.00820928
0 -0.00267924 -0.00492334 -0.00837528
0 -0.00272782 -0.00504677 -0.00855225
0 -0.00277874 -0.00517669 -0.00873861
0 -0.00283166 -0.00531233 -0.00893275
0 -0.00288649 -0.00545266 -0.00913295
0 -0.00294277 -0.00559628 -0.00933744
0 -0.003 -0.00574197 -0.00954448
0 -0.0030578 -0.00588874 -0.00975242
0 -0.0031157 -0.00603534 -0.0099596
0 -0.00317311 -0.0061806 -0.0101645
0 -0.00322963 -0.00632343 -0.0103658
0 -0.0032851 -0.00646235 -0.0105614
0 -0.00333925 -0.00659602 -0.0107501
0 -0.00339129 -0.00672381 -0.0109306
0 -0.00344032 -0.00684522 -0.0111015
0 -0.00348607 -0.00695934 -0.0112616
0 -0.00352849 -0.00706506 -0.0114099
0 -0.00356696 -0.0071614 -0.0115453
0 -0.0036011 -0.0072477 -0.0116669
0 -0.003631 -0.00732349 -0.0117738
0 -0.00365656 -0.00738816 -0.0118654
0 -0.00367751 -0.00744118 -0.0119411
0 -0.00369382 -0.00748234 -0.0120004
0 -0.00370545 -0.00751152 -0.0120431
0 -0.00371232 -0.00752849 -0.0120684
0 -0.0037144 -0.00753325 -0.0120763
0 -0.00371163 -0.00752615 -0.012067
0 -0.00370401 -0.00750748 -0.0120407
0 -0.00369167 -0.00747733 -0.0119977
0 -0.0036748 -0.00743593 -0.0119385
0 -0.00365356 -0.00738373 -0.0118639
0 -0.00362818 -0.00732124 -0.0117749
0 -0.00359895 -0.00724901 -0.0116725
0 -0.00356624 -0.00716762 -0.0115574
0 -0.0035304 -0.00707767 -0.0114306
0 -0.00349155 -0.00697988 -0.0112934
0 -0.0034499 -0.00687527 -0.0111469
0 -0.00340596 -0.00676503 -0.0109922
0 -0.00336023 -0.00665025 -0.0108307
0 -0.003313 -0.00653191 -0.0106636
