0 -0.00930255 -0.0194753 -0.0280844
0 -0.00933913 -0.0195892 -0.02826
0 -0.00936949 -0.0196876 -0.0284197
0 -0.00940092 -0.0197737 -0.0285613
0 -0.00943222 -0.0198475 -0.0286772
0 -0.00945962 -0.0199092 -0.0287618
0 -0.0094823 -0.0199591 -0.028816
0 -0.00949614 -0.0199904 -0.0288395
0 -0.00949591 -0.0199925 -0.028831
0 -0.00948559 -0.0199662 -0.0287964
0 -0.00947121 -0.0199207 -0.0287428
0 -0.00944564 -0.0198559 -0.0286637
0 -0.00939971 -0.0197652 -0.0285476
0 -0.00934654 -0.0196568 -0.0284024
0 -0.00931212 -0.0195544 -0.028253
0 -0.00930495 -0.0194768 -0.0281172
0 -0.00931223 -0.0194308 -0.0280026
0 -0.0093199 -0.019415 -0.027919
0 -0.00931814 -0.0194158 -0.0278741
0 -0.00929165 -0.0193992 -0.0278553
0 -0.00923891 -0.0193422 -0.0278451
0 -0.0091858 -0.0192622 -0.0278405
0 -0.00914045 -0.0191768 -0.0278195
0 -0.00908104 -0.0190756 -0.0277344
0 -0.00900724 -0.0189519 -0.0275655
0 -0.00894501 -0.0188114 -0.0273305
0 -0.00891406 -0.0186651 -0.0270608
0 -0.00892543 -0.0185457 -0.0268048
0 -0.00897614 -0.0184967 -0.0266175
0 -0.00903769 -0.0185313 -0.0265331
0 -0.00907958 -0.0186258 -0.0265675
0 -0.00910223 -0.0187527 -0.0267336
0 -0.00913761 -0.0189118 -0.0270437
0 -0.00920622 -0.0191191 -0.0274821
0 -0.00928364 -0.0193678 -0.0279806
0 -0.00934737 -0.0196403 -0.0284653
0 -0.00941226 -0.019922 -0.0289005
0 -0.00948638 -0.020175 -0.0292576
0 -0.0095702 -0.0203692 -0.029519
0 -0.00968838 -0.020538 -0.0297194
0 -0.00983423 -0.0207222 -0.0298919
0 -0.00992672 -0.0208809 -0.0300022
0 -0.00988518 -0.0209137 -0.0299929
0 -0.00972008 -0.0207522 -0.0298484
0 -0.0095276 -0.0204232 -0.0295989
0 -0.00938951 -0.0200252 -0.029267
0 -0.00931128 -0.019664 -0.0288436
0 -0.00928573 -0.0194334 -0.0283584
0 -0.00935864 -0.0194145 -0.027947
0 -0.00956929 -0.0196363 -0.027784
0 -0.0098779 -0.0200585 -0.0279822
0 -0.0101762 -0.0205944 -0.0285558
0 -0.0103209 -0.0211053 -0.0293983
0 -0.0102302 -0.0214491 -0.0303339
0 -0.00998914 -0.0215897 -0.0312178
0 -0.00978172 -0.0216035 -0.0319371
0 -0.00972657 -0.0215916 -0.0323628
0 -0.00981808 -0.0216237 -0.0323851
0 -0.00999026 -0.0217089 -0.0320069
0 -0.0101984 -0.0218004 -0.0313831
0 -0.0104275 -0.0218592 -0.0307611
0 -0.0106241 -0.0218641 -0.0303369
0 -0.0106782 -0.0217812 -0.0301599
0 -0.010511 -0.0215915 -0.0301864
0 -0.0101487 -0.0213013 -0.0303241
0 -0.00969405 -0.0209049 -0.0304283
0 -0.00925802 -0.020388 -0.0303246
0 -0.00892121 -0.0197733 -0.0298613
0 -0.00875199 -0.0191683 -0.0290127
0 -0.00881985 -0.0187567 -0.0279455
0 -0.00911051 -0.0186632 -0.0269196
0 -0.00948225 -0.0188414 -0.0261742
0 -0.00975142 -0.0191229 -0.0258583
0 -0.00978222 -0.0193112 -0.026002
0 -0.00954066 -0.0192718 -0.0265281
0 -0.00911267 -0.019015 -0.0272503
0 -0.00864478 -0.0186571 -0.0279317
0 -0.00825771 -0.0183052 -0.0282953
0 -0.00803248 -0.018009 -0.0281076
0 -0.00802876 -0.0177822 -0.0273698
0 -0.00824966 -0.0176334 -0.0262768
0 -0.00859929 -0.017545 -0.0251021
0 -0.00890003 -0.0174525 -0.0240978
0 -0.00898421 -0.0172913 -0.0234221
0 -0.00880596 -0.0170403 -0.0231769
0 -0.00844285 -0.0167205 -0.0233557
0 -0.00801516 -0.0163858 -0.0237987
0 -0.0076571 -0.0161267 -0.0243004
0 -0.00749365 -0.0160464 -0.0246983
0 -0.00757823 -0.0162005 -0.0248816
0 -0.00789315 -0.0165855 -0.0248686
0 -0.00840644 -0.0171943 -0.0248622
0 -0.00906156 -0.018024 -0.0251276
0 -0.00971596 -0.0190097 -0.0258507
0 -0.0101727 -0.0200062 -0.0270552
0 -0.0103083 -0.0208494 -0.0286095
0 -0.0101476 -0.0214267 -0.0303045
0 -0.00982682 -0.0217169 -0.0318773
0 -0.00951337 -0.0217587 -0.0330076
0 -0.00935326 -0.0216437 -0.0334327
0 -0.00946841 -0.0215716 -0.0331413
0 -0.00992228 -0.0217407 -0.0323832
0 -0.0106406 -0.0222007 -0.0315509
0 -0.0114317 -0.0229014 -0.031068
0 -0.0120771 -0.0237138 -0.0312309
0 -0.012366 -0.0244093 -0.0320894
0 -0.0121753 -0.0248004 -0.0334646
0 -0.0115881 -0.0248509 -0.0350589
0 -0.0108539 -0.0246067 -0.0364732
0 -0.0102297 -0.0241568 -0.0372244
0 -0.00989111 -0.0236472 -0.0369891
0 -0.00993019 -0.0232058 -0.0357733
0 -0.010306 -0.0228602 -0.033867
0 -0.0107451 -0.0224875 -0.0316578
0 -0.0108418 -0.0218308 -0.0294362
0 -0.0103571 -0.0206254 -0.0273554
0 -0.00934847 -0.0187836 -0.0254711
0 -0.00803768 -0.0164992 -0.0237409
0 -0.00670924 -0.0141383 -0.022009
0 -0.00571993 -0.0121501 -0.0201981
0 -0.00533948 -0.0109388 -0.0183727
0 -0.00554728 -0.0105921 -0.0166826
0 -0.00613754 -0.0109118 -0.0154134
0 -0.00691982 -0.0116963 -0.0149535
0 -0.00766677 -0.0127563 -0.0156078
0 -0.00801716 -0.0137714 -0.0172676
0 -0.00772145 -0.0144158 -0.0194565
0 -0.00695696 -0.0146103 -0.0216967
0 -0.00624645 -0.0145715 -0.0236722
0 -0.00607448 -0.0146777 -0.0251507
0 -0.00662162 -0.0152868 -0.025941
0 -0.00776311 -0.0165724 -0.026146
0 -0.00920157 -0.018442 -0.0262341
0 -0.0106045 -0.0205314 -0.0267345
0 -0.011678 -0.0223664 -0.0279905
0 -0.0122267 -0.0236918 -0.0301231
0 -0.012261 -0.0246193 -0.033041
0 -0.0120265 -0.0255098 -0.0364467
0 -0.0118317 -0.0266448 -0.0398299
0 -0.0119372 -0.028033 -0.0426231
0 -0.0125302 -0.0296076 -0.0445839
0 -0.013571 -0.0312235 -0.0457211
0 -0.0147288 -0.0325718 -0.0461221
0 -0.0155645 -0.0333778 -0.0459906
0 -0.0157385 -0.0334375 -0.0454688
0 -0.0151273 -0.0325698 -0.0445939
0 -0.0139105 -0.0308063 -0.043346
0 -0.0125078 -0.0284841 -0.041648
0 -0.0113387 -0.026085 -0.039446
0 -0.0105967 -0.0240056 -0.0367102
0 -0.0101716 -0.0223156 -0.0334476
0 -0.00980259 -0.020773 -0.0298347
0 -0.00933195 -0.0191105 -0.0262491
0 -0.0087205 -0.0171513 -0.0229929
0 -0.00789447 -0.0148615 -0.0201511
0 -0.00678307 -0.0124324 -0.017699
0 -0.00546127 -0.0100966 -0.015473
0 -0.00415021 -0.00796675 -0.0133091
0 -0.00310531 -0.00610265 -0.0111478
0 -0.00252402 -0.0045803 -0.00900339
0 -0.00251151 -0.00357861 -0.00709247
0 -0.00304437 -0.00338744 -0.00579779
0 -0.00392278 -0.00416357 -0.00548379
0 -0.00483739 -0.00573327 -0.00639551
0 -0.00556494 -0.00771512 -0.00861625
0 -0.00604405 -0.00974867 -0.0120196
0 -0.0063153 -0.0116389 -0.0162253
0 -0.00649248 -0.0134025 -0.0206618
0 -0.00675385 -0.0152008 -0.0248146
0 -0.00732773 -0.0172465 -0.0283387
0 -0.00837275 -0.0195935 -0.0310432
0 -0.0098377 -0.0220469 -0.0330431
0 -0.0114664 -0.0244178 -0.0346371
0 -0.0129247 -0.0265756 -0.036152
0 -0.013956 -0.028362 -0.0378901
0 -0.0143995 -0.0296467 -0.0398661
0 -0.0142466 -0.0303626 -0.0418971
0 -0.0137567 -0.030588 -0.0437629
0 -0.0133115 -0.030562 -0.0451442
0 -0.0131467 -0.030514 -0.0457629
0 -0.0132713 -0.0305077 -0.0454609
0 -0.0135568 -0.0304487 -0.0442731
0 -0.0138182 -0.0301582 -0.0424822
0 -0.0138475 -0.0294265 -0.0404214
0 -0.0134671 -0.0281244 -0.0383186
0 -0.0125766 -0.0262545 -0.0362179
0 -0.0112172 -0.0238995 -0.0340001
0 -0.00963223 -0.0212251 -0.0315153
0 -0.00818094 -0.0184591 -0.0286399
0 -0.00710798 -0.0158473 -0.0253395
0 -0.00646727 -0.0136376 -0.0217569
0 -0.00628149 -0.0120152 -0.0182661
0 -0.0065101 -0.011087 -0.015375
0 -0.00695101 -0.0108684 -0.013557
0 -0.00733809 -0.0111887 -0.0131139
0 -0.00745779 -0.0117791 -0.0140512
0 -0.0073002 -0.012506 -0.0161777
0 -0.00709011 -0.0134203 -0.0191769
0 -0.00704766 -0.0146029 -0.0225399
0 -0.00721252 -0.0160098 -0.0256849
0 -0.00753527 -0.0174611 -0.0280672
0 -0.00800845 -0.0187153 -0.0293956
0 -0.00866756 -0.0196506 -0.0298483
0 -0.00947933 -0.0203453 -0.0297626
0 -0.0102472 -0.0208788 -0.0294327
0 -0.0107092 -0.0212423 -0.0291286
0 -0.0107659 -0.021412 -0.0290233
0 -0.0105639 -0.0214109 -0.0292782
0 -0.0103745 -0.0214064 -0.0300161
0 -0.0104339 -0.0216996 -0.0312431
0 -0.0108081 -0.0225246 -0.032837
0 -0.0113314 -0.0238228 -0.0345096
0 -0.011737 -0.0251998 -0.0359556
0 -0.0118724 -0.0261397 -0.0369867
0 -0.0117491 -0.0263015 -0.037496
0 -0.0114094 -0.0256411 -0.0373609
0 -0.0108152 -0.0243063 -0.036352
0 -0.00991293 -0.0224506 -0.0342385
0 -0.00878505 -0.0201425 -0.0309907
0 -0.00770698 -0.0174775 -0.0268815
0 -0.00698838 -0.014795 -0.0224731
0 -0.00682485 -0.0126464 -0.0184713
0 -0.00719627 -0.0114807 -0.015496
0 -0.00775395 -0.01144 -0.0139455
0 -0.00814359 -0.0123258 -0.014058
0 -0.00837115 -0.0137562 -0.0159593
0 -0.00861425 -0.0154773 -0.019534
0 -0.00892396 -0.0174056 -0.0242442
0 -0.00921711 -0.0194981 -0.0292753
0 -0.0094705 -0.0217116 -0.0338305
0 -0.00980793 -0.023815 -0.0372338
0 -0.010328 -0.0254121 -0.039173
0 -0.0109574 -0.0262611 -0.0396438
0 -0.0114862 -0.0262704 -0.0387232
0 -0.0116665 -0.0254448 -0.0366997
0 -0.0113397 -0.0239498 -0.0339465
0 -0.0105165 -0.0219413 -0.0307895
0 -0.00939385 -0.0195366 -0.0275467
0 -0.0082866 -0.0169923 -0.0244401
0 -0.0074074 -0.0146459 -0.0216255
0 -0.00679456 -0.012799 -0.0192108
0 -0.0064527 -0.0116548 -0.0172668
0 -0.00634538 -0.0111898 -0.015913
0 -0.00637247 -0.0111678 -0.01525
0 -0.00643485 -0.0113247 -0.0152771
0 -0.00641571 -0.011469 -0.0158682
0 -0.0062144 -0.0115067 -0.0167576
0 -0.00585117 -0.0114515 -0.0176401
0 -0.00546743 -0.0113509 -0.0182634
0 -0.00526785 -0.0112749 -0.0185099
0 -0.00545867 -0.0113921 -0.0184732
0 -0.00609418 -0.0118907 -0.0183805
0 -0.0069853 -0.012819 -0.0184725
0 -0.00784023 -0.0140544 -0.0189694
0 -0.00847316 -0.0153932 -0.0200723
0 -0.00890865 -0.0167199 -0.0219513
0 -0.00930399 -0.0181005 -0.0246448
0 -0.00976396 -0.0196834 -0.0279579
0 -0.0103005 -0.0215907 -0.0315581
0 -0.0109418 -0.023816 -0.0350881
0 -0.011776 -0.0261963 -0.0383022
0 -0.0128667 -0.0285919 -0.0411914
0 -0.0141191 -0.0308865 -0.0437632
0 -0.0152511 -0.032877 -0.0459469
0 -0.0159773 -0.0343804 -0.0476973
0 -0.0162001 -0.035282 -0.0489691
0 -0.0159757 -0.0354643 -0.0496872
0 -0.0154138 -0.0348653 -0.0496963
0 -0.0146483 -0.0335713 -0.0487902
0 -0.0137888 -0.0317492 -0.0468197
0 -0.0129052 -0.0295607 -0.0437709
0 -0.0120734 -0.027155 -0.0398475
0 -0.0113667 -0.0246635 -0.0354697
0 -0.0107937 -0.0222318 -0.0311352
0 -0.0102805 -0.0200425 -0.0272766
0 -0.00969865 -0.0181455 -0.024131
0 -0.00891704 -0.0164075 -0.0217486
0 -0.00790027 -0.014736 -0.0200584
0 -0.0067282 -0.0130433 -0.0187866
0 -0.0055255 -0.0112279 -0.0175681
0 -0.00445148 -0.00938327 -0.0161094
0 -0.00365273 -0.00768455 -0.0142078
0 -0.00316424 -0.00619877 -0.0118303
0 -0.00292021 -0.00493056 -0.00913681
0 -0.00284537 -0.00386071 -0.00644923
0 -0.00287878 -0.00298198 -0.00419515
0 -0.00295533 -0.00238309 -0.00276969
0 -0.00305448 -0.00224212 -0.00244602
0 -0.00321795 -0.002722 -0.00335436
0 -0.00352768 -0.00392778 -0.00548181
0 -0.00410686 -0.00590702 -0.00871139
0 -0.00504801 -0.00861562 -0.0128502
0 -0.00632909 -0.0119286 -0.0176456
0 -0.00782914 -0.0156576 -0.022819
0 -0.00940438 -0.0195491 -0.0281069
0 -0.0109199 -0.0233395 -0.0332808
0 -0.0121927 -0.0267232 -0.0380769
0 -0.013072 -0.0293759 -0.0421926
0 -0.0136029 -0.0312008 -0.0453753
0 -0.0139091 -0.03229 -0.0474294
0 -0.0140487 -0.0327146 -0.048248
0 -0.0140875 -0.0325772 -0.0478603
0 -0.0140629 -0.0319846 -0.0464267
0 -0.0138789 -0.0309139 -0.0441757
0 -0.0134187 -0.0293114 -0.041355
0 -0.0126588 -0.0272266 -0.0382219
0 -0.011639 -0.0247854 -0.0349854
0 -0.0104608 -0.0221736 -0.0317651
0 -0.00928565 -0.0196077 -0.0286093
0 -0.0082961 -0.0172992 -0.0255984
0 -0.00763456 -0.0154632 -0.0229162
0 -0.00732995 -0.0142307 -0.020731
0 -0.00719814 -0.013463 -0.0190413
0 -0.00690545 -0.0127867 -0.0177105
0 -0.00626435 -0.0118499 -0.0165875
0 -0.00529468 -0.0104306 -0.0154674
0 -0.0040652 -0.00844221 -0.0140296
0 -0.00269964 -0.00599285 -0.0119545
0 -0.00140501 -0.00334357 -0.00906569
0 -0.000364297 -0.000748301 -0.00539837
0 0.000362853 0.00165937 -0.00118783
0 0.000855344 0.0038849 0.00320833
0 0.00128945 0.0060167 0.00739182
0 0.00185115 0.00811682 0.0110155
0 0.00265742 0.0101591 0.0138642
0 0.00372887 0.0120623 0.0158881
0 0.00501233 0.0137815 0.0172082
0 0.00638593 0.0153191 0.018042
0 0.00755552 0.0165322 0.0185096
0 0.00804786 0.0170441 0.0185208
0 0.00749533 0.0164214 0.0178421
0 0.00588715 0.0142949 0.0161315
0 0.00343373 0.0104137 0.0128801
0 0.000349256 0.00474519 0.00745458
0 -0.00311663 -0.00249147 -0.000674857
0 -0.00679587 -0.010917 -0.0116766
0 -0.0105609 -0.020165 -0.0252537
0 -0.0142169 -0.0301486 -0.0407728
0 -0.0179486 -0.0407993 -0.057447
0 -0.0223005 -0.0517556 -0.0741759
0 -0.0274415 -0.0628318 -0.0899972
0 -0.0331485 -0.0739773 -0.104637
0 -0.0394269 -0.0850047 -0.118032
0 -0.0462676 -0.0958613 -0.130402
0 -0.0533388 -0.106653 -0.142217
0 -0.0603183 -0.117347 -0.153728
0 -0.0668625 -0.127758 -0.165147
0 -0.0725263 -0.137689 -0.176606
0 -0.0770686 -0.146904 -0.188037
0 -0.0805216 -0.155172 -0.199353
0 -0.0828627 -0.162128 -0.210352
0 -0.083959 -0.167173 -0.220608
0 -0.0837153 -0.169845 -0.229529
0 -0.0822074 -0.170119 -0.236345
0 -0.0798211 -0.168303 -0.240266
0 -0.077053 -0.16484 -0.240611
0 -0.0743022 -0.16016 -0.23674
0 -0.0718317 -0.154512 -0.228523
0 -0.0696935 -0.147854 -0.216627
0 -0.067814 -0.140114 -0.202235
0 -0.0659437 -0.131582 -0.186871
0 -0.0636163 -0.122665 -0.17188
0 -0.0606712 -0.113799 -0.158233
0 -0.057575 -0.105968 -0.146938
0 -0.0549284 -0.100197 -0.138846
0 -0.052776 -0.0964692 -0.133927
0 -0.0506816 -0.0939619 -0.131532
0 -0.0486239 -0.092247 -0.131216
0 -0.0472487 -0.0916159 -0.132768
0 -0.046822 -0.0921476 -0.135593
0 -0.0467254 -0.0932396 -0.138439
0 -0.046507 -0.0942638 -0.140302
0 -0.0465898 -0.0951272 -0.141219
0 -0.0474983 -0.0961362 -0.141763
0 -0.0491202 -0.0975905 -0.142383
0 -0.0508747 -0.0995501 -0.143341
0 -0.0520287 -0.101676 -0.144697
0 -0.052104 -0.103215 -0.14632
0 -0.0512693 -0.103516 -0.148011
0 -0.0501122 -0.10258 -0.149502
0 -0.0491411 -0.101032 -0.150414
0 -0.0485633 -0.099639 -0.150258
0 -0.0483052 -0.098765 -0.14856
0 -0.0482485 -0.0982248 -0.145464
0 -0.0484269 -0.0975921 -0.141782
0 -0.0487927 -0.0965178 -0.138188
0 -0.04905 -0.0950237 -0.135224
0 -0.048975 -0.0936229 -0.133406
0 -0.0486789 -0.0930004 -0.133013
0 -0.0484454 -0.0934937 -0.13419
0 -0.048358 -0.0947961 -0.136646
0 -0.0481929 -0.0961172 -0.13951
0 -0.0477041 -0.0966612 -0.141821
0 -0.0468747 -0.0960697 -0.142805
0 -0.0459304 -0.0945513 -0.142059
0 -0.0452212 -0.0926787 -0.139703
0 -0.0450133 -0.0910104 -0.136208
0 -0.0452443 -0.0897221 -0.132169
0 -0.0456108 -0.0886592 -0.128199
0 -0.0457807 -0.0875987 -0.124856
0 -0.0453516 -0.0862327 -0.122395
0 -0.0441082 -0.084339 -0.120715
0 -0.0423236 -0.0820937 -0.119701
0 -0.0405296 -0.0800338 -0.119279
0 -0.0392322 -0.0787684 -0.119311
0 -0.03889 -0.0787251 -0.119746
0 -0.0397573 -0.0801559 -0.12082
0 -0.04181 -0.0832184 -0.123027
0 -0.0448628 -0.0879569 -0.126989
0 -0.0483619 -0.094179 -0.133199
0 -0.0516091 -0.101345 -0.141756
0 -0.0543774 -0.108865 -0.152453
0 -0.0568288 -0.116643 -0.164954
0 -0.0593471 -0.124815 -0.17883
0 -0.0623508 -0.133235 -0.193057
0 -0.0657978 -0.141733 -0.206224
0 -0.0693558 -0.150036 -0.217599
0 -0.0728585 -0.157518 -0.22678
0 -0.0762138 -0.163655 -0.233664
0 -0.0792472 -0.168319 -0.238619
0 -0.0818304 -0.171585 -0.241846
0 -0.0838426 -0.173633 -0.243555
0 -0.0850126 -0.174664 -0.243966
0 -0.0850957 -0.174599 -0.243132
0 -0.0840443 -0.17312 -0.241127
0 -0.0819343 -0.169907 -0.237802
0 -0.0789008 -0.164704 -0.232685
0 -0.0751442 -0.157524 -0.225225
0 -0.070913 -0.148714 -0.214958
0 -0.0665993 -0.138737 -0.201853
0 -0.0625348 -0.128173 -0.186501
0 -0.0587349 -0.117683 -0.169964
0 -0.055216 -0.107649 -0.153589
0 -0.051997 -0.0981904 -0.138384
0 -0.0489284 -0.0896644 -0.124919
0 -0.0459171 -0.0825153 -0.113893
0 -0.0430137 -0.076803 -0.105711
0 -0.0403035 -0.0723648 -0.100328
0 -0.0378607 -0.0692139 -0.0976488
0 -0.0358053 -0.0673218 -0.0972662
0 -0.034327 -0.0665039 -0.0985353
0 -0.0335866 -0.066784 -0.100847
0 -0.033602 -0.0680476 -0.103518
0 -0.0342812 -0.0698852 -0.106032
0 -0.0354959 -0.0720999 -0.108262
0 -0.0370464 -0.0746085 -0.110332
0 -0.0387006 -0.0772879 -0.1126
0 -0.0402865 -0.0801481 -0.11547
0 -0.041701 -0.0832119 -0.1192
0 -0.0429383 -0.0864332 -0.123896
0 -0.04413 -0.0898954 -0.129467
0 -0.0454603 -0.0937888 -0.135699
0 -0.0470631 -0.0981671 -0.142402
0 -0.0489728 -0.102943 -0.149267
0 -0.0510436 -0.107922 -0.155861
0 -0.0530028 -0.112688 -0.161868
0 -0.054611 -0.116683 -0.167005
0 -0.055628 -0.119416 -0.170929
0 -0.0558194 -0.120559 -0.17329
0 -0.0551674 -0.119993 -0.173708
0 -0.0538554 -0.117843 -0.171912
0 -0.0521618 -0.114408 -0.167855
0 -0.0503959 -0.110017 -0.161723
0 -0.0487374 -0.105014 -0.15399
0 -0.0472282 -0.0997799 -0.145353
0 -0.0458538 -0.0946524 -0.136615
0 -0.0445091 -0.0899051 -0.12851
0 -0.0430399 -0.0856048 -0.121512
0 -0.0414663 -0.0817118 -0.115966
0 -0.0400065 -0.07849 -0.112141
0 -0.0388748 -0.0762789 -0.11002
0 -0.0382109 -0.0752063 -0.109447
0 -0.0380765 -0.0753446 -0.110211
0 -0.0383418 -0.0765267 -0.111916
0 -0.0387999 -0.0782588 -0.114197
0 -0.0394055 -0.0801297 -0.116822
0 -0.0400921 -0.0819132 -0.119552
0 -0.0406031 -0.0833534 -0.122028
0 -0.0407212 -0.0842207 -0.123822
0 -0.0404855 -0.0844617 -0.124683
0 -0.0401241 -0.0841257 -0.124587
0 -0.0398518 -0.0833241 -0.123587
0 -0.039678 -0.082204 -0.121755
0 -0.039381 -0.0807726 -0.119139
0 -0.0387694 -0.0789321 -0.115854
0 -0.037867 -0.0766579 -0.112182
0 -0.0368025 -0.0740065 -0.108421
0 -0.0357043 -0.0711657 -0.104796
0 -0.0347186 -0.0685287 -0.101515
0 -0.0340217 -0.0665566 -0.0988199
0 -0.0338059 -0.0656096 -0.0970182
0 -0.0342038 -0.0658923 -0.0964721
0 -0.0351878 -0.0674439 -0.0975243
0 -0.0366301 -0.0701813 -0.100435
0 -0.0384066 -0.0740152 -0.105334
0 -0.0403954 -0.0788943 -0.112184
0 -0.0424993 -0.0846619 -0.120719
0 -0.0447114 -0.0910295 -0.130397
0 -0.0469874 -0.0977157 -0.140599
0 -0.0492099 -0.104355 -0.150758
0 -0.0514531 -0.110591 -0.160252
0 -0.0538484 -0.116363 -0.168604
0 -0.0562538 -0.121632 -0.175609
0 -0.0584449 -0.12614 -0.181107
0 -0.0603594 -0.129648 -0.185075
0 -0.0618785 -0.132025 -0.18759
0 -0.062733 -0.133122 -0.188623
0 -0.0627455 -0.13285 -0.18815
0 -0.0618552 -0.131213 -0.186134
0 -0.0601011 -0.128127 -0.182496
0 -0.0577184 -0.123593 -0.177206
0 -0.0550264 -0.117844 -0.170259
0 -0.0522495 -0.111223 -0.161736
0 -0.0495218 -0.104114 -0.151859
0 -0.0468721 -0.0968426 -0.140961
0 -0.0441666 -0.0895187 -0.129565
0 -0.04127 -0.0820365 -0.118166
0 -0.038179 -0.074364 -0.107066
0 -0.0349411 -0.0667939 -0.0966413
0 -0.0316138 -0.0597284 -0.0872338
0 -0.0283084 -0.0533773 -0.0789772
0 -0.0252014 -0.0478076 -0.0719895
0 -0.0224614 -0.0430689 -0.0662994
0 -0.0201578 -0.039145 -0.0617939
0 -0.0182861 -0.0359578 -0.0583609
0 -0.0168587 -0.0335088 -0.0558749
0 -0.0159289 -0.0318974 -0.0542186
0 -0.0155355 -0.0311746 -0.0533644
0 -0.0156329 -0.0312871 -0.0532967
0 -0.0160872 -0.0321244 -0.0539978
0 -0.0167476 -0.0334985 -0.055454
0 -0.0174856 -0.0351935 -0.0576072
0 -0.0182058 -0.0370925 -0.0603796
0 -0.0188953 -0.039147 -0.0636464
0 -0.0196038 -0.0413291 -0.0672173
0 -0.0203764 -0.0436362 -0.070889
0 -0.0212631 -0.0460604 -0.074487
0 -0.022361 -0.0486442 -0.0779747
0 -0.0237747 -0.0515264 -0.0815034
0 -0.0255468 -0.0548604 -0.0853125
0 -0.0276522 -0.0587469 -0.0896736
0 -0.029973 -0.063232 -0.0948644
0 -0.0323797 -0.0683453 -0.101126
0 -0.0348759 -0.0740887 -0.108614
0 -0.0375295 -0.080407 -0.117314
0 -0.0403769 -0.0872028 -0.127036
0 -0.0434551 -0.0943315 -0.137348
0 -0.0467262 -0.101576 -0.147636
0 -0.050019 -0.108656 -0.157413
0 -0.053235 -0.115345 -0.166348
0 -0.056367 -0.121474 -0.174216
0 -0.0593074 -0.126859 -0.180931
0 -0.0619034 -0.131389 -0.186458
0 -0.0640447 -0.135013 -0.190763
0 -0.0655876 -0.13763 -0.193826
0 -0.0663532 -0.1391 -0.19559
0 -0.0662534 -0.139283 -0.195975
0 -0.065388 -0.138084 -0.194923
0 -0.0639508 -0.135529 -0.192333
0 -0.0620793 -0.131748 -0.188058
0 -0.0598749 -0.126891 -0.181985
0 -0.057407 -0.12112 -0.174135
0 -0.0547239 -0.114584 -0.164748
0 -0.0519183 -0.10738 -0.154217
0 -0.0490294 -0.0996644 -0.142955
0 -0.0459259 -0.091616 -0.131361
0 -0.0424305 -0.0832749 -0.119726
0 -0.038534 -0.0747688 -0.108224
0 -0.0344015 -0.0664384 -0.0971281
0 -0.0302651 -0.0585882 -0.0868303
0 -0.0264002 -0.0513894 -0.0776097
0 -0.0231172 -0.0450514 -0.0696632
0 -0.0206879 -0.0399494 -0.0631844
0 -0.0192703 -0.0364664 -0.0583178
0 -0.0188721 -0.0347788 -0.0551911
0 -0.0193382 -0.0348588 -0.0539191
0 -0.0203477 -0.0364969 -0.0545656
0 -0.0215656 -0.0392194 -0.0571883
0 -0.0228345 -0.0425244 -0.0617092
0 -0.024093 -0.0462299 -0.0678227
0 -0.0253505 -0.0503539 -0.0751229
0 -0.0267663 -0.0549793 -0.0830947
0 -0.0285902 -0.0602754 -0.0912728
0 -0.0310137 -0.0662868 -0.09943
0 -0.034013 -0.0727973 -0.1075
0 -0.0373861 -0.0795847 -0.115553
0 -0.0409138 -0.086577 -0.123781
0 -0.0445044 -0.0936426 -0.132325
0 -0.047961 -0.100446 -0.141084
0 -0.0508698 -0.106629 -0.149711
0 -0.0530827 -0.111971 -0.157761
0 -0.0546052 -0.116282 -0.164762
0 -0.0553366 -0.119363 -0.170258
0 -0.0553391 -0.121042 -0.173861
0 -0.0548033 -0.121154 -0.175266
0 -0.0538902 -0.119664 -0.174231
0 -0.0526871 -0.116748 -0.170619
0 -0.0511813 -0.112635 -0.164535
0 -0.0493547 -0.107478 -0.156381
0 -0.0472295 -0.101458 -0.146803
0 -0.0448476 -0.0947922 -0.136529
0 -0.0422814 -0.0877532 -0.126156
0 -0.0395419 -0.0806038 -0.116086
0 -0.0365588 -0.0734447 -0.10648
0 -0.0333886 -0.0664377 -0.0973693
0 -0.0301948 -0.05982 -0.0888195
0 -0.027069 -0.0536395 -0.0808009
0 -0.0240213 -0.0478065 -0.0732377
0 -0.021059 -0.0422529 -0.066117
0 -0.0182433 -0.0369366 -0.0593681
0 -0.0156117 -0.0318083 -0.0528802
0 -0.0130846 -0.0268415 -0.046561
0 -0.0105605 -0.0220434 -0.0403166
0 -0.00806155 -0.0174041 -0.0341183
0 -0.00572819 -0.0129165 -0.028063
0 -0.00371121 -0.00867221 -0.0223159
0 -0.00209841 -0.0048682 -0.0170496
0 -0.00094119 -0.00172296 -0.0124176
0 -0.000284879 0.000578215 -0.00854
0 -0.000116809 0.00189997 -0.00554364
0 -0.000362886 0.00218135 -0.00362377
0 -0.000975603 0.00144925 -0.00305625
0 -0.00195296 -0.0002357 -0.00415252
0 -0.00326812 -0.00280281 -0.00713827
0 -0.00482491 -0.00623242 -0.0120262
0 -0.00655285 -0.0106362 -0.0186814
0 -0.00851736 -0.0160998 -0.0269111
0 -0.0109011 -0.0226106 -0.0364619
0 -0.0139657 -0.0301806 -0.0471176
0 -0.0177534 -0.0387966 -0.0586863
0 -0.0219298 -0.0482092 -0.0709486
0 -0.0262888 -0.0580168 -0.0837434
0 -0.030978 -0.0680101 -0.0969248
0 -0.0362112 -0.0781655 -0.110339
0 -0.0418956 -0.0884241 -0.123826
0 -0.0476515 -0.0986754 -0.137108
0 -0.053255 -0.108835 -0.149896
0 -0.0585505 -0.118713 -0.162088
0 -0.0633342 -0.12797 -0.17368
0 -0.067552 -0.136342 -0.184665
0 -0.0711631 -0.143663 -0.194982
0 -0.0740564 -0.149829 -0.204486
0 -0.0761678 -0.154859 -0.212986
0 -0.0774947 -0.158795 -0.22026
0 -0.0780725 -0.161607 -0.226074
0 -0.077993 -0.16321 -0.23023
0 -0.0774587 -0.163532 -0.232547
0 -0.0767011 -0.162611 -0.23284
0 -0.0758189 -0.160631 -0.230935
0 -0.0748011 -0.157836 -0.226842
0 -0.073591 -0.154306 -0.22085
0 -0.0720858 -0.149944 -0.213404
0 -0.0701561 -0.144641 -0.205043
0 -0.0676688 -0.138354 -0.196168
0 -0.0645759 -0.131189 -0.18691
0 -0.0610034 -0.123402 -0.177268
0 -0.0570952 -0.11518 -0.167119
0 -0.052883 -0.106597 -0.156335
0 -0.0484286 -0.0977619 -0.144877
0 -0.0438326 -0.0887572 -0.132794
0 -0.0390977 -0.0795374 -0.120246
0 -0.0341834 -0.0700318 -0.107452
0 -0.0291386 -0.0602797 -0.0946263
0 -0.0240926 -0.0504186 -0.0818933
0 -0.0191291 -0.0406009 -0.0692713
0 -0.0142511 -0.0309884 -0.0567754
0 -0.00952351 -0.0217713 -0.0444701
0 -0.00515986 -0.0131171 -0.0324709
0 -0.00139314 -0.00513472 -0.020948
0 0.00167049 0.00207272 -0.010091
0 0.00405579 0.00835504 -7.028e-05
0 0.0058409 0.0135353 0.00893987
0 0.00704114 0.0174759 0.0167251
0 0.0075935 0.0201138 0.0230197
0 0.00748788 0.0214348 0.0275051
0 0.00683667 0.0214525 0.0298383
0 0.00583255 0.0202203 0.0297436
0 0.004646 0.0178559 0.027099
0 0.00338079 0.014511 0.022032
0 0.00204462 0.010241 0.0148617
0 0.000477006 0.00499954 0.00599443
0 -0.00153526 -0.00120331 -0.00400841
0 -0.00416975 -0.00834165 -0.0146184
0 -0.00750545 -0.0163408 -0.0254936
0 -0.0113204 -0.0248747 -0.0364195
0 -0.0152639 -0.0335467 -0.0473167
0 -0.0192036 -0.0421043 -0.0581728
0 -0.0231558 -0.0503482 -0.0689707
0 -0.0270245 -0.0580916 -0.0795804
0 -0.0306891 -0.0652758 -0.0897084
0 -0.0340462 -0.0719284 -0.0990099
0 -0.0368532 -0.0778842 -0.107207
0 -0.0390174 -0.0828484 -0.11411
0 -0.0406315 -0.086654 -0.119583
0 -0.0416664 -0.0891593 -0.123508
0 -0.0420365 -0.090236 -0.12571
0 -0.0417226 -0.089904 -0.125998
0 -0.0407861 -0.0882467 -0.12423
0 -0.0393488 -0.0853377 -0.120419
0 -0.037586 -0.0812704 -0.114749
0 -0.0356435 -0.0762002 -0.107485
0 -0.0335319 -0.0703765 -0.0990179
0 -0.0312521 -0.064107 -0.089808
0 -0.0289208 -0.0577526 -0.0803276
0 -0.0266156 -0.051608 -0.0710778
0 -0.0243075 -0.0457328 -0.0624614
0 -0.0220439 -0.0401452 -0.0546781
0 -0.0199062 -0.0350069 -0.047816
0 -0.017887 -0.0304885 -0.0419377
0 -0.0159527 -0.0266302 -0.0370015
0 -0.0141141 -0.023386 -0.0329446
0 -0.0124789 -0.0207395 -0.0297759
0 -0.0112153 -0.0186762 -0.0274703
0 -0.0104187 -0.0171788 -0.0259644
0 -0.0100898 -0.0163593 -0.0252082
0 -0.010223 -0.0163936 -0.0251705
0 -0.0107517 -0.0172989 -0.0258847
0 -0.0115576 -0.0189561 -0.0274512
0 -0.0126053 -0.0212265 -0.0299816
0 -0.0138337 -0.0239657 -0.0335353
0 -0.0151222 -0.027078 -0.0380446
0 -0.0164081 -0.0305214 -0.0433117
0 -0.0176819 -0.0342398 -0.0490689
0 -0.019008 -0.0381474 -0.0550301
0 -0.0205081 -0.0421682 -0.0609683
0 -0.0221886 -0.0462137 -0.0667018
0 -0.0239054 -0.0501167 -0.072011
0 -0.0255308 -0.0537323 -0.0767507
0 -0.026981 -0.0569928 -0.0808893
0 -0.0281598 -0.0597793 -0.0843989
0 -0.0289999 -0.061915 -0.0872608
0 -0.029484 -0.0632963 -0.0894133
0 -0.0295915 -0.0638934 -0.0907082
0 -0.0292969 -0.0636679 -0.0909761
0 -0.0286575 -0.0626354 -0.0900686
0 -0.0277874 -0.0608791 -0.0879173
0 -0.0267683 -0.0584628 -0.0845714
0 -0.0256563 -0.0554805 -0.0801825
0 -0.0244627 -0.0520715 -0.0749911
0 -0.0231536 -0.0483615 -0.0692977
0 -0.0217494 -0.04453 -0.0634413
0 -0.0203251 -0.0407528 -0.0577606
0 -0.0188896 -0.0370541 -0.0524688
0 -0.0174236 -0.0334848 -0.0476655
0 -0.015998 -0.0302061 -0.0434339
0 -0.0146863 -0.0272853 -0.0397523
0 -0.0135141 -0.0247349 -0.036557
0 -0.0125652 -0.0226422 -0.0338594
0 -0.0119521 -0.0210861 -0.0316786
0 -0.0116952 -0.0201008 -0.0300758
0 -0.0117564 -0.0197534 -0.0291801
0 -0.0121197 -0.0201242 -0.0291368
0 -0.0127524 -0.0212298 -0.0301195
0 -0.0136003 -0.0230346 -0.0322673
0 -0.0146322 -0.0254924 -0.0356008
0 -0.0158028 -0.0285285 -0.0400275
0 -0.0170621 -0.0320345 -0.045339
0 -0.0184119 -0.035899 -0.0512452
0 -0.0199032 -0.040006 -0.0574357
0 -0.0215558 -0.0442627 -0.0636524
0 -0.0232851 -0.0485292 -0.0696715
0 -0.0249992 -0.0525938 -0.0752609
0 -0.026658 -0.0563716 -0.0803161
0 -0.0282167 -0.0598637 -0.0848348
0 -0.0296206 -0.0630046 -0.0888262
0 -0.0308518 -0.0657464 -0.0923601
0 -0.0319354 -0.0681076 -0.095485
0 -0.0328677 -0.0700876 -0.0981881
0 -0.0336057 -0.0716589 -0.100434
0 -0.034105 -0.0728087 -0.102119
0 -0.0342903 -0.0734483 -0.103086
0 -0.0340653 -0.0733872 -0.103189
0 -0.0334327 -0.0724818 -0.102295
0 -0.0324771 -0.0706785 -0.10029
0 -0.0312444 -0.0679999 -0.0970869
0 -0.029788 -0.0645855 -0.092666
0 -0.0281862 -0.0606273 -0.0871399
0 -0.0265002 -0.0562984 -0.0807646
0 -0.0248107 -0.0517588 -0.0738936
0 -0.0232157 -0.0472141 -0.0669256
0 -0.021705 -0.0428456 -0.060247
0 -0.0201552 -0.0386653 -0.0540981
0 -0.0185561 -0.0347165 -0.0486022
0 -0.0170176 -0.0311673 -0.0439021
0 -0.0156207 -0.0280984 -0.0400439
0 -0.0144311 -0.0255357 -0.0369702
0 -0.0135173 -0.0235735 -0.0346303
0 -0.0129064 -0.022267 -0.0329428
0 -0.0125735 -0.0215509 -0.0318511
0 -0.0125037 -0.0213595 -0.0313854
0 -0.0127215 -0.0216964 -0.0316048
0 -0.0132179 -0.0225637 -0.0325823
0 -0.0139398 -0.0239793 -0.0343853
0 -0.014847 -0.0259997 -0.0370368
0 -0.0159091 -0.0286053 -0.0405316
0 -0.0171232 -0.0317122 -0.0448319
0 -0.0185175 -0.0352585 -0.0498536
0 -0.0200876 -0.0391668 -0.0554557
0 -0.0218104 -0.0433384 -0.0614252
0 -0.0235897 -0.0476781 -0.0675435
0 -0.0252373 -0.0519699 -0.0735743
0 -0.0266887 -0.0559016 -0.0792355
0 -0.027985 -0.059328 -0.084322
0 -0.0291074 -0.0622272 -0.0886652
0 -0.0300084 -0.0645306 -0.0920752
0 -0.0306651 -0.0661904 -0.0944376
0 -0.0310573 -0.0671831 -0.0956943
0 -0.0311371 -0.067408 -0.0958218
0 -0.0308719 -0.0667613 -0.0948447
0 -0.030257 -0.0652487 -0.0927916
0 -0.0292841 -0.0629282 -0.0897138
0 -0.0280018 -0.0599182 -0.0857156
0 -0.0265249 -0.0564188 -0.0809463
0 -0.0249607 -0.0526088 -0.0756069
0 -0.0234164 -0.0486569 -0.0699381
0 -0.022008 -0.0448013 -0.0642103
0 -0.0207456 -0.0412027 -0.0587072
0 -0.0195285 -0.0378485 -0.0536301
0 -0.0183473 -0.0347804 -0.0491259
0 -0.0172699 -0.0321081 -0.0453646
0 -0.0163086 -0.0298534 -0.0424154
0 -0.0154829 -0.028047 -0.040255
0 -0.0148599 -0.0267795 -0.038848
0 -0.0144707 -0.0260694 -0.0380967
0 -0.0142938 -0.0258444 -0.0378985
0 -0.0143277 -0.0260459 -0.0381945
0 -0.0145726 -0.0266234 -0.0389302
0 -0.0149806 -0.027508 -0.0400727
0 -0.0155112 -0.0286743 -0.0416085
0 -0.0161482 -0.0301263 -0.043528
0 -0.0168727 -0.0318473 -0.0458368
0 -0.0176846 -0.0338198 -0.0485267
0 -0.0185791 -0.036011 -0.0515536
0 -0.0195063 -0.0383369 -0.0548256
0 -0.0204074 -0.0406891 -0.0582
0 -0.0212623 -0.0429673 -0.0615264
0 -0.0220596 -0.0450914 -0.0646794
0 -0.0227709 -0.046991 -0.0675386
0 -0.0233887 -0.0486015 -0.0699757
0 -0.0239207 -0.0499036 -0.071895
0 -0.0243661 -0.0509161 -0.0732552
0 -0.0247267 -0.0516479 -0.0740712
0 -0.0250017 -0.0520894 -0.0744098
0 -0.0251732 -0.0522415 -0.0743578
0 -0.0252119 -0.052121 -0.0740006
0 -0.0251004 -0.0517463 -0.0734122
0 -0.0248495 -0.0511625 -0.0726484
0 -0.0244961 -0.0504296 -0.0717492
0 -0.0240949 -0.049595 -0.070739
0 -0.0237014 -0.0487189 -0.0696384
0 -0.0233587 -0.0478703 -0.0684825
0 -0.0230959 -0.0471082 -0.0673288
0 -0.0229218 -0.0464868 -0.066258
0 -0.0228268 -0.0460394 -0.0653632
0 -0.0227937 -0.0457706 -0.0647266
0 -0.0228027 -0.045671 -0.0644154
0 -0.0228377 -0.0457274 -0.0644648
0 -0.0228918 -0.045931 -0.0648615
0 -0.0229599 -0.0462685 -0.0655537
0 -0.0230296 -0.0467025 -0.0664363
0 -0.0230885 -0.0471671 -0.0673684
0 -0.0231373 -0.0475901 -0.0682152
0 -0.0231867 -0.0479157 -0.0688562
0 -0.0232391 -0.0481071 -0.0692059
0 -0.0232859 -0.0481527 -0.069231
0 -0.0233206 -0.0480682 -0.0689562
0 -0.0233426 -0.0478865 -0.068465
0 -0.0233514 -0.0476491 -0.0678718
0 -0.0233457 -0.0474001 -0.0672949
0 -0.0233317 -0.0471889 -0.0668426
0 -0.0233255 -0.0470681 -0.0665994
0 -0.0233422 -0.0470795 -0.0666133
0 -0.0233832 -0.0472329 -0.0668867
0 -0.023437 -0.0475009 -0.0673737
0 -0.023496 -0.0478396 -0.0680027
0 -0.0235653 -0.0482053 -0.0686945
0 -0.0236522 -0.0485646 -0.0693641
0 -0.0237543 -0.0488933 -0.0699328
0 -0.0238531 -0.0491622 -0.0703351
0 -0.0239172 -0.0493273 -0.0705215
0 -0.0239118 -0.0493317 -0.0704613
0 -0.0238053 -0.0491151 -0.0701339
0 -0.0235726 -0.0486306 -0.0695155
0 -0.0231946 -0.0478494 -0.0685699
0 -0.0226587 -0.046753 -0.0672447
0 -0.0219681 -0.0453322 -0.0654841
0 -0.0211551 -0.0435922 -0.063251
0 -0.0202775 -0.0415646 -0.0605361
0 -0.0193634 -0.0392953 -0.0573679
0 -0.0183955 -0.0368188 -0.0538185
0 -0.017386 -0.0341844 -0.0499903
0 -0.0163609 -0.0314684 -0.0460214
0 -0.0153333 -0.0287558 -0.0420877
0 -0.0143481 -0.0261596 -0.0383647
0 -0.0134637 -0.0238126 -0.0350143
0 -0.0127248 -0.0218386 -0.0321883
0 -0.0121842 -0.0203588 -0.0300248
0 -0.0118947 -0.0194843 -0.0286554
0 -0.0118885 -0.0192888 -0.0281918
0 -0.0121659 -0.0198013 -0.0287152
0 -0.012713 -0.0210177 -0.0302743
0 -0.013522 -0.0229209 -0.0328693
0 -0.0145637 -0.0254774 -0.0364447
0 -0.0157973 -0.0286168 -0.0408934
0 -0.0172048 -0.0322457 -0.046068
0 -0.018775 -0.0362687 -0.0518034
0 -0.0205293 -0.040596 -0.0579285
0 -0.0224805 -0.0451865 -0.0642969
0 -0.0245206 -0.049963 -0.070809
0 -0.0265133 -0.0547253 -0.0773108
0 -0.0284003 -0.0593041 -0.0836113
0 -0.0301316 -0.0635984 -0.0895878
0 -0.0316336 -0.0674766 -0.0950867
0 -0.0328752 -0.0707929 -0.0999309
0 -0.0338711 -0.0734571 -0.103973
0 -0.0346157 -0.0754397 -0.107043
0 -0.0350997 -0.0766913 -0.109004
0 -0.0353205 -0.0771757 -0.109779
0 -0.0352595 -0.0769387 -0.109353
0 -0.034927 -0.0760099 -0.10781
0 -0.0343494 -0.0744064 -0.105309
0 -0.0335298 -0.0722054 -0.102038
0 -0.0324795 -0.0694986 -0.0981919
0 -0.0312239 -0.066403 -0.0939314
0 -0.0298025 -0.063061 -0.089393
0 -0.0282876 -0.0595886 -0.0847062
0 -0.026772 -0.0560917 -0.0799821
0 -0.0253579 -0.0526876 -0.0753263
0 -0.0241082 -0.0494957 -0.0708354
0 -0.0229835 -0.0465667 -0.0665894
0 -0.0219201 -0.0438739 -0.0626594
0 -0.020927 -0.0414235 -0.0591035
0 -0.0200323 -0.0392311 -0.0559851
0 -0.019229 -0.0372759 -0.0533553
0 -0.0185112 -0.0355811 -0.0512084
0 -0.0179003 -0.0342089 -0.049514
0 -0.0174108 -0.0331784 -0.0482369
0 -0.0170513 -0.032469 -0.0473383
0 -0.0168498 -0.0320637 -0.0467957
0 -0.0168093 -0.0319319 -0.0465839
0 -0.0168741 -0.0320176 -0.0466629
0 -0.0169771 -0.0322671 -0.0469862
0 -0.0170831 -0.0326255 -0.0475016
0 -0.0171839 -0.03303 -0.0481538
0 -0.0172886 -0.0334453 -0.0488901
0 -0.0174275 -0.0338795 -0.0496642
0 -0.0176373 -0.0343753 -0.0504514
0 -0.0179415 -0.0349969 -0.0512653
0 -0.0183549 -0.0358005 -0.0521605
0 -0.0188804 -0.0368105 -0.0532231
0 -0.0194914 -0.038018 -0.0545442
0 -0.0201425 -0.0393902 -0.0561882
0 -0.0207878 -0.0408838 -0.0581721
0 -0.0213948 -0.0424591 -0.0604586
0 -0.0219648 -0.0440887 -0.062967
0 -0.0225324 -0.045755 -0.0655966
0 -0.0231427 -0.0474476 -0.0682473
0 -0.0238241 -0.0491672 -0.070814
0 -0.0245631 -0.0508962 -0.0732035
0 -0.0253214 -0.0525841 -0.0753765
0 -0.026073 -0.0541901 -0.0773413
0 -0.0267956 -0.0556861 -0.0791349
0 -0.0274451 -0.0570327 -0.0807939
0 -0.0279724 -0.0581948 -0.0823239
0 -0.0283554 -0.059156 -0.083707
0 -0.028603 -0.0599108 -0.0849074
0 -0.0287486 -0.0604614 -0.085877
0 -0.0288379 -0.0608254 -0.086566
0 -0.0288931 -0.0610152 -0.0869253
0 -0.0289006 -0.0610192 -0.0869154
0 -0.0288338 -0.0608125 -0.0865229
0 -0.0286671 -0.0603628 -0.0857661
0 -0.0283833 -0.0596435 -0.0846851
0 -0.0279816 -0.0586616 -0.0833275
0 -0.0274676 -0.0574504 -0.0817282
0 -0.0268464 -0.0560465 -0.0799019
0 -0.0261344 -0.0544839 -0.0778578
0 -0.0253662 -0.0527927 -0.075614
0 -0.0245837 -0.0510046 -0.0732023
0 -0.023825 -0.0491652 -0.0706643
0 -0.0231176 -0.0473351 -0.0680536
0 -0.0224586 -0.0455652 -0.0654416
0 -0.0218449 -0.0439075 -0.0629397
0 -0.0213346 -0.0424595 -0.0607046
0 -0.0209975 -0.0413381 -0.0589083
0 -0.0208528 -0.0406402 -0.0577139
0 -0.0208939 -0.0404496 -0.0572452
0 -0.0211014 -0.0408108 -0.057575
0 -0.0214485 -0.041696 -0.0587261
0 -0.0219191 -0.0430272 -0.0606499
0 -0.0224854 -0.0446958 -0.0632082
0 -0.0230878 -0.0465546 -0.0661767
0 -0.0236781 -0.0484505 -0.0693015
0 -0.0242387 -0.0502754 -0.0723249
0 -0.0247534 -0.0519242 -0.0749885
0 -0.0252171 -0.0532799 -0.077105
0 -0.0256484 -0.0543093 -0.0785785
0 -0.0260454 -0.0550338 -0.0793866
0 -0.0263709 -0.0554496 -0.0795943
0 -0.0265795 -0.0555605 -0.0793208
0 -0.0266258 -0.0553745 -0.0786951
0 -0.0264654 -0.0548705 -0.077824
0 -0.0260784 -0.054035 -0.0767565
0 -0.0254871 -0.0528933 -0.0754841
0 -0.0247459 -0.0514859 -0.0739598
0 -0.0239319 -0.0498675 -0.0721199
0 -0.023134 -0.0481138 -0.0699246
0 -0.0224129 -0.0462987 -0.0673842
0 -0.0217659 -0.0444767 -0.0645728
0 -0.0211605 -0.0426699 -0.0616272
0 -0.0205785 -0.0408915 -0.0587063
0 -0.0199934 -0.0391639 -0.0559627
0 -0.0193804 -0.0375105 -0.0535341
0 -0.018752 -0.0359797 -0.0515105
0 -0.0181394 -0.0346441 -0.049912
0 -0.0175848 -0.0335584 -0.0487139
0 -0.0171467 -0.0327538 -0.0478675
0 -0.0168767 -0.0322519 -0.0473224
0 -0.0168016 -0.0320616 -0.0470577
0 -0.0169226 -0.0321882 -0.047086
0 -0.0172163 -0.0326421 -0.0474545
0 -0.0176438 -0.0334198 -0.0482315
0 -0.0181632 -0.0344949 -0.0494745
0 -0.018741 -0.0358342 -0.0512135
0 -0.0193615 -0.0374045 -0.0534365
0 -0.0200259 -0.0391764 -0.0560799
0 -0.02074 -0.041124 -0.0590358
0 -0.0215038 -0.0432091 -0.0621653
0 -0.0223135 -0.0453708 -0.0653347
0 -0.0231724 -0.0475405 -0.0684331
0 -0.0240669 -0.0496601 -0.0713652
0 -0.0249365 -0.0516613 -0.074063
0 -0.0257242 -0.0534688 -0.0764815
0 -0.026409 -0.0550434 -0.0785877
0 -0.0269747 -0.0563633 -0.0803635
0 -0.0274043 -0.0573974 -0.0817891
0 -0.0276928 -0.0581237 -0.0828369
0 -0.0278431 -0.0585378 -0.08348
0 -0.027857 -0.0586386 -0.083693
0 -0.0277477 -0.0584312 -0.0834629
0 -0.0275396 -0.0579415 -0.0828014
0 -0.0272475 -0.0572011 -0.0817427
0 -0.0268821 -0.0562423 -0.0803423
0 -0.0264537 -0.0551097 -0.0786741
0 -0.025965 -0.0538456 -0.0768212
0 -0.0254232 -0.0524869 -0.0748682
0 -0.024845 -0.0510792 -0.072891
0 -0.0242569 -0.0496757 -0.0709539
0 -0.0236993 -0.0483377 -0.069114
0 -0.0232149 -0.0471318 -0.067425
0 -0.0228297 -0.0461122 -0.0659424
0 -0.0225456 -0.0453185 -0.064726
0 -0.0223523 -0.044764 -0.0638194
0 -0.0222309 -0.0444211 -0.0632394
0 -0.0221527 -0.0442493 -0.0629864
0 -0.022102 -0.044219 -0.063036
0 -0.0220816 -0.04431 -0.0633372
0 -0.022101 -0.0445168 -0.0638288
0 -0.0221788 -0.0448438 -0.064449
0 -0.0223284 -0.0452833 -0.065143
0 -0.0225449 -0.0458127 -0.0658702
0 -0.0228118 -0.0464053 -0.0666098
0 -0.0231067 -0.0470318 -0.0673616
0 -0.0234049 -0.0476646 -0.0681355
0 -0.0236871 -0.0482846 -0.0689402
0 -0.0239421 -0.0488834 -0.0697784
0 -0.0241656 -0.0494573 -0.070641
0 -0.0243594 -0.0499996 -0.0714988
0 -0.024524 -0.0504976 -0.0723048
0 -0.0246594 -0.0509316 -0.0730052
0 -0.0247697 -0.0512779 -0.0735529
0 -0.0248566 -0.0515195 -0.0739145
0 -0.0249153 -0.0516443 -0.0740709
0 -0.0249339 -0.0516404 -0.0740188
0 -0.0248967 -0.0515008 -0.0737665
0 -0.0247919 -0.051223 -0.073331
0 -0.0246205 -0.050809 -0.0727375
0 -0.024399 -0.0502794 -0.0720172
0 -0.0241547 -0.0496772 -0.071206
0 -0.0239116 -0.0490518 -0.0703399
0 -0.0236815 -0.0484442 -0.0694515
0 -0.023468 -0.0478785 -0.0685772
0 -0.0232755 -0.0473647 -0.0677571
0 -0.0231068 -0.0469062 -0.0670288
0 -0.0229617 -0.0465081 -0.0664272
0 -0.0228418 -0.0461854 -0.0659759
0 -0.0227485 -0.045956 -0.0656828
0 -0.0226837 -0.0458296 -0.065546
0 -0.0226538 -0.0458088 -0.0655555
0 -0.0226676 -0.0458893 -0.0656992
0 -0.022735 -0.0460674 -0.0659691
0 -0.0228589 -0.0463452 -0.0663594
0 -0.0230289 -0.0467193 -0.0668609
0 -0.0232255 -0.0471734 -0.0674586
0 -0.0234297 -0.047679 -0.0681356
0 -0.0236293 -0.0482004 -0.0688705
0 -0.0238134 -0.0487019 -0.0696297
0 -0.023966 -0.0491525 -0.0703663
0 -0.0240756 -0.0495242 -0.0710202
0 -0.0241354 -0.0497932 -0.0715255
0 -0.024141 -0.0499352 -0.071823
0 -0.0240938 -0.0499201 -0.0718647
0 -0.0239941 -0.0497238 -0.0716206
0 -0.0238411 -0.0493422 -0.0710854
0 -0.0236433 -0.0487955 -0.070283
0 -0.0234116 -0.0481247 -0.0692637
0 -0.0231598 -0.0473823 -0.0680995
0 -0.0229084 -0.0466227 -0.0668784
0 -0.0226731 -0.0458966 -0.0656962
0 -0.0224651 -0.0452512 -0.0646479
0 -0.0222915 -0.0447204 -0.0638054
0 -0.0221442 -0.044316 -0.0632036
0 -0.0220055 -0.0440275 -0.0628432
0 -0.0218603 -0.043823 -0.0626818
0 -0.0217072 -0.0436641 -0.0626506
0 -0.0215634 -0.0435264 -0.0626793
0 -0.0214605 -0.0434124 -0.0627092
0 -0.0214313 -0.0433529 -0.0627128
0 -0.0214987 -0.0433961 -0.0627058
0 -0.0216719 -0.0435914 -0.0627498
0 -0.0219433 -0.0439689 -0.0629392
0 -0.0222852 -0.0445293 -0.063374
0 -0.0226558 -0.045247 -0.0641269
0 -0.0230117 -0.0460788 -0.065219
0 -0.0233232 -0.0469774 -0.0666111
0 -0.0235925 -0.0479055 -0.0682201
0 -0.0238469 -0.0488414 -0.0699305
0 -0.0241124 -0.0497745 -0.0716032
0 -0.0244056 -0.0506838 -0.073104
0 -0.0247312 -0.0515285 -0.0743272
0 -0.0250684 -0.0522656 -0.0752206
0 -0.0253818 -0.0528488 -0.0757872
0 -0.0256358 -0.0532363 -0.0760684
0 -0.0257882 -0.0534075 -0.076121
0 -0.0258022 -0.0533571 -0.0759856
0 -0.0256642 -0.0530862 -0.0756753
0 -0.025388 -0.0526047 -0.0751806
0 -0.0250119 -0.0519314 -0.0744742
0 -0.0245803 -0.0510879 -0.0735199
0 -0.024128 -0.0501025 -0.0722907
0 -0.0236817 -0.0490131 -0.0707902
0 -0.0232588 -0.0478629 -0.069064
0 -0.0228645 -0.0466996 -0.0671996
0 -0.022487 -0.0455485 -0.0653027
0 -0.0221052 -0.0444185 -0.0634826
0 -0.0217109 -0.0433359 -0.0618347
0 -0.0213057 -0.0423208 -0.0604158
0 -0.0208966 -0.0413914 -0.0592542
0 -0.020509 -0.04059 -0.0583456
0 -0.0201861 -0.0399597 -0.0576663
0 -0.0199698 -0.0395329 -0.0571985
0 -0.0198884 -0.0393367 -0.056934
0 -0.0199541 -0.0393862 -0.0568889
0 -0.0201512 -0.0396813 -0.0570998
0 -0.0204425 -0.040206 -0.0576064
0 -0.0207901 -0.0409298 -0.0584392
0 -0.0211635 -0.0418168 -0.0596086
0 -0.0215549 -0.0428438 -0.0611001
0 -0.0219833 -0.0440085 -0.0628757
0 -0.0224707 -0.0453169 -0.0648767
0 -0.0230297 -0.0467668 -0.067038
0 -0.0236665 -0.048338 -0.0692877
0 -0.0243619 -0.0499878 -0.0715516
0 -0.0250539 -0.0516353 -0.0737637
0 -0.0256776 -0.05317 -0.0758481
0 -0.0262 -0.054499 -0.0777283
0 -0.0266 -0.0555634 -0.0793267
0 -0.0268634 -0.0563276 -0.0805559
0 -0.0269992 -0.0567815 -0.0813452
0 -0.02703 -0.0569363 -0.081653
0 -0.0269786 -0.056813 -0.081474
0 -0.0268619 -0.0564328 -0.0808435
0 -0.0266814 -0.0558233 -0.0798286
0 -0.026429 -0.0550205 -0.0785222
0 -0.0261014 -0.0540657 -0.0770332
0 -0.025705 -0.0530086 -0.0754662
0 -0.0252538 -0.0518992 -0.0739054
0 -0.0247718 -0.0507828 -0.0724071
0 -0.0242884 -0.0497018 -0.0709974
0 -0.0238314 -0.048691 -0.0696812
0 -0.0234207 -0.0477663 -0.0684533
0 -0.0230632 -0.0469316 -0.0673069
0 -0.022758 -0.0461891 -0.0662441
0 -0.0225042 -0.0455402 -0.0652827
0 -0.0223071 -0.0449951 -0.0644538
0 -0.022172 -0.0445752 -0.063796
0 -0.0220942 -0.0442985 -0.0633442
0 -0.0220606 -0.0441698 -0.0631184
0 -0.0220559 -0.044177 -0.0631177
0 -0.0220682 -0.044291 -0.0633198
0 -0.0220941 -0.0444783 -0.0636843
0 -0.022138 -0.0447144 -0.0641572
0 -0.0222034 -0.0449828 -0.0646792
0 -0.0222886 -0.0452701 -0.0651923
0 -0.0223917 -0.0455651 -0.0656517
0 -0.0225141 -0.0458595 -0.0660388
0 -0.0226592 -0.0461509 -0.0663639
0 -0.0228242 -0.0464417 -0.0666548
0 -0.0229944 -0.0467342 -0.0669426
0 -0.0231507 -0.0470268 -0.0672542
0 -0.0232802 -0.0473144 -0.067608
0 -0.0233799 -0.047589 -0.068009
0 -0.0234589 -0.0478469 -0.0684496
0 -0.0235388 -0.0481002 -0.0689168
0 -0.0236399 -0.0483733 -0.0693943
0 -0.0237726 -0.0486873 -0.0698682
0 -0.0239386 -0.0490501 -0.0703316
0 -0.0241318 -0.0494544 -0.0707896
0 -0.0243388 -0.0498771 -0.0712579
0 -0.0245358 -0.0502867 -0.0717447
0 -0.0246993 -0.0506584 -0.0722467
0 -0.0248137 -0.0509749 -0.0727469
0 -0.0248735 -0.051224 -0.0732094
0 -0.0248871 -0.0513964 -0.0735874
0 -0.024866 -0.0514808 -0.0738308
0 -0.0248154 -0.0514593 -0.0738893
0 -0.0247319 -0.05131 -0.0737219
0 -0.0246038 -0.0510135 -0.0733058
0 -0.0244185 -0.0505567 -0.0726377
0 -0.0241718 -0.0499369 -0.0717354
0 -0.0238698 -0.0491709 -0.0706341
0 -0.0235258 -0.0482934 -0.069378
0 -0.0231577 -0.0473455 -0.0680162
0 -0.0227835 -0.0463693 -0.0665998
0 -0.0224153 -0.0454073 -0.0651847
0 -0.0220655 -0.0444962 -0.0638337
0 -0.0217476 -0.0436589 -0.0625982
0 -0.0214623 -0.0429103 -0.0615139
0 -0.0212029 -0.0422598 -0.0606073
0 -0.0209672 -0.0417113 -0.0598845
0 -0.020755 -0.0412652 -0.0593345
0 -0.0205713 -0.0409159 -0.0589379
0 -0.0204292 -0.0406581 -0.0586684
0 -0.0203413 -0.0404928 -0.0585041
0 -0.0203136 -0.0404252 -0.0584322
0 -0.0203439 -0.040459 -0.0584475
0 -0.0204248 -0.0405943 -0.0585586
0 -0.0205522 -0.040832 -0.0587906
0 -0.0207265 -0.0411752 -0.0591753
0 -0.0209449 -0.0416296 -0.0597401
0 -0.021203 -0.0422043 -0.0605031
0 -0.0215021 -0.04291 -0.0614718
0 -0.0218484 -0.0437553 -0.0626462
0 -0.0222495 -0.044742 -0.0640186
0 -0.0227073 -0.0458592 -0.0655712
0 -0.0232113 -0.0470811 -0.0672754
0 -0.0237417 -0.0483665 -0.0690843
0 -0.0242693 -0.049666 -0.0709339
0 -0.0247581 -0.0509281 -0.0727605
0 -0.025193 -0.0520999 -0.0744965
0 -0.0255876 -0.0531481 -0.0760744
0 -0.0259551 -0.0540693 -0.0774414
0 -0.0262958 -0.0548631 -0.0785538
0 -0.0265953 -0.0555159 -0.0793849
0 -0.0268303 -0.0560039 -0.0799331
0 -0.026977 -0.0562931 -0.0802087
0 -0.0270113 -0.0563461 -0.0802223
0 -0.0269174 -0.0561435 -0.0799757
0 -0.0266923 -0.0556875 -0.0794569
0 -0.0263477 -0.054993 -0.0786478
0 -0.0259121 -0.0540882 -0.0775362
0 -0.0254211 -0.0530063 -0.0761254
0 -0.0249026 -0.0517783 -0.0744394
0 -0.02437 -0.0504369 -0.0725215
0 -0.0238262 -0.0490171 -0.0704318
0 -0.0232728 -0.0475555 -0.068244
0 -0.0227087 -0.0460772 -0.0660325
0 -0.022131 -0.0445966 -0.0638747
0 -0.0215516 -0.0431535 -0.0618432
0 -0.0210036 -0.041802 -0.0599929
0 -0.0205157 -0.040592 -0.0583732
0 -0.0201084 -0.0395838 -0.0570232
0 -0.0198088 -0.0388334 -0.0559768
0 -0.019639 -0.0383718 -0.0552744
0 -0.0196086 -0.0382156 -0.0549568
0 -0.019717 -0.0383736 -0.055062
0 -0.0199494 -0.0388398 -0.0556144
0 -0.0202814 -0.0395983 -0.0566164
0 -0.0206952 -0.0406287 -0.0580482
0 -0.0211861 -0.041904 -0.0598717
0 -0.0217565 -0.0433945 -0.0620316
0 -0.0224067 -0.0450698 -0.0644559
0 -0.0231301 -0.0468903 -0.0670705
0 -0.0239194 -0.0488101 -0.0697967
0 -0.0247476 -0.0507861 -0.0725556
0 -0.0255573 -0.0527517 -0.0752735
0 -0.0263107 -0.0546153 -0.07787
0 -0.026999 -0.0563144 -0.0802685
0 -0.027602 -0.057807 -0.0823945
0 -0.0280898 -0.0590385 -0.0841655
0 -0.0284435 -0.0599622 -0.0855079
0 -0.0286495 -0.0605427 -0.086361
0 -0.028695 -0.0607403 -0.086679
0 -0.0285801 -0.0605275 -0.0864351
0 -0.0283096 -0.0599068 -0.0856208
0 -0.0278858 -0.0588984 -0.0842504
0 -0.0273251 -0.05754 -0.0823691
0 -0.0266544 -0.0558925 -0.0800509
0 -0.0258978 -0.054019 -0.0773901
0 -0.0250808 -0.0519821 -0.0744924
0 -0.024236 -0.049862 -0.0714709
0 -0.0234051 -0.0477534 -0.0684385
0 -0.0226173 -0.04572 -0.0654896
0 -0.0218682 -0.043793 -0.0627152
0 -0.0211699 -0.042034 -0.0602073
0 -0.0205678 -0.0405049 -0.0580382
0 -0.020073 -0.0392313 -0.0562675
0 -0.0196728 -0.0382434 -0.0549243
0 -0.0193757 -0.0375626 -0.0540098
0 -0.0191844 -0.0371732 -0.0535149
0 -0.0190973 -0.0370556 -0.0534157
0 -0.0191294 -0.0372004 -0.0536859
0 -0.0192879 -0.0375993 -0.0542965
0 -0.0195603 -0.0382489 -0.0552149
0 -0.0199339 -0.039139 -0.0564127
0 -0.0203952 -0.0402405 -0.0578673
0 -0.0209249 -0.0415133 -0.0595589
0 -0.0215054 -0.0429151 -0.0614614
0 -0.0221141 -0.0444024 -0.0635324
0 -0.0227227 -0.0459311 -0.0657131
0 -0.0233167 -0.0474583 -0.0679394
0 -0.0238898 -0.0489433 -0.070133
0 -0.0244237 -0.0503446 -0.0722088
0 -0.0249037 -0.0516143 -0.0740903
0 -0.0253287 -0.0527099 -0.0756977
0 -0.0256953 -0.0536086 -0.0769719
0 -0.0259943 -0.0542948 -0.0778843
0 -0.0262162 -0.0547522 -0.0784285
0 -0.0263511 -0.0549748 -0.0786267
0 -0.0263893 -0.054968 -0.0785166
0 -0.0263214 -0.0547377 -0.0781342
0 -0.0261432 -0.054295 -0.0775115
0 -0.025862 -0.0536618 -0.0766746
0 -0.025497 -0.0528617 -0.075642
0 -0.0250744 -0.0519231 -0.0744293
0 -0.0246222 -0.0508854 -0.0730563
0 -0.0241718 -0.0497952 -0.0715572
0 -0.0237539 -0.0487089 -0.0699867
0 -0.0233864 -0.0476857 -0.0684172
0 -0.0230737 -0.0467616 -0.0669281
0 -0.022807 -0.0459532 -0.0656007
0 -0.0225657 -0.0452693 -0.064503
0 -0.022339 -0.0447022 -0.0636707
0 -0.0221259 -0.0442414 -0.0631087
0 -0.0219297 -0.0438919 -0.0627951
0 -0.0217714 -0.0436666 -0.0626863
0 -0.0216827 -0.0435827 -0.0627367
0 -0.0216864 -0.0436557 -0.062912
0 -0.0217869 -0.0438812 -0.0631888
0 -0.0219658 -0.044233 -0.0635564
0 -0.0221868 -0.0446728 -0.0640165
0 -0.0224134 -0.045158 -0.0645735
0 -0.0226196 -0.0456504 -0.0652248
0 -0.0227897 -0.0461232 -0.0659515
0 -0.0229211 -0.0465617 -0.0667154
0 -0.0230271 -0.0469617 -0.0674658
0 -0.0231282 -0.0473284 -0.0681485
0 -0.0232443 -0.047674 -0.0687257
0 -0.0233877 -0.048005 -0.0691786
0 -0.0235519 -0.048314 -0.0695047
0 -0.0237152 -0.0485869 -0.0697233
0 -0.0238582 -0.0488092 -0.0698708
0 -0.0239684 -0.0489746 -0.069989
0 -0.0240373 -0.049087 -0.0701086
0 -0.0240641 -0.0491571 -0.0702428
0 -0.0240586 -0.0492017 -0.0703912
0 -0.0240384 -0.0492369 -0.0705407
0 -0.0240224 -0.0492721 -0.0706714
0 -0.0240209 -0.0493092 -0.0707637
0 -0.0240333 -0.0493402 -0.0708015
0 -0.0240481 -0.0493506 -0.0707754
0 -0.0240474 -0.0493208 -0.0706811
0 -0.0240155 -0.0492321 -0.0705194
0 -0.0239447 -0.0490721 -0.0702929
0 -0.023836 -0.0488388 -0.0700024
0 -0.0236989 -0.0485429 -0.0696473
0 -0.0235417 -0.0481994 -0.0692236
0 -0.0233697 -0.0478176 -0.0687245
0 -0.023189 -0.0474018 -0.0681474
0 -0.0230033 -0.0469533 -0.0674975
0 -0.0228167 -0.0464756 -0.0667917
0 -0.0226341 -0.0459802 -0.066055
0 -0.0224543 -0.0454848 -0.0653146
0 -0.0222763 -0.0450057 -0.0645994
0 -0.0221026 -0.0445555 -0.0639358
0 -0.0219379 -0.0441453 -0.0633466
0 -0.02179 -0.0437849 -0.0628502
0 -0.0216662 -0.0434852 -0.0624571
0 -0.021572 -0.0432598 -0.0621712
0 -0.0215158 -0.0431246 -0.0619983
0 -0.0215088 -0.0430957 -0.0619492
0 -0.0215602 -0.0431856 -0.0620381
0 -0.0216713 -0.0434014 -0.0622815
0 -0.0218374 -0.0437447 -0.0626941
0 -0.0220526 -0.0442153 -0.063289
0 -0.0223101 -0.0448098 -0.0640742
0 -0.0226014 -0.0455159 -0.0650435
0 -0.0229176 -0.0463133 -0.0661762
0 -0.0232522 -0.0471787 -0.0674407
0 -0.0236054 -0.0480896 -0.0687954
0 -0.0239778 -0.0490306 -0.0701936
0 -0.0243642 -0.0499927 -0.0715961
0 -0.0247606 -0.0509595 -0.0729666
0 -0.025161 -0.0519093 -0.0742698
0 -0.0255506 -0.0528163 -0.0754812
0 -0.0259123 -0.0536487 -0.0765799
0 -0.0262274 -0.0543745 -0.0775433
0 -0.0264727 -0.0549612 -0.0783486
0 -0.026631 -0.0553813 -0.0789651
0 -0.0266954 -0.0556135 -0.079357
0 -0.0266658 -0.0556414 -0.0794894
0 -0.026553 -0.055462 -0.0793335
0 -0.0263723 -0.0550829 -0.078873
0 -0.0261291 -0.0545133 -0.0781045
0 -0.0258203 -0.0537609 -0.077038
0 -0.0254378 -0.0528272 -0.0756964
0 -0.0249691 -0.0517065 -0.0741075
0 -0.0244114 -0.0504022 -0.0723032
0 -0.0237857 -0.0489409 -0.0703198
0 -0.0231309 -0.0473748 -0.0681963
0 -0.0224843 -0.0457701 -0.065977
0 -0.021862 -0.0441839 -0.0637187
0 -0.0212724 -0.0426639 -0.0614953
0 -0.020739 -0.0412527 -0.059389
0 -0.0202765 -0.0399821 -0.0574859
0 -0.0198798 -0.038882 -0.0558685
0 -0.0195469 -0.0379894 -0.0545942
0 -0.0192831 -0.0373371 -0.0536989
0 -0.0190997 -0.0369455 -0.0532029
0 -0.0190203 -0.0368285 -0.0531067
0 -0.0190689 -0.0369943 -0.0534001
0 -0.0192558 -0.0374498 -0.0540682
0 -0.0195789 -0.0381994 -0.0550913
0 -0.0200194 -0.0392247 -0.0564446
0 -0.020542 -0.0404769 -0.0580949
0 -0.0211136 -0.0418915 -0.0600009
0 -0.0217106 -0.0434036 -0.0621113
0 -0.0223129 -0.0449562 -0.0643576
0 -0.0229074 -0.0465067 -0.0666619
0 -0.0234942 -0.0480265 -0.0689424
0 -0.024069 -0.0494965 -0.0711165
0 -0.024619 -0.0508886 -0.0731156
0 -0.0251405 -0.0521614 -0.0748856
0 -0.0256308 -0.0532879 -0.0763943
0 -0.0260787 -0.0542556 -0.0776361
0 -0.0264664 -0.0550522 -0.0786175
0 -0.0267692 -0.055666 -0.0793544
0 -0.0269709 -0.0560909 -0.0798677
0 -0.0270689 -0.0563236 -0.0801722
0 -0.0270691 -0.0563641 -0.0802745
0 -0.0269878 -0.0562278 -0.080173
0 -0.0268469 -0.0559417 -0.0798633
0 -0.026668 -0.0555368 -0.0793502
0 -0.0264694 -0.0550441 -0.078653
0 -0.0262591 -0.0544845 -0.0778044
0 -0.0260322 -0.0538648 -0.0768463
0 -0.025777 -0.053188 -0.0758226
0 -0.0254842 -0.0524577 -0.0747722
0 -0.0251478 -0.0516784 -0.073718
0 -0.0247688 -0.050857 -0.0726629
0 -0.0243657 -0.0500073 -0.0716013
0 -0.0239685 -0.0491533 -0.0705272
0 -0.0236023 -0.0483218 -0.0694358
0 -0.0232815 -0.0475342 -0.0683332
0 -0.0230084 -0.0468083 -0.0672407
0 -0.0227741 -0.04615 -0.066189
0 -0.0225609 -0.0455507 -0.0652193
0 -0.0223523 -0.0449977 -0.0643632
0 -0.0221383 -0.0444775 -0.0636324
0 -0.0219106 -0.043981 -0.0630242
0 -0.0216728 -0.0435113 -0.0625151
0 -0.0214432 -0.0430808 -0.062073
0 -0.021242 -0.0426997 -0.0616669
0 -0.021087 -0.0423761 -0.0612732
0 -0.020987 -0.0421137 -0.0608861
0 -0.0209352 -0.0419091 -0.0605154
0 -0.020914 -0.0417545 -0.0601833
0 -0.0209032 -0.0416408 -0.0599179
0 -0.0208918 -0.0415637 -0.0597488
0 -0.0208829 -0.0415309 -0.0597012
0 -0.0208876 -0.0415595 -0.0597876
0 -0.0209206 -0.0416703 -0.0600074
0 -0.0209979 -0.0418848 -0.0603549
0 -0.0211319 -0.0422177 -0.0608233
0 -0.0213255 -0.0426676 -0.0614078
0 -0.0215704 -0.04322 -0.0621056
0 -0.021851 -0.0438546 -0.0629142
0 -0.0221485 -0.0445468 -0.0638269
0 -0.022445 -0.0452716 -0.0648286
0 -0.0227304 -0.0460077 -0.0658955
0 -0.023005 -0.0467406 -0.0669989
0 -0.0232748 -0.0474599 -0.0681026
0 -0.0235436 -0.0481578 -0.0691634
0 -0.0238052 -0.0488235 -0.0701429
0 -0.0240485 -0.0494341 -0.0710067
0 -0.0242668 -0.0499662 -0.071729
0 -0.0244548 -0.0504024 -0.0723023
0 -0.0246033 -0.0507255 -0.0727216
0 -0.0246999 -0.0509259 -0.0729829
0 -0.0247341 -0.0510013 -0.0730841
0 -0.0247029 -0.0509485 -0.0730227
0 -0.0246143 -0.0507713 -0.0728028
0 -0.0244832 -0.0504826 -0.0724323
0 -0.0243238 -0.0501003 -0.0719223
0 -0.0241503 -0.0496516 -0.0712938
0 -0.0239751 -0.049171 -0.0705795
0 -0.0238059 -0.0486879 -0.0698209
0 -0.0236496 -0.0482256 -0.0690683
0 -0.02351 -0.0478052 -0.0683734
0 -0.0233855 -0.0474398 -0.0677779
0 -0.0232758 -0.0471378 -0.0673153
0 -0.023186 -0.046915 -0.0670081
0 -0.0231266 -0.0467901 -0.0668684
0 -0.0231093 -0.0467759 -0.0668978
0 -0.0231397 -0.0468775 -0.0670829
0 -0.0232171 -0.0470912 -0.0674059
0 -0.023341 -0.0474057 -0.0678516
0 -0.0235087 -0.0478064 -0.0684043
0 -0.0237107 -0.0482765 -0.0690491
0 -0.0239317 -0.0487966 -0.0697685
0 -0.024156 -0.049343 -0.0705388
0 -0.0243703 -0.0498919 -0.0713339
0 -0.024569 -0.0504236 -0.0721254
0 -0.0247569 -0.0509263 -0.072885
0 -0.0249394 -0.051394 -0.0735865
0 -0.025115 -0.0518218 -0.0742031
0 -0.0252736 -0.0521972 -0.0747095
0 -0.0253972 -0.052493 -0.0750847
0 -0.02547 -0.0526785 -0.0753141
0 -0.0254821 -0.0527298 -0.0753868
0 -0.0254248 -0.0526284 -0.0752879
0 -0.0252954 -0.0523699 -0.075001
0 -0.0251015 -0.0519657 -0.0745149
0 -0.0248551 -0.051429 -0.0738253
0 -0.0245694 -0.0507744 -0.0729391
0 -0.0242591 -0.0500219 -0.0718788
0 -0.0239363 -0.0491944 -0.0706796
0 -0.0236067 -0.0483196 -0.0693859
0 -0.0232692 -0.0474264 -0.068046
0 -0.0229229 -0.0465294 -0.0667028
0 -0.0225689 -0.0456369 -0.0653968
0 -0.0222095 -0.0447645 -0.0641682
0 -0.0218601 -0.0439306 -0.0630418
0 -0.0215367 -0.0431569 -0.0620291
0 -0.0212434 -0.0424675 -0.0611352
0 -0.0209894 -0.0418808 -0.0603604
0 -0.0207851 -0.0414048 -0.0597063
0 -0.0206314 -0.0410364 -0.0591774
0 -0.0205277 -0.0407684 -0.0587794
0 -0.0204741 -0.0406006 -0.0585228
0 -0.0204676 -0.040542 -0.0584214
0 -0.0205058 -0.0406028 -0.0584855
0 -0.0205889 -0.0407895 -0.0587238
0 -0.0207208 -0.0411053 -0.0591438
0 -0.0209063 -0.0415498 -0.0597471
0 -0.0211446 -0.0421175 -0.0605277
0 -0.0214287 -0.0428007 -0.0614717
0 -0.0217537 -0.0435911 -0.0625629
0 -0.0221172 -0.0444786 -0.0637858
0 -0.0225155 -0.0454481 -0.0651229
0 -0.0229414 -0.0464788 -0.0665532
0 -0.0233834 -0.0475435 -0.0680485
0 -0.0238252 -0.048613 -0.069568
0 -0.0242426 -0.0496558 -0.0710667
0 -0.024616 -0.0506333 -0.0724965
0 -0.0249425 -0.0515101 -0.0738006
0 -0.0252268 -0.0522638 -0.0749301
0 -0.0254747 -0.0528868 -0.0758455
0 -0.0256904 -0.0533793 -0.0765214
0 -0.02587 -0.0537412 -0.0769569
0 -0.0260062 -0.0539748 -0.0771716
0 -0.0260922 -0.054081 -0.0771997
0 -0.0261152 -0.0540553 -0.077076
0 -0.0260636 -0.0538986 -0.0768271
0 -0.0259347 -0.0536155 -0.0764661
0 -0.0257302 -0.0532088 -0.075988
0 -0.0254599 -0.0526828 -0.0753755
0 -0.0251439 -0.0520458 -0.0746099
0 -0.0248027 -0.0513096 -0.0736787
0 -0.024449 -0.0504906 -0.0725803
0 -0.0240891 -0.0496043 -0.0713267
0 -0.0237241 -0.0486667 -0.0699482
0 -0.0233537 -0.0476993 -0.068492
0 -0.022983 -0.0467213 -0.0670123
0 -0.0226198 -0.0457525 -0.0655673
0 -0.0222667 -0.0448252 -0.0642196
0 -0.0219349 -0.0439775 -0.0630194
0 -0.0216409 -0.0432387 -0.061999
0 -0.0213883 -0.0426305 -0.0611803
0 -0.0211816 -0.0421647 -0.0605687
0 -0.0210325 -0.0418437 -0.0601598
0 -0.0209448 -0.0416655 -0.0599463
0 -0.0209173 -0.0416229 -0.0599124
0 -0.0209469 -0.0417053 -0.0600402
0 -0.0210243 -0.0419008 -0.0603132
0 -0.0211428 -0.0421971 -0.060717
0 -0.0213034 -0.0425859 -0.0612446
0 -0.021505 -0.0430617 -0.0618914
0 -0.0217407 -0.0436169 -0.0626473
0 -0.022001 -0.0442405 -0.063499
0 -0.0222763 -0.0449172 -0.064431
0 -0.022558 -0.0456257 -0.0654223
0 -0.0228399 -0.0463429 -0.0664491
0 -0.0231192 -0.0470513 -0.0674857
0 -0.0233951 -0.0477391 -0.0685017
0 -0.0236642 -0.0484007 -0.0694696
0 -0.0239233 -0.0490332 -0.0703713
0 -0.0241701 -0.049626 -0.0711901
0 -0.0243968 -0.0501609 -0.0719108
0 -0.0245919 -0.0506185 -0.0725216
0 -0.0247446 -0.0509791 -0.0730112
0 -0.0248488 -0.0512319 -0.0733711
0 -0.0249039 -0.0513761 -0.0735935
0 -0.024911 -0.051413 -0.0736713
0 -0.0248778 -0.0513497 -0.0736043
0 -0.0248165 -0.0512011 -0.0734005
0 -0.0247357 -0.0509815 -0.0730759
0 -0.02464 -0.0507056 -0.0726529
0 -0.0245291 -0.0503873 -0.0721574
0 -0.0244013 -0.0500369 -0.0716177
0 -0.0242587 -0.049666 -0.0710628
0 -0.0241072 -0.0492881 -0.0705174
0 -0.023953 -0.0489147 -0.0699993
0 -0.0238028 -0.0485601 -0.0695212
0 -0.0236651 -0.0482405 -0.0690903
0 -0.0235446 -0.0479634 -0.0687107
0 -0.0234409 -0.0477277 -0.0683824
0 -0.023351 -0.0475271 -0.0680999
0 -0.0232671 -0.0473471 -0.0678538
0 -0.0231827 -0.0471731 -0.0676323
0 -0.0230943 -0.0469959 -0.0674205
0 -0.023 -0.0468084 -0.0672037
0 -0.022905 -0.0466117 -0.0669716
0 -0.0228173 -0.0464132 -0.0667193
0 -0.02274 -0.0462189 -0.0664464
0 -0.0226743 -0.046035 -0.0661599
0 -0.0226207 -0.0458672 -0.0658748
0 -0.0225769 -0.0457182 -0.0656099
0 -0.0225396 -0.0455895 -0.0653836
0 -0.0225081 -0.0454859 -0.0652127
0 -0.0224858 -0.0454172 -0.0651129
0 -0.0224801 -0.0453973 -0.0650953
0 -0.0225001 -0.0454418 -0.0651687
0 -0.0225509 -0.0455605 -0.0653366
0 -0.0226321 -0.0457538 -0.065597
0 -0.0227401 -0.046014 -0.0659447
0 -0.0228674 -0.0463268 -0.0663708
0 -0.0230044 -0.0466727 -0.0668605
0 -0.0231439 -0.0470348 -0.0673948
0 -0.023284 -0.0474035 -0.0679546
0 -0.0234296 -0.0477777 -0.0685245
0 -0.023583 -0.0481574 -0.0690877
0 -0.0237405 -0.0485386 -0.0696283
0 -0.0239006 -0.048915 -0.0701382
0 -0.0240601 -0.0492772 -0.0706131
0 -0.024209 -0.0496118 -0.0710495
0 -0.0243367 -0.0499057 -0.0714428
0 -0.0244309 -0.0501431 -0.0717801
0 -0.0244794 -0.0503043 -0.0720404
0 -0.0244778 -0.050373 -0.0721989
0 -0.0244299 -0.0503388 -0.0722283
0 -0.0243415 -0.0501954 -0.0721032
0 -0.0242205 -0.0499459 -0.0718077
0 -0.0240776 -0.0496024 -0.0713409
0 -0.0239177 -0.0491791 -0.0707166
0 -0.0237365 -0.0486864 -0.0699585
0 -0.0235287 -0.0481292 -0.069096
0 -0.0232916 -0.0475138 -0.0681641
0 -0.0230305 -0.0468542 -0.0671985
0 -0.0227588 -0.046171 -0.0662336
0 -0.0224887 -0.0454953 -0.0653028
0 -0.0222362 -0.0448665 -0.0644357
0 -0.0220199 -0.0443163 -0.0636593
0 -0.0218501 -0.0438679 -0.0630018
0 -0.0217324 -0.0435374 -0.0624912
0 -0.0216678 -0.0433308 -0.0621513
0 -0.0216497 -0.0432479 -0.0619981
0 -0.0216706 -0.0432869 -0.0620389
0 -0.021727 -0.0434427 -0.0622701
0 -0.0218163 -0.0437048 -0.0626745
0 -0.021934 -0.0440565 -0.0632211
0 -0.0220746 -0.0444745 -0.0638679
0 -0.0222338 -0.0449335 -0.0645712
0 -0.0224071 -0.0454105 -0.0652905
0 -0.022589 -0.0458849 -0.0659906
0 -0.0227736 -0.0463422 -0.0666461
0 -0.0229613 -0.0467791 -0.0672475
0 -0.0231529 -0.0471986 -0.0677989
0 -0.023342 -0.0476011 -0.0683074
0 -0.0235196 -0.047981 -0.0687803
0 -0.0236744 -0.0483278 -0.0692241
0 -0.0237992 -0.0486294 -0.069639
0 -0.0238922 -0.0488776 -0.0700172
0 -0.023956 -0.0490702 -0.0703469
0 -0.0239967 -0.0492114 -0.070612
0 -0.0240214 -0.0493074 -0.0707951
0 -0.0240356 -0.0493609 -0.0708858
0 -0.0240422 -0.049371 -0.0708817
0 -0.0240402 -0.0493351 -0.0707886
0 -0.0240247 -0.0492511 -0.0706196
0 -0.0239883 -0.0491191 -0.0703896
0 -0.0239256 -0.0489423 -0.0701141
0 -0.0238394 -0.0487297 -0.0698096
0 -0.0237414 -0.0484971 -0.0694938
0 -0.023648 -0.0482679 -0.0691853
0 -0.0235737 -0.0480674 -0.0689033
0 -0.0235266 -0.0479165 -0.0686658
0 -0.0235062 -0.0478258 -0.0684884
0 -0.0235058 -0.0477935 -0.0683841
0 -0.0235167 -0.0478073 -0.0683605
0 -0.0235309 -0.0478511 -0.068417
0 -0.0235427 -0.047912 -0.0685425
0 -0.0235495 -0.0479822 -0.0687157
0 -0.0235515 -0.048056 -0.0689074
0 -0.0235542 -0.0481307 -0.0690897
0 -0.0235691 -0.0482085 -0.0692441
0 -0.0236044 -0.0482914 -0.0693623
0 -0.0236579 -0.0483782 -0.0694432
0 -0.0237187 -0.048464 -0.069493
0 -0.0237726 -0.0485403 -0.0695237
0 -0.0238077 -0.0485959 -0.0695473
0 -0.0238166 -0.0486196 -0.0695694
0 -0.0237957 -0.0486033 -0.0695861
0 -0.0237466 -0.0485446 -0.0695821
0 -0.0236757 -0.0484453 -0.0695353
0 -0.023591 -0.0483086 -0.069423
0 -0.0235011 -0.0481377 -0.0692281
0 -0.0234134 -0.0479347 -0.0689442
0 -0.0233273 -0.0476992 -0.0685762
0 -0.0232349 -0.0474289 -0.0681353
0 -0.0231266 -0.0471205 -0.067637
0 -0.0229951 -0.0467728 -0.0671013
0 -0.0228395 -0.0463883 -0.0665477
0 -0.0226677 -0.0459785 -0.0659912
0 -0.0224899 -0.0455604 -0.0654431
0 -0.0223147 -0.0451515 -0.0649087
0 -0.0221546 -0.0447698 -0.0643941
0 -0.022022 -0.0444337 -0.0639147
0 -0.0219246 -0.0441578 -0.06349
0 -0.0218638 -0.0439512 -0.0631428
0 -0.021836 -0.0438209 -0.0628984
0 -0.0218343 -0.0437698 -0.0627767
0 -0.021852 -0.043796 -0.0627898
0 -0.0218863 -0.0438958 -0.0629397
0 -0.0219411 -0.0440677 -0.0632189
0 -0.0220258 -0.0443143 -0.0636159
0 -0.0221494 -0.0446409 -0.0641155
0 -0.0223177 -0.0450527 -0.0647043
0 -0.0225329 -0.0455514 -0.0653764
0 -0.0227912 -0.0461335 -0.0661326
0 -0.0230845 -0.046789 -0.066977
0 -0.0234017 -0.0475019 -0.067912
0 -0.0237276 -0.0482522 -0.0689313
0 -0.0240425 -0.0490165 -0.0700143
0 -0.0243292 -0.0497669 -0.0711266
0 -0.0245828 -0.0504778 -0.0722233
0 -0.0248097 -0.0511303 -0.0732525
0 -0.025018 -0.0517127 -0.0741633
0 -0.0252175 -0.0522222 -0.0749165
0 -0.0254107 -0.052655 -0.0754893
0 -0.0255825 -0.052997 -0.0758757
0 -0.0257146 -0.053231 -0.0760867
0 -0.0257909 -0.0533416 -0.0761437
0 -0.0257973 -0.0533185 -0.0760683
0 -0.0257303 -0.0531635 -0.0758743
0 -0.0255959 -0.0528895 -0.0755643
0 -0.0254075 -0.0525139 -0.075134
0 -0.025185 -0.0520555 -0.0745779
0 -0.0249471 -0.0515312 -0.0738952
0 -0.0247076 -0.050957 -0.0730973
0 -0.0244728 -0.0503487 -0.0722073
0 -0.0242379 -0.0497163 -0.0712538
0 -0.0239925 -0.0490666 -0.0702686
0 -0.0237291 -0.0484053 -0.0692828
0 -0.0234464 -0.0477314 -0.0683192
0 -0.0231518 -0.0470507 -0.067392
0 -0.0228593 -0.0463798 -0.0665117
0 -0.0225835 -0.0457404 -0.065685
0 -0.0223433 -0.0451665 -0.064922
0 -0.0221592 -0.0446917 -0.0642449
0 -0.0220396 -0.0443355 -0.06368
0 -0.0219806 -0.0441067 -0.0632575
0 -0.0219715 -0.0440027 -0.0630089
0 -0.0219957 -0.0440107 -0.062953
0 -0.0220374 -0.0441155 -0.0630933
0 -0.0220917 -0.0443056 -0.063417
0 -0.0221644 -0.0445748 -0.0638957
0 -0.0222673 -0.0449212 -0.0644936
0 -0.0224108 -0.045342 -0.0651715
0 -0.022598 -0.0458287 -0.0658927
0 -0.0228216 -0.0463661 -0.0666306
0 -0.0230686 -0.0469323 -0.0673676
0 -0.0233181 -0.047496 -0.0680901
0 -0.0235415 -0.0480201 -0.0687825
0 -0.0237149 -0.048468 -0.069421
0 -0.0238228 -0.0488069 -0.0699721
0 -0.0238583 -0.0490119 -0.0703917
0 -0.0238257 -0.049069 -0.0706276
0 -0.0237386 -0.0489768 -0.070635
0 -0.0236158 -0.0487453 -0.0703872
0 -0.023474 -0.0483888 -0.0698811
0 -0.0233191 -0.0479247 -0.0691424
0 -0.0231492 -0.0473756 -0.0682221
0 -0.0229579 -0.0467619 -0.0671825
0 -0.0227329 -0.0460933 -0.0660889
0 -0.0224665 -0.04538 -0.0650022
0 -0.0221632 -0.0446385 -0.0639641
0 -0.0218389 -0.04389 -0.062996
0 -0.0215169 -0.043167 -0.0621094
0 -0.0212246 -0.0425116 -0.0613067
0 -0.0209889 -0.0419611 -0.0605925
0 -0.0208288 -0.041543 -0.0599845
0 -0.0207496 -0.041271 -0.0595089
0 -0.0207418 -0.0411428 -0.0591989
0 -0.0207887 -0.0411508 -0.0590893
0 -0.0208742 -0.0412902 -0.0592084
0 -0.0209896 -0.0415579 -0.0595702
0 -0.0211383 -0.0419567 -0.0601726
0 -0.0213331 -0.0424948 -0.0609999
0 -0.0215899 -0.0431796 -0.0620257
0 -0.0219201 -0.0440128 -0.0632211
0 -0.0223245 -0.0449874 -0.0645604
0 -0.0227929 -0.0460828 -0.0660243
0 -0.023307 -0.047267 -0.0675964
0 -0.0238445 -0.0485015 -0.0692562
0 -0.0243725 -0.0497455 -0.070974
0 -0.0248561 -0.0509579 -0.0727104
0 -0.0252823 -0.0520951 -0.0744076
0 -0.0256522 -0.0531212 -0.0759871
0 -0.0259706 -0.0540148 -0.0773696
0 -0.0262461 -0.0547572 -0.0784858
0 -0.0264797 -0.05533 -0.0792882
0 -0.0266658 -0.0557211 -0.079763
0 -0.0267946 -0.0559227 -0.0799237
0 -0.0268476 -0.055928 -0.0798014
0 -0.0268049 -0.0557354 -0.0794356
0 -0.0266569 -0.05535 -0.0788625
0 -0.0264059 -0.0547825 -0.0781093
0 -0.0260632 -0.0540495 -0.0771877
0 -0.0256499 -0.0531726 -0.0760972
0 -0.0251934 -0.0521798 -0.0748377
0 -0.0247195 -0.0511028 -0.0734168
0 -0.0242482 -0.0499736 -0.0718548
0 -0.0237937 -0.0488233 -0.0701899
0 -0.0233628 -0.0476833 -0.0684772
0 -0.0229554 -0.0465769 -0.0667786
0 -0.0225642 -0.045515 -0.0651596
0 -0.0221834 -0.0445166 -0.0636862
0 -0.0218246 -0.0436117 -0.0624088
0 -0.0215039 -0.0428278 -0.0613614
0 -0.0212318 -0.0421947 -0.0605605
0 -0.0210224 -0.041739 -0.060004
0 -0.020891 -0.0414722 -0.0596829
0 -0.0208456 -0.0413938 -0.0595875
0 -0.0208879 -0.0414948 -0.0597091
0 -0.0210112 -0.0417604 -0.0600404
0 -0.0212014 -0.0421782 -0.0605768
0 -0.0214451 -0.0427378 -0.0613137
0 -0.0217307 -0.0434242 -0.0622412
0 -0.0220474 -0.0442167 -0.0633405
0 -0.0223875 -0.0450899 -0.064582
0 -0.0227458 -0.0460166 -0.0659279
0 -0.0231154 -0.0469703 -0.0673333
0 -0.0234891 -0.0479248 -0.0687452
0 -0.0238558 -0.0488547 -0.0701083
0 -0.0242 -0.0497329 -0.0713774
0 -0.0245123 -0.0505277 -0.0725116
0 -0.0247903 -0.0512134 -0.0734766
0 -0.0250262 -0.0517725 -0.0742502
0 -0.0252102 -0.0521913 -0.0748159
0 -0.0253336 -0.052461 -0.0751631
0 -0.0253864 -0.0525731 -0.0752918
0 -0.0253655 -0.0525236 -0.0752083
0 -0.0252772 -0.0523165 -0.0749233
0 -0.025128 -0.0519622 -0.0744512
0 -0.0249262 -0.0514812 -0.0738075
0 -0.0246831 -0.0508984 -0.073011
0 -0.0244095 -0.0502378 -0.0720862
0 -0.0241193 -0.0495228 -0.0710648
0 -0.0238255 -0.0487777 -0.0699832
0 -0.0235329 -0.0480247 -0.0688776
0 -0.0232446 -0.0472819 -0.0677821
0 -0.0229656 -0.0465658 -0.0667299
0 -0.0226995 -0.045894 -0.0657563
0 -0.0224511 -0.0452815 -0.0648896
0 -0.0222304 -0.044743 -0.0641474
0 -0.0220464 -0.0442946 -0.0635432
0 -0.0219035 -0.0439498 -0.063085
0 -0.0218066 -0.0437186 -0.0627753
0 -0.0217585 -0.0436052 -0.0626155
0 -0.0217599 -0.0436073 -0.0626067
0 -0.0218097 -0.0437199 -0.0627481
0 -0.0219018 -0.0439343 -0.0630344
0 -0.0220275 -0.0442395 -0.0634553
0 -0.0221795 -0.0446239 -0.0639967
0 -0.0223538 -0.0450746 -0.0646413
0 -0.0225483 -0.0455776 -0.0653688
0 -0.022759 -0.046118 -0.0661552
0 -0.0229797 -0.04668 -0.0669749
0 -0.0232046 -0.0472473 -0.0677986
0 -0.0234278 -0.0478038 -0.0685996
0 -0.0236412 -0.0483338 -0.0693562
0 -0.0238357 -0.0488192 -0.0700462
0 -0.0240053 -0.0492426 -0.070651
0 -0.0241449 -0.0495906 -0.0711536
0 -0.0242487 -0.0498548 -0.0715387
0 -0.0243149 -0.0500293 -0.0717956
0 -0.0243446 -0.0501099 -0.0719163
0 -0.0243381 -0.0500967 -0.0718991
0 -0.024298 -0.0499937 -0.0717493
0 -0.0242274 -0.0498066 -0.0714755
0 -0.0241275 -0.0495444 -0.0710919
0 -0.0240009 -0.0492193 -0.0706166
0 -0.0238528 -0.0488435 -0.0700685
0 -0.0236892 -0.04843 -0.0694699
0 -0.0235171 -0.0479963 -0.068844
0 -0.0233422 -0.0475585 -0.068211
0 -0.0231721 -0.0471294 -0.0675911
0 -0.0230121 -0.0467236 -0.0670047
0 -0.0228655 -0.0463534 -0.0664688
0 -0.0227386 -0.0460294 -0.0660003
0 -0.0226348 -0.0457622 -0.0656139
0 -0.0225562 -0.0455595 -0.0653195
0 -0.0225058 -0.0454263 -0.0651262
0 -0.0224835 -0.0453664 -0.0650383
0 -0.0224884 -0.0453797 -0.0650558
0 -0.0225198 -0.0454627 -0.0651761
0 -0.0225762 -0.0456109 -0.0653921
0 -0.0226556 -0.0458177 -0.0656941
0 -0.0227551 -0.0460745 -0.0660695
0 -0.0228708 -0.046372 -0.0665027
0 -0.0229988 -0.0467 -0.0669785
0 -0.0231361 -0.0470472 -0.0674807
0 -0.0232778 -0.0474026 -0.0679926
0 -0.0234193 -0.0477551 -0.0684993
0 -0.0235567 -0.0480944 -0.0689858
0 -0.0236838 -0.0484097 -0.0694376
0 -0.0237962 -0.0486914 -0.0698428
0 -0.0238918 -0.0489315 -0.0701896
0 -0.0239674 -0.0491226 -0.0704676
0 -0.0240206 -0.0492596 -0.0706685
0 -0.0240509 -0.0493397 -0.0707871
0 -0.0240582 -0.049361 -0.0708202
0 -0.0240428 -0.0493237 -0.070768
0 -0.0240055 -0.0492301 -0.0706332
0 -0.0239477 -0.0490838 -0.0704215
0 -0.0238711 -0.0488904 -0.0701413
0 -0.0237785 -0.0486567 -0.0698029
0 -0.023673 -0.0483911 -0.0694191
0 -0.0235574 -0.0481029 -0.0690031
0 -0.0234356 -0.0478007 -0.0685677
0 -0.0233126 -0.047494 -0.0681269
0 -0.0231925 -0.0471934 -0.0676941
0 -0.0230791 -0.0469071 -0.0672816
0 -0.0229747 -0.0466434 -0.0669015
0 -0.0228828 -0.0464108 -0.0665643
0 -0.0228066 -0.0462152 -0.0662799
0 -0.0227469 -0.0460616 -0.0660568
0 -0.0227054 -0.0459544 -0.0659005
0 -0.0226832 -0.0458958 -0.0658148
0 -0.0226798 -0.0458866 -0.0658012
0 -0.0226951 -0.0459262 -0.0658586
0 -0.0227285 -0.0460124 -0.0659838
0 -0.0227787 -0.0461416 -0.0661713
0 -0.0228438 -0.0463088 -0.0664139
0 -0.0229218 -0.0465081 -0.0667028
0 -0.0230102 -0.0467324 -0.0670277
0 -0.0231062 -0.0469745 -0.0673774
0 -0.0232062 -0.0472266 -0.0677409
0 -0.0233069 -0.0474803 -0.0681071
0 -0.0234066 -0.0477283 -0.068465
0 -0.0235013 -0.0479634 -0.0688039
0 -0.0235871 -0.0481783 -0.0691138
0 -0.0236627 -0.0483669 -0.0693863
0 -0.0237258 -0.0485247 -0.0696135
0 -0.0237746 -0.048647 -0.0697897
0 -0.0238084 -0.0487309 -0.0699104
0 -0.0238263 -0.0487748 -0.0699727
0 -0.0238276 -0.0487778 -0.0699764
0 -0.0238125 -0.0487408 -0.0699226
0 -0.0237825 -0.0486657 -0.0698144
0 -0.0237387 -0.0485554 -0.0696564
0 -0.0236824 -0.0484146 -0.0694544
0 -0.0236153 -0.0482483 -0.0692154
0 -0.0235399 -0.048062 -0.0689473
0 -0.023459 -0.0478616 -0.0686589
0 -0.0233757 -0.0476533 -0.0683594
0 -0.0232923 -0.047444 -0.0680575
0 -0.0232119 -0.0472408 -0.0677626
0 -0.0231364 -0.0470488 -0.0674837
0 -0.0230669 -0.0468737 -0.0672291
0 -0.0230061 -0.0467205 -0.0670064
0 -0.0229561 -0.0465929 -0.066822
0 -0.0229177 -0.0464945 -0.0666808
0 -0.0228916 -0.046428 -0.0665858
0 -0.0228782 -0.046395 -0.0665387
0 -0.022878 -0.0463957 -0.06654
0 -0.0228908 -0.0464292 -0.0665883
0 -0.022916 -0.0464935 -0.0666813
