0 -0.0229468 -0.0465789 -0.0668083
0 -0.022974 -0.0466708 -0.0669531
0 -0.0230016 -0.046765 -0.0671091
0 -0.0230388 -0.0468657 -0.0672745
0 -0.0230845 -0.0469728 -0.0674402
0 -0.0231337 -0.0470853 -0.067598
0 -0.0231844 -0.0472027 -0.0677465
0 -0.0232306 -0.0473148 -0.0678821
0 -0.0232651 -0.047406 -0.0679987
0 -0.0232917 -0.0474738 -0.0680993
0 -0.0233168 -0.0475256 -0.0681888
0 -0.0233299 -0.0475578 -0.068254
0 -0.0233174 -0.0475585 -0.0682752
0 -0.0232933 -0.0475347 -0.068257
0 -0.0232895 -0.0475123 -0.0682251
0 -0.0233168 -0.0475114 -0.0681968
0 -0.0233586 -0.0475376 -0.0681774
0 -0.0233968 -0.0475872 -0.0681746
0 -0.0234177 -0.0476419 -0.0681945
0 -0.0233995 -0.0476582 -0.0682195
0 -0.0233395 -0.0476057 -0.0682276
0 -0.0232707 -0.0475042 -0.0682173
0 -0.0232042 -0.0473756 -0.0681632
0 -0.0231124 -0.0472079 -0.0680064
0 -0.0229945 -0.0469955 -0.0677225
0 -0.0228838 -0.0467492 -0.0673349
0 -0.0228089 -0.0464846 -0.0668838
0 -0.0227869 -0.046245 -0.0664321
0 -0.0228158 -0.0460879 -0.0660522
0 -0.0228602 -0.0460333 -0.0657928
0 -0.0228806 -0.0460549 -0.0656795
0 -0.0228758 -0.0461198 -0.0657347
0 -0.0228859 -0.0462285 -0.0659812
0 -0.0229382 -0.0464021 -0.0664071
0 -0.0230037 -0.0466353 -0.0669327
0 -0.0230563 -0.0469103 -0.0674666
0 -0.0231155 -0.0472142 -0.0679618
0 -0.0231932 -0.047504 -0.06838
0 -0.0232944 -0.0477419 -0.0686987
0 -0.0234529 -0.0479677 -0.0689622
0 -0.0236602 -0.0482324 -0.0692136
0 -0.0238105 -0.0484836 -0.0694098
0 -0.0237942 -0.048594 -0.0694775
0 -0.0236188 -0.0484758 -0.0693963
0 -0.0234032 -0.0481544 -0.0692048
0 -0.0232531 -0.0477447 -0.0689333
0 -0.0231807 -0.0473763 -0.0685649
0 -0.0231768 -0.0471678 -0.0681215
0 -0.0232956 -0.0472278 -0.0677568
0 -0.0235917 -0.0475964 -0.0676751
0 -0.0240242 -0.0482165 -0.0680129
0 -0.0244572 -0.048972 -0.0687952
0 -0.0246996 -0.0496816 -0.0698935
0 -0.0246335 -0.0501676 -0.0711019
0 -0.024351 -0.0503861 -0.0722509
0 -0.0240752 -0.0504185 -0.0731992
0 -0.0239665 -0.0503906 -0.0737835
0 -0.0240394 -0.0504011 -0.0738583
0 -0.0242233 -0.0504652 -0.0734073
0 -0.0244672 -0.0505349 -0.0725993
0 -0.0247535 -0.0505696 -0.0717369
0 -0.0250134 -0.0505439 -0.0710817
0 -0.0251034 -0.0504143 -0.0707153
0 -0.0249108 -0.050143 -0.0705977
0 -0.0244499 -0.0497269 -0.0706391
0 -0.0238381 -0.0491596 -0.0706765
0 -0.023214 -0.048425 -0.0704964
0 -0.0226949 -0.0475551 -0.0699014
0 -0.022397 -0.0466926 -0.0688352
0 -0.0224226 -0.0460794 -0.0674747
0 -0.022757 -0.0458952 -0.066124
0 -0.0232323 -0.0460953 -0.0650816
0 -0.0236128 -0.046453 -0.064545
0 -0.0237077 -0.0467097 -0.064574
0 -0.0234542 -0.0466807 -0.0651136
0 -0.0229393 -0.0463547 -0.0659617
0 -0.0223341 -0.045878 -0.0668298
0 -0.0217916 -0.0453988 -0.067388
0 -0.0214277 -0.0449902 -0.0673114
0 -0.0213463 -0.0446799 -0.0665342
0 -0.0215845 -0.0444945 -0.0652729
0 -0.022043 -0.0444294 -0.0638422
0 -0.0224996 -0.0443989 -0.0625636
0 -0.022722 -0.0443043 -0.0616578
0 -0.022616 -0.0441023 -0.0612754
0 -0.0222428 -0.0437924 -0.0614692
0 -0.0217305 -0.0434188 -0.0620665
0 -0.0212436 -0.0430913 -0.0628075
0 -0.0209565 -0.0429529 -0.0634829
0 -0.0209678 -0.0430952 -0.0639078
0 -0.0212894 -0.0435379 -0.0640332
0 -0.0219079 -0.0442949 -0.0640709
0 -0.022765 -0.0453711 -0.0643534
0 -0.023679 -0.046674 -0.0651275
0 -0.0243867 -0.0479983 -0.0664641
0 -0.0246828 -0.0491107 -0.0682604
0 -0.0245366 -0.0498513 -0.0702883
0 -0.024105 -0.0501924 -0.0722589
0 -0.0236147 -0.0501889 -0.0737927
0 -0.023277 -0.0499631 -0.0745105
0 -0.0232938 -0.0497868 -0.0743429
0 -0.0237895 -0.0499481 -0.0735364
0 -0.0246918 -0.0505287 -0.0725014
0 -0.0257629 -0.0514557 -0.0717746
0 -0.0267145 -0.0525716 -0.0718047
0 -0.0272443 -0.0535595 -0.0726986
0 -0.0271362 -0.0541191 -0.0742727
0 -0.0264406 -0.0542013 -0.0762184
0 -0.0254566 -0.0538762 -0.0780829
0 -0.0245301 -0.0532443 -0.0792537
0 -0.0239274 -0.0525076 -0.0792561
0 -0.0238262 -0.0518793 -0.0780129
0 -0.0242287 -0.0514347 -0.0757853
0 -0.0248159 -0.0510153 -0.0729833
0 -0.025076 -0.0502877 -0.0700085
0 -0.0246661 -0.0489309 -0.067164
0 -0.0235716 -0.0467736 -0.064581
0 -0.0220288 -0.0439707 -0.0622623
0 -0.0203741 -0.0409924 -0.0600886
0 -0.0189973 -0.0384057 -0.0579489
0 -0.0182847 -0.0367127 -0.0558775
0 -0.0183278 -0.0360913 -0.0539639
0 -0.0189153 -0.0363454 -0.0524437
0 -0.0198447 -0.0372409 -0.0517571
0 -0.0208596 -0.0385578 -0.0522707
0 -0.0214649 -0.0398676 -0.0539175
0 -0.0212682 -0.0407012 -0.0562243
0 -0.0204173 -0.0409161 -0.0586934
0 -0.0195053 -0.0407661 -0.0609922
0 -0.0191246 -0.0407211 -0.0628745
0 -0.0195602 -0.0412617 -0.0640875
0 -0.020742 -0.0426615 -0.0645997
0 -0.0223732 -0.0448563 -0.064853
0 -0.0241093 -0.0474476 -0.0654666
0 -0.0256013 -0.0498564 -0.0668581
0 -0.0265431 -0.0517081 -0.0692348
0 -0.0268694 -0.0530672 -0.0726099
0 -0.0267996 -0.0543277 -0.0767121
0 -0.0266331 -0.0558296 -0.0810355
0 -0.0266711 -0.0576049 -0.0849419
0 -0.0271949 -0.0595767 -0.0879952
0 -0.0282549 -0.0616058 -0.0900819
0 -0.0295563 -0.0633854 -0.091167
0 -0.0306356 -0.0645891 -0.0913591
0 -0.0310849 -0.0649564 -0.0908298
0 -0.0306898 -0.0642516 -0.089675
0 -0.0295633 -0.0624357 -0.087994
0 -0.0281146 -0.0598543 -0.0858563
0 -0.0267875 -0.0570763 -0.0832908
0 -0.025802 -0.0545714 -0.0802792
0 -0.0250593 -0.0524523 -0.0767447
0 -0.0243295 -0.0504505 -0.0727264
0 -0.0235342 -0.0482644 -0.0685319
0 -0.0227111 -0.0457786 -0.0645084
0 -0.0217792 -0.0429631 -0.060756
0 -0.0205786 -0.0399474 -0.0572427
0 -0.019113 -0.0370019 -0.0539142
0 -0.0175754 -0.0342505 -0.0506886
0 -0.0162077 -0.0316858 -0.0475422
0 -0.0152375 -0.0294008 -0.0445427
0 -0.0148593 -0.0276717 -0.0419047
0 -0.0151457 -0.0268871 -0.0400033
0 -0.0159328 -0.0273043 -0.039196
0 -0.0168844 -0.0287954 -0.0397009
0 -0.01773 -0.0309074 -0.0416324
0 -0.0183604 -0.0331488 -0.0449263
0 -0.0187587 -0.0352243 -0.049235
0 -0.0189903 -0.0371108 -0.0540027
0 -0.0192161 -0.0389847 -0.0586344
0 -0.0196968 -0.0411321 -0.0627606
0 -0.0206778 -0.0436977 -0.0661858
0 -0.0221907 -0.0465077 -0.0688415
0 -0.0240212 -0.0493378 -0.0709956
0 -0.0258375 -0.0520562 -0.0730195
0 -0.027326 -0.0545036 -0.0752002
0 -0.0282178 -0.0564736 -0.0776544
0 -0.0284143 -0.057818 -0.0802548
0 -0.0281453 -0.0585874 -0.0828355
0 -0.0278079 -0.059012 -0.0851488
0 -0.0276788 -0.0593493 -0.0868202
0 -0.0278067 -0.0597231 -0.0875515
0 -0.0281029 -0.0600533 -0.0872305
0 -0.02844 -0.0601427 -0.0860114
0 -0.0286404 -0.0597511 -0.0842049
0 -0.0284954 -0.0586874 -0.0820589
0 -0.0278206 -0.0569004 -0.0796865
0 -0.0265514 -0.0544505 -0.0770542
0 -0.0248559 -0.0514918 -0.0740692
0 -0.0230687 -0.0482541 -0.0706612
0 -0.0215547 -0.0449993 -0.0668167
0 -0.0205499 -0.0420291 -0.0626414
0 -0.0200691 -0.0396951 -0.05847
0 -0.020076 -0.038239 -0.0548265
0 -0.0204743 -0.0376581 -0.0522042
0 -0.0209261 -0.0377688 -0.0509451
0 -0.021105 -0.038248 -0.0511708
0 -0.0209905 -0.0388359 -0.0527846
0 -0.0207459 -0.0395496 -0.055529
0 -0.0205355 -0.0404974 -0.0588953
0 -0.020419 -0.0416453 -0.0621699
0 -0.0203776 -0.0428043 -0.0647033
0 -0.0204879 -0.0437277 -0.0660829
0 -0.0209269 -0.0443378 -0.0663399
0 -0.0217266 -0.0447788 -0.0658458
0 -0.0226517 -0.0451919 -0.0649504
0 -0.0233662 -0.045592 -0.0640154
0 -0.0236708 -0.0458897 -0.0633932
0 -0.02364 -0.046032 -0.0633849
0 -0.0235486 -0.0461719 -0.064254
0 -0.0236603 -0.0466591 -0.0660315
0 -0.0240649 -0.0478215 -0.0685379
0 -0.0246201 -0.0496298 -0.0714106
0 -0.025065 -0.0516074 -0.074095
0 -0.025262 -0.0531375 -0.0761855
0 -0.0252734 -0.0538135 -0.0775139
0 -0.0251546 -0.053554 -0.077886
0 -0.0248041 -0.0524835 -0.0770697
0 -0.0240734 -0.050746 -0.0748794
0 -0.0229574 -0.0483964 -0.0713099
0 -0.0217244 -0.0455045 -0.0667247
0 -0.0208389 -0.0424302 -0.0618128
0 -0.0206306 -0.0399071 -0.0573928
0 -0.0210472 -0.0385724 -0.0541523
0 -0.0217118 -0.0385585 -0.0524932
0 -0.0222307 -0.0396702 -0.0526411
0 -0.0225599 -0.04149 -0.0547593
0 -0.0229339 -0.0436024 -0.0587769
0 -0.0234133 -0.0458656 -0.0641254
0 -0.0238087 -0.0482612 -0.0699051
0 -0.0240068 -0.0506693 -0.0751835
0 -0.0241322 -0.0527841 -0.0791285
0 -0.0243737 -0.054273 -0.0813066
0 -0.0247627 -0.0548695 -0.0816336
0 -0.0251326 -0.054425 -0.0801417
0 -0.0252279 -0.0530384 -0.0771307
0 -0.02485 -0.0509374 -0.0730736
0 -0.0239386 -0.0482724 -0.0684602
0 -0.022646 -0.0451962 -0.0638046
0 -0.0213197 -0.0419823 -0.0594837
0 -0.0202047 -0.0389469 -0.0557544
0 -0.0193226 -0.0364697 -0.0527825
0 -0.0187048 -0.0348825 -0.050584
0 -0.0183795 -0.034186 -0.0491798
0 -0.0182781 -0.0341301 -0.0486039
0 -0.0183342 -0.0344235 -0.048788
0 -0.0184409 -0.0347865 -0.04957
0 -0.0184306 -0.0350657 -0.0506756
0 -0.0182403 -0.0352598 -0.0517874
0 -0.0179636 -0.0353864 -0.0526637
0 -0.017801 -0.0355044 -0.0532026
0 -0.0180155 -0.0358115 -0.0535232
0 -0.0187312 -0.0365356 -0.053874
0 -0.0197725 -0.0377647 -0.0544652
0 -0.0208178 -0.0393959 -0.0554741
0 -0.0216598 -0.0412096 -0.0570844
0 -0.0223322 -0.0430615 -0.0594887
0 -0.0230243 -0.0450016 -0.0627908
0 -0.0238273 -0.0471849 -0.0668309
0 -0.0246689 -0.0497123 -0.071267
0 -0.0255194 -0.0525243 -0.0757304
0 -0.0264845 -0.0554607 -0.0799186
0 -0.0276872 -0.0583938 -0.0837599
0 -0.0290732 -0.0611854 -0.0872206
0 -0.0303582 -0.0636169 -0.0901316
0 -0.0312425 -0.0654904 -0.0923834
0 -0.0316056 -0.066673 -0.093929
0 -0.0314725 -0.0670088 -0.0946965
0 -0.0309295 -0.0663937 -0.0945794
0 -0.0300928 -0.064901 -0.0934088
0 -0.0290688 -0.0627084 -0.0910376
0 -0.0279399 -0.0600173 -0.0874547
0 -0.0268172 -0.0570363 -0.0828586
0 -0.0258353 -0.0539546 -0.0776772
0 -0.0250559 -0.0509577 -0.0724475
0 -0.0244162 -0.048246 -0.0676823
0 -0.0237723 -0.0459315 -0.0637042
0 -0.0229476 -0.04388 -0.0605817
0 -0.0218119 -0.041861 -0.0582572
0 -0.020391 -0.0397438 -0.0564773
0 -0.0188429 -0.0374205 -0.0548295
0 -0.0173697 -0.0349346 -0.0529598
0 -0.0161584 -0.0325354 -0.0505892
0 -0.0153075 -0.030388 -0.0475928
0 -0.0147877 -0.0285164 -0.0440934
0 -0.0145277 -0.0269208 -0.0404377
0 -0.01449 -0.0256034 -0.0371486
0 -0.0146105 -0.0246402 -0.0347602
0 -0.0148056 -0.0242335 -0.0336786
0 -0.0150552 -0.024601 -0.0341526
0 -0.0154095 -0.0258494 -0.0362426
0 -0.0159825 -0.0279978 -0.0398481
0 -0.0169155 -0.0310204 -0.0447491
0 -0.0182537 -0.034797 -0.0505994
0 -0.0198978 -0.0391218 -0.0569829
0 -0.0217209 -0.0437503 -0.0634993
0 -0.0235812 -0.048396 -0.0698227
0 -0.025233 -0.0526605 -0.0756607
0 -0.0264795 -0.0561148 -0.0806997
0 -0.0273342 -0.0586007 -0.0847149
0 -0.0278819 -0.060202 -0.0875594
0 -0.0281596 -0.0610196 -0.0891064
0 -0.0282459 -0.0611842 -0.0893511
0 -0.0282328 -0.060831 -0.0884157
0 -0.0280737 -0.0599514 -0.0864805
0 -0.0276703 -0.0584669 -0.0837684
0 -0.0270009 -0.0564238 -0.0805389
0 -0.0260807 -0.0539689 -0.0770514
0 -0.024965 -0.0512783 -0.0734985
0 -0.0237598 -0.0485642 -0.0699961
0 -0.0226497 -0.0460775 -0.0666877
0 -0.0218864 -0.0440705 -0.0638067
0 -0.0215254 -0.042673 -0.0615212
0 -0.0212784 -0.0417361 -0.0597578
0 -0.0207943 -0.0408493 -0.058275
0 -0.0199128 -0.0395873 -0.0568311
0 -0.0186372 -0.0376676 -0.0551595
0 -0.0170649 -0.0349738 -0.052903
0 -0.0153435 -0.0316191 -0.0497179
0 -0.0136256 -0.0279164 -0.0454383
0 -0.0120488 -0.0241796 -0.0401474
0 -0.010704 -0.0205506 -0.0341447
0 -0.00955871 -0.0169909 -0.0278485
0 -0.00846627 -0.0134032 -0.0216825
0 -0.00726539 -0.00976497 -0.0159866
0 -0.00581893 -0.00615734 -0.0109621
0 -0.00403896 -0.00268358 -0.00666741
0 -0.0019319 0.000632114 -0.00303828
0 0.000373163 0.00382902 6.06734e-05
0 0.00254658 0.0067805 0.00265866
0 0.00407882 0.00905691 0.00456709
0 0.00449731 0.0100906 0.00550355
0 0.00355358 0.00932851 0.0051324
0 0.00132105 0.00630592 0.00294067
0 -0.00193369 0.000804088 -0.00176763
0 -0.00592195 -0.00697708 -0.00967418
0 -0.0103322 -0.0165213 -0.0211561
0 -0.0149076 -0.0273148 -0.0360967
0 -0.0194709 -0.0390733 -0.053898
0 -0.0240284 -0.0516614 -0.0736724
0 -0.0289074 -0.0648319 -0.0944733
0 -0.0347207 -0.0784928 -0.115212
0 -0.0416753 -0.0926901 -0.135028
0 -0.0494312 -0.107177 -0.153805
0 -0.058086 -0.121835 -0.171694
0 -0.0676025 -0.136863 -0.18897
0 -0.0773009 -0.152259 -0.20605
0 -0.0866457 -0.167752 -0.223132
0 -0.0951904 -0.183007 -0.240384
0 -0.102565 -0.197626 -0.258
0 -0.108656 -0.211163 -0.275926
0 -0.113202 -0.22315 -0.293849
0 -0.116054 -0.232971 -0.311261
0 -0.117459 -0.240013 -0.327407
0 -0.117202 -0.244126 -0.341355
0 -0.115286 -0.245614 -0.352217
0 -0.112673 -0.244873 -0.359192
0 -0.109899 -0.242297 -0.361444
0 -0.107171 -0.238188 -0.358233
0 -0.104913 -0.232726 -0.349624
0 -0.103293 -0.226056 -0.336699
0 -0.102057 -0.218234 -0.320974
0 -0.100722 -0.209667 -0.30432
0 -0.0990808 -0.201192 -0.288571
0 -0.0972532 -0.193595 -0.275134
0 -0.0954496 -0.187661 -0.265149
0 -0.0936447 -0.183689 -0.258926
0 -0.0914716 -0.180934 -0.255829
0 -0.0889506 -0.17859 -0.255172
0 -0.0868067 -0.176949 -0.256655
0 -0.0854444 -0.17646 -0.259505
0 -0.0843083 -0.176437 -0.26197
0 -0.0828761 -0.176054 -0.262732
0 -0.0816979 -0.175358 -0.261792
0 -0.0817151 -0.174683 -0.259885
0 -0.0829762 -0.174338 -0.257727
0 -0.0846422 -0.17459 -0.255654
0 -0.0856481 -0.17515 -0.253819
0 -0.0852423 -0.175149 -0.252254
0 -0.0835272 -0.173799 -0.250985
0 -0.0813165 -0.170927 -0.250003
0 -0.079216 -0.167185 -0.24894
0 -0.0772922 -0.163628 -0.247218
0 -0.0755346 -0.160834 -0.2443
0 -0.0740208 -0.158651 -0.240042
0 -0.0728373 -0.156624 -0.234973
0 -0.0720698 -0.154295 -0.229875
0 -0.0717316 -0.151565 -0.225382
0 -0.0717347 -0.149068 -0.221993
0 -0.0719649 -0.147824 -0.220134
0 -0.0723145 -0.148351 -0.220099
0 -0.0725178 -0.150125 -0.221769
0 -0.0722148 -0.15186 -0.224473
0 -0.0712647 -0.152352 -0.227223
0 -0.0697197 -0.151134 -0.229018
0 -0.0677435 -0.148625 -0.229099
0 -0.0657301 -0.145771 -0.227206
0 -0.0642749 -0.143343 -0.223617
0 -0.0637957 -0.14148 -0.218874
0 -0.0641858 -0.139911 -0.213637
0 -0.0648526 -0.138332 -0.208544
0 -0.064955 -0.136394 -0.203862
0 -0.0639571 -0.133898 -0.199661
0 -0.0620886 -0.131013 -0.19626
0 -0.060033 -0.128082 -0.193953
0 -0.0583792 -0.125565 -0.192746
0 -0.0575456 -0.124125 -0.192623
0 -0.057844 -0.12443 -0.193616
0 -0.0593433 -0.126919 -0.195957
0 -0.0619833 -0.131763 -0.200212
0 -0.0655918 -0.138699 -0.206909
0 -0.06961 -0.146959 -0.216224
0 -0.0735076 -0.155814 -0.228037
0 -0.0771716 -0.165121 -0.242082
0 -0.0807712 -0.175039 -0.257911
0 -0.0846406 -0.185506 -0.274793
0 -0.088874 -0.19621 -0.291415
0 -0.0932097 -0.206653 -0.306434
0 -0.0974542 -0.216226 -0.319326
0 -0.101597 -0.224456 -0.32986
0 -0.105561 -0.231164 -0.337984
0 -0.109244 -0.236499 -0.344027
0 -0.112567 -0.240687 -0.348177
0 -0.115236 -0.243844 -0.350603
0 -0.116873 -0.245894 -0.351585
0 -0.117204 -0.246409 -0.351213
0 -0.116028 -0.244844 -0.349423
0 -0.113312 -0.240781 -0.345819
0 -0.109305 -0.234043 -0.339672
0 -0.104438 -0.224904 -0.330313
0 -0.0992813 -0.213996 -0.317379
0 -0.094412 -0.202109 -0.301164
0 -0.0901029 -0.190194 -0.282726
0 -0.0862905 -0.178928 -0.263574
0 -0.0828658 -0.168351 -0.245205
0 -0.0797556 -0.158547 -0.22857
0 -0.0768263 -0.149987 -0.214284
0 -0.0739168 -0.142978 -0.203038
0 -0.0709601 -0.13744 -0.195072
0 -0.0680169 -0.133164 -0.190166
0 -0.0652259 -0.130049 -0.188098
0 -0.0627644 -0.127963 -0.188278
0 -0.0607728 -0.126733 -0.189801
0 -0.0593255 -0.126314 -0.191819
0 -0.0585292 -0.126528 -0.193504
0 -0.05852 -0.127089 -0.194412
0 -0.0593412 -0.127989 -0.194637
0 -0.0608564 -0.12935 -0.194547
0 -0.0626941 -0.131224 -0.194722
0 -0.0644155 -0.133633 -0.195807
0 -0.065805 -0.136481 -0.198336
0 -0.066909 -0.13959 -0.202643
0 -0.0679238 -0.142981 -0.208708
0 -0.0691145 -0.146919 -0.216187
0 -0.070641 -0.151687 -0.224556
0 -0.0724301 -0.157176 -0.233122
0 -0.0743107 -0.162801 -0.241113
0 -0.0761209 -0.167903 -0.247944
0 -0.0776349 -0.171884 -0.253263
0 -0.0785639 -0.174206 -0.256698
0 -0.0786658 -0.17463 -0.25791
0 -0.0779004 -0.173255 -0.256748
0 -0.0764847 -0.170334 -0.253215
0 -0.0747215 -0.166191 -0.247547
0 -0.0728962 -0.161228 -0.240227
0 -0.0712239 -0.155875 -0.231872
0 -0.069763 -0.150569 -0.22319
0 -0.0684435 -0.145742 -0.214911
0 -0.0671347 -0.141526 -0.207556
0 -0.0658044 -0.137787 -0.201518
0 -0.064606 -0.134706 -0.197231
0 -0.0637216 -0.132645 -0.19487
0 -0.0632383 -0.131721 -0.194344
0 -0.0631288 -0.131943 -0.195423
0 -0.0632178 -0.133145 -0.197617
0 -0.0633538 -0.134806 -0.200372
0 -0.0635937 -0.136453 -0.203278
0 -0.0639749 -0.137874 -0.205965
0 -0.0642824 -0.138825 -0.207943
0 -0.064229 -0.139044 -0.208715
0 -0.0637838 -0.138479 -0.208077
0 -0.0631649 -0.137191 -0.20615
0 -0.0625738 -0.135286 -0.203187
0 -0.0619891 -0.13291 -0.199404
0 -0.0611497 -0.130084 -0.194908
0 -0.0598411 -0.126749 -0.189817
0 -0.0581198 -0.122944 -0.184382
0 -0.0561489 -0.118787 -0.178886
0 -0.054067 -0.114504 -0.173552
0 -0.0520853 -0.110499 -0.168633
0 -0.0504864 -0.107248 -0.164444
0 -0.049556 -0.10514 -0.161337
0 -0.0495329 -0.104445 -0.159674
0 -0.0504236 -0.105327 -0.159768
0 -0.0519807 -0.107832 -0.161886
0 -0.0539925 -0.111869 -0.16629
0 -0.0563189 -0.117247 -0.173112
0 -0.0587804 -0.123702 -0.182201
0 -0.0612914 -0.130812 -0.193058
0 -0.0637707 -0.138218 -0.204889
0 -0.066085 -0.145688 -0.216934
0 -0.0683585 -0.152908 -0.228565
0 -0.0708533 -0.159702 -0.239092
0 -0.0736251 -0.166094 -0.24803
0 -0.0765083 -0.171894 -0.25522
0 -0.0792879 -0.176709 -0.260582
0 -0.0817662 -0.180352 -0.26416
0 -0.0836297 -0.182721 -0.266095
0 -0.0845295 -0.183588 -0.266426
0 -0.0842637 -0.182829 -0.265195
0 -0.082786 -0.180376 -0.262387
0 -0.0802957 -0.176149 -0.257874
0 -0.0772343 -0.170342 -0.251564
0 -0.0740319 -0.163394 -0.243384
0 -0.070944 -0.155756 -0.23335
0 -0.0680462 -0.14779 -0.221687
0 -0.0652219 -0.13975 -0.208887
0 -0.0622317 -0.131609 -0.19562
0 -0.0589474 -0.123083 -0.182367
0 -0.0553894 -0.114319 -0.169564
0 -0.0516087 -0.10589 -0.157772
0 -0.047713 -0.0981255 -0.14724
0 -0.0438759 -0.0910447 -0.137978
0 -0.0402597 -0.0846785 -0.130029
0 -0.0369843 -0.0790914 -0.123297
0 -0.0341543 -0.0742121 -0.1176
0 -0.0318489 -0.0699585 -0.112822
0 -0.0301023 -0.0664385 -0.108869
0 -0.028911 -0.0637732 -0.105667
0 -0.0282198 -0.0619341 -0.103163
0 -0.0279058 -0.0608647 -0.10127
0 -0.0278285 -0.0604936 -0.0999096
0 -0.0278975 -0.0606223 -0.0991091
0 -0.0281055 -0.0610101 -0.0989783
0 -0.0284613 -0.0615592 -0.0995899
0 -0.0288819 -0.0623016 -0.100873
0 -0.0292598 -0.0632927 -0.102682
0 -0.0296051 -0.0646104 -0.104914
0 -0.0301221 -0.0663784 -0.10756
0 -0.0311286 -0.0687719 -0.110788
0 -0.032815 -0.0720222 -0.114848
0 -0.0351406 -0.0763593 -0.119959
0 -0.0379364 -0.0819023 -0.126382
0 -0.04114 -0.0886452 -0.134401
0 -0.0447452 -0.0965125 -0.144264
0 -0.0485979 -0.105413 -0.156079
0 -0.0526221 -0.115137 -0.169624
0 -0.0568882 -0.125303 -0.184421
0 -0.0614483 -0.135651 -0.199778
0 -0.0662481 -0.146102 -0.214842
0 -0.0711105 -0.156432 -0.229008
0 -0.0759576 -0.166228 -0.24197
0 -0.0807974 -0.175279 -0.25356
0 -0.0855027 -0.183511 -0.263746
0 -0.0898383 -0.190735 -0.272531
0 -0.0935362 -0.19685 -0.279857
0 -0.0963212 -0.201784 -0.285663
0 -0.0979947 -0.20529 -0.289931
0 -0.098513 -0.207139 -0.292657
0 -0.0980085 -0.20723 -0.293834
0 -0.0967132 -0.205509 -0.293294
0 -0.0947929 -0.202068 -0.290657
0 -0.0923578 -0.197211 -0.28552
0 -0.0895836 -0.191216 -0.277745
0 -0.0866328 -0.1842 -0.267551
0 -0.0836019 -0.17622 -0.255387
0 -0.0805271 -0.167361 -0.241886
0 -0.077209 -0.157834 -0.227636
0 -0.0732938 -0.147867 -0.213138
0 -0.0687085 -0.137605 -0.198847
0 -0.0637234 -0.127422 -0.18512
0 -0.0586793 -0.117836 -0.172423
0 -0.0538754 -0.109117 -0.161182
0 -0.0496233 -0.101431 -0.151613
0 -0.0462737 -0.0951592 -0.143941
0 -0.0440757 -0.0907372 -0.138326
0 -0.0430115 -0.0882511 -0.13467
0 -0.042837 -0.0874299 -0.132798
0 -0.0432324 -0.0879726 -0.132612
0 -0.0439625 -0.0896144 -0.134063
0 -0.0449396 -0.0920093 -0.137107
0 -0.0461083 -0.0949729 -0.141628
0 -0.0474515 -0.0986034 -0.147435
0 -0.0490445 -0.103 -0.154298
0 -0.0509912 -0.108209 -0.161966
0 -0.0534626 -0.11429 -0.170288
0 -0.0565632 -0.121227 -0.179245
0 -0.0601175 -0.128865 -0.188886
0 -0.0638442 -0.13696 -0.199226
0 -0.0675052 -0.14516 -0.210019
0 -0.0709289 -0.152984 -0.220833
0 -0.0739395 -0.160034 -0.231211
0 -0.07632 -0.16604 -0.240595
0 -0.0779855 -0.170729 -0.248392
0 -0.0788962 -0.173909 -0.254092
0 -0.0789969 -0.17545 -0.257298
0 -0.0784138 -0.175214 -0.257785
0 -0.0773671 -0.173189 -0.255472
0 -0.075957 -0.169533 -0.250425
0 -0.0741907 -0.164494 -0.242926
0 -0.0720744 -0.15836 -0.233483
0 -0.0696243 -0.151439 -0.222766
0 -0.0668909 -0.144017 -0.211443
0 -0.0639846 -0.136332 -0.200077
0 -0.060929 -0.128495 -0.189034
0 -0.0576413 -0.120572 -0.178392
0 -0.0541386 -0.112748 -0.16815
0 -0.0505075 -0.105225 -0.158317
0 -0.0467497 -0.098 -0.148795
0 -0.0428308 -0.090891 -0.139504
0 -0.0388141 -0.083742 -0.130433
0 -0.0348331 -0.0765049 -0.12149
0 -0.0309326 -0.0691542 -0.112507
0 -0.0270268 -0.0616805 -0.103312
0 -0.0230506 -0.0541333 -0.0937509
0 -0.0191367 -0.0466066 -0.083835
0 -0.0155763 -0.0392463 -0.0737784
0 -0.0125986 -0.0322645 -0.0638226
0 -0.0102452 -0.0259144 -0.0541644
0 -0.008422 -0.0204426 -0.0450031
0 -0.00702581 -0.0160182 -0.03654
0 -0.00608062 -0.0126813 -0.0290334
0 -0.00571269 -0.0104001 -0.0228675
0 -0.00596624 -0.00919485 -0.01848
0 -0.006737 -0.00916174 -0.0162441
0 -0.00783555 -0.0103899 -0.0164471
0 -0.00911334 -0.0128843 -0.0192766
0 -0.0105464 -0.0166288 -0.0247272
0 -0.0122642 -0.0217049 -0.0326725
0 -0.0145325 -0.0282312 -0.0429067
0 -0.0175707 -0.0362525 -0.0550047
0 -0.0214368 -0.0457878 -0.0684825
0 -0.0259803 -0.0566472 -0.0829979
0 -0.0309579 -0.0683062 -0.0983579
0 -0.0363897 -0.0803736 -0.114449
0 -0.0424998 -0.0927549 -0.131122
0 -0.0493913 -0.105407 -0.148126
0 -0.0567125 -0.118269 -0.165051
0 -0.0637707 -0.131151 -0.181519
0 -0.0702858 -0.143727 -0.197401
0 -0.0762931 -0.155705 -0.212669
0 -0.0816282 -0.166797 -0.227294
0 -0.0861766 -0.176729 -0.241272
0 -0.0900225 -0.18535 -0.254542
0 -0.0931602 -0.19262 -0.266907
0 -0.0954337 -0.198578 -0.278059
0 -0.0967647 -0.203262 -0.287612
0 -0.0972505 -0.206668 -0.295243
0 -0.0971079 -0.208761 -0.300765
0 -0.0966446 -0.209494 -0.304044
0 -0.0961302 -0.20894 -0.304919
0 -0.0955712 -0.20731 -0.303197
0 -0.094779 -0.204756 -0.298907
0 -0.0935722 -0.201178 -0.292383
0 -0.091789 -0.196301 -0.284076
0 -0.0893075 -0.189926 -0.274535
0 -0.0860597 -0.182064 -0.26408
0 -0.0820743 -0.172964 -0.252699
0 -0.0775122 -0.162976 -0.240299
0 -0.0724303 -0.152297 -0.226722
0 -0.0667658 -0.140981 -0.21193
0 -0.0606165 -0.129106 -0.196086
0 -0.0541861 -0.116762 -0.1794
0 -0.0475781 -0.103958 -0.162132
0 -0.0408115 -0.0906793 -0.144546
0 -0.0339347 -0.0770575 -0.126773
0 -0.0270927 -0.0633756 -0.108867
0 -0.020509 -0.0499134 -0.0909052
0 -0.014374 -0.0368827 -0.072966
0 -0.00878623 -0.0244846 -0.055164
0 -0.00379447 -0.0129307 -0.0377136
0 0.000572315 -0.0024136 -0.0208633
0 0.00428993 0.00692855 -0.00487268
0 0.00731287 0.0150308 0.00992693
0 0.00955117 0.0218498 0.0231468
0 0.0109628 0.0272794 0.0343999
0 0.011655 0.0311641 0.0433052
0 0.0117752 0.0334111 0.049495
0 0.0114465 0.0340568 0.0527263
0 0.0108639 0.0333247 0.0531038
0 0.0101286 0.0314771 0.0507307
0 0.00913624 0.0284685 0.0455364
0 0.00782545 0.0241981 0.0379045
0 0.00612047 0.0186792 0.0284675
0 0.00382801 0.0118189 0.01775
0 0.000800454 0.00369122 0.00623774
0 -0.00300838 -0.00539515 -0.00578639
0 -0.00737811 -0.0150729 -0.0182212
0 -0.0118478 -0.0249314 -0.0309757
0 -0.0161482 -0.0346177 -0.0439269
0 -0.0202738 -0.0438802 -0.0569104
0 -0.0241759 -0.0525023 -0.0695967
0 -0.027653 -0.0602912 -0.0815525
0 -0.0305133 -0.0671356 -0.0923754
0 -0.0327353 -0.07296 -0.101691
0 -0.0344985 -0.077693 -0.109241
0 -0.035854 -0.081227 -0.114872
0 -0.0365544 -0.0832831 -0.118416
0 -0.0365727 -0.083692 -0.119698
0 -0.0360664 -0.0826422 -0.118664
0 -0.0350351 -0.0802767 -0.115377
0 -0.0335552 -0.0766339 -0.110008
0 -0.0317859 -0.0719197 -0.102925
0 -0.0298092 -0.0663912 -0.0946299
0 -0.0276647 -0.0603182 -0.0856284
0 -0.0254106 -0.0540811 -0.0763892
0 -0.0231173 -0.0479968 -0.0673224
0 -0.0207726 -0.0421166 -0.0587572
0 -0.0183846 -0.0364086 -0.0508675
0 -0.0160984 -0.0309965 -0.043681
0 -0.0140089 -0.0260311 -0.0371935
0 -0.0120528 -0.0215613 -0.0313525
0 -0.0101732 -0.0176179 -0.0260965
0 -0.00844878 -0.014249 -0.0214708
0 -0.00703811 -0.0114614 -0.0175866
0 -0.00605264 -0.00923916 -0.014544
0 -0.00550127 -0.00764827 -0.0124156
0 -0.00534077 -0.00683719 -0.0112306
0 -0.00552699 -0.00690595 -0.0109946
0 -0.00597752 -0.00781832 -0.0117623
0 -0.00664321 -0.00946344 -0.0136251
0 -0.00756944 -0.0117345 -0.0166186
0 -0.00872058 -0.0145275 -0.020669
0 -0.00998996 -0.0177739 -0.025592
0 -0.0113346 -0.0214357 -0.0311337
0 -0.0127492 -0.0254285 -0.037038
0 -0.0142776 -0.0296193 -0.0430802
0 -0.0159928 -0.0339047 -0.0490938
0 -0.0178395 -0.0381697 -0.0549574
0 -0.0196247 -0.0422278 -0.060509
0 -0.0212068 -0.0459515 -0.0655851
0 -0.0225267 -0.0492597 -0.0700856
0 -0.0235185 -0.0519837 -0.0738976
0 -0.0241307 -0.0539242 -0.076882
0 -0.0243739 -0.0549781 -0.078888
0 -0.0242735 -0.0551425 -0.0797393
0 -0.0238387 -0.0544401 -0.0792865
0 -0.0231343 -0.0529506 -0.0774689
0 -0.0222533 -0.0508003 -0.0743511
0 -0.0212438 -0.0480631 -0.0701257
0 -0.0201326 -0.0448311 -0.0650798
0 -0.0189176 -0.0412592 -0.0595488
0 -0.0175858 -0.0375227 -0.0538761
0 -0.0161925 -0.033811 -0.0483583
0 -0.0147511 -0.0301808 -0.0431575
0 -0.0132033 -0.0265865 -0.0383311
0 -0.0116359 -0.0231105 -0.0339151
0 -0.0101943 -0.0198687 -0.0298868
0 -0.00891952 -0.0169169 -0.0261974
0 -0.00787415 -0.014382 -0.0228566
0 -0.0071746 -0.0124281 -0.0199405
0 -0.00686717 -0.0111384 -0.0175992
0 -0.00692594 -0.0105654 -0.016053
0 -0.00734014 -0.0107975 -0.0155567
0 -0.00805973 -0.0118857 -0.0163423
0 -0.00895957 -0.0137681 -0.0185422
0 -0.00996172 -0.016338 -0.0221415
0 -0.0110478 -0.0194999 -0.0269852
0 -0.0122169 -0.0231261 -0.0327911
0 -0.0135074 -0.0270873 -0.0391785
0 -0.0149889 -0.0313206 -0.0457651
0 -0.0167042 -0.0357719 -0.0522774
0 -0.0185895 -0.0402808 -0.058495
0 -0.0205315 -0.0446642 -0.0642485
0 -0.0224692 -0.0488676 -0.0695582
0 -0.0243502 -0.0528788 -0.0745186
0 -0.0260842 -0.0566245 -0.0792063
0 -0.0276142 -0.0600493 -0.0837114
0 -0.0289666 -0.0631568 -0.0880512
0 -0.0301604 -0.0659267 -0.0921467
0 -0.0311204 -0.0682799 -0.0958315
0 -0.0317317 -0.0701066 -0.0988397
0 -0.0319238 -0.0712498 -0.100892
0 -0.031669 -0.0715013 -0.101774
0 -0.0310066 -0.0706998 -0.101304
0 -0.0300454 -0.068831 -0.0993351
0 -0.0288496 -0.0660042 -0.0958007
0 -0.0274447 -0.0623963 -0.0907621
0 -0.0258844 -0.0582171 -0.0844578
0 -0.0242221 -0.0536396 -0.0772906
0 -0.0224993 -0.0487942 -0.0697299
0 -0.0207805 -0.0438828 -0.0622258
0 -0.019053 -0.0390827 -0.0551285
0 -0.0171975 -0.0344011 -0.0485892
0 -0.0152504 -0.0299151 -0.0426541
0 -0.0134142 -0.0258257 -0.0374073
0 -0.0118205 -0.0222236 -0.0328551
0 -0.0104848 -0.0191252 -0.0289132
0 -0.00939184 -0.0165957 -0.0255342
0 -0.00854976 -0.0146747 -0.022699
0 -0.00795851 -0.0132913 -0.0204466
0 -0.00761542 -0.0123797 -0.0189001
0 -0.00758432 -0.0120085 -0.0181942
0 -0.00791435 -0.0123083 -0.0184412
0 -0.00852001 -0.0133539 -0.0197113
0 -0.00931932 -0.0151812 -0.0220341
0 -0.0103409 -0.0177839 -0.0254413
0 -0.0116186 -0.0210657 -0.0299276
0 -0.0131501 -0.0249097 -0.0353959
0 -0.0148777 -0.0292127 -0.0416431
0 -0.0166881 -0.0338228 -0.0483571
0 -0.0184932 -0.0385815 -0.0552188
0 -0.0202168 -0.0432861 -0.0619886
0 -0.0218035 -0.0476351 -0.0683994
0 -0.0232695 -0.0514599 -0.0741761
0 -0.0246114 -0.0547743 -0.0791332
0 -0.025738 -0.0575492 -0.0830938
0 -0.0265516 -0.0596568 -0.085929
0 -0.0270239 -0.0609722 -0.0876041
0 -0.0271486 -0.061395 -0.0880945
0 -0.0268837 -0.0608137 -0.0873808
0 -0.0262229 -0.0592417 -0.0854642
0 -0.0252252 -0.0568604 -0.0823833
0 -0.0239618 -0.053843 -0.0782578
0 -0.02254 -0.050359 -0.0732905
0 -0.0210811 -0.046602 -0.0677508
0 -0.0196582 -0.0427211 -0.0619484
0 -0.0183324 -0.0389118 -0.0561904
0 -0.0170789 -0.0353312 -0.0507337
0 -0.015784 -0.0319485 -0.0457295
0 -0.0144746 -0.0287844 -0.041291
0 -0.0132745 -0.0259694 -0.03754
0 -0.0122235 -0.0235469 -0.034494
0 -0.0113323 -0.0215399 -0.032091
0 -0.0106361 -0.0200233 -0.0302609
0 -0.0101435 -0.0189955 -0.0289121
0 -0.00982919 -0.018355 -0.027984
0 -0.00969423 -0.0180374 -0.0274673
0 -0.00975552 -0.0180411 -0.0273657
0 -0.00997442 -0.0183548 -0.0276963
0 -0.010307 -0.0189971 -0.0284938
0 -0.0107713 -0.0200318 -0.029804
0 -0.0113802 -0.0214676 -0.0316688
0 -0.0121197 -0.0232626 -0.0340884
0 -0.0129588 -0.025352 -0.0369949
0 -0.0138261 -0.0276185 -0.0402547
0 -0.014657 -0.0299326 -0.0436947
0 -0.0154385 -0.0321979 -0.0471384
0 -0.0161918 -0.0343436 -0.0504271
0 -0.0169399 -0.036336 -0.0534398
0 -0.0176865 -0.0381629 -0.0560837
0 -0.018413 -0.0397967 -0.0582947
0 -0.0190885 -0.0412229 -0.060075
0 -0.0196899 -0.0424426 -0.0614692
0 -0.0201998 -0.0434347 -0.0625402
0 -0.020588 -0.0441725 -0.0633601
0 -0.0208335 -0.0446598 -0.0639745
0 -0.020944 -0.0449277 -0.0644078
0 -0.0209401 -0.0450103 -0.0646662
0 -0.0208565 -0.0449475 -0.0647367
0 -0.0207456 -0.0447836 -0.0646146
0 -0.0206533 -0.0445566 -0.0643166
0 -0.0206073 -0.0443136 -0.0638854
0 -0.0206157 -0.0441023 -0.0633932
0 -0.02066 -0.0439491 -0.0629238
0 -0.0207093 -0.043864 -0.0625618
0 -0.0207438 -0.0438449 -0.0623795
0 -0.0207556 -0.0438799 -0.0624133
0 -0.0207448 -0.0439607 -0.0626554
0 -0.0207119 -0.0440742 -0.0630458
0 -0.0206421 -0.0441794 -0.0634671
0 -0.0205142 -0.0442067 -0.063772
0 -0.0203274 -0.0440826 -0.0638284
0 -0.020099 -0.0437532 -0.063542
0 -0.0198377 -0.0431923 -0.0628553
0 -0.0195431 -0.0424123 -0.0617611
0 -0.0192226 -0.0414667 -0.0603177
0 -0.0188938 -0.0404332 -0.0586462
0 -0.0185802 -0.0393974 -0.0569086
0 -0.0183039 -0.0384438 -0.0552679
0 -0.0180852 -0.0376513 -0.0538744
0 -0.0179401 -0.0370826 -0.0528726
0 -0.017871 -0.036779 -0.0523556
0 -0.0178613 -0.0367567 -0.0523431
0 -0.0178865 -0.0369862 -0.052798
0 -0.0179425 -0.0374119 -0.0536269
0 -0.0180507 -0.0379868 -0.0547237
0 -0.0182329 -0.0386733 -0.0559797
0 -0.0184916 -0.0394352 -0.0572679
0 -0.0187982 -0.0402294 -0.0584797
0 -0.0191006 -0.0409925 -0.0595222
0 -0.0193497 -0.0416353 -0.0603175
0 -0.0195022 -0.0420546 -0.0608206
0 -0.0195161 -0.0421575 -0.0609865
0 -0.0193522 -0.0418796 -0.0607471
0 -0.0189724 -0.0411774 -0.0600148
0 -0.0183588 -0.0400177 -0.0586921
0 -0.0175382 -0.038383 -0.0567018
0 -0.0165748 -0.0362786 -0.0540076
0 -0.015537 -0.0337585 -0.0506145
0 -0.0144379 -0.0309152 -0.0465727
0 -0.0132563 -0.027805 -0.0419985
0 -0.0120173 -0.0244807 -0.0370596
0 -0.0107612 -0.0210621 -0.031972
0 -0.00952047 -0.0176765 -0.0269973
0 -0.00834737 -0.0144586 -0.0223594
0 -0.00729042 -0.0115892 -0.0182472
0 -0.00638905 -0.00924071 -0.0148509
0 -0.00570059 -0.00754247 -0.0123342
0 -0.0053006 -0.00658466 -0.0108427
0 -0.00525879 -0.00642401 -0.0104967
0 -0.00560013 -0.0070891 -0.0113586
0 -0.00629539 -0.00859712 -0.0134337
0 -0.00730005 -0.0109581 -0.0166784
0 -0.00856351 -0.0141199 -0.0210076
0 -0.010049 -0.0179563 -0.0263118
0 -0.0117572 -0.022334 -0.0324603
0 -0.0136823 -0.027143 -0.0392925
0 -0.0158259 -0.0323126 -0.0466235
0 -0.0181525 -0.0378262 -0.054282
0 -0.0205131 -0.0435582 -0.0621342
0 -0.0227852 -0.0492315 -0.0699987
0 -0.0249295 -0.054656 -0.0776494
0 -0.0269108 -0.0597231 -0.0849185
0 -0.0286881 -0.064276 -0.0916191
0 -0.0302312 -0.068172 -0.0975235
0 -0.0315362 -0.0713607 -0.102445
0 -0.0326 -0.0738464 -0.106218
0 -0.0333914 -0.0756017 -0.108723
0 -0.0338841 -0.0765885 -0.109945
0 -0.0340914 -0.0768281 -0.109944
0 -0.0340272 -0.0763301 -0.108841
0 -0.0336645 -0.0750939 -0.106808
0 -0.0329752 -0.0732094 -0.10401
0 -0.0319752 -0.07077 -0.100603
0 -0.0307147 -0.0678624 -0.0967133
0 -0.0292682 -0.0646156 -0.0924388
0 -0.0277302 -0.0611437 -0.0878654
0 -0.0261863 -0.0575564 -0.0830695
0 -0.024692 -0.0539608 -0.0781323
0 -0.0232926 -0.0504396 -0.0731448
0 -0.0219914 -0.0470545 -0.0682007
0 -0.0207206 -0.0437966 -0.0634049
0 -0.019447 -0.0406239 -0.0588428
0 -0.018214 -0.0375723 -0.0545673
0 -0.0170533 -0.0347029 -0.0506313
0 -0.0159602 -0.0320393 -0.0470596
0 -0.0149472 -0.029617 -0.0438495
0 -0.0140532 -0.0274923 -0.0410043
0 -0.0132869 -0.0256842 -0.0385155
0 -0.0126272 -0.024158 -0.0363753
0 -0.0120675 -0.0228807 -0.0345805
0 -0.0115904 -0.0218238 -0.0331101
0 -0.0111486 -0.0209274 -0.0319341
0 -0.0107191 -0.0201424 -0.031016
0 -0.0103285 -0.0194767 -0.0303215
0 -0.0100228 -0.018967 -0.0298341
0 -0.00985497 -0.0186663 -0.0295641
0 -0.00989278 -0.0186656 -0.0295599
0 -0.0101845 -0.0190691 -0.0299052
0 -0.0107145 -0.0199409 -0.0307083
0 -0.0114286 -0.0212869 -0.0320843
0 -0.0122698 -0.0230653 -0.0341262
0 -0.0131779 -0.0251956 -0.0368734
0 -0.0141122 -0.0275906 -0.0402877
0 -0.0150673 -0.0301956 -0.0442533
0 -0.0160567 -0.0329829 -0.0485955
0 -0.0171082 -0.0359258 -0.0531125
0 -0.0182699 -0.0389929 -0.0576365
0 -0.0195766 -0.042156 -0.062051
0 -0.0209825 -0.0453422 -0.0662669
0 -0.0223927 -0.0484306 -0.0702452
0 -0.0237388 -0.0513574 -0.0739873
0 -0.0249641 -0.0540871 -0.077495
0 -0.0260039 -0.056539 -0.0807587
0 -0.0268232 -0.0586414 -0.0837419
0 -0.027442 -0.0603723 -0.0863847
0 -0.027901 -0.0617364 -0.088611
0 -0.0282246 -0.0627426 -0.0903297
0 -0.0284307 -0.0634068 -0.0914567
0 -0.0285273 -0.0637243 -0.0919287
0 -0.0284904 -0.0636432 -0.0917151
0 -0.0282934 -0.0631132 -0.0908316
0 -0.027925 -0.0621209 -0.0893281
0 -0.0273663 -0.0606777 -0.0872721
0 -0.0266064 -0.0588285 -0.0847326
0 -0.0256553 -0.0566317 -0.081766
0 -0.0245377 -0.0541303 -0.0784216
0 -0.0233028 -0.051373 -0.0747528
0 -0.0220158 -0.0484255 -0.0708183
0 -0.0207459 -0.0453706 -0.0666814
0 -0.0195551 -0.0423277 -0.0624188
0 -0.0184444 -0.0393985 -0.0581425
0 -0.0174061 -0.0366372 -0.0540117
0 -0.0165345 -0.0341667 -0.0502286
0 -0.0159282 -0.0321673 -0.0470406
0 -0.0155863 -0.0307635 -0.0446891
0 -0.0154825 -0.0300511 -0.0433461
0 -0.0156044 -0.0301084 -0.0431343
0 -0.0159171 -0.0309082 -0.044111
0 -0.0163918 -0.0323353 -0.0462215
0 -0.0170164 -0.0342676 -0.0492944
0 -0.017728 -0.0365453 -0.0530334
0 -0.0184488 -0.0389723 -0.0570652
0 -0.0191602 -0.0413925 -0.0610581
0 -0.0198857 -0.0437009 -0.0647443
0 -0.0206394 -0.0457784 -0.067874
0 -0.0213929 -0.0475176 -0.070302
0 -0.0220991 -0.0489189 -0.0720114
0 -0.0227193 -0.0500039 -0.0730515
0 -0.0232053 -0.0507356 -0.073548
0 -0.023493 -0.0510893 -0.0736374
0 -0.0235311 -0.051049 -0.0734046
0 -0.023293 -0.0505828 -0.072881
0 -0.0227821 -0.0496925 -0.0720267
0 -0.0220551 -0.0484218 -0.0707622
0 -0.0212036 -0.0468175 -0.0690064
0 -0.020315 -0.0449354 -0.0667027
0 -0.0194641 -0.0428474 -0.063856
0 -0.0186854 -0.0406319 -0.060545
0 -0.0179379 -0.0383728 -0.0569185
0 -0.0171668 -0.0360908 -0.053174
0 -0.0163646 -0.0337678 -0.0494942
0 -0.0155221 -0.0314584 -0.046048
0 -0.0146371 -0.0292324 -0.042987
0 -0.013749 -0.0271513 -0.0403616
0 -0.0129013 -0.0253116 -0.038159
0 -0.0121476 -0.0237801 -0.0363517
0 -0.0115608 -0.0225771 -0.0348919
0 -0.0111986 -0.0217281 -0.0337661
0 -0.0110837 -0.0212697 -0.0330061
0 -0.0112093 -0.021234 -0.0326702
0 -0.0115342 -0.0216433 -0.0328504
0 -0.0120009 -0.0224956 -0.0336441
0 -0.0125727 -0.0237504 -0.0351206
0 -0.0132313 -0.0253563 -0.0373059
0 -0.0139668 -0.0272838 -0.0401581
0 -0.0147802 -0.0295055 -0.0435613
0 -0.0156693 -0.0319785 -0.0473461
0 -0.0166287 -0.0346427 -0.0513224
0 -0.0176594 -0.0374101 -0.0553174
0 -0.0187715 -0.0401949 -0.0592137
0 -0.0199527 -0.0429334 -0.0629326
0 -0.0211247 -0.0455429 -0.0664099
0 -0.0221902 -0.0479416 -0.0696064
0 -0.0231031 -0.050087 -0.0724846
0 -0.0238523 -0.0519366 -0.0750108
0 -0.0244296 -0.053434 -0.0771523
0 -0.024834 -0.0545428 -0.0788494
0 -0.025079 -0.0552593 -0.080038
0 -0.0251756 -0.055594 -0.0806638
0 -0.0251329 -0.0555609 -0.0806921
0 -0.0249781 -0.0551857 -0.0801356
0 -0.0247332 -0.0544948 -0.0790476
0 -0.0243937 -0.0535096 -0.0775079
0 -0.0239525 -0.0522676 -0.0756176
0 -0.0234017 -0.0508138 -0.0734782
0 -0.0227367 -0.0491895 -0.0711814
0 -0.0219864 -0.0474503 -0.0688125
0 -0.02121 -0.0456716 -0.066447
0 -0.020478 -0.0439458 -0.0641522
0 -0.0198527 -0.0423748 -0.0619916
0 -0.0193606 -0.0410388 -0.0600185
0 -0.0189808 -0.0399569 -0.0582889
0 -0.0186715 -0.0390955 -0.05686
0 -0.0184088 -0.0384133 -0.0557637
0 -0.0181791 -0.0378688 -0.0550138
0 -0.0179673 -0.0374419 -0.0545955
0 -0.017782 -0.0371532 -0.0544544
0 -0.0176513 -0.0370292 -0.0545282
0 -0.0176029 -0.037081 -0.0547584
0 -0.017661 -0.0373035 -0.055098
0 -0.0178329 -0.0376742 -0.0555294
0 -0.0180975 -0.0381681 -0.0560582
0 -0.0184164 -0.0387646 -0.0567025
0 -0.018749 -0.0394423 -0.0574874
0 -0.0190684 -0.0401804 -0.0584313
0 -0.0193694 -0.0409601 -0.0595346
0 -0.0196576 -0.0417617 -0.060773
0 -0.019933 -0.0425643 -0.0620859
0 -0.0201916 -0.0433503 -0.0633875
0 -0.0204347 -0.0440975 -0.0646005
0 -0.0206653 -0.0447754 -0.0656566
0 -0.0208846 -0.0453582 -0.066494
0 -0.0210861 -0.0458184 -0.0670841
0 -0.0212483 -0.0461271 -0.0674191
0 -0.0213443 -0.0462628 -0.0675022
0 -0.0213527 -0.0462139 -0.0673558
0 -0.0212717 -0.0459903 -0.0670133
0 -0.0211233 -0.0456232 -0.0665148
0 -0.0209334 -0.0451561 -0.0658988
0 -0.0207195 -0.0446303 -0.0651916
0 -0.0204947 -0.0440755 -0.0644142
0 -0.0202692 -0.0435141 -0.0635931
0 -0.0200523 -0.0429596 -0.0627596
0 -0.0198526 -0.0424218 -0.0619454
0 -0.0196733 -0.0419194 -0.0611844
0 -0.0195125 -0.0414703 -0.0605076
0 -0.019366 -0.0410838 -0.0599349
0 -0.0192313 -0.0407659 -0.0594796
0 -0.0191152 -0.0405193 -0.0591505
0 -0.0190343 -0.0403512 -0.0589528
0 -0.0190042 -0.0402778 -0.0588908
0 -0.0190276 -0.0403144 -0.0589609
0 -0.0190931 -0.0404601 -0.0591507
0 -0.0191859 -0.0406965 -0.0594466
0 -0.0192946 -0.040993 -0.0598347
0 -0.0194076 -0.0413105 -0.0602929
0 -0.0195081 -0.0416105 -0.0607829
0 -0.0195758 -0.0418622 -0.061252
0 -0.0195973 -0.0420384 -0.0616393
0 -0.0195658 -0.0421108 -0.0618816
0 -0.0194805 -0.0420505 -0.0619204
0 -0.0193474 -0.0418316 -0.0617088
0 -0.0191775 -0.0414482 -0.0612237
0 -0.0189872 -0.040927 -0.0604768
0 -0.0187914 -0.0403143 -0.0595135
0 -0.0186014 -0.0396622 -0.0584091
0 -0.0184289 -0.0390263 -0.0572757
0 -0.0182867 -0.038457 -0.0562377
0 -0.0181807 -0.0379951 -0.0554
0 -0.0181025 -0.0376703 -0.0548439
0 -0.018035 -0.0374929 -0.0546021
0 -0.0179606 -0.037444 -0.0546451
0 -0.0178674 -0.0374756 -0.0548973
0 -0.0177629 -0.0375329 -0.0552529
0 -0.0176732 -0.0375812 -0.0556053
0 -0.0176304 -0.0376183 -0.0558735
0 -0.0176636 -0.0376777 -0.0560213
0 -0.017793 -0.0378139 -0.0560743
0 -0.018025 -0.0380791 -0.0561203
0 -0.0183482 -0.0385062 -0.0562863
0 -0.0187301 -0.0390988 -0.0567005
0 -0.0191214 -0.0398332 -0.0574542
0 -0.0194726 -0.0406681 -0.058572
0 -0.0197576 -0.0415573 -0.0600047
0 -0.0199882 -0.0424661 -0.0616555
0 -0.0201996 -0.0433799 -0.0633956
0 -0.0204265 -0.044282 -0.0650722
0 -0.0206941 -0.0451415 -0.0665424
0 -0.0210027 -0.0459296 -0.0676909
0 -0.0213242 -0.0466079 -0.0684612
0 -0.0216209 -0.0471221 -0.0688707
0 -0.0218542 -0.0474262 -0.0689805
0 -0.0219804 -0.047499 -0.0688641
0 -0.0219604 -0.0473392 -0.0685745
0 -0.0217737 -0.0469531 -0.0681244
0 -0.0214329 -0.0463568 -0.0675006
0 -0.0209853 -0.04557 -0.066673
0 -0.0204863 -0.0446098 -0.065597
0 -0.0199792 -0.0435031 -0.064238
0 -0.0194925 -0.0422915 -0.0625921
0 -0.0190406 -0.0410277 -0.0607007
0 -0.0186228 -0.0397662 -0.0586497
0 -0.0182225 -0.038531 -0.0565614
0 -0.0178274 -0.0373238 -0.0545714
0 -0.0174288 -0.0361645 -0.0527836
0 -0.0170096 -0.0350768 -0.0512683
0 -0.01657 -0.0340871 -0.0500527
0 -0.0161416 -0.03324 -0.0491178
0 -0.0157782 -0.0325771 -0.0484379
0 -0.0155389 -0.0321327 -0.0479883
0 -0.0154622 -0.0319382 -0.0477513
0 -0.0155554 -0.032017 -0.0477414
0 -0.0157955 -0.0323765 -0.0479975
0 -0.0161398 -0.0329977 -0.0485683
0 -0.0165448 -0.0338387 -0.0495002
0 -0.0169769 -0.0348529 -0.0508141
0 -0.0174269 -0.0360135 -0.0525011
0 -0.0179128 -0.0373241 -0.0545214
0 -0.0184577 -0.0388022 -0.0568041
0 -0.019078 -0.0404516 -0.0592681
0 -0.0197877 -0.0422526 -0.0618401
0 -0.0205789 -0.0441562 -0.06444
0 -0.0213872 -0.0460611 -0.0669878
0 -0.0221244 -0.0478384 -0.0694104
0 -0.0227367 -0.0493912 -0.0716114
0 -0.0231995 -0.0506503 -0.073495
0 -0.0235024 -0.0515667 -0.0749712
0 -0.0236604 -0.0521255 -0.0759529
0 -0.0237064 -0.0523401 -0.0763904
0 -0.0236672 -0.0522388 -0.0762714
0 -0.0235562 -0.0518533 -0.0756243
0 -0.0233755 -0.0512169 -0.0745261
0 -0.0231186 -0.0503653 -0.073088
0 -0.0227815 -0.0493403 -0.0714415
0 -0.0223684 -0.0481952 -0.0697146
0 -0.0218881 -0.0469861 -0.0680044
0 -0.02136 -0.0457662 -0.0663728
0 -0.0208176 -0.0445816 -0.0648461
0 -0.0202971 -0.043461 -0.0634209
0 -0.0198247 -0.0424211 -0.0620819
0 -0.0194135 -0.0414704 -0.060811
0 -0.0190629 -0.0406075 -0.0595975
0 -0.0187653 -0.0398376 -0.0584547
0 -0.018527 -0.0391757 -0.0574238
0 -0.0183571 -0.0386389 -0.0565575
0 -0.0182494 -0.0382473 -0.0559059
0 -0.0181859 -0.038008 -0.0555039
0 -0.0181432 -0.0379084 -0.0553538
0 -0.0181044 -0.0379211 -0.0554315
0 -0.0180695 -0.0380092 -0.0556916
0 -0.018051 -0.0381445 -0.0560695
0 -0.0180617 -0.0383144 -0.0564952
0 -0.0181048 -0.038509 -0.0569003
0 -0.0181777 -0.0387207 -0.057234
0 -0.0182814 -0.0389455 -0.0574846
0 -0.0184189 -0.0391819 -0.0576759
0 -0.0185856 -0.039432 -0.0578536
0 -0.0187632 -0.0396994 -0.0580672
0 -0.0189263 -0.0399846 -0.0583537
0 -0.0190583 -0.0402848 -0.0587347
0 -0.0191582 -0.0405944 -0.059212
0 -0.019243 -0.0409118 -0.0597714
0 -0.0193436 -0.0412515 -0.060396
0 -0.0194875 -0.04164 -0.0610618
0 -0.0196862 -0.0421019 -0.0617462
0 -0.0199358 -0.0426468 -0.0624433
0 -0.0202235 -0.0432639 -0.0631599
0 -0.0205293 -0.0439201 -0.0639107
0 -0.0208256 -0.0445686 -0.0647052
0 -0.0210848 -0.0451733 -0.0655359
0 -0.021286 -0.045712 -0.0663756
0 -0.0214185 -0.0461657 -0.0671745
0 -0.0214894 -0.0465222 -0.0678629
0 -0.0215135 -0.0467662 -0.068367
0 -0.0214974 -0.0468672 -0.0686185
0 -0.0214378 -0.0467923 -0.0685622
0 -0.0213201 -0.0465151 -0.0681663
0 -0.0211235 -0.046014 -0.0674248
0 -0.0208367 -0.0452844 -0.0663584
0 -0.0204656 -0.0443465 -0.065012
0 -0.020028 -0.0432371 -0.0634419
0 -0.019548 -0.0420089 -0.061707
0 -0.0190555 -0.0407271 -0.0598649
0 -0.0185697 -0.0394474 -0.0579842
0 -0.0180993 -0.038208 -0.0561481
0 -0.0176613 -0.0370448 -0.0544252
0 -0.0172594 -0.0359792 -0.0528677
0 -0.0168826 -0.0350205 -0.0515203
0 -0.0165291 -0.0341818 -0.0503974
0 -0.0162017 -0.0334674 -0.0494906
0 -0.0159083 -0.0328732 -0.0487825
0 -0.0156678 -0.0324 -0.0482436
0 -0.0154997 -0.0320534 -0.0478502
0 -0.0154147 -0.031844 -0.047591
0 -0.0154112 -0.0317809 -0.0474617
0 -0.0154821 -0.0318674 -0.0474775
0 -0.0156217 -0.0321064 -0.0476742
0 -0.0158278 -0.0325016 -0.0480948
0 -0.0160987 -0.0330594 -0.0487779
0 -0.016428 -0.0337902 -0.0497472
0 -0.0168132 -0.0347059 -0.0510115
0 -0.017264 -0.0358168 -0.0525677
0 -0.0177905 -0.0371248 -0.0544
0 -0.0183932 -0.0386151 -0.0564772
0 -0.0190583 -0.0402526 -0.0587514
0 -0.0197607 -0.0419834 -0.0611647
0 -0.0204698 -0.0437436 -0.0636433
0 -0.0211476 -0.0454626 -0.0660995
0 -0.0217624 -0.0470689 -0.0684606
0 -0.0223128 -0.0485213 -0.0706474
0 -0.0228183 -0.0498127 -0.0725727
0 -0.0232847 -0.0509419 -0.074182
0 -0.0236965 -0.0518903 -0.0754361
0 -0.0240342 -0.0526242 -0.0763161
0 -0.0242693 -0.0531032 -0.0768322
0 -0.0243652 -0.0532814 -0.0769894
0 -0.0242982 -0.0531294 -0.0767874
0 -0.0240601 -0.0526431 -0.0762199
0 -0.0236597 -0.051835 -0.0752678
0 -0.0231293 -0.0507345 -0.0739193
0 -0.0225107 -0.0493831 -0.0721781
0 -0.0218388 -0.0478228 -0.0700668
0 -0.0211351 -0.046094 -0.067634
0 -0.0204119 -0.044238 -0.0649512
0 -0.0196805 -0.0423053 -0.0621081
0 -0.0189439 -0.040349 -0.0591939
0 -0.01819 -0.0383913 -0.0563062
0 -0.0174305 -0.0364575 -0.0535459
0 -0.0167093 -0.0346237 -0.0509897
0 -0.0160536 -0.0329617 -0.0487153
0 -0.0154823 -0.0315336 -0.046783
0 -0.0150358 -0.0304172 -0.0452354
0 -0.0147469 -0.0296618 -0.0441293
0 -0.0146297 -0.0292886 -0.0435132
0 -0.0146937 -0.0293182 -0.0434298
0 -0.0149259 -0.0297548 -0.0439153
0 -0.0152931 -0.0305795 -0.0449768
0 -0.0157762 -0.0317656 -0.046598
0 -0.016368 -0.0332824 -0.0487447
0 -0.0170645 -0.0350926 -0.0513549
0 -0.0178646 -0.0371558 -0.0543435
0 -0.0187545 -0.0394268 -0.0576073
0 -0.0197163 -0.0418483 -0.0610454
0 -0.0207447 -0.0443678 -0.0645685
0 -0.0218009 -0.0469092 -0.068086
0 -0.0228068 -0.0493559 -0.0715067
0 -0.0237243 -0.0516266 -0.0747273
0 -0.0245424 -0.0536729 -0.0776423
0 -0.025225 -0.0554263 -0.0801566
0 -0.0257425 -0.0568143 -0.0821748
0 -0.0260897 -0.0577822 -0.0836149
0 -0.0262542 -0.0582871 -0.0844118
0 -0.0262175 -0.0582916 -0.0845105
0 -0.0259818 -0.0577876 -0.0838826
0 -0.0255588 -0.0567976 -0.0825363
0 -0.0249616 -0.0553541 -0.0805163
0 -0.0242201 -0.0535153 -0.0779093
0 -0.0233634 -0.0513578 -0.0748277
0 -0.0224064 -0.048954 -0.0713956
0 -0.0213786 -0.046388 -0.0677495
0 -0.0203363 -0.0437652 -0.0640274
0 -0.0193314 -0.0411939 -0.0603451
0 -0.0183708 -0.0387341 -0.0568059
0 -0.0174609 -0.036422 -0.0535152
0 -0.0166562 -0.0343441 -0.0505617
0 -0.0159799 -0.0325669 -0.048026
0 -0.0154084 -0.0311028 -0.0459617
0 -0.0149434 -0.0299728 -0.0443866
0 -0.0145959 -0.0291815 -0.0433086
0 -0.0143624 -0.0287028 -0.0427157
0 -0.0142557 -0.0285294 -0.0425829
0 -0.0142986 -0.0286762 -0.042886
0 -0.0144896 -0.0291482 -0.0435924
0 -0.0148165 -0.0299398 -0.0446714
0 -0.0152757 -0.0310336 -0.0461049
0 -0.0158512 -0.0323897 -0.0478769
0 -0.0165133 -0.0339566 -0.0499662
0 -0.0172318 -0.0356856 -0.052335
0 -0.0179687 -0.0375227 -0.0549186
0 -0.0186896 -0.0394064 -0.057632
0 -0.0193855 -0.0412785 -0.0603825
0 -0.0200623 -0.0430921 -0.0630764
0 -0.0207137 -0.0448001 -0.0656159
0 -0.0213191 -0.0463462 -0.0679071
0 -0.0218588 -0.0476929 -0.0698624
0 -0.0223236 -0.0488208 -0.0714153
0 -0.0227101 -0.0497059 -0.0725486
0 -0.0230093 -0.0503247 -0.0732761
0 -0.0232093 -0.0506688 -0.0736248
0 -0.0232927 -0.0507423 -0.0736307
0 -0.0232347 -0.0505482 -0.0733188
0 -0.0230318 -0.0500978 -0.072711
0 -0.0227035 -0.0494094 -0.0718295
0 -0.0222762 -0.0485015 -0.0706841
0 -0.0217853 -0.0474106 -0.069289
0 -0.0212696 -0.046194 -0.0676739
0 -0.0207635 -0.044919 -0.0658891
0 -0.0202964 -0.0436558 -0.0640141
0 -0.0198839 -0.0424655 -0.0621463
0 -0.0195241 -0.041387 -0.0603763
0 -0.0191962 -0.0404205 -0.0587938
0 -0.018872 -0.0395459 -0.0574655
0 -0.0185393 -0.0387608 -0.0564065
0 -0.0182048 -0.0380695 -0.0556151
0 -0.0178909 -0.0374892 -0.0550611
0 -0.0176403 -0.037059 -0.054694
0 -0.0174941 -0.0368086 -0.0544831
0 -0.0174685 -0.0367481 -0.0544011
0 -0.0175517 -0.0368647 -0.0544367
0 -0.0177097 -0.0371207 -0.054602
0 -0.0179009 -0.0374712 -0.0549122
0 -0.0180903 -0.0378753 -0.0553809
0 -0.0182532 -0.0383012 -0.0560012
0 -0.0183818 -0.038731 -0.0567359
0 -0.0184875 -0.0391596 -0.0575317
0 -0.0185969 -0.0395924 -0.0583313
0 -0.0187404 -0.040041 -0.0590892
0 -0.0189339 -0.0405119 -0.0597749
0 -0.0191692 -0.0409999 -0.060371
0 -0.0194207 -0.0414877 -0.060887
0 -0.0196632 -0.041955 -0.0613543
0 -0.0198828 -0.0423871 -0.0618116
0 -0.0200701 -0.0427765 -0.0622934
0 -0.0202186 -0.0431272 -0.0628127
0 -0.0203331 -0.0434519 -0.0633605
0 -0.0204242 -0.0437621 -0.0639151
0 -0.0205043 -0.0440628 -0.064446
0 -0.0205861 -0.0443491 -0.0649188
0 -0.0206743 -0.0446042 -0.0653015
0 -0.0207581 -0.044803 -0.0655664
0 -0.0208157 -0.04492 -0.0656938
0 -0.0208265 -0.0449324 -0.065674
0 -0.020779 -0.0448224 -0.0655045
0 -0.0206702 -0.0445835 -0.0651877
0 -0.0205098 -0.0442243 -0.06473
0 -0.0203078 -0.0437587 -0.0641337
0 -0.0200656 -0.0431999 -0.063396
0 -0.0197888 -0.0425561 -0.0625171
0 -0.0194878 -0.0418344 -0.0615033
0 -0.0191746 -0.0410519 -0.0603762
0 -0.0188617 -0.0402297 -0.0591707
0 -0.0185526 -0.039391 -0.0579305
0 -0.0182475 -0.0385644 -0.0567037
0 -0.0179491 -0.0377718 -0.0555332
0 -0.017662 -0.0370309 -0.0544626
0 -0.0173945 -0.0363624 -0.0535292
0 -0.0171572 -0.0357864 -0.0527544
0 -0.0169623 -0.0353237 -0.0521526
0 -0.0168259 -0.0350003 -0.0517354
0 -0.0167662 -0.0348423 -0.0515175
0 -0.0167968 -0.0348703 -0.0515186
0 -0.0169199 -0.0350967 -0.051759
0 -0.0171287 -0.035524 -0.0522589
0 -0.017415 -0.0361484 -0.0530374
0 -0.0177687 -0.0369617 -0.0541047
0 -0.018175 -0.0379453 -0.055451
0 -0.0186184 -0.0390702 -0.0570428
0 -0.0190877 -0.0403029 -0.0588286
0 -0.0195815 -0.0416105 -0.0607519
0 -0.0201079 -0.0429695 -0.0627547
0 -0.0206694 -0.0443639 -0.0647748
0 -0.0212522 -0.045769 -0.0667653
0 -0.0218349 -0.0471538 -0.068685
0 -0.0223978 -0.0484832 -0.0704834
0 -0.0229203 -0.0497135 -0.0721255
0 -0.0233792 -0.0507979 -0.0735827
0 -0.0237502 -0.0516915 -0.0748156
0 -0.0240112 -0.052357 -0.0757833
0 -0.0241448 -0.0527663 -0.0764377
0 -0.024148 -0.0528978 -0.0767301
0 -0.0240339 -0.0527436 -0.0766264
0 -0.0238198 -0.0523087 -0.0761065
0 -0.0235153 -0.0516032 -0.0751637
0 -0.023118 -0.050638 -0.0738101
0 -0.0226152 -0.0494183 -0.0720705
0 -0.0219924 -0.0479404 -0.069979
0 -0.0212487 -0.0462074 -0.0675806
0 -0.0204125 -0.0442497 -0.0649274
0 -0.0195399 -0.0421379 -0.0620764
0 -0.0186806 -0.0399718 -0.059082
0 -0.0178426 -0.0378265 -0.0560165
0 -0.0170378 -0.0357478 -0.0529815
0 -0.016309 -0.0337987 -0.0500799
0 -0.0156685 -0.0320286 -0.0474281
0 -0.015104 -0.0304688 -0.0451369
0 -0.0146226 -0.029173 -0.0432769
0 -0.014232 -0.0281872 -0.0419022
0 -0.0139418 -0.0275336 -0.0410444
0 -0.0137852 -0.0272339 -0.0407071
0 -0.0137937 -0.0273061 -0.0408859
0 -0.0139778 -0.0277605 -0.0415656
0 -0.0143374 -0.0286039 -0.0427239
0 -0.0148552 -0.0298185 -0.0443337
0 -0.0154896 -0.0313458 -0.0463523
0 -0.016199 -0.0331051 -0.0487277
0 -0.0169543 -0.0350172 -0.0513961
0 -0.0177278 -0.0370107 -0.0542696
0 -0.0184955 -0.0390272 -0.0572413
0 -0.019254 -0.0410286 -0.0602077
0 -0.0200112 -0.0429916 -0.063077
0 -0.0207616 -0.0448751 -0.065767
0 -0.021487 -0.0466212 -0.0682151
0 -0.0221665 -0.0481994 -0.0703733
0 -0.0227875 -0.0495965 -0.0722145
0 -0.0233359 -0.0507931 -0.0737412
0 -0.0237859 -0.0517685 -0.0749652
0 -0.0241222 -0.0525073 -0.075901
0 -0.0243407 -0.0530034 -0.0765628
0 -0.0244362 -0.0532549 -0.0769515
0 -0.0244185 -0.0532734 -0.0770604
0 -0.0243119 -0.0530847 -0.0768874
0 -0.0241421 -0.0527176 -0.0764362
0 -0.0239316 -0.0522042 -0.075726
0 -0.0236916 -0.0515713 -0.0747897
0 -0.0234153 -0.0508308 -0.0736669
0 -0.0230897 -0.0499884 -0.0724052
0 -0.022707 -0.0490491 -0.0710514
0 -0.0222622 -0.0480163 -0.0696381
0 -0.0217561 -0.0468976 -0.0681778
0 -0.0212088 -0.0457139 -0.0666727
0 -0.0206553 -0.044498 -0.065124
0 -0.0201273 -0.0432859 -0.0635327
0 -0.0196487 -0.0421133 -0.0619084
0 -0.0192303 -0.0410104 -0.0602782
0 -0.0188611 -0.0399893 -0.0586874
0 -0.0185218 -0.0390435 -0.0571955
0 -0.0181959 -0.0381607 -0.0558467
0 -0.0178651 -0.0373284 -0.0546655
0 -0.0175179 -0.0365411 -0.0536617
0 -0.0171623 -0.0358073 -0.052813
0 -0.0168213 -0.0351418 -0.0520846
0 -0.0165241 -0.0345615 -0.0514434
0 -0.0162976 -0.03408 -0.0508594
0 -0.0161522 -0.0337039 -0.0503224
0 -0.0160805 -0.033433 -0.0498428
0 -0.0160617 -0.0332581 -0.0494446
0 -0.0160707 -0.0331637 -0.0491624
0 -0.016092 -0.0331411 -0.0490335
0 -0.0161257 -0.0331952 -0.049089
0 -0.0161802 -0.0333412 -0.0493432
0 -0.0162695 -0.0336016 -0.0497917
0 -0.0164132 -0.0340005 -0.050421
0 -0.016626 -0.0345509 -0.0512148
0 -0.0169129 -0.0352479 -0.0521566
0 -0.0172666 -0.036072 -0.053233
0 -0.0176668 -0.0369939 -0.0544317
0 -0.0180882 -0.0379798 -0.0557376
0 -0.0185058 -0.0389957 -0.0571275
0 -0.0189027 -0.0400103 -0.0585688
0 -0.019278 -0.0410016 -0.0600269
0 -0.0196392 -0.0419568 -0.0614639
0 -0.0199863 -0.0428648 -0.06283
0 -0.0203099 -0.0437047 -0.064073
0 -0.0206009 -0.0444511 -0.0651543
0 -0.0208518 -0.0450855 -0.0660418
0 -0.0210594 -0.0455857 -0.0667145
0 -0.0212192 -0.045935 -0.0671678
0 -0.0213191 -0.0461292 -0.0674002
0 -0.0213457 -0.0461597 -0.0674123
0 -0.0212905 -0.0460239 -0.0672121
0 -0.0211591 -0.0457316 -0.0668133
0 -0.0209676 -0.0452953 -0.0662333
0 -0.020733 -0.0447388 -0.0654925
0 -0.0204758 -0.0441004 -0.0646184
0 -0.020218 -0.0434228 -0.063648
0 -0.019974 -0.0427483 -0.0626288
0 -0.0197545 -0.0421114 -0.061616
0 -0.0195667 -0.0415389 -0.0606712
0 -0.0194091 -0.0410487 -0.0598551
0 -0.019276 -0.0406483 -0.0592167
0 -0.0191683 -0.0403525 -0.0587877
0 -0.0190959 -0.0401847 -0.0585887
0 -0.0190704 -0.0401618 -0.058624
0 -0.019099 -0.0402907 -0.0588738
0 -0.0191874 -0.0405676 -0.0593115
0 -0.01934 -0.0409808 -0.0599132
0 -0.0195554 -0.0415114 -0.0606553
0 -0.0198234 -0.0421377 -0.0615149
0 -0.0201237 -0.0428377 -0.0624683
0 -0.0204314 -0.0435807 -0.0634888
0 -0.0207282 -0.0443307 -0.0645468
0 -0.0210056 -0.0450596 -0.0656124
0 -0.0212665 -0.0457511 -0.0666553
0 -0.0215173 -0.046396 -0.0676404
0 -0.0217556 -0.0469903 -0.0685252
0 -0.0219693 -0.0475211 -0.0692679
0 -0.0221408 -0.047953 -0.0698357
0 -0.0222552 -0.0482464 -0.0702066
0 -0.0222994 -0.0483682 -0.0703655
0 -0.0222585 -0.0482919 -0.0702945
0 -0.0221239 -0.0480118 -0.0699752
0 -0.0218986 -0.0475391 -0.0693966
0 -0.0215951 -0.0468869 -0.0685558
0 -0.0212321 -0.0460716 -0.0674623
0 -0.0208302 -0.0451163 -0.0661417
0 -0.0204075 -0.0440511 -0.0646344
0 -0.0199738 -0.0429147 -0.0629902
0 -0.0195326 -0.0417457 -0.0612595
0 -0.0190861 -0.0405705 -0.0594927
0 -0.0186314 -0.0393996 -0.0577548
0 -0.0181691 -0.0382409 -0.0561008
0 -0.0177158 -0.0371195 -0.0545626
0 -0.017283 -0.0360671 -0.0531715
0 -0.0168761 -0.0351141 -0.0519353
0 -0.0165129 -0.0342879 -0.0508512
0 -0.0162108 -0.0336007 -0.0499272
0 -0.0159787 -0.0330518 -0.049163
0 -0.0158199 -0.0326377 -0.0485637
0 -0.0157317 -0.0323622 -0.0481448
0 -0.0157095 -0.0322385 -0.0479243
0 -0.0157492 -0.0322776 -0.0479231
0 -0.0158481 -0.0324846 -0.0481608
0 -0.0160093 -0.0328618 -0.0486508
0 -0.0162377 -0.0334076 -0.0493988
0 -0.0165309 -0.0341177 -0.0503948
0 -0.0168821 -0.0349846 -0.0516163
0 -0.0172892 -0.0359985 -0.0530384
0 -0.0177528 -0.0371475 -0.0546356
0 -0.0182693 -0.0384122 -0.05638
0 -0.018827 -0.0397648 -0.0582394
0 -0.0194076 -0.0411708 -0.0601765
0 -0.0199931 -0.0425918 -0.0621515
0 -0.0205559 -0.0439817 -0.0641116
0 -0.0210632 -0.0452853 -0.0659956
0 -0.0215037 -0.0464576 -0.0677491
0 -0.021882 -0.0474746 -0.0693054
0 -0.0222074 -0.0483283 -0.0705961
0 -0.0224897 -0.0490205 -0.0715854
0 -0.0227332 -0.0495517 -0.0722614
0 -0.0229365 -0.0499215 -0.07264
0 -0.0230868 -0.0501303 -0.0727643
0 -0.0231614 -0.050172 -0.0726765
0 -0.0231396 -0.0500427 -0.0724144
0 -0.0230084 -0.0497425 -0.0720037
0 -0.0227674 -0.0492694 -0.0714427
0 -0.0224295 -0.0486256 -0.0707113
0 -0.0220193 -0.0478225 -0.0697826
0 -0.0215672 -0.0468793 -0.0686305
0 -0.0210962 -0.0458196 -0.0672447
0 -0.0206177 -0.0446648 -0.065635
0 -0.0201379 -0.0434354 -0.0638385
0 -0.0196611 -0.0421577 -0.061918
0 -0.01919 -0.040865 -0.0599396
0 -0.0187242 -0.0395842 -0.0579891
0 -0.0182631 -0.0383399 -0.0561589
0 -0.0178195 -0.0371805 -0.05451
0 -0.0174092 -0.0361517 -0.0530971
0 -0.0170392 -0.0352797 -0.051949
0 -0.0167247 -0.034588 -0.0510613
0 -0.0164868 -0.034086 -0.0504337
0 -0.0163371 -0.0337719 -0.0500521
0 -0.0162782 -0.033642 -0.0498957
0 -0.0163021 -0.0336865 -0.0499511
0 -0.016392 -0.0338893 -0.0502014
0 -0.0165359 -0.0342323 -0.0506381
0 -0.0167329 -0.0347028 -0.0512621
0 -0.0169812 -0.0352923 -0.0520682
0 -0.017272 -0.0359908 -0.0530434
0 -0.0175959 -0.0367886 -0.0541649
0 -0.0179442 -0.0376697 -0.0554027
0 -0.0183087 -0.0386076 -0.0567229
0 -0.0186841 -0.0395725 -0.058088
0 -0.0190672 -0.0405392 -0.0594636
0 -0.0194534 -0.0414883 -0.0608209
0 -0.0198343 -0.0424081 -0.0621287
0 -0.0202004 -0.0432892 -0.063361
0 -0.0205424 -0.0441148 -0.0645047
0 -0.0208492 -0.0448649 -0.0655411
0 -0.0211104 -0.0455129 -0.066445
0 -0.0213175 -0.0460342 -0.0671954
0 -0.0214677 -0.0464197 -0.0677703
0 -0.0215628 -0.0466674 -0.0681493
0 -0.0216028 -0.0467767 -0.0683218
0 -0.0215941 -0.0467557 -0.0682883
0 -0.0215478 -0.0466171 -0.0680646
0 -0.0214685 -0.0463732 -0.0676774
0 -0.0213572 -0.0460412 -0.0671588
0 -0.0212132 -0.045638 -0.0665429
0 -0.0210353 -0.0451779 -0.0658628
0 -0.02083 -0.0446772 -0.0651484
0 -0.0206103 -0.0441549 -0.0644256
0 -0.0203908 -0.0436316 -0.0637147
0 -0.0201826 -0.0431274 -0.0630283
0 -0.0199914 -0.042659 -0.0623792
0 -0.0198231 -0.0422396 -0.0617786
0 -0.0196755 -0.0418722 -0.0612335
0 -0.0195369 -0.0415426 -0.0607457
0 -0.0194005 -0.0412327 -0.0603104
0 -0.0192609 -0.0409292 -0.059917
0 -0.0191122 -0.0406208 -0.0595488
0 -0.0189578 -0.0403043 -0.059185
0 -0.0188076 -0.0399884 -0.0588117
0 -0.0186729 -0.039684 -0.0584224
0 -0.0185613 -0.0394005 -0.0580185
0 -0.0184752 -0.0391458 -0.0576139
0 -0.0184119 -0.0389247 -0.0572306
0 -0.0183645 -0.0387397 -0.056895
0 -0.0183254 -0.0385924 -0.0566329
0 -0.0182927 -0.0384878 -0.0564648
0 -0.0182719 -0.0384371 -0.0564066
0 -0.0182756 -0.0384575 -0.0564681
0 -0.0183176 -0.0385684 -0.0566534
0 -0.0184051 -0.0387815 -0.0569601
0 -0.0185372 -0.0390965 -0.0573814
0 -0.0187069 -0.0395008 -0.0579086
0 -0.0189018 -0.039971 -0.05853
0 -0.0191066 -0.0404791 -0.0592266
0 -0.0193091 -0.0410001 -0.0599757
0 -0.0195063 -0.0415196 -0.0607568
0 -0.0197025 -0.0420349 -0.0615467
0 -0.0199004 -0.042547 -0.0623188
0 -0.0200992 -0.0430515 -0.0630526
0 -0.020299 -0.0435393 -0.0637325
0 -0.0204965 -0.0440025 -0.0643495
0 -0.020685 -0.0444285 -0.0649011
0 -0.0208516 -0.0447975 -0.0653805
0 -0.0209748 -0.0450884 -0.0657734
0 -0.0210376 -0.045278 -0.0660604
0 -0.021033 -0.0453453 -0.0662166
0 -0.0209626 -0.0452753 -0.0662129
0 -0.0208336 -0.0450608 -0.0660197
0 -0.0206588 -0.0447082 -0.0656153
0 -0.0204539 -0.0442346 -0.0649957
0 -0.0202296 -0.0436604 -0.0641742
0 -0.0199853 -0.0430014 -0.0631769
0 -0.019714 -0.0422653 -0.0620389
0 -0.0194142 -0.0414598 -0.0608027
0 -0.0190903 -0.0406024 -0.0595191
0 -0.0187512 -0.0397177 -0.058244
0 -0.0184091 -0.0388402 -0.0570236
0 -0.0180823 -0.038016 -0.0558948
0 -0.0177917 -0.0372897 -0.0548974
0 -0.0175544 -0.036694 -0.0540625
0 -0.0173844 -0.0362515 -0.053416
0 -0.0172879 -0.0359744 -0.0529849
0 -0.0172611 -0.035864 -0.0527845
0 -0.017296 -0.0359162 -0.0528237
0 -0.0173829 -0.0361243 -0.0531029
0 -0.0175126 -0.0364724 -0.0536054
0 -0.0176751 -0.0369349 -0.0542982
0 -0.0178601 -0.0374805 -0.0551328
0 -0.018062 -0.0380766 -0.0560524
0 -0.0182782 -0.0386947 -0.0570008
0 -0.0185049 -0.0393116 -0.0579261
0 -0.0187399 -0.0399114 -0.0587912
0 -0.0189852 -0.0404894 -0.0595843
0 -0.019241 -0.0410472 -0.0603071
0 -0.0194967 -0.0415826 -0.0609689
0 -0.0197345 -0.042087 -0.0615844
0 -0.0199384 -0.0425477 -0.0621634
0 -0.0200998 -0.0429482 -0.0627077
0 -0.0202169 -0.0432737 -0.06321
0 -0.0202937 -0.0435228 -0.0636528
0 -0.0203412 -0.043705 -0.0640137
0 -0.0203695 -0.0438295 -0.064269
0 -0.020386 -0.0439015 -0.0644001
0 -0.0203963 -0.0439208 -0.0644008
0 -0.0203987 -0.0438828 -0.0642806
0 -0.0203869 -0.0437833 -0.0640591
0 -0.0203499 -0.0436206 -0.0637585
0 -0.0202771 -0.0433981 -0.0634
0 -0.0201692 -0.0431258 -0.0630057
0 -0.0200404 -0.042822 -0.0625977
0 -0.019913 -0.0425162 -0.0621986
0 -0.0198084 -0.0422421 -0.0618303
0 -0.019737 -0.0420278 -0.0615122
0 -0.0196996 -0.041889 -0.0612616
0 -0.0196901 -0.0418246 -0.0610941
0 -0.0196971 -0.0418192 -0.0610205
0 -0.0197103 -0.0418525 -0.0610434
0 -0.0197214 -0.0419073 -0.0611537
0 -0.0197244 -0.0419724 -0.0613286
0 -0.0197181 -0.0420414 -0.0615351
0 -0.0197097 -0.0421128 -0.0617394
0 -0.019714 -0.0421897 -0.061918
0 -0.019744 -0.0422755 -0.0620581
0 -0.0198004 -0.0423715 -0.0621562
0 -0.0198714 -0.0424731 -0.0622172
0 -0.0199405 -0.0425704 -0.0622541
0 -0.0199925 -0.0426499 -0.0622829
0 -0.0200161 -0.042696 -0.0623134
0 -0.020004 -0.042696 -0.0623435
0 -0.0199552 -0.0426445 -0.062358
0 -0.0198757 -0.0425415 -0.0623308
0 -0.019775 -0.0423898 -0.0622318
0 -0.019665 -0.0421943 -0.0620369
0 -0.0195568 -0.0419582 -0.0617327
0 -0.019453 -0.0416822 -0.0613171
0 -0.0193465 -0.0413655 -0.0608003
0 -0.0192253 -0.0410036 -0.0602005
0 -0.0190781 -0.0405914 -0.0595421
0 -0.0189023 -0.040132 -0.0588557
0 -0.018702 -0.0396353 -0.0581659
0 -0.0184863 -0.0391192 -0.0574862
0 -0.0182664 -0.0386057 -0.0568271
0 -0.0180565 -0.0381186 -0.0561958
0 -0.0178755 -0.0376837 -0.0556047
0 -0.0177388 -0.0373214 -0.0550759
0 -0.0176517 -0.0370459 -0.0546335
0 -0.0176117 -0.0368674 -0.054306
0 -0.0176097 -0.0367898 -0.0541208
0 -0.0176348 -0.0368107 -0.0540966
0 -0.01768 -0.0369232 -0.0542413
0 -0.017747 -0.0371226 -0.0545525
0 -0.0178463 -0.037412 -0.0550191
0 -0.0179888 -0.0377986 -0.0556224
0 -0.0181837 -0.0382912 -0.0563438
0 -0.0184367 -0.0388956 -0.0571711
0 -0.0187471 -0.0396089 -0.0581015
0 -0.0191066 -0.0404193 -0.0591374
0 -0.0195009 -0.0413073 -0.0602828
0 -0.0199112 -0.042248 -0.0615355
0 -0.0203122 -0.0432118 -0.0628738
0 -0.020679 -0.044162 -0.064257
0 -0.0210022 -0.0450631 -0.0656363
0 -0.0212887 -0.0458936 -0.0669565
0 -0.0215502 -0.0466403 -0.0681537
0 -0.0218006 -0.047301 -0.0691687
0 -0.0220447 -0.0478769 -0.0699632
0 -0.0222707 -0.0483514 -0.0705233
0 -0.0224594 -0.0486999 -0.0708583
0 -0.022589 -0.048901 -0.0709951
0 -0.0226387 -0.0489386 -0.0709636
0 -0.0225957 -0.0488117 -0.0707837
0 -0.0224594 -0.0485319 -0.0704629
0 -0.022244 -0.0481173 -0.0699979
0 -0.0219748 -0.0475884 -0.0693799
0 -0.021678 -0.0469647 -0.0686024
0 -0.0213757 -0.0462676 -0.0676704
0 -0.0210788 -0.0455187 -0.0666032
0 -0.0207832 -0.0447331 -0.0654315
0 -0.0204772 -0.0439187 -0.0641934
0 -0.020151 -0.0430789 -0.0629268
0 -0.0198028 -0.0422146 -0.0616629
0 -0.0194375 -0.0413309 -0.0604279
0 -0.0190646 -0.0404439 -0.0592419
0 -0.0187001 -0.0395837 -0.0581192
0 -0.0183678 -0.0387918 -0.0570752
0 -0.018095 -0.0381106 -0.0561366
0 -0.0178996 -0.0375729 -0.0553373
0 -0.0177826 -0.0371954 -0.0547111
0 -0.0177338 -0.0369787 -0.0542933
0 -0.0177354 -0.0369134 -0.0541103
0 -0.0177691 -0.0369813 -0.0541709
0 -0.0178253 -0.0371651 -0.0544673
0 -0.0179075 -0.0374563 -0.0549744
0 -0.0180273 -0.0378523 -0.0556528
0 -0.0181943 -0.03835 -0.0564553
0 -0.0184127 -0.038941 -0.0573355
0 -0.0186796 -0.0396073 -0.0582571
0 -0.0189819 -0.0403215 -0.0591959
0 -0.0192949 -0.041045 -0.0601329
0 -0.0195859 -0.0417306 -0.0610432
0 -0.0198224 -0.0423337 -0.0618949
0 -0.0199803 -0.0428141 -0.0626475
0 -0.0200491 -0.0431347 -0.0632464
0 -0.0200342 -0.0432722 -0.0636311
0 -0.0199511 -0.0432236 -0.0637489
0 -0.0198218 -0.0429984 -0.0635597
0 -0.0196655 -0.0426154 -0.0630489
0 -0.0194909 -0.0421008 -0.0622397
0 -0.0193004 -0.0414771 -0.0611859
0 -0.0190885 -0.0407668 -0.0599583
0 -0.0188415 -0.0399871 -0.0586436
0 -0.0185446 -0.039141 -0.0573232
0 -0.0181918 -0.0382413 -0.0560468
0 -0.0177959 -0.0373187 -0.0548484
0 -0.0173858 -0.0364129 -0.0537462
0 -0.0170002 -0.0355737 -0.0527379
0 -0.0166804 -0.0348508 -0.0518281
0 -0.0164571 -0.0342834 -0.0510332
0 -0.0163388 -0.0338919 -0.0503796
0 -0.0163131 -0.033679 -0.0499086
0 -0.016358 -0.0336376 -0.0496677
0 -0.0164518 -0.0337575 -0.0497009
0 -0.0165811 -0.0340322 -0.050038
0 -0.0167472 -0.0344648 -0.0506855
0 -0.0169637 -0.0350664 -0.0516288
0 -0.0172497 -0.0358511 -0.0528365
0 -0.0176236 -0.0368272 -0.0542693
0 -0.0180934 -0.0379894 -0.0558905
0 -0.0186513 -0.039316 -0.0576697
0 -0.0192751 -0.0407693 -0.0595824
0 -0.0199374 -0.0423017 -0.0616092
0 -0.0206056 -0.0438643 -0.0637217
0 -0.0212366 -0.045401 -0.0658717
0 -0.0217963 -0.0468524 -0.0680061
0 -0.0222765 -0.0481768 -0.0700481
0 -0.0226865 -0.0493463 -0.0718889
0 -0.0230364 -0.050338 -0.0734312
0 -0.023335 -0.0511352 -0.0746062
0 -0.0235901 -0.0517233 -0.0753791
0 -0.023794 -0.0520902 -0.0757553
0 -0.0239224 -0.0522269 -0.0757676
0 -0.0239463 -0.0521274 -0.0754613
0 -0.0238413 -0.0517896 -0.0748869
0 -0.0235981 -0.0512173 -0.0740862
0 -0.0232248 -0.0504218 -0.073078
0 -0.0227429 -0.049423 -0.0718626
0 -0.022186 -0.0482536 -0.0704316
0 -0.0215916 -0.0469551 -0.0687795
0 -0.0209918 -0.0455679 -0.066918
0 -0.0204114 -0.0441298 -0.0648825
0 -0.0198651 -0.042681 -0.0627369
0 -0.0193559 -0.041262 -0.0605544
0 -0.0188706 -0.0398929 -0.0584179
0 -0.0183915 -0.0385809 -0.0564259
0 -0.0179265 -0.037358 -0.054653
0 -0.0174918 -0.0362645 -0.0531533
0 -0.0170952 -0.035334 -0.0519618
0 -0.0167599 -0.0346053 -0.0510746
0 -0.016514 -0.0341037 -0.0504804
0 -0.0163754 -0.0338346 -0.0501664
0 -0.0163561 -0.033797 -0.0501152
0 -0.0164525 -0.0339819 -0.0503221
0 -0.0166466 -0.0343765 -0.0507877
0 -0.0169204 -0.0349683 -0.0515167
0 -0.0172552 -0.0357382 -0.052513
0 -0.0176319 -0.0366587 -0.0537635
0 -0.0180375 -0.0376981 -0.0552379
0 -0.0184638 -0.0388252 -0.0568875
0 -0.0189044 -0.0400089 -0.0586459
0 -0.0193546 -0.0412174 -0.0604457
0 -0.0198128 -0.0424204 -0.0622189
0 -0.0202702 -0.0435837 -0.063896
0 -0.0207076 -0.0446673 -0.0654297
0 -0.0211084 -0.0456391 -0.0667865
0 -0.0214599 -0.046474 -0.0679313
0 -0.0217477 -0.0471479 -0.0688414
0 -0.0219596 -0.0476425 -0.0695037
0 -0.0220869 -0.0479427 -0.0699074
0 -0.0221258 -0.0480406 -0.070049
0 -0.0220782 -0.0479402 -0.0699298
0 -0.0219516 -0.0476524 -0.0695556
0 -0.0217573 -0.0471961 -0.068941
0 -0.0215065 -0.0465937 -0.0681073
0 -0.0212102 -0.0458681 -0.0670836
0 -0.0208813 -0.0450463 -0.0659099
0 -0.0205301 -0.0441555 -0.064629
0 -0.020163 -0.043222 -0.0632813
0 -0.0197892 -0.0422719 -0.0619043
0 -0.0194209 -0.0413301 -0.0605361
0 -0.0190647 -0.0404192 -0.0592212
0 -0.0187254 -0.0395598 -0.0579981
0 -0.0184117 -0.0387721 -0.0568935
0 -0.0181332 -0.0380775 -0.0559334
0 -0.017898 -0.0374972 -0.0551395
0 -0.017713 -0.0370464 -0.0545229
0 -0.0175842 -0.0367341 -0.0540927
0 -0.017516 -0.036567 -0.053856
0 -0.0175105 -0.0365448 -0.0538147
0 -0.0175634 -0.0366625 -0.0539672
0 -0.0176674 -0.0369123 -0.0543059
0 -0.0178156 -0.0372822 -0.0548184
0 -0.0180032 -0.0377586 -0.0554891
0 -0.0182255 -0.038327 -0.0562967
0 -0.0184767 -0.038969 -0.0572133
0 -0.0187483 -0.0396643 -0.058207
0 -0.0190318 -0.0403911 -0.0592441
0 -0.0193196 -0.0411262 -0.0602945
0 -0.0196038 -0.0418462 -0.0613279
0 -0.0198756 -0.0425292 -0.06231
0 -0.0201225 -0.0431552 -0.0632128
0 -0.0203345 -0.0437043 -0.0640119
0 -0.0205091 -0.0441616 -0.0646828
0 -0.0206434 -0.0445178 -0.0652064
0 -0.0207376 -0.0447628 -0.0655675
0 -0.0207921 -0.0448925 -0.0657555
0 -0.020804 -0.0449096 -0.0657702
0 -0.0207729 -0.0448164 -0.0656178
0 -0.0207004 -0.0446176 -0.0653112
0 -0.020588 -0.044322 -0.0648699
0 -0.0204408 -0.0439413 -0.0643162
0 -0.0202639 -0.0434908 -0.063673
0 -0.0200639 -0.0429894 -0.0629623
0 -0.0198518 -0.0424553 -0.0622059
0 -0.0196359 -0.0419097 -0.0614262
0 -0.0194234 -0.041372 -0.0606469
0 -0.0192241 -0.0408558 -0.059892
0 -0.0190418 -0.0403763 -0.0591878
0 -0.0188791 -0.0399478 -0.0585594
0 -0.0187409 -0.0395812 -0.0580259
0 -0.0186285 -0.0392872 -0.0576049
0 -0.0185438 -0.0390744 -0.0573088
0 -0.0184898 -0.0389485 -0.0571415
0 -0.018469 -0.0389114 -0.0571035
0 -0.0184836 -0.0389625 -0.0571898
0 -0.0185341 -0.0390984 -0.0573914
0 -0.0186183 -0.0393125 -0.0576973
0 -0.0187315 -0.0395959 -0.058094
0 -0.0188677 -0.0399365 -0.0585674
0 -0.019021 -0.0403206 -0.059103
0 -0.0191851 -0.0407343 -0.0596855
0 -0.0193535 -0.0411624 -0.0602985
0 -0.0195211 -0.0415905 -0.0609228
0 -0.0196828 -0.0420072 -0.0615372
0 -0.0198334 -0.042402 -0.0621217
0 -0.0199702 -0.0427643 -0.0626569
0 -0.0200914 -0.0430841 -0.0631254
0 -0.020195 -0.0433515 -0.0635135
0 -0.020279 -0.0435599 -0.0638111
0 -0.0203394 -0.0437041 -0.0640113
0 -0.0203727 -0.0437805 -0.0641111
0 -0.0203769 -0.0437865 -0.064111
0 -0.0203523 -0.0437221 -0.0640144
0 -0.0202998 -0.0435909 -0.063827
0 -0.0202211 -0.0433977 -0.0635558
0 -0.0201207 -0.0431499 -0.0632091
0 -0.0200042 -0.0428576 -0.0627968
0 -0.0198751 -0.0425309 -0.062331
0 -0.0197372 -0.0421811 -0.0618258
0 -0.0195968 -0.0418199 -0.0612978
0 -0.0194576 -0.041457 -0.060764
0 -0.0193213 -0.041102 -0.0602412
0 -0.0191919 -0.0407652 -0.0597469
0 -0.0190721 -0.0404554 -0.0592975
0 -0.0189642 -0.0401817 -0.0589064
0 -0.0188732 -0.039952 -0.0585838
0 -0.0188017 -0.0397728 -0.0583377
0 -0.0187515 -0.0396505 -0.0581725
0 -0.0187257 -0.039589 -0.0580902
0 -0.0187249 -0.0395893 -0.058091
0 -0.0187491 -0.03965 -0.0581731
0 -0.0187972 -0.039767 -0.0583332
0 -0.0188658 -0.0399348 -0.0585655
0 -0.0189509 -0.0401467 -0.0588622
0 -0.0190484 -0.0403945 -0.0592133
0 -0.019155 -0.0406697 -0.0596075
0 -0.0192676 -0.0409625 -0.0600324
0 -0.0193835 -0.0412629 -0.0604737
0 -0.0195002 -0.0415629 -0.0609161
0 -0.0196135 -0.0418547 -0.061345
0 -0.0197201 -0.04213 -0.0617466
0 -0.0198185 -0.042382 -0.0621097
0 -0.0199055 -0.0426033 -0.0624246
0 -0.0199786 -0.0427862 -0.0626835
0 -0.020036 -0.0429265 -0.062881
0 -0.0200749 -0.0430211 -0.0630133
0 -0.0200935 -0.0430678 -0.0630784
0 -0.020092 -0.0430664 -0.0630765
0 -0.0200711 -0.0430175 -0.0630089
0 -0.0200331 -0.0429236 -0.0628786
0 -0.0199799 -0.0427886 -0.0626898
0 -0.0199126 -0.0426182 -0.062448
0 -0.0198338 -0.0424186 -0.062161
0 -0.0197466 -0.0421962 -0.0618382
0 -0.0196532 -0.0419582 -0.0614905
0 -0.0195575 -0.0417115 -0.0611294
0 -0.019462 -0.0414622 -0.0607662
0 -0.0193674 -0.0412187 -0.0604119
0 -0.0192773 -0.0409887 -0.0600772
0 -0.019195 -0.0407778 -0.0597721
0 -0.0191216 -0.0405925 -0.0595058
0 -0.0190606 -0.0404379 -0.0592854
0 -0.0190144 -0.0403182 -0.0591159
0 -0.0189829 -0.0402371 -0.0590017
0 -0.0189668 -0.0401964 -0.0589441
0 -0.0189664 -0.0401963 -0.0589436
