0 -0.00326491 -0.00641115 -0.0104927
0 -0.00321694 -0.00628929 -0.0103197
0 -0.00316951 -0.00616736 -0.0101459
0 -0.00312255 -0.00604647 -0.00997298
0 -0.0030762 -0.00592779 -0.00980242
0 -0.00303084 -0.00581199 -0.00963567
0 -0.00298678 -0.00569956 -0.00947402
0 -0.0029443 -0.00559139 -0.0093188
0 -0.00290385 -0.00548835 -0.00917131
0 -0.00286577 -0.00539087 -0.00903265
0 -0.00283003 -0.00529947 -0.00890377
0 -0.00279664 -0.00521498 -0.0087855
0 -0.0027661 -0.00513818 -0.00867857
0 -0.0027387 -0.00506974 -0.00858359
0 -0.00271441 -0.00501006 -0.00850098
0 -0.00269339 -0.00495929 -0.00843108
0 -0.00267597 -0.0049178 -0.00837421
0 -0.00266246 -0.00488601 -0.0083306
0 -0.00265306 -0.00486405 -0.00830041
0 -0.00264788 -0.00485186 -0.00828368
0 -0.00264694 -0.00484947 -0.0082804
0 -0.00265024 -0.00485686 -0.00829047
0 -0.00265767 -0.0048739 -0.00831369
0 -0.002669 -0.00490035 -0.00834977
0 -0.00268391 -0.00493586 -0.00839833
0 -0.00270209 -0.00497993 -0.00845887
0 -0.00272314 -0.00503195 -0.00853075
0 -0.00274673 -0.00509125 -0.00861331
0 -0.00277263 -0.00515716 -0.00870585
0 -0.00280074 -0.00522923 -0.00880771
0 -0.00283106 -0.00530704 -0.00891813
0 -0.00286342 -0.00538969 -0.00903613
0 -0.00289731 -0.00547631 -0.00916053
0 -0.00293234 -0.00556635 -0.00929015
0 -0.00296848 -0.00565918 -0.00942386
0 -0.00300569 -0.00575432 -0.00956055
0 -0.00304369 -0.00585134 -0.00969914
0 -0.00308214 -0.00594929 -0.00983846
0 -0.00312067 -0.00604711 -0.00997729
0 -0.00315911 -0.00614425 -0.0101146
0 -0.00319745 -0.00624026 -0.0102494
0 -0.00323556 -0.0063344 -0.0103809
0 -0.00327301 -0.00642579 -0.0105083
0 -0.00330949 -0.00651383 -0.0106308
0 -0.00334472 -0.00659814 -0.0107476
0 -0.00337825 -0.00667833 -0.0108582
0 -0.00340974 -0.00675412 -0.0109622
0 -0.00343889 -0.00682492 -0.011059
0 -0.00346494 -0.00688956 -0.0111477
0 -0.00348703 -0.00694655 -0.0112269
0 -0.00350446 -0.00699473 -0.0112954
0 -0.00351663 -0.00703311 -0.0113523
0 -0.00352348 -0.00706051 -0.0113967
0 -0.00352547 -0.00707629 -0.0114277
0 -0.00352289 -0.00708043 -0.0114445
0 -0.00351576 -0.00707286 -0.011446
0 -0.00350424 -0.00705359 -0.0114314
0 -0.0034892 -0.00702358 -0.0114007
0 -0.00347251 -0.00698511 -0.0113552
0 -0.00345625 -0.00694105 -0.0112969
0 -0.00344167 -0.00689381 -0.0112279
0 -0.00342885 -0.00684488 -0.0111495
0 -0.00341732 -0.00679516 -0.0110633
0 -0.00340642 -0.00674541 -0.0109713
0 -0.00339528 -0.00669599 -0.0108756
0 -0.00338321 -0.00664655 -0.0107782
0 -0.00336968 -0.00659648 -0.0106812
0 -0.00335399 -0.00654497 -0.0105867
0 -0.00333563 -0.00649128 -0.010496
0 -0.00331489 -0.00643567 -0.0104108
0 -0.00329286 -0.00637954 -0.0103332
0 -0.00327091 -0.00632473 -0.0102645
0 -0.00324966 -0.00627279 -0.0102052
0 -0.00322885 -0.00622506 -0.0101549
0 -0.0032086 -0.00618284 -0.0101127
0 -0.00318888 -0.00614631 -0.0100774
0 -0.00316761 -0.00611305 -0.0100455
0 -0.00314086 -0.00607782 -0.0100111
0 -0.0031056 -0.00603466 -0.00996842
0 -0.00306296 -0.00598067 -0.00991512
0 -0.00301922 -0.00591805 -0.00985362
0 -0.00298206 -0.00585201 -0.0097883
0 -0.0029546 -0.00578583 -0.00972029
0 -0.00293272 -0.00571798 -0.00964494
0 -0.00290919 -0.00564479 -0.00955541
0 -0.0028811 -0.00556627 -0.00944953
0 -0.00285312 -0.00548873 -0.00933315
0 -0.00283352 -0.00542148 -0.00921662
0 -0.00282769 -0.00537115 -0.00910872
0 -0.00283562 -0.00533909 -0.00901397
0 -0.00285398 -0.00532377 -0.00893469
0 -0.00287834 -0.00532327 -0.0088731
0 -0.00290278 -0.00533389 -0.00882991
0 -0.00291897 -0.00534783 -0.00880183
0 -0.00291853 -0.00535445 -0.00878301
0 -0.00289951 -0.00534707 -0.00877129
0 -0.00287115 -0.00533027 -0.00877315
0 -0.00284985 -0.00531767 -0.00880064
0 -0.00284819 -0.00532222 -0.00886209
0 -0.00286744 -0.00534976 -0.00895596
0 -0.00290022 -0.00540022 -0.0090735
0 -0.00293814 -0.00547252 -0.00920557
0 -0.00297632 -0.00556611 -0.00934626
0 -0.00301272 -0.00567818 -0.00949226
0 -0.00304576 -0.00580187 -0.00964025
0 -0.00307371 -0.00592693 -0.00978598
0 -0.00309539 -0.00604159 -0.0099251
0 -0.00311 -0.00613509 -0.0100532
0 -0.00311594 -0.00619866 -0.0101642
0 -0.00310912 -0.0062243 -0.0102495
0 -0.00308325 -0.00620486 -0.0102974
0 -0.00303446 -0.00613794 -0.0102978
0 -0.00296738 -0.00603047 -0.0102482
0 -0.00289468 -0.0058977 -0.0101543
0 -0.00282805 -0.00575468 -0.0100224
0 -0.00277066 -0.00560847 -0.00985261
0 -0.00271918 -0.00545938 -0.00964173
0 -0.0026712 -0.0053081 -0.00939104
0 -0.00262941 -0.00515896 -0.00910931
0 -0.00259912 -0.00501744 -0.00880976
0 -0.0025833 -0.00488669 -0.00850602
0 -0.00257991 -0.00476664 -0.00820878
0 -0.0025817 -0.00465372 -0.00792437
0 -0.00257852 -0.00454068 -0.00765602
0 -0.00256239 -0.00442217 -0.00740743
0 -0.00253209 -0.0043005 -0.0071862
0 -0.00249179 -0.00418237 -0.00700186
0 -0.00244431 -0.00407121 -0.00685899
0 -0.00238792 -0.00396516 -0.00675436
0 -0.00232168 -0.00386267 -0.00668216
0 -0.00225009 -0.00376692 -0.00663923
0 -0.00217887 -0.00368157 -0.0066217
0 -0.00210783 -0.00360353 -0.00661854
0 -0.00203147 -0.0035233 -0.00661252
0 -0.00194583 -0.00343162 -0.00658738
0 -0.00185136 -0.00332249 -0.00653121
0 -0.00174867 -0.00318909 -0.00643261
0 -0.00163434 -0.00302016 -0.00627702
0 -0.00150348 -0.00280336 -0.00604933
0 -0.00135635 -0.00253253 -0.00574059
0 -0.00120058 -0.00221121 -0.00535155
0 -0.0010465 -0.00184967 -0.00488924
0 -0.000901542 -0.0014597 -0.00436179
0 -0.000768471 -0.00105188 -0.00377693
0 -0.000647131 -0.000636731 -0.00314396
0 -0.000538828 -0.000227826 -0.00247813
0 -0.000451126 0.000155372 -0.00180478
0 -0.000397954 0.000487515 -0.00115917
0 -0.000392172 0.000743396 -0.000579435
0 -0.00043373 0.000909768 -9.43497e-05
0 -0.000503326 0.000993994 0.000285501
0 -0.000570691 0.00101911 0.000563317
0 -0.00061175 0.00100922 0.000742649
0 -0.000618568 0.000979927 0.000819873
0 -0.000594686 0.000940991 0.000789889
0 -0.000543699 0.000904428 0.000657726
0 -0.000463994 0.000886548 0.000443288
0 -0.000354016 0.000900461 0.000174691
0 -0.000220167 0.00094732 -0.000121666
0 -7.62429e-05 0.00101699 -0.000423166
0 6.60871e-05 0.00109855 -0.000704306
0 0.000204665 0.00118983 -0.000931634
0 0.000342973 0.00129646 -0.00106941
0 0.000477433 0.00142077 -0.00109415
0 0.000588428 0.00155168 -0.00100617
0 0.000645359 0.00166578 -0.000827724
0 0.000620964 0.00173677 -0.000591553
0 0.000502376 0.00174299 -0.000331352
0 0.000293164 0.00166886 -7.94602e-05
0 8.69717e-06 0.00150262 0.000130791
0 -0.000330429 0.00123456 0.000262657
0 -0.000704106 0.000857127 0.000275633
0 -0.0010968 0.000365676 0.000126794
0 -0.00149943 -0.000241646 -0.000226741
0 -0.00190892 -0.000964792 -0.000824414
0 -0.00232616 -0.00180216 -0.00169775
0 -0.00275294 -0.00275029 -0.00286544
0 -0.00318881 -0.0038043 -0.00433047
0 -0.00363355 -0.00495893 -0.00608
0 -0.00408978 -0.00620898 -0.00808708
0 -0.00455896 -0.00755091 -0.0103145
0 -0.00503983 -0.00899058 -0.0127215
0 -0.00553417 -0.0105431 -0.0152744
0 -0.00605389 -0.0122051 -0.017951
0 -0.00661449 -0.013941 -0.0207135
0 -0.00721857 -0.0157115 -0.0234916
0 -0.00785228 -0.0174916 -0.0262176
0 -0.00849625 -0.0192593 -0.0288464
0 -0.00913585 -0.0209841 -0.0313422
0 -0.00976172 -0.0226303 -0.0336705
0 -0.0103635 -0.0241663 -0.0358019
0 -0.0109269 -0.0255693 -0.0377191
0 -0.0114358 -0.0268209 -0.0394102
0 -0.011875 -0.0278993 -0.0408569
0 -0.0122284 -0.0287773 -0.0420387
0 -0.0124788 -0.029429 -0.0429404
0 -0.0126167 -0.0298414 -0.0435537
0 -0.0126532 -0.0300241 -0.0438836
0 -0.0126201 -0.0300073 -0.0439541
0 -0.0125545 -0.0298299 -0.0437979
0 -0.0124773 -0.0295259 -0.0434381
0 -0.012381 -0.0291132 -0.0428762
0 -0.0122331 -0.0285867 -0.0420944
0 -0.0119943 -0.0279245 -0.0410717
0 -0.0116411 -0.0271039 -0.0398005
0 -0.0111818 -0.026119 -0.0383009
0 -0.0106559 -0.0249875 -0.036621
0 -0.0101182 -0.0237451 -0.0348227
0 -0.00961478 -0.0224352 -0.0329637
0 -0.0091632 -0.0210954 -0.0310813
0 -0.00874885 -0.019751 -0.0291883
0 -0.00833969 -0.0184189 -0.0272847
0 -0.00790706 -0.0171131 -0.0253733
0 -0.00743948 -0.0158481 -0.0234708
0 -0.00694499 -0.0146374 -0.0216077
0 -0.00644326 -0.0134894 -0.0198212
0 -0.00595368 -0.0124039 -0.0181444
0 -0.00548792 -0.0113702 -0.0165957
0 -0.00504612 -0.0103697 -0.01517
0 -0.00461862 -0.00938105 -0.0138464
0 -0.00419344 -0.00838905 -0.0126077
0 -0.00376009 -0.00739276 -0.0114418
0 -0.00331659 -0.00640635 -0.0103356
0 -0.00287519 -0.00545327 -0.00928274
0 -0.00245085 -0.00455558 -0.00828054
0 -0.00204359 -0.00371692 -0.00731277
0 -0.00163654 -0.00291479 -0.00634427
0 -0.00121517 -0.00211852 -0.00534126
0 -0.000790103 -0.00131691 -0.00429734
0 -0.000398771 -0.000526001 -0.00323658
0 -8.24096e-05 0.0002263 -0.00219306
0 0.000142938 0.000921843 -0.00118636
0 0.00030024 0.00156563 -0.000208543
0 0.000439546 0.00218246 0.000769058
0 0.000607075 0.0027973 0.00177106
0 0.000817828 0.00341533 0.00279398
0 0.00105538 0.00402262 0.00380709
0 0.0012965 0.00460702 0.00477696
0 0.00153175 0.00517312 0.00568739
0 0.00176494 0.00573674 0.00653832
0 0.00200202 0.00631041 0.00733442
0 0.00224457 0.00689543 0.00807836
0 0.00248997 0.00748273 0.00877092
0 0.00273437 0.00805813 0.00941381
0 0.00297611 0.00860903 0.0100132
0 0.00321808 0.0091301 0.0105815
0 0.00346445 0.00962304 0.0111342
0 0.00371161 0.0100886 0.0116796
0 0.00394034 0.0105171 0.01221
0 0.00411557 0.0108831 0.0126984
0 0.00419514 0.0111472 0.0131033
0 0.00414635 0.0112667 0.0133816
0 0.00396046 0.0112088 0.0135012
0 0.00365304 0.0109542 0.0134411
0 0.00325156 0.0104927 0.0131826
0 0.00278418 0.00982338 0.0127053
0 0.00228022 0.00896072 0.0119928
0 0.00177198 0.0079396 0.0110378
0 0.00128742 0.00680887 0.00984133
0 0.000839795 0.0056156 0.00840678
0 0.000423154 0.00439067 0.00673577
0 1.67764e-05 0.00314428 0.00483005
0 -0.000401742 0.00187142 0.00270111
0 -0.000842206 0.000562975 0.000381067
0 -0.00129914 -0.000787656 -0.00207674
0 -0.00176338 -0.00218732 -0.00461134
0 -0.00223673 -0.00364999 -0.00717218
0 -0.00273808 -0.00520135 -0.00973017
0 -0.00329179 -0.00685801 -0.0122685
0 -0.00390137 -0.00858846 -0.0147503
0 -0.00454214 -0.0103207 -0.0171178
0 -0.00518533 -0.0119905 -0.0193303
0 -0.00581451 -0.0135609 -0.0213714
0 -0.00642089 -0.0150082 -0.0232292
0 -0.00699617 -0.0163091 -0.0248936
0 -0.00753104 -0.0174466 -0.026363
0 -0.00801761 -0.0184225 -0.0276472
0 -0.00845181 -0.0192563 -0.0287591
0 -0.00883291 -0.0199731 -0.0297061
0 -0.00916183 -0.0205925 -0.0304971
0 -0.00944302 -0.0211308 -0.031151
0 -0.00968787 -0.0216081 -0.0316953
0 -0.00991357 -0.0220479 -0.0321595
0 -0.0101361 -0.0224681 -0.0325712
0 -0.0103607 -0.0228723 -0.0329489
0 -0.0105742 -0.0232471 -0.0332955
0 -0.0107462 -0.0235638 -0.0335965
0 -0.0108405 -0.0237862 -0.0338269
0 -0.0108283 -0.0238776 -0.0339588
0 -0.0106939 -0.0238052 -0.0339652
0 -0.0104379 -0.0235469 -0.0338255
0 -0.0100819 -0.0231004 -0.0335294
0 -0.00966445 -0.0224853 -0.0330766
0 -0.00922971 -0.0217378 -0.0324706
0 -0.00881637 -0.0209037 -0.0317155
0 -0.00844822 -0.0200296 -0.030813
0 -0.00812193 -0.0191442 -0.0297527
0 -0.00780221 -0.0182426 -0.0285058
0 -0.00743954 -0.0172926 -0.0270391
0 -0.00699878 -0.0162558 -0.0253392
0 -0.00647384 -0.015101 -0.0234223
0 -0.00588487 -0.0138105 -0.021329
0 -0.00526788 -0.0123848 -0.0191139
0 -0.00466144 -0.0108452 -0.0168364
0 -0.00409919 -0.00923275 -0.0145511
0 -0.00360527 -0.00760925 -0.0123014
0 -0.00318002 -0.00604759 -0.0101163
0 -0.00279841 -0.00459977 -0.00801615
0 -0.00243431 -0.00328765 -0.00602584
0 -0.00207828 -0.00212755 -0.00417379
0 -0.00173414 -0.0011378 -0.00248761
0 -0.00140779 -0.000319077 -0.000994052
0 -0.00109843 0.000360107 0.000288659
0 -0.000799349 0.000952313 0.00135708
0 -0.000510665 0.00150034 0.00221278
0 -0.000250009 0.00201131 0.00284833
0 -4.49911e-05 0.00245849 0.00324916
0 8.53111e-05 0.00280357 0.00340867
0 0.000142206 0.00301526 0.00334007
0 0.000148458 0.003077 0.00307917
0 0.000139663 0.00299164 0.00267871
0 0.000147815 0.00278186 0.00219338
0 0.000186035 0.00248296 0.00166444
0 0.000241881 0.00213148 0.00111347
0 0.000280401 0.00175345 0.00054286
0 0.000255447 0.00135738 -5.98618e-05
0 0.000125926 0.000934933 -0.000713197
0 -0.00013015 0.00046499 -0.00143242
0 -0.000511389 -8.33419e-05 -0.00222639
0 -0.00099703 -0.00074541 -0.00309942
0 -0.00155096 -0.00154815 -0.00405123
0 -0.00212779 -0.00249721 -0.00507717
0 -0.00269072 -0.00357929 -0.00617834
0 -0.00323006 -0.00477637 -0.00737534
0 -0.00376497 -0.00607381 -0.00870839
0 -0.00433082 -0.00745578 -0.0102201
0 -0.00494775 -0.00889256 -0.0119298
0 -0.00558436 -0.0103364 -0.0138154
0 -0.006169 -0.0117332 -0.01582
0 -0.00664259 -0.0130335 -0.0178766
0 -0.00699034 -0.0142055 -0.0199408
0 -0.00723592 -0.0152537 -0.0219912
0 -0.00741922 -0.0162114 -0.0239967
0 -0.00757226 -0.0171081 -0.0259052
0 -0.00770608 -0.017944 -0.0276566
0 -0.00781546 -0.0186929 -0.0291881
0 -0.00789075 -0.0193208 -0.0304374
0 -0.00792735 -0.0198007 -0.0313524
0 -0.00793705 -0.0201202 -0.0319142
0 -0.00795603 -0.0202904 -0.0321461
0 -0.00803484 -0.0203483 -0.0320978
0 -0.0082097 -0.0203412 -0.0318235
0 -0.00847327 -0.0203007 -0.0313658
0 -0.00876853 -0.0202256 -0.0307404
0 -0.0090122 -0.020086 -0.0299421
0 -0.00912919 -0.0198405 -0.0289707
0 -0.00907389 -0.0194502 -0.0278475
0 -0.00883634 -0.0188853 -0.0266117
0 -0.00844191 -0.0181309 -0.0253129
0 -0.00794054 -0.0171946 -0.0240033
0 -0.00738724 -0.0161052 -0.0227246
0 -0.00682585 -0.0149083 -0.0214971
0 -0.00628009 -0.0136575 -0.0203178
0 -0.00575245 -0.0124048 -0.0191638
0 -0.00522927 -0.0111893 -0.0179964
0 -0.00469046 -0.0100299 -0.0167693
0 -0.00412158 -0.00891956 -0.0154405
0 -0.00351756 -0.00782914 -0.01398
0 -0.00288385 -0.00672111 -0.0123771
0 -0.0022471 -0.00556957 -0.0106501
0 -0.00165995 -0.00437411 -0.00884887
0 -0.00117944 -0.00315532 -0.0070285
0 -0.0008318 -0.0019423 -0.00522045
0 -0.000598607 -0.000762894 -0.00343973
0 -0.00043032 0.00036092 -0.00169507
0 -0.000268513 0.00141251 1.32735e-05
0 -6.77005e-05 0.00237955 0.00168058
0 0.000188753 0.00325369 0.00328073
0 0.000486778 0.00403015 0.0047666
0 0.000792286 0.00470741 0.00608329
0 0.00106458 0.00528597 0.00717962
0 0.00126872 0.00576521 0.00801479
0 0.0013865 0.00614031 0.008565
0 0.00141876 0.00639845 0.00882546
0 0.00137494 0.00651316 0.00880073
0 0.00126057 0.00644423 0.00849253
0 0.00107537 0.0061473 0.00789829
0 0.000820536 0.00559005 0.00701947
0 0.000503908 0.00476877 0.00586925
0 0.00013754 0.00371097 0.00447102
0 -0.000270896 0.0024616 0.00284838
0 -0.00072229 0.00106965 0.00102019
0 -0.00121653 -0.000412908 -0.000990787
0 -0.00173941 -0.00192835 -0.00314547
0 -0.00226547 -0.00342083 -0.00538983
0 -0.0027758 -0.00485626 -0.00767256
0 -0.00327237 -0.00623818 -0.00996068
0 -0.0037727 -0.00760015 -0.0122378
0 -0.00428824 -0.00897157 -0.0144956
0 -0.00481194 -0.01035 -0.0167088
0 -0.00532485 -0.011712 -0.0188193
0 -0.00581207 -0.0130365 -0.0207774
0 -0.00627127 -0.0143102 -0.0225647
0 -0.00670926 -0.01552 -0.0241774
0 -0.00713874 -0.0166486 -0.0256177
0 -0.00758015 -0.0176893 -0.0269036
0 -0.00806208 -0.0186615 -0.0280761
0 -0.00861077 -0.0196066 -0.0291849
0 -0.00923209 -0.020565 -0.0302649
0 -0.00990018 -0.0215571 -0.03133
0 -0.0105618 -0.022577 -0.0323786
0 -0.0111507 -0.0235939 -0.0333939
0 -0.0115978 -0.0245476 -0.0343411
0 -0.0118427 -0.0253503 -0.0351746
0 -0.0118595 -0.0259153 -0.0358616
0 -0.0116829 -0.0261993 -0.0364058
0 -0.0114 -0.0262192 -0.0368453
0 -0.0111117 -0.0260361 -0.037221
0 -0.0108877 -0.0257231 -0.0375421
0 -0.0107348 -0.025335 -0.0377656
0 -0.0105934 -0.0248886 -0.0377989
0 -0.0103748 -0.0243642 -0.0375303
0 -0.0100125 -0.0237289 -0.036873
0 -0.0094917 -0.0229504 -0.0357912
0 -0.00883912 -0.0219899 -0.034291
0 -0.00809259 -0.0207932 -0.0323937
0 -0.00727936 -0.0192987 -0.0301174
0 -0.00641351 -0.0174588 -0.0274755
0 -0.0055048 -0.0152624 -0.024485
0 -0.00457155 -0.01275 -0.0211765
0 -0.00365839 -0.0100172 -0.0176039
0 -0.00283259 -0.00721666 -0.013856
0 -0.00215542 -0.00456731 -0.0100697
0 -0.00167577 -0.00229549 -0.00642509
0 -0.00141609 -0.000513074 -0.00308296
0 -0.00132163 0.00081878 -8.14471e-05
0 -0.0012409 0.00184399 0.00266596
0 -0.000985433 0.00276367 0.00525259
0 -0.000435287 0.0037738 0.00771271
0 0.000382572 0.00499213 0.0100107
0 0.00129943 0.00641058 0.0120251
0 0.00209841 0.00790647 0.0135897
0 0.00262926 0.00930298 0.0145926
0 0.00286403 0.0104367 0.015035
0 0.00288055 0.0112036 0.0150089
0 0.00280657 0.0115627 0.0146471
0 0.00275572 0.0115087 0.0140785
0 0.0027866 0.0110654 0.0133886
0 0.00289014 0.0103003 0.0126039
0 0.00299297 0.00931832 0.0117082
0 0.00298753 0.00822768 0.0106646
0 0.00278412 0.00711342 0.00943621
0 0.00237151 0.00605376 0.00803391
0 0.00185407 0.0051531 0.00656398
0 0.00141083 0.00452452 0.00520333
0 0.00119823 0.00423061 0.00411494
0 0.00127385 0.00424671 0.00338114
0 0.00157996 0.00447297 0.00299021
0 0.00197815 0.00477624 0.00286426
0 0.0023081 0.00503145 0.00290243
0 0.00244127 0.00514567 0.00301513
0 0.00230914 0.00506241 0.003136
0 0.00190249 0.00475227 0.00321587
0 0.0012523 0.00419731 0.00320784
0 0.000408768 0.0033794 0.00305365
0 -0.000575107 0.00227743 0.00267695
0 -0.00166374 0.000862597 0.00197529
0 -0.00285093 -0.000903056 0.000820673
0 -0.00414012 -0.00304085 -0.000906508
0 -0.00550167 -0.00550927 -0.0032612
0 -0.00681315 -0.00816283 -0.00618402
0 -0.00783948 -0.0107465 -0.00948853
0 -0.00833282 -0.0129576 -0.0129161
0 -0.00817457 -0.0145719 -0.0162308
0 -0.00743637 -0.0155124 -0.0192801
0 -0.00633139 -0.0157908 -0.0220334
0 -0.0051149 -0.0154792 -0.0245105
0 -0.00401927 -0.0147488 -0.0266309
0 -0.00321873 -0.013842 -0.0282548
0 -0.00278693 -0.0129831 -0.0292793
0 -0.0026729 -0.0123002 -0.0296093
0 -0.00274199 -0.0118078 -0.0291295
0 -0.0028698 -0.0114554 -0.0277472
0 -0.00301738 -0.0111899 -0.0255095
0 -0.00323927 -0.0109784 -0.0226558
0 -0.00364428 -0.0108056 -0.0195085
0 -0.00434439 -0.0106893 -0.016435
0 -0.00540341 -0.0107131 -0.0138263
0 -0.00679491 -0.0110028 -0.0119117
0 -0.00838572 -0.0116227 -0.0107395
0 -0.00995464 -0.0125319 -0.0103576
0 -0.0112487 -0.0136479 -0.0108035
0 -0.0120462 -0.0148829 -0.0119855
0 -0.012193 -0.0160951 -0.0137156
0 -0.0116349 -0.0170587 -0.0158159
0 -0.0104353 -0.0175428 -0.018142
0 -0.00876336 -0.0174615 -0.0205429
0 -0.00687508 -0.0168742 -0.0228968
0 -0.00506693 -0.0158563 -0.0251843
0 -0.00359677 -0.0145318 -0.0273454
0 -0.0026216 -0.0131466 -0.0291326
0 -0.00217514 -0.011985 -0.0303054
0 -0.00217498 -0.0112421 -0.0307623
0 -0.00245215 -0.0109495 -0.030422
0 -0.00281788 -0.0109959 -0.0291533
0 -0.00315219 -0.0112099 -0.0269175
0 -0.00343657 -0.0114101 -0.0239089
0 -0.00370519 -0.011407 -0.0204177
0 -0.00398153 -0.0110199 -0.0167456
0 -0.00425027 -0.0101456 -0.013141
0 -0.00445136 -0.00877336 -0.00963297
0 -0.00447497 -0.00689865 -0.00619168
0 -0.00418325 -0.00451707 -0.00287974
0 -0.00345902 -0.00170327 0.000294977
0 -0.00224031 0.00138108 0.00341758
0 -0.000560895 0.00455207 0.00652114
0 0.00141496 0.00765777 0.00952465
0 0.00342784 0.010581 0.0123252
0 0.00521165 0.0132095 0.0148558
0 0.00657257 0.0154232 0.0170554
0 0.00741872 0.0171264 0.0188741
0 0.00774577 0.0182812 0.0203164
0 0.0076157 0.0188915 0.0214288
0 0.00713318 0.0189698 0.022243
0 0.0064224 0.0185333 0.0227554
0 0.00559551 0.0176211 0.0229347
0 0.00471407 0.0163 0.0227222
0 0.00381314 0.0146709 0.0220514
0 0.0029539 0.0128706 0.0208897
0 0.00220225 0.0110402 0.019238
0 0.00156481 0.00926423 0.017083
0 0.0009734 0.00753245 0.014379
0 0.000334642 0.00575587 0.0110831
0 -0.000404667 0.00382447 0.00720731
0 -0.00122595 0.00166418 0.00284743
0 -0.00205651 -0.000732655 -0.00182505
0 -0.00280741 -0.00330995 -0.00659673
0 -0.00339423 -0.00597842 -0.0112568
0 -0.0037569 -0.00860701 -0.0156461
0 -0.00389043 -0.0109951 -0.0196309
0 -0.00384962 -0.0129394 -0.023062
0 -0.0037282 -0.0143276 -0.0258545
0 -0.00363644 -0.0151652 -0.0280187
0 -0.00367703 -0.0155547 -0.0295815
0 -0.00392168 -0.0156523 -0.0305587
0 -0.00439612 -0.0156162 -0.0309796
0 -0.00507808 -0.015598 -0.0308994
0 -0.00591245 -0.0157609 -0.0303915
0 -0.00683992 -0.0162309 -0.0295551
0 -0.00782447 -0.0170477 -0.028544
0 -0.00885835 -0.018186 -0.0275684
0 -0.00993611 -0.0195846 -0.0268746
0 -0.0110224 -0.0211425 -0.0266642
0 -0.0120411 -0.0227062 -0.0269697
0 -0.0128885 -0.0240908 -0.027712
0 -0.0134554 -0.0251358 -0.028844
0 -0.0136477 -0.0257558 -0.0303126
0 -0.0134166 -0.0259507 -0.0319882
0 -0.0127833 -0.02578 -0.0337415
0 -0.0118386 -0.0253376 -0.035536
0 -0.0107168 -0.0247316 -0.0373117
0 -0.00955498 -0.0240569 -0.0388616
0 -0.00847024 -0.0233751 -0.0399994
0 -0.00756328 -0.022725 -0.0406804
0 -0.00692327 -0.0221467 -0.0408881
0 -0.00661461 -0.0216832 -0.0405766
0 -0.00665163 -0.0213507 -0.0397299
0 -0.00698074 -0.0211152 -0.0383843
0 -0.00748684 -0.0209048 -0.0365776
0 -0.00802433 -0.020628 -0.034335
0 -0.00845532 -0.0201839 -0.0317159
0 -0.00867411 -0.0194775 -0.0288308
0 -0.00861214 -0.0184344 -0.0258281
0 -0.00823388 -0.0170082 -0.0228087
0 -0.00753274 -0.0151808 -0.019764
0 -0.00652558 -0.0129529 -0.0167025
0 -0.00524508 -0.0103358 -0.0136856
0 -0.00375344 -0.00736801 -0.0107092
0 -0.00212824 -0.00413021 -0.00769526
0 -0.000404591 -0.00072858 -0.00457674
0 0.0013975 0.00272757 -0.00132899
0 0.00319531 0.00613238 0.00206047
0 0.00485055 0.0093773 0.00559125
0 0.00623533 0.0123487 0.00921888
0 0.00727259 0.0149442 0.012863
0 0.00793272 0.0170972 0.0164418
0 0.00821559 0.0187814 0.0198722
0 0.00813903 0.0199935 0.0230529
0 0.00773625 0.0207341 0.0258724
0 0.0070602 0.0210057 0.0282248
0 0.00619076 0.0208159 0.0300075
0 0.00521368 0.0201752 0.0311137
0 0.00418496 0.0190981 0.0314384
0 0.00314619 0.017615 0.0309
0 0.00216155 0.0157837 0.0294619
0 0.00131164 0.0137132 0.0271418
0 0.000662818 0.0115568 0.024023
0 0.000246551 0.00943281 0.0202383
0 5.09789e-05 0.0073969 0.0159211
0 2.60814e-05 0.00547084 0.0112044
0 0.000100408 0.00364625 0.00625296
0 0.000194733 0.00185941 0.00124607
0 0.000226986 2.65686e-05 -0.00367437
0 0.000123786 -0.00186828 -0.00841673
0 -0.000159725 -0.00379588 -0.0128447
0 -0.000638952 -0.00574473 -0.0167481
0 -0.00131937 -0.00772658 -0.0200135
0 -0.00220748 -0.00976762 -0.0226835
0 -0.00330228 -0.0118823 -0.024828
0 -0.00458073 -0.0140378 -0.0264761
0 -0.00599465 -0.0161571 -0.0276821
0 -0.00748194 -0.0181804 -0.0285777
0 -0.00897982 -0.0201018 -0.0293111
0 -0.0104272 -0.0219241 -0.0299981
0 -0.0117625 -0.023622 -0.0307529
0 -0.012932 -0.0251688 -0.0316794
0 -0.0138971 -0.026557 -0.0328192
0 -0.0146266 -0.0277784 -0.0341596
0 -0.0150879 -0.0288043 -0.0356747
0 -0.0152471 -0.0295934 -0.0373199
0 -0.0150877 -0.0301135 -0.0390211
0 -0.0146306 -0.0303562 -0.0406818
0 -0.0139433 -0.0303354 -0.0421967
0 -0.0131371 -0.0300806 -0.0434885
0 -0.0123316 -0.0296372 -0.0445019
0 -0.0116221 -0.0290677 -0.045177
0 -0.0110738 -0.0284411 -0.0454579
0 -0.0107157 -0.0278145 -0.0452963
0 -0.0105345 -0.0272087 -0.0446502
0 -0.0104824 -0.0266052 -0.0434909
0 -0.0104982 -0.0259738 -0.04182
0 -0.0105275 -0.025283 -0.0396846
0 -0.0105305 -0.0244893 -0.0371717
0 -0.0104731 -0.0235354 -0.0343824
0 -0.0103106 -0.0223562 -0.0314085
0 -0.00998963 -0.0208928 -0.0283333
0 -0.00947057 -0.0191181 -0.0252412
0 -0.008747 -0.0170481 -0.0221745
0 -0.00783929 -0.014732 -0.0191302
0 -0.00677855 -0.0122338 -0.0161359
0 -0.00560328 -0.00962263 -0.0132286
0 -0.00434804 -0.00696055 -0.010381
0 -0.00302377 -0.00428633 -0.00753664
0 -0.00163691 -0.00161947 -0.00466439
0 -0.000224014 0.00102118 -0.00174787
0 0.00114435 0.0036089 0.00123092
0 0.002387 0.00611039 0.00427451
0 0.00344517 0.0084908 0.00735996
0 0.00430095 0.0107206 0.0104565
0 0.00496928 0.0127787 0.0135408
0 0.00547913 0.0146515 0.0165894
0 0.00586361 0.0163322 0.019571
0 0.00615965 0.0178259 0.0224494
0 0.00640762 0.0191515 0.0251862
0 0.00664559 0.0203384 0.0277384
0 0.00689997 0.0214169 0.0300599
0 0.00717787 0.0224069 0.0321028
0 0.00746822 0.0233125 0.0338202
0 0.00775244 0.0241237 0.0351715
0 0.00801869 0.024825 0.0361332
0 0.00827232 0.0254061 0.0367104
0 0.00853376 0.0258675 0.0369385
0 0.00882216 0.0262133 0.0368668
0 0.00913687 0.0264359 0.0365385
0 0.00945338 0.0265167 0.0359884
0 0.00973678 0.026442 0.0352518
0 0.00995618 0.0262132 0.0343677
0 0.0100842 0.0258419 0.0333742
0 0.010089 0.0253347 0.0322981
0 0.00993256 0.0246804 0.0311473
0 0.00957531 0.0238473 0.0299072
0 0.00898774 0.0227878 0.0285442
0 0.00816215 0.0214495 0.0270143
0 0.00711688 0.0197886 0.0252717
0 0.0058903 0.0177809 0.0232719
0 0.00453077 0.0154248 0.0209687
0 0.00308748 0.0127413 0.0183134
0 0.00160557 0.00977439 0.0152616
0 0.000120281 0.00659045 0.0117842
0 -0.00135104 0.00327089 0.00787559
0 -0.00278262 -0.000101375 0.00355707
0 -0.00411434 -0.0034686 -0.00112652
0 -0.00529546 -0.00680026 -0.00611622
0 -0.00632897 -0.0100637 -0.011348
0 -0.00726218 -0.0132369 -0.0167548
0 -0.00815553 -0.0163338 -0.0222902
0 -0.00905197 -0.0193979 -0.0279215
0 -0.00996837 -0.0224824 -0.0335484
0 -0.0109127 -0.0256197 -0.0390228
0 -0.0119005 -0.0288031 -0.0442613
0 -0.0129558 -0.0319983 -0.0492469
0 -0.014099 -0.0351674 -0.0539593
0 -0.0153357 -0.0382813 -0.0583593
0 -0.0166577 -0.0413144 -0.0624221
0 -0.0180462 -0.044234 -0.0661529
0 -0.0194727 -0.0469984 -0.0695538
0 -0.0209038 -0.0495665 -0.072605
0 -0.0223118 -0.0519139 -0.0752949
0 -0.0236787 -0.0540423 -0.0776457
0 -0.0249898 -0.055974 -0.0796959
0 -0.0262554 -0.0577368 -0.0814733
0 -0.0274829 -0.0593513 -0.082997
0 -0.0286005 -0.0608182 -0.0842882
0 -0.0295296 -0.0621122 -0.0853643
0 -0.0302699 -0.0631974 -0.0862374
0 -0.0308261 -0.0640468 -0.0869214
0 -0.0311667 -0.0646413 -0.0874326
0 -0.031286 -0.064971 -0.0877884
0 -0.0312306 -0.0650419 -0.0880061
0 -0.0310526 -0.0648783 -0.0880997
0 -0.0307796 -0.064516 -0.0880717
0 -0.0304323 -0.0639945 -0.0879092
0 -0.0300384 -0.0633515 -0.0875879
0 -0.0296226 -0.0626215 -0.0870819
0 -0.0291986 -0.0618326 -0.0863688
0 -0.0287697 -0.0609978 -0.0854278
0 -0.0283288 -0.0601066 -0.0842381
0 -0.027861 -0.0591277 -0.0827821
0 -0.0273482 -0.0580168 -0.0810478
0 -0.0267689 -0.0567241 -0.079027
0 -0.0260982 -0.055199 -0.0767138
0 -0.0253134 -0.0533974 -0.0741022
0 -0.0243969 -0.0512888 -0.0711863
0 -0.0233372 -0.0488608 -0.0679613
0 -0.0221329 -0.0461212 -0.0644259
0 -0.020795 -0.0430943 -0.0605824
0 -0.0193473 -0.039812 -0.0564321
0 -0.0178258 -0.0363037 -0.051972
0 -0.0162539 -0.0325939 -0.0471973
0 -0.0146204 -0.028708 -0.0421091
0 -0.0129135 -0.0246855 -0.0367211
0 -0.011146 -0.0205648 -0.0310625
0 -0.00934023 -0.0163599 -0.0251804
0 -0.00751531 -0.0120822 -0.0191387
0 -0.00567918 -0.00775741 -0.0129807
0 -0.00382119 -0.00341231 -0.00671687
0 -0.00192137 0.000932517 -0.000386106
0 3.1624e-05 0.0052633 0.00593587
0 0.0020305 0.00957545 0.0121892
0 0.00405127 0.0138696 0.0183395
0 0.00606574 0.0181407 0.0243525
0 0.00805605 0.0223709 0.0301867
0 0.0100192 0.0265336 0.0358117
0 0.0119618 0.030603 0.0412209
0 0.0138944 0.0345616 0.0464233
0 0.0158284 0.0384032 0.0514312
0 0.0177728 0.0421299 0.0562573
0 0.0197267 0.0457481 0.0609183
0 0.0216198 0.0492606 0.0654319
0 0.023349 0.0526599 0.0698114
0 0.0249418 0.0559338 0.0740579
0 0.0264939 0.0590757 0.0781605
0 0.0280064 0.0620858 0.0821058
0 0.0293982 0.0649646 0.085889
0 0.030591 0.0677053 0.0895171
0 0.0315764 0.070287 0.0930008
0 0.0324131 0.0726741 0.096342
0 0.0331403 0.0748243 0.0995283
0 0.0337261 0.0766965 0.102536
0 0.0341267 0.0782518 0.105332
0 0.0343453 0.0794214 0.107877
0 0.0344042 0.0801416 0.110113
0 0.0342954 0.08046 0.111972
0 0.0339877 0.0804546 0.113404
0 0.0334662 0.0801007 0.11437
0 0.0327572 0.0793463 0.114833
0 0.0319067 0.0782025 0.114732
0 0.0309453 0.0767078 0.113992
0 0.0298926 0.0748811 0.112546
0 0.0287779 0.0727264 0.110349
0 0.0276312 0.0702481 0.107401
0 0.0264581 0.0674577 0.103693
0 0.0252419 0.0643655 0.0991896
0 0.0239695 0.0609605 0.0939239
0 0.0226394 0.0572213 0.0879796
0 0.0212401 0.0531478 0.0814267
0 0.0197405 0.0487618 0.0743595
0 0.01812 0.0440591 0.0668881
0 0.0163837 0.0390123 0.0591005
0 0.0145356 0.0336536 0.051064
0 0.0125689 0.0280856 0.0428298
0 0.0104723 0.0224116 0.0344712
0 0.00823015 0.0166989 0.0260956
0 0.00582944 0.0109748 0.0177766
0 0.00327256 0.00524042 0.00954731
0 0.000580473 -0.000502019 0.00144973
0 -0.00221574 -0.00623048 -0.00646923
0 -0.00508529 -0.0119106 -0.0141738
0 -0.00800199 -0.0175133 -0.0216371
0 -0.0109405 -0.0230246 -0.0288439
0 -0.0138686 -0.0284416 -0.035793
0 -0.016747 -0.0337616 -0.0424864
0 -0.0195376 -0.0389703 -0.048923
0 -0.0222074 -0.0440372 -0.0551036
0 -0.0247258 -0.048917 -0.0610336
0 -0.0271081 -0.0535531 -0.0667175
0 -0.0293993 -0.0578879 -0.0721521
0 -0.0315202 -0.06187 -0.0773253
0 -0.0333402 -0.06545 -0.082219
0 -0.0348587 -0.0685814 -0.0868086
0 -0.036058 -0.0712294 -0.0910614
0 -0.0368304 -0.0733676 -0.0949398
0 -0.0371786 -0.0749682 -0.0983999
0 -0.0371994 -0.0760194 -0.101386
0 -0.0369 -0.0765468 -0.103838
0 -0.0362498 -0.0765633 -0.1057
0 -0.0353229 -0.0760369 -0.106927
0 -0.0342349 -0.0749746 -0.107466
0 -0.0330441 -0.0734579 -0.107257
0 -0.0317876 -0.0715361 -0.106249
0 -0.030517 -0.0692037 -0.104397
0 -0.0292699 -0.0665232 -0.101659
0 -0.0280628 -0.0636283 -0.0980146
0 -0.0269116 -0.0605916 -0.0935009
0 -0.0258304 -0.0574123 -0.0882106
0 -0.024824 -0.0540912 -0.0822632
0 -0.0238951 -0.0506451 -0.0758092
0 -0.0230436 -0.0470889 -0.0690315
0 -0.0222429 -0.0434642 -0.0621085
0 -0.0214377 -0.0398258 -0.0552283
0 -0.0205782 -0.0361695 -0.0485684
0 -0.0196291 -0.0324703 -0.0422036
0 -0.0185614 -0.0287509 -0.0361513
0 -0.0173629 -0.0250706 -0.0304668
0 -0.016047 -0.0215018 -0.0252339
0 -0.0146446 -0.0181158 -0.020518
0 -0.0131922 -0.0149627 -0.016332
0 -0.0117245 -0.0120583 -0.0126516
0 -0.0102693 -0.00939266 -0.00946452
0 -0.00884496 -0.00695419 -0.0067693
0 -0.00746515 -0.00474766 -0.0045344
0 -0.00614538 -0.0027927 -0.00270355
0 -0.0049063 -0.00110227 -0.00123456
0 -0.00377132 0.000342309 -9.18484e-05
0 -0.00276048 0.00157427 0.000776026
0 -0.00188605 0.00260337 0.00142156
0 -0.00115428 0.0034239 0.00188521
0 -0.000570207 0.00404239 0.00220387
0 -0.000139578 0.00447689 0.00241387
0 0.00013231 0.00474329 0.00254333
0 0.000242971 0.00484983 0.00260767
0 0.000194865 0.00480059 0.00261301
0 4.59675e-06 0.00460235 0.00255992
0 -0.000296956 0.00426611 0.0024415
0 -0.000683415 0.00380016 0.00223994
0 -0.00113512 0.00320575 0.00192785
0 -0.00162992 0.0024839 0.00147233
0 -0.00214624 0.00164257 0.000838445
0 -0.00266906 0.000694406 -7.04155e-06
0 -0.00319031 -0.000348296 -0.00109075
0 -0.00370417 -0.00147366 -0.00242822
0 -0.00420395 -0.00266886 -0.00402201
0 -0.00468403 -0.00392209 -0.00586197
0 -0.00514316 -0.00522561 -0.00792595
0 -0.00558426 -0.00657595 -0.0101809
0 -0.00601309 -0.00797219 -0.0125859
0 -0.00644026 -0.00941632 -0.0150981
0 -0.00688452 -0.010915 -0.0176789
0 -0.00737033 -0.0124787 -0.0202959
0 -0.00791977 -0.0141154 -0.02292
0 -0.00854682 -0.0158262 -0.0255236
0 -0.00925768 -0.0176077 -0.0280842
0 -0.0100487 -0.0194511 -0.0305862
0 -0.0109003 -0.021333 -0.0330133
0 -0.0117807 -0.0232165 -0.0353473
0 -0.0126573 -0.0250665 -0.0375786
0 -0.0135016 -0.0268551 -0.0397074
0 -0.0142938 -0.0285584 -0.0417366
0 -0.0150249 -0.0301582 -0.043671
0 -0.0156902 -0.0316415 -0.0455197
0 -0.0162842 -0.0329989 -0.0472923
0 -0.0168037 -0.0342278 -0.0489927
0 -0.0172526 -0.0353346 -0.0506175
0 -0.0176391 -0.0363312 -0.0521602
0 -0.0179718 -0.0372315 -0.0536143
0 -0.0182621 -0.0380532 -0.054976
0 -0.0185284 -0.0388199 -0.0562462
0 -0.0187931 -0.0395581 -0.0574306
0 -0.0190773 -0.0402903 -0.0585366
0 -0.0193941 -0.041032 -0.0595709
0 -0.0197471 -0.0417884 -0.060538
0 -0.0201303 -0.0425549 -0.0614398
0 -0.0205303 -0.0433189 -0.0622764
0 -0.0209291 -0.0440607 -0.063045
0 -0.0213045 -0.0447533 -0.0637392
0 -0.0216297 -0.0453628 -0.0643466
0 -0.0218739 -0.0458496 -0.0648485
0 -0.022005 -0.0461722 -0.0652194
0 -0.0219946 -0.0462907 -0.065429
0 -0.0218243 -0.0461712 -0.0654451
0 -0.0214885 -0.0457893 -0.0652359
0 -0.0209936 -0.0451279 -0.0647661
0 -0.0203515 -0.0441732 -0.0639936
0 -0.0195733 -0.0429142 -0.0628691
0 -0.0186704 -0.0413465 -0.0613426
0 -0.0176581 -0.0394744 -0.0593707
0 -0.0165557 -0.0373112 -0.056922
0 -0.015385 -0.0348769 -0.0539793
0 -0.0141683 -0.0321957 -0.0505414
0 -0.0129324 -0.0292961 -0.0466267
0 -0.0117213 -0.0262112 -0.0422744
0 -0.0105736 -0.022983 -0.0375435
0 -0.00948083 -0.0196791 -0.0325111
0 -0.00841687 -0.0163852 -0.0272819
0 -0.00738776 -0.013145 -0.0219898
0 -0.00642573 -0.00996006 -0.0167374
0 -0.0055608 -0.00686516 -0.0115822
0 -0.00480884 -0.0039488 -0.00662493
0 -0.00417576 -0.00130856 -0.00201751
0 -0.0036653 0.000984967 0.00212021
0 -0.00328414 0.00289113 0.00572205
0 -0.0030412 0.00438345 0.00872752
0 -0.00294261 0.00543373 0.0110551
0 -0.00298985 0.00600722 0.0126264
0 -0.00318404 0.00606956 0.0133871
0 -0.00352805 0.00560074 0.0132976
0 -0.00402045 0.004613 0.0123263
0 -0.00464843 0.00315109 0.0104692
0 -0.00538722 0.00126231 0.00776362
0 -0.00620803 -0.00102035 0.00427251
0 -0.0070856 -0.00365911 7.36264e-05
0 -0.00799901 -0.00659716 -0.00473082
0 -0.00893319 -0.00977063 -0.0100168
0 -0.009889 -0.013124 -0.0156554
0 -0.0108899 -0.0166334 -0.0215198
0 -0.0119494 -0.020275 -0.0274907
0 -0.0130353 -0.0239477 -0.0334739
0 -0.0140942 -0.02751 -0.0393468
0 -0.0150911 -0.0308571 -0.0449193
0 -0.0160119 -0.0339257 -0.0500402
0 -0.0168467 -0.0366763 -0.0546399
0 -0.0175691 -0.0390709 -0.0586516
0 -0.0181353 -0.041051 -0.0619764
0 -0.0185041 -0.0425406 -0.0645214
0 -0.018661 -0.0434753 -0.0662435
0 -0.0186227 -0.0438323 -0.0671387
0 -0.0184233 -0.0436376 -0.0672067
0 -0.0180955 -0.0429438 -0.0664506
0 -0.0176653 -0.0417936 -0.0649038
0 -0.0171604 -0.0402268 -0.0626284
0 -0.0166078 -0.0383142 -0.0596944
0 -0.016024 -0.036147 -0.0561864
0 -0.0154143 -0.0338025 -0.0522114
0 -0.0147828 -0.0313419 -0.0478928
0 -0.0141428 -0.0288255 -0.0433684
0 -0.0135157 -0.0263268 -0.0387878
0 -0.0129268 -0.0239396 -0.0343235
0 -0.012396 -0.0217294 -0.0301382
0 -0.0119222 -0.0196874 -0.0263005
0 -0.0114774 -0.0177821 -0.0228275
0 -0.0110281 -0.0160241 -0.0197865
0 -0.0105635 -0.014463 -0.0172632
0 -0.010099 -0.0131501 -0.015292
0 -0.00965808 -0.0121076 -0.0138678
0 -0.00925542 -0.0113278 -0.0129908
0 -0.00889629 -0.0107981 -0.0126602
0 -0.00858827 -0.0105241 -0.0128401
0 -0.00834902 -0.010518 -0.0134688
0 -0.00819824 -0.0107713 -0.0144867
0 -0.00814608 -0.0112599 -0.0158334
0 -0.00819634 -0.0119669 -0.017441
0 -0.00835753 -0.0128828 -0.0192451
0 -0.00864133 -0.0139932 -0.0211922
0 -0.00905158 -0.0152749 -0.0232357
0 -0.00958029 -0.0167022 -0.0253367
0 -0.0102134 -0.0182525 -0.0274693
0 -0.0109354 -0.0199065 -0.0296166
0 -0.0117324 -0.0216414 -0.031763
0 -0.0125889 -0.0234246 -0.0338956
0 -0.0134698 -0.025218 -0.0360114
0 -0.0143246 -0.0269881 -0.0381138
0 -0.0151225 -0.0287102 -0.0402058
0 -0.0158576 -0.0303642 -0.0422872
0 -0.0165256 -0.0319285 -0.0443518
0 -0.0171115 -0.0333804 -0.0463848
0 -0.017599 -0.0347006 -0.0483642
0 -0.0179853 -0.0358798 -0.0502657
0 -0.0182853 -0.0369193 -0.0520658
0 -0.0185186 -0.0378256 -0.0537397
0 -0.0186969 -0.0386028 -0.0552568
0 -0.0188213 -0.0392486 -0.0565802
0 -0.0188874 -0.0397519 -0.0576679
0 -0.0188893 -0.0400945 -0.0584757
0 -0.0188199 -0.0402527 -0.0589614
0 -0.0186694 -0.0401997 -0.0590884
0 -0.0184275 -0.0399063 -0.0588256
0 -0.0180881 -0.039344 -0.0581483
0 -0.0176504 -0.0384907 -0.0570407
0 -0.0171147 -0.0373352 -0.055497
0 -0.0164807 -0.0358754 -0.0535191
0 -0.0157454 -0.0341145 -0.0511124
0 -0.0149029 -0.0320595 -0.0482849
0 -0.0139474 -0.0297215 -0.0450488
0 -0.0128792 -0.0271164 -0.0414237
0 -0.0117162 -0.0242657 -0.0374385
0 -0.0104986 -0.0212034 -0.0331309
0 -0.00925484 -0.0179889 -0.0285511
0 -0.00797608 -0.0146765 -0.0237705
0 -0.00665746 -0.0112764 -0.018856
0 -0.00532297 -0.00778758 -0.0138291
0 -0.00400137 -0.00424273 -0.00870697
0 -0.00270849 -0.000698082 -0.00354927
0 -0.00144692 0.00279268 0.00157911
0 -0.000212965 0.00619004 0.00663746
0 0.000995587 0.0094641 0.0115839
0 0.00217672 0.0125837 0.0163572
0 0.00332314 0.0155115 0.0208913
0 0.00442051 0.0182087 0.0251292
0 0.00544666 0.0206429 0.0290177
0 0.00637349 0.0227916 0.0324981
0 0.00717232 0.024641 0.0355123
0 0.00781885 0.0261804 0.0380136
0 0.0082945 0.027395 0.0399681
0 0.00858473 0.0282608 0.0413478
0 0.00867684 0.028744 0.0421255
0 0.00855827 0.0288036 0.0422763
0 0.00822853 0.0284006 0.0417823
0 0.00770913 0.027507 0.040635
0 0.00702032 0.0261083 0.0388271
0 0.00616256 0.0241976 0.0363476
0 0.00512782 0.0217679 0.033186
0 0.00390975 0.0188221 0.0293351
0 0.00250274 0.015383 0.0247904
0 0.000901594 0.0114827 0.0195556
0 -0.000897308 0.00714747 0.0136474
0 -0.00291301 0.00239989 0.00709707
0 -0.00515258 -0.00274146 -5.00993e-05
0 -0.00755043 -0.00827649 -0.0077368
0 -0.0100072 -0.0141863 -0.0158963
0 -0.0124601 -0.0203748 -0.0244621
0 -0.0148976 -0.02671 -0.0333876
0 -0.0173415 -0.0330892 -0.0426016
0 -0.0198131 -0.0394459 -0.0519715
0 -0.022313 -0.0457314 -0.0613731
0 -0.0248146 -0.0518976 -0.0707164
0 -0.0272687 -0.0578856 -0.0799069
0 -0.0296912 -0.0636254 -0.0888323
0 -0.0321174 -0.0690754 -0.0973667
0 -0.0344306 -0.0742474 -0.105399
0 -0.0364901 -0.0790976 -0.112854
0 -0.0382358 -0.0834842 -0.119676
0 -0.0396103 -0.087291 -0.125802
0 -0.0406258 -0.0904441 -0.131171
0 -0.0413654 -0.0928989 -0.135737
0 -0.0418375 -0.0946977 -0.139462
0 -0.0419935 -0.0959016 -0.142308
0 -0.0418703 -0.0964963 -0.144272
0 -0.0415794 -0.0964721 -0.145347
0 -0.0411957 -0.095916 -0.145518
0 -0.0407442 -0.094955 -0.144809
0 -0.040251 -0.0936765 -0.143267
0 -0.039753 -0.0921334 -0.140941
0 -0.0392771 -0.0903782 -0.137921
0 -0.0388303 -0.0884674 -0.134323
0 -0.0384084 -0.086444 -0.130279
0 -0.0380067 -0.0843321 -0.125948
0 -0.0376151 -0.0821533 -0.121477
0 -0.0372067 -0.0799241 -0.116995
0 -0.0367343 -0.0776443 -0.112619
0 -0.036141 -0.0753127 -0.108429
0 -0.0353776 -0.0729339 -0.104478
0 -0.0344124 -0.0704892 -0.100787
0 -0.0332312 -0.0679387 -0.0973415
0 -0.0318469 -0.0652551 -0.0941006
0 -0.0303009 -0.06243 -0.0910189
0 -0.0286372 -0.0594664 -0.0880382
0 -0.0268899 -0.0563756 -0.0850853
0 -0.0250914 -0.0531674 -0.0820771
0 -0.0232691 -0.0498447 -0.0789147
0 -0.0214444 -0.0464122 -0.0754968
0 -0.0196351 -0.0428896 -0.0717437
0 -0.0178562 -0.0393104 -0.067601
0 -0.0161177 -0.0357035 -0.0630385
0 -0.0144223 -0.0320795 -0.0580663
0 -0.0127705 -0.0284336 -0.0527318
0 -0.0111667 -0.0247543 -0.0470917
0 -0.00961918 -0.0210298 -0.0412123
0 -0.00813668 -0.0172536 -0.0351713
0 -0.00672353 -0.0134296 -0.029049
0 -0.00537456 -0.00957526 -0.022932
0 -0.00407386 -0.00572356 -0.0168966
0 -0.00279812 -0.00192062 -0.0109915
0 -0.00152223 0.00178204 -0.00525504
0 -0.000225524 0.00533697 0.00026993
0 0.00110334 0.00870765 0.00554416
0 0.00246406 0.0118718 0.0105367
0 0.00384447 0.0148218 0.0152195
0 0.00522228 0.0175629 0.0195613
0 0.00656867 0.0201064 0.0235285
0 0.00785103 0.022462 0.0270873
0 0.00903516 0.0246307 0.0302076
0 0.0100899 0.0266015 0.0328661
0 0.0109912 0.028352 0.0350487
0 0.0117225 0.0298494 0.0367501
0 0.0122732 0.0310514 0.0379793
0 0.0126349 0.0319084 0.0387561
0 0.0127969 0.0323712 0.0390834
0 0.0127434 0.032393 0.0389468
0 0.0124689 0.0319269 0.0383337
0 0.011985 0.0309409 0.0372238
0 0.0112872 0.0294313 0.0355805
0 0.0103494 0.0274075 0.0333599
0 0.00915933 0.0248809 0.0305206
0 0.00772861 0.0218706 0.0270241
0 0.00607914 0.0184006 0.0228376
0 0.00423455 0.0144887 0.0179398
0 0.00221953 0.0101448 0.0123241
0 3.65587e-05 0.00537792 0.00599892
0 -0.00231524 0.000199333 -0.00101331
0 -0.00477827 -0.00538201 -0.00867688
0 -0.00727526 -0.0113719 -0.0169444
0 -0.00978536 -0.0177468 -0.0257581
0 -0.0123441 -0.0244006 -0.0350463
0 -0.0150039 -0.0312037 -0.0447289
0 -0.0178019 -0.0380765 -0.0547578
0 -0.0207442 -0.0449913 -0.0650662
0 -0.0238033 -0.051946 -0.0754853
0 -0.0269293 -0.058931 -0.0858476
0 -0.0301697 -0.0659115 -0.0960632
0 -0.0336085 -0.072871 -0.106067
0 -0.0371363 -0.0798355 -0.115789
0 -0.0405958 -0.0867606 -0.125156
0 -0.0438969 -0.0934951 -0.134116
0 -0.0469604 -0.0998958 -0.142638
0 -0.0498187 -0.105869 -0.150704
0 -0.0525529 -0.111383 -0.1583
0 -0.0550962 -0.116472 -0.165405
0 -0.0573096 -0.121113 -0.171979
0 -0.0591738 -0.125204 -0.177979
0 -0.060747 -0.128683 -0.183369
0 -0.0620278 -0.131583 -0.18813
0 -0.0629633 -0.133944 -0.192242
0 -0.0635277 -0.135748 -0.195668
0 -0.0637397 -0.136964 -0.198377
0 -0.0636365 -0.137595 -0.200361
0 -0.0632614 -0.137668 -0.201605
0 -0.0626592 -0.137204 -0.202079
0 -0.0618718 -0.136206 -0.201752
0 -0.0609401 -0.134683 -0.200597
0 -0.0599047 -0.132681 -0.198588
0 -0.0587969 -0.130272 -0.195721
0 -0.0576365 -0.127509 -0.192032
0 -0.0564335 -0.124415 -0.187561
0 -0.0551946 -0.121018 -0.182362
0 -0.0539177 -0.117348 -0.176524
0 -0.0525876 -0.113424 -0.170163
0 -0.0511928 -0.10926 -0.163399
0 -0.049736 -0.104881 -0.15634
0 -0.0482142 -0.10032 -0.149074
0 -0.0465999 -0.095601 -0.141686
0 -0.0448577 -0.0907178 -0.134271
0 -0.0429703 -0.0856689 -0.126897
0 -0.0409356 -0.0804885 -0.119585
0 -0.0387625 -0.075237 -0.11234
0 -0.0364729 -0.0699845 -0.10519
0 -0.0340968 -0.0647976 -0.0981789
0 -0.0316647 -0.059726 -0.0913351
0 -0.0292028 -0.0547969 -0.08468
0 -0.0267322 -0.0500206 -0.0782357
0 -0.0242754 -0.0454021 -0.0720303
0 -0.0218611 -0.040951 -0.0660965
0 -0.0195228 -0.0366838 -0.0604611
0 -0.0172954 -0.0326215 -0.0551409
0 -0.0152116 -0.0287836 -0.0501462
0 -0.0132959 -0.0251849 -0.0454847
0 -0.011558 -0.0218356 -0.0411568
0 -0.00999282 -0.0187417 -0.0371509
0 -0.00858326 -0.0159037 -0.0334452
0 -0.00730482 -0.0133146 -0.030013
0 -0.00613003 -0.010958 -0.0268266
0 -0.00503245 -0.00880784 -0.0238578
0 -0.00398924 -0.00682916 -0.0210772
0 -0.00298122 -0.00498005 -0.0184547
0 -0.00199226 -0.00321552 -0.0159617
0 -0.00100961 -0.00149286 -0.0135733
0 -2.46387e-05 0.000223635 -0.0112692
0 0.00096809 0.00196077 -0.00903206
0 0.0019732 0.00373692 -0.00684437
0 0.00299561 0.00556213 -0.00468657
0 0.00403847 0.00743668 -0.00253932
0 0.00509966 0.00934935 -0.000387314
0 0.00616957 0.0112777 0.00177766
0 0.00722928 0.0131908 0.00395554
0 0.00824961 0.0150514 0.00613674
0 0.00919226 0.0168161 0.00830045
0 0.010012 0.0184352 0.0104137
0 0.0106595 0.0198533 0.0124321
0 0.0110859 0.0210113 0.0143017
0 0.0112471 0.0218478 0.0159612
0 0.0111058 0.0222988 0.0173428
0 0.0106433 0.0222987 0.0183732
0 0.00987591 0.0217865 0.0189732
0 0.00883804 0.0207134 0.0190566
0 0.0075509 0.0190481 0.0185304
0 0.00603545 0.0167723 0.017296
0 0.00433372 0.013878 0.0152531
0 0.00249409 0.0104021 0.0123062
0 0.000554795 0.00643933 0.00837719
0 -0.00145472 0.00208395 0.0034281
0 -0.00352851 -0.00260391 -0.00252822
0 -0.0056597 -0.00757662 -0.00944333
0 -0.00778884 -0.0127846 -0.0172417
0 -0.00984866 -0.0181859 -0.0258098
0 -0.0118224 -0.0237976 -0.0349917
0 -0.0137414 -0.0296599 -0.0446143
0 -0.0156687 -0.0357124 -0.0545691
0 -0.0176692 -0.0418434 -0.0647523
0 -0.0197827 -0.0479929 -0.0749312
0 -0.0220204 -0.0541414 -0.0848874
0 -0.0243823 -0.0602809 -0.0945509
0 -0.0268744 -0.0664044 -0.103915
0 -0.029542 -0.0725273 -0.112954
0 -0.0325193 -0.0787088 -0.121613
0 -0.0359078 -0.0849378 -0.129846
0 -0.0395591 -0.0910779 -0.137645
0 -0.0431751 -0.097032 -0.145013
0 -0.0466167 -0.10278 -0.15194
0 -0.0499637 -0.1083 -0.158399
0 -0.0532969 -0.113592 -0.164375
0 -0.0565301 -0.118659 -0.169891
0 -0.0594931 -0.123425 -0.174999
0 -0.0621014 -0.127796 -0.179717
0 -0.0643788 -0.13174 -0.184029
0 -0.0663444 -0.135251 -0.187945
0 -0.0679458 -0.138276 -0.191493
0 -0.0691122 -0.140745 -0.194665
0 -0.0698282 -0.142619 -0.197432
0 -0.0701323 -0.143889 -0.199776
0 -0.0700639 -0.144554 -0.201685
0 -0.0696411 -0.14461 -0.203132
0 -0.06889 -0.144059 -0.204066
0 -0.0678665 -0.142926 -0.204418
0 -0.0666359 -0.141261 -0.204121
0 -0.0652528 -0.139128 -0.203108
0 -0.0637684 -0.136592 -0.201308
0 -0.0622397 -0.133729 -0.198659
0 -0.060725 -0.130617 -0.195138
0 -0.0592655 -0.12731 -0.190778
0 -0.057878 -0.123837 -0.185642
0 -0.0565698 -0.120213 -0.179812
0 -0.0553487 -0.116442 -0.173403
0 -0.0542157 -0.112534 -0.166558
0 -0.0531441 -0.108501 -0.159414
0 -0.0520722 -0.104368 -0.152105
0 -0.0509281 -0.100162 -0.144762
0 -0.0496497 -0.0958595 -0.137509
0 -0.0481841 -0.0914203 -0.130411
0 -0.0464884 -0.0868356 -0.123463
0 -0.0445363 -0.0821224 -0.116663
0 -0.0423194 -0.0773096 -0.110038
0 -0.0398484 -0.072429 -0.103617
0 -0.0371493 -0.0675003 -0.0974109
0 -0.0342548 -0.0625232 -0.0913988
0 -0.0311971 -0.0574851 -0.0855437
0 -0.0280061 -0.0523791 -0.0798229
0 -0.0247111 -0.0472175 -0.0742237
0 -0.0213501 -0.0420316 -0.0687195
0 -0.0179801 -0.0368586 -0.0632735
0 -0.0146763 -0.0317311 -0.0578611
0 -0.0115113 -0.0266777 -0.0524704
0 -0.00854163 -0.0217303 -0.0470887
0 -0.00580767 -0.0169295 -0.0417036
0 -0.00333791 -0.0123246 -0.0363129
0 -0.00115582 -0.00797069 -0.0309276
0 0.000716582 -0.00392492 -0.0255692
0 0.0022584 -0.000243986 -0.0202704
0 0.00345024 0.0030189 -0.0150776
0 0.00427589 0.00581658 -0.010051
0 0.00472233 0.00810851 -0.00526229
0 0.00478426 0.00985871 -0.000793268
0 0.00447776 0.0110351 0.00326396
0 0.00385021 0.0116142 0.00680663
0 0.00297166 0.0115894 0.00972341
0 0.00190456 0.0109769 0.0118989
0 0.000686442 0.00981201 0.0132192
0 -0.000651128 0.00813117 0.0135765
0 -0.00206389 0.00596064 0.0128724
0 -0.00350155 0.0033398 0.0110227
0 -0.00492312 0.000358047 0.0079686
0 -0.00630035 -0.00286792 0.00375112
0 -0.007611 -0.00627878 -0.00150184
0 -0.00884618 -0.00989119 -0.00770763
0 -0.0100139 -0.0137361 -0.0147771
0 -0.0111213 -0.0178208 -0.0225205
0 -0.0121795 -0.0221722 -0.0307217
0 -0.0132206 -0.0268177 -0.0392416
0 -0.0142904 -0.0316765 -0.0479786
0 -0.0154379 -0.0366038 -0.0567228
0 -0.0167011 -0.0414868 -0.0652084
0 -0.0180912 -0.0462482 -0.0732826
0 -0.0195896 -0.0508334 -0.0808963
0 -0.0211605 -0.0552008 -0.0879938
0 -0.0227657 -0.0593069 -0.0944693
0 -0.024369 -0.0631022 -0.10021
0 -0.0259289 -0.0665432 -0.105151
0 -0.0273901 -0.0695662 -0.109269
0 -0.0286832 -0.0720682 -0.112538
0 -0.0297362 -0.0739823 -0.114901
0 -0.0304915 -0.0753058 -0.116303
0 -0.0309246 -0.0760139 -0.11675
0 -0.0310302 -0.07604 -0.116287
0 -0.0307894 -0.0753556 -0.11494
0 -0.030195 -0.0739763 -0.112739
0 -0.0292794 -0.0719065 -0.109742
0 -0.0280832 -0.0691524 -0.106006
0 -0.0266394 -0.0657603 -0.101572
0 -0.0249839 -0.0618087 -0.0964807
0 -0.0231548 -0.0573863 -0.0907743
0 -0.0211945 -0.0525861 -0.0845009
0 -0.0191795 -0.0475068 -0.0777138
0 -0.0171936 -0.0422753 -0.0704843
0 -0.0152558 -0.0370285 -0.0629082
0 -0.0133543 -0.0318395 -0.0551025
0 -0.0115133 -0.0267237 -0.0472078
0 -0.00977881 -0.0217071 -0.0393515
0 -0.0081861 -0.0168489 -0.0316019
0 -0.00675036 -0.0122264 -0.0240204
0 -0.00546962 -0.00791185 -0.0167099
0 -0.00433 -0.00395576 -0.00978758
0 -0.00331383 -0.000384339 -0.00334719
0 -0.00240655 0.00279367 0.00255164
0 -0.00159903 0.0055794 0.00786168
0 -0.000887316 0.00797803 0.0125283
0 -0.000272676 0.00999346 0.0164951
0 0.000238945 0.011625 0.0197192
0 0.000639806 0.0128696 0.0221756
0 0.00092423 0.0137266 0.023851
0 0.00109053 0.0142009 0.0247374
0 0.00114158 0.0143077 0.0248344
0 0.00108962 0.014068 0.02417
0 0.000950786 0.0134848 0.0227997
0 0.000725018 0.0125396 0.0207767
0 0.000397302 0.0112143 0.018157
0 -4.37771e-05 0.00950628 0.015019
0 -0.000605324 0.00743239 0.0114448
0 -0.00130249 0.00501928 0.00750254
0 -0.00215994 0.0022919 0.00325058
0 -0.00319853 -0.000724394 -0.00125512
0 -0.0044227 -0.00399632 -0.00596498
0 -0.0058207 -0.00749814 -0.0108393
0 -0.00738553 -0.0112138 -0.0158451
0 -0.00911267 -0.0151041 -0.0209537
0 -0.0109549 -0.0191131 -0.026148
0 -0.0128245 -0.0231944 -0.0314185
0 -0.0146463 -0.027305 -0.0367472
0 -0.0163816 -0.0314021 -0.0421149
0 -0.0180206 -0.0354515 -0.0475152
0 -0.0195665 -0.0394204 -0.0529403
0 -0.0210184 -0.0432651 -0.0583698
0 -0.0223677 -0.0469355 -0.0637747
0 -0.0236077 -0.0503904 -0.0691176
0 -0.0247381 -0.053607 -0.0743508
0 -0.025766 -0.0565798 -0.0794169
0 -0.0267027 -0.0593143 -0.084256
0 -0.0275569 -0.0618206 -0.0888102
0 -0.0283468 -0.0641084 -0.0930257
0 -0.0290873 -0.0661841 -0.0968532
0 -0.0297411 -0.0680475 -0.100248
0 -0.0302637 -0.0696964 -0.103173
0 -0.0306672 -0.0711211 -0.105594
0 -0.0309678 -0.0722694 -0.107487
0 -0.0311457 -0.0730661 -0.108821
0 -0.0311834 -0.0734742 -0.109566
0 -0.031077 -0.0734814 -0.109699
0 -0.0308184 -0.0730591 -0.109204
0 -0.0304062 -0.0721835 -0.10807
0 -0.0298432 -0.0708592 -0.106287
0 -0.0291186 -0.0690955 -0.103856
0 -0.028217 -0.0668943 -0.10079
0 -0.0271366 -0.0642653 -0.0971087
0 -0.0258858 -0.061227 -0.0928421
0 -0.0244715 -0.0577987 -0.0880234
0 -0.0228971 -0.0539985 -0.0826881
0 -0.0211725 -0.0498436 -0.0768735
0 -0.0193375 -0.0453575 -0.0706199
0 -0.0174511 -0.040596 -0.0639743
0 -0.0155293 -0.0356376 -0.0569917
0 -0.0135478 -0.0305236 -0.0497322
0 -0.0114976 -0.0252605 -0.042267
0 -0.00939031 -0.0198717 -0.0346597
0 -0.00723694 -0.0144116 -0.0269307
0 -0.00504463 -0.00894952 -0.019094
0 -0.00282065 -0.00354769 -0.0112025
0 -0.000572273 0.00175504 -0.00333084
0 0.00169014 0.00694448 0.00445267
0 0.00394918 0.0120196 0.0120937
0 0.0061845 0.0169786 0.0195424
0 0.00837688 0.0218111 0.0267441
0 0.0105059 0.0264968 0.0336483
0 0.0125512 0.0310077 0.0402212
0 0.0144963 0.0353125 0.0464439
0 0.0163279 0.0393796 0.0522999
0 0.0180343 0.0431782 0.0577687
0 0.0196037 0.0466781 0.062827
0 0.0209847 0.0498476 0.0674546
0 0.0221095 0.0526503 0.0716359
0 0.0230036 0.0550537 0.0753555
0 0.0237433 0.0570421 0.0785952
0 0.0243526 0.0586206 0.0813358
0 0.0248094 0.0598076 0.0835621
0 0.0250683 0.0606225 0.0852655
0 0.0250998 0.0610779 0.0864427
0 0.0249387 0.0611754 0.0870915
0 0.0246354 0.0609086 0.0872064
0 0.0241864 0.0602645 0.0867737
0 0.0235862 0.0592297 0.0857663
0 0.0228836 0.0578211 0.0841644
0 0.0221341 0.0560929 0.0819907
0 0.0213466 0.0540906 0.0792844
0 0.0205042 0.0518256 0.0760564
0 0.0196024 0.0493031 0.0723202
0 0.0186486 0.0465481 0.0681241
0 0.0176403 0.0435941 0.0635284
0 0.016562 0.0404605 0.0585901
0 0.0154002 0.0371508 0.0533725
0 0.0141476 0.0336701 0.0479514
0 0.0127968 0.0300192 0.0424001
0 0.011354 0.0262004 0.0367779
0 0.00984285 0.0222524 0.0311313
0 0.00828314 0.0182327 0.0254971
0 0.00668823 0.0141846 0.0198914
0 0.00507315 0.0101428 0.0143304
0 0.00344746 0.00613654 0.00885236
0 0.00181195 0.00218692 0.00348122
0 0.00016707 -0.00168384 -0.00178083
0 -0.00148009 -0.0054432 -0.00691967
0 -0.00311678 -0.00905786 -0.0119134
0 -0.00473249 -0.0125128 -0.016748
0 -0.00632264 -0.0158181 -0.021413
0 -0.00788359 -0.0189972 -0.0258951
0 -0.00940874 -0.0220703 -0.03018
0 -0.0108899 -0.025045 -0.0342557
0 -0.0123208 -0.0279184 -0.0381149
0 -0.0136971 -0.0306822 -0.0417553
0 -0.0150145 -0.0333264 -0.0451774
0 -0.0162682 -0.0358389 -0.0483822
0 -0.0174536 -0.0382059 -0.051373
0 -0.0185669 -0.0404123 -0.0541541
0 -0.0196055 -0.0424438 -0.0567296
0 -0.0205674 -0.0442909 -0.0591023
0 -0.0214497 -0.0459506 -0.0612748
0 -0.0222476 -0.0474261 -0.0632486
0 -0.0229531 -0.0487241 -0.0650229
0 -0.0235556 -0.0498511 -0.0665939
0 -0.0240431 -0.0508091 -0.0679538
0 -0.0244058 -0.051592 -0.0690909
0 -0.0246396 -0.0521866 -0.0699912
0 -0.0247319 -0.0525755 -0.0706413
0 -0.0246649 -0.0527392 -0.0710298
0 -0.0244474 -0.0526566 -0.0711457
0 -0.0241111 -0.05231 -0.0709764
0 -0.0236765 -0.051692 -0.0705055
0 -0.0231523 -0.050804 -0.0697123
0 -0.0225501 -0.0496508 -0.0685729
0 -0.0218774 -0.0482442 -0.0670623
0 -0.0211341 -0.0466053 -0.0651573
0 -0.020319 -0.0447561 -0.0628418
0 -0.0194346 -0.0427142 -0.0601149
0 -0.0184867 -0.0404923 -0.0569919
0 -0.0174843 -0.0380977 -0.0535017
0 -0.0164385 -0.0355346 -0.0496846
0 -0.0153577 -0.0328068 -0.0455883
0 -0.0142457 -0.0299189 -0.0412615
0 -0.0131108 -0.0268776 -0.0367507
0 -0.0119644 -0.0236992 -0.0320988
0 -0.0107981 -0.0204249 -0.0273452
0 -0.00958498 -0.0171007 -0.0225288
0 -0.00830902 -0.0137352 -0.0176914
0 -0.00697183 -0.0103248 -0.012877
0 -0.00558692 -0.00688694 -0.00810775
0 -0.00417628 -0.00345291 -0.00338094
0 -0.00275717 -5.95218e-05 0.00128925
0 -0.00133385 0.00325867 0.00586515
0 9.50551e-05 0.00648345 0.0103203
0 0.00152552 0.00961388 0.0146454
0 0.00294715 0.0126497 0.0188264
0 0.00434816 0.0155795 0.0228368
0 0.00571557 0.0183863 0.0266528
0 0.00703434 0.0210597 0.0302622
0 0.00828919 0.0235978 0.0336561
0 0.00946688 0.0259987 0.0368214
0 0.0105564 0.0282504 0.0397454
0 0.0115479 0.0303295 0.0424189
0 0.0124326 0.0322065 0.0448338
0 0.0132026 0.0338553 0.0469809
0 0.0138506 0.0352566 0.0488521
0 0.0143688 0.0363977 0.0504404
0 0.01475 0.0372709 0.0517382
0 0.014989 0.0378726 0.0527349
0 0.0150832 0.0382024 0.0534177
0 0.0150354 0.0382624 0.0537731
0 0.0148552 0.0380564 0.0537881
0 0.0145539 0.0375897 0.0534496
0 0.0141432 0.0368703 0.0527454
0 0.013639 0.0359092 0.0516675
0 0.0130606 0.0347162 0.0502134
0 0.0124261 0.0333002 0.0483848
0 0.0117462 0.0316718 0.0461872
0 0.011024 0.0298444 0.0436316
0 0.0102592 0.0278321 0.0407364
0 0.0094497 0.0256481 0.0375263
0 0.00859217 0.0233058 0.0340319
0 0.00768274 0.020819 0.0302902
0 0.00671988 0.0182022 0.0263438
0 0.00570364 0.015471 0.022239
0 0.00462547 0.0126399 0.0180227
0 0.00347678 0.0097117 0.0137403
0 0.00227467 0.00668812 0.00943219
0 0.00105119 0.00360559 0.00513047
0 -0.000171146 0.000522123 0.000855421
0 -0.00138094 -0.00251952 -0.00336992
0 -0.0025764 -0.0054966 -0.00751151
0 -0.00376099 -0.00840011 -0.0115458
0 -0.00492926 -0.0112249 -0.0154607
0 -0.0060614 -0.0139538 -0.0192398
0 -0.00713429 -0.0165545 -0.0228639
0 -0.00813467 -0.018997 -0.026312
0 -0.00906221 -0.0212671 -0.0295639
0 -0.00992109 -0.023362 -0.0326046
0 -0.0107118 -0.0252771 -0.0354175
0 -0.0114306 -0.0270012 -0.0379808
0 -0.0120716 -0.0285215 -0.0402739
0 -0.0126292 -0.0298323 -0.0422814
0 -0.0130994 -0.0309364 -0.0439908
0 -0.0134815 -0.0318405 -0.0453909
0 -0.0137777 -0.0325501 -0.0464742
0 -0.0139921 -0.0330669 -0.0472375
0 -0.0141282 -0.0333898 -0.0476808
0 -0.014188 -0.0335163 -0.0478066
0 -0.0141674 -0.0334421 -0.0476201
0 -0.0140597 -0.0331602 -0.0471286
0 -0.0138635 -0.0326644 -0.0463408
0 -0.0135793 -0.0319511 -0.0452659
0 -0.0132033 -0.0310192 -0.0439145
0 -0.0127318 -0.0298699 -0.0422981
0 -0.012164 -0.0285102 -0.0404286
0 -0.0115044 -0.0269527 -0.038319
0 -0.010762 -0.0252155 -0.0359849
0 -0.00994837 -0.02332 -0.0334443
0 -0.00907662 -0.0212897 -0.0307177
0 -0.0081616 -0.0191489 -0.0278264
0 -0.00721891 -0.0169217 -0.0247932
0 -0.00626319 -0.0146319 -0.0216426
0 -0.0053101 -0.0123025 -0.0184013
0 -0.00438283 -0.0099587 -0.0150981
0 -0.00350439 -0.00763645 -0.0117648
0 -0.0026766 -0.00537206 -0.00843748
0 -0.00188435 -0.00317784 -0.00516066
0 -0.00111847 -0.0010511 -0.00197201
0 -0.000382892 0.00100179 0.00111539
0 0.000312023 0.00296242 0.00408642
0 0.000959013 0.00480816 0.00690283
0 0.0015605 0.00652299 0.00952856
0 0.00212473 0.00810522 0.0119469
0 0.00265533 0.00956048 0.0141461
0 0.00314732 0.0108864 0.0161075
0 0.00359309 0.0120694 0.0178146
0 0.0039891 0.0130958 0.019262
0 0.00433601 0.0139622 0.0204505
0 0.00463463 0.0146719 0.0213809
0 0.00488298 0.0152259 0.0220564
0 0.00507667 0.0156192 0.0224843
0 0.00521078 0.0158459 0.0226741
0 0.00528133 0.015904 0.022635
0 0.0052868 0.0158006 0.0223785
0 0.00522866 0.0155487 0.02192
0 0.00510949 0.0151531 0.0212768
0 0.00493153 0.0146194 0.0204659
0 0.00469615 0.0139612 0.019503
0 0.00440313 0.0131906 0.0183992
0 0.00405137 0.0123117 0.0171611
0 0.00364112 0.0113252 0.0157941
0 0.00317679 0.0102358 0.0143065
0 0.00266826 0.0090543 0.0127099
0 0.0021289 0.00779522 0.011017
0 0.00157148 0.00647219 0.00923957
0 0.00100571 0.00509856 0.00738874
0 0.000438812 0.00369021 0.00547622
0 -0.000123066 0.00226534 0.00351487
0 -0.000675985 0.000840753 0.00151849
0 -0.0012203 -0.000571618 -0.000498722
0 -0.00176102 -0.00196603 -0.0025228
0 -0.00230347 -0.00334308 -0.00454107
0 -0.00284417 -0.00470472 -0.00654297
0 -0.00337166 -0.00604281 -0.00851672
0 -0.00387794 -0.00734006 -0.010442
0 -0.00436231 -0.00858539 -0.012293
0 -0.00482781 -0.00977879 -0.0140512
0 -0.0052773 -0.0109223 -0.0157068
0 -0.00571 -0.0120119 -0.0172505
0 -0.00612184 -0.0130364 -0.018671
0 -0.00650917 -0.0139836 -0.01996
0 -0.00686997 -0.0148448 -0.0211136
0 -0.00720159 -0.0156153 -0.0221294
0 -0.00750003 -0.0162908 -0.0230058
0 -0.00776243 -0.0168673 -0.0237453
0 -0.00798875 -0.0173447 -0.0243539
0 -0.00818046 -0.0177287 -0.0248389
0 -0.00833855 -0.0180272 -0.0252066
0 -0.00846268 -0.0182469 -0.0254638
0 -0.0085513 -0.0183911 -0.025616
0 -0.00860242 -0.0184618 -0.0256679
0 -0.00861474 -0.0184603 -0.0256235
0 -0.00858792 -0.0183871 -0.0254869
0 -0.00852181 -0.0182404 -0.0252615
0 -0.00841573 -0.0180168 -0.0249484
0 -0.00826767 -0.0177111 -0.0245457
0 -0.00807347 -0.0173167 -0.0240472
0 -0.00782822 -0.0168259 -0.0234438
0 -0.00753095 -0.0162346 -0.0227279
0 -0.00718798 -0.015546 -0.0218973
0 -0.00681112 -0.0147695 -0.0209545
0 -0.00641271 -0.0139179 -0.0199033
0 -0.00600223 -0.0130036 -0.0187471
0 -0.00558615 -0.012039 -0.01749
0 -0.00516921 -0.0110367 -0.016139
0 -0.00475474 -0.0100085 -0.0147042
0 -0.0043439 -0.0089631 -0.0131974
0 -0.00393525 -0.00790458 -0.0116314
0 -0.00352509 -0.00683436 -0.0100202
0 -0.00311305 -0.00575469 -0.00838064
0 -0.00270439 -0.00467163 -0.00673211
0 -0.00230214 -0.00359379 -0.00509658
0 -0.00190332 -0.00252298 -0.00348948
0 -0.00150325 -0.00145358 -0.00191586
0 -0.00110075 -0.000386433 -0.000386014
0 -0.000698455 0.000665419 0.00108431
0 -0.000300313 0.00168549 0.00248576
0 8.96371e-05 0.00266158 0.0038115
0 0.000467081 0.00358467 0.00505289
0 0.000825492 0.00444463 0.00620191
0 0.00115565 0.0052293 0.00725183
0 0.00144815 0.00592742 0.00819608
0 0.00169573 0.00653123 0.00902769
0 0.00189329 0.00703556 0.00973938
0 0.00203703 0.00743487 0.0103242
0 0.0021246 0.00772252 0.0107753
0 0.00215588 0.00789288 0.0110855
0 0.00213313 0.00794314 0.0112476
0 0.00206019 0.00787269 0.0112553
0 0.00194168 0.00768207 0.0111022
0 0.00178173 0.0073731 0.010782
0 0.00158272 0.00694937 0.0102903
0 0.00134666 0.00641594 0.00962456
0 0.00107715 0.00577916 0.00878576
0 0.000778993 0.0050469 0.00777922
0 0.00045686 0.00422802 0.00661489
0 0.000114657 0.0033316 0.00530637
0 -0.000244162 0.00236663 0.0038701
0 -0.000616263 0.00134256 0.00232547
0 -0.000998759 0.000269742 0.000694572
0 -0.00139075 -0.000841136 -0.000999236
0 -0.00179399 -0.00198124 -0.00273422
0 -0.00221356 -0.00314605 -0.00449307
0 -0.00265724 -0.00433613 -0.00626351
0 -0.00312989 -0.00555142 -0.00803525
0 -0.00362683 -0.00678045 -0.00979271
0 -0.00413457 -0.00800214 -0.0115141
0 -0.00464062 -0.00920034 -0.013181
0 -0.00513822 -0.0103682 -0.0147812
0 -0.0056225 -0.0115003 -0.0163045
0 -0.00608743 -0.0125859 -0.0177429
0 -0.00652623 -0.0136117 -0.0190914
0 -0.00693383 -0.0145665 -0.0203482
0 -0.007308 -0.015444 -0.0215116
0 -0.00764644 -0.0162386 -0.0225774
0 -0.00794339 -0.0169417 -0.0235387
0 -0.00819127 -0.0175441 -0.024388
0 -0.00838597 -0.0180413 -0.0251189
0 -0.00852968 -0.0184351 -0.0257276
0 -0.00862849 -0.0187308 -0.026212
0 -0.00868821 -0.0189329 -0.0265704
0 -0.00871212 -0.0190443 -0.0267998
0 -0.00870106 -0.0190658 -0.0268954
0 -0.00865429 -0.0189976 -0.0268518
0 -0.00857167 -0.0188387 -0.0266649
0 -0.00845384 -0.0185879 -0.0263325
0 -0.00830002 -0.018244 -0.0258553
0 -0.00810973 -0.017806 -0.025236
0 -0.00788403 -0.0172738 -0.024479
0 -0.00762336 -0.0166478 -0.0235898
0 -0.00732713 -0.0159297 -0.0225749
0 -0.00699537 -0.0151228 -0.0214422
0 -0.00663027 -0.014234 -0.0202019
0 -0.0062367 -0.0132739 -0.0188672
0 -0.00582104 -0.0122555 -0.0174528
0 -0.00538865 -0.0111916 -0.0159732
0 -0.00494215 -0.0100929 -0.014441
0 -0.00448258 -0.00896687 -0.0128661
0 -0.00401061 -0.00781966 -0.0112579
0 -0.00352934 -0.00665805 -0.00962634
0 -0.00304782 -0.00549073 -0.00798331
0 -0.00257748 -0.00433086 -0.00634364
0 -0.00212491 -0.00319087 -0.00472263
0 -0.00169118 -0.00207616 -0.00313366
0 -0.00127962 -0.000993346 -0.00158968
0 -0.000897914 4.2571e-05 -0.000105403
0 -0.000551806 0.00101341 0.00130325
0 -0.00024065 0.00190634 0.00262277
0 4.20241e-05 0.0027174 0.00384378
0 0.000303119 0.0034476 0.00495875
0 0.000544427 0.00409702 0.00595918
0 0.000762627 0.00466349 0.00683486
0 0.000953377 0.0051456 0.00757544
0 0.00111397 0.00554469 0.00817298
0 0.00124344 0.00586311 0.00862405
0 0.0013424 0.00610218 0.00893023
0 0.00141298 0.00626192 0.00909687
0 0.00145709 0.00634114 0.00913039
0 0.00147334 0.00633642 0.00903551
0 0.00145638 0.00624144 0.0088146
0 0.00139987 0.00604918 0.00847007
0 0.00130035 0.00575703 0.00800733
0 0.00115846 0.005369 0.00743501
0 0.000977241 0.00489286 0.00676258
0 0.000759861 0.00433711 0.00599831
0 0.000509319 0.00371038 0.00514932
0 0.000229804 0.00302259 0.00422305
0 -7.19304e-05 0.00228598 0.00322878
0 -0.000386696 0.00151472 0.00217817
0 -0.000704477 0.000723461 0.00108465
0 -0.00101624 -7.38433e-05 -3.75141e-05
0 -0.0013157 -0.000864906 -0.00117435
0 -0.00160112 -0.00164076 -0.00231385
0 -0.00187474 -0.00239737 -0.00344692
0 -0.00214044 -0.00313471 -0.00456664
0 -0.00240397 -0.00385457 -0.0056664
0 -0.00267124 -0.00455969 -0.00674038
0 -0.00294204 -0.00525055 -0.00778065
0 -0.00321125 -0.00592282 -0.00877454
0 -0.00347517 -0.00657084 -0.0097117
0 -0.00373188 -0.00719116 -0.0105851
0 -0.0039796 -0.00778171 -0.0113893
0 -0.00421776 -0.00834078 -0.0121238
0 -0.00444921 -0.0088679 -0.0127926
0 -0.00467988 -0.00936442 -0.0134036
0 -0.00491468 -0.00983406 -0.0139673
0 -0.00515474 -0.010283 -0.014494
0 -0.00539778 -0.0107171 -0.0149925
0 -0.00563883 -0.0111396 -0.0154699
0 -0.00587089 -0.0115511 -0.0159318
0 -0.00608676 -0.0119517 -0.0163824
0 -0.00628141 -0.0123408 -0.0168266
0 -0.00645235 -0.0127153 -0.0172689
0 -0.00659847 -0.0130696 -0.0177111
0 -0.00671921 -0.0133965 -0.0181521
0 -0.006815 -0.01369 -0.0185881
0 -0.00688823 -0.0139465 -0.0190142
0 -0.00694349 -0.0141663 -0.0194245
0 -0.0069863 -0.0143529 -0.0198126
0 -0.00702117 -0.0145117 -0.0201702
0 -0.00705033 -0.0146473 -0.0204879
0 -0.00707408 -0.014763 -0.0207552
0 -0.00709212 -0.0148596 -0.0209631
0 -0.00710373 -0.0149355 -0.0211043
0 -0.00710609 -0.0149842 -0.0211721
0 -0.00709314 -0.0149937 -0.0211586
0 -0.00705692 -0.0149484 -0.0210556
0 -0.00699051 -0.0148329 -0.0208572
0 -0.00689067 -0.0146358 -0.0205611
0 -0.00675778 -0.0143521 -0.0201683
0 -0.00659349 -0.0139816 -0.019681
0 -0.00639884 -0.0135275 -0.0191007
0 -0.0061741 -0.0129959 -0.0184277
0 -0.00591907 -0.0123945 -0.0176623
0 -0.00563308 -0.0117302 -0.0168042
0 -0.00531568 -0.0110082 -0.0158533
0 -0.00496793 -0.0102316 -0.0148113
0 -0.00459341 -0.00940253 -0.013682
0 -0.00419766 -0.00852223 -0.0124717
0 -0.00378633 -0.00759212 -0.0111879
0 -0.00336589 -0.00661552 -0.00983919
0 -0.00294543 -0.00559856 -0.00843418
0 -0.00253225 -0.00455047 -0.00698146
0 -0.00212683 -0.00348527 -0.00548998
0 -0.001725 -0.00241641 -0.0039705
0 -0.00132485 -0.00135045 -0.00243543
0 -0.000930569 -0.000293778 -0.000897078
0 -0.000547838 0.000741533 0.000629615
0 -0.000180075 0.0017418 0.0021259
0 0.000170453 0.00269759 0.00357269
0 0.000501692 0.00360454 0.00495254
0 0.000811536 0.00445926 0.00625017
0 0.00109787 0.00525574 0.00745108
0 0.00135848 0.00598513 0.00854049
0 0.00159039 0.00663747 0.00950429
0 0.00178956 0.0072028 0.0103297
0 0.00195252 0.00767162 0.0110064
0 0.0020786 0.00803628 0.0115281
0 0.00216985 0.00829275 0.0118933
0 0.00222819 0.0084404 0.0121023
0 0.00225254 0.00847962 0.0121547
0 0.00223873 0.00840995 0.0120492
0 0.00218185 0.00823081 0.0117848
0 0.00207877 0.00794346 0.0113637
0 0.00192937 0.00755163 0.0107914
0 0.00173604 0.0070604 0.0100765
0 0.00150255 0.0064749 0.00922863
0 0.0012335 0.00580064 0.00825857
0 0.000934573 0.00504507 0.00717862
0 0.000612153 0.0042183 0.00600278
0 0.000272333 0.00333247 0.00474582
0 -8.01235e-05 0.0024005 0.00342227
0 -0.000442565 0.0014346 0.00204558
0 -0.000814688 0.000445005 0.00062766
0 -0.00119789 -0.000560501 -0.000820751
0 -0.00159335 -0.00157607 -0.00228916
0 -0.00199989 -0.00259795 -0.00376688
0 -0.0024163 -0.00362468 -0.00524441
0 -0.0028424 -0.00465592 -0.00671382
0 -0.00327493 -0.00568944 -0.00816727
0 -0.00370595 -0.0067166 -0.00959555
0 -0.00412519 -0.0077248 -0.0109871
0 -0.00452706 -0.00870398 -0.0123326
0 -0.00491239 -0.00964699 -0.0136264
0 -0.00528145 -0.0105478 -0.0148628
0 -0.00563179 -0.0114 -0.0160346
0 -0.0059604 -0.0121953 -0.0171353
0 -0.00626409 -0.0129268 -0.0181588
0 -0.00653965 -0.0135907 -0.019098
0 -0.00678382 -0.0141842 -0.0199446
0 -0.00699153 -0.0147012 -0.0206891
0 -0.00715548 -0.0151326 -0.0213205
0 -0.0072695 -0.0154697 -0.021828
0 -0.00733252 -0.0157061 -0.0222032
0 -0.00734913 -0.0158391 -0.0224426
0 -0.00732672 -0.0158698 -0.0225458
0 -0.0072719 -0.0158007 -0.0225134
0 -0.00718862 -0.0156349 -0.022344
0 -0.0070765 -0.0153744 -0.0220339
0 -0.00693058 -0.0150201 -0.0215784
0 -0.00674657 -0.0145741 -0.020976
0 -0.00652483 -0.0140403 -0.0202303
0 -0.00626901 -0.0134247 -0.0193507
0 -0.00598401 -0.0127336 -0.0183495
0 -0.0056746 -0.0119727 -0.0172403
0 -0.00534451 -0.0111475 -0.0160375
0 -0.00499666 -0.0102646 -0.0147564
0 -0.00463405 -0.00933229 -0.0134121
0 -0.00425897 -0.00836037 -0.0120198
0 -0.00387255 -0.00736068 -0.0105945
0 -0.00347962 -0.00634768 -0.00915199
0 -0.00309103 -0.00533835 -0.00770863
0 -0.0027165 -0.00435215 -0.00628313
0 -0.00236043 -0.00340362 -0.00489467
0 -0.002024 -0.00249777 -0.00355633
0 -0.00170747 -0.00163871 -0.00228004
0 -0.00141184 -0.000833629 -0.00107934
0 -0.00113736 -8.77162e-05 3.60468e-05
0 -0.00088122 0.000598689 0.0010601
0 -0.000639299 0.0012281 0.00198759
0 -0.000410001 0.00180159 0.00281293
0 -0.000196964 0.00231583 0.00353003
0 -8.14831e-06 0.00276326 0.00413234
0 0.00014804 0.00313485 0.00461315
0 0.000265508 0.00342187 0.0049669
0 0.000340811 0.00361635 0.00519113
0 0.000373557 0.00371253 0.0052876
0 0.000367096 0.00370922 0.00526162
0 0.00032741 0.00361041 0.00512022
0 0.000260143 0.00342349 0.00487024
0 0.000168289 0.00315711 0.00451752
0 5.26621e-05 0.00282088 0.00406753
0 -8.59712e-05 0.00242572 0.00352655
0 -0.000245609 0.00198305 0.00290246
0 -0.000423225 0.00150305 0.00220477
0 -0.000615911 0.000992919 0.0014438
0 -0.000822052 0.000455839 0.000629263
0 -0.00104138 -0.000108534 -0.000230375
0 -0.00127401 -0.000702054 -0.00112732
0 -0.00151997 -0.00132601 -0.00205388
0 -0.00177847 -0.00197947 -0.00300216
0 -0.00204667 -0.0026583 -0.00396362
0 -0.00232032 -0.00335537 -0.00492978
0 -0.00259711 -0.00406102 -0.00589329
0 -0.00287708 -0.0047655 -0.00684757
0 -0.00315799 -0.00546078 -0.00778851
0 -0.00343493 -0.00613902 -0.00871324
0 -0.00370494 -0.00679179 -0.00961626
0 -0.00396599 -0.00741256 -0.0104924
0 -0.00421446 -0.00799865 -0.011337
0 -0.0044458 -0.00854961 -0.0121418
0 -0.00465633 -0.00906422 -0.0128983
0 -0.00484453 -0.00954001 -0.0135987
0 -0.00500951 -0.00997337 -0.0142346
0 -0.00514944 -0.0103594 -0.0147981
0 -0.00526324 -0.010693 -0.0152835
0 -0.00535274 -0.010969 -0.015686
0 -0.00542151 -0.0111836 -0.0160026
0 -0.00547204 -0.0113344 -0.0162317
0 -0.00550491 -0.0114211 -0.0163717
0 -0.00551953 -0.0114448 -0.0164211
0 -0.00551465 -0.0114075 -0.0163791
0 -0.00548833 -0.0113115 -0.0162455
0 -0.00543841 -0.0111598 -0.0160219
0 -0.00536336 -0.0109548 -0.0157116
0 -0.00526301 -0.0106981 -0.0153194
0 -0.00513846 -0.0103906 -0.0148517
0 -0.00499162 -0.0100331 -0.0143159
0 -0.00482463 -0.009627 -0.0137197
0 -0.00463954 -0.00917454 -0.0130705
0 -0.00443824 -0.00867913 -0.0123752
0 -0.00422163 -0.00814505 -0.0116393
0 -0.00398913 -0.00757703 -0.0108665
0 -0.00373988 -0.00697948 -0.0100592
0 -0.00347436 -0.00635546 -0.00921852
0 -0.00319586 -0.00570828 -0.0083463
0 -0.00290859 -0.00504319 -0.00744526
0 -0.00261633 -0.00436596 -0.00651919
0 -0.00232612 -0.00368238 -0.00557568
0 -0.0020458 -0.00299839 -0.00462289
0 -0.00177831 -0.00231945 -0.00366633
0 -0.00152422 -0.00165176 -0.00271379
0 -0.00128524 -0.00100238 -0.00177375
0 -0.00106143 -0.000376816 -0.000852364
0 -0.000848782 0.000222443 4.41203e-05
0 -0.000641959 0.000794918 0.000909493
0 -0.000437705 0.00134061 0.00173762
0 -0.000235711 0.0018598 0.00252156
0 -3.78736e-05 0.00235298 0.0032544
0 0.00015273 0.00281956 0.00392947
0 0.000332313 0.00325655 0.00453999
0 0.000496492 0.0036586 0.00508011
0 0.000641064 0.00401905 0.00554606
0 0.000763218 0.00433063 0.00593585
0 0.000861639 0.00458593 0.00624843
0 0.000935301 0.00477797 0.00648286
0 0.00098258 0.00490101 0.00663793
0 0.0010018 0.00495175 0.00671244
0 0.00099234 0.00493019 0.00670564
0 0.000954859 0.00483942 0.00661722
0 0.000890092 0.00468403 0.00644664
0 0.000797239 0.00446772 0.00619208
0 0.000674371 0.00419174 0.00585029
0 0.000520633 0.00385582 0.00541825
0 0.000338259 0.00346053 0.00489562
0 0.00013287 0.00300847 0.00428582
0 -8.83548e-05 0.00250375 0.00359492
0 -0.000319232 0.00195094 0.00282964
0 -0.00055613 0.00135471 0.00199621
0 -0.000798023 0.000720217 0.00110057
0 -0.0010455 5.35384e-05 0.000149344
0 -0.00129938 -0.000638163 -0.000849227
0 -0.00155987 -0.00134688 -0.00188473
0 -0.00182589 -0.00206451 -0.00294519
0 -0.00209581 -0.00278539 -0.00401926
0 -0.00237234 -0.0035099 -0.00510016
0 -0.00266574 -0.00424608 -0.00618815
0 -0.00298698 -0.00500663 -0.00728858
0 -0.0033392 -0.00580055 -0.00840385
0 -0.00371745 -0.0066278 -0.00952781
0 -0.00411154 -0.00748167 -0.010653
0 -0.00450911 -0.0083526 -0.0117744
0 -0.00489871 -0.00922939 -0.0128856
0 -0.00527046 -0.010097 -0.0139801
0 -0.00561725 -0.0109372 -0.0150525
0 -0.00593789 -0.0117353 -0.0160996
0 -0.00623728 -0.012485 -0.0171229
0 -0.00652285 -0.0131886 -0.0181257
0 -0.00680105 -0.0138528 -0.0191083
0 -0.00707479 -0.0144843 -0.0200657
0 -0.00734134 -0.0150887 -0.0209887
0 -0.007594 -0.0156701 -0.0218658
0 -0.00782712 -0.0162309 -0.022687
0 -0.00803931 -0.0167704 -0.0234461
0 -0.0082317 -0.0172835 -0.024139
0 -0.00840432 -0.0177601 -0.0247618
0 -0.00855487 -0.0181856 -0.0253093
0 -0.00867985 -0.0185445 -0.0257753
0 -0.00877564 -0.0188225 -0.0261532
0 -0.00883869 -0.0190098 -0.026436
0 -0.00886599 -0.0191016 -0.026617
0 -0.00885624 -0.0190991 -0.026691
0 -0.00880989 -0.0190082 -0.026654
0 -0.00872846 -0.0188366 -0.0265031
0 -0.00861425 -0.0185918 -0.0262363
0 -0.00847033 -0.0182808 -0.0258533
0 -0.00830049 -0.0179089 -0.0253569
0 -0.00810844 -0.0174786 -0.0247516
0 -0.00789627 -0.0169894 -0.0240425
0 -0.0076638 -0.0164386 -0.0232344
0 -0.00740969 -0.0158231 -0.0223333
0 -0.00713282 -0.0151421 -0.0213463
0 -0.00683245 -0.0143971 -0.0202816
0 -0.00650766 -0.0135916 -0.0191473
0 -0.00615749 -0.0127305 -0.0179509
0 -0.00578172 -0.0118203 -0.0166996
0 -0.00538203 -0.0108685 -0.0154011
0 -0.00496215 -0.00988297 -0.0140632
0 -0.00452628 -0.00887143 -0.0126935
0 -0.00407965 -0.00784161 -0.0112995
0 -0.00363209 -0.00680095 -0.00988796
0 -0.00319411 -0.00575753 -0.0084653
0 -0.00276887 -0.00472115 -0.0070375
0 -0.00235449 -0.00369813 -0.0056105
0 -0.00194991 -0.00268833 -0.00419036
0 -0.00155655 -0.00169254 -0.00278115
0 -0.00117661 -0.000716522 -0.00138832
0 -0.000811223 0.000232112 -2.16651e-05
0 -0.000461927 0.00114654 0.00130722
0 -0.000132005 0.0020203 0.00258544
0 0.000173897 0.00284518 0.00379824
0 0.000451238 0.00361113 0.00493078
0 0.000698551 0.00430992 0.00597136
0 0.00091924 0.00493833 0.0069131
0 0.00111892 0.005497 0.00775175
0 0.00130057 0.0059862 0.00848256
0 0.00146265 0.00640348 0.00909927
0 0.0016009 0.00674502 0.00959524
0 0.00171097 0.00700779 0.00996508
0 0.00178935 0.00718975 0.0102056
0 0.00183342 0.00728865 0.0103159
0 0.00184152 0.00730159 0.0102971
0 0.00181326 0.00722609 0.0101518
0 0.00174939 0.00706098 0.00988439
0 0.00165089 0.00680612 0.00949926
0 0.00151826 0.00646248 0.00900132
0 0.00135185 0.00603292 0.00839585
0 0.00115312 0.00552307 0.00768884
0 0.000925639 0.00494181 0.00688814
0 0.000674701 0.00430059 0.00600379
0 0.000406125 0.00361178 0.00504705
0 0.000125132 0.00288714 0.00402927
0 -0.000164622 0.00213644 0.00296099
0 -0.000461563 0.00136643 0.00185156
0 -0.000765305 0.000581477 0.000709867
0 -0.00107442 -0.000214214 -0.000453814
0 -0.00138516 -0.00101437 -0.00162632
0 -0.00169178 -0.00181026 -0.00279242
0 -0.00198767 -0.00259278 -0.00393703
0 -0.00226928 -0.00335445 -0.00504844
0 -0.0025398 -0.00409083 -0.0061198
0 -0.00280571 -0.0048007 -0.00714776
0 -0.00306891 -0.00548146 -0.00812863
0 -0.00332554 -0.00612542 -0.00905364
0 -0.00356947 -0.0067225 -0.00991162
0 -0.00379391 -0.0072652 -0.0106925
0 -0.00399323 -0.00774969 -0.0113871
0 -0.0041641 -0.00817327 -0.0119886
0 -0.00430594 -0.00853373 -0.0124943
0 -0.00442164 -0.00883012 -0.012904
0 -0.00451521 -0.00906262 -0.013219
0 -0.00458859 -0.00923206 -0.013441
0 -0.00464174 -0.00933936 -0.0135719
0 -0.00467419 -0.0093852 -0.0136138
0 -0.00468547 -0.00937079 -0.0135694
0 -0.00467491 -0.00929922 -0.0134426
0 -0.0046422 -0.00917524 -0.0132388
0 -0.00458825 -0.00900351 -0.0129651
0 -0.00451491 -0.00878838 -0.0126292
0 -0.00442423 -0.00853474 -0.0122395
0 -0.00431844 -0.00824786 -0.0118047
0 -0.0042002 -0.00793307 -0.0113339
0 -0.00407238 -0.00759576 -0.0108357
0 -0.00393778 -0.00724163 -0.0103183
0 -0.00379912 -0.0068767 -0.00978927
0 -0.00365909 -0.00650722 -0.00925687
0 -0.00352037 -0.00614024 -0.00872805
0 -0.00338593 -0.00578264 -0.00820825
0 -0.00325843 -0.00543969 -0.00770424
0 -0.00313945 -0.00511649 -0.00722403
0 -0.00302976 -0.00481833 -0.00677401
0 -0.00293092 -0.00454835 -0.00635887
0 -0.00284562 -0.0043089 -0.0059835
0 -0.00277546 -0.00410257 -0.00565457
0 -0.00271894 -0.00392994 -0.00537738
0 -0.00267276 -0.00378977 -0.00515247
0 -0.00263435 -0.00368032 -0.00497899
0 -0.00260174 -0.00359916 -0.00485693
0 -0.00257294 -0.00354346 -0.00478489
0 -0.00254712 -0.00351104 -0.00476005
0 -0.00252523 -0.0035004 -0.00477968
0 -0.00250895 -0.00351028 -0.00484055
0 -0.00249961 -0.00353956 -0.00493798
0 -0.00249754 -0.00358679 -0.00506574
0 -0.0025017 -0.00364925 -0.00521607
0 -0.00250992 -0.00372285 -0.00538028
0 -0.00252012 -0.00380321 -0.00554962
0 -0.00253209 -0.00388732 -0.0057169
0 -0.00254819 -0.00397449 -0.00587854
0 -0.00257208 -0.00406571 -0.00603378
0 -0.00260623 -0.00416168 -0.00618218
0 -0.00265056 -0.00426191 -0.00632261
0 -0.00270289 -0.00436525 -0.00645349
0 -0.00276015 -0.0044702 -0.00657358
0 -0.00281911 -0.00457519 -0.00668288
0 -0.00287663 -0.00467857 -0.00678239
0 -0.00292997 -0.00477825 -0.00687352
0 -0.00297788 -0.00487213 -0.0069585
0 -0.00302102 -0.0049594 -0.00704108
0 -0.00306136 -0.00504108 -0.00712593
0 -0.00310134 -0.00511953 -0.00721743
0 -0.00314301 -0.00519769 -0.00731912
0 -0.00318691 -0.00527825 -0.00743308
0 -0.00323153 -0.00536305 -0.00755902
0 -0.00327416 -0.00545275 -0.0076947
0 -0.00331243 -0.00554681 -0.00783736
0 -0.00334507 -0.00564378 -0.00798452
0 -0.00337193 -0.00574163 -0.00813409
0 -0.00339438 -0.0058383 -0.00828433
0 -0.00341534 -0.00593219 -0.0084341
0 -0.00343823 -0.00602278 -0.00858306
0 -0.00346623 -0.00611094 -0.00873133
0 -0.00350162 -0.00619877 -0.0088788
0 -0.00354522 -0.00628915 -0.0090249
0 -0.00359639 -0.00638497 -0.00916881
0 -0.00365302 -0.00648798 -0.00930939
0 -0.00371157 -0.00659799 -0.0094451
0 -0.0037682 -0.0067128 -0.00957456
0 -0.00382007 -0.00682882 -0.00969717
0 -0.00386582 -0.00694163 -0.0098132
0 -0.00390503 -0.00704633 -0.00992338
0 -0.00393757 -0.00713812 -0.0100281
0 -0.00396306 -0.00721299 -0.0101267
0 -0.00398076 -0.00726802 -0.0102173
0 -0.00398942 -0.00730164 -0.0102967
0 -0.0039873 -0.00731355 -0.0103609
0 -0.00397298 -0.00730452 -0.0104052
0 -0.00394675 -0.00727636 -0.0104248
0 -0.00391134 -0.00723219 -0.0104171
0 -0.00387133 -0.00717609 -0.0103822
0 -0.00383176 -0.00711208 -0.0103216
0 -0.00379631 -0.00704278 -0.0102366
0 -0.0037658 -0.00696842 -0.0101273
0 -0.0037383 -0.0068871 -0.00999308
0 -0.00371045 -0.006796 -0.00983376
0 -0.00367908 -0.00669259 -0.00965016
0 -0.00364255 -0.00657591 -0.00944522
0 -0.00360146 -0.00644727 -0.0092245
0 -0.00355798 -0.00630967 -0.00899428
0 -0.00351447 -0.00616688 -0.00876054
0 -0.00347238 -0.00602299 -0.00852932
0 -0.0034319 -0.00588173 -0.00830587
0 -0.00339231 -0.0057461 -0.00809385
0 -0.00335214 -0.00561803 -0.00789535
0 -0.00330947 -0.00549771 -0.00771112
0 -0.00326306 -0.00538452 -0.00754161
0 -0.00321317 -0.00527781 -0.00738767
0 -0.00316134 -0.00517695 -0.0072503
0 -0.00311045 -0.00508227 -0.00713077
0 -0.00306463 -0.00499581 -0.00703082
0 -0.00302796 -0.0049208 -0.00695227
0 -0.00300345 -0.00486132 -0.00689647
0 -0.00299277 -0.0048219 -0.00686426
0 -0.00299618 -0.00480669 -0.00685601
0 -0.00301216 -0.00481814 -0.00687118
0 -0.00303712 -0.0048555 -0.00690783
0 -0.0030662 -0.00491465 -0.00696287
0 -0.00309486 -0.00498916 -0.00703315
0 -0.00312029 -0.00507184 -0.00711635
0 -0.00314192 -0.00515607 -0.00721129
0 -0.00316129 -0.00523733 -0.00731791
0 -0.00318128 -0.00531397 -0.00743675
0 -0.00320461 -0.00538644 -0.0075681
0 -0.00323256 -0.00545694 -0.00771088
0 -0.00326466 -0.00552878 -0.00786199
0 -0.00329876 -0.00560467 -0.00801746
0 -0.00333146 -0.00568562 -0.00817208
0 -0.00335932 -0.00577064 -0.00831903
0 -0.00338038 -0.00585681 -0.00845322
0 -0.00339469 -0.00593988 -0.00857223
0 -0.00340412 -0.00601538 -0.00867465
0 -0.00341196 -0.00607967 -0.00876048
0 -0.00342207 -0.00613099 -0.00883133
0 -0.00343726 -0.00616949 -0.0088887
0 -0.00345815 -0.00619639 -0.00893318
0 -0.00348316 -0.00621412 -0.00896457
0 -0.0035094 -0.00622622 -0.00898251
0 -0.00353387 -0.00623625 -0.00898725
0 -0.00355423 -0.00624679 -0.00897996
0 -0.00356933 -0.0062591 -0.00896282
0 -0.00357943 -0.00627303 -0.00893908
0 -0.00358606 -0.00628745 -0.00891283
0 -0.00359108 -0.00630044 -0.0088881
0 -0.00359514 -0.00630893 -0.00886731
0 -0.00359658 -0.00630882 -0.00885018
0 -0.00359172 -0.0062958 -0.00883378
0 -0.00357644 -0.0062663 -0.0088137
0 -0.00354793 -0.00621835 -0.00878537
0 -0.00350575 -0.00615213 -0.00874506
0 -0.00345189 -0.00606961 -0.00869021
0 -0.00338987 -0.00597357 -0.00861882
0 -0.00332358 -0.00586663 -0.00852901
0 -0.00325666 -0.00575103 -0.0084191
0 -0.00319238 -0.00562893 -0.00828796
0 -0.0031336 -0.00550277 -0.00813561
0 -0.00308305 -0.0053757 -0.00796362
0 -0.0030428 -0.00525155 -0.00777529
0 -0.00301364 -0.00513422 -0.00757506
0 -0.00299432 -0.00502578 -0.00736713
0 -0.00298097 -0.00492559 -0.00715505
0 -0.0029681 -0.00483111 -0.00694179
0 -0.00295067 -0.00473834 -0.00673003
0 -0.00292552 -0.00464302 -0.00652291
0 -0.00289244 -0.00454303 -0.0063245
0 -0.00285462 -0.0044397 -0.00614174
0 -0.00281725 -0.00433726 -0.00598333
0 -0.00278485 -0.00424109 -0.00585509
0 -0.00275918 -0.0041564 -0.00575906
0 -0.00273988 -0.00408803 -0.00569543
0 -0.00272611 -0.00404067 -0.00566367
0 -0.00271717 -0.00401839 -0.00566257
0 -0.00271301 -0.00402309 -0.00569011
0 -0.00271376 -0.00405364 -0.00574388
0 -0.00271935 -0.00410647 -0.00582127
0 -0.00273031 -0.00417695 -0.00591972
0 -0.00274791 -0.0042603 -0.00603715
0 -0.0027734 -0.00435247 -0.00617166
0 -0.00280724 -0.00445068 -0.00632117
0 -0.00284876 -0.00455345 -0.00648326
0 -0.00289619 -0.00466052 -0.00665508
0 -0.00294723 -0.0047724 -0.00683356
0 -0.00299948 -0.00488943 -0.00701585
0 -0.00305072 -0.00501148 -0.00719916
0 -0.00309909 -0.00513765 -0.00738052
0 -0.00314372 -0.00526566 -0.00755774
0 -0.00318495 -0.00539217 -0.00772962
0 -0.00322367 -0.00551361 -0.007895
0 -0.00326063 -0.00562673 -0.00805275
0 -0.00329597 -0.00572891 -0.00820142
0 -0.0033291 -0.00581818 -0.0083389
0 -0.00335892 -0.00589326 -0.00846262
0 -0.00338393 -0.00595375 -0.00856981
0 -0.0034023 -0.00599988 -0.00865768
0 -0.00341317 -0.00603246 -0.00872423
0 -0.00341766 -0.00605334 -0.00876915
0 -0.00341837 -0.00606517 -0.00879387
0 -0.00341803 -0.00607009 -0.00880043
0 -0.00341788 -0.00606854 -0.00879004
0 -0.00341701 -0.00605919 -0.00876253
0 -0.00341313 -0.0060396 -0.00871699
0 -0.00340384 -0.00600725 -0.00865265
0 -0.00338714 -0.0059599 -0.00856918
0 -0.00336147 -0.00589537 -0.00846637
0 -0.00332555 -0.00581165 -0.00834378
0 -0.0032785 -0.00570722 -0.00820065
0 -0.00322008 -0.00558125 -0.00803636
0 -0.00315177 -0.00543473 -0.00785135
0 -0.00307727 -0.00527105 -0.00764763
0 -0.00300106 -0.00509531 -0.00742841
0 -0.00292704 -0.00491365 -0.00719716
0 -0.00285839 -0.00473257 -0.00695714
0 -0.00279758 -0.00455803 -0.00671166
0 -0.00274628 -0.00439517 -0.00646484
0 -0.00270524 -0.00424839 -0.00622209
0 -0.00267434 -0.00412123 -0.00598923
0 -0.00265334 -0.00401584 -0.00577185
0 -0.00264228 -0.00393296 -0.0055767
0 -0.00264104 -0.00387277 -0.0054118
0 -0.00264911 -0.00383563 -0.00528445
0 -0.00266555 -0.00382166 -0.00519992
0 -0.00268839 -0.00382995 -0.00516177
0 -0.00271438 -0.00385877 -0.00517184
0 -0.0027401 -0.00390625 -0.00522946
0 -0.00276325 -0.0039707 -0.00533218
0 -0.00278304 -0.00405071 -0.00547684
0 -0.00280004 -0.00414501 -0.00565935
0 -0.00281593 -0.00425226 -0.00587449
0 -0.00283316 -0.0043711 -0.00611645
0 -0.00285455 -0.00450063 -0.00637893
0 -0.00288275 -0.00464059 -0.0066552
0 -0.00291984 -0.00479071 -0.00693933
0 -0.00296755 -0.00495075 -0.0072264
0 -0.00302679 -0.00512101 -0.00751168
0 -0.00309698 -0.0053011 -0.00779053
0 -0.00317687 -0.00549009 -0.00805883
0 -0.00326588 -0.00568765 -0.00831545
0 -0.00336388 -0.00589349 -0.00856254
0 -0.0034699 -0.00610662 -0.00880284
0 -0.00358218 -0.00632583 -0.00903929
0 -0.0036986 -0.006549 -0.00927527
0 -0.00381577 -0.00677239 -0.00951338
0 -0.00392837 -0.00699144 -0.00975477
0 -0.00403121 -0.00720183 -0.00999964
0 -0.0041213 -0.00739977 -0.0102476
0 -0.00419694 -0.00758226 -0.0104974
0 -0.00425663 -0.00774691 -0.0107468
0 -0.00429966 -0.00789164 -0.0109919
0 -0.00432698 -0.00801506 -0.0112278
0 -0.00434073 -0.00811685 -0.011448
0 -0.00434328 -0.00819718 -0.0116457
0 -0.00433704 -0.0082562 -0.0118143
0 -0.00432489 -0.00829473 -0.011948
0 -0.0043102 -0.00831452 -0.0120417
0 -0.00429612 -0.00831763 -0.012092
0 -0.00428479 -0.00830581 -0.0120971
0 -0.0042771 -0.00828022 -0.0120574
0 -0.00427261 -0.00824129 -0.011974
0 -0.00426922 -0.00818833 -0.0118491
0 -0.00426318 -0.00811926 -0.0116857
0 -0.00424979 -0.00803089 -0.0114873
0 -0.00422467 -0.00791974 -0.0112576
0 -0.00418481 -0.00778326 -0.0110013
0 -0.00412917 -0.00762069 -0.0107239
0 -0.00405837 -0.00743283 -0.0104311
0 -0.00397392 -0.00722159 -0.0101283
0 -0.00387763 -0.00699008 -0.00981912
0 -0.00377153 -0.00674253 -0.00950463
0 -0.00365769 -0.00648372 -0.00918562
0 -0.00353863 -0.00621874 -0.00886322
0 -0.00341766 -0.00595252 -0.00853778
0 -0.0032976 -0.00568852 -0.00820849
0 -0.00317931 -0.00542808 -0.00787397
0 -0.00306221 -0.00517106 -0.0075327
0 -0.00294632 -0.00491636 -0.00718382
0 -0.00283274 -0.00466255 -0.00682724
0 -0.00272259 -0.00440806 -0.006463
0 -0.00261646 -0.00415139 -0.00609189
0 -0.00251378 -0.00389206 -0.00571516
0 -0.00241316 -0.00363028 -0.00533363
0 -0.00231406 -0.00336603 -0.00494894
0 -0.0022158 -0.00309972 -0.00456361
0 -0.00211608 -0.00283273 -0.00417924
0 -0.00201292 -0.00256629 -0.00379661
0 -0.00190626 -0.00230096 -0.00341761
0 -0.00179702 -0.00203717 -0.00304482
0 -0.00168635 -0.00177583 -0.00268034
0 -0.00157575 -0.00151813 -0.00232607
0 -0.00146703 -0.00126528 -0.00198379
0 -0.00136196 -0.00101868 -0.00165476
0 -0.00126193 -0.00078013 -0.00133975
0 -0.00116776 -0.000551902 -0.00103948
0 -0.00108046 -0.000336966 -0.000755254
0 -0.00100165 -0.000138829 -0.000488978
0 -0.000932981 3.90692e-05 -0.000242934
0 -0.00087555 0.000193871 -1.96804e-05
0 -0.000830118 0.000323399 0.00017791
0 -0.000797285 0.000426064 0.000346673
0 -0.000777441 0.000500784 0.000483189
0 -0.000770676 0.000546875 0.000583893
0 -0.00077674 0.000563925 0.000645304
0 -0.000795055 0.000551697 0.000664286
0 -0.000824781 0.000510057 0.000638204
0 -0.000864974 0.000438916 0.000565014
0 -0.000914764 0.000338235 0.000443372
0 -0.000973448 0.000208063 0.000272703
0 -0.0010406 4.852e-05 5.31707e-05
0 -0.00111616 -0.000140148 -0.000214358
0 -0.00120043 -0.000357499 -0.000528324
0 -0.001294 -0.000602918 -0.000886547
0 -0.00139756 -0.000875664 -0.00128631
0 -0.00151177 -0.00117475 -0.00172435
0 -0.00163671 -0.00149862 -0.00219665
0 -0.00177136 -0.00184491 -0.00269848
0 -0.00191408 -0.00221052 -0.0032247
0 -0.0020634 -0.00259201 -0.00377003
0 -0.00221796 -0.00298601 -0.00432937
0 -0.00237632 -0.00338918 -0.00489797
0 -0.00253745 -0.00379735 -0.00547179
0 -0.00270049 -0.00420621 -0.00604706
0 -0.00286454 -0.00461316 -0.0066198
0 -0.00302903 -0.00501699 -0.00718769
0 -0.00319311 -0.00541653 -0.00774996
0 -0.00335666 -0.00581037 -0.00830565
0 -0.00351946 -0.00619695 -0.00885225
0 -0.00367916 -0.0065746 -0.00938471
0 -0.00383205 -0.00693996 -0.009898
0 -0.0039729 -0.00728684 -0.0103873
0 -0.00409596 -0.00760814 -0.010845
0 -0.00419831 -0.00789741 -0.0112628
0 -0.00427995 -0.00814832 -0.0116344
0 -0.0043413 -0.00835521 -0.0119555
0 -0.00438354 -0.00851507 -0.0122219
0 -0.0044102 -0.00862805 -0.0124302
0 -0.00442576 -0.00869648 -0.0125779
0 -0.00443297 -0.00872413 -0.012664
0 -0.00443253 -0.00871554 -0.0126873
0 -0.00442437 -0.00867524 -0.0126468
0 -0.00440845 -0.00860717 -0.0125437
0 -0.00438488 -0.00851463 -0.0123822
0 -0.00435387 -0.00839998 -0.0121678
0 -0.0043158 -0.00826451 -0.0119078
0 -0.00427123 -0.00810884 -0.011611
0 -0.00422071 -0.0079336 -0.0112869
0 -0.00416439 -0.00774003 -0.0109443
0 -0.00410183 -0.00753013 -0.0105911
0 -0.00403204 -0.00730648 -0.0102343
0 -0.00395397 -0.00707211 -0.00988001
0 -0.00386698 -0.00683066 -0.00953188
0 -0.00377108 -0.00658609 -0.00919178
0 -0.00366732 -0.00634207 -0.00886235
0 -0.00355851 -0.00610156 -0.00854653
0 -0.00344863 -0.00586739 -0.00824607
0 -0.00334151 -0.0056427 -0.00796202
0 -0.00324067 -0.00543012 -0.00769539
0 -0.00314944 -0.00523214 -0.00744715
0 -0.00307052 -0.00505183 -0.00721828
0 -0.00300566 -0.00489225 -0.00700949
0 -0.00295541 -0.00475606 -0.00682151
0 -0.00291935 -0.00464497 -0.00665546
0 -0.00289611 -0.00455956 -0.00651224
0 -0.00288329 -0.0044993 -0.00639234
0 -0.0028783 -0.00446229 -0.00629688
0 -0.00287942 -0.00444591 -0.00622769
0 -0.00288572 -0.00444729 -0.00618652
0 -0.002896 -0.00446317 -0.00617455
0 -0.00290865 -0.00449028 -0.00619206
0 -0.00292202 -0.00452561 -0.00623798
0 -0.00293443 -0.00456642 -0.00630953
0 -0.00294416 -0.00461055 -0.00640279
0 -0.00294994 -0.00465681 -0.00651346
0 -0.00295122 -0.00470419 -0.00663658
0 -0.00294826 -0.00475154 -0.00676616
0 -0.00294224 -0.00479809 -0.0068966
0 -0.00293559 -0.0048438 -0.00702422
0 -0.00293168 -0.00488956 -0.00714603
0 -0.00293395 -0.00493681 -0.00725899
0 -0.00294495 -0.00498661 -0.00736124
0 -0.00296578 -0.00503976 -0.00745165
0 -0.0029962 -0.00509718 -0.00752909
0 -0.00303508 -0.00515958 -0.00759386
0 -0.00308063 -0.00522724 -0.00764769
0 -0.00313069 -0.00529978 -0.00769291
0 -0.00318308 -0.00537622 -0.00773298
0 -0.00323604 -0.00545539 -0.0077723
0 -0.00328837 -0.00553615 -0.00781599
0 -0.00333943 -0.00561756 -0.00786871
0 -0.0033885 -0.00569887 -0.00793366
0 -0.00343448 -0.00577982 -0.00801396
0 -0.00347668 -0.00586073 -0.00811219
0 -0.00351526 -0.0059426 -0.00822903
0 -0.00355044 -0.00602686 -0.00836429
0 -0.00358212 -0.00611515 -0.00851732
0 -0.00361111 -0.00620898 -0.00868651
0 -0.0036392 -0.00630949 -0.00886933
0 -0.00366821 -0.00641725 -0.00906257
0 -0.00370003 -0.0065326 -0.00926333
0 -0.00373658 -0.0066558 -0.00946923
0 -0.0037795 -0.00678653 -0.0096779
0 -0.00382982 -0.006924 -0.00988716
0 -0.0038875 -0.00706713 -0.0100948
0 -0.00395125 -0.00721441 -0.010298
0 -0.00401902 -0.00736394 -0.0104946
0 -0.00408865 -0.00751358 -0.0106831
0 -0.00415795 -0.00766092 -0.0108626
0 -0.00422462 -0.00780342 -0.0110329
0 -0.00428667 -0.00793843 -0.0111935
0 -0.00434263 -0.00806321 -0.0113443
0 -0.00439124 -0.00817517 -0.011485
0 -0.00443138 -0.00827217 -0.0116147
0 -0.00446222 -0.00835264 -0.0117322
0 -0.00448332 -0.00841555 -0.0118357
0 -0.00449451 -0.00846032 -0.011923
0 -0.00449588 -0.0084868 -0.0119914
0 -0.00448781 -0.00849509 -0.0120381
0 -0.00447092 -0.00848535 -0.0120602
0 -0.00444592 -0.00845752 -0.0120551
0 -0.00441362 -0.00841132 -0.01202
0 -0.0043748 -0.00834631 -0.0119526
0 -0.00433026 -0.00826209 -0.011852
0 -0.00428065 -0.00815839 -0.0117176
0 -0.00422628 -0.00803502 -0.0115491
0 -0.00416704 -0.00789195 -0.0113472
0 -0.00410242 -0.0077293 -0.0111131
0 -0.0040317 -0.00754756 -0.0108483
0 -0.00395421 -0.00734749 -0.0105546
0 -0.00386955 -0.00713002 -0.0102347
0 -0.00377772 -0.00689606 -0.00989184
0 -0.00367876 -0.00664681 -0.00952928
0 -0.00357291 -0.00638386 -0.00915046
0 -0.00346124 -0.00610901 -0.00875789
0 -0.00334539 -0.00582404 -0.00835348
0 -0.00322622 -0.00553057 -0.00793997
0 -0.00310408 -0.0052306 -0.00752071
0 -0.00297971 -0.00492697 -0.00709822
0 -0.00285446 -0.00462247 -0.00667403
0 -0.00273046 -0.00431881 -0.00625014
0 -0.00260947 -0.00401793 -0.00582878
0 -0.00249118 -0.00372249 -0.00541174
0 -0.00237544 -0.00343392 -0.00500142
0 -0.00226383 -0.00315278 -0.00460077
0 -0.00215676 -0.00288052 -0.00421183
0 -0.00205309 -0.00261856 -0.0038358
0 -0.00195259 -0.00236719 -0.0034748
0 -0.00185577 -0.00212615 -0.00313093
0 -0.00176242 -0.00189541 -0.00280496
0 -0.0016717 -0.00167495 -0.00249732
0 -0.00158321 -0.00146464 -0.00220846
0 -0.00149746 -0.0012648 -0.00193894
0 -0.00141613 -0.00107678 -0.0016897
0 -0.00134153 -0.00090296 -0.0014623
0 -0.00127574 -0.000746279 -0.00125856
0 -0.00122039 -0.000609719 -0.00108007
0 -0.00117676 -0.000495881 -0.000928016
0 -0.00114551 -0.000406902 -0.000803532
0 -0.00112633 -0.000344205 -0.00070766
0 -0.00111812 -0.000308027 -0.000641061
0 -0.00111951 -0.000297319 -0.000604059
0 -0.0011292 -0.00031021 -0.000596998
0 -0.00114611 -0.000344543 -0.000620385
0 -0.00116965 -0.000398296 -0.000674841
0 -0.00119989 -0.000470043 -0.000761088
0 -0.00123743 -0.000559308 -0.000879849
0 -0.00128286 -0.00066646 -0.00103148
0 -0.00133638 -0.000792318 -0.00121561
0 -0.00139774 -0.000937812 -0.00143109
0 -0.00146653 -0.00110379 -0.00167623
0 -0.00154241 -0.00129084 -0.00194918
0 -0.00162523 -0.00149893 -0.00224795
0 -0.00171467 -0.00172704 -0.00257038
0 -0.00181019 -0.00197299 -0.00291396
0 -0.00191128 -0.00223382 -0.00327603
0 -0.00201748 -0.0025063 -0.00365393
0 -0.00212823 -0.00278735 -0.00404505
0 -0.00224276 -0.00307439 -0.00444667
0 -0.00236007 -0.00336527 -0.00485601
0 -0.00247931 -0.00365792 -0.00527055
0 -0.00259995 -0.00395105 -0.00568824
0 -0.00272129 -0.00424453 -0.00610703
0 -0.00284286 -0.00453854 -0.00652479
0 -0.0029643 -0.00483251 -0.00693995
0 -0.00308446 -0.00512515 -0.00735137
0 -0.00320236 -0.0054153 -0.00775754
0 -0.00331795 -0.00570124 -0.00815686
0 -0.00343117 -0.00598072 -0.00854761
0 -0.00354146 -0.00625198 -0.00892726
0 -0.00364813 -0.00651332 -0.00929392
0 -0.00375063 -0.00676276 -0.00964628
0 -0.00384789 -0.0069989 -0.00998246
0 -0.00393916 -0.00722122 -0.0103006
0 -0.00402463 -0.00742934 -0.010599
0 -0.00410464 -0.00762264 -0.0108756
0 -0.00417884 -0.00780084 -0.0111286
0 -0.00424662 -0.00796381 -0.0113571
0 -0.00430788 -0.00811094 -0.0115602
0 -0.00436286 -0.00824129 -0.0117372
0 -0.00441142 -0.00835411 -0.0118874
0 -0.00445298 -0.0084488 -0.012011
0 -0.00448698 -0.00852464 -0.0121078
0 -0.00451311 -0.00858098 -0.0121778
0 -0.00453104 -0.00861733 -0.012221
0 -0.00454011 -0.00863336 -0.0122379
0 -0.00453963 -0.00862883 -0.0122285
0 -0.0045292 -0.00860356 -0.0121928
0 -0.00450876 -0.00855756 -0.012131
0 -0.00447851 -0.00849106 -0.0120434
0 -0.00443881 -0.00840452 -0.0119305
0 -0.00439035 -0.00829863 -0.0117927
0 -0.00433395 -0.00817423 -0.0116305
0 -0.00427054 -0.00803236 -0.0114445
0 -0.00420101 -0.0078743 -0.0112355
0 -0.00412621 -0.00770153 -0.0110043
0 -0.00404693 -0.00751564 -0.0107522
0 -0.00396388 -0.00731822 -0.0104807
0 -0.00387781 -0.00711065 -0.0101913
0 -0.00378937 -0.00689439 -0.00988622
0 -0.00369903 -0.006671 -0.00956794
0 -0.00360714 -0.00644209 -0.00923922
0 -0.00351461 -0.0062093 -0.00890239
0 -0.0034225 -0.00597422 -0.00855948
0 -0.00333102 -0.0057381 -0.00821336
0 -0.0032401 -0.00550222 -0.00786735
0 -0.00314992 -0.00526834 -0.0075245
0 -0.0030608 -0.00503823 -0.0071873
0 -0.00297298 -0.00481314 -0.00685818
0 -0.00288681 -0.00459396 -0.00653961
0 -0.00280335 -0.00438194 -0.00623337
0 -0.00272371 -0.00417902 -0.00594131
0 -0.00264774 -0.00398656 -0.00566581
0 -0.0025749 -0.00380494 -0.00540866
0 -0.00250623 -0.00363529 -0.00517122
0 -0.00244337 -0.00347951 -0.00495501
0 -0.00238671 -0.00333893 -0.00476098
0 -0.00233597 -0.00321431 -0.00459
0 -0.00229162 -0.00310647 -0.00444297
0 -0.00225467 -0.00301637 -0.00432043
0 -0.00222558 -0.00294484 -0.00422277
0 -0.00220428 -0.00289238 -0.00415035
0 -0.00219082 -0.00285905 -0.00410334
0 -0.00218534 -0.00284477 -0.00408177
0 -0.00218787 -0.00284945 -0.00408563
0 -0.00219822 -0.00287286 -0.00411479
0 -0.00221597 -0.00291438 -0.0041689
0 -0.00224066 -0.00297316 -0.00424746
0 -0.00227185 -0.0030484 -0.00434978
0 -0.00230906 -0.00313931 -0.00447498
0 -0.00235169 -0.00324492 -0.00462199
0 -0.00239915 -0.00336405 -0.0047895
0 -0.0024509 -0.00349547 -0.00497597
0 -0.00250653 -0.00363805 -0.00517973
0 -0.00256572 -0.00379058 -0.00539905
0 -0.0026281 -0.00395168 -0.00563208
0 -0.00269313 -0.00411991 -0.00587667
0 -0.00276026 -0.00429387 -0.00613056
0 -0.0028293 -0.00447242 -0.00639153
0 -0.00290029 -0.00465459 -0.00665728
0 -0.00297251 -0.00483883 -0.00692565
0 -0.00304485 -0.00502353 -0.00719485
0 -0.00311675 -0.00520751 -0.00746278
0 -0.00318778 -0.00538963 -0.00772681
0 -0.00325735 -0.00556832 -0.00798505
0 -0.00332536 -0.00574191 -0.00823593
0 -0.00339171 -0.00590928 -0.00847704
0 -0.00345543 -0.0060693 -0.00870633
0 -0.00351561 -0.00622053 -0.0089225
0 -0.00357195 -0.00636181 -0.00912407
0 -0.00362433 -0.00649235 -0.00930956
0 -0.00367245 -0.00661113 -0.00947788
0 -0.00371554 -0.00671711 -0.00962794
0 -0.0037529 -0.00680945 -0.00975886
0 -0.00378442 -0.00688754 -0.00986991
0 -0.00381019 -0.00695112 -0.0099602
0 -0.00382999 -0.0069999 -0.0100292
0 -0.00384351 -0.00703341 -0.0100767
0 -0.00385068 -0.00705139 -0.0101024
0 -0.0038516 -0.00705404 -0.0101061
0 -0.0038464 -0.00704156 -0.0100883
0 -0.00383513 -0.00701406 -0.0100493
0 -0.00381789 -0.00697179 -0.00998964
0 -0.00379489 -0.00691529 -0.00990985
0 -0.00376642 -0.0068452 -0.00981093
0 -0.00373278 -0.00676222 -0.00969388
0 -0.00369418 -0.00666715 -0.00955974
0 -0.00365093 -0.00656089 -0.00940959
0 -0.00360353 -0.00644435 -0.00924459
0 -0.00355265 -0.00631853 -0.00906608
0 -0.00349896 -0.00618466 -0.00887556
0 -0.0034429 -0.00604423 -0.00867463
0 -0.00338498 -0.00589846 -0.00846514
