0 -5.94822e-05
12.8181 0.004929
23.8004 0.00991904
31.4819 0.0149122
37.2283 0.0199073
41.9264 0.0249044
46.1272 0.0299016
49.786 0.0349004
52.0616 0.0399
54.183 0.0449
55.8545 0.0498999
57.4465 0.0549004
58.3792 0.0599022
58.9084 0.0649034
59.3481 0.0699045
59.9333 0.0749063
60.6314 0.0799074
61.3316 0.0849082
62.0254 0.0899086
62.7083 0.094909
63.3812 0.0999094
64.0502 0.10491
64.6584 0.109912
65.295 0.114913
65.9059 0.119914
66.487 0.124915
67.0554 0.129915
67.5973 0.134915
68.1076 0.139915
68.5918 0.144915
69.0579 0.149915
69.4951 0.154915
69.9042 0.159915
70.2697 0.164915
70.5956 0.169915
70.8871 0.174916
71.1653 0.179916
71.4338 0.184916
71.6903 0.189916
71.9275 0.194916
72.1376 0.199916
72.3115 0.204917
72.4453 0.209917
72.5513 0.214917
72.6289 0.219918
72.6825 0.224918
72.7233 0.229919
72.7615 0.23492
72.7941 0.23992
72.8179 0.244921
72.8304 0.249921
72.8349 0.254922
72.8346 0.259922
72.8303 0.264923
72.8196 0.269923
72.8038 0.274924
72.7866 0.279924
72.7679 0.284925
72.748 0.289925
72.7249 0.294926
72.6959 0.299926
72.651 0.304927
72.7754 0.309927
72.6243 0.314927
71.4338 0.31993
70.3422 0.324934
70.6868 0.329938
70.7563 0.334938
70.8427 0.339938
70.9464 0.344939
71.0216 0.349939
71.022 0.35494
71.0059 0.35994
