0.1 22.2049 22.2049 15.9158
0.2 44.4095 44.4095 31.8321
0.3 66.6139 66.6139 47.7488
0.4 88.8181 88.8181 63.6659
0.5 111.022 111.022 79.5835
0.6 133.226 133.226 95.5015
0.7 155.429 155.429 111.42
0.8 177.633 177.633 127.339
0.9 199.836 199.836 143.258
1 222.039 222.039 159.178
0 222.039 222.039 159.178
12.8181 213.436 213.446 176.371
23.8004 206.22 206.223 190.808
31.4819 200.976 201.739 200.541
37.2283 196.373 199.073 207.811
41.9264 192.47 196.897 213.878
46.1272 188.158 195.912 219.186
49.786 184.57 194.776 223.909
52.0616 181.679 194.87 226.706
54.183 178.9 195.48 228.875
55.8545 175.846 197.322 230.085
57.4465 173.633 198.061 231.57
58.3792 172.014 198.121 233.124
58.9084 171.389 198.533 233.333
59.3481 170.765 199.176 233.34
59.9333 169.79 199.96 233.505
60.6314 169.238 200.052 233.965
61.3316 168.775 200.091 234.389
62.0254 168.307 200.075 234.874
62.7083 167.527 200.367 235.362
63.3812 166.627 200.783 235.846
64.0502 166.388 200.541 236.326
64.6584 166.251 200.417 236.586
65.295 166.002 200.314 236.941
65.9059 165.545 200.406 237.305
66.487 164.904 200.701 237.65
67.0554 164.029 201.184 238.043
67.5973 162.889 201.95 238.416
68.1076 162.049 202.471 238.736
68.5918 161.265 202.967 239.024
69.0579 160.796 203.158 239.301
69.4951 160.394 203.304 239.557
69.9042 159.864 203.587 239.804
70.2697 159.189 204.022 240.044
70.5956 158.605 204.358 240.292
70.8871 158.339 204.404 240.512
71.1653 158.418 204.114 240.724
71.4338 158.806 203.526 240.923
71.6903 159.277 202.86 241.119
71.9275 159.974 201.971 241.312
72.1376 160.982 200.778 241.495
72.3115 162.272 199.316 241.699
72.4453 163.642 197.79 241.821
72.5513 164.874 196.414 241.964
72.6289 165.749 195.461 242.096
72.6825 166.324 194.714 242.218
72.7233 166.996 193.926 242.334
72.7615 167.704 193.107 242.444
72.7941 168.346 192.357 242.553
72.8179 168.961 191.632 242.662
72.8304 169.91 190.567 242.78
72.8349 171.022 189.336 242.898
72.8346 171.534 188.702 243.017
72.8303 171.582 188.536 243.137
72.8196 171.009 188.988 243.258
72.8038 170.363 189.516 243.38
72.7866 169.751 190.004 243.5
72.7679 169.198 190.438 243.619
72.748 168.974 190.544 243.736
72.7249 168.803 190.601 243.85
72.6959 168.688 190.606 243.954
72.651 168.635 190.563 243.899
72.7754 168.64 190.348 220.876
72.6243 168.744 190.203 228.534
71.4338 169.649 190.73 232.6
70.3422 169.822 190.863 242.649
70.6868 169.867 189.851 243.365
70.7563 170.487 189.037 243.726
70.8427 171.323 188.057 243.874
70.9464 172.385 186.84 244.03
71.0216 173.804 185.273 244.18
71.022 175.917 183.027 244.307
71.0059 179.334 179.474 244.435
