0 0.0235677 0.0231677 -0.0467353
12.8181 -9.73619 -9.69003 -8.04845
23.8004 -17.8558 -18.0206 -15.1318
31.4819 -23.1582 -23.8301 -20.4889
37.2283 -26.9702 -28.1775 -24.647
41.9264 -29.9986 -31.8252 -28.041
46.1272 -32.6829 -35.0223 -31.1637
49.786 -34.9507 -37.8862 -33.8742
52.0616 -35.692 -39.7056 -36.045
54.183 -36.3286 -41.5465 -38.2608
55.8545 -36.3063 -42.8577 -40.5545
57.4465 -36.4628 -44.1825 -42.487
58.3792 -36.5439 -45.1382 -43.4483
58.9084 -36.5465 -45.8224 -43.8953
59.3481 -36.4988 -46.4542 -44.2533
59.9333 -36.5225 -47.2038 -44.7347
60.6314 -36.6463 -47.9732 -45.338
61.3316 -36.7664 -48.7393 -45.9524
62.0254 -36.8834 -49.4942 -46.5676
62.7083 -36.9663 -50.2546 -47.188
63.3812 -37.0422 -51.0137 -47.7955
64.0502 -37.1885 -51.7185 -48.3781
64.6584 -37.3457 -52.3719 -48.8709
65.295 -37.5512 -53.0148 -49.3867
65.9059 -37.8167 -53.5891 -49.8569
66.487 -38.1344 -54.0937 -50.2801
67.0554 -38.4761 -54.5728 -50.6776
67.5973 -38.7573 -55.0714 -51.0594
68.1076 -39.0232 -55.5431 -51.4156
68.5918 -39.2868 -55.9948 -51.7381
69.0579 -39.5944 -56.4114 -52.0132
69.4951 -39.9792 -56.7595 -52.2164
69.9042 -40.4276 -57.0486 -52.3558
70.2697 -40.9033 -57.2798 -52.4324
70.5956 -41.4345 -57.4649 -52.4149
70.8871 -42.04 -57.5309 -52.3684
71.1653 -42.7221 -57.4456 -52.368
71.4338 -43.3859 -57.3654 -52.36
71.6903 -44.0409 -57.2755 -52.3444
71.9275 -44.6404 -57.2042 -52.3246
72.1376 -45.1606 -57.1642 -52.2947
72.3115 -45.6113 -57.1451 -52.2412
72.4453 -46.0361 -57.1 -52.143
72.5513 -46.4161 -57.0173 -52.0734
72.6289 -46.7016 -56.9362 -52.0404
72.6825 -46.898 -56.8491 -52.0405
72.7233 -47.0584 -56.7546 -52.0622
72.7615 -47.186 -56.6821 -52.0889
72.7941 -47.2766 -56.6255 -52.1248
72.8179 -47.3091 -56.5936 -52.1751
72.8304 -47.2725 -56.5872 -52.2452
72.8349 -47.1904 -56.5972 -52.3268
72.8346 -47.0723 -56.6265 -52.4149
72.8303 -46.9257 -56.6709 -52.5077
72.8196 -46.7369 -56.7368 -52.608
72.8038 -46.527 -56.8081 -52.713
72.7866 -46.3177 -56.8784 -52.8148
72.7679 -46.1105 -56.9479 -52.9122
72.748 -45.9144 -57.0117 -53.0019
72.7249 -45.721 -57.076 -53.0814
72.6959 -45.5321 -57.1431 -53.141
72.651 -45.3544 -57.2218 -53.1397
72.7754 -45.059 -57.1426 -52.6143
72.6243 -44.9567 -57.3088 -52.9689
71.4338 -45.1707 -57.7834 -49.4482
70.3422 -46.01 -58.9236 -45.841
70.6868 -45.8401 -58.9616 -46.7
70.7563 -45.5923 -58.8947 -47.1719
70.8427 -45.3383 -58.8067 -47.6991
70.9464 -45.0742 -58.6969 -48.2954
71.0216 -44.8373 -58.5923 -48.7974
71.022 -44.6681 -58.5123 -49.0479
71.0059 -44.5284 -58.3867 -49.2787
