0 -2.27887e-05
0.223169 7.68601e-05
0.446302 0.000176509
0.669397 0.000276157
0.892453 0.000375806
1.11547 0.000475454
1.33845 0.000575102
1.56139 0.00067475
1.78429 0.000774398
2.00716 0.000874045
2.22998 0.000973693
2.45277 0.00107334
2.67552 0.00117299
2.89822 0.00127263
3.12089 0.00137228
3.34353 0.00147193
3.56612 0.00157157
3.78867 0.00167122
4.01119 0.00177087
4.23366 0.00187051
4.4561 0.00197016
4.6785 0.00206981
4.90085 0.00216945
5.12317 0.0022691
5.34545 0.00236874
5.56769 0.00246839
5.78989 0.00256803
6.01206 0.00266768
6.23418 0.00276732
6.45626 0.00286697
6.67831 0.00296661
6.90031 0.00306626
7.12228 0.0031659
7.34335 0.00326555
7.56418 0.00336519
7.78408 0.00346484
8.00386 0.00356449
8.2236 0.00366413
8.44329 0.00376378
8.66235 0.00386343
8.8803 0.00396308
9.09715 0.00406273
9.30842 0.00416239
9.51828 0.00426205
9.72803 0.00436171
9.93774 0.00446137
10.1472 0.00456104
10.3564 0.0046607
10.5648 0.00476036
10.7724 0.00486003
10.9754 0.0049597
11.1774 0.00505938
11.3752 0.00515906
11.5723 0.00525875
11.7689 0.00535843
11.9654 0.00545812
12.1599 0.00555781
12.3504 0.0056575
12.5408 0.0057572
12.7311 0.00585689
12.9211 0.00595659
13.1098 0.00605629
13.2957 0.00615599
13.4816 0.00625569
13.667 0.0063554
13.8524 0.0064551
14.0374 0.00655481
14.2175 0.00665452
14.3974 0.00675423
14.5772 0.00685394
14.7567 0.00695366
14.9327 0.00705338
15.1077 0.0071531
15.2827 0.00725283
15.4577 0.00735255
15.6327 0.00745228
15.8076 0.007552
15.9825 0.00765172
16.1573 0.00775145
16.3317 0.00785117
16.5058 0.0079509
16.6778 0.00805063
16.8472 0.00815036
17.0128 0.0082501
17.1782 0.00834984
17.3436 0.00844958
17.509 0.00854932
17.6742 0.00864906
17.8392 0.0087488
18.0041 0.00884855
18.169 0.00894829
18.3337 0.00904805
18.4984 0.0091478
18.663 0.00924756
18.8274 0.00934732
18.9913 0.00944707
19.1524 0.00954684
19.3124 0.00964661
19.4724 0.00974639
19.6323 0.00984617
19.7922 0.00994595
19.9519 0.0100457
20.1114 0.0101455
20.269 0.0102453
20.4246 0.0103451
20.5803 0.0104449
20.7358 0.0105447
20.8913 0.0106444
21.0467 0.0107442
21.202 0.010844
21.3572 0.0109438
21.5119 0.0110436
21.6664 0.0111434
21.8207 0.0112432
21.9748 0.011343
22.1288 0.0114428
22.2827 0.0115426
22.4364 0.0116424
22.5899 0.0117423
22.7411 0.0118421
22.8902 0.0119421
23.0391 0.012042
23.1878 0.0121419
23.3356 0.0122418
23.4824 0.0123418
23.6292 0.0124417
23.7759 0.0125416
23.9225 0.0126415
24.0689 0.0127415
24.2153 0.0128414
24.3615 0.0129413
24.5076 0.0130412
24.6537 0.0131412
24.7997 0.0132411
24.9456 0.013341
25.0915 0.013441
25.2374 0.0135409
25.3825 0.0136408
25.5273 0.0137408
25.6719 0.0138407
25.8164 0.0139406
25.9606 0.0140406
26.1049 0.0141405
26.249 0.0142404
26.3932 0.0143404
26.5373 0.0144403
26.6799 0.0145403
26.8225 0.0146402
26.9643 0.0147401
27.1056 0.0148401
27.2467 0.01494
27.3877 0.01504
27.5286 0.0151399
27.6695 0.0152398
27.81 0.0153398
27.9504 0.0154397
28.0908 0.0155397
28.2298 0.0156396
28.3685 0.0157396
28.5071 0.0158396
28.6456 0.0159395
28.784 0.0160395
28.9222 0.0161395
29.0604 0.0162394
29.1976 0.0163395
29.3346 0.0164397
29.4716 0.0165398
29.6086 0.0166399
29.7455 0.0167401
29.8824 0.0168402
30.0192 0.0169403
30.1561 0.0170404
30.2927 0.0171406
30.4293 0.0172407
30.5658 0.0173408
30.7015 0.0174409
30.8369 0.0175411
30.9722 0.0176412
31.1073 0.0177413
31.2425 0.0178414
31.3762 0.0179416
31.5096 0.0180417
31.6428 0.0181418
31.7758 0.018242
31.9073 0.0183421
32.0377 0.0184423
32.168 0.0185425
32.2983 0.0186426
32.4286 0.0187428
32.5588 0.0188429
32.6879 0.0189431
32.8168 0.0190433
32.9457 0.0191434
33.0745 0.0192436
33.2033 0.0193437
33.332 0.0194439
33.4607 0.0195441
33.5891 0.0196442
33.7175 0.0197444
33.8459 0.0198446
33.9743 0.0199447
34.1026 0.0200449
34.2309 0.0201451
34.3591 0.0202452
34.4872 0.0203454
34.6153 0.0204455
34.7433 0.0205457
34.8713 0.0206459
34.9992 0.020746
35.127 0.0208462
35.2548 0.0209464
35.3826 0.0210465
35.5104 0.0211467
35.6381 0.0212469
35.7658 0.021347
35.893 0.0214472
36.0197 0.0215473
36.1462 0.0216475
36.2718 0.0217477
36.3967 0.0218478
36.5215 0.021948
36.6463 0.0220482
36.7711 0.0221483
36.8958 0.0222485
37.0204 0.0223487
37.145 0.0224488
37.2696 0.022549
37.3941 0.0226492
37.5185 0.0227493
37.6428 0.0228495
37.767 0.0229497
37.8912 0.0230499
38.0153 0.02315
38.1393 0.0232502
38.2633 0.0233504
38.3859 0.0234506
38.5076 0.023551
38.629 0.0236514
38.7504 0.0237518
38.8717 0.0238521
38.9931 0.0239525
39.1144 0.0240529
39.2356 0.0241533
39.3569 0.0242537
39.4781 0.0243541
39.5993 0.0244545
39.7204 0.0245549
39.8415 0.0246553
39.9626 0.0247557
40.0835 0.0248561
40.2044 0.0249564
40.3253 0.0250568
40.446 0.0251572
40.5667 0.0252576
40.6873 0.0253581
40.8078 0.0254585
40.9284 0.0255589
41.0488 0.0256593
41.1688 0.0257597
41.2882 0.0258602
41.4074 0.0259606
41.5266 0.0260611
41.6455 0.0261615
41.7643 0.0262619
41.883 0.0263624
42.0016 0.0264628
42.1189 0.0265633
42.236 0.0266637
42.3532 0.0267642
42.4703 0.0268647
42.5873 0.0269651
42.7042 0.0270656
42.8211 0.027166
42.9378 0.0272665
43.0545 0.027367
43.1709 0.0274674
43.2871 0.0275679
43.4032 0.0276684
43.5192 0.0277689
43.6351 0.0278693
43.7508 0.0279698
43.8665 0.0280703
43.982 0.0281707
44.0974 0.0282712
44.2125 0.0283717
44.3276 0.0284722
44.4424 0.0285726
44.557 0.0286731
44.6714 0.0287736
44.7856 0.028874
44.8995 0.0289745
45.0132 0.029075
45.1267 0.0291754
45.2397 0.0292759
45.3523 0.0293764
45.4646 0.0294768
45.5766 0.0295773
45.6881 0.0296778
45.7987 0.0297782
45.9088 0.0298787
46.0187 0.0299792
46.128 0.0300796
46.237 0.0301801
46.3458 0.0302805
46.4542 0.030381
46.5622 0.0304815
46.6696 0.0305819
46.7764 0.0306824
46.8825 0.0307828
46.988 0.0308833
47.0928 0.0309838
47.1971 0.0310842
47.301 0.0311847
47.4042 0.0312851
47.5066 0.0313856
47.6082 0.031486
47.7089 0.0315865
47.8089 0.031687
47.908 0.0317874
48.0063 0.0318879
48.1039 0.0319883
48.2007 0.0320888
48.2968 0.0321892
48.3923 0.0322897
48.4874 0.0323901
48.5822 0.0324906
48.6765 0.032591
48.7704 0.0326915
48.8637 0.032792
48.9566 0.0328924
49.0496 0.0329929
49.1422 0.0330933
49.2344 0.0331938
49.3302 0.0332942
49.426 0.0333947
49.5214 0.0334951
49.6165 0.0335956
49.7113 0.033696
49.8057 0.0337965
49.8997 0.033897
49.9934 0.0339974
50.0867 0.0340979
50.1796 0.0341984
50.272 0.0342989
50.3638 0.0343993
50.4544 0.0344998
50.5447 0.0346003
50.6345 0.0347007
50.7238 0.0348012
50.8126 0.0349017
50.9009 0.0350022
50.9883 0.0351027
51.075 0.0352033
51.1611 0.0353039
51.2465 0.0354045
51.3312 0.0355052
51.4152 0.0356058
51.4988 0.0357064
51.5816 0.035807
51.6637 0.0359076
51.7452 0.0360082
51.8258 0.0361089
51.9054 0.0362095
51.984 0.0363101
52.0615 0.0364107
52.1378 0.0365114
52.2133 0.036612
52.2878 0.0367126
52.3614 0.0368133
52.4341 0.0369139
52.5056 0.0370145
52.5759 0.0371152
52.645 0.0372158
52.713 0.0373165
52.7799 0.0374171
52.8416 0.0375178
52.901 0.0376184
52.9593 0.0377191
53.0168 0.0378197
53.0734 0.0379203
53.1304 0.038021
53.1888 0.0381217
53.2467 0.0382224
53.3037 0.038323
53.36 0.0384237
53.4156 0.0385244
53.4706 0.0386251
53.525 0.0387258
53.5793 0.0388265
53.6334 0.0389271
53.6872 0.0390278
53.7419 0.0391285
53.7989 0.0392292
53.8595 0.0393298
53.9199 0.0394305
53.98 0.0395312
54.0399 0.0396318
54.0996 0.0397325
54.159 0.0398332
54.2183 0.0399339
54.2773 0.0400345
54.336 0.0401352
54.3938 0.0402359
54.4511 0.0403366
54.5085 0.0404372
54.5656 0.0405379
54.6224 0.0406386
54.679 0.0407393
54.7354 0.0408399
54.7915 0.0409406
54.8473 0.0410413
54.9028 0.041142
54.9581 0.0412427
55.013 0.0413434
55.0675 0.041444
55.1214 0.0415447
55.1747 0.0416454
55.2277 0.0417461
55.2803 0.0418468
55.3327 0.0419475
55.385 0.0420482
55.437 0.0421489
55.4887 0.0422497
55.54 0.0423504
55.5909 0.0424511
55.6413 0.0425518
55.6909 0.0426526
55.7401 0.0427535
55.7887 0.0428543
55.8368 0.0429551
55.8846 0.043056
55.9322 0.0431569
55.9792 0.0432577
56.0256 0.0433586
56.0714 0.0434595
56.1167 0.0435604
56.1613 0.0436613
56.2055 0.0437622
56.2493 0.043863
56.2924 0.0439639
56.3317 0.0440648
56.3702 0.0441657
56.4082 0.0442667
56.4458 0.0443676
56.4834 0.0444685
56.5206 0.0445694
56.559 0.0446704
56.5992 0.0447713
56.6401 0.0448722
56.6791 0.0449731
56.7183 0.0450741
56.757 0.0451751
56.7954 0.0452761
56.8342 0.0453771
56.8728 0.0454781
56.9111 0.0455791
56.9514 0.0456801
56.9938 0.0457811
57.0361 0.045882
57.0776 0.045983
57.119 0.046084
57.1603 0.046185
57.2016 0.0462859
57.2428 0.0463869
57.2839 0.0464879
57.325 0.0465889
57.366 0.0466899
57.407 0.0467909
57.4479 0.0468919
57.4888 0.0469928
57.5296 0.0470938
57.5705 0.0471948
57.6113 0.0472958
57.6521 0.0473968
57.6929 0.0474978
57.7331 0.0475987
57.7734 0.0476997
57.8136 0.0478007
57.8537 0.0479017
57.8932 0.0480027
57.9326 0.0481037
57.9719 0.0482047
58.0112 0.0483058
58.0506 0.0484068
58.0899 0.0485078
58.1292 0.0486088
58.1685 0.0487098
58.2078 0.0488108
58.2471 0.0489118
58.2863 0.0490128
58.3256 0.0491138
58.3649 0.0492148
58.4041 0.0493159
58.4434 0.0494169
58.4826 0.0495179
58.5219 0.0496189
58.5611 0.0497199
58.6003 0.0498209
58.6395 0.0499219
58.6786 0.050023
58.7178 0.050124
58.757 0.050225
58.7961 0.0503261
58.8353 0.0504271
58.8744 0.0505281
58.9128 0.0506291
58.9468 0.0507304
58.9808 0.0508317
59.0148 0.0509331
59.0488 0.0510344
59.083 0.0511357
59.1174 0.051237
59.152 0.0513383
59.189 0.0514396
59.2273 0.0515408
59.2654 0.0516421
59.3039 0.0517434
59.3442 0.0518446
59.3845 0.0519459
59.4248 0.0520471
59.4651 0.0521484
59.5054 0.0522496
59.5458 0.0523509
59.5861 0.0524521
59.6263 0.0525534
59.6666 0.0526546
59.7068 0.0527559
59.7471 0.0528571
59.7874 0.0529584
59.8276 0.0530596
59.8679 0.0531609
59.9081 0.0532621
59.9483 0.0533634
59.9884 0.0534646
60.0283 0.0535659
60.0682 0.0536672
60.1081 0.0537685
60.1481 0.0538698
60.1879 0.0539711
60.228 0.0540724
60.2689 0.0541737
60.3098 0.054275
60.3507 0.0543763
60.3916 0.0544776
60.4325 0.0545789
60.4734 0.0546802
60.5143 0.0547815
60.5551 0.0548828
60.596 0.0549841
60.6369 0.0550854
60.6778 0.0551868
60.7186 0.0552881
60.7595 0.0553894
60.8004 0.0554907
60.8413 0.055592
60.8821 0.0556933
60.923 0.0557946
60.9638 0.0558959
61.0047 0.0559972
61.0455 0.0560985
61.0864 0.0561998
61.1272 0.0563011
61.1681 0.0564024
61.2089 0.0565037
61.2498 0.056605
61.2906 0.0567063
61.3314 0.0568076
61.3723 0.0569089
61.4131 0.0570102
61.4539 0.0571115
61.4947 0.0572128
61.5356 0.0573141
61.5764 0.0574154
61.6172 0.0575168
61.658 0.0576181
61.6988 0.0577194
61.7396 0.0578207
61.7804 0.057922
61.8212 0.0580233
61.862 0.0581246
61.9028 0.0582259
61.9436 0.0583272
61.9844 0.0584285
62.0252 0.0585298
62.0659 0.0586311
62.1067 0.0587324
62.1475 0.0588337
62.1882 0.058935
62.229 0.0590363
62.2698 0.0591376
62.3105 0.0592389
62.3514 0.0593402
62.3923 0.0594415
62.4332 0.0595428
62.4742 0.0596442
62.5159 0.0597455
62.5589 0.0598468
62.6027 0.059948
62.6466 0.0600493
62.6905 0.0601506
62.7344 0.0602519
62.7783 0.0603532
62.8222 0.0604545
62.8661 0.0605558
62.91 0.0606571
62.9539 0.0607584
62.9978 0.0608596
63.0417 0.0609609
63.0857 0.0610622
63.1296 0.0611635
63.1735 0.0612648
63.2174 0.0613661
63.2613 0.0614674
63.3052 0.0615687
63.3491 0.06167
63.3929 0.0617713
63.4368 0.0618726
63.4807 0.0619739
63.5245 0.0620752
63.5683 0.0621765
63.6122 0.0622778
63.656 0.0623791
63.6998 0.0624804
63.7435 0.0625817
63.7873 0.062683
63.831 0.0627843
63.8747 0.0628856
63.9184 0.0629869
63.962 0.0630882
64.0057 0.0631896
64.0493 0.0632909
64.093 0.0633922
64.1366 0.0634935
64.1802 0.0635948
64.2237 0.0636961
64.2673 0.0637975
64.3108 0.0638988
64.3543 0.0640001
64.3978 0.0641014
64.4413 0.0642028
64.4847 0.0643041
64.5281 0.0644054
64.5714 0.0645068
64.6148 0.0646081
64.6581 0.0647095
64.7014 0.0648108
64.7447 0.0649122
64.7879 0.0650135
64.8311 0.0651149
64.8743 0.0652162
64.9174 0.0653176
64.9605 0.065419
65.0036 0.0655203
65.0466 0.0656217
65.0896 0.0657231
65.1331 0.0658245
65.177 0.0659259
65.2209 0.0660273
65.2647 0.0661287
65.3086 0.06623
65.3524 0.0663315
65.3961 0.0664329
65.4398 0.0665343
65.4835 0.0666357
65.527 0.0667371
65.5705 0.0668386
65.6141 0.06694
65.6575 0.0670415
65.7009 0.067143
65.7442 0.0672444
65.7874 0.0673459
65.8306 0.0674474
65.8736 0.0675489
65.9165 0.0676505
65.9593 0.067752
66.002 0.0678535
66.0446 0.0679551
66.0871 0.0680567
66.1295 0.0681583
66.1717 0.0682599
66.2138 0.0683615
66.256 0.0684631
66.298 0.0685648
66.3399 0.0686664
66.3816 0.0687681
66.4232 0.0688698
66.4645 0.0689715
66.5057 0.0690733
66.5467 0.0691751
66.5874 0.0692769
66.628 0.0693787
66.6683 0.0694806
66.7083 0.0695825
66.7482 0.0696844
66.7881 0.0697863
66.8277 0.0698883
66.8671 0.0699902
66.9062 0.0700923
66.945 0.0701943
66.9835 0.0702964
67.0217 0.0703985
67.0596 0.0705007
67.0972 0.0706029
67.1345 0.0707052
67.1714 0.0708075
67.208 0.0709098
67.2442 0.0710122
67.2801 0.0711147
67.3157 0.0712172
67.351 0.0713197
67.3859 0.0714223
67.4206 0.0715249
67.455 0.0716276
67.4894 0.0717302
67.5236 0.0718329
67.5575 0.0719356
67.5911 0.0720384
67.6246 0.0721412
67.6578 0.072244
67.6907 0.0723468
67.7236 0.0724497
67.7567 0.0725525
67.7898 0.0726554
67.8228 0.0727583
67.8583 0.0728608
67.8941 0.0729633
67.9297 0.0730658
67.9654 0.0731683
68.0008 0.0732708
68.0362 0.0733733
68.0714 0.0734759
68.1065 0.0735784
68.1414 0.073681
68.1762 0.0737836
68.2103 0.0738863
68.244 0.0739889
68.2777 0.0740916
68.3112 0.0741944
68.3445 0.0742971
68.3778 0.0743998
68.4108 0.0745026
68.4436 0.0746054
68.4761 0.0747083
68.5087 0.0748111
68.5411 0.0749139
68.5733 0.0750167
68.6053 0.0751196
68.6371 0.0752225
68.6687 0.0753254
68.7 0.0754283
68.7311 0.0755312
68.7618 0.0756342
68.7923 0.0757372
68.8224 0.0758402
68.8525 0.0759433
68.8824 0.0760463
68.9119 0.0761494
68.941 0.0762526
68.9698 0.0763557
68.998 0.0764589
69.0257 0.0765622
69.0539 0.0766655
69.0814 0.0767688
69.1083 0.0768722
69.1348 0.0769757
69.1611 0.0770791
69.1867 0.0771827
69.2116 0.0772863
69.2356 0.07739
69.2587 0.0774937
69.2809 0.0775976
69.3021 0.0777015
69.3228 0.0778055
69.3426 0.0779096
69.3613 0.0780137
69.3789 0.078118
69.3957 0.0782223
69.412 0.0783267
69.4283 0.078431
69.4481 0.0785349
69.4677 0.0786388
69.4868 0.0787427
69.5051 0.0788467
69.5201 0.0789515
69.531 0.0790572
69.5413 0.0791629
69.5577 0.0792681
69.5753 0.079373
69.5927 0.079478
69.61 0.0795831
69.6271 0.0796881
69.6427 0.0797935
69.6583 0.0798988
69.6738 0.0800042
69.6891 0.0801096
69.7044 0.080215
69.7196 0.0803204
69.7347 0.0804258
69.7498 0.0805312
69.7648 0.0806367
69.7798 0.0807421
69.7947 0.0808475
69.8096 0.080953
69.8244 0.0810584
69.8392 0.0811638
69.854 0.0812693
69.8678 0.081375
69.8811 0.0814808
69.8944 0.0815866
69.9076 0.0816924
69.9208 0.0817982
69.9339 0.081904
69.9471 0.0820098
69.9602 0.0821157
69.9733 0.0822215
69.9865 0.0823273
69.9996 0.0824331
70.0126 0.0825389
70.0257 0.0826448
70.0293 0.0827517
70.031 0.0828588
70.0327 0.0829659
70.0356 0.0830728
70.0385 0.0831798
70.041 0.0832868
70.0421 0.083394
70.0439 0.0835011
70.0516 0.0836075
70.0623 0.0837135
70.0734 0.0838195
70.0847 0.0839255
70.0971 0.0840313
70.1131 0.0841364
70.1292 0.0842416
70.1453 0.0843468
70.1613 0.0844519
70.1774 0.0845571
70.1934 0.0846623
70.2095 0.0847674
70.2255 0.0848726
70.2409 0.0849778
70.2557 0.0850831
70.2706 0.0851884
70.2855 0.0852937
70.3004 0.085399
70.3153 0.0855042
70.3301 0.0856095
70.345 0.0857148
70.3599 0.0858201
70.3747 0.0859254
70.3896 0.0860306
70.4045 0.0861359
70.4193 0.0862412
70.4342 0.0863465
70.449 0.0864518
70.4638 0.086557
70.4787 0.0866623
70.4935 0.0867676
70.5083 0.0868729
70.5232 0.0869782
70.538 0.0870835
70.5528 0.0871887
70.5676 0.087294
70.5824 0.0873993
70.5971 0.0875046
70.6119 0.0876099
70.6267 0.0877151
70.6414 0.0878204
70.6562 0.0879257
70.6709 0.088031
70.6857 0.0881363
70.7004 0.0882416
70.7152 0.0883468
70.7299 0.0884521
70.7447 0.0885574
70.7594 0.0886627
70.7741 0.088768
70.7888 0.0888732
70.8036 0.0889785
70.8183 0.0890838
70.833 0.0891891
70.8477 0.0892944
70.8624 0.0893996
70.8771 0.0895049
70.8919 0.0896102
70.9066 0.0897155
70.9214 0.0898207
70.9365 0.089926
70.9516 0.0900312
70.967 0.0901364
70.9834 0.0902415
71.0021 0.0903463
71.0207 0.0904512
71.0394 0.090556
71.058 0.0906609
71.0766 0.0907657
71.0952 0.0908706
71.1139 0.0909755
71.1325 0.0910803
71.1511 0.0911852
71.1697 0.09129
71.1883 0.0913949
71.2069 0.0914997
71.2255 0.0916046
71.2441 0.0917094
71.2627 0.0918143
71.2812 0.0919191
71.2998 0.092024
71.3184 0.0921288
71.3369 0.0922336
71.3555 0.0923385
71.374 0.0924433
71.3926 0.0925482
71.4111 0.092653
71.4296 0.0927579
71.4482 0.0928627
71.4667 0.0929676
71.4852 0.0930724
71.5037 0.0931773
71.5222 0.0932821
71.5407 0.093387
71.5592 0.0934918
71.5777 0.0935967
71.5961 0.0937015
71.6146 0.0938064
71.6331 0.0939112
71.6515 0.094016
71.67 0.0941209
71.6884 0.0942257
71.7069 0.0943306
71.7253 0.0944354
71.7437 0.0945403
71.7621 0.0946451
71.7805 0.0947499
71.7989 0.0948548
71.8173 0.0949596
71.8357 0.0950645
71.8541 0.0951693
71.8724 0.0952742
71.8908 0.095379
71.9092 0.0954838
71.9275 0.0955887
71.9467 0.0956934
71.9665 0.0957979
71.9864 0.0959024
72.0063 0.096007
72.0262 0.0961115
72.0461 0.096216
72.066 0.0963205
72.0859 0.096425
72.1058 0.0965295
72.1258 0.096634
72.1459 0.0967385
72.1659 0.096843
72.1859 0.0969475
72.2059 0.0970519
72.2259 0.0971564
72.2459 0.0972609
72.2659 0.0973654
72.2859 0.0974698
72.3059 0.0975743
72.3259 0.0976788
72.3458 0.0977833
72.3658 0.0978877
72.3857 0.0979922
72.4056 0.0980967
72.4255 0.0982012
72.4455 0.0983056
72.4654 0.0984101
72.4852 0.0985146
72.5051 0.0986191
72.525 0.0987235
72.5449 0.098828
72.5647 0.0989325
72.5845 0.0990369
72.6044 0.0991414
72.6242 0.0992459
72.644 0.0993503
72.6638 0.0994548
72.6836 0.0995593
72.7034 0.0996637
72.7232 0.0997682
72.7429 0.0998727
72.7627 0.0999771
72.7824 0.100082
72.8022 0.100186
72.8219 0.100291
72.8416 0.100395
72.8613 0.100499
72.881 0.100604
72.9006 0.100708
72.9203 0.100813
72.94 0.100917
72.9596 0.101022
72.9792 0.101126
72.9988 0.101231
73.0184 0.101335
73.038 0.10144
73.0576 0.101544
73.0771 0.101649
73.0967 0.101753
73.1162 0.101857
73.1357 0.101962
73.1552 0.102066
73.1747 0.102171
73.1941 0.102275
73.2136 0.10238
73.233 0.102484
73.2524 0.102589
73.2718 0.102693
73.2912 0.102797
73.3105 0.102902
73.3299 0.103006
73.3492 0.103111
73.3686 0.103215
73.3879 0.10332
73.4072 0.103424
73.4265 0.103529
73.4458 0.103633
73.465 0.103738
73.4843 0.103842
73.5035 0.103946
73.5229 0.104051
73.5424 0.104155
73.5619 0.10426
73.5814 0.104364
73.6009 0.104469
73.6204 0.104573
73.6399 0.104677
73.6594 0.104782
73.6799 0.104886
73.7004 0.10499
73.7209 0.105095
73.7415 0.105199
73.7621 0.105303
73.7826 0.105408
73.8031 0.105512
73.8236 0.105616
73.8441 0.105721
73.8646 0.105825
73.8851 0.105929
73.9056 0.106033
73.9262 0.106138
73.9467 0.106242
73.9672 0.106346
73.9877 0.106451
74.0082 0.106555
74.0287 0.106659
74.0492 0.106763
74.0696 0.106868
74.09 0.106972
74.1104 0.107076
74.1308 0.10718
74.1512 0.107285
74.1716 0.107389
74.1919 0.107493
74.2123 0.107597
74.2326 0.107702
74.2529 0.107806
74.2732 0.10791
74.2935 0.108015
74.3138 0.108119
74.3341 0.108223
74.3543 0.108327
74.3746 0.108432
74.3948 0.108536
74.415 0.10864
74.4352 0.108744
74.4554 0.108849
74.4756 0.108953
74.4957 0.109057
74.5158 0.109161
74.5359 0.109266
74.556 0.10937
74.5761 0.109474
74.5961 0.109578
74.6162 0.109683
74.6362 0.109787
74.6562 0.109891
74.6762 0.109995
74.6961 0.1101
74.7161 0.110204
74.7361 0.110308
74.756 0.110412
74.7759 0.110517
74.7958 0.110621
74.8157 0.110725
74.8356 0.110829
74.8555 0.110934
74.8755 0.111038
74.8955 0.111142
74.9154 0.111246
74.9354 0.111351
74.9553 0.111455
74.9752 0.111559
74.9952 0.111663
75.0151 0.111767
75.0349 0.111872
75.0548 0.111976
75.0747 0.11208
75.0945 0.112184
75.1143 0.112289
75.1341 0.112393
75.1539 0.112497
75.1737 0.112601
75.1935 0.112706
75.2132 0.11281
75.233 0.112914
75.2527 0.113018
75.2724 0.113122
75.2921 0.113227
75.3118 0.113331
75.3315 0.113435
75.3511 0.113539
75.3708 0.113644
75.3904 0.113748
75.41 0.113852
75.4296 0.113956
75.4492 0.11406
75.4688 0.114165
75.4884 0.114269
75.5079 0.114373
75.5275 0.114477
75.547 0.114582
75.5665 0.114686
75.586 0.11479
75.6055 0.114894
75.625 0.114998
75.6445 0.115103
75.6639 0.115207
75.6834 0.115311
75.7028 0.115415
75.7222 0.11552
75.7416 0.115624
75.761 0.115728
75.7804 0.115832
75.7998 0.115936
75.8192 0.116041
75.8385 0.116145
75.8579 0.116249
75.8773 0.116353
75.8966 0.116457
75.916 0.116562
75.9353 0.116666
75.9546 0.11677
75.9739 0.116874
75.9933 0.116978
76.0126 0.117083
76.0319 0.117187
76.0511 0.117291
76.0704 0.117395
76.0896 0.117499
76.1089 0.117604
76.1281 0.117708
76.1473 0.117812
76.1665 0.117916
76.1857 0.11802
76.2049 0.118125
76.2241 0.118229
76.2433 0.118333
76.2625 0.118437
76.2816 0.118541
76.3008 0.118646
76.3199 0.11875
76.3391 0.118854
76.3582 0.118958
76.3773 0.119062
76.3964 0.119167
76.4155 0.119271
76.4346 0.119375
76.4537 0.119479
76.4727 0.119583
76.4918 0.119688
76.5108 0.119792
76.5299 0.119896
76.5489 0.12
76.568 0.120104
76.587 0.120208
76.606 0.120313
76.625 0.120417
76.644 0.120521
76.663 0.120625
76.682 0.120729
76.7009 0.120834
76.7199 0.120938
76.7389 0.121042
76.7578 0.121146
76.7768 0.12125
76.7957 0.121355
76.8146 0.121459
76.8335 0.121563
76.8525 0.121667
76.8717 0.121771
76.8908 0.121875
76.9099 0.12198
76.9291 0.122084
76.9482 0.122188
76.9673 0.122292
76.9864 0.122396
77.0055 0.1225
77.0246 0.122605
77.0437 0.122709
77.0627 0.122813
77.0818 0.122917
77.1009 0.123021
77.1199 0.123125
77.139 0.12323
77.158 0.123334
77.177 0.123438
77.196 0.123542
77.2151 0.123646
77.2341 0.12375
77.2531 0.123855
77.2721 0.123959
77.291 0.124063
77.31 0.124167
77.329 0.124271
77.348 0.124375
77.3669 0.12448
77.3859 0.124584
77.4048 0.124688
77.4237 0.124792
77.4427 0.124896
77.4616 0.125
77.4805 0.125105
77.4994 0.125209
77.5183 0.125313
77.5372 0.125417
77.5561 0.125521
77.5749 0.125625
77.5938 0.12573
77.6127 0.125834
77.6315 0.125938
77.6504 0.126042
77.6692 0.126146
77.688 0.12625
77.7069 0.126355
77.7257 0.126459
77.7445 0.126563
77.7633 0.126667
77.7821 0.126771
77.8009 0.126875
77.8197 0.126979
77.8385 0.127084
77.8573 0.127188
77.876 0.127292
77.8948 0.127396
77.9135 0.1275
77.9322 0.127604
77.951 0.127709
77.9697 0.127813
77.9884 0.127917
78.0071 0.128021
78.0258 0.128125
78.0445 0.128229
78.0632 0.128333
78.0819 0.128438
78.1006 0.128542
78.1192 0.128646
78.1379 0.12875
78.1565 0.128854
78.1752 0.128958
78.1938 0.129062
78.2124 0.129167
78.231 0.129271
78.2496 0.129375
78.2682 0.129479
78.2868 0.129583
78.3054 0.129687
78.324 0.129791
78.3425 0.129896
78.3611 0.13
78.3797 0.130104
78.3982 0.130208
78.4167 0.130312
78.4353 0.130416
78.4538 0.13052
78.4723 0.130625
78.4908 0.130729
78.5093 0.130833
78.5277 0.130937
78.5462 0.131041
78.5647 0.131145
78.5831 0.131249
78.6016 0.131354
78.62 0.131458
78.6384 0.131562
78.6568 0.131666
78.6752 0.13177
78.6936 0.131874
78.712 0.131978
78.7307 0.132082
78.7494 0.132186
78.7681 0.13229
78.7867 0.132394
78.8054 0.132498
78.824 0.132603
78.8426 0.132707
78.8613 0.132811
78.8799 0.132915
78.8985 0.133019
78.9171 0.133123
78.9356 0.133227
78.9542 0.133331
78.9728 0.133435
78.9913 0.133539
79.0099 0.133643
79.0284 0.133747
79.0469 0.133851
79.0654 0.133955
79.0839 0.134059
79.1024 0.134163
79.1209 0.134267
79.1393 0.134371
79.1578 0.134475
79.1762 0.134579
79.1947 0.134683
79.2131 0.134787
79.2315 0.134891
79.2499 0.134995
79.2683 0.135099
79.2866 0.135203
79.305 0.135307
79.3234 0.135411
79.3417 0.135515
79.36 0.135619
79.3784 0.135723
79.3967 0.135827
79.415 0.135931
79.4334 0.136035
79.4519 0.136139
79.4703 0.136243
79.4887 0.136347
79.5071 0.136451
79.5255 0.136555
79.5438 0.136659
79.5622 0.136763
79.5805 0.136867
79.5988 0.136971
79.617 0.137075
79.6353 0.137179
79.6536 0.137283
79.6718 0.137387
79.69 0.137491
79.7083 0.137595
79.7265 0.137699
79.7447 0.137803
79.7628 0.137907
79.781 0.138011
79.7992 0.138115
79.8173 0.138219
79.8354 0.138323
79.8536 0.138427
79.8717 0.138531
79.8897 0.138635
79.9078 0.138739
79.9259 0.138843
79.9439 0.138947
79.9619 0.139051
79.98 0.139155
79.998 0.139259
80.016 0.139363
80.0339 0.139467
80.0519 0.139571
80.0698 0.139675
80.0877 0.139779
80.1056 0.139883
80.1235 0.139987
80.1413 0.140091
80.1591 0.140195
80.1769 0.140299
80.1947 0.140403
80.2125 0.140507
80.2303 0.140611
80.248 0.140715
80.2658 0.140819
80.2835 0.140923
80.3012 0.141027
80.3188 0.141131
80.3365 0.141235
80.3541 0.141339
80.3717 0.141443
80.3894 0.141546
80.4069 0.14165
80.4245 0.141754
80.4421 0.141858
80.4596 0.141962
80.477 0.142066
80.4945 0.14217
80.5119 0.142274
80.5294 0.142378
80.5468 0.142482
80.5642 0.142586
80.5815 0.14269
80.5989 0.142794
80.6162 0.142898
80.6336 0.143002
80.6509 0.143106
80.6681 0.14321
80.6854 0.143314
80.7027 0.143418
80.7199 0.143522
80.7371 0.143626
80.7543 0.14373
80.7715 0.143834
80.7887 0.143938
80.8059 0.144042
80.8231 0.144145
80.8403 0.144249
80.8574 0.144353
80.8746 0.144457
80.8917 0.144561
80.9088 0.144665
80.9259 0.144769
80.9429 0.144873
80.96 0.144977
80.977 0.145081
80.994 0.145185
81.0111 0.145289
81.028 0.145393
81.045 0.145497
81.062 0.1456
81.079 0.145704
81.096 0.145808
81.1129 0.145912
81.1298 0.146016
81.1467 0.14612
81.1636 0.146224
81.1804 0.146328
81.1973 0.146432
81.2141 0.146536
81.2309 0.14664
81.2477 0.146744
81.2644 0.146847
81.2812 0.146951
81.2979 0.147055
81.3146 0.147159
81.3312 0.147263
81.3479 0.147367
81.3645 0.147471
81.3811 0.147575
81.3977 0.147679
81.4143 0.147783
81.4308 0.147886
81.4474 0.14799
81.464 0.148094
81.4807 0.148198
81.4975 0.148302
81.5142 0.148406
81.531 0.14851
81.5477 0.148614
81.5643 0.148717
81.581 0.148821
81.5976 0.148925
81.6142 0.149029
81.6308 0.149133
81.6474 0.149237
81.6639 0.149341
81.6804 0.149444
81.6969 0.149548
81.7134 0.149652
81.7298 0.149756
81.7462 0.14986
81.7626 0.149964
81.779 0.150068
81.7954 0.150171
81.8117 0.150275
81.828 0.150379
81.8443 0.150483
81.8606 0.150587
81.8768 0.150691
81.893 0.150794
81.9093 0.150898
81.9255 0.151002
81.9416 0.151106
81.9578 0.15121
81.9739 0.151314
81.9899 0.151417
82.006 0.151521
82.022 0.151625
82.038 0.151729
82.054 0.151833
82.07 0.151937
82.0859 0.15204
82.1019 0.152144
82.1178 0.152248
82.1337 0.152352
82.1495 0.152456
82.1654 0.152559
82.1813 0.152663
82.1971 0.152767
82.2129 0.152871
82.2287 0.152975
82.2445 0.153079
82.2603 0.153182
82.276 0.153286
82.2918 0.15339
82.3075 0.153494
82.3232 0.153598
82.3388 0.153701
82.3545 0.153805
82.3701 0.153909
82.3858 0.154013
82.4014 0.154117
82.4169 0.15422
82.4325 0.154324
82.448 0.154428
82.4635 0.154532
82.4789 0.154636
82.4944 0.154739
82.5098 0.154843
82.5253 0.154947
82.5407 0.155051
82.5561 0.155155
82.5715 0.155258
82.5868 0.155362
82.6022 0.155466
82.6175 0.15557
82.6329 0.155674
82.6482 0.155777
82.6635 0.155881
82.6788 0.155985
82.6941 0.156089
82.7094 0.156193
82.7246 0.156296
82.7399 0.1564
82.7551 0.156504
82.7703 0.156608
82.7855 0.156712
82.8007 0.156815
82.8159 0.156919
82.8311 0.157023
82.8463 0.157127
82.8614 0.157231
82.8766 0.157335
82.8917 0.157439
82.9068 0.157543
82.9219 0.157647
82.937 0.15775
82.9521 0.157854
82.9672 0.157958
82.9823 0.158062
82.9973 0.158166
83.0124 0.15827
83.0274 0.158374
83.0425 0.158478
83.0575 0.158581
83.0725 0.158685
83.0875 0.158789
83.1025 0.158893
83.1175 0.158997
83.1324 0.159101
83.1474 0.159205
83.1624 0.159309
83.1774 0.159412
83.1924 0.159516
83.2074 0.15962
83.2224 0.159724
83.2373 0.159828
83.2523 0.159932
83.2672 0.160036
83.2822 0.16014
83.2971 0.160243
83.312 0.160347
83.3269 0.160451
83.3418 0.160555
83.3567 0.160659
83.3716 0.160763
83.3864 0.160867
83.4013 0.16097
83.4161 0.161074
83.431 0.161178
83.4459 0.161282
83.4607 0.161386
83.4755 0.16149
83.4903 0.161594
83.5052 0.161697
83.52 0.161801
83.5348 0.161905
83.5496 0.162009
83.5644 0.162113
83.5791 0.162217
83.5939 0.162321
83.6087 0.162424
83.6235 0.162528
83.6382 0.162632
83.653 0.162736
83.6678 0.16284
83.6825 0.162944
83.6973 0.163048
83.712 0.163151
83.7267 0.163255
83.7414 0.163359
83.7562 0.163463
83.7709 0.163567
83.7856 0.163671
83.8004 0.163774
83.8152 0.163878
83.83 0.163982
83.8448 0.164086
83.8596 0.164189
83.8743 0.164293
83.8891 0.164397
83.9039 0.164501
83.9186 0.164604
83.9334 0.164708
83.9481 0.164812
83.9629 0.164916
83.9776 0.165019
83.9923 0.165123
84.007 0.165227
84.0217 0.165331
84.0364 0.165434
84.0511 0.165538
84.0658 0.165642
84.0805 0.165746
84.0951 0.165849
84.1098 0.165953
84.1245 0.166057
84.1391 0.166161
84.1537 0.166264
84.1684 0.166368
84.183 0.166472
84.1976 0.166576
84.2122 0.166679
84.2268 0.166783
84.2414 0.166887
84.256 0.166991
84.2705 0.167094
84.2851 0.167198
84.2997 0.167302
84.3142 0.167406
84.3288 0.167509
84.3433 0.167613
84.3578 0.167717
84.3723 0.167821
84.3868 0.167924
84.4013 0.168028
84.4158 0.168132
84.4303 0.168236
84.4447 0.168339
84.4592 0.168443
84.4736 0.168547
84.4881 0.168651
84.5025 0.168754
84.5169 0.168858
84.5314 0.168962
84.5458 0.169066
84.5601 0.169169
84.5745 0.169273
84.5889 0.169377
84.6033 0.169481
84.6176 0.169584
84.632 0.169688
84.6463 0.169792
84.6606 0.169895
84.675 0.169999
84.6893 0.170103
84.7036 0.170207
84.7179 0.17031
84.7321 0.170414
84.7464 0.170518
84.7607 0.170622
84.7749 0.170725
84.7891 0.170829
84.8034 0.170933
84.8176 0.171036
84.8318 0.17114
84.846 0.171244
84.8601 0.171348
84.8743 0.171451
84.8885 0.171555
84.9026 0.171659
84.9167 0.171763
84.9308 0.171866
84.9449 0.17197
84.959 0.172074
84.9731 0.172177
84.9871 0.172281
85.0012 0.172385
85.0152 0.172489
85.0292 0.172592
85.043 0.172696
85.0568 0.1728
85.0706 0.172903
85.0843 0.173007
85.0981 0.173111
85.1118 0.173215
85.1255 0.173318
85.1392 0.173422
85.1529 0.173526
85.1666 0.173629
85.1802 0.173733
85.1939 0.173837
85.2075 0.17394
85.2211 0.174044
85.2347 0.174148
85.2483 0.174252
85.2619 0.174355
85.2754 0.174459
85.2889 0.174563
85.3025 0.174666
85.316 0.17477
85.3295 0.174874
85.3429 0.174977
85.3564 0.175081
85.3698 0.175185
85.3832 0.175289
85.3966 0.175392
85.41 0.175496
85.4234 0.1756
85.4368 0.175703
85.4501 0.175807
85.4634 0.175911
85.4767 0.176014
85.49 0.176118
85.5032 0.176222
85.5165 0.176325
85.5297 0.176429
85.5429 0.176533
85.5561 0.176636
85.5693 0.17674
85.5824 0.176844
85.5955 0.176947
85.6086 0.177051
85.6217 0.177155
85.6348 0.177258
85.6478 0.177362
85.6608 0.177466
85.6738 0.177569
85.6868 0.177673
85.6998 0.177777
85.7127 0.17788
85.7256 0.177984
85.7385 0.178088
85.7514 0.178191
85.7643 0.178295
85.7771 0.178399
85.7899 0.178502
85.8027 0.178606
85.8155 0.17871
85.8283 0.178813
85.841 0.178917
85.8537 0.179021
85.8664 0.179124
85.879 0.179228
85.8916 0.179331
85.9042 0.179435
85.9168 0.179539
85.9294 0.179642
85.9419 0.179746
85.9544 0.17985
85.9668 0.179953
85.9793 0.180057
85.9917 0.180161
86.0041 0.180264
86.0165 0.180368
86.0288 0.180471
86.0411 0.180575
86.0534 0.180679
86.0656 0.180782
86.0778 0.180886
86.09 0.180989
86.1022 0.181093
86.1143 0.181197
86.1264 0.1813
86.1385 0.181404
86.1505 0.181508
86.1626 0.181611
86.1745 0.181715
86.1865 0.181818
86.1984 0.181922
86.2103 0.182025
86.2222 0.182129
86.234 0.182233
86.2458 0.182336
86.2575 0.18244
86.2693 0.182543
86.281 0.182647
86.2926 0.182751
86.3042 0.182854
86.3158 0.182958
86.3274 0.183061
86.3389 0.183165
86.3504 0.183268
86.3619 0.183372
86.3733 0.183476
86.3847 0.183579
86.396 0.183683
86.4072 0.183786
86.4184 0.18389
86.4295 0.183993
86.4406 0.184097
86.4517 0.184201
86.4627 0.184304
86.4737 0.184408
86.4846 0.184511
86.4955 0.184615
86.5064 0.184718
86.5173 0.184822
86.5281 0.184925
86.5389 0.185029
86.5496 0.185132
86.5604 0.185236
86.571 0.18534
86.5817 0.185443
86.5923 0.185547
86.6029 0.18565
86.6134 0.185754
86.6239 0.185857
86.6344 0.185961
86.6448 0.186064
86.6552 0.186168
86.6656 0.186271
86.6759 0.186375
86.6862 0.186478
86.6965 0.186582
86.7067 0.186685
86.7169 0.186789
86.7271 0.186892
86.7372 0.186996
86.7473 0.187099
86.7574 0.187203
86.7674 0.187306
86.7772 0.18741
86.787 0.187513
86.7968 0.187617
86.8065 0.18772
86.8162 0.187824
86.8258 0.187927
86.8354 0.188031
86.845 0.188134
86.8546 0.188238
86.8641 0.188341
86.8736 0.188445
86.8831 0.188548
86.8925 0.188651
86.9019 0.188755
86.9113 0.188858
86.9206 0.188962
86.9299 0.189065
86.9392 0.189169
86.9484 0.189272
86.9576 0.189376
86.9668 0.189479
86.976 0.189583
86.9851 0.189686
86.9942 0.189789
87.0033 0.189893
87.0123 0.189996
87.0213 0.1901
87.0303 0.190203
87.0392 0.190307
87.0481 0.19041
87.057 0.190513
87.0658 0.190617
87.0746 0.19072
87.0834 0.190824
87.0922 0.190927
87.1009 0.191031
87.1096 0.191134
87.1183 0.191237
87.1269 0.191341
87.1353 0.191444
87.1438 0.191548
87.1522 0.191651
87.1606 0.191754
87.1689 0.191858
87.1773 0.191961
87.1857 0.192065
87.1941 0.192168
87.2024 0.192272
87.2108 0.192375
87.2191 0.192478
87.2273 0.192582
87.2356 0.192685
87.2438 0.192789
87.2521 0.192892
87.2603 0.192995
87.2684 0.193099
87.2766 0.193202
87.2847 0.193306
87.2929 0.193409
87.301 0.193512
87.309 0.193616
87.3171 0.193719
87.3251 0.193823
87.3332 0.193926
87.3412 0.194029
87.3492 0.194133
87.3572 0.194236
87.3651 0.19434
87.3731 0.194443
87.381 0.194546
87.3889 0.19465
87.3968 0.194753
87.4047 0.194856
87.4126 0.19496
87.4204 0.195063
87.4283 0.195167
87.4361 0.19527
87.444 0.195373
87.4519 0.195477
87.4598 0.19558
87.4676 0.195684
87.4755 0.195787
87.4833 0.19589
87.4911 0.195994
87.4989 0.196097
87.5067 0.1962
87.5144 0.196304
87.5222 0.196407
87.5299 0.19651
87.5377 0.196614
87.5454 0.196717
87.5531 0.196821
87.5608 0.196924
87.5684 0.197027
87.5761 0.197131
87.5838 0.197234
87.5914 0.197337
87.599 0.197441
87.6067 0.197544
87.6143 0.197647
87.6219 0.197751
87.6294 0.197854
87.637 0.197957
87.6446 0.198061
87.6521 0.198164
87.6597 0.198268
87.6672 0.198371
87.6747 0.198474
87.6822 0.198578
87.6897 0.198681
87.6972 0.198784
87.7046 0.198888
87.7121 0.198991
87.7196 0.199094
87.727 0.199198
87.7344 0.199301
87.7419 0.199404
87.7493 0.199508
87.7567 0.199611
87.7641 0.199714
87.7715 0.199818
87.7788 0.199921
87.7862 0.200024
87.7935 0.200128
87.8009 0.200231
87.8082 0.200334
87.8155 0.200438
87.8229 0.200541
87.8302 0.200644
87.8375 0.200748
87.8447 0.200851
87.852 0.200954
87.8593 0.201058
87.8665 0.201161
87.8737 0.201265
87.8809 0.201368
87.888 0.201472
87.8952 0.201576
87.9023 0.201679
87.9095 0.201783
87.9166 0.201886
87.9237 0.20199
87.9308 0.202093
87.9379 0.202197
87.945 0.202301
87.9521 0.202404
87.9592 0.202508
87.9662 0.202611
87.9733 0.202715
87.9803 0.202818
87.9874 0.202922
87.9944 0.203026
88.0014 0.203129
88.0084 0.203233
88.0153 0.203336
88.0223 0.20344
88.0292 0.203543
88.0361 0.203647
88.043 0.20375
88.0498 0.203854
88.0567 0.203958
88.0636 0.204061
88.0705 0.204165
88.0773 0.204268
88.0841 0.204372
88.091 0.204475
88.0978 0.204579
88.1046 0.204682
88.1114 0.204786
88.1182 0.204889
88.1249 0.204993
88.1317 0.205097
88.1385 0.2052
88.1452 0.205304
88.1519 0.205407
88.1587 0.205511
88.1654 0.205614
88.1721 0.205718
88.1788 0.205821
88.1855 0.205925
88.1921 0.206028
88.1988 0.206132
88.2055 0.206235
88.2121 0.206339
88.2187 0.206442
88.2253 0.206546
88.2319 0.206649
88.2385 0.206753
88.2451 0.206856
88.2517 0.20696
88.2582 0.207063
88.2648 0.207167
88.2713 0.20727
88.2779 0.207374
88.2844 0.207477
88.2909 0.207581
88.2973 0.207684
88.3038 0.207788
88.3102 0.207891
88.3166 0.207995
88.323 0.208098
88.3294 0.208202
88.3358 0.208305
88.3422 0.208409
88.3486 0.208512
88.3549 0.208616
88.3613 0.208719
88.3676 0.208823
88.3739 0.208926
88.3802 0.20903
88.3865 0.209133
88.3928 0.209237
88.3991 0.20934
88.4053 0.209444
88.4116 0.209547
88.4178 0.209651
88.424 0.209754
88.4302 0.209858
88.4364 0.209961
88.4426 0.210064
88.4488 0.210168
88.4549 0.210271
88.461 0.210375
88.4671 0.210478
88.4732 0.210582
88.4793 0.210685
88.4853 0.210789
88.4914 0.210892
88.4974 0.210996
88.5034 0.211099
88.5094 0.211202
88.5154 0.211306
88.5213 0.211409
88.5273 0.211513
88.5332 0.211616
88.5391 0.21172
88.545 0.211823
88.5509 0.211927
88.5567 0.21203
88.5625 0.212133
88.5684 0.212237
88.5742 0.21234
88.5799 0.212444
88.5857 0.212547
88.5915 0.212651
88.5972 0.212754
88.6029 0.212857
88.6086 0.212961
88.6143 0.213064
88.6199 0.213168
88.6255 0.213271
88.6312 0.213374
88.6367 0.213478
88.6423 0.213581
88.6479 0.213685
88.6534 0.213788
88.6589 0.213891
88.6644 0.213995
88.6699 0.214098
88.6753 0.214202
88.6807 0.214305
88.6861 0.214408
88.6915 0.214512
88.6969 0.214615
88.7022 0.214718
88.7075 0.214822
88.7128 0.214925
88.7181 0.215029
88.7233 0.215132
88.7286 0.215235
88.7338 0.215339
88.739 0.215442
88.7442 0.215545
88.7494 0.215649
88.7545 0.215752
88.7597 0.215855
88.7648 0.215959
88.7699 0.216062
88.7749 0.216165
88.7799 0.216269
88.7849 0.216372
88.7899 0.216475
88.7949 0.216579
88.7998 0.216682
88.8047 0.216785
88.8096 0.216889
88.8145 0.216992
88.8193 0.217095
88.8241 0.217199
88.8289 0.217302
88.8337 0.217405
88.8384 0.217509
88.8431 0.217612
88.8478 0.217715
88.8524 0.217819
88.857 0.217922
88.8616 0.218025
88.8662 0.218128
88.8707 0.218232
88.8752 0.218335
88.8797 0.218438
88.8842 0.218542
88.8886 0.218645
88.893 0.218748
88.8974 0.218851
88.9018 0.218955
88.9062 0.219058
88.9106 0.219161
88.9149 0.219264
88.9192 0.219368
88.9235 0.219471
88.9278 0.219574
88.932 0.219677
88.9362 0.219781
88.9405 0.219884
88.9446 0.219987
88.9488 0.22009
88.953 0.220194
88.9571 0.220297
88.9612 0.2204
88.9652 0.220503
88.9693 0.220607
88.9733 0.22071
88.9773 0.220813
88.9813 0.220916
88.9852 0.22102
88.9891 0.221123
88.993 0.221226
88.9969 0.221329
89.0007 0.221433
89.0045 0.221536
89.0083 0.221639
89.0121 0.221742
89.0159 0.221845
89.0196 0.221949
89.0233 0.222052
89.027 0.222155
89.0306 0.222258
89.0343 0.222361
89.0379 0.222465
89.0415 0.222568
89.0451 0.222671
89.0487 0.222774
89.0522 0.222877
89.0557 0.22298
89.0592 0.223084
89.0627 0.223187
89.0662 0.22329
89.0696 0.223393
89.0731 0.223496
89.0765 0.2236
89.0799 0.223703
89.0833 0.223806
89.0867 0.223909
89.0901 0.224012
89.0934 0.224115
89.0968 0.224219
89.1001 0.224322
89.1034 0.224425
89.1067 0.224528
89.11 0.224631
89.1132 0.224734
89.1165 0.224837
89.1198 0.224941
89.123 0.225044
89.1262 0.225147
89.1294 0.22525
89.1326 0.225353
89.1358 0.225456
89.139 0.225559
89.1422 0.225663
89.1453 0.225766
89.1485 0.225869
89.1516 0.225972
89.1548 0.226075
89.1579 0.226178
89.161 0.226281
89.1641 0.226385
89.1672 0.226488
89.1703 0.226591
89.1734 0.226694
89.1764 0.226797
89.1795 0.2269
89.1826 0.227003
89.1856 0.227106
89.1887 0.227209
89.1917 0.227313
89.1947 0.227416
89.1977 0.227519
89.2007 0.227622
89.2037 0.227725
89.2067 0.227828
89.2097 0.227931
89.2127 0.228034
89.2156 0.228137
89.2186 0.228241
89.2216 0.228344
89.2245 0.228447
89.2275 0.22855
89.2304 0.228653
89.2334 0.228756
89.2363 0.228859
89.2393 0.228962
89.2422 0.229065
89.2451 0.229168
89.2481 0.229272
89.251 0.229375
89.2539 0.229478
89.2567 0.229581
89.2595 0.229684
89.2623 0.229787
89.265 0.22989
89.2679 0.229993
89.2708 0.230096
89.2736 0.230199
89.2765 0.230302
89.2794 0.230405
89.2822 0.230508
89.2851 0.230612
89.288 0.230715
89.2908 0.230818
89.2937 0.230921
89.2965 0.231024
89.2994 0.231127
89.3022 0.23123
89.3051 0.231333
89.3079 0.231436
89.3107 0.231539
89.3135 0.231642
89.3163 0.231745
89.3192 0.231848
89.322 0.231951
89.3248 0.232054
89.3276 0.232158
89.3304 0.232261
89.3332 0.232364
89.336 0.232467
89.3387 0.23257
89.3415 0.232673
89.3443 0.232776
89.3471 0.232879
89.3499 0.232982
89.3527 0.233085
89.3554 0.233188
89.3582 0.233291
89.3609 0.233394
89.3637 0.233497
89.3664 0.2336
89.3692 0.233703
89.3719 0.233806
89.3746 0.233909
89.3774 0.234012
89.3801 0.234115
89.3828 0.234218
89.3856 0.234321
89.3883 0.234424
89.3909 0.234528
89.3936 0.234631
89.3963 0.234734
89.399 0.234837
89.4017 0.23494
89.4044 0.235043
89.4071 0.235146
89.4097 0.235249
89.4124 0.235352
89.415 0.235455
89.4177 0.235558
89.4204 0.235661
89.423 0.235764
89.4256 0.235867
89.4283 0.23597
89.4309 0.236073
89.4335 0.236176
89.4361 0.236279
89.4388 0.236382
89.4414 0.236485
89.444 0.236588
89.4466 0.236691
89.4492 0.236794
89.4518 0.236897
89.4545 0.237
89.4571 0.237103
89.4597 0.237206
89.4623 0.237309
89.4649 0.237412
89.4675 0.237515
89.4701 0.237618
89.4727 0.237721
89.4752 0.237824
89.4778 0.237927
89.4804 0.23803
89.483 0.238133
89.4856 0.238236
89.4881 0.238339
89.4907 0.238442
89.4933 0.238545
89.4959 0.238648
89.4984 0.238751
89.501 0.238854
89.5036 0.238957
89.5062 0.23906
89.5088 0.239163
89.5113 0.239266
89.5139 0.239369
89.5165 0.239472
89.5191 0.239575
89.5216 0.239678
89.5242 0.239781
89.5268 0.239884
89.5293 0.239987
89.5319 0.24009
89.5344 0.240193
89.5369 0.240296
89.5395 0.240399
89.542 0.240502
89.5445 0.240605
89.547 0.240708
89.5495 0.240811
89.552 0.240914
89.5545 0.241017
89.557 0.24112
89.5595 0.241223
89.5619 0.241326
89.5644 0.241429
89.5669 0.241532
89.5693 0.241635
89.5718 0.241738
89.5742 0.241841
89.5767 0.241944
89.5791 0.242047
89.5815 0.24215
89.584 0.242253
89.5864 0.242356
89.5888 0.242459
89.5912 0.242562
89.5936 0.242665
89.596 0.242768
89.5984 0.242871
89.6008 0.242974
89.6032 0.243077
89.6055 0.24318
89.6079 0.243283
89.6103 0.243386
89.6126 0.243489
89.6149 0.243592
89.6173 0.243695
89.6196 0.243797
89.6219 0.2439
89.6242 0.244003
89.6266 0.244106
89.6288 0.244209
89.6311 0.244312
89.6334 0.244415
89.6357 0.244518
89.638 0.244621
89.6402 0.244724
89.6425 0.244827
89.6447 0.24493
89.647 0.245033
89.6492 0.245136
89.6514 0.245239
89.6536 0.245342
89.6558 0.245445
89.658 0.245548
89.6602 0.245651
89.6624 0.245754
89.6646 0.245857
89.6668 0.24596
89.6689 0.246063
89.6711 0.246166
89.6732 0.246269
89.6753 0.246372
89.6775 0.246475
89.6796 0.246577
89.6817 0.24668
89.6838 0.246783
89.6859 0.246886
89.6879 0.246989
89.69 0.247092
89.6921 0.247195
89.6941 0.247298
89.6962 0.247401
89.6982 0.247504
89.7002 0.247607
89.7023 0.24771
89.7043 0.247813
89.7063 0.247916
89.7083 0.248019
89.7103 0.248122
89.7122 0.248225
89.7142 0.248328
89.7162 0.248431
89.7181 0.248534
89.7201 0.248636
89.722 0.248739
89.7239 0.248842
89.7258 0.248945
89.7277 0.249048
89.7297 0.249151
89.7316 0.249254
89.7335 0.249357
89.7354 0.24946
89.7372 0.249563
89.7391 0.249666
89.741 0.249769
89.7429 0.249872
89.7447 0.249975
89.7466 0.250078
89.7484 0.250181
89.7503 0.250283
89.7521 0.250386
89.7539 0.250489
89.7557 0.250592
89.7576 0.250695
89.7594 0.250798
89.7612 0.250901
89.763 0.251004
89.7648 0.251107
89.7667 0.25121
89.7686 0.251313
89.7704 0.251416
89.7723 0.251519
89.7742 0.251622
89.776 0.251725
89.7779 0.251827
89.7797 0.25193
89.7815 0.252033
89.7834 0.252136
89.7852 0.252239
89.787 0.252342
89.7889 0.252445
89.7907 0.252548
89.7925 0.252651
89.7943 0.252754
89.7961 0.252857
89.7979 0.25296
89.7997 0.253063
89.8015 0.253166
89.8033 0.253269
89.8051 0.253371
89.8069 0.253474
89.8086 0.253577
89.8104 0.25368
89.8122 0.253783
89.814 0.253886
89.8157 0.253989
89.8175 0.254092
89.8193 0.254195
89.821 0.254298
89.8228 0.254401
89.8245 0.254504
89.8263 0.254607
89.828 0.25471
89.8298 0.254812
89.8315 0.254915
89.8332 0.255018
89.835 0.255121
89.8367 0.255224
89.8384 0.255327
89.8402 0.25543
89.8419 0.255533
89.8436 0.255636
89.8453 0.255739
89.847 0.255842
89.8487 0.255945
89.8505 0.256048
89.8522 0.25615
89.8539 0.256253
89.8556 0.256356
89.8573 0.256459
89.859 0.256562
89.8607 0.256665
89.8624 0.256768
89.864 0.256871
89.8657 0.256974
89.8674 0.257077
89.8691 0.25718
89.8708 0.257283
89.8724 0.257386
89.8741 0.257488
89.8758 0.257591
89.8775 0.257694
89.8791 0.257797
89.8808 0.2579
89.8824 0.258003
89.8841 0.258106
89.8858 0.258209
89.8874 0.258312
89.8891 0.258415
89.8907 0.258518
89.8924 0.258621
89.894 0.258724
89.8957 0.258826
89.8973 0.258929
89.8989 0.259032
89.9006 0.259135
89.9022 0.259238
89.9038 0.259341
89.9055 0.259444
89.9071 0.259547
89.9087 0.25965
89.9103 0.259753
89.912 0.259856
89.9136 0.259959
89.9152 0.260061
89.9169 0.260164
89.9185 0.260267
89.9202 0.26037
89.9218 0.260473
89.9234 0.260576
89.9251 0.260679
89.9267 0.260782
89.9284 0.260885
89.93 0.260988
89.9316 0.261091
89.9332 0.261194
89.9349 0.261296
89.9365 0.261399
89.9381 0.261502
89.9397 0.261605
89.9413 0.261708
89.9429 0.261811
89.9446 0.261914
89.9462 0.262017
89.9478 0.26212
89.9494 0.262223
89.951 0.262326
89.9526 0.262429
89.9542 0.262531
89.9558 0.262634
89.9574 0.262737
89.959 0.26284
89.9606 0.262943
89.9621 0.263046
89.9637 0.263149
89.9653 0.263252
89.9669 0.263355
89.9685 0.263458
89.9701 0.263561
89.9716 0.263663
89.9732 0.263766
89.9748 0.263869
89.9764 0.263972
89.9779 0.264075
89.9795 0.264178
89.9811 0.264281
89.9826 0.264384
89.9842 0.264487
89.9857 0.26459
89.9873 0.264693
89.9889 0.264796
89.9904 0.264898
89.992 0.265001
89.9935 0.265104
89.9951 0.265207
89.9966 0.26531
89.9982 0.265413
89.9997 0.265516
90.0013 0.265619
90.0028 0.265722
90.0043 0.265825
90.0059 0.265928
90.0074 0.26603
90.0089 0.266133
90.0105 0.266236
90.012 0.266339
90.0135 0.266442
90.0151 0.266545
90.0166 0.266648
90.0181 0.266751
90.0197 0.266854
90.0212 0.266957
90.0227 0.26706
90.0242 0.267162
90.0257 0.267265
90.0273 0.267368
90.0288 0.267471
90.0303 0.267574
90.0318 0.267677
90.0333 0.26778
90.0348 0.267883
90.0363 0.267986
90.0379 0.268089
90.0394 0.268192
90.0409 0.268294
90.0424 0.268397
90.0439 0.2685
90.0454 0.268603
90.0469 0.268706
90.0484 0.268809
90.0499 0.268912
90.0514 0.269015
90.0529 0.269118
90.0544 0.269221
90.0559 0.269324
90.0574 0.269426
90.0589 0.269529
90.0603 0.269632
90.0618 0.269735
90.0633 0.269838
90.0648 0.269941
90.0663 0.270044
90.0678 0.270147
90.0693 0.27025
90.0707 0.270353
90.0722 0.270455
90.0737 0.270558
90.0752 0.270661
90.0767 0.270764
90.0781 0.270867
90.0796 0.27097
90.0811 0.271073
90.0826 0.271176
90.084 0.271279
90.0855 0.271382
90.087 0.271485
90.0884 0.271587
90.0899 0.27169
90.0914 0.271793
90.0928 0.271896
90.0943 0.271999
90.0958 0.272102
90.0972 0.272205
90.0987 0.272308
90.1002 0.272411
90.1016 0.272514
90.1031 0.272616
90.1045 0.272719
90.106 0.272822
90.1075 0.272925
90.1089 0.273028
90.1104 0.273131
90.1118 0.273234
90.1133 0.273337
90.1147 0.27344
90.1162 0.273543
90.1176 0.273646
90.1191 0.273748
90.1205 0.273851
90.122 0.273954
90.1234 0.274057
90.1249 0.27416
90.1263 0.274263
90.1278 0.274366
90.1292 0.274469
90.1306 0.274572
90.1321 0.274675
90.1335 0.274777
90.135 0.27488
90.1364 0.274983
90.1379 0.275086
90.1393 0.275189
90.1407 0.275292
90.1422 0.275395
90.1436 0.275498
90.145 0.275601
90.1465 0.275704
90.1479 0.275806
90.1493 0.275909
90.1508 0.276012
90.1522 0.276115
90.1536 0.276218
90.1551 0.276321
90.1565 0.276424
90.1579 0.276527
90.1594 0.27663
90.1608 0.276733
90.1622 0.276835
90.1636 0.276938
90.1651 0.277041
90.1665 0.277144
90.1679 0.277247
90.1693 0.27735
90.1707 0.277453
90.1722 0.277556
90.1736 0.277659
90.175 0.277762
90.1764 0.277864
90.1778 0.277967
90.1793 0.27807
90.1807 0.278173
90.1821 0.278276
90.1835 0.278379
90.1849 0.278482
90.1863 0.278585
90.1878 0.278688
90.1892 0.278791
90.1906 0.278893
90.192 0.278996
90.1934 0.279099
90.1948 0.279202
90.1962 0.279305
90.1976 0.279408
90.199 0.279511
90.2005 0.279614
90.2019 0.279717
90.2033 0.27982
90.2047 0.279922
90.2061 0.280025
90.2075 0.280128
90.2089 0.280231
90.2103 0.280334
90.2117 0.280437
90.2131 0.28054
90.2145 0.280643
90.2159 0.280746
90.2173 0.280849
90.2187 0.280951
90.2201 0.281054
90.2215 0.281157
90.2229 0.28126
90.2243 0.281363
90.2257 0.281466
90.227 0.281569
90.2284 0.281672
90.2298 0.281775
90.2312 0.281878
90.2326 0.28198
90.234 0.282083
90.2354 0.282186
90.2368 0.282289
90.2382 0.282392
90.2396 0.282495
90.2409 0.282598
90.2423 0.282701
90.2437 0.282804
90.2451 0.282907
90.2465 0.283009
90.2479 0.283112
90.2492 0.283215
90.2506 0.283318
90.252 0.283421
90.2534 0.283524
90.2548 0.283627
90.2561 0.28373
90.2575 0.283833
90.2589 0.283935
90.2603 0.284038
90.2617 0.284141
90.263 0.284244
90.2644 0.284347
90.2658 0.28445
90.2672 0.284553
90.2685 0.284656
90.2699 0.284759
90.2713 0.284862
90.2726 0.284964
90.274 0.285067
90.2754 0.28517
90.2768 0.285273
90.2781 0.285376
90.2795 0.285479
90.2809 0.285582
90.2822 0.285685
90.2836 0.285788
90.285 0.285891
90.2863 0.285993
90.2877 0.286096
90.289 0.286199
90.2904 0.286302
90.2918 0.286405
90.2931 0.286508
90.2945 0.286611
90.2958 0.286714
90.2972 0.286817
90.2986 0.286919
90.2999 0.287022
90.3013 0.287125
90.3026 0.287228
90.304 0.287331
90.3054 0.287434
90.3067 0.287537
90.3081 0.28764
90.3094 0.287743
90.3108 0.287846
90.3121 0.287948
90.3135 0.288051
90.3148 0.288154
90.3162 0.288257
90.3175 0.28836
90.3189 0.288463
90.3202 0.288566
90.3216 0.288669
90.3229 0.288772
90.3243 0.288874
90.3256 0.288977
90.327 0.28908
90.3283 0.289183
90.3297 0.289286
90.331 0.289389
90.3324 0.289492
90.3337 0.289595
90.335 0.289698
90.3364 0.289801
90.3377 0.289903
90.3391 0.290006
90.3404 0.290109
90.3417 0.290212
90.3431 0.290315
90.3444 0.290418
90.3457 0.290521
90.3471 0.290624
90.3484 0.290727
90.3497 0.290829
90.3511 0.290932
90.3524 0.291035
90.3537 0.291138
90.3551 0.291241
90.3564 0.291344
90.3577 0.291447
90.359 0.29155
90.3603 0.291653
90.3616 0.291755
90.363 0.291858
90.3643 0.291961
90.3656 0.292064
90.3669 0.292167
90.3682 0.29227
90.3695 0.292373
90.3708 0.292476
90.3721 0.292579
90.3735 0.292682
90.3748 0.292784
90.3761 0.292887
90.3775 0.29299
90.3788 0.293093
90.3801 0.293196
90.3815 0.293299
90.3828 0.293402
90.3841 0.293505
90.3854 0.293608
90.3868 0.29371
90.3881 0.293813
90.3894 0.293916
90.3907 0.294019
90.3921 0.294122
90.3934 0.294225
90.3947 0.294328
90.396 0.294431
90.3974 0.294534
90.3987 0.294636
90.4 0.294739
90.4013 0.294842
90.4026 0.294945
90.4039 0.295048
90.4053 0.295151
90.4066 0.295254
90.4079 0.295357
90.4092 0.29546
90.4105 0.295562
90.4118 0.295665
90.4131 0.295768
90.4144 0.295871
90.4157 0.295974
90.4171 0.296077
90.4184 0.29618
90.4197 0.296283
90.421 0.296386
90.4223 0.296489
90.4236 0.296591
90.4249 0.296694
90.4262 0.296797
90.4275 0.2969
90.4288 0.297003
90.4301 0.297106
90.4314 0.297209
90.4327 0.297312
90.434 0.297415
90.4353 0.297517
90.4365 0.29762
90.4378 0.297723
90.4391 0.297826
90.4404 0.297929
90.4417 0.298032
90.443 0.298135
90.4443 0.298238
90.4456 0.298341
90.4469 0.298443
90.4481 0.298546
90.4494 0.298649
90.4507 0.298752
90.452 0.298855
90.4533 0.298958
90.4546 0.299061
90.4558 0.299164
90.4571 0.299267
90.4584 0.299369
90.4597 0.299472
90.4609 0.299575
90.4622 0.299678
90.4635 0.299781
90.4648 0.299884
90.466 0.299987
90.4673 0.30009
90.4686 0.300193
90.4699 0.300295
90.4711 0.300398
90.4724 0.300501
90.4737 0.300604
90.4749 0.300707
90.4762 0.30081
90.4774 0.300913
90.4787 0.301016
90.48 0.301119
90.4812 0.301221
90.4825 0.301324
90.4838 0.301427
90.485 0.30153
90.4863 0.301633
90.4875 0.301736
90.4888 0.301839
90.49 0.301942
90.4913 0.302045
90.4925 0.302147
90.4938 0.30225
90.495 0.302353
90.4963 0.302456
90.4975 0.302559
90.4988 0.302662
90.5 0.302765
90.5013 0.302868
90.5025 0.302971
90.5038 0.303073
90.505 0.303176
90.5062 0.303279
90.5075 0.303382
90.5087 0.303485
90.51 0.303588
90.5112 0.303691
90.5124 0.303794
90.5137 0.303896
90.5149 0.303999
90.5161 0.304102
90.5174 0.304205
90.5186 0.304308
90.5198 0.304411
90.5211 0.304514
90.5223 0.304617
90.5235 0.30472
90.5247 0.304822
90.526 0.304925
90.5272 0.305028
90.5284 0.305131
90.5296 0.305234
90.5309 0.305337
90.5321 0.30544
90.5333 0.305543
90.5345 0.305646
90.5357 0.305748
90.537 0.305851
90.5382 0.305954
90.5394 0.306057
90.5406 0.30616
90.5418 0.306263
90.543 0.306366
90.5442 0.306469
90.5455 0.306572
90.5467 0.306674
90.5479 0.306777
90.5491 0.30688
90.5503 0.306983
90.5515 0.307086
90.5527 0.307189
90.5539 0.307292
90.5551 0.307395
90.5563 0.307497
90.5575 0.3076
90.5587 0.307703
90.5599 0.307806
90.5611 0.307909
90.5623 0.308012
90.5635 0.308115
90.5647 0.308218
90.5659 0.308321
90.5671 0.308423
90.5683 0.308526
90.5695 0.308629
90.5707 0.308732
90.5719 0.308835
90.5731 0.308938
90.5743 0.309041
90.5754 0.309144
90.5766 0.309247
90.5778 0.309349
90.579 0.309452
90.5802 0.309555
90.5814 0.309658
90.5826 0.309761
90.5837 0.309864
90.5849 0.309967
90.5861 0.31007
90.5873 0.310172
90.5885 0.310275
90.5897 0.310378
90.5908 0.310481
90.592 0.310584
90.5932 0.310687
90.5944 0.31079
90.5955 0.310893
90.5967 0.310996
90.5979 0.311098
90.5991 0.311201
90.6002 0.311304
90.6014 0.311407
90.6025 0.31151
90.6037 0.311613
90.6048 0.311716
90.606 0.311819
90.6071 0.311921
90.6083 0.312024
90.6094 0.312127
90.6106 0.31223
90.6118 0.312333
90.6129 0.312436
90.6141 0.312539
90.6152 0.312642
90.6164 0.312745
90.6175 0.312847
90.6187 0.31295
90.6198 0.313053
90.6209 0.313156
90.6221 0.313259
90.6232 0.313362
90.6244 0.313465
90.6255 0.313568
90.6267 0.31367
90.6278 0.313773
90.629 0.313876
90.6301 0.313979
90.6313 0.314082
90.6324 0.314185
90.6335 0.314288
90.6347 0.314391
90.6358 0.314494
90.637 0.314596
90.6381 0.314699
90.6393 0.314802
90.6404 0.314905
90.6415 0.315008
90.6427 0.315111
90.6438 0.315214
90.645 0.315317
90.6461 0.315419
90.6472 0.315522
90.6484 0.315625
90.6495 0.315728
90.6506 0.315831
90.6518 0.315934
90.6529 0.316037
90.654 0.31614
90.6552 0.316242
90.6563 0.316345
90.6575 0.316448
90.6586 0.316551
90.6597 0.316654
90.6609 0.316757
90.662 0.31686
90.6631 0.316963
90.6643 0.317066
90.6654 0.317168
90.6665 0.317271
90.6676 0.317374
90.6688 0.317477
90.6699 0.31758
90.671 0.317683
90.6722 0.317786
90.6733 0.317889
90.6744 0.317991
90.6756 0.318094
90.6767 0.318197
90.6778 0.3183
90.6789 0.318403
90.6801 0.318506
90.6812 0.318609
90.6823 0.318712
90.6834 0.318814
90.6846 0.318917
90.6857 0.31902
90.6868 0.319123
90.6879 0.319226
90.6891 0.319329
90.6902 0.319432
90.6913 0.319535
90.6924 0.319638
90.6936 0.31974
90.6947 0.319843
90.6958 0.319946
90.6969 0.320049
90.698 0.320152
90.6992 0.320255
90.7003 0.320358
90.7014 0.320461
90.7025 0.320563
90.7037 0.320666
90.7048 0.320769
90.7059 0.320872
90.707 0.320975
90.7081 0.321078
90.7092 0.321181
90.7104 0.321284
90.7115 0.321386
90.7126 0.321489
90.7137 0.321592
90.7148 0.321695
90.7159 0.321798
90.717 0.321901
90.7181 0.322004
90.7193 0.322107
90.7204 0.322209
90.7215 0.322312
90.7226 0.322415
90.7237 0.322518
90.7248 0.322621
90.7259 0.322724
90.727 0.322827
90.7281 0.32293
90.7292 0.323032
90.7303 0.323135
90.7314 0.323238
90.7325 0.323341
90.7337 0.323444
90.7348 0.323547
90.7359 0.32365
90.737 0.323753
90.7381 0.323856
90.7392 0.323958
90.7403 0.324061
90.7414 0.324164
90.7425 0.324267
90.7436 0.32437
90.7447 0.324473
90.7458 0.324576
90.7469 0.324679
90.748 0.324781
90.7491 0.324884
90.7502 0.324987
90.7513 0.32509
90.7524 0.325193
90.7535 0.325296
90.7546 0.325399
90.7557 0.325502
90.7568 0.325604
90.7579 0.325707
90.759 0.32581
90.7601 0.325913
90.7612 0.326016
90.7623 0.326119
90.7634 0.326222
90.7645 0.326325
90.7656 0.326427
90.7667 0.32653
90.7678 0.326633
90.7689 0.326736
90.77 0.326839
90.7711 0.326942
90.7722 0.327045
90.7733 0.327148
90.7744 0.32725
90.7755 0.327353
90.7765 0.327456
90.7776 0.327559
90.7787 0.327662
90.7798 0.327765
90.7809 0.327868
90.782 0.327971
90.7831 0.328073
90.7842 0.328176
90.7853 0.328279
90.7864 0.328382
90.7875 0.328485
90.7886 0.328588
90.7897 0.328691
90.7907 0.328794
90.7918 0.328896
90.7929 0.328999
90.794 0.329102
90.7951 0.329205
90.7962 0.329308
90.7973 0.329411
90.7984 0.329514
90.7995 0.329617
90.8005 0.329719
90.8016 0.329822
90.8027 0.329925
90.8038 0.330028
90.8049 0.330131
90.806 0.330234
90.8071 0.330337
90.8081 0.33044
90.8092 0.330542
90.8103 0.330645
90.8114 0.330748
90.8125 0.330851
90.8136 0.330954
90.8147 0.331057
90.8157 0.33116
90.8168 0.331263
90.8179 0.331365
90.819 0.331468
90.8201 0.331571
90.8212 0.331674
90.8222 0.331777
90.8233 0.33188
90.8244 0.331983
90.8255 0.332086
90.8266 0.332188
90.8276 0.332291
90.8287 0.332394
90.8298 0.332497
90.8309 0.3326
90.832 0.332703
90.833 0.332806
90.8341 0.332909
90.8352 0.333011
90.8363 0.333114
90.8373 0.333217
90.8384 0.33332
90.8395 0.333423
90.8406 0.333526
90.8417 0.333629
90.8427 0.333732
90.8438 0.333834
90.8449 0.333937
90.846 0.33404
90.847 0.334143
90.8481 0.334246
90.8492 0.334349
90.8503 0.334452
90.8513 0.334555
90.8524 0.334657
90.8535 0.33476
90.8546 0.334863
90.8556 0.334966
90.8567 0.335069
90.8578 0.335172
90.8588 0.335275
90.8599 0.335378
90.861 0.33548
90.8621 0.335583
90.8631 0.335686
90.8642 0.335789
90.8653 0.335892
90.8663 0.335995
90.8674 0.336098
90.8685 0.336201
90.8695 0.336303
90.8706 0.336406
90.8717 0.336509
90.8728 0.336612
90.8738 0.336715
90.8749 0.336818
90.876 0.336921
90.877 0.337024
90.8781 0.337126
90.8792 0.337229
90.8802 0.337332
90.8813 0.337435
90.8823 0.337538
90.8834 0.337641
90.8845 0.337744
90.8855 0.337847
90.8866 0.337949
90.8877 0.338052
90.8887 0.338155
90.8898 0.338258
90.8909 0.338361
90.8919 0.338464
90.893 0.338567
90.894 0.33867
90.8951 0.338772
90.8962 0.338875
90.8972 0.338978
90.8983 0.339081
90.8993 0.339184
90.9004 0.339287
90.9015 0.33939
90.9025 0.339493
90.9036 0.339595
90.9046 0.339698
90.9057 0.339801
90.9068 0.339904
90.9078 0.340007
90.9089 0.34011
90.9099 0.340213
90.911 0.340316
90.912 0.340418
90.9131 0.340521
90.9142 0.340624
90.9152 0.340727
90.9163 0.34083
90.9173 0.340933
90.9184 0.341036
90.9194 0.341138
90.9205 0.341241
90.9215 0.341344
90.9226 0.341447
90.9237 0.34155
90.9247 0.341653
90.9258 0.341756
90.9268 0.341859
90.9279 0.341961
90.9289 0.342064
90.93 0.342167
90.931 0.34227
90.9321 0.342373
90.9332 0.342476
90.9342 0.342579
90.9353 0.342682
90.9363 0.342784
90.9374 0.342887
90.9384 0.34299
90.9395 0.343093
90.9405 0.343196
90.9416 0.343299
90.9426 0.343402
90.9437 0.343505
90.9447 0.343607
90.9458 0.34371
90.9468 0.343813
90.9479 0.343916
90.9489 0.344019
90.95 0.344122
90.951 0.344225
90.9521 0.344327
90.9531 0.34443
90.9542 0.344533
90.9552 0.344636
90.9563 0.344739
90.9573 0.344842
90.9583 0.344945
90.9594 0.345048
90.9604 0.34515
90.9615 0.345253
90.9625 0.345356
90.9636 0.345459
90.9646 0.345562
90.9657 0.345665
90.9667 0.345768
90.9677 0.345871
90.9688 0.345973
90.9698 0.346076
90.9709 0.346179
90.9719 0.346282
90.9729 0.346385
90.974 0.346488
90.975 0.346591
90.9761 0.346693
90.9771 0.346796
90.9781 0.346899
90.9792 0.347002
90.9802 0.347105
90.9813 0.347208
90.9823 0.347311
90.9833 0.347414
90.9844 0.347516
90.9854 0.347619
90.9864 0.347722
90.9875 0.347825
90.9885 0.347928
90.9895 0.348031
90.9906 0.348134
90.9916 0.348237
90.9926 0.348339
90.9936 0.348442
90.9947 0.348545
90.9957 0.348648
90.9967 0.348751
90.9978 0.348854
90.9988 0.348957
90.9998 0.349059
91.0008 0.349162
91.0019 0.349265
91.0029 0.349368
91.0039 0.349471
91.005 0.349574
91.006 0.349677
91.007 0.34978
91.008 0.349882
91.0091 0.349985
91.0101 0.350088
91.0111 0.350191
91.0121 0.350294
91.0132 0.350397
91.0142 0.3505
91.0152 0.350602
91.0162 0.350705
91.0172 0.350808
91.0183 0.350911
91.0193 0.351014
91.0203 0.351117
91.0213 0.35122
91.0223 0.351323
91.0233 0.351425
91.0243 0.351528
91.0254 0.351631
91.0264 0.351734
91.0274 0.351837
91.0284 0.35194
91.0294 0.352043
91.0304 0.352145
91.0314 0.352248
91.0324 0.352351
91.0334 0.352454
91.0344 0.352557
91.0354 0.35266
91.0364 0.352763
91.0375 0.352866
91.0385 0.352968
91.0395 0.353071
91.0405 0.353174
91.0415 0.353277
91.0425 0.35338
91.0435 0.353483
91.0445 0.353586
91.0455 0.353688
91.0465 0.353791
91.0475 0.353894
91.0485 0.353997
91.0495 0.3541
91.0504 0.354203
91.0514 0.354306
91.0524 0.354409
91.0534 0.354511
91.0544 0.354614
91.0554 0.354717
91.0564 0.35482
91.0574 0.354923
91.0584 0.355026
91.0594 0.355129
91.0604 0.355231
91.0613 0.355334
91.0623 0.355437
91.0633 0.35554
91.0643 0.355643
91.0653 0.355746
91.0662 0.355849
91.0672 0.355951
91.0682 0.356054
91.0692 0.356157
91.0702 0.35626
91.0711 0.356363
91.0721 0.356466
91.0731 0.356569
91.074 0.356671
91.075 0.356774
91.076 0.356877
91.0769 0.35698
91.0779 0.357083
91.0789 0.357186
91.0798 0.357289
91.0808 0.357391
91.0817 0.357494
91.0827 0.357597
91.0836 0.3577
91.0846 0.357803
91.0855 0.357906
91.0865 0.358009
91.0874 0.358111
91.0884 0.358214
91.0893 0.358317
91.0902 0.35842
91.0912 0.358523
91.0921 0.358626
91.0931 0.358729
91.094 0.358831
91.0949 0.358934
91.0958 0.359037
91.0968 0.35914
91.0977 0.359243
91.0986 0.359346
91.0996 0.359449
91.1005 0.359551
91.1014 0.359654
91.1023 0.359757
91.1032 0.35986
91.1042 0.359963
91.1051 0.360066
91.106 0.360169
91.1069 0.360271
91.1078 0.360374
91.1087 0.360477
91.1097 0.36058
91.1106 0.360683
91.1115 0.360786
91.1124 0.360889
91.1133 0.360991
91.1142 0.361094
91.1151 0.361197
91.116 0.3613
91.1169 0.361403
91.1179 0.361506
91.1188 0.361608
91.1197 0.361711
91.1206 0.361814
91.1215 0.361917
91.1224 0.36202
91.1233 0.362123
91.1242 0.362226
91.1251 0.362328
91.126 0.362431
91.1269 0.362534
91.1278 0.362637
91.1287 0.36274
91.1296 0.362843
91.1305 0.362946
91.1313 0.363048
91.1322 0.363151
91.1331 0.363254
91.134 0.363357
91.1349 0.36346
91.1358 0.363563
91.1367 0.363665
91.1375 0.363768
91.1384 0.363871
91.1393 0.363974
91.1402 0.364077
91.1411 0.36418
91.142 0.364283
91.1429 0.364385
91.1437 0.364488
91.1446 0.364591
91.1455 0.364694
91.1464 0.364797
91.1473 0.3649
91.1482 0.365003
91.1491 0.365105
91.15 0.365208
91.1508 0.365311
91.1517 0.365414
91.1526 0.365517
91.1535 0.36562
91.1544 0.365722
91.1553 0.365825
91.1562 0.365928
91.157 0.366031
91.1579 0.366134
91.1588 0.366237
91.1597 0.36634
91.1606 0.366442
91.1615 0.366545
91.1624 0.366648
91.1632 0.366751
91.1641 0.366854
91.165 0.366957
91.1659 0.36706
91.1668 0.367162
91.1677 0.367265
91.1685 0.367368
91.1694 0.367471
91.1703 0.367574
91.1712 0.367677
91.1721 0.367779
91.173 0.367882
91.1738 0.367985
91.1747 0.368088
91.1756 0.368191
91.1765 0.368294
91.1774 0.368397
91.1783 0.368499
91.1791 0.368602
91.18 0.368705
91.1809 0.368808
91.1818 0.368911
91.1827 0.369014
91.1835 0.369116
91.1844 0.369219
91.1853 0.369322
91.1862 0.369425
91.1871 0.369528
91.1879 0.369631
91.1888 0.369734
91.1897 0.369836
91.1906 0.369939
91.1915 0.370042
91.1923 0.370145
91.1932 0.370248
91.1941 0.370351
91.195 0.370453
91.1958 0.370556
91.1967 0.370659
91.1976 0.370762
91.1985 0.370865
91.1994 0.370968
91.2002 0.371071
91.2011 0.371173
91.202 0.371276
91.2029 0.371379
91.2037 0.371482
91.2046 0.371585
91.2055 0.371688
91.2064 0.371791
91.2072 0.371893
91.2081 0.371996
91.209 0.372099
91.2099 0.372202
91.2108 0.372305
91.2116 0.372408
91.2125 0.37251
91.2134 0.372613
91.2142 0.372716
91.2151 0.372819
91.216 0.372922
91.2169 0.373025
91.2177 0.373128
91.2186 0.37323
91.2195 0.373333
91.2204 0.373436
91.2212 0.373539
91.2221 0.373642
91.223 0.373745
91.2239 0.373847
91.2247 0.37395
91.2256 0.374053
91.2265 0.374156
91.2273 0.374259
91.2282 0.374362
91.2291 0.374465
91.23 0.374567
91.2308 0.37467
91.2317 0.374773
91.2326 0.374876
91.2334 0.374979
91.2343 0.375082
91.2352 0.375184
91.236 0.375287
91.2369 0.37539
91.2378 0.375493
91.2386 0.375596
91.2395 0.375699
91.2404 0.375802
91.2412 0.375904
91.2421 0.376007
91.243 0.37611
91.2438 0.376213
91.2447 0.376316
91.2456 0.376419
91.2464 0.376521
91.2473 0.376624
91.2482 0.376727
91.249 0.37683
91.2499 0.376933
91.2507 0.377036
91.2516 0.377139
91.2525 0.377241
91.2533 0.377344
91.2542 0.377447
91.2551 0.37755
91.2559 0.377653
91.2568 0.377756
91.2576 0.377858
91.2585 0.377961
91.2594 0.378064
91.2602 0.378167
91.2611 0.37827
91.2619 0.378373
91.2628 0.378476
91.2636 0.378578
91.2645 0.378681
91.2653 0.378784
91.2662 0.378887
91.2671 0.37899
91.2679 0.379093
91.2688 0.379195
91.2696 0.379298
91.2705 0.379401
91.2713 0.379504
91.2722 0.379607
91.273 0.37971
91.2739 0.379813
91.2747 0.379915
91.2756 0.380018
91.2764 0.380121
91.2773 0.380224
91.2781 0.380327
91.279 0.38043
91.2798 0.380532
91.2807 0.380635
91.2815 0.380738
91.2824 0.380841
91.2832 0.380944
91.2841 0.381047
91.2849 0.38115
91.2858 0.381252
91.2866 0.381355
91.2875 0.381458
91.2883 0.381561
91.2892 0.381664
91.29 0.381767
91.2909 0.381869
91.2917 0.381972
91.2926 0.382075
91.2934 0.382178
91.2943 0.382281
91.2951 0.382384
91.296 0.382487
91.2968 0.382589
91.2977 0.382692
91.2985 0.382795
91.2994 0.382898
91.3002 0.383001
91.3011 0.383104
91.3019 0.383206
91.3028 0.383309
91.3036 0.383412
91.3045 0.383515
91.3053 0.383618
91.3062 0.383721
91.307 0.383824
91.3078 0.383926
91.3087 0.384029
91.3095 0.384132
91.3104 0.384235
91.3112 0.384338
91.3121 0.384441
91.3129 0.384543
91.3138 0.384646
91.3146 0.384749
91.3154 0.384852
91.3163 0.384955
91.3171 0.385058
91.318 0.385161
91.3188 0.385263
91.3197 0.385366
91.3205 0.385469
91.3214 0.385572
91.3222 0.385675
91.323 0.385778
91.3239 0.38588
91.3247 0.385983
91.3256 0.386086
91.3264 0.386189
91.3273 0.386292
91.3281 0.386395
91.3289 0.386498
91.3298 0.3866
91.3306 0.386703
91.3315 0.386806
91.3323 0.386909
91.3331 0.387012
91.334 0.387115
91.3348 0.387217
91.3357 0.38732
91.3365 0.387423
91.3373 0.387526
91.3382 0.387629
91.339 0.387732
91.3399 0.387835
91.3407 0.387937
91.3415 0.38804
91.3424 0.388143
91.3432 0.388246
91.3441 0.388349
91.3449 0.388452
91.3457 0.388554
91.3466 0.388657
91.3474 0.38876
91.3482 0.388863
91.3491 0.388966
91.3499 0.389069
91.3508 0.389171
91.3516 0.389274
91.3524 0.389377
91.3533 0.38948
91.3541 0.389583
91.3549 0.389686
91.3558 0.389789
91.3566 0.389891
91.3574 0.389994
91.3583 0.390097
91.3591 0.3902
91.3599 0.390303
91.3608 0.390406
91.3616 0.390508
91.3624 0.390611
91.3633 0.390714
91.3641 0.390817
91.365 0.39092
91.3658 0.391023
91.3666 0.391126
91.3675 0.391228
91.3683 0.391331
91.3691 0.391434
91.3699 0.391537
91.3707 0.39164
91.3716 0.391743
91.3724 0.391845
91.3732 0.391948
91.374 0.392051
91.3748 0.392154
91.3756 0.392257
91.3765 0.39236
91.3773 0.392463
91.3781 0.392565
91.3789 0.392668
91.3797 0.392771
91.3806 0.392874
91.3814 0.392977
91.3822 0.39308
91.383 0.393182
91.3838 0.393285
91.3847 0.393388
91.3855 0.393491
91.3863 0.393594
91.3871 0.393697
91.3879 0.393799
91.3888 0.393902
91.3896 0.394005
91.3904 0.394108
91.3912 0.394211
91.392 0.394314
91.3928 0.394417
91.3937 0.394519
91.3945 0.394622
91.3953 0.394725
91.3961 0.394828
91.3969 0.394931
91.3977 0.395034
91.3986 0.395136
91.3994 0.395239
91.4002 0.395342
91.401 0.395445
91.4018 0.395548
91.4026 0.395651
91.4034 0.395753
91.4043 0.395856
91.4051 0.395959
91.4059 0.396062
91.4067 0.396165
91.4075 0.396268
91.4083 0.396371
91.4091 0.396473
91.41 0.396576
91.4108 0.396679
91.4116 0.396782
91.4124 0.396885
91.4132 0.396988
91.414 0.39709
91.4148 0.397193
91.4156 0.397296
91.4164 0.397399
91.4173 0.397502
91.4181 0.397605
91.4189 0.397707
91.4197 0.39781
91.4205 0.397913
91.4213 0.398016
91.4221 0.398119
91.4229 0.398222
91.4237 0.398325
91.4246 0.398427
91.4254 0.39853
91.4262 0.398633
91.427 0.398736
91.4278 0.398839
91.4286 0.398942
91.4294 0.399044
91.4302 0.399147
91.431 0.39925
91.4318 0.399353
91.4326 0.399456
91.4334 0.399559
91.4342 0.399661
91.4351 0.399764
91.4359 0.399867
91.4367 0.39997
91.4375 0.400073
91.4383 0.400176
91.4391 0.400278
91.4399 0.400381
91.4407 0.400484
91.4415 0.400587
91.4423 0.40069
91.4431 0.400793
91.4439 0.400896
91.4447 0.400998
91.4456 0.401101
91.4464 0.401204
91.4472 0.401307
91.448 0.40141
91.4488 0.401513
91.4496 0.401615
91.4504 0.401718
91.4512 0.401821
91.452 0.401924
91.4528 0.402027
91.4536 0.40213
91.4544 0.402232
91.4552 0.402335
91.456 0.402438
91.4568 0.402541
91.4576 0.402644
91.4584 0.402747
91.4592 0.402849
91.46 0.402952
91.4608 0.403055
91.4616 0.403158
91.4624 0.403261
91.4632 0.403364
91.464 0.403466
91.4648 0.403569
91.4656 0.403672
91.4664 0.403775
91.4673 0.403878
91.4681 0.403981
91.4689 0.404083
91.4697 0.404186
91.4705 0.404289
91.4713 0.404392
91.4721 0.404495
91.4728 0.404598
91.4736 0.404701
91.4744 0.404803
91.4752 0.404906
91.476 0.405009
91.4768 0.405112
91.4776 0.405215
91.4784 0.405318
91.4792 0.40542
91.48 0.405523
91.4808 0.405626
91.4816 0.405729
91.4824 0.405832
91.4832 0.405935
91.484 0.406037
91.4848 0.40614
91.4856 0.406243
91.4864 0.406346
91.4872 0.406449
91.488 0.406552
91.4888 0.406654
91.4896 0.406757
91.4904 0.40686
91.4912 0.406963
91.4919 0.407066
91.4927 0.407169
91.4935 0.407271
91.4943 0.407374
91.4951 0.407477
91.4959 0.40758
91.4967 0.407683
91.4975 0.407786
91.4983 0.407888
91.4991 0.407991
91.4999 0.408094
91.5007 0.408197
91.5014 0.4083
91.5022 0.408403
91.503 0.408505
91.5038 0.408608
91.5046 0.408711
91.5054 0.408814
91.5062 0.408917
91.507 0.40902
91.5078 0.409122
91.5085 0.409225
91.5093 0.409328
91.5101 0.409431
91.5109 0.409534
91.5117 0.409637
91.5125 0.409739
91.5133 0.409842
91.5141 0.409945
91.5148 0.410048
91.5156 0.410151
91.5164 0.410254
91.5172 0.410356
91.518 0.410459
91.5188 0.410562
91.5196 0.410665
91.5203 0.410768
91.5211 0.410871
91.5219 0.410973
91.5227 0.411076
91.5235 0.411179
91.5243 0.411282
91.525 0.411385
91.5258 0.411488
