0 -3.27094e-05
0.16156 6.70533e-05
0.323085 0.000166816
0.484576 0.000266579
0.646031 0.000366341
0.807452 0.000466104
0.968837 0.000565867
1.13019 0.000665629
1.2915 0.000765392
1.45278 0.000865155
1.61403 0.000964917
1.77524 0.00106468
1.93641 0.00116444
2.09755 0.0012642
2.25865 0.00136397
2.41972 0.00146373
2.58075 0.00156349
2.74175 0.00166325
2.90271 0.00176302
3.06364 0.00186278
3.22453 0.00196254
3.38539 0.0020623
3.54621 0.00216207
3.70699 0.00226183
3.86774 0.00236159
4.02846 0.00246135
4.18913 0.00256111
4.34977 0.00266088
4.51038 0.00276064
4.67095 0.0028604
4.83149 0.00296016
4.99198 0.00305992
5.15245 0.00315969
5.31288 0.00325945
5.47326 0.00335921
5.63361 0.00345897
5.79393 0.00355873
5.95421 0.00365849
6.11446 0.00375826
6.27466 0.00385802
6.43484 0.00395778
6.59498 0.00405754
6.75506 0.0041573
6.91481 0.00425707
7.07428 0.00435683
7.23358 0.00445659
7.39247 0.00455635
7.55111 0.00465612
7.70972 0.00475588
7.86828 0.00485564
8.02657 0.00495541
8.18467 0.00505517
8.34265 0.00515494
8.50051 0.0052547
8.6573 0.00535446
8.81202 0.00545423
8.96592 0.005554
9.11967 0.00565377
9.27333 0.00575354
9.42663 0.00585331
9.57874 0.00595309
9.73073 0.00605286
9.88265 0.00615263
10.0345 0.0062524
10.1864 0.00635218
10.3376 0.00645195
10.4887 0.00655172
10.6396 0.0066515
10.7898 0.00675127
10.9394 0.00685105
11.0887 0.00695082
11.2365 0.0070506
11.38 0.00715039
11.5221 0.00725017
11.6643 0.00734996
11.8063 0.00744975
11.9479 0.00754954
12.0894 0.00764932
12.2303 0.00774911
12.3696 0.00784891
12.5089 0.0079487
12.6479 0.00804849
12.7866 0.00814828
12.9253 0.00824807
13.0638 0.00834787
13.2022 0.00844766
13.3383 0.00854745
13.474 0.00864725
13.6095 0.00874705
13.7417 0.00884685
13.8734 0.00894665
14.0046 0.00904645
14.1357 0.00914626
14.2665 0.00924606
14.3966 0.00934587
14.5255 0.00944568
14.6528 0.00954549
14.7794 0.0096453
14.9058 0.00974511
15.0313 0.00984492
15.1555 0.00994474
15.2789 0.0100446
15.4003 0.0101444
15.5214 0.0102442
15.6421 0.010344
15.7623 0.0104438
15.8821 0.0105437
16.0016 0.0106435
16.1209 0.0107433
16.2399 0.0108431
16.3589 0.010943
16.4776 0.0110428
16.5957 0.0111426
16.7127 0.0112424
16.8286 0.0113423
16.9439 0.0114421
17.059 0.0115419
17.1738 0.0116418
17.2875 0.0117416
17.399 0.0118414
17.5097 0.0119413
17.6196 0.0120411
17.7292 0.0121409
17.8374 0.0122408
17.9452 0.0123406
18.0529 0.0124405
18.1589 0.0125403
18.2633 0.0126402
18.3675 0.01274
18.4706 0.0128399
18.5738 0.0129397
18.6768 0.0130396
18.7799 0.0131394
18.8828 0.0132393
18.9848 0.0133391
19.0867 0.013439
19.1884 0.0135388
19.2897 0.0136387
19.3905 0.0137385
19.4898 0.0138384
19.5881 0.0139382
19.686 0.0140381
19.783 0.014138
19.8788 0.0142378
19.9742 0.0143377
20.0696 0.0144375
20.1648 0.0145374
20.2595 0.0146373
20.3532 0.0147371
20.4468 0.014837
20.5401 0.0149369
20.6324 0.0150367
20.7245 0.0151366
20.8157 0.0152365
20.9059 0.0153363
20.996 0.0154362
21.086 0.0155361
21.1753 0.015636
21.2641 0.0157359
21.3529 0.0158357
21.4417 0.0159356
21.5304 0.0160355
21.619 0.0161354
21.7074 0.0162352
21.7957 0.0163351
21.8834 0.016435
21.9708 0.0165349
22.0582 0.0166348
22.1455 0.0167346
22.2326 0.0168345
22.3186 0.0169344
22.4044 0.0170343
22.49 0.0171342
22.5755 0.0172341
22.661 0.017334
22.7457 0.0174338
22.8302 0.0175337
22.9148 0.0176336
22.9982 0.0177335
23.0801 0.0178334
23.1619 0.0179333
23.2435 0.0180332
23.324 0.0181331
23.4044 0.018233
23.4846 0.0183329
23.5646 0.0184328
23.6436 0.0185327
23.722 0.0186326
23.8 0.0187325
23.877 0.0188324
23.9539 0.0189323
24.0305 0.0190322
24.1063 0.0191321
24.1821 0.019232
24.2567 0.0193319
24.3311 0.0194318
24.4039 0.0195317
24.4765 0.0196316
24.5491 0.0197315
24.6216 0.0198314
24.6938 0.0199313
24.7657 0.0200312
24.8369 0.0201311
24.9062 0.0202311
24.9754 0.020331
25.0446 0.0204309
25.1131 0.0205308
25.1807 0.0206307
25.2475 0.0207306
25.314 0.0208306
25.3804 0.0209305
25.4467 0.0210304
25.5129 0.0211303
25.5791 0.0212303
25.645 0.0213302
25.7108 0.0214301
25.776 0.0215301
25.8408 0.02163
25.9057 0.02173
25.9702 0.0218299
26.0347 0.0219299
26.0989 0.0220298
26.1632 0.0221297
26.227 0.0222297
26.2905 0.0223296
26.354 0.0224296
26.4171 0.0225295
26.4801 0.0226295
26.5431 0.0227294
26.606 0.0228294
26.6689 0.0229293
26.7318 0.0230292
26.7946 0.0231292
26.8573 0.0232291
26.9201 0.0233291
26.9828 0.023429
27.0454 0.023529
27.1078 0.0236289
27.1699 0.0237289
27.2316 0.0238288
27.2932 0.0239288
27.3547 0.0240287
27.4162 0.0241287
27.4773 0.0242286
27.5383 0.0243285
27.5992 0.0244285
27.6602 0.0245284
27.7211 0.0246284
27.7819 0.0247283
27.8427 0.0248283
27.9034 0.0249282
27.9633 0.0250282
28.0232 0.0251281
28.083 0.0252281
28.1427 0.025328
28.2024 0.025428
28.2619 0.0255279
28.3209 0.0256278
28.3795 0.0257278
28.4381 0.0258277
28.4966 0.0259277
28.555 0.0260276
28.6134 0.0261276
28.6717 0.0262275
28.7292 0.0263275
28.7867 0.0264274
28.8442 0.0265274
28.9017 0.0266273
28.9591 0.0267273
29.0166 0.0268272
29.0731 0.0269272
29.1296 0.0270271
29.186 0.0271271
29.2424 0.0272271
29.2988 0.027327
29.3552 0.027427
29.4107 0.0275269
29.4654 0.0276269
29.5199 0.0277268
29.5742 0.0278268
29.6281 0.0279267
29.6812 0.0280267
29.7339 0.0281266
29.7863 0.0282266
29.8386 0.0283265
29.8909 0.0284265
29.9429 0.0285264
29.9944 0.0286264
30.0451 0.0287264
30.0958 0.0288263
30.1465 0.0289263
30.1971 0.0290262
30.2477 0.0291262
30.2979 0.0292261
30.348 0.0293261
30.398 0.029426
30.4474 0.029526
30.4968 0.0296259
30.5463 0.0297259
30.5954 0.0298259
30.6445 0.0299258
30.6932 0.0300258
30.7418 0.0301257
30.7903 0.0302257
30.8387 0.0303256
30.887 0.0304256
30.9347 0.0305255
30.9823 0.0306255
31.0299 0.0307255
31.0774 0.0308254
31.1244 0.0309254
31.171 0.0310253
31.2175 0.0311253
31.264 0.0312252
31.3105 0.0313252
31.3568 0.0314251
31.4032 0.0315251
31.4495 0.0316251
31.4959 0.031725
31.5422 0.031825
31.5885 0.0319249
31.6347 0.0320249
31.6806 0.0321249
31.7265 0.0322248
31.7724 0.0323248
31.8183 0.0324247
31.8641 0.0325247
31.9099 0.0326247
31.9557 0.0327246
32.0014 0.0328246
32.047 0.0329245
32.092 0.0330245
32.137 0.0331245
32.1819 0.0332244
32.2268 0.0333244
32.2717 0.0334244
32.3164 0.0335243
32.3611 0.0336243
32.4058 0.0337242
32.4504 0.0338242
32.4949 0.0339242
32.5394 0.0340241
32.5832 0.0341241
32.6268 0.0342241
32.6702 0.034324
32.7135 0.034424
32.7568 0.034524
32.7995 0.0346239
32.8418 0.0347239
32.8836 0.0348239
32.9252 0.0349239
32.9666 0.0350238
33.008 0.0351238
33.0492 0.0352238
33.0901 0.0353237
33.1308 0.0354237
33.1709 0.0355237
33.2107 0.0356237
33.2503 0.0357236
33.2898 0.0358236
33.3291 0.0359236
33.3681 0.0360236
33.4069 0.0361236
33.4454 0.0362235
33.4835 0.0363235
33.5212 0.0364235
33.5592 0.0365235
33.597 0.0366235
33.6342 0.0367235
33.6706 0.0368234
33.7058 0.0369234
33.7404 0.0370234
33.7743 0.0371234
33.8086 0.0372234
33.8412 0.0373235
33.8715 0.0374235
33.8985 0.0375235
33.9253 0.0376236
33.9499 0.0377236
33.9348 0.0378237
33.8134 0.0379241
33.8715 0.0380241
33.7536 0.0381244
33.7301 0.0382246
33.6745 0.0383248
33.616 0.038425
33.6012 0.0385251
33.5996 0.0386252
33.6178 0.0387252
33.634 0.0388253
33.651 0.0389253
33.6679 0.0390254
33.6845 0.0391254
33.7009 0.0392255
33.7171 0.0393255
33.7331 0.0394256
33.749 0.0395256
33.7647 0.0396257
33.7804 0.0397257
33.7958 0.0398258
33.811 0.0399258
33.8259 0.0400259
33.8406 0.0401259
33.855 0.040226
33.8691 0.040326
33.8829 0.0404261
33.8964 0.0405261
33.9103 0.0406261
33.9241 0.0407262
33.9416 0.0408262
33.9599 0.0409262
33.9777 0.0410263
33.9967 0.0411263
34.0145 0.0412263
34.0311 0.0413263
34.0454 0.0414263
34.059 0.0415264
34.0767 0.0416264
34.0962 0.0417264
34.1152 0.0418264
34.1339 0.0419264
34.1522 0.0420265
34.1703 0.0421265
34.1883 0.0422265
34.2061 0.0423265
34.2238 0.0424265
34.2413 0.0425266
34.2587 0.0426266
34.276 0.0427266
34.2927 0.0428266
34.3019 0.0429266
34.3048 0.0430267
34.3035 0.0431267
34.3033 0.0432267
34.3069 0.0433268
34.3208 0.0434268
34.3332 0.0435268
34.345 0.0436268
34.3562 0.0437268
34.3667 0.0438269
34.3767 0.0439269
34.3869 0.0440269
34.3964 0.0441269
34.4048 0.0442269
34.4116 0.044327
34.4187 0.044427
34.4231 0.044527
34.4259 0.044627
34.4259 0.044727
34.4207 0.044827
34.4067 0.044927
34.3733 0.0450271
35.1648 0.0451263
34.7732 0.045227
33.9964 0.0453283
33.9558 0.0454281
33.9288 0.045528
33.9756 0.045628
34.0176 0.0457279
32.7642 0.0458289
32.7232 0.0459289
32.6764 0.0460289
32.6321 0.046129
32.5917 0.046229
32.5516 0.046329
32.5134 0.046429
32.482 0.046529
32.4666 0.046629
32.4533 0.0467291
32.4444 0.0468291
32.4436 0.0469291
32.4439 0.0470291
32.4521 0.0471291
32.4597 0.047229
32.4678 0.047329
32.4759 0.047429
32.4839 0.047529
32.4919 0.047629
32.4999 0.047729
32.5073 0.047829
32.515 0.047929
32.5201 0.0480289
32.5234 0.0481289
32.5269 0.0482289
32.5294 0.0483289
32.5313 0.0484289
32.5332 0.0485289
32.535 0.0486289
32.5363 0.0487289
32.5376 0.0488289
32.5388 0.0489289
32.54 0.0490289
32.542 0.0491289
32.5434 0.0492289
32.5451 0.0493289
32.5467 0.0494289
32.5483 0.0495289
32.5498 0.0496289
32.5512 0.0497288
32.5526 0.0498288
32.5539 0.0499288
32.5552 0.0500288
32.5563 0.0501288
32.5573 0.0502288
32.5576 0.0503288
32.5569 0.0504288
32.5561 0.0505288
32.5573 0.0506288
32.5596 0.0507288
32.5627 0.0508288
32.5662 0.0509288
32.5697 0.0510288
32.5732 0.0511288
32.5768 0.0512288
32.5805 0.0513288
32.5841 0.0514288
32.5886 0.0515288
32.5947 0.0516288
32.6011 0.0517288
32.6098 0.0518288
32.6185 0.0519288
32.6274 0.0520288
32.6362 0.0521288
32.6451 0.0522288
32.6534 0.0523288
32.6618 0.0524287
32.6701 0.0525287
32.678 0.0526287
32.6862 0.0527287
32.6942 0.0528287
32.7021 0.0529287
32.7097 0.0530287
32.7172 0.0531287
32.7244 0.0532287
32.7311 0.0533287
32.7373 0.0534287
32.7427 0.0535287
32.7487 0.0536287
32.7537 0.0537287
32.7564 0.0538287
32.7518 0.0539287
32.7445 0.0540287
32.7176 0.0541287
32.6737 0.0542288
32.5608 0.0543289
32.3957 0.0544291
32.2308 0.0545293
32.2036 0.0546294
32.1799 0.0547294
32.1544 0.0548294
32.1286 0.0549295
32.1028 0.0550295
32.0772 0.0551295
32.052 0.0552296
32.0267 0.0553296
32.0014 0.0554296
31.9761 0.0555297
31.9508 0.0556297
31.9252 0.0557297
31.9013 0.0558298
31.8817 0.0559298
31.8736 0.0560298
31.8657 0.0561298
31.8578 0.0562298
31.8499 0.0563299
31.842 0.0564299
31.834 0.0565299
31.8259 0.0566299
31.8177 0.0567299
31.8094 0.0568299
31.8022 0.0569299
31.7959 0.0570299
31.7914 0.05713
31.7869 0.05723
31.7824 0.05733
31.7778 0.05743
31.7732 0.05753
31.7686 0.05763
31.764 0.05773
31.7593 0.05783
31.7546 0.05793
31.7498 0.05803
31.7451 0.05813
31.7403 0.05823
31.7356 0.05833
31.731 0.0584301
31.7264 0.0585301
31.7215 0.0586301
31.7147 0.0587301
31.7077 0.0588301
31.7006 0.0589301
31.6935 0.0590301
31.6863 0.0591301
31.6777 0.0592301
31.6681 0.0593302
31.6578 0.0594302
31.6476 0.0595302
31.6374 0.0596302
31.6271 0.0597302
31.6168 0.0598302
31.606 0.0599303
31.5959 0.0600303
31.5891 0.0601303
31.5826 0.0602303
31.5762 0.0603303
31.5698 0.0604303
31.5634 0.0605303
31.5573 0.0606303
31.5512 0.0607304
31.5448 0.0608304
31.5386 0.0609304
31.5313 0.0610304
31.5234 0.0611304
31.5148 0.0612304
31.5065 0.0613304
31.498 0.0614304
31.4897 0.0615304
31.4812 0.0616305
31.4729 0.0617305
31.4647 0.0618305
31.4584 0.0619305
31.4536 0.0620305
31.449 0.0621305
31.4444 0.0622305
31.4398 0.0623305
31.4352 0.0624305
31.4319 0.0625305
31.4288 0.0626305
31.4259 0.0627305
31.423 0.0628305
31.42 0.0629305
31.4171 0.0630305
31.4142 0.0631305
31.4112 0.0632305
31.4085 0.0633305
31.4058 0.0634305
31.4031 0.0635306
31.4004 0.0636306
31.3976 0.0637306
31.3949 0.0638306
31.3915 0.0639306
31.3882 0.0640306
31.3846 0.0641306
31.3811 0.0642306
31.3774 0.0643306
31.3743 0.0644306
31.371 0.0645306
31.3678 0.0646306
31.3647 0.0647306
31.3613 0.0648306
31.358 0.0649306
31.3546 0.0650306
31.3512 0.0651306
31.3478 0.0652307
31.3444 0.0653307
31.341 0.0654307
31.3376 0.0655307
31.3341 0.0656307
31.3307 0.0657307
31.3272 0.0658307
31.3238 0.0659307
31.3203 0.0660307
31.3168 0.0661307
31.3133 0.0662307
31.3098 0.0663307
31.3064 0.0664307
31.3032 0.0665307
31.2999 0.0666307
31.2966 0.0667307
31.2933 0.0668308
31.29 0.0669308
31.2867 0.0670308
31.2834 0.0671308
31.2801 0.0672308
31.2768 0.0673308
31.2734 0.0674308
31.2702 0.0675308
31.2669 0.0676308
31.2636 0.0677308
31.2603 0.0678308
31.257 0.0679308
31.2537 0.0680308
31.2504 0.0681308
31.2471 0.0682308
31.2438 0.0683308
31.2404 0.0684309
31.237 0.0685309
31.2333 0.0686309
31.2299 0.0687309
31.2263 0.0688309
31.2226 0.0689309
31.219 0.0690309
31.2153 0.0691309
31.2116 0.0692309
31.208 0.0693309
31.2043 0.0694309
31.2005 0.0695309
31.1968 0.0696309
31.1931 0.0697309
31.1893 0.0698309
31.1856 0.0699309
31.1818 0.070031
31.178 0.070131
31.1742 0.070231
31.1698 0.070331
31.1641 0.070431
31.1579 0.070531
31.1519 0.070631
31.1458 0.070731
31.1397 0.070831
31.1336 0.070931
31.1276 0.071031
31.1215 0.071131
31.1154 0.071231
31.1093 0.0713311
31.1032 0.0714311
31.0971 0.0715311
31.091 0.0716311
31.0849 0.0717311
31.0799 0.0718311
31.0754 0.0719311
31.071 0.0720311
31.0667 0.0721311
31.0623 0.0722311
31.0579 0.0723311
31.0536 0.0724311
31.0492 0.0725311
31.0449 0.0726311
31.0404 0.0727311
31.036 0.0728312
31.0316 0.0729312
31.0272 0.0730312
31.0228 0.0731312
31.0183 0.0732312
31.0141 0.0733312
31.0098 0.0734312
31.0054 0.0735312
31.0011 0.0736312
30.9966 0.0737312
30.9922 0.0738312
30.9878 0.0739312
30.9834 0.0740312
30.9791 0.0741312
30.9747 0.0742312
30.9703 0.0743312
30.966 0.0744313
30.9616 0.0745313
30.9573 0.0746313
30.9529 0.0747313
30.9485 0.0748313
30.9442 0.0749313
30.9398 0.0750313
30.9354 0.0751313
30.931 0.0752313
30.9267 0.0753313
30.9223 0.0754313
30.9179 0.0755313
30.9135 0.0756313
30.9091 0.0757313
30.9047 0.0758313
30.9003 0.0759313
30.8959 0.0760314
30.8915 0.0761314
30.8871 0.0762314
30.8827 0.0763314
30.8782 0.0764314
30.8738 0.0765314
30.8694 0.0766314
30.865 0.0767314
30.8607 0.0768314
30.8563 0.0769314
30.852 0.0770314
30.8476 0.0771314
30.8433 0.0772314
30.8389 0.0773314
30.8345 0.0774314
30.8302 0.0775314
30.8258 0.0776315
30.8214 0.0777315
30.8168 0.0778315
30.8123 0.0779315
30.8077 0.0780315
30.8031 0.0781315
30.7985 0.0782315
30.7938 0.0783315
30.7892 0.0784315
30.7846 0.0785315
30.78 0.0786315
30.7753 0.0787315
30.7707 0.0788315
30.7661 0.0789315
30.7614 0.0790315
30.7567 0.0791315
30.7521 0.0792316
30.7474 0.0793316
30.7427 0.0794316
30.7381 0.0795316
30.7334 0.0796316
30.7286 0.0797316
30.7239 0.0798316
30.7192 0.0799316
30.7145 0.0800316
30.7098 0.0801316
30.7051 0.0802316
30.7004 0.0803316
30.6957 0.0804316
30.691 0.0805316
30.6863 0.0806316
30.6816 0.0807316
30.6769 0.0808317
30.6722 0.0809317
30.6674 0.0810317
30.6627 0.0811317
30.658 0.0812317
30.6533 0.0813317
30.6486 0.0814317
30.6439 0.0815317
30.6392 0.0816317
30.6345 0.0817317
30.6298 0.0818317
30.6251 0.0819317
30.6204 0.0820317
30.6157 0.0821317
30.6109 0.0822317
30.6062 0.0823317
30.6015 0.0824318
30.5968 0.0825318
30.5921 0.0826318
30.5874 0.0827318
30.5827 0.0828318
30.578 0.0829318
30.5733 0.0830318
30.5686 0.0831318
30.5638 0.0832318
30.5591 0.0833318
30.5544 0.0834318
30.5497 0.0835318
30.545 0.0836318
30.5403 0.0837318
30.5356 0.0838318
30.5309 0.0839319
30.5261 0.0840319
30.5214 0.0841319
30.5167 0.0842319
30.5119 0.0843319
30.5072 0.0844319
30.5025 0.0845319
30.4977 0.0846319
30.493 0.0847319
30.4883 0.0848319
30.4835 0.0849319
30.4788 0.0850319
30.474 0.0851319
30.4693 0.0852319
30.4646 0.0853319
30.4598 0.085432
30.4551 0.085532
30.4504 0.085632
30.4456 0.085732
30.4409 0.085832
30.4361 0.085932
30.4314 0.086032
30.4268 0.086132
30.422 0.086232
30.4173 0.086332
30.4126 0.086432
30.4078 0.086532
30.4031 0.086632
30.3984 0.086732
30.3937 0.086832
30.389 0.086932
30.3843 0.0870321
30.3795 0.0871321
30.3748 0.0872321
30.3701 0.0873321
30.3653 0.0874321
30.3606 0.0875321
30.3558 0.0876321
30.3511 0.0877321
30.3464 0.0878321
30.3416 0.0879321
30.3369 0.0880321
30.3321 0.0881321
30.3274 0.0882321
30.3227 0.0883321
30.3179 0.0884321
30.3132 0.0885322
30.3084 0.0886322
30.3037 0.0887322
30.299 0.0888322
30.2941 0.0889322
30.2894 0.0890322
30.2846 0.0891322
30.2799 0.0892322
30.2751 0.0893322
30.2704 0.0894322
30.2656 0.0895322
30.2609 0.0896322
30.2561 0.0897322
30.2514 0.0898322
30.2466 0.0899322
30.2419 0.0900322
30.2372 0.0901323
30.2324 0.0902323
30.2277 0.0903323
30.2229 0.0904323
30.2182 0.0905323
30.2135 0.0906323
30.2087 0.0907323
30.204 0.0908323
30.1993 0.0909323
30.1945 0.0910323
30.1898 0.0911323
30.1851 0.0912323
30.1804 0.0913323
30.1757 0.0914323
30.171 0.0915323
30.1662 0.0916324
30.1615 0.0917324
30.1568 0.0918324
30.1521 0.0919324
30.1473 0.0920324
30.1426 0.0921324
30.1379 0.0922324
30.1331 0.0923324
30.1284 0.0924324
30.1236 0.0925324
30.1189 0.0926324
30.1141 0.0927324
30.1094 0.0928324
30.1046 0.0929324
30.0999 0.0930324
30.0952 0.0931325
30.0904 0.0932325
30.0857 0.0933325
30.0809 0.0934325
30.0762 0.0935325
30.0714 0.0936325
30.0667 0.0937325
30.0619 0.0938325
30.0572 0.0939325
30.0525 0.0940325
30.0476 0.0941325
30.0429 0.0942325
30.0382 0.0943325
30.0333 0.0944325
30.0285 0.0945325
30.0237 0.0946325
30.019 0.0947326
30.0142 0.0948326
30.0094 0.0949326
30.0046 0.0950326
29.9998 0.0951326
29.995 0.0952326
29.9903 0.0953326
29.9855 0.0954326
29.9807 0.0955326
29.9759 0.0956326
29.9711 0.0957326
29.9663 0.0958326
29.9616 0.0959326
29.9568 0.0960326
29.952 0.0961326
29.9472 0.0962327
29.9424 0.0963327
29.9376 0.0964327
29.9329 0.0965327
29.9281 0.0966327
29.9233 0.0967327
29.9185 0.0968327
29.9137 0.0969327
29.9089 0.0970327
29.9042 0.0971327
29.8994 0.0972327
29.8946 0.0973327
29.8895 0.0974327
29.8849 0.0975327
29.88 0.0976327
29.8751 0.0977328
29.8703 0.0978328
29.8654 0.0979328
29.8605 0.0980328
29.8557 0.0981328
29.8508 0.0982328
29.846 0.0983328
29.8411 0.0984328
29.8362 0.0985328
29.8314 0.0986328
29.8265 0.0987328
29.8216 0.0988328
29.8168 0.0989328
29.8119 0.0990328
29.807 0.0991329
29.802 0.0992329
29.7973 0.0993329
29.7926 0.0994329
29.7878 0.0995329
29.7831 0.0996329
29.7784 0.0997329
29.7737 0.0998329
29.769 0.0999329
29.7643 0.100033
29.7596 0.100133
29.7549 0.100233
29.7501 0.100333
29.7455 0.100433
29.7411 0.100533
29.7365 0.100633
29.732 0.100733
29.7275 0.100833
29.7231 0.100933
29.7186 0.101033
29.7141 0.101133
29.7096 0.101233
29.7051 0.101333
29.7006 0.101433
29.6961 0.101533
29.6917 0.101633
29.6872 0.101733
29.6827 0.101833
29.6782 0.101933
29.6737 0.102033
29.6689 0.102133
29.6646 0.102233
29.66 0.102333
29.6555 0.102433
29.6509 0.102533
29.6463 0.102633
29.6418 0.102733
29.6372 0.102833
29.6326 0.102933
29.6281 0.103033
29.6235 0.103133
29.6189 0.103233
29.6144 0.103333
29.6098 0.103433
29.6052 0.103533
29.6007 0.103633
29.5961 0.103733
29.5915 0.103833
29.587 0.103933
29.5824 0.104033
29.5779 0.104133
29.5736 0.104233
29.5691 0.104333
29.5648 0.104433
29.5604 0.104533
29.5561 0.104633
29.5518 0.104733
29.5474 0.104833
29.5431 0.104933
29.5388 0.105033
29.5344 0.105133
29.5305 0.105233
29.5261 0.105333
29.5219 0.105433
29.5178 0.105533
29.5137 0.105633
29.5095 0.105733
29.5054 0.105833
29.5012 0.105933
29.4971 0.106033
29.4929 0.106133
29.4888 0.106233
29.4846 0.106333
29.4805 0.106433
29.4764 0.106533
29.4722 0.106633
29.4681 0.106733
29.4639 0.106833
29.4598 0.106933
29.4556 0.107033
29.4515 0.107133
29.4473 0.107233
29.4432 0.107333
29.439 0.107433
29.4349 0.107533
29.4307 0.107633
29.4266 0.107733
29.4224 0.107833
29.4183 0.107933
29.4142 0.108033
29.41 0.108133
29.4059 0.108233
29.4017 0.108333
29.3976 0.108433
29.3934 0.108533
29.3893 0.108633
29.3852 0.108733
29.3811 0.108833
29.3769 0.108933
29.3728 0.109033
29.3687 0.109133
29.3646 0.109233
29.3605 0.109333
29.3563 0.109433
29.3522 0.109533
29.3481 0.109633
29.344 0.109733
29.3398 0.109833
29.3357 0.109933
29.3316 0.110033
29.3275 0.110133
29.3238 0.110234
29.3195 0.110334
29.3156 0.110434
29.3116 0.110534
29.3076 0.110634
29.3037 0.110734
29.2997 0.110834
29.2957 0.110934
29.2918 0.111034
29.2878 0.111134
29.2839 0.111234
29.2799 0.111334
29.2759 0.111434
29.272 0.111534
29.268 0.111634
29.264 0.111734
29.2601 0.111834
29.2561 0.111934
29.2521 0.112034
29.2482 0.112134
29.2442 0.112234
29.2402 0.112334
29.2363 0.112434
29.2323 0.112534
29.2283 0.112634
29.2244 0.112734
29.2204 0.112834
29.2164 0.112934
29.2124 0.113034
29.2085 0.113134
29.2045 0.113234
29.2005 0.113334
29.1966 0.113434
29.1926 0.113534
29.1886 0.113634
29.1847 0.113734
29.1807 0.113834
29.1767 0.113934
29.1727 0.114034
29.1687 0.114134
29.1648 0.114234
29.1608 0.114334
29.1568 0.114434
29.1528 0.114534
29.1488 0.114634
29.1448 0.114734
29.1408 0.114834
29.1368 0.114934
29.1328 0.115034
29.1288 0.115134
29.1248 0.115234
29.1208 0.115334
29.1168 0.115434
29.1128 0.115534
29.1088 0.115634
29.1048 0.115734
29.1008 0.115834
29.0968 0.115934
29.0928 0.116034
29.0888 0.116134
29.0848 0.116234
29.0808 0.116334
29.0768 0.116434
29.0728 0.116534
29.0688 0.116634
29.0648 0.116734
29.0608 0.116834
29.0568 0.116934
29.0528 0.117034
29.0488 0.117134
29.0448 0.117234
29.0409 0.117334
29.0368 0.117434
29.0328 0.117534
29.0288 0.117634
29.0248 0.117734
29.0209 0.117834
29.0169 0.117934
29.0129 0.118034
29.0089 0.118134
29.0049 0.118234
29.001 0.118334
28.997 0.118434
28.993 0.118534
28.989 0.118634
28.985 0.118734
28.981 0.118834
28.9771 0.118934
28.9732 0.119034
28.9693 0.119134
28.9655 0.119234
28.9617 0.119334
28.9578 0.119434
28.954 0.119534
28.9502 0.119634
28.9464 0.119734
28.9426 0.119834
28.9387 0.119934
28.9349 0.120034
28.9311 0.120134
28.9273 0.120234
28.9235 0.120334
28.9196 0.120434
28.9158 0.120534
28.912 0.120634
28.9082 0.120734
28.9043 0.120834
28.9005 0.120934
28.8967 0.121034
28.8929 0.121134
28.889 0.121234
28.8852 0.121334
28.8814 0.121434
28.8775 0.121534
28.8737 0.121634
28.8699 0.121734
28.8661 0.121834
28.8622 0.121934
28.8584 0.122034
28.8546 0.122134
28.8508 0.122234
28.847 0.122334
28.8431 0.122434
28.8393 0.122534
28.8355 0.122634
28.8317 0.122734
28.8279 0.122834
28.824 0.122934
28.8202 0.123034
28.8164 0.123134
28.8126 0.123234
28.8087 0.123334
28.8049 0.123434
28.8011 0.123534
28.7973 0.123634
28.7935 0.123734
28.7897 0.123834
28.7858 0.123934
28.782 0.124034
28.7782 0.124134
28.7744 0.124234
28.7706 0.124334
28.7667 0.124434
28.7629 0.124534
28.7591 0.124634
28.7553 0.124734
28.7515 0.124834
28.7477 0.124934
28.7438 0.125034
28.74 0.125134
28.7362 0.125234
28.7324 0.125334
28.7285 0.125434
28.7247 0.125534
28.7209 0.125634
28.7171 0.125734
28.7133 0.125834
28.7094 0.125934
28.7056 0.126034
28.7018 0.126134
28.698 0.126234
28.6941 0.126334
28.6903 0.126434
28.6865 0.126534
28.6827 0.126634
28.6788 0.126734
28.675 0.126834
28.6712 0.126934
28.6674 0.127034
28.6636 0.127134
28.6597 0.127234
28.6559 0.127334
28.6521 0.127434
28.6483 0.127534
28.6444 0.127634
28.6406 0.127735
28.6368 0.127835
28.6329 0.127935
28.6291 0.128035
28.6253 0.128135
28.6215 0.128235
28.6176 0.128335
28.6138 0.128435
28.61 0.128535
28.6062 0.128635
28.6023 0.128735
28.5985 0.128835
28.5947 0.128935
28.5909 0.129035
28.587 0.129135
28.5832 0.129235
28.5794 0.129335
28.5756 0.129435
28.5717 0.129535
28.5679 0.129635
28.5641 0.129735
28.5603 0.129835
28.5564 0.129935
28.5526 0.130035
28.5488 0.130135
28.5449 0.130235
28.5411 0.130335
28.5373 0.130435
28.5335 0.130535
28.5296 0.130635
28.5258 0.130735
28.522 0.130835
28.5181 0.130935
28.5143 0.131035
28.5105 0.131135
28.5066 0.131235
28.5028 0.131335
28.499 0.131435
28.4951 0.131535
28.4913 0.131635
28.4875 0.131735
28.4836 0.131835
28.4798 0.131935
28.476 0.132035
28.4721 0.132135
28.4683 0.132235
28.4644 0.132335
28.4606 0.132435
28.4568 0.132535
28.4529 0.132635
28.4491 0.132735
28.4453 0.132835
28.4414 0.132935
28.4376 0.133035
28.4337 0.133135
28.4299 0.133235
28.426 0.133335
28.4222 0.133435
28.4184 0.133535
28.4145 0.133635
28.4107 0.133735
28.4068 0.133835
28.403 0.133935
28.3991 0.134035
28.3953 0.134135
28.3914 0.134235
28.3876 0.134335
28.3838 0.134435
28.3799 0.134535
28.3761 0.134635
28.3722 0.134735
28.3684 0.134835
28.3645 0.134935
28.3607 0.135035
28.3568 0.135135
28.353 0.135235
28.3491 0.135335
28.3453 0.135435
28.3414 0.135535
28.3376 0.135635
28.3337 0.135735
28.3297 0.135835
28.326 0.135935
28.3221 0.136035
28.3183 0.136135
28.3144 0.136235
28.3105 0.136335
28.3067 0.136435
28.3028 0.136535
28.2989 0.136635
28.2951 0.136735
28.2912 0.136835
28.2873 0.136935
28.2835 0.137035
28.2796 0.137135
28.2757 0.137235
28.2719 0.137335
28.268 0.137435
28.2641 0.137535
28.2603 0.137635
28.2564 0.137735
28.2525 0.137835
28.2487 0.137935
28.2448 0.138035
28.2409 0.138135
28.237 0.138235
28.2332 0.138335
28.2293 0.138435
28.2254 0.138535
28.2216 0.138635
28.2177 0.138735
28.2138 0.138835
28.2099 0.138935
28.2061 0.139035
28.2022 0.139135
28.1983 0.139235
28.1944 0.139335
28.1905 0.139435
28.1867 0.139535
28.1828 0.139635
28.1789 0.139735
28.175 0.139835
28.1712 0.139935
28.1673 0.140035
28.1634 0.140135
28.1595 0.140235
28.1557 0.140335
28.1518 0.140435
28.1479 0.140535
28.144 0.140635
28.1402 0.140735
28.1363 0.140835
28.1324 0.140935
28.1285 0.141035
28.1247 0.141135
28.1208 0.141235
28.1169 0.141335
28.113 0.141435
28.1091 0.141535
28.1053 0.141635
28.1014 0.141735
28.0975 0.141835
28.0936 0.141935
28.0897 0.142035
28.0858 0.142135
28.082 0.142235
28.0781 0.142335
28.0742 0.142435
28.0703 0.142535
28.0664 0.142635
28.0625 0.142735
28.0586 0.142835
28.0548 0.142935
28.0509 0.143035
28.047 0.143135
28.0431 0.143235
28.0392 0.143335
28.0353 0.143435
28.0314 0.143535
28.0275 0.143635
28.0236 0.143735
28.0197 0.143835
28.0158 0.143935
28.0119 0.144035
28.0081 0.144135
28.0042 0.144235
28.0003 0.144335
27.9964 0.144435
27.9925 0.144535
27.9886 0.144635
27.9847 0.144735
27.9808 0.144835
27.9769 0.144935
27.973 0.145035
27.9691 0.145135
27.9652 0.145235
27.9613 0.145335
27.9574 0.145435
27.9535 0.145536
27.9496 0.145636
27.9457 0.145736
27.9418 0.145836
27.9379 0.145936
27.9339 0.146036
27.93 0.146136
27.9261 0.146236
27.9222 0.146336
27.9184 0.146436
27.9144 0.146536
27.9105 0.146636
27.9065 0.146736
27.9026 0.146836
27.8987 0.146936
27.8948 0.147036
27.8909 0.147136
27.8869 0.147236
27.883 0.147336
27.8791 0.147436
27.8752 0.147536
27.8712 0.147636
27.8673 0.147736
27.8634 0.147836
27.8595 0.147936
27.8555 0.148036
27.8516 0.148136
27.8477 0.148236
27.8437 0.148336
27.8398 0.148436
27.8359 0.148536
27.832 0.148636
27.828 0.148736
27.8241 0.148836
27.8202 0.148936
27.8163 0.149036
27.8123 0.149136
27.8084 0.149236
27.8045 0.149336
27.8006 0.149436
27.7966 0.149536
27.7927 0.149636
27.7888 0.149736
27.7849 0.149836
27.7809 0.149936
27.777 0.150036
27.7731 0.150136
27.7691 0.150236
27.7652 0.150336
27.7613 0.150436
27.7573 0.150536
27.7534 0.150636
27.7495 0.150736
27.7455 0.150836
27.7416 0.150936
27.7377 0.151036
27.7337 0.151136
27.7298 0.151236
27.7259 0.151336
27.7219 0.151436
27.718 0.151536
27.7141 0.151636
27.7101 0.151736
27.7062 0.151836
27.7022 0.151936
27.6983 0.152036
27.6944 0.152136
27.6904 0.152236
27.6865 0.152336
27.6825 0.152436
27.6786 0.152536
27.6746 0.152636
27.6707 0.152736
27.6668 0.152836
27.6628 0.152936
27.6589 0.153036
27.6549 0.153136
27.651 0.153236
27.647 0.153336
27.6431 0.153436
27.6391 0.153536
27.6352 0.153636
27.6312 0.153736
27.6273 0.153836
27.6233 0.153936
27.6194 0.154036
27.6154 0.154136
27.6115 0.154236
27.6075 0.154336
27.6036 0.154436
27.5996 0.154536
27.5957 0.154636
27.5917 0.154736
27.5877 0.154836
27.5838 0.154936
27.5798 0.155036
27.5759 0.155136
27.5719 0.155236
27.5679 0.155336
27.564 0.155436
27.56 0.155536
27.556 0.155636
27.552 0.155736
27.5481 0.155836
27.5441 0.155936
27.5401 0.156036
27.5361 0.156136
27.5322 0.156236
27.5282 0.156336
27.5242 0.156436
27.5202 0.156536
27.5163 0.156636
27.5123 0.156736
27.5083 0.156836
27.5043 0.156936
27.5004 0.157036
27.4964 0.157136
27.4924 0.157236
27.4884 0.157336
27.4844 0.157436
27.4805 0.157536
27.4765 0.157636
27.4725 0.157736
27.4685 0.157836
27.4645 0.157936
27.4605 0.158036
27.4566 0.158136
27.4526 0.158236
27.4486 0.158336
27.4446 0.158436
27.4406 0.158536
27.4366 0.158636
27.4326 0.158736
27.4287 0.158836
27.4247 0.158936
27.4207 0.159036
27.4167 0.159136
27.4127 0.159236
27.4087 0.159336
27.4047 0.159436
27.4007 0.159536
27.3967 0.159636
27.3927 0.159736
27.3888 0.159836
27.3848 0.159936
27.3808 0.160036
27.3768 0.160136
27.3728 0.160236
27.3688 0.160336
27.3648 0.160436
27.3608 0.160536
27.3568 0.160636
27.3528 0.160736
27.3488 0.160836
27.3448 0.160936
27.3408 0.161036
27.3368 0.161136
27.3328 0.161236
27.3288 0.161336
27.3248 0.161436
27.3208 0.161536
27.3168 0.161636
27.3128 0.161736
27.3088 0.161836
27.3048 0.161936
27.3008 0.162036
27.2968 0.162136
27.2928 0.162236
27.2888 0.162336
27.2848 0.162436
27.2808 0.162536
27.2768 0.162637
27.2728 0.162737
27.2687 0.162837
27.2647 0.162937
27.2607 0.163037
27.2567 0.163137
27.2527 0.163237
27.2487 0.163337
27.2447 0.163437
27.2407 0.163537
27.2367 0.163637
27.2326 0.163737
27.2286 0.163837
27.2246 0.163937
27.2206 0.164037
27.2166 0.164137
27.2126 0.164237
27.2085 0.164337
27.2045 0.164437
27.2005 0.164537
27.1965 0.164637
27.1925 0.164737
27.1884 0.164837
27.1844 0.164937
27.1804 0.165037
27.1764 0.165137
27.1724 0.165237
27.1683 0.165337
27.1643 0.165437
27.1603 0.165537
27.1563 0.165637
27.1522 0.165737
27.1482 0.165837
27.1442 0.165937
27.1401 0.166037
27.1361 0.166137
27.1321 0.166237
27.1281 0.166337
27.124 0.166437
27.12 0.166537
27.116 0.166637
27.1119 0.166737
27.1079 0.166837
27.1038 0.166937
27.0998 0.167037
27.0957 0.167137
27.0917 0.167237
27.0876 0.167337
27.0836 0.167437
27.0795 0.167537
27.0755 0.167637
27.0714 0.167737
27.0674 0.167837
27.0633 0.167937
27.0593 0.168037
27.0552 0.168137
27.0512 0.168237
27.0471 0.168337
27.0431 0.168437
27.039 0.168537
27.035 0.168637
27.0309 0.168737
27.0268 0.168837
27.0228 0.168937
27.0187 0.169037
27.0147 0.169137
27.0106 0.169237
27.0065 0.169337
27.0025 0.169437
26.9984 0.169537
26.9944 0.169637
26.9903 0.169737
26.9862 0.169837
26.9822 0.169937
26.9781 0.170037
26.9741 0.170137
26.97 0.170237
26.9659 0.170337
26.9619 0.170437
26.9579 0.170537
26.9537 0.170637
26.9496 0.170737
26.9455 0.170837
26.9415 0.170937
26.9374 0.171037
26.9333 0.171137
26.9292 0.171237
26.9252 0.171337
26.921 0.171437
26.9169 0.171537
26.9128 0.171637
26.9087 0.171737
26.9046 0.171837
26.9005 0.171937
26.8964 0.172037
26.8923 0.172137
26.8883 0.172237
26.8842 0.172337
26.8801 0.172437
26.876 0.172537
26.8719 0.172637
26.8678 0.172737
26.8637 0.172837
26.8596 0.172937
26.8555 0.173037
26.8514 0.173137
26.8473 0.173237
26.8432 0.173337
26.8391 0.173437
26.835 0.173537
26.8309 0.173637
26.8268 0.173737
26.8227 0.173837
26.8186 0.173937
26.8145 0.174037
26.8104 0.174137
26.8063 0.174237
26.8022 0.174337
26.7981 0.174437
26.794 0.174537
26.7899 0.174637
26.7858 0.174737
26.7817 0.174837
26.7775 0.174937
26.7734 0.175037
26.7693 0.175137
26.7652 0.175237
26.7611 0.175337
26.757 0.175437
26.7528 0.175537
26.7487 0.175637
26.7446 0.175737
26.7405 0.175837
26.7364 0.175937
26.7323 0.176037
26.7282 0.176137
26.724 0.176237
26.7199 0.176337
26.7158 0.176437
26.7117 0.176537
26.7076 0.176637
26.7035 0.176737
26.6993 0.176837
26.6952 0.176937
26.6911 0.177037
26.687 0.177137
26.6829 0.177237
26.6788 0.177337
26.6747 0.177437
26.6705 0.177537
26.6664 0.177637
26.6623 0.177737
26.6582 0.177837
26.6541 0.177937
26.65 0.178037
26.6458 0.178137
26.6417 0.178237
26.6376 0.178337
26.6335 0.178437
26.6294 0.178537
26.6253 0.178637
26.6212 0.178737
26.617 0.178837
26.6129 0.178937
26.6088 0.179037
26.6047 0.179137
26.6006 0.179237
26.5965 0.179337
26.5923 0.179437
26.5882 0.179537
26.5841 0.179637
26.58 0.179737
26.5759 0.179837
26.5718 0.179937
26.5677 0.180038
26.5635 0.180138
26.5594 0.180238
26.5553 0.180338
26.5512 0.180438
26.5471 0.180538
26.543 0.180638
26.5388 0.180738
26.5347 0.180838
26.5306 0.180938
26.5265 0.181038
26.5224 0.181138
26.5183 0.181238
26.5141 0.181338
26.51 0.181438
26.5059 0.181538
26.5018 0.181638
26.4977 0.181738
26.4936 0.181838
26.4895 0.181938
26.4853 0.182038
26.4812 0.182138
26.4771 0.182238
26.473 0.182338
26.4689 0.182438
26.4648 0.182538
26.4606 0.182638
26.4565 0.182738
26.4524 0.182838
26.4483 0.182938
26.4442 0.183038
26.4401 0.183138
26.436 0.183238
26.4318 0.183338
26.4277 0.183438
26.4236 0.183538
26.4195 0.183638
26.4154 0.183738
26.4113 0.183838
26.4071 0.183938
26.403 0.184038
26.3989 0.184138
26.3948 0.184238
26.3907 0.184338
26.3866 0.184438
26.3825 0.184538
26.3783 0.184638
26.3742 0.184738
26.3701 0.184838
26.366 0.184938
26.3619 0.185038
26.3578 0.185138
26.3536 0.185238
26.3495 0.185338
26.3454 0.185438
26.3413 0.185538
26.3372 0.185638
26.3331 0.185738
26.3289 0.185838
26.3248 0.185938
26.3207 0.186038
26.3166 0.186138
26.3125 0.186238
26.3084 0.186338
26.3043 0.186438
26.3001 0.186538
26.296 0.186638
26.2919 0.186738
26.2878 0.186838
26.2837 0.186938
26.2796 0.187038
26.2754 0.187138
26.2713 0.187238
26.2672 0.187338
26.2631 0.187438
26.259 0.187538
26.2549 0.187638
26.2508 0.187738
26.2466 0.187838
26.2425 0.187938
26.2384 0.188038
26.2343 0.188138
26.2302 0.188238
26.2261 0.188338
26.2219 0.188438
26.2178 0.188538
26.2137 0.188638
26.2096 0.188738
26.2055 0.188838
26.2014 0.188938
26.1973 0.189038
26.1931 0.189138
26.189 0.189238
26.1849 0.189338
26.1808 0.189438
26.1767 0.189538
26.1726 0.189638
26.1684 0.189738
26.1643 0.189838
26.1602 0.189938
26.1561 0.190038
26.152 0.190138
26.1479 0.190238
26.1438 0.190338
26.1396 0.190438
26.1355 0.190538
26.1314 0.190638
26.1273 0.190738
26.1232 0.190838
26.1191 0.190938
26.1149 0.191038
26.1108 0.191138
26.1067 0.191238
26.1026 0.191338
26.0985 0.191438
26.0944 0.191538
26.0902 0.191638
26.0861 0.191738
26.082 0.191838
26.0779 0.191938
26.0738 0.192038
26.0697 0.192138
26.0656 0.192238
26.0614 0.192338
26.0573 0.192438
26.0532 0.192538
26.0491 0.192638
26.045 0.192738
26.0409 0.192838
26.0367 0.192938
26.0326 0.193038
26.0285 0.193138
26.0244 0.193238
26.0203 0.193338
26.0162 0.193438
26.0121 0.193538
26.0079 0.193638
26.0038 0.193738
25.9997 0.193838
25.9956 0.193938
25.9915 0.194038
25.9874 0.194138
25.9832 0.194238
25.9791 0.194338
25.975 0.194438
25.9709 0.194538
25.9668 0.194638
25.9627 0.194738
25.9586 0.194838
25.9544 0.194938
25.9503 0.195038
25.9462 0.195138
25.9421 0.195238
25.938 0.195338
25.9339 0.195438
25.9297 0.195538
25.9256 0.195638
25.9215 0.195738
25.9174 0.195838
25.9133 0.195938
25.9092 0.196038
25.905 0.196138
25.9009 0.196238
25.8968 0.196338
25.8927 0.196438
25.8886 0.196538
25.8845 0.196638
25.8804 0.196738
25.8762 0.196838
25.8721 0.196938
25.868 0.197038
25.8639 0.197138
25.8598 0.197238
25.8557 0.197338
25.8515 0.197439
25.8474 0.197539
25.8433 0.197639
25.8392 0.197739
25.8351 0.197839
25.831 0.197939
25.8269 0.198039
25.8227 0.198139
25.8186 0.198239
25.8145 0.198339
25.8104 0.198439
25.8063 0.198539
25.8022 0.198639
25.798 0.198739
25.7939 0.198839
25.7898 0.198939
25.7857 0.199039
25.7816 0.199139
25.7775 0.199239
25.7734 0.199339
25.7692 0.199439
25.7651 0.199539
25.761 0.199639
25.7569 0.199739
25.7528 0.199839
25.7487 0.199939
25.7445 0.200039
25.7404 0.200139
25.7363 0.200239
25.7322 0.200339
25.7281 0.200439
25.724 0.200539
25.7199 0.200639
25.7157 0.200739
25.7116 0.200839
25.7075 0.200939
25.7034 0.201039
25.6993 0.201139
25.6952 0.201239
25.691 0.201339
25.6869 0.201439
25.6828 0.201539
25.6787 0.201639
25.6746 0.201739
25.6705 0.201839
25.6663 0.201939
25.6622 0.202039
25.6581 0.202139
25.654 0.202239
25.6499 0.202339
25.6458 0.202439
25.6417 0.202539
25.6375 0.202639
25.6334 0.202739
25.6293 0.202839
25.6252 0.202939
25.6211 0.203039
25.617 0.203139
25.6128 0.203239
25.6087 0.203339
25.6046 0.203439
25.6005 0.203539
25.5964 0.203639
25.5923 0.203739
25.5882 0.203839
25.584 0.203939
25.5799 0.204039
25.5758 0.204139
25.5717 0.204239
25.5676 0.204339
25.5635 0.204439
25.5593 0.204539
25.5552 0.204639
25.5511 0.204739
25.547 0.204839
25.5429 0.204939
25.5388 0.205039
25.5347 0.205139
25.5305 0.205239
25.5264 0.205339
25.5223 0.205439
25.5182 0.205539
25.5141 0.205639
25.51 0.205739
25.5058 0.205839
25.5017 0.205939
25.4976 0.206039
25.4935 0.206139
25.4894 0.206239
25.4853 0.206339
25.4811 0.206439
25.477 0.206539
25.4729 0.206639
25.4688 0.206739
25.4647 0.206839
25.4606 0.206939
25.4565 0.207039
25.4523 0.207139
25.4482 0.207239
25.4441 0.207339
25.44 0.207439
25.4359 0.207539
25.4318 0.207639
25.4276 0.207739
25.4235 0.207839
25.4194 0.207939
25.4153 0.208039
25.4112 0.208139
25.4071 0.208239
25.403 0.208339
25.3988 0.208439
25.3947 0.208539
25.3906 0.208639
25.3865 0.208739
25.3824 0.208839
25.3783 0.208939
25.3741 0.209039
25.37 0.209139
25.3659 0.209239
25.3618 0.209339
25.3577 0.209439
25.3536 0.209539
25.3495 0.209639
25.3453 0.209739
25.3412 0.209839
25.3371 0.209939
25.333 0.210039
25.3289 0.210139
25.3248 0.210239
25.3206 0.210339
25.3165 0.210439
25.3124 0.210539
25.3083 0.210639
25.3042 0.210739
25.3001 0.210839
25.296 0.210939
25.2918 0.211039
25.2877 0.211139
25.2836 0.211239
25.2795 0.211339
25.2754 0.211439
25.2713 0.211539
25.2671 0.211639
25.263 0.211739
25.2589 0.211839
25.2548 0.211939
25.2507 0.212039
25.2466 0.212139
25.2424 0.212239
25.2383 0.212339
25.2342 0.212439
25.2301 0.212539
25.226 0.212639
25.2219 0.212739
25.2178 0.212839
25.2136 0.212939
25.2095 0.213039
25.2054 0.213139
25.2013 0.213239
25.1972 0.213339
25.1931 0.213439
25.1889 0.213539
25.1848 0.213639
25.1807 0.213739
25.1766 0.213839
25.1725 0.213939
25.1684 0.214039
25.1643 0.214139
25.1601 0.214239
25.156 0.214339
25.1519 0.214439
25.1478 0.214539
25.1437 0.214639
25.1396 0.214739
25.1354 0.214839
25.1313 0.21494
25.1272 0.21504
25.1231 0.21514
25.119 0.21524
25.1149 0.21534
25.1108 0.21544
25.1066 0.21554
25.1025 0.21564
25.0984 0.21574
25.0943 0.21584
25.0902 0.21594
25.0861 0.21604
25.0819 0.21614
25.0778 0.21624
25.0737 0.21634
25.0696 0.21644
25.0655 0.21654
25.0614 0.21664
25.0572 0.21674
25.0531 0.21684
25.049 0.21694
25.0449 0.21704
25.0408 0.21714
25.0367 0.21724
25.0326 0.21734
25.0284 0.21744
25.0243 0.21754
25.0202 0.21764
25.0161 0.21774
25.012 0.21784
25.0079 0.21794
25.0037 0.21804
24.9996 0.21814
24.9955 0.21824
24.9914 0.21834
24.9873 0.21844
24.9832 0.21854
24.9791 0.21864
24.9749 0.21874
24.9708 0.21884
24.9667 0.21894
24.9626 0.21904
24.9585 0.21914
24.9544 0.21924
24.9502 0.21934
24.9461 0.21944
24.942 0.21954
24.9379 0.21964
24.9338 0.21974
24.9297 0.21984
24.9256 0.21994
24.9214 0.22004
24.9173 0.22014
24.9132 0.22024
24.9091 0.22034
24.905 0.22044
24.9009 0.22054
24.8967 0.22064
24.8926 0.22074
24.8885 0.22084
24.8844 0.22094
24.8803 0.22104
24.8762 0.22114
24.8721 0.22124
24.8679 0.22134
24.8638 0.22144
24.8597 0.22154
24.8556 0.22164
24.8515 0.22174
24.8474 0.22184
24.8432 0.22194
24.8391 0.22204
24.835 0.22214
24.8309 0.22224
24.8268 0.22234
24.8227 0.22244
24.8185 0.22254
24.8144 0.22264
24.8103 0.22274
24.8062 0.22284
24.8021 0.22294
24.798 0.22304
24.7939 0.22314
24.7897 0.22324
24.7856 0.22334
24.7815 0.22344
24.7774 0.22354
24.7733 0.22364
24.7692 0.22374
24.765 0.22384
24.7609 0.22394
24.7568 0.22404
24.7527 0.22414
24.7486 0.22424
24.7445 0.22434
24.7404 0.22444
24.7362 0.22454
24.7321 0.22464
24.728 0.22474
24.7239 0.22484
24.7198 0.22494
24.7157 0.22504
24.7115 0.22514
24.7074 0.22524
24.7033 0.22534
24.6992 0.22544
24.6951 0.22554
24.691 0.22564
24.6869 0.22574
24.6827 0.22584
24.6786 0.22594
24.6745 0.22604
24.6704 0.22614
24.6663 0.22624
24.6622 0.22634
24.658 0.22644
24.6539 0.22654
24.6498 0.22664
24.6457 0.22674
24.6416 0.22684
24.6375 0.22694
24.6333 0.22704
24.6292 0.22714
24.6251 0.22724
24.621 0.22734
24.6169 0.22744
24.6128 0.22754
24.6087 0.22764
24.6045 0.22774
24.6004 0.22784
24.5963 0.22794
24.5922 0.22804
24.5881 0.22814
24.584 0.22824
24.5798 0.22834
24.5757 0.22844
24.5716 0.22854
24.5675 0.22864
24.5634 0.22874
24.5593 0.22884
24.5552 0.22894
24.551 0.22904
24.5469 0.22914
24.5428 0.22924
24.5387 0.22934
24.5346 0.22944
24.5305 0.22954
24.5263 0.22964
24.5222 0.22974
24.5181 0.22984
24.514 0.22994
24.5099 0.23004
24.5058 0.23014
24.5017 0.23024
24.4975 0.23034
24.4934 0.23044
24.4893 0.23054
24.4852 0.23064
24.4811 0.23074
24.477 0.23084
24.4728 0.23094
24.4687 0.23104
24.4646 0.23114
24.4605 0.23124
24.4564 0.23134
24.4523 0.23144
24.4482 0.23154
24.444 0.23164
24.4399 0.23174
24.4358 0.23184
24.4317 0.23194
24.4276 0.23204
24.4235 0.23214
24.4193 0.23224
24.4152 0.23234
24.4111 0.232441
24.407 0.232541
24.4029 0.232641
24.3988 0.232741
24.3946 0.232841
24.3905 0.232941
24.3864 0.233041
24.3823 0.233141
24.3782 0.233241
24.3741 0.233341
24.37 0.233441
24.3658 0.233541
24.3617 0.233641
24.3576 0.233741
24.3535 0.233841
24.3494 0.233941
24.3453 0.234041
24.3411 0.234141
24.337 0.234241
24.3329 0.234341
24.3288 0.234441
24.3247 0.234541
24.3206 0.234641
24.3165 0.234741
24.3123 0.234841
24.3082 0.234941
24.3041 0.235041
24.3 0.235141
24.2959 0.235241
24.2918 0.235341
24.2876 0.235441
24.2835 0.235541
24.2794 0.235641
24.2753 0.235741
24.2712 0.235841
24.2671 0.235941
24.263 0.236041
24.2588 0.236141
24.2547 0.236241
24.2506 0.236341
24.2465 0.236441
24.2424 0.236541
24.2383 0.236641
24.2341 0.236741
24.23 0.236841
24.2259 0.236941
24.2218 0.237041
24.2177 0.237141
24.2136 0.237241
24.2094 0.237341
24.2053 0.237441
24.2012 0.237541
24.1971 0.237641
24.193 0.237741
24.1889 0.237841
24.1848 0.237941
24.1806 0.238041
24.1765 0.238141
24.1724 0.238241
24.1683 0.238341
24.1642 0.238441
24.1601 0.238541
24.1559 0.238641
24.1518 0.238741
24.1477 0.238841
24.1436 0.238941
24.1395 0.239041
24.1354 0.239141
24.1313 0.239241
24.1271 0.239341
24.123 0.239441
24.1189 0.239541
24.1148 0.239641
24.1107 0.239741
24.1066 0.239841
24.1024 0.239941
24.0983 0.240041
24.0942 0.240141
24.0901 0.240241
24.086 0.240341
24.0819 0.240441
24.0778 0.240541
24.0736 0.240641
24.0695 0.240741
24.0654 0.240841
24.0613 0.240941
24.0572 0.241041
24.0531 0.241141
24.0489 0.241241
24.0448 0.241341
24.0407 0.241441
24.0366 0.241541
24.0325 0.241641
24.0284 0.241741
24.0243 0.241841
24.0201 0.241941
24.016 0.242041
24.0119 0.242141
24.0078 0.242241
24.0037 0.242341
23.9996 0.242441
23.9954 0.242541
23.9913 0.242641
23.9872 0.242741
23.9831 0.242841
23.979 0.242941
23.9749 0.243041
23.9707 0.243141
23.9666 0.243241
23.9625 0.243341
23.9584 0.243441
23.9543 0.243541
23.9502 0.243641
23.9461 0.243741
23.9419 0.243841
23.9378 0.243941
23.9337 0.244041
23.9296 0.244141
23.9255 0.244241
23.9214 0.244341
23.9172 0.244441
23.9131 0.244541
23.909 0.244641
23.9049 0.244741
23.9008 0.244841
23.8967 0.244941
23.8926 0.245041
23.8884 0.245141
23.8843 0.245241
23.8802 0.245341
23.8761 0.245441
23.872 0.245541
23.8679 0.245641
23.8637 0.245741
23.8596 0.245841
23.8555 0.245941
23.8514 0.246041
23.8473 0.246141
23.8432 0.246241
23.8391 0.246341
23.8349 0.246441
23.8308 0.246541
23.8267 0.246641
23.8226 0.246741
23.8185 0.246841
23.8144 0.246941
23.8102 0.247041
23.8061 0.247141
23.802 0.247241
23.7979 0.247341
23.7938 0.247441
23.7897 0.247541
23.7855 0.247641
23.7814 0.247741
23.7773 0.247841
23.7732 0.247941
23.7691 0.248041
23.765 0.248141
23.7609 0.248241
23.7567 0.248341
23.7526 0.248441
23.7485 0.248541
23.7444 0.248641
23.7403 0.248741
23.7362 0.248841
23.732 0.248941
23.7279 0.249041
23.7238 0.249141
23.7197 0.249241
23.7156 0.249341
23.7115 0.249441
23.7074 0.249541
23.7032 0.249641
23.6991 0.249741
23.695 0.249841
23.6909 0.249942
23.6868 0.250042
23.6827 0.250142
23.6785 0.250242
23.6744 0.250342
23.6703 0.250442
23.6662 0.250542
23.6621 0.250642
23.658 0.250742
23.6539 0.250842
23.6497 0.250942
23.6456 0.251042
23.6415 0.251142
23.6374 0.251242
23.6333 0.251342
23.6292 0.251442
23.625 0.251542
23.6209 0.251642
23.6168 0.251742
23.6127 0.251842
23.6086 0.251942
23.6045 0.252042
23.6004 0.252142
23.5962 0.252242
23.5921 0.252342
23.588 0.252442
23.5839 0.252542
23.5798 0.252642
23.5757 0.252742
23.5715 0.252842
23.5674 0.252942
23.5633 0.253042
23.5592 0.253142
23.5551 0.253242
23.551 0.253342
23.5468 0.253442
23.5427 0.253542
23.5386 0.253642
23.5345 0.253742
23.5304 0.253842
23.5263 0.253942
23.5222 0.254042
23.518 0.254142
23.5139 0.254242
23.5098 0.254342
23.5057 0.254442
23.5016 0.254542
23.4975 0.254642
23.4933 0.254742
23.4892 0.254842
23.4851 0.254942
23.481 0.255042
23.4769 0.255142
23.4728 0.255242
23.4687 0.255342
23.4645 0.255442
23.4604 0.255542
23.4563 0.255642
23.4522 0.255742
23.4481 0.255842
23.444 0.255942
23.4398 0.256042
23.4357 0.256142
23.4316 0.256242
23.4275 0.256342
23.4234 0.256442
23.4193 0.256542
23.4152 0.256642
23.411 0.256742
23.4069 0.256842
23.4028 0.256942
23.3987 0.257042
23.3946 0.257142
23.3905 0.257242
23.3863 0.257342
23.3822 0.257442
23.3781 0.257542
23.374 0.257642
23.3699 0.257742
23.3658 0.257842
23.3616 0.257942
23.3575 0.258042
23.3534 0.258142
23.3493 0.258242
23.3452 0.258342
23.3411 0.258442
23.337 0.258542
23.3328 0.258642
23.3287 0.258742
23.3246 0.258842
23.3205 0.258942
23.3164 0.259042
23.3123 0.259142
23.3081 0.259242
23.304 0.259342
23.2999 0.259442
23.2958 0.259542
23.2917 0.259642
23.2876 0.259742
23.2835 0.259842
23.2793 0.259942
23.2752 0.260042
23.2711 0.260142
23.267 0.260242
23.2629 0.260342
23.2588 0.260442
23.2546 0.260542
23.2505 0.260642
23.2464 0.260742
23.2423 0.260842
23.2382 0.260942
23.2341 0.261042
23.23 0.261142
23.2258 0.261242
23.2217 0.261342
23.2176 0.261442
23.2135 0.261542
23.2094 0.261642
23.2053 0.261742
23.2011 0.261842
23.197 0.261942
23.1929 0.262042
23.1888 0.262142
23.1847 0.262242
23.1806 0.262342
23.1764 0.262442
23.1723 0.262542
23.1682 0.262642
23.1641 0.262742
23.16 0.262842
23.1559 0.262942
23.1518 0.263042
23.1476 0.263142
23.1435 0.263242
23.1394 0.263342
23.1353 0.263442
23.1312 0.263542
23.1271 0.263642
23.1229 0.263742
23.1188 0.263842
23.1147 0.263942
23.1106 0.264042
23.1065 0.264142
23.1024 0.264242
23.0983 0.264342
23.0941 0.264442
23.09 0.264542
23.0859 0.264642
23.0818 0.264742
23.0777 0.264842
23.0736 0.264942
23.0694 0.265042
23.0653 0.265142
23.0612 0.265242
23.0571 0.265342
23.053 0.265442
23.0489 0.265542
23.0447 0.265642
23.0406 0.265742
23.0365 0.265842
23.0324 0.265942
23.0283 0.266042
23.0242 0.266142
23.0201 0.266242
23.0159 0.266342
23.0118 0.266442
23.0077 0.266542
23.0036 0.266642
22.9995 0.266742
22.9954 0.266842
22.9912 0.266942
22.9871 0.267042
22.983 0.267142
22.9789 0.267242
22.9748 0.267342
22.9707 0.267443
22.9666 0.267543
22.9624 0.267643
22.9583 0.267743
22.9542 0.267843
22.9501 0.267943
22.946 0.268043
22.9419 0.268143
22.9377 0.268243
22.9336 0.268343
22.9295 0.268443
22.9254 0.268543
22.9213 0.268643
22.9172 0.268743
22.913 0.268843
22.9089 0.268943
22.9048 0.269043
22.9007 0.269143
22.8966 0.269243
22.8925 0.269343
22.8884 0.269443
22.8842 0.269543
22.8801 0.269643
22.876 0.269743
22.8719 0.269843
22.8678 0.269943
22.8637 0.270043
22.8595 0.270143
22.8554 0.270243
22.8513 0.270343
22.8472 0.270443
22.8431 0.270543
22.839 0.270643
22.8348 0.270743
22.8307 0.270843
22.8266 0.270943
22.8225 0.271043
22.8184 0.271143
22.8143 0.271243
22.8102 0.271343
22.806 0.271443
22.8019 0.271543
22.7978 0.271643
22.7937 0.271743
22.7896 0.271843
22.7855 0.271943
22.7813 0.272043
22.7772 0.272143
22.7731 0.272243
22.769 0.272343
22.7649 0.272443
22.7608 0.272543
22.7567 0.272643
22.7525 0.272743
22.7484 0.272843
22.7443 0.272943
22.7402 0.273043
22.7361 0.273143
22.732 0.273243
22.7278 0.273343
22.7237 0.273443
22.7196 0.273543
22.7155 0.273643
22.7114 0.273743
22.7073 0.273843
22.7031 0.273943
22.699 0.274043
22.6949 0.274143
22.6908 0.274243
22.6867 0.274343
22.6826 0.274443
22.6784 0.274543
22.6743 0.274643
22.6702 0.274743
22.6661 0.274843
22.662 0.274943
22.6579 0.275043
22.6538 0.275143
22.6496 0.275243
22.6455 0.275343
22.6414 0.275443
22.6373 0.275543
22.6332 0.275643
22.6291 0.275743
22.6249 0.275843
22.6208 0.275943
22.6167 0.276043
22.6126 0.276143
22.6085 0.276243
22.6044 0.276343
22.6002 0.276443
22.5961 0.276543
22.592 0.276643
22.5879 0.276743
22.5838 0.276843
22.5797 0.276943
22.5756 0.277043
22.5714 0.277143
22.5673 0.277243
22.5632 0.277343
22.5591 0.277443
22.555 0.277543
22.5509 0.277643
22.5467 0.277743
22.5426 0.277843
22.5385 0.277943
22.5344 0.278043
22.5303 0.278143
22.5262 0.278243
22.522 0.278343
22.5179 0.278443
22.5138 0.278543
22.5097 0.278643
22.5056 0.278743
22.5015 0.278843
22.4973 0.278943
22.4932 0.279043
22.4891 0.279143
22.485 0.279243
22.4809 0.279343
22.4768 0.279443
22.4726 0.279543
22.4685 0.279643
22.4644 0.279743
22.4603 0.279843
22.4562 0.279943
22.4521 0.280043
22.448 0.280143
22.4438 0.280243
22.4397 0.280343
22.4356 0.280443
22.4315 0.280543
22.4274 0.280643
22.4233 0.280743
22.4191 0.280843
22.415 0.280943
22.4109 0.281043
22.4068 0.281143
22.4027 0.281243
22.3986 0.281343
22.3944 0.281443
22.3903 0.281543
22.3862 0.281643
22.3821 0.281743
22.378 0.281843
22.3739 0.281943
22.3697 0.282043
22.3656 0.282143
22.3615 0.282243
22.3574 0.282343
22.3533 0.282443
22.3492 0.282543
22.345 0.282643
22.3409 0.282743
22.3368 0.282843
22.3327 0.282943
22.3286 0.283043
22.3245 0.283143
22.3203 0.283243
22.3162 0.283343
22.3121 0.283443
22.308 0.283543
22.3039 0.283643
22.2998 0.283743
22.2956 0.283843
22.2915 0.283943
22.2874 0.284043
22.2833 0.284143
22.2792 0.284243
22.2751 0.284343
22.2709 0.284443
22.2668 0.284543
22.2627 0.284643
22.2586 0.284743
22.2545 0.284843
22.2504 0.284944
22.2462 0.285044
22.2421 0.285144
22.238 0.285244
22.2339 0.285344
22.2298 0.285444
22.2257 0.285544
22.2215 0.285644
22.2174 0.285744
22.2133 0.285844
22.2092 0.285944
22.2051 0.286044
22.2009 0.286144
22.1968 0.286244
22.1927 0.286344
22.1886 0.286444
22.1845 0.286544
22.1804 0.286644
22.1762 0.286744
22.1721 0.286844
22.168 0.286944
22.1639 0.287044
22.1598 0.287144
22.1557 0.287244
22.1515 0.287344
22.1474 0.287444
22.1433 0.287544
22.1392 0.287644
22.1351 0.287744
22.131 0.287844
22.1268 0.287944
22.1227 0.288044
22.1186 0.288144
22.1145 0.288244
22.1104 0.288344
22.1062 0.288444
22.1021 0.288544
22.098 0.288644
22.0939 0.288744
22.0898 0.288844
22.0857 0.288944
22.0815 0.289044
22.0774 0.289144
22.0733 0.289244
22.0692 0.289344
22.0651 0.289444
22.0609 0.289544
22.0568 0.289644
22.0527 0.289744
22.0486 0.289844
22.0445 0.289944
22.0404 0.290044
22.0362 0.290144
22.0321 0.290244
22.028 0.290344
22.0239 0.290444
22.0198 0.290544
22.0156 0.290644
22.0115 0.290744
22.0074 0.290844
22.0033 0.290944
21.9992 0.291044
21.995 0.291144
21.9909 0.291244
21.9868 0.291344
21.9827 0.291444
21.9786 0.291544
21.9745 0.291644
21.9703 0.291744
21.9662 0.291844
21.9621 0.291944
21.958 0.292044
21.9539 0.292144
21.9497 0.292244
21.9456 0.292344
21.9415 0.292444
21.9374 0.292544
21.9333 0.292644
21.9291 0.292744
21.925 0.292844
21.9209 0.292944
21.9168 0.293044
21.9127 0.293144
21.9085 0.293244
21.9044 0.293344
21.9003 0.293444
21.8962 0.293544
21.8921 0.293644
21.8879 0.293744
21.8838 0.293844
21.8797 0.293944
21.8756 0.294044
21.8715 0.294144
21.8673 0.294244
21.8632 0.294344
21.8591 0.294444
21.855 0.294544
21.8509 0.294644
21.8467 0.294744
21.8426 0.294844
21.8385 0.294944
21.8344 0.295044
21.8302 0.295144
21.8261 0.295244
21.822 0.295344
21.8179 0.295444
21.8138 0.295544
21.8096 0.295644
21.8055 0.295744
21.8014 0.295844
21.7973 0.295944
21.7931 0.296044
21.789 0.296144
21.7849 0.296244
21.7808 0.296344
21.7767 0.296444
21.7725 0.296544
21.7684 0.296644
21.7643 0.296744
21.7602 0.296844
21.756 0.296944
21.7519 0.297044
21.7478 0.297144
21.7437 0.297244
21.7396 0.297344
21.7354 0.297444
21.7313 0.297544
21.7272 0.297644
21.7231 0.297744
21.7189 0.297844
21.7148 0.297944
21.7107 0.298044
21.7066 0.298144
21.7024 0.298244
21.6983 0.298344
21.6942 0.298444
21.6901 0.298544
21.6859 0.298644
21.6818 0.298744
21.6777 0.298844
21.6736 0.298944
21.6694 0.299044
21.6653 0.299144
21.6612 0.299244
21.6571 0.299344
21.6529 0.299444
21.6488 0.299544
21.6447 0.299644
21.6405 0.299744
21.6364 0.299844
21.6323 0.299944
21.6282 0.300044
21.624 0.300144
21.6199 0.300244
21.6158 0.300344
21.6117 0.300444
21.6075 0.300544
21.6034 0.300644
21.5993 0.300744
21.5951 0.300844
21.591 0.300944
21.5869 0.301044
21.5828 0.301144
21.5786 0.301244
21.5745 0.301344
21.5704 0.301444
21.5662 0.301544
21.5621 0.301644
21.558 0.301744
21.5538 0.301844
21.5497 0.301944
21.5456 0.302044
21.5415 0.302144
21.5373 0.302245
21.5332 0.302345
21.5291 0.302445
21.5249 0.302545
21.5208 0.302645
21.5167 0.302745
21.5125 0.302845
21.5084 0.302945
21.5043 0.303045
21.5001 0.303145
21.496 0.303245
21.4919 0.303345
21.4877 0.303445
21.4836 0.303545
21.4795 0.303645
21.4753 0.303745
21.4712 0.303845
21.467 0.303945
21.4629 0.304045
21.4588 0.304145
21.4546 0.304245
21.4505 0.304345
21.4464 0.304445
21.4422 0.304545
21.4381 0.304645
21.4339 0.304745
21.4298 0.304845
21.4257 0.304945
21.4215 0.305045
21.4174 0.305145
21.4132 0.305245
21.4091 0.305345
21.405 0.305445
21.4008 0.305545
21.3967 0.305645
21.3925 0.305745
21.3884 0.305845
21.3842 0.305945
21.3801 0.306045
21.3759 0.306145
21.3718 0.306245
21.3677 0.306345
21.3635 0.306445
21.3594 0.306545
21.3552 0.306645
21.3511 0.306745
21.3469 0.306845
21.3428 0.306945
21.3386 0.307045
21.3345 0.307145
21.3303 0.307245
21.3262 0.307345
21.322 0.307445
21.3179 0.307545
21.3137 0.307645
21.3095 0.307745
21.3054 0.307845
21.3012 0.307945
21.2971 0.308045
21.2929 0.308145
21.2888 0.308245
21.2846 0.308345
21.2804 0.308445
21.2763 0.308545
21.2721 0.308645
21.268 0.308745
21.2638 0.308845
21.2596 0.308945
21.2555 0.309045
21.2513 0.309145
21.2471 0.309245
21.243 0.309345
21.2388 0.309445
21.2346 0.309545
21.2305 0.309645
21.2263 0.309745
21.2221 0.309845
21.2179 0.309945
21.2138 0.310045
21.2096 0.310145
21.2054 0.310245
21.2012 0.310345
21.1971 0.310445
21.1929 0.310545
21.1887 0.310645
21.1845 0.310745
21.1803 0.310845
21.1762 0.310945
21.172 0.311045
21.1678 0.311145
21.1636 0.311245
21.1594 0.311345
21.1552 0.311445
21.151 0.311545
21.1468 0.311645
21.1426 0.311745
21.1384 0.311845
21.1342 0.311945
21.13 0.312045
21.1258 0.312145
21.1216 0.312245
21.1174 0.312345
21.1132 0.312445
21.109 0.312545
21.1048 0.312645
21.1006 0.312745
21.0964 0.312845
21.0922 0.312945
21.0879 0.313045
21.0837 0.313145
21.0795 0.313245
21.0753 0.313345
21.0711 0.313445
21.0668 0.313545
21.0622 0.313645
21.0584 0.313745
21.0543 0.313845
21.0501 0.313945
21.0459 0.314045
21.0417 0.314145
21.0375 0.314245
21.0333 0.314345
21.0291 0.314445
21.0249 0.314545
21.0207 0.314645
21.0165 0.314745
21.0123 0.314845
21.0081 0.314945
21.0039 0.315045
20.9997 0.315145
20.9955 0.315245
20.9913 0.315345
20.9871 0.315445
20.9829 0.315545
20.9787 0.315645
20.9745 0.315745
20.9703 0.315845
20.9661 0.315945
20.9619 0.316045
20.9577 0.316145
20.9535 0.316245
20.9493 0.316345
20.9451 0.316445
20.9408 0.316545
20.9366 0.316645
20.9324 0.316745
20.9282 0.316845
20.924 0.316945
20.9198 0.317045
20.9156 0.317145
20.9113 0.317245
20.9071 0.317345
20.9029 0.317445
20.8987 0.317545
20.8945 0.317645
20.8902 0.317745
20.886 0.317845
20.8818 0.317945
20.8776 0.318045
20.8734 0.318146
20.8691 0.318246
20.8649 0.318346
20.8607 0.318446
20.8564 0.318546
20.8522 0.318646
20.848 0.318746
20.8437 0.318846
20.8395 0.318946
20.8353 0.319046
20.831 0.319146
20.8268 0.319246
20.8225 0.319346
20.8183 0.319446
20.8141 0.319546
20.8098 0.319646
20.8056 0.319746
20.8013 0.319846
20.7971 0.319946
20.7928 0.320046
20.7886 0.320146
20.7843 0.320246
20.7801 0.320346
20.7758 0.320446
20.7716 0.320546
20.7673 0.320646
20.763 0.320746
20.7588 0.320846
20.7545 0.320946
20.7503 0.321046
20.746 0.321146
20.7417 0.321246
20.737 0.321346
20.7332 0.321446
20.729 0.321546
20.7248 0.321646
20.7205 0.321746
20.7163 0.321846
20.7121 0.321946
20.7079 0.322046
20.7036 0.322146
20.6994 0.322246
20.6952 0.322346
20.6909 0.322446
20.6867 0.322546
20.6825 0.322646
20.6782 0.322746
20.674 0.322846
20.6698 0.322946
20.6655 0.323046
20.6613 0.323146
20.657 0.323246
20.6528 0.323346
20.6486 0.323446
20.6443 0.323546
20.6401 0.323646
20.6359 0.323746
20.6316 0.323846
20.6274 0.323946
20.6232 0.324046
20.6189 0.324146
20.6147 0.324246
20.6105 0.324346
20.6062 0.324446
20.602 0.324546
20.5977 0.324646
20.5935 0.324746
20.5893 0.324846
20.585 0.324946
20.5808 0.325046
20.5765 0.325146
20.5723 0.325246
20.5681 0.325346
20.5638 0.325446
20.5596 0.325546
20.5554 0.325646
20.5511 0.325746
20.5469 0.325846
20.5426 0.325946
20.5384 0.326046
20.5342 0.326146
20.5299 0.326246
20.5257 0.326346
20.5214 0.326446
20.5172 0.326546
20.5129 0.326646
20.5087 0.326746
20.5045 0.326846
20.5002 0.326946
20.496 0.327046
20.4917 0.327146
20.4875 0.327246
20.4833 0.327346
20.479 0.327446
20.4748 0.327546
20.4705 0.327646
20.4663 0.327746
20.462 0.327846
20.4578 0.327946
20.4536 0.328046
20.4493 0.328146
20.4451 0.328246
20.4408 0.328346
20.4366 0.328446
20.4324 0.328546
20.4281 0.328646
20.4239 0.328746
20.4196 0.328846
20.4154 0.328946
20.4111 0.329046
20.4069 0.329146
20.4026 0.329246
20.3984 0.329346
20.3942 0.329446
20.3899 0.329546
20.3857 0.329646
20.3814 0.329746
20.3772 0.329846
20.3729 0.329946
20.3687 0.330046
20.3645 0.330146
20.3602 0.330246
20.356 0.330346
20.3517 0.330446
20.3475 0.330546
20.3432 0.330646
20.339 0.330746
20.3347 0.330846
20.3305 0.330946
20.3262 0.331046
20.322 0.331146
20.3178 0.331246
20.3135 0.331346
20.3093 0.331446
20.305 0.331546
20.3008 0.331646
20.2965 0.331746
20.2923 0.331846
20.288 0.331946
20.2838 0.332046
20.2795 0.332146
20.2753 0.332246
20.2711 0.332346
20.2668 0.332446
20.2626 0.332546
20.2583 0.332646
20.2541 0.332746
20.2498 0.332846
20.2456 0.332947
20.2413 0.333047
20.2371 0.333147
20.2328 0.333247
20.2286 0.333347
20.2243 0.333447
20.2201 0.333547
20.2158 0.333647
20.2116 0.333747
20.2074 0.333847
20.2031 0.333947
20.1989 0.334047
20.1946 0.334147
20.1904 0.334247
20.1861 0.334347
20.1819 0.334447
20.1776 0.334547
20.1734 0.334647
20.1691 0.334747
20.1649 0.334847
20.1606 0.334947
20.1564 0.335047
20.1521 0.335147
20.1479 0.335247
20.1436 0.335347
20.1394 0.335447
20.1351 0.335547
20.1309 0.335647
20.1266 0.335747
20.1224 0.335847
20.1181 0.335947
20.1139 0.336047
20.1096 0.336147
20.1054 0.336247
20.1011 0.336347
20.0969 0.336447
20.0926 0.336547
20.0884 0.336647
20.0841 0.336747
20.0799 0.336847
20.0756 0.336947
20.0714 0.337047
20.0671 0.337147
20.0629 0.337247
20.0586 0.337347
20.0544 0.337447
20.0501 0.337547
20.0459 0.337647
20.0416 0.337747
20.0374 0.337847
20.0331 0.337947
20.0289 0.338047
20.0246 0.338147
20.0204 0.338247
20.0161 0.338347
20.0119 0.338447
20.0076 0.338547
20.0034 0.338647
19.9991 0.338747
19.9948 0.338847
19.9906 0.338947
19.9863 0.339047
19.9821 0.339147
19.9778 0.339247
19.9736 0.339347
19.9693 0.339447
19.9651 0.339547
19.9608 0.339647
19.9566 0.339747
19.9523 0.339847
19.9481 0.339947
19.9438 0.340047
19.9395 0.340147
19.9353 0.340247
19.931 0.340347
19.9268 0.340447
19.9225 0.340547
19.9183 0.340647
19.914 0.340747
19.9098 0.340847
19.9055 0.340947
19.9012 0.341047
19.897 0.341147
19.8927 0.341247
19.8885 0.341347
19.8842 0.341447
19.88 0.341547
19.8757 0.341647
19.8714 0.341747
19.8672 0.341847
19.8629 0.341947
19.8587 0.342047
19.8544 0.342147
19.8502 0.342247
19.8459 0.342347
19.8416 0.342447
19.8374 0.342547
19.8331 0.342647
19.8289 0.342747
19.8246 0.342847
19.8203 0.342947
19.8161 0.343047
19.8118 0.343147
19.8075 0.343247
19.8033 0.343347
19.799 0.343447
19.7948 0.343547
19.7905 0.343647
19.7862 0.343747
19.782 0.343847
19.7777 0.343947
19.7734 0.344047
19.7692 0.344147
19.7649 0.344247
19.7607 0.344347
19.7564 0.344447
19.7521 0.344547
19.7479 0.344647
19.7436 0.344747
19.7393 0.344847
19.7351 0.344947
19.7308 0.345047
19.7265 0.345147
19.7223 0.345247
19.718 0.345347
19.7137 0.345447
19.7095 0.345547
19.7052 0.345647
19.7009 0.345747
19.6966 0.345847
19.6924 0.345947
19.6881 0.346047
19.6838 0.346147
19.6796 0.346247
19.6753 0.346347
19.671 0.346447
19.6667 0.346547
19.6625 0.346647
19.6582 0.346747
19.6539 0.346847
19.6497 0.346947
19.6454 0.347047
19.6411 0.347147
19.6368 0.347247
19.6326 0.347347
19.6283 0.347447
19.624 0.347547
19.6197 0.347647
19.6154 0.347747
19.6112 0.347847
19.6069 0.347948
19.6026 0.348048
19.5983 0.348148
19.594 0.348248
19.5898 0.348348
19.5855 0.348448
19.5812 0.348548
19.5769 0.348648
19.5726 0.348748
19.5683 0.348848
19.5641 0.348948
19.5598 0.349048
19.5555 0.349148
19.5512 0.349248
19.5469 0.349348
19.5426 0.349448
19.5383 0.349548
19.534 0.349648
19.5297 0.349748
19.5254 0.349848
19.5211 0.349948
19.5169 0.350048
19.5126 0.350148
19.5083 0.350248
19.504 0.350348
19.4997 0.350448
19.4954 0.350548
19.4911 0.350648
19.4868 0.350748
19.4825 0.350848
19.4782 0.350948
19.4738 0.351048
19.4695 0.351148
19.4652 0.351248
19.4609 0.351348
19.4566 0.351448
19.4523 0.351548
19.448 0.351648
19.4437 0.351748
19.4394 0.351848
19.435 0.351948
19.4307 0.352048
19.4264 0.352148
19.4221 0.352248
19.4178 0.352348
19.4134 0.352448
19.4091 0.352548
19.4048 0.352648
19.4004 0.352748
19.3961 0.352848
19.3918 0.352948
19.3874 0.353048
19.3831 0.353148
19.3787 0.353248
19.3744 0.353348
19.3701 0.353448
19.3657 0.353548
19.3614 0.353648
19.357 0.353748
19.3526 0.353848
19.3483 0.353948
19.3439 0.354048
19.3395 0.354148
19.3352 0.354248
19.3308 0.354348
19.3264 0.354448
19.322 0.354548
19.3176 0.354648
19.3132 0.354748
19.3088 0.354848
19.3044 0.354948
19.3 0.355048
19.2956 0.355148
19.2911 0.355248
19.2867 0.355348
19.2825 0.355448
19.2778 0.355548
19.2733 0.355648
19.2687 0.355748
19.2642 0.355848
19.2597 0.355948
19.2551 0.356048
19.2505 0.356148
19.2459 0.356248
19.2413 0.356348
19.2366 0.356448
19.2318 0.356548
19.227 0.356648
19.222 0.356748
19.2167 0.356848
19.202 0.356948
19.1862 0.357048
19.1612 0.357148
19.1271 0.357248
19.0826 0.357348
19.1422 0.357448
19.1413 0.357548
19.1257 0.357648
19.1384 0.357748
19.1476 0.357848
19.1433 0.357948
19.139 0.358048
19.1347 0.358148
19.1304 0.358248
19.1261 0.358348
19.1218 0.358448
19.1183 0.358548
19.113 0.358648
19.1086 0.358748
19.1042 0.358848
19.0998 0.358948
19.0954 0.359048
19.0909 0.359148
19.0865 0.359248
19.0821 0.359348
19.0777 0.359448
19.0733 0.359548
19.0688 0.359648
19.0644 0.359748
19.06 0.359848
19.0556 0.359948
19.0512 0.360048
19.0467 0.360148
19.0423 0.360248
19.0379 0.360348
19.0335 0.360448
19.0291 0.360548
19.0246 0.360648
19.0202 0.360748
19.0158 0.360848
19.0114 0.360948
19.0071 0.361048
19.0028 0.361148
18.9983 0.361248
18.9929 0.361348
18.988 0.361448
18.9832 0.361548
18.9785 0.361648
18.9737 0.361748
18.9689 0.361848
18.9641 0.361948
18.9594 0.362048
18.9546 0.362148
18.9499 0.362248
18.945 0.362348
18.9403 0.362448
18.9356 0.362548
18.9351 0.362648
19.1342 0.362748
18.9388 0.362848
18.7674 0.362948
18.9624 0.363048
18.7415 0.363149
18.672 0.363249
18.9813 0.363348
18.8972 0.363448
18.8261 0.363548
18.7872 0.363648
18.848 0.363748
18.8265 0.363848
18.8412 0.363948
18.8356 0.364048
18.8314 0.364148
18.8284 0.364248
18.8228 0.364348
18.8179 0.364448
18.8133 0.364548
18.8088 0.364648
18.8043 0.364748
18.7997 0.364848
18.7952 0.364948
18.7906 0.365048
18.7861 0.365148
18.7816 0.365248
18.7771 0.365348
18.7726 0.365448
18.7682 0.365548
18.7633 0.365648
18.7586 0.365748
18.754 0.365848
18.7494 0.365948
18.7447 0.366048
18.7401 0.366148
18.7355 0.366248
18.7308 0.366349
18.7262 0.366449
18.7216 0.366549
18.7169 0.366649
18.7123 0.366749
18.7076 0.366849
18.703 0.366949
18.6984 0.367049
18.6937 0.367149
18.6891 0.367249
18.6844 0.367349
18.6798 0.367449
18.6751 0.367549
18.6705 0.367649
18.6658 0.367749
18.6612 0.367849
18.6565 0.367949
18.6519 0.368049
18.6472 0.368149
18.6425 0.368249
18.6379 0.368349
18.6332 0.368449
18.6285 0.368549
18.6239 0.368649
18.6192 0.368749
18.6145 0.368849
18.6098 0.368949
18.6052 0.369049
18.6005 0.369149
18.5958 0.369249
18.5911 0.369349
18.5864 0.369449
18.5818 0.369549
18.5771 0.369649
18.5724 0.369749
18.5677 0.369849
18.563 0.369949
18.5583 0.370049
18.5536 0.370149
18.5489 0.370249
18.5441 0.370349
18.5394 0.370449
18.5347 0.370549
18.53 0.370649
18.5252 0.370749
18.5205 0.370849
18.5158 0.370949
18.511 0.371049
18.5063 0.371149
18.5015 0.371249
18.4968 0.371349
18.492 0.371449
18.4872 0.371549
18.4824 0.371649
18.4776 0.371749
18.4728 0.371849
18.468 0.371949
18.4632 0.372049
18.4584 0.372149
18.4535 0.372249
18.4486 0.372349
18.4437 0.372449
18.4388 0.372549
18.4338 0.372649
18.4288 0.372749
18.4238 0.372849
18.4186 0.372949
18.4131 0.373049
18.3951 0.373149
18.398 0.373249
18.3881 0.373349
18.3764 0.373449
18.3624 0.373549
18.3454 0.373649
18.3246 0.373749
18.2978 0.373849
18.2579 0.373949
18.1966 0.374049
18.1436 0.374149
18.091 0.374249
18.0383 0.374349
17.9855 0.374449
17.9326 0.374549
17.8797 0.37465
17.8266 0.37475
17.7734 0.37485
17.7201 0.37495
17.6666 0.37505
17.613 0.37515
17.5592 0.37525
17.5049 0.37535
17.4509 0.37545
17.3934 0.37555
17.337 0.37565
17.2804 0.37575
17.2234 0.37585
17.1661 0.37595
17.1086 0.37605
17.0507 0.37615
16.9924 0.37625
16.9339 0.37635
16.8749 0.37645
16.8156 0.37655
16.756 0.37665
16.6973 0.37675
16.7182 0.37685
16.701 0.37695
16.6839 0.37705
16.6668 0.37715
16.6497 0.37725
16.6326 0.37735
16.6155 0.37745
16.5983 0.37755
16.5812 0.37765
16.5641 0.37775
16.5469 0.37785
16.5298 0.377951
16.5126 0.378051
16.483 0.378151
16.5147 0.378251
16.5213 0.378351
16.5297 0.378451
16.538 0.378551
16.5463 0.378651
16.5546 0.378751
16.5629 0.378851
16.5712 0.378951
16.5795 0.379051
16.5879 0.379151
16.5962 0.379251
16.6045 0.379351
16.6129 0.379451
16.6214 0.379551
16.6295 0.379651
16.6375 0.379751
16.6457 0.379851
16.6539 0.379951
16.6622 0.380051
16.6704 0.380151
16.6786 0.380251
16.6868 0.380351
16.6951 0.380451
16.7033 0.380551
16.7115 0.380651
16.7197 0.380751
16.7283 0.380851
16.7333 0.380951
16.7396 0.381051
16.7459 0.381151
16.752 0.381251
16.758 0.381351
16.7639 0.381451
16.7697 0.381551
16.7754 0.381651
16.781 0.381751
16.7865 0.381851
16.7918 0.381951
16.7975 0.382051
16.8019 0.382151
16.8068 0.382251
16.8115 0.382351
16.8161 0.382451
16.8205 0.382551
16.8248 0.382651
16.8289 0.382751
16.8328 0.382851
16.8366 0.382951
16.8402 0.383051
16.8437 0.383151
16.8469 0.383251
16.8499 0.383351
16.8528 0.383451
16.8554 0.383551
16.8578 0.383651
16.86 0.383751
16.8618 0.383852
16.8634 0.383952
16.8647 0.384052
16.8658 0.384152
16.8665 0.384252
16.8669 0.384352
16.8669 0.384452
16.8666 0.384552
16.8659 0.384652
16.8648 0.384752
16.8636 0.384852
16.861 0.384952
16.8583 0.385052
16.8551 0.385152
16.8512 0.385252
16.8466 0.385352
16.8412 0.385452
16.8349 0.385552
16.8277 0.385652
16.8193 0.385752
16.8096 0.385852
16.7984 0.385952
16.7854 0.386052
16.7702 0.386152
16.7518 0.386252
16.7271 0.386352
16.7051 0.386452
16.6837 0.386552
16.6617 0.386652
16.6399 0.386752
16.6182 0.386852
16.5964 0.386952
16.5747 0.387052
16.5531 0.387152
16.531 0.387252
16.5092 0.387352
16.4873 0.387452
16.4654 0.387552
16.4435 0.387652
16.4216 0.387752
16.3997 0.387852
16.3778 0.387952
16.3559 0.388052
16.3339 0.388152
16.312 0.388252
16.2996 0.388353
16.3409 0.388452
16.3494 0.388553
16.363 0.388653
16.3781 0.388753
16.3932 0.388853
16.4083 0.388953
16.4234 0.389053
16.4385 0.389153
16.4535 0.389253
16.4685 0.389353
16.4835 0.389453
16.4985 0.389553
16.5134 0.389653
16.5283 0.389753
16.5432 0.389853
16.558 0.389953
16.5728 0.390053
16.5874 0.390153
16.602 0.390253
16.6164 0.390353
16.6306 0.390453
16.6443 0.390553
16.6425 0.390653
16.668 0.390753
16.6773 0.390853
16.6846 0.390953
16.6891 0.391053
16.69 0.391153
16.6853 0.391253
16.6708 0.391353
16.6243 0.391453
16.5339 0.391554
16.463 0.391654
16.3916 0.391754
16.3197 0.391854
16.2471 0.391954
16.1737 0.392055
16.0995 0.392155
16.0243 0.392255
15.9481 0.392355
15.8708 0.392455
15.7922 0.392556
15.7121 0.392656
15.6304 0.392756
15.5468 0.392856
15.4634 0.392956
15.5374 0.393056
15.5354 0.393156
15.5337 0.393256
15.5318 0.393356
15.5297 0.393457
15.5272 0.393557
15.5244 0.393657
15.5211 0.393757
15.517 0.393857
15.5118 0.393957
15.5053 0.394057
15.4969 0.394157
15.4862 0.394257
15.4731 0.394357
15.4577 0.394457
15.4406 0.394557
15.4223 0.394657
15.4033 0.394757
15.3838 0.394857
15.3641 0.394957
15.288 0.395057
15.3788 0.395157
15.3864 0.395257
15.3915 0.395357
15.3992 0.395457
15.4069 0.395557
15.4146 0.395657
15.4223 0.395757
15.43 0.395857
15.4377 0.395957
15.4454 0.396057
15.453 0.396157
15.4607 0.396257
15.4684 0.396357
15.4761 0.396457
15.4838 0.396557
15.4914 0.396657
15.4991 0.396757
15.5068 0.396857
15.5144 0.396957
15.5221 0.397057
15.5298 0.397157
15.5374 0.397257
15.5451 0.397357
15.5527 0.397457
15.5604 0.397557
15.568 0.397657
15.5756 0.397757
15.5858 0.397857
15.588 0.397957
15.5939 0.398057
15.5997 0.398157
15.6054 0.398257
15.6111 0.398357
15.6166 0.398457
15.622 0.398557
15.6273 0.398657
15.6325 0.398757
15.6376 0.398857
15.6426 0.398957
15.6475 0.399057
15.6522 0.399157
15.6569 0.399257
15.6613 0.399357
15.6657 0.399457
15.6699 0.399557
15.674 0.399657
15.6779 0.399757
15.6816 0.399857
15.6852 0.399957
