0 -0.0329108 -0.031491 -0.0313863
0 -0.0328037 -0.0312915 -0.0311651
0 -0.0326989 -0.0310914 -0.0309423
0 -0.0325966 -0.0308908 -0.0307182
0 -0.0324972 -0.0306902 -0.0304935
0 -0.0324011 -0.0304898 -0.0302685
0 -0.0323086 -0.03029 -0.0300436
0 -0.0322197 -0.0300912 -0.0298195
0 -0.0321349 -0.0298936 -0.0295965
0 -0.0320541 -0.0296977 -0.0293752
0 -0.0319773 -0.0295039 -0.029156
0 -0.0319043 -0.0293126 -0.0289393
0 -0.0318351 -0.0291243 -0.0287257
0 -0.0317695 -0.0289393 -0.0285157
0 -0.0317075 -0.0287582 -0.0283096
0 -0.0316487 -0.0285814 -0.028108
0 -0.0315929 -0.0284093 -0.0279113
0 -0.0315397 -0.0282425 -0.0277199
0 -0.0314889 -0.0280814 -0.0275343
0 -0.0314401 -0.0279263 -0.027355
0 -0.031393 -0.0277779 -0.0271823
0 -0.0313475 -0.0276364 -0.0270168
0 -0.0313031 -0.0275021 -0.026859
0 -0.0312597 -0.0273755 -0.0267092
0 -0.031217 -0.0272567 -0.0265679
0 -0.031175 -0.0271458 -0.0264356
0 -0.0311335 -0.0270431 -0.0263126
0 -0.0310926 -0.0269487 -0.0261994
0 -0.0310523 -0.0268625 -0.0260962
0 -0.0310127 -0.0267846 -0.0260035
0 -0.0309741 -0.0267151 -0.0259216
0 -0.0309366 -0.0266538 -0.0258507
0 -0.0309005 -0.0266008 -0.0257909
0 -0.0308662 -0.0265559 -0.0257422
0 -0.0308339 -0.0265192 -0.0257047
0 -0.030804 -0.0264905 -0.0256783
0 -0.030777 -0.0264699 -0.0256629
0 -0.0307532 -0.0264573 -0.0256583
0 -0.030733 -0.0264526 -0.0256641
0 -0.0307167 -0.0264559 -0.02568
0 -0.0307047 -0.026467 -0.0257056
0 -0.0306974 -0.026486 -0.0257404
0 -0.0306951 -0.0265129 -0.0257841
0 -0.030698 -0.0265476 -0.0258361
0 -0.0307063 -0.0265901 -0.025896
0 -0.0307201 -0.0266404 -0.0259633
0 -0.0307398 -0.0266985 -0.0260377
0 -0.0307652 -0.0267641 -0.0261187
0 -0.0307962 -0.026837 -0.0262058
0 -0.0308326 -0.026917 -0.0262984
0 -0.030874 -0.0270036 -0.0263962
0 -0.0309203 -0.0270965 -0.0264988
0 -0.030971 -0.0271954 -0.0266058
0 -0.0310259 -0.0272997 -0.026717
0 -0.0310845 -0.0274093 -0.0268323
0 -0.0311464 -0.0275236 -0.0269514
0 -0.0312113 -0.0276422 -0.0270743
0 -0.0312789 -0.0277648 -0.027201
0 -0.031349 -0.0278913 -0.0273317
0 -0.0314218 -0.0280218 -0.0274669
0 -0.0314971 -0.0281562 -0.0276067
0 -0.0315747 -0.0282944 -0.0277512
0 -0.0316541 -0.028436 -0.0279005
0 -0.0317351 -0.0285808 -0.0280544
0 -0.0318172 -0.0287285 -0.0282127
0 -0.0319001 -0.0288789 -0.0283754
0 -0.0319834 -0.0290316 -0.0285421
0 -0.0320666 -0.0291864 -0.0287125
0 -0.0321491 -0.0293429 -0.0288861
0 -0.0322307 -0.0295009 -0.0290626
0 -0.0323114 -0.0296604 -0.0292418
0 -0.032391 -0.0298214 -0.0294235
0 -0.0324695 -0.0299839 -0.0296074
0 -0.0325467 -0.0301475 -0.029793
0 -0.0326224 -0.030312 -0.0299799
0 -0.0326963 -0.0304771 -0.0301675
0 -0.0327674 -0.0306418 -0.0303547
0 -0.0328349 -0.0308047 -0.03054
0 -0.0328976 -0.0309644 -0.0307218
0 -0.032955 -0.0311201 -0.0308993
0 -0.0330077 -0.0312718 -0.0310726
0 -0.033057 -0.0314204 -0.0312423
0 -0.0331034 -0.0315657 -0.0314084
0 -0.0331464 -0.0317066 -0.0315699
0 -0.033185 -0.0318417 -0.0317251
0 -0.0332192 -0.03197 -0.0318735
0 -0.0332505 -0.0320923 -0.0320155
0 -0.0332808 -0.03221 -0.0321529
0 -0.0333119 -0.0323241 -0.0322864
0 -0.0333444 -0.0324347 -0.0324162
0 -0.0333784 -0.0325413 -0.0325418
0 -0.033414 -0.0326435 -0.0326625
0 -0.0334506 -0.0327407 -0.0327776
0 -0.0334871 -0.0328314 -0.0328855
0 -0.0335216 -0.0329139 -0.0329841
0 -0.0335535 -0.0329874 -0.0330724
0 -0.0335839 -0.0330529 -0.0331513
0 -0.0336154 -0.0331132 -0.0332233
0 -0.0336501 -0.0331706 -0.0332903
0 -0.0336883 -0.0332255 -0.0333528
0 -0.0337289 -0.0332773 -0.0334099
0 -0.0337705 -0.0333252 -0.0334605
0 -0.0338121 -0.0333685 -0.0335042
0 -0.033853 -0.0334071 -0.0335406
0 -0.0338919 -0.0334403 -0.0335691
0 -0.0339272 -0.0334669 -0.0335887
0 -0.0339571 -0.0334857 -0.0335985
0 -0.0339802 -0.0334956 -0.0335976
0 -0.0339949 -0.0334955 -0.0335851
0 -0.0339995 -0.0334838 -0.03356
0 -0.0339924 -0.0334589 -0.0335209
0 -0.0339723 -0.0334196 -0.0334672
0 -0.03394 -0.0333664 -0.0333997
0 -0.0338978 -0.0333014 -0.033321
0 -0.0338483 -0.0332267 -0.0332335
0 -0.0337923 -0.0331427 -0.0331381
0 -0.0337299 -0.0330492 -0.0330344
0 -0.0336613 -0.0329458 -0.0329226
0 -0.0335879 -0.0328336 -0.0328036
0 -0.0335116 -0.0327142 -0.0326788
0 -0.0334339 -0.0325888 -0.0325495
0 -0.0333558 -0.0324581 -0.0324161
0 -0.0332773 -0.0323223 -0.0322782
0 -0.0331981 -0.0321807 -0.0321349
0 -0.0331178 -0.0320332 -0.0319856
0 -0.0330371 -0.0318807 -0.0318306
0 -0.0329576 -0.0317249 -0.0316713
0 -0.0328802 -0.0315669 -0.0315081
0 -0.0328046 -0.0314066 -0.0313405
0 -0.0327302 -0.0312439 -0.031168
0 -0.0326572 -0.0310792 -0.0309908
0 -0.0325858 -0.0309132 -0.0308093
0 -0.0325151 -0.0307452 -0.0306226
0 -0.0324426 -0.0305731 -0.0304287
0 -0.0323662 -0.0303951 -0.0302258
0 -0.0322845 -0.0302099 -0.030013
0 -0.0321961 -0.0300163 -0.0297891
0 -0.0320989 -0.029812 -0.0295526
0 -0.0319907 -0.0295948 -0.0293013
0 -0.0318701 -0.0293631 -0.0290344
0 -0.0317379 -0.0291173 -0.0287529
0 -0.0315962 -0.028859 -0.0284587
0 -0.031447 -0.0285897 -0.0281541
0 -0.0312923 -0.0283106 -0.0278407
0 -0.0311336 -0.0280229 -0.0275203
0 -0.0309739 -0.0277289 -0.0271952
0 -0.030817 -0.0274322 -0.0268692
0 -0.0306685 -0.0271381 -0.0265476
0 -0.0305338 -0.0268523 -0.026236
0 -0.0304161 -0.0265784 -0.0259375
0 -0.0303147 -0.0263165 -0.0256518
0 -0.0302258 -0.026064 -0.0253756
0 -0.0301457 -0.0258183 -0.0251059
0 -0.0300726 -0.0255791 -0.0248414
0 -0.0300054 -0.025347 -0.0245824
0 -0.0299425 -0.0251216 -0.024328
0 -0.0298803 -0.0249011 -0.024076
0 -0.0298152 -0.0246829 -0.0238238
0 -0.0297451 -0.0244663 -0.0235705
0 -0.0296695 -0.0242514 -0.0233166
0 -0.029588 -0.0240385 -0.0230628
0 -0.0294985 -0.0238258 -0.0228079
0 -0.029398 -0.0236102 -0.0225497
0 -0.0292851 -0.0233899 -0.0222873
0 -0.0291621 -0.0231666 -0.0220234
0 -0.0290345 -0.0229451 -0.0217636
0 -0.0289087 -0.0227308 -0.0215144
0 -0.0287904 -0.0225285 -0.0212815
0 -0.028684 -0.022342 -0.0210691
0 -0.0285931 -0.0221744 -0.0208807
0 -0.0285214 -0.0220289 -0.0207199
0 -0.0284721 -0.0219091 -0.0205899
0 -0.0284487 -0.0218188 -0.0204945
0 -0.0284545 -0.0217623 -0.0204373
0 -0.0284924 -0.0217437 -0.0204217
0 -0.0285643 -0.0217669 -0.0204507
0 -0.0286713 -0.0218351 -0.0205266
0 -0.0288127 -0.02195 -0.0206503
0 -0.0289867 -0.0221127 -0.0208218
0 -0.0291899 -0.0223227 -0.0210401
0 -0.0294186 -0.0225792 -0.021304
0 -0.0296687 -0.0228812 -0.0216121
0 -0.0299371 -0.023228 -0.0219639
0 -0.030221 -0.0236192 -0.0223594
0 -0.0305173 -0.0240535 -0.0227983
0 -0.0308213 -0.0245275 -0.023278
0 -0.0311266 -0.0250354 -0.0237945
0 -0.0314268 -0.0255708 -0.0243427
0 -0.0317167 -0.0261276 -0.0249185
0 -0.0319928 -0.0267009 -0.0255186
0 -0.0322527 -0.0272864 -0.0261405
0 -0.0324945 -0.0278796 -0.0267809
0 -0.0327164 -0.0284755 -0.0274364
0 -0.0329168 -0.0290694 -0.0281028
0 -0.0330943 -0.0296561 -0.0287754
0 -0.0332476 -0.0302306 -0.0294489
0 -0.0333766 -0.0307896 -0.030119
0 -0.0334842 -0.0313333 -0.0307848
0 -0.0335775 -0.0318659 -0.0314487
0 -0.0336657 -0.0323933 -0.0321149
0 -0.0337565 -0.0329199 -0.0327857
0 -0.0338531 -0.0334453 -0.0334585
0 -0.0339534 -0.0339646 -0.0341262
0 -0.034053 -0.0344703 -0.0347789
0 -0.0341491 -0.0349567 -0.0354081
0 -0.0342428 -0.0354225 -0.0360097
0 -0.0343399 -0.0358712 -0.0365845
0 -0.0344494 -0.0363097 -0.0371366
0 -0.0345798 -0.0367448 -0.0376706
0 -0.0347365 -0.0371803 -0.0381886
0 -0.0349198 -0.0376162 -0.0386891
0 -0.0351273 -0.0380497 -0.0391689
0 -0.0353561 -0.0384783 -0.0396254
0 -0.0356047 -0.038901 -0.0400582
0 -0.0358727 -0.0393183 -0.0404691
0 -0.0361597 -0.039731 -0.0408606
0 -0.0364636 -0.0401387 -0.0412346
0 -0.0367799 -0.0405385 -0.041591
0 -0.0371016 -0.0409261 -0.041928
0 -0.0374212 -0.0412959 -0.0422432
0 -0.0377312 -0.0416432 -0.0425346
0 -0.0380256 -0.0419646 -0.0428016
0 -0.0383002 -0.0422583 -0.0430452
0 -0.0385527 -0.0425245 -0.0432677
0 -0.0387816 -0.0427638 -0.0434719
0 -0.0389824 -0.0429739 -0.0436567
0 -0.0391465 -0.0431485 -0.0438168
0 -0.0392656 -0.0432806 -0.0439458
0 -0.0393365 -0.0433682 -0.0440415
0 -0.0393622 -0.043415 -0.0441072
0 -0.0393486 -0.0434269 -0.0441477
0 -0.0392991 -0.0434072 -0.044165
0 -0.0392123 -0.0433537 -0.0441553
0 -0.0390829 -0.04326 -0.0441103
0 -0.0389065 -0.0431202 -0.0440222
0 -0.0386846 -0.0429331 -0.0438877
0 -0.038424 -0.0427029 -0.0437089
0 -0.0381324 -0.0424335 -0.0434879
0 -0.0378144 -0.0421261 -0.0432239
0 -0.037472 -0.0417788 -0.0429133
0 -0.0371074 -0.0413898 -0.042553
0 -0.0367242 -0.0409586 -0.0421414
0 -0.036327 -0.0404862 -0.0416781
0 -0.035921 -0.0399738 -0.0411641
0 -0.0355104 -0.0394225 -0.0405997
0 -0.0350979 -0.0388322 -0.0399845
0 -0.034685 -0.0382019 -0.0393174
0 -0.0342733 -0.0375316 -0.0385984
0 -0.0338669 -0.0368245 -0.0378307
0 -0.0334726 -0.0360872 -0.0370212
0 -0.0330997 -0.0353292 -0.0361799
0 -0.0327569 -0.0345603 -0.0353171
0 -0.0324503 -0.0337883 -0.034441
0 -0.0321821 -0.0330185 -0.0335577
0 -0.0319523 -0.0322551 -0.032672
0 -0.03176 -0.0315024 -0.0317885
0 -0.031603 -0.0307629 -0.0309102
0 -0.0314764 -0.0300367 -0.0300379
0 -0.0313728 -0.0293223 -0.029171
0 -0.0312853 -0.0286188 -0.0283096
0 -0.0312095 -0.0279275 -0.0274561
0 -0.0311435 -0.0272527 -0.0266157
0 -0.0310858 -0.0265994 -0.0257949
0 -0.0310332 -0.0259708 -0.0249987
0 -0.0309804 -0.0253676 -0.0242299
0 -0.0309224 -0.0247897 -0.0234906
0 -0.0308556 -0.0242384 -0.0227847
0 -0.0307793 -0.0237164 -0.0221178
0 -0.0306921 -0.0232257 -0.0214945
0 -0.0305907 -0.0227654 -0.0209165
0 -0.0304694 -0.0223313 -0.020382
0 -0.0303226 -0.0219186 -0.0198879
0 -0.0301462 -0.0215232 -0.0194315
0 -0.0299382 -0.0211424 -0.0190108
0 -0.0296987 -0.020775 -0.0186246
0 -0.0294311 -0.0204219 -0.0182735
0 -0.0291411 -0.020086 -0.0179594
0 -0.0288356 -0.0197709 -0.0176843
0 -0.0285217 -0.0194799 -0.0174495
0 -0.0282069 -0.0192161 -0.0172561
0 -0.0278999 -0.018984 -0.0171053
0 -0.0276105 -0.018789 -0.0169997
0 -0.0273483 -0.0186365 -0.0169414
0 -0.0271216 -0.0185307 -0.0169316
0 -0.0269362 -0.0184738 -0.0169691
0 -0.0267941 -0.0184648 -0.0170502
0 -0.0266937 -0.0184991 -0.0171677
0 -0.0266311 -0.0185705 -0.0173131
0 -0.0266013 -0.018672 -0.0174777
0 -0.0265998 -0.0187974 -0.0176539
0 -0.0266237 -0.0189424 -0.0178368
0 -0.0266729 -0.0191058 -0.0180248
0 -0.0267496 -0.019289 -0.0182197
0 -0.0268575 -0.0194955 -0.0184256
0 -0.0270005 -0.0197289 -0.0186476
0 -0.0271809 -0.0199923 -0.0188902
0 -0.0273972 -0.0202852 -0.0191547
0 -0.0276416 -0.020601 -0.0194369
0 -0.0279022 -0.0209299 -0.0197288
0 -0.0281683 -0.0212629 -0.020024
0 -0.0284326 -0.0215947 -0.0203194
0 -0.0286914 -0.0219239 -0.0206156
0 -0.0289442 -0.0222518 -0.0209161
0 -0.0291926 -0.0225819 -0.0212263
0 -0.0294396 -0.0229191 -0.0215523
0 -0.029688 -0.023268 -0.0219001
0 -0.0299409 -0.0236335 -0.022275
0 -0.0302003 -0.0240193 -0.0226814
0 -0.0304673 -0.0244283 -0.0231219
0 -0.030742 -0.0248621 -0.0235978
0 -0.0310236 -0.0253215 -0.0241092
0 -0.0313102 -0.0258057 -0.0246542
0 -0.0315973 -0.0263112 -0.0252283
0 -0.0318788 -0.0268326 -0.0258247
0 -0.0321497 -0.0273649 -0.0264373
0 -0.0324087 -0.0279067 -0.0270633
0 -0.0326591 -0.0284603 -0.0277041
0 -0.0329051 -0.0290292 -0.0283619
0 -0.0331496 -0.0296146 -0.0290373
0 -0.0333917 -0.0302138 -0.0297266
0 -0.0336262 -0.0308203 -0.0304224
0 -0.0338457 -0.0314257 -0.0311159
0 -0.0340444 -0.0320227 -0.0317995
0 -0.0342194 -0.0326063 -0.032468
0 -0.0343718 -0.0331743 -0.0331193
0 -0.0345056 -0.0337273 -0.0337543
0 -0.0346263 -0.0342679 -0.0343758
0 -0.0347406 -0.0347989 -0.0349872
0 -0.0348551 -0.035323 -0.0355915
0 -0.0349756 -0.0358423 -0.0361911
0 -0.035106 -0.0363572 -0.0367866
0 -0.0352478 -0.0368665 -0.0373763
0 -0.0354014 -0.0373679 -0.0379575
0 -0.0355686 -0.0378617 -0.0385297
0 -0.0357539 -0.0383509 -0.039095
0 -0.0359617 -0.0388395 -0.0396563
0 -0.0361929 -0.039328 -0.0402129
0 -0.0364412 -0.0398109 -0.0407582
0 -0.0366956 -0.0402781 -0.041281
0 -0.036945 -0.0407199 -0.0417706
0 -0.037183 -0.0411312 -0.0422214
0 -0.0374093 -0.041513 -0.0426337
0 -0.0376272 -0.0418696 -0.0430121
0 -0.0378385 -0.042204 -0.0433592
0 -0.0380396 -0.0425139 -0.0436734
0 -0.038223 -0.0427927 -0.0439489
0 -0.0383804 -0.0430331 -0.0441793
0 -0.0385054 -0.0432293 -0.0443602
0 -0.0385958 -0.0433794 -0.0444908
0 -0.0386551 -0.0434866 -0.044576
0 -0.0386918 -0.043559 -0.0446254
0 -0.0387156 -0.043606 -0.0446497
0 -0.0387319 -0.0436324 -0.044655
0 -0.0387387 -0.043636 -0.0446403
0 -0.038729 -0.0436098 -0.0445992
0 -0.0386954 -0.0435464 -0.0445249
0 -0.0386332 -0.0434412 -0.0444128
0 -0.0385412 -0.0432928 -0.0442614
0 -0.0384218 -0.0431032 -0.0440722
0 -0.0382806 -0.0428777 -0.0438496
0 -0.0381245 -0.042623 -0.0435994
0 -0.0379607 -0.0423457 -0.043327
0 -0.0377943 -0.0420511 -0.0430363
0 -0.0376277 -0.0417418 -0.0427285
0 -0.0374606 -0.0414179 -0.0424022
0 -0.0372899 -0.0410769 -0.0420535
0 -0.0371106 -0.0407144 -0.0416769
0 -0.0369163 -0.0403249 -0.0412656
0 -0.0367016 -0.0399032 -0.040814
0 -0.036465 -0.0394484 -0.0403206
0 -0.0362108 -0.0389644 -0.0397893
0 -0.0359463 -0.0384585 -0.0392276
0 -0.0356779 -0.0379365 -0.0386421
0 -0.0354085 -0.0374013 -0.0380363
0 -0.0351378 -0.0368526 -0.0374111
0 -0.0348646 -0.0362891 -0.0367662
0 -0.034588 -0.0357101 -0.0361022
0 -0.0343094 -0.0351173 -0.035422
0 -0.0340325 -0.0345151 -0.0347309
0 -0.0337619 -0.0339088 -0.0340352
0 -0.0335025 -0.033304 -0.0333411
0 -0.0332578 -0.0327054 -0.032654
0 -0.0330297 -0.0321166 -0.031978
0 -0.0328192 -0.0315402 -0.031316
0 -0.0326281 -0.0309793 -0.0306714
0 -0.0324593 -0.0304389 -0.0300496
0 -0.032317 -0.0299252 -0.029457
0 -0.0322031 -0.0294434 -0.028899
0 -0.0321162 -0.0289955 -0.0283773
0 -0.0320517 -0.0285802 -0.0278904
0 -0.0320031 -0.0281949 -0.0274355
0 -0.0319649 -0.0278375 -0.0270103
0 -0.0319308 -0.0275056 -0.0266123
0 -0.0318929 -0.0271943 -0.0262367
0 -0.031842 -0.0268972 -0.0258773
0 -0.0317719 -0.02661 -0.0255304
0 -0.031682 -0.0263333 -0.0251973
0 -0.0315751 -0.0260706 -0.0248824
0 -0.0314547 -0.0258251 -0.0245901
0 -0.0313222 -0.0255979 -0.0243223
0 -0.0311774 -0.0253873 -0.0240787
0 -0.0310197 -0.0251909 -0.0238578
0 -0.030849 -0.0250065 -0.0236582
0 -0.0306665 -0.0248325 -0.023479
0 -0.0304756 -0.0246696 -0.0233212
0 -0.0302831 -0.0245209 -0.0231882
0 -0.030099 -0.0243933 -0.0230866
0 -0.0299348 -0.0242953 -0.0230242
0 -0.0298001 -0.0242336 -0.0230069
0 -0.0297006 -0.0242116 -0.0230365
0 -0.029637 -0.0242281 -0.0231103
0 -0.0296052 -0.0242779 -0.0232212
0 -0.0295968 -0.0243515 -0.0233576
0 -0.0295992 -0.024436 -0.0235047
0 -0.0296024 -0.0245206 -0.0236497
0 -0.029605 -0.0246035 -0.023789
0 -0.0296148 -0.0246923 -0.0239285
0 -0.0296443 -0.0247992 -0.0240792
0 -0.029703 -0.0249337 -0.0242494
0 -0.0297924 -0.0250975 -0.0244403
0 -0.0299048 -0.0252834 -0.0246442
0 -0.030026 -0.0254776 -0.0248476
0 -0.0301427 -0.0256673 -0.025038
0 -0.0302465 -0.0258443 -0.025208
0 -0.0303328 -0.0260037 -0.025354
0 -0.0303966 -0.0261404 -0.0254722
0 -0.0304317 -0.0262471 -0.0255572
0 -0.0304325 -0.0263167 -0.0256034
0 -0.0303966 -0.026345 -0.0256087
0 -0.0303275 -0.0263334 -0.0255761
0 -0.030236 -0.0262903 -0.0255157
0 -0.0301408 -0.0262323 -0.0254454
0 -0.0300691 -0.0261847 -0.0253913
0 -0.0300514 -0.0261773 -0.0253838
0 -0.0301087 -0.0262314 -0.0254441
0 -0.0302388 -0.0263465 -0.0255711
0 -0.0304154 -0.0264985 -0.0257397
0 -0.0306 -0.0266521 -0.0259132
0 -0.0307605 -0.0267785 -0.0260613
0 -0.0308864 -0.0268701 -0.0261748
0 -0.0309915 -0.0269436 -0.026269
0 -0.0311035 -0.0270296 -0.0263731
0 -0.0312476 -0.0271559 -0.0265138
0 -0.0314362 -0.0273375 -0.0267051
0 -0.0316667 -0.0275746 -0.0269465
0 -0.0319266 -0.0278574 -0.0272281
0 -0.0322007 -0.0281732 -0.0275374
0 -0.0324762 -0.0285117 -0.0278647
0 -0.0327442 -0.0288656 -0.0282036
0 -0.0329986 -0.02923 -0.0285508
0 -0.0332363 -0.029602 -0.0289053
0 -0.0334558 -0.0299799 -0.0292676
0 -0.033651 -0.0303566 -0.0296324
0 -0.0338024 -0.030711 -0.0299811
0 -0.0338821 -0.0310135 -0.0302862
0 -0.0338692 -0.0312405 -0.0305259
0 -0.0337608 -0.0313849 -0.0306948
0 -0.0335725 -0.031457 -0.0308046
0 -0.0333317 -0.0314785 -0.0308775
0 -0.0330678 -0.0314724 -0.0309368
0 -0.0328053 -0.0314575 -0.0310006
0 -0.0325612 -0.0314453 -0.0310793
0 -0.0323465 -0.0314421 -0.0311776
0 -0.0321696 -0.0314523 -0.0312975
0 -0.0320387 -0.0314813 -0.0314416
0 -0.031963 -0.0315361 -0.0316141
0 -0.0319542 -0.0316282 -0.0318226
0 -0.0320274 -0.0317734 -0.0320786
0 -0.0321951 -0.0319865 -0.0323924
0 -0.032457 -0.0322705 -0.0327628
0 -0.0327914 -0.0326085 -0.0331687
0 -0.0331535 -0.0329616 -0.0335678
0 -0.0334889 -0.0332806 -0.0339088
0 -0.0337532 -0.0335259 -0.0341509
0 -0.0339253 -0.0336795 -0.0342762
0 -0.0340077 -0.0337457 -0.0342906
0 -0.0340199 -0.033744 -0.0342164
0 -0.0339888 -0.0336998 -0.0340827
0 -0.0339387 -0.0336352 -0.0339164
0 -0.0338826 -0.033561 -0.0337331
0 -0.0338193 -0.0334736 -0.0335342
0 -0.0337379 -0.0333599 -0.0333113
0 -0.0336275 -0.0332069 -0.0330554
0 -0.0334858 -0.03301 -0.0327658
0 -0.033323 -0.0327772 -0.0324535
0 -0.0331617 -0.0325293 -0.0321417
0 -0.0330322 -0.0322953 -0.0318611
0 -0.0329649 -0.0321053 -0.0316426
0 -0.0329828 -0.0319838 -0.0315102
0 -0.0330968 -0.0319444 -0.0314764
0 -0.0333039 -0.0319885 -0.0315405
0 -0.0335874 -0.0321053 -0.0316885
0 -0.0339186 -0.0322726 -0.031895
0 -0.0342603 -0.032461 -0.0321267
0 -0.0345749 -0.0326398 -0.0323495
0 -0.0348312 -0.0327842 -0.0325353
0 -0.0350097 -0.0328803 -0.0326674
0 -0.0351071 -0.0329282 -0.0327438
0 -0.0351361 -0.0329422 -0.0327773
0 -0.0351191 -0.0329451 -0.0327902
0 -0.0350792 -0.0329588 -0.0328044
0 -0.0350305 -0.0329956 -0.0328329
0 -0.0349731 -0.0330534 -0.032875
0 -0.0348944 -0.0331162 -0.0329166
0 -0.0347756 -0.0331614 -0.0329377
0 -0.0346021 -0.0331695 -0.0329214
0 -0.0343671 -0.0331279 -0.0328579
0 -0.034071 -0.0330302 -0.0327438
0 -0.0337185 -0.0328738 -0.0325792
0 -0.0333168 -0.0326584 -0.0323661
0 -0.0328735 -0.0323833 -0.0321059
0 -0.0323938 -0.0320459 -0.0317973
0 -0.0318809 -0.031641 -0.0314357
0 -0.0313391 -0.0311648 -0.0310171
0 -0.0307787 -0.0306199 -0.0305426
0 -0.0302186 -0.0300185 -0.0300222
0 -0.0296841 -0.029382 -0.0294733
0 -0.0292039 -0.028737 -0.0289181
0 -0.0288063 -0.0281105 -0.0283781
0 -0.0285123 -0.0275248 -0.0278696
0 -0.0283329 -0.0269943 -0.0274007
0 -0.0282685 -0.026525 -0.0269712
0 -0.0283116 -0.0261165 -0.0265751
0 -0.0284504 -0.0257656 -0.0262047
0 -0.028672 -0.0254695 -0.0258532
0 -0.0289646 -0.0252276 -0.025518
0 -0.0293184 -0.0250418 -0.0251999
0 -0.0297204 -0.0249115 -0.0248991
0 -0.03015 -0.0248286 -0.0246093
0 -0.0305838 -0.0247811 -0.0243222
0 -0.0310077 -0.0247649 -0.0240392
0 -0.0314236 -0.0247896 -0.0237779
0 -0.0318419 -0.0248723 -0.0235645
0 -0.03227 -0.0250257 -0.0234223
0 -0.0327039 -0.0252495 -0.0233624
0 -0.0331274 -0.0255302 -0.0233825
0 -0.0335149 -0.0258438 -0.0234697
0 -0.0338373 -0.0261616 -0.0236046
0 -0.0340665 -0.0264549 -0.0237667
0 -0.0341804 -0.0266995 -0.0239381
0 -0.0341653 -0.0268785 -0.0241059
0 -0.0340177 -0.0269834 -0.0242632
0 -0.0337446 -0.0270144 -0.0244099
0 -0.0333636 -0.0269821 -0.0245531
0 -0.0329016 -0.0269048 -0.0247058
0 -0.0323895 -0.0268049 -0.0248825
0 -0.031857 -0.0267034 -0.0250949
0 -0.0313307 -0.0266179 -0.0253496
0 -0.0308339 -0.0265635 -0.02565
0 -0.0303891 -0.0265554 -0.0259992
0 -0.0300182 -0.0266088 -0.0264015
0 -0.0297373 -0.0267339 -0.0268571
0 -0.0295514 -0.0269318 -0.027357
0 -0.0294536 -0.0271933 -0.0278817
0 -0.0294281 -0.0275007 -0.0284053
0 -0.0294564 -0.0278335 -0.0289011
0 -0.0295221 -0.0281738 -0.0293472
0 -0.0296154 -0.0285104 -0.0297308
0 -0.0297353 -0.0288409 -0.0300505
0 -0.0298875 -0.0291698 -0.0303142
0 -0.0300788 -0.0295025 -0.0305329
0 -0.0303126 -0.0298409 -0.0307162
0 -0.0305879 -0.0301832 -0.0308716
0 -0.0309024 -0.0305269 -0.0310065
0 -0.0312548 -0.0308709 -0.0311303
0 -0.0316445 -0.0312163 -0.0312536
0 -0.032068 -0.0315622 -0.0313841
0 -0.0325153 -0.0319023 -0.0315232
0 -0.03297 -0.0322249 -0.0316657
0 -0.0334124 -0.0325153 -0.0318025
0 -0.0338235 -0.0327603 -0.0319251
0 -0.0341892 -0.0329512 -0.0320275
0 -0.0344992 -0.0330836 -0.0321066
0 -0.0347458 -0.0331557 -0.0321604
0 -0.0349241 -0.0331679 -0.0321876
0 -0.0350316 -0.0331226 -0.0321876
0 -0.0350674 -0.0330235 -0.0321597
0 -0.0350312 -0.0328738 -0.0321022
0 -0.0349238 -0.0326766 -0.0320126
0 -0.0347482 -0.0324362 -0.0318893
0 -0.0345111 -0.0321593 -0.0317335
0 -0.034224 -0.0318565 -0.0315503
0 -0.0339028 -0.0315414 -0.0313488
0 -0.0335654 -0.0312293 -0.03114
0 -0.0332291 -0.030934 -0.0309348
0 -0.0329086 -0.0306671 -0.0307416
0 -0.032616 -0.0304369 -0.030567
0 -0.0323612 -0.0302499 -0.0304163
0 -0.032153 -0.0301112 -0.0302941
0 -0.031998 -0.0300246 -0.0302048
0 -0.031902 -0.0299933 -0.0301528
0 -0.0318712 -0.0300213 -0.0301441
0 -0.0319118 -0.0301131 -0.0301858
0 -0.0320265 -0.0302708 -0.0302825
0 -0.0322107 -0.0304897 -0.0304326
0 -0.0324518 -0.0307576 -0.030627
0 -0.032732 -0.0310581 -0.0308523
0 -0.0330324 -0.0313744 -0.0310946
0 -0.0333379 -0.0316935 -0.0313438
0 -0.0336374 -0.0320069 -0.031594
0 -0.033923 -0.0323093 -0.0318423
0 -0.0341889 -0.0325974 -0.0320873
0 -0.0344313 -0.0328694 -0.0323289
0 -0.0346477 -0.0331245 -0.0325674
0 -0.0348346 -0.0333613 -0.0328021
0 -0.0349883 -0.0335777 -0.033031
0 -0.035107 -0.0337728 -0.033253
0 -0.0351915 -0.033948 -0.0334688
0 -0.0352448 -0.0341065 -0.0336801
0 -0.0352697 -0.0342509 -0.0338882
0 -0.0352694 -0.0343836 -0.0340935
0 -0.0352483 -0.0345079 -0.0342976
0 -0.0352134 -0.034629 -0.0345038
0 -0.0351724 -0.034753 -0.0347161
0 -0.0351325 -0.034885 -0.0349377
0 -0.0350992 -0.0350284 -0.0351701
0 -0.0350761 -0.035185 -0.0354132
0 -0.0350644 -0.0353537 -0.0356639
0 -0.0350606 -0.0355296 -0.0359153
0 -0.0350577 -0.0357035 -0.036157
0 -0.035048 -0.035866 -0.0363782
0 -0.0350272 -0.0360107 -0.0365716
0 -0.0349963 -0.0361363 -0.0367355
0 -0.0349598 -0.0362447 -0.0368719
0 -0.0349236 -0.0363395 -0.0369846
0 -0.0348939 -0.0364244 -0.0370781
0 -0.0348756 -0.0365023 -0.0371563
0 -0.034871 -0.0365736 -0.0372208
0 -0.0348783 -0.0366355 -0.0372698
0 -0.0348925 -0.036682 -0.0372987
0 -0.0349076 -0.0367067 -0.0373024
0 -0.034919 -0.0367049 -0.0372773
0 -0.0349239 -0.0366741 -0.0372217
0 -0.0349197 -0.036612 -0.0371344
0 -0.0349018 -0.036515 -0.037012
0 -0.0348641 -0.0363776 -0.0368497
0 -0.0348024 -0.0361969 -0.0366444
0 -0.0347182 -0.0359753 -0.0363986
0 -0.0346168 -0.0357192 -0.0361182
0 -0.0345036 -0.035435 -0.0358095
0 -0.0343811 -0.0351266 -0.0354755
0 -0.0342492 -0.0347952 -0.0351168
0 -0.0341064 -0.0344411 -0.034733
0 -0.0339515 -0.0340642 -0.0343232
0 -0.033783 -0.0336645 -0.0338869
0 -0.0336008 -0.0332431 -0.0334245
0 -0.0334068 -0.0328029 -0.0329388
0 -0.0332044 -0.0323485 -0.0324339
0 -0.0329972 -0.0318842 -0.0319143
0 -0.0327878 -0.0314131 -0.0313831
0 -0.0325766 -0.0309361 -0.0308416
0 -0.0323631 -0.0304531 -0.0302902
0 -0.0321463 -0.0299631 -0.0297286
0 -0.0319252 -0.0294652 -0.0291565
0 -0.0316979 -0.0289584 -0.0285738
0 -0.0314637 -0.0284423 -0.0279809
0 -0.031224 -0.0279181 -0.0273798
0 -0.0309817 -0.0273891 -0.0267744
0 -0.0307408 -0.0268596 -0.0261698
0 -0.0305046 -0.0263335 -0.0255705
0 -0.0302741 -0.025812 -0.0249782
0 -0.030047 -0.0252936 -0.0243917
0 -0.0298202 -0.0247759 -0.0238087
0 -0.0295922 -0.024258 -0.0232286
0 -0.029364 -0.0237415 -0.0226529
0 -0.0291367 -0.0232283 -0.0220834
0 -0.0289102 -0.0227188 -0.0215205
0 -0.0286837 -0.0222128 -0.0209637
0 -0.0284578 -0.0217116 -0.0204141
0 -0.0282364 -0.0212196 -0.0198757
0 -0.0280269 -0.0207447 -0.0193562
0 -0.0278392 -0.0202978 -0.0188659
0 -0.027684 -0.0198906 -0.0184163
0 -0.0275704 -0.0195336 -0.0180175
0 -0.0275045 -0.0192349 -0.0176772
0 -0.0274901 -0.0190005 -0.0174013
0 -0.0275291 -0.018835 -0.0171942
0 -0.0276209 -0.0187413 -0.0170587
0 -0.0277616 -0.018719 -0.0169946
0 -0.0279439 -0.0187647 -0.016999
0 -0.0281582 -0.0188727 -0.0170665
0 -0.0283939 -0.0190361 -0.0171913
0 -0.0286422 -0.0192499 -0.0173692
0 -0.0288985 -0.0195126 -0.0176
0 -0.0291621 -0.0198261 -0.0178871
0 -0.029434 -0.0201936 -0.0182353
0 -0.029715 -0.0206173 -0.0186485
0 -0.0300046 -0.0210976 -0.0191291
0 -0.0303015 -0.0216333 -0.0196775
0 -0.0306036 -0.0222219 -0.0202929
0 -0.0309084 -0.0228596 -0.0209733
0 -0.0312135 -0.0235422 -0.0217154
0 -0.0315163 -0.0242647 -0.0225153
0 -0.0318141 -0.0250216 -0.0233677
0 -0.0321041 -0.0258064 -0.024266
0 -0.0323823 -0.0266113 -0.0252019
0 -0.032646 -0.0274294 -0.0261672
0 -0.0328953 -0.0282564 -0.027156
0 -0.0331345 -0.0290918 -0.0281655
0 -0.0333703 -0.0299374 -0.0291952
0 -0.0336091 -0.0307952 -0.030244
0 -0.0338541 -0.0316658 -0.0313095
0 -0.0341056 -0.0325476 -0.0323869
0 -0.0343631 -0.0334369 -0.0334701
0 -0.0346265 -0.0343297 -0.0345521
0 -0.0348947 -0.0352215 -0.035626
0 -0.0351668 -0.0361087 -0.0366856
0 -0.0354438 -0.0369895 -0.0377271
0 -0.0357304 -0.0378652 -0.0387493
0 -0.0360323 -0.0387384 -0.0397533
0 -0.0363538 -0.0396116 -0.0407404
0 -0.0366979 -0.0404857 -0.0417113
0 -0.037066 -0.0413607 -0.0426658
0 -0.0374587 -0.0422356 -0.0436036
0 -0.0378746 -0.0431087 -0.0445242
0 -0.0383105 -0.0439766 -0.0454256
0 -0.0387598 -0.0448329 -0.0463033
0 -0.0392136 -0.0456693 -0.0471512
0 -0.0396612 -0.0464758 -0.0479619
0 -0.0400912 -0.0472422 -0.0487276
0 -0.0404921 -0.0479577 -0.0494402
0 -0.0408531 -0.0486122 -0.0500921
0 -0.0411645 -0.0491967 -0.0506763
0 -0.0414191 -0.0497041 -0.0511877
0 -0.041612 -0.0501294 -0.0516228
0 -0.0417412 -0.05047 -0.0519801
0 -0.0418055 -0.0507239 -0.052258
0 -0.0418036 -0.0508884 -0.052454
0 -0.0417335 -0.0509603 -0.0525642
0 -0.0415944 -0.0509366 -0.0525849
0 -0.0413873 -0.0508157 -0.0525132
0 -0.0411157 -0.0505982 -0.0523477
0 -0.0407851 -0.0502861 -0.0520885
0 -0.0404019 -0.0498822 -0.051736
0 -0.0399729 -0.0493896 -0.0512908
0 -0.0395052 -0.0488114 -0.0507535
0 -0.0390054 -0.048151 -0.0501245
0 -0.03848 -0.0474119 -0.0494046
0 -0.0379354 -0.0465979 -0.048595
0 -0.037378 -0.0457136 -0.0476978
0 -0.0368146 -0.044764 -0.046716
0 -0.0362512 -0.0437545 -0.0456532
0 -0.0356924 -0.04269 -0.0445127
0 -0.0351412 -0.0415743 -0.0432977
0 -0.0345986 -0.0404104 -0.0420107
0 -0.0340641 -0.0392004 -0.040654
0 -0.0335356 -0.0379454 -0.0392297
0 -0.0330106 -0.0366462 -0.0377402
0 -0.0324869 -0.0353034 -0.0361884
0 -0.0319623 -0.0339182 -0.0345783
0 -0.0314362 -0.0324927 -0.0329147
0 -0.0309093 -0.0310313 -0.0312047
0 -0.0303817 -0.0295401 -0.0294566
0 -0.0298543 -0.0280255 -0.02768
0 -0.0293296 -0.026493 -0.0258836
0 -0.0288092 -0.0249489 -0.0240758
0 -0.0282942 -0.0233994 -0.0222653
0 -0.0277864 -0.0218504 -0.0204616
0 -0.0272878 -0.0203087 -0.0186746
0 -0.026801 -0.0187822 -0.0169144
0 -0.0263294 -0.0172789 -0.0151913
0 -0.0258769 -0.0158075 -0.0135161
0 -0.0254482 -0.0143775 -0.0118995
0 -0.0250484 -0.0129983 -0.0103521
0 -0.0246814 -0.0116787 -0.00888327
0 -0.0243505 -0.0104264 -0.00750063
0 -0.0240589 -0.00924904 -0.00621154
0 -0.0238098 -0.00815484 -0.00502312
0 -0.0236063 -0.00715133 -0.00394157
0 -0.0234501 -0.00624504 -0.00297165
0 -0.0233429 -0.00544215 -0.00211766
0 -0.0232869 -0.00474958 -0.00138454
0 -0.0232852 -0.00417481 -0.00077785
0 -0.0233398 -0.00372457 -0.000302546
0 -0.0234507 -0.00340339 3.84507e-05
0 -0.023615 -0.00321304 0.000244755
0 -0.023828 -0.00315343 0.000317645
0 -0.0240844 -0.00322394 0.000258614
0 -0.0243794 -0.00342406 6.8695e-05
0 -0.0247077 -0.00375263 -0.000250836
0 -0.0250629 -0.00420652 -0.000697418
0 -0.0254373 -0.00478035 -0.00126717
0 -0.0258237 -0.00546764 -0.00195596
0 -0.0262165 -0.00626177 -0.0027604
0 -0.0266116 -0.00715593 -0.00367756
0 -0.0270052 -0.0081422 -0.00470378
0 -0.0273939 -0.00921156 -0.00583434
0 -0.0277755 -0.0103552 -0.00706448
0 -0.0281502 -0.0115655 -0.00839025
0 -0.0285197 -0.0128358 -0.00980782
0 -0.0288861 -0.0141591 -0.0113121
0 -0.0292503 -0.0155274 -0.0128958
0 -0.0296128 -0.0169321 -0.0145496
0 -0.029974 -0.0183644 -0.0162628
0 -0.0303339 -0.019816 -0.0180235
0 -0.030692 -0.0212781 -0.0198181
0 -0.0310475 -0.0227421 -0.0216319
0 -0.0313992 -0.0241992 -0.0234493
0 -0.031745 -0.0256414 -0.0252547
0 -0.0320831 -0.0270611 -0.0270332
0 -0.0324122 -0.0284518 -0.0287709
0 -0.032729 -0.0298071 -0.0304545
0 -0.0330302 -0.0311196 -0.0320717
0 -0.0333155 -0.0323837 -0.0336102
0 -0.0335837 -0.0335932 -0.0350584
0 -0.0338322 -0.034742 -0.0364062
0 -0.0340602 -0.0358248 -0.0376467
0 -0.034269 -0.0368377 -0.0387753
0 -0.0344607 -0.0377771 -0.0397896
0 -0.0346364 -0.0386393 -0.040688
0 -0.0347974 -0.0394205 -0.0414709
0 -0.0349457 -0.0401184 -0.0421402
0 -0.0350848 -0.0407315 -0.0427002
0 -0.0352186 -0.0412601 -0.043157
0 -0.0353516 -0.0417052 -0.043518
0 -0.0354878 -0.0420684 -0.043791
0 -0.0356308 -0.0423516 -0.0439836
0 -0.0357836 -0.0425573 -0.0441034
0 -0.0359492 -0.042689 -0.0441583
0 -0.0361303 -0.0427521 -0.0441564
0 -0.0363292 -0.0427533 -0.0441056
0 -0.0365476 -0.0427003 -0.0440133
0 -0.0367859 -0.0426014 -0.043886
0 -0.0370433 -0.042465 -0.0437292
0 -0.0373176 -0.0422998 -0.0435475
0 -0.0376056 -0.042114 -0.0433449
0 -0.0379028 -0.0419156 -0.0431245
0 -0.0382035 -0.0417107 -0.0428882
0 -0.0384999 -0.041504 -0.0426365
0 -0.0387827 -0.0412981 -0.042369
0 -0.039042 -0.0410935 -0.0420842
0 -0.039268 -0.0408899 -0.0417811
0 -0.0394518 -0.040686 -0.0414592
0 -0.0395856 -0.04048 -0.0411189
0 -0.0396626 -0.0402691 -0.040761
0 -0.0396772 -0.0400498 -0.0403866
0 -0.039625 -0.0398182 -0.0399972
0 -0.0395029 -0.0395701 -0.0395939
0 -0.0393097 -0.0393012 -0.0391782
0 -0.0390461 -0.0390075 -0.0387515
0 -0.0387144 -0.0386852 -0.0383156
0 -0.0383188 -0.0383313 -0.0378722
0 -0.0378648 -0.0379428 -0.0374229
0 -0.0373592 -0.0375177 -0.0369691
0 -0.0368107 -0.0370553 -0.036512
0 -0.0362291 -0.0365561 -0.0360529
0 -0.0356253 -0.0360223 -0.0355928
0 -0.03501 -0.0354568 -0.035132
0 -0.0343938 -0.034863 -0.03467
0 -0.0337859 -0.0342448 -0.0342054
0 -0.0331941 -0.0336058 -0.0337353
0 -0.0326253 -0.0329494 -0.0332558
0 -0.0320854 -0.0322794 -0.0327619
0 -0.031579 -0.0315998 -0.0322482
0 -0.0311094 -0.0309144 -0.0317092
0 -0.0306799 -0.0302269 -0.0311398
0 -0.030293 -0.0295413 -0.0305363
0 -0.0299507 -0.0288626 -0.0298973
0 -0.0296552 -0.0281959 -0.029224
0 -0.0294087 -0.027546 -0.0285187
0 -0.0292119 -0.0269155 -0.0277843
0 -0.0290636 -0.0263057 -0.0270241
0 -0.0289609 -0.0257168 -0.026242
0 -0.0289003 -0.0251486 -0.0254431
0 -0.0288778 -0.0245999 -0.0246329
0 -0.0288882 -0.0240693 -0.0238171
0 -0.0289255 -0.0235556 -0.0230013
0 -0.0289829 -0.023058 -0.0221916
0 -0.0290547 -0.0225758 -0.0213962
0 -0.0291363 -0.0221093 -0.0206243
0 -0.0292237 -0.0216596 -0.0198859
0 -0.0293131 -0.021228 -0.0191906
0 -0.0294009 -0.0208161 -0.0185471
0 -0.0294837 -0.0204257 -0.0179627
0 -0.029559 -0.02006 -0.0174446
0 -0.0296259 -0.0197231 -0.016999
0 -0.0296845 -0.0194204 -0.0166321
0 -0.0297358 -0.0191583 -0.0163489
0 -0.029781 -0.018943 -0.0161527
0 -0.0298206 -0.0187798 -0.0160449
0 -0.0298547 -0.018673 -0.0160244
0 -0.0298822 -0.0186253 -0.0160876
0 -0.0299012 -0.018638 -0.0162294
0 -0.0299095 -0.0187107 -0.0164428
0 -0.0299044 -0.0188415 -0.0167196
0 -0.0298827 -0.0190264 -0.0170503
0 -0.0298411 -0.0192598 -0.0174248
0 -0.0297764 -0.0195342 -0.0178322
0 -0.0296862 -0.0198412 -0.018262
0 -0.0295695 -0.0201725 -0.0187048
0 -0.0294271 -0.0205201 -0.0191529
0 -0.0292612 -0.0208759 -0.0195993
0 -0.0290739 -0.0212311 -0.0200372
0 -0.0288674 -0.021576 -0.0204594
0 -0.0286439 -0.0219008 -0.0208589
0 -0.0284068 -0.022197 -0.0212298
0 -0.0281607 -0.0224573 -0.0215674
0 -0.0279108 -0.0226762 -0.0218682
0 -0.027663 -0.0228497 -0.0221295
0 -0.0274235 -0.0229762 -0.0223494
0 -0.0271993 -0.0230557 -0.0225275
0 -0.026998 -0.0230908 -0.0226649
0 -0.0268279 -0.023086 -0.0227636
0 -0.0266974 -0.0230474 -0.0228272
0 -0.0266153 -0.0229834 -0.0228606
0 -0.0265909 -0.0229046 -0.0228705
0 -0.0266339 -0.0228237 -0.0228656
0 -0.0267538 -0.0227553 -0.0228559
0 -0.0269586 -0.022714 -0.0228516
0 -0.027253 -0.0227136 -0.0228621
0 -0.0276386 -0.0227656 -0.0228955
0 -0.0281141 -0.0228807 -0.0229598
0 -0.0286766 -0.0230691 -0.0230633
0 -0.0293213 -0.0233401 -0.0232151
0 -0.0300416 -0.0237025 -0.0234243
0 -0.0308303 -0.0241631 -0.0237004
0 -0.0316782 -0.0247253 -0.0240509
0 -0.0325728 -0.0253885 -0.0244813
0 -0.0334987 -0.0261482 -0.0249948
0 -0.0344385 -0.0269969 -0.0255934
0 -0.0353752 -0.0279245 -0.0262776
0 -0.0362926 -0.0289192 -0.0270465
0 -0.0371739 -0.0299677 -0.0278977
0 -0.0380005 -0.0310561 -0.028828
0 -0.0387554 -0.0321703 -0.0298327
0 -0.039424 -0.0332957 -0.0309051
0 -0.0399915 -0.0344165 -0.0320358
0 -0.0404453 -0.0355168 -0.0332132
0 -0.0407761 -0.0365816 -0.0344241
0 -0.0409768 -0.0375968 -0.0356534
0 -0.0410417 -0.0385489 -0.036884
0 -0.0409669 -0.0394247 -0.0380966
0 -0.0407515 -0.0402125 -0.0392706
0 -0.0403982 -0.0409033 -0.0403857
0 -0.039914 -0.0414898 -0.0414244
0 -0.0393114 -0.0419644 -0.0423726
0 -0.0386082 -0.0423259 -0.0432189
0 -0.0378258 -0.0425797 -0.0439541
0 -0.0369884 -0.0427326 -0.0445716
0 -0.0361222 -0.0427928 -0.0450671
0 -0.0352529 -0.0427712 -0.0454388
0 -0.0344048 -0.0426788 -0.0456862
0 -0.0336006 -0.0425254 -0.0458101
0 -0.0328632 -0.0423213 -0.045814
0 -0.0322151 -0.0420781 -0.0457049
0 -0.0316774 -0.0418076 -0.0454925
0 -0.0312676 -0.0415204 -0.0451881
0 -0.0309985 -0.041225 -0.044803
0 -0.0308778 -0.0409274 -0.0443485
0 -0.0309084 -0.0406312 -0.043835
0 -0.0310888 -0.0403392 -0.0432731
0 -0.0314137 -0.0400538 -0.0426742
0 -0.0318747 -0.0397775 -0.04205
0 -0.0324602 -0.0395135 -0.041413
0 -0.0331561 -0.0392652 -0.0407758
0 -0.0339451 -0.0390351 -0.0401495
0 -0.0348066 -0.0388239 -0.0395429
0 -0.0357172 -0.0386311 -0.0389624
0 -0.0366528 -0.0384563 -0.0384128
0 -0.0375891 -0.0383009 -0.0378983
0 -0.0385027 -0.0381655 -0.0374228
0 -0.0393703 -0.0380488 -0.0369902
0 -0.0401705 -0.0379488 -0.0366046
0 -0.0408851 -0.0378643 -0.0362698
0 -0.0414993 -0.0377939 -0.0359894
0 -0.0420006 -0.0377375 -0.0357661
0 -0.0423785 -0.0376948 -0.0356013
0 -0.0426249 -0.0376652 -0.0354954
0 -0.0427352 -0.0376474 -0.0354474
0 -0.0427074 -0.0376407 -0.0354563
0 -0.0425433 -0.037644 -0.0355203
0 -0.042248 -0.0376558 -0.0356371
0 -0.0418298 -0.0376742 -0.0358031
0 -0.0412989 -0.0376963 -0.036013
0 -0.0406676 -0.0377184 -0.0362597
0 -0.0399494 -0.037737 -0.0365354
0 -0.03916 -0.0377495 -0.0368322
0 -0.0383171 -0.0377542 -0.0371433
0 -0.0374404 -0.0377499 -0.037462
0 -0.0365483 -0.0377344 -0.0377808
0 -0.0356574 -0.0377027 -0.0380901
0 -0.0347814 -0.0376484 -0.0383781
0 -0.0339312 -0.0375659 -0.0386311
0 -0.0331154 -0.0374496 -0.0388347
0 -0.0323422 -0.0372934 -0.0389748
0 -0.0316187 -0.0370918 -0.0390378
0 -0.030951 -0.0368399 -0.0390115
0 -0.0303443 -0.0365338 -0.0388856
0 -0.0298032 -0.0361708 -0.0386521
0 -0.0293314 -0.0357492 -0.0383054
0 -0.0289313 -0.0352675 -0.037842
0 -0.028603 -0.0347241 -0.0372596
0 -0.0283452 -0.0341179 -0.036558
0 -0.0281558 -0.0334485 -0.0357391
0 -0.0280317 -0.032717 -0.0348074
0 -0.0279679 -0.0319258 -0.0337695
0 -0.0279594 -0.0310789 -0.0326346
0 -0.0280008 -0.0301819 -0.031414
0 -0.0280862 -0.0292413 -0.0301208
0 -0.0282081 -0.0282635 -0.0287683
0 -0.0283582 -0.0272558 -0.0273691
0 -0.0285273 -0.0262242 -0.0259351
0 -0.0287076 -0.0251738 -0.0244782
0 -0.0288912 -0.0241111 -0.0230117
0 -0.0290707 -0.0230447 -0.0215502
0 -0.029239 -0.021983 -0.0201095
0 -0.0293906 -0.0209344 -0.0187048
0 -0.0295209 -0.0199074 -0.0173506
0 -0.0296262 -0.0189108 -0.0160603
0 -0.0297038 -0.0179526 -0.0148467
0 -0.0297521 -0.017041 -0.0137218
0 -0.0297709 -0.016184 -0.0126955
0 -0.0297605 -0.0153888 -0.011776
0 -0.0297218 -0.0146624 -0.0109703
0 -0.0296575 -0.0140127 -0.0102844
0 -0.0295715 -0.0134478 -0.00972334
0 -0.0294683 -0.0129758 -0.00929112
0 -0.0293534 -0.0126046 -0.00899037
0 -0.0292321 -0.0123411 -0.00882258
0 -0.0291106 -0.012192 -0.00878851
0 -0.0289956 -0.0121634 -0.00888869
0 -0.0288945 -0.0122607 -0.0091235
0 -0.0288151 -0.0124879 -0.00949304
0 -0.0287656 -0.0128478 -0.00999684
0 -0.0287538 -0.0133415 -0.0106336
0 -0.0287862 -0.0139676 -0.0114013
0 -0.0288686 -0.0147232 -0.0122964
0 -0.0290048 -0.0156028 -0.0133146
0 -0.0291972 -0.016599 -0.0144501
0 -0.0294461 -0.0177024 -0.0156956
0 -0.0297498 -0.0189018 -0.0170422
0 -0.0301049 -0.0201845 -0.0184796
0 -0.0305063 -0.0215369 -0.0199961
0 -0.0309479 -0.0229448 -0.021579
0 -0.0314221 -0.0243931 -0.0232141
0 -0.0319201 -0.0258661 -0.0248856
0 -0.0324318 -0.0273468 -0.0265761
0 -0.0329458 -0.0288185 -0.0282671
0 -0.0334506 -0.0302647 -0.0299403
0 -0.0339329 -0.0316705 -0.0315777
0 -0.0343791 -0.0330216 -0.0331624
0 -0.03478 -0.0343052 -0.0346794
0 -0.0351303 -0.0355114 -0.0361154
0 -0.0354264 -0.036634 -0.0374602
0 -0.0356674 -0.0376695 -0.0387062
0 -0.0358568 -0.038617 -0.0398487
0 -0.036001 -0.0394786 -0.0408868
0 -0.0361084 -0.0402589 -0.0418222
0 -0.0361893 -0.0409641 -0.0426589
0 -0.036255 -0.041601 -0.0434026
0 -0.0363165 -0.0421768 -0.0440596
0 -0.036384 -0.0426981 -0.0446366
0 -0.0364666 -0.0431712 -0.0451407
0 -0.0365732 -0.0436023 -0.0455797
0 -0.036712 -0.0439981 -0.0459624
0 -0.0368902 -0.044365 -0.0462981
0 -0.0371135 -0.0447089 -0.0465954
0 -0.0373841 -0.0450334 -0.0468613
0 -0.0377003 -0.0453394 -0.0470997
0 -0.0380561 -0.0456253 -0.0473119
0 -0.0384424 -0.0458872 -0.0474964
0 -0.0388477 -0.0461205 -0.0476507
0 -0.0392593 -0.0463198 -0.0477706
0 -0.0396634 -0.0464796 -0.0478518
0 -0.0400459 -0.0465947 -0.0478897
0 -0.0403929 -0.0466599 -0.0478797
0 -0.0406906 -0.0466699 -0.0478169
0 -0.0409256 -0.0466186 -0.0476953
0 -0.0410848 -0.0464997 -0.0475087
0 -0.0411564 -0.046307 -0.0472512
0 -0.0411315 -0.0460354 -0.0469179
0 -0.0410042 -0.0456815 -0.0465057
0 -0.0407721 -0.0452435 -0.0460135
0 -0.0404361 -0.0447208 -0.0454415
0 -0.0399997 -0.0441141 -0.044791
0 -0.0394692 -0.043425 -0.0440646
0 -0.0388531 -0.042656 -0.0432655
0 -0.0381622 -0.041811 -0.0423978
0 -0.0374092 -0.0408951 -0.0414665
0 -0.0366084 -0.0399141 -0.0404773
0 -0.0357739 -0.0388745 -0.0394356
0 -0.0349199 -0.037783 -0.0383467
0 -0.0340592 -0.0366464 -0.0372154
0 -0.0332039 -0.0354713 -0.0360459
0 -0.0323657 -0.034264 -0.0348418
0 -0.0315553 -0.0330306 -0.033606
0 -0.0307828 -0.0317768 -0.0323408
0 -0.0300557 -0.0305084 -0.0310484
0 -0.0293768 -0.0292311 -0.0297307
0 -0.0287487 -0.0279512 -0.0283906
0 -0.0281762 -0.0266752 -0.027032
0 -0.0276641 -0.0254102 -0.0256603
0 -0.0272167 -0.0241634 -0.0242815
0 -0.0268375 -0.0229425 -0.0229027
0 -0.0265285 -0.0217554 -0.0215313
0 -0.0262908 -0.0206114 -0.020176
0 -0.0261251 -0.0195198 -0.0188467
0 -0.0260315 -0.0184893 -0.0175549
0 -0.0260096 -0.0175286 -0.016313
0 -0.0260586 -0.0166462 -0.0151345
0 -0.0261767 -0.0158498 -0.014033
0 -0.0263617 -0.0151462 -0.0130226
0 -0.0266103 -0.0145419 -0.0121173
0 -0.026919 -0.0140428 -0.0113304
0 -0.0272836 -0.0136542 -0.0106746
0 -0.0276998 -0.0133815 -0.010162
0 -0.0281627 -0.0132298 -0.00980339
0 -0.028667 -0.0132034 -0.00960783
0 -0.0292066 -0.0133059 -0.00958242
0 -0.0297748 -0.0135401 -0.00973199
0 -0.030364 -0.0139072 -0.0100587
0 -0.0309656 -0.0144067 -0.0105617
0 -0.0315696 -0.0150363 -0.011237
0 -0.0321661 -0.0157923 -0.0120783
0 -0.0327451 -0.0166695 -0.0130774
0 -0.0332975 -0.017661 -0.0142239
0 -0.0338151 -0.0187584 -0.0155059
0 -0.0342898 -0.0199508 -0.0169092
0 -0.0347142 -0.0212258 -0.0184186
0 -0.0350824 -0.02257 -0.0200179
0 -0.0353909 -0.0239693 -0.021691
0 -0.0356381 -0.0254093 -0.0234216
0 -0.0358257 -0.0268758 -0.0251937
0 -0.0359565 -0.0283547 -0.0269917
0 -0.0360316 -0.0298333 -0.0288008
0 -0.0360525 -0.0312999 -0.0306066
0 -0.0360247 -0.032744 -0.0323958
0 -0.0359553 -0.0341559 -0.0341554
0 -0.0358501 -0.0355252 -0.0358729
0 -0.0357143 -0.0368399 -0.0375353
0 -0.0355557 -0.0380908 -0.0391299
0 -0.035383 -0.039273 -0.0406451
0 -0.0352046 -0.0403819 -0.0420708
0 -0.0350287 -0.0414143 -0.0433986
0 -0.0348634 -0.042368 -0.044621
0 -0.0347154 -0.043241 -0.045731
0 -0.0345904 -0.0440313 -0.0467224
0 -0.0344931 -0.0447368 -0.0475897
0 -0.0344274 -0.0453559 -0.0483292
0 -0.034397 -0.045888 -0.0489388
0 -0.0344048 -0.0463328 -0.0494186
0 -0.0344533 -0.0466904 -0.0497702
0 -0.0345434 -0.046961 -0.0499964
0 -0.034675 -0.0471439 -0.0501004
0 -0.0348465 -0.047239 -0.0500863
0 -0.0350548 -0.0472461 -0.049959
0 -0.0352957 -0.0471663 -0.0497237
0 -0.0355636 -0.0470009 -0.0493858
0 -0.0358511 -0.0467519 -0.0489509
0 -0.0361489 -0.0464214 -0.0484239
0 -0.0364477 -0.0460126 -0.0478109
0 -0.0367385 -0.0455306 -0.0471189
0 -0.0370137 -0.0449818 -0.0463562
0 -0.0372658 -0.0443736 -0.0455317
0 -0.0374878 -0.0437138 -0.0446544
0 -0.0376724 -0.0430094 -0.0437328
0 -0.0378132 -0.0422678 -0.0427753
0 -0.0379045 -0.0414959 -0.0417902
0 -0.0379419 -0.0407011 -0.0407856
0 -0.0379225 -0.0398905 -0.0397696
0 -0.0378445 -0.0390701 -0.0387494
0 -0.0377069 -0.038245 -0.0377321
0 -0.0375094 -0.0374193 -0.0367246
0 -0.0372532 -0.0365966 -0.0357332
0 -0.0369402 -0.0357796 -0.0347633
0 -0.0365727 -0.0349699 -0.0338193
0 -0.0361529 -0.0341673 -0.0329036
0 -0.035683 -0.0333706 -0.0320171
0 -0.0351643 -0.0325771 -0.0311585
0 -0.0345976 -0.031783 -0.0303248
0 -0.0339842 -0.0309833 -0.0295114
0 -0.0333244 -0.0301727 -0.0287119
0 -0.0326168 -0.0293453 -0.0279187
0 -0.0318616 -0.0284951 -0.0271233
0 -0.0310608 -0.0276165 -0.0263169
0 -0.0302189 -0.0267054 -0.0254914
0 -0.0293416 -0.0257587 -0.0246397
0 -0.028436 -0.0247745 -0.0237554
0 -0.0275106 -0.023752 -0.0228332
0 -0.0265757 -0.0226919 -0.0218688
0 -0.0256424 -0.0215963 -0.0208598
0 -0.0247221 -0.0204694 -0.0198056
0 -0.0238268 -0.0193169 -0.0187075
0 -0.0229692 -0.018146 -0.0175687
0 -0.0221623 -0.0169656 -0.0163948
0 -0.0214197 -0.0157866 -0.0151935
0 -0.0207549 -0.0146218 -0.0139751
0 -0.0201813 -0.0134851 -0.0127518
0 -0.0197113 -0.0123913 -0.0115375
0 -0.0193561 -0.0113555 -0.0103472
0 -0.0191252 -0.0103926 -0.00919703
0 -0.0190264 -0.00951752 -0.00810407
0 -0.0190652 -0.00874432 -0.00708588
0 -0.0192451 -0.00808638 -0.00616045
0 -0.0195663 -0.00755575 -0.00534537
0 -0.0200262 -0.00716239 -0.00465677
0 -0.0206175 -0.00691341 -0.00410848
0 -0.0213292 -0.00681301 -0.00371191
0 -0.0221473 -0.00686298 -0.00347626
0 -0.0230553 -0.00706314 -0.00340863
0 -0.0240348 -0.00741145 -0.0035139
0 -0.0250657 -0.00790403 -0.00379456
0 -0.0261268 -0.00853552 -0.00425077
0 -0.0271966 -0.00929941 -0.00488055
0 -0.0282544 -0.0101886 -0.00568008
0 -0.0292816 -0.011196 -0.0066444
0 -0.0302617 -0.0123153 -0.00776809
0 -0.0311806 -0.0135402 -0.00904534
0 -0.0320268 -0.0148645 -0.0104697
0 -0.032793 -0.0162815 -0.0120338
0 -0.0334749 -0.0177841 -0.0137298
0 -0.0340705 -0.0193647 -0.0155484
0 -0.0345794 -0.0210143 -0.0174793
0 -0.0350028 -0.0227233 -0.0195104
0 -0.035345 -0.0244818 -0.0216291
0 -0.035613 -0.0262796 -0.0238219
0 -0.0358168 -0.0281068 -0.0260749
0 -0.0359656 -0.0299532 -0.0283733
0 -0.0360654 -0.0318095 -0.0307015
0 -0.036122 -0.0336673 -0.0330436
0 -0.0361433 -0.0355196 -0.0353842
0 -0.0361367 -0.0373571 -0.0377071
0 -0.0361088 -0.0391655 -0.039995
0 -0.0360661 -0.0409328 -0.04223
0 -0.0360146 -0.042652 -0.0443944
0 -0.0359595 -0.0443157 -0.0464715
0 -0.0359058 -0.045916 -0.0484462
0 -0.0358588 -0.0474471 -0.0503061
0 -0.0358239 -0.0489047 -0.0520412
0 -0.035806 -0.0502852 -0.0536437
0 -0.0358093 -0.0515846 -0.0551079
0 -0.0358371 -0.052799 -0.0564293
0 -0.0358921 -0.0539247 -0.0576059
0 -0.035977 -0.0549588 -0.0586383
0 -0.0360946 -0.055899 -0.0595296
0 -0.0362469 -0.056743 -0.0602842
0 -0.0364346 -0.0574883 -0.0609076
0 -0.0366574 -0.0581323 -0.0614056
0 -0.0369144 -0.0586724 -0.0617849
0 -0.0372038 -0.0591071 -0.0620527
0 -0.0375231 -0.0594351 -0.0622159
0 -0.0378685 -0.0596561 -0.0622817
0 -0.0382349 -0.0597714 -0.0622566
0 -0.038616 -0.0597831 -0.0621459
0 -0.0390037 -0.0596942 -0.0619534
0 -0.0393881 -0.0595079 -0.061681
0 -0.0397572 -0.0592274 -0.0613291
0 -0.0400984 -0.0588564 -0.0608967
0 -0.0403991 -0.0583991 -0.0603827
0 -0.0406473 -0.0578602 -0.0597861
0 -0.0408315 -0.0572448 -0.0591058
0 -0.0409408 -0.0565573 -0.0583413
0 -0.0409657 -0.055802 -0.0574924
0 -0.0408987 -0.0549826 -0.0565597
0 -0.0407344 -0.0541027 -0.0555453
0 -0.0404694 -0.0531653 -0.0544524
0 -0.0401029 -0.0521734 -0.0532857
0 -0.0396369 -0.0511301 -0.0520515
0 -0.0390762 -0.0500383 -0.0507576
0 -0.0384282 -0.0489017 -0.0494133
0 -0.0377031 -0.0477245 -0.0480288
0 -0.0369131 -0.0465119 -0.0466153
0 -0.0360721 -0.0452697 -0.0451838
0 -0.0351956 -0.0440043 -0.0437453
0 -0.0342997 -0.0427226 -0.042311
0 -0.0334012 -0.0414324 -0.0408922
0 -0.0325167 -0.0401426 -0.0395006
0 -0.0316635 -0.0388624 -0.0381469
0 -0.0308579 -0.0376017 -0.0368411
0 -0.0301114 -0.0363707 -0.0355918
0 -0.0294343 -0.0351804 -0.0344064
0 -0.0288382 -0.0340418 -0.0332911
0 -0.0283328 -0.0329663 -0.0322512
0 -0.0279257 -0.0319649 -0.0312907
0 -0.027623 -0.0310477 -0.030413
0 -0.027428 -0.0302241 -0.0296203
0 -0.0273413 -0.0295022 -0.0289142
0 -0.0273609 -0.0288887 -0.0282957
0 -0.0274823 -0.0283889 -0.0277652
0 -0.0276985 -0.0280057 -0.0273228
0 -0.0280004 -0.0277402 -0.0269676
0 -0.0283768 -0.0275916 -0.0266986
0 -0.028815 -0.027557 -0.0265145
0 -0.0293014 -0.0276321 -0.0264142
0 -0.0298217 -0.0278104 -0.0263967
0 -0.030361 -0.0280836 -0.0264605
0 -0.0309034 -0.0284411 -0.0266035
0 -0.0314329 -0.0288707 -0.0268225
0 -0.0319333 -0.0293589 -0.0271137
0 -0.0323888 -0.0298913 -0.0274719
0 -0.032785 -0.0304526 -0.0278908
0 -0.0331085 -0.0310271 -0.0283627
0 -0.0333471 -0.0315991 -0.0288786
0 -0.0334908 -0.032153 -0.0294289
0 -0.0335319 -0.0326741 -0.0300028
0 -0.033465 -0.0331487 -0.0305884
0 -0.0332873 -0.0335644 -0.0311733
0 -0.0329987 -0.0339105 -0.0317439
0 -0.032602 -0.0341783 -0.0322869
0 -0.032103 -0.0343612 -0.0327885
0 -0.0315098 -0.0344553 -0.0332357
0 -0.0308333 -0.034459 -0.0336164
0 -0.0300867 -0.0343725 -0.0339196
0 -0.0292855 -0.0341973 -0.0341367
0 -0.0284462 -0.0339363 -0.0342605
0 -0.0275867 -0.0335946 -0.0342845
0 -0.0267255 -0.0331776 -0.0342033
0 -0.0258808 -0.0326917 -0.0340129
0 -0.0250708 -0.0321448 -0.0337109
0 -0.0243131 -0.0315457 -0.0332977
0 -0.0236256 -0.0309038 -0.0327768
0 -0.0230255 -0.0302293 -0.0321549
0 -0.0225285 -0.0295332 -0.0314415
0 -0.0221477 -0.0288266 -0.030648
0 -0.0218926 -0.0281201 -0.0297873
0 -0.0217693 -0.0274233 -0.0288731
0 -0.0217803 -0.0267453 -0.0279201
0 -0.0219254 -0.0260945 -0.026944
0 -0.0222019 -0.0254799 -0.0259612
0 -0.0226049 -0.0249098 -0.024988
0 -0.0231251 -0.0243909 -0.0240399
0 -0.0237495 -0.0239293 -0.0231311
0 -0.0244621 -0.0235309 -0.0222745
0 -0.025245 -0.0231981 -0.0214831
0 -0.0260791 -0.0229321 -0.0207697
0 -0.0269452 -0.022736 -0.0201471
0 -0.0278245 -0.0226117 -0.019627
0 -0.0286997 -0.02256 -0.0192199
0 -0.0295549 -0.0225819 -0.018935
0 -0.0303758 -0.0226781 -0.0187796
0 -0.0311486 -0.0228489 -0.0187591
0 -0.0318608 -0.0230939 -0.0188766
0 -0.0325017 -0.0234124 -0.0191324
0 -0.0330621 -0.0238033 -0.0195247
0 -0.0335343 -0.0242657 -0.0200499
0 -0.0339124 -0.0247985 -0.0207027
0 -0.0341929 -0.0254006 -0.0214767
0 -0.0343753 -0.0260706 -0.022365
0 -0.034462 -0.0268063 -0.0233595
0 -0.034458 -0.0276048 -0.0244514
0 -0.0343709 -0.0284624 -0.0256314
0 -0.0342108 -0.0293747 -0.0268898
0 -0.0339901 -0.0303367 -0.0282165
0 -0.0337229 -0.0313431 -0.0296012
0 -0.0334243 -0.0323884 -0.0310334
0 -0.0331095 -0.0334666 -0.0325028
0 -0.0327936 -0.0345724 -0.0339993
0 -0.0324907 -0.0357009 -0.0355135
0 -0.0322123 -0.0368465 -0.0370359
0 -0.0319678 -0.0380025 -0.0385559
0 -0.0317664 -0.03916 -0.0400622
0 -0.0316168 -0.0403109 -0.0415431
0 -0.0315256 -0.0414502 -0.0429877
0 -0.0314979 -0.0425734 -0.0443862
0 -0.0315376 -0.0436761 -0.0457302
0 -0.031648 -0.0447541 -0.047012
0 -0.031831 -0.0458029 -0.0482249
0 -0.0320862 -0.0468175 -0.0493625
0 -0.0324103 -0.0477922 -0.0504189
0 -0.0327974 -0.0487206 -0.0513884
0 -0.0332396 -0.0495959 -0.0522662
0 -0.0337279 -0.050411 -0.0530481
0 -0.0342519 -0.0511591 -0.053731
0 -0.0348008 -0.0518332 -0.0543126
0 -0.0353634 -0.0524272 -0.0547918
0 -0.0359282 -0.0529352 -0.0551683
0 -0.036483 -0.0533527 -0.055443
0 -0.0370161 -0.0536759 -0.0556173
0 -0.0375159 -0.0539024 -0.0556932
0 -0.037972 -0.054031 -0.0556737
0 -0.038375 -0.0540619 -0.0555618
0 -0.0387152 -0.0539951 -0.05536
0 -0.0389833 -0.0538307 -0.0550699
0 -0.0391705 -0.0535688 -0.0546926
0 -0.0392693 -0.0532102 -0.0542293
0 -0.0392746 -0.0527572 -0.0536825
0 -0.0391841 -0.0522139 -0.0530558
0 -0.0389987 -0.0515858 -0.0523539
0 -0.0387208 -0.0508788 -0.0515819
0 -0.0383546 -0.0500989 -0.0507445
0 -0.037905 -0.0492514 -0.0498457
0 -0.0373778 -0.0483414 -0.0488894
0 -0.0367803 -0.0473739 -0.0478792
0 -0.0361211 -0.0463545 -0.0468195
0 -0.0354106 -0.0452896 -0.0457157
0 -0.0346602 -0.0441857 -0.0445732
0 -0.0338816 -0.0430493 -0.0433977
0 -0.0330861 -0.0418862 -0.042194
0 -0.0322842 -0.0407017 -0.0409665
0 -0.0314854 -0.0395004 -0.0397188
0 -0.0306993 -0.0382868 -0.0384548
0 -0.0299362 -0.037066 -0.0371787
0 -0.0292041 -0.035844 -0.0358954
0 -0.0285102 -0.0346276 -0.0346106
0 -0.0278628 -0.033424 -0.0333301
0 -0.0272698 -0.03224 -0.0320598
0 -0.0267376 -0.031082 -0.0308047
0 -0.0262706 -0.0299553 -0.0295688
0 -0.0258706 -0.0288649 -0.0283557
0 -0.0255382 -0.0278155 -0.027169
0 -0.0252728 -0.0268113 -0.0260126
0 -0.025073 -0.0258564 -0.0248912
0 -0.0249365 -0.0249544 -0.0238101
0 -0.02486 -0.0241088 -0.0227745
0 -0.0248392 -0.0233221 -0.0217898
0 -0.0248689 -0.0225963 -0.0208609
0 -0.0249433 -0.0219328 -0.0199927
0 -0.0250557 -0.0213322 -0.0191898
0 -0.0251997 -0.0207951 -0.0184569
0 -0.0253688 -0.020322 -0.0177987
0 -0.0255569 -0.0199135 -0.0172198
0 -0.0257582 -0.0195704 -0.0167245
0 -0.0259671 -0.0192931 -0.0163164
0 -0.026178 -0.0190819 -0.0159983
0 -0.0263853 -0.0189366 -0.0157715
0 -0.0265834 -0.0188561 -0.0156361
0 -0.0267667 -0.0188394 -0.0155911
0 -0.0269312 -0.0188857 -0.0156354
0 -0.0270742 -0.0189955 -0.0157682
0 -0.0271949 -0.0191694 -0.0159887
0 -0.0272927 -0.019408 -0.0162954
0 -0.0273679 -0.0197105 -0.0166857
0 -0.0274213 -0.0200752 -0.0171557
0 -0.0274546 -0.0204999 -0.0177014
0 -0.0274706 -0.0209816 -0.0183183
0 -0.0274729 -0.0215173 -0.0190018
0 -0.0274664 -0.0221038 -0.0197475
0 -0.0274568 -0.0227383 -0.0205513
0 -0.0274511 -0.0234183 -0.0214096
0 -0.0274569 -0.0241414 -0.022319
0 -0.0274812 -0.0249053 -0.0232755
0 -0.0275308 -0.025707 -0.0242749
0 -0.0276117 -0.0265435 -0.0253125
0 -0.0277291 -0.0274118 -0.0263836
0 -0.0278871 -0.0283087 -0.0274831
0 -0.0280883 -0.0292302 -0.0286051
0 -0.0283339 -0.0301727 -0.029744
0 -0.0286239 -0.0311326 -0.0308939
0 -0.0289576 -0.0321071 -0.0320499
0 -0.0293341 -0.0330938 -0.0332075
0 -0.0297526 -0.0340919 -0.0343629
0 -0.0302129 -0.0351003 -0.035513
0 -0.0307142 -0.0361178 -0.0366546
0 -0.0312538 -0.0371429 -0.0377848
0 -0.0318262 -0.0381734 -0.0389004
0 -0.0324251 -0.0392058 -0.0399976
0 -0.0330446 -0.0402356 -0.0410724
0 -0.0336779 -0.0412581 -0.0421213
0 -0.0343163 -0.0422685 -0.0431413
0 -0.0349514 -0.0432623 -0.0441306
0 -0.0355756 -0.0442349 -0.0450874
0 -0.036182 -0.0451818 -0.0460107
0 -0.0367634 -0.046098 -0.0468995
0 -0.0373127 -0.0469791 -0.0477529
0 -0.0378235 -0.0478204 -0.0485702
0 -0.0382906 -0.0486176 -0.0493505
0 -0.0387088 -0.0493667 -0.0500928
0 -0.039074 -0.0500639 -0.050796
0 -0.0393831 -0.0507064 -0.0514591
0 -0.0396344 -0.0512919 -0.0520809
0 -0.039827 -0.0518184 -0.05266
0 -0.0399602 -0.0522844 -0.0531943
0 -0.040034 -0.0526881 -0.0536809
0 -0.0400488 -0.0530281 -0.0541165
0 -0.0400056 -0.053303 -0.0544972
0 -0.0399065 -0.0535121 -0.0548194
0 -0.0397549 -0.0536557 -0.0550799
0 -0.0395553 -0.0537346 -0.0552761
0 -0.0393129 -0.0537499 -0.0554055
0 -0.0390335 -0.053703 -0.0554659
0 -0.0387229 -0.0535952 -0.0554554
0 -0.0383871 -0.0534278 -0.0553722
0 -0.0380318 -0.0532018 -0.055215
0 -0.0376627 -0.0529182 -0.0549827
0 -0.0372853 -0.0525779 -0.0546749
0 -0.0369054 -0.0521821 -0.054292
0 -0.036528 -0.0517317 -0.0538348
0 -0.0361575 -0.0512278 -0.0533046
0 -0.0357976 -0.0506718 -0.0527031
0 -0.0354518 -0.0500654 -0.0520328
0 -0.0351229 -0.0494112 -0.051297
0 -0.0348138 -0.0487124 -0.0505
0 -0.0345271 -0.0479735 -0.0496475
0 -0.0342647 -0.0471996 -0.0487455
0 -0.0340277 -0.0463955 -0.0478003
0 -0.0338159 -0.0455661 -0.0468178
0 -0.0336279 -0.044716 -0.045804
0 -0.0334617 -0.0438499 -0.044765
0 -0.0333145 -0.0429723 -0.0437066
0 -0.0331826 -0.0420875 -0.0426347
0 -0.0330625 -0.0411997 -0.041555
0 -0.0329508 -0.0403134 -0.040473
0 -0.0328439 -0.0394332 -0.0393941
0 -0.0327375 -0.0385629 -0.0383235
0 -0.0326279 -0.0377054 -0.0372663
0 -0.032513 -0.0368636 -0.0362276
0 -0.0323911 -0.0360409 -0.0352122
0 -0.0322589 -0.0352401 -0.0342255
0 -0.0321127 -0.0344638 -0.0332724
0 -0.0319506 -0.0337146 -0.032358
0 -0.0317715 -0.0329947 -0.0314872
0 -0.0315742 -0.0323059 -0.030664
0 -0.0313577 -0.0316495 -0.029892
0 -0.0311215 -0.0310267 -0.0291738
0 -0.0308653 -0.030438 -0.028511
0 -0.0305894 -0.0298834 -0.0279043
0 -0.0302942 -0.0293627 -0.0273534
0 -0.0299807 -0.0288756 -0.0268575
0 -0.0296504 -0.0284217 -0.026415
0 -0.0293061 -0.0280008 -0.0260238
0 -0.0289514 -0.0276133 -0.0256823
0 -0.028591 -0.02726 -0.0253887
0 -0.0282301 -0.0269416 -0.0251411
0 -0.0278736 -0.0266584 -0.024937
0 -0.0275264 -0.02641 -0.0247733
0 -0.027193 -0.0261955 -0.0246464
0 -0.0268773 -0.0260134 -0.0245523
0 -0.0265834 -0.0258624 -0.0244872
0 -0.0263149 -0.0257409 -0.0244473
0 -0.0260749 -0.0256473 -0.0244291
0 -0.0258664 -0.0255799 -0.0244294
0 -0.0256919 -0.0255371 -0.0244451
0 -0.0255536 -0.0255176 -0.0244741
0 -0.0254534 -0.0255204 -0.0245148
0 -0.025393 -0.0255448 -0.0245661
0 -0.0253732 -0.02559 -0.0246271
0 -0.0253942 -0.0256554 -0.0246974
0 -0.0254556 -0.0257405 -0.0247768
0 -0.0255561 -0.0258449 -0.0248655
0 -0.0256937 -0.0259681 -0.0249638
0 -0.0258653 -0.0261092 -0.0250717
0 -0.0260667 -0.0262669 -0.0251891
0 -0.0262929 -0.0264395 -0.0253156
0 -0.0265388 -0.0266256 -0.0254511
0 -0.0267991 -0.0268242 -0.0255961
0 -0.0270686 -0.027034 -0.025751
0 -0.0273425 -0.0272545 -0.0259169
0 -0.0276164 -0.0274854 -0.0260952
0 -0.0278867 -0.0277268 -0.0262879
0 -0.0281503 -0.0279792 -0.026497
0 -0.0284042 -0.0282428 -0.0267245
0 -0.028646 -0.0285177 -0.0269721
0 -0.0288736 -0.0288039 -0.027241
0 -0.0290853 -0.0291013 -0.0275324
0 -0.0292802 -0.0294099 -0.027847
0 -0.029458 -0.0297296 -0.0281857
0 -0.0296189 -0.0300607 -0.0285487
0 -0.0297639 -0.0304034 -0.0289364
0 -0.0298944 -0.0307577 -0.0293487
0 -0.0300124 -0.0311241 -0.0297851
0 -0.0301198 -0.0315024 -0.0302446
0 -0.0302186 -0.0318921 -0.0307257
0 -0.0303104 -0.0322925 -0.031226
0 -0.0303973 -0.0327026 -0.031743
0 -0.0304811 -0.0331213 -0.0322743
0 -0.0305641 -0.0335476 -0.0328171
0 -0.0306485 -0.0339808 -0.0333687
0 -0.030736 -0.0344198 -0.0339263
0 -0.030828 -0.0348634 -0.0344869
0 -0.0309258 -0.0353103 -0.0350476
0 -0.0310302 -0.0357593 -0.0356056
0 -0.0311424 -0.0362091 -0.0361583
0 -0.0312631 -0.0366585 -0.0367031
0 -0.0313925 -0.037106 -0.0372377
0 -0.0315307 -0.03755 -0.0377596
0 -0.0316776 -0.0379885 -0.0382664
0 -0.031832 -0.0384193 -0.0387552
0 -0.0319925 -0.0388395 -0.0392235
0 -0.0321584 -0.0392469 -0.0396692
0 -0.0323299 -0.0396404 -0.0400919
0 -0.0325077 -0.0400198 -0.0404921
0 -0.0326921 -0.0403849 -0.0408706
0 -0.0328828 -0.0407354 -0.041228
0 -0.0330789 -0.0410701 -0.0415644
0 -0.0332787 -0.0413881 -0.0418798
0 -0.0334805 -0.0416882 -0.0421743
0 -0.0336824 -0.0419697 -0.042448
0 -0.0338822 -0.0422317 -0.0427013
0 -0.0340776 -0.0424736 -0.0429341
0 -0.0342665 -0.0426949 -0.0431467
0 -0.034447 -0.0428954 -0.0433396
0 -0.0346174 -0.0430756 -0.0435133
0 -0.0347763 -0.0432359 -0.0436686
0 -0.0349224 -0.0433771 -0.0438063
0 -0.0350545 -0.0434998 -0.0439268
0 -0.0351712 -0.0436047 -0.0440307
0 -0.0352717 -0.0436925 -0.0441185
0 -0.0353552 -0.0437639 -0.0441907
0 -0.0354212 -0.0438196 -0.0442476
0 -0.0354692 -0.0438602 -0.0442897
0 -0.0354989 -0.043886 -0.0443169
0 -0.03551 -0.043897 -0.0443293
0 -0.035502 -0.0438929 -0.0443265
0 -0.0354753 -0.0438737 -0.0443083
0 -0.0354305 -0.0438394 -0.0442751
0 -0.0353691 -0.0437907 -0.0442275
0 -0.0352934 -0.0437286 -0.0441667
0 -0.0352059 -0.0436544 -0.0440942
0 -0.0351095 -0.0435693 -0.0440114
0 -0.0350067 -0.0434745 -0.0439196
0 -0.0348998 -0.0433708 -0.0438195
0 -0.0347909 -0.0432586 -0.0437116
0 -0.0346814 -0.0431384 -0.0435962
0 -0.0345728 -0.0430104 -0.0434731
0 -0.034466 -0.0428744 -0.0433419
0 -0.0343613 -0.0427302 -0.0432018
0 -0.0342584 -0.042577 -0.0430516
0 -0.0341562 -0.0424133 -0.0428892
0 -0.0340531 -0.0422374 -0.0427122
0 -0.0339477 -0.0420479 -0.0425187
0 -0.0338398 -0.0418448 -0.042308
0 -0.0337303 -0.0416292 -0.0420807
0 -0.03362 -0.0414022 -0.0418376
0 -0.0335094 -0.0411648 -0.0415792
0 -0.033399 -0.0409179 -0.0413064
0 -0.033289 -0.0406623 -0.04102
0 -0.0331798 -0.0403989 -0.0407209
0 -0.0330711 -0.0401283 -0.04041
0 -0.0329619 -0.0398506 -0.0400877
0 -0.0328513 -0.0395654 -0.0397541
0 -0.0327381 -0.0392722 -0.0394093
0 -0.0326218 -0.0389712 -0.039054
0 -0.0325019 -0.0386629 -0.0386893
0 -0.0323783 -0.038348 -0.0383165
0 -0.0322509 -0.0380269 -0.0379368
0 -0.03212 -0.0377002 -0.0375516
0 -0.0319854 -0.0373685 -0.0371619
0 -0.0318475 -0.0370326 -0.0367693
0 -0.0317072 -0.0366934 -0.0363754
0 -0.0315651 -0.0363522 -0.0359818
0 -0.031422 -0.0360101 -0.0355904
0 -0.0312787 -0.0356684 -0.0352026
0 -0.0311361 -0.0353283 -0.0348199
0 -0.0309946 -0.0349912 -0.034444
0 -0.030855 -0.0346585 -0.034076
0 -0.0307183 -0.0343318 -0.0337174
0 -0.0305851 -0.0340127 -0.0333693
0 -0.030456 -0.0337028 -0.0330329
0 -0.0303318 -0.0334036 -0.0327092
0 -0.030213 -0.0331167 -0.0323992
0 -0.0301002 -0.0328437 -0.0321037
0 -0.0299939 -0.0325861 -0.0318237
0 -0.0298947 -0.0323452 -0.0315601
0 -0.0298032 -0.0321222 -0.0313137
0 -0.0297196 -0.031918 -0.0310854
0 -0.0296441 -0.0317332 -0.0308754
0 -0.0295762 -0.0315678 -0.0306841
0 -0.0295156 -0.0314216 -0.0305115
0 -0.0294618 -0.0312942 -0.0303578
0 -0.0294145 -0.0311852 -0.0302229
0 -0.0293728 -0.0310938 -0.0301066
0 -0.0293361 -0.0310189 -0.0300085
0 -0.029304 -0.0309599 -0.0299288
0 -0.0292767 -0.0309165 -0.0298679
0 -0.0292548 -0.0308887 -0.0298263
0 -0.0292387 -0.0308766 -0.0298047
0 -0.029229 -0.0308801 -0.0298035
0 -0.0292257 -0.0308987 -0.0298226
0 -0.0292288 -0.0309319 -0.0298616
0 -0.0292379 -0.030979 -0.0299196
0 -0.0292529 -0.0310392 -0.0299958
0 -0.0292736 -0.0311122 -0.0300895
0 -0.0293005 -0.0311979 -0.0302002
0 -0.0293338 -0.0312963 -0.0303273
0 -0.0293738 -0.0314076 -0.0304702
0 -0.0294204 -0.0315313 -0.0306278
0 -0.0294731 -0.0316667 -0.0307986
0 -0.0295312 -0.0318131 -0.030981
0 -0.0295946 -0.0319699 -0.0311739
0 -0.0296636 -0.0321373 -0.0313766
0 -0.0297388 -0.0323157 -0.031589
0 -0.0298208 -0.0325054 -0.0318112
0 -0.0299101 -0.0327065 -0.0320426
0 -0.0300062 -0.0329183 -0.0322826
0 -0.0301083 -0.0331396 -0.03253
0 -0.0302155 -0.033369 -0.0327833
0 -0.0303267 -0.0336053 -0.0330415
0 -0.0304409 -0.0338469 -0.0333035
0 -0.0305574 -0.0340927 -0.0335683
0 -0.0306751 -0.0343411 -0.0338348
0 -0.0307927 -0.0345909 -0.0341021
0 -0.0309093 -0.0348405 -0.0343693
0 -0.0310243 -0.0350888 -0.0346354
0 -0.0311372 -0.0353351 -0.0349
0 -0.0312482 -0.0355791 -0.0351634
0 -0.0313575 -0.0358211 -0.0354258
0 -0.0314658 -0.0360609 -0.0356875
0 -0.031573 -0.0362982 -0.0359482
0 -0.0316782 -0.0365319 -0.036207
0 -0.0317801 -0.0367608 -0.0364626
0 -0.0318779 -0.0369836 -0.0367136
0 -0.031971 -0.0371994 -0.0369591
0 -0.0320593 -0.0374081 -0.0371985
0 -0.0321433 -0.0376098 -0.037432
0 -0.0322239 -0.0378054 -0.03766
0 -0.0323024 -0.0379958 -0.0378829
0 -0.0323796 -0.0381817 -0.0381013
0 -0.0324564 -0.0383636 -0.0383152
0 -0.0325332 -0.0385418 -0.0385246
0 -0.0326098 -0.0387161 -0.0387289
0 -0.0326854 -0.0388857 -0.0389267
0 -0.0327595 -0.0390497 -0.039117
0 -0.0328317 -0.0392078 -0.0392993
0 -0.0329022 -0.0393602 -0.0394734
0 -0.032971 -0.0395066 -0.0396389
0 -0.0330376 -0.0396468 -0.0397955
0 -0.0331014 -0.0397797 -0.0399423
0 -0.0331614 -0.0399045 -0.0400783
0 -0.0332169 -0.0400204 -0.0402029
0 -0.0332681 -0.0401274 -0.0403164
0 -0.0333158 -0.0402263 -0.0404196
0 -0.0333609 -0.0403177 -0.0405138
0 -0.0334039 -0.040402 -0.0405993
0 -0.0334441 -0.0404785 -0.040676
0 -0.033481 -0.0405466 -0.0407435
0 -0.0335138 -0.0406054 -0.0408014
0 -0.033542 -0.0406546 -0.0408495
0 -0.0335651 -0.0406937 -0.0408874
0 -0.0335823 -0.0407217 -0.0409145
0 -0.0335922 -0.0407377 -0.0409299
0 -0.0335936 -0.0407402 -0.0409322
0 -0.0335853 -0.0407281 -0.0409203
0 -0.0335664 -0.0407006 -0.0408932
0 -0.0335366 -0.0406572 -0.0408506
0 -0.0334966 -0.0405986 -0.0407927
0 -0.0334476 -0.0405256 -0.0407204
0 -0.0333907 -0.0404394 -0.0406344
0 -0.0333273 -0.0403408 -0.0405355
0 -0.0332582 -0.0402307 -0.0404241
0 -0.0331841 -0.0401097 -0.0403005
0 -0.0331057 -0.0399782 -0.0401649
0 -0.0330237 -0.0398368 -0.0400176
0 -0.0329389 -0.0396862 -0.0398591
0 -0.0328524 -0.0395273 -0.0396901
0 -0.0327655 -0.0393619 -0.039512
0 -0.0326805 -0.0391919 -0.0393269
0 -0.0325996 -0.0390198 -0.0391369
0 -0.0325248 -0.0388479 -0.0389444
0 -0.0324576 -0.0386782 -0.0387514
0 -0.0323991 -0.0385125 -0.0385597
0 -0.03235 -0.0383518 -0.0383704
0 -0.0323104 -0.0381971 -0.0381849
0 -0.0322802 -0.0380496 -0.0380043
0 -0.0322592 -0.0379099 -0.0378297
0 -0.0322468 -0.0377784 -0.0376617
0 -0.032242 -0.0376552 -0.037501
0 -0.0322433 -0.0375403 -0.0373479
0 -0.0322497 -0.0374337 -0.0372028
0 -0.0322605 -0.0373357 -0.0370667
0 -0.0322751 -0.0372471 -0.0369409
0 -0.032293 -0.0371685 -0.0368264
0 -0.0323134 -0.0371001 -0.0367241
0 -0.0323353 -0.0370417 -0.0366345
0 -0.0323574 -0.0369932 -0.0365577
0 -0.0323784 -0.036954 -0.0364939
0 -0.0323966 -0.036923 -0.0364423
0 -0.0324095 -0.0368983 -0.0364014
0 -0.0324143 -0.0368774 -0.0363691
0 -0.0324086 -0.0368581 -0.0363431
0 -0.0323907 -0.0368385 -0.0363218
0 -0.03236 -0.0368176 -0.0363043
0 -0.0323167 -0.036795 -0.0362901
0 -0.0322612 -0.0367703 -0.0362784
0 -0.0321943 -0.0367431 -0.0362687
0 -0.0321169 -0.036713 -0.0362603
0 -0.0320299 -0.0366796 -0.0362521
0 -0.0319339 -0.0366418 -0.0362427
0 -0.0318297 -0.0365989 -0.0362307
0 -0.0317182 -0.0365499 -0.0362144
0 -0.0316003 -0.0364939 -0.0361924
0 -0.0314771 -0.0364303 -0.0361631
0 -0.0313499 -0.0363584 -0.0361253
0 -0.03122 -0.0362775 -0.0360776
0 -0.0310887 -0.0361874 -0.0360188
0 -0.0309575 -0.0360879 -0.0359482
0 -0.0308285 -0.035979 -0.0358651
0 -0.0307034 -0.0358617 -0.0357698
0 -0.0305846 -0.0357369 -0.0356625
0 -0.0304739 -0.0356055 -0.0355435
0 -0.0303732 -0.0354685 -0.0354134
0 -0.0302837 -0.0353269 -0.0352726
0 -0.0302067 -0.0351816 -0.0351218
0 -0.0301426 -0.0350333 -0.0349614
0 -0.0300919 -0.034883 -0.034792
0 -0.0300548 -0.0347315 -0.0346148
0 -0.0300317 -0.0345805 -0.0344313
0 -0.0300232 -0.0344319 -0.0342437
0 -0.0300294 -0.0342872 -0.034054
0 -0.0300495 -0.0341476 -0.0338636
0 -0.0300821 -0.0340134 -0.0336739
0 -0.0301251 -0.0338852 -0.0334856
0 -0.0301768 -0.0337634 -0.0333004
0 -0.0302356 -0.0336491 -0.0331201
0 -0.0302999 -0.0335435 -0.0329469
0 -0.0303679 -0.0334473 -0.0327828
0 -0.0304375 -0.0333609 -0.0326293
0 -0.0305061 -0.0332842 -0.0324877
0 -0.0305717 -0.0332174 -0.0323593
0 -0.030632 -0.0331604 -0.0322453
0 -0.0306851 -0.0331127 -0.0321465
0 -0.0307288 -0.0330738 -0.0320634
0 -0.0307614 -0.0330427 -0.0319961
0 -0.0307812 -0.0330186 -0.0319447
0 -0.0307873 -0.0330009 -0.0319091
0 -0.0307796 -0.0329893 -0.0318895
0 -0.0307584 -0.0329839 -0.0318864
0 -0.0307249 -0.032985 -0.0318998
0 -0.0306803 -0.0329928 -0.0319298
0 -0.030626 -0.0330074 -0.0319758
0 -0.0305638 -0.033029 -0.0320374
0 -0.0304956 -0.0330577 -0.0321136
0 -0.0304234 -0.0330936 -0.0322035
0 -0.0303494 -0.0331367 -0.0323058
0 -0.0302756 -0.0331871 -0.032419
0 -0.0302043 -0.0332448 -0.0325418
0 -0.0301376 -0.0333096 -0.0326726
0 -0.0300774 -0.0333814 -0.0328098
0 -0.0300255 -0.0334602 -0.0329519
0 -0.0299835 -0.0335456 -0.0330973
0 -0.0299527 -0.0336374 -0.0332446
0 -0.0299341 -0.033735 -0.0333923
0 -0.0299279 -0.0338375 -0.0335385
0 -0.0299338 -0.0339435 -0.0336814
0 -0.029951 -0.0340513 -0.0338187
0 -0.0299788 -0.0341598 -0.0339491
0 -0.0300171 -0.0342684 -0.034072
0 -0.0300661 -0.0343771 -0.0341876
0 -0.0301261 -0.0344862 -0.0342962
0 -0.0301966 -0.0345953 -0.0343982
0 -0.0302762 -0.0347035 -0.0344933
0 -0.0303633 -0.0348095 -0.034581
0 -0.0304558 -0.034912 -0.0346609
0 -0.0305526 -0.0350107 -0.0347334
0 -0.0306527 -0.0351052 -0.0347994
0 -0.0307552 -0.0351959 -0.0348601
0 -0.0308591 -0.0352827 -0.0349166
0 -0.0309631 -0.0353657 -0.0349697
0 -0.0310663 -0.0354449 -0.0350205
0 -0.0311676 -0.0355204 -0.03507
0 -0.0312661 -0.0355925 -0.0351191
0 -0.0313606 -0.0356615 -0.0351687
0 -0.0314507 -0.0357281 -0.0352198
0 -0.0315362 -0.0357931 -0.0352738
0 -0.0316172 -0.0358581 -0.0353321
0 -0.0316942 -0.0359245 -0.0353963
0 -0.0317676 -0.0359937 -0.0354675
0 -0.0318373 -0.0360665 -0.0355464
0 -0.0319028 -0.0361434 -0.0356329
0 -0.031963 -0.0362237 -0.0357261
0 -0.0320166 -0.036307 -0.035825
0 -0.0320627 -0.0363925 -0.0359283
0 -0.0321006 -0.0364798 -0.0360352
0 -0.0321303 -0.0365688 -0.0361451
0 -0.0321527 -0.03666 -0.0362581
0 -0.0321693 -0.0367542 -0.0363749
0 -0.0321816 -0.0368524 -0.036496
0 -0.0321912 -0.0369551 -0.0366219
0 -0.0321989 -0.0370622 -0.0367525
0 -0.0322051 -0.0371728 -0.0368868
0 -0.0322095 -0.0372856 -0.0370234
0 -0.0322121 -0.0373993 -0.0371612
0 -0.0322128 -0.0375125 -0.0372987
0 -0.0322117 -0.037624 -0.0374349
0 -0.032209 -0.0377323 -0.0375684
0 -0.0322045 -0.0378363 -0.0376979
0 -0.0321984 -0.0379347 -0.0378221
0 -0.0321909 -0.0380265 -0.03794
0 -0.0321828 -0.038111 -0.038051
0 -0.0321753 -0.0381885 -0.038155
0 -0.0321699 -0.0382595 -0.0382521
0 -0.0321677 -0.0383243 -0.0383426
0 -0.0321696 -0.0383832 -0.0384263
0 -0.0321762 -0.0384363 -0.0385027
0 -0.0321872 -0.0384832 -0.038571
0 -0.0322022 -0.0385236 -0.0386302
0 -0.0322207 -0.0385571 -0.0386795
0 -0.0322422 -0.0385836 -0.0387183
0 -0.0322665 -0.0386032 -0.0387462
0 -0.0322932 -0.0386164 -0.0387632
0 -0.032322 -0.0386235 -0.0387694
0 -0.0323526 -0.0386249 -0.0387652
0 -0.0323845 -0.0386211 -0.0387508
0 -0.032417 -0.0386123 -0.0387266
0 -0.0324495 -0.0385986 -0.0386931
0 -0.0324808 -0.0385798 -0.0386505
0 -0.0325098 -0.0385557 -0.0385991
0 -0.0325353 -0.0385259 -0.038539
0 -0.0325564 -0.0384902 -0.0384708
0 -0.0325721 -0.0384483 -0.0383951
0 -0.0325821 -0.0384004 -0.0383127
0 -0.0325857 -0.0383465 -0.0382246
0 -0.0325825 -0.0382863 -0.0381314
0 -0.0325723 -0.0382201 -0.038034
0 -0.0325547 -0.0381477 -0.0379331
0 -0.0325296 -0.0380692 -0.0378292
0 -0.032497 -0.0379846 -0.037723
0 -0.032457 -0.0378941 -0.0376149
0 -0.0324098 -0.0377977 -0.0375053
0 -0.0323555 -0.0376957 -0.0373943
0 -0.0322945 -0.0375882 -0.0372822
0 -0.0322273 -0.0374756 -0.0371688
0 -0.0321544 -0.0373581 -0.0370543
0 -0.0320761 -0.037236 -0.0369382
0 -0.0319927 -0.0371094 -0.0368201
0 -0.0319044 -0.0369781 -0.0366991
0 -0.0318113 -0.0368419 -0.0365743
0 -0.0317136 -0.0367007 -0.0364447
0 -0.0316114 -0.0365544 -0.0363095
0 -0.0315056 -0.0364033 -0.0361683
0 -0.031397 -0.0362479 -0.0360209
0 -0.0312871 -0.0360889 -0.0358675
0 -0.0311771 -0.0359271 -0.0357082
0 -0.0310681 -0.0357631 -0.0355433
0 -0.0309608 -0.0355972 -0.0353729
0 -0.030856 -0.0354297 -0.0351969
0 -0.0307538 -0.0352602 -0.0350151
0 -0.0306543 -0.0350886 -0.0348272
0 -0.0305577 -0.0349146 -0.0346332
0 -0.030464 -0.0347378 -0.0344329
0 -0.0303734 -0.0345582 -0.0342266
0 -0.0302861 -0.0343759 -0.0340148
0 -0.0302027 -0.0341913 -0.0337986
0 -0.0301239 -0.0340053 -0.033579
0 -0.0300502 -0.0338185 -0.0333574
0 -0.0299822 -0.0336317 -0.0331349
0 -0.02992 -0.0334458 -0.0329128
0 -0.0298638 -0.0332616 -0.0326925
0 -0.0298138 -0.0330801 -0.0324751
0 -0.0297697 -0.0329023 -0.0322618
0 -0.0297311 -0.0327288 -0.0320536
0 -0.0296973 -0.0325601 -0.031851
0 -0.0296672 -0.0323966 -0.0316545
0 -0.0296403 -0.0322392 -0.0314649
0 -0.0296165 -0.0320891 -0.0312837
0 -0.0295958 -0.0319477 -0.0311123
0 -0.029578 -0.0318161 -0.0309517
0 -0.0295624 -0.0316948 -0.0308029
0 -0.0295482 -0.0315842 -0.030666
0 -0.0295345 -0.0314843 -0.0305414
0 -0.0295208 -0.0313955 -0.0304296
0 -0.0295068 -0.031318 -0.0303313
0 -0.0294923 -0.0312523 -0.0302469
0 -0.0294772 -0.0311982 -0.0301769
0 -0.0294609 -0.0311555 -0.0301212
0 -0.0294433 -0.0311237 -0.0300796
0 -0.0294241 -0.0311025 -0.0300521
0 -0.0294044 -0.0310923 -0.0300395
0 -0.0293867 -0.031095 -0.0300439
0 -0.029374 -0.0311131 -0.0300677
0 -0.029369 -0.0311484 -0.030113
0 -0.029373 -0.0312018 -0.0301805
0 -0.0293867 -0.0312731 -0.0302698
0 -0.0294102 -0.0313619 -0.0303803
0 -0.0294431 -0.0314672 -0.0305107
0 -0.0294846 -0.0315877 -0.0306593
0 -0.0295337 -0.0317222 -0.0308242
0 -0.0295902 -0.0318698 -0.0310043
0 -0.0296548 -0.0320312 -0.0311994
0 -0.0297293 -0.0322076 -0.0314104
0 -0.0298154 -0.0324007 -0.0316383
0 -0.0299142 -0.0326114 -0.0318836
0 -0.0300261 -0.0328399 -0.0321462
0 -0.0301509 -0.0330861 -0.0324254
0 -0.0302882 -0.0333496 -0.0327206
0 -0.0304376 -0.03363 -0.0330314
0 -0.0305983 -0.0339266 -0.033357
0 -0.0307691 -0.0342382 -0.0336962
0 -0.0309476 -0.034563 -0.0340471
0 -0.0311314 -0.0348985 -0.0344076
0 -0.0313182 -0.0352425 -0.0347757
0 -0.0315057 -0.0355928 -0.0351494
0 -0.0316922 -0.0359479 -0.0355275
0 -0.0318769 -0.0363065 -0.0359093
0 -0.0320589 -0.0366681 -0.0362944
0 -0.0322378 -0.0370319 -0.0366829
0 -0.0324136 -0.0373975 -0.0370746
0 -0.0325854 -0.037764 -0.0374693
0 -0.0327528 -0.0381309 -0.0378666
0 -0.0329153 -0.0384971 -0.0382661
0 -0.0330721 -0.0388611 -0.0386665
0 -0.0332222 -0.0392213 -0.0390662
0 -0.0333646 -0.0395755 -0.0394636
0 -0.0334984 -0.0399222 -0.039857
0 -0.033623 -0.0402599 -0.0402449
0 -0.0337381 -0.040587 -0.0406258
0 -0.0338436 -0.0409025 -0.040998
0 -0.0339397 -0.041205 -0.0413601
0 -0.0340264 -0.0414936 -0.0417103
0 -0.0341042 -0.0417675 -0.0420471
0 -0.0341733 -0.042026 -0.0423686
0 -0.0342342 -0.0422682 -0.0426731
0 -0.0342872 -0.0424934 -0.0429585
0 -0.0343326 -0.0427008 -0.0432228
0 -0.0343707 -0.0428897 -0.0434643
0 -0.0344018 -0.0430594 -0.0436811
0 -0.0344261 -0.0432091 -0.0438717
0 -0.0344438 -0.0433383 -0.0440347
0 -0.0344553 -0.0434462 -0.044169
0 -0.0344608 -0.0435323 -0.0442738
0 -0.0344608 -0.0435963 -0.0443488
0 -0.0344565 -0.0436384 -0.0443946
0 -0.0344491 -0.0436596 -0.0444123
0 -0.0344399 -0.0436604 -0.0444031
0 -0.0344295 -0.0436412 -0.0443681
0 -0.0344176 -0.0436016 -0.0443077
0 -0.0344035 -0.043541 -0.0442221
0 -0.0343865 -0.0434591 -0.0441117
0 -0.0343664 -0.0433563 -0.0439776
0 -0.0343432 -0.0432333 -0.0438213
0 -0.0343168 -0.0430911 -0.0436443
0 -0.0342868 -0.0429307 -0.043448
0 -0.0342529 -0.0427529 -0.0432338
0 -0.0342145 -0.042559 -0.043003
0 -0.034171 -0.04235 -0.0427568
0 -0.0341218 -0.0421269 -0.0424963
0 -0.034066 -0.041891 -0.0422226
0 -0.0340031 -0.0416434 -0.0419368
0 -0.0339324 -0.0413853 -0.04164
0 -0.0338532 -0.0411175 -0.0413328
0 -0.0337645 -0.0408407 -0.0410157
0 -0.0336652 -0.040555 -0.0406889
0 -0.0335541 -0.0402603 -0.0403521
0 -0.0334304 -0.0399566 -0.0400055
0 -0.0332937 -0.0396441 -0.0396495
0 -0.0331444 -0.0393237 -0.0392851
0 -0.0329836 -0.0389962 -0.0389134
0 -0.0328123 -0.0386623 -0.0385357
0 -0.0326307 -0.0383223 -0.0381525
0 -0.0324391 -0.0379757 -0.037764
0 -0.032238 -0.0376221 -0.0373701
0 -0.032028 -0.0372613 -0.0369712
0 -0.031811 -0.0368939 -0.0365681
0 -0.0315891 -0.036521 -0.0361623
0 -0.0313642 -0.0361436 -0.035755
0 -0.031138 -0.0357623 -0.0353467
0 -0.0309111 -0.0353769 -0.0349374
0 -0.030684 -0.0349875 -0.0345267
0 -0.0304577 -0.0345942 -0.0341143
0 -0.0302333 -0.0341975 -0.0337005
0 -0.0300125 -0.0337988 -0.0332856
0 -0.0297968 -0.0333993 -0.0328703
0 -0.0295879 -0.0330006 -0.0324551
0 -0.029387 -0.0326043 -0.0320407
0 -0.0291954 -0.0322119 -0.0316275
0 -0.0290141 -0.0318249 -0.031216
0 -0.0288438 -0.0314445 -0.0308068
0 -0.0286851 -0.0310723 -0.0304006
0 -0.0285387 -0.0307099 -0.0299986
0 -0.0284051 -0.0303588 -0.0296021
0 -0.0282849 -0.0300207 -0.0292127
0 -0.0281783 -0.029697 -0.0288321
0 -0.0280854 -0.029389 -0.0284622
0 -0.0280062 -0.0290979 -0.028105
0 -0.0279403 -0.0288249 -0.0277626
0 -0.0278874 -0.0285709 -0.0274373
0 -0.0278471 -0.0283369 -0.0271314
0 -0.0278187 -0.0281236 -0.0268471
0 -0.0278016 -0.0279318 -0.0265868
0 -0.027795 -0.0277621 -0.0263525
0 -0.0277983 -0.0276152 -0.0261465
0 -0.0278106 -0.0274917 -0.0259705
0 -0.0278309 -0.0273921 -0.0258261
0 -0.0278585 -0.0273169 -0.0257147
0 -0.0278925 -0.0272666 -0.0256373
0 -0.0279321 -0.0272417 -0.0255948
0 -0.0279763 -0.0272423 -0.0255874
0 -0.028024 -0.0272685 -0.0256147
0 -0.0280737 -0.0273197 -0.0256759
0 -0.0281245 -0.0273955 -0.0257699
0 -0.0281753 -0.0274954 -0.0258954
0 -0.0282255 -0.0276188 -0.026051
0 -0.0282749 -0.0277653 -0.0262353
0 -0.0283235 -0.0279342 -0.026447
0 -0.0283714 -0.0281246 -0.0266842
0 -0.0284189 -0.0283354 -0.0269454
0 -0.0284661 -0.0285654 -0.0272282
0 -0.0285132 -0.0288125 -0.0275305
0 -0.0285605 -0.0290747 -0.0278496
0 -0.0286086 -0.0293505 -0.0281837
0 -0.028659 -0.0296386 -0.0285312
0 -0.0287133 -0.029938 -0.0288909
0 -0.0287734 -0.0302477 -0.0292617
0 -0.0288406 -0.0305665 -0.0296424
0 -0.0289161 -0.030893 -0.0300312
0 -0.0290008 -0.0312258 -0.0304267
0 -0.0290955 -0.0315636 -0.0308274
0 -0.029201 -0.0319054 -0.0312319
0 -0.0293178 -0.0322501 -0.0316386
0 -0.029446 -0.0325969 -0.0320463
0 -0.029586 -0.0329454 -0.0324541
0 -0.029738 -0.0332956 -0.0328613
0 -0.0299023 -0.0336478 -0.0332674
0 -0.030079 -0.034002 -0.033672
0 -0.0302675 -0.0343585 -0.0340746
0 -0.0304669 -0.0347171 -0.0344747
0 -0.0306758 -0.0350772 -0.0348713
0 -0.0308927 -0.0354384 -0.0352636
0 -0.0311159 -0.0358 -0.0356509
0 -0.0313438 -0.0361615 -0.0360325
0 -0.0315748 -0.0365222 -0.0364082
0 -0.031807 -0.0368815 -0.0367776
0 -0.0320389 -0.0372392 -0.0371411
0 -0.0322693 -0.0375949 -0.037499
0 -0.0324967 -0.0379485 -0.0378521
0 -0.0327196 -0.0382994 -0.0382008
0 -0.032937 -0.0386474 -0.0385458
0 -0.0331477 -0.0389916 -0.0388876
0 -0.0333504 -0.0393313 -0.0392264
0 -0.0335435 -0.0396652 -0.039562
0 -0.0337256 -0.0399922 -0.0398944
0 -0.0338954 -0.0403111 -0.0402233
0 -0.0340517 -0.0406208 -0.0405484
0 -0.0341938 -0.0409202 -0.0408692
0 -0.0343212 -0.0412083 -0.0411851
0 -0.0344332 -0.0414841 -0.0414952
0 -0.0345294 -0.0417465 -0.0417986
0 -0.0346099 -0.0419946 -0.0420939
0 -0.0346749 -0.0422277 -0.04238
0 -0.034725 -0.0424453 -0.0426554
0 -0.0347611 -0.0426472 -0.0429191
0 -0.0347847 -0.0428336 -0.04317
0 -0.0347974 -0.0430051 -0.043407
0 -0.034801 -0.0431618 -0.0436288
0 -0.0347964 -0.0433038 -0.0438337
0 -0.0347845 -0.0434306 -0.0440197
0 -0.034766 -0.0435416 -0.0441847
0 -0.0347417 -0.0436362 -0.0443268
0 -0.0347127 -0.0437143 -0.0444448
0 -0.0346803 -0.043776 -0.044538
0 -0.0346464 -0.0438217 -0.0446065
0 -0.0346125 -0.0438519 -0.0446504
0 -0.0345803 -0.043867 -0.0446704
0 -0.0345508 -0.0438671 -0.0446669
0 -0.034525 -0.0438524 -0.0446408
0 -0.0345031 -0.0438227 -0.0445926
0 -0.0344852 -0.0437777 -0.044523
0 -0.034471 -0.043717 -0.0444326
0 -0.03446 -0.0436405 -0.0443224
0 -0.0344516 -0.0435482 -0.0441933
0 -0.0344453 -0.0434404 -0.0440466
0 -0.0344405 -0.043318 -0.0438838
0 -0.0344367 -0.0431817 -0.0437066
0 -0.0344332 -0.0430327 -0.0435166
0 -0.0344294 -0.0428722 -0.0433154
0 -0.0344241 -0.0427014 -0.0431045
0 -0.0344163 -0.0425214 -0.042885
0 -0.0344042 -0.0423328 -0.0426576
0 -0.0343858 -0.042136 -0.0424225
0 -0.034359 -0.041931 -0.0421797
0 -0.0343219 -0.041718 -0.0419293
0 -0.0342729 -0.0414975 -0.0416714
0 -0.0342111 -0.04127 -0.0414067
0 -0.0341361 -0.0410365 -0.0411361
0 -0.0340481 -0.040798 -0.0408605
0 -0.0339474 -0.0405554 -0.0405811
0 -0.0338345 -0.0403095 -0.0402988
0 -0.0337098 -0.0400607 -0.0400144
0 -0.0335738 -0.039809 -0.0397285
0 -0.033427 -0.0395545 -0.0394412
0 -0.03327 -0.0392967 -0.0391527
0 -0.0331035 -0.0390353 -0.0388631
0 -0.0329285 -0.0387703 -0.0385728
0 -0.0327464 -0.0385017 -0.0382821
0 -0.0325588 -0.0382299 -0.0379917
0 -0.0323676 -0.0379554 -0.0377021
0 -0.0321747 -0.0376786 -0.0374138
0 -0.031982 -0.0374001 -0.0371272
0 -0.0317911 -0.0371206 -0.0368425
0 -0.0316041 -0.0368406 -0.0365601
0 -0.0314223 -0.0365609 -0.03628
0 -0.0312472 -0.0362823 -0.0360022
0 -0.0310802 -0.0360058 -0.0357269
0 -0.0309226 -0.0357321 -0.0354541
0 -0.0307752 -0.0354621 -0.0351837
0 -0.0306382 -0.0351966 -0.0349155
0 -0.0305121 -0.0349359 -0.0346488
0 -0.0303963 -0.0346798 -0.034383
0 -0.0302902 -0.0344284 -0.0341171
0 -0.0301931 -0.0341817 -0.0338508
0 -0.0301047 -0.0339402 -0.033584
0 -0.0300249 -0.0337044 -0.0333171
0 -0.0299533 -0.0334752 -0.0330509
0 -0.0298895 -0.0332532 -0.0327861
0 -0.029833 -0.033039 -0.0325238
0 -0.0297832 -0.0328332 -0.0322651
0 -0.0297396 -0.0326363 -0.0320113
0 -0.0297017 -0.0324488 -0.0317642
0 -0.0296691 -0.0322714 -0.0315255
0 -0.0296415 -0.0321047 -0.0312972
0 -0.0296183 -0.0319491 -0.0310809
0 -0.0295986 -0.0318044 -0.030878
0 -0.0295809 -0.0316701 -0.0306893
0 -0.0295641 -0.0315457 -0.0305156
0 -0.0295472 -0.0314308 -0.0303575
0 -0.0295294 -0.0313255 -0.0302161
0 -0.029511 -0.0312304 -0.0300926
0 -0.0294925 -0.0311466 -0.0299885
0 -0.0294745 -0.0310752 -0.0299052
0 -0.0294576 -0.0310169 -0.0298433
0 -0.0294419 -0.0309724 -0.029803
0 -0.0294277 -0.0309422 -0.0297842
0 -0.0294152 -0.0309267 -0.0297866
0 -0.0294048 -0.0309263 -0.0298096
0 -0.0293964 -0.030941 -0.029852
0 -0.0293898 -0.0309704 -0.0299126
0 -0.0293851 -0.0310141 -0.0299898
0 -0.0293823 -0.0310719 -0.0300822
0 -0.0293817 -0.0311431 -0.0301886
0 -0.0293837 -0.0312275 -0.0303077
0 -0.0293889 -0.0313246 -0.0304384
0 -0.0293979 -0.0314337 -0.0305798
0 -0.0294115 -0.0315545 -0.030731
0 -0.0294302 -0.0316862 -0.0308912
0 -0.0294548 -0.0318281 -0.0310596
0 -0.0294857 -0.0319794 -0.0312356
0 -0.0295235 -0.0321391 -0.0314184
0 -0.0295684 -0.0323063 -0.0316075
0 -0.0296207 -0.03248 -0.0318021
0 -0.0296805 -0.0326593 -0.0320017
0 -0.0297479 -0.0328433 -0.0322058
0 -0.0298226 -0.0330311 -0.0324138
0 -0.0299045 -0.033222 -0.0326251
0 -0.0299931 -0.0334151 -0.032839
0 -0.030088 -0.03361 -0.0330551
0 -0.0301887 -0.0338061 -0.0332728
0 -0.030295 -0.0340034 -0.033492
0 -0.0304067 -0.0342019 -0.0337125
0 -0.0305234 -0.0344019 -0.0339344
0 -0.0306445 -0.0346034 -0.0341573
0 -0.0307689 -0.034806 -0.0343806
0 -0.0308954 -0.0350091 -0.0346034
0 -0.0310227 -0.0352121 -0.0348248
0 -0.0311493 -0.0354144 -0.035044
0 -0.0312741 -0.0356154 -0.0352603
0 -0.0313958 -0.0358146 -0.0354731
0 -0.0315134 -0.0360111 -0.0356817
0 -0.0316258 -0.0362045 -0.0358856
0 -0.0317324 -0.0363943 -0.0360846
0 -0.0318328 -0.0365803 -0.036279
0 -0.0319271 -0.0367628 -0.0364693
0 -0.0320157 -0.0369421 -0.0366561
0 -0.0320992 -0.0371182 -0.0368401
0 -0.0321778 -0.0372913 -0.0370217
0 -0.0322518 -0.0374614 -0.0372015
0 -0.0323217 -0.0376287 -0.0373799
0 -0.0323879 -0.037793 -0.0375573
0 -0.0324511 -0.0379544 -0.0377339
0 -0.0325115 -0.0381129 -0.0379098
0 -0.0325696 -0.0382686 -0.0380853
0 -0.032626 -0.0384214 -0.0382603
0 -0.0326812 -0.0385715 -0.0384349
0 -0.0327354 -0.0387186 -0.0386086
0 -0.0327885 -0.0388624 -0.0387808
0 -0.0328404 -0.0390025 -0.0389506
0 -0.0328909 -0.0391383 -0.0391172
0 -0.0329399 -0.0392695 -0.0392796
0 -0.0329871 -0.0393957 -0.0394369
0 -0.0330324 -0.0395167 -0.0395883
0 -0.0330757 -0.0396321 -0.0397329
0 -0.0331167 -0.0397417 -0.0398698
0 -0.0331553 -0.039845 -0.0399982
0 -0.0331916 -0.0399421 -0.0401176
0 -0.0332255 -0.0400327 -0.0402274
0 -0.0332571 -0.0401168 -0.0403273
0 -0.0332864 -0.0401941 -0.0404169
0 -0.0333135 -0.0402647 -0.0404962
0 -0.0333385 -0.0403285 -0.0405651
0 -0.0333619 -0.0403856 -0.040624
0 -0.0333841 -0.0404363 -0.0406735
0 -0.0334055 -0.0404807 -0.040714
0 -0.0334261 -0.0405189 -0.0407461
0 -0.033446 -0.0405507 -0.04077
0 -0.0334647 -0.0405758 -0.0407859
0 -0.033482 -0.0405937 -0.0407938
0 -0.0334974 -0.0406042 -0.0407939
0 -0.0335104 -0.0406071 -0.0407864
0 -0.0335208 -0.0406022 -0.0407713
0 -0.033528 -0.0405892 -0.0407488
0 -0.0335316 -0.0405682 -0.0407189
0 -0.0335312 -0.0405389 -0.0406816
0 -0.0335263 -0.0405015 -0.040637
0 -0.0335166 -0.0404559 -0.0405851
0 -0.0335019 -0.0404024 -0.0405258
0 -0.0334819 -0.0403413 -0.0404594
0 -0.0334568 -0.0402729 -0.040386
0 -0.0334267 -0.0401977 -0.0403058
0 -0.0333917 -0.0401161 -0.0402191
0 -0.0333519 -0.0400285 -0.040126
0 -0.0333072 -0.0399351 -0.0400264
0 -0.0332577 -0.0398358 -0.0399203
0 -0.0332031 -0.0397306 -0.0398072
0 -0.0331431 -0.0396191 -0.0396869
0 -0.0330778 -0.0395016 -0.0395593
0 -0.0330076 -0.039378 -0.0394246
0 -0.032933 -0.0392488 -0.0392832
0 -0.0328548 -0.0391145 -0.0391356
0 -0.0327736 -0.0389755 -0.0389824
0 -0.0326903 -0.0388322 -0.038824
0 -0.0326055 -0.0386849 -0.038661
0 -0.0325198 -0.0385343 -0.038494
0 -0.0324341 -0.0383805 -0.0383235
0 -0.0323486 -0.0382239 -0.0381498
0 -0.0322636 -0.0380645 -0.037973
0 -0.0321788 -0.0379018 -0.0377929
0 -0.032094 -0.0377358 -0.0376093
0 -0.0320091 -0.037566 -0.037422
0 -0.0319238 -0.0373925 -0.0372307
0 -0.0318379 -0.037215 -0.0370355
0 -0.0317513 -0.0370335 -0.0368361
0 -0.0316641 -0.0368481 -0.0366327
0 -0.0315761 -0.036659 -0.0364252
0 -0.0314872 -0.0364664 -0.0362137
0 -0.0313974 -0.0362702 -0.0359983
0 -0.0313068 -0.0360708 -0.0357791
0 -0.0312154 -0.0358683 -0.0355561
0 -0.0311232 -0.0356629 -0.0353295
0 -0.03103 -0.0354551 -0.0350997
0 -0.030936 -0.0352452 -0.0348669
0 -0.0308413 -0.0350334 -0.0346315
0 -0.0307461 -0.0348201 -0.0343938
0 -0.0306504 -0.0346057 -0.0341541
0 -0.0305544 -0.0343905 -0.0339131
0 -0.0304583 -0.0341751 -0.0336713
0 -0.0303624 -0.03396 -0.0334294
0 -0.0302674 -0.0337461 -0.0331881
0 -0.0301736 -0.0335339 -0.0329484
0 -0.0300813 -0.0333243 -0.032711
0 -0.0299909 -0.0331178 -0.0324767
0 -0.0299027 -0.0329151 -0.0322461
0 -0.0298171 -0.032717 -0.0320203
0 -0.0297343 -0.0325241 -0.0317998
0 -0.0296549 -0.0323371 -0.0315857
0 -0.0295789 -0.0321566 -0.0313786
0 -0.0295067 -0.0319832 -0.0311793
0 -0.0294387 -0.0318175 -0.0309886
0 -0.029375 -0.0316602 -0.0308072
0 -0.0293159 -0.0315117 -0.0306359
0 -0.0292616 -0.0313727 -0.0304753
0 -0.0292123 -0.0312436 -0.0303261
0 -0.029168 -0.031125 -0.0301889
0 -0.0291291 -0.0310174 -0.0300643
0 -0.0290955 -0.0309211 -0.0299527
0 -0.0290673 -0.0308367 -0.0298546
0 -0.0290442 -0.0307641 -0.0297702
0 -0.0290262 -0.0307035 -0.0296995
0 -0.0290129 -0.030655 -0.0296426
0 -0.0290042 -0.0306184 -0.0295996
0 -0.0289997 -0.0305939 -0.0295703
0 -0.0289993 -0.0305813 -0.0295547
0 -0.0290029 -0.0305806 -0.0295528
0 -0.0290103 -0.0305918 -0.0295646
0 -0.0290218 -0.0306149 -0.0295901
0 -0.0290376 -0.0306504 -0.0296297
0 -0.0290582 -0.0306983 -0.0296835
0 -0.0290838 -0.0307589 -0.0297518
0 -0.0291145 -0.0308321 -0.0298344
0 -0.02915 -0.0309171 -0.0299307
0 -0.0291895 -0.0310132 -0.0300397
0 -0.0292325 -0.0311192 -0.0301604
0 -0.0292779 -0.031234 -0.0302915
0 -0.0293253 -0.0313565 -0.0304321
0 -0.0293742 -0.0314858 -0.0305811
0 -0.0294243 -0.0316212 -0.0307377
0 -0.029476 -0.0317624 -0.0309017
0 -0.0295298 -0.0319095 -0.0310727
0 -0.0295861 -0.0320622 -0.0312507
0 -0.0296453 -0.0322206 -0.0314354
0 -0.029708 -0.0323845 -0.0316264
0 -0.0297744 -0.0325538 -0.0318234
0 -0.0298449 -0.0327284 -0.0320263
0 -0.02992 -0.0329082 -0.0322346
0 -0.0299998 -0.0330932 -0.0324481
0 -0.0300846 -0.0332832 -0.0326665
0 -0.0301745 -0.0334782 -0.0328895
0 -0.0302695 -0.0336781 -0.0331167
0 -0.0303698 -0.0338829 -0.0333481
0 -0.0304751 -0.0340925 -0.0335831
0 -0.0305853 -0.0343066 -0.0338216
0 -0.0307 -0.0345251 -0.0340632
0 -0.0308186 -0.0347478 -0.0343075
0 -0.0309409 -0.0349745 -0.0345543
0 -0.0310665 -0.0352048 -0.0348035
0 -0.0311948 -0.0354386 -0.0350547
0 -0.0313252 -0.0356757 -0.0353078
0 -0.0314573 -0.0359156 -0.0355627
0 -0.0315907 -0.0361581 -0.0358193
0 -0.031725 -0.0364028 -0.0360777
0 -0.0318593 -0.0366494 -0.0363376
0 -0.0319931 -0.0368974 -0.0365992
0 -0.0321259 -0.0371464 -0.0368622
0 -0.0322572 -0.0373957 -0.0371263
0 -0.032386 -0.0376446 -0.0373912
0 -0.0325113 -0.0378924 -0.0376564
0 -0.0326326 -0.0381383 -0.0379214
0 -0.032749 -0.0383815 -0.0381857
0 -0.0328603 -0.0386213 -0.0384486
0 -0.0329657 -0.0388569 -0.0387096
0 -0.0330647 -0.0390874 -0.0389677
0 -0.033157 -0.0393119 -0.0392221
0 -0.0332421 -0.0395296 -0.0394717
0 -0.0333195 -0.0397394 -0.0397155
0 -0.0333891 -0.0399405 -0.0399525
0 -0.0334509 -0.0401322 -0.0401816
0 -0.0335048 -0.0403138 -0.0404017
0 -0.0335511 -0.0404848 -0.0406119
0 -0.0335904 -0.0406448 -0.0408115
0 -0.0336235 -0.0407938 -0.0409998
0 -0.0336511 -0.0409318 -0.0411761
0 -0.0336739 -0.0410586 -0.0413397
0 -0.0336926 -0.0411743 -0.0414899
0 -0.033708 -0.0412787 -0.041626
0 -0.0337207 -0.0413719 -0.0417476
0 -0.0337314 -0.0414539 -0.0418541
0 -0.0337409 -0.0415249 -0.0419452
0 -0.0337495 -0.0415849 -0.0420208
0 -0.0337579 -0.041634 -0.0420808
0 -0.0337666 -0.0416726 -0.0421254
0 -0.0337761 -0.0417009 -0.042155
0 -0.0337866 -0.0417191 -0.0421699
0 -0.0337983 -0.0417274 -0.0421707
0 -0.0338113 -0.0417261 -0.042158
0 -0.0338255 -0.0417154 -0.0421324
0 -0.0338408 -0.0416957 -0.0420949
0 -0.0338568 -0.0416673 -0.0420461
0 -0.0338731 -0.0416304 -0.0419868
0 -0.0338891 -0.0415853 -0.0419179
0 -0.0339042 -0.0415324 -0.0418401
0 -0.0339177 -0.041472 -0.0417542
0 -0.033929 -0.0414046 -0.041661
0 -0.0339372 -0.0413305 -0.0415613
0 -0.0339416 -0.0412502 -0.0414556
0 -0.0339412 -0.0411638 -0.0413445
0 -0.0339354 -0.0410716 -0.0412282
0 -0.0339232 -0.0409739 -0.0411074
0 -0.0339041 -0.040871 -0.0409822
0 -0.0338775 -0.0407631 -0.0408531
0 -0.0338431 -0.0406505 -0.0407203
0 -0.0338006 -0.0405334 -0.0405842
0 -0.0337499 -0.0404119 -0.040445
0 -0.0336908 -0.0402862 -0.0403029
0 -0.0336237 -0.0401565 -0.0401581
0 -0.0335487 -0.040023 -0.0400108
0 -0.0334663 -0.0398856 -0.0398612
0 -0.0333769 -0.0397445 -0.0397092
0 -0.0332813 -0.0395997 -0.0395551
0 -0.0331801 -0.0394513 -0.0393989
0 -0.0330739 -0.0392992 -0.0392403
0 -0.0329634 -0.0391435 -0.0390795
0 -0.0328494 -0.038984 -0.038916
0 -0.0327328 -0.0388208 -0.0387499
0 -0.0326141 -0.0386539 -0.0385809
0 -0.0324943 -0.0384834 -0.0384087
0 -0.032374 -0.0383093 -0.0382331
0 -0.0322541 -0.0381318 -0.038054
0 -0.0321352 -0.0379509 -0.037871
0 -0.0320181 -0.0377669 -0.0376841
0 -0.0319032 -0.0375801 -0.037493
0 -0.0317914 -0.0373907 -0.0372978
0 -0.031683 -0.0371992 -0.0370984
0 -0.0315787 -0.0370058 -0.0368949
0 -0.0314787 -0.0368109 -0.0366872
0 -0.0313833 -0.036615 -0.0364757
0 -0.0312926 -0.0364182 -0.0362604
0 -0.0312069 -0.0362211 -0.0360417
0 -0.0311262 -0.036024 -0.0358199
0 -0.0310504 -0.0358272 -0.0355956
0 -0.0309793 -0.0356311 -0.0353691
0 -0.0309125 -0.035436 -0.035141
0 -0.0308498 -0.0352423 -0.0349119
0 -0.0307908 -0.0350502 -0.0346824
0 -0.0307352 -0.0348601 -0.0344532
0 -0.0306823 -0.0346719 -0.0342249
0 -0.0306313 -0.034486 -0.0339983
0 -0.0305817 -0.0343024 -0.0337739
0 -0.0305327 -0.0341212 -0.0335525
0 -0.0304836 -0.0339426 -0.0333345
0 -0.0304335 -0.0337665 -0.0331204
0 -0.0303818 -0.0335929 -0.0329108
0 -0.0303277 -0.0334221 -0.032706
0 -0.030271 -0.0332544 -0.0325069
0 -0.0302115 -0.0330903 -0.0323141
0 -0.0301494 -0.0329303 -0.0321286
0 -0.0300849 -0.0327751 -0.0319509
0 -0.0300181 -0.0326251 -0.0317817
0 -0.0299495 -0.0324809 -0.0316216
0 -0.0298794 -0.0323429 -0.0314708
0 -0.029808 -0.0322112 -0.0313295
0 -0.0297357 -0.0320861 -0.0311976
0 -0.0296626 -0.0319675 -0.0310751
0 -0.0295894 -0.0318556 -0.0309617
0 -0.0295164 -0.0317505 -0.0308573
0 -0.0294444 -0.0316523 -0.0307617
0 -0.0293743 -0.0315615 -0.0306751
0 -0.0293071 -0.0314785 -0.0305973
0 -0.0292439 -0.0314036 -0.0305285
0 -0.0291853 -0.0313372 -0.0304687
0 -0.0291325 -0.0312796 -0.0304179
0 -0.0290862 -0.031231 -0.030376
0 -0.0290472 -0.0311917 -0.030343
0 -0.0290161 -0.0311619 -0.0303188
0 -0.0289931 -0.0311415 -0.0303032
0 -0.0289786 -0.0311305 -0.0302961
0 -0.0289726 -0.0311288 -0.0302971
0 -0.0289751 -0.0311364 -0.0303063
0 -0.0289862 -0.0311531 -0.0303235
0 -0.0290055 -0.0311789 -0.0303488
0 -0.029033 -0.0312138 -0.0303821
0 -0.0290685 -0.0312579 -0.0304238
0 -0.0291117 -0.0313112 -0.0304741
0 -0.0291624 -0.031374 -0.0305334
0 -0.0292201 -0.0314463 -0.0306021
0 -0.0292845 -0.0315281 -0.0306803
0 -0.0293549 -0.0316194 -0.0307685
0 -0.0294308 -0.0317202 -0.0308668
0 -0.0295115 -0.0318303 -0.0309754
0 -0.0295963 -0.0319495 -0.0310944
0 -0.0296845 -0.0320778 -0.031224
0 -0.0297753 -0.0322147 -0.0313642
0 -0.0298681 -0.0323602 -0.031515
0 -0.0299624 -0.0325139 -0.0316763
0 -0.0300577 -0.0326757 -0.0318482
0 -0.0301536 -0.0328454 -0.0320306
0 -0.0302497 -0.0330226 -0.0322233
0 -0.0303457 -0.0332071 -0.0324261
0 -0.0304415 -0.0333985 -0.0326385
0 -0.0305367 -0.0335964 -0.0328603
0 -0.0306313 -0.0338005 -0.0330907
0 -0.0307252 -0.0340102 -0.0333294
0 -0.0308183 -0.0342251 -0.0335755
0 -0.0309105 -0.0344448 -0.0338285
0 -0.0310019 -0.0346686 -0.0340874
0 -0.0310924 -0.0348962 -0.0343514
0 -0.0311823 -0.035127 -0.0346197
0 -0.0312714 -0.0353604 -0.0348913
0 -0.0313597 -0.0355958 -0.0351653
0 -0.0314473 -0.0358329 -0.0354408
0 -0.0315343 -0.036071 -0.0357168
0 -0.0316209 -0.0363095 -0.0359926
0 -0.0317071 -0.0365478 -0.0362673
0 -0.0317928 -0.0367854 -0.0365402
0 -0.0318781 -0.0370216 -0.0368106
0 -0.0319633 -0.0372559 -0.0370778
0 -0.0320484 -0.0374877 -0.0373412
0 -0.0321333 -0.0377162 -0.0376001
0 -0.0322181 -0.0379409 -0.0378538
0 -0.0323028 -0.0381612 -0.0381019
0 -0.0323873 -0.0383764 -0.0383439
0 -0.0324718 -0.038586 -0.0385791
0 -0.0325561 -0.0387895 -0.0388072
0 -0.03264 -0.0389862 -0.0390276
0 -0.0327236 -0.0391757 -0.0392399
0 -0.0328066 -0.0393577 -0.0394438
0 -0.0328888 -0.0395317 -0.0396387
0 -0.0329699 -0.0396974 -0.0398243
0 -0.0330496 -0.0398544 -0.0400003
0 -0.0331275 -0.0400026 -0.0401661
0 -0.0332033 -0.0401417 -0.0403216
0 -0.0332766 -0.0402715 -0.0404663
0 -0.0333469 -0.0403921 -0.0406
0 -0.0334138 -0.0405031 -0.0407225
0 -0.0334769 -0.0406046 -0.0408335
0 -0.0335358 -0.0406965 -0.040933
0 -0.0335899 -0.0407788 -0.0410207
0 -0.0336391 -0.0408514 -0.0410968
0 -0.0336828 -0.0409143 -0.0411612
0 -0.0337207 -0.0409674 -0.0412139
0 -0.0337526 -0.0410107 -0.0412552
0 -0.0337782 -0.0410442 -0.0412851
0 -0.0337973 -0.0410678 -0.0413038
0 -0.0338098 -0.0410814 -0.0413116
0 -0.0338155 -0.0410851 -0.0413088
0 -0.0338146 -0.0410788 -0.0412955
0 -0.0338069 -0.0410625 -0.041272
0 -0.0337926 -0.0410362 -0.0412387
0 -0.0337717 -0.0409999 -0.0411956
0 -0.0337446 -0.0409538 -0.041143
0 -0.0337113 -0.040898 -0.0410812
0 -0.0336723 -0.0408325 -0.0410102
0 -0.0336277 -0.0407575 -0.0409304
0 -0.0335779 -0.0406734 -0.0408417
0 -0.0335233 -0.0405802 -0.0407444
0 -0.0334643 -0.0404783 -0.0406384
0 -0.0334013 -0.0403681 -0.040524
0 -0.0333345 -0.0402498 -0.0404012
0 -0.0332644 -0.0401238 -0.0402701
0 -0.0331914 -0.0399906 -0.0401308
0 -0.0331158 -0.0398505 -0.0399835
0 -0.0330382 -0.0397039 -0.0398282
0 -0.0329587 -0.0395512 -0.0396651
0 -0.0328778 -0.039393 -0.0394946
0 -0.0327957 -0.0392295 -0.0393168
0 -0.0327127 -0.0390613 -0.0391321
0 -0.0326293 -0.0388887 -0.0389408
0 -0.0325455 -0.0387121 -0.0387433
0 -0.0324616 -0.0385319 -0.0385401
0 -0.0323778 -0.0383485 -0.0383317
0 -0.0322943 -0.0381623 -0.0381187
0 -0.0322112 -0.0379736 -0.0379016
0 -0.0321287 -0.0377827 -0.037681
0 -0.0320468 -0.0375901 -0.0374576
0 -0.0319657 -0.037396 -0.037232
0 -0.0318854 -0.0372008 -0.0370049
0 -0.031806 -0.0370049 -0.036777
0 -0.0317276 -0.0368085 -0.0365488
0 -0.0316501 -0.036612 -0.036321
0 -0.0315734 -0.0364159 -0.0360943
0 -0.0314977 -0.0362204 -0.0358691
0 -0.0314228 -0.0360259 -0.0356462
0 -0.031349 -0.0358329 -0.035426
0 -0.0312759 -0.0356417 -0.0352091
0 -0.0312034 -0.0354527 -0.0349959
0 -0.0311316 -0.0352665 -0.0347869
0 -0.0310603 -0.0350833 -0.0345826
0 -0.0309895 -0.0349037 -0.0343832
0 -0.0309193 -0.0347281 -0.0341891
0 -0.0308496 -0.0345569 -0.0340006
0 -0.0307802 -0.0343907 -0.0338179
0 -0.0307113 -0.0342298 -0.0336414
0 -0.0306429 -0.0340748 -0.0334713
