0 -0.0365342 -0.0433985 -0.0428533
0 -0.0364884 -0.0433309 -0.0427823
0 -0.0364531 -0.0432598 -0.0427025
0 -0.0364297 -0.043187 -0.0426162
0 -0.0364178 -0.043113 -0.0425249
0 -0.0364156 -0.0430386 -0.04243
0 -0.0364214 -0.0429653 -0.0423342
0 -0.0364319 -0.0428932 -0.0422386
0 -0.0364423 -0.0428217 -0.0421441
0 -0.0364507 -0.0427526 -0.0420533
0 -0.036456 -0.0426885 -0.0419698
0 -0.0364549 -0.0426287 -0.0418939
0 -0.036443 -0.0425711 -0.0418241
0 -0.0364212 -0.0425176 -0.0417626
0 -0.0363949 -0.0424736 -0.0417152
0 -0.0363681 -0.0424428 -0.0416853
0 -0.0363424 -0.0424253 -0.0416728
0 -0.0363189 -0.0424207 -0.0416768
0 -0.0362978 -0.0424272 -0.0416945
0 -0.036275 -0.0424385 -0.0417188
0 -0.0362481 -0.0424497 -0.0417437
0 -0.036222 -0.042463 -0.0417705
0 -0.036199 -0.0424779 -0.0417979
0 -0.0361744 -0.0424869 -0.0418178
0 -0.0361467 -0.0424864 -0.0418256
0 -0.0361201 -0.042478 -0.041823
0 -0.0360999 -0.0424653 -0.041813
0 -0.0360939 -0.0424553 -0.0418028
0 -0.0361109 -0.0424571 -0.0418013
0 -0.0361521 -0.042474 -0.0418119
0 -0.0362123 -0.0425041 -0.0418327
0 -0.0362863 -0.0425465 -0.0418635
0 -0.0363734 -0.0426055 -0.0419091
0 -0.0364718 -0.0426842 -0.0419739
0 -0.0365709 -0.0427767 -0.0420536
0 -0.0366592 -0.0428756 -0.0421423
0 -0.0367319 -0.0429785 -0.0422397
0 -0.0367824 -0.0430798 -0.0423418
0 -0.0368072 -0.0431747 -0.0424453
0 -0.0368173 -0.0432716 -0.0425592
0 -0.0368236 -0.0433779 -0.0426908
0 -0.0368189 -0.0434817 -0.0428271
0 -0.0367871 -0.043562 -0.0429449
0 -0.036724 -0.0436083 -0.0430311
0 -0.0366439 -0.0436281 -0.0430903
0 -0.036568 -0.0436355 -0.0431333
0 -0.0365111 -0.0436394 -0.0431664
0 -0.0364876 -0.0436506 -0.0431975
0 -0.03652 -0.0436907 -0.0432464
0 -0.0366257 -0.0437802 -0.0433326
0 -0.0368036 -0.0439247 -0.0434617
0 -0.0370339 -0.0441147 -0.0436253
0 -0.0372776 -0.0443227 -0.0437987
0 -0.0374903 -0.0445157 -0.043953
0 -0.0376506 -0.0446806 -0.0440808
0 -0.0377616 -0.0448247 -0.0441953
0 -0.0378302 -0.044956 -0.0443105
0 -0.0378574 -0.0450731 -0.0444294
0 -0.0378422 -0.0451705 -0.0445487
0 -0.0377932 -0.0452503 -0.0446702
0 -0.0377305 -0.0453253 -0.0448031
0 -0.0376715 -0.0454049 -0.0449516
0 -0.0376199 -0.0454862 -0.0451057
0 -0.0375728 -0.04556 -0.0452491
0 -0.037527 -0.0456175 -0.0453664
0 -0.0374766 -0.045648 -0.0454415
0 -0.0374126 -0.0456376 -0.045457
0 -0.0373301 -0.0455765 -0.0454019
0 -0.0372435 -0.0454747 -0.0452867
0 -0.0371888 -0.0453649 -0.0451464
0 -0.0371961 -0.0452779 -0.0450154
0 -0.0372687 -0.0452217 -0.0449053
0 -0.0373854 -0.0451849 -0.0448085
0 -0.0375118 -0.0451451 -0.0447063
0 -0.0376142 -0.045081 -0.0445816
0 -0.0376726 -0.0449835 -0.0444291
0 -0.037677 -0.0448504 -0.0442505
0 -0.0376168 -0.0446757 -0.0440425
0 -0.0374851 -0.044453 -0.0438004
0 -0.0372889 -0.0441863 -0.0435285
0 -0.0370478 -0.0438887 -0.0432386
0 -0.0367843 -0.0435743 -0.0429418
0 -0.0365145 -0.0432508 -0.0426416
0 -0.0362479 -0.0429191 -0.0423336
0 -0.0359964 -0.0425839 -0.0420168
0 -0.0357727 -0.0422521 -0.0416928
0 -0.0355802 -0.0419234 -0.0413571
0 -0.0354193 -0.0415972 -0.0410064
0 -0.035295 -0.0412793 -0.0406457
0 -0.0352086 -0.0409745 -0.040281
0 -0.0351592 -0.0406878 -0.0399203
0 -0.0351573 -0.0404381 -0.0395871
0 -0.0352189 -0.0402535 -0.0393143
0 -0.0353416 -0.0401457 -0.0391197
0 -0.0354957 -0.0401012 -0.0389953
0 -0.0356394 -0.0400934 -0.0389203
0 -0.0357363 -0.0400976 -0.038875
0 -0.0357618 -0.0400953 -0.0388454
0 -0.0357045 -0.0400742 -0.0388227
0 -0.0355749 -0.0400377 -0.0388114
0 -0.0354125 -0.0400126 -0.0388377
0 -0.035273 -0.04004 -0.0389389
0 -0.035202 -0.0401521 -0.0391405
0 -0.0352254 -0.0403653 -0.0394503
0 -0.0353522 -0.040684 -0.0398629
0 -0.0355637 -0.0410899 -0.0403505
0 -0.0358162 -0.041542 -0.0408655
0 -0.0360707 -0.0420048 -0.0413689
0 -0.0363075 -0.0424599 -0.0418435
0 -0.0365146 -0.0428946 -0.0422812
0 -0.0366861 -0.0432989 -0.0426797
0 -0.0368349 -0.0436799 -0.0430551
0 -0.0369836 -0.0440538 -0.0434321
0 -0.0371246 -0.044407 -0.0438035
0 -0.0372174 -0.0446945 -0.0441273
0 -0.0372331 -0.0448828 -0.0443695
0 -0.037172 -0.0449663 -0.0445204
0 -0.0370495 -0.0449531 -0.0445817
0 -0.0368988 -0.0448689 -0.0445706
0 -0.0367787 -0.0447663 -0.0445309
0 -0.0367439 -0.0446992 -0.0445074
0 -0.0368064 -0.0446843 -0.0445089
0 -0.0369498 -0.0447155 -0.0445246
0 -0.0371679 -0.0448011 -0.0445612
0 -0.0374456 -0.0449423 -0.0446236
0 -0.0377123 -0.0450849 -0.0446656
0 -0.0378729 -0.0451464 -0.0446168
0 -0.0378815 -0.0450858 -0.0444517
0 -0.0377607 -0.0449219 -0.0442047
0 -0.0375648 -0.0446993 -0.0439333
0 -0.037349 -0.0444619 -0.0436886
0 -0.037157 -0.0442444 -0.0435051
0 -0.0370125 -0.044066 -0.0433939
0 -0.0369162 -0.0439277 -0.0433421
0 -0.0368505 -0.0438161 -0.0433191
0 -0.0368054 -0.0437264 -0.0433035
0 -0.0367957 -0.0436787 -0.043302
0 -0.0368434 -0.0437 -0.0433341
0 -0.0369566 -0.0438029 -0.043411
0 -0.0371292 -0.0439857 -0.0435358
0 -0.0373472 -0.044238 -0.0437087
0 -0.037585 -0.0445368 -0.0439214
0 -0.0378056 -0.0448465 -0.0441551
0 -0.037969 -0.0451267 -0.0443848
0 -0.03804 -0.0453386 -0.0445836
0 -0.0379962 -0.0454533 -0.0447283
0 -0.0378464 -0.0454693 -0.0448162
0 -0.0376407 -0.0454239 -0.0448769
0 -0.0374509 -0.0453767 -0.0449566
0 -0.0373267 -0.0453682 -0.0450795
0 -0.0372607 -0.0453869 -0.0452168
0 -0.03721 -0.0453887 -0.045309
0 -0.0371464 -0.0453455 -0.0453162
0 -0.037067 -0.0452528 -0.0452281
0 -0.0369712 -0.0451076 -0.045042
0 -0.0368548 -0.0449014 -0.0447564
0 -0.0367166 -0.0446284 -0.0443765
0 -0.0365579 -0.0442854 -0.0439128
0 -0.0363767 -0.0438674 -0.043374
0 -0.0361797 -0.04338 -0.0427779
0 -0.0360041 -0.0428635 -0.0421729
0 -0.0359073 -0.0423837 -0.0416277
0 -0.035922 -0.0419893 -0.0411881
0 -0.0360292 -0.0416859 -0.0408517
0 -0.0361785 -0.0414517 -0.0405864
0 -0.036314 -0.0412605 -0.0403557
0 -0.0363846 -0.0410854 -0.0401267
0 -0.0363564 -0.0409063 -0.0398799
0 -0.0362233 -0.0407181 -0.0396173
0 -0.0360109 -0.0405361 -0.0393667
0 -0.0357589 -0.0403804 -0.0391628
0 -0.0354924 -0.0402515 -0.0390194
0 -0.0352292 -0.0401424 -0.0389376
0 -0.0349983 -0.0400593 -0.0389245
0 -0.0348255 -0.0400121 -0.0389824
0 -0.0347115 -0.0399918 -0.0390877
0 -0.0346463 -0.0399857 -0.0392084
0 -0.0346426 -0.040009 -0.0393395
0 -0.0347259 -0.0400942 -0.0394963
0 -0.0349051 -0.0402607 -0.0396865
0 -0.0351659 -0.0405063 -0.0399046
0 -0.0354788 -0.0408143 -0.0401392
0 -0.0358124 -0.041164 -0.0403829
0 -0.0361377 -0.0415343 -0.0406341
0 -0.0364274 -0.0419017 -0.0408925
0 -0.0366565 -0.0422417 -0.0411549
0 -0.0368067 -0.0425334 -0.0414172
0 -0.0368763 -0.0427708 -0.0416818
0 -0.0368789 -0.0429618 -0.0419559
0 -0.0368373 -0.0431233 -0.0422463
0 -0.0367827 -0.0432814 -0.042562
0 -0.0367579 -0.0434747 -0.0429202
0 -0.036814 -0.043752 -0.0433488
0 -0.0369841 -0.0441462 -0.0438634
0 -0.037256 -0.0446474 -0.0444427
0 -0.0375874 -0.0452168 -0.0450438
0 -0.0379472 -0.0458269 -0.045643
0 -0.0383236 -0.0464672 -0.0462409
0 -0.0386931 -0.0471137 -0.0468297
0 -0.0390033 -0.0477099 -0.0473723
0 -0.039193 -0.0481876 -0.0478186
0 -0.0392318 -0.0485045 -0.0481416
0 -0.0391426 -0.0486671 -0.0483562
0 -0.0389762 -0.0487078 -0.0484948
0 -0.0387735 -0.0486524 -0.0485742
0 -0.038561 -0.048517 -0.0485932
0 -0.0383624 -0.048321 -0.048548
0 -0.0382111 -0.0480999 -0.0484475
0 -0.0381512 -0.0479055 -0.0483196
0 -0.0382249 -0.047793 -0.0482031
0 -0.0384451 -0.0477936 -0.0481243
0 -0.0387658 -0.047883 -0.0480668
0 -0.0390896 -0.0479856 -0.0479733
0 -0.0393178 -0.0480197 -0.0477882
0 -0.0393924 -0.0479364 -0.0474919
0 -0.0392932 -0.0477139 -0.047092
0 -0.0390143 -0.0473357 -0.0465972
0 -0.0385561 -0.0467844 -0.0460059
0 -0.0379319 -0.0460521 -0.0453127
0 -0.0371913 -0.0451662 -0.044533
0 -0.0364367 -0.0442083 -0.0437243
0 -0.0358069 -0.0433052 -0.0429808
0 -0.0354178 -0.0425752 -0.0423858
0 -0.0353003 -0.0420642 -0.0419525
0 -0.0354198 -0.0417618 -0.0416466
0 -0.0357352 -0.0416592 -0.0414477
0 -0.0362033 -0.0417484 -0.0413508
0 -0.0367501 -0.0419892 -0.0413339
0 -0.0372745 -0.0423081 -0.041356
0 -0.0376853 -0.0426296 -0.0413861
0 -0.0379208 -0.0428939 -0.041412
0 -0.0379396 -0.0430489 -0.0414231
0 -0.0377166 -0.0430482 -0.0414007
0 -0.0372593 -0.0428682 -0.0413309
0 -0.0366138 -0.0425197 -0.0412131
0 -0.0358496 -0.0420364 -0.0410491
0 -0.0350375 -0.0414559 -0.0408288
0 -0.0342513 -0.0408222 -0.0405427
0 -0.0335743 -0.0401936 -0.0401983
0 -0.0330835 -0.0396304 -0.0398131
0 -0.0328298 -0.0391771 -0.0394027
0 -0.0328306 -0.038856 -0.0389791
0 -0.0330677 -0.0386651 -0.0385521
0 -0.0334887 -0.0385788 -0.0381246
0 -0.0340175 -0.0385573 -0.0376961
0 -0.0345701 -0.0385575 -0.0372708
0 -0.0350667 -0.038539 -0.0368596
0 -0.0354441 -0.0384722 -0.0364798
0 -0.0356613 -0.0383437 -0.0361525
0 -0.0357082 -0.0381627 -0.0359051
0 -0.0356153 -0.037971 -0.0357779
0 -0.0354311 -0.0378225 -0.0358041
0 -0.0351904 -0.0377502 -0.0359831
0 -0.0349117 -0.0377624 -0.0362831
0 -0.0346149 -0.0378599 -0.036666
0 -0.0343428 -0.0380581 -0.0371147
0 -0.0341558 -0.038385 -0.0376349
0 -0.0340971 -0.0388499 -0.0382263
0 -0.0341782 -0.0394323 -0.0388718
0 -0.0343959 -0.0401055 -0.0395557
0 -0.0347479 -0.0408524 -0.0402773
0 -0.0352311 -0.041665 -0.0410472
0 -0.0358245 -0.0425272 -0.041867
0 -0.0364831 -0.0434054 -0.042718
0 -0.0371564 -0.0442674 -0.0435775
0 -0.0378039 -0.0450946 -0.0444307
0 -0.0383881 -0.0458723 -0.0452611
0 -0.0388728 -0.0465863 -0.0460487
0 -0.0392362 -0.0472289 -0.046779
0 -0.0394723 -0.0477987 -0.0474445
0 -0.0395872 -0.0482983 -0.0480433
0 -0.0396055 -0.0487382 -0.0485838
0 -0.039571 -0.0491413 -0.0490882
0 -0.0395341 -0.0495335 -0.0495832
0 -0.0395335 -0.0499306 -0.0500837
0 -0.0395876 -0.0503327 -0.0505872
0 -0.0396896 -0.0507216 -0.05107
0 -0.0398054 -0.051058 -0.0514856
0 -0.039887 -0.0512922 -0.0517779
0 -0.0398939 -0.0513834 -0.0519007
0 -0.0398073 -0.0513102 -0.0518307
0 -0.0396257 -0.0510668 -0.0515627
0 -0.0393549 -0.0506524 -0.0510997
0 -0.0390044 -0.0500698 -0.0504493
0 -0.0385938 -0.0493331 -0.0496304
0 -0.0381588 -0.0484755 -0.0486798
0 -0.0377416 -0.0475424 -0.0476436
0 -0.0373823 -0.0465837 -0.0465702
0 -0.0371112 -0.045648 -0.0455044
0 -0.0369433 -0.0447742 -0.0444825
0 -0.036877 -0.0439891 -0.0435306
0 -0.0368949 -0.0433063 -0.0426654
0 -0.0369644 -0.0427246 -0.0418933
0 -0.037041 -0.0422284 -0.0412084
0 -0.0370738 -0.0417927 -0.040597
0 -0.0370138 -0.0413858 -0.0400406
0 -0.0368185 -0.0409713 -0.0395158
0 -0.0364617 -0.0405164 -0.0390009
0 -0.0359472 -0.0400061 -0.0384876
0 -0.0353089 -0.0394446 -0.037981
0 -0.0345972 -0.0388451 -0.0374884
0 -0.0338713 -0.0382277 -0.0370159
0 -0.0331882 -0.0376128 -0.0365634
0 -0.0325874 -0.0370096 -0.0361155
0 -0.0320945 -0.0364229 -0.0356512
0 -0.0317334 -0.0358673 -0.0351616
0 -0.031528 -0.0353674 -0.0346544
0 -0.0314915 -0.0349485 -0.0341462
0 -0.0316196 -0.0346288 -0.033657
0 -0.0319071 -0.0344333 -0.0332252
0 -0.0323542 -0.0343996 -0.0329117
0 -0.0329352 -0.0345448 -0.0327636
0 -0.0335678 -0.0348298 -0.0327748
0 -0.0341335 -0.0351738 -0.0328976
0 -0.0345304 -0.0355019 -0.0330859
0 -0.0346882 -0.0357548 -0.0333006
0 -0.0345633 -0.0358823 -0.0334993
0 -0.0341532 -0.0358558 -0.033648
0 -0.0335033 -0.0356782 -0.0337312
0 -0.0326899 -0.0353704 -0.0337417
0 -0.0317961 -0.0349536 -0.0336656
0 -0.030896 -0.0344404 -0.0334769
0 -0.0300509 -0.0338387 -0.0331446
0 -0.0293113 -0.0331566 -0.0326446
0 -0.0287148 -0.0324028 -0.0319628
0 -0.0282812 -0.0315853 -0.0310934
0 -0.0280079 -0.0307068 -0.0300356
0 -0.0278748 -0.0297678 -0.0287983
0 -0.0278785 -0.0288001 -0.0274347
0 -0.0280531 -0.0278847 -0.0260595
0 -0.0284387 -0.0271225 -0.0248128
0 -0.0290589 -0.026609 -0.0238321
0 -0.0299267 -0.0264389 -0.0232524
0 -0.031044 -0.0267043 -0.023198
0 -0.0323832 -0.0274712 -0.0237578
0 -0.0338771 -0.0287634 -0.0249671
0 -0.03544 -0.0305721 -0.0268189
0 -0.0369895 -0.032868 -0.0292803
0 -0.0384554 -0.0356045 -0.0322999
0 -0.0397968 -0.038727 -0.035818
0 -0.0410091 -0.0421796 -0.0397724
0 -0.0421239 -0.0459114 -0.0441033
0 -0.0431913 -0.0498878 -0.048762
0 -0.0442606 -0.05409 -0.0537094
0 -0.0454029 -0.0585106 -0.0589073
0 -0.0466766 -0.0631194 -0.0642916
0 -0.0480884 -0.0678579 -0.0697623
0 -0.0496159 -0.0726663 -0.0752061
0 -0.0512272 -0.0774814 -0.0805214
0 -0.0528793 -0.0822419 -0.085625
0 -0.0544924 -0.086856 -0.0904229
0 -0.0559542 -0.0911933 -0.0948059
0 -0.0571521 -0.0951236 -0.0986809
0 -0.0580039 -0.098541 -0.101991
0 -0.0584839 -0.101391 -0.104734
0 -0.0586001 -0.103651 -0.106933
0 -0.0583502 -0.10529 -0.108587
0 -0.0577278 -0.106268 -0.109668
0 -0.0567576 -0.106567 -0.110152
0 -0.0555225 -0.106223 -0.110046
0 -0.0541401 -0.105303 -0.109378
0 -0.0527431 -0.10389 -0.108189
0 -0.05152 -0.102138 -0.106587
0 -0.0506948 -0.100271 -0.104749
0 -0.0504014 -0.0984698 -0.102811
0 -0.0505691 -0.0967563 -0.100763
0 -0.050975 -0.0950303 -0.0984989
0 -0.0514503 -0.0932575 -0.0960089
0 -0.0519463 -0.0915146 -0.0934252
0 -0.0523478 -0.0897975 -0.0908238
0 -0.0523887 -0.0879281 -0.0881178
0 -0.0518512 -0.0857447 -0.0852266
0 -0.0507456 -0.0832721 -0.0822375
0 -0.0492241 -0.0806355 -0.0793207
0 -0.0474216 -0.0779203 -0.0765755
0 -0.0454264 -0.0751622 -0.0740083
0 -0.0432742 -0.072341 -0.0715363
0 -0.0409537 -0.0693854 -0.0690033
0 -0.0384797 -0.0662563 -0.0662811
0 -0.035939 -0.0629942 -0.0633286
0 -0.03347 -0.0596814 -0.0601617
0 -0.0312027 -0.0563879 -0.0568115
0 -0.0292049 -0.0531338 -0.0532905
0 -0.0274907 -0.0499008 -0.0495993
0 -0.0260744 -0.0466878 -0.0457786
0 -0.0249795 -0.0435151 -0.0419113
0 -0.0242215 -0.0404109 -0.0380996
0 -0.0238387 -0.0374461 -0.0344858
0 -0.0238905 -0.034734 -0.0312409
0 -0.0243808 -0.0323578 -0.0284837
0 -0.0251803 -0.0302886 -0.0261941
0 -0.0260399 -0.028388 -0.0242178
0 -0.0267044 -0.0265076 -0.0223708
0 -0.0270102 -0.0245721 -0.0205309
0 -0.0269201 -0.0226041 -0.018673
0 -0.0265088 -0.0207088 -0.0168613
0 -0.0258941 -0.0190078 -0.0151888
0 -0.0251552 -0.017562 -0.0137035
0 -0.0243376 -0.0163816 -0.0124191
0 -0.0234817 -0.0154573 -0.0113461
0 -0.0225849 -0.0147215 -0.0104511
0 -0.0216435 -0.0140901 -0.00969349
0 -0.0207388 -0.0135595 -0.0091106
0 -0.0200074 -0.0131911 -0.00879051
0 -0.0195688 -0.0130492 -0.00880218
0 -0.0195155 -0.0132007 -0.00919252
0 -0.019923 -0.0137309 -0.0100066
0 -0.0208417 -0.0147353 -0.0112877
0 -0.0222904 -0.0163068 -0.0130764
0 -0.0242233 -0.0184947 -0.0153834
0 -0.0265058 -0.0212651 -0.0181613
0 -0.028987 -0.0245574 -0.0213666
0 -0.0315766 -0.0283487 -0.0250244
0 -0.0342173 -0.0326189 -0.0291868
0 -0.0368412 -0.0373001 -0.0338692
0 -0.0393536 -0.0422665 -0.039024
0 -0.041656 -0.0473632 -0.0445507
0 -0.0436986 -0.0524557 -0.0503272
0 -0.0454458 -0.0574642 -0.0562366
0 -0.0468829 -0.062365 -0.0621777
0 -0.0480845 -0.0671589 -0.0680688
0 -0.0491346 -0.0718492 -0.0738285
0 -0.0500752 -0.0764397 -0.0793494
0 -0.0509304 -0.0809047 -0.0845154
0 -0.051691 -0.0851794 -0.0892175
0 -0.0523092 -0.0891679 -0.0933512
0 -0.0527183 -0.0927437 -0.0968298
0 -0.0528638 -0.0957838 -0.0996036
0 -0.0527208 -0.0981957 -0.10167
0 -0.0523171 -0.0999332 -0.103079
0 -0.0517452 -0.101016 -0.103933
0 -0.051141 -0.101519 -0.104361
0 -0.0506444 -0.101544 -0.104483
0 -0.0503609 -0.101183 -0.10437
0 -0.0503484 -0.10053 -0.104053
0 -0.0506181 -0.0996812 -0.10353
0 -0.0511313 -0.0987279 -0.102778
0 -0.0518049 -0.0977415 -0.101771
0 -0.0525326 -0.0967708 -0.1005
0 -0.0532019 -0.0958349 -0.0989843
0 -0.0537009 -0.0949162 -0.0972645
0 -0.0539202 -0.0939596 -0.0953943
0 -0.0537589 -0.0928769 -0.093422
0 -0.0531463 -0.0915777 -0.0913895
0 -0.0520712 -0.0900049 -0.0893413
0 -0.0505904 -0.0881507 -0.0873294
0 -0.0488153 -0.0860566 -0.0854017
0 -0.046878 -0.0837901 -0.0835771
0 -0.0449083 -0.0814284 -0.0818394
0 -0.0430239 -0.0790568 -0.0801473
0 -0.0413244 -0.076762 -0.0784459
0 -0.0398915 -0.0746279 -0.0766915
0 -0.0387929 -0.0727265 -0.0748693
0 -0.0380558 -0.07109 -0.0729828
0 -0.0376436 -0.0696913 -0.0710375
0 -0.0374816 -0.0684572 -0.0690432
0 -0.0374781 -0.067295 -0.0670173
0 -0.0375256 -0.0661039 -0.0649767
0 -0.03752 -0.0647917 -0.0629408
0 -0.0373854 -0.0633031 -0.0609406
0 -0.0370833 -0.0616316 -0.0590155
0 -0.0366131 -0.0598181 -0.0572017
0 -0.0360018 -0.0579329 -0.0555211
0 -0.0352959 -0.0560667 -0.0539833
0 -0.0345595 -0.0543229 -0.0525947
0 -0.0338575 -0.0527944 -0.0513567
0 -0.033242 -0.0515497 -0.0502677
0 -0.0327546 -0.0506312 -0.0493336
0 -0.0324291 -0.0500603 -0.0485765
0 -0.0322942 -0.049843 -0.0480391
0 -0.032376 -0.0499765 -0.0477824
0 -0.0326888 -0.0504469 -0.0478717
0 -0.0332098 -0.05121 -0.0483411
0 -0.0338599 -0.0521778 -0.0491637
0 -0.0345377 -0.0532519 -0.0502742
0 -0.035167 -0.0543682 -0.0516095
0 -0.0356941 -0.0554885 -0.0531016
0 -0.0360595 -0.0565643 -0.0546501
0 -0.0362109 -0.0575423 -0.056138
0 -0.0361484 -0.0584038 -0.0574844
0 -0.0359255 -0.0591629 -0.0586552
0 -0.0356153 -0.0598355 -0.0596396
0 -0.03528 -0.0604173 -0.0604268
0 -0.0349505 -0.0608707 -0.0609874
0 -0.034646 -0.061155 -0.0612967
0 -0.0344005 -0.0612578 -0.0613623
0 -0.0342513 -0.0611856 -0.0612119
0 -0.0342326 -0.0609624 -0.060885
0 -0.0343847 -0.0606422 -0.0604436
0 -0.0347456 -0.0603028 -0.0599649
0 -0.0353351 -0.0600312 -0.0595275
0 -0.0361448 -0.0599091 -0.0592024
0 -0.0371357 -0.059999 -0.0590471
0 -0.0382503 -0.0603438 -0.0591112
0 -0.0394324 -0.0609772 -0.0594489
0 -0.0406321 -0.0619207 -0.0601153
0 -0.0417872 -0.0631612 -0.061139
0 -0.0428155 -0.0646412 -0.0625048
0 -0.0436385 -0.0662815 -0.0641682
0 -0.0442144 -0.0680125 -0.0660828
0 -0.04455 -0.0697913 -0.0682124
0 -0.0446804 -0.0715945 -0.0705202
0 -0.0446491 -0.0734009 -0.0729492
0 -0.0445063 -0.0751824 -0.0754218
0 -0.0443021 -0.0768997 -0.0778501
0 -0.0440837 -0.078515 -0.080139
0 -0.0438935 -0.0800006 -0.0821944
0 -0.0437613 -0.0813216 -0.0839342
0 -0.0437008 -0.0824394 -0.0852928
0 -0.0437133 -0.0833131 -0.0862239
0 -0.0437945 -0.0839029 -0.0867089
0 -0.0439432 -0.0841859 -0.086764
0 -0.044161 -0.0841573 -0.0864345
0 -0.0444355 -0.0838207 -0.0857723
0 -0.044727 -0.0831789 -0.0848153
0 -0.0449766 -0.082238 -0.0835887
0 -0.0451223 -0.0810171 -0.0821147
0 -0.0451117 -0.0795519 -0.0804199
0 -0.0449176 -0.0778981 -0.0785452
0 -0.0445413 -0.0761254 -0.0765464
0 -0.0439968 -0.0742969 -0.0744782
0 -0.0432951 -0.072453 -0.0723794
0 -0.0424418 -0.0706096 -0.0702708
0 -0.0414475 -0.0687651 -0.0681633
0 -0.040329 -0.066913 -0.0660685
0 -0.0391078 -0.0650498 -0.064003
0 -0.037824 -0.063178 -0.0619855
0 -0.0365296 -0.0613063 -0.0600321
0 -0.035269 -0.059442 -0.0581456
0 -0.0340727 -0.0575846 -0.05631
0 -0.032958 -0.0557295 -0.0544957
0 -0.0319357 -0.0538783 -0.0526736
0 -0.031019 -0.0520441 -0.0508266
0 -0.0302227 -0.0502474 -0.0489514
0 -0.0295568 -0.0485095 -0.0470571
0 -0.0290241 -0.0468477 -0.0451621
0 -0.0286247 -0.0452779 -0.0432966
0 -0.0283735 -0.0438334 -0.0415191
0 -0.0283077 -0.0425734 -0.0399203
0 -0.0284643 -0.0415627 -0.0385979
0 -0.0288657 -0.0408622 -0.0376407
0 -0.02952 -0.0405295 -0.0371255
0 -0.0304216 -0.0406206 -0.0371165
0 -0.0315546 -0.0411905 -0.0376657
0 -0.0328854 -0.0422833 -0.038805
0 -0.0343482 -0.0439103 -0.0405292
0 -0.0358485 -0.0460424 -0.0427958
0 -0.0372949 -0.0486231 -0.0455477
0 -0.0386216 -0.0515791 -0.0487261
0 -0.0397941 -0.0548272 -0.0522741
0 -0.0408122 -0.0582856 -0.0561375
0 -0.0417052 -0.0618786 -0.0602583
0 -0.0425223 -0.0655413 -0.0645686
0 -0.0433005 -0.0692245 -0.06899
0 -0.0440494 -0.072877 -0.0734317
0 -0.0447804 -0.0764338 -0.0777866
0 -0.0455084 -0.0798455 -0.0819397
0 -0.0462407 -0.0830831 -0.0857931
0 -0.0469841 -0.0861194 -0.0892743
0 -0.0477363 -0.0889243 -0.0923277
0 -0.0484784 -0.0914559 -0.0949151
0 -0.0491877 -0.0936669 -0.0970221
0 -0.0498453 -0.0955156 -0.0986584
0 -0.0504295 -0.0969598 -0.0998469
0 -0.0509153 -0.0979616 -0.100613
0 -0.0512806 -0.098493 -0.10098
0 -0.0515033 -0.0985391 -0.100962
0 -0.0515688 -0.0981129 -0.100569
0 -0.0514829 -0.097266 -0.0998205
0 -0.0512673 -0.096082 -0.0987447
0 -0.0509473 -0.0946554 -0.097375
0 -0.0505485 -0.0930772 -0.0957488
0 -0.0501039 -0.0914365 -0.0939217
0 -0.0496552 -0.0898181 -0.0919736
0 -0.0492297 -0.0882781 -0.0899855
0 -0.048817 -0.0868228 -0.0880134
0 -0.0483763 -0.0854184 -0.0860876
0 -0.0478603 -0.0840172 -0.0842239
0 -0.0472359 -0.0825824 -0.082434
0 -0.0464958 -0.0811 -0.0807318
0 -0.0456576 -0.0795793 -0.0791336
0 -0.04476 -0.0780498 -0.0776548
0 -0.0438544 -0.0765549 -0.0763065
0 -0.0429939 -0.0751437 -0.0750937
0 -0.0422299 -0.0738689 -0.0740201
0 -0.0416135 -0.072785 -0.0730929
0 -0.0411889 -0.0719436 -0.0723241
0 -0.0409744 -0.071373 -0.0717201
0 -0.0409404 -0.0710509 -0.0712579
0 -0.0410229 -0.0709151 -0.0708952
0 -0.0411583 -0.0709009 -0.0706019
0 -0.0412898 -0.070947 -0.0703583
0 -0.0413629 -0.0709892 -0.0701459
0 -0.0413318 -0.0709674 -0.0699473
0 -0.0411655 -0.070834 -0.0697459
0 -0.0408519 -0.070561 -0.069524
0 -0.0403969 -0.0701394 -0.0692605
0 -0.0398215 -0.0695767 -0.0689317
0 -0.0391631 -0.0688967 -0.0685186
0 -0.0384742 -0.0681361 -0.0680135
0 -0.0378113 -0.0673363 -0.0674163
0 -0.0372212 -0.0665314 -0.0667261
0 -0.0367345 -0.0657425 -0.0659406
0 -0.0363647 -0.0649779 -0.0650611
0 -0.0361089 -0.064235 -0.0640937
0 -0.0359485 -0.0635015 -0.0630472
0 -0.0358498 -0.0627575 -0.0619317
0 -0.0357708 -0.0619771 -0.0607607
0 -0.0356653 -0.0611318 -0.0595491
0 -0.0354886 -0.0601968 -0.0583094
0 -0.0352038 -0.0591555 -0.0570493
0 -0.0347839 -0.0579997 -0.0557695
0 -0.0342123 -0.0567287 -0.0544611
0 -0.0334887 -0.0553521 -0.0531122
0 -0.0326394 -0.0538993 -0.0517221
0 -0.0317205 -0.0524225 -0.0503099
0 -0.0308011 -0.0509808 -0.0489051
0 -0.0299467 -0.0496265 -0.047538
0 -0.0292126 -0.0484008 -0.0462389
0 -0.0286418 -0.047335 -0.04504
0 -0.0282652 -0.0464521 -0.0439763
0 -0.0281058 -0.0457747 -0.0430901
0 -0.0281822 -0.0453303 -0.0424323
0 -0.0285045 -0.0451499 -0.0420572
0 -0.0290707 -0.0452652 -0.0420156
0 -0.0298668 -0.0457087 -0.0423527
0 -0.0308712 -0.0465146 -0.0431087
0 -0.0320597 -0.0477215 -0.0443212
0 -0.0334073 -0.0493672 -0.0460241
0 -0.0348803 -0.051473 -0.0482363
0 -0.0364335 -0.0540329 -0.0509538
0 -0.038025 -0.0570218 -0.05416
0 -0.0396349 -0.0604095 -0.0578388
0 -0.0412674 -0.0641657 -0.0619756
0 -0.0429379 -0.0682524 -0.0665434
0 -0.0446629 -0.072611 -0.0714819
0 -0.0464269 -0.0771701 -0.0766996
0 -0.0481755 -0.0818669 -0.0821014
0 -0.0498801 -0.0866335 -0.0875939
0 -0.051538 -0.0913997 -0.093075
0 -0.0531292 -0.0961159 -0.0984438
0 -0.054644 -0.100738 -0.103616
0 -0.056084 -0.105229 -0.108528
0 -0.0574393 -0.109552 -0.11313
0 -0.0586945 -0.113661 -0.117387
0 -0.0598332 -0.11751 -0.121273
0 -0.0608373 -0.121051 -0.124781
0 -0.0616963 -0.12425 -0.127914
0 -0.0624098 -0.127081 -0.130691
0 -0.0629775 -0.129528 -0.133125
0 -0.0633939 -0.131573 -0.13522
0 -0.0636483 -0.133199 -0.136963
0 -0.0637201 -0.134385 -0.13832
0 -0.0635836 -0.135108 -0.139242
0 -0.0632218 -0.135347 -0.13968
0 -0.0626307 -0.135089 -0.139587
0 -0.0618145 -0.134316 -0.13892
0 -0.060784 -0.133013 -0.137644
0 -0.0595537 -0.131164 -0.135733
0 -0.0581414 -0.128764 -0.133173
0 -0.056571 -0.125825 -0.129971
0 -0.0548723 -0.122373 -0.126158
0 -0.0530737 -0.118449 -0.121781
0 -0.0511948 -0.114099 -0.116894
0 -0.0492493 -0.109373 -0.111562
0 -0.0472527 -0.104335 -0.105866
0 -0.0452268 -0.0990578 -0.0999008
0 -0.0432133 -0.093618 -0.093761
0 -0.0412338 -0.0880972 -0.0875385
0 -0.0392843 -0.0825641 -0.0813229
0 -0.0373911 -0.0770769 -0.0752044
0 -0.0355869 -0.0716999 -0.0692707
0 -0.0338988 -0.0664915 -0.0636008
0 -0.0323551 -0.0615062 -0.0582633
0 -0.0309861 -0.0568034 -0.0533156
0 -0.0298229 -0.0524364 -0.0487995
0 -0.0288788 -0.0484498 -0.0447379
0 -0.0281618 -0.0448797 -0.0411377
0 -0.0276754 -0.041755 -0.0379988
0 -0.0274166 -0.0391016 -0.0353216
0 -0.0273826 -0.0369398 -0.0331083
0 -0.027564 -0.0352827 -0.0313652
0 -0.0279425 -0.0341379 -0.0301017
0 -0.0284931 -0.0335066 -0.0293296
0 -0.0291834 -0.0333851 -0.0290613
0 -0.0299756 -0.0337669 -0.0293094
0 -0.0308293 -0.0346424 -0.0300842
0 -0.0317036 -0.035994 -0.0313905
0 -0.0325606 -0.037786 -0.0332206
0 -0.0333712 -0.0399633 -0.0355493
0 -0.0341189 -0.0424575 -0.0383332
0 -0.0347979 -0.045193 -0.04151
0 -0.0354145 -0.048094 -0.0449995
0 -0.0359861 -0.0510912 -0.0487088
0 -0.0365364 -0.0541246 -0.0525347
0 -0.0370907 -0.0571432 -0.0563691
0 -0.0376729 -0.0601067 -0.0601104
0 -0.0383035 -0.0629882 -0.0636706
0 -0.0390026 -0.0657643 -0.0669778
0 -0.0397899 -0.0684143 -0.0699816
0 -0.0406799 -0.0709257 -0.0726584
0 -0.0416786 -0.0732852 -0.0750168
0 -0.0427926 -0.0754866 -0.0770947
0 -0.0440279 -0.07753 -0.0789458
0 -0.0453704 -0.0794102 -0.0806226
0 -0.0467812 -0.0811187 -0.0821649
0 -0.0482069 -0.0826456 -0.0835963
0 -0.0495823 -0.0839836 -0.0849236
0 -0.0508361 -0.0851308 -0.0861371
0 -0.0519029 -0.0860892 -0.0872142
0 -0.0527262 -0.0868619 -0.0881255
0 -0.0532647 -0.0874535 -0.0888439
0 -0.053501 -0.087869 -0.0893518
0 -0.053441 -0.0881126 -0.089645
0 -0.0531139 -0.0881871 -0.089732
0 -0.052569 -0.0880916 -0.0896292
0 -0.0518653 -0.0878195 -0.0893528
0 -0.0510629 -0.0873612 -0.0889139
0 -0.0502219 -0.0867122 -0.0883194
0 -0.049399 -0.0858773 -0.0875718
0 -0.0486398 -0.0848696 -0.0866669
0 -0.0479735 -0.0837082 -0.0855939
0 -0.0474125 -0.0824171 -0.0843406
0 -0.0469552 -0.0810244 -0.0829003
0 -0.0465876 -0.0795588 -0.0812762
0 -0.0462873 -0.0780465 -0.0794852
0 -0.0460259 -0.0765086 -0.0775585
0 -0.0457731 -0.0749595 -0.0755404
0 -0.0454995 -0.0734086 -0.0734825
0 -0.0451787 -0.0718627 -0.0714349
0 -0.0447845 -0.0703219 -0.0694399
0 -0.044295 -0.068776 -0.0675294
0 -0.043692 -0.0672135 -0.0657225
0 -0.0429578 -0.06563 -0.064024
0 -0.0420879 -0.06403 -0.0624264
0 -0.0410965 -0.0624272 -0.0609146
0 -0.0400107 -0.0608429 -0.0594699
0 -0.0388706 -0.0593008 -0.0580739
0 -0.0377249 -0.0578243 -0.0567124
0 -0.0366258 -0.0564342 -0.0553789
0 -0.0356247 -0.055148 -0.0540765
0 -0.0347672 -0.0539791 -0.0528175
0 -0.034088 -0.0529347 -0.0516197
0 -0.0336037 -0.052012 -0.0504999
0 -0.0333106 -0.0511985 -0.0494702
0 -0.0331903 -0.0504794 -0.0485394
0 -0.0332177 -0.0498455 -0.0477181
0 -0.0333652 -0.0492968 -0.0470185
0 -0.0336054 -0.0488429 -0.0464547
0 -0.0339141 -0.0485029 -0.0460427
0 -0.0342709 -0.0483024 -0.0458
0 -0.0346612 -0.0482711 -0.045746
0 -0.0350769 -0.04844 -0.0459027
0 -0.0355113 -0.0488342 -0.04629
0 -0.0359544 -0.0494649 -0.0469194
0 -0.036394 -0.0503267 -0.0477937
0 -0.0368205 -0.0513998 -0.0489085
0 -0.0372284 -0.0526546 -0.0502527
0 -0.0376181 -0.0540552 -0.0518079
0 -0.0379961 -0.0555654 -0.0535486
0 -0.0383775 -0.0571554 -0.0554458
0 -0.0387848 -0.058805 -0.0574677
0 -0.0392451 -0.0605047 -0.0595827
0 -0.039787 -0.0622555 -0.0617615
0 -0.0404356 -0.0640664 -0.0639802
0 -0.0412108 -0.0659486 -0.0662193
0 -0.0421274 -0.067908 -0.0684605
0 -0.0431848 -0.069942 -0.0706874
0 -0.0443617 -0.0720399 -0.0728871
0 -0.0456199 -0.074174 -0.0750446
0 -0.0468977 -0.0762955 -0.0771361
0 -0.0481235 -0.0783464 -0.0791355
0 -0.0492337 -0.080271 -0.0810217
0 -0.0501766 -0.082022 -0.0827778
0 -0.0509174 -0.083564 -0.0843892
0 -0.0514411 -0.0848773 -0.0858434
0 -0.0517518 -0.0859579 -0.0871294
0 -0.0518697 -0.0868149 -0.0882365
0 -0.0518251 -0.0874646 -0.0891524
0 -0.051653 -0.0879245 -0.0898629
0 -0.0513889 -0.0882085 -0.0903524
0 -0.0510645 -0.0883237 -0.0906058
0 -0.0507059 -0.0882695 -0.0906108
0 -0.0503345 -0.08804 -0.0903619
0 -0.0499685 -0.0876282 -0.089863
0 -0.0496193 -0.0870274 -0.0891247
0 -0.0492864 -0.0862301 -0.0881578
0 -0.0489576 -0.0852306 -0.0869712
0 -0.0486143 -0.0840304 -0.0855758
0 -0.0482387 -0.0826433 -0.0839881
0 -0.0478191 -0.0810959 -0.0822332
0 -0.0473528 -0.0794281 -0.0803461
0 -0.0468436 -0.0776856 -0.0783687
0 -0.0462965 -0.0759114 -0.0763432
0 -0.0457159 -0.0741423 -0.0743092
0 -0.0451088 -0.0724121 -0.0723054
0 -0.0444848 -0.0707497 -0.0703681
0 -0.043853 -0.0691733 -0.0685289
0 -0.0432168 -0.0676884 -0.0668088
0 -0.0425665 -0.0662882 -0.0652151
0 -0.0418867 -0.0649596 -0.0637438
0 -0.0411742 -0.0636938 -0.062389
0 -0.0404374 -0.0624903 -0.0611469
0 -0.0396932 -0.0613536 -0.0600127
0 -0.0389637 -0.0602904 -0.0589798
0 -0.0382705 -0.0593062 -0.0580378
0 -0.037631 -0.0584018 -0.0571716
0 -0.037055 -0.0575726 -0.0563624
0 -0.0365473 -0.0568102 -0.0555919
0 -0.0361117 -0.056107 -0.054848
0 -0.0357538 -0.0554601 -0.0541286
0 -0.0354844 -0.0548747 -0.0534448
0 -0.0353164 -0.0543627 -0.0528177
0 -0.0352589 -0.0539376 -0.0522718
0 -0.0353152 -0.0536133 -0.0518316
0 -0.0354821 -0.053404 -0.0515203
0 -0.0357473 -0.053321 -0.0513551
0 -0.0360892 -0.0533709 -0.0513456
0 -0.0364802 -0.0535558 -0.0514944
0 -0.0368905 -0.0538748 -0.0517996
0 -0.0372929 -0.0543251 -0.052257
0 -0.0376652 -0.0549012 -0.0528606
0 -0.0379899 -0.0555903 -0.0536004
0 -0.0382536 -0.0563708 -0.0544597
0 -0.0384492 -0.0572148 -0.0554168
0 -0.0385788 -0.0580932 -0.0564481
0 -0.0386553 -0.0589807 -0.0575299
0 -0.038701 -0.0598581 -0.0586394
0 -0.0387451 -0.0607146 -0.0597563
0 -0.038821 -0.0615485 -0.0608636
0 -0.038961 -0.0623661 -0.0619485
0 -0.0391888 -0.0631769 -0.0629994
0 -0.0395158 -0.0639873 -0.0640041
0 -0.0399358 -0.0647951 -0.0649458
0 -0.0404285 -0.0655906 -0.0658059
0 -0.040968 -0.0663607 -0.0665711
0 -0.041528 -0.0670923 -0.0672384
0 -0.0420851 -0.0677751 -0.0678149
0 -0.042619 -0.0684013 -0.0683146
0 -0.0431118 -0.0689663 -0.0687554
0 -0.0435502 -0.0694693 -0.0691574
0 -0.0439257 -0.0699132 -0.0695398
0 -0.0442332 -0.070303 -0.0699175
0 -0.0444693 -0.0706444 -0.070299
0 -0.0446333 -0.0709444 -0.0706857
0 -0.0447289 -0.0712108 -0.0710742
0 -0.0447642 -0.071452 -0.0714581
0 -0.044751 -0.0716762 -0.0718292
0 -0.0447031 -0.0718891 -0.0721777
0 -0.0446361 -0.072095 -0.0724945
0 -0.0445679 -0.0722976 -0.0727742
0 -0.0445169 -0.0725001 -0.0730167
0 -0.0445004 -0.0727043 -0.0732268
0 -0.0445311 -0.0729094 -0.0734121
0 -0.0446162 -0.0731133 -0.0735808
0 -0.044757 -0.0733132 -0.0737414
0 -0.0449482 -0.0735066 -0.0739
0 -0.0451788 -0.0736916 -0.0740603
0 -0.0454304 -0.0738648 -0.0742203
0 -0.0456763 -0.0740182 -0.0743699
0 -0.0458849 -0.0741396 -0.0744928
0 -0.0460278 -0.0742175 -0.074573
0 -0.046085 -0.0742429 -0.0745981
0 -0.0460456 -0.0742087 -0.0745601
0 -0.04591 -0.0741108 -0.0744564
0 -0.0456918 -0.0739509 -0.0742918
0 -0.0454146 -0.0737357 -0.074077
0 -0.0451076 -0.0734748 -0.0738246
0 -0.0448003 -0.0731793 -0.0735464
0 -0.0445209 -0.0728626 -0.0732535
0 -0.0442939 -0.0725406 -0.072956
0 -0.044135 -0.0722272 -0.0726598
0 -0.0440466 -0.0719308 -0.0723643
0 -0.044019 -0.0716526 -0.0720629
0 -0.0440344 -0.0713901 -0.0717484
0 -0.0440735 -0.0711405 -0.0714175
0 -0.0441172 -0.0709011 -0.0710718
0 -0.0441477 -0.0706683 -0.0707161
0 -0.044148 -0.070436 -0.0703552
0 -0.0441025 -0.0701954 -0.0699924
0 -0.0439977 -0.0699347 -0.0696283
0 -0.0438236 -0.0696412 -0.069261
0 -0.0435744 -0.0693021 -0.0688853
0 -0.0432482 -0.0689052 -0.0684912
0 -0.0428444 -0.0684378 -0.0680627
0 -0.042365 -0.0678877 -0.0675789
0 -0.0418165 -0.0672457 -0.0670174
0 -0.0412096 -0.0665059 -0.0663574
0 -0.040559 -0.0656666 -0.0655811
0 -0.0398834 -0.0647291 -0.0646755
0 -0.0392031 -0.0636974 -0.0636333
0 -0.0385408 -0.0625792 -0.0624553
0 -0.0379217 -0.0613889 -0.0611529
0 -0.0373692 -0.0601481 -0.0597474
0 -0.0369006 -0.0588818 -0.0582666
0 -0.0365265 -0.0576174 -0.0567452
0 -0.0362515 -0.0563851 -0.0552254
0 -0.0360746 -0.0552165 -0.0537541
0 -0.0359876 -0.0541395 -0.0523775
0 -0.0359759 -0.0531788 -0.0511386
0 -0.0360231 -0.052358 -0.050077
0 -0.0361119 -0.0516975 -0.0492258
0 -0.036224 -0.0512143 -0.0486095
0 -0.0363426 -0.050921 -0.0482434
0 -0.0364552 -0.0508268 -0.0481347
0 -0.0365562 -0.05094 -0.0482856
0 -0.0366497 -0.051267 -0.0486956
0 -0.0367489 -0.0518113 -0.0493616
0 -0.0368737 -0.0525708 -0.050277
0 -0.0370455 -0.0535355 -0.0514292
0 -0.0372836 -0.0546882 -0.0527984
0 -0.0376032 -0.0560056 -0.0543582
0 -0.0380149 -0.0574619 -0.0560777
0 -0.0385238 -0.0590305 -0.0579229
0 -0.0391277 -0.0606843 -0.0598572
0 -0.0398183 -0.0623973 -0.0618441
0 -0.0405832 -0.0641482 -0.0638509
0 -0.0414091 -0.0659206 -0.0658509
0 -0.0422861 -0.0677013 -0.0678245
0 -0.0432045 -0.0694792 -0.0697584
0 -0.044149 -0.0712445 -0.0716447
0 -0.0451045 -0.0729886 -0.0734802
0 -0.0460545 -0.0747028 -0.0752646
0 -0.0469791 -0.0763762 -0.0769979
0 -0.0478589 -0.0779966 -0.0786799
0 -0.0486746 -0.0795508 -0.0803076
0 -0.0494086 -0.0810245 -0.0818743
0 -0.0500466 -0.0824034 -0.0833697
0 -0.0505758 -0.0836731 -0.0847778
0 -0.0509858 -0.084817 -0.0860772
0 -0.0512672 -0.0858169 -0.0872406
0 -0.0514152 -0.0866551 -0.0882397
0 -0.0514316 -0.0873165 -0.0890486
0 -0.0513248 -0.0877885 -0.0896454
0 -0.051108 -0.0880597 -0.0900122
0 -0.0507983 -0.0881196 -0.0901351
0 -0.0504146 -0.0879589 -0.0900046
0 -0.0499756 -0.0875696 -0.0896146
0 -0.0494973 -0.0869455 -0.0889615
0 -0.0489905 -0.0860837 -0.0880435
0 -0.0484587 -0.0849849 -0.0868592
0 -0.0478981 -0.083654 -0.0854083
0 -0.0472992 -0.0821005 -0.083694
0 -0.046651 -0.0803392 -0.0817257
0 -0.0459443 -0.0783909 -0.0795221
0 -0.0451741 -0.0762823 -0.077113
0 -0.0443435 -0.074046 -0.0745396
0 -0.0434631 -0.0717191 -0.0718521
0 -0.0425503 -0.0693414 -0.069103
0 -0.0416255 -0.06695 -0.0663431
0 -0.0406971 -0.0645759 -0.0636192
0 -0.0397694 -0.0622456 -0.0609715
0 -0.0388543 -0.0599824 -0.0584329
0 -0.0379599 -0.0578074 -0.0560301
0 -0.0370954 -0.0557416 -0.0537846
0 -0.0362754 -0.0538063 -0.0517136
0 -0.0355116 -0.0520222 -0.0498285
0 -0.0348165 -0.0504085 -0.0481371
0 -0.0342027 -0.0489828 -0.0466453
0 -0.0336823 -0.0477617 -0.0453601
0 -0.0332682 -0.046761 -0.0442916
0 -0.0329726 -0.0459944 -0.0434518
0 -0.0328025 -0.0454701 -0.0428513
0 -0.0327592 -0.045191 -0.0424983
0 -0.0328402 -0.0451562 -0.0423997
0 -0.0330393 -0.0453637 -0.0425627
0 -0.0333479 -0.0458106 -0.0429929
0 -0.0337559 -0.0464915 -0.0436929
0 -0.0342495 -0.0473964 -0.0446584
0 -0.0348112 -0.0485089 -0.0458767
0 -0.0354225 -0.0498086 -0.0473279
0 -0.0360669 -0.0512731 -0.0489874
0 -0.0367327 -0.0528807 -0.0508286
0 -0.0374142 -0.0546109 -0.0528235
0 -0.0381091 -0.0564425 -0.0549423
0 -0.038815 -0.0583512 -0.0571517
0 -0.0395298 -0.0603101 -0.059416
0 -0.0402531 -0.0622924 -0.0617004
0 -0.0409847 -0.0642741 -0.0639724
0 -0.0417245 -0.0662337 -0.0662026
0 -0.0424736 -0.0681503 -0.068365
0 -0.0432293 -0.0700052 -0.0704382
0 -0.0439919 -0.071789 -0.0724099
0 -0.0447708 -0.0735025 -0.0742785
0 -0.0455762 -0.0751533 -0.0760523
0 -0.0464143 -0.0767505 -0.0777435
0 -0.0472835 -0.0782994 -0.0793625
0 -0.0481726 -0.0798003 -0.0809163
0 -0.0490629 -0.0812485 -0.0824074
0 -0.0499256 -0.0826316 -0.0838309
0 -0.0507241 -0.0839286 -0.0851717
0 -0.0514148 -0.085109 -0.0864042
0 -0.051955 -0.086139 -0.0874969
0 -0.0523116 -0.0869878 -0.0884201
0 -0.052467 -0.0876332 -0.0891503
0 -0.0524207 -0.0880625 -0.0896718
0 -0.0521887 -0.0882717 -0.0899761
0 -0.051801 -0.0882636 -0.0900606
0 -0.0512977 -0.0880463 -0.0899264
0 -0.0507218 -0.0876297 -0.0895767
0 -0.050113 -0.0870222 -0.0890127
0 -0.0495024 -0.0862293 -0.0882331
0 -0.0489101 -0.0852557 -0.0872344
0 -0.0483459 -0.0841079 -0.0860147
0 -0.0478101 -0.0827958 -0.0845762
0 -0.0472951 -0.0813321 -0.0829271
0 -0.0467876 -0.0797318 -0.0810827
0 -0.046271 -0.078012 -0.0790659
0 -0.0457273 -0.0761903 -0.0769068
0 -0.0451405 -0.0742852 -0.0746411
0 -0.0444982 -0.0723153 -0.0723055
0 -0.043792 -0.0702999 -0.0699346
0 -0.0430206 -0.0682559 -0.0675607
0 -0.0421866 -0.0661977 -0.0652141
0 -0.0412875 -0.0641403 -0.0629197
0 -0.0403256 -0.0620978 -0.0606941
0 -0.0393132 -0.0600831 -0.0585462
0 -0.0382648 -0.0581096 -0.0564805
0 -0.0372024 -0.0561921 -0.0544998
0 -0.0361567 -0.0543493 -0.0526084
0 -0.03516 -0.0526029 -0.0508131
0 -0.0342451 -0.0509741 -0.0491233
0 -0.0334413 -0.0494822 -0.0475499
0 -0.0327708 -0.0481425 -0.0461058
0 -0.0322498 -0.0469682 -0.0448059
0 -0.0318879 -0.0459695 -0.0436668
0 -0.0316863 -0.045153 -0.0427041
0 -0.0316366 -0.0445211 -0.041931
0 -0.0317233 -0.0440733 -0.0413574
0 -0.0319248 -0.0438088 -0.0409911
0 -0.0322177 -0.0437282 -0.0408384
0 -0.0325784 -0.0438346 -0.0409049
0 -0.032985 -0.0441326 -0.0411943
0 -0.0334178 -0.0446266 -0.0417087
0 -0.0338602 -0.045318 -0.0424472
0 -0.034301 -0.0462029 -0.0434062
0 -0.0347347 -0.0472701 -0.0445785
0 -0.0351616 -0.0485028 -0.0459526
0 -0.035588 -0.0498801 -0.0475137
0 -0.036025 -0.0513798 -0.049243
0 -0.0364875 -0.0529803 -0.0511179
0 -0.0369913 -0.0546623 -0.0531121
0 -0.037551 -0.0564086 -0.0551958
0 -0.0381776 -0.0582046 -0.0573376
0 -0.0388768 -0.0600373 -0.0595061
0 -0.0396482 -0.0618953 -0.0616719
0 -0.0404862 -0.063768 -0.0638087
0 -0.0413839 -0.0656448 -0.0658953
0 -0.0423346 -0.0675153 -0.0679174
0 -0.0433249 -0.0693692 -0.0698682
0 -0.0443372 -0.0711957 -0.0717477
0 -0.0453532 -0.0729818 -0.0735592
0 -0.0463467 -0.0747097 -0.0753037
0 -0.0472874 -0.0763578 -0.0769779
0 -0.0481463 -0.0779045 -0.0785757
0 -0.0488986 -0.0793314 -0.0800877
0 -0.0495262 -0.080624 -0.0815014
0 -0.0500178 -0.0817731 -0.0828021
0 -0.0503704 -0.0827733 -0.0839732
0 -0.0505864 -0.0836212 -0.0849964
0 -0.0506727 -0.0843135 -0.085853
0 -0.0506417 -0.0848476 -0.0865265
0 -0.0505111 -0.0852215 -0.0870053
0 -0.0503026 -0.0854336 -0.0872832
0 -0.0500405 -0.0854824 -0.0873595
0 -0.0497493 -0.0853673 -0.0872387
0 -0.0494511 -0.0850886 -0.0869283
0 -0.0491618 -0.084647 -0.0864362
0 -0.0488882 -0.0840447 -0.0857688
0 -0.0486292 -0.083288 -0.0849317
0 -0.0483769 -0.0823877 -0.0839314
0 -0.0481181 -0.0813585 -0.0827758
0 -0.0478368 -0.0802174 -0.0814763
0 -0.0475164 -0.0789824 -0.080048
0 -0.0471409 -0.0776697 -0.0785096
0 -0.0466972 -0.0762932 -0.0768837
0 -0.0461781 -0.0748656 -0.0751964
0 -0.0455846 -0.0734004 -0.0734761
0 -0.0449252 -0.0719128 -0.0717511
0 -0.0442133 -0.0704179 -0.0700466
0 -0.0434635 -0.0689276 -0.0683828
0 -0.0426924 -0.0674513 -0.0667746
0 -0.0419164 -0.0659985 -0.0652319
0 -0.0411473 -0.0645806 -0.0637598
0 -0.0403982 -0.063211 -0.0623592
0 -0.039686 -0.0619042 -0.0610295
0 -0.0390253 -0.0606747 -0.0597693
0 -0.0384298 -0.0595346 -0.0585781
0 -0.0379104 -0.0584932 -0.0574575
0 -0.0374748 -0.0575574 -0.0564123
0 -0.0371289 -0.0567324 -0.0554526
0 -0.0368759 -0.0560224 -0.0545926
0 -0.0367145 -0.0554295 -0.0538476
0 -0.0366385 -0.0549534 -0.0532314
0 -0.0366372 -0.0545926 -0.052755
0 -0.036697 -0.0543454 -0.0524254
0 -0.0368018 -0.0542101 -0.0522449
0 -0.0369345 -0.0541844 -0.0522104
0 -0.0370779 -0.0542658 -0.0523145
0 -0.0372171 -0.0544502 -0.0525459
0 -0.0373406 -0.0547318 -0.0528913
0 -0.0374414 -0.0551009 -0.0533357
0 -0.0375185 -0.0555456 -0.0538642
0 -0.0375781 -0.0560532 -0.0544644
0 -0.0376339 -0.0566133 -0.0551277
0 -0.037705 -0.057218 -0.0558481
0 -0.0378122 -0.0578617 -0.0566206
0 -0.037976 -0.0585422 -0.0574413
0 -0.0382132 -0.0592602 -0.058306
0 -0.038534 -0.0600172 -0.0592091
0 -0.0389395 -0.0608139 -0.0601419
0 -0.0394199 -0.0616477 -0.0610922
0 -0.0399554 -0.0625106 -0.0620449
0 -0.0405188 -0.0633892 -0.0629827
0 -0.0410807 -0.0642672 -0.0638905
0 -0.0416163 -0.0651293 -0.0647585
0 -0.0421084 -0.0659638 -0.0655849
0 -0.0425492 -0.0667641 -0.0663752
0 -0.042939 -0.0675292 -0.0671409
0 -0.0432843 -0.0682622 -0.0678966
0 -0.0435956 -0.0689679 -0.0686549
0 -0.0438827 -0.0696504 -0.0694236
0 -0.0441517 -0.070311 -0.0702019
0 -0.0444037 -0.070947 -0.0709807
0 -0.0446361 -0.0715533 -0.0717437
0 -0.044845 -0.0721246 -0.0724713
0 -0.0450269 -0.0726558 -0.0731432
0 -0.0451793 -0.0731417 -0.0737403
0 -0.0453006 -0.0735758 -0.0742477
0 -0.0453913 -0.0739506 -0.0746559
0 -0.0454521 -0.0742565 -0.0749605
0 -0.0454854 -0.0744842 -0.0751621
0 -0.0454963 -0.0746274 -0.0752671
0 -0.0454903 -0.0746823 -0.0752841
0 -0.0454704 -0.0746467 -0.0752199
0 -0.0454359 -0.0745197 -0.0750776
0 -0.0453833 -0.0743031 -0.0748572
0 -0.0453065 -0.0740007 -0.074556
0 -0.0451974 -0.0736173 -0.0741688
0 -0.0450477 -0.0731583 -0.073691
0 -0.044852 -0.0726302 -0.0731212
0 -0.0446093 -0.0720412 -0.0724638
0 -0.0443224 -0.0713998 -0.0717283
0 -0.0439969 -0.0707135 -0.0709276
0 -0.0436396 -0.0699889 -0.0700761
0 -0.0432573 -0.0692307 -0.0691873
0 -0.0428551 -0.0684419 -0.0682725
0 -0.0424376 -0.0676249 -0.0673409
0 -0.0420102 -0.0667827 -0.0664003
0 -0.0415793 -0.0659207 -0.0654583
0 -0.0411514 -0.0650466 -0.0645214
0 -0.0407329 -0.0641698 -0.0635949
0 -0.040332 -0.0633032 -0.0626846
0 -0.0399573 -0.062461 -0.0617964
0 -0.039615 -0.0616573 -0.0609359
0 -0.0393092 -0.0609043 -0.0601087
0 -0.0390421 -0.0602129 -0.0593226
0 -0.0388173 -0.0595933 -0.05859
0 -0.0386395 -0.0590562 -0.0579275
0 -0.0385129 -0.0586106 -0.0573541
0 -0.0384384 -0.0582628 -0.0568871
0 -0.0384137 -0.058015 -0.0565405
0 -0.0384318 -0.057866 -0.0563223
0 -0.0384808 -0.0578104 -0.0562324
0 -0.0385474 -0.0578408 -0.0562649
0 -0.0386204 -0.0579511 -0.0564104
0 -0.0386915 -0.0581357 -0.0566575
0 -0.0387572 -0.0583893 -0.0569932
0 -0.0388192 -0.0587081 -0.0574062
0 -0.0388844 -0.0590892 -0.0578868
0 -0.0389633 -0.0595296 -0.0584272
0 -0.0390681 -0.0600258 -0.0590214
0 -0.0392101 -0.0605734 -0.0596641
0 -0.0394001 -0.0611687 -0.0603513
0 -0.039647 -0.0618095 -0.0610811
0 -0.0399556 -0.062494 -0.061851
0 -0.0403253 -0.0632199 -0.0626576
0 -0.0407497 -0.0639838 -0.063496
0 -0.0412177 -0.0647804 -0.0643592
0 -0.041715 -0.0656023 -0.0652391
0 -0.0422244 -0.0664402 -0.0661268
0 -0.0427281 -0.0672827 -0.0670129
0 -0.0432087 -0.0681181 -0.0678894
0 -0.0436511 -0.068936 -0.0687503
0 -0.0440468 -0.0697281 -0.0695929
0 -0.0443933 -0.0704887 -0.0704163
0 -0.0446902 -0.0712121 -0.071219
0 -0.044938 -0.071891 -0.0719952
0 -0.0451369 -0.0725163 -0.0727341
0 -0.0452864 -0.0730779 -0.0734208
0 -0.0453868 -0.0735665 -0.0740376
0 -0.0454405 -0.073974 -0.0745663
0 -0.045452 -0.0742944 -0.0749909
0 -0.0454266 -0.0745221 -0.0752975
0 -0.0453712 -0.074653 -0.0754769
0 -0.0452948 -0.0746855 -0.0755264
0 -0.0452076 -0.0746218 -0.0754499
0 -0.0451194 -0.0744659 -0.0752557
0 -0.0450364 -0.0742233 -0.0749547
0 -0.0449602 -0.0739003 -0.0745583
0 -0.0448883 -0.073504 -0.0740781
0 -0.0448144 -0.0730425 -0.0735254
0 -0.0447303 -0.0725253 -0.0729115
0 -0.0446292 -0.0719647 -0.0722498
0 -0.0445054 -0.0713743 -0.0715547
0 -0.0443541 -0.0707673 -0.07084
0 -0.0441719 -0.0701554 -0.0701183
0 -0.0439565 -0.0695476 -0.0694011
0 -0.0437078 -0.0689503 -0.0686985
0 -0.0434266 -0.0683661 -0.0680182
0 -0.0431161 -0.0677957 -0.0673667
0 -0.0427819 -0.0672392 -0.066749
0 -0.0424314 -0.066696 -0.0661677
0 -0.0420721 -0.0661654 -0.0656224
0 -0.0417108 -0.0656464 -0.065109
0 -0.0413532 -0.0651371 -0.0646197
0 -0.0410034 -0.0646351 -0.064144
0 -0.0406659 -0.0641386 -0.0636709
0 -0.0403453 -0.0636466 -0.063191
0 -0.0400473 -0.06316 -0.0626987
0 -0.0397793 -0.062682 -0.0621926
0 -0.0395484 -0.0622173 -0.061676
0 -0.0393598 -0.0617707 -0.0611554
0 -0.0392169 -0.0613479 -0.0606403
0 -0.0391201 -0.0609546 -0.0601429
0 -0.0390661 -0.0605956 -0.0596751
0 -0.0390475 -0.060274 -0.0592477
0 -0.0390536 -0.0599916 -0.058869
0 -0.0390719 -0.0597484 -0.0585448
0 -0.0390892 -0.0595436 -0.0582782
0 -0.039093 -0.0593753 -0.058069
0 -0.0390731 -0.0592407 -0.057915
0 -0.0390233 -0.0591372 -0.0578122
0 -0.0389427 -0.0590631 -0.0577564
0 -0.0388357 -0.0590176 -0.0577437
0 -0.0387109 -0.0589995 -0.0577699
0 -0.0385805 -0.0590081 -0.0578309
0 -0.0384603 -0.0590446 -0.0579248
0 -0.0383676 -0.0591119 -0.0580512
0 -0.0383186 -0.0592135 -0.0582104
0 -0.0383271 -0.0593542 -0.0584032
0 -0.0384033 -0.0595398 -0.058632
0 -0.038553 -0.0597768 -0.0589001
0 -0.0387772 -0.060072 -0.0592122
0 -0.0390707 -0.0604301 -0.0595727
0 -0.0394219 -0.0608526 -0.0599847
0 -0.0398137 -0.0613366 -0.0604495
0 -0.0402257 -0.0618749 -0.0609663
0 -0.0406379 -0.0624583 -0.0615341
0 -0.0410351 -0.0630788 -0.0621534
0 -0.041409 -0.0637306 -0.0628267
0 -0.0417564 -0.0644102 -0.063556
0 -0.042077 -0.0651137 -0.0643399
0 -0.0423709 -0.0658364 -0.0651721
0 -0.0426392 -0.0665728 -0.0660414
0 -0.0428828 -0.067316 -0.0669329
0 -0.0431024 -0.0680573 -0.0678293
0 -0.0433007 -0.0687867 -0.068713
0 -0.0434812 -0.0694931 -0.0695671
0 -0.043649 -0.0701658 -0.0703756
0 -0.0438094 -0.0707945 -0.071124
0 -0.0439666 -0.0713703 -0.0717995
0 -0.044124 -0.071885 -0.0723911
0 -0.044282 -0.0723305 -0.0728896
0 -0.0444382 -0.0726992 -0.073288
0 -0.0445885 -0.0729843 -0.073582
0 -0.044727 -0.0731812 -0.0737704
0 -0.044848 -0.0732883 -0.0738553
0 -0.0449453 -0.0733062 -0.0738407
0 -0.0450127 -0.0732382 -0.0737327
0 -0.0450446 -0.0730897 -0.0735386
0 -0.0450369 -0.0728677 -0.0732668
0 -0.0449867 -0.0725807 -0.0729266
0 -0.0448933 -0.0722378 -0.0725278
0 -0.0447578 -0.0718483 -0.0720802
0 -0.0445835 -0.0714214 -0.0715941
0 -0.0443756 -0.070966 -0.0710792
0 -0.0441398 -0.0704897 -0.0705441
0 -0.0438831 -0.0699993 -0.0699966
0 -0.043614 -0.0695018 -0.0694451
0 -0.0433421 -0.0690051 -0.068898
0 -0.0430764 -0.0685163 -0.0683627
0 -0.0428239 -0.0680412 -0.067845
0 -0.0425898 -0.0675843 -0.0673488
0 -0.0423775 -0.0671495 -0.0668766
0 -0.0421887 -0.0667405 -0.0664306
0 -0.0420246 -0.0663606 -0.066013
0 -0.0418854 -0.0660129 -0.0656263
0 -0.0417693 -0.0656992 -0.065272
0 -0.0416721 -0.065419 -0.0649502
0 -0.0415881 -0.06517 -0.0646595
0 -0.0415108 -0.0649483 -0.0643978
0 -0.0414333 -0.064749 -0.0641622
0 -0.0413499 -0.0645672 -0.0639497
0 -0.0412566 -0.0643981 -0.0637578
0 -0.0411523 -0.0642388 -0.0635847
0 -0.0410394 -0.0640886 -0.0634302
0 -0.0409229 -0.0639489 -0.0632952
0 -0.040809 -0.0638215 -0.0631799
0 -0.0407034 -0.0637081 -0.0630837
0 -0.0406118 -0.0636107 -0.0630053
0 -0.0405392 -0.0635315 -0.0629435
0 -0.0404894 -0.063472 -0.0628971
0 -0.040465 -0.0634343 -0.0628656
0 -0.0404682 -0.0634206 -0.0628501
0 -0.0404988 -0.0634322 -0.0628518
0 -0.0405535 -0.0634681 -0.0628708
0 -0.0406263 -0.0635253 -0.0629065
0 -0.0407086 -0.0635985 -0.0629565
0 -0.0407905 -0.0636809 -0.0630178
0 -0.0408635 -0.0637664 -0.0630875
0 -0.0409222 -0.0638513 -0.0631648
0 -0.040965 -0.0639342 -0.0632504
0 -0.0409932 -0.0640158 -0.0633455
0 -0.0410095 -0.0640975 -0.0634508
0 -0.0410181 -0.0641814 -0.0635663
0 -0.0410241 -0.0642704 -0.063692
0 -0.041033 -0.0643675 -0.0638274
0 -0.0410493 -0.0644746 -0.063971
0 -0.0410761 -0.0645923 -0.0641204
0 -0.0411145 -0.0647195 -0.0642728
0 -0.0411639 -0.0648537 -0.0644244
0 -0.0412228 -0.0649917 -0.0645725
0 -0.0412897 -0.0651309 -0.0647155
0 -0.0413636 -0.0652692 -0.0648533
0 -0.0414429 -0.065405 -0.0649865
0 -0.0415265 -0.0655376 -0.0651166
0 -0.0416139 -0.0656674 -0.065246
0 -0.0417048 -0.0657962 -0.0653775
0 -0.0417994 -0.0659263 -0.0655141
0 -0.0418963 -0.0660597 -0.0656572
0 -0.0419929 -0.0661965 -0.0658064
0 -0.0420864 -0.0663368 -0.0659605
0 -0.0421735 -0.0664795 -0.0661178
0 -0.0422508 -0.0666228 -0.0662755
0 -0.0423164 -0.0667648 -0.0664315
0 -0.0423708 -0.0669052 -0.0665858
0 -0.0424174 -0.0670455 -0.0667405
0 -0.0424613 -0.0671878 -0.0668986
0 -0.0425076 -0.0673342 -0.0670629
0 -0.04256 -0.0674856 -0.067235
0 -0.042619 -0.0676401 -0.0674131
0 -0.0426821 -0.0677932 -0.067592
0 -0.042745 -0.0679396 -0.0677655
0 -0.0428031 -0.0680742 -0.0679268
0 -0.0428529 -0.068193 -0.0680706
0 -0.0428935 -0.0682949 -0.0681939
0 -0.0429249 -0.068379 -0.0682948
0 -0.0429468 -0.0684443 -0.0683716
0 -0.0429575 -0.0684882 -0.0684216
0 -0.0429549 -0.0685074 -0.0684417
0 -0.0429377 -0.0684991 -0.0684301
0 -0.0429054 -0.0684615 -0.0683859
0 -0.0428582 -0.0683933 -0.0683087
0 -0.0427962 -0.0682934 -0.0681985
0 -0.0427204 -0.068162 -0.0680556
0 -0.0426332 -0.068001 -0.0678818
0 -0.0425381 -0.067814 -0.0676804
0 -0.0424388 -0.0676055 -0.0674549
0 -0.0423379 -0.0673795 -0.0672083
0 -0.0422363 -0.0671397 -0.0669433
0 -0.0421364 -0.0668908 -0.066664
0 -0.0420414 -0.0666391 -0.0663765
0 -0.041954 -0.0663906 -0.0660874
0 -0.0418763 -0.0661506 -0.0658032
0 -0.0418093 -0.0659237 -0.0655302
0 -0.0417528 -0.0657135 -0.0652746
0 -0.0417055 -0.0655223 -0.065041
0 -0.0416644 -0.0653507 -0.0648322
0 -0.0416254 -0.0651979 -0.0646492
0 -0.0415839 -0.0650622 -0.0644912
0 -0.0415355 -0.064941 -0.0643561
0 -0.0414769 -0.0648317 -0.064241
0 -0.0414068 -0.0647325 -0.0641432
0 -0.0413262 -0.0646423 -0.0640603
0 -0.041238 -0.0645608 -0.0639906
0 -0.0411457 -0.0644874 -0.0639318
0 -0.0410523 -0.0644199 -0.06388
0 -0.0409597 -0.0643551 -0.0638307
0 -0.0408705 -0.06429 -0.0637796
0 -0.0407878 -0.0642227 -0.0637235
0 -0.0407153 -0.0641527 -0.0636611
0 -0.0406564 -0.0640805 -0.0635918
0 -0.0406134 -0.0640067 -0.0635155
0 -0.0405872 -0.0639322 -0.0634326
0 -0.040577 -0.0638577 -0.0633438
0 -0.040581 -0.0637844 -0.0632505
0 -0.0405963 -0.0637133 -0.0631544
0 -0.0406192 -0.0636459 -0.063058
0 -0.0406472 -0.0635844 -0.0629654
0 -0.0406787 -0.0635325 -0.0628822
0 -0.0407128 -0.0634946 -0.062815
0 -0.0407494 -0.0634749 -0.0627698
0 -0.0407884 -0.0634772 -0.0627527
0 -0.0408313 -0.0635056 -0.0627696
0 -0.04088 -0.0635644 -0.0628258
0 -0.0409359 -0.0636561 -0.0629244
0 -0.0409992 -0.0637813 -0.0630658
0 -0.0410699 -0.0639399 -0.0632488
0 -0.0411484 -0.064131 -0.0634716
0 -0.041236 -0.0643541 -0.0637321
0 -0.0413352 -0.0646094 -0.0640285
0 -0.0414493 -0.0648976 -0.06436
0 -0.0415807 -0.0652185 -0.064725
0 -0.041731 -0.0655708 -0.0651212
0 -0.0418998 -0.0659519 -0.0655452
0 -0.0420856 -0.0663576 -0.0659929
0 -0.0422851 -0.0667825 -0.0664588
0 -0.0424935 -0.06722 -0.0669372
0 -0.0427049 -0.0676627 -0.0674213
0 -0.0429136 -0.0681025 -0.0679044
0 -0.0431148 -0.0685325 -0.0683804
0 -0.0433039 -0.0689466 -0.0688436
0 -0.043477 -0.0693382 -0.0692873
0 -0.0436295 -0.0697001 -0.0697033
0 -0.0437554 -0.0700236 -0.0700818
0 -0.0438479 -0.0702986 -0.0704106
0 -0.0439016 -0.0705155 -0.070678
0 -0.0439146 -0.0706676 -0.0708749
0 -0.043889 -0.0707516 -0.0709958
0 -0.0438302 -0.0707672 -0.0710381
0 -0.0437453 -0.0707158 -0.0710019
0 -0.0436402 -0.0705987 -0.0708873
0 -0.0435201 -0.0704176 -0.0706956
0 -0.04339 -0.070176 -0.0704306
0 -0.0432537 -0.0698782 -0.0700968
0 -0.0431128 -0.0695284 -0.0696993
0 -0.0429682 -0.0691327 -0.0692446
0 -0.0428189 -0.0686972 -0.0687398
0 -0.0426638 -0.0682285 -0.0681923
0 -0.0425017 -0.0677341 -0.0676114
0 -0.0423331 -0.067223 -0.0670082
0 -0.0421592 -0.0667042 -0.0663946
0 -0.0419798 -0.0661847 -0.0657812
0 -0.0417926 -0.0656682 -0.065176
0 -0.0415949 -0.0651573 -0.0645856
0 -0.0413857 -0.064655 -0.0640158
0 -0.0411655 -0.0641648 -0.0634714
0 -0.0409359 -0.0636906 -0.0629561
0 -0.0407005 -0.0632371 -0.0624727
0 -0.0404646 -0.0628097 -0.0620242
0 -0.0402359 -0.0624149 -0.0616135
0 -0.0400231 -0.0620592 -0.061244
0 -0.0398354 -0.0617492 -0.0609197
0 -0.0396827 -0.061492 -0.0606459
0 -0.0395732 -0.0612936 -0.0604279
0 -0.0395127 -0.0611586 -0.060271
0 -0.0395046 -0.0610908 -0.0601799
0 -0.0395489 -0.0610923 -0.0601588
0 -0.0396426 -0.0611645 -0.0602111
0 -0.0397812 -0.061308 -0.0603398
0 -0.0399587 -0.0615231 -0.0605475
0 -0.0401692 -0.0618101 -0.0608367
0 -0.0404066 -0.0621682 -0.0612087
0 -0.0406641 -0.0625947 -0.0616624
0 -0.040934 -0.0630842 -0.0621937
0 -0.0412092 -0.0636294 -0.0627959
0 -0.0414837 -0.0642218 -0.0634601
0 -0.0417516 -0.0648515 -0.0641754
0 -0.0420079 -0.0655071 -0.0649281
0 -0.0422494 -0.0661785 -0.0657047
0 -0.042476 -0.0668565 -0.0664926
0 -0.0426891 -0.0675321 -0.0672793
0 -0.0428909 -0.0681959 -0.068053
0 -0.0430846 -0.0688386 -0.0688032
0 -0.0432732 -0.0694508 -0.0695193
0 -0.0434587 -0.0700229 -0.07019
0 -0.0436405 -0.0705449 -0.070803
0 -0.0438153 -0.0710076 -0.0713456
0 -0.0439792 -0.0714029 -0.0718056
0 -0.0441264 -0.0717238 -0.0721727
0 -0.0442516 -0.071965 -0.0724394
0 -0.0443492 -0.0721224 -0.0726014
0 -0.044414 -0.0721929 -0.0726572
0 -0.0444411 -0.0721743 -0.072608
0 -0.0444268 -0.0720658 -0.0724572
0 -0.0443678 -0.0718675 -0.0722094
0 -0.0442624 -0.0715813 -0.0718703
0 -0.0441112 -0.0712116 -0.0714471
0 -0.0439177 -0.0707659 -0.0709484
0 -0.0436871 -0.0702536 -0.0703835
0 -0.0434255 -0.0696853 -0.0697611
0 -0.0431396 -0.0690723 -0.0690904
0 -0.0428363 -0.0684257 -0.0683803
0 -0.0425214 -0.0677552 -0.0676389
0 -0.0422004 -0.0670693 -0.0668743
0 -0.041878 -0.0663756 -0.0660945
0 -0.0415588 -0.0656807 -0.065308
0 -0.0412463 -0.06499 -0.0645235
0 -0.0409436 -0.0643091 -0.0637499
0 -0.040655 -0.0636444 -0.0629968
0 -0.0403838 -0.0630027 -0.0622734
0 -0.0401322 -0.0623907 -0.061587
0 -0.0399006 -0.0618145 -0.0609434
0 -0.0396881 -0.0612796 -0.0603466
0 -0.0394941 -0.0607911 -0.0598006
0 -0.0393188 -0.0603545 -0.0593096
0 -0.0391627 -0.0599741 -0.0588779
0 -0.0390265 -0.0596529 -0.0585092
0 -0.0389104 -0.0593921 -0.0582064
0 -0.0388149 -0.0591921 -0.0579719
0 -0.0387415 -0.059053 -0.0578084
0 -0.0386923 -0.0589749 -0.0577177
0 -0.0386696 -0.058958 -0.0577011
0 -0.0386765 -0.0590035 -0.0577597
0 -0.0387166 -0.059113 -0.0578941
0 -0.0387927 -0.0592882 -0.058104
0 -0.038907 -0.0595307 -0.0583885
0 -0.0390604 -0.0598413 -0.0587458
0 -0.0392517 -0.0602194 -0.0591731
0 -0.0394784 -0.0606626 -0.0596665
0 -0.0397372 -0.0611683 -0.0602231
0 -0.0400256 -0.0617335 -0.0608405
0 -0.0403403 -0.0623538 -0.061516
0 -0.0406763 -0.0630226 -0.0622448
0 -0.0410278 -0.0637322 -0.0630212
0 -0.0413901 -0.0644754 -0.0638389
0 -0.0417587 -0.0652454 -0.0646911
0 -0.042129 -0.0660355 -0.0655702
0 -0.0424978 -0.0668391 -0.0664681
0 -0.042861 -0.0676488 -0.0673752
0 -0.043214 -0.0684563 -0.0682822
0 -0.0435544 -0.0692541 -0.0691805
0 -0.043882 -0.0700354 -0.0700632
0 -0.0441977 -0.0707943 -0.0709241
0 -0.0445018 -0.0715249 -0.0717557
0 -0.0447921 -0.0722199 -0.0725484
0 -0.0450648 -0.072871 -0.0732907
0 -0.0453151 -0.0734699 -0.0739707
0 -0.0455383 -0.0740087 -0.0745777
0 -0.0457296 -0.0744794 -0.0751021
0 -0.0458858 -0.0748746 -0.0755366
0 -0.0460049 -0.0751888 -0.075877
0 -0.0460858 -0.0754168 -0.0761203
0 -0.0461276 -0.0755542 -0.0762647
0 -0.0461305 -0.0755987 -0.0763099
0 -0.0460955 -0.0755496 -0.0762568
0 -0.0460242 -0.0754082 -0.0761067
0 -0.0459176 -0.0751769 -0.075861
0 -0.0457758 -0.0748586 -0.0755205
0 -0.0455985 -0.0744567 -0.0750861
0 -0.0453854 -0.0739756 -0.07456
0 -0.0451373 -0.0734202 -0.0739459
0 -0.0448546 -0.0727953 -0.0732485
0 -0.044538 -0.0721051 -0.0724734
0 -0.0441887 -0.0713539 -0.0716274
0 -0.0438082 -0.0705462 -0.0707176
0 -0.0433978 -0.0696861 -0.0697506
0 -0.0429596 -0.0687788 -0.0687334
0 -0.0424982 -0.0678313 -0.0676746
0 -0.0420213 -0.0668528 -0.0665847
0 -0.041538 -0.0658531 -0.0654751
0 -0.0410564 -0.0648424 -0.0643575
0 -0.040585 -0.0638318 -0.0632439
0 -0.0401329 -0.0628337 -0.0621462
0 -0.0397072 -0.0618604 -0.061075
0 -0.0393143 -0.0609246 -0.0600406
0 -0.0389592 -0.0600399 -0.059054
0 -0.0386463 -0.05922 -0.0581274
0 -0.038379 -0.0584772 -0.0572736
0 -0.0381584 -0.0578213 -0.0565053
0 -0.0379834 -0.0572588 -0.0558338
0 -0.0378508 -0.0567936 -0.0552691
0 -0.0377557 -0.0564271 -0.0548186
0 -0.0376927 -0.0561591 -0.0544877
0 -0.0376577 -0.0559894 -0.0542798
0 -0.0376487 -0.0559189 -0.0541976
0 -0.0376657 -0.0559492 -0.0542417
0 -0.0377105 -0.0560815 -0.054411
0 -0.0377862 -0.056317 -0.0547028
0 -0.0378978 -0.0566562 -0.0551134
0 -0.0380498 -0.0570976 -0.0556371
0 -0.0382453 -0.0576372 -0.0562665
0 -0.0384861 -0.0582685 -0.0569925
0 -0.0387713 -0.0589827 -0.0578046
0 -0.0390974 -0.0597678 -0.0586904
0 -0.0394583 -0.0606099 -0.0596364
0 -0.039847 -0.0614945 -0.0606286
0 -0.0402563 -0.062408 -0.0616533
0 -0.0406784 -0.0633374 -0.0626968
0 -0.0411048 -0.0642706 -0.0637448
0 -0.0415281 -0.0651971 -0.0647843
0 -0.0419427 -0.0661081 -0.0658035
0 -0.0423447 -0.0669962 -0.0667933
0 -0.042732 -0.067855 -0.0677469
0 -0.0431031 -0.0686793 -0.0686597
0 -0.0434575 -0.0694641 -0.0695275
0 -0.0437942 -0.0702034 -0.0703458
0 -0.0441094 -0.07089 -0.071108
0 -0.0443979 -0.0715165 -0.0718063
0 -0.0446546 -0.0720761 -0.0724326
0 -0.0448745 -0.0725628 -0.0729791
0 -0.0450528 -0.0729711 -0.0734382
0 -0.0451863 -0.0732963 -0.0738038
0 -0.0452731 -0.0735348 -0.0740713
0 -0.0453139 -0.0736845 -0.0742388
0 -0.045312 -0.073746 -0.0743074
0 -0.0452729 -0.0737217 -0.0742808
0 -0.0452018 -0.0736144 -0.074163
0 -0.0451036 -0.073428 -0.0739585
0 -0.0449826 -0.0731669 -0.0736722
0 -0.0448412 -0.0728362 -0.0733086
0 -0.044681 -0.0724414 -0.0728723
0 -0.0445036 -0.0719896 -0.0723694
0 -0.0443102 -0.0714885 -0.0718071
0 -0.044102 -0.0709465 -0.0711937
0 -0.0438813 -0.0703732 -0.0705394
0 -0.0436492 -0.0697773 -0.0698541
0 -0.0434058 -0.0691659 -0.0691466
0 -0.0431505 -0.0685446 -0.068425
0 -0.0428832 -0.067918 -0.0676977
0 -0.0426054 -0.0672911 -0.0669733
0 -0.0423197 -0.0666679 -0.0662601
0 -0.0420291 -0.0660527 -0.0655662
0 -0.0417381 -0.0654503 -0.064899
0 -0.0414516 -0.0648665 -0.0642651
0 -0.041175 -0.0643078 -0.0636696
0 -0.0409139 -0.063781 -0.0631158
0 -0.0406726 -0.0632923 -0.0626055
0 -0.0404547 -0.0628476 -0.0621395
0 -0.0402636 -0.0624522 -0.0617191
0 -0.0401023 -0.0621106 -0.0613461
0 -0.0399726 -0.0618261 -0.0610227
0 -0.0398755 -0.0616001 -0.0607522
0 -0.0398113 -0.0614331 -0.0605383
0 -0.0397787 -0.061324 -0.0603846
0 -0.0397745 -0.0612694 -0.0602929
0 -0.0397938 -0.0612648 -0.0602629
0 -0.0398303 -0.0613046 -0.0602922
0 -0.0398781 -0.0613833 -0.060377
0 -0.0399316 -0.0614957 -0.0605116
0 -0.0399869 -0.0616376 -0.0606896
0 -0.0400423 -0.0618059 -0.0609047
0 -0.0400983 -0.0619986 -0.061151
0 -0.040156 -0.0622134 -0.061422
0 -0.040218 -0.062448 -0.061712
0 -0.0402872 -0.0627004 -0.062016
0 -0.0403667 -0.0629679 -0.0623297
0 -0.0404591 -0.0632476 -0.0626497
0 -0.0405667 -0.0635371 -0.0629738
0 -0.0406913 -0.063835 -0.0633011
0 -0.0408346 -0.0641408 -0.0636323
0 -0.0409977 -0.0644546 -0.0639688
0 -0.0411796 -0.0647761 -0.0643113
0 -0.0413771 -0.0651044 -0.0646596
0 -0.0415854 -0.0654377 -0.0650126
0 -0.0417984 -0.0657737 -0.0653686
0 -0.0420093 -0.0661095 -0.0657247
0 -0.0422116 -0.066442 -0.0660785
0 -0.0424008 -0.0667699 -0.0664286
0 -0.0425746 -0.0670926 -0.0667752
0 -0.0427318 -0.0674092 -0.0671181
0 -0.0428717 -0.0677181 -0.0674567
0 -0.0429954 -0.0680177 -0.0677904
0 -0.043104 -0.0683062 -0.0681178
0 -0.0431992 -0.0685814 -0.0684366
0 -0.0432828 -0.0688404 -0.0687431
0 -0.0433548 -0.0690791 -0.0690319
0 -0.0434144 -0.0692929 -0.0692959
0 -0.0434609 -0.069477 -0.0695279
0 -0.0434934 -0.069627 -0.0697208
0 -0.0435109 -0.069739 -0.0698679
0 -0.0435136 -0.0698103 -0.0699646
0 -0.0435031 -0.0698401 -0.0700086
0 -0.0434807 -0.0698281 -0.0699989
0 -0.043447 -0.0697734 -0.0699351
0 -0.0434009 -0.0696749 -0.0698171
0 -0.0433415 -0.0695321 -0.069646
0 -0.0432688 -0.0693462 -0.0694248
0 -0.0431832 -0.0691202 -0.0691582
0 -0.043086 -0.0688585 -0.0688522
0 -0.0429789 -0.0685665 -0.0685132
0 -0.0428629 -0.0682497 -0.0681478
0 -0.0427385 -0.0679137 -0.067762
0 -0.0426061 -0.0675635 -0.0673613
0 -0.0424658 -0.0672034 -0.0669505
0 -0.042317 -0.0668371 -0.0665337
0 -0.0421597 -0.0664681 -0.0661151
0 -0.0419949 -0.0660991 -0.0656987
0 -0.0418232 -0.0657319 -0.0652876
0 -0.0416441 -0.0653671 -0.0648834
0 -0.0414572 -0.0650039 -0.064486
0 -0.0412627 -0.0646419 -0.0640948
0 -0.0410619 -0.0642811 -0.0637094
0 -0.0408575 -0.0639225 -0.0633297
0 -0.0406545 -0.0635687 -0.0629568
0 -0.0404598 -0.0632249 -0.0625944
0 -0.0402822 -0.0628981 -0.0622474
0 -0.0401286 -0.0625945 -0.0619207
0 -0.0400036 -0.0623193 -0.061618
0 -0.0399095 -0.0620767 -0.061343
0 -0.0398464 -0.0618696 -0.0610988
0 -0.0398121 -0.0617001 -0.0608886
0 -0.0398041 -0.0615702 -0.0607163
0 -0.039819 -0.0614817 -0.0605866
0 -0.0398528 -0.0614356 -0.0605034
0 -0.0399011 -0.0614319 -0.06047
0 -0.0399595 -0.0614701 -0.0604887
0 -0.0400244 -0.0615492 -0.0605608
0 -0.040093 -0.0616678 -0.0606862
0 -0.0401638 -0.0618242 -0.0608637
0 -0.0402364 -0.0620166 -0.0610907
0 -0.0403124 -0.0622435 -0.0613641
0 -0.0403954 -0.0625044 -0.0616809
0 -0.0404905 -0.0627998 -0.0620387
0 -0.0406034 -0.0631303 -0.0624347
0 -0.0407384 -0.0634956 -0.0628656
0 -0.0408976 -0.0638941 -0.0633265
0 -0.0410807 -0.0643222 -0.063812
0 -0.0412854 -0.0647747 -0.0643158
0 -0.0415077 -0.0652458 -0.0648316
0 -0.0417426 -0.0657286 -0.0653536
0 -0.0419849 -0.0662166 -0.0658769
0 -0.0422291 -0.0667028 -0.0663965
0 -0.0424698 -0.0671811 -0.0669086
0 -0.0427036 -0.0676468 -0.067411
0 -0.042928 -0.0680965 -0.0679017
0 -0.0431406 -0.0685267 -0.0683784
0 -0.0433385 -0.0689343 -0.0688375
0 -0.0435199 -0.0693165 -0.0692749
0 -0.0436825 -0.0696705 -0.0696859
0 -0.0438244 -0.0699935 -0.0700649
0 -0.0439436 -0.0702823 -0.070406
0 -0.0440388 -0.0705335 -0.0707035
0 -0.0441089 -0.0707437 -0.0709518
0 -0.0441533 -0.0709091 -0.071146
0 -0.0441725 -0.0710267 -0.0712826
0 -0.0441676 -0.0710936 -0.0713593
0 -0.0441399 -0.0711069 -0.0713746
0 -0.0440904 -0.0710644 -0.0713274
0 -0.0440201 -0.0709642 -0.0712173
0 -0.0439298 -0.0708056 -0.0710443
0 -0.0438208 -0.0705897 -0.0708097
0 -0.0436946 -0.0703192 -0.0705154
0 -0.0435521 -0.0699977 -0.0701641
0 -0.0433941 -0.0696296 -0.0697585
0 -0.0432209 -0.0692196 -0.0693022
0 -0.0430339 -0.0687738 -0.0688005
0 -0.0428344 -0.0682987 -0.0682598
0 -0.0426239 -0.0678002 -0.0676872
0 -0.0424044 -0.0672839 -0.0670904
0 -0.0421777 -0.0667554 -0.0664777
0 -0.0419453 -0.0662188 -0.0658569
0 -0.0417086 -0.0656779 -0.0652353
0 -0.0414699 -0.0651368 -0.0646207
0 -0.0412322 -0.0646009 -0.064021
0 -0.0409993 -0.0640768 -0.0634433
0 -0.0407759 -0.0635722 -0.0628944
0 -0.040567 -0.0630958 -0.0623806
0 -0.0403776 -0.0626568 -0.0619081
0 -0.0402122 -0.062264 -0.0614822
0 -0.0400741 -0.0619251 -0.061108
0 -0.039965 -0.0616455 -0.0607896
0 -0.0398844 -0.0614276 -0.0605301
0 -0.0398302 -0.061271 -0.0603314
0 -0.0398 -0.061174 -0.0601955
0 -0.0397925 -0.061135 -0.0601252
0 -0.0398071 -0.0611526 -0.0601233
0 -0.0398444 -0.0612261 -0.0601925
0 -0.0399049 -0.0613548 -0.0603337
0 -0.0399879 -0.0615369 -0.0605452
0 -0.0400923 -0.0617702 -0.0608231
0 -0.040217 -0.0620526 -0.0611621
0 -0.0403612 -0.0623822 -0.061556
0 -0.0405241 -0.0627565 -0.0619983
0 -0.0407047 -0.0631727 -0.062482
0 -0.0409017 -0.0636268 -0.0630004
0 -0.0411131 -0.0641139 -0.063547
0 -0.0413368 -0.0646276 -0.0641152
0 -0.0415704 -0.0651617 -0.0646995
0 -0.0418112 -0.0657096 -0.0652951
0 -0.0420561 -0.0662634 -0.0658963
0 -0.0423013 -0.066815 -0.0664971
0 -0.0425424 -0.0673561 -0.0670911
0 -0.042775 -0.0678787 -0.0676713
0 -0.042995 -0.0683751 -0.0682308
0 -0.043199 -0.0688393 -0.0687628
0 -0.0433856 -0.0692675 -0.0692611
0 -0.0435554 -0.0696579 -0.0697213
0 -0.0437097 -0.0700108 -0.0701397
0 -0.0438498 -0.0703265 -0.0705131
0 -0.0439763 -0.0706051 -0.070838
0 -0.0440885 -0.0708454 -0.071111
0 -0.0441847 -0.0710456 -0.0713294
0 -0.0442625 -0.0712028 -0.0714909
0 -0.0443196 -0.0713139 -0.0715951
0 -0.0443548 -0.0713771 -0.0716434
0 -0.0443677 -0.0713911 -0.0716385
0 -0.044358 -0.0713556 -0.0715833
0 -0.0443256 -0.0712707 -0.0714805
0 -0.0442708 -0.0711378 -0.0713323
0 -0.0441937 -0.070959 -0.0711402
0 -0.0440936 -0.070736 -0.0709045
0 -0.0439688 -0.0704697 -0.0706235
0 -0.043817 -0.0701603 -0.0702947
0 -0.0436366 -0.069808 -0.069916
0 -0.0434257 -0.0694119 -0.0694848
0 -0.043184 -0.0689713 -0.0690001
0 -0.0429134 -0.0684866 -0.0684628
0 -0.0426179 -0.0679598 -0.0678764
0 -0.0423037 -0.067394 -0.067246
0 -0.0419781 -0.0667938 -0.0665784
0 -0.0416489 -0.0661651 -0.0658811
0 -0.0413234 -0.0655143 -0.0651614
0 -0.041007 -0.0648476 -0.0644263
0 -0.0407036 -0.0641709 -0.0636819
0 -0.0404152 -0.06349 -0.062933
0 -0.0401427 -0.0628114 -0.0621844
0 -0.0398862 -0.0621427 -0.0614414
0 -0.0396455 -0.0614924 -0.06071
0 -0.0394203 -0.0608691 -0.0599981
0 -0.03921 -0.0602812 -0.0593147
0 -0.0390138 -0.0597354 -0.0586693
0 -0.0388309 -0.0592364 -0.058071
0 -0.0386612 -0.0587882 -0.0575296
0 -0.0385061 -0.0583946 -0.0570553
0 -0.0383683 -0.0580594 -0.0566573
0 -0.0382517 -0.0577873 -0.0563442
0 -0.0381615 -0.0575841 -0.0561226
0 -0.038103 -0.0574559 -0.0559974
0 -0.0380813 -0.057409 -0.0559713
0 -0.0381006 -0.0574493 -0.0560447
0 -0.0381637 -0.057581 -0.0562165
0 -0.038272 -0.0578063 -0.0564843
0 -0.0384248 -0.0581247 -0.0568443
0 -0.0386193 -0.0585324 -0.0572922
0 -0.0388513 -0.0590231 -0.057823
0 -0.0391165 -0.0595891 -0.0584322
0 -0.0394103 -0.0602215 -0.0591152
0 -0.0397279 -0.0609106 -0.0598666
0 -0.0400646 -0.0616464 -0.0606796
0 -0.0404168 -0.0624198 -0.0615467
0 -0.0407821 -0.0632237 -0.0624596
0 -0.0411587 -0.0640529 -0.0634096
0 -0.0415448 -0.064903 -0.0643863
0 -0.0419383 -0.0657694 -0.0653791
0 -0.0423363 -0.066647 -0.0663768
0 -0.042736 -0.0675293 -0.0673691
0 -0.0431315 -0.0684072 -0.0683454
0 -0.0435163 -0.0692694 -0.0692951
0 -0.0438854 -0.0701043 -0.0702091
0 -0.0442337 -0.0709003 -0.0710793
0 -0.0445558 -0.071646 -0.0718975
0 -0.0448476 -0.0723316 -0.0726559
0 -0.0451063 -0.0729495 -0.073347
0 -0.0453296 -0.0734935 -0.0739637
0 -0.0455164 -0.0739595 -0.0744989
0 -0.0456669 -0.074345 -0.0749468
0 -0.0457822 -0.0746492 -0.075303
0 -0.0458635 -0.0748717 -0.0755639
0 -0.0459119 -0.075012 -0.0757269
0 -0.0459274 -0.0750694 -0.0757905
0 -0.0459097 -0.0750427 -0.0757544
0 -0.0458582 -0.0749311 -0.0756196
0 -0.0457727 -0.0747348 -0.0753886
0 -0.0456532 -0.0744553 -0.0750657
0 -0.0455014 -0.0740966 -0.074657
0 -0.0453204 -0.0736651 -0.0741708
0 -0.0451136 -0.0731685 -0.0736156
0 -0.0448836 -0.0726151 -0.0729995
0 -0.0446327 -0.0720129 -0.0723304
0 -0.0443626 -0.0713701 -0.0716157
0 -0.0440745 -0.0706946 -0.0708623
0 -0.0437694 -0.0699934 -0.0700768
0 -0.0434483 -0.0692732 -0.0692657
0 -0.0431125 -0.0685397 -0.0684356
0 -0.0427646 -0.0677988 -0.0675945
0 -0.0424089 -0.0670559 -0.0667509
0 -0.0420508 -0.0663164 -0.0659139
0 -0.0416949 -0.065585 -0.0650921
0 -0.0413455 -0.0648659 -0.064293
0 -0.0410066 -0.0641639 -0.0635228
0 -0.0406825 -0.0634842 -0.0627862
0 -0.0403769 -0.0628329 -0.0620869
0 -0.0400934 -0.0622171 -0.061428
0 -0.0398352 -0.061644 -0.0608121
0 -0.0396045 -0.0611201 -0.0602418
0 -0.0394029 -0.0606508 -0.0597201
0 -0.0392317 -0.0602405 -0.059251
0 -0.0390915 -0.0598917 -0.0588392
0 -0.0389817 -0.0596054 -0.0584894
0 -0.0389012 -0.0593815 -0.0582064
0 -0.038849 -0.0592194 -0.0579949
0 -0.0388235 -0.0591181 -0.0578584
0 -0.0388228 -0.0590765 -0.0577989
0 -0.0388445 -0.0590932 -0.0578163
0 -0.0388865 -0.0591674 -0.0579087
0 -0.038947 -0.0592979 -0.0580725
0 -0.0390242 -0.0594832 -0.0583026
0 -0.0391171 -0.0597213 -0.058593
0 -0.0392254 -0.0600095 -0.0589374
0 -0.0393493 -0.0603445 -0.0593299
0 -0.0394893 -0.0607218 -0.0597645
0 -0.039646 -0.0611364 -0.0602357
0 -0.03982 -0.0615826 -0.0607383
0 -0.040012 -0.0620551 -0.0612679
0 -0.0402223 -0.0625488 -0.0618202
0 -0.0404498 -0.0630585 -0.0623906
0 -0.0406925 -0.0635797 -0.0629738
0 -0.0409471 -0.0641082 -0.0635647
0 -0.04121 -0.0646403 -0.064158
0 -0.0414774 -0.0651724 -0.0647483
0 -0.0417447 -0.0657006 -0.0653307
0 -0.0420077 -0.0662211 -0.0659006
0 -0.0422629 -0.06673 -0.0664544
0 -0.0425063 -0.0672232 -0.0669888
0 -0.0427349 -0.0676962 -0.0675012
0 -0.0429465 -0.0681448 -0.067989
0 -0.0431391 -0.0685649 -0.06845
0 -0.0433118 -0.068953 -0.0688818
0 -0.0434643 -0.0693063 -0.0692816
0 -0.0435967 -0.0696221 -0.0696463
0 -0.0437091 -0.069899 -0.0699727
0 -0.0438023 -0.0701359 -0.0702573
0 -0.0438776 -0.0703324 -0.0704969
0 -0.0439358 -0.0704885 -0.0706887
0 -0.0439782 -0.0706044 -0.0708304
0 -0.0440055 -0.0706804 -0.0709207
0 -0.0440184 -0.0707167 -0.0709591
0 -0.0440175 -0.0707133 -0.0709466
0 -0.044003 -0.0706704 -0.0708851
0 -0.043975 -0.0705884 -0.0707777
0 -0.0439334 -0.0704684 -0.0706276
0 -0.0438779 -0.0703116 -0.0704385
0 -0.043808 -0.07012 -0.0702139
0 -0.0437232 -0.069896 -0.0699569
0 -0.0436227 -0.0696423 -0.0696706
0 -0.0435063 -0.0693621 -0.0693576
0 -0.0433744 -0.0690588 -0.0690206
0 -0.0432273 -0.0687356 -0.0686622
0 -0.0430661 -0.0683959 -0.0682853
0 -0.0428928 -0.0680427 -0.0678927
0 -0.0427093 -0.0676791 -0.0674878
0 -0.0425185 -0.0673079 -0.0670739
0 -0.0423236 -0.0669318 -0.0666545
0 -0.0421272 -0.0665531 -0.066233
0 -0.0419327 -0.0661744 -0.0658129
0 -0.0417431 -0.0657979 -0.0653974
0 -0.0415608 -0.065426 -0.0649895
0 -0.0413877 -0.0650615 -0.0645917
0 -0.0412258 -0.0647075 -0.0642065
0 -0.041076 -0.0643668 -0.0638358
0 -0.040939 -0.0640428 -0.0634815
0 -0.040815 -0.0637385 -0.0631456
0 -0.040704 -0.0634566 -0.06283
0 -0.0406056 -0.0631996 -0.0625374
0 -0.0405193 -0.0629697 -0.0622704
0 -0.0404444 -0.0627686 -0.0620319
0 -0.0403805 -0.0625973 -0.0618251
0 -0.040327 -0.0624567 -0.0616529
0 -0.0402837 -0.0623469 -0.0615179
0 -0.0402504 -0.0622681 -0.0614219
0 -0.0402272 -0.0622202 -0.0613661
0 -0.0402143 -0.0622031 -0.0613506
0 -0.0402121 -0.0622166 -0.0613744
0 -0.040221 -0.0622604 -0.0614359
0 -0.0402417 -0.0623339 -0.0615328
0 -0.0402748 -0.0624367 -0.0616622
0 -0.0403209 -0.0625676 -0.0618212
0 -0.0403803 -0.0627253 -0.0620068
0 -0.0404532 -0.0629082 -0.0622162
0 -0.0405397 -0.063114 -0.0624469
0 -0.0406391 -0.0633404 -0.0626967
0 -0.0407506 -0.0635846 -0.0629637
0 -0.0408728 -0.0638441 -0.0632459
0 -0.0410041 -0.064116 -0.0635414
0 -0.0411427 -0.0643978 -0.0638483
0 -0.0412865 -0.064687 -0.0641645
0 -0.0414334 -0.0649812 -0.0644877
0 -0.0415812 -0.0652782 -0.0648156
0 -0.0417279 -0.0655758 -0.0651455
0 -0.0418714 -0.065872 -0.0654748
0 -0.0420103 -0.0661646 -0.0658006
0 -0.0421431 -0.0664517 -0.0661203
0 -0.0422686 -0.0667312 -0.0664313
0 -0.0423861 -0.0670007 -0.0667314
0 -0.0424953 -0.0672578 -0.0670184
0 -0.0425959 -0.0675002 -0.0672902
0 -0.0426883 -0.0677257 -0.0675447
0 -0.0427726 -0.0679322 -0.0677801
0 -0.0428488 -0.0681182 -0.0679941
0 -0.042917 -0.0682823 -0.0681849
0 -0.0429775 -0.0684236 -0.0683504
0 -0.04303 -0.0685414 -0.0684891
0 -0.0430743 -0.0686354 -0.0685994
0 -0.0431102 -0.0687053 -0.0686804
0 -0.0431373 -0.0687512 -0.0687315
0 -0.0431549 -0.0687731 -0.0687527
0 -0.0431626 -0.0687713 -0.0687446
0 -0.0431598 -0.068746 -0.0687083
0 -0.0431461 -0.0686977 -0.0686451
0 -0.0431212 -0.0686268 -0.0685567
0 -0.0430849 -0.068534 -0.0684452
0 -0.0430372 -0.0684203 -0.0683123
0 -0.0429783 -0.0682869 -0.06816
0 -0.0429087 -0.0681351 -0.0679899
0 -0.0428289 -0.0679666 -0.0678037
0 -0.0427398 -0.0677831 -0.067603
0 -0.0426426 -0.0675866 -0.067389
