0 -0.0305753 -0.033926 -0.033308
0 -0.0305087 -0.033784 -0.0331518
0 -0.0304433 -0.0336491 -0.033003
0 -0.0303794 -0.0335216 -0.0328618
0 -0.0303171 -0.0334016 -0.0327285
0 -0.0302566 -0.0332894 -0.0326032
0 -0.0301983 -0.033185 -0.0324862
0 -0.0301425 -0.0330885 -0.0323777
0 -0.0300894 -0.033 -0.0322779
0 -0.0300395 -0.0329195 -0.032187
0 -0.029993 -0.032847 -0.0321052
0 -0.0299502 -0.0327824 -0.0320326
0 -0.0299115 -0.0327257 -0.0319694
0 -0.0298772 -0.0326768 -0.0319156
0 -0.0298475 -0.0326358 -0.0318713
0 -0.0298226 -0.0326025 -0.0318365
0 -0.0298027 -0.032577 -0.0318111
0 -0.029788 -0.0325593 -0.031795
0 -0.0297786 -0.0325492 -0.0317882
0 -0.0297746 -0.0325469 -0.0317904
0 -0.0297759 -0.0325523 -0.0318015
0 -0.0297826 -0.0325655 -0.0318213
0 -0.0297946 -0.0325865 -0.0318494
0 -0.0298116 -0.0326153 -0.0318858
0 -0.0298337 -0.0326518 -0.0319301
0 -0.0298605 -0.032696 -0.031982
0 -0.0298918 -0.0327478 -0.0320413
0 -0.0299273 -0.032807 -0.0321077
0 -0.0299667 -0.0328735 -0.032181
0 -0.0300098 -0.0329473 -0.0322611
0 -0.0300563 -0.0330281 -0.0323477
0 -0.0301059 -0.0331157 -0.0324409
0 -0.0301583 -0.0332099 -0.0325404
0 -0.0302132 -0.0333103 -0.0326461
0 -0.0302702 -0.0334166 -0.032758
0 -0.0303293 -0.0335285 -0.0328758
0 -0.0303901 -0.0336457 -0.0329997
0 -0.0304524 -0.0337679 -0.0331294
0 -0.030516 -0.0338946 -0.0332648
0 -0.0305806 -0.0340255 -0.0334056
0 -0.030646 -0.0341603 -0.0335519
0 -0.0307123 -0.0342986 -0.0337033
0 -0.0307791 -0.0344402 -0.0338596
0 -0.0308463 -0.0345848 -0.0340205
0 -0.0309139 -0.0347319 -0.0341857
0 -0.0309818 -0.0348815 -0.0343548
0 -0.03105 -0.0350333 -0.0345276
0 -0.0311184 -0.0351871 -0.0347034
0 -0.0311866 -0.0353423 -0.0348816
0 -0.031254 -0.0354983 -0.0350613
0 -0.0313204 -0.0356547 -0.0352417
0 -0.0313854 -0.0358109 -0.035422
0 -0.0314488 -0.0359664 -0.0356015
0 -0.0315104 -0.0361209 -0.0357795
0 -0.0315702 -0.0362738 -0.0359554
0 -0.0316279 -0.0364247 -0.0361287
0 -0.0316835 -0.0365732 -0.0362987
0 -0.0317369 -0.036719 -0.0364653
0 -0.0317891 -0.0368624 -0.0366285
0 -0.0318409 -0.037004 -0.0367891
0 -0.0318931 -0.037144 -0.0369472
0 -0.031946 -0.0372823 -0.0371028
0 -0.0319997 -0.0374189 -0.0372558
0 -0.0320544 -0.0375535 -0.0374061
0 -0.0321102 -0.0376859 -0.0375535
0 -0.032167 -0.0378159 -0.0376978
0 -0.0322248 -0.0379431 -0.0378388
0 -0.0322831 -0.0380672 -0.037976
0 -0.0323418 -0.0381878 -0.0381092
0 -0.0324008 -0.0383048 -0.0382383
0 -0.0324601 -0.0384184 -0.0383635
0 -0.0325201 -0.038529 -0.038485
0 -0.0325806 -0.0386365 -0.038603
0 -0.0326414 -0.0387409 -0.0387172
0 -0.032702 -0.0388422 -0.0388275
0 -0.0327619 -0.0389398 -0.0389336
0 -0.0328194 -0.0390326 -0.0390341
0 -0.032872 -0.0391183 -0.0391267
0 -0.0329171 -0.0391945 -0.0392091
0 -0.0329537 -0.0392603 -0.0392802
0 -0.0329824 -0.0393165 -0.0393411
0 -0.0330052 -0.0393651 -0.0393936
0 -0.0330229 -0.0394068 -0.0394386
0 -0.0330342 -0.03944 -0.0394747
0 -0.0330367 -0.0394623 -0.0394993
0 -0.0330297 -0.0394727 -0.0395119
0 -0.0330157 -0.0394733 -0.0395144
0 -0.0329985 -0.0394677 -0.0395104
0 -0.0329812 -0.0394584 -0.0395028
0 -0.0329648 -0.0394462 -0.0394922
0 -0.0329493 -0.0394308 -0.0394783
0 -0.0329344 -0.0394119 -0.0394609
0 -0.0329192 -0.0393885 -0.0394387
0 -0.0329013 -0.0393583 -0.0394093
0 -0.0328775 -0.0393179 -0.0393693
0 -0.0328465 -0.0392662 -0.0393173
0 -0.0328107 -0.0392056 -0.0392555
0 -0.0327758 -0.0391416 -0.0391895
0 -0.0327465 -0.039079 -0.0391237
0 -0.0327239 -0.0390192 -0.0390594
0 -0.0327065 -0.0389608 -0.038995
0 -0.032692 -0.0389022 -0.0389288
0 -0.0326794 -0.0388426 -0.03886
0 -0.0326675 -0.0387815 -0.038788
0 -0.0326547 -0.0387177 -0.0387115
0 -0.0326384 -0.0386491 -0.0386286
0 -0.0326159 -0.0385734 -0.0385371
0 -0.032585 -0.0384887 -0.0384351
0 -0.0325431 -0.0383926 -0.0383207
0 -0.0324876 -0.0382825 -0.0381914
0 -0.0324154 -0.038155 -0.0380443
0 -0.0323247 -0.0380082 -0.0378777
0 -0.0322174 -0.037843 -0.037693
0 -0.0320985 -0.0376638 -0.0374949
0 -0.031973 -0.0374748 -0.0372879
0 -0.0318432 -0.0372774 -0.0370737
0 -0.0317088 -0.0370705 -0.0368513
0 -0.0315705 -0.036854 -0.0366208
0 -0.0314309 -0.0366298 -0.0363839
0 -0.0312934 -0.036401 -0.0361435
0 -0.0311611 -0.0361701 -0.0359019
0 -0.0310357 -0.0359385 -0.0356602
0 -0.0309167 -0.0357059 -0.0354176
0 -0.0308028 -0.0354711 -0.0351724
0 -0.0306929 -0.0352336 -0.0349235
0 -0.0305883 -0.034995 -0.0346719
0 -0.0304914 -0.0347583 -0.0344201
0 -0.0304036 -0.0345256 -0.0341695
0 -0.0303234 -0.0342963 -0.0339192
0 -0.0302491 -0.0340699 -0.0336681
0 -0.0301806 -0.0338472 -0.0334168
0 -0.0301178 -0.0336292 -0.0331662
0 -0.0300577 -0.0334144 -0.0329145
0 -0.0299951 -0.0331986 -0.0326579
0 -0.029925 -0.0329778 -0.0323926
0 -0.0298439 -0.0327495 -0.0321166
0 -0.0297485 -0.0325108 -0.0318277
0 -0.0296342 -0.0322573 -0.0315224
0 -0.0294959 -0.0319839 -0.0311965
0 -0.0293314 -0.0316874 -0.030848
0 -0.029142 -0.0313683 -0.0304785
0 -0.0289317 -0.0310292 -0.0300916
0 -0.028705 -0.0306729 -0.0296913
0 -0.0284656 -0.0303015 -0.0292804
0 -0.0282177 -0.0299173 -0.0288616
0 -0.0279667 -0.029524 -0.028439
0 -0.0277211 -0.0291287 -0.0280196
0 -0.0274922 -0.0287415 -0.0276133
0 -0.0272913 -0.0283734 -0.0272302
0 -0.0271253 -0.0280313 -0.0268761
0 -0.0269927 -0.0277145 -0.0265494
0 -0.0268865 -0.0274173 -0.0262428
0 -0.0267994 -0.0271344 -0.0259493
0 -0.026728 -0.0268641 -0.0256659
0 -0.0266706 -0.0266072 -0.0253921
0 -0.0266238 -0.0263626 -0.0251255
0 -0.0265806 -0.0261259 -0.0248609
0 -0.0265339 -0.0258918 -0.0245924
0 -0.0264793 -0.0256576 -0.0243173
0 -0.0264158 -0.0254239 -0.0240365
0 -0.0263422 -0.0251904 -0.0237503
0 -0.026254 -0.0249531 -0.0234559
0 -0.0261449 -0.0247055 -0.0231483
0 -0.0260117 -0.0244438 -0.0228252
0 -0.0258583 -0.024171 -0.0224916
0 -0.0256951 -0.0238962 -0.0221584
0 -0.0255345 -0.0236302 -0.0218384
0 -0.0253871 -0.0233824 -0.0215424
0 -0.0252612 -0.0231597 -0.0212788
0 -0.0251635 -0.0229681 -0.0210547
0 -0.0251003 -0.0228139 -0.0208767
0 -0.0250779 -0.0227037 -0.0207518
0 -0.0251028 -0.0226452 -0.0206872
0 -0.0251809 -0.0226464 -0.02069
0 -0.0253175 -0.0227152 -0.0207674
0 -0.0255165 -0.0228594 -0.0209254
0 -0.0257794 -0.0230847 -0.0211684
0 -0.0261048 -0.0233949 -0.0214986
0 -0.0264887 -0.0237912 -0.0219157
0 -0.0269245 -0.0242732 -0.0224181
0 -0.0274046 -0.0248387 -0.0230028
0 -0.027921 -0.0254858 -0.0236674
0 -0.0284673 -0.0262128 -0.0244108
0 -0.0290382 -0.027019 -0.0252328
0 -0.029628 -0.027902 -0.0261325
0 -0.0302278 -0.0288546 -0.027105
0 -0.0308255 -0.0298658 -0.0281416
0 -0.0314088 -0.0309224 -0.0292322
0 -0.0319678 -0.0320129 -0.0303682
0 -0.0324958 -0.0331276 -0.0315431
0 -0.032989 -0.0342579 -0.0327511
0 -0.0334445 -0.0353951 -0.0339858
0 -0.0338595 -0.0365301 -0.0352399
0 -0.0342297 -0.0376538 -0.0365051
0 -0.0345488 -0.0387566 -0.0377721
0 -0.0348119 -0.0398292 -0.0390305
0 -0.0350194 -0.0408651 -0.0402724
0 -0.0351787 -0.041865 -0.0414962
0 -0.0353043 -0.0428376 -0.0427077
0 -0.0354148 -0.0437937 -0.0439157
0 -0.0355268 -0.0447408 -0.0451248
0 -0.0356474 -0.0456784 -0.0463302
0 -0.0357724 -0.0465973 -0.0475167
0 -0.0358928 -0.0474837 -0.0486648
0 -0.0360028 -0.0483266 -0.0497576
0 -0.0361047 -0.0491244 -0.0507873
0 -0.0362104 -0.049885 -0.0517567
0 -0.0363374 -0.0506224 -0.0526753
0 -0.0365028 -0.0513505 -0.0535533
0 -0.036717 -0.0520775 -0.0543964
0 -0.0369812 -0.0528032 -0.0552031
0 -0.0372907 -0.0535224 -0.0559683
0 -0.0376405 -0.05423 -0.0566882
0 -0.0380278 -0.0549241 -0.0573631
0 -0.0384526 -0.0556056 -0.0579976
0 -0.0389151 -0.0562762 -0.0585978
0 -0.0394121 -0.0569352 -0.0591679
0 -0.0399355 -0.0575773 -0.0597083
0 -0.040473 -0.0581936 -0.0602155
0 -0.0410104 -0.0587738 -0.0606848
0 -0.0415339 -0.0593088 -0.0611125
0 -0.0420324 -0.0597922 -0.0614967
0 -0.0424984 -0.0602212 -0.0618389
0 -0.0429286 -0.060597 -0.0621435
0 -0.0433201 -0.0609219 -0.0624148
0 -0.0436644 -0.0611922 -0.0626503
0 -0.0439448 -0.0613961 -0.0628386
0 -0.0441446 -0.061521 -0.0629662
0 -0.0442569 -0.0615637 -0.0630285
0 -0.0442875 -0.0615325 -0.0630315
0 -0.0442472 -0.0614401 -0.0629853
0 -0.0441422 -0.0612935 -0.0628939
0 -0.0439685 -0.0610888 -0.06275
0 -0.0437148 -0.0608134 -0.062538
0 -0.0433716 -0.0604555 -0.0622429
0 -0.0429409 -0.0600132 -0.0618599
0 -0.0424353 -0.0594939 -0.0613939
0 -0.0418694 -0.0589058 -0.0608509
0 -0.0412518 -0.0582503 -0.0602306
0 -0.0405858 -0.0575234 -0.0595277
0 -0.0398752 -0.056721 -0.058737
0 -0.0391265 -0.0558416 -0.0578565
0 -0.0383488 -0.0548866 -0.056887
0 -0.0375519 -0.0538584 -0.0558307
0 -0.0367437 -0.0527587 -0.0546891
0 -0.0359297 -0.0515869 -0.0534616
0 -0.0351128 -0.0503412 -0.052146
0 -0.0342963 -0.0490218 -0.0507423
0 -0.0334881 -0.0476348 -0.0492563
0 -0.032702 -0.0461936 -0.0477008
0 -0.0319571 -0.0447172 -0.0460948
0 -0.0312721 -0.0432257 -0.0444578
0 -0.0306594 -0.0417347 -0.0428049
0 -0.0301247 -0.0402551 -0.0411465
0 -0.02967 -0.0387954 -0.0394909
0 -0.0292946 -0.0373639 -0.037846
0 -0.0289914 -0.0359656 -0.0362167
0 -0.0287492 -0.0346009 -0.0346037
0 -0.0285555 -0.0332663 -0.0330053
0 -0.0283986 -0.0319594 -0.0314205
0 -0.0282702 -0.0306834 -0.0298537
0 -0.0281661 -0.0294459 -0.028315
0 -0.0280842 -0.0282546 -0.0268171
0 -0.0280201 -0.0271144 -0.0253699
0 -0.0279656 -0.0260257 -0.0239792
0 -0.0279114 -0.0249867 -0.0226493
0 -0.0278518 -0.0239984 -0.0213875
0 -0.0277854 -0.023065 -0.0202043
0 -0.0277109 -0.0221899 -0.0191081
0 -0.0276216 -0.0213702 -0.0181008
0 -0.0275061 -0.0205976 -0.0171776
0 -0.027352 -0.0198624 -0.016331
0 -0.0271501 -0.0191567 -0.0155539
0 -0.0268948 -0.0184756 -0.0148408
0 -0.0265847 -0.0178175 -0.0141882
0 -0.0262236 -0.0171852 -0.0135959
0 -0.0258205 -0.0165853 -0.0130667
0 -0.0253862 -0.0160262 -0.0126038
0 -0.024932 -0.0155156 -0.0122096
0 -0.0244695 -0.0150608 -0.0118857
0 -0.0240128 -0.0146713 -0.0116356
0 -0.0235787 -0.0143581 -0.0114647
0 -0.023184 -0.0141322 -0.0113788
0 -0.0228432 -0.0140018 -0.0113815
0 -0.0225661 -0.0139703 -0.0114727
0 -0.022356 -0.0140345 -0.0116465
0 -0.0222089 -0.0141845 -0.0118915
0 -0.0221164 -0.0144058 -0.0121924
0 -0.0220691 -0.014683 -0.0125341
0 -0.0220588 -0.0150023 -0.0129036
0 -0.0220806 -0.0153534 -0.0132923
0 -0.0221356 -0.0157324 -0.0136982
0 -0.0222301 -0.0161412 -0.0141258
0 -0.0223735 -0.0165856 -0.0145831
0 -0.0225752 -0.0170725 -0.0150798
0 -0.0228426 -0.0176076 -0.0156242
0 -0.0231746 -0.0181898 -0.0162172
0 -0.0235577 -0.0188066 -0.0168482
0 -0.0239707 -0.0194387 -0.0174991
0 -0.0243941 -0.0200691 -0.018154
0 -0.0248154 -0.0206885 -0.0188038
0 -0.0252293 -0.021295 -0.0194467
0 -0.0256364 -0.0218928 -0.0200868
0 -0.0260417 -0.0224903 -0.0207319
0 -0.026452 -0.023098 -0.0213917
0 -0.0268745 -0.0237268 -0.0220763
0 -0.0273158 -0.0243869 -0.0227948
0 -0.0277805 -0.0250868 -0.0235548
0 -0.0282711 -0.0258324 -0.0243614
0 -0.0287873 -0.0266274 -0.0252174
0 -0.0293271 -0.0274731 -0.026124
0 -0.0298858 -0.0283676 -0.0270789
0 -0.030454 -0.0293035 -0.0280751
0 -0.0310189 -0.0302694 -0.0291015
0 -0.0315692 -0.0312545 -0.0301485
0 -0.0321019 -0.0322552 -0.0312135
0 -0.0326224 -0.0332758 -0.032302
0 -0.0331389 -0.0343222 -0.0334213
0 -0.0336562 -0.0353969 -0.034575
0 -0.0341698 -0.036494 -0.0357583
0 -0.0346656 -0.0376003 -0.0369585
0 -0.035128 -0.0386991 -0.03816
0 -0.0355454 -0.0397763 -0.0393488
0 -0.0359109 -0.0408224 -0.0405157
0 -0.0362232 -0.0418337 -0.0416572
0 -0.036488 -0.0428119 -0.0427755
0 -0.0367171 -0.0437629 -0.0438762
0 -0.0369236 -0.0446936 -0.0449661
0 -0.0371192 -0.0456108 -0.0460506
0 -0.0373142 -0.0465204 -0.0471337
0 -0.0375161 -0.0474253 -0.0482158
0 -0.0377278 -0.0483241 -0.0492925
0 -0.0379494 -0.0492142 -0.0503577
0 -0.0381851 -0.0500971 -0.0514095
0 -0.0384444 -0.0509801 -0.0524517
0 -0.0387375 -0.0518715 -0.0534896
0 -0.0390669 -0.0527728 -0.0545218
0 -0.0394221 -0.0536731 -0.0555351
0 -0.0397826 -0.054552 -0.0565079
0 -0.0401286 -0.0553897 -0.0574193
0 -0.0404493 -0.0561753 -0.0582585
0 -0.0407469 -0.0569101 -0.0590277
0 -0.0410301 -0.0576021 -0.0597362
0 -0.0413047 -0.0582561 -0.0603909
0 -0.0415661 -0.0588666 -0.060989
0 -0.0418016 -0.05942 -0.0615196
0 -0.0419965 -0.0599008 -0.0619705
0 -0.0421402 -0.060297 -0.0623329
0 -0.0422295 -0.0606041 -0.0626055
0 -0.0422727 -0.0608285 -0.0627978
0 -0.0422881 -0.0609866 -0.0629286
0 -0.0422956 -0.0610969 -0.0630184
0 -0.0423064 -0.0611696 -0.0630789
0 -0.0423168 -0.0612006 -0.0631066
0 -0.0423126 -0.0611762 -0.063088
0 -0.0422789 -0.0610824 -0.0630082
0 -0.0422051 -0.0609104 -0.0628568
0 -0.042088 -0.0606583 -0.0626295
0 -0.0419313 -0.060331 -0.0623285
0 -0.0417443 -0.0599396 -0.0619616
0 -0.0415394 -0.0594984 -0.0615399
0 -0.0413287 -0.0590213 -0.0610739
0 -0.0411206 -0.058519 -0.0605712
0 -0.0409181 -0.057997 -0.0600345
0 -0.0407181 -0.0574554 -0.0594615
0 -0.0405127 -0.0568891 -0.0588456
0 -0.0402899 -0.0562889 -0.0581766
0 -0.0400353 -0.0556428 -0.0574425
0 -0.0397363 -0.0549401 -0.0566332
0 -0.0393888 -0.0541776 -0.0557473
0 -0.0390001 -0.0533624 -0.0547942
0 -0.0385839 -0.0525077 -0.0537902
0 -0.0381521 -0.0516244 -0.0527495
0 -0.0377101 -0.050717 -0.0516802
0 -0.0372574 -0.049784 -0.0505847
0 -0.0367909 -0.0488219 -0.0494627
0 -0.0363094 -0.0478288 -0.0483154
0 -0.0358162 -0.0468076 -0.0471482
0 -0.0353192 -0.0457662 -0.0459706
0 -0.0348284 -0.0447154 -0.0447942
0 -0.0343538 -0.0436662 -0.04363
0 -0.0339036 -0.0426286 -0.042487
0 -0.0334826 -0.0416097 -0.0413715
0 -0.0330938 -0.0406148 -0.0402876
0 -0.0327406 -0.0396503 -0.0392403
0 -0.0324294 -0.0387262 -0.0382382
0 -0.032169 -0.0378554 -0.0372923
0 -0.0319646 -0.0370485 -0.0364112
0 -0.031814 -0.0363095 -0.0355968
0 -0.0317081 -0.0356355 -0.0348441
0 -0.0316357 -0.035021 -0.0341463
0 -0.0315866 -0.0344614 -0.0334977
0 -0.0315497 -0.033951 -0.0328923
0 -0.03151 -0.0334792 -0.0323201
0 -0.0314503 -0.0330324 -0.0317684
0 -0.0313588 -0.0326009 -0.0312295
0 -0.0312345 -0.0321849 -0.0307061
0 -0.0310837 -0.0317909 -0.0302073
0 -0.030913 -0.0314247 -0.0297422
0 -0.0307253 -0.0310873 -0.0293151
0 -0.0305198 -0.0307754 -0.0289258
0 -0.0302943 -0.0304835 -0.0285717
0 -0.0300476 -0.0302069 -0.0282505
0 -0.0297813 -0.0299427 -0.0279614
0 -0.0295008 -0.0296918 -0.0277064
0 -0.0292178 -0.029461 -0.027493
0 -0.0289509 -0.0292644 -0.0273349
0 -0.0287213 -0.029119 -0.0272478
0 -0.0285467 -0.029039 -0.0272439
0 -0.0284363 -0.0290312 -0.0273272
0 -0.0283901 -0.0290941 -0.0274925
0 -0.0283986 -0.0292177 -0.0277257
0 -0.0284432 -0.0293832 -0.0280039
0 -0.0284981 -0.0295651 -0.0282975
0 -0.0285422 -0.0297424 -0.0285816
0 -0.0285718 -0.0299113 -0.0288488
0 -0.0286028 -0.0300872 -0.0291118
0 -0.0286594 -0.0302943 -0.0293924
0 -0.0287611 -0.0305514 -0.029708
0 -0.0289114 -0.030862 -0.0300612
0 -0.0290953 -0.0312109 -0.030437
0 -0.0292855 -0.0315707 -0.0308085
0 -0.0294564 -0.031915 -0.031151
0 -0.0295925 -0.0322272 -0.0314501
0 -0.0296855 -0.0324974 -0.0316983
0 -0.0297272 -0.0327149 -0.0318881
0 -0.0297069 -0.032865 -0.0320082
0 -0.0296144 -0.0329335 -0.0320476
0 -0.0294467 -0.0329119 -0.0320012
0 -0.0292124 -0.0328034 -0.0318747
0 -0.0289343 -0.032625 -0.0316874
0 -0.0286512 -0.0324102 -0.0314743
0 -0.0284185 -0.0322101 -0.0312873
0 -0.0282985 -0.032085 -0.0311861
0 -0.0283336 -0.032078 -0.0312125
0 -0.0285206 -0.0321886 -0.0313637
0 -0.0288067 -0.0323695 -0.0315891
0 -0.0291154 -0.0325505 -0.0318148
0 -0.0293826 -0.0326747 -0.03198
0 -0.0295869 -0.0327277 -0.0320666
0 -0.0297553 -0.0327434 -0.0321053
0 -0.0299428 -0.0327834 -0.0321548
0 -0.0301992 -0.0329038 -0.0322694
0 -0.0305478 -0.0331349 -0.0324779
0 -0.0309827 -0.033477 -0.0327805
0 -0.0314783 -0.0339111 -0.0331588
0 -0.0320033 -0.0344119 -0.033589
0 -0.0325313 -0.0349584 -0.034053
0 -0.0330435 -0.0355362 -0.0345403
0 -0.0335271 -0.0361351 -0.0350454
0 -0.0339754 -0.0367493 -0.0355679
0 -0.0343852 -0.0373756 -0.0361103
0 -0.0347435 -0.037999 -0.0366637
0 -0.035011 -0.0385774 -0.0371918
0 -0.0351323 -0.0390515 -0.0376409
0 -0.0350653 -0.0393736 -0.0379682
0 -0.0348035 -0.0395296 -0.038163
0 -0.034379 -0.0395408 -0.0382489
0 -0.0338473 -0.0394507 -0.0382696
0 -0.0332675 -0.0393065 -0.0382712
0 -0.0326888 -0.0391464 -0.0382889
0 -0.0321455 -0.0389947 -0.0383426
0 -0.0316602 -0.038865 -0.0384403
0 -0.0312495 -0.0387673 -0.0385854
0 -0.0309298 -0.0387129 -0.0387819
0 -0.0307192 -0.0387171 -0.0390371
0 -0.0306417 -0.0388033 -0.0393649
0 -0.0307276 -0.0390039 -0.0397877
0 -0.0310023 -0.0393482 -0.0403255
0 -0.0314657 -0.0398426 -0.040976
0 -0.0320753 -0.0404529 -0.0416975
0 -0.0327433 -0.0411007 -0.0424062
0 -0.0333602 -0.0416876 -0.0430008
0 -0.033837 -0.042133 -0.0434006
0 -0.034132 -0.0424003 -0.0435713
0 -0.0342514 -0.0424971 -0.043526
0 -0.0342346 -0.0424618 -0.0433102
0 -0.034136 -0.0423444 -0.0429837
0 -0.0340047 -0.0421883 -0.0426007
0 -0.033867 -0.0420147 -0.0421937
0 -0.0337209 -0.0418162 -0.0417656
0 -0.0335446 -0.0415665 -0.0412999
0 -0.0333166 -0.0412394 -0.0407788
0 -0.033032 -0.040826 -0.0402003
0 -0.032711 -0.0403429 -0.0395863
0 -0.0323985 -0.0398317 -0.0389824
0 -0.0321548 -0.0393513 -0.038449
0 -0.0320399 -0.0389628 -0.0380469
0 -0.0320987 -0.0387159 -0.0378228
0 -0.0323521 -0.038639 -0.0378001
0 -0.0327934 -0.038736 -0.0379758
0 -0.0333893 -0.0389858 -0.0383211
0 -0.0340822 -0.0393449 -0.0387839
0 -0.034798 -0.039755 -0.039297
0 -0.0354594 -0.0401554 -0.0397914
0 -0.036003 -0.0404966 -0.0402109
0 -0.0363903 -0.0407505 -0.0405221
0 -0.0366144 -0.0409166 -0.0407217
0 -0.0367001 -0.0410229 -0.0408361
0 -0.0366925 -0.041114 -0.0409107
0 -0.0366378 -0.0412327 -0.0409902
0 -0.0365644 -0.0414025 -0.0411021
0 -0.0364735 -0.0416176 -0.0412459
0 -0.03634 -0.0418447 -0.041395
0 -0.0361275 -0.0420372 -0.0415102
0 -0.0358072 -0.0421546 -0.0415589
0 -0.0353664 -0.042171 -0.0415223
0 -0.0348062 -0.0420726 -0.0413937
0 -0.034137 -0.0418538 -0.0411735
0 -0.0333739 -0.0415134 -0.0408653
0 -0.0325318 -0.0410505 -0.0404714
0 -0.0316213 -0.0404599 -0.0399878
0 -0.0306496 -0.039732 -0.0394039
0 -0.0296271 -0.03886 -0.0387094
0 -0.028573 -0.0378505 -0.037905
0 -0.0275207 -0.0367291 -0.0370082
0 -0.0265196 -0.0355398 -0.0360521
0 -0.0256273 -0.0343374 -0.0350785
0 -0.0248987 -0.0331767 -0.0341285
0 -0.024375 -0.0321028 -0.0332331
0 -0.0240774 -0.0311453 -0.0324078
0 -0.0240062 -0.030316 -0.0316522
0 -0.0241455 -0.0296135 -0.0309549
0 -0.0244708 -0.0290308 -0.0303011
0 -0.024956 -0.0285618 -0.0296791
0 -0.0255779 -0.0282047 -0.0290848
0 -0.0263165 -0.0279612 -0.0285221
0 -0.0271471 -0.0278276 -0.0279937
0 -0.0280297 -0.0277852 -0.0274897
0 -0.0289184 -0.0278067 -0.0269958
0 -0.0297864 -0.0278803 -0.026517
0 -0.0306385 -0.0280237 -0.0260897
0 -0.0314974 -0.0282703 -0.0257672
0 -0.0323785 -0.028644 -0.0255959
0 -0.0332743 -0.0291441 -0.0255966
0 -0.0341521 -0.0297439 -0.0257624
0 -0.0349615 -0.0303976 -0.0260644
0 -0.0356434 -0.0310492 -0.0264607
0 -0.0361414 -0.0316431 -0.0269064
0 -0.03641 -0.0321337 -0.027362
0 -0.036421 -0.0324897 -0.0277984
0 -0.0361663 -0.032696 -0.0281986
0 -0.035659 -0.0327555 -0.0285594
0 -0.0349347 -0.0326906 -0.0288931
0 -0.034047 -0.0325393 -0.0292246
0 -0.0330574 -0.0323467 -0.0295828
0 -0.0320251 -0.032155 -0.029991
0 -0.0310026 -0.0319992 -0.0304637
0 -0.0300371 -0.0319089 -0.0310095
0 -0.0291726 -0.0319133 -0.0316379
0 -0.0284511 -0.0320418 -0.0323593
0 -0.0279051 -0.0323154 -0.0331764
0 -0.0275445 -0.032735 -0.0340735
0 -0.0273545 -0.0332776 -0.0350147
0 -0.0273038 -0.0339052 -0.0359514
0 -0.0273557 -0.0345763 -0.0368342
0 -0.0274775 -0.0352537 -0.0376226
0 -0.0276499 -0.0359133 -0.0382941
0 -0.0278712 -0.0365491 -0.0388483
0 -0.0281531 -0.0371692 -0.0393025
0 -0.0285095 -0.0377843 -0.0396798
0 -0.0289467 -0.0383984 -0.0399993
0 -0.0294629 -0.0390091 -0.040275
0 -0.0300537 -0.0396121 -0.0405204
0 -0.0307169 -0.0402071 -0.0407523
0 -0.0314503 -0.0407972 -0.0409895
0 -0.0322452 -0.0413822 -0.0412449
0 -0.0330818 -0.0419518 -0.0415191
0 -0.0339289 -0.0424844 -0.0417991
0 -0.0347468 -0.0429533 -0.0420639
0 -0.0354966 -0.0433348 -0.0422931
0 -0.0361487 -0.0436129 -0.0424723
0 -0.0366833 -0.0437799 -0.0425927
0 -0.0370869 -0.0438337 -0.0426487
0 -0.03735 -0.0437757 -0.042637
0 -0.0374681 -0.0436105 -0.0425561
0 -0.0374407 -0.0433446 -0.0424055
0 -0.0372691 -0.0429837 -0.0421828
0 -0.0369567 -0.0425329 -0.0418847
0 -0.0365111 -0.041999 -0.04151
0 -0.0359478 -0.0413938 -0.0410633
0 -0.0352923 -0.0407367 -0.0405575
0 -0.0345789 -0.0400533 -0.040013
0 -0.0338444 -0.0393726 -0.0394543
0 -0.0331237 -0.0387218 -0.038905
0 -0.0324465 -0.0381225 -0.0383839
0 -0.0318381 -0.0375908 -0.0379054
0 -0.0313184 -0.0371394 -0.0374814
0 -0.0309025 -0.0367783 -0.0371225
0 -0.0306029 -0.0365156 -0.0368381
0 -0.0304308 -0.0363581 -0.0366371
0 -0.0303976 -0.0363148 -0.0365311
0 -0.0305141 -0.0363962 -0.0365339
0 -0.0307838 -0.0366076 -0.0366539
0 -0.0311957 -0.0369411 -0.0368865
0 -0.0317226 -0.0373745 -0.0372126
0 -0.0323269 -0.0378763 -0.0376038
0 -0.0329704 -0.0384148 -0.0380313
0 -0.0336213 -0.0389656 -0.0384739
0 -0.0342556 -0.0395131 -0.0389188
0 -0.0348554 -0.0400476 -0.0393593
0 -0.0354079 -0.0405634 -0.0397924
0 -0.035905 -0.0410573 -0.0402176
0 -0.0363402 -0.0415281 -0.0406361
0 -0.036706 -0.0419725 -0.041047
0 -0.0369949 -0.042386 -0.0414473
0 -0.037203 -0.0427659 -0.0418357
0 -0.0373331 -0.0431144 -0.0422153
0 -0.037392 -0.0434362 -0.042591
0 -0.0373867 -0.0437354 -0.0429665
0 -0.0373248 -0.0440151 -0.0433441
0 -0.0372168 -0.044281 -0.043728
0 -0.0370784 -0.0445423 -0.0441256
0 -0.0369271 -0.0448103 -0.0445459
0 -0.036779 -0.045094 -0.0449955
0 -0.0366469 -0.045399 -0.0454778
0 -0.03654 -0.045728 -0.0459925
0 -0.0364615 -0.0460783 -0.0465332
0 -0.0364061 -0.0464397 -0.0470851
0 -0.0363604 -0.0467948 -0.0476259
0 -0.0363097 -0.0471251 -0.0481321
0 -0.0362461 -0.047419 -0.0485877
0 -0.0361714 -0.0476747 -0.0489866
0 -0.0360947 -0.0478975 -0.0493307
0 -0.0360278 -0.0480956 -0.0496258
0 -0.0359827 -0.0482779 -0.0498789
0 -0.0359687 -0.0484509 -0.050096
0 -0.0359897 -0.0486166 -0.0502789
0 -0.0360416 -0.0487696 -0.0504235
0 -0.0361138 -0.0488987 -0.0505202
0 -0.0361935 -0.0489909 -0.0505585
0 -0.0362706 -0.0490368 -0.0505319
0 -0.0363389 -0.0490305 -0.0504382
0 -0.0363923 -0.0489673 -0.0502762
0 -0.036421 -0.0488385 -0.0500408
0 -0.0364117 -0.0486325 -0.0497242
0 -0.0363556 -0.0483421 -0.0493225
0 -0.0362547 -0.0479711 -0.0488424
0 -0.0361192 -0.0475312 -0.048298
0 -0.0359593 -0.0470344 -0.0477032
0 -0.0357795 -0.0464875 -0.0470658
0 -0.0355789 -0.0458924 -0.0463882
0 -0.0353543 -0.0452491 -0.0456702
0 -0.035102 -0.0445572 -0.0449103
0 -0.0348192 -0.0438169 -0.0441075
0 -0.0345048 -0.0430307 -0.0432623
0 -0.0341623 -0.0422051 -0.0423793
0 -0.0337988 -0.0413499 -0.0414659
0 -0.0334217 -0.0404747 -0.0405297
0 -0.033035 -0.0395861 -0.0395756
0 -0.0326394 -0.0386868 -0.0386047
0 -0.0322348 -0.0377768 -0.0376162
0 -0.0318195 -0.0368551 -0.0366084
0 -0.03139 -0.0359201 -0.0355792
0 -0.0309436 -0.0349702 -0.034527
0 -0.0304795 -0.0340055 -0.0334515
0 -0.0300006 -0.0330283 -0.0323557
0 -0.0295135 -0.032045 -0.0312466
0 -0.0290273 -0.0310639 -0.0301343
0 -0.0285498 -0.0300921 -0.0290272
0 -0.028084 -0.0291313 -0.0279291
0 -0.0276268 -0.0281774 -0.0268378
0 -0.0271729 -0.0272242 -0.0257495
0 -0.0267204 -0.0262688 -0.0246634
0 -0.0262715 -0.0253131 -0.0235831
0 -0.0258295 -0.0243596 -0.0225129
0 -0.0253944 -0.0234083 -0.0214537
0 -0.0249648 -0.0224579 -0.020405
0 -0.0245423 -0.0215101 -0.0193685
0 -0.0241342 -0.0205732 -0.0183526
0 -0.023755 -0.0196627 -0.0173719
0 -0.0234244 -0.0188002 -0.0164472
0 -0.0231635 -0.0180091 -0.0156004
0 -0.0229896 -0.0173105 -0.014851
0 -0.0229149 -0.0167205 -0.0142135
0 -0.0229463 -0.0162518 -0.0136984
0 -0.0230869 -0.0159139 -0.0133137
0 -0.0233351 -0.0157128 -0.0130639
0 -0.0236824 -0.0156483 -0.0129477
0 -0.0241135 -0.015714 -0.0129581
0 -0.0246083 -0.0158988 -0.013084
0 -0.0251449 -0.0161898 -0.013313
0 -0.0257046 -0.0165771 -0.0136364
0 -0.0262772 -0.0170582 -0.0140535
0 -0.02686 -0.0176377 -0.0145711
0 -0.0274537 -0.0183225 -0.0151993
0 -0.0280582 -0.0191177 -0.0159463
0 -0.0286715 -0.0200243 -0.0168175
0 -0.0292895 -0.0210402 -0.0178151
0 -0.0299077 -0.0221601 -0.0189388
0 -0.0305208 -0.0233765 -0.0201859
0 -0.0311235 -0.0246802 -0.0215519
0 -0.0317109 -0.0260609 -0.0230303
0 -0.0322778 -0.0275069 -0.0246126
0 -0.0328178 -0.0290045 -0.0262869
0 -0.0333243 -0.0305379 -0.0280382
0 -0.0337924 -0.0320926 -0.0298512
0 -0.0342235 -0.0336598 -0.0317147
0 -0.0346281 -0.0352384 -0.0336239
0 -0.0350198 -0.0368326 -0.0355772
0 -0.0354078 -0.0384472 -0.0375724
0 -0.0357978 -0.040084 -0.0396036
0 -0.0361944 -0.0417411 -0.041661
0 -0.0365977 -0.0434127 -0.0437311
0 -0.0370049 -0.0450889 -0.0457984
0 -0.0374146 -0.0467607 -0.0478476
0 -0.0378279 -0.0484239 -0.0498657
0 -0.0382491 -0.0500777 -0.0518442
0 -0.0386863 -0.0517252 -0.0537804
0 -0.0391504 -0.0533727 -0.0556765
0 -0.0396514 -0.0550265 -0.0575354
0 -0.0401963 -0.0566899 -0.0593591
0 -0.0407886 -0.0583634 -0.0611481
0 -0.0414298 -0.0600458 -0.0629033
0 -0.0421185 -0.0617343 -0.0646251
0 -0.0428493 -0.063422 -0.0663113
0 -0.0436105 -0.0650963 -0.0679552
0 -0.0443857 -0.0667403 -0.0695465
0 -0.0451552 -0.0683341 -0.0710728
0 -0.045898 -0.0698569 -0.0725206
0 -0.0465928 -0.0712871 -0.0738757
0 -0.0472192 -0.0726043 -0.0751247
0 -0.0477594 -0.0737904 -0.0762555
0 -0.0481995 -0.0748311 -0.0772591
0 -0.0485309 -0.0757169 -0.0781298
0 -0.0487494 -0.0764427 -0.0788652
0 -0.0488526 -0.0770049 -0.0794629
0 -0.0488372 -0.0773989 -0.0799175
0 -0.0486988 -0.0776187 -0.0802215
0 -0.0484345 -0.077659 -0.0803663
0 -0.0480459 -0.0775178 -0.0803455
0 -0.0475389 -0.0771967 -0.0801557
0 -0.0469237 -0.0767003 -0.0797958
0 -0.0462125 -0.0760347 -0.0792658
0 -0.0454184 -0.0752062 -0.0785658
0 -0.0445548 -0.0742212 -0.077696
0 -0.0436347 -0.073086 -0.0766564
0 -0.0426709 -0.0718072 -0.0754476
0 -0.0416758 -0.0703922 -0.0740711
0 -0.0406617 -0.0688493 -0.0725302
0 -0.0396415 -0.0671883 -0.0708301
0 -0.0386271 -0.065419 -0.0689773
0 -0.0376274 -0.0635504 -0.0669782
0 -0.0366474 -0.0615892 -0.0648386
0 -0.0356882 -0.0595403 -0.0625632
0 -0.0347485 -0.0574067 -0.0601564
0 -0.0338247 -0.0551894 -0.0576219
0 -0.0329121 -0.0528889 -0.0549639
0 -0.0320064 -0.0505056 -0.0521878
0 -0.031108 -0.0480406 -0.0493006
0 -0.0302167 -0.0454966 -0.0463118
0 -0.0293234 -0.0428805 -0.0432349
0 -0.0284232 -0.0402048 -0.040087
0 -0.0275225 -0.0374815 -0.0368861
0 -0.0266278 -0.0347202 -0.0336498
0 -0.0257419 -0.0319304 -0.0303944
0 -0.0248663 -0.0291213 -0.0271367
0 -0.0240037 -0.0263024 -0.0238944
0 -0.0231592 -0.0234867 -0.0206855
0 -0.0223393 -0.0206876 -0.0175277
0 -0.0215513 -0.0179178 -0.0144391
0 -0.0208036 -0.0151927 -0.011438
0 -0.0201066 -0.0125293 -0.00854307
0 -0.0194715 -0.00994447 -0.005772
0 -0.0189076 -0.00745354 -0.00313939
0 -0.0184225 -0.00507032 -0.000656844
0 -0.0180238 -0.00280889 0.0016651
0 -0.0177195 -0.000684144 0.00381628
0 -0.0175167 0.00128983 0.0057884
0 -0.0174202 0.00310086 0.00757587
0 -0.0174337 0.00473723 0.00917396
0 -0.0175618 0.0061856 0.0105764
0 -0.0178101 0.00743137 0.0117752
0 -0.0181819 0.00846134 0.0127635
0 -0.0186757 0.0092667 0.0135377
0 -0.0192841 0.00984419 0.0140984
0 -0.0199957 0.0101944 0.0144492
0 -0.0207974 0.0103188 0.0145931
0 -0.0216765 0.0102187 0.0145315
0 -0.0226192 0.00989657 0.014266
0 -0.0236084 0.00935817 0.0138001
0 -0.0246243 0.00861262 0.0131399
0 -0.0256463 0.00767026 0.0122918
0 -0.0266556 0.00654072 0.0112605
0 -0.027636 0.00523375 0.0100491
0 -0.0285729 0.00376139 0.00866138
0 -0.0294537 0.00213849 0.00710234
0 -0.0302695 0.000380586 0.00537605
0 -0.0310171 -0.00149837 0.00348453
0 -0.0316981 -0.00348566 0.00142923
0 -0.0323155 -0.00556761 -0.000785981
0 -0.0328713 -0.00772806 -0.0031529
0 -0.0333669 -0.00994908 -0.00565912
0 -0.0338047 -0.0122126 -0.00828904
0 -0.0341882 -0.0145012 -0.011024
0 -0.0345224 -0.0167973 -0.0138416
0 -0.0348104 -0.0190832 -0.0167155
0 -0.0350472 -0.0213424 -0.0196163
0 -0.0352256 -0.0235599 -0.022513
0 -0.0353442 -0.0257231 -0.0253751
0 -0.0354033 -0.0278218 -0.0281736
0 -0.0354039 -0.029843 -0.0308809
0 -0.0353495 -0.0317739 -0.0334707
0 -0.0352431 -0.0336075 -0.0359164
0 -0.0350857 -0.0353364 -0.0381918
0 -0.0348786 -0.0369506 -0.0402742
0 -0.0346267 -0.0384437 -0.042147
0 -0.0343369 -0.0398121 -0.0437988
0 -0.0340171 -0.0410521 -0.0452223
0 -0.0336748 -0.042159 -0.0464137
0 -0.033318 -0.0431282 -0.0473729
0 -0.032956 -0.0439563 -0.0481045
0 -0.0326006 -0.0446415 -0.0486181
0 -0.0322649 -0.0451844 -0.0489285
0 -0.0319625 -0.0455867 -0.0490531
0 -0.0317062 -0.0458502 -0.0490109
0 -0.0315077 -0.0459772 -0.0488211
0 -0.031378 -0.0459707 -0.048503
0 -0.0313272 -0.0458356 -0.0480764
0 -0.0313643 -0.0455798 -0.0475614
0 -0.0314967 -0.045215 -0.0469777
0 -0.031729 -0.0447551 -0.0463433
0 -0.0320624 -0.0442162 -0.0456735
0 -0.0324937 -0.0436157 -0.0449809
0 -0.0330165 -0.0429722 -0.0442758
0 -0.0336214 -0.0423046 -0.043566
0 -0.0342954 -0.041631 -0.0428567
0 -0.0350226 -0.0409673 -0.0421501
0 -0.0357828 -0.0403259 -0.0414459
0 -0.0365517 -0.039715 -0.0407409
0 -0.0373038 -0.0391391 -0.0400307
0 -0.0380141 -0.0386002 -0.0393116
0 -0.0386585 -0.0380985 -0.0385816
0 -0.0392147 -0.0376319 -0.0378404
0 -0.0396641 -0.0371956 -0.037089
0 -0.0399912 -0.0367834 -0.036329
0 -0.0401824 -0.036389 -0.0355627
0 -0.0402273 -0.0360041 -0.0347939
0 -0.0401188 -0.0356187 -0.0340276
0 -0.0398539 -0.0352229 -0.0332703
0 -0.0394338 -0.0348078 -0.0325297
0 -0.038864 -0.034364 -0.0318133
0 -0.0381534 -0.033883 -0.0311277
0 -0.0373149 -0.0333579 -0.0304785
0 -0.0363656 -0.0327843 -0.0298702
0 -0.0353262 -0.0321607 -0.0293067
0 -0.0342201 -0.0314883 -0.02879
0 -0.0330715 -0.030771 -0.02832
0 -0.0319034 -0.0300145 -0.0278938
0 -0.0307362 -0.0292251 -0.0275053
0 -0.0295882 -0.0284094 -0.0271453
0 -0.0284764 -0.0275742 -0.0268015
0 -0.0274147 -0.026726 -0.0264604
0 -0.0264148 -0.0258707 -0.026108
0 -0.0254874 -0.0250149 -0.0257294
0 -0.0246416 -0.0241653 -0.0253096
0 -0.0238861 -0.0233281 -0.024836
0 -0.0232301 -0.0225111 -0.0243004
0 -0.0226836 -0.0217238 -0.0236993
0 -0.0222542 -0.0209751 -0.0230319
0 -0.0219448 -0.0202701 -0.0222989
0 -0.0217541 -0.0196106 -0.0215019
0 -0.0216775 -0.0189964 -0.0206447
0 -0.0217087 -0.0184265 -0.0197339
0 -0.0218396 -0.0178988 -0.0187786
0 -0.0220603 -0.0174084 -0.0177897
0 -0.0223584 -0.0169493 -0.0167786
0 -0.0227207 -0.0165177 -0.0157583
0 -0.0231354 -0.0161121 -0.0147446
0 -0.023592 -0.0157304 -0.0137561
0 -0.0240802 -0.0153718 -0.0128134
0 -0.0245895 -0.0150374 -0.0119365
0 -0.0251101 -0.0147289 -0.0111434
0 -0.0256326 -0.0144482 -0.0104504
0 -0.0261488 -0.0141994 -0.00987249
0 -0.0266526 -0.0139898 -0.00942364
0 -0.0271411 -0.0138293 -0.00911708
0 -0.0276127 -0.0137291 -0.0089638
0 -0.0280663 -0.0137009 -0.0089712
0 -0.0285 -0.0137551 -0.00914211
0 -0.0289102 -0.0138999 -0.00947429
0 -0.0292919 -0.014141 -0.00996043
0 -0.0296381 -0.0144815 -0.0105891
0 -0.0299412 -0.0149217 -0.0113456
0 -0.0301929 -0.0154584 -0.0122123
0 -0.0303842 -0.0160848 -0.0131693
0 -0.0305062 -0.0167901 -0.0141947
0 -0.0305504 -0.0175603 -0.0152662
0 -0.0305101 -0.018379 -0.0163621
0 -0.0303819 -0.0192298 -0.0174628
0 -0.0301667 -0.0200965 -0.0185522
0 -0.0298679 -0.0209629 -0.0196162
0 -0.0294902 -0.021811 -0.0206412
0 -0.0290383 -0.0226209 -0.021613
0 -0.0285179 -0.0233727 -0.022518
0 -0.0279371 -0.0240486 -0.0233448
0 -0.0273064 -0.0246343 -0.0240846
0 -0.026638 -0.0251184 -0.0247306
0 -0.0259458 -0.0254922 -0.0252778
0 -0.0252465 -0.0257513 -0.0257233
0 -0.0245578 -0.0258953 -0.0260669
0 -0.0238986 -0.0259273 -0.0263104
0 -0.0232892 -0.0258553 -0.0264579
0 -0.022751 -0.0256915 -0.026515
0 -0.0223063 -0.0254524 -0.0264903
0 -0.0219787 -0.0251584 -0.0263956
0 -0.0217923 -0.0248349 -0.0262467
0 -0.0217705 -0.0245109 -0.0260629
0 -0.0219324 -0.0242163 -0.0258641
0 -0.0222897 -0.023979 -0.0256682
0 -0.0228468 -0.0238234 -0.0254912
0 -0.0236032 -0.0237717 -0.025349
0 -0.0245544 -0.0238448 -0.0252585
0 -0.0256929 -0.0240615 -0.0252384
0 -0.0270086 -0.0244397 -0.0253083
0 -0.0284876 -0.0249943 -0.025488
0 -0.0301108 -0.025733 -0.0257942
0 -0.0318524 -0.0266558 -0.0262381
0 -0.03368 -0.0277572 -0.0268256
0 -0.0355598 -0.0290243 -0.0275602
0 -0.037456 -0.0304385 -0.0284428
0 -0.0393277 -0.0319788 -0.0294722
0 -0.041133 -0.0336218 -0.0306451
0 -0.0428349 -0.035342 -0.0319567
0 -0.0443999 -0.0371139 -0.0334002
0 -0.0457981 -0.0389103 -0.0349649
0 -0.0470013 -0.0407021 -0.0366352
0 -0.0479835 -0.0424595 -0.0383917
0 -0.0487228 -0.0441535 -0.040212
0 -0.0492029 -0.0457564 -0.0420705
0 -0.0494103 -0.047242 -0.0439377
0 -0.0493326 -0.0485843 -0.0457797
0 -0.0489613 -0.0497587 -0.0475593
0 -0.0482968 -0.0507458 -0.0492401
0 -0.047351 -0.0515367 -0.0507893
0 -0.0461451 -0.0521261 -0.0521809
0 -0.0447101 -0.0525081 -0.0533952
0 -0.0430855 -0.0526893 -0.0544171
0 -0.0413172 -0.0526885 -0.0552362
0 -0.0394556 -0.0525255 -0.0558467
0 -0.037552 -0.0522215 -0.056247
0 -0.0356543 -0.0517994 -0.0564379
0 -0.0338055 -0.0512819 -0.0564226
0 -0.03205 -0.050691 -0.0562094
0 -0.0304349 -0.0500504 -0.055813
0 -0.0290041 -0.0493844 -0.0552533
0 -0.0277944 -0.0487143 -0.054553
0 -0.0268353 -0.048056 -0.0537348
0 -0.0261477 -0.0474196 -0.0528204
0 -0.0257443 -0.0468102 -0.0518298
0 -0.0256305 -0.0462297 -0.0507831
0 -0.025805 -0.0456791 -0.0497008
0 -0.0262611 -0.0451602 -0.0486038
0 -0.0269864 -0.0446767 -0.0475139
0 -0.0279619 -0.0442331 -0.046452
0 -0.0291596 -0.0438328 -0.0454359
0 -0.0305431 -0.0434766 -0.0444779
0 -0.0320708 -0.043163 -0.0435859
0 -0.0337002 -0.0428912 -0.0427649
0 -0.0353904 -0.0426626 -0.0420186
0 -0.0371002 -0.0424785 -0.041351
0 -0.0387872 -0.0423369 -0.0407652
0 -0.0404129 -0.0422355 -0.0402636
0 -0.0419437 -0.0421722 -0.0398484
0 -0.0433503 -0.042146 -0.0395217
0 -0.0446086 -0.0421579 -0.0392857
0 -0.0456979 -0.0422085 -0.0391413
0 -0.0465996 -0.0422961 -0.0390881
0 -0.0472989 -0.0424193 -0.039125
0 -0.047786 -0.0425778 -0.0392506
0 -0.0480559 -0.0427711 -0.0394637
0 -0.0481081 -0.0429983 -0.0397624
0 -0.0479461 -0.0432573 -0.0401431
0 -0.0475776 -0.0435435 -0.0406005
0 -0.0470141 -0.0438496 -0.0411263
0 -0.0462717 -0.0441674 -0.0417116
0 -0.0453711 -0.0444896 -0.0423477
0 -0.044337 -0.0448106 -0.043027
0 -0.0431968 -0.045126 -0.0437418
0 -0.0419773 -0.0454308 -0.0444821
0 -0.0407041 -0.0457178 -0.045235
0 -0.039399 -0.0459765 -0.0459831
0 -0.0380805 -0.0461914 -0.0467049
0 -0.0367642 -0.0463456 -0.0473766
0 -0.0354628 -0.0464275 -0.0479733
0 -0.0341857 -0.0464264 -0.0484696
0 -0.0329421 -0.046331 -0.0488412
0 -0.0317433 -0.0461327 -0.0490665
0 -0.0306009 -0.0458262 -0.0491277
0 -0.0295253 -0.0454081 -0.0490104
0 -0.0285254 -0.044875 -0.0487025
0 -0.0276081 -0.0442234 -0.0481942
0 -0.0267769 -0.04345 -0.0474783
0 -0.026034 -0.0425521 -0.0465515
0 -0.0253841 -0.0415292 -0.0454149
0 -0.0248312 -0.0403835 -0.044074
0 -0.0243763 -0.0391201 -0.0425392
0 -0.0240202 -0.0377476 -0.0408253
0 -0.0237633 -0.0362764 -0.03895
0 -0.0236036 -0.034717 -0.036932
0 -0.0235342 -0.0330789 -0.0347894
0 -0.0235453 -0.0313716 -0.0325409
0 -0.0236262 -0.029606 -0.0302065
0 -0.0237688 -0.0277987 -0.0278092
0 -0.0239671 -0.0259671 -0.0253736
0 -0.0242157 -0.0241265 -0.0229256
0 -0.0245069 -0.0222931 -0.020491
0 -0.0248324 -0.0204821 -0.0180959
0 -0.0251849 -0.0187069 -0.0157663
0 -0.0255589 -0.0169842 -0.0135278
0 -0.0259497 -0.0153294 -0.0114048
0 -0.0263525 -0.013755 -0.00941939
0 -0.0267628 -0.0122731 -0.00759089
0 -0.0271781 -0.0108962 -0.00593694
0 -0.0275981 -0.00963723 -0.00447384
0 -0.028024 -0.00850997 -0.00321645
0 -0.0284575 -0.00752881 -0.00217749
0 -0.0289003 -0.00670778 -0.00136677
0 -0.029354 -0.00606037 -0.000791136
0 -0.0298202 -0.00560002 -0.000455332
0 -0.0303013 -0.00534057 -0.000362765
0 -0.0307997 -0.0052959 -0.000515811
0 -0.0313183 -0.00547914 -0.000915653
0 -0.0318595 -0.00590192 -0.00156208
0 -0.0324241 -0.00657319 -0.00245331
0 -0.0330111 -0.00749797 -0.00358583
0 -0.0336181 -0.00867644 -0.00495434
0 -0.0342427 -0.0101035 -0.00655173
0 -0.0348817 -0.0117686 -0.00836881
0 -0.03553 -0.0136555 -0.010394
0 -0.0361806 -0.0157429 -0.0126131
0 -0.0368261 -0.0180052 -0.0150098
0 -0.0374598 -0.0204138 -0.017566
0 -0.0380783 -0.0229375 -0.0202619
0 -0.0386764 -0.0255429 -0.0230744
0 -0.0392379 -0.0281941 -0.0259771
0 -0.0397404 -0.0308537 -0.0289388
0 -0.0401644 -0.0334846 -0.0319253
0 -0.0404931 -0.0360513 -0.034901
0 -0.040713 -0.0385235 -0.0378302
0 -0.0408132 -0.0408725 -0.0406782
0 -0.0407854 -0.0430686 -0.0434128
0 -0.0406276 -0.0450923 -0.0460057
0 -0.0403447 -0.0469358 -0.0484324
0 -0.0399469 -0.048595 -0.0506734
0 -0.0394494 -0.0500712 -0.0527139
0 -0.0388725 -0.0513732 -0.0545459
0 -0.0382418 -0.0525155 -0.0561674
0 -0.0375866 -0.0535149 -0.0575814
0 -0.0369366 -0.0543896 -0.0587947
0 -0.0363198 -0.0551574 -0.0598162
0 -0.035762 -0.0558346 -0.0606572
0 -0.0352873 -0.0564357 -0.0613308
0 -0.0349183 -0.0569743 -0.0618529
0 -0.0346766 -0.0574637 -0.0622426
0 -0.0345811 -0.0579165 -0.0625213
0 -0.0346468 -0.0583423 -0.0627104
0 -0.0348818 -0.0587464 -0.0628284
0 -0.0352858 -0.0591273 -0.0628888
0 -0.0358482 -0.0594785 -0.0628998
0 -0.036551 -0.0597897 -0.0628646
0 -0.0373701 -0.0600492 -0.0627832
0 -0.038277 -0.0602449 -0.0626529
0 -0.0392392 -0.0603658 -0.0624694
0 -0.0402224 -0.0604022 -0.0622272
0 -0.0411922 -0.0603458 -0.06192
0 -0.0421136 -0.0601888 -0.0615394
0 -0.0429512 -0.0599227 -0.061075
0 -0.0436691 -0.0595382 -0.0605144
0 -0.0442339 -0.0590271 -0.0598457
0 -0.0446181 -0.0583834 -0.0590589
0 -0.0448013 -0.0576039 -0.0581474
0 -0.0447694 -0.0566888 -0.0571081
0 -0.0445148 -0.0556404 -0.0559411
0 -0.0440366 -0.0544629 -0.0546488
0 -0.0433401 -0.0531617 -0.0532357
0 -0.0424365 -0.0517431 -0.0517084
0 -0.0413423 -0.0502152 -0.0500759
0 -0.0400791 -0.0485873 -0.0483492
0 -0.0386727 -0.0468701 -0.0465409
0 -0.0371517 -0.0450742 -0.044664
0 -0.0355468 -0.0432101 -0.0427312
0 -0.0338897 -0.0412874 -0.0407544
0 -0.0322116 -0.0393154 -0.0387442
0 -0.0305364 -0.0373021 -0.0367098
0 -0.02888 -0.0352553 -0.0346582
0 -0.0272603 -0.0331824 -0.0325946
0 -0.025697 -0.031091 -0.0305219
0 -0.0242069 -0.0289885 -0.0284425
0 -0.0228053 -0.0268836 -0.026359
0 -0.0215058 -0.0247867 -0.0242754
0 -0.0203206 -0.0227106 -0.0221972
0 -0.0192607 -0.0206698 -0.0201308
0 -0.0183355 -0.0186791 -0.0180838
0 -0.0175531 -0.016754 -0.0160655
0 -0.0169206 -0.0149103 -0.0140873
0 -0.0164448 -0.0131647 -0.0121626
0 -0.0161323 -0.0115345 -0.0103074
0 -0.0159882 -0.010037 -0.00853921
0 -0.0160161 -0.00868841 -0.00687717
0 -0.0162179 -0.00750345 -0.00534153
0 -0.0165936 -0.00649561 -0.00395358
0 -0.0171409 -0.00567693 -0.00273515
0 -0.0178555 -0.00505806 -0.00170816
0 -0.0187311 -0.00464862 -0.00089445
0 -0.0197604 -0.0044576 -0.000315473
0 -0.0209346 -0.00449318 8.62414e-06
0 -0.0222424 -0.00476218 6.01676e-05
0 -0.0236701 -0.00526971 -0.000175387
0 -0.0252015 -0.00601897 -0.000708919
0 -0.0268178 -0.00701054 -0.00154661
0 -0.0284987 -0.00824166 -0.00268915
0 -0.0302209 -0.0097064 -0.00413194
0 -0.0319565 -0.0113962 -0.00586603
0 -0.033677 -0.0133009 -0.00787881
0 -0.035357 -0.0154082 -0.010154
0 -0.0369715 -0.0177025 -0.0126712
0 -0.0384944 -0.0201647 -0.0154062
0 -0.0399027 -0.0227727 -0.0183321
0 -0.0411805 -0.0255019 -0.0214202
0 -0.0423195 -0.0283268 -0.0246419
0 -0.0433084 -0.0312208 -0.0279684
0 -0.04413 -0.0341576 -0.0313718
0 -0.0447732 -0.037111 -0.0348249
0 -0.0452376 -0.0400566 -0.0383016
0 -0.0455286 -0.0429724 -0.0417762
0 -0.0456542 -0.0458398 -0.0452239
0 -0.045621 -0.0486421 -0.0486206
0 -0.0454363 -0.0513564 -0.0519425
0 -0.045112 -0.0539598 -0.0551651
0 -0.0446623 -0.0564415 -0.0582645
0 -0.0441017 -0.0587942 -0.0612184
0 -0.0434463 -0.06101 -0.0640074
0 -0.0427143 -0.0630855 -0.0666158
0 -0.0419243 -0.0650201 -0.0690295
0 -0.0410933 -0.0668124 -0.071236
0 -0.0402358 -0.0684604 -0.0732247
0 -0.0393656 -0.0699618 -0.074987
0 -0.0384967 -0.0713147 -0.0765172
0 -0.0376437 -0.0725179 -0.0778139
0 -0.0368206 -0.0735705 -0.0788794
0 -0.0360408 -0.0744722 -0.0797192
0 -0.0353166 -0.0752215 -0.0803406
0 -0.0346588 -0.0758158 -0.080752
0 -0.0340765 -0.0762518 -0.080963
0 -0.0335777 -0.0765262 -0.0809839
0 -0.0331689 -0.0766361 -0.0808258
0 -0.0328552 -0.076578 -0.0804993
0 -0.0326384 -0.0763485 -0.0800136
0 -0.0325169 -0.0759448 -0.0793762
0 -0.0324874 -0.0753675 -0.0785945
0 -0.0325459 -0.0746222 -0.0776771
0 -0.032688 -0.0737201 -0.0766334
0 -0.032908 -0.0726766 -0.0754729
0 -0.033197 -0.0715092 -0.0742041
0 -0.0335433 -0.0702363 -0.072834
0 -0.0339336 -0.0688775 -0.0713688
0 -0.0343537 -0.0674531 -0.0698152
0 -0.0347895 -0.0659835 -0.0681809
0 -0.035227 -0.0644883 -0.066475
0 -0.0356528 -0.0629854 -0.0647076
0 -0.0360547 -0.06149 -0.0628908
0 -0.0364195 -0.0600155 -0.0610378
0 -0.0367347 -0.058574 -0.059163
0 -0.0369899 -0.0571747 -0.057281
0 -0.0371752 -0.0558198 -0.0554055
0 -0.0372804 -0.0545068 -0.0535482
0 -0.037293 -0.0532304 -0.0517197
0 -0.0372004 -0.0519809 -0.0499292
0 -0.0369911 -0.050747 -0.0481833
0 -0.0366542 -0.0495143 -0.046486
0 -0.0361783 -0.0482663 -0.0448379
0 -0.0355534 -0.0469866 -0.0432361
0 -0.0347718 -0.0456588 -0.0416749
0 -0.0338286 -0.0442682 -0.0401463
0 -0.0327223 -0.0428034 -0.0386419
0 -0.0314569 -0.041257 -0.0371526
0 -0.0300428 -0.0396247 -0.0356687
0 -0.0284944 -0.0379052 -0.0341794
0 -0.026827 -0.0361004 -0.032674
0 -0.0250607 -0.034216 -0.0311428
0 -0.023221 -0.0322617 -0.0295776
0 -0.0213361 -0.0302508 -0.0279724
0 -0.0194349 -0.0281997 -0.0263234
0 -0.0175477 -0.0261279 -0.0246308
0 -0.0157067 -0.0240587 -0.0228995
0 -0.0139453 -0.0220181 -0.0211397
0 -0.0122973 -0.0200335 -0.0193662
0 -0.010795 -0.0181333 -0.0175975
0 -0.00946926 -0.0163456 -0.0158549
0 -0.00834894 -0.0146981 -0.014162
0 -0.00746041 -0.0132173 -0.012545
0 -0.00682736 -0.0119279 -0.0110318
0 -0.00647057 -0.0108528 -0.00965162
0 -0.00640679 -0.0100124 -0.00843401
0 -0.00664544 -0.00942215 -0.00740715
0 -0.00718655 -0.00909135 -0.00659598
0 -0.00802216 -0.00902368 -0.00602164
0 -0.00913716 -0.00921849 -0.00570183
0 -0.0105094 -0.00967145 -0.00565076
0 -0.0121106 -0.0103749 -0.00587861
0 -0.0139068 -0.0113183 -0.00639122
0 -0.0158604 -0.012489 -0.00719008
0 -0.0179314 -0.0138723 -0.00827253
0 -0.0200786 -0.015453 -0.00963248
0 -0.0222618 -0.0172169 -0.0112616
0 -0.0244457 -0.0191522 -0.0131505
0 -0.0265994 -0.0212493 -0.0152887
0 -0.0286915 -0.0235003 -0.0176647
0 -0.0306931 -0.025898 -0.0202652
0 -0.0325836 -0.0284354 -0.0230761
0 -0.0343471 -0.0311045 -0.0260811
0 -0.0359698 -0.0338955 -0.0292619
0 -0.0374418 -0.0367965 -0.0325985
0 -0.0387605 -0.0397941 -0.0360702
0 -0.0399312 -0.0428738 -0.0396564
0 -0.0409575 -0.0460206 -0.0433366
0 -0.0418323 -0.0492179 -0.0470899
0 -0.0425512 -0.052448 -0.0508952
0 -0.0431217 -0.0556928 -0.0547302
0 -0.0435557 -0.0589378 -0.0585728
0 -0.0438619 -0.062168 -0.0624002
0 -0.0440437 -0.0653573 -0.066188
0 -0.0441051 -0.0684782 -0.0699101
0 -0.0440528 -0.0715149 -0.0735395
0 -0.0438946 -0.0744547 -0.0770502
0 -0.0436383 -0.0772822 -0.0804185
0 -0.0432924 -0.079986 -0.0836237
0 -0.0428674 -0.0825599 -0.086649
0 -0.0423755 -0.0849994 -0.0894805
0 -0.0418283 -0.0872996 -0.0921067
0 -0.041236 -0.0894559 -0.0945182
0 -0.0406089 -0.0914648 -0.0967084
0 -0.0399592 -0.0933242 -0.0986753
0 -0.0393005 -0.0950332 -0.100421
0 -0.0386462 -0.0965909 -0.10195
0 -0.0380085 -0.0979952 -0.103269
0 -0.0373981 -0.0992437 -0.104384
0 -0.0368259 -0.100334 -0.105305
0 -0.0363019 -0.101263 -0.106041
0 -0.0358357 -0.102031 -0.106602
0 -0.0354356 -0.102635 -0.107
0 -0.0351096 -0.103075 -0.107244
0 -0.0348636 -0.103351 -0.107345
0 -0.0347006 -0.103461 -0.107308
0 -0.0346198 -0.103403 -0.107138
0 -0.0346165 -0.103173 -0.106834
0 -0.0346815 -0.102769 -0.106395
0 -0.034804 -0.102194 -0.105816
0 -0.034972 -0.10145 -0.105093
0 -0.0351705 -0.100547 -0.104221
0 -0.035382 -0.099491 -0.103195
0 -0.0355881 -0.0982928 -0.102007
0 -0.0357701 -0.0969626 -0.100652
0 -0.0359107 -0.095512 -0.0991277
0 -0.035994 -0.093953 -0.0974337
0 -0.0360064 -0.092298 -0.0955737
0 -0.0359374 -0.0905591 -0.0935553
0 -0.0357801 -0.0887487 -0.0913906
0 -0.0355319 -0.0868794 -0.0890963
0 -0.0351946 -0.0849638 -0.0866935
0 -0.0347741 -0.0830147 -0.0842072
0 -0.0342791 -0.0810452 -0.0816649
0 -0.0337222 -0.0790713 -0.0790954
0 -0.0331206 -0.0771077 -0.0765287
0 -0.0324896 -0.0751641 -0.0739965
0 -0.0318412 -0.0732517 -0.0715317
0 -0.0311906 -0.0713866 -0.0691668
0 -0.0305574 -0.069585 -0.0669323
0 -0.0299605 -0.0678619 -0.0648559
0 -0.0294163 -0.0662324 -0.0629619
0 -0.0289406 -0.0647141 -0.0612712
0 -0.0285485 -0.0633242 -0.0598013
0 -0.0282534 -0.0620793 -0.0585649
0 -0.0280655 -0.0609955 -0.0575705
0 -0.0279918 -0.0600879 -0.0568219
0 -0.0280356 -0.0593697 -0.0563188
0 -0.0281973 -0.0588522 -0.0560567
0 -0.0284737 -0.0585447 -0.056028
0 -0.0288581 -0.0584536 -0.056222
0 -0.0293402 -0.0585818 -0.0566254
0 -0.029907 -0.0589292 -0.0572229
0 -0.0305435 -0.059492 -0.0579986
0 -0.0312326 -0.0602638 -0.0589362
0 -0.0319559 -0.061234 -0.0600197
0 -0.0326934 -0.0623873 -0.0612325
0 -0.0334248 -0.0637033 -0.0625569
0 -0.034129 -0.0651572 -0.0639752
0 -0.034786 -0.06672 -0.0654695
0 -0.0353769 -0.0683602 -0.0670221
0 -0.0358843 -0.0700434 -0.0686151
0 -0.0362934 -0.071734 -0.0702299
0 -0.0365893 -0.0733956 -0.0718478
0 -0.0367551 -0.0749929 -0.0734495
0 -0.0367757 -0.0764926 -0.0750151
0 -0.0366415 -0.077864 -0.0765237
0 -0.0363486 -0.0790801 -0.0779541
0 -0.035898 -0.0801196 -0.0792848
0 -0.0352931 -0.080964 -0.0804944
0 -0.0345405 -0.0815958 -0.0815621
0 -0.0336521 -0.0820029 -0.082469
0 -0.0326431 -0.0821822 -0.0831972
0 -0.0315308 -0.0821351 -0.08373
0 -0.0303353 -0.0818661 -0.0840522
0 -0.0290813 -0.0813836 -0.084151
0 -0.0277966 -0.080701 -0.0840169
0 -0.0265093 -0.0798337 -0.0836431
0 -0.0252467 -0.0787981 -0.0830261
0 -0.0240352 -0.0776115 -0.0821663
0 -0.0228996 -0.0762932 -0.0810688
0 -0.0218633 -0.0748645 -0.0797447
0 -0.0209491 -0.0733483 -0.0782108
0 -0.0201801 -0.0717691 -0.0764889
0 -0.0195761 -0.0701512 -0.0746045
0 -0.019152 -0.0685173 -0.0725856
0 -0.0189173 -0.0668881 -0.0704612
0 -0.0188759 -0.0652825 -0.068262
0 -0.0190267 -0.063718 -0.0660204
0 -0.0193655 -0.0622104 -0.0637699
0 -0.0198844 -0.0607747 -0.0615444
0 -0.0205723 -0.0594295 -0.0593761
0 -0.0214131 -0.0581884 -0.0572944
0 -0.022384 -0.0570489 -0.0553257
0 -0.0234591 -0.0560086 -0.0534943
0 -0.024613 -0.055074 -0.051823
0 -0.0258212 -0.0542481 -0.0503328
0 -0.0270598 -0.0535295 -0.0490412
0 -0.0283066 -0.0529187 -0.0479632
0 -0.0295413 -0.0524181 -0.0471095
0 -0.0307441 -0.0520292 -0.0464876
0 -0.0318959 -0.0517529 -0.0461002
0 -0.0329791 -0.0515907 -0.0459454
0 -0.0339781 -0.0515442 -0.0460167
0 -0.0348776 -0.0516147 -0.0463032
0 -0.0356629 -0.0518043 -0.0467914
0 -0.0363217 -0.0521162 -0.0474653
0 -0.0368456 -0.0525539 -0.0483086
0 -0.0372288 -0.0531214 -0.0493045
0 -0.037468 -0.0538208 -0.0504365
0 -0.0375634 -0.054652 -0.0516894
0 -0.0375209 -0.0556126 -0.0530492
0 -0.0373511 -0.0566975 -0.0545038
0 -0.0370687 -0.0578989 -0.056043
0 -0.0366921 -0.0592066 -0.057658
0 -0.0362433 -0.0606083 -0.0593415
0 -0.0357462 -0.06209 -0.0610868
0 -0.0352237 -0.0636368 -0.0628875
0 -0.0346964 -0.0652333 -0.0647375
0 -0.034184 -0.0668666 -0.0666302
0 -0.0337042 -0.0685242 -0.0685578
0 -0.0332706 -0.0701877 -0.0705104
0 -0.0328936 -0.0718359 -0.0724763
0 -0.0325838 -0.0734562 -0.0744428
0 -0.0323518 -0.0750417 -0.0763965
0 -0.0322052 -0.0765848 -0.0783244
0 -0.0321486 -0.0780788 -0.0802123
0 -0.0321844 -0.079519 -0.0820448
0 -0.0323118 -0.0809005 -0.0838054
0 -0.0325262 -0.082217 -0.0854762
0 -0.0328199 -0.0834609 -0.0870385
0 -0.0331815 -0.0846242 -0.0884739
0 -0.033598 -0.0856982 -0.089765
0 -0.034055 -0.0866739 -0.0908962
0 -0.0345374 -0.0875418 -0.091854
0 -0.0350305 -0.0882929 -0.0926276
0 -0.0355205 -0.0889185 -0.0932092
0 -0.0359938 -0.0894102 -0.0935939
0 -0.0364373 -0.08976 -0.0937796
0 -0.0368385 -0.0899613 -0.0937672
0 -0.0371865 -0.0900093 -0.0935607
0 -0.0374715 -0.0899003 -0.0931662
0 -0.0376836 -0.0896305 -0.0925898
0 -0.0378119 -0.0891955 -0.0918372
0 -0.037846 -0.0885908 -0.0909135
0 -0.0377769 -0.0878141 -0.0898248
0 -0.0375995 -0.086866 -0.0885796
0 -0.0373124 -0.0857515 -0.0871888
0 -0.036918 -0.0844785 -0.0856651
0 -0.0364211 -0.0830574 -0.0840217
0 -0.0358272 -0.081499 -0.0822706
0 -0.0351423 -0.0798141 -0.0804221
0 -0.0343729 -0.0780138 -0.0784849
0 -0.0335265 -0.0761099 -0.076467
0 -0.0326136 -0.0741161 -0.0743771
0 -0.0316476 -0.0720477 -0.0722248
0 -0.0306465 -0.069921 -0.0700204
0 -0.0296258 -0.0677523 -0.0677735
0 -0.0285917 -0.0655564 -0.0654927
0 -0.0275496 -0.063346 -0.0631851
0 -0.026511 -0.0611322 -0.0608575
0 -0.0254875 -0.058926 -0.058517
0 -0.0244898 -0.0567387 -0.0561722
0 -0.0235294 -0.0545829 -0.0538338
0 -0.0226187 -0.0524714 -0.051515
0 -0.0217699 -0.0504173 -0.0492306
0 -0.0209938 -0.048432 -0.0469954
0 -0.0202993 -0.046525 -0.0448233
0 -0.0196918 -0.0447032 -0.0427265
0 -0.0191745 -0.042971 -0.0407154
0 -0.018749 -0.041332 -0.0387998
0 -0.018416 -0.0397893 -0.036989
0 -0.0181756 -0.0383462 -0.0352922
0 -0.0180272 -0.0370059 -0.033718
0 -0.0179694 -0.0357712 -0.0322741
0 -0.0179988 -0.0346445 -0.0309665
0 -0.0181106 -0.0336272 -0.0297995
0 -0.0182985 -0.03272 -0.0287755
0 -0.0185555 -0.0319237 -0.0278957
0 -0.0188737 -0.0312392 -0.0271602
0 -0.0192453 -0.0306682 -0.0265686
0 -0.0196626 -0.030213 -0.0261198
0 -0.0201182 -0.0298762 -0.0258125
0 -0.0206045 -0.0296606 -0.0256446
0 -0.021113 -0.0295682 -0.0256127
0 -0.0216344 -0.0295997 -0.0257124
0 -0.0221584 -0.0297542 -0.0259377
0 -0.0226747 -0.0300303 -0.0262825
0 -0.0231745 -0.0304269 -0.026742
0 -0.0236515 -0.0309445 -0.0273135
0 -0.0241016 -0.0315836 -0.0279965
0 -0.0245221 -0.0323434 -0.0287905
0 -0.0249104 -0.0332204 -0.0296945
0 -0.0252654 -0.0342082 -0.0307067
0 -0.0255875 -0.0352988 -0.0318251
0 -0.0258786 -0.0364831 -0.0330482
0 -0.0261424 -0.0377518 -0.0343745
0 -0.0263843 -0.0390953 -0.0358026
0 -0.026612 -0.040505 -0.0373318
0 -0.0268352 -0.0419739 -0.0389614
0 -0.0270645 -0.043496 -0.0406903
0 -0.0273101 -0.0450656 -0.0425154
0 -0.0275814 -0.0466773 -0.0444312
0 -0.0278866 -0.0483262 -0.0464304
0 -0.028233 -0.0500083 -0.0485038
0 -0.0286261 -0.0517199 -0.0506399
0 -0.0290695 -0.0534579 -0.0528251
0 -0.0295647 -0.0552204 -0.0550452
0 -0.0301137 -0.0570054 -0.0572863
0 -0.0307165 -0.0588079 -0.0595346
0 -0.031369 -0.0606232 -0.0617768
0 -0.0320689 -0.0624518 -0.0640014
0 -0.0328174 -0.0642958 -0.0661983
0 -0.0336134 -0.0661548 -0.068359
0 -0.0344527 -0.068027 -0.070476
0 -0.0353292 -0.0699091 -0.0725419
0 -0.0362351 -0.0717946 -0.0745491
0 -0.0371603 -0.0736748 -0.0764904
0 -0.0380939 -0.0755396 -0.0783597
0 -0.0390253 -0.0773789 -0.0801535
0 -0.0399447 -0.0791825 -0.0818699
0 -0.0408428 -0.0809401 -0.0835085
0 -0.0417101 -0.082641 -0.08507
0 -0.0425376 -0.0842747 -0.0865553
0 -0.043317 -0.0858307 -0.0879658
0 -0.0440404 -0.0872994 -0.0893025
0 -0.0447006 -0.0886717 -0.0905663
0 -0.0452911 -0.0899395 -0.0917573
0 -0.0458063 -0.0910962 -0.0928749
0 -0.0462421 -0.0921366 -0.093918
0 -0.0465959 -0.0930576 -0.0948851
0 -0.0468659 -0.093857 -0.0957734
0 -0.0470503 -0.0945335 -0.0965788
0 -0.0471479 -0.0950862 -0.0972952
0 -0.0471573 -0.0955142 -0.0979153
0 -0.0470777 -0.0958177 -0.0984311
0 -0.0469104 -0.0959979 -0.0988347
0 -0.0466587 -0.0960577 -0.0991193
0 -0.0463282 -0.096001 -0.0992795
0 -0.0459259 -0.0958323 -0.0993105
0 -0.0454594 -0.0955558 -0.0992086
0 -0.0449369 -0.0951757 -0.0989708
0 -0.0443673 -0.0946952 -0.098595
0 -0.0437593 -0.094117 -0.0980802
0 -0.0431217 -0.0934432 -0.0974264
0 -0.0424634 -0.0926754 -0.0966351
0 -0.0417929 -0.0918154 -0.0957094
0 -0.0411182 -0.0908648 -0.0946533
0 -0.040446 -0.0898253 -0.093472
0 -0.0397825 -0.0886987 -0.0921715
0 -0.0391334 -0.0874875 -0.0907592
0 -0.0385036 -0.0861955 -0.0892437
0 -0.0378986 -0.0848287 -0.0876356
0 -0.0373238 -0.0833946 -0.085947
0 -0.0367841 -0.0819022 -0.0841908
0 -0.0362823 -0.0803607 -0.0823793
0 -0.0358194 -0.0787786 -0.0805239
0 -0.0353944 -0.0771648 -0.0786353
0 -0.0350052 -0.0755278 -0.0767239
0 -0.0346484 -0.073876 -0.0747992
0 -0.0343199 -0.0722177 -0.07287
0 -0.0340155 -0.0705607 -0.0709447
0 -0.0337308 -0.0689135 -0.0690312
0 -0.0334626 -0.0672849 -0.0671364
0 -0.033207 -0.065683 -0.0652672
0 -0.0329578 -0.0641135 -0.0634308
0 -0.0327081 -0.0625812 -0.0616345
0 -0.0324538 -0.0610908 -0.0598861
0 -0.0321916 -0.059648 -0.0581933
0 -0.031919 -0.0582578 -0.0565638
0 -0.0316348 -0.0569244 -0.0550052
0 -0.0313381 -0.0556513 -0.0535242
0 -0.0310282 -0.0544417 -0.0521268
0 -0.0307048 -0.0532979 -0.050818
0 -0.0303682 -0.0522211 -0.0496015
0 -0.0300178 -0.0512116 -0.0484796
0 -0.0296533 -0.050269 -0.0474528
0 -0.0292749 -0.0493923 -0.0465204
0 -0.0288825 -0.0485804 -0.0456805
0 -0.0284772 -0.0478323 -0.0449304
0 -0.0280607 -0.0471475 -0.0442673
0 -0.0276364 -0.0465266 -0.0436888
0 -0.0272089 -0.0459714 -0.0431933
0 -0.0267835 -0.0454836 -0.0427789
0 -0.0263649 -0.0450638 -0.0424427
0 -0.0259572 -0.0447116 -0.0421807
0 -0.0255638 -0.0444251 -0.0419879
0 -0.0251878 -0.0442018 -0.0418587
0 -0.0248328 -0.0440386 -0.0417876
0 -0.0245021 -0.0439324 -0.0417693
0 -0.024199 -0.0438793 -0.0417987
0 -0.0239265 -0.0438754 -0.041871
0 -0.0236877 -0.0439168 -0.0419821
0 -0.0234861 -0.0440001 -0.0421287
0 -0.0233254 -0.0441225 -0.0423086
0 -0.0232089 -0.0442815 -0.04252
0 -0.0231397 -0.0444748 -0.0427612
0 -0.0231201 -0.0447003 -0.0430307
0 -0.0231518 -0.0449561 -0.0433272
0 -0.0232355 -0.0452407 -0.0436496
0 -0.023371 -0.0455525 -0.0439965
0 -0.0235559 -0.0458891 -0.0443658
0 -0.023786 -0.0462475 -0.0447541
0 -0.024056 -0.0466243 -0.0451579
0 -0.02436 -0.0470167 -0.0455739
0 -0.0246921 -0.0474225 -0.0459994
0 -0.0250461 -0.0478398 -0.0464321
0 -0.0254165 -0.0482677 -0.0468703
0 -0.0257984 -0.048706 -0.047314
0 -0.0261878 -0.0491557 -0.047764
0 -0.0265813 -0.0496179 -0.048222
0 -0.0269755 -0.0500939 -0.0486898
0 -0.0273671 -0.0505842 -0.049169
0 -0.0277528 -0.0510894 -0.0496615
0 -0.02813 -0.0516094 -0.0501689
0 -0.0284963 -0.0521447 -0.0506935
0 -0.0288502 -0.0526953 -0.0512374
0 -0.0291911 -0.0532617 -0.0518033
0 -0.029519 -0.0538441 -0.0523937
0 -0.0298345 -0.0544432 -0.053011
0 -0.0301387 -0.0550591 -0.0536575
0 -0.0304329 -0.0556918 -0.0543345
0 -0.0307178 -0.0563403 -0.0550422
0 -0.030994 -0.0570032 -0.0557795
0 -0.0312619 -0.0576786 -0.0565447
0 -0.0315226 -0.0583648 -0.0573355
0 -0.0317772 -0.0590607 -0.0581496
0 -0.032027 -0.0597647 -0.058984
0 -0.0322732 -0.0604756 -0.0598351
0 -0.0325162 -0.0611919 -0.0606987
0 -0.0327566 -0.0619119 -0.0615706
0 -0.0329949 -0.062634 -0.0624468
0 -0.0332308 -0.0633565 -0.0633231
0 -0.0334634 -0.0640773 -0.0641955
0 -0.0336921 -0.0647944 -0.0650597
0 -0.033917 -0.0655052 -0.0659111
0 -0.0341381 -0.0662068 -0.0667444
0 -0.0343536 -0.0668949 -0.0675538
0 -0.0345609 -0.0675651 -0.0683333
0 -0.0347589 -0.0682136 -0.0690783
0 -0.0349488 -0.0688392 -0.0697869
0 -0.0351336 -0.0694417 -0.0704591
0 -0.0353164 -0.0700216 -0.0710957
0 -0.0354988 -0.0705781 -0.0716968
0 -0.0356811 -0.0711093 -0.0722617
0 -0.0358631 -0.0716128 -0.0727894
0 -0.0360446 -0.0720864 -0.0732795
0 -0.0362251 -0.0725282 -0.0737315
0 -0.0364034 -0.0729362 -0.0741452
0 -0.0365786 -0.0733085 -0.0745203
0 -0.0367494 -0.0736435 -0.0748568
0 -0.036915 -0.0739406 -0.075155
0 -0.0370751 -0.0741999 -0.0754159
0 -0.0372294 -0.0744221 -0.0756407
0 -0.0373775 -0.074608 -0.0758305
0 -0.0375189 -0.0747586 -0.0759862
0 -0.0376527 -0.0748752 -0.0761086
0 -0.037778 -0.0749592 -0.0761984
0 -0.0378939 -0.0750123 -0.0762565
0 -0.0379994 -0.0750363 -0.0762835
0 -0.0380932 -0.0750329 -0.07628
0 -0.0381735 -0.0750033 -0.076246
0 -0.0382382 -0.0749484 -0.0761815
0 -0.0382851 -0.0748688 -0.0760861
0 -0.0383121 -0.074765 -0.07596
0 -0.0383182 -0.0746382 -0.0758041
0 -0.0383038 -0.0744905 -0.0756206
0 -0.0382703 -0.0743248 -0.075413
0 -0.0382199 -0.0741444 -0.0751853
0 -0.038155 -0.0739522 -0.0749416
0 -0.0380779 -0.0737508 -0.0746859
0 -0.0379905 -0.0735421 -0.0744214
0 -0.037894 -0.0733272 -0.0741511
0 -0.0377894 -0.0731066 -0.0738769
0 -0.0376771 -0.0728805 -0.0736004
0 -0.0375571 -0.0726483 -0.0733225
0 -0.037429 -0.0724089 -0.0730431
0 -0.0372911 -0.0721601 -0.0727609
0 -0.0371405 -0.0718986 -0.0724729
0 -0.0369735 -0.0716199 -0.0721749
0 -0.0367877 -0.0713211 -0.0718635
0 -0.0365833 -0.0710013 -0.0715375
0 -0.0363624 -0.070662 -0.0711975
0 -0.0361281 -0.0703052 -0.0708443
0 -0.0358829 -0.0699324 -0.070478
0 -0.0356289 -0.069545 -0.0700987
0 -0.0353687 -0.0691446 -0.0697062
0 -0.0351047 -0.0687327 -0.0693005
0 -0.0348386 -0.0683103 -0.068881
0 -0.0345707 -0.0678773 -0.068446
0 -0.0343009 -0.0674329 -0.0679935
0 -0.0340288 -0.0669762 -0.0675214
0 -0.033755 -0.0665073 -0.0670292
0 -0.033481 -0.0660268 -0.0665171
0 -0.0332081 -0.0655359 -0.0659859
0 -0.0329372 -0.0650352 -0.0654369
0 -0.0326695 -0.0645257 -0.0648711
0 -0.0324063 -0.064008 -0.0642901
0 -0.0321492 -0.0634834 -0.0636958
0 -0.0319002 -0.0629535 -0.0630908
0 -0.0316612 -0.0624204 -0.0624781
0 -0.0314334 -0.0618861 -0.0618605
0 -0.0312177 -0.0613527 -0.0612409
0 -0.0310161 -0.0608223 -0.0606222
0 -0.0308297 -0.0602972 -0.0600074
0 -0.0306593 -0.05978 -0.0593995
0 -0.0305055 -0.0592731 -0.0588019
0 -0.0303689 -0.0587792 -0.0582177
0 -0.0302496 -0.0583009 -0.0576501
0 -0.0301472 -0.0578408 -0.0571024
0 -0.0300612 -0.0574015 -0.0565778
0 -0.029991 -0.0569856 -0.0560794
0 -0.0299359 -0.0565956 -0.0556103
0 -0.029895 -0.056234 -0.0551733
0 -0.0298672 -0.0559031 -0.0547714
0 -0.0298513 -0.0556044 -0.0544066
0 -0.0298453 -0.0553391 -0.0540805
0 -0.0298467 -0.0551073 -0.0537938
0 -0.029853 -0.054909 -0.0535466
0 -0.0298616 -0.0547439 -0.0533391
0 -0.0298701 -0.0546113 -0.0531708
0 -0.0298759 -0.0545099 -0.053041
0 -0.0298767 -0.0544382 -0.0529485
0 -0.0298711 -0.0543952 -0.0528924
0 -0.029859 -0.0543807 -0.052873
0 -0.0298413 -0.0543951 -0.0528906
0 -0.0298194 -0.0544385 -0.0529456
0 -0.0297947 -0.0545106 -0.053038
0 -0.0297685 -0.0546106 -0.0531668
0 -0.0297419 -0.0547369 -0.0533305
0 -0.0297156 -0.0548876 -0.053527
0 -0.0296908 -0.0550606 -0.0537539
0 -0.0296694 -0.0552546 -0.0540095
0 -0.0296538 -0.0554688 -0.0542921
0 -0.0296469 -0.0557025 -0.0546004
0 -0.0296512 -0.0559552 -0.0549327
0 -0.0296684 -0.0562253 -0.0552863
0 -0.0296993 -0.056511 -0.0556579
0 -0.0297446 -0.05681 -0.056044
0 -0.0298051 -0.057121 -0.0564419
0 -0.029883 -0.057444 -0.0568502
0 -0.0299806 -0.0577798 -0.0572682
0 -0.0300998 -0.058129 -0.0576957
0 -0.0302416 -0.0584918 -0.0581317
0 -0.0304053 -0.0588672 -0.0585743
0 -0.0305894 -0.0592534 -0.0590212
0 -0.0307912 -0.059648 -0.0594696
0 -0.0310081 -0.0600491 -0.0599172
0 -0.0312372 -0.0604548 -0.0603618
0 -0.0314758 -0.060863 -0.0608015
0 -0.0317209 -0.0612717 -0.0612344
0 -0.0319693 -0.0616787 -0.0616589
0 -0.0322179 -0.0620822 -0.0620734
0 -0.0324641 -0.0624801 -0.062477
0 -0.0327061 -0.0628715 -0.0628696
0 -0.0329434 -0.0632564 -0.0632524
0 -0.0331753 -0.0636354 -0.063627
0 -0.0334015 -0.0640087 -0.0639951
0 -0.0336206 -0.0643755 -0.0643572
0 -0.0338304 -0.064734 -0.0647126
0 -0.0340278 -0.0650815 -0.0650599
0 -0.0342104 -0.0654156 -0.0653978
0 -0.0343762 -0.0657343 -0.0657254
0 -0.0345249 -0.066037 -0.0660429
0 -0.0346573 -0.0663243 -0.0663516
0 -0.0347755 -0.0665978 -0.0666533
0 -0.0348816 -0.066859 -0.0669496
0 -0.0349777 -0.0671094 -0.0672421
0 -0.0350656 -0.0673504 -0.0675314
0 -0.0351467 -0.0675825 -0.0678175
0 -0.035221 -0.0678055 -0.0680992
0 -0.0352879 -0.0680181 -0.0683737
0 -0.0353465 -0.0682191 -0.0686384
0 -0.0353972 -0.0684084 -0.0688914
0 -0.035441 -0.0685866 -0.0691316
0 -0.0354789 -0.068754 -0.0693577
0 -0.0355112 -0.0689106 -0.0695678
0 -0.0355372 -0.0690549 -0.0697596
0 -0.0355561 -0.0691855 -0.0699301
0 -0.0355677 -0.0693013 -0.0700777
0 -0.0355731 -0.0694025 -0.0702023
0 -0.0355752 -0.0694909 -0.0703054
0 -0.0355768 -0.0695682 -0.070389
0 -0.0355792 -0.0696347 -0.0704542
0 -0.0355824 -0.0696895 -0.0705007
0 -0.0355856 -0.0697309 -0.070528
0 -0.0355881 -0.0697575 -0.0705357
0 -0.0355893 -0.069768 -0.070524
0 -0.0355884 -0.0697614 -0.0704928
0 -0.0355838 -0.0697358 -0.0704415
0 -0.0355733 -0.0696889 -0.0703689
0 -0.035554 -0.0696181 -0.0702731
0 -0.0355232 -0.069521 -0.0701525
0 -0.0354786 -0.0693959 -0.0700057
0 -0.0354194 -0.0692425 -0.0698325
0 -0.0353461 -0.0690618 -0.069634
0 -0.0352603 -0.0688563 -0.0694123
0 -0.0351638 -0.0686284 -0.0691693
0 -0.0350578 -0.0683803 -0.0689066
0 -0.0349434 -0.068114 -0.0686255
0 -0.0348212 -0.0678312 -0.0683267
0 -0.0346916 -0.0675332 -0.0680109
0 -0.0345551 -0.0672216 -0.0676787
0 -0.0344124 -0.066898 -0.0673311
0 -0.0342649 -0.0665648 -0.0669698
0 -0.0341152 -0.0662252 -0.0665979
0 -0.0339669 -0.0658838 -0.0662194
0 -0.033824 -0.065545 -0.0658392
0 -0.0336903 -0.0652136 -0.0654618
0 -0.0335688 -0.0648933 -0.0650917
0 -0.0334616 -0.0645874 -0.0647323
0 -0.03337 -0.064298 -0.0643864
0 -0.0332945 -0.0640267 -0.0640561
0 -0.0332356 -0.063775 -0.0637437
0 -0.0331933 -0.0635443 -0.0634512
0 -0.0331667 -0.0633349 -0.06318
0 -0.033154 -0.0631467 -0.0629304
0 -0.0331532 -0.0629792 -0.062703
0 -0.0331626 -0.0628321 -0.0624984
0 -0.0331813 -0.062706 -0.062318
0 -0.0332089 -0.0626019 -0.0621638
0 -0.0332447 -0.0625208 -0.0620375
0 -0.0332876 -0.0624629 -0.0619402
0 -0.0333362 -0.0624279 -0.0618723
0 -0.0333883 -0.0624152 -0.0618335
0 -0.0334418 -0.0624236 -0.0618232
0 -0.0334934 -0.0624507 -0.0618393
0 -0.0335387 -0.0624928 -0.061878
0 -0.0335724 -0.0625447 -0.0619343
0 -0.0335896 -0.0626017 -0.0620033
0 -0.0335874 -0.06266 -0.0620811
0 -0.0335645 -0.0627178 -0.0621652
0 -0.0335213 -0.0627737 -0.0622541
0 -0.0334586 -0.0628267 -0.0623461
0 -0.0333778 -0.0628759 -0.06244
0 -0.0332803 -0.0629205 -0.062534
0 -0.0331676 -0.0629591 -0.062626
0 -0.0330407 -0.0629896 -0.0627134
0 -0.0329006 -0.0630101 -0.0627933
0 -0.0327485 -0.0630183 -0.0628627
0 -0.0325858 -0.0630123 -0.0629191
0 -0.0324143 -0.0629904 -0.0629596
0 -0.0322356 -0.0629508 -0.0629817
0 -0.0320517 -0.0628922 -0.0629831
0 -0.0318649 -0.0628135 -0.0629617
0 -0.0316778 -0.0627144 -0.0629158
0 -0.0314933 -0.0625949 -0.0628444
0 -0.0313151 -0.0624565 -0.0627477
0 -0.031147 -0.062301 -0.0626261
0 -0.0309925 -0.0621302 -0.0624804
0 -0.0308544 -0.061946 -0.0623114
0 -0.0307353 -0.0617504 -0.06212
0 -0.0306367 -0.061545 -0.0619074
0 -0.0305594 -0.0613314 -0.0616745
0 -0.0305038 -0.0611109 -0.0614225
0 -0.0304702 -0.0608857 -0.0611537
0 -0.0304595 -0.0606587 -0.0608712
0 -0.0304726 -0.0604334 -0.0605793
0 -0.0305094 -0.060213 -0.0602818
0 -0.0305687 -0.0599996 -0.0599816
0 -0.0306475 -0.0597941 -0.0596806
0 -0.030742 -0.0595972 -0.0593806
0 -0.0308488 -0.0594102 -0.0590838
0 -0.0309653 -0.0592348 -0.0587936
0 -0.0310886 -0.0590733 -0.0585141
0 -0.0312156 -0.0589271 -0.0582486
0 -0.0313424 -0.0587965 -0.0580002
0 -0.0314646 -0.0586814 -0.0577713
0 -0.0315785 -0.0585814 -0.0575644
0 -0.0316806 -0.0584961 -0.0573818
0 -0.0317673 -0.0584245 -0.0572251
0 -0.0318351 -0.0583651 -0.057095
0 -0.0318808 -0.058316 -0.0569916
0 -0.0319018 -0.0582754 -0.0569146
0 -0.0318967 -0.0582423 -0.0568635
0 -0.0318654 -0.0582161 -0.0568383
0 -0.0318091 -0.0581974 -0.0568391
0 -0.0317301 -0.0581869 -0.0568661
0 -0.0316308 -0.0581852 -0.0569185
0 -0.0315145 -0.0581931 -0.0569953
0 -0.0313844 -0.0582111 -0.0570951
0 -0.0312444 -0.0582397 -0.0572159
0 -0.0310984 -0.0582796 -0.0573555
0 -0.0309504 -0.0583309 -0.0575115
0 -0.0308046 -0.0583938 -0.0576813
0 -0.0306651 -0.0584684 -0.0578624
0 -0.0305358 -0.0585546 -0.0580523
0 -0.0304203 -0.058652 -0.0582487
0 -0.0303218 -0.0587603 -0.0584495
0 -0.0302432 -0.0588787 -0.0586526
0 -0.0301866 -0.0590067 -0.0588563
0 -0.0301534 -0.059143 -0.0590584
0 -0.0301436 -0.0592857 -0.0592562
0 -0.030156 -0.059432 -0.0594464
0 -0.0301886 -0.059579 -0.0596257
0 -0.0302396 -0.0597243 -0.0597916
0 -0.0303083 -0.0598668 -0.0599434
0 -0.0303948 -0.0600071 -0.0600817
0 -0.0304989 -0.0601456 -0.0602079
0 -0.0306197 -0.0602821 -0.0603226
0 -0.0307542 -0.0604153 -0.0604252
0 -0.0308986 -0.0605426 -0.0605147
0 -0.0310492 -0.0606623 -0.0605905
0 -0.0312033 -0.0607736 -0.060653
0 -0.0313591 -0.0608766 -0.0607039
0 -0.031515 -0.0609722 -0.0607454
0 -0.0316692 -0.0610606 -0.0607792
0 -0.0318199 -0.0611423 -0.060807
0 -0.0319652 -0.0612176 -0.0608305
0 -0.0321036 -0.061287 -0.0608516
0 -0.0322337 -0.061351 -0.0608721
0 -0.0323542 -0.0614105 -0.0608938
0 -0.0324645 -0.0614665 -0.0609185
0 -0.032565 -0.0615211 -0.0609491
0 -0.0326569 -0.0615771 -0.0609885
0 -0.0327418 -0.0616372 -0.06104
0 -0.032821 -0.0617042 -0.0611059
0 -0.0328953 -0.0617798 -0.0611879
0 -0.0329641 -0.0618644 -0.0612858
0 -0.0330258 -0.061957 -0.0613982
0 -0.0330788 -0.0620563 -0.0615228
0 -0.0331215 -0.0621609 -0.0616576
0 -0.0331531 -0.0622697 -0.0618008
0 -0.0331741 -0.0623828 -0.0619514
0 -0.0331863 -0.062501 -0.0621098
0 -0.0331926 -0.0626264 -0.0622771
0 -0.0331961 -0.0627609 -0.0624548
0 -0.0331998 -0.0629059 -0.0626437
0 -0.0332053 -0.0630614 -0.0628434
0 -0.0332127 -0.0632261 -0.0630522
0 -0.0332215 -0.0633976 -0.0632675
0 -0.0332309 -0.0635734 -0.0634865
0 -0.0332405 -0.0637514 -0.0637069
0 -0.0332499 -0.0639293 -0.0639263
0 -0.0332584 -0.0641046 -0.0641424
0 -0.0332656 -0.0642752 -0.0643525
0 -0.033271 -0.0644386 -0.0645545
0 -0.0332745 -0.0645931 -0.0647464
0 -0.0332771 -0.0647377 -0.0649273
0 -0.0332806 -0.0648728 -0.0650973
0 -0.0332874 -0.0649992 -0.0652572
0 -0.0332996 -0.065118 -0.0654075
0 -0.0333187 -0.0652296 -0.0655484
0 -0.0333452 -0.0653338 -0.0656792
0 -0.0333786 -0.0654299 -0.0657988
0 -0.033418 -0.0655168 -0.0659055
0 -0.0334622 -0.0655937 -0.0659981
0 -0.0335104 -0.06566 -0.0660757
0 -0.0335619 -0.0657159 -0.0661378
0 -0.0336163 -0.0657617 -0.0661848
0 -0.0336732 -0.065798 -0.0662169
0 -0.0337321 -0.0658254 -0.0662349
0 -0.0337923 -0.0658444 -0.0662392
0 -0.0338527 -0.0658554 -0.0662307
0 -0.0339121 -0.0658585 -0.0662098
0 -0.0339689 -0.0658533 -0.0661766
0 -0.0340211 -0.0658392 -0.0661313
0 -0.0340666 -0.0658154 -0.0660738
0 -0.0341037 -0.0657815 -0.0660045
0 -0.0341313 -0.0657372 -0.065924
0 -0.0341485 -0.0656828 -0.0658332
0 -0.0341546 -0.0656181 -0.0657331
0 -0.0341492 -0.0655434 -0.0656245
0 -0.0341318 -0.0654588 -0.065508
0 -0.0341022 -0.0653643 -0.0653845
0 -0.0340603 -0.0652599 -0.0652546
0 -0.0340063 -0.065146 -0.0651187
0 -0.0339405 -0.0650226 -0.0649774
0 -0.0338633 -0.0648899 -0.064831
0 -0.0337753 -0.0647482 -0.0646797
0 -0.0336771 -0.0645977 -0.0645236
0 -0.0335697 -0.0644386 -0.0643629
0 -0.0334538 -0.0642714 -0.0641975
0 -0.0333304 -0.0640961 -0.0640269
0 -0.0331999 -0.0639126 -0.0638505
0 -0.0330624 -0.0637201 -0.0636669
0 -0.0329178 -0.063518 -0.0634746
0 -0.0327661 -0.0633054 -0.063272
0 -0.0326079 -0.0630821 -0.0630581
0 -0.032444 -0.062848 -0.062832
0 -0.0322762 -0.0626042 -0.0625941
0 -0.0321067 -0.0623517 -0.0623446
0 -0.0319373 -0.062092 -0.0620842
0 -0.0317697 -0.061826 -0.0618135
0 -0.0316052 -0.0615545 -0.0615326
0 -0.0314449 -0.0612778 -0.0612415
0 -0.0312888 -0.0609956 -0.0609397
0 -0.0311367 -0.0607074 -0.0606263
0 -0.0309882 -0.0604127 -0.0603008
0 -0.0308433 -0.0601111 -0.0599631
0 -0.0307016 -0.0598026 -0.0596131
0 -0.0305637 -0.0594877 -0.0592516
0 -0.0304302 -0.0591677 -0.0588802
0 -0.0303024 -0.0588441 -0.0585008
0 -0.0301812 -0.0585188 -0.0581154
0 -0.0300673 -0.0581932 -0.0577264
0 -0.0299612 -0.0578691 -0.0573359
0 -0.0298634 -0.0575483 -0.0569467
0 -0.0297742 -0.0572324 -0.0565612
0 -0.0296936 -0.0569231 -0.0561818
0 -0.0296209 -0.0566213 -0.0558106
0 -0.0295547 -0.0563276 -0.0554488
0 -0.0294937 -0.0560425 -0.0550981
0 -0.0294372 -0.0557672 -0.0547602
0 -0.0293853 -0.0555038 -0.0544379
0 -0.0293386 -0.0552546 -0.0541343
0 -0.0292972 -0.0550215 -0.0538517
0 -0.0292602 -0.0548054 -0.0535915
0 -0.0292263 -0.0546067 -0.0533541
0 -0.0291941 -0.0544256 -0.0531399
0 -0.0291629 -0.0542627 -0.0529496
0 -0.0291325 -0.0541188 -0.0527839
0 -0.0291026 -0.0539947 -0.0526435
0 -0.0290728 -0.0538907 -0.0525283
0 -0.0290424 -0.0538064 -0.0524379
0 -0.0290107 -0.0537413 -0.0523714
0 -0.0289773 -0.0536949 -0.052328
0 -0.0289442 -0.0536688 -0.0523091
0 -0.0289159 -0.053667 -0.0523182
0 -0.0288986 -0.0536945 -0.0523605
0 -0.028897 -0.0537555 -0.0524397
0 -0.0289139 -0.0538516 -0.0525572
0 -0.0289499 -0.0539828 -0.0527128
0 -0.0290051 -0.0541479 -0.0529053
0 -0.0290784 -0.0543452 -0.0531327
0 -0.0291678 -0.054572 -0.0533921
0 -0.0292711 -0.0548254 -0.0536805
0 -0.0293875 -0.0551037 -0.0539961
0 -0.0295183 -0.0554078 -0.0543395
0 -0.0296665 -0.05574 -0.0547132
0 -0.0298355 -0.0561032 -0.0551197
0 -0.0300272 -0.0564993 -0.0555608
0 -0.0302422 -0.0569284 -0.0560367
0 -0.0304799 -0.05739 -0.0565466
0 -0.0307395 -0.0578834 -0.0570897
0 -0.0310199 -0.0584076 -0.0576652
0 -0.0313199 -0.0589615 -0.0582716
0 -0.0316368 -0.0595426 -0.0589066
0 -0.0319666 -0.060147 -0.0595663
0 -0.0323047 -0.0607703 -0.0602464
0 -0.0326465 -0.0614081 -0.0609425
0 -0.0329883 -0.0620564 -0.0616507
0 -0.0333272 -0.062712 -0.062368
0 -0.0336615 -0.0633732 -0.0630925
0 -0.0339897 -0.064039 -0.0638233
0 -0.0343104 -0.0647087 -0.0645599
0 -0.0346228 -0.0653815 -0.0653015
0 -0.0349271 -0.0660563 -0.0660473
0 -0.0352232 -0.0667317 -0.0667963
0 -0.0355099 -0.0674061 -0.067547
0 -0.0357854 -0.0680766 -0.0682971
0 -0.0360476 -0.0687396 -0.0690429
0 -0.0362951 -0.0693912 -0.0697808
0 -0.0365266 -0.0700281 -0.0705071
0 -0.0367414 -0.0706476 -0.0712185
0 -0.0369387 -0.071247 -0.0719117
0 -0.0371187 -0.071824 -0.0725835
0 -0.0372815 -0.0723764 -0.0732307
0 -0.0374279 -0.0729024 -0.0738506
0 -0.0375584 -0.0734003 -0.0744402
0 -0.0376738 -0.0738686 -0.0749969
0 -0.0377748 -0.0743056 -0.075518
0 -0.0378618 -0.0747094 -0.0760005
0 -0.0379352 -0.0750783 -0.0764417
0 -0.0379954 -0.0754106 -0.076839
0 -0.0380426 -0.0757045 -0.0771901
0 -0.0380774 -0.0759586 -0.0774931
0 -0.0380998 -0.0761713 -0.0777459
0 -0.03811 -0.0763413 -0.0779471
0 -0.0381083 -0.0764673 -0.0780954
0 -0.0380958 -0.0765491 -0.0781908
0 -0.0380743 -0.0765877 -0.0782344
0 -0.0380464 -0.0765846 -0.0782284
0 -0.0380144 -0.0765418 -0.078175
0 -0.0379794 -0.0764603 -0.0780757
0 -0.0379408 -0.0763398 -0.0779308
0 -0.0378971 -0.0761797 -0.0777401
0 -0.037847 -0.07598 -0.0775038
0 -0.0377899 -0.0757419 -0.0772233
0 -0.0377259 -0.0754672 -0.0769008
0 -0.037655 -0.0751584 -0.0765389
0 -0.0375768 -0.0748176 -0.0761397
0 -0.0374907 -0.0744469 -0.0757057
0 -0.0373959 -0.0740486 -0.0752392
0 -0.0372916 -0.0736247 -0.0747426
0 -0.0371767 -0.0731773 -0.0742182
0 -0.0370501 -0.0727084 -0.0736684
0 -0.0369111 -0.0722199 -0.0730956
0 -0.0367586 -0.0717136 -0.0725024
0 -0.0365917 -0.071191 -0.0718909
0 -0.0364085 -0.0706526 -0.0712624
0 -0.0362069 -0.0700982 -0.0706177
0 -0.0359848 -0.0695273 -0.0699572
0 -0.0357405 -0.0689396 -0.0692814
0 -0.0354737 -0.0683356 -0.0685915
0 -0.0351853 -0.0677165 -0.0678896
0 -0.0348768 -0.0670843 -0.0671779
0 -0.0345504 -0.0664405 -0.0664587
0 -0.0342074 -0.0657857 -0.0657325
0 -0.0338483 -0.0651194 -0.0649994
0 -0.0334729 -0.0644409 -0.0642586
0 -0.0330824 -0.06375 -0.0635101
0 -0.0326804 -0.0630481 -0.0627551
0 -0.032271 -0.0623376 -0.061996
0 -0.0318576 -0.0616209 -0.0612348
0 -0.0314422 -0.0608991 -0.0604722
0 -0.0310257 -0.0601723 -0.0597075
0 -0.0306095 -0.0594407 -0.0589398
0 -0.0301954 -0.0587046 -0.0581683
0 -0.0297854 -0.0579654 -0.0573931
0 -0.0293824 -0.0572251 -0.0566153
0 -0.0289896 -0.0564866 -0.0558363
0 -0.0286104 -0.0557525 -0.0550578
0 -0.0282475 -0.0550257 -0.0542815
0 -0.027903 -0.0543085 -0.053509
0 -0.0275788 -0.053603 -0.0527417
0 -0.0272763 -0.0529114 -0.0519816
0 -0.0269967 -0.0522358 -0.0512306
0 -0.0267413 -0.0515786 -0.0504915
0 -0.0265112 -0.0509425 -0.0497674
0 -0.0263073 -0.0503299 -0.0490615
0 -0.02613 -0.0497432 -0.0483773
0 -0.0259796 -0.0491847 -0.0477182
0 -0.0258559 -0.0486566 -0.0470879
0 -0.0257586 -0.0481609 -0.04649
0 -0.025687 -0.0476996 -0.045928
0 -0.0256401 -0.0472745 -0.0454055
0 -0.0256169 -0.0468875 -0.0449257
0 -0.0256162 -0.0465403 -0.0444918
0 -0.0256365 -0.0462347 -0.0441069
0 -0.0256764 -0.0459723 -0.0437736
0 -0.0257342 -0.0457547 -0.0434944
0 -0.025808 -0.0455832 -0.0432712
0 -0.0258961 -0.0454593 -0.0431059
0 -0.0259966 -0.045384 -0.0429997
0 -0.0261077 -0.0453585 -0.0429536
0 -0.0262271 -0.0453833 -0.042968
0 -0.0263524 -0.0454581 -0.0430419
0 -0.0264804 -0.0455821 -0.0431741
0 -0.0266085 -0.0457539 -0.0433627
0 -0.0267345 -0.0459723 -0.043606
0 -0.0268567 -0.0462358 -0.0439022
0 -0.0269743 -0.0465429 -0.0442495
0 -0.0270871 -0.0468916 -0.0446462
0 -0.0271952 -0.0472798 -0.0450902
0 -0.027299 -0.0477048 -0.0455792
0 -0.0273988 -0.048163 -0.04611
0 -0.0274947 -0.0486504 -0.0466787
0 -0.0275871 -0.0491626 -0.0472815
0 -0.0276775 -0.0496962 -0.0479146
0 -0.0277686 -0.0502485 -0.0485756
0 -0.0278639 -0.0508177 -0.0492622
0 -0.0279668 -0.0514023 -0.0499719
0 -0.0280802 -0.0520001 -0.0507017
0 -0.0282065 -0.0526088 -0.0514478
0 -0.0283475 -0.0532263 -0.0522064
0 -0.0285053 -0.0538506 -0.0529737
0 -0.0286813 -0.0544802 -0.053746
0 -0.0288765 -0.0551134 -0.0545196
0 -0.029092 -0.0557493 -0.0552914
0 -0.0293287 -0.0563872 -0.0560592
0 -0.0295874 -0.0570274 -0.0568214
0 -0.0298688 -0.0576704 -0.0575773
0 -0.030173 -0.0583169 -0.058326
0 -0.0304993 -0.058967 -0.0590666
0 -0.0308465 -0.0596206 -0.059798
0 -0.0312122 -0.0602767 -0.0605183
0 -0.0315936 -0.0609343 -0.0612261
0 -0.031988 -0.0615921 -0.0619199
0 -0.032393 -0.0622487 -0.0625989
0 -0.0328056 -0.0629027 -0.063263
0 -0.0332221 -0.0635529 -0.0639122
0 -0.0336392 -0.0641984 -0.0645477
0 -0.0340549 -0.0648382 -0.065171
0 -0.0344679 -0.0654717 -0.0657838
0 -0.0348761 -0.066098 -0.0663879
0 -0.0352766 -0.0667161 -0.066985
0 -0.0356665 -0.0673247 -0.0675763
0 -0.0360427 -0.0679221 -0.0681626
0 -0.0364025 -0.0685063 -0.0687438
0 -0.0367432 -0.0690753 -0.0693197
0 -0.0370617 -0.0696271 -0.0698898
0 -0.0373553 -0.0701602 -0.0704533
0 -0.0376223 -0.0706731 -0.0710089
0 -0.0378613 -0.0711642 -0.0715551
0 -0.0380708 -0.0716322 -0.0720899
0 -0.0382498 -0.072076 -0.0726111
0 -0.0383976 -0.0724944 -0.0731158
0 -0.0385144 -0.0728866 -0.0736013
0 -0.0386007 -0.0732522 -0.0740648
0 -0.0386583 -0.0735914 -0.074504
0 -0.0386895 -0.073905 -0.0749173
0 -0.0386976 -0.074194 -0.0753031
0 -0.0386852 -0.0744589 -0.0756598
0 -0.0386547 -0.0746993 -0.0759849
0 -0.0386075 -0.0749141 -0.0762756
0 -0.0385451 -0.0751016 -0.0765289
0 -0.0384691 -0.0752602 -0.0767424
0 -0.038382 -0.0753891 -0.0769148
0 -0.0382869 -0.0754882 -0.0770458
0 -0.0381874 -0.0755577 -0.0771362
0 -0.0380874 -0.0755984 -0.0771872
0 -0.03799 -0.0756108 -0.0772002
0 -0.0378983 -0.0755952 -0.0771767
0 -0.0378144 -0.0755516 -0.0771179
0 -0.0377395 -0.0754798 -0.0770247
0 -0.0376741 -0.0753793 -0.0768978
0 -0.0376181 -0.0752495 -0.0767377
0 -0.0375709 -0.0750906 -0.0765451
0 -0.0375321 -0.074903 -0.0763211
0 -0.0375006 -0.0746879 -0.0760669
0 -0.037476 -0.0744472 -0.0757842
0 -0.0374573 -0.0741831 -0.0754752
0 -0.0374435 -0.0738985 -0.0751421
0 -0.0374333 -0.0735959 -0.0747871
0 -0.037425 -0.0732781 -0.0744122
0 -0.0374162 -0.0729473 -0.0740192
0 -0.0374037 -0.0726047 -0.0736092
0 -0.0373833 -0.0722509 -0.0731824
0 -0.0373509 -0.0718858 -0.072739
0 -0.0373023 -0.0715095 -0.0722795
0 -0.0372344 -0.071122 -0.0718048
0 -0.0371451 -0.0707243 -0.0713169
0 -0.0370333 -0.0703175 -0.0708184
0 -0.0368989 -0.0699031 -0.0703123
0 -0.0367421 -0.0694824 -0.0698015
0 -0.0365634 -0.0690566 -0.0692888
0 -0.0363635 -0.0686261 -0.0687761
0 -0.0361429 -0.0681911 -0.0682648
0 -0.035902 -0.0677509 -0.0677556
0 -0.0356413 -0.0673049 -0.0672488
0 -0.0353619 -0.0668526 -0.0667446
0 -0.0350658 -0.0663936 -0.0662433
0 -0.0347553 -0.0659283 -0.0657455
0 -0.0344337 -0.0654575 -0.0652519
0 -0.0341043 -0.0649822 -0.0647634
0 -0.03377 -0.0645036 -0.0642803
0 -0.033434 -0.0640229 -0.0638031
0 -0.0330997 -0.0635414 -0.0633316
0 -0.0327705 -0.0630604 -0.0628659
0 -0.0324495 -0.0625815 -0.0624059
0 -0.0321396 -0.0621062 -0.0619511
0 -0.0318432 -0.0616362 -0.0615014
0 -0.0315622 -0.0611731 -0.0610563
0 -0.0312986 -0.0607186 -0.0606153
0 -0.0310541 -0.0602737 -0.0601778
0 -0.030829 -0.0598389 -0.0597422
0 -0.0306223 -0.0594138 -0.0593069
0 -0.0304332 -0.0589981 -0.0588702
0 -0.0302612 -0.0585914 -0.0584309
0 -0.0301055 -0.0581945 -0.0579889
0 -0.029966 -0.0578081 -0.0575449
0 -0.0298427 -0.0574337 -0.0571003
0 -0.0297351 -0.057072 -0.0566568
0 -0.0296427 -0.0567239 -0.0562163
0 -0.0295645 -0.0563898 -0.0557811
0 -0.0294998 -0.0560705 -0.0553541
0 -0.0294477 -0.0557664 -0.0549386
0 -0.0294078 -0.0554786 -0.0545383
0 -0.0293797 -0.0552078 -0.0541572
0 -0.029362 -0.0549546 -0.0537987
0 -0.0293528 -0.0547184 -0.0534649
0 -0.0293495 -0.0544983 -0.0531575
0 -0.0293495 -0.0542932 -0.0528775
0 -0.0293503 -0.0541027 -0.0526257
0 -0.0293505 -0.0539269 -0.0524036
0 -0.0293498 -0.0537676 -0.0522129
0 -0.0293492 -0.0536273 -0.0520561
0 -0.0293494 -0.0535087 -0.051935
0 -0.0293508 -0.0534138 -0.0518505
0 -0.0293534 -0.0533441 -0.0518024
0 -0.0293572 -0.0533008 -0.05179
0 -0.0293622 -0.0532855 -0.0518127
0 -0.0293685 -0.0532987 -0.0518691
0 -0.0293756 -0.0533407 -0.051957
0 -0.0293829 -0.0534107 -0.0520742
0 -0.0293899 -0.0535078 -0.0522181
0 -0.0293967 -0.0536311 -0.0523865
0 -0.0294037 -0.0537793 -0.0525774
0 -0.0294117 -0.0539511 -0.0527893
0 -0.0294218 -0.0541451 -0.0530208
0 -0.0294354 -0.05436 -0.0532708
0 -0.029454 -0.0545942 -0.0535385
0 -0.0294793 -0.0548459 -0.0538229
0 -0.0295126 -0.0551132 -0.0541232
0 -0.0295554 -0.0553942 -0.0544383
0 -0.0296087 -0.0556868 -0.0547673
0 -0.0296735 -0.0559891 -0.0551089
0 -0.0297507 -0.0562992 -0.055462
0 -0.0298407 -0.0566154 -0.0558251
0 -0.0299439 -0.0569362 -0.0561968
0 -0.0300601 -0.0572601 -0.0565754
0 -0.0301891 -0.0575861 -0.0569593
0 -0.0303303 -0.0579131 -0.0573467
0 -0.0304827 -0.0582404 -0.0577358
0 -0.0306458 -0.0585675 -0.0581252
0 -0.030819 -0.0588948 -0.0585137
0 -0.031002 -0.0592229 -0.058901
0 -0.0311944 -0.0595527 -0.0592867
0 -0.031395 -0.0598843 -0.0596699
0 -0.031602 -0.0602174 -0.0600493
0 -0.031813 -0.0605509 -0.060423
0 -0.0320254 -0.0608837 -0.0607895
0 -0.032237 -0.0612147 -0.0611473
0 -0.0324454 -0.0615429 -0.0614954
0 -0.0326483 -0.061867 -0.0618328
0 -0.032844 -0.0621857 -0.0621585
0 -0.0330304 -0.0624976 -0.0624721
0 -0.0332061 -0.0628019 -0.0627735
0 -0.0333708 -0.0630985 -0.0630638
0 -0.0335249 -0.0633878 -0.0633446
0 -0.0336691 -0.06367 -0.0636177
0 -0.0338041 -0.0639455 -0.0638848
0 -0.0339305 -0.0642144 -0.0641475
0 -0.0340493 -0.0644768 -0.0644074
0 -0.0341613 -0.064733 -0.0646657
0 -0.0342675 -0.0649829 -0.0649237
0 -0.0343688 -0.0652266 -0.0651822
0 -0.0344658 -0.0654642 -0.0654418
0 -0.0345595 -0.0656961 -0.065703
0 -0.0346508 -0.0659227 -0.0659661
0 -0.0347404 -0.0661441 -0.066231
0 -0.0348286 -0.0663606 -0.066497
0 -0.0349152 -0.0665715 -0.0667628
0 -0.0349994 -0.0667765 -0.0670264
0 -0.0350808 -0.066975 -0.0672858
0 -0.0351587 -0.0671667 -0.067539
0 -0.0352328 -0.0673514 -0.067784
0 -0.0353027 -0.0675289 -0.0680187
0 -0.0353676 -0.0676989 -0.068241
0 -0.0354274 -0.067861 -0.0684492
0 -0.0354818 -0.0680149 -0.0686418
0 -0.0355307 -0.0681603 -0.0688176
0 -0.0355742 -0.068297 -0.068976
0 -0.0356127 -0.0684245 -0.0691166
0 -0.0356463 -0.0685424 -0.0692392
0 -0.0356755 -0.0686503 -0.0693441
0 -0.0357008 -0.0687476 -0.0694321
0 -0.0357234 -0.0688346 -0.0695044
0 -0.0357442 -0.0689112 -0.0695625
0 -0.0357644 -0.0689776 -0.069608
0 -0.0357844 -0.0690335 -0.0696423
0 -0.0358044 -0.0690784 -0.0696661
0 -0.0358239 -0.0691114 -0.0696799
0 -0.0358424 -0.0691318 -0.0696838
0 -0.0358592 -0.0691391 -0.069678
0 -0.0358737 -0.0691328 -0.0696626
0 -0.035885 -0.0691127 -0.0696374
0 -0.0358925 -0.0690788 -0.0696022
0 -0.0358951 -0.0690311 -0.0695564
0 -0.0358921 -0.0689699 -0.0694996
0 -0.0358826 -0.0688955 -0.0694311
0 -0.0358657 -0.0688082 -0.0693503
0 -0.0358409 -0.0687087 -0.0692569
0 -0.0358079 -0.0685979 -0.0691504
0 -0.0357668 -0.0684767 -0.069031
0 -0.0357175 -0.0683462 -0.0688987
0 -0.0356603 -0.0682073 -0.0687539
0 -0.0355953 -0.0680606 -0.0685967
0 -0.0355225 -0.0679063 -0.0684272
0 -0.0354415 -0.0677443 -0.0682452
0 -0.0353517 -0.0675739 -0.0680504
0 -0.0352528 -0.0673945 -0.0678427
0 -0.0351447 -0.0672056 -0.0676222
0 -0.0350282 -0.0670072 -0.0673898
0 -0.0349044 -0.0667996 -0.0671467
0 -0.0347745 -0.0665834 -0.0668946
0 -0.0346401 -0.0663592 -0.0666347
0 -0.0345023 -0.0661274 -0.0663683
0 -0.0343625 -0.0658887 -0.0660969
0 -0.0342219 -0.0656436 -0.0658214
0 -0.0340816 -0.065393 -0.0655429
0 -0.0339424 -0.0651371 -0.065262
0 -0.0338043 -0.064876 -0.0649786
0 -0.0336668 -0.064609 -0.0646919
0 -0.0335292 -0.0643358 -0.064401
0 -0.0333907 -0.0640559 -0.0641052
0 -0.0332508 -0.0637692 -0.0638036
0 -0.033109 -0.0634755 -0.0634954
0 -0.0329651 -0.063175 -0.0631799
0 -0.0328188 -0.0628679 -0.0628567
0 -0.0326702 -0.0625544 -0.0625255
0 -0.032519 -0.0622347 -0.0621858
0 -0.0323653 -0.0619093 -0.0618374
0 -0.0322091 -0.0615783 -0.0614802
0 -0.0320501 -0.061242 -0.0611141
0 -0.0318883 -0.0609007 -0.0607392
0 -0.0317242 -0.060555 -0.060356
0 -0.0315582 -0.0602052 -0.0599649
0 -0.0313905 -0.059852 -0.0595664
0 -0.0312214 -0.0594956 -0.0591613
0 -0.0310514 -0.0591365 -0.0587502
0 -0.0308808 -0.0587752 -0.0583342
0 -0.0307104 -0.0584123 -0.0579146
0 -0.0305412 -0.0580489 -0.0574931
0 -0.0303742 -0.057686 -0.0570715
0 -0.0302103 -0.0573246 -0.0566516
0 -0.0300503 -0.0569657 -0.0562351
0 -0.0298952 -0.0566106 -0.055824
0 -0.0297456 -0.0562602 -0.0554198
0 -0.0296023 -0.0559157 -0.0550243
0 -0.029466 -0.0555783 -0.0546392
0 -0.029337 -0.0552493 -0.054266
0 -0.0292159 -0.0549299 -0.053906
0 -0.0291031 -0.0546216 -0.0535606
0 -0.0289988 -0.0543256 -0.053231
0 -0.0289033 -0.0540435 -0.0529182
0 -0.0288166 -0.0537766 -0.0526232
0 -0.0287388 -0.0535262 -0.0523469
0 -0.02867 -0.0532936 -0.0520903
0 -0.0286102 -0.0530803 -0.0518541
0 -0.0285593 -0.0528873 -0.0516392
0 -0.0285172 -0.0527157 -0.0514462
0 -0.0284836 -0.0525663 -0.0512759
0 -0.028458 -0.0524395 -0.0511285
0 -0.0284398 -0.0523356 -0.0510043
0 -0.0284283 -0.0522544 -0.0509033
0 -0.0284229 -0.0521959 -0.0508258
0 -0.0284231 -0.0521598 -0.0507721
0 -0.0284286 -0.0521458 -0.0507422
0 -0.0284388 -0.0521537 -0.0507366
0 -0.028454 -0.052183 -0.0507554
0 -0.0284743 -0.0522339 -0.0507994
0 -0.0285007 -0.0523065 -0.0508696
0 -0.028534 -0.0524012 -0.0509666
0 -0.028575 -0.0525179 -0.0510912
0 -0.028624 -0.0526563 -0.0512432
0 -0.0286807 -0.0528152 -0.0514216
0 -0.0287438 -0.0529926 -0.0516247
0 -0.028812 -0.0531863 -0.0518499
0 -0.028884 -0.0533942 -0.0520949
0 -0.0289587 -0.0536142 -0.0523574
0 -0.0290352 -0.0538449 -0.052635
0 -0.0291135 -0.054085 -0.0529259
0 -0.0291941 -0.0543343 -0.0532291
0 -0.0292782 -0.0545929 -0.0535438
0 -0.029367 -0.054861 -0.0538694
0 -0.0294615 -0.0551385 -0.0542049
0 -0.0295625 -0.0554256 -0.0545495
0 -0.0296709 -0.0557221 -0.0549024
0 -0.0297876 -0.0560281 -0.055263
0 -0.0299133 -0.0563435 -0.0556306
0 -0.0300486 -0.0566682 -0.0560047
0 -0.0301939 -0.0570021 -0.0563849
0 -0.0303496 -0.057345 -0.0567708
0 -0.0305157 -0.0576966 -0.0571624
0 -0.0306923 -0.0580568 -0.0575593
0 -0.0308793 -0.0584252 -0.0579615
0 -0.0310761 -0.0588012 -0.0583689
0 -0.031282 -0.0591845 -0.0587811
0 -0.0314961 -0.0595745 -0.0591981
0 -0.0317177 -0.0599706 -0.0596197
0 -0.0319459 -0.0603724 -0.060046
0 -0.0321796 -0.0607795 -0.0604769
0 -0.0324178 -0.0611914 -0.0609123
0 -0.0326594 -0.0616076 -0.0613522
0 -0.0329036 -0.0620277 -0.0617967
0 -0.0331495 -0.0624513 -0.0622456
0 -0.0333958 -0.062878 -0.0626988
0 -0.0336408 -0.0633073 -0.0631562
0 -0.0338834 -0.0637387 -0.0636173
0 -0.0341218 -0.0641711 -0.0640815
0 -0.0343545 -0.0646034 -0.0645478
0 -0.0345801 -0.0650343 -0.0650152
0 -0.0347972 -0.0654626 -0.0654826
0 -0.0350047 -0.065887 -0.0659491
0 -0.0352012 -0.0663062 -0.0664132
0 -0.0353856 -0.0667188 -0.0668738
0 -0.035557 -0.067123 -0.0673289
0 -0.0357141 -0.0675172 -0.0677769
0 -0.0358565 -0.0678996 -0.0682156
0 -0.0359836 -0.0682684 -0.068643
0 -0.0360952 -0.0686222 -0.0690571
0 -0.0361913 -0.0689592 -0.0694556
0 -0.0362721 -0.0692782 -0.0698365
0 -0.0363384 -0.0695782 -0.0701981
0 -0.0363915 -0.0698586 -0.0705391
0 -0.0364329 -0.0701192 -0.0708585
0 -0.0364644 -0.0703598 -0.0711552
0 -0.0364876 -0.07058 -0.0714282
0 -0.036504 -0.0707796 -0.0716765
0 -0.0365152 -0.0709585 -0.0718995
0 -0.0365226 -0.0711165 -0.0720965
0 -0.0365276 -0.0712537 -0.072267
0 -0.0365315 -0.0713699 -0.0724107
0 -0.0365355 -0.0714654 -0.0725276
0 -0.0365407 -0.0715405 -0.0726178
0 -0.0365483 -0.0715958 -0.0726819
0 -0.0365589 -0.0716318 -0.0727205
0 -0.0365733 -0.0716489 -0.0727343
0 -0.0365915 -0.071648 -0.0727242
0 -0.0366138 -0.0716296 -0.0726912
0 -0.0366399 -0.0715945 -0.0726364
0 -0.0366693 -0.0715437 -0.0725609
0 -0.0367014 -0.0714781 -0.072466
0 -0.036735 -0.0713983 -0.072353
0 -0.036769 -0.0713052 -0.0722229
0 -0.036802 -0.0711997 -0.0720772
0 -0.0368325 -0.0710826 -0.0719171
0 -0.0368591 -0.0709549 -0.0717442
0 -0.0368803 -0.0708173 -0.0715597
0 -0.0368943 -0.0706704 -0.0713649
0 -0.0368995 -0.0705147 -0.0711608
0 -0.036894 -0.0703506 -0.0709485
0 -0.0368765 -0.0701783 -0.0707289
0 -0.0368456 -0.0699981 -0.070503
0 -0.0368003 -0.0698103 -0.0702718
0 -0.03674 -0.0696152 -0.0700359
0 -0.036664 -0.069413 -0.0697963
0 -0.0365722 -0.0692038 -0.0695534
0 -0.0364647 -0.0689878 -0.0693079
0 -0.0363419 -0.068765 -0.0690601
0 -0.0362043 -0.0685357 -0.0688103
0 -0.0360529 -0.0682999 -0.0685587
0 -0.0358888 -0.0680578 -0.0683053
0 -0.0357132 -0.0678094 -0.0680499
0 -0.0355274 -0.0675548 -0.0677924
0 -0.035333 -0.0672941 -0.0675323
0 -0.0351313 -0.0670271 -0.0672689
0 -0.0349239 -0.0667539 -0.0670017
0 -0.0347123 -0.0664746 -0.0667298
0 -0.0344983 -0.0661891 -0.0664525
0 -0.0342832 -0.0658978 -0.0661691
0 -0.0340685 -0.0656006 -0.0658789
0 -0.0338556 -0.0652979 -0.065581
0 -0.0336457 -0.0649899 -0.0652749
0 -0.03344 -0.064677 -0.0649602
0 -0.0332396 -0.0643594 -0.0646366
0 -0.0330453 -0.0640379 -0.0643038
0 -0.0328581 -0.0637127 -0.0639621
0 -0.032679 -0.0633845 -0.0636116
0 -0.0325089 -0.0630537 -0.0632525
0 -0.0323478 -0.0627208 -0.0628853
0 -0.032196 -0.0623863 -0.0625107
0 -0.0320537 -0.0620507 -0.0621293
0 -0.0319209 -0.0617146 -0.0617419
0 -0.0317972 -0.0613782 -0.0613496
0 -0.031682 -0.0610422 -0.0609533
0 -0.0315753 -0.060707 -0.0605541
0 -0.0314762 -0.0603733 -0.0601531
0 -0.0313838 -0.0600414 -0.0597516
0 -0.0312972 -0.0597118 -0.0593506
0 -0.0312151 -0.0593849 -0.0589511
0 -0.0311361 -0.0590609 -0.0585544
0 -0.0310588 -0.0587401 -0.0581615
0 -0.0309815 -0.0584228 -0.0577735
0 -0.0309027 -0.0581092 -0.0573913
0 -0.0308207 -0.0577992 -0.0570158
0 -0.0307341 -0.0574928 -0.0566477
0 -0.0306415 -0.0571904 -0.0562881
0 -0.0305426 -0.0568924 -0.0559381
0 -0.0304371 -0.0565997 -0.0555991
0 -0.0303255 -0.0563136 -0.0552727
0 -0.0302084 -0.0560351 -0.0549601
0 -0.0300865 -0.0557651 -0.0546623
0 -0.0299605 -0.0555046 -0.0543801
0 -0.0298313 -0.0552543 -0.054114
0 -0.0296995 -0.0550148 -0.053864
0 -0.029566 -0.0547863 -0.05363
0 -0.0294312 -0.0545689 -0.0534115
0 -0.0292962 -0.0543628 -0.0532078
0 -0.0291619 -0.0541683 -0.0530186
0 -0.0290299 -0.053986 -0.0528436
0 -0.0289017 -0.0538164 -0.0526828
0 -0.0287793 -0.0536606 -0.0525362
0 -0.0286645 -0.0535191 -0.0524041
0 -0.0285591 -0.0533928 -0.0522865
0 -0.0284646 -0.0532822 -0.0521835
0 -0.0283826 -0.0531879 -0.0520953
0 -0.0283142 -0.0531103 -0.052022
0 -0.0282606 -0.0530496 -0.0519637
0 -0.0282222 -0.053006 -0.0519202
0 -0.0281992 -0.0529791 -0.0518915
0 -0.0281918 -0.0529688 -0.0518774
0 -0.0281998 -0.0529748 -0.051878
0 -0.028223 -0.0529972 -0.0518933
0 -0.0282608 -0.0530356 -0.0519235
0 -0.028313 -0.0530901 -0.0519691
0 -0.0283789 -0.0531608 -0.0520306
0 -0.0284582 -0.0532481 -0.0521088
0 -0.0285502 -0.0533523 -0.0522044
0 -0.0286542 -0.0534736 -0.0523181
0 -0.0287692 -0.0536122 -0.0524505
0 -0.0288941 -0.0537681 -0.0526022
0 -0.0290277 -0.0539414 -0.0527735
0 -0.0291688 -0.054132 -0.0529647
0 -0.0293159 -0.0543396 -0.0531759
0 -0.0294678 -0.0545639 -0.0534072
0 -0.0296232 -0.0548046 -0.0536585
0 -0.0297808 -0.0550615 -0.0539297
0 -0.0299398 -0.055334 -0.0542207
0 -0.0300994 -0.0556219 -0.0545313
0 -0.0302589 -0.0559247 -0.0548613
0 -0.0304179 -0.056242 -0.0552101
0 -0.030576 -0.0565731 -0.0555773
0 -0.0307331 -0.0569174 -0.0559621
0 -0.030889 -0.057274 -0.0563637
0 -0.0310437 -0.057642 -0.056781
0 -0.0311975 -0.0580205 -0.0572128
0 -0.0313506 -0.0584085 -0.0576579
0 -0.0315033 -0.0588048 -0.0581148
0 -0.0316559 -0.0592085 -0.0585822
0 -0.0318087 -0.0596184 -0.0590585
0 -0.0319622 -0.0600333 -0.0595421
0 -0.0321165 -0.0604522 -0.0600312
0 -0.0322717 -0.0608739 -0.0605242
0 -0.032428 -0.0612976 -0.0610196
0 -0.0325856 -0.0617222 -0.0615157
0 -0.0327448 -0.0621468 -0.062011
0 -0.0329056 -0.0625704 -0.0625039
0 -0.0330677 -0.0629922 -0.062993
0 -0.0332309 -0.0634112 -0.0634769
0 -0.0333952 -0.0638264 -0.0639542
0 -0.0335603 -0.0642368 -0.0644235
0 -0.0337259 -0.0646416 -0.0648836
0 -0.0338921 -0.0650396 -0.0653332
0 -0.0340587 -0.0654299 -0.0657711
0 -0.0342254 -0.0658115 -0.0661963
0 -0.0343919 -0.0661835 -0.0666078
0 -0.0345578 -0.0665448 -0.0670047
0 -0.0347227 -0.0668947 -0.0673862
0 -0.0348859 -0.0672322 -0.0677516
0 -0.0350468 -0.0675565 -0.0681006
0 -0.0352047 -0.0678668 -0.0684326
0 -0.035359 -0.0681624 -0.0687472
0 -0.0355088 -0.0684426 -0.0690442
0 -0.0356535 -0.0687068 -0.0693232
0 -0.0357921 -0.0689544 -0.0695841
0 -0.035924 -0.069185 -0.0698266
0 -0.0360483 -0.0693981 -0.0700506
0 -0.0361644 -0.0695934 -0.070256
0 -0.0362713 -0.0697706 -0.0704428
0 -0.0363685 -0.0699295 -0.0706107
0 -0.0364553 -0.0700699 -0.0707597
0 -0.0365312 -0.0701918 -0.0708898
0 -0.0365958 -0.0702951 -0.0710008
0 -0.0366487 -0.0703797 -0.0710928
0 -0.0366895 -0.0704459 -0.0711655
0 -0.0367182 -0.0704935 -0.071219
0 -0.0367345 -0.0705227 -0.0712532
0 -0.0367385 -0.0705336 -0.0712681
0 -0.0367303 -0.0705263 -0.0712637
0 -0.0367101 -0.070501 -0.0712401
0 -0.0366783 -0.0704578 -0.0711972
0 -0.0366351 -0.070397 -0.0711353
0 -0.0365811 -0.0703186 -0.0710543
0 -0.0365168 -0.070223 -0.0709545
0 -0.0364429 -0.0701105 -0.0708361
0 -0.03636 -0.0699812 -0.0706993
0 -0.0362689 -0.0698355 -0.0705444
0 -0.0361703 -0.0696737 -0.0703717
0 -0.0360648 -0.0694963 -0.0701816
0 -0.0359534 -0.0693037 -0.0699745
0 -0.0358366 -0.0690963 -0.0697508
0 -0.0357152 -0.0688747 -0.0695109
0 -0.03559 -0.0686394 -0.0692555
0 -0.0354614 -0.068391 -0.068985
0 -0.0353301 -0.0681303 -0.0687001
0 -0.0351965 -0.0678578 -0.0684014
0 -0.0350611 -0.0675743 -0.0680895
0 -0.0349242 -0.0672806 -0.0677653
0 -0.0347861 -0.0669775 -0.0674294
0 -0.0346471 -0.0666659 -0.0670826
0 -0.0345074 -0.0663465 -0.0667259
0 -0.0343671 -0.0660203 -0.0663601
0 -0.0342263 -0.0656882 -0.0659862
0 -0.034085 -0.0653508 -0.0656051
0 -0.0339434 -0.0650092 -0.0652179
0 -0.0338013 -0.064664 -0.0648256
0 -0.0336589 -0.0643162 -0.0644292
0 -0.033516 -0.0639666 -0.0640296
0 -0.0333726 -0.0636157 -0.0636279
0 -0.0332289 -0.0632645 -0.0632251
0 -0.0330852 -0.0629135 -0.0628222
0 -0.0329417 -0.0625634 -0.0624202
0 -0.0327984 -0.0622149 -0.06202
0 -0.0326553 -0.0618685 -0.0616226
0 -0.0325129 -0.0615249 -0.061229
0 -0.032371 -0.0611847 -0.0608401
0 -0.0322295 -0.0608485 -0.0604568
0 -0.0320886 -0.0605168 -0.0600801
0 -0.0319486 -0.0601904 -0.0597108
0 -0.0318096 -0.0598698 -0.0593496
0 -0.0316714 -0.0595557 -0.0589973
0 -0.0315346 -0.0592489 -0.0586546
0 -0.0313993 -0.0589498 -0.058322
0 -0.0312655 -0.0586593 -0.0580003
0 -0.0311336 -0.0583779 -0.0576899
0 -0.031004 -0.0581063 -0.0573913
0 -0.0308772 -0.0578452 -0.0571053
