0 -0.042536 -0.0673763 -0.0671606
0 -0.0424173 -0.0671499 -0.0669147
0 -0.042288 -0.0669094 -0.0666528
0 -0.0421534 -0.0666592 -0.0663793
0 -0.0420159 -0.0664014 -0.0660962
0 -0.0418777 -0.0661374 -0.0658052
0 -0.0417423 -0.0658702 -0.0655096
0 -0.0416101 -0.0656001 -0.0652104
0 -0.0414797 -0.065326 -0.0649069
0 -0.0413539 -0.0650513 -0.0646028
0 -0.0412368 -0.0647816 -0.0643038
0 -0.0411263 -0.0645167 -0.0640095
0 -0.0410169 -0.0642532 -0.0637165
0 -0.0409118 -0.0639964 -0.0634298
0 -0.0408211 -0.0637591 -0.0631621
0 -0.040751 -0.0635501 -0.0629226
0 -0.0407008 -0.0633719 -0.062714
0 -0.040668 -0.0632257 -0.0625381
0 -0.0406473 -0.0631097 -0.062394
0 -0.0406249 -0.0630129 -0.0622721
0 -0.0405908 -0.0629267 -0.0621653
0 -0.0405501 -0.0628562 -0.0620804
0 -0.0405042 -0.0628011 -0.0620186
0 -0.0404416 -0.0627471 -0.0619661
0 -0.0403591 -0.0626864 -0.0619155
0 -0.040266 -0.0626232 -0.0618699
0 -0.040175 -0.0625642 -0.0618344
0 -0.0401056 -0.062524 -0.0618206
0 -0.040079 -0.0625208 -0.0618432
0 -0.0401026 -0.0625612 -0.0619054
0 -0.0401702 -0.0626409 -0.0619998
0 -0.0402757 -0.062758 -0.0621224
0 -0.0404212 -0.0629201 -0.0622803
0 -0.0406055 -0.0631325 -0.06248
0 -0.0408091 -0.0633822 -0.0627118
0 -0.0410101 -0.0636528 -0.0629638
0 -0.0411988 -0.063938 -0.0632351
0 -0.0413612 -0.0642249 -0.0635187
0 -0.0414883 -0.0645033 -0.0638087
0 -0.0415988 -0.064789 -0.0641238
0 -0.0417109 -0.0650964 -0.064479
0 -0.0418054 -0.0654021 -0.0648485
0 -0.0418454 -0.0656644 -0.0651863
0 -0.0418181 -0.0658623 -0.0654662
0 -0.0417479 -0.0660108 -0.0656968
0 -0.0416739 -0.0661378 -0.0659005
0 -0.0416234 -0.0662603 -0.0660892
0 -0.0416244 -0.066398 -0.0662788
0 -0.0417227 -0.066593 -0.0665084
0 -0.041955 -0.0668846 -0.0668154
0 -0.0423219 -0.0672826 -0.0672091
0 -0.0427875 -0.0677669 -0.0676705
0 -0.043276 -0.0682815 -0.0681472
0 -0.0437014 -0.0687596 -0.0685786
0 -0.0440236 -0.0691745 -0.0689463
0 -0.0442502 -0.0695402 -0.0692745
0 -0.0443972 -0.0698719 -0.0695889
0 -0.0444677 -0.0701656 -0.0698946
0 -0.0444609 -0.070409 -0.0701846
0 -0.0443947 -0.0706049 -0.0704629
0 -0.0443095 -0.0707774 -0.0707493
0 -0.0442381 -0.0709449 -0.071053
0 -0.0441856 -0.0711019 -0.0713546
0 -0.0441424 -0.0712321 -0.0716205
0 -0.0440978 -0.071321 -0.0718184
0 -0.0440362 -0.0713496 -0.071915
0 -0.0439353 -0.0712918 -0.0718763
0 -0.0437827 -0.0711287 -0.0716835
0 -0.0436053 -0.0708789 -0.0713627
0 -0.0434744 -0.0706062 -0.07099
0 -0.0434514 -0.0703701 -0.0706395
0 -0.0435436 -0.0701859 -0.0703387
0 -0.0437103 -0.0700305 -0.0700734
0 -0.0438847 -0.0698611 -0.0698055
0 -0.0440014 -0.0696382 -0.069497
0 -0.0440225 -0.0693467 -0.0691327
0 -0.0439316 -0.0689856 -0.0687114
0 -0.0437115 -0.068545 -0.068223
0 -0.0433529 -0.0680131 -0.0676559
0 -0.0428746 -0.0673974 -0.0670181
0 -0.0423197 -0.0667231 -0.0663348
0 -0.0417361 -0.0660168 -0.0656313
0 -0.0411576 -0.0652921 -0.0649178
0 -0.0406021 -0.0645499 -0.0641894
0 -0.0400923 -0.0637988 -0.0634472
0 -0.0396522 -0.063053 -0.0626972
0 -0.039286 -0.0623136 -0.0619323
0 -0.0389924 -0.0615819 -0.0611461
0 -0.038777 -0.0608734 -0.0603485
0 -0.038637 -0.0602021 -0.0595506
0 -0.0385652 -0.0595815 -0.0587685
0 -0.038578 -0.059052 -0.0580503
0 -0.0387045 -0.0586698 -0.0574646
0 -0.0389384 -0.0584568 -0.05705
0 -0.0392215 -0.0583825 -0.0567945
0 -0.0394723 -0.0583895 -0.0566594
0 -0.0396218 -0.0584252 -0.0566073
0 -0.0396254 -0.0584501 -0.056609
0 -0.0394651 -0.0584393 -0.0566433
0 -0.039168 -0.0583992 -0.0567133
0 -0.0388186 -0.0583856 -0.056864
0 -0.0385326 -0.0584823 -0.0571625
0 -0.0384043 -0.0587553 -0.0576536
0 -0.0384866 -0.0592382 -0.0583487
0 -0.0387957 -0.0599397 -0.0592354
0 -0.0392902 -0.0608217 -0.0602593
0 -0.0398776 -0.0618007 -0.0613281
0 -0.0404749 -0.0628029 -0.0623687
0 -0.0410372 -0.0637889 -0.0633512
0 -0.0415369 -0.0647307 -0.0642642
0 -0.0419589 -0.065607 -0.0651065
0 -0.042327 -0.0664316 -0.0659125
0 -0.0426841 -0.067237 -0.0667318
0 -0.0430123 -0.0679965 -0.0675487
0 -0.0432292 -0.068621 -0.0682769
0 -0.0432774 -0.0690445 -0.0688456
0 -0.0431583 -0.0692558 -0.0692319
0 -0.0429045 -0.0692718 -0.0694357
0 -0.0425839 -0.0691446 -0.0694873
0 -0.0423166 -0.0689807 -0.0694693
0 -0.0422159 -0.0688875 -0.0694672
0 -0.0423092 -0.0688972 -0.0694977
0 -0.0425678 -0.0689948 -0.0695405
0 -0.0429829 -0.0691928 -0.0696143
0 -0.0435265 -0.0694901 -0.0697338
0 -0.0440576 -0.0697765 -0.0698116
0 -0.0443832 -0.0698871 -0.0697084
0 -0.0444086 -0.0697427 -0.069371
0 -0.0441773 -0.0693843 -0.0688654
0 -0.0437965 -0.068904 -0.0683033
0 -0.0433755 -0.0683922 -0.0677845
0 -0.0430005 -0.0679206 -0.0673768
0 -0.0427171 -0.0675285 -0.0671033
0 -0.042525 -0.0672181 -0.0669406
0 -0.042388 -0.0669611 -0.0668314
0 -0.0422847 -0.0667468 -0.0667372
0 -0.0422444 -0.0666137 -0.066675
0 -0.0423124 -0.0666153 -0.0666856
0 -0.042506 -0.0667766 -0.0667924
0 -0.0428147 -0.0670943 -0.0670017
0 -0.0432119 -0.0675487 -0.0673122
0 -0.0436474 -0.0680956 -0.0677052
0 -0.0440478 -0.0686655 -0.0681397
0 -0.0443347 -0.0691788 -0.0685635
0 -0.0444389 -0.0695586 -0.0689214
0 -0.0443174 -0.0697465 -0.0691667
0 -0.0439912 -0.0697383 -0.0692947
0 -0.0435632 -0.0696074 -0.0693659
0 -0.0431783 -0.0694718 -0.0694748
0 -0.0429354 -0.0694123 -0.0696709
0 -0.0428173 -0.0694074 -0.0698954
0 -0.0427353 -0.0693721 -0.0700267
0 -0.0426298 -0.0692524 -0.0699832
0 -0.0424917 -0.0690405 -0.0697457
0 -0.0423172 -0.0687291 -0.0693131
0 -0.042095 -0.0682993 -0.0686884
0 -0.0418209 -0.0677371 -0.0678894
0 -0.0414965 -0.0670351 -0.0669408
0 -0.0411179 -0.0661838 -0.0658605
0 -0.0406992 -0.0651965 -0.0646814
0 -0.0403161 -0.0641553 -0.0634963
0 -0.0400841 -0.0631932 -0.0624389
0 -0.04007 -0.0624095 -0.061597
0 -0.0402389 -0.0618164 -0.0609627
0 -0.0404915 -0.061371 -0.0604693
0 -0.040719 -0.0610193 -0.060043
0 -0.0408247 -0.0607052 -0.0596187
0 -0.0407445 -0.0603849 -0.059158
0 -0.0404692 -0.0600456 -0.0586667
0 -0.0400531 -0.059716 -0.0582011
0 -0.0395762 -0.0594353 -0.0578307
0 -0.0390889 -0.059205 -0.0575823
0 -0.0386265 -0.0590124 -0.0574568
0 -0.0382435 -0.0588725 -0.0574666
0 -0.0379883 -0.0588073 -0.0576141
0 -0.0378568 -0.0588014 -0.0578516
0 -0.0378229 -0.0588307 -0.0581156
0 -0.0379057 -0.0589263 -0.0583987
0 -0.0381499 -0.0591527 -0.0587345
0 -0.0385682 -0.059547 -0.0591429
0 -0.039127 -0.0601034 -0.0596163
0 -0.0397649 -0.0607858 -0.0601341
0 -0.0404189 -0.0615504 -0.0606839
0 -0.0410344 -0.0623515 -0.061263
0 -0.0415623 -0.0631399 -0.0618686
0 -0.0419595 -0.0638646 -0.0624909
0 -0.042197 -0.0644831 -0.0631161
0 -0.0422785 -0.0649843 -0.0637423
0 -0.042236 -0.065386 -0.0643752
0 -0.0421193 -0.0657244 -0.0650214
0 -0.0419934 -0.0660531 -0.0656941
0 -0.0419457 -0.0664496 -0.0664276
0 -0.0420797 -0.0670103 -0.0672783
0 -0.0424611 -0.0678004 -0.068278
0 -0.0430631 -0.0687998 -0.0693854
0 -0.0437971 -0.0699293 -0.0705183
0 -0.0445963 -0.0711316 -0.0716359
0 -0.0454287 -0.072384 -0.0727483
0 -0.0462385 -0.0736366 -0.0738474
0 -0.0469117 -0.0747778 -0.0748636
0 -0.0473175 -0.075673 -0.0756983
0 -0.0473915 -0.0762419 -0.0762957
0 -0.0471782 -0.0765011 -0.0766823
0 -0.04678 -0.0765191 -0.0769193
0 -0.0462843 -0.0763503 -0.077035
0 -0.0457511 -0.076029 -0.0770211
0 -0.0452374 -0.0755943 -0.0768662
0 -0.0448196 -0.0751139 -0.0765886
0 -0.0445947 -0.0746866 -0.0762488
0 -0.0446544 -0.0744171 -0.0759308
0 -0.0450299 -0.0743631 -0.0756926
0 -0.0456311 -0.0744739 -0.075505
0 -0.0462609 -0.0745974 -0.0752559
0 -0.0467169 -0.0745725 -0.0748359
0 -0.0468782 -0.0743061 -0.0742046
0 -0.0466988 -0.0737625 -0.073371
0 -0.0461619 -0.0729176 -0.0723439
0 -0.0452635 -0.0717441 -0.0711125
0 -0.0440295 -0.0702303 -0.0696629
0 -0.0425597 -0.0684319 -0.0680284
0 -0.0410573 -0.0665097 -0.0663301
0 -0.0398017 -0.064712 -0.0647657
0 -0.0390237 -0.0632705 -0.0635108
0 -0.0387798 -0.0622712 -0.0625995
0 -0.0390061 -0.0616894 -0.0619693
0 -0.0396214 -0.0615053 -0.0615833
0 -0.0405352 -0.0617028 -0.0614327
0 -0.0416021 -0.0622017 -0.0614714
0 -0.0426235 -0.062855 -0.0616122
0 -0.043419 -0.0635141 -0.0617849
0 -0.0438676 -0.0640629 -0.0619571
0 -0.0438893 -0.0644002 -0.0620988
0 -0.0434366 -0.0644358 -0.062164
0 -0.0425265 -0.0641251 -0.0621168
0 -0.0412547 -0.0634908 -0.0619497
0 -0.0397627 -0.0625995 -0.0616631
0 -0.0381947 -0.0615235 -0.0612411
0 -0.0366979 -0.0603457 -0.0606726
0 -0.0354362 -0.0591782 -0.0599802
0 -0.0345585 -0.0581369 -0.0592056
0 -0.0341604 -0.0573065 -0.0583876
0 -0.0342696 -0.0567285 -0.0575588
0 -0.0348417 -0.0564001 -0.0567444
0 -0.0357634 -0.056273 -0.055954
0 -0.0368742 -0.05627 -0.055187
0 -0.0379992 -0.0563063 -0.0544472
0 -0.0389779 -0.0563013 -0.0537502
0 -0.0396881 -0.0561984 -0.0531242
0 -0.0400542 -0.0559708 -0.0526019
0 -0.0400645 -0.0556374 -0.0522274
0 -0.039789 -0.0552838 -0.0520721
0 -0.039334 -0.055017 -0.0521953
0 -0.038779 -0.0549013 -0.0525909
0 -0.0381701 -0.0549513 -0.0531939
0 -0.0375537 -0.0551648 -0.0539293
0 -0.037019 -0.0555691 -0.0547682
0 -0.0366871 -0.0562163 -0.0557305
0 -0.0366401 -0.0571216 -0.0568243
0 -0.0368936 -0.0582445 -0.0580225
0 -0.0374315 -0.0595328 -0.0592984
0 -0.0382369 -0.0609561 -0.0606524
0 -0.0392903 -0.062504 -0.062105
0 -0.0405393 -0.0641499 -0.0636581
0 -0.0418885 -0.0658316 -0.0652737
0 -0.043237 -0.0674868 -0.0669074
0 -0.044499 -0.0690787 -0.0685315
0 -0.0455959 -0.070577 -0.0701157
0 -0.0464624 -0.0719508 -0.0716227
0 -0.0470605 -0.0731811 -0.0730256
0 -0.0473863 -0.0742614 -0.0743105
0 -0.0474644 -0.0751938 -0.0754722
0 -0.0473531 -0.0760001 -0.0765219
0 -0.0471484 -0.0767294 -0.0774956
0 -0.046958 -0.077439 -0.0784374
0 -0.0468633 -0.0781648 -0.0793706
0 -0.0469031 -0.0789105 -0.0802879
0 -0.0470648 -0.0796404 -0.0811446
0 -0.0472793 -0.0802744 -0.081855
0 -0.047448 -0.0807106 -0.0823167
0 -0.0474871 -0.0808628 -0.0824483
0 -0.0473546 -0.0806854 -0.0822128
0 -0.0470432 -0.0801648 -0.0816071
0 -0.0465594 -0.0793011 -0.08064
0 -0.0459168 -0.0781027 -0.079326
0 -0.0451496 -0.0766029 -0.0776993
0 -0.0443245 -0.0748733 -0.0758283
0 -0.0435228 -0.0730091 -0.0738004
0 -0.0428221 -0.0711124 -0.0717089
0 -0.0422832 -0.0692804 -0.069643
0 -0.0419376 -0.0675907 -0.0676758
0 -0.041787 -0.0660954 -0.0658607
0 -0.0417997 -0.0648175 -0.0642305
0 -0.0419136 -0.0637517 -0.0627961
0 -0.0420448 -0.0628631 -0.0615453
0 -0.0420985 -0.0620947 -0.0604504
0 -0.0419824 -0.061379 -0.0594739
0 -0.0416164 -0.0606405 -0.058567
0 -0.0409484 -0.0598134 -0.0576814
0 -0.0399858 -0.0588706 -0.0567941
0 -0.038795 -0.0578248 -0.0559075
0 -0.0374743 -0.056707 -0.0550293
0 -0.0361389 -0.0555604 -0.0541682
0 -0.0348978 -0.0544268 -0.0533249
0 -0.0338217 -0.0533236 -0.0524727
0 -0.0329524 -0.0522576 -0.0515768
0 -0.0323302 -0.0512533 -0.0506284
0 -0.0319956 -0.0503554 -0.0496519
0 -0.0319707 -0.0496099 -0.0486881
0 -0.0322461 -0.049049 -0.0477821
0 -0.0328124 -0.0487202 -0.0470115
0 -0.033674 -0.048697 -0.0464957
0 -0.0347864 -0.049013 -0.0463234
0 -0.0359917 -0.0495904 -0.0464737
0 -0.0370598 -0.0502711 -0.0468394
0 -0.0377927 -0.0509101 -0.047314
0 -0.0380536 -0.0513946 -0.0478063
0 -0.0377589 -0.0516276 -0.0482224
0 -0.0369076 -0.051554 -0.0484914
0 -0.0355932 -0.0511777 -0.0485839
0 -0.033969 -0.0505379 -0.0484911
0 -0.0321983 -0.0496737 -0.048194
0 -0.0304221 -0.0486064 -0.0476519
0 -0.0287527 -0.0473462 -0.0468163
0 -0.0272797 -0.045906 -0.045651
0 -0.026065 -0.0443023 -0.0441352
0 -0.025137 -0.0425517 -0.0422623
0 -0.024483 -0.0406607 -0.0400325
0 -0.0240601 -0.0386317 -0.0374624
0 -0.0238672 -0.0365281 -0.0346528
0 -0.0239863 -0.0345116 -0.0318249
0 -0.0245204 -0.032778 -0.0292506
0 -0.0255454 -0.0315092 -0.0271943
0 -0.0271183 -0.0308843 -0.025912
0 -0.0292732 -0.0310757 -0.0256365
0 -0.0319808 -0.0322073 -0.0265268
0 -0.0351206 -0.0343258 -0.0286339
0 -0.0385164 -0.037423 -0.0319242
0 -0.041979 -0.0414637 -0.036317
0 -0.0453263 -0.0463847 -0.041704
0 -0.0484334 -0.0521023 -0.0479748
0 -0.0512706 -0.0585207 -0.0550314
0 -0.0538774 -0.0655416 -0.0627945
0 -0.056303 -0.0730884 -0.0712152
0 -0.0586407 -0.0811187 -0.0802648
0 -0.0610549 -0.0896229 -0.0899125
0 -0.0636453 -0.0985491 -0.10007
0 -0.0664099 -0.107798 -0.110564
0 -0.0693155 -0.117286 -0.121184
0 -0.0723052 -0.126924 -0.131735
0 -0.0753036 -0.136626 -0.142056
0 -0.0781763 -0.146244 -0.151965
0 -0.0807215 -0.155543 -0.161255
0 -0.0827331 -0.164282 -0.169756
0 -0.0840718 -0.172264 -0.177372
0 -0.0847075 -0.179378 -0.184109
0 -0.0846727 -0.185579 -0.190009
0 -0.0839749 -0.190819 -0.195062
0 -0.0826003 -0.195021 -0.199207
0 -0.0806053 -0.198143 -0.202408
0 -0.0781488 -0.200232 -0.204708
0 -0.0754497 -0.2014 -0.206187
0 -0.0727807 -0.201806 -0.206939
0 -0.0705296 -0.201741 -0.207185
0 -0.0691704 -0.201608 -0.207282
0 -0.0690283 -0.2017 -0.207491
0 -0.0700255 -0.201985 -0.207754
0 -0.0717715 -0.202213 -0.207788
0 -0.0739671 -0.202301 -0.207472
0 -0.0765127 -0.202408 -0.206952
0 -0.0791474 -0.202549 -0.206261
0 -0.0813011 -0.20239 -0.205126
0 -0.0824891 -0.201609 -0.203324
0 -0.082662 -0.20024 -0.201014
0 -0.0820352 -0.198514 -0.198547
0 -0.0807793 -0.196574 -0.196158
0 -0.0789811 -0.194444 -0.193918
0 -0.0766385 -0.192025 -0.19173
0 -0.0736672 -0.189115 -0.189344
0 -0.0700742 -0.185586 -0.186543
0 -0.0660535 -0.18149 -0.183253
0 -0.0618936 -0.176983 -0.17948
0 -0.0578568 -0.172217 -0.17523
0 -0.0540985 -0.167254 -0.170453
0 -0.0506496 -0.16208 -0.165074
0 -0.0475233 -0.156712 -0.15911
0 -0.0447765 -0.151215 -0.152678
0 -0.0424662 -0.14568 -0.145949
0 -0.0406943 -0.140264 -0.139191
0 -0.039609 -0.135177 -0.132753
0 -0.0392723 -0.13056 -0.126908
0 -0.0394979 -0.126316 -0.121678
0 -0.0398586 -0.122126 -0.116825
0 -0.0399241 -0.117649 -0.112053
0 -0.0394407 -0.112706 -0.107166
0 -0.0383896 -0.10733 -0.10213
0 -0.0369621 -0.10174 -0.0970574
0 -0.0354146 -0.0962065 -0.0920876
0 -0.0339017 -0.0908901 -0.0872561
0 -0.0324892 -0.0858552 -0.0825273
0 -0.0312117 -0.0811263 -0.0778685
0 -0.029996 -0.07661 -0.0731772
0 -0.0287436 -0.0721777 -0.0683603
0 -0.0275157 -0.0678512 -0.0635103
0 -0.0264897 -0.0637659 -0.0588535
0 -0.0258258 -0.0600441 -0.0546052
0 -0.0256609 -0.0567953 -0.0509532
0 -0.0261309 -0.0541561 -0.0480837
0 -0.027349 -0.0522822 -0.0461653
0 -0.029388 -0.0513326 -0.0453335
0 -0.032207 -0.0513983 -0.0456276
0 -0.0355902 -0.0524293 -0.0469326
0 -0.0392818 -0.0543509 -0.0491127
0 -0.0431312 -0.0571902 -0.0521533
0 -0.0470372 -0.0610036 -0.0560915
0 -0.0508502 -0.0657632 -0.0609041
0 -0.0543487 -0.0713115 -0.0664739
0 -0.0573065 -0.0773937 -0.072628
0 -0.0596018 -0.0837438 -0.0792108
0 -0.0612487 -0.0901563 -0.0861264
0 -0.0623122 -0.0965045 -0.0933227
0 -0.0629184 -0.102745 -0.100767
0 -0.0632787 -0.108893 -0.108401
0 -0.0635309 -0.114932 -0.116077
0 -0.0637258 -0.120803 -0.123579
0 -0.0638683 -0.126441 -0.130642
0 -0.0638677 -0.13172 -0.136968
0 -0.0635904 -0.136467 -0.142278
0 -0.0629338 -0.140514 -0.146375
0 -0.0618621 -0.143723 -0.149184
0 -0.0604445 -0.146032 -0.150778
0 -0.0588714 -0.147479 -0.151372
0 -0.0574209 -0.148189 -0.151277
0 -0.0563709 -0.14832 -0.150812
0 -0.055926 -0.148005 -0.150216
0 -0.0562014 -0.147366 -0.149637
0 -0.0572156 -0.146544 -0.149144
0 -0.0588799 -0.145683 -0.148723
0 -0.0610138 -0.144916 -0.148306
0 -0.0633837 -0.144356 -0.147816
0 -0.0657403 -0.144068 -0.1472
0 -0.0678413 -0.144049 -0.146433
0 -0.069458 -0.144213 -0.14552
0 -0.0703773 -0.1444 -0.144468
0 -0.0704423 -0.144426 -0.143303
0 -0.0696096 -0.144145 -0.142097
0 -0.067975 -0.143483 -0.140969
0 -0.0657525 -0.142454 -0.140047
0 -0.0632025 -0.141122 -0.139408
0 -0.0605796 -0.139582 -0.139047
0 -0.0581182 -0.137942 -0.13889
0 -0.0560141 -0.13633 -0.138819
0 -0.0544247 -0.134898 -0.138712
0 -0.0534675 -0.133786 -0.138472
0 -0.0531832 -0.133076 -0.138024
0 -0.0534984 -0.132735 -0.137292
0 -0.0542472 -0.132632 -0.136218
0 -0.0552177 -0.132582 -0.134789
0 -0.0561775 -0.132369 -0.133029
0 -0.0569078 -0.131796 -0.130987
0 -0.0572498 -0.130736 -0.128737
0 -0.0571304 -0.12914 -0.126383
0 -0.056556 -0.12704 -0.124035
0 -0.055589 -0.124541 -0.12177
0 -0.0543332 -0.121806 -0.119631
0 -0.0529138 -0.119029 -0.117639
0 -0.0514554 -0.116403 -0.115788
0 -0.0500647 -0.114077 -0.114057
0 -0.0488274 -0.112154 -0.112426
0 -0.047827 -0.110702 -0.110904
0 -0.047139 -0.109755 -0.109544
0 -0.0468307 -0.109329 -0.108442
0 -0.0469493 -0.109416 -0.107717
0 -0.0474635 -0.109938 -0.107442
0 -0.0482273 -0.11072 -0.107591
0 -0.049047 -0.111564 -0.108076
0 -0.0497722 -0.112339 -0.108822
0 -0.0502913 -0.112971 -0.109746
0 -0.0504773 -0.113372 -0.110698
0 -0.0502124 -0.113453 -0.111481
0 -0.0494819 -0.113202 -0.111962
0 -0.0483781 -0.11268 -0.112091
0 -0.0470354 -0.111957 -0.111853
0 -0.0455722 -0.111059 -0.111231
0 -0.0440497 -0.109943 -0.11017
0 -0.0425143 -0.108547 -0.108633
0 -0.0410495 -0.106861 -0.106651
0 -0.0397482 -0.104909 -0.104297
0 -0.0386963 -0.102746 -0.101673
0 -0.0379938 -0.100486 -0.0989247
0 -0.0377409 -0.0982831 -0.0962341
0 -0.038007 -0.0963073 -0.0937823
0 -0.0388125 -0.094715 -0.0917296
0 -0.0401183 -0.0936238 -0.0901977
0 -0.0418416 -0.0931166 -0.089278
0 -0.0438915 -0.0932632 -0.0890567
0 -0.0461723 -0.0941177 -0.0896105
0 -0.0485446 -0.0956756 -0.0909594
0 -0.0508134 -0.0978535 -0.0930413
0 -0.0527782 -0.100526 -0.0957497
0 -0.0543026 -0.10358 -0.0989923
0 -0.0553568 -0.106935 -0.102716
0 -0.0559949 -0.110534 -0.106885
0 -0.0562956 -0.114301 -0.111431
0 -0.0563491 -0.118142 -0.116244
0 -0.056245 -0.121968 -0.121189
0 -0.0560461 -0.12571 -0.126112
0 -0.0558163 -0.129287 -0.130849
0 -0.055619 -0.132612 -0.13523
0 -0.0554826 -0.13563 -0.13909
0 -0.0554144 -0.138273 -0.142289
0 -0.0554195 -0.140482 -0.144734
0 -0.0555153 -0.142229 -0.146405
0 -0.0557386 -0.143503 -0.147348
0 -0.0561121 -0.144292 -0.147643
0 -0.0566124 -0.144561 -0.147357
0 -0.0571774 -0.144269 -0.146541
0 -0.0577288 -0.143405 -0.145243
0 -0.0581921 -0.142002 -0.143515
0 -0.0585188 -0.140153 -0.141426
0 -0.0586911 -0.137992 -0.139065
0 -0.058693 -0.135655 -0.136514
0 -0.0584875 -0.13324 -0.133823
0 -0.058025 -0.130793 -0.131016
0 -0.0572601 -0.128324 -0.128106
0 -0.0561729 -0.125825 -0.125113
0 -0.0547877 -0.123286 -0.122073
0 -0.0531542 -0.1207 -0.119038
0 -0.0513298 -0.118067 -0.116065
0 -0.0493772 -0.115381 -0.113186
0 -0.0473453 -0.112619 -0.11039
0 -0.045271 -0.109748 -0.107627
0 -0.0431929 -0.106752 -0.104837
0 -0.0411598 -0.103648 -0.10197
0 -0.0392279 -0.100472 -0.0989942
0 -0.0374465 -0.0972704 -0.0958879
0 -0.0358526 -0.0940834 -0.0926447
0 -0.0344763 -0.0909482 -0.0892811
0 -0.0333772 -0.0879364 -0.0858773
0 -0.03266 -0.0851672 -0.0825891
0 -0.0324308 -0.0827659 -0.0796016
0 -0.0327671 -0.0808438 -0.0770964
0 -0.0337123 -0.0795019 -0.0752423
0 -0.0352774 -0.0788363 -0.0741896
0 -0.0374431 -0.0789441 -0.0740676
0 -0.0401444 -0.0799045 -0.0749632
0 -0.0432419 -0.0817406 -0.0768838
0 -0.0465258 -0.0844115 -0.0797538
0 -0.0497734 -0.0878467 -0.0834583
0 -0.0527822 -0.0919621 -0.0878768
0 -0.0553968 -0.0966563 -0.0928988
0 -0.0575544 -0.101817 -0.098436
0 -0.0592815 -0.107322 -0.104416
0 -0.0606095 -0.113044 -0.110768
0 -0.0615592 -0.11886 -0.117409
0 -0.0622064 -0.124659 -0.124223
0 -0.062619 -0.130315 -0.131053
0 -0.0628336 -0.135706 -0.137712
0 -0.0629084 -0.140784 -0.144022
0 -0.0628975 -0.145529 -0.149828
0 -0.062824 -0.149911 -0.15499
0 -0.0626898 -0.153893 -0.159394
0 -0.0624958 -0.157422 -0.162969
0 -0.0622451 -0.160439 -0.165706
0 -0.0619433 -0.16288 -0.167633
0 -0.0615978 -0.164666 -0.168805
0 -0.0612106 -0.165726 -0.169283
0 -0.0607869 -0.166006 -0.169125
0 -0.0603601 -0.16549 -0.168389
0 -0.0599823 -0.164234 -0.16715
0 -0.0597104 -0.162369 -0.165488
0 -0.0595938 -0.160079 -0.163469
0 -0.05965 -0.157561 -0.16114
0 -0.0598859 -0.155022 -0.15857
0 -0.0603135 -0.152668 -0.155871
0 -0.0609017 -0.150644 -0.153164
0 -0.0615455 -0.148984 -0.150534
0 -0.0620938 -0.147625 -0.148037
0 -0.0623932 -0.146457 -0.145715
0 -0.0623304 -0.145373 -0.143623
0 -0.0618603 -0.144291 -0.141833
0 -0.061005 -0.143174 -0.140417
0 -0.0598424 -0.14204 -0.139427
0 -0.0584881 -0.140943 -0.138879
0 -0.0570744 -0.139966 -0.13875
0 -0.0557422 -0.139211 -0.138993
0 -0.0546373 -0.138788 -0.139557
0 -0.0538946 -0.138796 -0.140395
0 -0.0535988 -0.13929 -0.141445
0 -0.0537309 -0.140221 -0.142595
0 -0.0541905 -0.141455 -0.143717
0 -0.0548696 -0.142847 -0.144727
0 -0.0556615 -0.144248 -0.145589
0 -0.0564507 -0.145504 -0.14628
0 -0.0571261 -0.146477 -0.146786
0 -0.0575949 -0.147062 -0.147092
0 -0.0577932 -0.147199 -0.147178
0 -0.0576869 -0.146868 -0.147024
0 -0.0572714 -0.14609 -0.146599
0 -0.0565755 -0.144923 -0.145878
0 -0.055662 -0.143458 -0.144846
0 -0.0546107 -0.141796 -0.143503
0 -0.053492 -0.140019 -0.141848
0 -0.0523558 -0.138171 -0.139891
0 -0.0512333 -0.136267 -0.137648
0 -0.0501424 -0.134288 -0.135152
0 -0.0490801 -0.132197 -0.132439
0 -0.0480163 -0.129943 -0.129537
0 -0.0469167 -0.127469 -0.126464
0 -0.0457458 -0.124727 -0.123224
0 -0.0444608 -0.12168 -0.119812
0 -0.0430263 -0.118309 -0.116213
0 -0.0414159 -0.114618 -0.112404
0 -0.0396109 -0.110623 -0.108354
0 -0.037611 -0.106352 -0.104038
0 -0.0354578 -0.101872 -0.0994696
0 -0.0332403 -0.0972836 -0.0947137
0 -0.0310654 -0.0926982 -0.0898656
0 -0.0290289 -0.08821 -0.0850252
0 -0.0272074 -0.0838906 -0.0802908
0 -0.0256589 -0.0797929 -0.0757555
0 -0.024427 -0.0759573 -0.0715059
0 -0.0235533 -0.0724271 -0.0676286
0 -0.0230863 -0.0692597 -0.064213
0 -0.0230755 -0.0665238 -0.0613433
0 -0.0235554 -0.0642916 -0.0590885
0 -0.0245393 -0.0626387 -0.0575033
0 -0.0260235 -0.0616454 -0.0566342
0 -0.0279887 -0.0614004 -0.0565302
0 -0.0304001 -0.0619941 -0.0572434
0 -0.0331865 -0.0634901 -0.058809
0 -0.0362274 -0.0659073 -0.0612316
0 -0.0393827 -0.0692377 -0.0645066
0 -0.0425392 -0.0734665 -0.0686486
0 -0.0456323 -0.0785673 -0.0736951
0 -0.0486284 -0.0844787 -0.0796777
0 -0.0515 -0.091074 -0.0865719
0 -0.054247 -0.0981809 -0.0942852
0 -0.0568573 -0.105637 -0.102691
0 -0.0592761 -0.113314 -0.111638
0 -0.0615059 -0.121113 -0.120935
0 -0.0635808 -0.128942 -0.130368
0 -0.0655143 -0.13673 -0.139726
0 -0.0673295 -0.144465 -0.148813
0 -0.069044 -0.152125 -0.15746
0 -0.0706478 -0.159664 -0.165543
0 -0.0721099 -0.167027 -0.172987
0 -0.0734151 -0.174134 -0.179779
0 -0.0745645 -0.180902 -0.185967
0 -0.0755602 -0.187255 -0.191631
0 -0.0764045 -0.193131 -0.196854
0 -0.0770831 -0.198468 -0.201701
0 -0.0775624 -0.2032 -0.206204
0 -0.077786 -0.207255 -0.210341
0 -0.0776885 -0.21057 -0.214035
0 -0.0772306 -0.213112 -0.217174
0 -0.0763917 -0.214868 -0.219625
0 -0.0751631 -0.215825 -0.221251
0 -0.0735544 -0.215965 -0.22192
0 -0.0715922 -0.215269 -0.221522
0 -0.0693282 -0.213709 -0.219987
0 -0.0668462 -0.211263 -0.217297
0 -0.0642459 -0.207921 -0.213494
0 -0.0616163 -0.203692 -0.208655
0 -0.059019 -0.198608 -0.202868
0 -0.0564842 -0.192734 -0.196226
0 -0.0540235 -0.186176 -0.188847
0 -0.0516472 -0.179069 -0.180868
0 -0.0493875 -0.171557 -0.172432
0 -0.0472528 -0.163792 -0.163687
0 -0.0451913 -0.155917 -0.154784
0 -0.0432008 -0.148047 -0.145877
0 -0.0413273 -0.140276 -0.137126
0 -0.0395878 -0.132684 -0.128684
0 -0.0380161 -0.125346 -0.120691
0 -0.0366709 -0.118341 -0.113266
0 -0.0355947 -0.111743 -0.106496
0 -0.0348144 -0.10562 -0.100422
0 -0.0343477 -0.100026 -0.095047
0 -0.0341991 -0.0950145 -0.0903485
0 -0.0343635 -0.0906375 -0.0862963
0 -0.0348304 -0.0869433 -0.0828596
0 -0.0355773 -0.0839699 -0.0800157
0 -0.036566 -0.0817407 -0.0777563
0 -0.0377494 -0.0802636 -0.07609
0 -0.0390707 -0.0795308 -0.0750416
0 -0.0404665 -0.0795237 -0.0746489
0 -0.0418727 -0.0802161 -0.0749549
0 -0.043221 -0.0815729 -0.0759944
0 -0.0444352 -0.0835365 -0.0777763
0 -0.0454489 -0.0860189 -0.0802767
0 -0.0462219 -0.0889103 -0.0834393
0 -0.0467385 -0.0920883 -0.0871718
0 -0.0470091 -0.0954302 -0.0913473
0 -0.0470717 -0.0988265 -0.0958131
0 -0.0469805 -0.102185 -0.100398
0 -0.0467967 -0.105434 -0.104924
0 -0.0465829 -0.108525 -0.109217
0 -0.0464023 -0.111417 -0.113123
0 -0.0463154 -0.11408 -0.116529
0 -0.0463799 -0.116503 -0.119364
0 -0.0466501 -0.118671 -0.121612
0 -0.0471738 -0.12058 -0.123308
0 -0.0479954 -0.12224 -0.124546
0 -0.049141 -0.123667 -0.125445
0 -0.0505945 -0.124873 -0.126122
0 -0.0522901 -0.125863 -0.126662
0 -0.0541186 -0.126641 -0.127117
0 -0.0559407 -0.127226 -0.127507
0 -0.0576056 -0.127634 -0.127824
0 -0.0589705 -0.127883 -0.128042
0 -0.0599144 -0.127984 -0.128131
0 -0.0603539 -0.127943 -0.128065
0 -0.0602573 -0.127765 -0.127838
0 -0.0596465 -0.127453 -0.127463
0 -0.0585941 -0.127009 -0.126969
0 -0.05721 -0.126431 -0.126391
0 -0.0556192 -0.125708 -0.125752
0 -0.0539483 -0.124824 -0.125059
0 -0.0523196 -0.123774 -0.124307
0 -0.0508408 -0.122571 -0.123475
0 -0.0495926 -0.121243 -0.122531
0 -0.0486243 -0.119823 -0.121432
0 -0.0479544 -0.118347 -0.120138
0 -0.0475738 -0.116854 -0.118626
0 -0.0474527 -0.115379 -0.116895
0 -0.0475428 -0.113946 -0.114974
0 -0.0477859 -0.112573 -0.112921
0 -0.0481193 -0.111268 -0.110813
0 -0.0484764 -0.110024 -0.108735
0 -0.0487916 -0.10883 -0.106768
0 -0.0489992 -0.107671 -0.104978
0 -0.049033 -0.106521 -0.103404
0 -0.0488347 -0.105356 -0.102055
0 -0.0483612 -0.104162 -0.10091
0 -0.047596 -0.102939 -0.0999293
0 -0.0465556 -0.1017 -0.0990627
0 -0.0452892 -0.100471 -0.0982584
0 -0.0438738 -0.0992776 -0.0974712
0 -0.0424062 -0.0981452 -0.0966683
0 -0.0409921 -0.0970922 -0.0958327
0 -0.0397343 -0.0961334 -0.094965
0 -0.0387231 -0.0952798 -0.094081
0 -0.0380241 -0.0945352 -0.0932043
0 -0.0376638 -0.0938908 -0.0923529
0 -0.0376242 -0.0933237 -0.0915322
0 -0.0378552 -0.0928104 -0.0907417
0 -0.0382909 -0.0923398 -0.0899875
0 -0.0388623 -0.0919168 -0.0892865
0 -0.0395048 -0.0915618 -0.0886678
0 -0.040166 -0.0913089 -0.0881725
0 -0.0408099 -0.0912008 -0.0878511
0 -0.041418 -0.0912852 -0.087761
0 -0.0419907 -0.0916121 -0.0879641
0 -0.0425355 -0.0922227 -0.0885136
0 -0.0430547 -0.0931343 -0.0894395
0 -0.043545 -0.0943392 -0.0907455
0 -0.0440028 -0.0958101 -0.0924126
0 -0.0444279 -0.0975071 -0.0944039
0 -0.0448248 -0.0993833 -0.0966669
0 -0.0452068 -0.101392 -0.0991407
0 -0.0456 -0.103496 -0.101767
0 -0.0460429 -0.105674 -0.104494
0 -0.0465821 -0.10792 -0.107284
0 -0.0472673 -0.110244 -0.110109
0 -0.0481499 -0.112666 -0.112957
0 -0.0492676 -0.115209 -0.115826
0 -0.0506317 -0.117883 -0.118714
0 -0.0522357 -0.120685 -0.121625
0 -0.054043 -0.123598 -0.12456
0 -0.0559774 -0.126577 -0.127504
0 -0.0579294 -0.129542 -0.130412
0 -0.0597719 -0.132395 -0.133225
0 -0.0613924 -0.135048 -0.135889
0 -0.0627051 -0.137429 -0.138353
0 -0.0636547 -0.139486 -0.140576
0 -0.0642218 -0.141196 -0.142527
0 -0.0644224 -0.14256 -0.144187
0 -0.0643004 -0.143599 -0.145548
0 -0.0639192 -0.144343 -0.146606
0 -0.0633508 -0.144822 -0.147357
0 -0.0626662 -0.145055 -0.147796
0 -0.061926 -0.145052 -0.147915
0 -0.0611783 -0.144807 -0.147705
0 -0.0604604 -0.144307 -0.147161
0 -0.0598025 -0.143542 -0.146287
0 -0.0592215 -0.142501 -0.145094
0 -0.0587095 -0.141177 -0.143584
0 -0.0582368 -0.139564 -0.141756
0 -0.0577634 -0.137666 -0.13961
0 -0.0572523 -0.135511 -0.137163
0 -0.0566814 -0.133143 -0.134454
0 -0.0560481 -0.130628 -0.131545
0 -0.0553637 -0.128041 -0.12852
0 -0.0546412 -0.125451 -0.125459
0 -0.0538924 -0.122915 -0.122438
0 -0.0531328 -0.120477 -0.11953
0 -0.0523808 -0.118175 -0.116804
0 -0.0516509 -0.116039 -0.114313
0 -0.0509347 -0.114075 -0.112084
0 -0.0501988 -0.112268 -0.110112
0 -0.0494104 -0.110595 -0.108366
0 -0.0485512 -0.109038 -0.106817
0 -0.0476245 -0.107594 -0.105439
0 -0.0466542 -0.106267 -0.104209
0 -0.0456726 -0.105065 -0.103109
0 -0.0447124 -0.103987 -0.102116
0 -0.043799 -0.103024 -0.101207
0 -0.0429467 -0.102151 -0.100349
0 -0.0421633 -0.101336 -0.0995128
0 -0.0414565 -0.100553 -0.0986769
0 -0.0408407 -0.099787 -0.0978362
0 -0.0403411 -0.0990441 -0.0970062
0 -0.0399884 -0.0983488 -0.0962178
0 -0.0398074 -0.0977318 -0.0955049
0 -0.0398119 -0.0972276 -0.0949013
0 -0.0400036 -0.0968719 -0.0944392
0 -0.040366 -0.0966933 -0.0941438
0 -0.0408644 -0.0967093 -0.0940312
0 -0.0414515 -0.0969252 -0.0941102
0 -0.0420761 -0.0973371 -0.0943865
0 -0.0426915 -0.0979356 -0.0948659
0 -0.043259 -0.0987053 -0.0955535
0 -0.0437455 -0.09962 -0.0964452
0 -0.0441217 -0.10064 -0.0975213
0 -0.0443671 -0.101718 -0.0987481
0 -0.0444767 -0.102808 -0.100084
0 -0.0444656 -0.103875 -0.101487
0 -0.0443679 -0.104896 -0.102913
0 -0.0442338 -0.105866 -0.104327
0 -0.0441248 -0.106792 -0.1057
0 -0.0441044 -0.107694 -0.107016
0 -0.044225 -0.108597 -0.108263
0 -0.0445156 -0.109511 -0.109426
0 -0.0449738 -0.110436 -0.110486
0 -0.0455686 -0.111349 -0.111416
0 -0.0462552 -0.112226 -0.112201
0 -0.0469877 -0.113043 -0.112841
0 -0.0477252 -0.113783 -0.11335
0 -0.0484334 -0.114436 -0.113757
0 -0.0490858 -0.114999 -0.114095
0 -0.0496638 -0.115474 -0.114402
0 -0.050156 -0.115875 -0.114711
0 -0.0505558 -0.116217 -0.115049
0 -0.0508597 -0.11652 -0.115427
0 -0.051067 -0.116803 -0.115847
0 -0.0511833 -0.117083 -0.116304
0 -0.0512218 -0.117381 -0.116789
0 -0.0512013 -0.117711 -0.117294
0 -0.0511435 -0.118081 -0.117811
0 -0.051074 -0.118495 -0.118337
0 -0.0510227 -0.118954 -0.118874
0 -0.0510223 -0.119458 -0.119431
0 -0.0511032 -0.120007 -0.12002
0 -0.0512875 -0.120599 -0.120652
0 -0.0515862 -0.121232 -0.121333
0 -0.0519992 -0.121905 -0.122065
0 -0.0525143 -0.122615 -0.122843
0 -0.0531089 -0.123361 -0.12366
0 -0.0537478 -0.124135 -0.124497
0 -0.0543805 -0.124917 -0.125326
0 -0.0549483 -0.125675 -0.126109
0 -0.0553994 -0.126373 -0.126815
0 -0.055698 -0.126982 -0.127421
0 -0.0558256 -0.127475 -0.127913
0 -0.0557841 -0.127833 -0.128286
0 -0.0555989 -0.128052 -0.12855
0 -0.0553137 -0.12814 -0.128719
0 -0.0549808 -0.128117 -0.12881
0 -0.0546519 -0.128004 -0.128835
0 -0.0543752 -0.127832 -0.128805
0 -0.0541921 -0.127634 -0.12873
0 -0.0541271 -0.127437 -0.128614
0 -0.0541801 -0.127257 -0.128452
0 -0.0543263 -0.127092 -0.128231
0 -0.0545274 -0.12693 -0.12794
0 -0.0547428 -0.126759 -0.127577
0 -0.0549344 -0.126566 -0.127153
0 -0.0550676 -0.126334 -0.126681
0 -0.0551105 -0.126048 -0.126176
0 -0.055034 -0.125687 -0.125642
0 -0.0548143 -0.12523 -0.125075
0 -0.0544349 -0.124657 -0.124462
0 -0.0538885 -0.123947 -0.123781
0 -0.0531756 -0.123083 -0.123003
0 -0.0523006 -0.122046 -0.122089
0 -0.0512723 -0.120816 -0.120993
0 -0.0501061 -0.119377 -0.119671
0 -0.0488256 -0.11772 -0.118086
0 -0.0474618 -0.115841 -0.116212
0 -0.0460549 -0.113742 -0.114034
0 -0.04464 -0.111428 -0.111556
0 -0.0432449 -0.108913 -0.108792
0 -0.0419127 -0.106223 -0.105782
0 -0.0406882 -0.103401 -0.102577
0 -0.0396014 -0.100498 -0.0992394
0 -0.0386739 -0.0975711 -0.0958381
0 -0.0379221 -0.0946784 -0.0924528
0 -0.0373539 -0.0918832 -0.089168
0 -0.0369654 -0.0892416 -0.0860637
0 -0.0367468 -0.0868018 -0.0832116
0 -0.036684 -0.0846093 -0.080675
0 -0.0367589 -0.0827028 -0.078506
0 -0.0369496 -0.0811136 -0.0767411
0 -0.037229 -0.079867 -0.0754023
0 -0.0375694 -0.0789839 -0.0744995
0 -0.0379487 -0.0784863 -0.0740365
0 -0.0383519 -0.0783983 -0.0740166
0 -0.038771 -0.0787438 -0.0744432
0 -0.0392025 -0.0795377 -0.0753186
0 -0.0396483 -0.0807756 -0.0766412
0 -0.0401166 -0.0824306 -0.0784027
0 -0.0406196 -0.0844553 -0.0805863
0 -0.0411741 -0.0867908 -0.0831658
0 -0.0417987 -0.0893737 -0.0861028
0 -0.0425088 -0.0921402 -0.0893424
0 -0.043314 -0.0950333 -0.0928153
0 -0.0442217 -0.0980083 -0.0964452
0 -0.045237 -0.101036 -0.100156
0 -0.0463646 -0.1041 -0.103876
0 -0.0476159 -0.107198 -0.107546
0 -0.0489918 -0.110328 -0.111117
0 -0.0504746 -0.113482 -0.11456
0 -0.0520507 -0.116648 -0.117863
0 -0.0536981 -0.119806 -0.121027
0 -0.0553793 -0.122928 -0.124069
0 -0.0570585 -0.125977 -0.127007
0 -0.0586943 -0.128917 -0.129861
0 -0.0602428 -0.131712 -0.13264
0 -0.0616629 -0.134331 -0.13534
0 -0.0629104 -0.136742 -0.137939
0 -0.0639407 -0.138918 -0.140391
0 -0.0647175 -0.140834 -0.142642
0 -0.0652169 -0.142476 -0.144633
0 -0.0654281 -0.143833 -0.146311
0 -0.0653513 -0.144896 -0.147629
0 -0.0649986 -0.145651 -0.14855
0 -0.0643953 -0.146081 -0.149049
0 -0.0635777 -0.146165 -0.149115
0 -0.0625882 -0.145877 -0.148745
0 -0.0614721 -0.145189 -0.147942
0 -0.0602729 -0.144071 -0.146708
0 -0.0590274 -0.142499 -0.145039
0 -0.0577614 -0.14046 -0.14293
0 -0.0564906 -0.137963 -0.140371
0 -0.0552242 -0.135043 -0.13736
0 -0.0539672 -0.131758 -0.133908
0 -0.0527244 -0.128184 -0.130047
0 -0.0515029 -0.12441 -0.125836
0 -0.050312 -0.12052 -0.121356
0 -0.0491662 -0.116595 -0.116708
0 -0.0480716 -0.112694 -0.111995
0 -0.0470075 -0.108855 -0.107317
0 -0.0459547 -0.105105 -0.102767
0 -0.0449106 -0.101458 -0.0984292
0 -0.0438702 -0.0979283 -0.0943767
0 -0.0428332 -0.0945405 -0.0906637
0 -0.0418084 -0.0913234 -0.0873205
0 -0.0408074 -0.088313 -0.0843545
0 -0.039845 -0.08555 -0.0817542
0 -0.0389411 -0.0830779 -0.0794985
0 -0.038123 -0.0809438 -0.0775676
0 -0.0374188 -0.0791896 -0.0759483
0 -0.0368521 -0.0778435 -0.0746332
0 -0.0364391 -0.0769169 -0.0736233
0 -0.0361903 -0.0764079 -0.0729305
0 -0.0361145 -0.0763056 -0.0725791
0 -0.0362198 -0.0765923 -0.0726021
0 -0.0365108 -0.0772445 -0.0730343
0 -0.0369831 -0.0782304 -0.0738999
0 -0.0376184 -0.0795127 -0.075202
0 -0.0383889 -0.0810545 -0.07692
0 -0.0392634 -0.0828257 -0.0790149
0 -0.0402132 -0.0848064 -0.0814354
0 -0.041215 -0.086985 -0.0841236
0 -0.0422498 -0.08935 -0.0870169
0 -0.043298 -0.0918818 -0.0900489
0 -0.044341 -0.0945492 -0.0931558
0 -0.0453661 -0.0973126 -0.0962835
0 -0.046368 -0.100127 -0.0993896
0 -0.0473499 -0.102946 -0.102442
0 -0.0483215 -0.105725 -0.105417
0 -0.0492849 -0.108426 -0.108301
0 -0.0502477 -0.11103 -0.111095
0 -0.0512437 -0.113536 -0.113816
0 -0.0523075 -0.115961 -0.116488
0 -0.0534634 -0.118336 -0.119132
0 -0.0547239 -0.120685 -0.121752
0 -0.0560798 -0.123027 -0.124343
0 -0.0575038 -0.125368 -0.126888
0 -0.0589513 -0.127697 -0.129361
0 -0.0603567 -0.12998 -0.131724
0 -0.0616385 -0.13216 -0.133926
0 -0.0627146 -0.134165 -0.135915
0 -0.0635186 -0.135927 -0.137647
0 -0.0640098 -0.137393 -0.139097
0 -0.0641765 -0.138528 -0.140255
0 -0.0640336 -0.139318 -0.141122
0 -0.0636192 -0.139765 -0.141701
0 -0.062991 -0.139884 -0.142001
0 -0.0622156 -0.139698 -0.142022
0 -0.0613553 -0.139226 -0.141756
0 -0.060462 -0.13848 -0.141184
0 -0.0595745 -0.137464 -0.140283
0 -0.0587178 -0.136181 -0.139029
0 -0.0579044 -0.134636 -0.137411
0 -0.0571347 -0.132838 -0.135425
0 -0.0563979 -0.1308 -0.133084
0 -0.0556753 -0.128538 -0.130417
0 -0.0549445 -0.126074 -0.127464
0 -0.0541817 -0.123429 -0.12428
0 -0.0533633 -0.12063 -0.120924
0 -0.0524675 -0.117707 -0.117452
0 -0.0514815 -0.114688 -0.11392
0 -0.0504013 -0.111599 -0.110377
0 -0.0492253 -0.108465 -0.106863
0 -0.0479435 -0.105309 -0.103406
0 -0.0465479 -0.102147 -0.100019
0 -0.0450544 -0.0989979 -0.0967101
0 -0.0434893 -0.0958852 -0.0934846
0 -0.0418884 -0.0928376 -0.0903525
0 -0.0403021 -0.0898914 -0.0873298
0 -0.0387826 -0.0870827 -0.0844361
0 -0.0373771 -0.0844436 -0.0816913
0 -0.0361263 -0.0820008 -0.0791164
0 -0.0350635 -0.0797761 -0.0767343
0 -0.034213 -0.077787 -0.0745701
0 -0.0335876 -0.0760445 -0.0726462
0 -0.0331878 -0.0745512 -0.0709787
0 -0.033002 -0.0733052 -0.0695774
0 -0.0330122 -0.0723034 -0.0684488
0 -0.0331976 -0.0715467 -0.0675991
0 -0.0335353 -0.0710416 -0.0670361
0 -0.0340013 -0.070799 -0.0667676
0 -0.0345699 -0.0708321 -0.0667998
0 -0.0352122 -0.0711532 -0.0671362
0 -0.0358973 -0.0717708 -0.067777
0 -0.036593 -0.0726858 -0.068719
0 -0.0372712 -0.0738885 -0.0699573
0 -0.0379154 -0.0753592 -0.0714874
0 -0.038523 -0.0770697 -0.0733037
0 -0.0391045 -0.0789873 -0.0753984
0 -0.039681 -0.0810788 -0.0777579
0 -0.0402796 -0.0833126 -0.0803593
0 -0.0409286 -0.085661 -0.0831684
0 -0.0416528 -0.0881016 -0.0861403
0 -0.0424706 -0.0906158 -0.0892222
0 -0.0433912 -0.0931878 -0.0923572
0 -0.0444173 -0.0958074 -0.0954919
0 -0.0455527 -0.0984691 -0.0985837
0 -0.0468036 -0.10117 -0.101602
0 -0.0481598 -0.103905 -0.104531
0 -0.0495973 -0.106657 -0.107363
0 -0.0510893 -0.109396 -0.110096
0 -0.0525896 -0.112082 -0.112729
0 -0.0540459 -0.114671 -0.115262
0 -0.0554158 -0.11712 -0.117692
0 -0.0566586 -0.119397 -0.120018
0 -0.0577437 -0.12148 -0.122229
0 -0.0586525 -0.123355 -0.124312
0 -0.059371 -0.125019 -0.126243
0 -0.0598918 -0.12647 -0.127988
0 -0.0602168 -0.12771 -0.129516
0 -0.0603564 -0.128744 -0.130798
0 -0.0603285 -0.129577 -0.131815
0 -0.060159 -0.130213 -0.132556
0 -0.0598802 -0.130651 -0.133023
0 -0.0595272 -0.130888 -0.133226
0 -0.0591318 -0.130917 -0.133178
0 -0.0587192 -0.130724 -0.132892
0 -0.0583082 -0.130296 -0.132376
0 -0.0579111 -0.129625 -0.13164
0 -0.0575316 -0.128716 -0.130686
0 -0.057165 -0.127583 -0.129514
0 -0.0567987 -0.126249 -0.128124
0 -0.0564123 -0.124742 -0.126516
0 -0.0559829 -0.123093 -0.124695
0 -0.0554903 -0.121329 -0.122678
0 -0.0549216 -0.11948 -0.120497
0 -0.0542738 -0.117572 -0.118197
0 -0.0535502 -0.115628 -0.115831
0 -0.0527567 -0.113665 -0.11345
0 -0.0519021 -0.111693 -0.111097
0 -0.0509983 -0.109721 -0.108806
0 -0.0500603 -0.107755 -0.106608
0 -0.0491052 -0.105807 -0.104522
0 -0.0481509 -0.103896 -0.102557
0 -0.0472124 -0.102043 -0.100713
0 -0.0463001 -0.100271 -0.0989823
0 -0.0454267 -0.0986007 -0.0973505
0 -0.0446095 -0.0970518 -0.0958064
0 -0.0438669 -0.0956414 -0.0943466
0 -0.0432176 -0.0943833 -0.092977
0 -0.0426768 -0.0932845 -0.0917094
0 -0.0422521 -0.0923432 -0.0905591
0 -0.0419441 -0.0915521 -0.0895428
0 -0.041748 -0.0909006 -0.0886774
0 -0.0416526 -0.0903767 -0.0879765
0 -0.041641 -0.0899681 -0.087447
0 -0.0416919 -0.0896643 -0.0870872
0 -0.0417816 -0.0894574 -0.0868871
0 -0.0418855 -0.0893416 -0.086829
0 -0.0419799 -0.0893116 -0.0868891
0 -0.0420449 -0.0893629 -0.0870419
0 -0.0420706 -0.0894933 -0.0872666
0 -0.0420612 -0.0897044 -0.0875529
0 -0.0420341 -0.0899993 -0.0879008
0 -0.0420153 -0.0903803 -0.0883182
0 -0.0420368 -0.0908507 -0.08882
0 -0.0421316 -0.0914141 -0.0894236
0 -0.0423261 -0.0920724 -0.090143
0 -0.0426349 -0.0928236 -0.0909832
0 -0.0430558 -0.0936601 -0.091937
0 -0.0435686 -0.094566 -0.0929824
0 -0.0441376 -0.0955179 -0.0940846
0 -0.0447209 -0.0964904 -0.095205
0 -0.0452826 -0.0974633 -0.0963106
0 -0.0457993 -0.098424 -0.097381
0 -0.0462655 -0.0993702 -0.0984116
0 -0.0466914 -0.100309 -0.0994132
0 -0.0470993 -0.101252 -0.100407
0 -0.0475148 -0.102216 -0.101419
0 -0.0479589 -0.10321 -0.102467
0 -0.0484419 -0.104237 -0.103563
0 -0.0489597 -0.105289 -0.104703
0 -0.0494974 -0.106353 -0.105872
0 -0.0500384 -0.107412 -0.107053
0 -0.0505645 -0.10845 -0.108225
0 -0.0510554 -0.109451 -0.109368
0 -0.0514947 -0.110401 -0.11046
0 -0.0518711 -0.111286 -0.111481
0 -0.0521753 -0.112095 -0.112412
0 -0.0524033 -0.112816 -0.113238
0 -0.0525615 -0.113443 -0.11395
0 -0.0526609 -0.113972 -0.114546
0 -0.0527117 -0.114399 -0.115024
0 -0.0527214 -0.114716 -0.115378
0 -0.052695 -0.114913 -0.115603
0 -0.0526344 -0.114982 -0.115693
0 -0.0525382 -0.114913 -0.11564
0 -0.0524028 -0.114699 -0.115433
0 -0.0522262 -0.11434 -0.115067
0 -0.0520103 -0.113841 -0.114544
0 -0.0517598 -0.113216 -0.113869
0 -0.0514792 -0.11248 -0.113054
0 -0.0511713 -0.111648 -0.112113
0 -0.050836 -0.110734 -0.11106
0 -0.0504692 -0.109747 -0.109908
0 -0.0500648 -0.108693 -0.108672
0 -0.0496188 -0.107579 -0.107364
0 -0.049132 -0.106414 -0.106002
0 -0.0486074 -0.105207 -0.104606
0 -0.0480515 -0.103968 -0.103195
0 -0.0474787 -0.102712 -0.101791
0 -0.0469032 -0.101456 -0.100417
0 -0.0463349 -0.100219 -0.0990886
0 -0.0457845 -0.0990178 -0.0978149
0 -0.0452626 -0.0978719 -0.0966046
0 -0.0447827 -0.0968027 -0.0954687
0 -0.0443635 -0.0958357 -0.0944242
0 -0.0440227 -0.0949949 -0.0934904
0 -0.0437722 -0.0942981 -0.0926853
0 -0.0436157 -0.093755 -0.0920231
0 -0.0435471 -0.0933659 -0.0915125
0 -0.0435492 -0.09312 -0.0911537
0 -0.0435993 -0.0930007 -0.0909414
0 -0.0436763 -0.0929921 -0.0908701
0 -0.0437622 -0.0930798 -0.0909328
0 -0.0438443 -0.093252 -0.0911214
0 -0.0439185 -0.0935025 -0.091429
0 -0.0439892 -0.0938295 -0.0918497
0 -0.0440672 -0.0942347 -0.0923779
0 -0.0441672 -0.0947209 -0.0930072
0 -0.0443043 -0.0952904 -0.09373
0 -0.044495 -0.0959464 -0.0945402
0 -0.044756 -0.096694 -0.0954342
0 -0.0450996 -0.0975361 -0.0964088
0 -0.0455312 -0.0984719 -0.0974594
0 -0.046048 -0.0994956 -0.0985797
0 -0.0466389 -0.100596 -0.0997606
0 -0.0472865 -0.101757 -0.10099
0 -0.0479685 -0.10296 -0.102254
0 -0.0486594 -0.104183 -0.103537
0 -0.0493319 -0.105404 -0.104822
0 -0.0499629 -0.106607 -0.106097
0 -0.0505417 -0.107779 -0.107356
0 -0.0510646 -0.108913 -0.108597
0 -0.0515294 -0.110004 -0.109817
0 -0.0519356 -0.111042 -0.111007
0 -0.0522796 -0.112014 -0.112147
0 -0.0525545 -0.112902 -0.113214
0 -0.0527552 -0.113688 -0.114179
0 -0.0528806 -0.114358 -0.115014
0 -0.0529325 -0.114898 -0.115694
0 -0.0529161 -0.115297 -0.116199
0 -0.0528399 -0.115546 -0.116514
0 -0.0527182 -0.115642 -0.116638
0 -0.05257 -0.115588 -0.116577
0 -0.0524149 -0.115392 -0.116345
0 -0.0522679 -0.115064 -0.115957
0 -0.0521365 -0.114615 -0.11543
0 -0.0520206 -0.114058 -0.114779
0 -0.0519132 -0.113406 -0.114017
0 -0.0518035 -0.112674 -0.113159
0 -0.0516822 -0.111885 -0.112225
0 -0.0515418 -0.11106 -0.11124
0 -0.0513753 -0.11022 -0.110226
0 -0.0511764 -0.109385 -0.109206
0 -0.0509402 -0.108566 -0.108201
0 -0.0506632 -0.107772 -0.10723
0 -0.0503431 -0.107004 -0.106305
0 -0.0499807 -0.106261 -0.105439
0 -0.0495799 -0.105542 -0.10464
0 -0.0491467 -0.104845 -0.103909
0 -0.0486884 -0.10417 -0.103242
0 -0.048213 -0.103512 -0.102628
0 -0.0477259 -0.102868 -0.102047
0 -0.0472298 -0.10223 -0.101479
0 -0.046729 -0.101592 -0.1009
0 -0.0462309 -0.100948 -0.100291
0 -0.0457465 -0.100295 -0.0996413
0 -0.0452918 -0.0996337 -0.0989475
0 -0.0448843 -0.0989692 -0.0982152
0 -0.0445392 -0.0983074 -0.0974552
0 -0.044268 -0.0976565 -0.0966828
0 -0.0440773 -0.0970263 -0.0959164
0 -0.0439659 -0.0964261 -0.0951737
0 -0.0439233 -0.0958628 -0.094469
0 -0.0439317 -0.0953411 -0.0938125
0 -0.0439682 -0.0948634 -0.0932107
0 -0.044007 -0.0944296 -0.092666
0 -0.0440227 -0.0940369 -0.0921779
0 -0.0439931 -0.0936809 -0.0917439
0 -0.0439027 -0.0933565 -0.0913611
0 -0.0437458 -0.0930603 -0.0910286
0 -0.0435268 -0.0927911 -0.0907469
0 -0.0432575 -0.0925478 -0.0905159
0 -0.0429571 -0.0923309 -0.0903356
0 -0.0426531 -0.0921458 -0.0902088
0 -0.0423773 -0.0920017 -0.0901399
0 -0.0421609 -0.0919099 -0.0901328
0 -0.0420323 -0.091884 -0.0901916
0 -0.0420145 -0.0919397 -0.0903218
0 -0.042124 -0.0920942 -0.0905304
0 -0.0423686 -0.0923643 -0.0908267
0 -0.042745 -0.0927624 -0.0912194
0 -0.0432371 -0.0932938 -0.0917154
0 -0.0438172 -0.0939544 -0.0923182
0 -0.0444492 -0.0947316 -0.0930276
0 -0.0450958 -0.0956084 -0.0938435
0 -0.0457283 -0.0965699 -0.0947696
0 -0.0463301 -0.097606 -0.0958135
0 -0.0468958 -0.0987099 -0.0969825
0 -0.0474259 -0.0998739 -0.0982768
0 -0.0479233 -0.101088 -0.0996858
0 -0.0483919 -0.102341 -0.101189
0 -0.0488345 -0.103622 -0.102757
0 -0.0492495 -0.104918 -0.104352
0 -0.0496348 -0.106213 -0.105937
0 -0.0499938 -0.107491 -0.107478
0 -0.0503322 -0.108733 -0.108945
0 -0.0506548 -0.109919 -0.110313
0 -0.0509674 -0.11103 -0.111562
0 -0.0512753 -0.112045 -0.112676
0 -0.0515789 -0.112947 -0.113644
0 -0.0518743 -0.113715 -0.114456
0 -0.0521552 -0.114335 -0.115103
0 -0.0524132 -0.114797 -0.115582
0 -0.0526396 -0.115096 -0.115893
0 -0.0528265 -0.115235 -0.116035
0 -0.0529653 -0.115221 -0.116012
0 -0.0530487 -0.115065 -0.115832
0 -0.0530708 -0.114782 -0.115502
0 -0.0530276 -0.114388 -0.115037
0 -0.0529182 -0.113899 -0.114452
0 -0.0527444 -0.113331 -0.113767
0 -0.0525116 -0.112699 -0.113004
0 -0.0522273 -0.112015 -0.112187
0 -0.0519002 -0.11129 -0.111335
0 -0.0515402 -0.110536 -0.110466
0 -0.0511599 -0.109765 -0.109597
0 -0.0507745 -0.108991 -0.108744
0 -0.0503972 -0.10823 -0.107921
0 -0.0500389 -0.107493 -0.107135
0 -0.0497069 -0.10679 -0.106391
0 -0.0494043 -0.106131 -0.105692
0 -0.049133 -0.10552 -0.105038
0 -0.0488944 -0.104964 -0.104432
0 -0.0486887 -0.104467 -0.103877
0 -0.0485145 -0.104031 -0.103377
0 -0.0483655 -0.103652 -0.10293
0 -0.048232 -0.103321 -0.102533
0 -0.0481035 -0.103028 -0.102182
0 -0.0479693 -0.102761 -0.10187
0 -0.04782 -0.102509 -0.101588
0 -0.0476496 -0.102261 -0.101329
0 -0.047457 -0.102012 -0.101086
0 -0.0472478 -0.101761 -0.100856
0 -0.0470321 -0.101513 -0.100637
0 -0.0468215 -0.101271 -0.100429
0 -0.0466263 -0.101041 -0.100229
0 -0.0464565 -0.100827 -0.100036
0 -0.0463205 -0.100633 -0.0998499
0 -0.0462238 -0.100462 -0.0996708
0 -0.0461706 -0.100319 -0.0995021
0 -0.0461633 -0.100206 -0.0993503
0 -0.0462002 -0.100128 -0.0992211
0 -0.0462738 -0.100082 -0.0991186
0 -0.0463714 -0.100065 -0.0990435
0 -0.0464755 -0.100066 -0.0989924
0 -0.0465666 -0.100075 -0.0989593
0 -0.0466285 -0.100082 -0.0989382
0 -0.0466522 -0.100083 -0.0989265
0 -0.0466366 -0.100077 -0.098925
0 -0.0465865 -0.100066 -0.0989359
0 -0.0465108 -0.100056 -0.0989607
0 -0.0464212 -0.100052 -0.0990009
0 -0.0463317 -0.100058 -0.0990581
0 -0.0462562 -0.100082 -0.0991331
0 -0.046206 -0.100127 -0.0992252
0 -0.0461887 -0.100195 -0.0993319
0 -0.0462068 -0.100285 -0.0994489
0 -0.0462585 -0.100394 -0.0995712
0 -0.0463389 -0.100517 -0.0996942
0 -0.046443 -0.100651 -0.0998167
0 -0.0465657 -0.100793 -0.0999396
0 -0.0467012 -0.100943 -0.100066
0 -0.0468451 -0.101101 -0.100199
0 -0.0469943 -0.101267 -0.100347
0 -0.0471475 -0.101447 -0.100516
0 -0.0473045 -0.101646 -0.100713
0 -0.0474636 -0.101865 -0.100943
0 -0.0476206 -0.102106 -0.101205
0 -0.0477714 -0.102368 -0.101496
0 -0.0479118 -0.102648 -0.101813
0 -0.0480374 -0.102941 -0.102149
0 -0.0481465 -0.103245 -0.102497
0 -0.0482425 -0.103557 -0.102856
0 -0.0483338 -0.10388 -0.103226
0 -0.0484317 -0.104219 -0.103613
0 -0.048547 -0.104577 -0.104019
0 -0.0486873 -0.104956 -0.104446
0 -0.0488528 -0.105352 -0.104889
0 -0.0490366 -0.105754 -0.105338
0 -0.049229 -0.106151 -0.10578
0 -0.0494184 -0.106531 -0.106204
0 -0.0495959 -0.106884 -0.106599
0 -0.0497569 -0.107207 -0.10696
0 -0.0498992 -0.107496 -0.107285
0 -0.0500194 -0.107749 -0.107569
0 -0.0501123 -0.107958 -0.107805
0 -0.0501719 -0.108118 -0.107988
0 -0.0501945 -0.108221 -0.108111
0 -0.0501789 -0.108265 -0.108169
0 -0.0501254 -0.108245 -0.10816
0 -0.0500355 -0.108159 -0.10808
0 -0.0499129 -0.108007 -0.107929
0 -0.0497634 -0.10779 -0.107708
0 -0.0495961 -0.107517 -0.107422
0 -0.0494199 -0.107193 -0.107077
0 -0.049241 -0.106827 -0.106678
0 -0.0490633 -0.106424 -0.106231
0 -0.0488911 -0.105994 -0.105744
0 -0.0487308 -0.105548 -0.105228
0 -0.0485874 -0.105099 -0.104697
0 -0.0484634 -0.104657 -0.104165
0 -0.0483598 -0.104231 -0.103646
0 -0.0482753 -0.103829 -0.103152
0 -0.0482052 -0.103455 -0.102694
0 -0.0481417 -0.103112 -0.102277
0 -0.0480756 -0.102798 -0.101903
0 -0.0479968 -0.10251 -0.101573
0 -0.0478954 -0.102245 -0.10128
0 -0.0477646 -0.101997 -0.10102
0 -0.0476019 -0.101763 -0.100787
0 -0.0474099 -0.101541 -0.100576
0 -0.0471958 -0.101332 -0.100385
0 -0.0469684 -0.101133 -0.10021
0 -0.0467354 -0.100939 -0.100044
0 -0.0465036 -0.100745 -0.0998774
0 -0.0462796 -0.100545 -0.0997021
0 -0.0460715 -0.100335 -0.099512
0 -0.0458885 -0.100115 -0.0993045
0 -0.045738 -0.0998882 -0.0990785
0 -0.0456247 -0.0996557 -0.098834
0 -0.04555 -0.0994214 -0.0985724
0 -0.0455113 -0.0991884 -0.0982961
0 -0.045503 -0.0989606 -0.0980091
0 -0.0455173 -0.0987416 -0.0977169
0 -0.0455452 -0.0985351 -0.097427
0 -0.0455794 -0.0983465 -0.0971501
0 -0.0456159 -0.0981833 -0.0969005
0 -0.0456528 -0.0980537 -0.0966935
0 -0.04569 -0.0979658 -0.0965436
0 -0.0457287 -0.097927 -0.0964637
0 -0.0457731 -0.0979455 -0.0964656
0 -0.045829 -0.09803 -0.0965588
0 -0.0459011 -0.0981858 -0.0967476
0 -0.0459918 -0.0984149 -0.0970306
0 -0.046103 -0.0987169 -0.0974031
0 -0.0462374 -0.0990907 -0.0978585
0 -0.0463988 -0.099535 -0.0983904
0 -0.0465934 -0.10005 -0.0989945
0 -0.046828 -0.100635 -0.0996675
0 -0.0471083 -0.101291 -0.100406
0 -0.0474366 -0.102012 -0.101207
0 -0.0478109 -0.102794 -0.102063
0 -0.0482261 -0.103628 -0.102966
0 -0.0486739 -0.104503 -0.103908
0 -0.0491397 -0.105407 -0.104878
0 -0.0496078 -0.106324 -0.105861
0 -0.0500647 -0.107239 -0.106847
0 -0.0504981 -0.108136 -0.107823
0 -0.050897 -0.109002 -0.10878
0 -0.0512515 -0.109823 -0.109705
0 -0.0515522 -0.110584 -0.11058
0 -0.0517884 -0.111266 -0.111387
0 -0.0519482 -0.11185 -0.112097
0 -0.0520229 -0.112314 -0.112685
0 -0.0520124 -0.112648 -0.113129
0 -0.0519246 -0.112843 -0.113415
0 -0.0517742 -0.112898 -0.113536
0 -0.0515789 -0.112817 -0.11349
0 -0.0513538 -0.112599 -0.113278
0 -0.0511112 -0.112248 -0.112902
0 -0.0508624 -0.111771 -0.112372
0 -0.0506142 -0.111175 -0.111696
0 -0.0503682 -0.11047 -0.110887
0 -0.0501229 -0.109668 -0.109961
0 -0.0498732 -0.108785 -0.108931
0 -0.0496118 -0.107834 -0.107817
0 -0.0493334 -0.106835 -0.106636
0 -0.0490352 -0.105805 -0.105413
0 -0.0487161 -0.104763 -0.104172
0 -0.0483746 -0.103723 -0.102936
0 -0.0480072 -0.102691 -0.101726
0 -0.0476089 -0.101672 -0.100553
0 -0.0471767 -0.100672 -0.0994303
0 -0.0467122 -0.0996988 -0.098366
0 -0.0462211 -0.0987604 -0.0973657
0 -0.0457134 -0.097866 -0.0964333
0 -0.0452055 -0.0970259 -0.0955722
0 -0.0447175 -0.0962521 -0.0947868
0 -0.0442713 -0.0955569 -0.0940817
0 -0.0438893 -0.0949531 -0.0934636
0 -0.0435927 -0.0944542 -0.0929419
0 -0.043398 -0.0940721 -0.0925265
0 -0.0433154 -0.0938168 -0.0922271
0 -0.0433485 -0.0936959 -0.0920536
0 -0.0434938 -0.0937146 -0.0920151
0 -0.0437414 -0.0938757 -0.0921197
0 -0.044077 -0.0941808 -0.0923752
0 -0.0444836 -0.0946304 -0.0927888
0 -0.0449446 -0.0952251 -0.0933676
0 -0.0454436 -0.0959628 -0.0941164
0 -0.0459643 -0.0968369 -0.0950345
0 -0.0464914 -0.0978356 -0.0961151
0 -0.0470119 -0.0989423 -0.0973446
0 -0.0475176 -0.100138 -0.0987046
0 -0.0480032 -0.101402 -0.10017
0 -0.0484647 -0.102711 -0.101711
0 -0.0489015 -0.104044 -0.103294
0 -0.0493142 -0.105385 -0.10489
0 -0.0497048 -0.106717 -0.106468
0 -0.0500808 -0.108022 -0.108003
0 -0.0504496 -0.109283 -0.109471
0 -0.0508153 -0.11048 -0.110852
0 -0.0511796 -0.111595 -0.112122
0 -0.0515396 -0.112607 -0.113261
0 -0.0518874 -0.113497 -0.114248
0 -0.0522116 -0.114248 -0.115066
0 -0.0524997 -0.114842 -0.1157
0 -0.0527388 -0.115269 -0.116142
0 -0.0529163 -0.115519 -0.116387
0 -0.0530211 -0.115588 -0.116432
0 -0.0530433 -0.115473 -0.116278
0 -0.0529751 -0.115176 -0.11593
0 -0.0528109 -0.114701 -0.115391
0 -0.0525481 -0.114055 -0.114669
0 -0.0521902 -0.11325 -0.113774
0 -0.0517474 -0.1123 -0.112724
0 -0.0512333 -0.111226 -0.111538
0 -0.0506636 -0.110047 -0.110234
0 -0.0500557 -0.108784 -0.108835
0 -0.0494258 -0.107458 -0.107362
0 -0.0487882 -0.106089 -0.105833
0 -0.0481525 -0.104692 -0.104266
0 -0.0475274 -0.103281 -0.102679
0 -0.0469239 -0.101871 -0.10109
0 -0.0463445 -0.100472 -0.0995191
0 -0.04579 -0.0990999 -0.0979811
0 -0.0452668 -0.0977692 -0.0964932
0 -0.0447783 -0.0964973 -0.0950716
0 -0.0443262 -0.0952987 -0.0937299
0 -0.0439113 -0.0941855 -0.0924796
0 -0.0435318 -0.0931667 -0.0913298
0 -0.0431868 -0.0922494 -0.0902897
0 -0.0428777 -0.0914409 -0.0893692
0 -0.0426062 -0.0907467 -0.088578
0 -0.0423733 -0.0901702 -0.0879235
0 -0.0421798 -0.0897127 -0.0874101
0 -0.0420263 -0.0893745 -0.0870397
0 -0.0419149 -0.0891569 -0.0868134
0 -0.0418491 -0.0890617 -0.0867306
0 -0.0418324 -0.0890906 -0.0867897
0 -0.0418706 -0.0892466 -0.0869898
0 -0.041971 -0.0895327 -0.0873305
0 -0.0421402 -0.0899508 -0.0878111
0 -0.0423835 -0.0905017 -0.0884312
0 -0.0427035 -0.0911846 -0.0891892
0 -0.0430987 -0.0919951 -0.0900818
0 -0.043564 -0.0929265 -0.0911036
0 -0.0440931 -0.0939718 -0.0922495
0 -0.0446794 -0.0951246 -0.0935152
0 -0.0453139 -0.0963765 -0.0948936
0 -0.0459849 -0.0977153 -0.0963735
0 -0.0466812 -0.0991268 -0.0979404
0 -0.0473944 -0.100598 -0.0995793
0 -0.0481178 -0.102115 -0.101274
0 -0.0488452 -0.103668 -0.103007
0 -0.0495657 -0.105244 -0.104761
0 -0.0502674 -0.106828 -0.106517
0 -0.0509442 -0.108402 -0.108258
0 -0.0515897 -0.109949 -0.10997
0 -0.0522005 -0.111455 -0.111643
0 -0.0527799 -0.112909 -0.113266
0 -0.0533287 -0.114299 -0.114827
0 -0.0538431 -0.115612 -0.116306
0 -0.0543177 -0.116832 -0.117684
0 -0.054745 -0.117944 -0.118938
0 -0.0551169 -0.118933 -0.12005
0 -0.0554264 -0.119785 -0.121
0 -0.0556684 -0.120487 -0.121775
0 -0.0558404 -0.121031 -0.122366
0 -0.0559415 -0.121408 -0.122769
0 -0.0559712 -0.12161 -0.122979
0 -0.0559309 -0.121634 -0.122996
0 -0.0558239 -0.121478 -0.122824
0 -0.0556542 -0.121145 -0.122464
0 -0.0554244 -0.12064 -0.121922
0 -0.0551346 -0.119969 -0.121199
0 -0.0547833 -0.119139 -0.120299
0 -0.0543688 -0.118159 -0.119225
0 -0.0538907 -0.11704 -0.117985
0 -0.0533485 -0.115793 -0.116589
0 -0.0527415 -0.114426 -0.115048
0 -0.0520709 -0.112947 -0.113377
0 -0.0513391 -0.111367 -0.111592
0 -0.0505488 -0.109691 -0.109706
0 -0.0497053 -0.107931 -0.107734
0 -0.0488199 -0.1061 -0.105693
0 -0.0479077 -0.104212 -0.103603
0 -0.0469878 -0.102288 -0.101486
0 -0.0460791 -0.100346 -0.099366
0 -0.0451953 -0.0984105 -0.0972634
0 -0.044352 -0.0965056 -0.0951979
0 -0.043566 -0.0946564 -0.0931873
0 -0.0428495 -0.0928869 -0.0912496
0 -0.0422125 -0.0912217 -0.0894052
0 -0.0416646 -0.089684 -0.0876774
0 -0.0412127 -0.0882939 -0.0860904
0 -0.0408581 -0.0870668 -0.0846675
0 -0.0405979 -0.0860127 -0.0834297
0 -0.0404244 -0.0851374 -0.0823937
0 -0.0403257 -0.084443 -0.0815713
0 -0.0402888 -0.0839295 -0.0809687
0 -0.040302 -0.0835979 -0.080589
0 -0.0403573 -0.0834518 -0.0804344
0 -0.0404504 -0.0834964 -0.0805052
0 -0.0405797 -0.0837362 -0.0807994
0 -0.0407479 -0.0841743 -0.0813146
0 -0.0409626 -0.0848107 -0.0820475
0 -0.041233 -0.0856409 -0.0829925
0 -0.0415672 -0.086654 -0.0841407
0 -0.0419717 -0.0878348 -0.085479
0 -0.0424494 -0.0891635 -0.0869896
0 -0.0429977 -0.0906165 -0.0886486
0 -0.0436088 -0.0921671 -0.090427
0 -0.0442719 -0.0937892 -0.0922944
0 -0.0449748 -0.0954585 -0.094219
0 -0.0457044 -0.0971525 -0.0961685
0 -0.0464478 -0.0988505 -0.0981108
0 -0.0471935 -0.100534 -0.100017
0 -0.0479333 -0.102188 -0.101863
0 -0.0486579 -0.103799 -0.103633
0 -0.0493586 -0.105355 -0.105316
0 -0.0500349 -0.106844 -0.106909
0 -0.0506845 -0.108256 -0.10841
0 -0.0512994 -0.109578 -0.109818
0 -0.0518705 -0.110796 -0.111124
0 -0.0523873 -0.111898 -0.11232
0 -0.0528374 -0.11287 -0.113392
0 -0.0532104 -0.113702 -0.114327
0 -0.0534979 -0.114386 -0.115111
0 -0.0536931 -0.114915 -0.115731
0 -0.053794 -0.115286 -0.116175
0 -0.0538038 -0.115497 -0.116436
0 -0.0537314 -0.11555 -0.116515
0 -0.0535903 -0.115451 -0.116417
0 -0.0533948 -0.115206 -0.116151
0 -0.0531581 -0.114821 -0.115724
0 -0.0528911 -0.114303 -0.115148
0 -0.0526012 -0.113661 -0.114433
0 -0.0522923 -0.112904 -0.113589
0 -0.0519672 -0.112045 -0.112628
0 -0.0516273 -0.1111 -0.111565
0 -0.0512727 -0.110086 -0.110416
0 -0.0509048 -0.109022 -0.109202
0 -0.0505237 -0.107926 -0.10794
0 -0.0501263 -0.106813 -0.106648
0 -0.0497096 -0.105694 -0.10534
0 -0.0492726 -0.104577 -0.104034
0 -0.0488144 -0.103469 -0.102745
0 -0.0483371 -0.102378 -0.101492
0 -0.0478481 -0.10131 -0.100291
0 -0.0473549 -0.100274 -0.099154
0 -0.0468643 -0.0992803 -0.0980928
0 -0.0463867 -0.0983422 -0.0971138
0 -0.0459326 -0.0974728 -0.0962208
0 -0.0455114 -0.0966832 -0.0954149
0 -0.0451334 -0.0959828 -0.0946958
0 -0.0448077 -0.0953796 -0.0940641
0 -0.0445427 -0.0948796 -0.093522
0 -0.0443449 -0.0944857 -0.0930732
0 -0.0442176 -0.0941988 -0.0927223
0 -0.0441614 -0.094018 -0.092475
0 -0.0441733 -0.09394 -0.0923358
0 -0.044245 -0.0939586 -0.092306
0 -0.0443635 -0.0940646 -0.0923824
0 -0.0445134 -0.0942475 -0.0925587
0 -0.0446791 -0.0944968 -0.0928256
0 -0.0448464 -0.0948021 -0.093172
0 -0.0450046 -0.095154 -0.0935859
0 -0.0451486 -0.0955455 -0.0940565
0 -0.0452781 -0.0959708 -0.0945736
0 -0.0453957 -0.0964237 -0.0951265
0 -0.0455072 -0.0968985 -0.095705
0 -0.0456204 -0.0973896 -0.0963002
0 -0.0457434 -0.0978916 -0.096903
0 -0.0458835 -0.098399 -0.0975054
0 -0.0460472 -0.0989084 -0.0981011
0 -0.0462405 -0.0994187 -0.0986863
0 -0.0464684 -0.0999309 -0.0992603
0 -0.046734 -0.100448 -0.0998242
0 -0.0470368 -0.10097 -0.100379
0 -0.0473714 -0.101497 -0.100926
0 -0.0477296 -0.102027 -0.101464
0 -0.048099 -0.102555 -0.101993
0 -0.0484649 -0.103076 -0.102511
0 -0.0488138 -0.103583 -0.103017
0 -0.0491358 -0.104075 -0.103512
0 -0.0494254 -0.10455 -0.104002
0 -0.0496794 -0.105007 -0.104487
0 -0.0498955 -0.105447 -0.104968
0 -0.050074 -0.105867 -0.105444
0 -0.0502172 -0.106266 -0.105913
0 -0.0503284 -0.106644 -0.106371
0 -0.0504105 -0.106996 -0.106809
0 -0.0504654 -0.107316 -0.107217
0 -0.0504933 -0.107596 -0.107582
0 -0.0504947 -0.107826 -0.107891
0 -0.0504705 -0.107998 -0.10813
0 -0.0504217 -0.108104 -0.108288
0 -0.0503513 -0.108139 -0.108357
0 -0.0502649 -0.108102 -0.108332
0 -0.0501675 -0.10799 -0.108214
0 -0.050061 -0.107803 -0.108003
0 -0.0499441 -0.10754 -0.107698
0 -0.0498147 -0.1072 -0.107303
0 -0.0496712 -0.106787 -0.106822
0 -0.0495132 -0.106308 -0.106264
0 -0.0493414 -0.105775 -0.105642
0 -0.0491566 -0.105198 -0.104967
0 -0.0489596 -0.10459 -0.104253
0 -0.0487498 -0.103961 -0.103513
0 -0.0485263 -0.103319 -0.102759
0 -0.0482879 -0.102671 -0.102004
0 -0.0480342 -0.102022 -0.101257
0 -0.0477652 -0.101377 -0.100527
0 -0.0474821 -0.10074 -0.0998224
0 -0.0471854 -0.100115 -0.0991463
0 -0.0468742 -0.0995042 -0.0984979
0 -0.0465475 -0.098906 -0.0978726
0 -0.0462061 -0.0983202 -0.0972654
0 -0.0458535 -0.0977472 -0.0966718
0 -0.0454967 -0.0971879 -0.0960892
0 -0.0451472 -0.096646 -0.0955186
0 -0.044821 -0.0961296 -0.0949668
0 -0.0445362 -0.0956494 -0.0944449
0 -0.0443076 -0.0952148 -0.0939633
0 -0.0441439 -0.0948335 -0.0935306
0 -0.0440486 -0.0945117 -0.0931541
0 -0.0440194 -0.0942538 -0.0928398
0 -0.0440495 -0.0940634 -0.0925923
0 -0.0441302 -0.0939446 -0.0924174
0 -0.0442516 -0.0939016 -0.0923213
0 -0.0444022 -0.0939367 -0.0923089
0 -0.0445703 -0.0940503 -0.0923843
0 -0.0447451 -0.0942414 -0.0925504
0 -0.0449179 -0.0945067 -0.0928087
0 -0.0450829 -0.094842 -0.093159
0 -0.0452381 -0.0952414 -0.0935994
0 -0.0453845 -0.0956985 -0.0941255
0 -0.0455276 -0.0962082 -0.0947318
0 -0.0456774 -0.0967674 -0.0954125
0 -0.0458468 -0.0973758 -0.0961615
0 -0.0460495 -0.0980345 -0.0969717
0 -0.0462962 -0.0987438 -0.0978337
0 -0.0465924 -0.0995017 -0.0987357
0 -0.0469381 -0.100303 -0.0996639
0 -0.0473285 -0.101141 -0.100604
0 -0.0477557 -0.102005 -0.101544
0 -0.0482091 -0.102882 -0.102472
0 -0.048675 -0.103761 -0.103381
0 -0.0491399 -0.104626 -0.104266
0 -0.0495924 -0.105465 -0.105123
0 -0.050024 -0.106268 -0.105953
0 -0.0504276 -0.107028 -0.106756
0 -0.050796 -0.107737 -0.107531
0 -0.051123 -0.108393 -0.108272
0 -0.0514034 -0.108989 -0.108973
0 -0.0516338 -0.109524 -0.109622
0 -0.0518115 -0.109995 -0.110209
0 -0.0519349 -0.110398 -0.110718
0 -0.0520041 -0.110729 -0.111138
0 -0.0520208 -0.110983 -0.111455
0 -0.0519883 -0.111152 -0.111662
0 -0.0519118 -0.111232 -0.111752
0 -0.0517978 -0.111214 -0.111725
0 -0.0516521 -0.111094 -0.111581
0 -0.0514796 -0.110865 -0.11132
0 -0.0512831 -0.110526 -0.110944
0 -0.051064 -0.110075 -0.110455
0 -0.0508239 -0.109519 -0.109856
0 -0.0505631 -0.108865 -0.10915
0 -0.0502807 -0.108124 -0.108343
0 -0.0499746 -0.107308 -0.107441
0 -0.0496429 -0.106428 -0.106452
0 -0.0492859 -0.105498 -0.105388
0 -0.0489049 -0.10453 -0.104264
0 -0.0485014 -0.103536 -0.103096
0 -0.0480783 -0.102524 -0.101904
0 -0.0476406 -0.101503 -0.100707
0 -0.0471935 -0.100477 -0.0995234
0 -0.0467391 -0.0994524 -0.0983683
0 -0.0462814 -0.0984391 -0.0972541
0 -0.0458278 -0.0974497 -0.096191
0 -0.0453871 -0.0964995 -0.0951876
0 -0.0449704 -0.0956056 -0.0942517
0 -0.04459 -0.0947863 -0.0933916
0 -0.0442587 -0.0940589 -0.0926164
0 -0.043988 -0.0934381 -0.0919359
0 -0.0437862 -0.0929354 -0.0913605
0 -0.0436574 -0.0925573 -0.0909
0 -0.0436002 -0.0923048 -0.0905618
0 -0.043608 -0.0921741 -0.0903506
0 -0.0436727 -0.09216 -0.0902703
0 -0.0437866 -0.0922584 -0.0903254
0 -0.0439434 -0.0924665 -0.0905193
0 -0.0441387 -0.0927837 -0.090855
0 -0.0443683 -0.0932088 -0.0913314
0 -0.0446269 -0.0937382 -0.0919425
0 -0.0449095 -0.0943667 -0.0926785
0 -0.0452127 -0.0950883 -0.0935274
0 -0.0455354 -0.0958962 -0.0944761
0 -0.0458784 -0.0967825 -0.0955108
0 -0.0462433 -0.0977375 -0.0966168
0 -0.0466324 -0.0987505 -0.0977793
0 -0.0470469 -0.0998094 -0.0989833
0 -0.0474858 -0.100901 -0.100213
0 -0.047948 -0.102014 -0.101453
0 -0.0484301 -0.103135 -0.102692
0 -0.0489235 -0.10425 -0.103914
0 -0.0494195 -0.105343 -0.105107
0 -0.0499093 -0.106397 -0.106259
0 -0.0503813 -0.107396 -0.107356
0 -0.0508232 -0.108326 -0.108387
0 -0.051225 -0.109176 -0.10934
0 -0.051581 -0.109938 -0.110204
0 -0.051889 -0.110611 -0.110973
0 -0.05215 -0.111196 -0.111644
0 -0.0523662 -0.111695 -0.112212
0 -0.0525391 -0.112107 -0.112674
0 -0.0526686 -0.112431 -0.113029
0 -0.0527541 -0.112663 -0.113273
0 -0.0527936 -0.112798 -0.113405
0 -0.0527859 -0.112831 -0.113424
0 -0.0527326 -0.112761 -0.113333
0 -0.0526362 -0.112587 -0.113136
0 -0.0524995 -0.112313 -0.112836
0 -0.0523252 -0.111941 -0.112437
0 -0.0521158 -0.111479 -0.111943
0 -0.051873 -0.110933 -0.111357
0 -0.0515967 -0.110309 -0.11068
0 -0.0512835 -0.10961 -0.109913
0 -0.0509289 -0.108837 -0.109055
0 -0.0505291 -0.10799 -0.108107
0 -0.0500797 -0.107067 -0.107069
0 -0.0495787 -0.106069 -0.105943
0 -0.0490293 -0.104996 -0.104735
0 -0.0484373 -0.103854 -0.103454
0 -0.0478112 -0.10265 -0.102111
0 -0.0471658 -0.101394 -0.100722
0 -0.046518 -0.100096 -0.0993028
0 -0.045879 -0.0987709 -0.0978669
0 -0.0452591 -0.0974326 -0.0964261
0 -0.0446677 -0.0960963 -0.0949886
0 -0.0441082 -0.0947765 -0.0935598
0 -0.0435832 -0.0934871 -0.0921465
0 -0.043095 -0.0922427 -0.0907587
0 -0.0426451 -0.0910565 -0.0894096
0 -0.0422357 -0.0899409 -0.0881157
0 -0.0418689 -0.088907 -0.0868965
0 -0.0415454 -0.0879626 -0.085771
0 -0.0412637 -0.0871128 -0.0847569
0 -0.0410231 -0.0863629 -0.083871
0 -0.0408243 -0.08572 -0.0831283
0 -0.0406689 -0.0851928 -0.0825409
0 -0.0405607 -0.0847925 -0.0821182
0 -0.040505 -0.0845326 -0.0818678
0 -0.0405075 -0.0844267 -0.0817944
0 -0.0405739 -0.0844877 -0.0819009
0 -0.0407086 -0.0847256 -0.0821888
0 -0.0409149 -0.0851459 -0.0826587
0 -0.0411941 -0.0857482 -0.0833101
0 -0.0415451 -0.086526 -0.0841406
0 -0.0419639 -0.0874668 -0.0851455
0 -0.0424441 -0.088554 -0.086317
0 -0.0429791 -0.08977 -0.0876455
0 -0.0435617 -0.0910966 -0.0891185
0 -0.044184 -0.092516 -0.0907198
0 -0.0448373 -0.0940107 -0.0924296
0 -0.0455149 -0.0955653 -0.0942257
0 -0.046214 -0.0971684 -0.0960859
0 -0.0469346 -0.0988118 -0.0979878
0 -0.0476771 -0.100488 -0.0999095
0 -0.0484389 -0.102189 -0.10183
0 -0.0492109 -0.103901 -0.10373
0 -0.0499833 -0.105611 -0.105593
0 -0.0507468 -0.107296 -0.107406
0 -0.051485 -0.108932 -0.109154
0 -0.0521823 -0.110497 -0.110824
0 -0.0528281 -0.111967 -0.112402
0 -0.0534107 -0.113324 -0.113875
0 -0.0539202 -0.114551 -0.115228
0 -0.0543516 -0.115636 -0.116448
0 -0.0547018 -0.116572 -0.11752
0 -0.0549696 -0.117353 -0.11843
0 -0.0551584 -0.117977 -0.119168
0 -0.0552737 -0.118444 -0.119724
0 -0.0553212 -0.118755 -0.120094
0 -0.0553066 -0.118908 -0.120274
0 -0.0552345 -0.118903 -0.120264
0 -0.0551083 -0.118736 -0.120064
0 -0.0549305 -0.118405 -0.119678
0 -0.0547029 -0.117911 -0.119111
0 -0.0544266 -0.117258 -0.118373
0 -0.0541044 -0.116456 -0.117474
0 -0.0537408 -0.11552 -0.11643
0 -0.0533398 -0.114469 -0.115258
0 -0.0529034 -0.11332 -0.113974
0 -0.0524325 -0.112092 -0.112594
0 -0.0519274 -0.110802 -0.111137
0 -0.0513881 -0.109463 -0.109618
0 -0.0508153 -0.10809 -0.108055
0 -0.0502102 -0.106694 -0.106463
0 -0.049577 -0.105285 -0.104856
0 -0.0489228 -0.103871 -0.103252
0 -0.0482544 -0.102462 -0.101668
0 -0.0475831 -0.101067 -0.100121
0 -0.0469208 -0.0996948 -0.0986246
0 -0.0462731 -0.0983567 -0.0971893
0 -0.0456471 -0.0970643 -0.0958202
0 -0.0450524 -0.0958301 -0.0945206
0 -0.0444973 -0.0946667 -0.0932932
0 -0.0439912 -0.0935869 -0.092142
0 -0.0435426 -0.0926013 -0.0910722
0 -0.0431577 -0.0917181 -0.0900901
0 -0.04284 -0.090943 -0.0892035
0 -0.042592 -0.0902801 -0.0884224
0 -0.0424129 -0.0897312 -0.0877568
0 -0.042299 -0.089296 -0.0872155
0 -0.0422451 -0.0889737 -0.0868063
0 -0.0422448 -0.0887635 -0.0865351
0 -0.0422911 -0.0886651 -0.0864054
0 -0.0423759 -0.0886782 -0.0864168
0 -0.0424909 -0.088802 -0.0865656
0 -0.0426287 -0.0890354 -0.0868458
0 -0.0427843 -0.089376 -0.0872495
0 -0.0429545 -0.089819 -0.0877675
0 -0.0431385 -0.0903572 -0.0883901
0 -0.0433383 -0.0909819 -0.0891078
0 -0.0435578 -0.0916829 -0.0899116
0 -0.0438013 -0.0924487 -0.090791
0 -0.0440734 -0.0932675 -0.0917353
0 -0.0443779 -0.0941283 -0.0927329
0 -0.0447179 -0.0950218 -0.0937717
0 -0.0450948 -0.0959401 -0.0948392
0 -0.0455072 -0.0968763 -0.0959222
0 -0.0459507 -0.097824 -0.0970071
0 -0.0464191 -0.0987774 -0.0980817
0 -0.0469051 -0.0997312 -0.0991357
0 -0.0474007 -0.100679 -0.100161
0 -0.0478972 -0.101614 -0.10115
0 -0.0483841 -0.102528 -0.1021
0 -0.0488511 -0.103411 -0.103009
0 -0.0492904 -0.104254 -0.103877
0 -0.0496952 -0.105048 -0.104703
0 -0.0500595 -0.105784 -0.105486
0 -0.0503781 -0.106456 -0.106225
0 -0.0506479 -0.107059 -0.106914
0 -0.0508677 -0.107591 -0.107548
0 -0.0510378 -0.10805 -0.108118
0 -0.0511604 -0.108436 -0.108615
0 -0.051239 -0.10875 -0.109029
0 -0.0512785 -0.108994 -0.109354
0 -0.0512851 -0.109169 -0.109582
0 -0.0512645 -0.109276 -0.10971
0 -0.0512228 -0.109312 -0.10974
0 -0.0511651 -0.109277 -0.109675
0 -0.0510954 -0.109168 -0.10952
0 -0.0510162 -0.108986 -0.109282
0 -0.0509284 -0.108731 -0.10897
0 -0.0508309 -0.108406 -0.108589
0 -0.050721 -0.108018 -0.108147
0 -0.0505951 -0.107573 -0.107648
0 -0.0504485 -0.107079 -0.107098
0 -0.0502771 -0.106544 -0.106501
0 -0.0500773 -0.105977 -0.105861
0 -0.0498472 -0.105385 -0.105185
0 -0.0495869 -0.104774 -0.104479
0 -0.0492977 -0.104149 -0.103753
0 -0.048983 -0.103513 -0.103013
0 -0.0486477 -0.102869 -0.102272
0 -0.048298 -0.102219 -0.101537
0 -0.0479407 -0.101567 -0.100816
0 -0.0475838 -0.100914 -0.100116
0 -0.0472346 -0.100266 -0.0994403
0 -0.046899 -0.099629 -0.098789
0 -0.046582 -0.0990088 -0.0981619
0 -0.0462878 -0.098413 -0.0975573
0 -0.0460205 -0.0978489 -0.0969741
0 -0.0457824 -0.0973228 -0.0964122
0 -0.0455749 -0.0968401 -0.0958739
0 -0.0453987 -0.0964045 -0.0953635
0 -0.0452536 -0.0960183 -0.0948877
0 -0.0451384 -0.0956821 -0.094455
0 -0.0450516 -0.0953958 -0.0940748
0 -0.0449908 -0.0951588 -0.0937561
0 -0.0449532 -0.0949711 -0.0935062
0 -0.0449359 -0.0948329 -0.0933303
0 -0.0449356 -0.0947453 -0.0932306
0 -0.0449493 -0.0947098 -0.0932068
0 -0.0449747 -0.0947284 -0.093256
0 -0.04501 -0.0948026 -0.0933734
0 -0.0450546 -0.0949332 -0.0935533
0 -0.0451091 -0.0951195 -0.0937896
0 -0.0451752 -0.0953592 -0.094077
0 -0.0452556 -0.0956486 -0.0944103
0 -0.0453533 -0.0959826 -0.0947857
0 -0.0454714 -0.096355 -0.0951994
0 -0.0456125 -0.0967592 -0.0956481
0 -0.0457782 -0.0971892 -0.0961279
0 -0.0459688 -0.0976394 -0.0966345
0 -0.0461828 -0.0981051 -0.0971626
0 -0.0464178 -0.098583 -0.0977063
0 -0.0466696 -0.0990703 -0.0982592
0 -0.0469333 -0.0995647 -0.098815
0 -0.0472039 -0.100064 -0.0993681
0 -0.0474761 -0.100566 -0.0999137
0 -0.0477454 -0.101066 -0.100448
0 -0.0480064 -0.101562 -0.100969
0 -0.0482545 -0.102048 -0.101475
0 -0.0484863 -0.10252 -0.101965
0 -0.0486987 -0.102972 -0.102439
0 -0.0488901 -0.1034 -0.102895
0 -0.0490598 -0.103798 -0.103331
0 -0.0492074 -0.104163 -0.103745
0 -0.0493332 -0.104493 -0.104133
0 -0.0494384 -0.104784 -0.10449
0 -0.049524 -0.105036 -0.10481
0 -0.0495914 -0.105248 -0.105087
0 -0.0496423 -0.10542 -0.105317
0 -0.0496782 -0.105552 -0.105494
0 -0.0497005 -0.105645 -0.105616
0 -0.0497105 -0.105698 -0.105679
0 -0.0497093 -0.105711 -0.105686
0 -0.0496973 -0.105683 -0.105636
0 -0.0496749 -0.105615 -0.105534
0 -0.0496415 -0.105506 -0.105384
0 -0.0495966 -0.105357 -0.105189
0 -0.049539 -0.10517 -0.104956
0 -0.0494672 -0.104945 -0.104687
0 -0.0493799 -0.104688 -0.104388
0 -0.0492758 -0.104399 -0.104062
0 -0.0491541 -0.104085 -0.103712
0 -0.0490146 -0.103749 -0.103342
0 -0.0488575 -0.103395 -0.102953
0 -0.0486844 -0.103027 -0.102549
0 -0.048497 -0.102648 -0.102133
