0 -0.0307538 -0.0575953 -0.0568323
0 -0.0306344 -0.0573572 -0.0565728
0 -0.0305195 -0.0571316 -0.0563274
0 -0.0304096 -0.0569188 -0.0560962
0 -0.0303053 -0.0567192 -0.0558797
0 -0.030207 -0.0565331 -0.055678
0 -0.0301152 -0.0563609 -0.0554913
0 -0.0300305 -0.0562027 -0.0553199
0 -0.0299531 -0.0560589 -0.0551639
0 -0.0298836 -0.0559295 -0.0550234
0 -0.0298223 -0.0558147 -0.0548987
0 -0.0297695 -0.0557146 -0.0547896
0 -0.0297253 -0.0556294 -0.0546965
0 -0.02969 -0.0555591 -0.0546192
0 -0.0296636 -0.0555037 -0.0545579
0 -0.0296462 -0.0554633 -0.0545126
0 -0.0296377 -0.0554378 -0.0544832
0 -0.0296379 -0.0554272 -0.0544698
0 -0.0296469 -0.0554315 -0.0544723
0 -0.0296642 -0.0554505 -0.0544906
0 -0.0296896 -0.0554842 -0.0545247
0 -0.0297228 -0.0555324 -0.0545745
0 -0.0297634 -0.055595 -0.0546399
0 -0.029811 -0.0556717 -0.0547207
0 -0.0298651 -0.0557624 -0.0548167
0 -0.0299253 -0.0558665 -0.0549278
0 -0.029991 -0.0559839 -0.0550535
0 -0.0300616 -0.0561139 -0.0551936
0 -0.0301367 -0.0562563 -0.0553478
0 -0.030216 -0.0564107 -0.0555157
0 -0.030299 -0.0565765 -0.0556971
0 -0.0303853 -0.0567534 -0.0558915
0 -0.0304747 -0.0569408 -0.0560984
0 -0.0305667 -0.057138 -0.0563174
0 -0.0306612 -0.0573446 -0.0565477
0 -0.0307579 -0.0575599 -0.056789
0 -0.0308567 -0.0577834 -0.0570406
0 -0.0309577 -0.0580146 -0.0573019
0 -0.0310605 -0.0582527 -0.057572
0 -0.0311651 -0.058497 -0.0578501
0 -0.0312716 -0.0587471 -0.0581357
0 -0.0313799 -0.0590024 -0.058428
0 -0.03149 -0.0592623 -0.0587263
0 -0.031602 -0.0595263 -0.0590296
0 -0.0317158 -0.0597939 -0.0593371
0 -0.0318315 -0.0600645 -0.0596482
0 -0.0319491 -0.0603378 -0.0599622
0 -0.0320682 -0.0606133 -0.0602781
0 -0.0321886 -0.0608901 -0.0605948
0 -0.0323094 -0.0611672 -0.0609111
0 -0.0324301 -0.0614436 -0.0612258
0 -0.03255 -0.0617184 -0.0615378
0 -0.0326688 -0.0619908 -0.061846
0 -0.0327861 -0.06226 -0.0621497
0 -0.0329013 -0.0625254 -0.0624481
0 -0.0330139 -0.0627863 -0.0627402
0 -0.0331235 -0.0630417 -0.0630253
0 -0.0332303 -0.0632914 -0.0633031
0 -0.0333349 -0.0635358 -0.0635742
0 -0.0334386 -0.0637756 -0.0638392
0 -0.0335419 -0.0640111 -0.0640989
0 -0.0336452 -0.0642422 -0.0643531
0 -0.0337486 -0.0644686 -0.0646019
0 -0.0338521 -0.0646901 -0.064845
0 -0.0339556 -0.0649063 -0.0650823
0 -0.0340588 -0.0651169 -0.0653134
0 -0.0341614 -0.0653214 -0.0655379
0 -0.0342627 -0.0655192 -0.0657553
0 -0.0343621 -0.0657098 -0.065965
0 -0.0344595 -0.0658931 -0.0661669
0 -0.0345551 -0.0660694 -0.0663612
0 -0.034649 -0.0662393 -0.0665483
0 -0.0347412 -0.0664028 -0.0667283
0 -0.0348312 -0.0665598 -0.0669007
0 -0.0349186 -0.0667102 -0.0670655
0 -0.0350024 -0.0668534 -0.0672219
0 -0.0350804 -0.0669874 -0.0673678
0 -0.0351488 -0.067109 -0.0675
0 -0.035204 -0.0672144 -0.0676147
0 -0.0352444 -0.0673022 -0.0677104
0 -0.0352714 -0.0673737 -0.0677888
0 -0.0352883 -0.0674318 -0.0678526
0 -0.0352965 -0.0674775 -0.067903
0 -0.0352941 -0.0675084 -0.067938
0 -0.0352779 -0.0675209 -0.0679538
0 -0.0352471 -0.0675136 -0.0679494
0 -0.0352056 -0.0674895 -0.0679279
0 -0.0351595 -0.067454 -0.0678947
0 -0.0351135 -0.0674111 -0.0678539
0 -0.0350695 -0.067362 -0.0678066
0 -0.0350275 -0.0673064 -0.0677524
0 -0.0349871 -0.0672439 -0.0676908
0 -0.0349472 -0.0671731 -0.06762
0 -0.0349041 -0.0670906 -0.0675364
0 -0.0348529 -0.0669918 -0.0674351
0 -0.0347917 -0.0668747 -0.0673137
0 -0.0347243 -0.0667435 -0.0671761
0 -0.0346588 -0.0666066 -0.0670302
0 -0.0346024 -0.0664711 -0.0668833
0 -0.0345565 -0.0663394 -0.0667372
0 -0.0345187 -0.0662095 -0.06659
0 -0.0344856 -0.0660792 -0.0664392
0 -0.0344552 -0.0659473 -0.0662839
0 -0.0344258 -0.0658134 -0.0661234
0 -0.0343947 -0.0656754 -0.0659564
0 -0.034358 -0.0655306 -0.06578
0 -0.0343116 -0.0653755 -0.0655914
0 -0.0342518 -0.0652071 -0.0653879
0 -0.0341749 -0.0650222 -0.065167
0 -0.0340767 -0.0648167 -0.0649251
0 -0.0339529 -0.0645858 -0.0646579
0 -0.0338008 -0.0643266 -0.0643631
0 -0.0336229 -0.0640406 -0.064043
0 -0.0334268 -0.0637345 -0.0637045
0 -0.0332203 -0.0634147 -0.0633545
0 -0.0330067 -0.0630833 -0.0629954
0 -0.0327861 -0.0627389 -0.0626259
0 -0.0325593 -0.0623812 -0.062246
0 -0.0323306 -0.0620133 -0.0618583
0 -0.0321054 -0.0616397 -0.061467
0 -0.0318883 -0.0612643 -0.0610758
0 -0.0316814 -0.0608892 -0.0606858
0 -0.0314847 -0.0605141 -0.0602962
0 -0.0312965 -0.0601371 -0.0599041
0 -0.0311155 -0.0597576 -0.0595079
0 -0.0309437 -0.059378 -0.059109
0 -0.0307849 -0.059003 -0.0587112
0 -0.030641 -0.0586356 -0.0583165
0 -0.0305102 -0.0582755 -0.0579236
0 -0.03039 -0.0579216 -0.0575306
0 -0.0302802 -0.0575756 -0.0571386
0 -0.0301803 -0.0572389 -0.0567489
0 -0.0300863 -0.0569093 -0.056359
0 -0.0299901 -0.0565805 -0.0559632
0 -0.0298844 -0.0562465 -0.0555562
0 -0.0297641 -0.0559032 -0.0551352
0 -0.0296242 -0.0555463 -0.0546974
0 -0.0294577 -0.0551689 -0.0542376
0 -0.0292573 -0.054763 -0.0537498
0 -0.0290194 -0.054324 -0.0532313
0 -0.028746 -0.0538524 -0.0526845
0 -0.0284431 -0.0533521 -0.0521153
0 -0.0281171 -0.0528272 -0.0515292
0 -0.0277737 -0.0522811 -0.0509306
0 -0.0274184 -0.051717 -0.0503235
0 -0.0270593 -0.0511406 -0.0497136
0 -0.0267086 -0.0505628 -0.0491113
0 -0.026383 -0.0499989 -0.0485308
0 -0.0260992 -0.0494655 -0.0479872
0 -0.025867 -0.0489728 -0.0474888
0 -0.0256843 -0.0485202 -0.0470326
0 -0.0255403 -0.0480988 -0.0466074
0 -0.0254243 -0.0477006 -0.0462025
0 -0.025331 -0.047323 -0.0458133
0 -0.0252579 -0.046967 -0.0454387
0 -0.0252 -0.0466308 -0.045075
0 -0.0251474 -0.0463073 -0.0447144
0 -0.0250892 -0.0459882 -0.0443479
0 -0.0250191 -0.0456694 -0.0439716
0 -0.0249359 -0.0453512 -0.0435865
0 -0.0248379 -0.0450329 -0.0431933
0 -0.0247185 -0.0447083 -0.0427878
0 -0.0245681 -0.0443675 -0.0423623
0 -0.024382 -0.0440044 -0.0419134
0 -0.0241661 -0.0436233 -0.0414484
0 -0.0239359 -0.0432378 -0.0409836
0 -0.0237096 -0.0428642 -0.0405378
0 -0.0235032 -0.0425162 -0.0401273
0 -0.0233287 -0.0422045 -0.0397642
0 -0.0231962 -0.0419381 -0.0394589
0 -0.023115 -0.0417261 -0.0392211
0 -0.0230946 -0.0415789 -0.039061
0 -0.0231446 -0.0415078 -0.038989
0 -0.0232739 -0.0415246 -0.0390159
0 -0.0234903 -0.0416416 -0.039152
0 -0.0237999 -0.0418699 -0.0394064
0 -0.0242048 -0.0422185 -0.0397855
0 -0.0247031 -0.0426927 -0.0402923
0 -0.0252884 -0.0432946 -0.0409267
0 -0.025951 -0.0440232 -0.0416859
0 -0.0266794 -0.0448757 -0.0425658
0 -0.0274616 -0.0458488 -0.0435625
0 -0.0282876 -0.0469403 -0.0446746
0 -0.0291494 -0.0481489 -0.0459021
0 -0.0300381 -0.049471 -0.0472437
0 -0.0309402 -0.050896 -0.0486923
0 -0.0318381 -0.0524069 -0.050235
0 -0.0327124 -0.0539843 -0.0518573
0 -0.0335477 -0.0556108 -0.0535465
0 -0.0343345 -0.0572717 -0.0552931
0 -0.0350679 -0.0589541 -0.0570887
0 -0.0357451 -0.0606448 -0.0589239
0 -0.0363616 -0.0623304 -0.0607875
0 -0.0369084 -0.0639968 -0.0626671
0 -0.0373763 -0.0656304 -0.0645481
0 -0.0377596 -0.0672177 -0.0664147
0 -0.0380574 -0.0687507 -0.0682545
0 -0.0382802 -0.070232 -0.0700651
0 -0.0384509 -0.0716718 -0.0718551
0 -0.0385987 -0.0730845 -0.0736372
0 -0.0387477 -0.0744841 -0.0754181
0 -0.0389074 -0.0758724 -0.07719
0 -0.0390717 -0.0772352 -0.0789303
0 -0.0392272 -0.0785519 -0.08061
0 -0.0393636 -0.0798072 -0.0822048
0 -0.0394838 -0.0809989 -0.0837042
0 -0.039605 -0.082139 -0.0851134
0 -0.0397533 -0.0832486 -0.0864478
0 -0.0399542 -0.0843488 -0.0877245
0 -0.0402228 -0.0854516 -0.0889533
0 -0.0405611 -0.0865564 -0.0901334
0 -0.0409625 -0.0876552 -0.0912583
0 -0.0414195 -0.0887401 -0.0923235
0 -0.0419288 -0.0898078 -0.0933307
0 -0.042491 -0.0908593 -0.0942875
0 -0.043107 -0.0918971 -0.0952037
0 -0.0437733 -0.0929196 -0.0960862
0 -0.0444785 -0.0939188 -0.0969353
0 -0.0452053 -0.0948811 -0.097746
0 -0.0459337 -0.0957908 -0.0985107
0 -0.0466453 -0.0966339 -0.0992229
0 -0.0473252 -0.0974007 -0.0998791
0 -0.0479641 -0.0980871 -0.10048
0 -0.0485585 -0.0986948 -0.101031
0 -0.0491059 -0.0992273 -0.101536
0 -0.049595 -0.0996792 -0.101991
0 -0.050002 -0.100033 -0.102376
0 -0.0503023 -0.100271 -0.102671
0 -0.0504864 -0.100388 -0.102865
0 -0.050563 -0.100397 -0.102968
0 -0.0505482 -0.100318 -0.102992
0 -0.0504506 -0.100162 -0.102943
0 -0.0502632 -0.0999227 -0.10281
0 -0.0499676 -0.0995828 -0.102568
0 -0.0495486 -0.0991242 -0.102195
0 -0.0490071 -0.098544 -0.101684
0 -0.0483609 -0.0978532 -0.101043
0 -0.0476297 -0.0970639 -0.100283
0 -0.0468246 -0.0961776 -0.0994037
0 -0.0459491 -0.0951879 -0.0983993
0 -0.0450067 -0.094088 -0.0972634
0 -0.0440056 -0.092875 -0.0959947
0 -0.0429579 -0.0915501 -0.0945961
0 -0.0418769 -0.0901163 -0.0930724
0 -0.0407737 -0.0885753 -0.0914273
0 -0.0396546 -0.0869257 -0.089661
0 -0.0385223 -0.0851642 -0.0877711
0 -0.0373816 -0.0832905 -0.0857582
0 -0.0362442 -0.0813136 -0.0836314
0 -0.0351304 -0.0792535 -0.0814101
0 -0.0340669 -0.0771389 -0.0791219
0 -0.0330805 -0.0749998 -0.0767956
0 -0.0321902 -0.0728596 -0.0744526
0 -0.0314056 -0.0707345 -0.0721074
0 -0.0307314 -0.0686375 -0.069771
0 -0.0301692 -0.0665801 -0.0674536
0 -0.0297096 -0.0645692 -0.0651613
0 -0.0293336 -0.0626055 -0.062894
0 -0.0290227 -0.0606856 -0.0606473
0 -0.028762 -0.0588059 -0.0584189
0 -0.0285408 -0.0569682 -0.0562138
0 -0.0283553 -0.0551814 -0.0540459
0 -0.0282047 -0.0534573 -0.0519327
0 -0.028085 -0.0518027 -0.049888
0 -0.0279864 -0.0502168 -0.0479184
0 -0.0278971 -0.0486952 -0.0460286
0 -0.0278105 -0.0472389 -0.0442279
0 -0.0277265 -0.0458539 -0.0425301
0 -0.027644 -0.0445443 -0.0409466
0 -0.0275542 -0.0433054 -0.0394788
0 -0.0274406 -0.0421244 -0.0381183
0 -0.0272849 -0.0409866 -0.036853
0 -0.0270729 -0.03988 -0.0356713
0 -0.0267953 -0.0387973 -0.0345645
0 -0.0264487 -0.0377362 -0.0335266
0 -0.0260372 -0.0367013 -0.0325567
0 -0.0255718 -0.0357031 -0.031659
0 -0.0250665 -0.0347545 -0.0308385
0 -0.0245351 -0.0338675 -0.0300991
0 -0.0239921 -0.0330543 -0.0294445
0 -0.023455 -0.0323295 -0.0288808
0 -0.0229448 -0.0317112 -0.0284181
0 -0.0224827 -0.0312171 -0.0280668
0 -0.0220858 -0.0308608 -0.0278342
0 -0.0217648 -0.0306484 -0.027722
0 -0.0215211 -0.0305764 -0.0277238
0 -0.0213461 -0.0306303 -0.0278242
0 -0.0212251 -0.030789 -0.0280032
0 -0.021142 -0.0310292 -0.0282408
0 -0.0210836 -0.0313298 -0.0285203
0 -0.0210425 -0.031675 -0.0288319
0 -0.0210206 -0.032058 -0.0291752
0 -0.0210287 -0.0324809 -0.0295592
0 -0.0210825 -0.0329513 -0.0299979
0 -0.0211989 -0.0334789 -0.0305072
0 -0.0213914 -0.0340718 -0.0311
0 -0.0216617 -0.0347278 -0.031778
0 -0.0219932 -0.035428 -0.0325249
0 -0.0223578 -0.0361436 -0.0333126
0 -0.0227299 -0.0368496 -0.0341156
0 -0.0230946 -0.0375327 -0.0349186
0 -0.0234479 -0.038191 -0.0357162
0 -0.0237944 -0.038832 -0.0365116
0 -0.0241452 -0.0394698 -0.0373137
0 -0.0245138 -0.0401217 -0.038134
0 -0.024914 -0.0408054 -0.0389846
0 -0.0253583 -0.0415376 -0.0398768
0 -0.025856 -0.0423325 -0.0408199
0 -0.0264125 -0.0432004 -0.0418199
0 -0.0270289 -0.0441477 -0.0428799
0 -0.0277031 -0.0451774 -0.0440009
0 -0.0284277 -0.0462873 -0.0451797
0 -0.0291878 -0.0474669 -0.0464065
0 -0.0299625 -0.0486991 -0.0476662
0 -0.0307333 -0.0499679 -0.0489458
0 -0.0314939 -0.0512676 -0.0502442
0 -0.0322503 -0.0526038 -0.0515724
0 -0.0330129 -0.0539855 -0.0529448
0 -0.0337866 -0.055415 -0.0543701
0 -0.0345661 -0.056883 -0.0558445
0 -0.0353341 -0.0583685 -0.0573522
0 -0.0360649 -0.059846 -0.0588723
0 -0.0367352 -0.0612939 -0.0603864
0 -0.037333 -0.0626977 -0.0618829
0 -0.0378569 -0.0640526 -0.0633579
0 -0.0383135 -0.065363 -0.064816
0 -0.0387162 -0.0666388 -0.0662671
0 -0.0390817 -0.067891 -0.0677215
0 -0.0394266 -0.0691301 -0.0691884
0 -0.0397653 -0.0703658 -0.070674
0 -0.0401069 -0.071604 -0.0721796
0 -0.0404536 -0.0728438 -0.0736984
0 -0.040805 -0.0740822 -0.0752206
0 -0.0411667 -0.0753226 -0.0767423
0 -0.0415526 -0.0765773 -0.0782681
0 -0.0419772 -0.0778599 -0.0798045
0 -0.0424443 -0.0791735 -0.0813481
0 -0.0429385 -0.0805025 -0.0828781
0 -0.0434301 -0.0818171 -0.0843606
0 -0.04389 -0.0830878 -0.0857636
0 -0.0443036 -0.0842984 -0.0870702
0 -0.044675 -0.085451 -0.0882831
0 -0.0450193 -0.0865572 -0.0894162
0 -0.0453464 -0.0876236 -0.0904798
0 -0.0456511 -0.0886414 -0.0914698
0 -0.0459159 -0.0895895 -0.0923706
0 -0.0461206 -0.0904437 -0.093164
0 -0.0462507 -0.091185 -0.0938377
0 -0.0463032 -0.0918056 -0.0943901
0 -0.0462919 -0.0923143 -0.0948361
0 -0.0462454 -0.0927344 -0.0952046
0 -0.0461957 -0.0930929 -0.0955266
0 -0.0461608 -0.0934039 -0.0958198
0 -0.0461367 -0.0936606 -0.0960792
0 -0.0461034 -0.0938418 -0.0962841
0 -0.0460396 -0.0939255 -0.096412
0 -0.0459318 -0.0938976 -0.0964465
0 -0.045776 -0.0937538 -0.0963805
0 -0.0455787 -0.0935006 -0.0962162
0 -0.045355 -0.0931535 -0.0959641
0 -0.0451243 -0.0927337 -0.0956388
0 -0.0449049 -0.0922617 -0.0952543
0 -0.0447091 -0.0917539 -0.0948199
0 -0.0445405 -0.091219 -0.0943375
0 -0.0443936 -0.0906573 -0.0938014
0 -0.044255 -0.0900619 -0.0931994
0 -0.0441049 -0.0894197 -0.0925143
0 -0.0439196 -0.0887131 -0.0917265
0 -0.0436782 -0.0879265 -0.0908194
0 -0.0433722 -0.0870553 -0.0897898
0 -0.0430099 -0.0861105 -0.0886513
0 -0.0426097 -0.0851115 -0.0874281
0 -0.042187 -0.0840742 -0.0861419
0 -0.0417476 -0.0830048 -0.0848054
0 -0.0412885 -0.0819 -0.0834232
0 -0.0408034 -0.0807533 -0.0819963
0 -0.0402885 -0.0795604 -0.080528
0 -0.0397474 -0.078324 -0.0790282
0 -0.0391905 -0.0770545 -0.0775131
0 -0.0386323 -0.0757662 -0.0760015
0 -0.0380866 -0.0744743 -0.0745111
0 -0.0375648 -0.0731922 -0.0730565
0 -0.0370742 -0.0719302 -0.0716477
0 -0.0366187 -0.070696 -0.070291
0 -0.0362034 -0.069499 -0.0689936
0 -0.0358384 -0.0683536 -0.0677679
0 -0.0355371 -0.0672784 -0.0666294
0 -0.0353091 -0.0662889 -0.0655899
0 -0.0351521 -0.0653908 -0.0646507
0 -0.035053 -0.0645795 -0.0638028
0 -0.0349951 -0.0638468 -0.0630336
0 -0.0349635 -0.0631858 -0.0623326
0 -0.0349426 -0.0625883 -0.0616882
0 -0.0349108 -0.0620385 -0.0610826
0 -0.0348433 -0.0615166 -0.0604945
0 -0.0347231 -0.0610086 -0.0599101
0 -0.0345491 -0.0605151 -0.0593307
0 -0.0343316 -0.0600462 -0.0587686
0 -0.0340813 -0.0596107 -0.0582358
0 -0.0338029 -0.0592104 -0.0577375
0 -0.0334954 -0.0588401 -0.0572729
0 -0.0331559 -0.0584911 -0.0568379
0 -0.0327835 -0.0581558 -0.0564292
0 -0.0323807 -0.0578289 -0.0560461
0 -0.0319565 -0.057511 -0.0556927
0 -0.031529 -0.0572112 -0.0553814
0 -0.0311263 -0.0569493 -0.0551341
0 -0.0307809 -0.0567501 -0.0549763
0 -0.0305191 -0.0566339 -0.0549278
0 -0.0303551 -0.0566102 -0.054996
0 -0.0302887 -0.0566761 -0.0551746
0 -0.0303053 -0.0568163 -0.0554439
0 -0.0303764 -0.0570028 -0.0557704
0 -0.0304626 -0.0571978 -0.0561103
0 -0.0305313 -0.0573703 -0.0564265
0 -0.0305761 -0.0575155 -0.0567085
0 -0.0306197 -0.0576575 -0.0569752
0 -0.0306976 -0.0578336 -0.0572596
0 -0.0308377 -0.0580732 -0.0575877
0 -0.0310445 -0.0583829 -0.0579636
0 -0.0312943 -0.0587409 -0.0583642
0 -0.0315456 -0.0591075 -0.0587493
0 -0.0317592 -0.0594446 -0.0590815
0 -0.031911 -0.0597285 -0.0593388
0 -0.0319885 -0.0599454 -0.0595104
0 -0.0319792 -0.0600802 -0.0595847
0 -0.0318667 -0.0601119 -0.0595452
0 -0.0316364 -0.0600193 -0.059376
0 -0.0312841 -0.0597903 -0.0590701
0 -0.0308236 -0.0594295 -0.0586372
0 -0.0302898 -0.0589624 -0.0581077
0 -0.0297419 -0.0584388 -0.0575353
0 -0.0292641 -0.0579354 -0.0569995
0 -0.0289508 -0.057542 -0.0565913
0 -0.0288675 -0.0573229 -0.0563745
0 -0.0290101 -0.0572771 -0.0563463
0 -0.0293012 -0.0573338 -0.0564318
0 -0.029627 -0.0573874 -0.0565207
0 -0.0298928 -0.0573529 -0.0565229
0 -0.0300673 -0.057209 -0.0564115
0 -0.0301919 -0.0570071 -0.0562327
0 -0.0303499 -0.0568402 -0.0560749
0 -0.0306167 -0.0567933 -0.0560194
0 -0.0310278 -0.0569124 -0.0561091
0 -0.0315741 -0.0571992 -0.056344
0 -0.0322167 -0.0576259 -0.0566958
0 -0.0329082 -0.0581558 -0.0571287
0 -0.0336088 -0.0587584 -0.0576152
0 -0.0342898 -0.059413 -0.0581392
0 -0.0349311 -0.0601057 -0.0586925
0 -0.0355221 -0.0608285 -0.0592744
0 -0.036058 -0.0615774 -0.0598891
0 -0.0365186 -0.0623303 -0.0605232
0 -0.0368455 -0.0630246 -0.0611228
0 -0.0369568 -0.0635714 -0.0616074
0 -0.036791 -0.0638994 -0.0619133
0 -0.0363395 -0.0639872 -0.0620255
0 -0.0356501 -0.0638663 -0.0619802
0 -0.0348051 -0.0636014 -0.0618441
0 -0.0338936 -0.0632627 -0.0616872
0 -0.0329902 -0.0629072 -0.0615631
0 -0.0321468 -0.0625713 -0.0615021
0 -0.0313968 -0.0622761 -0.0615165
0 -0.030765 -0.0620374 -0.0616107
0 -0.0302754 -0.0618731 -0.0617912
0 -0.0299551 -0.0618061 -0.0620696
0 -0.0298399 -0.0618709 -0.062468
0 -0.0299749 -0.062116 -0.0630209
0 -0.0303966 -0.0625854 -0.0637587
0 -0.0311028 -0.0632886 -0.0646785
0 -0.0320272 -0.0641742 -0.0657181
0 -0.0330376 -0.0651252 -0.0667522
0 -0.0339729 -0.0659941 -0.0676289
0 -0.0347008 -0.0666602 -0.0682271
0 -0.0351557 -0.0670684 -0.0684952
0 -0.0353445 -0.0672302 -0.0684524
0 -0.0353269 -0.0672027 -0.0681669
0 -0.0351852 -0.0670609 -0.0677277
0 -0.0349928 -0.0668705 -0.0672158
0 -0.034789 -0.0666632 -0.0666786
0 -0.034571 -0.0664284 -0.0661198
0 -0.034307 -0.0661261 -0.0655138
0 -0.0339658 -0.0657165 -0.0648339
0 -0.0335417 -0.065185 -0.0640775
0 -0.0330668 -0.0645553 -0.0632777
0 -0.0326089 -0.0638892 -0.0625022
0 -0.0322576 -0.0632744 -0.0618409
0 -0.0321028 -0.0628028 -0.0613839
0 -0.0322123 -0.0625485 -0.0612001
0 -0.0326179 -0.062554 -0.0613237
0 -0.03331 -0.0628252 -0.0617489
0 -0.034238 -0.063331 -0.0624311
0 -0.0353151 -0.0640071 -0.0632913
0 -0.0364303 -0.0647662 -0.0642279
0 -0.0374706 -0.0655173 -0.0651369
0 -0.0383415 -0.0661856 -0.0659338
0 -0.0389833 -0.0667278 -0.0665685
0 -0.0393854 -0.0671423 -0.0670359
0 -0.0395866 -0.0674696 -0.0673757
0 -0.039655 -0.0677759 -0.0676561
0 -0.0396586 -0.0681248 -0.0679446
0 -0.0396392 -0.0685509 -0.0682823
0 -0.0395981 -0.0690452 -0.0686691
0 -0.0394973 -0.0695566 -0.069065
0 -0.0392815 -0.070015 -0.0694115
0 -0.0389066 -0.070359 -0.0696595
0 -0.0383528 -0.070549 -0.0697809
0 -0.0376218 -0.0705641 -0.0697655
0 -0.036729 -0.0703959 -0.0696138
0 -0.035696 -0.0700429 -0.0693306
0 -0.0345437 -0.0695039 -0.0689186
0 -0.033287 -0.0687712 -0.0683709
0 -0.0319357 -0.0678307 -0.0676708
0 -0.0305033 -0.0666728 -0.0668022
0 -0.0290189 -0.0653079 -0.0657653
0 -0.0275319 -0.0637754 -0.0645853
0 -0.0261133 -0.0621413 -0.0633107
0 -0.0248477 -0.0604873 -0.0620039
0 -0.0238158 -0.0588951 -0.0607261
0 -0.023079 -0.0574323 -0.0595241
0 -0.0226691 -0.0561419 -0.0584219
0 -0.0225866 -0.0550409 -0.0574192
0 -0.0228078 -0.0541266 -0.0564997
0 -0.0232962 -0.0533865 -0.0556422
0 -0.0240138 -0.0528087 -0.0548297
0 -0.0249277 -0.0523891 -0.0540571
0 -0.0260102 -0.0521317 -0.0533303
0 -0.0272261 -0.0520305 -0.0526535
0 -0.0285182 -0.0520532 -0.0520125
0 -0.0298204 -0.052156 -0.0513857
0 -0.0310953 -0.0523208 -0.0507799
0 -0.0323528 -0.0525737 -0.0502483
0 -0.0336282 -0.0529647 -0.0498696
0 -0.0349451 -0.0535297 -0.0497104
0 -0.0362932 -0.0542685 -0.0497993
0 -0.0376254 -0.055143 -0.0501228
0 -0.0388674 -0.0560856 -0.0506343
0 -0.0399308 -0.0570138 -0.051268
0 -0.0407295 -0.0578467 -0.0519534
0 -0.0411945 -0.0585179 -0.0526292
0 -0.0412817 -0.0589826 -0.0532498
0 -0.0409754 -0.0592201 -0.0537889
0 -0.0402924 -0.0592367 -0.0542415
0 -0.0392838 -0.0590668 -0.0546268
0 -0.0380301 -0.0587679 -0.0549837
0 -0.0366239 -0.0584079 -0.0553573
0 -0.0351518 -0.0580495 -0.055786
0 -0.0336879 -0.0577444 -0.0562949
0 -0.0323003 -0.0575362 -0.0569007
0 -0.0310559 -0.0574683 -0.0576212
0 -0.0300154 -0.0575858 -0.0584761
0 -0.0292232 -0.0579198 -0.0594731
0 -0.0286931 -0.0584651 -0.0605924
0 -0.0284027 -0.0591841 -0.0617843
0 -0.0283045 -0.0600235 -0.06298
0 -0.028342 -0.0609208 -0.0641079
0 -0.0284662 -0.0618174 -0.0651097
0 -0.0286488 -0.0626771 -0.065953
0 -0.0288887 -0.0634917 -0.0666381
0 -0.029205 -0.0642737 -0.0671906
0 -0.0296191 -0.0650399 -0.0676442
0 -0.0301423 -0.0657978 -0.0680258
0 -0.0307736 -0.0665453 -0.068354
0 -0.0315067 -0.0672779 -0.0686457
0 -0.0323375 -0.0679969 -0.0689229
0 -0.0332643 -0.0687081 -0.0692109
0 -0.0342793 -0.0694128 -0.0695267
0 -0.035356 -0.0700965 -0.0698681
0 -0.0364463 -0.0707275 -0.0702131
0 -0.0374917 -0.0712664 -0.0705281
0 -0.0384383 -0.0716791 -0.0707802
0 -0.0392448 -0.0719437 -0.0709459
0 -0.0398828 -0.0720495 -0.0710108
0 -0.0403336 -0.0719928 -0.0709657
0 -0.0405854 -0.0717751 -0.0708057
0 -0.0406338 -0.0714031 -0.0705293
0 -0.0404794 -0.0708856 -0.0701369
0 -0.0401247 -0.0702301 -0.0696267
0 -0.0395755 -0.0694432 -0.0689958
0 -0.0388445 -0.0685338 -0.0682449
0 -0.037956 -0.0675186 -0.0673831
0 -0.0369485 -0.0664254 -0.0664322
0 -0.0358723 -0.0652923 -0.0654251
0 -0.0347823 -0.0641625 -0.0644001
0 -0.0337305 -0.0630767 -0.0633941
0 -0.0327602 -0.0620679 -0.062437
0 -0.0319043 -0.0611604 -0.0615521
0 -0.0311893 -0.0603734 -0.0607585
0 -0.0306384 -0.0597227 -0.0600736
0 -0.0302695 -0.0592207 -0.0595118
0 -0.0300964 -0.0588788 -0.0590869
0 -0.0301341 -0.0587118 -0.0588161
0 -0.0303965 -0.0587372 -0.0587195
0 -0.0308861 -0.0589649 -0.058809
0 -0.0315825 -0.0593853 -0.0590773
0 -0.032441 -0.0599667 -0.0594951
0 -0.0334024 -0.0606631 -0.0600199
0 -0.0344071 -0.0614275 -0.0606088
0 -0.0354052 -0.062224 -0.0612301
0 -0.0363609 -0.0630293 -0.0618656
0 -0.0372493 -0.0638288 -0.062506
0 -0.0380516 -0.0646129 -0.0631478
0 -0.0387539 -0.0653762 -0.0637915
0 -0.0393479 -0.0661149 -0.0644396
0 -0.0398263 -0.0668228 -0.0650913
0 -0.0401799 -0.0674914 -0.0657427
0 -0.0404053 -0.0681153 -0.0663917
0 -0.0405091 -0.0686964 -0.0670426
0 -0.0405045 -0.0692406 -0.0677021
0 -0.0404046 -0.069753 -0.0683747
0 -0.0402228 -0.0702381 -0.0690623
0 -0.0399778 -0.070704 -0.0697691
0 -0.0396954 -0.0711653 -0.0705043
0 -0.039404 -0.0716399 -0.0712789
0 -0.0391292 -0.0721417 -0.0721008
0 -0.0388915 -0.0726783 -0.0729731
0 -0.038706 -0.0732533 -0.0738927
0 -0.0385782 -0.0738645 -0.0748481
0 -0.0385006 -0.0744972 -0.0758151
0 -0.0384532 -0.0751253 -0.0767586
0 -0.0384133 -0.0757218 -0.0776427
0 -0.0383683 -0.0762696 -0.0784423
0 -0.0383206 -0.0767662 -0.0791486
0 -0.0382825 -0.0772192 -0.0797648
0 -0.0382708 -0.077641 -0.0803001
0 -0.038302 -0.0780441 -0.0807662
0 -0.0383887 -0.0784381 -0.0811736
0 -0.0385352 -0.0788247 -0.0815271
0 -0.038734 -0.0791952 -0.0818221
0 -0.0389673 -0.0795315 -0.0820464
0 -0.0392144 -0.0798133 -0.0821864
0 -0.0394586 -0.0800251 -0.0822341
0 -0.0396891 -0.0801574 -0.0821879
0 -0.0398954 -0.0802022 -0.0820473
0 -0.0400612 -0.0801458 -0.0818059
0 -0.0401653 -0.0799705 -0.0814523
0 -0.040193 -0.0796655 -0.0809812
0 -0.0401462 -0.0792361 -0.0804023
0 -0.0400392 -0.0787004 -0.0797363
0 -0.0398861 -0.0780766 -0.0790029
0 -0.0396932 -0.0773754 -0.0782128
0 -0.0394586 -0.0766003 -0.0773679
0 -0.0391775 -0.0757516 -0.076466
0 -0.0388443 -0.0748294 -0.0755036
0 -0.0384546 -0.0738342 -0.074477
0 -0.0380078 -0.0727701 -0.0733856
0 -0.0375098 -0.071647 -0.0722344
0 -0.036972 -0.0704794 -0.0710333
0 -0.0364063 -0.0692817 -0.0697927
0 -0.0358205 -0.0680637 -0.0685189
0 -0.0352176 -0.0668294 -0.0672129
0 -0.034597 -0.0655786 -0.0658732
0 -0.033957 -0.0643089 -0.0644968
0 -0.0332962 -0.0630176 -0.0630808
0 -0.0326116 -0.0617012 -0.0616228
0 -0.0319027 -0.0603581 -0.0601224
0 -0.0311744 -0.058991 -0.0585838
0 -0.0304375 -0.0576086 -0.0570178
0 -0.0297069 -0.0562225 -0.0554389
0 -0.0289953 -0.0548422 -0.05386
0 -0.0283071 -0.0534697 -0.0522869
0 -0.0276376 -0.052098 -0.0507164
0 -0.0269789 -0.0507173 -0.0491428
0 -0.0263279 -0.0493234 -0.0475648
0 -0.0256876 -0.0479185 -0.0459879
0 -0.025062 -0.0465064 -0.0444179
0 -0.0244506 -0.045087 -0.0428562
0 -0.0238505 -0.0436586 -0.041301
0 -0.0232628 -0.0422237 -0.0397548
0 -0.022698 -0.0407949 -0.038229
0 -0.0221766 -0.0393959 -0.0367455
0 -0.0217274 -0.0380588 -0.0353345
0 -0.0213813 -0.036819 -0.0340287
0 -0.021164 -0.0357078 -0.0328568
0 -0.0210933 -0.0347496 -0.0318403
0 -0.0211796 -0.0339627 -0.030995
0 -0.0214277 -0.0333613 -0.0303327
0 -0.021835 -0.0329539 -0.0298598
0 -0.0223892 -0.03274 -0.0295744
0 -0.0230673 -0.0327096 -0.0294659
0 -0.0238394 -0.0328457 -0.0295175
0 -0.0246726 -0.0331289 -0.0297107
0 -0.0255391 -0.0335443 -0.0300323
0 -0.026423 -0.0340882 -0.0304812
0 -0.0273202 -0.0347681 -0.0310678
0 -0.028231 -0.0355953 -0.0318068
0 -0.0291545 -0.0365784 -0.0327108
0 -0.0300862 -0.037721 -0.0337875
0 -0.031019 -0.0390212 -0.0350403
0 -0.0319444 -0.0404731 -0.0364692
0 -0.0328528 -0.0420669 -0.0380707
0 -0.0337347 -0.0437901 -0.0398389
0 -0.0345818 -0.0456281 -0.0417656
0 -0.0353853 -0.0475641 -0.0438393
0 -0.0361353 -0.0495778 -0.0460444
0 -0.0368212 -0.0516458 -0.0483603
0 -0.0374366 -0.0537461 -0.0507664
0 -0.0379861 -0.0558654 -0.0532482
0 -0.0384826 -0.0580016 -0.0558007
0 -0.0389401 -0.0601602 -0.058424
0 -0.0393748 -0.0623475 -0.0611161
0 -0.0398004 -0.0645667 -0.0638695
0 -0.0402239 -0.066817 -0.0666701
0 -0.0406471 -0.0690892 -0.0694984
0 -0.0410689 -0.071366 -0.0723321
0 -0.0414887 -0.0736361 -0.0751486
0 -0.0419086 -0.0758956 -0.0779284
0 -0.042336 -0.0781439 -0.0806583
0 -0.0427849 -0.0803866 -0.0833345
0 -0.0432724 -0.0826356 -0.0859596
0 -0.0438141 -0.0849022 -0.0885376
0 -0.044421 -0.0871934 -0.0910708
0 -0.0450991 -0.0895114 -0.09356
0 -0.0458514 -0.0918566 -0.0960062
0 -0.0466773 -0.0942262 -0.0984103
0 -0.0475695 -0.0966109 -0.100769
0 -0.0485121 -0.0989929 -0.103073
0 -0.0494816 -0.101347 -0.105308
0 -0.0504503 -0.103645 -0.107456
0 -0.0513883 -0.105855 -0.109499
0 -0.052265 -0.107946 -0.111416
0 -0.0530514 -0.109886 -0.113189
0 -0.0537219 -0.111648 -0.114801
0 -0.0542569 -0.113211 -0.116242
0 -0.0546438 -0.114559 -0.117504
0 -0.0548768 -0.115686 -0.118586
0 -0.0549526 -0.116585 -0.119486
0 -0.0548656 -0.11725 -0.120197
0 -0.0546091 -0.11767 -0.120709
0 -0.0541789 -0.117838 -0.12101
0 -0.0535771 -0.11775 -0.121092
0 -0.0528125 -0.11741 -0.120948
0 -0.0518999 -0.116824 -0.120578
0 -0.0508572 -0.116001 -0.11998
0 -0.0497038 -0.114951 -0.119154
0 -0.0484595 -0.113684 -0.118099
0 -0.0471439 -0.112209 -0.116814
0 -0.0457758 -0.110535 -0.115299
0 -0.0443732 -0.108674 -0.113555
0 -0.0429541 -0.106636 -0.111584
0 -0.0415374 -0.104436 -0.109392
0 -0.0401402 -0.102089 -0.106988
0 -0.038774 -0.0996076 -0.104378
0 -0.0374453 -0.0970013 -0.10157
0 -0.036157 -0.0942771 -0.0985681
0 -0.0349074 -0.0914386 -0.0953778
0 -0.0336909 -0.088487 -0.0920028
0 -0.0325033 -0.0854219 -0.0884482
0 -0.0313438 -0.0822424 -0.0847207
0 -0.030203 -0.0789487 -0.0808301
0 -0.0290595 -0.0755432 -0.0767901
0 -0.0279033 -0.0720335 -0.0726205
0 -0.0267416 -0.0684374 -0.0683468
0 -0.0255846 -0.0647735 -0.0639969
0 -0.0244376 -0.0610504 -0.0595972
0 -0.0233012 -0.0572753 -0.0551725
0 -0.0221772 -0.0534613 -0.0507474
0 -0.0210726 -0.0496237 -0.0463468
0 -0.0199965 -0.0457771 -0.0419961
0 -0.0189583 -0.0419365 -0.03772
0 -0.0179683 -0.0381204 -0.0335431
0 -0.0170403 -0.0343502 -0.0294899
0 -0.0161912 -0.0306486 -0.0255852
0 -0.0154385 -0.0270396 -0.0218515
0 -0.0147965 -0.0235456 -0.0183066
0 -0.0142771 -0.0201865 -0.0149635
0 -0.0138924 -0.0169828 -0.0118336
0 -0.0136557 -0.0139567 -0.00892764
0 -0.0135787 -0.0111293 -0.00625395
0 -0.0136685 -0.00851869 -0.00381705
0 -0.01393 -0.00614245 -0.00162062
0 -0.0143698 -0.00402053 0.000328839
0 -0.0149951 -0.00217472 0.00202192
0 -0.0158097 -0.000624547 0.00344979
0 -0.0168097 0.000617219 0.0046082
0 -0.017982 0.00154621 0.00549884
0 -0.0193071 0.00216397 0.00612674
0 -0.0207637 0.00247364 0.00649591
0 -0.0223309 0.00247814 0.00660737
0 -0.0239862 0.00218229 0.00646157
0 -0.0257027 0.00159602 0.00606176
0 -0.0274504 0.000734564 0.00541441
0 -0.0292 -0.00038459 0.00452605
0 -0.0309252 -0.00174492 0.00340023
0 -0.0326007 -0.00333124 0.00203843
0 -0.0342023 -0.00512746 0.000443935
0 -0.0357068 -0.00711461 -0.0013771
0 -0.0370945 -0.00927352 -0.00341899
0 -0.0383554 -0.0115889 -0.00567912
0 -0.0394866 -0.014047 -0.0081561
0 -0.0404883 -0.0166313 -0.0108455
0 -0.0413633 -0.0193216 -0.013737
0 -0.0421158 -0.0220948 -0.016815
0 -0.0427444 -0.0249262 -0.0200596
0 -0.0432404 -0.027791 -0.0234471
0 -0.0435977 -0.0306636 -0.0269483
0 -0.0438171 -0.0335178 -0.0305281
0 -0.0439004 -0.0363285 -0.0341465
0 -0.0438467 -0.0390735 -0.0377608
0 -0.0436541 -0.0417354 -0.0413285
0 -0.0433244 -0.0442965 -0.0448087
0 -0.0428648 -0.046735 -0.0481633
0 -0.0422855 -0.0490365 -0.0513557
0 -0.0415937 -0.0511935 -0.0543485
0 -0.0407944 -0.0531933 -0.0571041
0 -0.0398947 -0.0550229 -0.0595898
0 -0.0389055 -0.0566762 -0.0617812
0 -0.0378415 -0.0581499 -0.0636617
0 -0.0367191 -0.0594408 -0.0652208
0 -0.0355546 -0.0605446 -0.0664525
0 -0.0343633 -0.0614571 -0.0673565
0 -0.0331632 -0.0621751 -0.0679392
0 -0.0319768 -0.0626981 -0.068215
0 -0.0308293 -0.0630286 -0.0682053
0 -0.0297458 -0.0631704 -0.0679359
0 -0.0287503 -0.0631276 -0.067435
0 -0.0278658 -0.0629037 -0.066731
0 -0.0271136 -0.0625034 -0.0658528
0 -0.0265133 -0.061934 -0.06483
0 -0.0260842 -0.0612072 -0.0636933
0 -0.0258434 -0.0603382 -0.0624727
0 -0.0258028 -0.059346 -0.0611959
0 -0.0259688 -0.0582526 -0.0598866
0 -0.0263418 -0.057083 -0.0585646
0 -0.0269149 -0.055864 -0.0572455
0 -0.0276738 -0.0546239 -0.0559414
0 -0.0285971 -0.0533902 -0.0546602
0 -0.0296587 -0.0521876 -0.0534049
0 -0.0308263 -0.0510356 -0.0521743
0 -0.0320629 -0.0499473 -0.0509627
0 -0.0333295 -0.0489315 -0.0497625
0 -0.0345864 -0.0479928 -0.0485664
0 -0.0357956 -0.0471303 -0.0473702
0 -0.0369234 -0.0463407 -0.0461726
0 -0.037939 -0.0456187 -0.0449746
0 -0.0388144 -0.0449536 -0.0437788
0 -0.0395256 -0.0443334 -0.0425896
0 -0.0400518 -0.0437472 -0.0414137
0 -0.0403759 -0.0431819 -0.0402599
0 -0.0404851 -0.0426234 -0.0391386
0 -0.0403727 -0.0420594 -0.0380615
0 -0.0400374 -0.0414796 -0.0370399
0 -0.0394834 -0.040874 -0.0360841
0 -0.0387208 -0.0402344 -0.035203
0 -0.0377665 -0.0395555 -0.0344047
0 -0.0366437 -0.0388364 -0.0336965
0 -0.0353794 -0.0380793 -0.0330836
0 -0.0340019 -0.037289 -0.032568
0 -0.0325408 -0.0364722 -0.032148
0 -0.0310272 -0.0356364 -0.0318172
0 -0.029492 -0.0347883 -0.0315643
0 -0.02796 -0.0339338 -0.0313729
0 -0.0264535 -0.0330783 -0.0312235
0 -0.0249964 -0.0322279 -0.0310947
0 -0.0236103 -0.0313886 -0.0309651
0 -0.022312 -0.0305658 -0.0308145
0 -0.0211164 -0.0297656 -0.0306249
0 -0.0200404 -0.028997 -0.0303829
0 -0.0191024 -0.0282726 -0.0300805
0 -0.018318 -0.027604 -0.0297127
0 -0.0176963 -0.0269968 -0.0292752
0 -0.0172408 -0.0264513 -0.0287645
0 -0.0169512 -0.025966 -0.0281793
0 -0.0168246 -0.0255381 -0.0275221
0 -0.0168553 -0.0251635 -0.0267983
0 -0.0170346 -0.0248364 -0.0260161
0 -0.0173504 -0.0245491 -0.0251857
0 -0.0177885 -0.0242941 -0.0243207
0 -0.0183354 -0.0240682 -0.0234378
0 -0.0189797 -0.0238723 -0.0225586
0 -0.0197099 -0.0237063 -0.0217071
0 -0.0205132 -0.0235707 -0.0209076
0 -0.0213751 -0.0234686 -0.0201838
0 -0.0222813 -0.023404 -0.0195581
0 -0.0232189 -0.0233816 -0.0190522
0 -0.0241781 -0.0234111 -0.0186878
0 -0.0251519 -0.0235062 -0.0184868
0 -0.026135 -0.023682 -0.0184689
0 -0.0271222 -0.0239535 -0.0186492
0 -0.0281073 -0.0243338 -0.0190371
0 -0.0290819 -0.0248329 -0.0196349
0 -0.0300339 -0.0254563 -0.0204377
0 -0.0309481 -0.0262061 -0.0214346
0 -0.0318079 -0.0270811 -0.0226094
0 -0.0325954 -0.0280756 -0.0239408
0 -0.033291 -0.029179 -0.0254032
0 -0.0338742 -0.0303755 -0.0269677
0 -0.0343254 -0.0316453 -0.0286029
0 -0.0346283 -0.0329658 -0.0302779
0 -0.0347718 -0.0343143 -0.0319643
0 -0.0347517 -0.0356691 -0.0336382
0 -0.0345681 -0.0370083 -0.0352782
0 -0.034224 -0.0383075 -0.0368627
0 -0.0337229 -0.0395392 -0.038369
0 -0.0330701 -0.040676 -0.0397751
0 -0.0322739 -0.0416939 -0.0410623
0 -0.0313464 -0.0425742 -0.042216
0 -0.0303047 -0.043301 -0.0432251
0 -0.0291714 -0.043862 -0.0440811
0 -0.0279726 -0.0442487 -0.0447784
0 -0.0267375 -0.0444595 -0.0453148
0 -0.0254975 -0.0445015 -0.0456918
0 -0.0242861 -0.0443876 -0.0459145
0 -0.023139 -0.044135 -0.0459914
0 -0.0220939 -0.0437669 -0.0459356
0 -0.0211912 -0.0433123 -0.0457659
0 -0.0204737 -0.0428063 -0.0455072
0 -0.0199845 -0.042289 -0.0451894
0 -0.0197621 -0.0418009 -0.0448438
0 -0.0198351 -0.0413791 -0.0444983
0 -0.0202195 -0.0410567 -0.0441771
0 -0.0209219 -0.0408646 -0.0439033
0 -0.0219432 -0.0408327 -0.043701
0 -0.0232783 -0.0409894 -0.0435955
0 -0.0249161 -0.0413611 -0.0436139
0 -0.0268393 -0.0419699 -0.0437828
0 -0.0290227 -0.0428293 -0.0441244
0 -0.0314332 -0.0439433 -0.0446528
0 -0.0340281 -0.0453068 -0.0453746
0 -0.0367536 -0.0469035 -0.0462914
0 -0.0395475 -0.0487093 -0.0474009
0 -0.0423484 -0.0506943 -0.0486973
0 -0.0450992 -0.0528237 -0.0501727
0 -0.0477477 -0.0550638 -0.0518179
0 -0.0502467 -0.0573803 -0.0536219
0 -0.0525497 -0.0597349 -0.0555687
0 -0.0546105 -0.0620874 -0.0576364
0 -0.0563874 -0.0643973 -0.0597986
0 -0.0578451 -0.0666245 -0.0620256
0 -0.0589535 -0.0687298 -0.0642847
0 -0.0596858 -0.0706748 -0.0665387
0 -0.060017 -0.0724213 -0.0687445
0 -0.0599255 -0.0739325 -0.070855
0 -0.0593984 -0.0751768 -0.0728235
0 -0.0584406 -0.0761361 -0.074609
0 -0.0570763 -0.0768092 -0.0761799
0 -0.0553434 -0.0771975 -0.0775142
0 -0.0532914 -0.0773013 -0.0785976
0 -0.050981 -0.0771405 -0.0794222
0 -0.0484807 -0.0767495 -0.0799862
0 -0.0458623 -0.0761603 -0.0802925
0 -0.0431965 -0.0754042 -0.080346
0 -0.0405474 -0.0745151 -0.0801539
0 -0.0379755 -0.0735288 -0.079729
0 -0.0355438 -0.0724822 -0.0790921
0 -0.0333169 -0.0714131 -0.0782707
0 -0.0313524 -0.0703558 -0.0772951
0 -0.0296957 -0.0693368 -0.0761951
0 -0.0283785 -0.0683729 -0.0749979
0 -0.0274221 -0.0674729 -0.0737278
0 -0.0268405 -0.0666408 -0.0724088
0 -0.0266384 -0.0658777 -0.0710655
0 -0.0268137 -0.0651847 -0.069723
0 -0.0273604 -0.0645647 -0.0684074
0 -0.0282646 -0.0640224 -0.0671445
0 -0.0294981 -0.0635598 -0.0659555
0 -0.031019 -0.0631742 -0.064854
0 -0.032777 -0.0628601 -0.0638475
0 -0.0347185 -0.0626126 -0.0629408
0 -0.0367903 -0.0624286 -0.0621366
0 -0.0389401 -0.0623084 -0.061437
0 -0.0411159 -0.0622524 -0.0608438
0 -0.0432659 -0.0622549 -0.0603587
0 -0.0453436 -0.0623081 -0.0599829
0 -0.0473105 -0.0624094 -0.0597176
0 -0.0491344 -0.0625601 -0.0595639
0 -0.0507871 -0.0627596 -0.0595215
0 -0.0522435 -0.0630043 -0.0595884
0 -0.0534825 -0.0632923 -0.0597618
0 -0.0544879 -0.0636236 -0.060039
0 -0.0552493 -0.0639983 -0.0604183
0 -0.0557614 -0.0644167 -0.0608975
0 -0.0560217 -0.0648784 -0.0614731
0 -0.0560312 -0.06538 -0.0621388
0 -0.0557942 -0.0659137 -0.0628852
0 -0.05532 -0.0664702 -0.0637019
0 -0.054627 -0.0670413 -0.0645797
0 -0.0537408 -0.0676207 -0.0655111
0 -0.05269 -0.0682022 -0.0664888
0 -0.0515027 -0.0687785 -0.067503
0 -0.0502049 -0.0693389 -0.0685388
0 -0.0488191 -0.0698702 -0.0695761
0 -0.0473639 -0.0703519 -0.0705895
0 -0.0458542 -0.0707549 -0.0715497
0 -0.044305 -0.0710569 -0.0724255
0 -0.0427306 -0.0712427 -0.0731845
0 -0.0411419 -0.0712949 -0.0737947
0 -0.0395475 -0.0711986 -0.0742274
0 -0.0379587 -0.0709447 -0.0744582
0 -0.0363915 -0.0705275 -0.074467
0 -0.034862 -0.0699415 -0.0742361
0 -0.0333819 -0.0691812 -0.0737499
0 -0.0319596 -0.0682415 -0.0729959
0 -0.0306041 -0.0671188 -0.0719657
0 -0.0293244 -0.0658119 -0.0706567
0 -0.0281309 -0.0643227 -0.0690724
0 -0.0270345 -0.0626573 -0.0672224
0 -0.0260456 -0.0608262 -0.0651223
0 -0.0251732 -0.0588431 -0.0627919
0 -0.0244233 -0.0567218 -0.0602521
0 -0.0237961 -0.0544747 -0.0575231
0 -0.023288 -0.052114 -0.0546251
0 -0.0228942 -0.0496544 -0.0515811
0 -0.0226107 -0.0471147 -0.0484186
0 -0.0224359 -0.0445191 -0.0451701
0 -0.0223707 -0.0418977 -0.0418699
0 -0.0224151 -0.0392787 -0.0385518
0 -0.0225658 -0.0366816 -0.0352482
0 -0.0228177 -0.0341259 -0.0319928
0 -0.0231673 -0.0316337 -0.0288213
0 -0.0236117 -0.0292276 -0.0257687
0 -0.0241473 -0.0269271 -0.0228672
0 -0.0247692 -0.0247476 -0.0201464
0 -0.0254731 -0.0227053 -0.0176342
0 -0.026257 -0.0208184 -0.0153574
0 -0.027121 -0.0191052 -0.0133413
0 -0.028066 -0.0175841 -0.0116086
0 -0.0290914 -0.0162737 -0.0101781
0 -0.0301952 -0.0151914 -0.00906451
0 -0.0313749 -0.0143547 -0.00827919
0 -0.032629 -0.0137819 -0.00783149
0 -0.0339564 -0.0134921 -0.00772874
0 -0.0353544 -0.0135039 -0.00797588
0 -0.0368184 -0.0138341 -0.00857498
0 -0.0383415 -0.014497 -0.00952478
0 -0.0399137 -0.0155028 -0.0108204
0 -0.0415222 -0.0168574 -0.0124534
0 -0.0431489 -0.0185609 -0.0144113
0 -0.0447721 -0.0206074 -0.0166788
0 -0.0463691 -0.0229823 -0.0192369
0 -0.0479197 -0.0256632 -0.0220638
0 -0.0494091 -0.0286204 -0.0251352
0 -0.0508216 -0.0318169 -0.0284253
0 -0.0521304 -0.0352103 -0.0319071
0 -0.0533037 -0.0387524 -0.0355508
0 -0.0543175 -0.0423891 -0.0393226
0 -0.0551528 -0.0460613 -0.0431835
0 -0.0557878 -0.0497085 -0.0470907
0 -0.056198 -0.0532725 -0.0509989
0 -0.056362 -0.0567 -0.0548627
0 -0.0562661 -0.0599477 -0.0586371
0 -0.0559032 -0.0629787 -0.0622787
0 -0.0552742 -0.0657571 -0.0657493
0 -0.0543906 -0.0682606 -0.0690163
0 -0.0532733 -0.0704862 -0.0720534
0 -0.0519514 -0.0724395 -0.0748405
0 -0.0504627 -0.0741331 -0.0773649
0 -0.0488519 -0.0755898 -0.0796213
0 -0.0471684 -0.0768394 -0.0816111
0 -0.045463 -0.077913 -0.0833401
0 -0.0437837 -0.0788409 -0.0848174
0 -0.0421748 -0.0796511 -0.0860543
0 -0.0406777 -0.0803699 -0.0870655
0 -0.0393332 -0.0810216 -0.0878699
0 -0.0381804 -0.0816291 -0.0884915
0 -0.0372546 -0.0822139 -0.0889583
0 -0.0365849 -0.0827926 -0.0892987
0 -0.0361912 -0.0833737 -0.0895378
0 -0.0360817 -0.0839555 -0.0896938
0 -0.0362503 -0.0845265 -0.0897778
0 -0.0366797 -0.0850685 -0.0897945
0 -0.0373445 -0.085559 -0.0897449
0 -0.0382117 -0.0859734 -0.0896268
0 -0.0392421 -0.0862878 -0.0894362
0 -0.0403948 -0.0864815 -0.089168
0 -0.0416274 -0.0865368 -0.088815
0 -0.0428921 -0.0864382 -0.0883668
0 -0.044136 -0.0861706 -0.0878084
0 -0.0453057 -0.0857197 -0.0871206
0 -0.0463513 -0.0850741 -0.086284
0 -0.0472289 -0.0842273 -0.0852811
0 -0.0479005 -0.0831779 -0.0840995
0 -0.0483366 -0.0819296 -0.0827317
0 -0.0485172 -0.0804894 -0.0811754
0 -0.0484309 -0.0788675 -0.0794323
0 -0.048072 -0.0770761 -0.0775073
0 -0.0474428 -0.07513 -0.0754091
0 -0.0465559 -0.0730453 -0.0731501
0 -0.0454326 -0.0708388 -0.0707469
0 -0.0441013 -0.0685276 -0.0682187
0 -0.0425984 -0.0661295 -0.0655863
0 -0.040959 -0.0636612 -0.0628719
0 -0.0392064 -0.0611377 -0.0600978
0 -0.037364 -0.0585718 -0.0572855
0 -0.0354624 -0.0559749 -0.0544545
0 -0.0335298 -0.0533563 -0.0516218
0 -0.031593 -0.0507234 -0.0488013
0 -0.0296769 -0.0480823 -0.0460037
0 -0.0278031 -0.0454394 -0.0432377
0 -0.0259919 -0.0428031 -0.0405118
0 -0.0242635 -0.0401849 -0.0378352
0 -0.0226369 -0.0375996 -0.0352182
0 -0.0211297 -0.0350641 -0.0326714
0 -0.0197579 -0.0325967 -0.0302056
0 -0.0185369 -0.0302168 -0.0278321
0 -0.0174827 -0.0279455 -0.0255639
0 -0.0166115 -0.0258057 -0.0234156
0 -0.0159396 -0.0238213 -0.0214035
0 -0.015483 -0.0220163 -0.0195453
0 -0.0152564 -0.0204144 -0.0178596
0 -0.0152724 -0.0190378 -0.0163654
0 -0.0155405 -0.0179076 -0.0150824
0 -0.0160669 -0.0170434 -0.0140308
0 -0.0168538 -0.016463 -0.0132315
0 -0.0179006 -0.0161829 -0.0127056
0 -0.0192036 -0.0162184 -0.0124752
0 -0.0207563 -0.0165833 -0.0125618
0 -0.0225474 -0.0172887 -0.0129852
0 -0.0245615 -0.0183424 -0.0137625
0 -0.0267783 -0.0197486 -0.0149069
0 -0.0291723 -0.021507 -0.0164271
0 -0.0317144 -0.0236115 -0.018325
0 -0.0343713 -0.0260509 -0.0205969
0 -0.0371022 -0.0288092 -0.0232342
0 -0.0398649 -0.0318672 -0.0262246
0 -0.0426221 -0.0352025 -0.0295516
0 -0.0453369 -0.0387884 -0.0331933
0 -0.047976 -0.0425929 -0.0371224
0 -0.0505134 -0.0465803 -0.0413076
0 -0.0529149 -0.0507124 -0.0457147
0 -0.0551388 -0.0549498 -0.050308
0 -0.0571538 -0.0592539 -0.0550509
0 -0.058944 -0.0635872 -0.0599064
0 -0.0605022 -0.0679141 -0.064838
0 -0.0618226 -0.0722029 -0.0698094
0 -0.0628983 -0.0764258 -0.0747842
0 -0.0637265 -0.0805612 -0.0797267
0 -0.0643101 -0.0845894 -0.0846008
0 -0.0646536 -0.0884828 -0.0893702
0 -0.0647597 -0.0922167 -0.0939977
0 -0.0646315 -0.095782 -0.0984464
0 -0.0642779 -0.099172 -0.102682
0 -0.0637137 -0.10238 -0.106675
0 -0.0629569 -0.105404 -0.110405
0 -0.0620271 -0.108248 -0.113851
0 -0.0609437 -0.110909 -0.116998
0 -0.0597247 -0.113387 -0.119836
0 -0.0583887 -0.115676 -0.122355
0 -0.0569557 -0.117775 -0.124552
0 -0.0554477 -0.119679 -0.126432
0 -0.0538883 -0.121387 -0.128002
0 -0.0523014 -0.122896 -0.129276
0 -0.0507099 -0.124202 -0.13027
0 -0.0491348 -0.125301 -0.130999
0 -0.0475959 -0.126185 -0.131481
0 -0.046113 -0.12685 -0.131733
0 -0.0447065 -0.12729 -0.131772
0 -0.0433917 -0.127496 -0.131613
0 -0.0421773 -0.127465 -0.131266
0 -0.0410729 -0.127192 -0.130738
0 -0.0400901 -0.12668 -0.130036
0 -0.0392381 -0.125933 -0.129168
0 -0.0385266 -0.124959 -0.128145
0 -0.0379667 -0.123773 -0.126976
0 -0.0375668 -0.12239 -0.125672
0 -0.0373307 -0.120833 -0.124237
0 -0.0372578 -0.119126 -0.122675
0 -0.0373412 -0.117297 -0.120987
0 -0.0375691 -0.115378 -0.119175
0 -0.0379278 -0.1134 -0.117241
0 -0.0384004 -0.111393 -0.115191
0 -0.0389657 -0.109384 -0.113032
0 -0.0396002 -0.107399 -0.110773
0 -0.0402824 -0.105459 -0.10843
0 -0.0409921 -0.103578 -0.106017
0 -0.0417077 -0.101767 -0.103553
0 -0.0424052 -0.100033 -0.101054
0 -0.043059 -0.0983726 -0.0985359
0 -0.043642 -0.0967672 -0.0960141
0 -0.0441259 -0.0951935 -0.093501
0 -0.0444828 -0.0936299 -0.0910072
0 -0.0446847 -0.0920514 -0.0885417
0 -0.0447047 -0.090428 -0.08611
0 -0.044518 -0.0887301 -0.0837135
0 -0.0441042 -0.0869325 -0.0813512
0 -0.043449 -0.0850148 -0.0790211
0 -0.0425454 -0.0829617 -0.0767197
0 -0.0413939 -0.0807638 -0.0744418
0 -0.0400012 -0.078417 -0.0721798
0 -0.0383812 -0.075923 -0.0699247
0 -0.036554 -0.0732899 -0.0676677
0 -0.0345452 -0.0705328 -0.0654006
0 -0.0323864 -0.0676723 -0.0631162
0 -0.0301147 -0.0647346 -0.0608091
0 -0.0277711 -0.0617511 -0.0584776
0 -0.0254 -0.0587588 -0.0561251
0 -0.0230492 -0.0557994 -0.0537613
0 -0.0207676 -0.052917 -0.0514018
0 -0.0186039 -0.0501561 -0.0490673
0 -0.0166053 -0.0475602 -0.0467834
0 -0.0148168 -0.0451712 -0.0445798
0 -0.0132808 -0.0430287 -0.0424893
0 -0.012037 -0.0411694 -0.0405476
0 -0.011122 -0.0396266 -0.0387931
0 -0.0105679 -0.0384287 -0.0372643
0 -0.0103996 -0.0375966 -0.0359976
0 -0.0106306 -0.0371424 -0.0350249
0 -0.0112615 -0.0370687 -0.0343726
0 -0.0122823 -0.0373714 -0.0340627
0 -0.0136747 -0.0380407 -0.0341122
0 -0.0154116 -0.0390619 -0.034533
0 -0.0174564 -0.0404163 -0.035331
0 -0.0197641 -0.0420818 -0.0365064
0 -0.0222852 -0.0440342 -0.0380535
0 -0.0249677 -0.0462491 -0.0399623
0 -0.0277594 -0.0487037 -0.0422199
0 -0.0306125 -0.0513789 -0.0448124
0 -0.0334855 -0.0542595 -0.0477248
0 -0.0363369 -0.0573333 -0.0509411
0 -0.0391266 -0.0605893 -0.0544431
0 -0.0418246 -0.0640176 -0.0582112
0 -0.0444078 -0.0676076 -0.0622232
0 -0.04686 -0.0713467 -0.066454
0 -0.0491745 -0.0752197 -0.070876
0 -0.0513395 -0.07921 -0.0754608
0 -0.0533313 -0.0833002 -0.0801805
0 -0.0551341 -0.0874721 -0.0850073
0 -0.0567486 -0.0917056 -0.0899134
0 -0.0581809 -0.0959792 -0.0948708
0 -0.0594343 -0.100273 -0.0998513
0 -0.0605089 -0.104569 -0.104827
0 -0.0614052 -0.108842 -0.109769
0 -0.0621248 -0.113051 -0.114646
0 -0.0626684 -0.117171 -0.119422
0 -0.0630347 -0.121184 -0.124063
0 -0.0632227 -0.125066 -0.128537
0 -0.0632333 -0.128797 -0.132814
0 -0.0630693 -0.132363 -0.136871
0 -0.0627379 -0.135756 -0.140688
0 -0.0622495 -0.138968 -0.144252
0 -0.0616148 -0.141992 -0.147551
0 -0.0608438 -0.144823 -0.150578
0 -0.059949 -0.147453 -0.153327
0 -0.0589491 -0.14988 -0.155799
0 -0.0578696 -0.152101 -0.158
0 -0.0567299 -0.154112 -0.159938
0 -0.0555406 -0.15591 -0.161618
0 -0.0543195 -0.157495 -0.163046
0 -0.0530919 -0.15887 -0.16423
0 -0.0518808 -0.160034 -0.165179
0 -0.0507056 -0.160991 -0.165904
0 -0.0495846 -0.161739 -0.166416
0 -0.0485336 -0.162277 -0.166731
0 -0.0475648 -0.162602 -0.16686
0 -0.0466886 -0.162712 -0.166811
0 -0.0459115 -0.162602 -0.166589
0 -0.0452358 -0.162269 -0.166192
0 -0.0446607 -0.161707 -0.165614
0 -0.0441828 -0.160915 -0.164849
0 -0.043794 -0.159893 -0.163891
0 -0.0434829 -0.158643 -0.162731
0 -0.0432374 -0.157175 -0.16136
0 -0.0430437 -0.155496 -0.159769
0 -0.0428844 -0.153621 -0.15795
0 -0.0427397 -0.151564 -0.155894
0 -0.0425913 -0.149342 -0.1536
0 -0.0424245 -0.146975 -0.151069
0 -0.0422264 -0.144481 -0.148306
0 -0.0419886 -0.141879 -0.145326
0 -0.0417099 -0.139191 -0.142149
0 -0.0413945 -0.136437 -0.138802
0 -0.0410435 -0.13364 -0.135318
0 -0.040658 -0.130824 -0.131736
0 -0.0402471 -0.128012 -0.128097
0 -0.0398255 -0.125227 -0.124446
0 -0.0394109 -0.122486 -0.120828
0 -0.0390229 -0.119807 -0.117292
0 -0.0386815 -0.117212 -0.113889
0 -0.0384066 -0.114725 -0.110666
0 -0.0382181 -0.112365 -0.107668
0 -0.0381341 -0.110154 -0.104936
0 -0.0381714 -0.108114 -0.102504
0 -0.0383445 -0.106268 -0.100405
0 -0.0386648 -0.104638 -0.0986609
0 -0.0391395 -0.103245 -0.0972891
0 -0.0397714 -0.102109 -0.0962987
0 -0.0405582 -0.101246 -0.0956923
0 -0.041494 -0.100673 -0.0954652
0 -0.042568 -0.100399 -0.0956071
0 -0.0437642 -0.100435 -0.0961022
0 -0.0450619 -0.100785 -0.0969294
0 -0.0464363 -0.101448 -0.0980639
0 -0.0478596 -0.10242 -0.0994788
0 -0.0493027 -0.103694 -0.101146
0 -0.0507339 -0.105258 -0.103037
0 -0.0521203 -0.107092 -0.105122
0 -0.0534307 -0.10917 -0.107368
0 -0.0546383 -0.111458 -0.109743
0 -0.0557143 -0.113915 -0.112217
0 -0.0566234 -0.116495 -0.11476
0 -0.0573329 -0.119147 -0.117341
0 -0.0578206 -0.121817 -0.119933
0 -0.0580703 -0.124447 -0.122506
0 -0.0580671 -0.126984 -0.125033
0 -0.0577989 -0.129372 -0.127485
0 -0.0572593 -0.131565 -0.129833
0 -0.0564489 -0.133521 -0.132049
0 -0.0553739 -0.135203 -0.1341
0 -0.0540459 -0.136574 -0.135956
0 -0.0524834 -0.137609 -0.137588
0 -0.05071 -0.138296 -0.138968
0 -0.0487532 -0.13863 -0.140073
0 -0.0466421 -0.138611 -0.140877
0 -0.0444065 -0.138249 -0.141359
0 -0.0420813 -0.137558 -0.141502
0 -0.0397083 -0.136561 -0.141293
0 -0.03733 -0.135281 -0.140724
0 -0.0349867 -0.133742 -0.13979
0 -0.0327192 -0.13197 -0.138494
0 -0.0305675 -0.129993 -0.136844
0 -0.0285685 -0.127839 -0.134858
0 -0.0267559 -0.125541 -0.13256
0 -0.0251608 -0.123132 -0.129983
0 -0.0238148 -0.120647 -0.127165
0 -0.0227457 -0.118117 -0.124144
0 -0.0219713 -0.115573 -0.120964
0 -0.0215008 -0.113042 -0.117666
0 -0.0213395 -0.11055 -0.114297
0 -0.021486 -0.108121 -0.110901
0 -0.0219318 -0.105779 -0.107527
0 -0.0226628 -0.103544 -0.104219
0 -0.0236593 -0.101438 -0.101018
0 -0.0248947 -0.0994773 -0.097959
0 -0.026336 -0.0976596 -0.0950737
0 -0.0279468 -0.0959799 -0.092393
0 -0.0296912 -0.0944427 -0.0899458
0 -0.0315361 -0.093053 -0.0877574
0 -0.0334499 -0.0918097 -0.0858483
0 -0.0354031 -0.0907105 -0.0842341
0 -0.0373676 -0.0897575 -0.0829254
0 -0.0393144 -0.0889527 -0.0819263
0 -0.0412152 -0.0882957 -0.0812348
0 -0.043045 -0.0877869 -0.0808423
0 -0.0447799 -0.0874278 -0.0807347
0 -0.0463964 -0.0872203 -0.0808939
0 -0.047873 -0.0871679 -0.0812993
0 -0.0491925 -0.0872758 -0.081929
0 -0.050341 -0.0875506 -0.0827606
0 -0.0513068 -0.0879988 -0.0837718
0 -0.0520802 -0.0886262 -0.0849409
0 -0.0526549 -0.089437 -0.0862482
0 -0.05303 -0.0904322 -0.0876771
0 -0.0532098 -0.0916092 -0.0892139
0 -0.0532036 -0.092962 -0.0908483
0 -0.0530248 -0.0944792 -0.0925733
0 -0.052691 -0.0961451 -0.0943843
0 -0.052225 -0.0979397 -0.0962787
0 -0.0516529 -0.0998401 -0.0982548
0 -0.0510013 -0.101821 -0.100311
0 -0.0502942 -0.103854 -0.102442
0 -0.0495537 -0.105915 -0.104643
0 -0.0488006 -0.107976 -0.106903
0 -0.0480535 -0.110016 -0.109212
0 -0.0473301 -0.112014 -0.111556
0 -0.0466498 -0.11395 -0.113923
0 -0.0460303 -0.115814 -0.116295
0 -0.0454831 -0.117598 -0.118652
0 -0.0450127 -0.119292 -0.120971
0 -0.0446189 -0.120887 -0.123222
0 -0.0442981 -0.122375 -0.125373
0 -0.0440428 -0.123746 -0.127389
0 -0.0438425 -0.124992 -0.129236
0 -0.0436857 -0.126101 -0.130882
0 -0.0435607 -0.127065 -0.132297
0 -0.0434565 -0.127875 -0.133456
0 -0.0433622 -0.128521 -0.134338
0 -0.0432681 -0.128992 -0.134927
0 -0.0431655 -0.129281 -0.135212
0 -0.0430479 -0.129377 -0.135187
0 -0.0429111 -0.129272 -0.134854
0 -0.0427516 -0.128958 -0.134218
0 -0.042564 -0.128428 -0.133286
0 -0.0423404 -0.12767 -0.132066
0 -0.0420715 -0.126675 -0.130566
0 -0.0417487 -0.125438 -0.128798
0 -0.0413661 -0.123955 -0.126777
0 -0.0409219 -0.122233 -0.124523
0 -0.0404178 -0.120282 -0.122059
0 -0.039857 -0.118116 -0.119409
0 -0.0392427 -0.115751 -0.116595
0 -0.0385781 -0.113204 -0.113637
0 -0.0378709 -0.110491 -0.110552
0 -0.0371283 -0.107631 -0.107356
0 -0.0363465 -0.10465 -0.104064
0 -0.0355217 -0.101569 -0.100697
0 -0.0346623 -0.0984136 -0.097272
0 -0.0337806 -0.0952063 -0.0938085
0 -0.0328856 -0.0919683 -0.0903228
0 -0.0319824 -0.0887184 -0.0868289
0 -0.0310753 -0.0854738 -0.0833402
0 -0.0301711 -0.0822503 -0.07987
0 -0.0292792 -0.0790627 -0.0764334
0 -0.0284104 -0.0759274 -0.0730478
0 -0.0275771 -0.0728624 -0.0697326
0 -0.0267935 -0.069885 -0.0665083
0 -0.0260734 -0.067011 -0.0633943
0 -0.025428 -0.0642532 -0.0604071
0 -0.0248649 -0.0616209 -0.0575599
0 -0.0243886 -0.0591203 -0.0548627
0 -0.0240025 -0.056756 -0.0523235
0 -0.0237092 -0.0545329 -0.0499497
0 -0.0235113 -0.0524557 -0.0477478
0 -0.0234108 -0.0505294 -0.0457236
0 -0.0234083 -0.0487586 -0.0438814
0 -0.0235026 -0.0471466 -0.0422234
0 -0.0236902 -0.0456954 -0.0407496
0 -0.0239656 -0.0444059 -0.0394582
0 -0.0243219 -0.0432785 -0.0383463
0 -0.0247516 -0.0423137 -0.0374106
0 -0.025247 -0.0415123 -0.0366484
0 -0.0258005 -0.0408761 -0.0360573
0 -0.0264046 -0.0404067 -0.0356356
0 -0.0270511 -0.0401058 -0.0353813
0 -0.0277307 -0.0399737 -0.0352916
0 -0.0284322 -0.040009 -0.0353626
0 -0.0291425 -0.0402078 -0.0355883
0 -0.029848 -0.0405655 -0.0359626
0 -0.0305371 -0.0410786 -0.0364812
0 -0.0312014 -0.0417463 -0.037143
0 -0.0318352 -0.0425687 -0.0379497
0 -0.0324337 -0.043544 -0.0389027
0 -0.0329928 -0.0446672 -0.0400025
0 -0.0335093 -0.0459295 -0.041248
0 -0.0339822 -0.0473201 -0.042638
0 -0.0344126 -0.048827 -0.0441709
0 -0.0348035 -0.0504384 -0.0458451
0 -0.0351606 -0.0521423 -0.0476589
0 -0.0354932 -0.0539289 -0.0496108
0 -0.0358134 -0.0557905 -0.0516996
0 -0.0361345 -0.0577211 -0.0539234
0 -0.0364697 -0.059715 -0.0562773
0 -0.0368309 -0.0617666 -0.0587535
0 -0.0372289 -0.0638711 -0.0613416
0 -0.0376741 -0.0660251 -0.0640287
0 -0.0381762 -0.0682254 -0.0667994
0 -0.0387407 -0.0704675 -0.0696354
0 -0.0393655 -0.0727477 -0.0725175
0 -0.0400449 -0.0750633 -0.0754256
0 -0.0407768 -0.0774086 -0.0783404
0 -0.0415625 -0.0797777 -0.0812446
0 -0.0424019 -0.0821714 -0.0841242
0 -0.043294 -0.0845919 -0.0869674
0 -0.0442372 -0.0870378 -0.0897644
0 -0.0452292 -0.0895069 -0.0925067
0 -0.0462643 -0.0919939 -0.0951859
0 -0.0473321 -0.0944894 -0.0977928
0 -0.0484196 -0.0969802 -0.100318
0 -0.0495132 -0.0994522 -0.102755
0 -0.0505999 -0.101891 -0.105098
0 -0.0516676 -0.104281 -0.107345
0 -0.0527049 -0.10661 -0.109496
0 -0.0537006 -0.108861 -0.111551
0 -0.0546438 -0.111022 -0.11351
0 -0.0555241 -0.113077 -0.115375
0 -0.056332 -0.115015 -0.117146
0 -0.0570585 -0.116823 -0.118823
0 -0.0576957 -0.11849 -0.120404
0 -0.0582369 -0.12001 -0.121887
0 -0.0586771 -0.121374 -0.12327
0 -0.0590133 -0.122579 -0.124551
0 -0.0592433 -0.123624 -0.125724
0 -0.0593653 -0.124506 -0.126784
0 -0.0593774 -0.125225 -0.127723
0 -0.0592776 -0.125779 -0.12853
0 -0.0590651 -0.126168 -0.129194
0 -0.0587423 -0.126395 -0.129704
0 -0.0583146 -0.126462 -0.130053
0 -0.05779 -0.126375 -0.130233
0 -0.0571785 -0.12614 -0.13024
0 -0.0564909 -0.125763 -0.130069
0 -0.0557389 -0.12525 -0.129718
0 -0.0549346 -0.124603 -0.129184
0 -0.0540896 -0.123828 -0.128469
0 -0.0532161 -0.122927 -0.127573
0 -0.0523258 -0.121901 -0.126498
0 -0.0514302 -0.120753 -0.12525
0 -0.0505388 -0.119485 -0.123834
0 -0.0496608 -0.118099 -0.122258
0 -0.0488044 -0.116599 -0.12053
0 -0.0479763 -0.114988 -0.118659
0 -0.0471822 -0.113273 -0.116657
0 -0.0464284 -0.111461 -0.114538
0 -0.0457214 -0.109566 -0.112318
0 -0.045067 -0.1076 -0.110016
0 -0.044468 -0.105577 -0.107647
0 -0.0439249 -0.10351 -0.105228
0 -0.0434361 -0.10141 -0.102772
0 -0.0429984 -0.0992909 -0.100294
0 -0.0426076 -0.0971629 -0.0978071
0 -0.0422587 -0.0950374 -0.0953228
0 -0.0419481 -0.0929264 -0.0928521
0 -0.0416718 -0.0908403 -0.0904051
0 -0.0414207 -0.0887868 -0.0879918
0 -0.0411847 -0.0867744 -0.0856224
0 -0.0409575 -0.0848116 -0.0833074
0 -0.0407347 -0.0829042 -0.0810576
0 -0.0405114 -0.0810573 -0.0788837
0 -0.0402846 -0.0792769 -0.0767961
0 -0.0400523 -0.077569 -0.0748052
0 -0.0398133 -0.0759382 -0.0729204
0 -0.0395668 -0.074389 -0.0711501
0 -0.0393126 -0.0729255 -0.0695009
0 -0.0390502 -0.0715505 -0.0679776
0 -0.0387787 -0.0702659 -0.066583
0 -0.0384967 -0.0690722 -0.0653176
0 -0.0382023 -0.0679689 -0.0641793
0 -0.0378936 -0.0669552 -0.0631648
0 -0.0375688 -0.0660299 -0.0622692
0 -0.0372265 -0.0651919 -0.0614866
0 -0.0368672 -0.064441 -0.0608115
0 -0.0364933 -0.0637785 -0.0602396
0 -0.0361092 -0.0632071 -0.0597677
0 -0.03572 -0.0627294 -0.0593932
0 -0.0353302 -0.0623465 -0.0591123
0 -0.0349433 -0.0620572 -0.0589199
0 -0.034562 -0.0618581 -0.0588099
0 -0.0341892 -0.0617443 -0.0587761
0 -0.0338285 -0.0617102 -0.0588122
0 -0.0334835 -0.0617493 -0.0589128
0 -0.0331582 -0.0618546 -0.0590727
0 -0.0328566 -0.0620186 -0.0592869
0 -0.0325829 -0.0622339 -0.0595515
0 -0.0323422 -0.0624941 -0.0598633
0 -0.0321404 -0.0627937 -0.0602204
0 -0.0319831 -0.0631281 -0.0606209
0 -0.0318756 -0.0634932 -0.0610628
0 -0.0318221 -0.0638853 -0.0615435
0 -0.0318263 -0.0643015 -0.0620604
0 -0.0318909 -0.06474 -0.0626107
0 -0.0320168 -0.0651987 -0.0631905
0 -0.0322022 -0.065675 -0.0637946
0 -0.0324429 -0.0661651 -0.0644157
0 -0.0327325 -0.0666652 -0.0650459
0 -0.0330646 -0.0671721 -0.0656777
0 -0.0334321 -0.0676837 -0.0663044
0 -0.0338281 -0.0681984 -0.0669203
0 -0.0342461 -0.0687156 -0.067521
0 -0.0346808 -0.0692361 -0.0681044
0 -0.035128 -0.0697621 -0.0686707
0 -0.0355843 -0.0702962 -0.0692212
0 -0.0360463 -0.0708407 -0.0697584
0 -0.0365102 -0.0713967 -0.0702848
0 -0.0369722 -0.0719652 -0.0708035
0 -0.0374291 -0.0725466 -0.0713184
0 -0.0378782 -0.073141 -0.071834
0 -0.0383174 -0.0737488 -0.0723556
0 -0.0387456 -0.0743703 -0.0728893
0 -0.0391628 -0.075006 -0.0734415
0 -0.0395693 -0.0756565 -0.0740186
0 -0.0399663 -0.0763222 -0.0746269
0 -0.0403544 -0.077003 -0.0752711
0 -0.0407339 -0.0776977 -0.0759545
0 -0.0411041 -0.0784043 -0.0766781
0 -0.0414644 -0.0791209 -0.0774418
0 -0.0418147 -0.079846 -0.0782447
0 -0.0421549 -0.0805785 -0.0790849
0 -0.0424856 -0.0813179 -0.0799594
0 -0.0428072 -0.0820633 -0.0808643
0 -0.0431181 -0.0828136 -0.0817942
0 -0.0434158 -0.0835679 -0.0827433
0 -0.0436991 -0.0843251 -0.0837051
0 -0.0439678 -0.0850843 -0.0846733
0 -0.0442216 -0.0858441 -0.0856412
0 -0.0444592 -0.0866028 -0.0866027
0 -0.044679 -0.0873582 -0.0875511
0 -0.04488 -0.0881067 -0.0884792
0 -0.0450601 -0.088843 -0.0893785
0 -0.0452172 -0.0895609 -0.0902403
0 -0.0453502 -0.0902552 -0.0910581
0 -0.0454617 -0.0909242 -0.0918295
0 -0.0455574 -0.0915683 -0.0925553
0 -0.0456433 -0.0921878 -0.093237
0 -0.0457237 -0.0927817 -0.0938755
0 -0.0458011 -0.093347 -0.0944702
0 -0.045877 -0.0938799 -0.0950205
0 -0.0459527 -0.094377 -0.0955258
0 -0.0460294 -0.0948349 -0.0959861
0 -0.0461079 -0.0952507 -0.0964013
0 -0.0461884 -0.0956212 -0.0967711
0 -0.0462709 -0.0959443 -0.0970953
0 -0.0463559 -0.0962188 -0.0973745
0 -0.0464445 -0.0964449 -0.09761
0 -0.0465378 -0.0966237 -0.0978032
0 -0.0466365 -0.0967568 -0.0979553
0 -0.0467407 -0.096846 -0.0980671
0 -0.0468498 -0.0968934 -0.0981393
0 -0.0469631 -0.0969019 -0.0981721
0 -0.0470795 -0.0968744 -0.0981663
0 -0.0471974 -0.0968144 -0.0981223
0 -0.0473147 -0.0967249 -0.0980403
0 -0.0474282 -0.0966085 -0.0979202
0 -0.047534 -0.0964669 -0.0977615
0 -0.0476279 -0.0963014 -0.0975638
0 -0.0477059 -0.0961134 -0.0973274
0 -0.0477651 -0.0959048 -0.097054
0 -0.0478048 -0.095679 -0.0967476
0 -0.0478258 -0.0954402 -0.096414
0 -0.04783 -0.0951934 -0.0960602
0 -0.0478195 -0.0949429 -0.0956935
0 -0.0477959 -0.0946921 -0.0953207
0 -0.0477606 -0.0944434 -0.0949481
0 -0.0477139 -0.0941982 -0.0945809
0 -0.0476558 -0.0939568 -0.0942232
0 -0.0475858 -0.0937189 -0.0938781
0 -0.0475027 -0.0934833 -0.0935474
0 -0.0474046 -0.0932478 -0.0932312
0 -0.0472882 -0.0930089 -0.0929278
0 -0.0471486 -0.0927608 -0.0926328
0 -0.0469798 -0.0924966 -0.0923399
0 -0.0467777 -0.0922109 -0.0920438
0 -0.0465425 -0.0919021 -0.0917423
0 -0.0462778 -0.0915718 -0.0914359
0 -0.0459883 -0.0912221 -0.0911251
0 -0.0456782 -0.0908548 -0.0908095
0 -0.0453516 -0.0904715 -0.090488
0 -0.0450128 -0.0900738 -0.0901592
0 -0.0446663 -0.0896637 -0.0898219
0 -0.0443151 -0.0892423 -0.0894734
0 -0.043961 -0.088809 -0.0891096
0 -0.0436043 -0.0883625 -0.0887252
0 -0.0432451 -0.0879012 -0.0883155
0 -0.042885 -0.0874251 -0.0878772
0 -0.0425266 -0.086935 -0.0874088
0 -0.042173 -0.0864322 -0.0869098
0 -0.0418267 -0.0859176 -0.0863802
0 -0.0414897 -0.085392 -0.0858202
0 -0.0411639 -0.0848558 -0.0852311
0 -0.0408524 -0.0843103 -0.084615
0 -0.0405582 -0.0837573 -0.0839755
0 -0.0402848 -0.083199 -0.0833168
0 -0.0400349 -0.0826377 -0.0826434
0 -0.03981 -0.0820754 -0.0819599
0 -0.0396116 -0.0815144 -0.0812709
0 -0.0394416 -0.0809572 -0.0805814
0 -0.0393011 -0.0804068 -0.0798965
0 -0.0391907 -0.0798661 -0.0792213
0 -0.0391103 -0.0793385 -0.078561
0 -0.0390594 -0.0788273 -0.0779206
0 -0.0390368 -0.078336 -0.0773048
0 -0.0390407 -0.0778681 -0.0767182
0 -0.0390688 -0.0774273 -0.0761653
0 -0.0391186 -0.0770176 -0.0756501
0 -0.0391875 -0.0766425 -0.0751769
0 -0.0392728 -0.0763056 -0.0747493
0 -0.0393709 -0.0760096 -0.0743703
0 -0.0394777 -0.0757561 -0.0740415
0 -0.0395883 -0.0755457 -0.0737636
0 -0.0396978 -0.0753782 -0.0735366
0 -0.0398017 -0.0752533 -0.0733604
0 -0.0398955 -0.0751699 -0.0732341
0 -0.0399747 -0.0751259 -0.0731563
0 -0.0400354 -0.0751192 -0.073125
0 -0.040075 -0.0751481 -0.0731392
0 -0.0400935 -0.075212 -0.0731988
0 -0.0400922 -0.0753111 -0.0733047
0 -0.0400733 -0.0754453 -0.0734575
0 -0.0400397 -0.0756137 -0.0736573
0 -0.0399937 -0.0758145 -0.0739029
0 -0.0399374 -0.076045 -0.074192
0 -0.0398729 -0.0763016 -0.0745214
0 -0.0398029 -0.0765812 -0.074888
0 -0.039731 -0.0768812 -0.0752887
0 -0.039662 -0.0772002 -0.0757213
0 -0.0396011 -0.0775373 -0.0761834
0 -0.039553 -0.0778913 -0.0766724
0 -0.0395212 -0.0782601 -0.077184
0 -0.0395081 -0.0786407 -0.0777132
0 -0.039515 -0.0790303 -0.0782543
0 -0.0395442 -0.0794275 -0.0788028
0 -0.0395989 -0.0798331 -0.0793562
0 -0.0396828 -0.0802488 -0.0799132
0 -0.0397993 -0.0806764 -0.080473
0 -0.0399501 -0.0811167 -0.0810339
0 -0.0401343 -0.0815693 -0.0815926
0 -0.0403492 -0.0820322 -0.0821452
0 -0.0405917 -0.0825028 -0.0826873
0 -0.0408584 -0.0829786 -0.0832152
0 -0.0411455 -0.083457 -0.083726
0 -0.0414488 -0.0839354 -0.0842172
0 -0.0417637 -0.0844107 -0.0846869
0 -0.0420855 -0.0848796 -0.0851338
0 -0.0424092 -0.0853388 -0.0855569
0 -0.0427309 -0.0857854 -0.0859563
0 -0.0430481 -0.0862176 -0.0863333
0 -0.0433593 -0.0866351 -0.0866911
0 -0.0436639 -0.0870387 -0.0870336
0 -0.043961 -0.0874288 -0.0873646
0 -0.0442482 -0.0878044 -0.087686
0 -0.0445211 -0.0881628 -0.087998
0 -0.0447749 -0.0885004 -0.0882992
0 -0.0450049 -0.088814 -0.0885884
0 -0.0452077 -0.0891014 -0.0888648
0 -0.045382 -0.0893623 -0.089129
0 -0.0455287 -0.0895987 -0.089383
0 -0.0456501 -0.0898135 -0.0896296
0 -0.045749 -0.0900101 -0.0898715
0 -0.0458282 -0.0901917 -0.0901106
0 -0.0458905 -0.0903611 -0.090348
0 -0.0459376 -0.0905203 -0.0905838
0 -0.0459696 -0.0906694 -0.0908157
0 -0.0459856 -0.0908071 -0.09104
0 -0.0459848 -0.0909324 -0.0912526
0 -0.0459681 -0.0910454 -0.091451
0 -0.0459377 -0.0911474 -0.0916336
0 -0.0458956 -0.0912391 -0.0917988
0 -0.0458431 -0.0913204 -0.0919441
0 -0.0457802 -0.0913894 -0.0920664
0 -0.0457066 -0.0914436 -0.0921619
0 -0.0456227 -0.0914813 -0.0922284
0 -0.0455317 -0.0915029 -0.0922664
0 -0.0454385 -0.0915106 -0.0922789
0 -0.0453483 -0.0915068 -0.0922691
0 -0.0452643 -0.0914921 -0.0922391
0 -0.0451871 -0.0914648 -0.0921889
0 -0.0451164 -0.0914224 -0.0921177
0 -0.0450517 -0.0913627 -0.0920253
0 -0.0449926 -0.0912842 -0.0919117
0 -0.0449383 -0.0911852 -0.091777
0 -0.0448868 -0.0910634 -0.09162
0 -0.0448346 -0.0909156 -0.0914386
0 -0.0447777 -0.0907383 -0.0912297
0 -0.0447116 -0.0905285 -0.0909904
0 -0.0446329 -0.0902839 -0.0907186
0 -0.0445398 -0.0900046 -0.0904134
0 -0.0444327 -0.0896926 -0.0900765
0 -0.0443134 -0.0893519 -0.0897106
0 -0.044184 -0.0889864 -0.0893186
0 -0.0440459 -0.0885998 -0.088903
0 -0.0438998 -0.0881952 -0.0884656
0 -0.043746 -0.0877749 -0.088008
0 -0.0435846 -0.0873412 -0.0875313
0 -0.0434158 -0.0868962 -0.087037
0 -0.0432403 -0.086442 -0.0865269
0 -0.0430596 -0.0859818 -0.086004
0 -0.042877 -0.0855201 -0.0854732
0 -0.0426976 -0.085063 -0.084941
0 -0.042527 -0.0846171 -0.0844148
0 -0.0423703 -0.0841885 -0.083902
0 -0.0422322 -0.0837826 -0.0834092
0 -0.0421159 -0.0834034 -0.082942
0 -0.0420232 -0.0830537 -0.0825046
0 -0.0419546 -0.0827354 -0.0821008
0 -0.0419102 -0.0824506 -0.0817339
0 -0.0418898 -0.0822006 -0.0814069
0 -0.0418921 -0.0819863 -0.0811217
0 -0.041914 -0.0818071 -0.0808787
0 -0.0419523 -0.0816621 -0.0806779
0 -0.0420042 -0.0815514 -0.0805198
0 -0.0420684 -0.0814757 -0.0804055
0 -0.0421442 -0.0814369 -0.0803371
0 -0.042231 -0.0814365 -0.080316
0 -0.0423275 -0.081475 -0.0803427
0 -0.0424314 -0.0815521 -0.0804164
0 -0.0425403 -0.0816667 -0.0805358
0 -0.0426515 -0.0818168 -0.0806987
0 -0.0427608 -0.0819989 -0.0809011
0 -0.042862 -0.0822065 -0.0811364
0 -0.042948 -0.0824319 -0.0813965
0 -0.0430121 -0.0826671 -0.0816733
0 -0.0430501 -0.082906 -0.0819607
0 -0.043061 -0.0831448 -0.0822546
0 -0.0430457 -0.0833811 -0.0825525
0 -0.0430056 -0.0836127 -0.0828519
0 -0.0429427 -0.0838377 -0.0831505
0 -0.0428594 -0.0840541 -0.0834458
0 -0.0427576 -0.0842594 -0.0837345
0 -0.0426387 -0.0844503 -0.0840124
0 -0.0425038 -0.0846233 -0.0842751
0 -0.0423544 -0.084775 -0.0845182
0 -0.0421921 -0.084902 -0.0847375
0 -0.0420189 -0.0850014 -0.084929
0 -0.0418369 -0.0850703 -0.0850889
0 -0.0416486 -0.0851063 -0.0852137
0 -0.0414566 -0.0851076 -0.0853003
0 -0.0412638 -0.0850731 -0.0853461
0 -0.0410741 -0.0850035 -0.0853496
0 -0.0408923 -0.0849005 -0.0853109
0 -0.0407232 -0.0847668 -0.0852305
0 -0.0405711 -0.0846056 -0.0851095
0 -0.0404397 -0.0844196 -0.0849489
0 -0.0403317 -0.0842118 -0.0847502
0 -0.0402489 -0.0839849 -0.0845148
0 -0.0401917 -0.0837412 -0.0842443
0 -0.0401599 -0.083483 -0.0839406
0 -0.0401534 -0.0832134 -0.083607
0 -0.0401728 -0.082937 -0.0832484
0 -0.0402195 -0.0826589 -0.0828712
0 -0.0402931 -0.082384 -0.0824816
0 -0.0403914 -0.0821148 -0.0820844
0 -0.0405103 -0.0818523 -0.0816826
0 -0.0406447 -0.0815967 -0.0812791
0 -0.0407908 -0.0813493 -0.0808777
0 -0.0409452 -0.0811127 -0.0804835
0 -0.041105 -0.0808895 -0.0801023
0 -0.0412661 -0.0806819 -0.0797392
0 -0.0414238 -0.0804901 -0.0793976
0 -0.0415728 -0.0803139 -0.0790805
0 -0.0417081 -0.0801532 -0.0787905
0 -0.0418251 -0.0800077 -0.0785299
0 -0.0419195 -0.0798764 -0.0783001
0 -0.0419864 -0.0797572 -0.0781014
0 -0.0420215 -0.0796479 -0.077933
0 -0.0420212 -0.0795462 -0.0777938
0 -0.0419837 -0.0794507 -0.0776828
0 -0.041909 -0.0793611 -0.0775997
0 -0.0417991 -0.0792784 -0.0775446
0 -0.0416572 -0.0792039 -0.0775177
0 -0.0414871 -0.0791389 -0.0775184
0 -0.041293 -0.0790843 -0.0775456
0 -0.0410797 -0.0790412 -0.077598
0 -0.0408525 -0.0790103 -0.0776736
0 -0.0406171 -0.0789923 -0.0777705
0 -0.0403789 -0.0789875 -0.0778862
0 -0.0401437 -0.078996 -0.078018
0 -0.0399173 -0.0790178 -0.0781631
0 -0.039705 -0.0790529 -0.078319
0 -0.0395121 -0.0791011 -0.0784827
0 -0.039343 -0.0791621 -0.0786517
0 -0.0392013 -0.0792352 -0.0788234
0 -0.0390901 -0.0793197 -0.0789953
0 -0.0390112 -0.0794144 -0.0791649
0 -0.0389645 -0.0795166 -0.0793285
0 -0.0389478 -0.0796225 -0.0794813
0 -0.0389582 -0.0797279 -0.0796187
0 -0.0389928 -0.0798298 -0.0797372
0 -0.0390507 -0.0799272 -0.079836
0 -0.039132 -0.0800207 -0.0799162
0 -0.0392367 -0.0801116 -0.0799799
0 -0.0393634 -0.0802 -0.0800281
0 -0.0395081 -0.0802839 -0.0800603
0 -0.0396651 -0.0803601 -0.0800748
0 -0.0398291 -0.080426 -0.0800706
0 -0.0399964 -0.0804807 -0.0800488
0 -0.0401645 -0.0805248 -0.0800119
0 -0.0403313 -0.0805594 -0.0799632
0 -0.0404945 -0.0805853 -0.0799057
0 -0.0406517 -0.0806032 -0.0798423
0 -0.0408005 -0.0806136 -0.0797757
0 -0.0409388 -0.0806176 -0.0797086
0 -0.041065 -0.0806162 -0.0796438
0 -0.0411775 -0.0806108 -0.0795838
0 -0.0412759 -0.0806033 -0.0795316
0 -0.0413613 -0.080597 -0.079491
0 -0.0414359 -0.0805962 -0.0794666
0 -0.0415025 -0.0806054 -0.0794631
0 -0.0415636 -0.0806286 -0.0794841
0 -0.0416208 -0.0806685 -0.0795319
0 -0.0416736 -0.0807259 -0.0796063
0 -0.0417202 -0.0807993 -0.0797051
0 -0.0417582 -0.0808867 -0.0798252
0 -0.0417856 -0.0809859 -0.0799634
0 -0.0418017 -0.0810955 -0.0801173
0 -0.0418071 -0.0812153 -0.0802856
0 -0.0418047 -0.0813468 -0.0804687
0 -0.041799 -0.0814928 -0.0806685
0 -0.0417951 -0.0816561 -0.0808872
0 -0.0417971 -0.0818389 -0.0811261
0 -0.0418074 -0.0820413 -0.0813845
0 -0.0418263 -0.0822612 -0.08166
0 -0.0418525 -0.0824951 -0.0819486
0 -0.0418847 -0.0827394 -0.0822464
0 -0.0419215 -0.0829911 -0.0825497
0 -0.0419618 -0.0832467 -0.0828551
0 -0.0420044 -0.0835031 -0.0831592
0 -0.0420477 -0.0837569 -0.0834585
0 -0.0420903 -0.0840046 -0.0837495
0 -0.0421314 -0.0842439 -0.0840298
0 -0.0421716 -0.0844733 -0.0842983
0 -0.0422129 -0.0846935 -0.0845556
0 -0.0422585 -0.0849057 -0.084803
0 -0.0423111 -0.0851111 -0.0850421
0 -0.0423723 -0.0853104 -0.0852735
0 -0.0424426 -0.0855031 -0.0854965
0 -0.042521 -0.0856877 -0.0857097
0 -0.042606 -0.0858624 -0.0859111
0 -0.0426958 -0.0860257 -0.0860987
0 -0.0427889 -0.0861767 -0.0862712
0 -0.0428845 -0.0863152 -0.0864281
0 -0.0429822 -0.0864415 -0.0865692
0 -0.0430816 -0.0865565 -0.0866951
0 -0.0431822 -0.0866608 -0.0868058
0 -0.0432831 -0.0867551 -0.0869019
0 -0.0433834 -0.08684 -0.0869837
0 -0.0434817 -0.0869154 -0.0870511
0 -0.0435759 -0.0869808 -0.0871038
0 -0.0436634 -0.0870352 -0.0871408
0 -0.0437416 -0.0870773 -0.0871614
0 -0.0438083 -0.0871063 -0.0871653
0 -0.0438621 -0.087122 -0.0871528
0 -0.0439023 -0.0871241 -0.0871246
0 -0.043928 -0.0871127 -0.0870815
0 -0.0439389 -0.0870876 -0.0870245
0 -0.0439346 -0.0870488 -0.0869543
0 -0.043915 -0.086996 -0.0868716
0 -0.0438801 -0.0869291 -0.0867773
0 -0.0438303 -0.086848 -0.086672
0 -0.0437661 -0.0867527 -0.0865564
0 -0.0436881 -0.0866431 -0.0864308
0 -0.0435971 -0.0865192 -0.0862957
0 -0.043494 -0.0863811 -0.0861514
0 -0.0433799 -0.0862291 -0.0859978
0 -0.0432559 -0.0860634 -0.0858351
0 -0.0431226 -0.0858841 -0.0856627
0 -0.0429805 -0.0856906 -0.0854794
0 -0.0428291 -0.0854819 -0.0852834
0 -0.0426678 -0.0852569 -0.0850724
0 -0.0424963 -0.0850142 -0.0848442
0 -0.0423144 -0.0847533 -0.084597
0 -0.042123 -0.0844744 -0.0843298
0 -0.0419239 -0.0841787 -0.0840429
0 -0.0417198 -0.0838681 -0.0837371
0 -0.0415133 -0.0835444 -0.0834132
0 -0.041307 -0.0832092 -0.0830721
0 -0.0411023 -0.0828636 -0.0827141
0 -0.0409001 -0.0825079 -0.0823392
0 -0.0407005 -0.0821416 -0.0819465
0 -0.0405029 -0.0817638 -0.081535
0 -0.0403065 -0.0813736 -0.0811039
0 -0.0401108 -0.0809703 -0.0806527
0 -0.0399159 -0.0805537 -0.0801817
0 -0.0397224 -0.0801245 -0.0796917
0 -0.0395317 -0.0796842 -0.079185
0 -0.0393457 -0.0792354 -0.0786646
0 -0.0391658 -0.0787802 -0.0781334
0 -0.0389935 -0.078321 -0.0775947
0 -0.03883 -0.0778604 -0.0770517
0 -0.0386764 -0.0774009 -0.0765077
0 -0.0385335 -0.0769452 -0.0759664
0 -0.0384016 -0.0764958 -0.0754307
0 -0.0382799 -0.0760544 -0.0749031
0 -0.038167 -0.0756217 -0.0743851
0 -0.0380614 -0.0751988 -0.0738782
0 -0.0379622 -0.0747875 -0.0733851
0 -0.0378702 -0.074391 -0.0729094
0 -0.0377864 -0.0740128 -0.0724555
0 -0.0377112 -0.0736557 -0.0720268
0 -0.0376437 -0.0733211 -0.0716253
0 -0.0375821 -0.0730094 -0.0712517
0 -0.0375245 -0.0727208 -0.0709068
0 -0.0374699 -0.0724562 -0.0705918
0 -0.037418 -0.0722166 -0.0703082
0 -0.0373684 -0.0720033 -0.0700573
0 -0.0373203 -0.0718164 -0.0698396
0 -0.0372726 -0.0716556 -0.0696547
0 -0.0372238 -0.0715198 -0.0695017
0 -0.0371734 -0.0714086 -0.06938
0 -0.0371237 -0.0713244 -0.069292
0 -0.0370814 -0.0712732 -0.0692435
0 -0.0370549 -0.0712631 -0.0692424
0 -0.0370511 -0.0713004 -0.0692947
0 -0.0370736 -0.0713879 -0.0694028
0 -0.037123 -0.0715257 -0.0695667
0 -0.0371989 -0.0717127 -0.0697847
0 -0.0372992 -0.0719465 -0.0700542
0 -0.0374208 -0.0722232 -0.0703709
0 -0.03756 -0.072539 -0.0707305
0 -0.0377154 -0.0728916 -0.0711306
0 -0.0378888 -0.0732823 -0.0715722
0 -0.0380849 -0.0737153 -0.0720592
0 -0.0383084 -0.0741948 -0.0725958
0 -0.0385626 -0.0747236 -0.0731845
0 -0.0388482 -0.0753024 -0.0738259
0 -0.0391646 -0.0759303 -0.0745192
0 -0.0395107 -0.0766061 -0.0752632
0 -0.0398851 -0.0773287 -0.0760567
0 -0.040286 -0.0780961 -0.076898
0 -0.0407099 -0.0789045 -0.0777836
0 -0.0411515 -0.0797482 -0.0787078
0 -0.0416046 -0.0806203 -0.0796642
0 -0.0420635 -0.0815142 -0.0806459
0 -0.0425235 -0.0824238 -0.0816471
0 -0.0429812 -0.0833446 -0.082663
0 -0.0434334 -0.0842741 -0.0836904
0 -0.0438772 -0.0852107 -0.0847277
0 -0.0443125 -0.0861536 -0.0857736
0 -0.04474 -0.0871018 -0.0868266
0 -0.0451585 -0.0880541 -0.0878854
0 -0.0455664 -0.0890086 -0.0889482
0 -0.045963 -0.0899628 -0.0900129
0 -0.0463469 -0.0909126 -0.0910757
0 -0.0467154 -0.0918526 -0.0921316
0 -0.047065 -0.0927772 -0.0931751
0 -0.0473936 -0.0936816 -0.0942009
0 -0.0477002 -0.0945619 -0.0952043
0 -0.047984 -0.0954145 -0.096181
0 -0.0482444 -0.096236 -0.0971264
0 -0.0484814 -0.0970234 -0.0980363
0 -0.0486953 -0.0977742 -0.0989068
0 -0.048887 -0.098486 -0.0997346
0 -0.0490572 -0.0991567 -0.100516
0 -0.0492064 -0.0997838 -0.101247
0 -0.0493348 -0.100365 -0.101925
0 -0.0494426 -0.100897 -0.102546
0 -0.04953 -0.101378 -0.103106
0 -0.0495973 -0.101805 -0.103602
0 -0.0496447 -0.102176 -0.104032
0 -0.0496723 -0.102489 -0.104394
0 -0.0496803 -0.102741 -0.104685
0 -0.0496692 -0.102932 -0.104903
0 -0.0496403 -0.10306 -0.105049
0 -0.0495968 -0.103127 -0.105124
0 -0.0495428 -0.103135 -0.105132
0 -0.0494821 -0.103088 -0.105075
0 -0.0494166 -0.102985 -0.104956
0 -0.049346 -0.102828 -0.104775
0 -0.0492685 -0.102615 -0.104531
0 -0.0491825 -0.102345 -0.104224
0 -0.0490878 -0.10202 -0.103855
0 -0.048985 -0.101644 -0.103427
0 -0.0488743 -0.101219 -0.102944
0 -0.0487557 -0.10075 -0.102408
0 -0.0486286 -0.100238 -0.101822
0 -0.0484921 -0.099688 -0.101189
0 -0.0483451 -0.0991022 -0.100512
0 -0.0481862 -0.0984839 -0.0997938
0 -0.0480142 -0.0978358 -0.0990381
0 -0.0478275 -0.0971609 -0.098248
0 -0.0476251 -0.0964617 -0.0974269
0 -0.047405 -0.0957402 -0.0965778
0 -0.0471647 -0.0949969 -0.0957027
0 -0.0469007 -0.0942313 -0.0948027
0 -0.0466096 -0.0934424 -0.0938784
0 -0.0462886 -0.0926295 -0.0929308
0 -0.0459369 -0.0917929 -0.0919619
0 -0.0455553 -0.0909347 -0.0909749
0 -0.0451463 -0.0900575 -0.0899733
0 -0.0447121 -0.0891635 -0.0889605
0 -0.044254 -0.0882534 -0.087938
0 -0.0437721 -0.087326 -0.0869056
0 -0.0432666 -0.08638 -0.0858631
0 -0.042739 -0.0854149 -0.0848106
0 -0.0421927 -0.0844324 -0.0837505
0 -0.0416335 -0.083436 -0.0826863
0 -0.0410672 -0.0824293 -0.081621
0 -0.0404963 -0.0814142 -0.0805555
0 -0.0399216 -0.0803909 -0.0794887
0 -0.0393439 -0.0793593 -0.0784188
0 -0.0387653 -0.0783202 -0.0773444
0 -0.038189 -0.0772755 -0.0762652
0 -0.0376193 -0.0762285 -0.0751823
0 -0.0370607 -0.0751833 -0.0740972
0 -0.0365181 -0.0741439 -0.0730121
0 -0.0359956 -0.0731143 -0.0719289
0 -0.0354966 -0.0720977 -0.0708494
0 -0.0350237 -0.0710972 -0.0697757
0 -0.0345792 -0.0701154 -0.0687098
0 -0.0341654 -0.0691551 -0.0676544
0 -0.0337846 -0.0682197 -0.0666133
0 -0.0334388 -0.0673124 -0.0655905
0 -0.0331299 -0.0664364 -0.0645908
0 -0.0328593 -0.0655948 -0.0636188
0 -0.0326277 -0.0647905 -0.0626797
0 -0.0324358 -0.0640262 -0.0617784
0 -0.0322837 -0.0633045 -0.0609201
0 -0.032171 -0.0626279 -0.0601097
0 -0.0320971 -0.0619988 -0.0593521
0 -0.032061 -0.0614196 -0.0586518
0 -0.0320613 -0.0608926 -0.0580132
0 -0.0320967 -0.0604201 -0.0574403
0 -0.032165 -0.0600047 -0.0569369
0 -0.0322642 -0.0596485 -0.0565059
0 -0.0323916 -0.0593536 -0.0561502
0 -0.0325443 -0.0591223 -0.0558717
0 -0.0327196 -0.0589564 -0.0556722
0 -0.0329142 -0.0588578 -0.0555529
0 -0.0331244 -0.0588278 -0.0555138
0 -0.0333455 -0.0588662 -0.0555536
0 -0.0335724 -0.0589723 -0.0556702
0 -0.0337997 -0.0591448 -0.0558609
0 -0.034023 -0.0593825 -0.0561231
0 -0.0342384 -0.0596842 -0.0564545
0 -0.034443 -0.0600482 -0.056853
0 -0.0346347 -0.0604724 -0.0573165
0 -0.0348125 -0.0609543 -0.0578431
0 -0.034976 -0.0614899 -0.0584301
0 -0.0351243 -0.0620742 -0.0590742
0 -0.0352571 -0.0627012 -0.059771
0 -0.0353745 -0.0633643 -0.0605162
0 -0.0354783 -0.0640578 -0.0613059
0 -0.0355725 -0.0647777 -0.0621377
0 -0.0356627 -0.0655209 -0.0630099
0 -0.0357542 -0.0662846 -0.0639201
0 -0.0358521 -0.0670654 -0.0648647
0 -0.0359604 -0.0678595 -0.0658391
0 -0.0360831 -0.0686636 -0.0668381
0 -0.0362239 -0.069475 -0.0678564
0 -0.0363863 -0.0702914 -0.0688884
0 -0.036573 -0.0711107 -0.0699286
0 -0.0367866 -0.0719318 -0.0709715
0 -0.0370296 -0.0727542 -0.0720127
0 -0.0373049 -0.0735791 -0.0730487
0 -0.0376147 -0.0744082 -0.0740768
0 -0.03796 -0.075243 -0.0750948
0 -0.038341 -0.0760841 -0.0761003
0 -0.0387564 -0.0769321 -0.0770905
0 -0.0392036 -0.0777864 -0.0780618
0 -0.0396792 -0.078646 -0.0790112
0 -0.0401798 -0.0795092 -0.079936
0 -0.0407021 -0.0803744 -0.0808348
0 -0.0412416 -0.0812395 -0.0817071
0 -0.0417933 -0.0821029 -0.0825537
0 -0.0423537 -0.0829627 -0.0833766
0 -0.042921 -0.0838177 -0.0841787
0 -0.0434925 -0.0846665 -0.0849638
0 -0.0440649 -0.0855077 -0.0857353
0 -0.0446338 -0.0863397 -0.0864969
0 -0.045195 -0.0871605 -0.0872515
0 -0.0457445 -0.0879674 -0.0880009
0 -0.0462772 -0.0887576 -0.0887464
0 -0.0467875 -0.0895279 -0.0894882
0 -0.0472704 -0.0902758 -0.0902266
0 -0.047722 -0.0909989 -0.0909613
0 -0.0481386 -0.0916953 -0.0916912
0 -0.0485169 -0.0923629 -0.0924148
0 -0.048854 -0.0930002 -0.0931297
0 -0.0491477 -0.0936056 -0.093833
0 -0.0493962 -0.094178 -0.0945212
0 -0.0495985 -0.0947163 -0.0951903
0 -0.0497546 -0.0952206 -0.0958366
0 -0.0498662 -0.0956917 -0.0964567
0 -0.0499361 -0.0961313 -0.0970478
0 -0.049968 -0.0965416 -0.0976076
0 -0.0499656 -0.0969239 -0.0981332
0 -0.0499315 -0.0972781 -0.0986206
0 -0.0498675 -0.0976028 -0.0990651
0 -0.0497757 -0.0978958 -0.0994622
0 -0.0496583 -0.0981551 -0.0998079
0 -0.0495189 -0.0983794 -0.1001
0 -0.0493626 -0.0985683 -0.100338
0 -0.0491952 -0.0987222 -0.100523
0 -0.049023 -0.0988419 -0.100658
0 -0.0488517 -0.0989276 -0.100743
0 -0.0486865 -0.0989793 -0.100781
0 -0.0485315 -0.0989966 -0.100775
0 -0.0483897 -0.0989782 -0.100726
0 -0.0482631 -0.0989227 -0.100634
0 -0.0481527 -0.0988285 -0.100502
0 -0.0480592 -0.0986947 -0.100328
0 -0.0479828 -0.098521 -0.100116
0 -0.0479235 -0.0983082 -0.0998659
0 -0.0478816 -0.0980585 -0.0995806
0 -0.0478569 -0.0977749 -0.0992622
0 -0.0478486 -0.097461 -0.0989131
0 -0.0478552 -0.0971207 -0.0985354
0 -0.0478747 -0.096758 -0.0981312
0 -0.0479035 -0.0963764 -0.0977017
0 -0.0479366 -0.095978 -0.0972472
0 -0.0479676 -0.095564 -0.0967667
0 -0.0479895 -0.0951344 -0.0962592
0 -0.0479956 -0.0946898 -0.0957244
0 -0.0479804 -0.0942307 -0.0951628
0 -0.0479397 -0.0937584 -0.0945763
0 -0.0478709 -0.0932751 -0.0939686
0 -0.0477725 -0.0927827 -0.0933438
0 -0.0476439 -0.0922833 -0.0927066
0 -0.0474846 -0.0917781 -0.0920614
0 -0.0472943 -0.0912675 -0.0914119
0 -0.0470725 -0.0907512 -0.0907608
0 -0.0468188 -0.0902278 -0.0901098
0 -0.0465331 -0.0896959 -0.0894602
0 -0.0462163 -0.0891539 -0.0888134
0 -0.0458699 -0.0886008 -0.0881705
0 -0.0454972 -0.0880364 -0.0875335
0 -0.0451022 -0.0874612 -0.0869043
0 -0.0446898 -0.0868762 -0.0862847
0 -0.0442643 -0.0862828 -0.085676
0 -0.0438306 -0.0856824 -0.0850788
0 -0.0433934 -0.0850767 -0.0844932
0 -0.0429574 -0.0844677 -0.0839188
0 -0.0425266 -0.0838578 -0.083355
0 -0.0421042 -0.0832494 -0.0828006
0 -0.0416944 -0.0826451 -0.0822546
0 -0.0413016 -0.0820474 -0.0817155
0 -0.0409294 -0.0814588 -0.0811821
0 -0.0405797 -0.080881 -0.0806523
0 -0.0402523 -0.0803145 -0.0801232
0 -0.0399467 -0.0797587 -0.0795913
0 -0.0396624 -0.0792128 -0.0790533
0 -0.039399 -0.0786766 -0.0785067
0 -0.0391562 -0.0781505 -0.0779505
0 -0.0389346 -0.0776358 -0.0773851
0 -0.0387349 -0.077134 -0.076812
0 -0.0385576 -0.0766465 -0.076233
0 -0.0384026 -0.0761742 -0.0756503
0 -0.0382693 -0.0757179 -0.0750669
0 -0.0381572 -0.0752782 -0.0744862
0 -0.038066 -0.074856 -0.073913
0 -0.0379956 -0.0744523 -0.0733524
0 -0.0379457 -0.0740685 -0.0728099
0 -0.0379149 -0.073705 -0.0722904
0 -0.0379006 -0.0733611 -0.0717971
0 -0.037899 -0.073035 -0.0713325
0 -0.037906 -0.0727252 -0.0708984
0 -0.0379181 -0.0724306 -0.0704967
0 -0.0379328 -0.0721513 -0.0701297
0 -0.0379496 -0.0718898 -0.069801
0 -0.037969 -0.0716496 -0.0695148
0 -0.0379921 -0.0714349 -0.0692745
0 -0.0380186 -0.0712485 -0.0690821
0 -0.0380477 -0.0710929 -0.068938
0 -0.0380785 -0.0709702 -0.0688418
0 -0.0381105 -0.0708826 -0.0687929
0 -0.0381426 -0.0708318 -0.0687899
0 -0.0381733 -0.0708181 -0.0688301
0 -0.0382004 -0.0708414 -0.0689102
0 -0.0382224 -0.0709008 -0.0690268
0 -0.0382383 -0.0709954 -0.0691768
0 -0.0382477 -0.0711244 -0.0693575
0 -0.0382511 -0.0712863 -0.0695668
0 -0.0382495 -0.0714796 -0.0698028
0 -0.0382447 -0.0717029 -0.0700643
0 -0.0382387 -0.0719539 -0.0703502
0 -0.0382339 -0.0722305 -0.0706597
0 -0.0382327 -0.07253 -0.0709917
0 -0.0382374 -0.0728496 -0.0713453
0 -0.0382503 -0.0731861 -0.0717195
0 -0.0382737 -0.0735367 -0.0721128
0 -0.0383094 -0.0738983 -0.072524
0 -0.0383592 -0.0742683 -0.0729515
0 -0.0384246 -0.0746441 -0.0733933
0 -0.0385067 -0.0750236 -0.0738474
0 -0.0386062 -0.0754048 -0.0743114
0 -0.0387233 -0.0757861 -0.0747826
0 -0.0388579 -0.0761664 -0.0752584
0 -0.03901 -0.0765454 -0.0757361
0 -0.0391797 -0.0769236 -0.076214
0 -0.0393674 -0.0773024 -0.0766906
0 -0.0395732 -0.0776836 -0.077165
0 -0.0397957 -0.0780677 -0.0776354
0 -0.0400328 -0.0784546 -0.0780992
0 -0.040281 -0.0788431 -0.0785534
0 -0.0405369 -0.0792318 -0.0789953
0 -0.0407968 -0.0796196 -0.0794227
0 -0.0410577 -0.0800051 -0.0798338
0 -0.0413162 -0.0803869 -0.0802271
0 -0.0415694 -0.080763 -0.0806015
0 -0.0418143 -0.0811319 -0.0809564
0 -0.0420488 -0.0814922 -0.0812923
0 -0.0422722 -0.0818441 -0.0816111
0 -0.0424851 -0.082188 -0.0819159
0 -0.0426879 -0.0825247 -0.0822099
0 -0.0428811 -0.0828547 -0.0824964
0 -0.0430656 -0.0831782 -0.0827785
0 -0.0432425 -0.0834955 -0.0830592
0 -0.0434127 -0.0838068 -0.0833413
0 -0.0435768 -0.0841122 -0.0836273
0 -0.0437353 -0.0844119 -0.0839193
0 -0.0438888 -0.0847063 -0.0842189
0 -0.0440381 -0.0849958 -0.0845273
0 -0.0441838 -0.0852813 -0.0848454
0 -0.0443264 -0.0855635 -0.0851733
0 -0.0444657 -0.0858427 -0.0855102
0 -0.0446006 -0.0861184 -0.0858542
0 -0.04473 -0.0863901 -0.086203
0 -0.0448525 -0.0866572 -0.0865536
0 -0.0449672 -0.0869192 -0.0869035
0 -0.0450733 -0.0871757 -0.0872499
0 -0.0451698 -0.0874263 -0.0875899
0 -0.0452562 -0.0876705 -0.0879204
0 -0.045332 -0.087908 -0.0882386
0 -0.0453971 -0.0881381 -0.0885418
0 -0.0454518 -0.0883607 -0.0888281
0 -0.0454966 -0.0885753 -0.0890957
0 -0.0455324 -0.0887815 -0.0893433
0 -0.04556 -0.0889786 -0.0895702
0 -0.0455807 -0.0891659 -0.089776
0 -0.0455961 -0.0893428 -0.0899611
0 -0.0456082 -0.0895093 -0.0901267
0 -0.0456196 -0.0896653 -0.0902747
0 -0.0456323 -0.0898109 -0.0904067
0 -0.045648 -0.0899455 -0.0905244
0 -0.0456673 -0.090068 -0.0906285
0 -0.0456902 -0.0901767 -0.0907195
0 -0.0457163 -0.0902703 -0.0907973
0 -0.0457453 -0.0903474 -0.090862
0 -0.0457764 -0.0904071 -0.0909136
0 -0.0458089 -0.0904486 -0.0909518
0 -0.0458418 -0.0904715 -0.0909762
0 -0.0458739 -0.0904754 -0.090986
0 -0.0459037 -0.0904602 -0.0909805
0 -0.0459299 -0.0904263 -0.0909587
0 -0.0459511 -0.0903739 -0.0909196
0 -0.045966 -0.0903039 -0.0908624
0 -0.0459736 -0.0902173 -0.0907868
0 -0.0459734 -0.0901158 -0.0906925
0 -0.0459647 -0.0900007 -0.0905797
0 -0.0459473 -0.0898734 -0.0904486
0 -0.0459204 -0.0897351 -0.0902993
0 -0.0458831 -0.0895861 -0.0901318
0 -0.045834 -0.0894261 -0.0899458
0 -0.0457716 -0.0892543 -0.0897405
0 -0.0456944 -0.0890696 -0.0895158
0 -0.0456018 -0.0888714 -0.089272
0 -0.0454941 -0.0886595 -0.0890102
0 -0.0453723 -0.0884345 -0.0887325
0 -0.0452381 -0.0881969 -0.0884409
0 -0.045093 -0.0879475 -0.0881379
0 -0.0449388 -0.0876867 -0.0878252
0 -0.0447772 -0.0874153 -0.0875049
0 -0.0446099 -0.0871339 -0.0871787
0 -0.0444386 -0.0868434 -0.0868483
0 -0.0442644 -0.086544 -0.0865143
0 -0.0440874 -0.0862354 -0.0861766
0 -0.0439069 -0.0859166 -0.085834
0 -0.0437223 -0.0855865 -0.0854853
0 -0.0435329 -0.0852445 -0.0851289
0 -0.0433382 -0.0848899 -0.0847634
0 -0.0431378 -0.0845225 -0.0843875
0 -0.0429312 -0.0841421 -0.0839999
0 -0.0427183 -0.0837491 -0.0835996
0 -0.0424994 -0.0833436 -0.0831858
0 -0.0422746 -0.0829261 -0.0827575
0 -0.0420435 -0.0824969 -0.082314
0 -0.0418067 -0.0820563 -0.0818546
0 -0.0415649 -0.0816045 -0.081379
0 -0.041319 -0.081142 -0.080887
0 -0.0410699 -0.0806694 -0.0803789
0 -0.0408182 -0.0801871 -0.079855
0 -0.0405647 -0.0796958 -0.0793158
0 -0.0403102 -0.0791958 -0.0787621
0 -0.0400558 -0.0786878 -0.0781947
0 -0.0398023 -0.0781724 -0.0776147
0 -0.039551 -0.0776508 -0.0770239
0 -0.0393036 -0.0771242 -0.0764244
0 -0.0390617 -0.0765945 -0.0758187
0 -0.0388266 -0.0760634 -0.0752093
0 -0.0385996 -0.0755324 -0.0745986
0 -0.0383818 -0.0750034 -0.0739891
0 -0.0381738 -0.0744781 -0.0733833
0 -0.0379766 -0.0739586 -0.0727838
0 -0.0377907 -0.0734466 -0.0721931
0 -0.0376165 -0.0729443 -0.0716135
0 -0.0374542 -0.0724536 -0.0710476
0 -0.0373039 -0.0719765 -0.0704976
0 -0.0371657 -0.071515 -0.0699658
0 -0.0370393 -0.0710711 -0.0694544
0 -0.0369245 -0.0706466 -0.0689656
0 -0.036821 -0.0702435 -0.0685014
0 -0.0367286 -0.0698637 -0.0680638
0 -0.0366468 -0.0695089 -0.0676546
0 -0.0365753 -0.0691809 -0.0672757
0 -0.0365136 -0.068881 -0.0669286
0 -0.0364611 -0.0686107 -0.0666147
0 -0.036417 -0.0683705 -0.0663347
0 -0.03638 -0.0681608 -0.0660891
0 -0.036349 -0.0679818 -0.0658783
0 -0.0363233 -0.0678335 -0.0657026
0 -0.036302 -0.067716 -0.065562
0 -0.0362845 -0.0676292 -0.0654569
0 -0.0362704 -0.0675728 -0.0653871
0 -0.0362598 -0.0675469 -0.0653531
0 -0.0362536 -0.0675519 -0.0653555
0 -0.036253 -0.0675888 -0.0653954
0 -0.0362598 -0.0676581 -0.0654737
0 -0.0362753 -0.0677603 -0.0655911
0 -0.0363007 -0.0678951 -0.0657474
0 -0.0363357 -0.0680608 -0.0659411
0 -0.0363792 -0.0682545 -0.0661693
0 -0.0364295 -0.0684731 -0.0664287
0 -0.0364852 -0.0687133 -0.0667159
0 -0.0365454 -0.0689721 -0.0670276
0 -0.0366093 -0.069247 -0.0673607
0 -0.0366773 -0.0695362 -0.067713
0 -0.0367508 -0.0698391 -0.0680831
0 -0.0368319 -0.070156 -0.0684703
0 -0.0369227 -0.0704869 -0.0688741
0 -0.0370249 -0.0708321 -0.0692935
0 -0.0371402 -0.0711913 -0.0697275
0 -0.0372699 -0.0715649 -0.0701752
0 -0.0374153 -0.0719528 -0.070636
0 -0.0375775 -0.0723553 -0.071109
0 -0.0377572 -0.0727725 -0.0715937
0 -0.0379548 -0.0732043 -0.0720895
0 -0.0381704 -0.0736509 -0.0725959
0 -0.0384039 -0.0741124 -0.0731126
0 -0.0386548 -0.0745886 -0.0736393
0 -0.0389222 -0.0750795 -0.0741758
0 -0.0392051 -0.0755845 -0.0747218
0 -0.039502 -0.0761032 -0.075277
0 -0.0398113 -0.0766347 -0.0758412
0 -0.0401314 -0.0771786 -0.0764144
0 -0.0404606 -0.0777341 -0.0769967
0 -0.0407976 -0.0783004 -0.0775882
0 -0.0411408 -0.0788769 -0.0781889
0 -0.0414885 -0.0794629 -0.0787992
0 -0.0418395 -0.0800575 -0.079419
0 -0.0421928 -0.0806601 -0.0800484
0 -0.0425468 -0.08127 -0.0806875
0 -0.0428992 -0.0818864 -0.0813361
0 -0.0432477 -0.0825084 -0.0819937
0 -0.0435904 -0.0831346 -0.0826593
0 -0.0439256 -0.0837631 -0.0833316
0 -0.0442512 -0.0843922 -0.084009
0 -0.0445648 -0.0850199 -0.0846899
0 -0.0448643 -0.0856444 -0.0853728
0 -0.0451478 -0.0862637 -0.0860557
0 -0.0454137 -0.0868756 -0.0867368
0 -0.045661 -0.0874774 -0.0874136
0 -0.0458882 -0.0880666 -0.0880833
0 -0.0460942 -0.0886404 -0.0887431
0 -0.0462781 -0.0891963 -0.0893899
0 -0.0464396 -0.0897318 -0.0900206
0 -0.0465789 -0.0902445 -0.0906318
0 -0.0466964 -0.0907327 -0.0912203
0 -0.0467931 -0.0911949 -0.0917833
0 -0.046871 -0.0916305 -0.0923185
0 -0.0469327 -0.0920392 -0.092824
0 -0.0469805 -0.0924209 -0.0932981
0 -0.047017 -0.0927752 -0.093739
0 -0.0470444 -0.0931018 -0.094145
0 -0.047065 -0.0934006 -0.0945148
0 -0.0470812 -0.0936715 -0.0948472
0 -0.0470949 -0.0939141 -0.0951416
0 -0.0471081 -0.0941286 -0.0953974
0 -0.0471227 -0.0943149 -0.0956146
0 -0.0471404 -0.0944735 -0.0957937
0 -0.0471629 -0.0946048 -0.0959354
0 -0.0471915 -0.0947094 -0.0960409
0 -0.0472271 -0.0947877 -0.0961113
0 -0.0472703 -0.0948404 -0.0961481
0 -0.0473213 -0.0948682 -0.0961529
0 -0.0473799 -0.0948719 -0.0961275
0 -0.0474455 -0.0948525 -0.0960736
0 -0.047517 -0.0948111 -0.0959931
0 -0.0475929 -0.0947487 -0.0958875
0 -0.0476712 -0.0946664 -0.0957586
0 -0.0477497 -0.0945654 -0.095608
0 -0.0478263 -0.0944471 -0.0954375
0 -0.0478986 -0.0943127 -0.0952489
0 -0.0479639 -0.0941635 -0.0950438
0 -0.0480196 -0.0940006 -0.0948235
0 -0.0480626 -0.0938247 -0.0945893
0 -0.0480903 -0.0936363 -0.0943423
0 -0.0481 -0.093436 -0.0940836
0 -0.0480897 -0.0932243 -0.0938142
0 -0.0480575 -0.0930016 -0.0935354
0 -0.048002 -0.0927683 -0.0932483
0 -0.0479222 -0.0925245 -0.0929537
0 -0.0478176 -0.0922704 -0.0926525
0 -0.0476881 -0.0920059 -0.0923457
0 -0.0475343 -0.0917312 -0.0920337
0 -0.0473569 -0.0914461 -0.0917171
0 -0.0471574 -0.0911505 -0.0913962
0 -0.0469372 -0.0908443 -0.0910712
0 -0.0466985 -0.0905275 -0.090742
0 -0.0464433 -0.0901998 -0.0904083
0 -0.046174 -0.089861 -0.0900696
0 -0.0458929 -0.0895107 -0.089725
0 -0.0456025 -0.0891489 -0.0893735
0 -0.0453052 -0.0887754 -0.089014
0 -0.0450035 -0.0883901 -0.0886453
0 -0.0446999 -0.0879934 -0.0882662
0 -0.0443966 -0.0875854 -0.0878754
0 -0.0440956 -0.0871666 -0.0874717
0 -0.0437987 -0.0867374 -0.087054
0 -0.0435076 -0.0862984 -0.0866213
0 -0.043224 -0.0858504 -0.0861728
0 -0.0429493 -0.0853945 -0.0857081
0 -0.0426847 -0.0849315 -0.0852272
0 -0.042431 -0.0844624 -0.08473
0 -0.0421887 -0.083988 -0.084217
0 -0.0419582 -0.0835092 -0.0836889
0 -0.0417393 -0.0830267 -0.0831467
0 -0.041532 -0.0825413 -0.0825917
0 -0.0413366 -0.0820537 -0.0820251
0 -0.0411533 -0.0815644 -0.0814486
0 -0.0409813 -0.081074 -0.080864
0 -0.0408197 -0.0805831 -0.0802732
0 -0.0406677 -0.080092 -0.0796781
0 -0.0405243 -0.0796013 -0.0790809
0 -0.0403881 -0.0791111 -0.0784836
0 -0.0402573 -0.078622 -0.0778882
0 -0.0401301 -0.0781341 -0.0772964
0 -0.0400046 -0.0776479 -0.07671
0 -0.0398787 -0.0771636 -0.0761303
0 -0.03975 -0.0766815 -0.0755585
0 -0.0396163 -0.0762018 -0.0749954
0 -0.0394755 -0.0757249 -0.0744416
0 -0.0393263 -0.0752513 -0.0738981
0 -0.0391678 -0.0747823 -0.0733662
0 -0.0390002 -0.0743194 -0.0728475
0 -0.0388241 -0.0738647 -0.0723438
0 -0.0386405 -0.0734199 -0.0718567
0 -0.0384505 -0.0729868 -0.0713874
0 -0.0382552 -0.0725667 -0.070937
0 -0.0380559 -0.0721611 -0.0705062
0 -0.0378534 -0.0717707 -0.0700952
0 -0.0376487 -0.0713959 -0.0697038
0 -0.0374426 -0.0710369 -0.0693316
0 -0.0372363 -0.0706939 -0.0689782
0 -0.0370311 -0.0703673 -0.0686434
0 -0.0368289 -0.0700578 -0.0683272
0 -0.0366321 -0.0697662 -0.0680302
0 -0.0364431 -0.0694938 -0.0677531
0 -0.0362644 -0.0692416 -0.0674966
0 -0.0360985 -0.0690106 -0.0672614
0 -0.0359475 -0.0688016 -0.0670481
0 -0.0358134 -0.0686155 -0.0668573
0 -0.035698 -0.068453 -0.0666896
0 -0.0356026 -0.0683144 -0.0665455
0 -0.0355279 -0.0681999 -0.0664249
0 -0.0354742 -0.0681093 -0.0663278
0 -0.0354417 -0.0680426 -0.066254
0 -0.0354303 -0.0679995 -0.0662035
0 -0.0354396 -0.0679802 -0.0661763
0 -0.0354692 -0.0679845 -0.0661727
0 -0.0355187 -0.0680128 -0.066193
0 -0.0355874 -0.0680655 -0.0662379
0 -0.0356751 -0.0681434 -0.0663082
0 -0.0357811 -0.0682472 -0.0664049
0 -0.0359045 -0.0683774 -0.0665288
0 -0.0360442 -0.0685345 -0.0666806
0 -0.0361988 -0.0687189 -0.0668609
0 -0.0363669 -0.0689306 -0.0670703
0 -0.0365468 -0.0691696 -0.067309
0 -0.0367368 -0.0694357 -0.0675774
0 -0.0369351 -0.0697284 -0.0678756
0 -0.0371401 -0.0700472 -0.0682036
0 -0.0373502 -0.0703916 -0.0685615
0 -0.0375642 -0.0707611 -0.0689493
0 -0.0377811 -0.071155 -0.0693671
0 -0.038 -0.0715726 -0.0698146
0 -0.03822 -0.0720131 -0.0702916
0 -0.0384407 -0.0724755 -0.0707975
0 -0.0386615 -0.0729587 -0.0713314
0 -0.0388821 -0.0734616 -0.0718924
0 -0.0391024 -0.0739827 -0.0724791
0 -0.0393223 -0.0745206 -0.0730901
0 -0.0395418 -0.0750739 -0.0737236
0 -0.0397612 -0.0756409 -0.0743776
0 -0.0399809 -0.07622 -0.0750502
0 -0.0402013 -0.0768096 -0.0757388
0 -0.0404228 -0.077408 -0.076441
0 -0.0406459 -0.0780133 -0.0771541
0 -0.0408712 -0.0786243 -0.0778752
0 -0.0410989 -0.0792396 -0.0786015
0 -0.0413293 -0.079858 -0.0793302
0 -0.0415631 -0.0804781 -0.0800586
0 -0.0418002 -0.0810988 -0.0807841
0 -0.0420403 -0.0817189 -0.0815041
0 -0.0422829 -0.082337 -0.0822166
0 -0.0425277 -0.082952 -0.0829193
0 -0.0427746 -0.0835621 -0.0836104
0 -0.0430239 -0.084166 -0.0842881
0 -0.0432755 -0.0847618 -0.084951
0 -0.0435289 -0.085348 -0.0855975
0 -0.0437832 -0.0859228 -0.0862265
0 -0.0440376 -0.0864847 -0.0868368
0 -0.0442915 -0.0870321 -0.0874275
0 -0.044544 -0.0875635 -0.0879976
0 -0.0447943 -0.0880776 -0.0885464
0 -0.0450415 -0.0885731 -0.0890733
0 -0.0452843 -0.0890488 -0.0895778
0 -0.0455214 -0.0895035 -0.0900592
0 -0.0457517 -0.0899362 -0.0905172
0 -0.0459738 -0.0903459 -0.0909513
0 -0.0461866 -0.090732 -0.0913611
0 -0.0463888 -0.0910938 -0.0917463
0 -0.0465792 -0.0914306 -0.0921063
0 -0.0467566 -0.0917421 -0.0924408
0 -0.0469201 -0.0920279 -0.0927494
0 -0.0470686 -0.0922877 -0.0930316
0 -0.0472014 -0.0925213 -0.0932871
0 -0.0473178 -0.0927287 -0.0935155
0 -0.0474171 -0.0929098 -0.0937164
0 -0.047499 -0.0930644 -0.0938895
0 -0.0475631 -0.0931927 -0.0940345
0 -0.0476093 -0.0932947 -0.0941512
0 -0.0476376 -0.0933703 -0.0942393
0 -0.0476483 -0.0934197 -0.0942987
0 -0.0476415 -0.0934428 -0.0943293
0 -0.0476179 -0.0934397 -0.0943312
0 -0.0475778 -0.0934105 -0.0943044
0 -0.0475222 -0.0933552 -0.0942489
0 -0.0474518 -0.0932739 -0.0941651
0 -0.0473675 -0.0931669 -0.0940531
0 -0.0472705 -0.0930341 -0.0939133
0 -0.0471616 -0.0928761 -0.0937459
0 -0.0470421 -0.092693 -0.0935514
0 -0.0469129 -0.0924853 -0.0933302
0 -0.0467751 -0.0922536 -0.0930827
0 -0.0466298 -0.0919984 -0.0928095
0 -0.0464778 -0.0917204 -0.0925112
0 -0.0463201 -0.0914205 -0.0921882
0 -0.0461575 -0.0910995 -0.0918412
0 -0.0459906 -0.0907583 -0.091471
0 -0.0458201 -0.0903981 -0.0910784
0 -0.0456464 -0.0900199 -0.0906641
0 -0.04547 -0.0896249 -0.0902291
0 -0.0452912 -0.0892142 -0.0897745
0 -0.0451103 -0.0887892 -0.0893014
0 -0.0449272 -0.0883511 -0.088811
0 -0.0447423 -0.0879011 -0.0883047
0 -0.0445554 -0.0874406 -0.0877839
0 -0.0443665 -0.0869707 -0.08725
0 -0.0441754 -0.0864928 -0.0867046
0 -0.043982 -0.0860081 -0.0861493
0 -0.0437862 -0.0855179 -0.0855857
0 -0.0435881 -0.0850235 -0.0850154
0 -0.0433878 -0.0845259 -0.08444
0 -0.0431854 -0.0840262 -0.0838611
0 -0.0429807 -0.0835254 -0.0832803
0 -0.0427735 -0.0830243 -0.0826994
0 -0.0425641 -0.0825239 -0.08212
0 -0.0423524 -0.0820247 -0.0815439
0 -0.0421388 -0.0815275 -0.0809726
0 -0.041924 -0.0810329 -0.080408
0 -0.0417086 -0.0805416 -0.0798515
0 -0.0414927 -0.0800545 -0.0793046
0 -0.0412766 -0.0795724 -0.0787684
0 -0.0410606 -0.0790963 -0.078244
0 -0.0408447 -0.0786271 -0.0777321
0 -0.0406297 -0.0781661 -0.0772335
0 -0.0404158 -0.0777142 -0.0767485
0 -0.0402038 -0.0772726 -0.0762777
0 -0.0399943 -0.0768426 -0.0758215
0 -0.0397878 -0.0764253 -0.0753799
0 -0.0395852 -0.0760217 -0.0749535
0 -0.0393877 -0.0756332 -0.0745425
