0 -0.0482943 -0.102258 -0.101704
0 -0.0480732 -0.101852 -0.101259
0 -0.0478382 -0.101434 -0.100802
0 -0.0475986 -0.101009 -0.10034
0 -0.0473596 -0.100579 -0.099877
0 -0.047126 -0.100148 -0.0994149
0 -0.0469036 -0.0997192 -0.0989581
0 -0.0466931 -0.0992952 -0.0985063
0 -0.0464929 -0.098875 -0.098057
0 -0.0463074 -0.0984645 -0.0976139
0 -0.0461427 -0.0980728 -0.0971845
0 -0.0459953 -0.0976999 -0.0967676
0 -0.0458563 -0.0973408 -0.0963583
0 -0.0457293 -0.097003 -0.095965
0 -0.0456285 -0.0967048 -0.0956083
0 -0.045562 -0.0964584 -0.0953032
0 -0.0455276 -0.096266 -0.0950558
0 -0.0455204 -0.096128 -0.0948699
0 -0.0455317 -0.0960403 -0.0947449
0 -0.0455401 -0.0959857 -0.0946657
0 -0.04553 -0.0959505 -0.0946204
0 -0.0455091 -0.095942 -0.0946167
0 -0.0454793 -0.0959598 -0.0946537
0 -0.0454237 -0.095982 -0.0947078
0 -0.0453385 -0.0959968 -0.0947648
0 -0.0452383 -0.0960097 -0.0948267
0 -0.0451431 -0.0960298 -0.0948989
0 -0.0450827 -0.0960777 -0.0949976
0 -0.0450895 -0.0961791 -0.0951442
0 -0.045174 -0.0963423 -0.0953428
0 -0.045326 -0.0965596 -0.0955827
0 -0.0455351 -0.0968266 -0.0958581
0 -0.0458029 -0.0971538 -0.0961799
0 -0.0461259 -0.0975483 -0.0965582
0 -0.0464735 -0.0979901 -0.0969781
0 -0.0468122 -0.0984543 -0.0974218
0 -0.0471263 -0.0989313 -0.0978872
0 -0.0473943 -0.0994022 -0.0983628
0 -0.0476023 -0.0998518 -0.0988388
0 -0.0477787 -0.100304 -0.0993423
0 -0.047951 -0.100782 -0.0998948
0 -0.0480904 -0.101249 -0.100457
0 -0.0481419 -0.101643 -0.100961
0 -0.0480864 -0.101933 -0.101365
0 -0.0479619 -0.10214 -0.101684
0 -0.0478287 -0.102306 -0.101953
0 -0.0477289 -0.102455 -0.10219
0 -0.0477056 -0.102617 -0.10242
0 -0.0478281 -0.102855 -0.102703
0 -0.0481517 -0.103228 -0.103095
0 -0.0486765 -0.103754 -0.10361
0 -0.0493472 -0.104401 -0.10422
0 -0.050049 -0.105088 -0.104847
0 -0.0506515 -0.105716 -0.105398
0 -0.0510924 -0.106245 -0.105848
0 -0.051383 -0.106697 -0.106233
0 -0.0515487 -0.107095 -0.106593
0 -0.0515953 -0.107433 -0.106937
0 -0.0515229 -0.107693 -0.107257
0 -0.0513607 -0.10788 -0.107557
0 -0.0511707 -0.108031 -0.10787
0 -0.0510039 -0.108175 -0.108209
0 -0.0508689 -0.108305 -0.108545
0 -0.0507524 -0.108397 -0.108829
0 -0.0506395 -0.10843 -0.109013
0 -0.0505071 -0.108377 -0.109049
0 -0.0503222 -0.108199 -0.108885
0 -0.0500661 -0.107869 -0.108497
0 -0.0497791 -0.107414 -0.107923
0 -0.0495676 -0.106933 -0.10728
0 -0.0495222 -0.106515 -0.10668
0 -0.0496524 -0.106185 -0.106164
0 -0.0498961 -0.10591 -0.105711
0 -0.0501513 -0.105625 -0.105266
0 -0.0503194 -0.10527 -0.104772
0 -0.0503442 -0.104823 -0.104208
0 -0.0502013 -0.104279 -0.103573
0 -0.0498664 -0.103623 -0.102853
0 -0.0493265 -0.102837 -0.102032
0 -0.0486111 -0.101933 -0.101118
0 -0.0477856 -0.100948 -0.100148
0 -0.0469235 -0.0999239 -0.099157
0 -0.0460766 -0.098882 -0.0981568
0 -0.0452724 -0.0978242 -0.0971379
0 -0.0445457 -0.0967634 -0.0961001
0 -0.0439322 -0.095721 -0.0950513
0 -0.043438 -0.0946984 -0.0939807
0 -0.0430584 -0.0936971 -0.09288
0 -0.0427983 -0.0927394 -0.0917669
0 -0.0426516 -0.0918431 -0.0906616
0 -0.0426061 -0.0910251 -0.0895915
0 -0.0426856 -0.0903426 -0.0886311
0 -0.0429337 -0.0898771 -0.0878831
0 -0.0433407 -0.0896606 -0.0874032
0 -0.0438185 -0.0896469 -0.087169
0 -0.0442446 -0.0897513 -0.0871164
0 -0.0445142 -0.0898965 -0.0871827
0 -0.0445594 -0.0900253 -0.0873186
0 -0.0443535 -0.0901009 -0.0874878
0 -0.0439374 -0.0901327 -0.0876929
0 -0.0434394 -0.0902021 -0.0880014
0 -0.0430346 -0.0904322 -0.0885163
0 -0.0428653 -0.0909183 -0.0893083
0 -0.0430113 -0.0917077 -0.0903974
0 -0.0434972 -0.0928114 -0.0917672
0 -0.0442598 -0.0941714 -0.0933365
0 -0.0451586 -0.0956626 -0.0949667
0 -0.0460674 -0.0971749 -0.0965473
0 -0.0469196 -0.0986508 -0.0980319
0 -0.0476742 -0.10005 -0.0994014
0 -0.0483079 -0.101344 -0.100653
0 -0.0488523 -0.102553 -0.101835
0 -0.0493694 -0.103727 -0.103024
0 -0.0498347 -0.104825 -0.104195
0 -0.0501246 -0.105713 -0.105221
0 -0.0501522 -0.106292 -0.105997
0 -0.049921 -0.106546 -0.106491
0 -0.0494828 -0.106499 -0.106704
0 -0.0489429 -0.10623 -0.106682
0 -0.0484837 -0.105898 -0.106552
0 -0.0482782 -0.105665 -0.106443
0 -0.0483689 -0.10558 -0.106381
0 -0.0487114 -0.105621 -0.106337
0 -0.0492922 -0.10581 -0.106339
0 -0.0500673 -0.106147 -0.106407
0 -0.0508229 -0.106468 -0.106411
0 -0.0512679 -0.106529 -0.106143
0 -0.0512609 -0.106209 -0.105525
0 -0.0508674 -0.105571 -0.104658
0 -0.0502491 -0.104753 -0.10371
0 -0.049572 -0.103893 -0.102835
0 -0.0489674 -0.103098 -0.102133
0 -0.0485043 -0.102429 -0.101638
0 -0.0481825 -0.101891 -0.101315
0 -0.0479481 -0.101443 -0.101076
0 -0.0477703 -0.101069 -0.100865
0 -0.0476929 -0.100826 -0.100708
0 -0.0477838 -0.100794 -0.100668
0 -0.0480685 -0.10101 -0.100783
0 -0.0485309 -0.101468 -0.101063
0 -0.0491301 -0.102137 -0.101509
0 -0.0497893 -0.102952 -0.102094
0 -0.0503977 -0.103806 -0.102757
0 -0.0508358 -0.104581 -0.103421
0 -0.0509987 -0.105163 -0.103999
0 -0.0508223 -0.105465 -0.104418
0 -0.0503376 -0.105483 -0.104666
0 -0.0497003 -0.105329 -0.104831
0 -0.0491298 -0.10518 -0.105051
0 -0.0487755 -0.105157 -0.1054
0 -0.0486135 -0.105225 -0.105791
0 -0.0485117 -0.105253 -0.106044
0 -0.0483825 -0.105156 -0.106041
0 -0.0482123 -0.10492 -0.105754
0 -0.0479952 -0.104531 -0.105185
0 -0.0477135 -0.10396 -0.104337
0 -0.0473594 -0.103188 -0.103235
0 -0.0469319 -0.102205 -0.101914
0 -0.0464225 -0.100998 -0.100397
0 -0.045853 -0.0995885 -0.0987325
0 -0.0453365 -0.0980995 -0.0970571
0 -0.0450416 -0.096733 -0.0955692
0 -0.0450659 -0.0956388 -0.0943989
0 -0.045356 -0.094835 -0.0935333
0 -0.0457623 -0.0942554 -0.0928729
0 -0.0461245 -0.0938148 -0.0923086
0 -0.0463001 -0.0934246 -0.0917454
0 -0.0461958 -0.0930159 -0.0911271
0 -0.0457994 -0.0925672 -0.090462
0 -0.0451936 -0.092121 -0.0898332
0 -0.0444993 -0.0917367 -0.0893426
0 -0.0437923 -0.0914184 -0.0890276
0 -0.0431247 -0.091149 -0.0888858
0 -0.042577 -0.0909533 -0.0889331
0 -0.0422195 -0.0908658 -0.0891718
0 -0.0420437 -0.0908642 -0.0895298
0 -0.0420088 -0.0909129 -0.0899127
0 -0.0421424 -0.0910583 -0.0903104
0 -0.042511 -0.091396 -0.0907763
0 -0.0431334 -0.0919798 -0.0913438
0 -0.0439597 -0.0927985 -0.0920057
0 -0.0448972 -0.093796 -0.0927355
0 -0.0458516 -0.094905 -0.0935178
0 -0.0467415 -0.0960567 -0.0943493
0 -0.047495 -0.0971791 -0.0952241
0 -0.0480493 -0.0981983 -0.0961233
0 -0.0483621 -0.0990536 -0.0970215
0 -0.0484402 -0.0997307 -0.0979113
0 -0.0483327 -0.100258 -0.0987994
0 -0.0481139 -0.100692 -0.099695
0 -0.0478834 -0.101114 -0.100617
0 -0.047774 -0.101638 -0.101617
0 -0.0479415 -0.102411 -0.10278
0 -0.0484844 -0.103529 -0.104159
0 -0.0493623 -0.10496 -0.105696
0 -0.0504404 -0.10658 -0.107276
0 -0.0516145 -0.108305 -0.108842
0 -0.0528349 -0.110099 -0.110412
0 -0.0540178 -0.11189 -0.111974
0 -0.0549916 -0.113511 -0.113423
0 -0.0555603 -0.114766 -0.114609
0 -0.0556287 -0.115536 -0.115446
0 -0.0552637 -0.115849 -0.11597
0 -0.0546189 -0.115812 -0.11627
0 -0.0538262 -0.115509 -0.116387
0 -0.0529769 -0.114991 -0.11631
0 -0.0521577 -0.114317 -0.116023
0 -0.0514864 -0.113583 -0.115559
0 -0.0511121 -0.112935 -0.115013
0 -0.0511753 -0.112527 -0.114515
0 -0.0517241 -0.112444 -0.114154
0 -0.0526244 -0.112608 -0.113885
0 -0.0535796 -0.112794 -0.113538
0 -0.0542855 -0.112761 -0.112945
0 -0.0545589 -0.112374 -0.112041
0 -0.0543282 -0.11158 -0.110837
0 -0.053566 -0.110344 -0.109345
0 -0.0522645 -0.108626 -0.107549
0 -0.0504595 -0.106406 -0.105427
0 -0.0483006 -0.103771 -0.103029
0 -0.0460936 -0.10096 -0.100536
0 -0.0442599 -0.0983454 -0.098247
0 -0.0431442 -0.0962724 -0.096428
0 -0.0428266 -0.0948656 -0.0951331
0 -0.043213 -0.094085 -0.0942707
0 -0.0441818 -0.0938996 -0.0937859
0 -0.0455918 -0.0942838 -0.093666
0 -0.0472258 -0.0951143 -0.0938418
0 -0.0487889 -0.0961681 -0.0941805
0 -0.0500092 -0.0972233 -0.0945709
0 -0.0507062 -0.098109 -0.094956
0 -0.0507599 -0.0986748 -0.0952834
0 -0.0500968 -0.0987874 -0.0954787
0 -0.0487456 -0.0983815 -0.0954844
0 -0.0468541 -0.0974911 -0.0952887
0 -0.0446377 -0.0962134 -0.0948949
0 -0.0423124 -0.0946535 -0.0942835
0 -0.0400926 -0.0929346 -0.0934398
0 -0.038218 -0.0912238 -0.092399
0 -0.0369082 -0.0896935 -0.0912273
0 -0.0363019 -0.0884666 -0.0899884
0 -0.0364386 -0.0876037 -0.0887355
0 -0.0372528 -0.0871008 -0.0875083
0 -0.0385782 -0.0868816 -0.086321
0 -0.0401807 -0.0868287 -0.0851712
0 -0.0418049 -0.0868163 -0.084062
0 -0.0432166 -0.0867223 -0.0830101
0 -0.044239 -0.086464 -0.0820481
0 -0.0447636 -0.0860058 -0.0812151
0 -0.0447751 -0.0853785 -0.0805687
0 -0.044377 -0.0847153 -0.0802117
0 -0.0437247 -0.0841802 -0.0802329
0 -0.0429301 -0.0838726 -0.0806274
0 -0.042054 -0.083816 -0.0813057
0 -0.0411592 -0.0840066 -0.0821664
0 -0.0403724 -0.0844831 -0.0831791
0 -0.039869 -0.0853221 -0.084385
0 -0.0397681 -0.0865454 -0.0858051
0 -0.0400913 -0.0880922 -0.0874051
0 -0.0408164 -0.089883 -0.0891492
0 -0.041922 -0.0918709 -0.0910413
0 -0.0433829 -0.0940399 -0.0931124
0 -0.0451237 -0.0963526 -0.0953609
0 -0.0470103 -0.0987204 -0.097721
0 -0.0488942 -0.101057 -0.100115
0 -0.0506431 -0.103313 -0.102489
0 -0.052151 -0.105445 -0.104789
0 -0.0533319 -0.107409 -0.106955
0 -0.0541326 -0.109176 -0.108946
0 -0.0545527 -0.110733 -0.110747
0 -0.0546322 -0.112084 -0.112355
0 -0.0544557 -0.113257 -0.113797
0 -0.0541642 -0.114322 -0.115139
0 -0.0539149 -0.115365 -0.116455
0 -0.0538204 -0.11644 -0.11779
0 -0.0539306 -0.117555 -0.119136
0 -0.0542188 -0.118661 -0.120429
0 -0.0545746 -0.119641 -0.121539
0 -0.0548473 -0.120345 -0.12231
0 -0.0549093 -0.120647 -0.122615
0 -0.054699 -0.120478 -0.122395
0 -0.0542095 -0.119819 -0.121639
0 -0.0534563 -0.118664 -0.12036
0 -0.0524667 -0.117023 -0.118575
0 -0.0512998 -0.114942 -0.116333
0 -0.0500632 -0.112522 -0.113734
0 -0.0488849 -0.109903 -0.110906
0 -0.047885 -0.107235 -0.107986
0 -0.0471572 -0.104662 -0.105104
0 -0.0467485 -0.102302 -0.102365
0 -0.0466552 -0.100232 -0.0998477
0 -0.0468266 -0.0984848 -0.097599
0 -0.0471668 -0.0970532 -0.0956339
0 -0.0475434 -0.095883 -0.0939333
0 -0.0478112 -0.0948844 -0.0924551
0 -0.0478287 -0.0939546 -0.0911421
0 -0.0474679 -0.0929806 -0.0899202
0 -0.0466436 -0.0918632 -0.0887167
0 -0.0453571 -0.0905641 -0.0874976
0 -0.0436988 -0.089103 -0.0862681
0 -0.0418091 -0.0875271 -0.0850414
0 -0.0398544 -0.0859007 -0.0838325
0 -0.0379949 -0.0842837 -0.0826434
0 -0.0363371 -0.0826989 -0.0814354
0 -0.0349445 -0.081153 -0.0801567
0 -0.0338816 -0.0796792 -0.078793
0 -0.0332177 -0.078341 -0.0773784
0 -0.0329974 -0.0772028 -0.0759702
0 -0.0332212 -0.0763105 -0.0746307
0 -0.0338899 -0.0757337 -0.0734697
0 -0.0350241 -0.0755832 -0.0726577
0 -0.0365685 -0.0759106 -0.0723191
0 -0.0382951 -0.0766012 -0.0724154
0 -0.0398637 -0.0774201 -0.072781
0 -0.0409766 -0.0781531 -0.0732544
0 -0.041422 -0.0786368 -0.0737004
0 -0.0410608 -0.0787325 -0.0739833
0 -0.039874 -0.0783634 -0.0740064
0 -0.0379848 -0.0775398 -0.0737392
0 -0.035605 -0.0763228 -0.0731851
0 -0.0329613 -0.0747717 -0.0723325
0 -0.0302464 -0.0729183 -0.0711361
0 -0.0276088 -0.0707775 -0.0695348
0 -0.0251624 -0.068369 -0.0674804
0 -0.0229833 -0.0657169 -0.0649456
0 -0.0211042 -0.0628415 -0.0619205
0 -0.0195065 -0.0597457 -0.058402
0 -0.0181373 -0.0564235 -0.0544074
0 -0.0170189 -0.0529583 -0.0500744
0 -0.0163149 -0.0495799 -0.0457151
0 -0.0162381 -0.0465678 -0.041712
0 -0.0169709 -0.0441797 -0.0384339
0 -0.0186688 -0.0426698 -0.0362363
0 -0.021442 -0.0422854 -0.0354394
0 -0.0252901 -0.0432059 -0.0362534
0 -0.0300589 -0.0454994 -0.0387293
0 -0.0354863 -0.049155 -0.0427971
0 -0.0412794 -0.0541238 -0.0483251
0 -0.0471417 -0.0603326 -0.0551485
0 -0.0528241 -0.0677009 -0.0631075
0 -0.0582101 -0.0761357 -0.0720751
0 -0.0632653 -0.085536 -0.0819742
0 -0.068002 -0.095812 -0.0927963
0 -0.0725665 -0.106898 -0.104581
0 -0.077177 -0.118757 -0.117374
0 -0.0819691 -0.131319 -0.131133
0 -0.0869625 -0.144434 -0.14568
0 -0.0921138 -0.15794 -0.16075
0 -0.0973503 -0.171731 -0.17606
0 -0.102567 -0.185709 -0.191333
0 -0.107551 -0.199692 -0.206236
0 -0.111999 -0.213385 -0.220383
0 -0.115627 -0.226455 -0.233443
0 -0.118201 -0.238622 -0.245204
0 -0.119653 -0.249757 -0.255628
0 -0.120053 -0.259812 -0.264793
0 -0.119394 -0.268669 -0.272754
0 -0.117627 -0.276151 -0.279525
0 -0.114808 -0.282145 -0.285136
0 -0.111181 -0.286711 -0.289709
0 -0.107109 -0.290011 -0.293389
0 -0.102994 -0.292261 -0.296326
0 -0.0994043 -0.293895 -0.298833
0 -0.0970554 -0.295548 -0.301387
0 -0.0964469 -0.297702 -0.3043
0 -0.0975117 -0.300332 -0.307409
0 -0.0997485 -0.30304 -0.310238
0 -0.102797 -0.305627 -0.31257
0 -0.106601 -0.308265 -0.314598
0 -0.110859 -0.310922 -0.31634
0 -0.114761 -0.313053 -0.317351
0 -0.11759 -0.314156 -0.317267
0 -0.119264 -0.314285 -0.316287
0 -0.120062 -0.313801 -0.314909
0 -0.12017 -0.312936 -0.313469
0 -0.119615 -0.311736 -0.312068
0 -0.118272 -0.310064 -0.31057
0 -0.115898 -0.30762 -0.308623
0 -0.112409 -0.304206 -0.305935
0 -0.108029 -0.299883 -0.302435
0 -0.103147 -0.294853 -0.298185
0 -0.0981363 -0.289309 -0.293238
0 -0.0932087 -0.283321 -0.287544
0 -0.0884248 -0.276854 -0.280989
0 -0.0838832 -0.269936 -0.273568
0 -0.0797239 -0.262667 -0.26541
0 -0.0760205 -0.255171 -0.256714
0 -0.0729175 -0.247701 -0.247829
0 -0.0706868 -0.240615 -0.239226
0 -0.0694681 -0.234138 -0.231263
0 -0.0689981 -0.228128 -0.223932
0 -0.0686906 -0.222084 -0.216866
0 -0.067961 -0.215482 -0.209623
0 -0.0664486 -0.208023 -0.201943
0 -0.0641434 -0.199728 -0.19382
0 -0.0613372 -0.190901 -0.18547
0 -0.05838 -0.181924 -0.177146
0 -0.0554594 -0.173028 -0.168919
0 -0.0526365 -0.164311 -0.160736
0 -0.0499302 -0.155822 -0.152526
0 -0.0472032 -0.14744 -0.144104
0 -0.0442909 -0.138992 -0.135298
0 -0.0412771 -0.130529 -0.12622
0 -0.0384222 -0.122266 -0.117194
0 -0.0359649 -0.114391 -0.108538
0 -0.0341154 -0.107071 -0.10054
0 -0.033105 -0.100501 -0.0934956
0 -0.0331625 -0.0949057 -0.08768
0 -0.0344679 -0.0905104 -0.0833235
0 -0.0370343 -0.0874435 -0.0805089
0 -0.0406173 -0.0856275 -0.0790783
0 -0.0448981 -0.0849551 -0.0788294
0 -0.0496949 -0.0854801 -0.0797296
0 -0.0548882 -0.0873028 -0.0818203
0 -0.0602677 -0.0904029 -0.0850555
0 -0.0654802 -0.0945969 -0.0892493
0 -0.0701057 -0.0995999 -0.0941332
0 -0.0738052 -0.105128 -0.0994801
0 -0.0764417 -0.110967 -0.10519
0 -0.0780713 -0.116971 -0.111275
0 -0.0788602 -0.123066 -0.11782
0 -0.0790426 -0.129212 -0.124889
0 -0.0788301 -0.135328 -0.132411
0 -0.0783383 -0.1413 -0.140171
0 -0.0775956 -0.146981 -0.14784
0 -0.0765341 -0.152159 -0.154975
0 -0.0750161 -0.156597 -0.161096
0 -0.0729262 -0.160099 -0.165786
0 -0.070254 -0.162541 -0.168787
0 -0.0671422 -0.163906 -0.170062
0 -0.063898 -0.164312 -0.16982
0 -0.0609577 -0.163984 -0.168464
0 -0.0587526 -0.163158 -0.16646
0 -0.0575903 -0.162004 -0.164207
0 -0.0576544 -0.160658 -0.162017
0 -0.0589837 -0.159263 -0.160111
0 -0.0614498 -0.157958 -0.158593
0 -0.0647963 -0.15688 -0.157469
0 -0.0686859 -0.156155 -0.156685
0 -0.0727414 -0.155874 -0.156164
0 -0.0765879 -0.156043 -0.155825
0 -0.0798679 -0.156566 -0.15558
0 -0.0822401 -0.157262 -0.155323
0 -0.0834391 -0.157916 -0.154978
0 -0.0833499 -0.158366 -0.15456
0 -0.0820484 -0.158551 -0.154193
0 -0.0797987 -0.158487 -0.154061
0 -0.0769572 -0.158232 -0.154315
0 -0.073884 -0.157861 -0.155023
0 -0.0709228 -0.157469 -0.156165
0 -0.0683757 -0.157175 -0.157654
0 -0.0664999 -0.157116 -0.159378
0 -0.0654992 -0.157442 -0.161224
0 -0.0654624 -0.158253 -0.163049
0 -0.0663066 -0.159503 -0.164657
0 -0.0678066 -0.161022 -0.165845
0 -0.0696636 -0.16257 -0.166458
0 -0.0715437 -0.163861 -0.166397
0 -0.07313 -0.164622 -0.165634
0 -0.0741937 -0.164654 -0.164227
0 -0.0746299 -0.16388 -0.162309
0 -0.0744408 -0.162337 -0.16006
0 -0.0737014 -0.160135 -0.157649
0 -0.0725477 -0.157453 -0.155223
0 -0.0711615 -0.154532 -0.152897
0 -0.0697222 -0.151613 -0.150738
0 -0.0683709 -0.148896 -0.148758
0 -0.0672052 -0.146539 -0.14694
0 -0.0662926 -0.144661 -0.145279
0 -0.0656987 -0.14335 -0.143809
0 -0.065498 -0.142674 -0.142621
0 -0.0657388 -0.142661 -0.141836
0 -0.06637 -0.143233 -0.141514
0 -0.0671888 -0.144154 -0.14158
0 -0.0679336 -0.145126 -0.141892
0 -0.0684203 -0.145935 -0.14236
0 -0.0685297 -0.146436 -0.142904
0 -0.0681159 -0.146459 -0.143347
0 -0.0670379 -0.145839 -0.143449
0 -0.0653022 -0.144542 -0.143053
0 -0.0630625 -0.142663 -0.142105
0 -0.0605176 -0.140322 -0.14058
0 -0.0578332 -0.137596 -0.138427
0 -0.0550799 -0.134466 -0.135538
0 -0.0522965 -0.130888 -0.131831
0 -0.0495749 -0.126883 -0.127339
0 -0.0470198 -0.122512 -0.122181
0 -0.0447304 -0.117868 -0.116535
0 -0.0428411 -0.113116 -0.110659
0 -0.0415073 -0.108467 -0.104869
0 -0.0408667 -0.104137 -0.0994829
0 -0.04101 -0.100318 -0.0947825
0 -0.0419555 -0.0971476 -0.0909729
0 -0.043661 -0.0947196 -0.0881873
0 -0.0460605 -0.0931306 -0.0865217
0 -0.0490626 -0.0924727 -0.0860311
0 -0.0524911 -0.0927675 -0.0866677
0 -0.0560562 -0.0939292 -0.0882582
0 -0.0594356 -0.0958163 -0.090575
0 -0.0623751 -0.0983175 -0.0934361
0 -0.064731 -0.101388 -0.0967531
0 -0.0664584 -0.105 -0.100503
0 -0.0675659 -0.109071 -0.104663
0 -0.0680887 -0.113449 -0.10919
0 -0.0681015 -0.117952 -0.114032
0 -0.0677112 -0.122397 -0.119108
0 -0.0670071 -0.126617 -0.124296
0 -0.0660693 -0.130476 -0.129421
0 -0.0649869 -0.133868 -0.134267
0 -0.0638192 -0.136699 -0.138594
0 -0.0626149 -0.13892 -0.142173
0 -0.0614636 -0.140555 -0.144842
0 -0.0604824 -0.141662 -0.146526
0 -0.0597623 -0.142285 -0.147212
0 -0.0593364 -0.142407 -0.146909
0 -0.0591879 -0.141961 -0.145658
0 -0.0592728 -0.140887 -0.14355
0 -0.0595455 -0.139168 -0.140723
0 -0.0599767 -0.136864 -0.137369
0 -0.0605512 -0.134118 -0.133706
0 -0.0612336 -0.131098 -0.129927
0 -0.0619278 -0.127929 -0.126147
0 -0.0624854 -0.124679 -0.122412
0 -0.0627562 -0.121391 -0.118724
0 -0.0626242 -0.118087 -0.115077
0 -0.0620228 -0.11479 -0.111477
0 -0.060941 -0.111534 -0.107951
0 -0.059416 -0.10835 -0.104535
0 -0.0575025 -0.105245 -0.101246
0 -0.0552432 -0.102181 -0.0980599
0 -0.0526784 -0.0990875 -0.0949187
0 -0.0498686 -0.0959058 -0.0917632
0 -0.0469048 -0.0926114 -0.0885582
0 -0.0438961 -0.0892118 -0.0852891
0 -0.0409468 -0.0857312 -0.0819481
0 -0.038141 -0.0821975 -0.0785266
0 -0.035547 -0.0786512 -0.0750265
0 -0.0332742 -0.0752007 -0.0715221
0 -0.0314955 -0.0720382 -0.0681847
0 -0.0303902 -0.0693732 -0.0652218
0 -0.03011 -0.0673931 -0.06284
0 -0.0307661 -0.0662623 -0.0612423
0 -0.0324203 -0.0661275 -0.0606258
0 -0.0350911 -0.0671236 -0.0611806
0 -0.0387217 -0.0693479 -0.0630565
0 -0.0431318 -0.0728068 -0.0663016
0 -0.0480244 -0.0774079 -0.0708481
0 -0.0530743 -0.0830163 -0.0765691
0 -0.0579807 -0.0894868 -0.0833192
0 -0.0625041 -0.0966674 -0.0909517
0 -0.0665297 -0.104409 -0.0993351
0 -0.0700476 -0.112566 -0.108345
0 -0.0730475 -0.121001 -0.117852
0 -0.0755234 -0.12958 -0.127715
0 -0.0775395 -0.138172 -0.13775
0 -0.0791309 -0.146634 -0.147728
0 -0.0802876 -0.154821 -0.157398
0 -0.0810389 -0.162664 -0.16654
0 -0.0814235 -0.170128 -0.174984
0 -0.0814425 -0.177157 -0.182593
0 -0.0810838 -0.183672 -0.189265
0 -0.0803609 -0.189567 -0.194953
0 -0.0792883 -0.194739 -0.199659
0 -0.0779009 -0.199103 -0.203408
0 -0.0762751 -0.202579 -0.206235
0 -0.0744717 -0.205082 -0.208191
0 -0.0725442 -0.206541 -0.209328
0 -0.0705921 -0.206939 -0.209699
0 -0.0687832 -0.20636 -0.20938
0 -0.067332 -0.204971 -0.20847
0 -0.0664122 -0.202975 -0.207057
0 -0.0661232 -0.200608 -0.205206
0 -0.066538 -0.198153 -0.203002
0 -0.0676913 -0.195914 -0.200579
0 -0.0695175 -0.194124 -0.198079
0 -0.0718099 -0.192858 -0.195593
0 -0.074253 -0.192048 -0.193177
0 -0.0765184 -0.191559 -0.190889
0 -0.0783471 -0.191237 -0.188826
0 -0.0795754 -0.190959 -0.187123
0 -0.0801369 -0.19067 -0.185934
0 -0.0800532 -0.190372 -0.185389
0 -0.0794132 -0.190124 -0.185569
0 -0.0783559 -0.190027 -0.186483
0 -0.0770637 -0.1902 -0.188087
0 -0.0757507 -0.190792 -0.190307
0 -0.0746428 -0.191947 -0.193056
0 -0.0739182 -0.193731 -0.196207
0 -0.0736142 -0.196061 -0.199531
0 -0.0736516 -0.198739 -0.202754
0 -0.0739376 -0.201556 -0.205673
0 -0.074377 -0.204303 -0.208155
0 -0.0748594 -0.20676 -0.210112
0 -0.0752735 -0.208716 -0.211488
0 -0.0755267 -0.209998 -0.212261
0 -0.0755599 -0.210491 -0.212429
0 -0.0753422 -0.21014 -0.211998
0 -0.0748659 -0.208949 -0.210969
0 -0.0741533 -0.206996 -0.209343
0 -0.073257 -0.204423 -0.207139
0 -0.0722375 -0.201401 -0.204383
0 -0.0711334 -0.198078 -0.201097
0 -0.069954 -0.194559 -0.197302
0 -0.0686866 -0.190897 -0.193033
0 -0.0673013 -0.187101 -0.188344
0 -0.0657548 -0.183138 -0.183299
0 -0.0640041 -0.178942 -0.177959
0 -0.0620039 -0.174424 -0.172373
0 -0.0596945 -0.169499 -0.166567
0 -0.0570342 -0.164095 -0.160548
0 -0.0540192 -0.158159 -0.154303
0 -0.0506546 -0.151678 -0.147793
0 -0.0469523 -0.144661 -0.140958
0 -0.0429456 -0.137146 -0.133732
0 -0.0387123 -0.129231 -0.126096
0 -0.0343882 -0.121073 -0.118103
0 -0.0301289 -0.112845 -0.109853
0 -0.0260667 -0.104691 -0.101461
0 -0.0223046 -0.0967196 -0.0930457
0 -0.0189207 -0.0890036 -0.0847337
0 -0.0159761 -0.0815922 -0.0766552
0 -0.013533 -0.0745331 -0.0689524
0 -0.0116696 -0.0678925 -0.06178
0 -0.0104733 -0.061753 -0.055287
0 -0.0100276 -0.0562055 -0.0495977
0 -0.0104016 -0.0513514 -0.0448074
0 -0.0116363 -0.0473064 -0.0409907
0 -0.0137482 -0.0442058 -0.0382154
0 -0.0167302 -0.0421931 -0.0365469
0 -0.0205011 -0.0413767 -0.0360187
0 -0.0248894 -0.0417999 -0.0366173
0 -0.0296934 -0.0434657 -0.0383182
0 -0.0347329 -0.0463754 -0.0411307
0 -0.0398634 -0.0505391 -0.045103
0 -0.0449515 -0.0559501 -0.0502806
0 -0.0498318 -0.06252 -0.0566474
0 -0.0543536 -0.0700644 -0.0641251
0 -0.0584457 -0.0783696 -0.072631
0 -0.0620595 -0.0872205 -0.0820756
0 -0.0651674 -0.0964027 -0.0923202
0 -0.0678195 -0.105735 -0.103178
0 -0.070091 -0.115109 -0.114433
0 -0.0720397 -0.124465 -0.125845
0 -0.0737192 -0.133757 -0.137147
0 -0.0751579 -0.142964 -0.148066
0 -0.0763426 -0.152059 -0.158361
0 -0.077259 -0.160992 -0.167874
0 -0.0779179 -0.16972 -0.176555
0 -0.0783741 -0.178181 -0.184458
0 -0.0786719 -0.186278 -0.191678
0 -0.0788141 -0.193914 -0.198311
0 -0.0788043 -0.200993 -0.204428
0 -0.0785961 -0.207374 -0.210059
0 -0.0781138 -0.2129 -0.215199
0 -0.0772896 -0.21744 -0.219805
0 -0.0760819 -0.220913 -0.223781
0 -0.0744931 -0.223286 -0.22697
0 -0.0725208 -0.224527 -0.22918
0 -0.0701728 -0.224613 -0.230214
0 -0.0674903 -0.223534 -0.229898
0 -0.064548 -0.2213 -0.228111
0 -0.0614714 -0.217945 -0.224808
0 -0.0583831 -0.213509 -0.220015
0 -0.0553491 -0.208034 -0.213799
0 -0.0524129 -0.201588 -0.206276
0 -0.0496069 -0.194283 -0.197625
0 -0.0469841 -0.18626 -0.188075
0 -0.0445466 -0.177674 -0.177879
0 -0.042222 -0.168695 -0.167298
0 -0.0400196 -0.159475 -0.156581
0 -0.0379809 -0.150139 -0.145964
0 -0.0361202 -0.140807 -0.135658
0 -0.0344774 -0.131601 -0.125833
0 -0.0331185 -0.122644 -0.116625
0 -0.0321115 -0.114068 -0.108134
0 -0.0315117 -0.106009 -0.100418
0 -0.0313673 -0.0985796 -0.0934819
0 -0.0316888 -0.0918657 -0.0872924
0 -0.0324534 -0.0859433 -0.0818073
0 -0.0336333 -0.0808735 -0.0769972
0 -0.0351816 -0.0767033 -0.0728532
0 -0.0370281 -0.0734586 -0.0693907
0 -0.039093 -0.0711442 -0.0666493
0 -0.0412884 -0.0697465 -0.0646859
0 -0.0435186 -0.0692361 -0.0635682
0 -0.0456945 -0.0695779 -0.0633659
0 -0.0477363 -0.0707368 -0.0641391
0 -0.0495601 -0.0726761 -0.0659184
0 -0.0510796 -0.0753325 -0.0686815
0 -0.0522276 -0.0786015 -0.0723459
0 -0.0529655 -0.0823496 -0.0767821
0 -0.0532832 -0.0864207 -0.0818193
0 -0.0532122 -0.0906517 -0.087256
0 -0.0528251 -0.0948937 -0.0928752
0 -0.0521944 -0.0990205 -0.098454
0 -0.051383 -0.102932 -0.103769
0 -0.0504756 -0.106534 -0.108613
0 -0.0495666 -0.109756 -0.112815
0 -0.0487456 -0.112574 -0.116265
0 -0.0481049 -0.11497 -0.118913
0 -0.0477274 -0.116931 -0.120768
0 -0.0476914 -0.118466 -0.121905
0 -0.0480802 -0.119603 -0.122466
0 -0.0489556 -0.120386 -0.122618
0 -0.0503159 -0.120854 -0.122507
0 -0.0520812 -0.121044 -0.122234
0 -0.0541059 -0.120995 -0.121846
0 -0.0561964 -0.120751 -0.121355
0 -0.0581438 -0.120353 -0.120745
0 -0.0597483 -0.119829 -0.119986
0 -0.0608351 -0.119193 -0.119053
0 -0.0612834 -0.118439 -0.117938
0 -0.0610432 -0.117561 -0.116666
0 -0.0601364 -0.11656 -0.115286
0 -0.0586534 -0.115435 -0.113871
0 -0.0567332 -0.114188 -0.112492
0 -0.054533 -0.112814 -0.111196
0 -0.0522135 -0.111303 -0.109992
0 -0.0499331 -0.109664 -0.10886
0 -0.0478352 -0.107925 -0.107764
0 -0.0460405 -0.106129 -0.106646
0 -0.0446239 -0.104324 -0.105431
0 -0.0436079 -0.102556 -0.104045
0 -0.0429988 -0.100873 -0.102441
0 -0.0427812 -0.0993108 -0.100608
0 -0.0429079 -0.0978935 -0.0985811
0 -0.043317 -0.0966256 -0.0964315
0 -0.0439323 -0.0954948 -0.0942581
0 -0.0446638 -0.094491 -0.09217
0 -0.0454157 -0.093594 -0.0902752
0 -0.0460868 -0.0927658 -0.088661
0 -0.0465716 -0.0919665 -0.0873736
0 -0.0467741 -0.0911567 -0.0864113
0 -0.0466196 -0.0903066 -0.0857306
0 -0.0460715 -0.0894128 -0.0852628
0 -0.0451391 -0.0884911 -0.0849277
0 -0.0438762 -0.087572 -0.0846467
0 -0.0423777 -0.0866903 -0.0843545
0 -0.0407678 -0.0858725 -0.0840064
0 -0.0391842 -0.0851378 -0.0835824
0 -0.0377654 -0.0844988 -0.0830871
0 -0.0366355 -0.083963 -0.0825459
0 -0.0358859 -0.0835299 -0.0819915
0 -0.0355552 -0.0831795 -0.0814446
0 -0.0356219 -0.0828723 -0.0809028
0 -0.0360212 -0.0825681 -0.0803518
0 -0.0366683 -0.0822478 -0.0797838
0 -0.037474 -0.081919 -0.0792056
0 -0.0383565 -0.081613 -0.0786437
0 -0.0392522 -0.0813805 -0.0781463
0 -0.04012 -0.0812844 -0.0777808
0 -0.0409433 -0.0813947 -0.0776306
0 -0.0417298 -0.0817846 -0.077791
0 -0.0424942 -0.0825141 -0.0783496
0 -0.0432385 -0.0836092 -0.0793616
0 -0.0439515 -0.085061 -0.0808457
0 -0.0446177 -0.0868339 -0.082787
0 -0.0452245 -0.0888755 -0.0851436
0 -0.0457656 -0.0911244 -0.0878502
0 -0.0462479 -0.0935217 -0.0908278
0 -0.0467001 -0.0960238 -0.0939997
0 -0.047173 -0.0986082 -0.0973004
0 -0.0477319 -0.101277 -0.10068
0 -0.0484507 -0.104054 -0.104108
0 -0.0494094 -0.106974 -0.107573
0 -0.0506679 -0.110074 -0.111078
0 -0.0522514 -0.11337 -0.11463
0 -0.0541637 -0.116866 -0.11824
0 -0.0563698 -0.12054 -0.121912
0 -0.0587765 -0.12433 -0.125627
0 -0.0612385 -0.12812 -0.129319
0 -0.063588 -0.13177 -0.132901
0 -0.0656737 -0.135155 -0.136287
0 -0.0673792 -0.138175 -0.139405
0 -0.0686291 -0.140761 -0.142192
0 -0.0693943 -0.142885 -0.144608
0 -0.0696913 -0.144557 -0.14663
0 -0.0695731 -0.145812 -0.148255
0 -0.069117 -0.146702 -0.149489
0 -0.0684117 -0.147273 -0.150339
0 -0.0675444 -0.147558 -0.150811
0 -0.0665888 -0.147569 -0.150905
0 -0.0656019 -0.147297 -0.150619
0 -0.0646293 -0.146723 -0.149949
0 -0.0637119 -0.145828 -0.148905
0 -0.0628775 -0.144593 -0.147497
0 -0.0621239 -0.142999 -0.145724
0 -0.0614183 -0.14103 -0.14357
0 -0.0607154 -0.138688 -0.14102
0 -0.0599762 -0.136005 -0.138081
0 -0.0591823 -0.133043 -0.134789
0 -0.0583427 -0.129896 -0.131221
0 -0.0574844 -0.126669 -0.12748
0 -0.0566317 -0.12346 -0.123677
0 -0.0558036 -0.120344 -0.119918
0 -0.0550188 -0.117381 -0.116306
0 -0.0542978 -0.114624 -0.112941
0 -0.0536457 -0.112108 -0.109901
0 -0.0530345 -0.109836 -0.107229
0 -0.0524118 -0.107779 -0.10492
0 -0.0517165 -0.105893 -0.102933
0 -0.0509051 -0.104148 -0.10122
0 -0.0499677 -0.102537 -0.0997415
0 -0.0489217 -0.10107 -0.0984611
0 -0.0477997 -0.0997543 -0.097345
0 -0.0466369 -0.0985935 -0.0963578
0 -0.0454637 -0.0975691 -0.0954568
0 -0.0443006 -0.0966409 -0.0945926
0 -0.0431615 -0.0957568 -0.093718
0 -0.0420659 -0.0948672 -0.0927989
0 -0.0410456 -0.0939428 -0.0918244
0 -0.040151 -0.092987 -0.0908136
0 -0.0394423 -0.0920305 -0.089806
0 -0.0389699 -0.091117 -0.0888443
0 -0.0387688 -0.0902979 -0.08797
0 -0.0388547 -0.0896285 -0.0872217
0 -0.0392142 -0.0891558 -0.086629
0 -0.0398037 -0.0889102 -0.0862102
0 -0.0405565 -0.088905 -0.0859773
0 -0.0413959 -0.0891393 -0.0859424
0 -0.0422475 -0.0896031 -0.0861228
0 -0.0430458 -0.0902786 -0.0865378
0 -0.0437295 -0.0911321 -0.0871964
0 -0.0442407 -0.09211 -0.0880865
0 -0.0445338 -0.0931477 -0.0891757
0 -0.0445886 -0.0941835 -0.09042
0 -0.0444178 -0.0951708 -0.0917702
0 -0.0440662 -0.0960827 -0.0931761
0 -0.0436077 -0.0969156 -0.094591
0 -0.0431376 -0.0976889 -0.0959793
0 -0.0427595 -0.0984391 -0.0973172
0 -0.0425642 -0.0992054 -0.098586
0 -0.0426118 -0.100012 -0.0997651
0 -0.0429166 -0.100855 -0.100822
0 -0.0434484 -0.101706 -0.101716
0 -0.0441541 -0.102531 -0.102419
0 -0.0449744 -0.103298 -0.10293
0 -0.0458512 -0.103987 -0.103269
0 -0.0467316 -0.104586 -0.103476
0 -0.0475706 -0.105095 -0.103607
0 -0.0483353 -0.105523 -0.103719
0 -0.0490045 -0.105889 -0.10387
0 -0.0495639 -0.106218 -0.104107
0 -0.0500043 -0.106538 -0.104457
0 -0.0503225 -0.106874 -0.104931
0 -0.0505239 -0.107252 -0.105526
0 -0.0506258 -0.107699 -0.106234
0 -0.050655 -0.108235 -0.107043
0 -0.0506426 -0.108874 -0.107938
0 -0.0506246 -0.109621 -0.108907
0 -0.0506425 -0.11048 -0.109945
0 -0.0507415 -0.111455 -0.111059
0 -0.0509651 -0.112547 -0.112261
0 -0.0513451 -0.113754 -0.113561
0 -0.0519002 -0.115065 -0.114967
0 -0.0526353 -0.116472 -0.116479
0 -0.0535352 -0.117964 -0.118093
0 -0.0545682 -0.119529 -0.119794
0 -0.0556847 -0.121149 -0.121556
0 -0.0568106 -0.122786 -0.123329
0 -0.0578581 -0.124389 -0.12505
0 -0.0587479 -0.125904 -0.126663
0 -0.0594239 -0.127285 -0.128124
0 -0.0598545 -0.128493 -0.129404
0 -0.0600361 -0.1295 -0.130487
0 -0.0599993 -0.130299 -0.131381
0 -0.0598015 -0.130902 -0.132107
0 -0.0595135 -0.131333 -0.132692
0 -0.0592079 -0.131621 -0.133157
0 -0.0589547 -0.131804 -0.133525
0 -0.0588154 -0.131922 -0.133813
0 -0.0588288 -0.132011 -0.134033
0 -0.0589981 -0.132085 -0.134177
0 -0.0592901 -0.132136 -0.13422
0 -0.059651 -0.132148 -0.134138
0 -0.0600231 -0.132101 -0.133917
0 -0.0603509 -0.131979 -0.133559
0 -0.0605845 -0.131763 -0.133074
0 -0.0606774 -0.131431 -0.132473
0 -0.0605868 -0.130953 -0.131761
0 -0.0602768 -0.130297 -0.130934
0 -0.0597222 -0.129428 -0.129977
0 -0.0589106 -0.128318 -0.128863
0 -0.0578409 -0.126939 -0.127552
0 -0.0565181 -0.125263 -0.125992
0 -0.0549539 -0.12326 -0.124119
0 -0.0531703 -0.120909 -0.121874
0 -0.0511989 -0.118199 -0.119206
0 -0.0490818 -0.115125 -0.116085
0 -0.0468782 -0.111693 -0.112495
0 -0.0446458 -0.107917 -0.108442
0 -0.0424173 -0.103823 -0.103955
0 -0.0402352 -0.0994542 -0.0990941
0 -0.038165 -0.0948713 -0.0939411
0 -0.0362559 -0.0901514 -0.0885895
0 -0.0345423 -0.0853736 -0.0831414
0 -0.0330616 -0.0806192 -0.0777123
0 -0.0318431 -0.075973 -0.072423
0 -0.0309016 -0.0715083 -0.0673853
0 -0.0302439 -0.0672872 -0.0626959
0 -0.029875 -0.0633704 -0.0584357
0 -0.0297917 -0.0598117 -0.0546645
0 -0.0299798 -0.0566564 -0.0514179
0 -0.0304136 -0.0539432 -0.0487095
0 -0.0310566 -0.0517044 -0.0465391
0 -0.0318714 -0.0499742 -0.0449033
0 -0.0328253 -0.0487895 -0.0438049
0 -0.0338865 -0.0481866 -0.0432534
0 -0.0350197 -0.0481942 -0.0432617
0 -0.0361807 -0.0488247 -0.0438396
0 -0.0373137 -0.0500704 -0.0449895
0 -0.0383611 -0.0518973 -0.046708
0 -0.0392836 -0.0542446 -0.0489898
0 -0.0400709 -0.057029 -0.0518235
0 -0.0407316 -0.0601495 -0.0551807
0 -0.0412927 -0.0635033 -0.0590095
0 -0.0418005 -0.0670022 -0.0632359
0 -0.0423142 -0.0705833 -0.0677668
0 -0.0428982 -0.0742118 -0.0724959
0 -0.0436164 -0.0778801 -0.077313
0 -0.0445282 -0.0816018 -0.0821108
0 -0.0456819 -0.0853951 -0.0867944
0 -0.0470944 -0.0892673 -0.0912889
0 -0.0487589 -0.093214 -0.0955479
0 -0.0506581 -0.0972146 -0.0995594
0 -0.0527501 -0.101228 -0.10334
0 -0.0549787 -0.1052 -0.106928
0 -0.0572804 -0.109067 -0.110372
0 -0.0595799 -0.112764 -0.113716
0 -0.0617949 -0.116224 -0.116982
0 -0.0638374 -0.119386 -0.120159
0 -0.0656266 -0.122203 -0.123209
0 -0.0670974 -0.124652 -0.12607
0 -0.0682019 -0.126727 -0.128669
0 -0.0689068 -0.128431 -0.130922
0 -0.0691907 -0.12977 -0.132746
0 -0.0690457 -0.130746 -0.134071
0 -0.0684797 -0.131351 -0.134847
0 -0.0675198 -0.131563 -0.135043
0 -0.0662103 -0.131343 -0.134651
0 -0.064605 -0.130644 -0.133676
0 -0.062765 -0.129408 -0.13213
0 -0.0607578 -0.12758 -0.130028
0 -0.0586559 -0.125124 -0.127384
0 -0.056531 -0.122033 -0.124211
0 -0.0544493 -0.118346 -0.120525
0 -0.0524714 -0.114151 -0.116344
0 -0.0506457 -0.109573 -0.111705
0 -0.0490088 -0.104754 -0.106656
0 -0.0475974 -0.099834 -0.101268
0 -0.0464052 -0.0949331 -0.0956334
0 -0.0453733 -0.0901354 -0.0898585
0 -0.0444674 -0.0854856 -0.0840639
0 -0.0436597 -0.0810073 -0.0783767
0 -0.0429042 -0.0767055 -0.0729301
0 -0.0421765 -0.0725785 -0.0678519
0 -0.041465 -0.0686345 -0.0632473
0 -0.0407586 -0.0648884 -0.0591862
0 -0.0400571 -0.0613712 -0.055698
0 -0.0393732 -0.058134 -0.0527757
0 -0.0387261 -0.0552446 -0.0503867
0 -0.0381414 -0.0527803 -0.0484827
0 -0.0376439 -0.0508076 -0.0470067
0 -0.0372478 -0.0493728 -0.0459059
0 -0.0369642 -0.0485027 -0.0451474
0 -0.0368066 -0.0482061 -0.0447278
0 -0.0367894 -0.0484719 -0.0446733
0 -0.0369311 -0.0492651 -0.0450321
0 -0.0372491 -0.0505244 -0.0458574
0 -0.0377474 -0.0521677 -0.0471895
0 -0.0384162 -0.0541081 -0.0490447
0 -0.0392407 -0.0562729 -0.0514094
0 -0.040204 -0.0586143 -0.0542395
0 -0.0412882 -0.0611124 -0.0574645
0 -0.0424715 -0.0637642 -0.0609894
0 -0.043722 -0.0665681 -0.0646999
0 -0.0450015 -0.0695145 -0.0684774
0 -0.0462764 -0.0725828 -0.0722165
0 -0.047524 -0.0757416 -0.0758377
0 -0.0487332 -0.0789468 -0.0792884
0 -0.0499008 -0.0821457 -0.0825417
0 -0.0510233 -0.0852878 -0.0856028
0 -0.0521128 -0.0883344 -0.0885126
0 -0.0532143 -0.0912743 -0.0913412
0 -0.0543852 -0.0941251 -0.094172
0 -0.0556734 -0.0969157 -0.0970774
0 -0.0571036 -0.0996759 -0.100097
0 -0.0586742 -0.102434 -0.103235
0 -0.0603585 -0.105209 -0.106461
0 -0.0620992 -0.108005 -0.109713
0 -0.0638105 -0.110795 -0.112897
0 -0.0653823 -0.113515 -0.115902
0 -0.0666994 -0.116083 -0.118617
0 -0.0676695 -0.11841 -0.120955
0 -0.068236 -0.120423 -0.122873
0 -0.0683824 -0.12207 -0.124367
0 -0.0681294 -0.123316 -0.12546
0 -0.0675309 -0.124151 -0.126194
0 -0.066668 -0.124578 -0.126616
0 -0.0656319 -0.124616 -0.126758
0 -0.064507 -0.124282 -0.126632
0 -0.0633614 -0.123588 -0.126217
0 -0.0622444 -0.122542 -0.125473
0 -0.0611881 -0.121151 -0.124348
0 -0.0602077 -0.119427 -0.122791
0 -0.0593022 -0.117393 -0.120767
0 -0.0584569 -0.115073 -0.118258
0 -0.0576464 -0.112492 -0.115276
0 -0.0568402 -0.109677 -0.111861
0 -0.0560076 -0.10665 -0.108084
0 -0.0551173 -0.103431 -0.10403
0 -0.0541404 -0.100042 -0.099793
0 -0.0530577 -0.0965081 -0.095463
0 -0.0518652 -0.0928481 -0.0911216
0 -0.0505521 -0.0890847 -0.0868315
0 -0.049092 -0.0852407 -0.0826309
0 -0.0474782 -0.0813366 -0.078533
0 -0.0457216 -0.0774005 -0.0745332
0 -0.0438417 -0.0734683 -0.0706215
0 -0.0418827 -0.069588 -0.066793
0 -0.0399058 -0.065817 -0.0630531
0 -0.0379751 -0.0622103 -0.0594172
0 -0.0361521 -0.0588139 -0.0559076
0 -0.0344908 -0.0556617 -0.0525542
0 -0.0330364 -0.0527769 -0.0493964
0 -0.0318245 -0.0501747 -0.0464793
0 -0.0308775 -0.0478592 -0.0438456
0 -0.0302005 -0.0458245 -0.0415272
0 -0.0297843 -0.0440589 -0.0395433
0 -0.0296133 -0.0425532 -0.037903
0 -0.0296698 -0.0413076 -0.0366099
0 -0.029936 -0.0403339 -0.0356651
0 -0.0303924 -0.0396533 -0.0350677
0 -0.0310153 -0.0392916 -0.0348145
0 -0.0317743 -0.0392737 -0.0348995
0 -0.0326322 -0.039619 -0.0353157
0 -0.0335449 -0.0403364 -0.0360551
0 -0.0344653 -0.0414236 -0.0371126
0 -0.0353523 -0.0428657 -0.0384896
0 -0.0361805 -0.0446343 -0.0401944
0 -0.0369461 -0.0466907 -0.04224
0 -0.037663 -0.0489905 -0.0446362
0 -0.0383576 -0.0514892 -0.0473823
0 -0.0390638 -0.0541462 -0.0504594
0 -0.0398159 -0.0569287 -0.053827
0 -0.0406435 -0.0598128 -0.0574241
0 -0.0415683 -0.0627815 -0.0611747
0 -0.042606 -0.0658257 -0.0649994
0 -0.0437711 -0.0689474 -0.0688281
0 -0.0450795 -0.0721535 -0.072606
0 -0.0465463 -0.0754491 -0.0762941
0 -0.0481619 -0.0788248 -0.0798689
0 -0.0498862 -0.0822453 -0.0833164
0 -0.0516706 -0.0856564 -0.0866291
0 -0.053457 -0.0889945 -0.0898084
0 -0.0551862 -0.0921958 -0.092862
0 -0.0568082 -0.0952078 -0.0957984
0 -0.0582828 -0.0979924 -0.0986221
0 -0.059581 -0.100527 -0.101328
0 -0.0606792 -0.102803 -0.103894
0 -0.06156 -0.104817 -0.106284
0 -0.0622151 -0.106578 -0.108452
0 -0.0626464 -0.1081 -0.110358
0 -0.0628665 -0.109398 -0.111966
0 -0.0628955 -0.110486 -0.113253
0 -0.0627614 -0.111373 -0.114216
0 -0.0624982 -0.11206 -0.114863
0 -0.0621389 -0.112535 -0.115213
0 -0.0617103 -0.112778 -0.115284
0 -0.0612357 -0.112761 -0.115095
0 -0.0607372 -0.112463 -0.114665
0 -0.060234 -0.111868 -0.114003
0 -0.0597394 -0.110975 -0.113113
0 -0.0592574 -0.109796 -0.111989
0 -0.058781 -0.108358 -0.110614
0 -0.0582935 -0.106696 -0.108973
0 -0.0577757 -0.104854 -0.107058
0 -0.0572139 -0.102878 -0.104881
0 -0.0566021 -0.100813 -0.102477
0 -0.0559382 -0.0986971 -0.0998981
0 -0.0552189 -0.0965535 -0.0972084
0 -0.0544409 -0.0943929 -0.0944729
0 -0.0536031 -0.0922231 -0.0917534
0 -0.0527095 -0.0900484 -0.0891038
0 -0.0517706 -0.087872 -0.0865694
0 -0.0508009 -0.0857073 -0.0841838
0 -0.0498178 -0.0835735 -0.0819639
0 -0.0488338 -0.0814933 -0.079909
0 -0.0478509 -0.0794931 -0.0780038
0 -0.0468794 -0.0776007 -0.0762266
0 -0.0459413 -0.0758465 -0.0745589
0 -0.0450592 -0.0742582 -0.0729911
0 -0.0442571 -0.0728533 -0.0715207
0 -0.0435546 -0.0716359 -0.070151
0 -0.0429627 -0.0705987 -0.068892
0 -0.0424871 -0.069726 -0.0677585
0 -0.0421275 -0.0689965 -0.0667668
0 -0.0418745 -0.0683853 -0.0659292
0 -0.0417125 -0.0678678 -0.0652516
0 -0.0416216 -0.0674234 -0.0647301
0 -0.0415775 -0.067036 -0.0643501
0 -0.0415534 -0.0666938 -0.0640857
0 -0.0415244 -0.0663903 -0.063905
0 -0.0414743 -0.0661281 -0.0637794
0 -0.0414021 -0.0659217 -0.0636923
0 -0.04132 -0.0657923 -0.0636412
0 -0.0412488 -0.0657628 -0.0636356
0 -0.041218 -0.065856 -0.0636989
0 -0.0412611 -0.0660913 -0.0638641
0 -0.0414068 -0.0664803 -0.0641654
0 -0.0416702 -0.0670228 -0.0646301
0 -0.0420478 -0.0677054 -0.0652695
0 -0.0425142 -0.0685 -0.0660741
0 -0.043025 -0.0693663 -0.0670118
0 -0.0435301 -0.0702631 -0.0680393
0 -0.0439896 -0.0711595 -0.0691144
0 -0.0443825 -0.072041 -0.0702056
0 -0.0447119 -0.0729117 -0.0712977
0 -0.0450043 -0.0737923 -0.0723934
0 -0.045301 -0.0747135 -0.0735089
0 -0.0456472 -0.075707 -0.0746664
0 -0.0460794 -0.0767951 -0.0758855
0 -0.0466163 -0.0779845 -0.0771758
0 -0.0472553 -0.0792654 -0.078534
0 -0.0479771 -0.0806158 -0.0799462
0 -0.0487547 -0.0820092 -0.0813954
0 -0.049559 -0.0834194 -0.0828638
0 -0.050355 -0.0848199 -0.0843331
0 -0.0511094 -0.0861859 -0.0857847
0 -0.0517961 -0.0874955 -0.0872014
0 -0.0523905 -0.0887271 -0.0885638
0 -0.0528774 -0.0898639 -0.089854
0 -0.0532567 -0.090899 -0.0910606
0 -0.0535369 -0.0918305 -0.0921737
0 -0.0537285 -0.0926551 -0.0931787
0 -0.0538392 -0.0933651 -0.0940554
0 -0.0538764 -0.0939503 -0.094782
0 -0.0538462 -0.0943973 -0.0953373
0 -0.0537514 -0.0946886 -0.0956999
0 -0.0535946 -0.094806 -0.0958522
0 -0.0533828 -0.094737 -0.0957853
0 -0.0531294 -0.0944782 -0.0955015
0 -0.0528518 -0.0940355 -0.0950119
0 -0.0525651 -0.0934204 -0.0943315
0 -0.0522781 -0.0926484 -0.0934752
0 -0.0519908 -0.0917355 -0.0924562
0 -0.0516931 -0.0906952 -0.0912839
0 -0.0513683 -0.0895395 -0.0899666
0 -0.0509995 -0.0882818 -0.0885161
0 -0.0505744 -0.0869392 -0.0869509
0 -0.0500873 -0.0855304 -0.0852943
0 -0.0495378 -0.0840718 -0.0835733
0 -0.0489362 -0.0825824 -0.0818218
0 -0.0483004 -0.0810834 -0.0800776
0 -0.0476422 -0.0795933 -0.078374
0 -0.0469726 -0.0781284 -0.0767367
0 -0.0463066 -0.0767078 -0.0751861
0 -0.0456643 -0.0753566 -0.0737433
0 -0.0450747 -0.0741085 -0.0724326
0 -0.0445679 -0.0729988 -0.0712775
0 -0.0441661 -0.0720566 -0.0702944
0 -0.0438806 -0.0713008 -0.0694915
0 -0.0437082 -0.0707373 -0.0688677
0 -0.0436295 -0.0703547 -0.0684105
0 -0.0436168 -0.0701322 -0.068103
0 -0.0436446 -0.0700478 -0.067932
0 -0.0436911 -0.0700797 -0.0678877
0 -0.0437407 -0.0702083 -0.0679641
0 -0.0437894 -0.0704209 -0.0681608
0 -0.0438434 -0.0707119 -0.0684814
0 -0.0439165 -0.0710824 -0.0689301
0 -0.044026 -0.0715374 -0.0695084
0 -0.0441884 -0.0720833 -0.0702135
0 -0.0444214 -0.072731 -0.0710423
0 -0.044743 -0.073495 -0.0719933
0 -0.0451659 -0.0743884 -0.0730633
0 -0.0456936 -0.075418 -0.074246
0 -0.04632 -0.0765822 -0.0755323
0 -0.047029 -0.0778688 -0.0769098
0 -0.0477979 -0.0792564 -0.0783637
0 -0.0485984 -0.0807163 -0.0798765
0 -0.049399 -0.082215 -0.0814281
0 -0.05017 -0.0837203 -0.0829988
0 -0.0508855 -0.0852058 -0.0845732
0 -0.0515324 -0.0866545 -0.0861428
0 -0.0521125 -0.0880582 -0.0877045
0 -0.0526312 -0.0894113 -0.089253
0 -0.053091 -0.0907029 -0.0907729
0 -0.0534881 -0.0919149 -0.0922354
0 -0.0538144 -0.0930259 -0.0936015
0 -0.0540614 -0.094014 -0.0948279
0 -0.0542231 -0.0948589 -0.0958745
0 -0.0542994 -0.095543 -0.0967091
0 -0.0542929 -0.0960492 -0.0973077
0 -0.054211 -0.0963628 -0.0976569
0 -0.0540704 -0.0964779 -0.0977589
0 -0.0538951 -0.0963983 -0.09763
0 -0.0537103 -0.0961343 -0.0972944
0 -0.0535357 -0.0957003 -0.0967771
0 -0.0533808 -0.0951126 -0.0961
0 -0.0532452 -0.0943905 -0.0952813
0 -0.053119 -0.0935545 -0.094336
0 -0.0529884 -0.092628 -0.0932796
0 -0.0528423 -0.0916409 -0.0921352
0 -0.0526733 -0.0906249 -0.0909319
0 -0.0524747 -0.0896092 -0.0897012
0 -0.0522402 -0.0886167 -0.0884734
0 -0.0519654 -0.0876625 -0.0872764
0 -0.0516478 -0.0867538 -0.0861352
0 -0.0512843 -0.0858894 -0.0850686
0 -0.0508752 -0.0850648 -0.0840909
0 -0.050425 -0.0842758 -0.0832112
0 -0.0499404 -0.0835183 -0.0824293
0 -0.0494292 -0.0827888 -0.0817361
0 -0.0488971 -0.0820824 -0.0811124
0 -0.0483458 -0.0813909 -0.0805291
0 -0.0477753 -0.080703 -0.0799518
0 -0.047188 -0.0800067 -0.0793466
0 -0.0465897 -0.0792912 -0.0786853
0 -0.0459938 -0.07855 -0.077951
0 -0.0454218 -0.0777828 -0.0771404
0 -0.0448977 -0.0769934 -0.0762615
0 -0.044444 -0.0761884 -0.0753299
0 -0.0440791 -0.0753777 -0.0743671
0 -0.0438149 -0.0745742 -0.0733977
0 -0.0436525 -0.0737909 -0.0724448
0 -0.0435801 -0.0730375 -0.0715253
0 -0.0435746 -0.0723209 -0.0706505
0 -0.0436057 -0.0716449 -0.0698257
0 -0.0436382 -0.0710094 -0.0690513
0 -0.043637 -0.0704107 -0.0683243
0 -0.043571 -0.069842 -0.0676402
0 -0.0434181 -0.0692959 -0.0669954
0 -0.0431696 -0.0687676 -0.0663903
0 -0.0428308 -0.0682556 -0.0658289
0 -0.0424169 -0.0677597 -0.0653147
0 -0.0419532 -0.0672825 -0.0648517
0 -0.0414765 -0.0668346 -0.0644482
0 -0.0410305 -0.0664326 -0.0641147
0 -0.0406584 -0.0660965 -0.0638611
0 -0.0404 -0.0658494 -0.0636977
0 -0.0402887 -0.0657171 -0.0636361
0 -0.0403497 -0.0657273 -0.0636912
0 -0.0405968 -0.0659066 -0.0638798
0 -0.0410278 -0.0662753 -0.064218
0 -0.0416232 -0.0668426 -0.0647176
0 -0.0423462 -0.0676044 -0.0653848
0 -0.0431478 -0.0685433 -0.0662199
0 -0.0439772 -0.0696358 -0.0672224
0 -0.0447948 -0.070862 -0.0683975
0 -0.0455773 -0.0722092 -0.069756
0 -0.0463168 -0.0736698 -0.0713077
0 -0.0470134 -0.0752347 -0.0730531
0 -0.0476703 -0.0768901 -0.0749773
0 -0.0482939 -0.0786189 -0.077052
0 -0.0488902 -0.0804013 -0.079236
0 -0.0494632 -0.0822164 -0.0814775
0 -0.0500155 -0.0840428 -0.0837223
0 -0.0505454 -0.0858571 -0.085919
0 -0.0510537 -0.0876362 -0.0880224
0 -0.0515464 -0.0893542 -0.0899946
0 -0.052029 -0.0909824 -0.0918064
0 -0.0525049 -0.092494 -0.0934368
0 -0.0529719 -0.0938602 -0.0948706
0 -0.0534228 -0.0950522 -0.0960965
0 -0.0538475 -0.0960457 -0.0971067
0 -0.0542341 -0.0968228 -0.0978974
0 -0.0545732 -0.0973753 -0.0984684
0 -0.0548554 -0.0977035 -0.0988214
0 -0.0550721 -0.0978154 -0.0989588
0 -0.0552164 -0.0977267 -0.0988857
0 -0.0552824 -0.0974585 -0.0986095
0 -0.0552669 -0.0970352 -0.0981425
0 -0.055169 -0.0964813 -0.0975023
0 -0.0549913 -0.09582 -0.0967116
0 -0.054741 -0.0950728 -0.0957993
0 -0.0544277 -0.0942576 -0.0947972
0 -0.0540613 -0.0933881 -0.0937364
0 -0.0536533 -0.0924766 -0.0926464
0 -0.0532188 -0.0915384 -0.0915553
0 -0.0527767 -0.0905933 -0.0904897
0 -0.0523439 -0.089661 -0.0894695
0 -0.0519323 -0.0887584 -0.0885069
0 -0.0515494 -0.0878999 -0.0876074
0 -0.0511988 -0.0870971 -0.0867722
0 -0.0508819 -0.08636 -0.0860008
0 -0.0506002 -0.0856971 -0.0852936
0 -0.0503548 -0.0851151 -0.0846526
0 -0.0501431 -0.0846147 -0.0840784
0 -0.0499571 -0.0841889 -0.0835681
0 -0.0497852 -0.0838242 -0.0831161
0 -0.0496132 -0.0835027 -0.0827144
0 -0.0494266 -0.0832043 -0.0823525
0 -0.0492138 -0.0829097 -0.0820188
0 -0.0489674 -0.0826028 -0.0817014
0 -0.048687 -0.0822739 -0.0813902
0 -0.0483811 -0.0819222 -0.0810795
0 -0.0480654 -0.0815541 -0.0807667
0 -0.0477561 -0.0811782 -0.0804489
0 -0.0474676 -0.0808022 -0.080122
0 -0.0472134 -0.0804344 -0.0797837
0 -0.0470043 -0.0800825 -0.0794341
0 -0.0468474 -0.0797525 -0.0790754
0 -0.0467479 -0.0794506 -0.0787141
0 -0.0467089 -0.079184 -0.0783621
0 -0.0467271 -0.0789565 -0.078031
0 -0.0467915 -0.0787668 -0.0777295
0 -0.0468831 -0.0786084 -0.0774617
0 -0.0469759 -0.0784688 -0.0772246
0 -0.047042 -0.0783324 -0.0770107
0 -0.047058 -0.0781861 -0.0768126
0 -0.0470115 -0.0780242 -0.0766268
0 -0.0469026 -0.0778486 -0.0764545
0 -0.0467404 -0.0776661 -0.0762989
0 -0.0465398 -0.0774847 -0.0761624
0 -0.0463205 -0.0773139 -0.0760475
0 -0.0461057 -0.0771645 -0.0759573
0 -0.045918 -0.0770464 -0.0758946
0 -0.045776 -0.0769668 -0.0758603
0 -0.0456921 -0.0769287 -0.0758531
0 -0.0456707 -0.0769317 -0.0758693
0 -0.0457086 -0.0769709 -0.0759037
0 -0.0457972 -0.0770405 -0.0759516
0 -0.0459276 -0.0771372 -0.0760128
0 -0.0460898 -0.0772589 -0.0760904
0 -0.0462735 -0.0774046 -0.0761892
0 -0.0464698 -0.0775757 -0.0763168
0 -0.0466727 -0.0777759 -0.0764831
0 -0.0468794 -0.0780111 -0.076699
0 -0.0470895 -0.0782887 -0.0769755
0 -0.0473014 -0.0786126 -0.0773184
0 -0.0475104 -0.0789817 -0.0777267
0 -0.0477126 -0.0793935 -0.0781963
0 -0.0479046 -0.0798426 -0.0787193
0 -0.0480822 -0.0803206 -0.0792836
0 -0.0482454 -0.0808207 -0.0798783
0 -0.0484008 -0.0813409 -0.0804969
0 -0.0485616 -0.0818854 -0.0811391
0 -0.0487444 -0.0824611 -0.081808
0 -0.0489643 -0.0830742 -0.0825067
0 -0.0492318 -0.0837271 -0.0832362
0 -0.0495452 -0.0844125 -0.0839892
0 -0.0498919 -0.0851149 -0.0847515
0 -0.0502542 -0.0858149 -0.0855063
0 -0.0506127 -0.0864926 -0.0862364
0 -0.0509516 -0.0871328 -0.0869289
0 -0.0512616 -0.087727 -0.0875774
0 -0.051537 -0.0882701 -0.0881777
0 -0.0517715 -0.0887559 -0.0887234
0 -0.0519561 -0.0891747 -0.0892039
0 -0.0520817 -0.0895153 -0.0896058
0 -0.0521431 -0.0897686 -0.0899175
0 -0.0521395 -0.0899284 -0.0901297
0 -0.0520732 -0.0899893 -0.0902342
0 -0.0519482 -0.0899469 -0.090224
0 -0.0517724 -0.0897995 -0.090095
0 -0.0515572 -0.0895494 -0.0898484
0 -0.0513182 -0.0892048 -0.0894911
0 -0.0510704 -0.0887761 -0.0890324
0 -0.050824 -0.0882726 -0.088481
0 -0.0505845 -0.0877035 -0.0878453
0 -0.0503572 -0.0870822 -0.0871379
0 -0.0501497 -0.0864278 -0.0863779
0 -0.0499673 -0.0857599 -0.0855859
0 -0.0498111 -0.0850959 -0.0847818
0 -0.0496797 -0.0844513 -0.0839862
0 -0.0495691 -0.0838382 -0.0832186
0 -0.0494717 -0.0832638 -0.0824954
0 -0.049375 -0.08273 -0.0818282
0 -0.0492649 -0.0822346 -0.081223
0 -0.0491265 -0.0817721 -0.0806803
0 -0.0489458 -0.0813351 -0.0801949
0 -0.0487139 -0.0809171 -0.0797592
0 -0.0484284 -0.0805139 -0.0793647
0 -0.0480946 -0.0801233 -0.0790036
0 -0.0477253 -0.0797462 -0.0786699
0 -0.0473358 -0.0793817 -0.0783553
0 -0.0469394 -0.0790243 -0.0780474
0 -0.0465485 -0.0786657 -0.077732
0 -0.046175 -0.0782975 -0.077396
0 -0.0458325 -0.0779155 -0.0770311
0 -0.0455353 -0.0775199 -0.0766345
0 -0.0452942 -0.0771136 -0.0762065
0 -0.0451154 -0.0767012 -0.07575
0 -0.0449988 -0.0762878 -0.0752693
0 -0.0449385 -0.0758793 -0.0747708
0 -0.0449241 -0.0754819 -0.0742627
0 -0.0449418 -0.0751017 -0.0737554
0 -0.0449765 -0.0747449 -0.0732615
0 -0.0450164 -0.0744199 -0.0727983
0 -0.0450553 -0.0741388 -0.0723872
0 -0.0450906 -0.0739145 -0.0720508
0 -0.045123 -0.0737592 -0.0718099
0 -0.0451559 -0.0736844 -0.0716829
0 -0.045197 -0.0737027 -0.0716862
0 -0.0452571 -0.0738265 -0.0718329
0 -0.045345 -0.0740638 -0.0721285
0 -0.0454657 -0.0744169 -0.07257
0 -0.0456236 -0.0748847 -0.0731497
0 -0.0458228 -0.0754648 -0.0738573
0 -0.0460695 -0.0761548 -0.074683
0 -0.0463724 -0.0769539 -0.0756196
0 -0.0467409 -0.0778619 -0.0766624
0 -0.047182 -0.0788764 -0.0778062
0 -0.0476981 -0.0799916 -0.0790445
0 -0.0482857 -0.0811976 -0.080368
0 -0.0489354 -0.0824819 -0.0817647
0 -0.0496335 -0.0838288 -0.0832202
0 -0.050361 -0.0852191 -0.0847169
0 -0.0510914 -0.0866303 -0.0862354
0 -0.0517993 -0.0880388 -0.0877562
0 -0.0524649 -0.0894228 -0.0892627
0 -0.0530713 -0.090762 -0.090739
0 -0.0536042 -0.0920348 -0.0921658
0 -0.0540496 -0.0932173 -0.093518
0 -0.0543933 -0.0942823 -0.0947628
0 -0.0546193 -0.0951987 -0.0958602
0 -0.0547159 -0.0959372 -0.0967703
0 -0.0546843 -0.0964772 -0.0974618
0 -0.0545379 -0.0968076 -0.097915
0 -0.0543 -0.0969257 -0.098121
0 -0.0539985 -0.0968338 -0.098079
0 -0.0536568 -0.0965336 -0.0977896
0 -0.0532945 -0.0960282 -0.0972572
0 -0.052929 -0.0953278 -0.0964926
0 -0.0525705 -0.0944457 -0.0955095
0 -0.0522206 -0.0933979 -0.0943232
0 -0.0518758 -0.0922049 -0.092954
0 -0.0515272 -0.0908887 -0.091425
0 -0.0511622 -0.0894725 -0.0897627
0 -0.0507699 -0.0879831 -0.0879985
0 -0.0503451 -0.0864503 -0.0861691
0 -0.0498869 -0.0849008 -0.0843138
0 -0.0493937 -0.0833534 -0.0824678
0 -0.0488593 -0.0818191 -0.0806585
0 -0.0482728 -0.0803042 -0.0789075
0 -0.0476303 -0.078817 -0.0772321
0 -0.0469364 -0.0773676 -0.0756456
0 -0.0462011 -0.0759674 -0.0741567
0 -0.0454423 -0.0746292 -0.0727704
0 -0.0446848 -0.0733681 -0.0714911
0 -0.0439594 -0.0722022 -0.0703237
0 -0.0432981 -0.0711502 -0.0692738
0 -0.0427326 -0.0702323 -0.0683497
0 -0.0422933 -0.0694694 -0.0675636
0 -0.0420038 -0.0688803 -0.0669293
0 -0.0418789 -0.0684795 -0.0664612
0 -0.0419241 -0.0682782 -0.0661745
0 -0.0421347 -0.0682833 -0.0660838
0 -0.0424964 -0.068498 -0.0662029
0 -0.0429886 -0.0689237 -0.0665452
0 -0.0435864 -0.0695607 -0.0671229
0 -0.0442647 -0.07041 -0.0679472
0 -0.0449983 -0.0714697 -0.0690254
0 -0.0457617 -0.0727311 -0.0703559
0 -0.0465304 -0.074178 -0.0719272
0 -0.0472843 -0.0757871 -0.0737186
0 -0.0480107 -0.0775311 -0.0757023
0 -0.0487018 -0.0793774 -0.0778423
0 -0.0493532 -0.0812898 -0.0800933
0 -0.0499681 -0.0832374 -0.0824088
0 -0.0505512 -0.0851954 -0.0847437
0 -0.0511044 -0.0871381 -0.0870546
0 -0.051635 -0.0890419 -0.0893019
0 -0.0521528 -0.0908821 -0.0914491
0 -0.0526659 -0.0926316 -0.0934613
0 -0.0531766 -0.0942652 -0.0953059
0 -0.0536781 -0.0957547 -0.0969523
0 -0.0541592 -0.0970708 -0.0983742
0 -0.0546043 -0.0981857 -0.09955
0 -0.054995 -0.099074 -0.100463
0 -0.055315 -0.0997158 -0.101105
0 -0.055548 -0.100097 -0.10147
0 -0.0556793 -0.100208 -0.101556
0 -0.0556964 -0.100045 -0.101362
0 -0.0555891 -0.0996131 -0.10089
0 -0.0553492 -0.0989195 -0.100142
0 -0.0549729 -0.097977 -0.0991233
0 -0.0544643 -0.0968048 -0.0978464
0 -0.0538376 -0.0954287 -0.0963323
0 -0.053112 -0.093877 -0.0946082
0 -0.0523097 -0.0921778 -0.0927056
0 -0.0514546 -0.0903606 -0.0906604
0 -0.0505697 -0.088454 -0.0885085
0 -0.0496741 -0.0864851 -0.0862824
0 -0.0487833 -0.0844761 -0.0840111
0 -0.0479123 -0.0824461 -0.0817218
0 -0.0470685 -0.0804149 -0.0794415
0 -0.0462533 -0.0784018 -0.0771944
0 -0.045474 -0.0764271 -0.0750018
0 -0.0447369 -0.0745152 -0.0728856
0 -0.0440479 -0.07269 -0.0708673
0 -0.0434124 -0.0709724 -0.068965
0 -0.0428304 -0.0693785 -0.0671928
0 -0.0423006 -0.0679189 -0.0655625
0 -0.0418222 -0.0666021 -0.0640861
0 -0.0413969 -0.065437 -0.0627776
0 -0.0410271 -0.0644305 -0.0616496
0 -0.0407138 -0.0635873 -0.0607112
0 -0.040457 -0.0629093 -0.0599669
0 -0.040256 -0.0623974 -0.059418
0 -0.0401125 -0.0620542 -0.0590649
0 -0.0400295 -0.061883 -0.0589071
0 -0.0400108 -0.0618871 -0.0589428
0 -0.0400634 -0.0620716 -0.0591725
0 -0.0401968 -0.0624412 -0.0595983
0 -0.0404209 -0.0629986 -0.060222
0 -0.0407441 -0.0637448 -0.0610459
0 -0.0411714 -0.064678 -0.0620706
0 -0.0417025 -0.065792 -0.0632929
0 -0.0423319 -0.0670773 -0.0647055
0 -0.0430525 -0.0685249 -0.0663009
0 -0.0438568 -0.0701269 -0.0680716
0 -0.0447334 -0.0718729 -0.0700069
0 -0.0456655 -0.0737466 -0.0720893
0 -0.0466356 -0.0757285 -0.0742974
0 -0.0476311 -0.0777997 -0.0766092
0 -0.0486427 -0.0799422 -0.0790017
0 -0.0496637 -0.0821386 -0.0814511
0 -0.050683 -0.0843713 -0.0839327
0 -0.0516804 -0.0866194 -0.0864207
0 -0.0526404 -0.088859 -0.0888909
0 -0.0535547 -0.0910677 -0.091324
0 -0.0544199 -0.0932258 -0.0937037
0 -0.0552385 -0.0953182 -0.0960156
0 -0.0560123 -0.0973313 -0.0982429
0 -0.0567375 -0.0992461 -0.100363
0 -0.0574042 -0.10104 -0.102349
0 -0.058002 -0.102692 -0.104173
0 -0.0585199 -0.104178 -0.10581
0 -0.0589476 -0.105479 -0.107236
0 -0.0592782 -0.106577 -0.108433
0 -0.0595093 -0.107458 -0.109387
0 -0.0596405 -0.108111 -0.110091
0 -0.0596723 -0.108525 -0.110536
0 -0.0596085 -0.108693 -0.110721
0 -0.0594567 -0.108615 -0.110645
0 -0.0592261 -0.108291 -0.110311
0 -0.0589239 -0.107725 -0.109721
0 -0.0585525 -0.106922 -0.108876
0 -0.058111 -0.105893 -0.107775
0 -0.0575965 -0.104648 -0.106422
0 -0.0570061 -0.103202 -0.104825
0 -0.0563361 -0.101569 -0.102995
0 -0.0555812 -0.0997618 -0.100947
0 -0.0547385 -0.0977917 -0.0987003
0 -0.0538066 -0.0956692 -0.0962775
0 -0.0527845 -0.0934028 -0.0937015
0 -0.0516752 -0.0910042 -0.090996
0 -0.0504913 -0.0884932 -0.0881874
0 -0.0492548 -0.0858933 -0.0853053
0 -0.0479953 -0.0832295 -0.0823804
0 -0.0467348 -0.0805312 -0.0794427
0 -0.0454907 -0.077831 -0.0765213
0 -0.0442927 -0.0751628 -0.0736432
0 -0.0431642 -0.0725602 -0.070833
0 -0.0421229 -0.0700552 -0.0681155
0 -0.0411898 -0.0676804 -0.065518
0 -0.0403808 -0.0654674 -0.0630718
0 -0.0397083 -0.063443 -0.060809
0 -0.0391788 -0.0616288 -0.0587599
0 -0.03879 -0.0600389 -0.0569501
0 -0.0385328 -0.0586818 -0.0553995
0 -0.0383923 -0.0575608 -0.0541211
0 -0.0383495 -0.0566762 -0.0531214
0 -0.0383865 -0.05603 -0.0524041
0 -0.0384901 -0.0556289 -0.051973
0 -0.0386505 -0.0554816 -0.0518306
0 -0.0388602 -0.0555975 -0.0519786
0 -0.039116 -0.0559856 -0.0524185
0 -0.0394191 -0.0566512 -0.0531522
0 -0.0397753 -0.0575917 -0.0541795
0 -0.0401916 -0.0587945 -0.0554956
0 -0.0406752 -0.0602384 -0.0570903
0 -0.0412311 -0.0618952 -0.058946
0 -0.041859 -0.0637299 -0.0610338
0 -0.0425535 -0.065704 -0.0633147
0 -0.0433068 -0.0677811 -0.065744
0 -0.0441098 -0.0699281 -0.0682741
0 -0.0449512 -0.0721138 -0.0708554
0 -0.0458178 -0.0743098 -0.0734371
0 -0.0466983 -0.0764925 -0.0759728
0 -0.0475843 -0.0786416 -0.0784249
0 -0.0484723 -0.0807407 -0.0807659
0 -0.0493568 -0.0827774 -0.08298
0 -0.0502316 -0.0847392 -0.0850617
0 -0.0510956 -0.0866121 -0.0870114
0 -0.0519394 -0.0883797 -0.0888306
0 -0.0527457 -0.0900213 -0.090517
0 -0.0534961 -0.0915153 -0.0920642
0 -0.0541692 -0.092843 -0.0934632
0 -0.0547447 -0.0939888 -0.0947021
0 -0.0552049 -0.0949404 -0.0957654
0 -0.0555358 -0.0956897 -0.0966358
0 -0.0557293 -0.0962325 -0.0972967
0 -0.0557857 -0.0965695 -0.0977357
0 -0.0557162 -0.0967082 -0.0979488
0 -0.055539 -0.0966587 -0.0979391
0 -0.0552754 -0.0964299 -0.0977129
0 -0.0549473 -0.0960293 -0.0972798
0 -0.0545754 -0.0954644 -0.0966524
0 -0.0541761 -0.0947422 -0.0958437
0 -0.0537609 -0.0938714 -0.0948672
0 -0.0533386 -0.0928656 -0.0937396
0 -0.0529149 -0.0917424 -0.0924795
0 -0.0524926 -0.0905235 -0.0911076
0 -0.0520741 -0.0892347 -0.0896483
0 -0.0516573 -0.0879013 -0.0881256
0 -0.0512343 -0.0865439 -0.0865598
0 -0.0507953 -0.0851795 -0.0849689
0 -0.0503325 -0.083821 -0.0833719
0 -0.0498422 -0.0824788 -0.08179
0 -0.0493243 -0.081162 -0.0802463
0 -0.048782 -0.0798787 -0.0787636
0 -0.0482212 -0.0786385 -0.0773627
0 -0.0476503 -0.0774544 -0.0760615
0 -0.0470812 -0.0763407 -0.0748733
0 -0.0465283 -0.0753122 -0.073806
0 -0.0460054 -0.0743815 -0.0728623
0 -0.0455263 -0.0735594 -0.0720413
0 -0.0451056 -0.0728555 -0.0713412
0 -0.0447569 -0.0722779 -0.0707607
0 -0.0444904 -0.0718321 -0.070299
0 -0.0443137 -0.0715203 -0.0699562
0 -0.0442302 -0.0713425 -0.0697345
0 -0.0442378 -0.0712946 -0.0696354
0 -0.0443274 -0.0713676 -0.0696572
0 -0.0444827 -0.0715473 -0.0697943
0 -0.0446828 -0.0718167 -0.0700377
0 -0.0449065 -0.0721585 -0.0703765
0 -0.0451337 -0.0725558 -0.0707981
0 -0.0453482 -0.0729937 -0.0712889
0 -0.0455412 -0.0734621 -0.0718374
0 -0.0457101 -0.0739537 -0.0724323
0 -0.0458557 -0.0744616 -0.0730608
0 -0.0459836 -0.0749809 -0.0737106
0 -0.046102 -0.0755075 -0.0743699
0 -0.0462204 -0.0760371 -0.0750272
0 -0.0463481 -0.0765656 -0.0756722
0 -0.0464947 -0.0770906 -0.0762977
0 -0.0466698 -0.0776127 -0.0769008
0 -0.0468826 -0.0781354 -0.0774833
0 -0.0471407 -0.0786631 -0.0780502
0 -0.0474465 -0.0791984 -0.0786064
0 -0.0477954 -0.0797409 -0.0791552
0 -0.048178 -0.0802877 -0.0796984
0 -0.0485808 -0.080834 -0.0802362
0 -0.0489863 -0.0813728 -0.0807668
0 -0.0493769 -0.0818977 -0.0812886
0 -0.0497405 -0.0824069 -0.0818036
0 -0.0500703 -0.0829025 -0.0823168
0 -0.0503619 -0.0833866 -0.0828316
0 -0.0506128 -0.0838598 -0.0833491
0 -0.0508224 -0.0843228 -0.0838694
0 -0.0509932 -0.0847757 -0.0843909
0 -0.051129 -0.0852164 -0.08491
0 -0.0512326 -0.0856397 -0.0854191
0 -0.0513046 -0.0860358 -0.0859062
0 -0.0513438 -0.086392 -0.0863553
0 -0.0513489 -0.0866945 -0.0867489
0 -0.0513196 -0.0869304 -0.0870698
0 -0.0512564 -0.0870874 -0.0873012
0 -0.0511629 -0.0871576 -0.0874304
0 -0.051047 -0.0871382 -0.0874509
0 -0.0509164 -0.0870288 -0.087359
0 -0.0507748 -0.0868274 -0.0871511
0 -0.0506212 -0.0865309 -0.0868241
0 -0.0504537 -0.0861388 -0.0863782
0 -0.0502714 -0.0856553 -0.0858191
0 -0.0500754 -0.0850893 -0.0851581
0 -0.049868 -0.0844539 -0.0844107
0 -0.0496517 -0.0837644 -0.0835946
0 -0.0494282 -0.0830358 -0.0827281
0 -0.0491969 -0.0822814 -0.0818292
0 -0.0489553 -0.0815119 -0.0809143
0 -0.0487015 -0.080736 -0.0799992
0 -0.0484326 -0.0799599 -0.0790971
0 -0.0481454 -0.0791897 -0.0782195
0 -0.0478381 -0.0784319 -0.0773754
0 -0.0475093 -0.0776915 -0.076569
0 -0.0471549 -0.0769699 -0.0757979
0 -0.0467705 -0.0762649 -0.0750549
0 -0.0463559 -0.0755741 -0.0743327
0 -0.0459158 -0.0748952 -0.0736253
0 -0.0454597 -0.0742273 -0.072929
0 -0.0450042 -0.0735734 -0.072245
0 -0.0445738 -0.072944 -0.071583
0 -0.0441956 -0.0723539 -0.0709574
0 -0.0438915 -0.0718168 -0.0703813
0 -0.0436756 -0.0713439 -0.0698648
0 -0.0435534 -0.0709442 -0.0694154
0 -0.0435229 -0.070625 -0.0690389
0 -0.0435751 -0.0703915 -0.06874
0 -0.0436982 -0.0702496 -0.0685256
0 -0.0438787 -0.0702052 -0.0684042
0 -0.0441004 -0.0702612 -0.0683837
0 -0.0443462 -0.0704179 -0.0684711
0 -0.0446003 -0.0706729 -0.0686727
0 -0.0448492 -0.0710217 -0.0689924
0 -0.0450834 -0.0714581 -0.0694323
0 -0.0452986 -0.0719744 -0.0699914
0 -0.0454949 -0.0725625 -0.070665
0 -0.0456792 -0.073216 -0.0714467
0 -0.0458649 -0.0739326 -0.0723293
0 -0.0460707 -0.0747136 -0.0733052
0 -0.0463165 -0.0755621 -0.0743653
0 -0.0466187 -0.0764804 -0.075497
0 -0.046987 -0.0774665 -0.0766837
0 -0.0474225 -0.0785139 -0.0779066
0 -0.0479192 -0.0796118 -0.0791459
0 -0.0484671 -0.0807461 -0.0803836
0 -0.0490527 -0.0819001 -0.0816054
0 -0.0496578 -0.0830555 -0.0828008
0 -0.0502636 -0.0841922 -0.083962
0 -0.0508553 -0.0852919 -0.0850849
0 -0.0514192 -0.0863416 -0.0861697
0 -0.0519451 -0.0873323 -0.0872174
0 -0.0524258 -0.0882566 -0.0882255
0 -0.0528517 -0.0891082 -0.0891876
0 -0.0532157 -0.0898823 -0.0900935
0 -0.0535135 -0.0905756 -0.0909298
0 -0.0537407 -0.0911847 -0.0916796
0 -0.0538949 -0.0917045 -0.0923244
0 -0.0539763 -0.0921288 -0.0928473
0 -0.0539864 -0.0924493 -0.0932341
0 -0.0539286 -0.0926559 -0.0934742
0 -0.0538101 -0.0927389 -0.093562
0 -0.0536393 -0.0926893 -0.0934957
0 -0.0534242 -0.0924986 -0.0932753
0 -0.0531713 -0.0921601 -0.0929013
0 -0.0528848 -0.0916698 -0.0923736
0 -0.0525668 -0.0910288 -0.0916922
0 -0.0522201 -0.0902446 -0.0908598
0 -0.0518458 -0.0893294 -0.0898806
0 -0.0514433 -0.088298 -0.0887608
0 -0.0510105 -0.0871658 -0.087509
0 -0.0505449 -0.0859489 -0.0861374
0 -0.0500473 -0.0846655 -0.0846645
0 -0.0495207 -0.0833335 -0.0831126
0 -0.0489682 -0.0819665 -0.0815053
0 -0.0483958 -0.0805768 -0.0798691
0 -0.0478101 -0.0791749 -0.0782312
0 -0.047214 -0.0777699 -0.0766156
0 -0.0466095 -0.0763715 -0.0750416
0 -0.0460027 -0.0749937 -0.0735251
0 -0.0454041 -0.0736549 -0.0720808
0 -0.0448262 -0.0723759 -0.0707216
0 -0.0442848 -0.0711804 -0.0694603
0 -0.0437977 -0.0700924 -0.0683101
0 -0.043382 -0.0691353 -0.0672852
0 -0.0430525 -0.0683292 -0.0664002
0 -0.0428202 -0.0676899 -0.0656701
0 -0.0426893 -0.0672267 -0.0651076
0 -0.0426563 -0.0669408 -0.0647214
0 -0.0427106 -0.0668268 -0.0645161
0 -0.0428393 -0.0668771 -0.064495
0 -0.0430308 -0.0670858 -0.064662
0 -0.0432762 -0.0674492 -0.065021
0 -0.0435696 -0.0679659 -0.0655745
0 -0.0439067 -0.0686334 -0.0663207
0 -0.0442814 -0.0694453 -0.0672503
0 -0.044688 -0.0703927 -0.0683494
0 -0.0451231 -0.0714655 -0.0696012
0 -0.0455863 -0.0726527 -0.0709879
0 -0.0460788 -0.073942 -0.0724901
0 -0.0466033 -0.0753193 -0.0740872
0 -0.0471629 -0.0767695 -0.0757577
0 -0.0477588 -0.0782765 -0.0774792
0 -0.0483888 -0.0798226 -0.079228
0 -0.0490507 -0.0813915 -0.080983
0 -0.0497371 -0.0829669 -0.0827254
0 -0.0504345 -0.0845281 -0.0844363
0 -0.0511297 -0.0860524 -0.0860974
0 -0.0518055 -0.0875163 -0.0876907
0 -0.0524434 -0.0888968 -0.0891978
0 -0.0530294 -0.0901742 -0.0906003
0 -0.0535498 -0.0913331 -0.0918816
0 -0.0539975 -0.0923636 -0.0930293
0 -0.0543727 -0.0932629 -0.0940369
0 -0.0546796 -0.0940324 -0.094902
0 -0.0549239 -0.094674 -0.0956228
0 -0.05511 -0.095188 -0.0961973
0 -0.0552399 -0.0955725 -0.0966226
0 -0.0553133 -0.0958232 -0.0968953
0 -0.0553282 -0.0959344 -0.0970112
0 -0.055283 -0.0959016 -0.0969683
0 -0.0551794 -0.0957239 -0.0967684
0 -0.0550208 -0.0954043 -0.0964158
0 -0.0548108 -0.0949477 -0.0959158
0 -0.0545522 -0.094361 -0.0952742
0 -0.0542471 -0.0936528 -0.0944974
0 -0.0538976 -0.0928328 -0.0935931
0 -0.0535021 -0.0919081 -0.0925666
0 -0.0530546 -0.0908815 -0.0914206
0 -0.0525478 -0.0897535 -0.0901568
0 -0.0519746 -0.0885235 -0.0887775
0 -0.0513279 -0.0871888 -0.0872833
0 -0.0506043 -0.0857485 -0.0856762
0 -0.0498075 -0.0842058 -0.0839619
0 -0.0489477 -0.0825679 -0.0821506
0 -0.0480424 -0.0808458 -0.0802566
0 -0.0471133 -0.0790535 -0.0782981
0 -0.0461804 -0.077209 -0.0762952
0 -0.0452633 -0.0753316 -0.0742663
0 -0.044381 -0.0734424 -0.0722266
0 -0.043546 -0.0715623 -0.0701889
0 -0.0427643 -0.0697086 -0.0681633
0 -0.0420394 -0.0678985 -0.0661622
0 -0.0413734 -0.0661494 -0.0642014
0 -0.0407678 -0.0644774 -0.0623007
0 -0.0402244 -0.0628981 -0.0604839
0 -0.039745 -0.061426 -0.0587781
0 -0.0393286 -0.0600721 -0.0572082
0 -0.0389715 -0.0588448 -0.0557953
0 -0.0386711 -0.0577535 -0.0545579
0 -0.0384269 -0.0568102 -0.0535124
0 -0.0382402 -0.0560289 -0.0526718
0 -0.0381158 -0.0554269 -0.052048
0 -0.0380607 -0.0550237 -0.0516517
0 -0.0380831 -0.0548387 -0.0514916
0 -0.0381902 -0.0548897 -0.0515756
0 -0.0383879 -0.0551905 -0.0519108
0 -0.0386797 -0.0557484 -0.0525027
0 -0.039067 -0.0565621 -0.0533551
0 -0.0395482 -0.0576219 -0.0544686
0 -0.0401177 -0.0589097 -0.0558383
0 -0.0407673 -0.0604023 -0.0574538
0 -0.0414888 -0.0620753 -0.0593003
0 -0.0422733 -0.0639048 -0.0613575
0 -0.0431114 -0.0658673 -0.0635989
0 -0.0439928 -0.0679404 -0.0659926
0 -0.0449089 -0.070104 -0.0685051
0 -0.045856 -0.072342 -0.0711043
0 -0.0468351 -0.0746423 -0.0737593
0 -0.0478485 -0.0769936 -0.076441
0 -0.0488971 -0.0793818 -0.0791223
0 -0.0499715 -0.08179 -0.0817786
0 -0.0510526 -0.0841979 -0.084389
0 -0.0521232 -0.0865763 -0.0869323
0 -0.0531607 -0.0888912 -0.0893874
0 -0.0541425 -0.0911117 -0.0917362
0 -0.0550506 -0.0932081 -0.0939615
0 -0.0558676 -0.0951538 -0.0960456
0 -0.0565806 -0.0969269 -0.0979705
0 -0.0571809 -0.0985107 -0.0997186
0 -0.0576641 -0.099894 -0.101273
0 -0.0580299 -0.10107 -0.102615
0 -0.0582826 -0.102035 -0.103732
0 -0.0584314 -0.10279 -0.104612
0 -0.0584857 -0.103336 -0.105249
0 -0.0584545 -0.103672 -0.105636
0 -0.0583461 -0.103793 -0.10577
0 -0.0581677 -0.103695 -0.10565
0 -0.0579259 -0.103373 -0.105279
0 -0.0576266 -0.102825 -0.104661
0 -0.0572744 -0.102055 -0.103805
0 -0.0568749 -0.101075 -0.102723
0 -0.0564347 -0.0999064 -0.101433
0 -0.0559582 -0.0985753 -0.0999562
0 -0.0554462 -0.0971075 -0.0983133
0 -0.0548963 -0.0955281 -0.0965267
0 -0.0543043 -0.0938598 -0.0946205
0 -0.0536656 -0.0921225 -0.0926203
0 -0.0529756 -0.0903323 -0.0905522
0 -0.0522316 -0.0885038 -0.0884408
0 -0.0514352 -0.0866506 -0.0863093
0 -0.0505938 -0.0847844 -0.0841811
0 -0.0497194 -0.0829162 -0.0820799
0 -0.048829 -0.0810593 -0.0800285
0 -0.0479369 -0.0792269 -0.0780444
0 -0.0470513 -0.077433 -0.0761381
0 -0.0461843 -0.0756937 -0.074315
0 -0.0453499 -0.0740253 -0.0725778
0 -0.0445621 -0.0724439 -0.0709282
0 -0.0438371 -0.0709657 -0.0693702
0 -0.0431889 -0.0696045 -0.0679096
0 -0.0426281 -0.0683709 -0.0665538
0 -0.042162 -0.0672719 -0.0653127
0 -0.0417947 -0.0663127 -0.064199
0 -0.0415265 -0.0654959 -0.0632261
0 -0.0413524 -0.064821 -0.0624062
0 -0.0412649 -0.0642867 -0.0617504
0 -0.0412546 -0.0638932 -0.0612674
0 -0.0413105 -0.063641 -0.0609623
0 -0.0414197 -0.063531 -0.0608357
0 -0.0415684 -0.0635638 -0.0608838
0 -0.0417439 -0.0637399 -0.0611001
0 -0.0419355 -0.0640586 -0.0614759
0 -0.0421355 -0.0645154 -0.0620012
0 -0.0423409 -0.0651023 -0.0626656
0 -0.0425537 -0.0658083 -0.0634598
0 -0.0427797 -0.0666199 -0.0643745
0 -0.043027 -0.0675216 -0.065399
0 -0.0433046 -0.0684969 -0.0665211
0 -0.0436215 -0.0695309 -0.0677273
0 -0.0439859 -0.070611 -0.0690025
0 -0.0444035 -0.0717276 -0.0703297
0 -0.0448755 -0.0728723 -0.0716894
0 -0.0453984 -0.0740381 -0.0730611
0 -0.0459654 -0.075219 -0.0744255
0 -0.0465666 -0.0764086 -0.0757665
0 -0.0471902 -0.0776001 -0.077071
0 -0.0478236 -0.0787849 -0.0783298
0 -0.0484552 -0.0799529 -0.0795379
0 -0.0490725 -0.0810928 -0.080694
0 -0.0496603 -0.0821922 -0.0817993
0 -0.0502078 -0.083238 -0.082856
0 -0.0507076 -0.0842184 -0.0838663
0 -0.05115 -0.0851235 -0.0848303
0 -0.0515295 -0.0859458 -0.085745
0 -0.0518449 -0.086681 -0.0866038
0 -0.0520949 -0.0873271 -0.0873969
0 -0.0522814 -0.0878843 -0.0881121
0 -0.0524091 -0.0883546 -0.0887355
0 -0.052484 -0.088741 -0.0892534
0 -0.052514 -0.0890461 -0.0896547
0 -0.052508 -0.0892708 -0.0899325
0 -0.052474 -0.0894136 -0.0900848
0 -0.0524197 -0.0894714 -0.0901143
0 -0.0523522 -0.0894405 -0.0900281
0 -0.0522764 -0.0893176 -0.0898354
0 -0.0521948 -0.0891014 -0.0895468
0 -0.0521073 -0.0887934 -0.0891721
0 -0.0520111 -0.0883988 -0.0887195
0 -0.0519004 -0.0879256 -0.0881952
0 -0.0517684 -0.0873837 -0.0876036
0 -0.0516071 -0.0867846 -0.0869483
0 -0.0514097 -0.0861396 -0.0862337
0 -0.0511713 -0.0854591 -0.0854653
0 -0.0508895 -0.0847515 -0.0846506
0 -0.0505645 -0.0840233 -0.0837986
0 -0.0502001 -0.0832789 -0.0829206
0 -0.0498031 -0.0825212 -0.0820289
0 -0.0493815 -0.0817521 -0.0811361
0 -0.048944 -0.0809733 -0.080254
0 -0.0485012 -0.0801873 -0.0793917
0 -0.0480637 -0.079398 -0.0785556
0 -0.0476398 -0.0786113 -0.0777483
0 -0.0472361 -0.077835 -0.0769693
0 -0.0468591 -0.0770782 -0.0762156
0 -0.0465135 -0.0763512 -0.075484
0 -0.0462025 -0.0756635 -0.0747719
0 -0.0459283 -0.0750236 -0.0740794
0 -0.0456914 -0.0744379 -0.0734102
0 -0.0454916 -0.0739103 -0.0727717
0 -0.0453279 -0.0734425 -0.0721742
0 -0.0451985 -0.0730344 -0.0716307
0 -0.0451008 -0.0726848 -0.0711546
0 -0.0450316 -0.0723926 -0.0707581
0 -0.0449873 -0.0721577 -0.0704505
0 -0.0449641 -0.0719808 -0.0702374
0 -0.0449582 -0.0718642 -0.0701202
0 -0.0449662 -0.0718106 -0.0700969
0 -0.0449856 -0.0718234 -0.0701619
0 -0.045015 -0.0719052 -0.0703078
0 -0.0450547 -0.0720574 -0.0705264
0 -0.0451063 -0.072279 -0.07081
0 -0.0451731 -0.0725671 -0.0711519
0 -0.0452594 -0.0729162 -0.071547
0 -0.0453698 -0.0733194 -0.0719912
0 -0.0455086 -0.0737682 -0.0724814
0 -0.0456789 -0.0742543 -0.0730145
0 -0.0458823 -0.0747698 -0.0735866
0 -0.0461185 -0.0753078 -0.0741927
0 -0.0463852 -0.0758632 -0.0748265
0 -0.0466778 -0.0764321 -0.0754803
0 -0.0469904 -0.0770119 -0.0761457
0 -0.0473161 -0.0776008 -0.0768145
0 -0.0476478 -0.0781966 -0.0774793
0 -0.0479783 -0.0787968 -0.078134
0 -0.0483011 -0.0793975 -0.0787744
0 -0.0486109 -0.0799939 -0.0793978
0 -0.0489026 -0.0805805 -0.0800029
0 -0.0491719 -0.0811507 -0.0805893
0 -0.0494161 -0.0816975 -0.0811571
0 -0.0496336 -0.0822142 -0.0817056
0 -0.0498244 -0.0826945 -0.0822332
0 -0.0499893 -0.0831336 -0.0827361
0 -0.0501296 -0.083528 -0.0832091
0 -0.0502469 -0.0838754 -0.0836454
0 -0.050343 -0.0841747 -0.0840376
0 -0.0504198 -0.0844259 -0.0843774
0 -0.0504794 -0.0846296 -0.0846572
0 -0.0505233 -0.0847865 -0.0848706
0 -0.0505531 -0.0848971 -0.0850131
0 -0.0505699 -0.0849612 -0.0850829
0 -0.0505747 -0.0849784 -0.085081
0 -0.0505676 -0.0849475 -0.0850109
0 -0.0505484 -0.0848675 -0.0848778
0 -0.0505161 -0.0847379 -0.0846881
0 -0.0504693 -0.084559 -0.0844485
0 -0.050406 -0.0843325 -0.084165
0 -0.0503241 -0.0840611 -0.0838431
0 -0.0502216 -0.0837486 -0.0834874
0 -0.0500968 -0.0834001 -0.0831013
0 -0.0499488 -0.0830209 -0.0826877
0 -0.0497773 -0.0826167 -0.0822493
0 -0.0495832 -0.0821925 -0.0817884
0 -0.0493688 -0.0817531 -0.081308
