0 0.000743224 0.0132655 0.0132046
0 0.000669067 0.0131318 0.0130615
0 0.000603668 0.0130193 0.0129425
0 0.000566865 0.0129471 0.0128664
0 0.000564483 0.0129214 0.0128388
0 0.000594758 0.0129419 0.0128589
0 0.000641087 0.0129939 0.0129115
0 0.000667242 0.0130426 0.0129619
0 0.000654414 0.0130685 0.012991
0 0.00061605 0.0130812 0.0130095
0 0.000566471 0.0130895 0.0130272
0 0.000511995 0.0130938 0.0130447
0 0.000464966 0.0131007 0.0130682
0 0.000436583 0.0131169 0.0131028
0 0.000430689 0.0131437 0.0131474
0 0.000460496 0.0131939 0.0132121
0 0.00053719 0.0132807 0.0133078
0 0.000660483 0.0134085 0.0134372
0 0.000826514 0.0135801 0.0136027
0 0.00102551 0.0137935 0.0138034
0 0.00124414 0.0140435 0.0140371
0 0.00147033 0.0143255 0.0143031
0 0.00168303 0.0146245 0.0145914
0 0.00183036 0.0148916 0.0148579
0 0.00187089 0.0150826 0.0150626
0 0.00181586 0.0152002 0.0152106
0 0.00168756 0.0152545 0.0153116
0 0.00150161 0.0152455 0.0153629
0 0.00128337 0.0151825 0.0153679
0 0.00104818 0.0150657 0.0153182
0 0.000809869 0.0148952 0.0152046
0 0.000610635 0.0147032 0.0150498
0 0.000506577 0.0145405 0.0148973
0 0.000544466 0.014456 0.014792
0 0.000738914 0.014475 0.0147602
0 0.00106137 0.0145884 0.0147975
0 0.00144378 0.0147527 0.0148694
0 0.00181798 0.0149257 0.0149445
0 0.00218033 0.015128 0.0150558
0 0.00253214 0.0153828 0.0152389
0 0.00280327 0.0156366 0.015452
0 0.0029248 0.0158291 0.0156417
0 0.00286006 0.0159219 0.0157713
0 0.00259451 0.0158862 0.0158083
0 0.00218949 0.0157574 0.0157804
0 0.00174573 0.0156047 0.0157459
0 0.00134 0.0154724 0.0157361
0 0.00105506 0.0154162 0.0157914
0 0.000963728 0.0154912 0.0159516
0 0.00108679 0.0157124 0.0162195
0 0.00141396 0.0160757 0.016585
0 0.00188564 0.0165371 0.0170054
0 0.00237567 0.0169913 0.0173847
0 0.00275885 0.0173327 0.0176333
0 0.00296553 0.017504 0.0177139
0 0.00297016 0.0174834 0.0176234
0 0.00277309 0.0172657 0.0173708
0 0.00243413 0.0168984 0.0170091
0 0.00204992 0.0164644 0.0166182
0 0.00167549 0.0160078 0.0162301
0 0.00133901 0.0155501 0.0158473
0 0.0010775 0.0151288 0.0154851
0 0.000932313 0.0147909 0.015171
0 0.000929612 0.0145711 0.0149281
0 0.00104856 0.0144617 0.0147475
0 0.00122178 0.0144097 0.0145854
0 0.00139539 0.0143744 0.0144184
0 0.00156096 0.0143584 0.0142706
0 0.00170356 0.0143554 0.0141584
0 0.00178224 0.0143308 0.014066
0 0.0017705 0.014262 0.0139813
0 0.00167008 0.0141517 0.0139063
0 0.00148179 0.0139987 0.0138286
0 0.00117064 0.0137605 0.0136885
0 0.000707752 0.0133939 0.0134231
0 0.000155628 0.0129389 0.0130553
0 -0.000354242 0.0124988 0.0126757
0 -0.000705849 0.0121633 0.0123662
0 -0.000847764 0.0119674 0.0121588
0 -0.000795125 0.0118928 0.0120375
0 -0.000581724 0.011916 0.0119848
0 -0.000234681 0.0120317 0.0120047
0 0.000221634 0.0122454 0.0121139
0 0.00075629 0.0125608 0.0123286
0 0.00128914 0.0129325 0.0126162
0 0.00168825 0.0132585 0.0128856
0 0.00185395 0.0134566 0.0130632
0 0.00177868 0.0135183 0.0131458
0 0.00151425 0.0134792 0.0131691
0 0.0011324 0.0133847 0.0131724
0 0.000723572 0.0132926 0.0132018
0 0.000391084 0.0132738 0.0133132
0 0.000208219 0.0133754 0.0135379
0 0.000190373 0.0135964 0.0138596
0 0.000309052 0.0139021 0.0142303
0 0.000500716 0.0142299 0.0145804
0 0.00071222 0.01453 0.0148615
0 0.000925856 0.0147889 0.0150688
0 0.00112874 0.0149974 0.015208
0 0.00128763 0.0151259 0.0152653
0 0.00136963 0.0151453 0.0152255
0 0.00139468 0.0150797 0.015122
0 0.001418 0.01499 0.0150193
0 0.0014773 0.0149229 0.0149609
0 0.0015875 0.0149069 0.0149667
0 0.00177233 0.0149825 0.0150665
0 0.00206948 0.0152078 0.0153076
0 0.00247664 0.015603 0.0157034
0 0.00289376 0.016089 0.0161732
0 0.00319871 0.0165564 0.0166134
0 0.00336381 0.0169781 0.0170092
0 0.00341023 0.0173623 0.0173851
0 0.00335463 0.0177015 0.0177492
0 0.00320827 0.0179756 0.0180926
0 0.0029464 0.018124 0.0183573
0 0.00255561 0.0180969 0.0184842
0 0.0020838 0.0179084 0.0184669
0 0.00161584 0.0176158 0.0183342
0 0.00125589 0.0173044 0.0181421
0 0.00108106 0.017045 0.017937
0 0.00109586 0.0168487 0.0177159
0 0.00123197 0.0166639 0.0174264
0 0.0013955 0.0164189 0.0170106
0 0.00154076 0.0160921 0.0164715
0 0.00169137 0.0157315 0.0158881
0 0.00190602 0.0154221 0.0153749
0 0.00223497 0.0152461 0.0150372
0 0.00264848 0.0152126 0.0148985
0 0.00304213 0.0152601 0.0149007
0 0.00335127 0.0153639 0.0150123
0 0.00354946 0.0155277 0.0152238
0 0.00362075 0.0157506 0.0155189
0 0.00356907 0.0160313 0.0158846
0 0.00335956 0.0163083 0.0162536
0 0.00294855 0.0164922 0.0165367
0 0.0023488 0.0165351 0.0166906
0 0.00161284 0.0164191 0.0167024
0 0.000835695 0.0161678 0.0165952
0 0.00013589 0.0158362 0.0164147
0 -0.000436239 0.0154281 0.016146
0 -0.000914031 0.0148834 0.0157035
0 -0.00130083 0.0141889 0.0150487
0 -0.00150697 0.0134444 0.0142606
0 -0.00141799 0.0127976 0.013476
0 -0.00101021 0.012326 0.0127762
0 -0.000362656 0.0120197 0.0121719
0 0.000440522 0.0118743 0.0116905
0 0.0013518 0.0119264 0.011405
0 0.00232039 0.0122044 0.0113854
0 0.00320846 0.0126428 0.0116064
0 0.00380966 0.0130927 0.0119491
0 0.00399981 0.0134559 0.0123303
0 0.00377642 0.0137164 0.0127339
0 0.00319347 0.0138816 0.0131495
0 0.0023455 0.0139706 0.0135656
0 0.00134976 0.0140086 0.0139687
0 0.00033777 0.0140302 0.0143534
0 -0.000514034 0.0141181 0.0147644
0 -0.00105582 0.0143433 0.0152382
0 -0.00125367 0.0146814 0.0157277
0 -0.00115915 0.0150483 0.0161398
0 -0.000838817 0.0153722 0.0164064
0 -0.000346643 0.015619 0.0165093
0 0.000252733 0.0157663 0.0164501
0 0.000902987 0.0158138 0.0162569
0 0.00157278 0.0157912 0.0159891
0 0.00223049 0.0157321 0.0157047
0 0.00284668 0.0156726 0.0154574
0 0.00337321 0.0156271 0.0152743
0 0.00373569 0.0155759 0.0151426
0 0.00388555 0.0155097 0.015053
0 0.00379983 0.0154234 0.0149943
0 0.00348661 0.0153159 0.0149577
0 0.00303759 0.0152451 0.0149931
0 0.00255123 0.0152615 0.0151426
0 0.00205108 0.0153345 0.015366
0 0.00154757 0.0154189 0.0156089
0 0.00110471 0.0155268 0.0158732
0 0.000819416 0.01571 0.0161997
0 0.000704836 0.0159487 0.0165559
0 0.00068092 0.0161431 0.0168302
0 0.000700988 0.0162381 0.0169585
0 0.000781732 0.016252 0.0169556
0 0.000956597 0.0162303 0.0168694
0 0.00120694 0.016176 0.0167103
0 0.00146425 0.0160485 0.0164496
0 0.00173063 0.0158811 0.0161352
0 0.00205958 0.0157615 0.0158699
0 0.00243528 0.0157106 0.0156869
0 0.00281322 0.0157213 0.0155895
0 0.00315346 0.015789 0.0155811
0 0.00337783 0.0158638 0.0156171
0 0.00344078 0.0159157 0.0156691
0 0.00336491 0.0159679 0.0157588
0 0.00314632 0.0160023 0.0158633
0 0.00272811 0.0159325 0.0158899
0 0.00209133 0.0156965 0.0157693
0 0.00133262 0.0153383 0.0155385
0 0.000636416 0.0149883 0.0153188
0 0.000205753 0.0148051 0.0152552
0 0.000149856 0.0148733 0.0154156
0 0.000373802 0.0150987 0.0156892
0 0.000679379 0.0153008 0.0158848
0 0.000919587 0.0153548 0.0158757
0 0.00104526 0.0152318 0.015641
0 0.00110879 0.0150003 0.0152668
0 0.00116434 0.0147271 0.014842
0 0.00120698 0.0144196 0.0143949
0 0.00123421 0.0140898 0.0139541
0 0.00125957 0.0137675 0.0135592
0 0.00130025 0.0134885 0.013248
0 0.0013623 0.0132813 0.0130416
0 0.00143298 0.0131556 0.0129364
0 0.00148787 0.0131058 0.0129116
0 0.00148858 0.0131038 0.0129286
0 0.00143126 0.0131444 0.0129786
0 0.00134257 0.013242 0.0130796
0 0.00122489 0.0133782 0.0132217
0 0.00106563 0.0135144 0.0133766
0 0.000848301 0.0136049 0.013507
0 0.000561511 0.0136087 0.0135753
0 0.000231126 0.0135233 0.0135757
0 -9.14143e-05 0.0133751 0.0135252
0 -0.000371598 0.0131798 0.0134248
0 -0.000599325 0.0129367 0.013256
0 -0.000744273 0.0126736 0.0130296
0 -0.000739113 0.0124635 0.0128067
0 -0.00057964 0.0123268 0.0126038
0 -0.000353588 0.0122006 0.0123634
0 -0.000142952 0.0120304 0.012044
0 2.55955e-05 0.0118156 0.0116636
0 0.000180602 0.0116079 0.0112961
0 0.000347669 0.0114542 0.0110105
0 0.000501624 0.0113495 0.0108188
0 0.000613551 0.0112836 0.0107186
0 0.000694883 0.0112828 0.0107342
0 0.000801614 0.0114138 0.0109221
0 0.00100093 0.0117517 0.0113426
0 0.00131942 0.0123294 0.0120127
0 0.00171215 0.0131055 0.0128784
0 0.002056 0.0139533 0.0138071
0 0.00219265 0.0146967 0.0146253
0 0.0020068 0.0151826 0.0151888
0 0.00148914 0.0153457 0.0154436
0 0.000776466 0.0152568 0.0154699
0 9.29862e-05 0.0150729 0.0154265
0 -0.000399233 0.0149007 0.0154095
0 -0.000613295 0.0147969 0.0154519
0 -0.000498225 0.0148123 0.0155736
0 -9.20739e-05 0.0149389 0.0157362
0 0.000493034 0.0151175 0.0158599
0 0.00114108 0.0152922 0.0158854
0 0.00178646 0.0154523 0.015819
0 0.00241496 0.0156298 0.0157273
0 0.00299144 0.0158283 0.0156576
0 0.00345075 0.016014 0.0156219
0 0.00375468 0.0161711 0.0156444
0 0.00387634 0.0162857 0.0157341
0 0.00375225 0.0162953 0.0158294
0 0.00331953 0.0161214 0.0158317
0 0.00261126 0.0157651 0.0157076
0 0.00175527 0.01531 0.0155013
0 0.000807845 0.0147598 0.0151786
0 -0.000271265 0.0140161 0.0146088
0 -0.00140252 0.0130918 0.0137839
0 -0.00233273 0.0121716 0.01288
0 -0.0028064 0.0114639 0.0121069
0 -0.00267469 0.0111109 0.0116153
0 -0.00186964 0.0112209 0.0115279
0 -0.000397878 0.0118758 0.0119441
0 0.0016087 0.0130752 0.0128814
0 0.00391272 0.0147445 0.0142836
0 0.00621739 0.0167526 0.0160466
0 0.00820197 0.0188932 0.0180065
0 0.00956837 0.0209276 0.0199732
0 0.0100956 0.022652 0.0217831
0 0.00971224 0.0239321 0.0233238
0 0.00847424 0.0246793 0.0245106
0 0.00655117 0.0248667 0.0252988
0 0.00428261 0.0246113 0.0257535
0 0.00204331 0.0240822 0.0259578
0 5.8853e-05 0.0233348 0.0258604
0 -0.00161326 0.022301 0.0252881
0 -0.0030395 0.0208392 0.0240221
0 -0.0042745 0.0188528 0.021931
0 -0.00520492 0.0164532 0.0191315
0 -0.00558868 0.0139195 0.0159434
0 -0.00526204 0.0115049 0.0126883
0 -0.00422443 0.00938 0.00962505
0 -0.00258992 0.00764196 0.00695285
0 -0.000614353 0.00627594 0.0047433
0 0.0013239 0.00515282 0.00293412
0 0.00291608 0.00416547 0.00147949
0 0.00404336 0.00335866 0.000450766
0 0.00467434 0.00282426 -7.07047e-05
0 0.00475897 0.00257979 -0.000105384
0 0.00420296 0.00254315 0.000199892
0 0.00295462 0.00258882 0.000660268
0 0.00119288 0.00273336 0.00125383
0 -0.000656069 0.00318532 0.00216913
0 -0.00212731 0.00417041 0.00362666
0 -0.00290352 0.00578806 0.00572222
0 -0.00285393 0.00800552 0.00841254
0 -0.00201656 0.0106949 0.0115424
0 -0.000552664 0.0136865 0.0149017
0 0.00132058 0.0168031 0.0182819
0 0.00334855 0.0198296 0.0214496
0 0.00525408 0.0225411 0.0241802
0 0.00679267 0.0247633 0.026324
0 0.00787029 0.0264435 0.0278711
0 0.00861008 0.0277227 0.0290161
0 0.00914857 0.0287488 0.029957
0 0.00941499 0.0294458 0.0306486
0 0.00928819 0.0296787 0.030966
0 0.00878818 0.0294475 0.0308976
0 0.00791262 0.0287137 0.0303741
0 0.00654117 0.0273051 0.0291781
0 0.00459429 0.0250733 0.0271098
0 0.00213628 0.0220014 0.0241064
0 -0.000543824 0.0182927 0.020338
0 -0.00302431 0.0143076 0.016146
0 -0.00510685 0.010241 0.0117188
0 -0.00682507 0.0060546 0.00702597
0 -0.00821055 0.00172881 0.00207272
0 -0.00932018 -0.00270294 -0.00306788
0 -0.0101989 -0.00718373 -0.0082962
0 -0.0107515 -0.0115092 -0.0133574
0 -0.0108026 -0.0153744 -0.0178815
0 -0.0102582 -0.0185645 -0.0216013
0 -0.0092324 -0.0210639 -0.0244691
0 -0.00800798 -0.023015 -0.0266131
0 -0.00683743 -0.0245417 -0.0281723
0 -0.00578758 -0.0256013 -0.029141
0 -0.00475854 -0.025999 -0.0293767
0 -0.00365708 -0.0255616 -0.0287657
0 -0.00259249 -0.024331 -0.0273984
0 -0.00182918 -0.0225449 -0.0255305
0 -0.00152047 -0.0204132 -0.0233388
0 -0.00160784 -0.0180166 -0.0208281
0 -0.00189619 -0.0153614 -0.017919
0 -0.00206459 -0.0123494 -0.0144497
0 -0.00174096 -0.00880237 -0.0102274
0 -0.000746194 -0.00467281 -0.00525305
0 0.000764959 -0.000168866 0.00017116
0 0.00252476 0.00444643 0.00566141
0 0.00446545 0.00911231 0.0110348
0 0.00667776 0.0139324 0.0163163
0 0.00917499 0.0189809 0.0215544
0 0.0117132 0.0240677 0.0265897
0 0.0138772 0.0287992 0.0311138
0 0.015437 0.0329587 0.0350195
0 0.0164294 0.0365621 0.038435
0 0.0169311 0.0396433 0.0414838
0 0.0168954 0.042114 0.0441209
0 0.0162078 0.0438041 0.0461661
0 0.0148609 0.0446398 0.0474851
0 0.0129669 0.0446546 0.0480195
0 0.0107629 0.0439869 0.0478087
0 0.00870402 0.0429898 0.0471226
0 0.00728967 0.0420753 0.0463218
0 0.00682774 0.0414955 0.0456448
0 0.00744675 0.0413823 0.0452417
0 0.00912365 0.0418055 0.0452191
0 0.0115939 0.0426869 0.0455467
0 0.0143439 0.0437524 0.0460071
0 0.0168671 0.0447432 0.0464021
0 0.018862 0.0455768 0.0467143
0 0.020124 0.0462014 0.0469591
0 0.0204466 0.0464803 0.0470575
0 0.0196937 0.0462584 0.0468909
0 0.0178809 0.0454383 0.0463677
0 0.0151615 0.0439808 0.0454211
0 0.0117566 0.0418636 0.0439652
0 0.00791651 0.0390727 0.0418891
0 0.00393877 0.0356592 0.0391244
0 0.000200674 0.0317983 0.0357233
0 -0.00287784 0.0277657 0.0318562
0 -0.00506981 0.0237328 0.0276268
0 -0.00653634 0.0195862 0.022907
0 -0.00759575 0.0150855 0.0174955
0 -0.00840672 0.0101571 0.011402
0 -0.00895634 0.00496708 0.00491334
0 -0.00919202 -0.00026069 -0.00160023
0 -0.00923028 -0.00548177 -0.00795084
0 -0.00936836 -0.0108302 -0.0141501
0 -0.00981741 -0.016397 -0.0202147
0 -0.0105934 -0.0221168 -0.0260782
0 -0.0116098 -0.0278425 -0.031653
0 -0.0127929 -0.033462 -0.0369349
0 -0.0140986 -0.0389086 -0.0419943
0 -0.0154735 -0.044123 -0.0469025
0 -0.0169324 -0.0491391 -0.0517927
0 -0.018538 -0.0540667 -0.0568213
0 -0.0202102 -0.0588885 -0.0619625
0 -0.0216796 -0.0634189 -0.0669715
0 -0.0226695 -0.0674799 -0.0715546
0 -0.023074 -0.0710199 -0.0755216
0 -0.022896 -0.0740502 -0.0787848
0 -0.0221125 -0.0765251 -0.0812712
0 -0.0207219 -0.0783633 -0.0829332
0 -0.0188223 -0.0795413 -0.0838064
0 -0.0165557 -0.0800524 -0.0839577
0 -0.0140238 -0.0798277 -0.083414
0 -0.0112945 -0.078762 -0.0821589
0 -0.0085441 -0.0768646 -0.0802488
0 -0.00607913 -0.074304 -0.0778443
0 -0.00411526 -0.0712357 -0.0750334
0 -0.00270167 -0.0677581 -0.0717891
0 -0.00180727 -0.063987 -0.0680675
0 -0.00138332 -0.0600931 -0.0638915
0 -0.0013736 -0.0562632 -0.0593683
0 -0.00164312 -0.0525795 -0.0546083
0 -0.00195713 -0.0489838 -0.0496866
0 -0.0020455 -0.0453381 -0.0446565
0 -0.00175804 -0.0415633 -0.0396534
0 -0.00120428 -0.0377988 -0.0350114
0 -0.000561127 -0.0342667 -0.0310597
0 0.000200715 -0.0309882 -0.0278297
0 0.00120705 -0.0278849 -0.0251598
0 0.00244025 -0.0250269 -0.0229556
0 0.0038483 -0.0224974 -0.0211084
0 0.00557553 -0.020148 -0.0192899
0 0.00779942 -0.0177418 -0.0171378
0 0.0104322 -0.0152367 -0.014571
0 0.0131783 -0.0127349 -0.0117392
0 0.0158596 -0.0101865 -0.00870679
0 0.0185892 -0.00725488 -0.00527852
0 0.0215184 -0.00360224 -0.0012376
0 0.0245161 0.00075304 0.00333374
0 0.0273061 0.00553679 0.00817396
0 0.0297347 0.0105042 0.0131144
0 0.031695 0.0154241 0.0180236
0 0.0330374 0.0200241 0.0227104
0 0.033662 0.0241171 0.0270233
0 0.033544 0.0276314 0.030875
0 0.0326939 0.030526 0.034173
0 0.0311998 0.032825 0.0368722
0 0.029251 0.0346435 0.0390204
0 0.0270507 0.0360739 0.0406614
0 0.0247157 0.0371035 0.0417629
0 0.0222883 0.0376418 0.0422463
0 0.0198879 0.0376589 0.0421186
0 0.0177121 0.0372104 0.0414849
0 0.0158756 0.036295 0.0403896
0 0.0144078 0.0348524 0.0388053
0 0.0132662 0.0327926 0.0366536
0 0.0122277 0.0299134 0.0337048
0 0.0109328 0.0259511 0.0296271
0 0.00912618 0.020785 0.0242107
0 0.00684785 0.014592 0.0175524
0 0.00439298 0.00782393 0.0100639
0 0.00212983 0.000964698 0.00224912
0 0.0002778 -0.00571411 -0.00553795
0 -0.00121875 -0.0121765 -0.0131437
0 -0.00250953 -0.0184879 -0.0205074
0 -0.00369833 -0.0247026 -0.0275578
0 -0.00483748 -0.0308115 -0.0341974
0 -0.00582214 -0.0366597 -0.0402488
0 -0.00638823 -0.0419305 -0.0454349
0 -0.00638212 -0.0463904 -0.0496214
0 -0.00600135 -0.0501441 -0.0530423
0 -0.00564167 -0.0534907 -0.056123
0 -0.00558364 -0.0566181 -0.0591504
0 -0.00584977 -0.0595105 -0.0621477
0 -0.0062763 -0.0620203 -0.0649331
0 -0.00669223 -0.0640031 -0.0672832
0 -0.00696305 -0.0653694 -0.0690237
0 -0.00698214 -0.0660488 -0.0700104
0 -0.00675869 -0.066067 -0.0702062
0 -0.00642151 -0.0655644 -0.0697075
0 -0.00602838 -0.0646047 -0.0685682
0 -0.00545154 -0.063078 -0.0667044
0 -0.00460774 -0.0609251 -0.0641041
0 -0.00368837 -0.0583662 -0.0610389
0 -0.00299326 -0.0557474 -0.057903
0 -0.00251933 -0.0531375 -0.0548065
0 -0.00187169 -0.050235 -0.0514759
0 -0.000641542 -0.0467164 -0.0475963
0 0.00132609 -0.0424773 -0.0430573
0 0.00394876 -0.0376079 -0.0379355
0 0.00703399 -0.0322615 -0.0323695
0 0.0103553 -0.0265756 -0.0264783
0 0.0136463 -0.020755 -0.0204419
0 0.0165859 -0.0151061 -0.0145409
0 0.0188044 -0.00994529 -0.00907084
0 0.0200668 -0.00549628 -0.00424989
0 0.0203984 -0.00179619 -0.000128968
0 0.0200017 0.00128823 0.00339727
0 0.0191722 0.00394556 0.00648156
0 0.0181628 0.00630819 0.00922029
0 0.0169838 0.0082781 0.0114857
0 0.015486 0.00958556 0.0129874
0 0.0136752 0.0101134 0.0136003
0 0.0117292 0.00991714 0.0133884
0 0.00983459 0.00906015 0.0124389
0 0.00821402 0.00766247 0.0109063
0 0.00716654 0.00596001 0.0090553
0 0.00686613 0.00413999 0.00707377
0 0.00721494 0.00222032 0.00494456
0 0.00806353 0.0002448 0.00265482
0 0.0093269 -0.00162905 0.000309514
0 0.0107945 -0.00334587 -0.00205864
0 0.0121663 -0.00496229 -0.00447763
0 0.0132263 -0.00650583 -0.006889
0 0.0138435 -0.00797068 -0.00917203
0 0.014052 -0.00924138 -0.0110924
0 0.0140868 -0.0100532 -0.0122789
0 0.014139 -0.0102026 -0.0124743
0 0.0141985 -0.00969984 -0.0116974
0 0.0141996 -0.00863191 -0.0100926
0 0.014176 -0.00700877 -0.0077656
0 0.0142013 -0.00482851 -0.00482031
0 0.0142401 -0.00222861 -0.00148346
0 0.0141902 0.000565143 0.00195235
0 0.0139929 0.00335093 0.00524736
0 0.0135114 0.00582427 0.0080959
0 0.0124637 0.00752245 0.0100557
0 0.0106798 0.0080863 0.010795
0 0.00844835 0.00762246 0.010448
0 0.00632899 0.00653155 0.009434
0 0.00454344 0.00490668 0.00785407
0 0.00296495 0.00254825 0.0054991
0 0.00148006 -0.000661835 0.00221439
0 7.858e-05 -0.00465895 -0.00199353
0 -0.00106395 -0.00914384 -0.00688639
0 -0.00172228 -0.0137413 -0.0121299
0 -0.0019212 -0.0182812 -0.0175508
0 -0.00176612 -0.0226688 -0.0229936
0 -0.00129857 -0.0267525 -0.028208
0 -0.00067878 -0.0305193 -0.0330517
0 -0.000155911 -0.0340938 -0.0374997
0 0.000110092 -0.0375433 -0.0415076
0 6.76107e-05 -0.0408542 -0.045013
0 -0.000312242 -0.044004 -0.048014
0 -0.00109514 -0.0470155 -0.050628
0 -0.00241675 -0.0500019 -0.0531047
0 -0.00435675 -0.0530509 -0.0556774
0 -0.00673813 -0.0560416 -0.0583472
0 -0.00922696 -0.0587439 -0.0609538
0 -0.0116013 -0.0610707 -0.0634175
0 -0.0138106 -0.0631186 -0.0657805
0 -0.0158081 -0.0649831 -0.0680398
0 -0.0174845 -0.066672 -0.0700946
0 -0.0187648 -0.0681798 -0.0718544
0 -0.0195411 -0.0694155 -0.0731897
0 -0.0195715 -0.0701107 -0.0738439
0 -0.0186199 -0.0699528 -0.0735552
0 -0.0166082 -0.0687239 -0.0721776
0 -0.0135997 -0.0662924 -0.0696519
0 -0.00966556 -0.0625054 -0.0658757
0 -0.00490246 -0.0572318 -0.0607225
0 0.000309506 -0.05065 -0.0543155
0 0.00545371 -0.0431354 -0.0469272
0 0.010244 -0.0348999 -0.038641
0 0.014466 -0.0261243 -0.0295099
0 0.0179293 -0.0171181 -0.0197522
0 0.02062 -0.00813778 -0.00961372
0 0.0226197 0.000766683 0.000776903
0 0.0241965 0.00975143 0.0114103
0 0.0256475 0.0189848 0.0222267
0 0.026866 0.0283177 0.0328596
0 0.0275139 0.0373599 0.0427566
0 0.0275494 0.0459918 0.0517259
0 0.0273065 0.0544786 0.0600701
0 0.0271249 0.0630597 0.0681491
0 0.0270218 0.0716298 0.0760441
0 0.0267071 0.0797587 0.0835412
0 0.0258855 0.0869772 0.0903423
0 0.0244289 0.0930157 0.0962493
0 0.0222589 0.0977332 0.101126
0 0.0194203 0.101075 0.104894
0 0.0162312 0.10318 0.107611
0 0.0130518 0.104264 0.109355
0 0.0100541 0.104414 0.110044
0 0.0072759 0.103589 0.109523
0 0.00475239 0.101716 0.107683
0 0.00251546 0.0987212 0.104449
0 0.000596645 0.094614 0.0998355
0 -0.000839771 0.0896433 0.0941002
0 -0.0015102 0.0843204 0.0877607
0 -0.0011713 0.0791787 0.0813697
0 0.000219103 0.0745683 0.0753313
0 0.00245958 0.0706309 0.0699124
0 0.00525028 0.0673759 0.0652945
0 0.00822898 0.0647203 0.0615565
0 0.010879 0.0623862 0.0585552
0 0.0127242 0.0600927 0.0560594
0 0.0136373 0.057871 0.0540589
0 0.0136991 0.0559071 0.0526371
0 0.0129001 0.0542553 0.0516846
0 0.0111878 0.0528511 0.0509624
0 0.0085968 0.0516112 0.0502551
0 0.00529167 0.0504611 0.0494358
0 0.00157025 0.0493505 0.048495
0 -0.00232831 0.0481134 0.0473692
0 -0.00635665 0.0463899 0.04581
0 -0.0103857 0.0439551 0.0436549
0 -0.0139995 0.0409662 0.0410496
0 -0.0167273 0.0377752 0.0382705
0 -0.0182806 0.0346936 0.0355027
0 -0.0185785 0.0319173 0.0328007
0 -0.0177417 0.0295261 0.0301305
0 -0.0160227 0.0275372 0.0274585
0 -0.0136561 0.0259884 0.0248698
0 -0.0108576 0.0249014 0.022535
0 -0.0078651 0.024237 0.0206334
0 -0.00482838 0.0240079 0.0194075
0 -0.00182219 0.0242875 0.0190983
0 0.00100412 0.0250766 0.0197725
0 0.00345745 0.0263347 0.0213578
0 0.00540864 0.0280902 0.0237671
0 0.00674875 0.0303503 0.0268473
0 0.00735107 0.0330069 0.0303404
0 0.00714442 0.0359016 0.0339866
0 0.00625781 0.0389572 0.0376744
0 0.00508449 0.0422647 0.0415228
0 0.00406892 0.0459311 0.0457079
0 0.00343729 0.0498603 0.0502064
0 0.00314592 0.0537596 0.0547545
0 0.00310243 0.0573743 0.0590733
0 0.00345168 0.060751 0.0631499
0 0.00447207 0.0641476 0.0671527
0 0.00625253 0.0676981 0.0711297
0 0.00870247 0.0714041 0.0750265
0 0.0117742 0.0753492 0.0789113
0 0.015471 0.0796888 0.0829777
0 0.0196852 0.0844884 0.0873715
0 0.0241977 0.0897019 0.0921509
0 0.0287634 0.0952178 0.0973144
0 0.0329604 0.100677 0.1026
0 0.0362112 0.105492 0.107489
0 0.038212 0.109308 0.111649
0 0.0390766 0.112189 0.11511
0 0.0390644 0.114367 0.118007
0 0.0383291 0.115967 0.120338
0 0.0368863 0.11695 0.121937
0 0.0347971 0.117288 0.122682
0 0.0322964 0.117084 0.12263
0 0.0296376 0.116427 0.121877
0 0.0268927 0.1152 0.120372
0 0.0240295 0.11316 0.117967
0 0.0210409 0.110109 0.114552
0 0.0179431 0.105933 0.110069
0 0.0148193 0.100641 0.104537
0 0.0117486 0.0943266 0.0979959
0 0.00867436 0.0870615 0.090414
0 0.00555564 0.0790037 0.0818386
0 0.00260102 0.0705117 0.0725583
0 0.00012224 0.0620191 0.0630009
0 -0.00170235 0.0538534 0.0535668
0 -0.00279452 0.046201 0.0445716
0 -0.00318904 0.0391191 0.0362384
0 -0.00297315 0.0325996 0.0287403
0 -0.0021909 0.026673 0.0222276
0 -0.00093763 0.0213613 0.016757
0 0.000596573 0.0166149 0.0122309
0 0.00217261 0.012354 0.00843935
0 0.00355089 0.00850282 0.00514007
0 0.00452252 0.00499518 0.00210286
0 0.00493716 0.00177946 -0.000848515
0 0.00475564 -0.00114125 -0.00376876
0 0.00402479 -0.00373682 -0.00661681
0 0.00274416 -0.00608028 -0.00939673
0 0.000946986 -0.0082579 -0.012086
0 -0.00106248 -0.0101279 -0.0144127
0 -0.00282745 -0.0114143 -0.0159734
0 -0.0040486 -0.0119768 -0.016537
0 -0.00464419 -0.0118482 -0.0161131
0 -0.00464509 -0.0111148 -0.0148412
0 -0.00412223 -0.00984579 -0.0129022
0 -0.0031669 -0.0080943 -0.0104849
0 -0.00180863 -0.00583225 -0.00768706
0 4.40775e-05 -0.00290836 -0.00444529
0 0.00238656 0.000724243 -0.000739048
0 0.00494503 0.00482973 0.0032387
0 0.00740649 0.00910666 0.00728707
0 0.00970371 0.0134703 0.0114504
0 0.011966 0.0180188 0.0159503
0 0.0142482 0.0227966 0.0209188
0 0.0165146 0.0277554 0.0263397
0 0.018748 0.0328523 0.0321416
0 0.0208116 0.0379744 0.0381346
0 0.022466 0.0429126 0.0439958
0 0.0235204 0.047463 0.0493997
0 0.0238177 0.0514325 0.0540587
0 0.0232985 0.0546772 0.057767
0 0.0221269 0.0572281 0.0605388
0 0.0206617 0.0592908 0.0626114
0 0.0192258 0.061026 0.0642086
0 0.0178992 0.0623599 0.0653393
0 0.0166019 0.0630803 0.0658726
0 0.0152951 0.0630357 0.0657201
0 0.0141149 0.0622785 0.0649683
0 0.0134293 0.0611421 0.0639429
0 0.0136003 0.0600331 0.0629914
0 0.0145581 0.0590295 0.0620878
0 0.0158774 0.0579371 0.0609206
0 0.0172377 0.0566945 0.0593385
0 0.0184852 0.0553903 0.0574036
0 0.0194339 0.0540333 0.0551754
0 0.0198753 0.0525361 0.052685
0 0.0196699 0.0508 0.0499987
0 0.0186747 0.0486595 0.0471178
0 0.0167006 0.0458493 0.0439034
0 0.0136666 0.0421637 0.0402145
0 0.00968921 0.0375984 0.0360195
0 0.00506998 0.0323156 0.0313627
0 0.000240661 0.0265729 0.0263304
0 -0.0043444 0.0206935 0.0210594
0 -0.0082812 0.0150078 0.0157109
0 -0.011308 0.00976982 0.0104122
0 -0.0133424 0.00510672 0.00523969
0 -0.0143972 0.00106794 0.000289036
0 -0.0145243 -0.00234117 -0.00429434
0 -0.0139345 -0.005281 -0.00846452
0 -0.0129914 -0.00804671 -0.0122942
0 -0.0118453 -0.0107149 -0.0156774
0 -0.0103011 -0.0129986 -0.0182307
0 -0.00814917 -0.0145513 -0.0196156
0 -0.00543046 -0.0152319 -0.0197943
0 -0.00243999 -0.0151148 -0.0190065
0 0.000429482 -0.0143648 -0.0176
0 0.0029042 -0.0130608 -0.0158116
0 0.00487135 -0.0111735 -0.0137114
0 0.00625654 -0.00871492 -0.0113286
0 0.00702166 -0.00578553 -0.00867578
0 0.00724611 -0.00249643 -0.00568299
0 0.0071298 0.00107952 -0.00220665
0 0.00694766 0.00492415 0.00191276
0 0.00695158 0.00903442 0.00675293
0 0.00728923 0.0133837 0.0122443
0 0.00806765 0.0179658 0.0182361
0 0.00941527 0.022871 0.0245977
0 0.0114179 0.0282467 0.031229
0 0.0140391 0.0341421 0.0379874
0 0.017077 0.0404476 0.0446539
0 0.0202174 0.0469386 0.0510065
0 0.0231611 0.0533577 0.0569078
0 0.0256589 0.0594576 0.0623011
0 0.0274762 0.0649707 0.0671396
0 0.0283933 0.0696197 0.0713434
0 0.028204 0.0731288 0.0747646
0 0.0268152 0.0753186 0.0772627
0 0.0244243 0.076283 0.0788755
0 0.0214048 0.076283 0.0797319
0 0.0180864 0.0755265 0.0798678
0 0.0148044 0.0742219 0.0793161
0 0.0118999 0.0725878 0.0781524
0 0.00953959 0.0706682 0.0763404
0 0.00776998 0.0684022 0.0738114
0 0.00671772 0.0658716 0.0706942
0 0.00651919 0.0632562 0.0672466
0 0.00711821 0.0606317 0.063632
0 0.00823587 0.0579241 0.0598633
0 0.00947735 0.0549851 0.0558726
0 0.0104568 0.0516853 0.0516019
0 0.0109159 0.0479903 0.0470848
0 0.0107743 0.0439996 0.0424707
0 0.0101018 0.0399093 0.0379805
0 0.00903207 0.0359108 0.0338086
0 0.00764091 0.0321149 0.0300254
0 0.00600238 0.0286079 0.0266518
0 0.00433451 0.0255829 0.0238119
0 0.00288677 0.0232524 0.0216513
0 0.00175794 0.0216733 0.0201793
0 0.000943711 0.0207976 0.0193226
0 0.0004689 0.0206002 0.019058
0 0.000424005 0.0211124 0.0194521
0 0.000848103 0.0223145 0.0205433
0 0.00158433 0.0240002 0.022189
0 0.00239275 0.0258918 0.0241596
0 0.00322337 0.0279083 0.0263947
0 0.0042461 0.0301981 0.0290328
0 0.00561547 0.0329127 0.0321885
0 0.00733136 0.036072 0.0358262
0 0.00927406 0.0395953 0.0398059
0 0.0112141 0.0433045 0.0439048
0 0.0128587 0.0469127 0.0478143
0 0.0139635 0.0501297 0.0512535
0 0.0144156 0.0527904 0.0540929
0 0.014206 0.0547799 0.0562616
0 0.0133119 0.055929 0.0576265
0 0.0117016 0.0560586 0.0580257
0 0.00943801 0.0550707 0.0573543
0 0.00675184 0.0530429 0.0556566
0 0.00400251 0.0502001 0.0531023
0 0.00151199 0.0467794 0.0498573
0 -0.000531332 0.0429641 0.0460299
0 -0.00203006 0.038888 0.0416881
0 -0.00297478 0.0346382 0.0368773
0 -0.00341907 0.0303202 0.0317029
0 -0.00335532 0.0261184 0.0264099
0 -0.00280044 0.0221835 0.021261
0 -0.00192092 0.0185309 0.0164126
0 -0.000853637 0.0151819 0.0120438
0 0.000406319 0.0122708 0.00842179
0 0.0018274 0.00989889 0.00571557
0 0.00327382 0.00806594 0.00392307
0 0.00457239 0.00673621 0.00293343
0 0.00546364 0.00578392 0.00249231
0 0.00567916 0.00504339 0.00228662
0 0.00519634 0.00454089 0.00220837
0 0.00425956 0.0044866 0.00238879
0 0.00316032 0.00504146 0.00299336
0 0.00210351 0.00620476 0.00410355
0 0.00121733 0.00785748 0.00572557
0 0.000617002 0.00986778 0.0078507
0 0.000513719 0.0122383 0.0105615
0 0.00122124 0.0151462 0.0140439
0 0.00295566 0.0187713 0.0184104
0 0.00569396 0.0231527 0.0235845
0 0.00919625 0.0282149 0.0293572
0 0.0131227 0.0338053 0.0354568
0 0.0171412 0.0397117 0.0416087
0 0.0208973 0.045705 0.0475963
0 0.0240329 0.0515165 0.0532343
0 0.0262609 0.056837 0.0583429
0 0.0274029 0.0614251 0.062814
0 0.0274737 0.0651932 0.0666652
0 0.0266767 0.0682011 0.0700101
0 0.0252842 0.0705839 0.0729711
0 0.0235901 0.0725097 0.0756385
0 0.021865 0.0741398 0.0780483
0 0.020235 0.0755179 0.080105
0 0.0187019 0.0765684 0.0816187
0 0.0172526 0.0771932 0.0824311
0 0.0158524 0.0772563 0.0824045
0 0.0144328 0.0765781 0.0814003
0 0.012945 0.0750134 0.0793516
0 0.0114371 0.0725284 0.0763275
0 0.0100635 0.0692411 0.0725274
0 0.00893258 0.065323 0.0681505
0 0.00803085 0.0609045 0.0633007
0 0.00732592 0.0561416 0.0580783
0 0.00680369 0.0512492 0.0526409
0 0.00643616 0.0464124 0.0471378
0 0.00616344 0.0417278 0.0416749
0 0.0058687 0.0372203 0.0363291
0 0.00540242 0.0328438 0.031139
0 0.00460967 0.028483 0.0260945
0 0.00335697 0.0240174 0.0211565
0 0.00158044 0.0193661 0.0162854
0 -0.000693332 0.0145085 0.0114573
0 -0.00334395 0.0095077 0.00668099
0 -0.00619812 0.00447168 0.00197562
0 -0.00909957 -0.00051307 -0.00267909
0 -0.0118474 -0.00530952 -0.00724805
0 -0.0141271 -0.00965282 -0.0115395
0 -0.0156669 -0.0133032 -0.0153441
0 -0.0163749 -0.0161875 -0.0185704
0 -0.0162556 -0.0183209 -0.0211719
0 -0.0152882 -0.019679 -0.0230346
0 -0.0134486 -0.0201956 -0.0239957
0 -0.0108224 -0.0198618 -0.0239666
0 -0.00761926 -0.0187458 -0.0229711
0 -0.00400903 -0.0168369 -0.020998
0 -1.31417e-06 -0.0139358 -0.0178882
0 0.00442808 -0.0097989 -0.0134634
0 0.00916595 -0.00432638 -0.00768883
0 0.0139609 0.00241883 -0.000661076
0 0.0184633 0.0102295 0.00743646
0 0.0223736 0.0187561 0.0163326
0 0.0255672 0.0276422 0.0257697
0 0.0280188 0.0366804 0.0356241
0 0.0298473 0.0457693 0.0458342
0 0.0311951 0.0548041 0.0562405
0 0.0319835 0.0635885 0.0664976
0 0.0320076 0.0718189 0.0761128
0 0.0310484 0.079179 0.0845688
0 0.0289105 0.0853821 0.0914301
0 0.0256009 0.0902396 0.0964817
0 0.0214295 0.0937549 0.0997941
0 0.0168621 0.0960749 0.101606
0 0.0123573 0.0974211 0.102255
0 0.00840212 0.0980257 0.102147
0 0.00544022 0.098031 0.101619
0 0.00367656 0.0974892 0.100844
0 0.00314398 0.0964214 0.0998529
0 0.0037437 0.094825 0.0985481
0 0.00518686 0.0927067 0.0967361
0 0.00708219 0.0901363 0.0942204
0 0.00907356 0.0872501 0.0909097
0 0.0108587 0.084156 0.0868214
0 0.0121722 0.0808787 0.0820629
0 0.0128534 0.0774073 0.0768521
0 0.0128202 0.0737166 0.0714605
0 0.0120492 0.0697797 0.0661608
0 0.0106056 0.0655952 0.0611964
0 0.00856457 0.0611838 0.0566892
0 0.00603098 0.0566046 0.0526462
0 0.00320982 0.0520164 0.0490466
0 0.000313537 0.0476167 0.0458116
0 -0.00247126 0.043579 0.0428219
0 -0.00490736 0.0401151 0.0400449
0 -0.00668898 0.0374954 0.037602
0 -0.00749065 0.0359999 0.0357449
0 -0.00708703 0.0358131 0.0347498
0 -0.00547236 0.0369192 0.0347975
0 -0.00287077 0.0391099 0.0359332
0 0.000330219 0.0420667 0.0380812
0 0.00366548 0.045434 0.0410589
0 0.00668202 0.0488898 0.0446133
0 0.00904006 0.0522295 0.0485042
0 0.0106124 0.0554219 0.0525859
0 0.0114916 0.058579 0.0568148
0 0.0118845 0.0618578 0.0611885
0 0.0120178 0.065374 0.0656956
0 0.0120935 0.0691678 0.0703045
0 0.0122588 0.0731978 0.0749484
0 0.0125606 0.077307 0.0794861
0 0.0129052 0.0812111 0.0836886
0 0.0131583 0.0846174 0.0873232
0 0.0132696 0.0873529 0.090258
0 0.0132367 0.0893343 0.0924307
0 0.0130187 0.0904671 0.0937485
0 0.0125508 0.090648 0.0940952
0 0.0118518 0.0898709 0.0934424
0 0.0110656 0.0882794 0.0918991
0 0.0103757 0.0861009 0.0896446
0 0.0099001 0.0835428 0.0868397
0 0.00966843 0.0807604 0.0836078
0 0.00968128 0.0779001 0.0800948
0 0.00995787 0.0751379 0.076513
0 0.0105449 0.0726758 0.0731358
0 0.0114748 0.0706861 0.0702355
0 0.0126937 0.0692527 0.0680018
0 0.0140559 0.0683735 0.0665243
0 0.0153801 0.0679947 0.0658175
0 0.0164795 0.0680451 0.0658276
0 0.0171901 0.0684582 0.0664525
0 0.0174521 0.0692253 0.0676183
0 0.0173002 0.0703697 0.0692737
0 0.0167856 0.0718542 0.0713199
0 0.0160044 0.0736201 0.07366
0 0.0151394 0.075655 0.0762656
0 0.0143902 0.0779466 0.0791223
0 0.013892 0.0804195 0.0821555
0 0.0137106 0.0829544 0.0852415
0 0.0138442 0.0854193 0.0882256
0 0.0141913 0.0876404 0.0908924
0 0.0145728 0.0894058 0.0929866
0 0.0148471 0.0905613 0.0943233
0 0.0149774 0.0910646 0.0948496
0 0.0149606 0.0909111 0.0945719
0 0.0147821 0.0900961 0.0935095
0 0.0144793 0.0886831 0.0917557
0 0.014146 0.0868147 0.0894831
0 0.0138384 0.084619 0.0868454
0 0.0135541 0.0821858 0.083951
0 0.0133006 0.0796301 0.0809265
0 0.0130918 0.0770792 0.0779087
0 0.0128942 0.0746064 0.0749831
0 0.0126405 0.0722361 0.0721906
0 0.0123112 0.0700226 0.0696051
0 0.0119603 0.068077 0.0673579
0 0.0116674 0.0665131 0.0655807
0 0.0115078 0.0654293 0.0643813
0 0.0115 0.0648729 0.0638011
0 0.0115836 0.0648052 0.0637871
0 0.0116975 0.0651704 0.0642657
0 0.0117925 0.0659035 0.0651573
0 0.0117834 0.0668786 0.0663277
0 0.0116057 0.067964 0.0676424
0 0.0112749 0.0690821 0.0690263
0 0.0108179 0.0701536 0.0704026
0 0.0102123 0.0710468 0.0716359
0 0.009442 0.0716329 0.0725859
0 0.00856214 0.0718584 0.073177
0 0.00766995 0.0717285 0.0733819
0 0.00686843 0.0712793 0.0731966
0 0.00625168 0.0705683 0.0726364
0 0.00585312 0.0696248 0.0716954
0 0.00561807 0.0684229 0.0703277
0 0.00544708 0.066917 0.0684882
0 0.00525821 0.0650927 0.066186
0 0.00499205 0.0629617 0.0634771
0 0.00455899 0.0605012 0.060399
0 0.00385838 0.0576704 0.056973
0 0.00288094 0.0545091 0.0532941
0 0.00172552 0.0511527 0.0495402
0 0.000512368 0.0477516 0.0458782
0 -0.000672132 0.0444218 0.0424116
0 -0.00176242 0.0412584 0.0392032
0 -0.00269642 0.0383529 0.0362988
0 -0.00342656 0.0357812 0.0337269
0 -0.00391969 0.0336025 0.0315089
0 -0.00414672 0.0318696 0.0296766
0 -0.00406886 0.0306422 0.0282891
0 -0.00363996 0.0299896 0.0274344
0 -0.00286069 0.0299427 0.0271752
0 -0.00178784 0.030486 0.0275333
0 -0.000489908 0.0316015 0.028524
0 0.000960716 0.0332725 0.030154
0 0.00247645 0.0354595 0.0323983
0 0.0039244 0.0380574 0.0351622
0 0.00515181 0.0409113 0.038296
0 0.00611019 0.0439316 0.0417089
0 0.00686932 0.0471117 0.0453854
0 0.00749229 0.050412 0.049269
0 0.00798534 0.0537223 0.0532222
0 0.00835903 0.0569364 0.0571047
0 0.0087012 0.0600349 0.0608574
0 0.00915363 0.0630644 0.0644811
0 0.00979854 0.0660213 0.0679318
0 0.0106204 0.0688281 0.071105
0 0.0115676 0.0714061 0.0739063
0 0.012591 0.0736977 0.0762786
0 0.0136465 0.0756648 0.0782061
0 0.0147046 0.0772979 0.0797168
0 0.0157592 0.0786197 0.080879
0 0.016816 0.0796785 0.0817841
0 0.0178497 0.0805098 0.0824944
0 0.0187727 0.081097 0.083005
0 0.0194741 0.081404 0.083276
0 0.0198992 0.0814437 0.0833071
0 0.0200683 0.0812887 0.0831533
0 0.0199954 0.0809853 0.0828446
0 0.0196538 0.0805139 0.0823528
0 0.0190676 0.0798795 0.0816849
0 0.0183175 0.0791236 0.080892
0 0.0174574 0.0782477 0.0799874
0 0.016522 0.0772298 0.078957
0 0.015566 0.0760724 0.0778047
0 0.014664 0.0748093 0.0765561
0 0.0138688 0.0734703 0.0752234
0 0.0131901 0.0720624 0.0737891
0 0.0126388 0.0706129 0.0722557
0 0.0122299 0.0691688 0.0706525
0 0.0119532 0.0677635 0.0690069
0 0.0117821 0.0664191 0.0673507
0 0.0116898 0.0651589 0.0657308
0 0.0116632 0.0640163 0.0642148
0 0.0117019 0.0630325 0.0628821
0 0.0118023 0.0622422 0.0618042
0 0.011936 0.061654 0.0610195
0 0.0120463 0.0612444 0.0605201
0 0.0120583 0.0609655 0.0602558
0 0.0119069 0.0607675 0.0601583
0 0.011591 0.060646 0.0601952
0 0.0111708 0.0606361 0.060373
0 0.0107088 0.0607566 0.060686
0 0.0102419 0.060988 0.0610996
0 0.00979746 0.0612965 0.0615725
0 0.00941417 0.0616583 0.0620795
0 0.00911687 0.0620386 0.0625881
0 0.00889486 0.0623739 0.0630382
0 0.00873989 0.0626144 0.0633796
0 0.0086536 0.0627359 0.0635825
0 0.0086234 0.0627167 0.0636157
0 0.00863284 0.0625468 0.0634578
0 0.0086778 0.062242 0.0631144
0 0.00876023 0.0618343 0.0626117
0 0.00885977 0.06134 0.0619663
0 0.00893134 0.060751 0.0611802
0 0.00892977 0.0600555 0.0602591
0 0.00883278 0.0592593 0.0592306
0 0.00866541 0.0584105 0.0581656
0 0.00845813 0.0575593 0.057135
0 0.00818662 0.0566988 0.0561467
0 0.00779185 0.0557839 0.0551603
0 0.00724433 0.0547914 0.0541474
0 0.00657821 0.0537514 0.0531246
0 0.00584815 0.0527058 0.0521159
0 0.0050892 0.051672 0.0511197
0 0.0043415 0.0506688 0.0501374
0 0.00365428 0.0497225 0.0491834
0 0.00305073 0.0488356 0.048255
0 0.00254124 0.0480015 0.0473476
0 0.00214922 0.0472319 0.0464805
0 0.00188962 0.0465387 0.0456761
0 0.00176505 0.0459313 0.0449539
0 0.00176884 0.0454195 0.0443329
0 0.00188085 0.0450092 0.0438247
0 0.00209859 0.0447296 0.0434615
0 0.00243019 0.0446251 0.043288
0 0.0028343 0.0446928 0.0433003
0 0.00323529 0.0448929 0.0434584
0 0.00359016 0.0452098 0.0437485
0 0.00390763 0.0456676 0.0441991
0 0.00423152 0.0463125 0.0448638
0 0.00459994 0.0471745 0.0457811
0 0.00502733 0.0482529 0.0469575
0 0.00552845 0.0495432 0.0483917
0 0.00610436 0.0510253 0.0500615
0 0.0067189 0.0526418 0.0519017
0 0.00733597 0.0543341 0.0538415
0 0.00794956 0.0560721 0.0558356
0 0.00857665 0.0578466 0.0578616
0 0.00925158 0.0596685 0.0599205
0 0.0100105 0.0615564 0.0620234
0 0.0108702 0.0635105 0.0641673
0 0.0118321 0.0655175 0.0663399
0 0.0128993 0.0675754 0.0685431
0 0.0140572 0.0696792 0.0707769
0 0.0152448 0.0717861 0.0730037
0 0.0163762 0.07383 0.0751634
0 0.0173904 0.0757672 0.0772186
0 0.0182647 0.0775849 0.0791624
0 0.0189866 0.0792728 0.0809882
0 0.0195286 0.0807961 0.0826629
0 0.0198608 0.0821085 0.0841387
0 0.0199812 0.0831823 0.0853833
0 0.0199107 0.0840055 0.0863773
0 0.0196742 0.0845643 0.0870965
0 0.0193067 0.0848519 0.0875231
0 0.0188764 0.0848956 0.0876739
0 0.018477 0.0847536 0.0875983
0 0.018181 0.084473 0.0873378
0 0.0179976 0.084053 0.0868877
0 0.0178894 0.0834654 0.0862171
0 0.0178287 0.0827105 0.0853247
0 0.0177907 0.0818056 0.0842291
0 0.0177184 0.0807435 0.0829291
0 0.0175348 0.0794971 0.0814093
0 0.017163 0.0780327 0.0796533
0 0.0165431 0.0763198 0.0776514
0 0.0156403 0.0743366 0.0754024
0 0.01445 0.0720739 0.0729137
0 0.0130011 0.0695411 0.070203
0 0.0113352 0.0667529 0.0672828
0 0.00948068 0.063713 0.0641438
0 0.00746176 0.0604262 0.0607708
0 0.00534853 0.0569261 0.0571752
0 0.00325538 0.0532774 0.053402
0 0.00129531 0.0495659 0.0495172
0 -0.000426278 0.0458875 0.0455978
0 -0.00184269 0.0423161 0.0417099
0 -0.00293293 0.0388967 0.0379091
0 -0.00369422 0.0356651 0.0342577
0 -0.00414687 0.0326444 0.0308145
0 -0.00432863 0.0298467 0.027629
0 -0.00428507 0.0272828 0.0247431
0 -0.00407368 0.0249552 0.0221804
0 -0.00376229 0.0228584 0.0199422
0 -0.00341261 0.0209937 0.0180215
0 -0.00307046 0.019375 0.0164097
0 -0.00276158 0.0180296 0.015104
0 -0.00248134 0.0170061 0.0141221
0 -0.00221531 0.0163527 0.0134879
0 -0.00197373 0.0160822 0.0132016
0 -0.00178017 0.016183 0.0132522
0 -0.00163681 0.0166455 0.0136466
0 -0.00151803 0.0174598 0.0144097
0 -0.00138747 0.0186029 0.0155639
0 -0.00121289 0.0200314 0.0171074
0 -0.000964598 0.0216945 0.0190143
0 -0.000608362 0.0235538 0.0212455
0 -0.000109611 0.025584 0.0237468
0 0.000558087 0.0277689 0.0264503
0 0.00140384 0.0300923 0.0292769
0 0.00242052 0.0325345 0.0321471
0 0.00360813 0.03509 0.0350146
0 0.00498709 0.0377783 0.037886
0 0.0065676 0.0406171 0.0407919
0 0.00830345 0.0435807 0.0437392
0 0.0101009 0.0466078 0.0467125
0 0.011908 0.0496629 0.0497289
0 0.0137159 0.0527385 0.0528306
0 0.0154683 0.0558096 0.0560269
0 0.0171116 0.058862 0.0593153
0 0.0186527 0.0619299 0.0627179
0 0.0201081 0.0650647 0.0662531
0 0.0214888 0.0683036 0.0699148
0 0.0227977 0.0716617 0.0736759
0 0.0240006 0.0751106 0.077474
0 0.0250176 0.0785593 0.0811988
0 0.0257687 0.0818996 0.0847403
0 0.0262401 0.0850756 0.0880561
0 0.0264692 0.0880699 0.0911527
0 0.0264857 0.0908516 0.0940259
0 0.0262947 0.0933648 0.0966415
0 0.025887 0.0955382 0.0989413
0 0.0252772 0.0973251 0.10088
0 0.0245297 0.0987289 0.102453
0 0.0237283 0.0997707 0.103671
0 0.0229351 0.100452 0.10452
0 0.0221868 0.100757 0.104966
0 0.0215172 0.100675 0.104982
0 0.0209663 0.100213 0.104561
0 0.0205676 0.0993946 0.103716
0 0.0203207 0.0982404 0.102453
0 0.0201748 0.0967609 0.100762
0 0.020053 0.0949666 0.0986402
0 0.0198713 0.0928707 0.0961056
0 0.0195511 0.0904893 0.0931947
0 0.019037 0.0878531 0.0899737
0 0.0182841 0.0849849 0.0865124
0 0.0172456 0.0818822 0.0828597
0 0.0158999 0.078547 0.0790627
0 0.0142634 0.074999 0.075168
0 0.0123667 0.0712584 0.0712011
0 0.010246 0.0673528 0.0671757
0 0.0079772 0.0633398 0.0631197
0 0.00566616 0.059284 0.059057
0 0.00339003 0.0552253 0.0549842
0 0.00121151 0.0511946 0.0508908
0 -0.000807854 0.047223 0.0467751
0 -0.0026425 0.0433176 0.0426296
0 -0.00429701 0.0394576 0.0384429
0 -0.005765 0.0356347 0.0342375
0 -0.00700535 0.0318829 0.0300905
0 -0.00795864 0.0282637 0.0261069
0 -0.00859119 0.0248253 0.0223684
0 -0.0089031 0.0215969 0.0189229
0 -0.00889444 0.0186223 0.015816
0 -0.00857602 0.0159458 0.0130786
0 -0.00800337 0.0135804 0.0106989
0 -0.00725468 0.0115254 0.00864623
0 -0.006399 0.00978963 0.00689997
0 -0.00549355 0.00838956 0.0054549
0 -0.004582 0.00734745 0.00432382
0 -0.00370797 0.0066745 0.00352307
0 -0.00291933 0.00636701 0.00306701
0 -0.00225124 0.00642206 0.00297883
0 -0.00172577 0.00683806 0.0032847
0 -0.00135978 0.00759914 0.00399665
0 -0.00116231 0.00866612 0.00510576
0 -0.001102 0.0100079 0.00660893
0 -0.00109688 0.0116169 0.00851446
0 -0.00105182 0.0134866 0.0108121
0 -0.000885136 0.0155993 0.0134584
0 -0.000547467 0.017915 0.0163667
0 -3.74089e-06 0.0203966 0.0194392
0 0.000796415 0.0230421 0.022612
0 0.00189286 0.0258577 0.0258432
0 0.00329099 0.0288356 0.0291014
0 0.0049586 0.0319508 0.0323613
0 0.00681952 0.035152 0.035592
0 0.00876295 0.0383686 0.0387646
0 0.0107018 0.0415346 0.0418666
0 0.012576 0.0445978 0.0448986
0 0.0143064 0.0475234 0.0478688
0 0.0158426 0.0503042 0.0507932
0 0.0171659 0.0529463 0.053678
0 0.0182459 0.0554503 0.0565024
0 0.0190663 0.0578145 0.059229
0 0.0196223 0.0600282 0.0618067
0 0.0198932 0.0620535 0.0641608
0 0.0198745 0.0638477 0.0662208
0 0.0196089 0.065397 0.0679592
0 0.0191588 0.066697 0.0693728
0 0.0185852 0.0677314 0.0704602
0 0.0179486 0.0684817 0.0712258
0 0.0172956 0.068922 0.0716683
0 0.0166457 0.0690082 0.0717625
0 0.0160173 0.0687087 0.0714863
0 0.0154649 0.0680449 0.070859
0 0.0150384 0.0670591 0.0699051
0 0.0147403 0.0657832 0.0686226
0 0.0145521 0.0642654 0.0670167
0 0.0144444 0.0625668 0.0651104
0 0.0143679 0.0607378 0.0629345
0 0.0142693 0.0588228 0.0605414
0 0.014102 0.0568594 0.0580061
0 0.0138252 0.054872 0.055413
0 0.0134148 0.0528827 0.0528539
0 0.012867 0.0509144 0.0504178
0 0.0121805 0.0489764 0.0481653
0 0.0113442 0.0470613 0.0461116
0 0.0103389 0.0451493 0.0442273
0 0.00915333 0.0432275 0.0424597
0 0.0078098 0.0413098 0.040758
0 0.00636127 0.0394232 0.0390785
0 0.00486024 0.0375818 0.0373773
0 0.00336379 0.035789 0.0356235
0 0.00194751 0.0340549 0.0338204
0 0.000685757 0.0323909 0.0319927
0 -0.00036636 0.030797 0.030169
0 -0.00118129 0.0292621 0.0283766
0 -0.00175783 0.0277715 0.0266396
0 -0.00211065 0.0263201 0.0249807
0 -0.00228044 0.0249015 0.0234036
0 -0.00233565 0.0235018 0.0218875
0 -0.00233183 0.0221296 0.0204244
0 -0.00228279 0.0208367 0.0190463
0 -0.00219499 0.019678 0.0177919
0 -0.00210015 0.0186745 0.0166731
0 -0.00203338 0.0178319 0.0156965
0 -0.00200346 0.0171678 0.0148914
0 -0.00200199 0.0167041 0.0142982
0 -0.00203167 0.0164411 0.0139381
0 -0.00209228 0.0163737 0.0138233
0 -0.00216342 0.0165083 0.0139713
0 -0.00222308 0.0168433 0.0143851
0 -0.0022479 0.0173718 0.0150554
0 -0.00220463 0.0180928 0.0159706
0 -0.00205863 0.0190068 0.0171131
0 -0.0017691 0.0201237 0.0184714
0 -0.00128181 0.021473 0.0200527
0 -0.000550675 0.0230849 0.0218694
0 0.000434961 0.0249656 0.0239165
0 0.00163992 0.0270853 0.0261625
0 0.00298171 0.0293737 0.0285447
0 0.00436932 0.0317532 0.0310014
0 0.00575888 0.0341912 0.03352
0 0.00714159 0.0366885 0.0361209
0 0.00849118 0.0392302 0.0388028
0 0.00975442 0.0417759 0.0415334
0 0.0109046 0.0442941 0.0442851
0 0.0119648 0.0467886 0.0470595
0 0.0129751 0.0492946 0.0498812
0 0.0139737 0.0518452 0.0527663
0 0.0149746 0.0544432 0.0556952
0 0.0159582 0.0570636 0.0586216
0 0.0168975 0.0596685 0.0614919
0 0.0177792 0.0622281 0.0642692
0 0.0185991 0.0647214 0.0669342
0 0.0193414 0.0671121 0.0694598
0 0.0199939 0.0693656 0.0718249
0 0.0205669 0.0714712 0.0740333
0 0.0210658 0.0734149 0.0760829
0 0.0214771 0.0751673 0.0779508
0 0.0217895 0.0767052 0.0796141
0 0.021999 0.0780148 0.0810529
0 0.0220959 0.0790765 0.0822378
0 0.022073 0.0798723 0.0831399
0 0.0219451 0.0804031 0.0837507
0 0.0217394 0.0806803 0.0840751
0 0.0214682 0.0806974 0.0841049
0 0.0211193 0.0804216 0.0838098
0 0.0206714 0.0798102 0.0831529
0 0.0201103 0.0788329 0.0821076
0 0.0194508 0.0774993 0.080682
0 0.0187421 0.0758669 0.0789255
0 0.0180345 0.0740076 0.0768988
0 0.0173532 0.0719803 0.0746503
0 0.01668 0.0698103 0.0721993
0 0.0159513 0.06748 0.0695307
0 0.0150957 0.0649599 0.0666271
0 0.0140677 0.0622362 0.0634962
0 0.0128614 0.0593223 0.0601776
0 0.0115035 0.0562525 0.056732
0 0.010041 0.0530766 0.0532289
0 0.00853361 0.0498618 0.0497451
0 0.00702924 0.0466638 0.0463364
0 0.00555386 0.0435039 0.0430155
0 0.00411651 0.040387 0.039773
0 0.00273177 0.0373327 0.0366092
0 0.00143691 0.0343827 0.0335413
0 0.000266807 0.0315774 0.0305896
0 -0.000760017 0.0289417 0.0277703
0 -0.00163011 0.0264931 0.0251048
0 -0.00232929 0.0242502 0.0226275
0 -0.00284834 0.02223 0.0203758
0 -0.00320114 0.0204303 0.0183675
0 -0.00342765 0.0188277 0.0165964
0 -0.00357222 0.0173987 0.0150487
0 -0.00367195 0.0161285 0.0137113
0 -0.00375891 0.0150077 0.0125678
0 -0.00385409 0.0140368 0.0116042
0 -0.00395984 0.0132307 0.0108178
0 -0.00407263 0.0126048 0.0102074
0 -0.00419907 0.0121582 0.00976107
0 -0.00435148 0.0118773 0.00946143
0 -0.00454264 0.0117383 0.00928976
0 -0.00476843 0.0117225 0.00924062
0 -0.00498826 0.0118366 0.00933965
0 -0.00514992 0.0120927 0.00961796
0 -0.0052203 0.0124847 0.0100823
0 -0.00516632 0.0130135 0.0107354
0 -0.00494273 0.0137037 0.0115912
0 -0.00453035 0.0145686 0.0126414
0 -0.00394032 0.0156054 0.0138566
0 -0.00318016 0.0168237 0.0152218
0 -0.00225322 0.0182435 0.0167412
0 -0.00117542 0.0198746 0.0184219
0 2.07329e-05 0.0217085 0.0202672
0 0.001304 0.0237346 0.02229
0 0.00265804 0.0259519 0.0245201
0 0.00405837 0.0283466 0.0269735
0 0.00546248 0.0308839 0.0296383
0 0.00682533 0.0335234 0.0324846
0 0.00810151 0.036219 0.0354631
0 0.00925686 0.0389362 0.0385224
0 0.0102963 0.0416685 0.0416335
0 0.011256 0.0444165 0.0447755
0 0.0121447 0.0471577 0.0479032
0 0.0129289 0.0498314 0.0509363
0 0.0135664 0.0523505 0.0537751
0 0.0140303 0.054642 0.0563386
0 0.0143506 0.0566876 0.0586065
0 0.0146075 0.0585161 0.0606115
0 0.0148552 0.0601399 0.062372
0 0.0151024 0.0615335 0.0638704
0 0.0153639 0.0626888 0.065105
0 0.0156701 0.0636262 0.0661001
0 0.016027 0.0643537 0.0668656
0 0.0164106 0.0648599 0.0673896
0 0.016788 0.0651354 0.0676602
0 0.0171323 0.0651879 0.0676794
0 0.0174252 0.065043 0.0674658
0 0.0176456 0.0647265 0.0670409
0 0.0177549 0.0642451 0.0664123
0 0.0177053 0.0635884 0.0655778
0 0.0174601 0.0627449 0.064541
0 0.0170129 0.0617185 0.0633249
0 0.0163906 0.0605335 0.0619732
0 0.0156399 0.0592244 0.060535
0 0.0148149 0.0578284 0.0590531
0 0.0139618 0.056376 0.0575533
0 0.0131025 0.0548762 0.0560303
0 0.0122359 0.0533195 0.0544534
0 0.0113658 0.0517048 0.0527987
0 0.0105166 0.0500545 0.0510692
0 0.00971226 0.0483939 0.0492782
0 0.00895802 0.0467324 0.0474337
0 0.00824693 0.0450708 0.0455448
0 0.00757437 0.0434148 0.0436351
0 0.00694768 0.0417796 0.0417417
0 0.00637305 0.0401764 0.0398979
0 0.00583652 0.0386025 0.0381187
0 0.00531788 0.0370563 0.036413
0 0.00481118 0.0355517 0.0347956
0 0.0043233 0.0341175 0.0332854
0 0.00386193 0.0327843 0.0318977
0 0.00343014 0.031574 0.0306386
0 0.00303371 0.0305065 0.0295153
0 0.00268544 0.0296036 0.0285429
0 0.00240768 0.0288902 0.0277474
0 0.00223093 0.0283963 0.027166
0 0.002167 0.0281316 0.026821
0 0.00218693 0.0280655 0.0266947
0 0.00224236 0.028148 0.0267483
0 0.00230807 0.0283498 0.0269599
0 0.0023904 0.0286692 0.0273301
0 0.0024958 0.0291019 0.0278517
0 0.00262178 0.0296324 0.0285015
0 0.00276594 0.0302437 0.0292506
0 0.00291964 0.0309106 0.0300609
0 0.00308403 0.0316153 0.030903
0 0.00329213 0.0323708 0.0317812
0 0.00358739 0.033202 0.0327155
0 0.00398838 0.0341134 0.0337098
0 0.00447753 0.0350801 0.034741
0 0.0050118 0.0360575 0.0357693
0 0.00554453 0.0370014 0.0367561
0 0.00603862 0.0378789 0.037674
0 0.00646793 0.0386682 0.0385055
0 0.00682611 0.0393655 0.0392501
0 0.00713368 0.0399921 0.03993
0 0.00741937 0.040577 0.0405738
0 0.00769179 0.0411301 0.0411895
0 0.00794448 0.0416461 0.0417687
0 0.0081751 0.0421237 0.0423067
0 0.00838345 0.0425628 0.0427998
0 0.00856777 0.0429614 0.0432435
0 0.00873452 0.0433246 0.0436416
0 0.00890185 0.0436692 0.0440113
0 0.00908387 0.0440088 0.0443677
0 0.00927835 0.0443417 0.044712
0 0.00946878 0.0446534 0.0450325
0 0.00963231 0.0449237 0.0453116
0 0.00975111 0.0451368 0.0455356
0 0.00981659 0.0452851 0.0456977
0 0.00981998 0.0453584 0.0457879
0 0.00975888 0.0453507 0.045799
0 0.0096545 0.045278 0.0457449
0 0.00954095 0.0451688 0.0456513
0 0.00943928 0.0450398 0.0455319
0 0.00934958 0.0448889 0.0453814
0 0.00926211 0.0447064 0.0451878
0 0.00916743 0.0444846 0.0449421
0 0.00906745 0.0442282 0.0446495
0 0.00897691 0.043956 0.0443306
0 0.00890517 0.0436828 0.0440034
0 0.00884203 0.0434053 0.043668
0 0.00876389 0.0431072 0.0433119
0 0.00866131 0.0427859 0.0429355
0 0.00855626 0.0424691 0.0425691
0 0.00848221 0.0421966 0.0422536
0 0.00845136 0.0419871 0.0420081
0 0.00845571 0.0418398 0.0418317
0 0.00849396 0.0417614 0.0417305
0 0.0085733 0.0417669 0.0417192
0 0.00869057 0.0418604 0.0418023
0 0.00883432 0.0420368 0.0419752
0 0.00900335 0.0422994 0.042243
0 0.00920322 0.0426567 0.042616
0 0.00943293 0.0431082 0.0430963
0 0.00968755 0.0436481 0.0436806
0 0.00995967 0.0442662 0.0443605
0 0.0102334 0.0449407 0.0451158
0 0.0104964 0.0456512 0.0459253
0 0.0107538 0.0463929 0.0467816
0 0.0110143 0.047163 0.0476766
0 0.0112871 0.0479594 0.0486015
0 0.0115793 0.0487785 0.0495453
0 0.0118714 0.0495898 0.0504717
0 0.0121256 0.0503441 0.0513274
0 0.0123261 0.0510124 0.0520819
0 0.0124783 0.0515857 0.0527271
0 0.012584 0.0520508 0.0532514
0 0.0126388 0.0523898 0.0536386
0 0.0126355 0.0525829 0.0538702
0 0.0125703 0.0526163 0.0539321
0 0.0124573 0.0524973 0.0538291
0 0.0123153 0.0522416 0.0535734
0 0.012138 0.0518447 0.0531557
0 0.0118863 0.0512717 0.052537
0 0.0115098 0.0504766 0.0516685
0 0.0109796 0.0494321 0.050523
0 0.0103035 0.0481442 0.0491089
0 0.00950901 0.0466371 0.0474545
0 0.00862589 0.0449377 0.0455915
0 0.00768135 0.0430748 0.0435527
0 0.00669627 0.0410789 0.0413714
0 0.00569947 0.0389869 0.0390875
0 0.00472982 0.0368365 0.0367401
0 0.00381437 0.0346616 0.0343627
0 0.00297016 0.0325002 0.0319908
0 0.00221062 0.0303904 0.0296622
0 0.00153185 0.0283572 0.0274041
0 0.000908861 0.0264061 0.0252263
0 0.000313332 0.0245348 0.0231343
0 -0.000257699 0.0227625 0.0211574
0 -0.000784066 0.0211268 0.0193427
0 -0.00126249 0.0196447 0.0177152
0 -0.00171029 0.0183103 0.0162727
0 -0.00213829 0.0171212 0.0150124
0 -0.00254702 0.0160818 0.0139335
0 -0.00292945 0.0152009 0.013037
0 -0.00326526 0.0144975 0.0123325
0 -0.00352181 0.0140009 0.0118403
0 -0.00367466 0.0137311 0.011574
0 -0.003719 0.0136889 0.0115312
0 -0.00365185 0.0138719 0.0117111
0 -0.00346782 0.014278 0.0121185
0 -0.00316602 0.0149006 0.0127563
0 -0.00274659 0.0157325 0.0136269
0 -0.00221374 0.0167646 0.0147286
0 -0.00157213 0.0179904 0.0160579
0 -0.000819217 0.0194136 0.0176168
0 5.16275e-05 0.0210448 0.0194096
0 0.0010379 0.0228875 0.0214317
0 0.00211551 0.0249236 0.0236564
0 0.00324993 0.0271221 0.0260465
0 0.00441584 0.0294568 0.0285734
0 0.00560234 0.0319109 0.0312217
0 0.00680271 0.0344668 0.033978
0 0.00800252 0.0370995 0.0368213
0 0.00917997 0.0397805 0.0397279
0 0.0103262 0.0424809 0.0426749
0 0.0114453 0.0451749 0.0456398
0 0.012531 0.0478439 0.0486018
0 0.0135754 0.0504729 0.0515357
0 0.0145637 0.0530353 0.0543984
0 0.0154678 0.0554958 0.057138
0 0.0162747 0.05783 0.0597176
0 0.0169972 0.0600354 0.0621271
0 0.0176583 0.0621195 0.0643729
0 0.0182782 0.0640866 0.0664629
0 0.0188699 0.0659348 0.0684035
0 0.0194334 0.0676527 0.0701945
0 0.0199562 0.0692187 0.071826
0 0.0204238 0.0706124 0.0732865
0 0.0208155 0.0718119 0.0745583
0 0.0211027 0.0727886 0.075612
0 0.0212566 0.0735131 0.0764139
0 0.021262 0.0739663 0.0769387
0 0.0211332 0.0741549 0.077186
0 0.0209005 0.0740975 0.0771678
0 0.0205826 0.0737983 0.0768833
0 0.020185 0.0732473 0.0763191
0 0.0197054 0.0724297 0.0754579
0 0.0191326 0.0713283 0.0742794
0 0.0184537 0.0699301 0.0727667
0 0.0176642 0.0682354 0.0709168
0 0.0167717 0.0662599 0.0687432
0 0.0157882 0.0640271 0.0662704
0 0.0147312 0.0615682 0.0635334
0 0.0136209 0.05892 0.0605753
0 0.0124647 0.0561088 0.0574309
0 0.0112681 0.0531608 0.0541359
0 0.0100409 0.0501097 0.0507344
0 0.00878212 0.0469827 0.0472632
0 0.00749162 0.0438125 0.043764
0 0.0061906 0.0406424 0.0402884
0 0.00489624 0.0374962 0.0368671
0 0.00359884 0.0343732 0.0335049
0 0.00228918 0.0312742 0.0302033
0 0.000970287 0.0282089 0.0269644
0 -0.000351876 0.0251866 0.0237866
0 -0.00166815 0.0222129 0.0206675
0 -0.00296531 0.0192949 0.0176071
0 -0.00421352 0.016452 0.0146213
0 -0.0053615 0.0137253 0.0117491
0 -0.00635973 0.0111571 0.00903315
0 -0.00717497 0.0087765 0.00650539
0 -0.00778621 0.00660577 0.00419252
0 -0.00819393 0.0046531 0.00210802
0 -0.00841179 0.00291973 0.00025763
0 -0.00844747 0.00141734 -0.00134442
0 -0.00831155 0.000160872 -0.00268287
0 -0.00801663 -0.000831122 -0.00374079
0 -0.00757018 -0.00152986 -0.00449221
0 -0.00698078 -0.00190286 -0.0049076
0 -0.00626997 -0.00192767 -0.00496692
0 -0.00548221 -0.00160352 -0.00467063
0 -0.00466624 -0.000935322 -0.0040232
0 -0.00385535 8.01118e-05 -0.00301751
0 -0.00307057 0.00144025 -0.00164404
0 -0.00231841 0.00313179 0.000106135
0 -0.00159284 0.00512965 0.0022346
0 -0.000877566 0.00739781 0.00472727
0 -0.000142326 0.00990241 0.00756049
0 0.000641949 0.0126078 0.0106923
0 0.00149406 0.0154707 0.0140554
0 0.00243907 0.0184614 0.0175807
0 0.00351436 0.0215743 0.0212153
0 0.00474746 0.0248054 0.0249131
0 0.00613604 0.0281363 0.0286276
0 0.00765138 0.0315429 0.0323182
0 0.00927666 0.0349967 0.0359593
0 0.0109969 0.0384594 0.0395366
0 0.0127434 0.0418794 0.04303
0 0.0144372 0.0451979 0.0464151
0 0.0160339 0.0483816 0.0496898
0 0.0175069 0.0514282 0.0528721
0 0.0188334 0.0543331 0.0559661
0 0.0199734 0.0570694 0.0589388
0 0.020878 0.0596018 0.0617374
0 0.0215289 0.0619157 0.0643224
0 0.0219333 0.064011 0.0666678
0 0.0220968 0.0658769 0.0687418
0 0.0220339 0.0674976 0.0705157
0 0.0217756 0.0688613 0.0719756
0 0.0213548 0.0699504 0.0731118
0 0.0208067 0.0707414 0.0739156
0 0.0201713 0.0712136 0.0743847
0 0.019488 0.0713491 0.0745177
0 0.0188022 0.071141 0.0743194
0 0.0181637 0.0705982 0.0738017
0 0.0176079 0.0697309 0.0729669
0 0.0171429 0.0685497 0.0718015
0 0.0167526 0.0670754 0.0702894
0 0.0164053 0.0653398 0.0684234
0 0.0160574 0.0633774 0.0662085
0 0.0156629 0.0612229 0.0636709
0 0.015179 0.058907 0.0608579
0 0.0145628 0.0564456 0.0578271
0 0.0137866 0.0538523 0.0546499
0 0.0128415 0.0511435 0.0514042
0 0.0117236 0.0483277 0.0481494
0 0.0104457 0.045419 0.0449338
0 0.009038 0.0424506 0.0418
0 0.00752797 0.0394608 0.038768
0 0.00594846 0.0364792 0.0358279
0 0.00433686 0.0335322 0.0329517
0 0.00272923 0.0306492 0.0301124
0 0.00117484 0.0278621 0.0272988
0 -0.000269501 0.0252054 0.0245207
0 -0.0015598 0.0226978 0.0217969
0 -0.00267246 0.0203355 0.0191469
0 -0.00359337 0.0181106 0.0166025
0 -0.00431209 0.0160191 0.0142051
0 -0.00482493 0.0140634 0.0119954
0 -0.00513451 0.0122548 0.010008
0 -0.00525887 0.0106037 0.00825827
0 -0.00522869 0.00912035 0.00674413
0 -0.0050739 0.00782354 0.00545947
0 -0.00481918 0.00674164 0.00440162
0 -0.00448225 0.00590918 0.00357562
0 -0.00408055 0.00535564 0.00299065
0 -0.00364032 0.00509437 0.00265392
0 -0.00318959 0.00512735 0.0025767
0 -0.00274675 0.00545612 0.00278208
0 -0.00232165 0.00607878 0.00329783
0 -0.0019137 0.00698642 0.00414989
0 -0.00151329 0.00816198 0.00535533
0 -0.00111246 0.00957432 0.00690737
0 -0.000702057 0.0111859 0.00877558
0 -0.000258176 0.0129723 0.010922
0 0.000255818 0.0149242 0.0133056
0 0.000881653 0.0170425 0.0158827
0 0.00165871 0.0193327 0.0186112
0 0.00260719 0.0217882 0.021443
0 0.00371896 0.02438 0.0243241
0 0.00496067 0.0270604 0.027203
0 0.00629049 0.0297822 0.030046
0 0.00766827 0.032511 0.0328425
0 0.00906727 0.0352151 0.0355941
0 0.0104772 0.0378688 0.0383106
0 0.0118717 0.0404564 0.0410038
0 0.0132106 0.042963 0.0436714
0 0.0144527 0.0453682 0.0462903
0 0.0155517 0.0476514 0.0488244
0 0.0164762 0.0498005 0.0512392
0 0.0172141 0.0518091 0.0535042
0 0.0177659 0.0536751 0.0555966
0 0.0181534 0.0554044 0.0575093
0 0.0184023 0.0569951 0.059237
0 0.0185196 0.0584201 0.0607583
0 0.018506 0.0596393 0.0620455
0 0.0183699 0.060617 0.0630778
0 0.0181253 0.0613242 0.0638394
0 0.0177943 0.0617416 0.0643187
0 0.0174053 0.0618616 0.0645089
0 0.016982 0.0616785 0.0643981
0 0.0165374 0.061183 0.063965
0 0.0160789 0.0603727 0.0631892
0 0.0156177 0.059266 0.0620659
0 0.0151637 0.0578985 0.0606069
0 0.0147129 0.0563048 0.0588298
0 0.0142486 0.0545149 0.0567594
0 0.0137505 0.0525577 0.0544346
0 0.0132075 0.0504697 0.0519166
0 0.0126193 0.048294 0.0492838
0 0.0119789 0.0460622 0.0466077
0 0.0112649 0.043787 0.0439363
0 0.0104515 0.0414702 0.0412964
0 0.00951689 0.0391092 0.0386997
0 0.00844728 0.0367076 0.0361505
0 0.0072465 0.0342837 0.0336531
0 0.00594698 0.0318679 0.031214
0 0.00459928 0.0294991 0.0288407
0 0.003251 0.0272094 0.0265352
0 0.00193977 0.0250125 0.0242893
0 0.000696927 0.0229127 0.0220948
0 -0.000448526 0.0209104 0.019952
0 -0.00147394 0.0189998 0.0178662
0 -0.00235671 0.0171808 0.0158558
0 -0.00307021 0.0154666 0.0139545
0 -0.00359944 0.0138698 0.0121916
0 -0.00394683 0.0123991 0.0105851
0 -0.00412267 0.0110677 0.00914937
0 -0.00413083 0.00990469 0.00790775
0 -0.0039704 0.00895185 0.00689207
0 -0.00366088 0.00823625 0.00611799
0 -0.00324532 0.00776336 0.00558179
0 -0.00276864 0.00753448 0.00528083
0 -0.00227676 0.00754396 0.00521232
0 -0.00181072 0.00778256 0.00537604
0 -0.00138493 0.00825725 0.00579232
0 -0.000995668 0.00897789 0.00648795
0 -0.000639772 0.009935 0.00747346
0 -0.00031096 0.0111058 0.00874459
0 9.64643e-06 0.0124672 0.0102891
0 0.000355439 0.0140038 0.0120907
0 0.000762976 0.015703 0.0141228
0 0.00125531 0.017542 0.0163364
0 0.00184214 0.019491 0.0186679
0 0.00253148 0.0215253 0.0210578
0 0.00333375 0.0236289 0.0234622
0 0.00425869 0.0257921 0.0258568
0 0.0053008 0.0279994 0.0282254
0 0.00643167 0.0302242 0.0305501
0 0.00761797 0.0324422 0.0328234
0 0.00884121 0.0346346 0.0350516
0 0.0100795 0.0367772 0.037237
0 0.0112825 0.0388398 0.0393698
0 0.0123984 0.0407959 0.0414346
0 0.0133911 0.042631 0.0434178
0 0.0142307 0.0443372 0.0453028
0 0.0148984 0.0459076 0.0470693
0 0.0153814 0.0473305 0.0486891
0 0.0156716 0.0485879 0.0501298
0 0.0157832 0.0496721 0.0513733
0 0.0157474 0.0505812 0.0524128
0 0.0155961 0.0513084 0.0532415
0 0.0153636 0.0518448 0.0538544
0 0.0150834 0.0521816 0.0542485
0 0.014788 0.0523139 0.0544238
0 0.0145133 0.0522482 0.054389
0 0.0142874 0.0519945 0.0541527
0 0.0141155 0.0515544 0.0537102
0 0.0139775 0.0509225 0.0530441
0 0.013838 0.0500942 0.0521357
0 0.0136683 0.0490813 0.0509852
0 0.0134591 0.0479188 0.0496233
0 0.013203 0.0466432 0.048092
0 0.0128832 0.0452763 0.0464294
0 0.0124778 0.0438276 0.0446695
0 0.0119625 0.0422961 0.0428389
0 0.0113257 0.0406838 0.0409657
0 0.0105753 0.0390055 0.0390817
0 0.00973885 0.0372896 0.0372213
0 0.00885308 0.0355713 0.0354152
0 0.00794252 0.0338736 0.0336736
0 0.00702861 0.0322178 0.0319989
0 0.00614294 0.0306302 0.030397
0 0.00531449 0.0291316 0.0288694
0 0.00456356 0.0277373 0.0274171
0 0.00390824 0.0264594 0.026046
0 0.00336314 0.0253067 0.0247674
0 0.00293549 0.0242847 0.023597
0 0.00262806 0.0233963 0.0225539
0 0.00243498 0.0226411 0.0216551
0 0.00233588 0.02201 0.0209059
0 0.0023011 0.0214887 0.0203007
0 0.00230438 0.0210697 0.0198337
0 0.00232886 0.0207557 0.0195031
0 0.00236327 0.0205528 0.0193069
0 0.00239896 0.0204665 0.0192404
0 0.00243125 0.0205001 0.0192981
0 0.00246285 0.0206568 0.0194779
0 0.00250399 0.0209378 0.0197822
0 0.00257442 0.0213465 0.0202203
0 0.00269982 0.0218873 0.0208052
0 0.00289524 0.0225533 0.0215373
0 0.00315848 0.0233228 0.022399
0 0.00348572 0.0241763 0.0233694
0 0.00388372 0.0251098 0.0244382
0 0.00435268 0.026118 0.0255893
0 0.00487281 0.0271802 0.0267895
0 0.00541778 0.0282713 0.0280032
0 0.00596876 0.0293736 0.0292059
0 0.00651535 0.0304758 0.0303861
0 0.00705602 0.0315747 0.0315448
0 0.00759386 0.0326703 0.0326903
0 0.00812778 0.033758 0.0338275
0 0.00866041 0.0348349 0.034964
0 0.00919564 0.0358994 0.0361064
0 0.00972663 0.0369445 0.0372507
0 0.0102418 0.0379621 0.0383856
0 0.0107296 0.0389464 0.0394969
0 0.0111787 0.0398925 0.0405691
0 0.011575 0.0407898 0.0415823
0 0.0119021 0.0416208 0.0425122
0 0.0121466 0.0423654 0.0433359
0 0.0123002 0.043002 0.0440341
0 0.0123648 0.043514 0.0445957
0 0.0123516 0.0438916 0.0450173
0 0.0122757 0.0441278 0.0452971
0 0.0121581 0.044224 0.0454384
0 0.0120257 0.0441922 0.0454506
0 0.0119029 0.0440488 0.0453438
0 0.0117983 0.0438028 0.0451174
0 0.0116937 0.0434442 0.0447508
0 0.0115589 0.0429562 0.0442184
0 0.0113751 0.0423361 0.043513
0 0.0111355 0.041592 0.0426448
0 0.0108352 0.0407324 0.0416298
0 0.0104644 0.0397574 0.0404811
0 0.0100127 0.0386643 0.0392103
0 0.00947795 0.0374565 0.0378346
0 0.00886529 0.0361435 0.0363732
0 0.00818684 0.034743 0.034847
0 0.00746431 0.0332832 0.0332818
0 0.00672585 0.0317991 0.0317062
0 0.00599179 0.0303134 0.0301347
0 0.00526968 0.0288332 0.0285671
0 0.00456568 0.0273686 0.0270062
0 0.00389762 0.0259419 0.0254696
0 0.0032937 0.0245856 0.0239877
0 0.00277432 0.0233278 0.0225909
0 0.00234637 0.0221833 0.0213006
0 0.00200982 0.0211626 0.0201363
0 0.00176003 0.020274 0.0191159
0 0.0015896 0.0195246 0.0182541
0 0.00148507 0.018917 0.0175589
0 0.00142492 0.018446 0.0170274
0 0.00139486 0.0181116 0.016659
0 0.00139694 0.0179278 0.0164644
0 0.00143189 0.0179033 0.0164479
0 0.00148805 0.0180299 0.016597
0 0.00155601 0.0182946 0.0168968
0 0.00163753 0.0186885 0.0173388
0 0.00174061 0.0192019 0.017916
0 0.00187393 0.0198216 0.0186178
0 0.00204539 0.0205317 0.0194298
0 0.00226557 0.0213198 0.0203384
0 0.00254858 0.0221798 0.0213326
0 0.00291088 0.0231129 0.0224059
0 0.00335925 0.0241165 0.0235457
0 0.00388158 0.025175 0.0247272
0 0.00446264 0.0262743 0.0259291
0 0.00509275 0.0274088 0.0271427
0 0.00576236 0.0285752 0.0283662
0 0.00645924 0.0297687 0.029601
0 0.00717239 0.0309869 0.0308531
0 0.00789878 0.0322349 0.0321374
0 0.00863549 0.0335186 0.0334693
0 0.00936883 0.0348303 0.0348503
0 0.0100728 0.0361477 0.0362646
0 0.0107216 0.0374508 0.0376943
0 0.0113038 0.038732 0.0391284
0 0.0118124 0.0399826 0.04055
0 0.0122389 0.0411888 0.0419344
0 0.0125841 0.0423389 0.0432591
0 0.0128559 0.0434219 0.0445043
0 0.013066 0.0444263 0.0456527
0 0.0132227 0.0453345 0.0466841
0 0.0133227 0.046116 0.0475683
0 0.0133614 0.0467396 0.0482759
0 0.013349 0.0471912 0.0487949
0 0.0133085 0.0474736 0.0491292
0 0.0132536 0.0475866 0.0492782
0 0.0131847 0.0475233 0.0492326
0 0.0130962 0.0472787 0.0489831
0 0.012971 0.0468445 0.0485158
0 0.0127866 0.0462134 0.0478178
0 0.0125298 0.045391 0.0468908
0 0.0122014 0.0443976 0.0457555
0 0.01181 0.0432613 0.0444447
0 0.0113665 0.0420108 0.042996
0 0.0108791 0.0406709 0.0414459
0 0.0103497 0.0392594 0.0398243
0 0.00977737 0.03779 0.0381561
0 0.00915543 0.0362706 0.0364564
0 0.00847248 0.0347025 0.0347296
0 0.00771848 0.0330861 0.0329753
0 0.00689489 0.0314301 0.0311998
0 0.00602516 0.0297572 0.0294225
0 0.00514651 0.0280974 0.0276699
0 0.00429156 0.0264784 0.0259646
0 0.00347872 0.0249139 0.0243138
0 0.00271631 0.0234076 0.0227152
0 0.00201382 0.0219682 0.0211731
0 0.00138795 0.0206112 0.0197027
0 0.000862416 0.0193611 0.0183315
0 0.000459805 0.0182461 0.0170921
0 0.000186907 0.0172827 0.0160069
0 3.44945e-05 0.016477 0.0150874
0 -8.59789e-06 0.015837 0.014347
0 4.41573e-05 0.0153712 0.0137985
0 0.000167548 0.0150779 0.0134422
0 0.000331279 0.014949 0.0132712
0 0.000513003 0.0149813 0.0132819
0 0.000698885 0.0151743 0.0134737
0 0.000888516 0.015533 0.0138521
0 0.00109941 0.0160709 0.014433
0 0.00134978 0.0167938 0.0152259
0 0.0016486 0.0176923 0.0162245
0 0.00200228 0.0187502 0.0174143
0 0.00241754 0.0199508 0.0187764
0 0.00290076 0.0212773 0.0202886
0 0.00345287 0.0227101 0.0219217
0 0.00406468 0.0242224 0.0236378
0 0.00472786 0.0257914 0.0254026
0 0.00544493 0.0274083 0.0271982
0 0.00621914 0.0290691 0.0290152
0 0.0070396 0.0307607 0.0308402
0 0.00787928 0.0324576 0.032651
0 0.00871687 0.0341344 0.0344294
0 0.00955313 0.035784 0.0361779
0 0.0103885 0.0374078 0.0379069
0 0.0112036 0.0389935 0.0396084
0 0.0119704 0.0405197 0.041262
0 0.0126626 0.0419686 0.0428471
0 0.0132555 0.0433194 0.0443389
0 0.0137323 0.0445531 0.0457132
0 0.014087 0.0456567 0.0469514
0 0.0143235 0.0466202 0.0480394
0 0.0144538 0.0474364 0.0489668
0 0.0144925 0.0480971 0.0497246
0 0.0144564 0.0485946 0.0503041
0 0.0143627 0.0489221 0.0506984
0 0.0142286 0.0490756 0.0509021
0 0.0140722 0.0490559 0.0509146
0 0.0139066 0.0488649 0.0507353
0 0.0137371 0.0485044 0.0503622
0 0.0135636 0.0479807 0.0497965
0 0.0133766 0.0472996 0.0490384
0 0.0131565 0.0464633 0.0480867
0 0.0128868 0.0454802 0.0469503
0 0.0125564 0.0443644 0.0456482
0 0.0121589 0.0431328 0.044207
0 0.0117028 0.041814 0.0426682
0 0.0112036 0.0404408 0.0410788
0 0.0106619 0.0390284 0.0394666
0 0.0100659 0.0375771 0.0378409
0 0.00940631 0.0360874 0.0362052
0 0.00868302 0.0345661 0.0345645
0 0.00790315 0.0330244 0.0329246
0 0.00707764 0.0314745 0.0312907
0 0.00622721 0.0299316 0.0296721
0 0.00537744 0.0284107 0.0280778
0 0.00455573 0.0269298 0.0265208
0 0.00379164 0.0255092 0.0250175
0 0.0031009 0.0241577 0.0235735
0 0.00248814 0.0228778 0.0221902
0 0.00195534 0.0216713 0.0208713
0 0.00149631 0.0205352 0.0196181
0 0.00110627 0.0194717 0.0184374
0 0.000793795 0.0184984 0.0173518
0 0.000574942 0.017644 0.016394
0 0.000449639 0.0169247 0.0155835
0 0.000397351 0.0163386 0.0149201
0 0.0003979 0.015885 0.014404
0 0.000434883 0.0155659 0.0140367
0 0.000494407 0.0153828 0.0138195
0 0.000568947 0.0153395 0.0137564
0 0.0006537 0.0154378 0.0138499
0 0.000742628 0.0156714 0.0140958
0 0.00083212 0.0160287 0.0144856
0 0.000939944 0.0165122 0.0150259
0 0.00110745 0.017144 0.0157412
0 0.00137124 0.0179408 0.0166481
0 0.00174253 0.0188976 0.0177374
0 0.00220594 0.0199868 0.018974
0 0.00273666 0.021175 0.0203152
0 0.00332007 0.0224412 0.0217307
0 0.0039559 0.0237796 0.0232076
0 0.00465285 0.0251945 0.0247466
0 0.00541148 0.0266838 0.0263454
0 0.00620381 0.0282187 0.0279784
0 0.0069773 0.0297472 0.0295989
0 0.00769458 0.0312312 0.0311754
0 0.00836077 0.0326706 0.0327156
0 0.00900172 0.0340819 0.0342433
0 0.00963912 0.0354766 0.0357747
0 0.0102837 0.0368629 0.0373161
0 0.0109278 0.0382355 0.0388541
0 0.011549 0.0395759 0.040359
0 0.0121288 0.0408699 0.0418054
0 0.0126533 0.0421045 0.0431727
0 0.0131043 0.0432578 0.0444352
0 0.0134684 0.0443072 0.0455716
0 0.0137447 0.0452382 0.0465727
0 0.0139403 0.0460399 0.0474356
0 0.014054 0.0466918 0.0481473
0 0.0140759 0.0471646 0.0486831
0 0.0140051 0.0474384 0.0490239
0 0.013857 0.0475118 0.0491642
0 0.0136569 0.0473968 0.0491079
0 0.0134211 0.0471001 0.0488514
0 0.013149 0.0466173 0.0483789
0 0.012839 0.0459491 0.0476804
0 0.0124959 0.0451083 0.0467613
0 0.0121289 0.0441163 0.045641
0 0.0117497 0.0430005 0.0443508
0 0.011362 0.0417841 0.0429234
0 0.0109587 0.0404814 0.0413868
0 0.0105293 0.039105 0.039769
0 0.0100639 0.0376686 0.0380988
0 0.0095575 0.0361907 0.0364067
0 0.00901516 0.0346983 0.0347263
0 0.00843962 0.0332133 0.0330815
0 0.00782476 0.0317454 0.0314816
0 0.00716497 0.0303008 0.0299307
0 0.00645593 0.0288799 0.0284256
0 0.00569405 0.027477 0.0269553
0 0.00489048 0.0260975 0.0255188
0 0.00407811 0.0247609 0.0241296
0 0.00329123 0.023484 0.0227995
0 0.0025556 0.0222767 0.021535
0 0.00189976 0.0211518 0.0203476
0 0.00135304 0.0201272 0.0192547
0 0.000934021 0.0192163 0.0182699
0 0.000649026 0.0184271 0.0174022
0 0.000495955 0.0177669 0.0166605
0 0.000462005 0.0172389 0.0160498
0 0.000526823 0.0168432 0.0155731
0 0.000667537 0.0165805 0.0152343
0 0.000865637 0.0164561 0.0150429
0 0.00111708 0.0164887 0.015022
0 0.00141636 0.0166927 0.0151908
0 0.00173881 0.0170599 0.0155452
0 0.00205232 0.0175682 0.0160671
0 0.00234234 0.0182036 0.0167465
0 0.00261983 0.0189676 0.0175886
0 0.00289809 0.019856 0.0185909
0 0.00318375 0.020852 0.019735
0 0.003487 0.0219392 0.0209989
0 0.00382399 0.0231056 0.0223616
0 0.00421574 0.0243456 0.0238057
0 0.0046711 0.0256449 0.0253041
0 0.00517824 0.026973 0.0268144
0 0.00572282 0.0283021 0.028301
0 0.00630026 0.0296192 0.0297478
0 0.00691306 0.030923 0.0311532
0 0.0075536 0.0322037 0.0325111
0 0.00820304 0.0334392 0.0338071
0 0.0088475 0.0346124 0.0350326
0 0.00947319 0.0357128 0.0361853
0 0.0100627 0.0367321 0.0372622
0 0.0106006 0.0376649 0.0382601
0 0.0110781 0.0385145 0.0391809
0 0.0114925 0.039289 0.0400296
0 0.0118394 0.0399912 0.0408048
0 0.0121091 0.0406147 0.0414966
0 0.0122888 0.0411447 0.0420879
0 0.0123734 0.0415678 0.0425648
0 0.0123687 0.0418772 0.0429215
0 0.0122909 0.0420723 0.0431588
0 0.0121669 0.0421618 0.0432866
0 0.0120215 0.0421539 0.0433126
0 0.0118683 0.042049 0.0432348
0 0.0117152 0.0418464 0.0430486
0 0.0115614 0.0415433 0.0427451
0 0.0113934 0.0411293 0.0423082
0 0.0112007 0.0406017 0.0417301
0 0.0109932 0.0399814 0.0410293
0 0.0107885 0.0392993 0.0402384
0 0.0105897 0.0385741 0.0393807
0 0.0103835 0.0378092 0.0384678
0 0.0101503 0.0370018 0.037507
0 0.00988219 0.0361591 0.0365162
0 0.00959041 0.0353063 0.0355292
0 0.00928637 0.0344673 0.0345755
0 0.0089715 0.0336548 0.0336693
0 0.00863885 0.0328704 0.0328112
0 0.00827885 0.0321095 0.0319939
0 0.00788956 0.0313714 0.0312137
0 0.00747536 0.0306584 0.0304697
0 0.00704528 0.0299731 0.0297613
0 0.0066134 0.0293202 0.0290903
0 0.00619368 0.0287037 0.0284581
0 0.00579915 0.0281259 0.0278647
0 0.00544295 0.0275891 0.0273104
0 0.00513234 0.0270922 0.0267921
0 0.00486521 0.026627 0.0263005
0 0.00464448 0.0261935 0.0258349
0 0.00448273 0.0258049 0.0254085
0 0.00438379 0.0254691 0.0250295
0 0.00434283 0.0251893 0.024702
0 0.00435554 0.0249718 0.0244343
0 0.00440853 0.0248155 0.0242279
0 0.00448037 0.0247117 0.0240775
0 0.0045549 0.0246558 0.0239821
0 0.00462031 0.0246444 0.0239422
0 0.0046652 0.0246715 0.0239549
0 0.00468872 0.0247375 0.0240229
0 0.00470046 0.0248487 0.0241535
0 0.00470411 0.0250024 0.0243434
0 0.0046949 0.0251845 0.0245762
0 0.004673 0.0253834 0.0248364
0 0.00464613 0.0255934 0.0251135
0 0.00462143 0.0258076 0.0253952
0 0.00461286 0.0260261 0.0256764
0 0.00464398 0.0262609 0.0259643
0 0.00473071 0.0265197 0.0262634
0 0.00488192 0.026808 0.0265773
0 0.00510492 0.0271348 0.0269151
0 0.00539646 0.0275042 0.027282
0 0.00574249 0.0279138 0.0276789
0 0.00612823 0.0283633 0.0281099
0 0.0065452 0.0288595 0.0285874
0 0.00698453 0.0294088 0.0291237
0 0.00742875 0.0300078 0.029721
0 0.00785279 0.0306425 0.0303699
0 0.00823738 0.0313023 0.0310626
0 0.00858042 0.0319884 0.031802
0 0.00888034 0.0326967 0.0325838
0 0.00912374 0.0334072 0.0333872
0 0.00930395 0.0341007 0.0341917
0 0.0094293 0.0347661 0.0349841
0 0.0095102 0.0353921 0.0357486
0 0.00956229 0.035971 0.0364698
0 0.00960771 0.0365022 0.037137
0 0.00966371 0.0369837 0.0377378
0 0.00974174 0.0374111 0.0382589
0 0.00984943 0.0377812 0.0386912
0 0.00998965 0.0380919 0.0390301
0 0.0101589 0.0383403 0.0392739
0 0.0103482 0.0385234 0.0394244
0 0.0105454 0.0386405 0.039488
0 0.0107359 0.0386921 0.0394737
0 0.0109035 0.0386799 0.0393916
0 0.0110325 0.0386072 0.0392521
0 0.0111092 0.0384782 0.0390647
0 0.0111233 0.0382973 0.0388375
0 0.0110665 0.0380672 0.0385744
0 0.0109301 0.0377846 0.0382715
0 0.0107093 0.0374439 0.0379215
0 0.0104069 0.0370407 0.0375172
0 0.0100279 0.0365674 0.0370477
0 0.00958378 0.0360189 0.0365038
0 0.00909407 0.0353967 0.0358827
0 0.00858167 0.0347061 0.0351851
0 0.00807087 0.033957 0.0344165
0 0.00757814 0.0331566 0.0335796
0 0.00710994 0.0323073 0.0326734
0 0.00667075 0.031415 0.0317022
0 0.00626345 0.0304878 0.0306751
0 0.00589032 0.0295336 0.0296031
0 0.00555138 0.0285612 0.0284985
0 0.00524194 0.0275801 0.0273751
0 0.00495506 0.0266008 0.0262488
0 0.00468147 0.0256345 0.0251371
0 0.00441021 0.0246921 0.0240573
0 0.00413217 0.0237842 0.0230254
0 0.00384091 0.022921 0.0220553
0 0.00353224 0.0221114 0.0211585
0 0.00320565 0.0213627 0.0203436
0 0.00286462 0.0206813 0.0196163
0 0.00251586 0.0200721 0.0189797
0 0.00217076 0.0195405 0.0184361
0 0.00184828 0.0190964 0.0179917
0 0.00156444 0.0187449 0.0176479
0 0.00132544 0.0184807 0.017396
0 0.00114299 0.0183042 0.0172331
0 0.00103721 0.0182257 0.0171671
0 0.00102099 0.0182512 0.017203
0 0.00109891 0.0183825 0.0173421
0 0.00127691 0.0186272 0.0175927
0 0.00155618 0.018993 0.0179631
0 0.00192609 0.0194795 0.0184552
0 0.0023686 0.0200814 0.0190662
0 0.00286128 0.0207896 0.0197906
0 0.00338978 0.0216016 0.0206299
0 0.00395125 0.0225243 0.021595
0 0.00453852 0.023557 0.0226892
0 0.00513384 0.0246853 0.0239007
0 0.00571406 0.0258848 0.0252065
0 0.00626373 0.0271331 0.0265832
0 0.00677846 0.028413 0.0280111
0 0.00725406 0.029704 0.0294649
0 0.00769288 0.0309898 0.0309223
0 0.00810774 0.032263 0.0323705
0 0.00851141 0.0335136 0.0337958
0 0.00891481 0.0347282 0.0351808
0 0.00932508 0.0358941 0.0365075
0 0.009746 0.0370007 0.0377591
0 0.0101786 0.0380393 0.0389207
0 0.0106175 0.0390009 0.0399792
0 0.0110545 0.0398783 0.0409258
0 0.0114864 0.0406727 0.0417635
0 0.0119108 0.0413893 0.0425012
0 0.0123181 0.0420285 0.0431452
0 0.0126998 0.0425925 0.0437047
0 0.0130435 0.0430807 0.0441867
0 0.0133246 0.0434794 0.0445833
0 0.0135253 0.0437797 0.0448894
0 0.0136367 0.0439788 0.0451037
0 0.0136481 0.0440673 0.0452159
0 0.0135531 0.044036 0.045214
0 0.0133583 0.043883 0.0450918
0 0.0130812 0.0436136 0.0448498
0 0.0127425 0.043233 0.0444879
0 0.0123615 0.0427449 0.0440047
0 0.0119573 0.0421539 0.0434008
0 0.0115472 0.0414665 0.0426787
0 0.0111448 0.0406904 0.0418434
0 0.0107594 0.0398351 0.0409031
0 0.0104008 0.0389171 0.0398741
0 0.0100767 0.0379569 0.0387791
0 0.00977878 0.036965 0.0376326
0 0.00948886 0.0359453 0.0364442
0 0.00918928 0.0349032 0.0352273
0 0.00885885 0.03384 0.033991
0 0.00848485 0.0327615 0.032749
0 0.00807276 0.0316873 0.0315275
0 0.00763621 0.0306408 0.0303562
0 0.00719062 0.0296432 0.0292621
0 0.00674609 0.0287079 0.0282604
0 0.00630002 0.0278351 0.0273481
0 0.00584276 0.0270166 0.0265101
0 0.00537019 0.0262453 0.0257302
0 0.00489096 0.0255213 0.025
0 0.00442072 0.024849 0.0243177
0 0.00397843 0.0242332 0.0236845
0 0.00358936 0.023684 0.0231097
0 0.00327876 0.0232145 0.0226078
0 0.0030588 0.0228279 0.0221847
0 0.00292395 0.0225153 0.0218343
0 0.00286334 0.0222682 0.0215505
0 0.00286947 0.0220856 0.0213336
0 0.00293335 0.0219691 0.0211858
0 0.00304462 0.0219215 0.0211099
0 0.00319241 0.0219462 0.0211092
0 0.00336453 0.0220446 0.0211861
0 0.00354911 0.0222167 0.0213422
0 0.00373632 0.0224608 0.0215789
0 0.00391756 0.0227725 0.0218951
0 0.00408019 0.0231378 0.0222813
0 0.00421277 0.0235392 0.0227231
0 0.00431483 0.0239649 0.0232103
0 0.00439756 0.0244115 0.0237383
0 0.00448272 0.0248839 0.0243081
0 0.00459117 0.0253869 0.0249176
0 0.00473487 0.0259181 0.0255559
0 0.00492826 0.0264808 0.0262173
0 0.0051898 0.0270863 0.0269058
0 0.00552987 0.0277427 0.0276247
0 0.00594119 0.0284457 0.0283687
0 0.00640034 0.0291788 0.0291237
0 0.00688337 0.0299271 0.0298797
0 0.00737307 0.030682 0.0306354
0 0.00784833 0.0314317 0.031387
0 0.00828353 0.0321573 0.0321245
0 0.00866325 0.0328454 0.0328416
0 0.0089901 0.0334994 0.0335472
0 0.00928011 0.0341351 0.0342585
0 0.00954541 0.0347612 0.0349812
0 0.00978675 0.0353759 0.0357065
0 0.0100039 0.0359756 0.036421
0 0.0101984 0.0365564 0.0371108
0 0.0103671 0.037109 0.0377573
0 0.0104996 0.0376131 0.0383355
0 0.0105894 0.0380499 0.0388254
0 0.0106443 0.0384127 0.0392237
0 0.010677 0.0386996 0.0395336
0 0.0106903 0.0389003 0.0397503
0 0.0106757 0.0389961 0.0398592
0 0.0106284 0.0389761 0.0398506
0 0.0105542 0.0388439 0.0397265
0 0.0104584 0.0386072 0.0394897
0 0.0103414 0.0382728 0.0391409
0 0.0102019 0.037849 0.0386822
0 0.0100372 0.0373441 0.0381181
0 0.00983816 0.0367606 0.0374506
0 0.00959107 0.0360947 0.0366792
0 0.00928844 0.0353466 0.0358114
0 0.00893054 0.0345222 0.034862
0 0.00852028 0.0336283 0.0338468
0 0.00806169 0.0326726 0.0327801
0 0.0075601 0.0316633 0.0316735
0 0.00702354 0.0306104 0.0305372
0 0.00647219 0.0295344 0.0293898
0 0.00593872 0.0284665 0.0282592
0 0.00544613 0.0274317 0.0271649
0 0.00500587 0.0264471 0.0261178
0 0.00463169 0.0255348 0.0251334
0 0.00433299 0.0247154 0.0242288
0 0.00410841 0.0240006 0.0234161
0 0.00395205 0.0233971 0.0227065
0 0.00385577 0.0229093 0.0221126
0 0.00380446 0.0225336 0.0216405
0 0.00377807 0.0222593 0.0212898
0 0.00376437 0.0220818 0.0210634
0 0.00376667 0.0220089 0.0209736
0 0.00379256 0.0220506 0.0210303
0 0.00383315 0.0221978 0.0212207
0 0.0038663 0.0224242 0.021512
0 0.00387598 0.0227047 0.0218718
0 0.00386164 0.0230235 0.0222774
0 0.00384385 0.0233809 0.0227236
0 0.00385271 0.0237845 0.0232139
0 0.00390527 0.0242291 0.0237403
0 0.00400806 0.0247017 0.0242883
0 0.00417452 0.0252013 0.0248547
0 0.00442693 0.0257416 0.025452
0 0.0047742 0.026331 0.0260868
0 0.00519244 0.026953 0.0267414
0 0.00565042 0.027589 0.0273971
0 0.00615113 0.028258 0.0280741
0 0.00671974 0.0290029 0.0288188
0 0.00735778 0.0298444 0.0296568
0 0.0080288 0.030766 0.030578
0 0.00868135 0.0317353 0.0315572
0 0.00927438 0.0327239 0.0325738
0 0.00977434 0.0337029 0.0336064
0 0.0101518 0.0346409 0.0346298
0 0.0103977 0.0355155 0.0356257
0 0.0105176 0.0363098 0.036577
0 0.0105057 0.0369881 0.0374416
0 0.010352 0.0375041 0.0381597
0 0.0100862 0.0378473 0.0387026
0 0.00977061 0.03804 0.0390728
0 0.00945312 0.0380935 0.0392633
0 0.00917414 0.038019 0.0392716
0 0.0089931 0.037858 0.0391311
0 0.0089615 0.0376583 0.0388873
0 0.00907643 0.037429 0.0385537
0 0.00928433 0.0371441 0.0381135
0 0.00952498 0.0367818 0.0375592
0 0.00975848 0.0363476 0.0369129
0 0.00996229 0.0358661 0.0362176
0 0.010118 0.0353642 0.0355171
0 0.0102097 0.0348665 0.0348491
0 0.0102229 0.0343904 0.0342404
0 0.0101388 0.033938 0.0336997
0 0.00994671 0.0335073 0.0332284
0 0.00965189 0.0331005 0.032828
0 0.00926543 0.032716 0.0324908
0 0.00879903 0.0323443 0.0321968
0 0.00827376 0.0319778 0.0319263
0 0.00772021 0.0316146 0.0316653
0 0.00717307 0.0312554 0.0314032
0 0.00667287 0.0309075 0.0311372
0 0.00625725 0.0305805 0.0308679
0 0.00595181 0.0302777 0.0305921
0 0.00577533 0.0300062 0.0303131
0 0.00573698 0.0297746 0.0300387
0 0.00582557 0.0295814 0.02977
0 0.00601531 0.0294204 0.0295068
0 0.00627869 0.0292915 0.0292564
0 0.00659685 0.0292075 0.0290406
0 0.00694778 0.029181 0.028883
0 0.00728829 0.0292027 0.0287867
0 0.007573 0.0292565 0.0287481
0 0.00777908 0.0293411 0.0287763
0 0.0079058 0.0294684 0.0288893
0 0.00795558 0.0296429 0.0290937
0 0.00792154 0.0298503 0.0293721
0 0.00780499 0.0300753 0.0297018
0 0.00763226 0.0303197 0.0300737
0 0.0074418 0.0305931 0.0304853
0 0.00726555 0.0308962 0.0309264
0 0.00712696 0.0312228 0.0313819
0 0.00703383 0.0315531 0.0318249
0 0.00697392 0.0318507 0.0322127
0 0.00693686 0.0320852 0.032511
0 0.0069312 0.0322507 0.0327121
0 0.00697874 0.0323615 0.0328301
0 0.00708987 0.0324295 0.0328784
0 0.00725261 0.0324527 0.0328577
0 0.0074542 0.0324357 0.0327762
0 0.00768482 0.0323917 0.0326516
0 0.00791898 0.0323216 0.0324901
0 0.00811402 0.0322087 0.0322813
0 0.00822699 0.0320328 0.0320118
0 0.0082365 0.0317892 0.0316837
0 0.00814015 0.0314847 0.0313112
0 0.00793488 0.0311181 0.0308994
0 0.00762096 0.0306841 0.0304468
0 0.00721163 0.0301853 0.0299561
0 0.00673499 0.0296344 0.029435
0 0.00623508 0.029057 0.0289009
0 0.00576749 0.0284918 0.0283813
0 0.00538527 0.0279774 0.0279033
0 0.00512212 0.0275393 0.027481
0 0.00498919 0.0271891 0.0271172
0 0.00498346 0.0269324 0.0268127
0 0.00509391 0.0267737 0.0265725
0 0.00530028 0.0267136 0.0264044
0 0.0055671 0.0267392 0.0263093
0 0.00584725 0.0268252 0.0262794
0 0.00609745 0.026947 0.0263082
0 0.00628901 0.0270893 0.0263952
0 0.00640884 0.0272461 0.0265435
0 0.00645427 0.0274157 0.026753
0 0.00642847 0.0275956 0.0270153
0 0.00634103 0.0277837 0.0273166
0 0.00620922 0.0279797 0.0276412
0 0.00605572 0.0281845 0.0279742
0 0.00591049 0.0284033 0.0283077
0 0.00580038 0.0286379 0.0286357
0 0.00573483 0.0288762 0.0289417
0 0.0057178 0.0291048 0.0292115
0 0.00575533 0.0293175 0.029441
0 0.00584953 0.0295104 0.0296301
0 0.00599737 0.0296809 0.0297807
0 0.00619033 0.0298273 0.029896
0 0.00640953 0.0299433 0.0299734
0 0.00662854 0.0300192 0.0300057
0 0.00682773 0.0300535 0.0299939
0 0.00700413 0.0300613 0.0299549
0 0.00717015 0.0300719 0.0299203
0 0.00733719 0.0301122 0.0299198
0 0.00750293 0.0301935 0.0299675
0 0.00765814 0.0303172 0.0300683
0 0.00779477 0.0304824 0.0302247
0 0.00790829 0.0306878 0.0304377
0 0.00799601 0.0309295 0.0307045
0 0.00805112 0.0311955 0.0310128
0 0.00806849 0.0314711 0.0313463
0 0.00805061 0.0317462 0.0316921
0 0.00799863 0.0320062 0.0320325
0 0.00791933 0.0322396 0.0323523
0 0.0078336 0.0324481 0.0326487
0 0.00776361 0.0326366 0.0329204
0 0.00772181 0.0328031 0.0331584
0 0.00770725 0.0329361 0.0333448
0 0.00772023 0.0330305 0.0334691
0 0.00777701 0.0331015 0.033544
0 0.00789658 0.0331723 0.033593
0 0.00808667 0.0332606 0.0336368
0 0.00833593 0.0333704 0.033685
0 0.0086165 0.0334929 0.0337364
0 0.00889635 0.0336173 0.0337882
0 0.00914011 0.0337283 0.0338333
0 0.00931478 0.0338096 0.033862
0 0.00940117 0.0338528 0.0338717
0 0.0093943 0.0338566 0.0338653
0 0.00930347 0.0338267 0.0338505
0 0.00914913 0.0337741 0.0338374
0 0.00895086 0.0337042 0.033828
0 0.00872208 0.0336142 0.0338123
0 0.00847743 0.0335017 0.0337788
0 0.00823698 0.0333705 0.0337202
0 0.00801952 0.0332253 0.0336307
0 0.00784438 0.0330745 0.0335102
0 0.00773104 0.0329308 0.033367
0 0.00768768 0.0328002 0.0332073
0 0.00771014 0.0326819 0.0330337
0 0.00778982 0.0325754 0.0328531
0 0.00791682 0.0324836 0.0326771
0 0.00807762 0.0324094 0.0325171
0 0.00825583 0.032355 0.0323829
0 0.00843502 0.0323232 0.0322829
0 0.00859819 0.0323152 0.0322224
0 0.00872374 0.0323245 0.0321976
0 0.00879194 0.0323414 0.0322005
0 0.00879588 0.0323633 0.0322287
0 0.00873825 0.0323906 0.0322813
0 0.0086256 0.0324212 0.0323544
0 0.00846881 0.0324522 0.032442
0 0.00828285 0.0324808 0.0325379
0 0.00808376 0.0325028 0.0326338
0 0.00788234 0.0325085 0.0327145
0 0.00768476 0.0324853 0.0327608
0 0.00750025 0.0324259 0.0327585
0 0.0073408 0.0323297 0.0327003
0 0.00721196 0.0321941 0.0325791
0 0.00711064 0.0320125 0.0323859
0 0.00703805 0.0317877 0.0321236
0 0.0069937 0.0315248 0.0318002
0 0.00696492 0.0312208 0.0314174
0 0.0069445 0.030881 0.0309872
0 0.00692761 0.0305151 0.0305252
0 0.00690244 0.030126 0.0300404
0 0.00686197 0.0297221 0.0295465
0 0.00680163 0.0293139 0.0290589
0 0.00671428 0.0289079 0.0285881
0 0.00659348 0.0285093 0.0281411
0 0.00643075 0.0281184 0.0277178
0 0.00621817 0.027731 0.0273121
0 0.00595671 0.0273467 0.0269208
0 0.00566073 0.0269729 0.0265485
0 0.00535361 0.0266209 0.0262041
0 0.00505556 0.0262971 0.0258914
0 0.00478099 0.0260016 0.0256079
0 0.00454045 0.025732 0.0253487
0 0.00434246 0.0254865 0.0251091
0 0.00418817 0.0252599 0.0248814
0 0.00406729 0.0250392 0.0246503
0 0.00396972 0.0248148 0.024405
0 0.00389077 0.0245849 0.0241437
0 0.00383324 0.0243569 0.0238754
0 0.0038059 0.0241464 0.023618
0 0.00381666 0.0239699 0.0233917
0 0.00386989 0.0238426 0.0232152
0 0.00396867 0.02378 0.0231076
0 0.00411298 0.0237958 0.0230859
0 0.00429116 0.0238926 0.0231552
0 0.00448718 0.0240672 0.0233144
0 0.00469093 0.0243199 0.0235656
0 0.00489532 0.0246499 0.0239095
0 0.00509349 0.0250519 0.0243422
0 0.00528157 0.0255189 0.0248573
0 0.00546225 0.0260454 0.0254494
0 0.00564143 0.0266256 0.0261113
0 0.00582529 0.0272512 0.0268321
0 0.0060204 0.0279132 0.0275986
0 0.00623753 0.0286072 0.028401
0 0.00648944 0.0293334 0.0292337
0 0.00677612 0.0300816 0.0300818
0 0.0070902 0.0308374 0.0309271
0 0.00742414 0.0315893 0.0317561
0 0.00776434 0.03232 0.0325511
0 0.00809946 0.0330125 0.033297
0 0.0084236 0.0336579 0.0339871
0 0.00873153 0.0342497 0.0346184
0 0.00901838 0.0347823 0.0351874
0 0.00927828 0.035252 0.0356919
0 0.00951231 0.0356633 0.0361363
0 0.00973358 0.0360334 0.036537
0 0.00995265 0.036379 0.0369094
0 0.0101649 0.0367022 0.0372543
0 0.0103526 0.0369919 0.0375595
0 0.0104993 0.0372369 0.0378145
0 0.0106056 0.0374401 0.038024
0 0.0106807 0.0376111 0.0381999
0 0.0107295 0.0377527 0.038348
0 0.0107493 0.037859 0.0384645
0 0.0107314 0.0379167 0.0385374
0 0.0106705 0.037915 0.0385552
0 0.0105703 0.0378513 0.0385135
0 0.0104405 0.0377285 0.0384117
0 0.0102904 0.0375497 0.0382487
0 0.0101279 0.0373176 0.0380227
0 0.00995977 0.0370354 0.0377333
0 0.00979228 0.0367084 0.037383
0 0.00963616 0.0363482 0.0369826
0 0.00950656 0.0359743 0.0365526
0 0.0094152 0.0356057 0.0361147
0 0.00935692 0.0352478 0.0356784
0 0.00931413 0.0348958 0.0352438
0 0.00927083 0.0345471 0.0348136
0 0.0092086 0.0341963 0.034387
0 0.00911165 0.0338382 0.0339627
0 0.00898129 0.0334814 0.0335519
0 0.00882597 0.0331383 0.0331684
0 0.00864263 0.0328059 0.03281
0 0.00841997 0.0324698 0.0324615
0 0.0081529 0.0321184 0.0321096
0 0.00784779 0.0317489 0.0317489
0 0.00751762 0.0313628 0.0313775
0 0.00717673 0.030962 0.0309931
0 0.00683925 0.0305486 0.0305936
0 0.00651895 0.0301251 0.0301772
0 0.00622806 0.0296943 0.0297428
0 0.00597529 0.0292593 0.0292905
0 0.00576573 0.0288229 0.0288207
0 0.00560185 0.0283892 0.0283366
0 0.00548721 0.0279678 0.0278489
0 0.00542875 0.0275761 0.0273776
0 0.00543329 0.0272356 0.0269485
0 0.00549948 0.0269635 0.0265846
0 0.00560879 0.0267617 0.0262952
0 0.00573118 0.026621 0.0260781
0 0.00583629 0.0265291 0.0259272
0 0.00590167 0.0264768 0.0258381
0 0.00592056 0.0264645 0.025814
0 0.00589564 0.0264949 0.0258586
0 0.00583706 0.0265719 0.0259743
0 0.00576288 0.0267015 0.0261636
0 0.00568625 0.0268809 0.0264184
0 0.0056112 0.0270957 0.0267179
0 0.00554131 0.02733 0.0270388
0 0.00548424 0.0275716 0.0273626
0 0.00544671 0.0278093 0.0276723
0 0.00543512 0.0280339 0.027955
0 0.00546304 0.0282476 0.0282108
0 0.00554298 0.0284567 0.0284452
0 0.00567619 0.0286618 0.0286586
0 0.00585656 0.0288617 0.0288509
0 0.00607397 0.0290557 0.0290231
0 0.00631541 0.0292436 0.0291779
0 0.00656635 0.0294257 0.0293195
0 0.00681201 0.0296023 0.0294529
0 0.00703841 0.0297733 0.0295836
0 0.0072332 0.0299386 0.0297168
0 0.00738728 0.0300976 0.0298572
0 0.00749475 0.0302495 0.0300072
0 0.00755572 0.030396 0.0301696
0 0.00758099 0.0305455 0.030352
0 0.00758287 0.0307054 0.0305586
0 0.00756784 0.0308746 0.030784
0 0.00753713 0.0310453 0.0310156
0 0.00749238 0.0312085 0.03124
0 0.00744766 0.0313667 0.0314558
0 0.00742042 0.0315264 0.0316664
0 0.00741956 0.031687 0.0318686
0 0.00745112 0.0318473 0.0320594
0 0.00752536 0.0320138 0.0322442
0 0.00765179 0.0321961 0.0324326
0 0.0078285 0.0323963 0.0326275
0 0.00804059 0.0326073 0.0328236
0 0.00826664 0.0328181 0.0330128
0 0.00848685 0.0330201 0.0331899
0 0.00868039 0.0332034 0.033349
0 0.0088271 0.0333562 0.0334822
0 0.00891665 0.0334734 0.0335883
0 0.00894656 0.0335537 0.0336688
0 0.00892269 0.0336001 0.0337286
0 0.008861 0.0336228 0.0337779
0 0.00877708 0.0336298 0.0338226
0 0.00868646 0.0336283 0.0338659
0 0.00860762 0.0336293 0.033913
0 0.00854372 0.0336298 0.0339542
0 0.0084788 0.0336091 0.0339629
0 0.00839795 0.0335478 0.0339156
0 0.00830037 0.0334407 0.0338055
0 0.00819526 0.0332928 0.0336388
0 0.00808919 0.0331072 0.0334219
0 0.00798267 0.0328828 0.0331578
0 0.00787595 0.0326205 0.0328517
0 0.00777434 0.0323289 0.0325152
0 0.00768129 0.032017 0.032159
0 0.00758932 0.0316856 0.0317839
0 0.00749109 0.0313361 0.0313905
0 0.00738858 0.030979 0.0309884
0 0.00728239 0.0306235 0.030586
0 0.00716493 0.030269 0.0301831
0 0.00702937 0.0299133 0.0297786
0 0.00687452 0.0295585 0.0293773
0 0.00670193 0.0292074 0.0289847
0 0.00651476 0.028862 0.0286059
0 0.00631699 0.0285242 0.0282445
0 0.00611379 0.0281963 0.0279031
0 0.00591133 0.0278808 0.0275824
0 0.00571582 0.0275803 0.0272822
0 0.00553328 0.0272979 0.0270016
0 0.00536941 0.0270366 0.0267395
0 0.00522885 0.0267991 0.0264952
0 0.00511488 0.0265873 0.0262692
0 0.00502959 0.0264032 0.0260631
0 0.00497422 0.0262487 0.0258805
0 0.00494783 0.0261248 0.0257254
0 0.00494672 0.0260309 0.0256005
0 0.00496615 0.0259666 0.0255088
0 0.00500145 0.025932 0.025453
0 0.00504764 0.0259275 0.0254351
0 0.00510244 0.0259557 0.0254583
0 0.00517162 0.0260268 0.0255323
0 0.00526164 0.026151 0.0256662
0 0.00537206 0.0263308 0.0258612
0 0.00549979 0.0265648 0.0261148
0 0.00564208 0.0268503 0.0264239
0 0.00579667 0.0271836 0.026785
0 0.00596217 0.02756 0.0271942
0 0.00613769 0.0279741 0.0276469
0 0.00632317 0.0284205 0.0281381
0 0.00651759 0.0288923 0.0286607
0 0.00671596 0.0293796 0.0292036
0 0.00691718 0.0298761 0.0297587
0 0.0071224 0.0303782 0.0303207
0 0.00732272 0.030873 0.0308748
0 0.00750835 0.0313468 0.0314061
0 0.00768231 0.0317974 0.0319115
0 0.00785811 0.0322326 0.0323983
0 0.00804699 0.0326599 0.0328735
0 0.00825008 0.0330774 0.0333344
0 0.00845649 0.0334734 0.0337686
0 0.00865109 0.0338336 0.0341609
0 0.00883153 0.034157 0.0345099
0 0.00900217 0.0344501 0.034822
0 0.00915853 0.0347107 0.0350959
0 0.0092932 0.034934 0.0353279
0 0.00940461 0.0351203 0.0355197
0 0.00949383 0.0352723 0.035676
0 0.00956027 0.0353903 0.0357984
0 0.00960226 0.0354731 0.0358867
0 0.00961522 0.0355161 0.0359366
0 0.00959584 0.0355149 0.0359433
0 0.00954969 0.0354736 0.0359098
0 0.00948422 0.0353974 0.0358398
0 0.00940282 0.0352874 0.0357328
0 0.00930822 0.0351445 0.0355879
0 0.00920537 0.0349719 0.035407
0 0.00910519 0.0347799 0.0351998
0 0.00901512 0.0345765 0.0349739
0 0.00892888 0.0343572 0.0347256
0 0.00883891 0.0341172 0.0344511
0 0.00874329 0.0338582 0.0341536
0 0.00864096 0.033583 0.0338378
0 0.00853097 0.0332946 0.0335082
0 0.00841253 0.032996 0.0331694
0 0.00828568 0.0326907 0.032826
0 0.00814822 0.0323793 0.0324791
0 0.007997 0.0320603 0.0321279
0 0.00783595 0.0317389 0.0317774
0 0.00767182 0.031422 0.0314343
0 0.0075088 0.0311131 0.0311018
0 0.00735594 0.0308207 0.0307879
0 0.00722726 0.0305588 0.0305061
0 0.00712762 0.0303324 0.0302608
0 0.00704784 0.0301338 0.0300435
0 0.0069773 0.0299544 0.0298454
0 0.00690701 0.0297869 0.0296591
0 0.00682672 0.0296219 0.0294757
0 0.00673153 0.029454 0.0292909
0 0.00662277 0.0292825 0.0291054
0 0.00650359 0.0291078 0.0289204
0 0.00637767 0.0289299 0.0287366
0 0.00624948 0.0287495 0.0285542
0 0.00612368 0.0285679 0.0283732
0 0.00600505 0.0283871 0.0281936
0 0.00590315 0.0282148 0.0280207
0 0.00583096 0.0280638 0.027865
0 0.00579551 0.0279428 0.0277334
0 0.00579545 0.027854 0.0276274
0 0.00582621 0.0277982 0.027548
0 0.0058813 0.0277749 0.0274968
0 0.00595152 0.027781 0.0274741
0 0.00603156 0.0278172 0.0274842
0 0.00611634 0.0278835 0.0275312
0 0.00619257 0.0279701 0.0276087
0 0.00624808 0.0280669 0.0277084
0 0.00627955 0.0281697 0.0278269
0 0.00628858 0.0282773 0.0279615
0 0.00628136 0.0283905 0.0281109
0 0.00627193 0.0285172 0.028279
0 0.00627496 0.0286648 0.0284694
0 0.00629782 0.0288342 0.0286792
0 0.00634356 0.0290228 0.0289029
0 0.00641382 0.0292281 0.0291363
0 0.00650886 0.0294474 0.0293762
0 0.00662752 0.0296783 0.0296207
0 0.00676698 0.0299183 0.0298687
0 0.00692323 0.0301651 0.0301197
0 0.00709156 0.0304169 0.0303739
0 0.00726647 0.0306718 0.0306315
0 0.00744179 0.0309282 0.0308926
0 0.00761152 0.0311843 0.0311568
0 0.00777063 0.0314382 0.0314233
0 0.00791479 0.0316885 0.0316909
0 0.00804051 0.0319331 0.031958
0 0.00814606 0.0321703 0.0322224
0 0.00823105 0.0323976 0.0324812
0 0.0082984 0.0326149 0.0327334
0 0.00835333 0.032823 0.0329786
0 0.00839644 0.0330175 0.0332109
0 0.00842603 0.0331909 0.0334213
0 0.00844584 0.0333413 0.0336057
0 0.00846283 0.0334702 0.0337642
0 0.00848025 0.0335766 0.0338938
0 0.0085044 0.0336636 0.0339967
0 0.00854379 0.0337385 0.0340793
0 0.00859433 0.0337979 0.0341382
0 0.00864421 0.0338325 0.0341646
0 0.00868349 0.0338357 0.0341531
0 0.0087066 0.0338058 0.0341038
0 0.00870828 0.0337412 0.0340171
0 0.00868305 0.0336397 0.0338927
0 0.00863473 0.0335075 0.0337387
0 0.00856944 0.0333527 0.0335642
0 0.00848861 0.0331783 0.0333726
0 0.00839323 0.0329863 0.0331657
0 0.00828483 0.032779 0.0329449
0 0.00816538 0.0325586 0.0327113
0 0.00803742 0.0323274 0.0324661
0 0.0079036 0.0320876 0.0322103
0 0.00776488 0.0318394 0.0319435
0 0.00762252 0.0315829 0.0316659
0 0.00748128 0.0313217 0.031381
0 0.00734558 0.0310593 0.031093
0 0.0072171 0.0307972 0.0308042
0 0.00709254 0.0305323 0.0305122
0 0.00696454 0.0302576 0.0302104
0 0.00682973 0.0299704 0.0298964
0 0.00668932 0.029673 0.0295726
0 0.00654543 0.0293684 0.0292421
0 0.00640047 0.0290602 0.0289078
0 0.00625665 0.0287519 0.0285731
0 0.00611594 0.0284468 0.0282411
0 0.00598014 0.0281483 0.0279152
0 0.00585065 0.0278597 0.0275987
0 0.00572842 0.0275838 0.0272949
0 0.00561361 0.0273229 0.0270065
0 0.00550709 0.0270797 0.0267369
0 0.00541035 0.0268574 0.0264902
0 0.00532441 0.0266588 0.0262697
0 0.00524896 0.0264848 0.0260772
0 0.00518181 0.0263345 0.0259119
0 0.00512367 0.0262095 0.0257756
0 0.00507868 0.0261143 0.0256727
0 0.00505328 0.0260558 0.02561
0 0.00505411 0.026041 0.025594
0 0.00508291 0.0260727 0.025627
0 0.0051392 0.0261519 0.0257098
0 0.00521967 0.0262767 0.0258404
0 0.00531489 0.0264392 0.026011
0 0.0054158 0.0266307 0.0262138
0 0.00551908 0.0268473 0.0264458
0 0.00562423 0.0270865 0.0267053
0 0.00573147 0.0273455 0.0269904
0 0.00584158 0.0276217 0.0272981
0 0.00595818 0.0279147 0.0276273
0 0.00608916 0.028229 0.027981
0 0.00624079 0.028568 0.0283605
0 0.00641413 0.0289312 0.0287631
0 0.00660656 0.0293156 0.0291842
0 0.00681394 0.0297172 0.0296188
0 0.0070326 0.0301328 0.0300638
0 0.00726194 0.0305626 0.0305202
0 0.00750308 0.031009 0.030992
0 0.00775412 0.0314715 0.0314805
0 0.00801433 0.0319502 0.0319881
0 0.00828443 0.0324468 0.0325186
0 0.008559 0.0329572 0.0330694
0 0.00882606 0.0334703 0.03363
0 0.00907462 0.0339758 0.0341894
0 0.00929757 0.0344655 0.034738
0 0.00948718 0.034929 0.0352634
0 0.00963742 0.0353558 0.0357524
0 0.00974921 0.0357401 0.0361969
0 0.0098285 0.0360796 0.0365925
0 0.00988215 0.0363717 0.0369348
0 0.00991993 0.0366166 0.0372232
0 0.00995097 0.0368151 0.0374573
0 0.00997409 0.0369592 0.0376285
0 0.00998255 0.0370379 0.0377246
0 0.00997546 0.0370478 0.0377417
0 0.00995876 0.0369951 0.037685
0 0.00993636 0.0368861 0.0375606
0 0.00990339 0.0367209 0.0373681
0 0.00985261 0.0364986 0.0371074
0 0.00978251 0.0362251 0.0367858
0 0.0096907 0.0359053 0.0364108
0 0.00957044 0.0355399 0.0359856
0 0.00941734 0.0351304 0.0355151
0 0.0092302 0.0346807 0.0350062
0 0.00900967 0.0341953 0.0344655
0 0.0087583 0.0336792 0.0338991
0 0.00848003 0.0331377 0.0333123
0 0.00817997 0.0325762 0.0327096
0 0.00786459 0.0320004 0.0320949
0 0.00754061 0.0314155 0.0314717
0 0.00721491 0.0308266 0.0308434
0 0.00689515 0.0302387 0.030214
0 0.00658873 0.0296566 0.0295878
0 0.00630265 0.0290853 0.0289695
0 0.0060418 0.02853 0.0283644
0 0.00580956 0.0279965 0.0277785
0 0.0056082 0.0274907 0.0272179
0 0.00543722 0.0270185 0.0266897
0 0.00529487 0.0265856 0.0262008
0 0.00517886 0.0261978 0.0257583
0 0.00508809 0.0258623 0.0253716
0 0.0050216 0.0255859 0.0250494
0 0.00497401 0.02537 0.0247954
0 0.00493861 0.0252133 0.0246102
0 0.00491168 0.0251153 0.024495
0 0.00489196 0.0250758 0.0244505
0 0.00487977 0.0250941 0.0244763
0 0.00487686 0.0251687 0.0245701
0 0.00488607 0.0252969 0.024728
0 0.00491128 0.0254759 0.0249453
0 0.00496006 0.0257059 0.0252194
0 0.00504279 0.0259896 0.0255507
0 0.00516564 0.0263269 0.0259361
0 0.00532905 0.026713 0.0263686
0 0.00553129 0.0271428 0.0268412
0 0.00576865 0.0276106 0.0273477
0 0.00603328 0.0281084 0.0278799
0 0.00631571 0.0286273 0.0284302
0 0.006608 0.0291605 0.0289933
0 0.00690157 0.029701 0.0295642
0 0.0071872 0.0302407 0.0301366
0 0.00745807 0.0307731 0.0307061
0 0.0077094 0.0312938 0.0312693
0 0.00793869 0.0317984 0.0318227
0 0.00814566 0.0322831 0.0323627
0 0.0083305 0.0327441 0.0328852
0 0.00849371 0.033177 0.0333835
0 0.00863662 0.0335781 0.0338508
0 0.00876204 0.0339448 0.0342805
0 0.0088718 0.0342736 0.0346653
0 0.00896669 0.0345607 0.0349979
0 0.00904813 0.0348031 0.0352734
0 0.00911741 0.0349983 0.0354888
0 0.00917633 0.0351451 0.0356438
0 0.00922705 0.035244 0.0357412
0 0.00926912 0.0352946 0.0357829
0 0.00929884 0.0352947 0.0357692
0 0.00931185 0.0352434 0.035701
0 0.00930446 0.0351418 0.03558
0 0.00927375 0.0349924 0.0354089
0 0.0092176 0.0347986 0.035191
0 0.00913421 0.034564 0.034929
0 0.00902148 0.0342906 0.0346251
0 0.00887858 0.0339807 0.0342815
0 0.00870795 0.0336382 0.033903
0 0.00851524 0.0332691 0.0334964
0 0.00830641 0.0328788 0.0330684
0 0.00808611 0.0324711 0.0326236
0 0.00785948 0.0320499 0.0321664
0 0.00763107 0.0316189 0.0317005
0 0.00740435 0.0311814 0.0312288
0 0.00718305 0.0307411 0.030754
0 0.00697043 0.030302 0.0302794
0 0.00676983 0.0298681 0.0298084
0 0.00658395 0.0294439 0.0293448
0 0.00641502 0.029035 0.0288938
0 0.00626468 0.0286468 0.028461
0 0.00613224 0.0282831 0.0280514
0 0.00601502 0.0279465 0.0276691
0 0.0059098 0.0276388 0.0273179
0 0.00581422 0.0273628 0.0270025
0 0.00572688 0.0271211 0.0267278
0 0.00564698 0.0269161 0.0264972
0 0.00557428 0.0267496 0.0263136
0 0.00550928 0.0266229 0.0261783
0 0.00545337 0.0265368 0.0260917
0 0.00540849 0.026492 0.0260531
0 0.00537682 0.0264881 0.0260607
0 0.00536039 0.0265235 0.0261118
0 0.00536161 0.026597 0.0262035
0 0.0053836 0.0267074 0.0263336
0 0.00542908 0.0268535 0.0265001
0 0.00549948 0.0270334 0.0267005
0 0.00559503 0.0272447 0.0269323
0 0.00571498 0.0274852 0.027193
0 0.00585764 0.0277525 0.0274805
0 0.00602032 0.0280447 0.0277926
0 0.0061991 0.0283589 0.0281268
0 0.00638877 0.0286917 0.02848
0 0.00658408 0.0290395 0.0288491
0 0.00678111 0.0293998 0.0292323
0 0.00697637 0.02977 0.0296274
0 0.00716622 0.0301467 0.0300319
0 0.00734782 0.0305266 0.0304428
0 0.00751879 0.0309059 0.0308569
0 0.00767747 0.0312809 0.0312709
0 0.00782393 0.031648 0.0316809
0 0.00795849 0.0320035 0.032083
0 0.00808218 0.0323441 0.0324731
0 0.00819705 0.0326666 0.0328462
0 0.00830405 0.0329679 0.0331967
0 0.00840419 0.0332449 0.0335192
0 0.00849869 0.0334953 0.0338085
0 0.00858782 0.0337167 0.0340604
0 0.0086718 0.0339074 0.034272
0 0.00875036 0.0340661 0.0344419
0 0.00882235 0.0341914 0.0345699
0 0.00888612 0.0342826 0.0346569
0 0.0089394 0.0343389 0.0347041
0 0.00897958 0.03436 0.0347136
0 0.00900398 0.0343463 0.0346872
0 0.00901022 0.0342987 0.034627
0 0.00899638 0.0342191 0.034535
0 0.00896116 0.0341091 0.0344128
0 0.00890398 0.0339709 0.0342619
0 0.00882512 0.0338066 0.0340837
0 0.00872585 0.0336181 0.0338798
0 0.00860825 0.0334072 0.0336519
0 0.00847507 0.0331759 0.0334018
0 0.00832968 0.0329259 0.0331316
0 0.00817576 0.0326592 0.0328436
0 0.00801701 0.0323779 0.0325402
0 0.00785698 0.0320844 0.0322236
0 0.00769864 0.0317812 0.0318961
0 0.00754442 0.0314712 0.0315599
0 0.00739652 0.0311573 0.0312177
0 0.00725633 0.0308426 0.0308719
0 0.00712442 0.0305299 0.0305257
0 0.00700138 0.0302222 0.0301823
0 0.00688748 0.0299224 0.029845
0 0.00678192 0.0296331 0.0295176
0 0.00668363 0.0293571 0.029204
0 0.00659169 0.0290967 0.0289081
0 0.00650479 0.0288544 0.0286338
0 0.00642186 0.0286323 0.0283845
0 0.00634229 0.0284325 0.028163
0 0.00626575 0.0282569 0.0279714
