0 0.00618471 0.028099 0.0278031
0 0.00609473 0.0279541 0.0276528
0 0.00601751 0.0278422 0.0275396
0 0.00598003 0.0277885 0.027488
0 0.00599064 0.0278008 0.0275044
0 0.00604741 0.0278779 0.0275868
0 0.00612838 0.0279995 0.0277145
0 0.00618533 0.0281187 0.0278403
0 0.00619321 0.0282083 0.0279383
0 0.00616984 0.0282807 0.0280224
0 0.006134 0.0283469 0.028105
0 0.00609366 0.028407 0.0281867
0 0.00606466 0.0284692 0.0282749
0 0.00606109 0.0285424 0.0283763
0 0.00608699 0.028628 0.0284888
0 0.00615883 0.0287429 0.0286258
0 0.00629035 0.0289043 0.0288013
0 0.00648005 0.0291181 0.029019
0 0.00672194 0.0293874 0.0292818
0 0.00700234 0.0297094 0.0295884
0 0.00730323 0.0300767 0.0299357
0 0.00760871 0.0304826 0.0303227
0 0.00789121 0.0309066 0.0307357
0 0.00808256 0.0312828 0.0311159
0 0.00812876 0.0315517 0.0314094
0 0.00804558 0.0317169 0.0316227
0 0.0078637 0.0317915 0.0317682
0 0.00760531 0.0317756 0.0318418
0 0.00730514 0.0316812 0.0318476
0 0.00698453 0.0315087 0.0317743
0 0.00666259 0.0312594 0.0316087
0 0.00639502 0.0309769 0.0313803
0 0.00625606 0.0307301 0.0311469
0 0.0063073 0.0305855 0.0309684
0 0.00656629 0.0305777 0.0308805
0 0.00699339 0.0306951 0.0308788
0 0.00749669 0.0308798 0.0309185
0 0.0079842 0.0310754 0.0309595
0 0.00845089 0.0313086 0.0310482
0 0.0088987 0.0316089 0.0312354
0 0.00923419 0.0319045 0.0314672
0 0.00936624 0.0321147 0.0316738
0 0.00924736 0.0321888 0.0318055
0 0.00885933 0.0320896 0.0318176
0 0.00828506 0.0318659 0.0317447
0 0.00765954 0.0316115 0.0316625
0 0.00708641 0.0313866 0.0316117
0 0.00667807 0.0312661 0.0316461
0 0.00653249 0.0313237 0.0318192
0 0.00667796 0.0315792 0.0321356
0 0.00710067 0.0320276 0.0325821
0 0.00771947 0.0326106 0.0331023
0 0.00836596 0.0331881 0.0335685
0 0.00887333 0.0336193 0.0338624
0 0.00914735 0.0338281 0.0339348
0 0.00915352 0.0337853 0.0337822
0 0.00889211 0.033484 0.0334174
0 0.00844202 0.0329867 0.0329133
0 0.00793178 0.0324032 0.0323782
0 0.00743471 0.0317917 0.0318562
0 0.00698753 0.0311802 0.0313518
0 0.00663989 0.0306187 0.0308855
0 0.00644854 0.0301706 0.0304928
0 0.00644872 0.0298838 0.030201
0 0.00661215 0.0297498 0.0299938
0 0.00684842 0.0297001 0.0298091
0 0.00708565 0.0296812 0.0296128
0 0.00731243 0.0296964 0.0294364
0 0.00750917 0.0297354 0.0293038
0 0.00762223 0.0297492 0.0291979
0 0.00761679 0.0297039 0.0291066
0 0.00749616 0.0296002 0.0290369
0 0.00726227 0.0294338 0.0289744
0 0.00686839 0.0291482 0.0288388
0 0.00627606 0.0286872 0.0285429
0 0.00556882 0.0281061 0.0281131
0 0.00492143 0.0275451 0.0276661
0 0.00448713 0.0271261 0.0273077
0 0.00433234 0.0268977 0.0270781
0 0.00443416 0.0268368 0.0269541
0 0.00474625 0.026912 0.0269122
0 0.00523239 0.027115 0.026959
0 0.0058594 0.0274506 0.0271202
0 0.00658536 0.0279205 0.0274225
0 0.00730271 0.0284607 0.0278268
0 0.00783609 0.0289323 0.0282144
0 0.00805478 0.029224 0.0284879
0 0.00794968 0.0293246 0.0286413
0 0.00759051 0.0292828 0.0287184
0 0.00707445 0.0291616 0.0287664
0 0.00652323 0.0290406 0.0288414
0 0.00607529 0.0290162 0.0290144
0 0.00582899 0.0291516 0.0293262
0 0.00580497 0.0294459 0.0297547
0 0.00596516 0.0298526 0.0302376
0 0.00622472 0.0302868 0.030684
0 0.00651224 0.0306812 0.0310322
0 0.00680336 0.031016 0.0312788
0 0.00707948 0.0312785 0.0314332
0 0.00729476 0.0314296 0.0314783
0 0.00740475 0.0314308 0.0313939
0 0.00743484 0.0313155 0.0312245
0 0.00745768 0.0311658 0.0310557
0 0.00752333 0.0310448 0.0309456
0 0.00765164 0.0309907 0.0309207
0 0.00787478 0.0310582 0.0310208
0 0.00824381 0.0313243 0.0313091
0 0.00875662 0.0318163 0.0318036
0 0.00928084 0.0324285 0.0323968
0 0.00965502 0.0330152 0.0329496
0 0.00984418 0.0335406 0.033442
0 0.00987751 0.0340159 0.0339059
0 0.00977806 0.034431 0.0343527
0 0.00956196 0.034759 0.0347708
0 0.00919665 0.0349193 0.0350835
0 0.00866423 0.0348455 0.0352139
0 0.00802802 0.0345562 0.0351553
0 0.00740039 0.0341282 0.0349473
0 0.00691932 0.0336766 0.0346647
0 0.00668619 0.0332975 0.034369
0 0.00670582 0.0330075 0.0340548
0 0.00688635 0.0327394 0.0336504
0 0.0071019 0.0323995 0.0330765
0 0.00729118 0.0319595 0.0323364
0 0.00748549 0.0314829 0.0315354
0 0.00776421 0.0310807 0.0308286
0 0.00819635 0.030859 0.0303599
0 0.00874324 0.030828 0.0301649
0 0.00926674 0.0309035 0.0301692
0 0.00968143 0.0310505 0.0303319
0 0.00995224 0.031275 0.030639
0 0.0100579 0.0315769 0.0310659
0 0.0100028 0.0319569 0.031591
0 0.00973919 0.0323357 0.0321203
0 0.0092081 0.0325953 0.032531
0 0.00842569 0.0326729 0.0327634
0 0.00746062 0.032545 0.0328008
0 0.00643981 0.0322418 0.0326765
0 0.00552096 0.0318346 0.0324555
0 0.00477062 0.031326 0.0321225
0 0.00414584 0.0306334 0.0315673
0 0.00364141 0.0297386 0.0307392
0 0.00337526 0.0287752 0.0297414
0 0.00350067 0.0279419 0.028752
0 0.00405041 0.0273443 0.027874
0 0.00492049 0.026971 0.0271157
0 0.00600079 0.0268175 0.0265088
0 0.00722918 0.0269316 0.0261485
0 0.00853737 0.0273484 0.0261293
0 0.00974357 0.027975 0.0264222
0 0.0105752 0.0286084 0.0268738
0 0.0108656 0.029114 0.0273785
0 0.0106097 0.0294691 0.027918
0 0.0098757 0.0296844 0.0284802
0 0.00878339 0.0297882 0.0290497
0 0.00748582 0.0298183 0.0296059
0 0.00615628 0.0298243 0.0301374
0 0.00502649 0.0299199 0.0307008
0 0.00429371 0.0302039 0.0313435
0 0.00400075 0.030645 0.0320029
0 0.00407886 0.0311311 0.0325544
0 0.00444413 0.0315668 0.0329067
0 0.00503144 0.031903 0.033036
0 0.00576215 0.032106 0.0329458
0 0.00656789 0.0321714 0.0326745
0 0.00741157 0.0321369 0.0323007
0 0.00825329 0.0320467 0.0319006
0 0.00905527 0.0319479 0.0315457
0 0.0097547 0.03186 0.0312718
0 0.0102525 0.0317582 0.0310607
0 0.0104829 0.0316306 0.0308992
0 0.0104114 0.0314727 0.0307723
0 0.010042 0.0312864 0.0306692
0 0.0094904 0.0311509 0.0306588
0 0.00888285 0.0311347 0.0308001
0 0.00824674 0.0311976 0.0310426
0 0.0075932 0.0312793 0.0313167
0 0.00700595 0.031395 0.0316287
0 0.00661344 0.0316138 0.0320363
0 0.00643321 0.0319085 0.0324981
0 0.00636007 0.0321461 0.0328649
0 0.00633486 0.032254 0.0330485
0 0.00638371 0.0322578 0.0330642
0 0.0065557 0.0322191 0.0329703
0 0.00683061 0.0321426 0.0327761
0 0.00712126 0.031974 0.0324393
0 0.0074342 0.0317573 0.0320221
0 0.00784395 0.0316078 0.0316611
0 0.00833172 0.0315508 0.0314026
0 0.00883979 0.0315743 0.0312536
0 0.00931535 0.0316701 0.0312226
0 0.00965285 0.0317707 0.0312533
0 0.009788 0.031836 0.03131
0 0.00974565 0.0318987 0.0314222
0 0.0095149 0.0319371 0.0315595
0 0.00901467 0.0318388 0.0315967
0 0.00821534 0.0315237 0.0314402
0 0.00724139 0.0310523 0.0311385
0 0.00633603 0.0305992 0.0308544
0 0.00577069 0.0303753 0.0307843
0 0.00569184 0.0304914 0.0310211
0 0.0059739 0.0308196 0.0314191
0 0.00635508 0.031118 0.0317225
0 0.00664248 0.0312197 0.0317598
0 0.00677417 0.0310857 0.0314995
0 0.00682385 0.0308076 0.0310526
0 0.00686693 0.0304744 0.0305337
0 0.0069001 0.030096 0.0299772
0 0.00692364 0.0296879 0.0294188
0 0.00695717 0.0292883 0.0289117
0 0.00702374 0.0289435 0.0285077
0 0.00713151 0.0286894 0.0282377
0 0.00726187 0.0285381 0.0280994
0 0.00737943 0.0284816 0.0280677
0 0.00742942 0.0284833 0.028092
0 0.00740239 0.0285382 0.028161
0 0.00732967 0.0286675 0.0282977
0 0.00721088 0.028849 0.0284885
0 0.00702674 0.0290322 0.0286948
0 0.00675396 0.0291567 0.0288674
0 0.00637713 0.0291673 0.0289568
0 0.00593139 0.0290598 0.0289565
0 0.00548672 0.0288682 0.0288907
0 0.00509086 0.0286117 0.0287631
0 0.00475931 0.0282878 0.0285506
0 0.00453472 0.0279331 0.028267
0 0.00450905 0.0276458 0.0279909
0 0.00469068 0.0274548 0.0277401
0 0.00496562 0.0272777 0.0274329
0 0.00522655 0.0270436 0.0270098
0 0.00543907 0.0267528 0.0264919
0 0.00564172 0.0264745 0.0259773
0 0.00586829 0.0262694 0.0255607
0 0.00608441 0.0261286 0.0252627
0 0.00625035 0.0260355 0.0250857
0 0.00637948 0.0260229 0.0250674
0 0.00654392 0.0261789 0.0252874
0 0.00683027 0.0266042 0.0258276
0 0.00727059 0.0273447 0.0267098
0 0.00780197 0.0283485 0.0278593
0 0.00825875 0.0294501 0.0290955
0 0.00842997 0.0304174 0.0301834
0 0.00816179 0.0310472 0.0309277
0 0.00744301 0.0312522 0.0312554
0 0.00646 0.0311257 0.0312746
0 0.00551371 0.0308751 0.0312
0 0.00482343 0.0306402 0.0311638
0 0.00450852 0.0304936 0.0312141
0 0.00463713 0.030502 0.0313786
0 0.00516061 0.0306553 0.0316044
0 0.00593148 0.0308766 0.0317807
0 0.00679321 0.0310945 0.031823
0 0.00765583 0.0312981 0.0317346
0 0.00849935 0.0315325 0.0316007
0 0.00927613 0.0318021 0.0314836
0 0.00989935 0.0320603 0.0314021
0 0.0103187 0.0322837 0.0313934
0 0.0104981 0.0324489 0.0314768
0 0.0103515 0.0324691 0.0315773
0 0.00979351 0.0322374 0.0315691
0 0.00886714 0.0317544 0.0314101
0 0.00774099 0.0311333 0.0311571
0 0.00648812 0.0303818 0.0307599
0 0.0050556 0.0293737 0.0300388
0 0.00354905 0.0281315 0.0289771
0 0.00230186 0.0269043 0.0278051
0 0.00165326 0.0259718 0.0267988
0 0.00180341 0.0255239 0.026157
0 0.00284579 0.0257027 0.0260431
0 0.00477808 0.0266131 0.0265929
0 0.00743143 0.0282494 0.0278339
0 0.0104943 0.0305076 0.0296957
0 0.0135729 0.0332077 0.0320434
0 0.0162472 0.036072 0.0346594
0 0.0181283 0.0387826 0.037289
0 0.0189189 0.0410709 0.0397109
0 0.0185195 0.0427634 0.0417725
0 0.0169903 0.0437498 0.0433593
0 0.0145369 0.0440006 0.0444124
0 0.0115938 0.0436797 0.0450228
0 0.00864272 0.0430179 0.0453111
0 0.00597014 0.0420913 0.0452219
0 0.0036444 0.0408094 0.0445356
0 0.00157873 0.0389791 0.0429686
0 -0.000292813 0.0364633 0.0403478
0 -0.00179935 0.0334018 0.0368244
0 -0.00258806 0.0301586 0.0328114
0 -0.00241582 0.0270664 0.0287165
0 -0.00125118 0.0243511 0.0248601
0 0.000784898 0.0221414 0.0214841
0 0.00337577 0.0204082 0.0186654
0 0.00603696 0.0189692 0.0163106
0 0.00836648 0.0176727 0.0143556
0 0.0102086 0.016565 0.0128978
0 0.0115147 0.01576 0.012052
0 0.0121942 0.0152787 0.0118001
0 0.012075 0.0150188 0.0119552
0 0.0110239 0.0148383 0.0122774
0 0.00921517 0.0147874 0.0127444
0 0.00716347 0.0151642 0.0136198
0 0.00544678 0.016282 0.0152162
0 0.00446151 0.0182755 0.017685
0 0.00437198 0.021096 0.0209947
0 0.0051305 0.0245557 0.0249628
0 0.00654709 0.028411 0.0293251
0 0.0083983 0.0324228 0.0338027
0 0.0103967 0.0363002 0.0380676
0 0.0121949 0.0397461 0.0417915
0 0.013527 0.0425392 0.0447402
0 0.0143218 0.0446169 0.046863
0 0.0147759 0.0461788 0.0483861
0 0.015112 0.04743 0.0495532
0 0.0152543 0.0482678 0.0503037
0 0.0150446 0.0485063 0.0504874
0 0.0145059 0.0481344 0.0501166
0 0.0136137 0.0470912 0.0491314
0 0.0121727 0.0451421 0.0472742
0 0.0100323 0.0420915 0.0443063
0 0.00722497 0.0379276 0.0401612
0 0.00408592 0.0329383 0.0350718
0 0.0011176 0.0276225 0.0294908
0 -0.00142841 0.0222537 0.0236636
0 -0.00358796 0.0167825 0.0175419
0 -0.00544222 0.011172 0.0111238
0 -0.00705504 0.00545843 0.00450011
0 -0.00844956 -0.000303914 -0.0022017
0 -0.00946752 -0.00588535 -0.0086531
0 -0.00980846 -0.0109053 -0.014381
0 -0.00929127 -0.0150981 -0.0190576
0 -0.00802642 -0.0184608 -0.0226539
0 -0.00635104 -0.0211817 -0.0253795
0 -0.00458 -0.023423 -0.0274577
0 -0.00280373 -0.0251214 -0.0289094
0 -0.000902045 -0.026012 -0.0295598
0 0.00122346 -0.0258661 -0.0292549
0 0.00338757 -0.0247434 -0.028099
0 0.00518077 -0.0229559 -0.0264097
0 0.00632154 -0.0207574 -0.0243963
0 0.00681022 -0.0182222 -0.0220315
0 0.0068359 -0.0153402 -0.0191648
0 0.0067708 -0.0119736 -0.0155291
0 0.00708181 -0.00788651 -0.0108167
0 0.0079963 -0.00302514 -0.00498638
0 0.00932561 0.00232971 0.00158276
0 0.0107837 0.00781855 0.00838056
0 0.0123288 0.0133593 0.015146
0 0.0140944 0.0191193 0.0218767
0 0.0161812 0.0252183 0.0285867
0 0.0183539 0.0314275 0.0350103
0 0.02011 0.037252 0.0406963
0 0.0212107 0.0424133 0.0454853
0 0.0217516 0.0469388 0.0495574
0 0.0218524 0.0508687 0.0531086
0 0.0214692 0.0540694 0.0561274
0 0.0204478 0.0562964 0.0584319
0 0.0187574 0.057431 0.0599017
0 0.0165214 0.0575043 0.0605043
0 0.0140162 0.0566983 0.0603161
0 0.011802 0.0554923 0.0596928
0 0.0105011 0.0544567 0.0590878
0 0.0104805 0.0539586 0.0587742
0 0.0118662 0.0542103 0.0589011
0 0.0145883 0.0553325 0.0595683
0 0.0182811 0.0572275 0.0607125
0 0.0222691 0.059513 0.0620452
0 0.0259063 0.0618066 0.0633262
0 0.0288479 0.0639507 0.0645657
0 0.0308857 0.065831 0.0658132
0 0.0317921 0.0672307 0.0669796
0 0.0314005 0.0679271 0.0679041
0 0.0297087 0.0677943 0.0684417
0 0.0268758 0.0668006 0.0684648
0 0.0231414 0.0649461 0.0678145
0 0.0187767 0.0622431 0.0663034
0 0.014122 0.0587816 0.063816
0 0.00963273 0.0547989 0.060421
0 0.00583981 0.0506411 0.0563667
0 0.0030611 0.0464934 0.0518227
0 0.00113528 0.0421541 0.0466433
0 -0.000351329 0.0372591 0.0405693
0 -0.00162231 0.0316783 0.033602
0 -0.00259162 0.0256225 0.0260927
0 -0.00313746 0.0193876 0.01848
0 -0.00340161 0.0130378 0.0109468
0 -0.00373751 0.00642228 0.00342098
0 -0.00441129 -0.000570425 -0.00415121
0 -0.00545758 -0.00785867 -0.0116868
0 -0.00676423 -0.0152493 -0.0190526
0 -0.00824767 -0.0226137 -0.0262114
0 -0.00988023 -0.0298849 -0.033216
0 -0.0116165 -0.0370034 -0.0401217
0 -0.0135117 -0.0440307 -0.0470756
0 -0.0156938 -0.0511161 -0.0542736
0 -0.0180866 -0.0582371 -0.0616887
0 -0.020371 -0.0651444 -0.0690277
0 -0.0222382 -0.0715678 -0.0759569
0 -0.0235246 -0.0773857 -0.0822741
0 -0.0241452 -0.0825995 -0.0878695
0 -0.0240581 -0.0871833 -0.0926132
0 -0.0232501 -0.0910663 -0.0964076
0 -0.0217631 -0.094212 -0.0992849
0 -0.0197119 -0.0965905 -0.101319
0 -0.0171848 -0.0981267 -0.102516
0 -0.014231 -0.0987058 -0.102828
0 -0.011042 -0.0983385 -0.102331
0 -0.00799227 -0.0972254 -0.101264
0 -0.0053864 -0.0955272 -0.0997802
0 -0.00336735 -0.093298 -0.0978709
0 -0.00199561 -0.0905974 -0.0954863
0 -0.00130686 -0.0875733 -0.0926299
0 -0.00131224 -0.0844407 -0.0893663
0 -0.001876 -0.081332 -0.0857171
0 -0.00269551 -0.0782316 -0.0816387
0 -0.00339799 -0.0750074 -0.0770837
0 -0.00374189 -0.0715912 -0.0721694
0 -0.00383341 -0.0681952 -0.0673338
0 -0.0038862 -0.065085 -0.0630586
0 -0.00382536 -0.0622281 -0.059477
0 -0.00343414 -0.0594619 -0.0564979
0 -0.00269051 -0.056811 -0.0541204
0 -0.00161348 -0.0543424 -0.0522922
0 4.35901e-05 -0.0518465 -0.0506133
0 0.00256179 -0.0490227 -0.0485788
0 0.0058633 -0.045864 -0.0460094
0 0.00958521 -0.0425697 -0.0430022
0 0.0134979 -0.0391347 -0.039534
0 0.0177459 -0.0351513 -0.0352551
0 0.0225163 -0.0301773 -0.0298256
0 0.0276108 -0.0242136 -0.0233511
0 0.0326109 -0.0175743 -0.0162184
0 0.037244 -0.0105219 -0.00871773
0 0.0413363 -0.00331067 -0.00109962
0 0.0446822 0.00372591 0.00631627
0 0.0471539 0.0103386 0.0132927
0 0.0487279 0.0164096 0.0197135
0 0.049378 0.0218543 0.0254786
0 0.0491533 0.0266736 0.0305639
0 0.0482554 0.0309899 0.0350717
0 0.046868 0.0348992 0.0390927
0 0.045045 0.038367 0.0426024
0 0.0427993 0.0412673 0.0454958
0 0.0402506 0.0435655 0.0477635
0 0.037623 0.0453481 0.0495142
0 0.0350793 0.0466258 0.0507724
0 0.0326789 0.0473274 0.0514695
0 0.0303987 0.0473293 0.0514768
0 0.0280331 0.0463185 0.0504774
0 0.0252472 0.0438535 0.0480303
0 0.0218741 0.0396594 0.0438532
0 0.0181288 0.0338741 0.0380457
0 0.014542 0.0270511 0.0310803
0 0.0116283 0.0198471 0.0235067
0 0.00963101 0.0126875 0.0156553
0 0.00847613 0.00569483 0.00760782
0 0.00788371 -0.00117194 -0.000630174
0 0.00760687 -0.00795502 -0.00897001
0 0.00750691 -0.0146337 -0.0172078
0 0.00762789 -0.0210483 -0.0249662
0 0.00824072 -0.0268524 -0.0317033
0 0.00948876 -0.031806 -0.0370773
0 0.0110483 -0.0361043 -0.0412862
0 0.0123381 -0.040163 -0.0448565
0 0.012957 -0.0442099 -0.0482059
0 0.0128602 -0.0481735 -0.0514624
0 0.0122528 -0.0517892 -0.0545155
0 0.0113702 -0.0547943 -0.0572053
0 0.0104143 -0.057005 -0.0594142
0 0.00956696 -0.0582889 -0.0610176
0 0.00887198 -0.0586839 -0.0619686
0 0.00822947 -0.0584286 -0.0623322
0 0.00765011 -0.0576921 -0.06207
0 0.00738598 -0.056414 -0.0609488
0 0.00761311 -0.054577 -0.0588562
0 0.00811284 -0.0524906 -0.056106
0 0.00848917 -0.050582 -0.0532295
0 0.00872671 -0.0488701 -0.0504245
0 0.00931189 -0.0468594 -0.047402
0 0.0107414 -0.0440237 -0.0438138
0 0.0131739 -0.0401477 -0.0395519
0 0.0164587 -0.0353063 -0.034711
0 0.0203146 -0.0296942 -0.0294208
0 0.024429 -0.0235128 -0.0237478
0 0.0284254 -0.0170733 -0.0178215
0 0.0318766 -0.0108315 -0.0119054
0 0.0343261 -0.00524522 -0.00630413
0 0.0354745 -0.000631053 -0.00125867
0 0.0353748 0.00296948 0.00316427
0 0.0343257 0.00576932 0.00705996
0 0.0327299 0.00806961 0.010553
0 0.0309391 0.0101037 0.0136782
0 0.0289815 0.0117927 0.0161806
0 0.0266652 0.0128092 0.0176182
0 0.0240021 0.0130067 0.01781
0 0.0212219 0.0124455 0.0168673
0 0.0185677 0.0111779 0.0149641
0 0.0163392 0.00932175 0.012381
0 0.014928 0.00714703 0.00954713
0 0.014567 0.00486528 0.00677389
0 0.0151311 0.00247531 0.00407071
0 0.0164113 3.06469e-05 0.00141608
0 0.018289 -0.0022425 -0.00109118
0 0.0204871 -0.00424432 -0.00347729
0 0.0226079 -0.00602583 -0.00586299
0 0.0243663 -0.00758986 -0.00824669
0 0.0255929 -0.00891402 -0.0105193
0 0.0263341 -0.00986809 -0.0123881
0 0.0268974 -0.0101174 -0.0133478
0 0.0275241 -0.00941984 -0.0130209
0 0.0281792 -0.00783268 -0.0113823
0 0.0287572 -0.00550698 -0.00857016
0 0.0292854 -0.0024895 -0.00468381
0 0.0298382 0.00120924 0.000152432
0 0.0303462 0.00541406 0.00561895
0 0.0306504 0.00983825 0.0112854
0 0.0306469 0.0142476 0.0167796
0 0.030131 0.0182828 0.0216412
0 0.0287096 0.0213571 0.0252385
0 0.0261468 0.0230138 0.0271096
0 0.0228347 0.0234009 0.0274444
0 0.0195311 0.0230335 0.0268417
0 0.0165528 0.0220044 0.0254939
0 0.0137752 0.0199959 0.023184
0 0.0111089 0.0167822 0.0197577
0 0.0086183 0.0123876 0.0152456
0 0.00660187 0.00717463 0.00994158
0 0.00540444 0.00164465 0.00421939
0 0.00502754 -0.00393659 -0.00179784
0 0.00534259 -0.00937888 -0.00802097
0 0.0062884 -0.014446 -0.0142172
0 0.00763343 -0.0190987 -0.0202586
0 0.00901741 -0.0234765 -0.026118
0 0.0101877 -0.0277054 -0.0316845
0 0.0110362 -0.0318218 -0.0367813
0 0.0114856 -0.0358467 -0.0412967
0 0.0114011 -0.0398722 -0.0452882
0 0.0105573 -0.0440822 -0.0490197
0 0.00879718 -0.0486004 -0.052779
0 0.00630882 -0.0532446 -0.0565893
0 0.00349366 -0.0576641 -0.060294
0 0.000592112 -0.0616896 -0.0638683
0 -0.00236012 -0.0653796 -0.0674614
0 -0.00531967 -0.0687926 -0.0711509
0 -0.008159 -0.0719 -0.0748422
0 -0.0107655 -0.0746999 -0.078395
0 -0.0129651 -0.0771186 -0.0815631
0 -0.014403 -0.0788695 -0.0839037
0 -0.014712 -0.0796118 -0.0849718
0 -0.0136954 -0.0791173 -0.0845032
0 -0.0113219 -0.0772445 -0.0823874
0 -0.00758837 -0.0737888 -0.0785069
0 -0.00254983 -0.0685345 -0.0727675
0 0.00334046 -0.0616402 -0.0654458
0 0.00941984 -0.0535154 -0.0570144
0 0.0153338 -0.0443662 -0.0476563
0 0.0208347 -0.0343845 -0.0374599
0 0.0255871 -0.0239621 -0.0266734
0 0.0294775 -0.013451 -0.0155189
0 0.0326744 -0.00294715 -0.00401562
0 0.035492 0.00770456 0.00798527
0 0.0382389 0.0186788 0.020535
0 0.0407942 0.0297755 0.0332224
0 0.0426554 0.0404884 0.0453152
0 0.0437207 0.0507002 0.0564945
0 0.0444372 0.0608314 0.0670671
0 0.0452049 0.0712526 0.0774133
0 0.046009 0.0818798 0.0875546
0 0.0464328 0.0921967 0.0971558
0 0.0459984 0.101608 0.10583
0 0.0444579 0.109711 0.113369
0 0.041755 0.116239 0.11964
0 0.0380218 0.121096 0.124576
0 0.0335992 0.124455 0.128318
0 0.0289246 0.126571 0.13105
0 0.0243194 0.127508 0.132716
0 0.0198972 0.127191 0.133086
0 0.0156988 0.125569 0.131944
0 0.0117464 0.122578 0.129129
0 0.0081118 0.118206 0.12461
0 0.00509834 0.112752 0.118669
0 0.00323173 0.106848 0.111918
0 0.0029271 0.101173 0.105018
0 0.00427134 0.09618 0.0984502
0 0.00707495 0.0920627 0.0925245
0 0.010951 0.0888314 0.0874471
0 0.0154014 0.0863617 0.0833156
0 0.0197405 0.0842846 0.0799709
0 0.0232856 0.0821843 0.077164
0 0.025812 0.0800606 0.0749458
0 0.0273808 0.0781413 0.0734823
0 0.0279143 0.0764734 0.0726654
0 0.0272416 0.0749805 0.0721911
0 0.0252854 0.0735914 0.0717589
0 0.0221444 0.0722679 0.07116
0 0.0181237 0.0710065 0.0703313
0 0.0134786 0.0696292 0.0691491
0 0.00823208 0.0676777 0.0672783
0 0.0025492 0.0648315 0.0645395
0 -0.00299471 0.0612439 0.0611853
0 -0.00771362 0.0573213 0.0576368
0 -0.011154 0.0534134 0.0541741
0 -0.0131572 0.0497294 0.0508725
0 -0.0138059 0.046353 0.0476459
0 -0.0133071 0.0433041 0.0443683
0 -0.0118455 0.0406566 0.0410466
0 -0.00961801 0.0384971 0.0377969
0 -0.00686608 0.0368361 0.0347637
0 -0.00373277 0.0357316 0.0322242
0 -0.000292334 0.035286 0.0305272
0 0.00326066 0.0354669 0.029852
0 0.00666301 0.0361715 0.0302176
0 0.00973891 0.0373866 0.031623
0 0.012303 0.0390913 0.03396
0 0.0140782 0.0411634 0.0369422
0 0.0148432 0.0434634 0.0402398
0 0.0146354 0.0459839 0.0436911
0 0.0138367 0.0489407 0.0474287
0 0.0129346 0.0525522 0.0516646
0 0.0121748 0.0567297 0.0563664
0 0.0114881 0.0610619 0.0612134
0 0.0107871 0.0651656 0.0658924
0 0.010323 0.069068 0.0704477
0 0.0105353 0.0730623 0.0751464
0 0.011625 0.0772984 0.0800657
0 0.0135569 0.0817768 0.0851166
0 0.0163487 0.0866158 0.0903444
0 0.0200845 0.0920512 0.0959385
0 0.0247023 0.0981983 0.102015
0 0.0299867 0.105018 0.108582
0 0.0356655 0.112379 0.115595
0 0.0411876 0.119814 0.122694
0 0.0457518 0.126548 0.129211
0 0.0489109 0.132108 0.134756
0 0.0507796 0.136565 0.139443
0 0.0516698 0.140202 0.143547
0 0.051754 0.143151 0.147144
0 0.0510194 0.145328 0.150062
0 0.0494802 0.146693 0.152143
0 0.0473457 0.147402 0.153426
0 0.0448862 0.147607 0.153981
0 0.0421472 0.147193 0.153669
0 0.0390253 0.145876 0.152217
0 0.0354921 0.143418 0.149422
0 0.0315738 0.139653 0.145193
0 0.027405 0.134535 0.139575
0 0.0231736 0.128094 0.13266
0 0.018909 0.120328 0.124441
0 0.0146096 0.111382 0.114992
0 0.0105563 0.101705 0.10467
0 0.0071883 0.0918792 0.0939827
0 0.00476039 0.0823803 0.0833768
0 0.00334277 0.0734849 0.073177
0 0.00288276 0.0652973 0.0635999
0 0.00327878 0.0578404 0.0548357
0 0.00445712 0.0511371 0.0470926
0 0.00629298 0.0451847 0.0404951
0 0.00854066 0.0398813 0.0349856
0 0.0108668 0.0350695 0.0303615
0 0.0129494 0.0306147 0.0263633
0 0.0145112 0.0264068 0.0227203
0 0.0153378 0.0223734 0.0192008
0 0.0153675 0.0185365 0.0157035
0 0.0146505 0.014965 0.0122332
0 0.0131665 0.0115973 0.00872483
0 0.0109422 0.00835745 0.00514977
0 0.00836116 0.00547411 0.00182112
0 0.00601324 0.00334624 -0.000749825
0 0.00428825 0.00216816 -0.00224458
0 0.00328628 0.00187827 -0.00262301
0 0.00296676 0.00232649 -0.0019888
0 0.00324885 0.00338028 -0.000496601
0 0.0040287 0.00493902 0.00167133
0 0.00528702 0.00702783 0.00442393
0 0.0071624 0.00985822 0.00785076
0 0.0096607 0.0135261 0.0119486
0 0.0124285 0.0177667 0.0164037
0 0.0150608 0.0222322 0.0208843
0 0.0174866 0.0268541 0.0254001
0 0.0199072 0.0317905 0.0302245
0 0.0224193 0.0371084 0.0355442
0 0.024976 0.042733 0.041378
0 0.0275595 0.0485842 0.0476944
0 0.0300173 0.0544863 0.0543125
0 0.032031 0.0601395 0.0608678
0 0.0333311 0.0652626 0.0669731
0 0.0337099 0.0696084 0.0722629
0 0.0330617 0.0730088 0.0764535
0 0.0315767 0.0755394 0.0795335
0 0.0297166 0.0775131 0.0817768
0 0.0278853 0.0791777 0.0834402
0 0.0261746 0.0804592 0.0845064
0 0.0244677 0.0810845 0.0847919
0 0.0226984 0.0808469 0.0841919
0 0.0210429 0.0798001 0.0828526
0 0.0199935 0.0783607 0.0812501
0 0.0200456 0.0770352 0.0798919
0 0.021132 0.0758929 0.0787801
0 0.0227197 0.0746493 0.0775143
0 0.0244112 0.0732128 0.0758782
0 0.0260265 0.0717102 0.0739109
0 0.0273378 0.0701734 0.0716295
0 0.0280741 0.068507 0.0690113
0 0.0280501 0.0666 0.0660879
0 0.0270667 0.0642482 0.062821
0 0.024853 0.0610981 0.0590128
0 0.0212695 0.0568589 0.0544954
0 0.0164456 0.0514954 0.049273
0 0.0107815 0.0451882 0.0434639
0 0.00482733 0.0382466 0.037236
0 -0.000882262 0.0310806 0.0308029
0 -0.00587684 0.0241251 0.0243852
0 -0.00984669 0.0177263 0.0181356
0 -0.0127279 0.0120674 0.012115
0 -0.0145538 0.00722528 0.00639485
0 -0.0153584 0.00321142 0.00110946
0 -0.0153712 -0.00019171 -0.00373321
0 -0.0149997 -0.00338983 -0.00826794
0 -0.0143642 -0.00650337 -0.0123699
0 -0.0131389 -0.00917024 -0.0155275
0 -0.0109808 -0.0109508 -0.0172767
0 -0.00789277 -0.0116816 -0.0175405
0 -0.00423565 -0.0114814 -0.0166074
0 -0.000514526 -0.0105835 -0.0149179
0 0.00291044 -0.00909934 -0.0127763
0 0.00588247 -0.00698952 -0.010277
0 0.00827822 -0.00425412 -0.00747305
0 0.00999216 -0.000975153 -0.00441016
0 0.0110518 0.00276798 -0.00102758
0 0.011636 0.00693448 0.00284981
0 0.0120229 0.0115351 0.00745194
0 0.012467 0.0165704 0.0129392
0 0.0131457 0.0219796 0.019304
0 0.0141966 0.0277255 0.0264349
0 0.0157512 0.0338824 0.0342333
0 0.0179496 0.0406112 0.042615
0 0.0207889 0.0479926 0.0513975
0 0.0240334 0.0558967 0.0602544
0 0.0273356 0.0640602 0.0688227
0 0.0303714 0.0721974 0.0768351
0 0.0328789 0.0800226 0.0841375
0 0.0346122 0.0872173 0.0906162
0 0.0353225 0.0934296 0.0961497
0 0.034755 0.0982835 0.100564
0 0.032792 0.101511 0.10373
0 0.0296948 0.103192 0.105778
0 0.0259509 0.103631 0.106966
0 0.0219714 0.103074 0.107402
0 0.0181718 0.101789 0.107144
0 0.0149704 0.100078 0.10627
0 0.0125241 0.0980291 0.104692
0 0.0108337 0.0955961 0.102274
0 0.010028 0.092922 0.0991372
0 0.0102581 0.0902764 0.0955729
0 0.0114298 0.0877758 0.0917613
0 0.01317 0.0853089 0.0877129
0 0.0149741 0.082632 0.0833611
0 0.0163705 0.0795043 0.0786696
0 0.0170612 0.075822 0.0737208
0 0.0169791 0.0716761 0.0687332
0 0.0162411 0.0672916 0.0639954
0 0.0150367 0.06292 0.0597355
0 0.0134823 0.0587233 0.0559972
0 0.0116721 0.0548338 0.0527457
0 0.00987542 0.0515387 0.0500838
0 0.00840785 0.0491428 0.0481552
0 0.00738129 0.0477334 0.0469454
0 0.00677001 0.0472447 0.0463575
0 0.00659059 0.0476241 0.0463867
0 0.00694852 0.0488859 0.047164
0 0.00788146 0.0509743 0.0487904
0 0.00916659 0.0535886 0.0511214
0 0.0104707 0.0563422 0.0538835
0 0.0117162 0.0591233 0.0570085
0 0.0131244 0.0621391 0.0606722
0 0.0148952 0.065613 0.0650019
0 0.0170133 0.0695955 0.0699169
0 0.0193333 0.0740044 0.075199
0 0.0216027 0.0786296 0.0805233
0 0.0234274 0.0831014 0.0854607
0 0.0244632 0.0870316 0.0896329
0 0.0246075 0.0902001 0.0928787
0 0.0238651 0.0924514 0.0951288
0 0.0222022 0.0935541 0.096241
0 0.0195971 0.0932644 0.0960398
0 0.0161374 0.0914481 0.0944231
0 0.012132 0.0882069 0.0914794
0 0.00806339 0.0838448 0.0874524
0 0.00436143 0.078682 0.0825689
0 0.0012662 0.0729716 0.076966
0 -0.00109407 0.0669103 0.0707134
0 -0.00270039 0.0606371 0.0638413
0 -0.00363885 0.0543093 0.0564613
0 -0.00388245 0.0481763 0.0488788
0 -0.00341122 0.042423 0.0414355
0 -0.00241738 0.0370421 0.0343409
0 -0.00104337 0.0320326 0.0278423
0 0.000749224 0.0275425 0.0223055
0 0.002928 0.023684 0.0179603
0 0.00531193 0.0204445 0.0148018
0 0.00765904 0.0177698 0.0126739
0 0.00960238 0.0154946 0.0112242
0 0.0107547 0.0134061 0.0100193
0 0.0110421 0.0115523 0.00889884
0 0.010716 0.0102436 0.00802152
0 0.0100607 0.00975246 0.00759275
0 0.0092416 0.0101495 0.00771507
0 0.00833801 0.0113239 0.00841686
0 0.00744917 0.0131057 0.00974436
0 0.00684725 0.015469 0.0118987
0 0.00697871 0.018595 0.0152305
0 0.00819413 0.0226629 0.0199761
0 0.0105473 0.0276855 0.0260756
0 0.0138229 0.0335438 0.0332413
0 0.0176656 0.040032 0.0410594
0 0.0216928 0.0469098 0.0490778
0 0.0255176 0.053936 0.0568945
0 0.0287428 0.0608069 0.0641466
0 0.0310123 0.0671659 0.0705088
0 0.0321239 0.0727241 0.0758041
0 0.0320952 0.0773679 0.0800807
0 0.0311604 0.0811613 0.0835636
0 0.0296535 0.0842455 0.0865243
0 0.0279117 0.0867954 0.0892083
0 0.0262386 0.0889783 0.0917829
0 0.0247535 0.0908172 0.0942081
0 0.0234027 0.0922024 0.0962661
0 0.0221201 0.0930242 0.0977248
0 0.020809 0.0931468 0.0983386
0 0.0193283 0.0923833 0.0978399
0 0.0175938 0.0905901 0.0960446
0 0.015666 0.0877681 0.09295
0 0.0137539 0.0840927 0.0887549
0 0.012048 0.0797677 0.0837072
0 0.0105937 0.0749071 0.0779745
0 0.00940059 0.069642 0.0717423
0 0.00850296 0.064185 0.065273
0 0.00791904 0.0587241 0.0588026
0 0.00761304 0.0533546 0.052483
0 0.00743357 0.0481079 0.0463964
0 0.00717284 0.0429371 0.0405434
0 0.00661931 0.037713 0.0348409
0 0.00556909 0.0323058 0.0291678
0 0.00390974 0.0266306 0.0234188
0 0.00164998 0.0206704 0.0175336
0 -0.00108799 0.0145058 0.0115242
0 -0.00411065 0.00826195 0.0054439
0 -0.00725119 0.00202576 -0.000686148
0 -0.0102909 -0.00405225 -0.00676335
0 -0.0128507 -0.00964684 -0.0124844
0 -0.014595 -0.014455 -0.0175442
0 -0.0154177 -0.0183816 -0.0218222
0 -0.0153249 -0.0214374 -0.0252828
0 -0.0142747 -0.0235707 -0.0278174
0 -0.0122155 -0.0246666 -0.029258
0 -0.00923669 -0.0246882 -0.0295303
0 -0.00557932 -0.0237139 -0.0286941
0 -0.00142106 -0.0217337 -0.0267395
0 0.00327648 -0.0184983 -0.0234338
0 0.00859093 -0.0137052 -0.018499
0 0.0144073 -0.00724189 -0.0118419
0 0.0204276 0.000799667 -0.00355574
0 0.0262409 0.010156 0.00613086
0 0.0314836 0.0203928 0.0168582
0 0.0359727 0.0310755 0.0282823
0 0.0396696 0.0419727 0.040241
0 0.0427239 0.052995 0.0526598
0 0.0452776 0.0640394 0.0653431
0 0.0471936 0.0748678 0.0778638
0 0.0481587 0.0850828 0.0896165
0 0.0478282 0.0942537 0.0999704
0 0.0458949 0.101986 0.108392
0 0.0422929 0.108039 0.114617
0 0.0373501 0.112428 0.118756
0 0.0316488 0.115332 0.121148
0 0.0258326 0.117033 0.122229
0 0.0205311 0.117884 0.122474
0 0.0162553 0.118127 0.122253
0 0.0133002 0.117848 0.121762
0 0.0117606 0.117045 0.121046
0 0.0115573 0.115667 0.119991
0 0.0124238 0.113646 0.118353
0 0.0139752 0.110988 0.115888
0 0.0158566 0.107818 0.112472
0 0.017736 0.104273 0.108082
0 0.0192913 0.100419 0.102781
0 0.0203153 0.0962822 0.0967726
0 0.0206942 0.091853 0.0903434
0 0.0203761 0.0871173 0.0838052
0 0.0194047 0.0820924 0.0774716
0 0.0178391 0.0767802 0.0715387
0 0.0157562 0.0712228 0.066088
0 0.0133494 0.0655857 0.0611889
0 0.0108347 0.06008 0.0568312
0 0.00839451 0.0549082 0.0529216
0 0.00628071 0.0503435 0.0494361
0 0.0048493 0.0467609 0.0465104
0 0.00449313 0.0445666 0.0444199
0 0.00548979 0.044051 0.0434473
0 0.00784083 0.0452456 0.0437319
0 0.0112511 0.0479173 0.0452426
0 0.0152295 0.0516611 0.0478264
0 0.0191938 0.0559895 0.051246
0 0.0225786 0.0604281 0.0552263
0 0.0249877 0.0646355 0.0595461
0 0.0263166 0.0684943 0.0641165
0 0.0267336 0.072096 0.0689599
0 0.0265507 0.0756327 0.074107
0 0.0261062 0.0792845 0.0795218
0 0.025679 0.0831676 0.085098
0 0.025446 0.0873151 0.090662
0 0.0254333 0.0916068 0.0959429
0 0.0254846 0.0957355 0.100576
0 0.025397 0.0993636 0.104237
0 0.0250846 0.102274 0.106794
0 0.0245435 0.104323 0.108259
0 0.0237285 0.105333 0.108631
0 0.022567 0.105106 0.10788
0 0.0211025 0.103582 0.106064
0 0.0195542 0.100923 0.103384
0 0.0181945 0.0974283 0.100077
0 0.0171967 0.0934068 0.0963078
0 0.0166005 0.0891201 0.0921467
0 0.0164015 0.0848276 0.0876767
0 0.0166513 0.080819 0.0830774
0 0.0174416 0.0773928 0.0786431
0 0.0188148 0.0747762 0.0747099
0 0.0207055 0.0730553 0.0715445
0 0.0229332 0.0721812 0.0693151
0 0.025251 0.0720239 0.0681155
0 0.0273862 0.0724345 0.0679577
0 0.0290894 0.0732785 0.0687772
0 0.0302435 0.074525 0.0705159
0 0.0308391 0.076225 0.0731055
0 0.0308683 0.0783747 0.0763791
0 0.0303962 0.0809511 0.0801502
0 0.0296327 0.0839797 0.0843201
0 0.0288234 0.0874614 0.0888202
0 0.0281371 0.0913102 0.0935222
0 0.0276714 0.0953754 0.098259
0 0.0274533 0.0994549 0.102847
0 0.0273857 0.10328 0.107036
0 0.0272734 0.106537 0.110527
0 0.0269715 0.108993 0.113107
0 0.0264722 0.110573 0.114725
0 0.0258194 0.111259 0.115387
0 0.0250502 0.111032 0.115102
0 0.0242737 0.109961 0.113957
0 0.0236707 0.108229 0.112133
0 0.0233508 0.106012 0.10977
0 0.0233167 0.103448 0.106952
0 0.0235624 0.100711 0.1038
0 0.0240707 0.0979877 0.100467
0 0.0247424 0.0953865 0.0970682
0 0.0254252 0.0929367 0.093687
0 0.0260289 0.0906906 0.0904731
0 0.0265649 0.088767 0.0876629
0 0.0270789 0.0872954 0.0854959
0 0.0276172 0.0863847 0.0841692
0 0.0281686 0.0860788 0.08377
0 0.0286273 0.0863291 0.0842308
0 0.0288952 0.0870736 0.0854291
0 0.0289086 0.0882463 0.0872134
0 0.0285789 0.0896993 0.0893485
0 0.0278612 0.0912651 0.091602
0 0.0268236 0.0928459 0.0938328
0 0.0255611 0.0943372 0.0959108
0 0.0241133 0.0955501 0.0976415
0 0.0225131 0.0962949 0.0988378
0 0.0208654 0.096486 0.0994116
0 0.0193215 0.0961231 0.0993476
0 0.0180262 0.0952477 0.0986652
0 0.0171009 0.0939297 0.0974098
0 0.0165822 0.0922094 0.0955931
0 0.0163746 0.0900647 0.0931642
0 0.0163075 0.0874573 0.0900646
0 0.0162359 0.0843945 0.0863044
0 0.0160502 0.0809144 0.0819591
0 0.0156002 0.0770024 0.0770845
0 0.014733 0.0726075 0.07172
0 0.0134333 0.0677797 0.0660078
0 0.0118383 0.0626871 0.0602065
0 0.0101201 0.0575057 0.0545595
0 0.00841384 0.052372 0.0492179
0 0.0068276 0.0473997 0.044266
0 0.00546034 0.0427059 0.0397507
0 0.0043899 0.0383966 0.0356825
0 0.00367073 0.0345597 0.0320547
0 0.0033481 0.0312784 0.0288722
0 0.00347874 0.0286438 0.0261819
0 0.00412702 0.0267562 0.0240787
0 0.00529259 0.0256595 0.0226372
0 0.00689591 0.0253292 0.0218923
0 0.00883616 0.0257322 0.0218838
0 0.0110007 0.0268348 0.0226497
0 0.013245 0.0285804 0.02419
0 0.0153502 0.0308422 0.0264101
0 0.017065 0.0334398 0.0291407
0 0.0182787 0.0362801 0.0322901
0 0.0190509 0.0393745 0.0358654
0 0.0194547 0.0426839 0.0398158
0 0.0195056 0.0460678 0.0439788
0 0.0192456 0.0493875 0.0481801
0 0.0188358 0.052616 0.0523407
0 0.0185064 0.0558046 0.0564529
0 0.0183994 0.058954 0.0604441
0 0.0185348 0.0619842 0.0641568
0 0.0188972 0.0647941 0.0674412
0 0.0194632 0.0673135 0.0701985
0 0.0202133 0.0695022 0.0723901
0 0.0211484 0.071345 0.0740449
0 0.0222886 0.0728707 0.0752566
0 0.023657 0.0741359 0.0761593
0 0.0252177 0.0751768 0.0768565
0 0.0268285 0.0759688 0.077364
0 0.028299 0.0764642 0.0776499
0 0.0295044 0.0766868 0.077731
0 0.0304148 0.0767424 0.077693
0 0.0309946 0.0767009 0.0775845
0 0.0311603 0.0765434 0.0773722
0 0.0309052 0.0762806 0.0770657
0 0.030311 0.0759655 0.0767306
0 0.0294398 0.0755911 0.0763804
0 0.0283443 0.0751121 0.0759901
0 0.0271188 0.0745115 0.0755527
0 0.0258953 0.0738123 0.0750845
0 0.0247835 0.0730323 0.0745768
0 0.0238371 0.0721615 0.0739755
0 0.0231097 0.0712209 0.0732475
0 0.0226541 0.0702631 0.072392
0 0.0224799 0.0693263 0.0714068
0 0.0225639 0.0684369 0.0703004
0 0.0228697 0.0676243 0.0691118
0 0.0233653 0.0669312 0.0679211
0 0.0240237 0.0664093 0.0668396
0 0.0248043 0.0660993 0.0659772
0 0.0256307 0.0660025 0.0654034
0 0.0263905 0.0660762 0.0651331
0 0.026951 0.0662456 0.0651299
0 0.027198 0.0664324 0.0653308
0 0.0271074 0.0666223 0.0657108
0 0.0267436 0.0668642 0.0662817
0 0.0261831 0.067188 0.0670266
0 0.0254822 0.0675764 0.0678799
0 0.0246981 0.0679956 0.0687603
0 0.0239104 0.0684227 0.0696033
0 0.0231823 0.0688176 0.0703365
0 0.0225299 0.0691012 0.0708593
0 0.0219666 0.069207 0.0710972
0 0.0215137 0.0690969 0.0710168
0 0.0211709 0.0687333 0.0705925
0 0.0209282 0.0680936 0.0698167
0 0.0207857 0.0671935 0.0687186
0 0.0207449 0.0660765 0.0673515
0 0.0207704 0.0647723 0.0657518
0 0.0207866 0.0632854 0.0639302
0 0.0207125 0.0616203 0.0618993
0 0.0204963 0.0598041 0.0596992
0 0.0201525 0.0579159 0.0574275
0 0.0197107 0.0560359 0.0551854
0 0.0191346 0.0541623 0.0529961
0 0.018344 0.0522342 0.0508238
0 0.0173037 0.0502186 0.0486495
0 0.0160689 0.0481536 0.0465115
0 0.0147231 0.0460942 0.0444531
0 0.0133248 0.0440653 0.0424762
0 0.0119404 0.0420959 0.0405804
0 0.010649 0.0402285 0.038776
0 0.00949566 0.0384755 0.037046
0 0.00850582 0.0368368 0.0353705
0 0.0077198 0.0353345 0.0337646
0 0.00716614 0.0339866 0.032253
0 0.0068548 0.0328037 0.0308632
0 0.00678216 0.0317941 0.0296269
0 0.00692529 0.0309578 0.0285696
0 0.00728025 0.030326 0.0277459
0 0.00785291 0.0299512 0.027225
0 0.00857907 0.0298265 0.0270076
0 0.00934424 0.0299001 0.0270402
0 0.0100735 0.0301575 0.0272993
0 0.0107574 0.0306409 0.0278146
0 0.0114303 0.0314252 0.0286491
0 0.0121211 0.0325629 0.0298492
0 0.0128325 0.0340586 0.0314248
0 0.0135753 0.0359031 0.0333824
0 0.0143521 0.038059 0.0357064
0 0.0151237 0.0404343 0.0383251
0 0.0158568 0.0429344 0.0411553
0 0.0165628 0.045505 0.0441405
0 0.0172847 0.0481268 0.0472421
0 0.0180868 0.050814 0.0504406
0 0.01903 0.0535928 0.0537236
0 0.020137 0.0564701 0.0570603
0 0.0214161 0.0594417 0.0604104
0 0.0228863 0.0625125 0.063758
0 0.0245285 0.0656768 0.0670951
0 0.0262578 0.0688755 0.0703755
0 0.0279579 0.072012 0.0735342
0 0.0295377 0.0750181 0.0765425
0 0.0309554 0.0778678 0.0794146
0 0.0321829 0.0805401 0.0821621
0 0.0331672 0.0829868 0.0847556
0 0.0338513 0.0851493 0.0871386
0 0.034216 0.0869983 0.0892672
0 0.0342731 0.0885289 0.0911076
0 0.034043 0.0897337 0.0926165
0 0.0335663 0.0906138 0.0937586
0 0.0329333 0.0912111 0.0945476
0 0.032276 0.091603 0.0950453
0 0.0317057 0.0918462 0.095308
0 0.0312556 0.0919261 0.095334
0 0.0309067 0.091784 0.0950878
0 0.0306599 0.0913946 0.0945702
0 0.03052 0.090758 0.0938009
0 0.0304391 0.0898519 0.0927625
0 0.0303273 0.0886396 0.0914084
0 0.0300817 0.0870862 0.0896844
0 0.0296085 0.0851669 0.0875459
0 0.0288368 0.0828694 0.0849678
0 0.0277285 0.0801929 0.0819498
0 0.0262872 0.0771537 0.0785224
0 0.0245384 0.0737661 0.0747248
0 0.0225015 0.0700228 0.0705787
0 0.0201974 0.065915 0.0661008
0 0.0176734 0.061474 0.0613376
0 0.0150394 0.0567767 0.0563697
0 0.0124578 0.0519321 0.0512962
0 0.0100683 0.0470636 0.0462188
0 0.00795783 0.0422696 0.0412084
0 0.00617198 0.03762 0.0363057
0 0.00473102 0.0331751 0.0315519
0 0.00363087 0.0289743 0.0269863
0 0.00284932 0.0250378 0.022646
0 0.00235841 0.0213755 0.0185726
0 0.00211277 0.017981 0.0147972
0 0.00205451 0.0148329 0.0113333
0 0.00213255 0.0119164 0.00819128
0 0.00230833 0.00923397 0.00538337
0 0.00256303 0.0068099 0.00292679
0 0.00290897 0.0047029 0.000858196
0 0.0033626 0.00297895 -0.000788853
0 0.00390001 0.00166419 -0.00202373
0 0.00447211 0.000757603 -0.00287853
0 0.00504611 0.000268062 -0.00336469
0 0.00560966 0.000215767 -0.00346769
0 0.00615128 0.000612851 -0.00316619
0 0.00664659 0.00144199 -0.0024523
0 0.00707548 0.00266063 -0.0013246
0 0.00744359 0.00422013 0.000224918
0 0.00778025 0.00607009 0.002199
0 0.00812824 0.00816083 0.00458181
0 0.00852722 0.0104421 0.00732679
0 0.00901016 0.0128679 0.0103577
0 0.00962997 0.0154287 0.0136047
0 0.010472 0.0181667 0.0170316
0 0.0116105 0.0211333 0.0206094
0 0.0130465 0.0243238 0.0242717
0 0.0147157 0.0276839 0.027933
0 0.0165747 0.0311892 0.0315692
0 0.0185984 0.0348425 0.0352154
0 0.0207376 0.038608 0.0388933
0 0.0229606 0.0424507 0.0426384
0 0.0252592 0.0463917 0.0465397
0 0.0276255 0.0504726 0.0506909
0 0.0300443 0.0547222 0.0551483
0 0.0324723 0.0591528 0.0599221
0 0.0348195 0.0637322 0.0649515
0 0.0369394 0.0683578 0.0700872
0 0.0386852 0.0729129 0.0751591
0 0.0400059 0.0773549 0.0800729
0 0.0409257 0.0816912 0.0847945
0 0.0414601 0.0859039 0.0892828
0 0.0415972 0.0899292 0.0934736
0 0.04131 0.0936699 0.0972898
0 0.0406097 0.0970498 0.10069
0 0.0395804 0.100053 0.103699
0 0.038338 0.10269 0.106362
0 0.0369764 0.104946 0.108689
0 0.0355611 0.106788 0.110655
0 0.0341616 0.108193 0.112236
0 0.0328671 0.109164 0.113421
0 0.0317738 0.10972 0.114212
0 0.0309401 0.109873 0.114591
0 0.0303722 0.109608 0.114504
0 0.0300551 0.108909 0.113892
0 0.0299469 0.107774 0.11271
0 0.0299748 0.106222 0.110936
0 0.0300628 0.104297 0.108595
0 0.0301205 0.102042 0.105736
0 0.030029 0.0994609 0.102399
0 0.0296822 0.0965576 0.0986536
0 0.0290119 0.093348 0.0945976
0 0.0279719 0.0898378 0.0903233
0 0.0265489 0.0860394 0.085913
0 0.0247889 0.0820037 0.0814604
0 0.0227545 0.0777952 0.0770415
0 0.0204884 0.0734578 0.0726764
0 0.0180592 0.0690306 0.0683502
0 0.0155499 0.0645603 0.064033
0 0.0130063 0.0600715 0.0596654
0 0.0104578 0.0555559 0.0551691
0 0.00795498 0.0510233 0.0505096
0 0.00559624 0.0465334 0.0457366
0 0.00350894 0.0421704 0.0409589
0 0.00177891 0.0379881 0.0362812
0 0.000442682 0.0340042 0.0317871
0 -0.000463732 0.0302508 0.0275743
0 -0.000921526 0.0267605 0.023727
0 -0.000967737 0.0235282 0.0202689
0 -0.000665879 0.0205395 0.0171878
0 -7.65358e-05 0.0178028 0.0144689
0 0.000745307 0.0153484 0.0121003
0 0.00175488 0.0132236 0.0100777
0 0.00289527 0.0114675 0.00838996
0 0.00409631 0.0101006 0.00702017
0 0.00529701 0.0091411 0.00596955
0 0.00644277 0.00860162 0.00525747
0 0.00747242 0.00847214 0.00490183
0 0.00831587 0.00871777 0.00490945
0 0.00893853 0.00932347 0.00531193
0 0.00936548 0.0103057 0.00617455
0 0.009648 0.0116706 0.00755451
0 0.00983971 0.013396 0.00947224
0 0.00997869 0.0154204 0.0118857
0 0.0101114 0.017682 0.0147212
0 0.0103302 0.0201685 0.0179235
0 0.0107375 0.0228883 0.0214322
0 0.0114093 0.0258434 0.0251649
0 0.0123822 0.0290174 0.0290248
0 0.0136363 0.0323588 0.0329012
0 0.0151128 0.0357976 0.0366894
0 0.016738 0.0392702 0.0403211
0 0.0184498 0.042714 0.043768
0 0.0202216 0.0460778 0.0470385
0 0.0220317 0.0493391 0.0501785
0 0.0238427 0.052485 0.0532436
0 0.0256049 0.0554951 0.0562656
0 0.0272601 0.0583516 0.0592525
0 0.0287418 0.0610352 0.0621816
0 0.0299644 0.0635027 0.06498
0 0.0308555 0.0657141 0.0675625
0 0.0314019 0.0676744 0.0698849
0 0.0316266 0.0694033 0.071923
0 0.0315567 0.0709035 0.0736489
0 0.0312295 0.0721684 0.0750433
0 0.0306823 0.073172 0.0760877
0 0.0299305 0.0738521 0.0767446
0 0.0290043 0.0741533 0.0769924
0 0.0279975 0.0740828 0.0768723
0 0.0270137 0.0736657 0.076435
0 0.0261161 0.0729018 0.0756912
0 0.0253607 0.0718077 0.0746497
0 0.0247912 0.0704252 0.0733221
0 0.0244112 0.0688012 0.0717052
0 0.0241989 0.0669966 0.0698034
0 0.024117 0.0650812 0.0676395
0 0.024112 0.0631156 0.0652534
0 0.024131 0.0611555 0.0627155
0 0.0241296 0.059249 0.0601241
0 0.024054 0.0574125 0.0575717
0 0.0238308 0.0556183 0.0551181
0 0.0233821 0.0538096 0.0527889
0 0.022654 0.0519386 0.0505947
0 0.0216384 0.0499895 0.0485458
0 0.0203616 0.0479712 0.0466395
0 0.0188523 0.0458991 0.0448358
0 0.0171581 0.0437931 0.0430734
0 0.0153689 0.0416952 0.041307
0 0.0135847 0.039651 0.0395077
0 0.0118941 0.0376839 0.0376519
0 0.0103655 0.0357951 0.0357201
0 0.00904393 0.0339715 0.0337023
0 0.00796071 0.0321964 0.0316113
0 0.00711316 0.030435 0.0294624
0 0.0064592 0.0286329 0.0272598
0 0.00596565 0.0267672 0.0250316
0 0.00564409 0.0248827 0.0228555
0 0.00550349 0.0230415 0.0208062
0 0.00550561 0.0212741 0.0189084
0 0.00559606 0.0196025 0.0171639
0 0.00574571 0.0180748 0.0155926
0 0.00594157 0.0167491 0.0142242
0 0.00615145 0.0156536 0.013066
0 0.00634403 0.0148035 0.0121244
0 0.00651182 0.0142224 0.0114272
0 0.00664687 0.0139189 0.0109984
0 0.00674319 0.013892 0.0108577
0 0.00681199 0.0141441 0.0110319
0 0.00687668 0.0146735 0.0115451
0 0.00698208 0.0154859 0.0124266
0 0.00720507 0.0166123 0.013721
0 0.00762586 0.0180886 0.0154629
0 0.00828836 0.0199241 0.0176438
0 0.00918298 0.0220876 0.0202017
0 0.010241 0.0244986 0.0230191
0 0.0113824 0.0270701 0.0259731
0 0.0125881 0.0297735 0.0290088
0 0.013883 0.0326198 0.0321244
0 0.0152644 0.0355903 0.0353045
0 0.016689 0.0386269 0.038507
0 0.0181172 0.0416818 0.0417092
0 0.0195534 0.044754 0.0449361
0 0.0210564 0.0478843 0.0482505
0 0.0226748 0.0511129 0.0517076
0 0.0243846 0.0544405 0.0553117
0 0.0261235 0.0578378 0.0590218
0 0.0278213 0.0612646 0.0627763
0 0.0294188 0.0646943 0.0665258
0 0.0308828 0.0681134 0.0702386
0 0.0321716 0.0714851 0.0738682
0 0.0332525 0.0747723 0.0773752
0 0.0341341 0.0779662 0.0807554
0 0.0348251 0.0810483 0.0839997
0 0.0353138 0.0839751 0.0870764
0 0.0355986 0.0867081 0.0899578
0 0.0356901 0.0892192 0.0926225
0 0.0355922 0.0914733 0.0950362
0 0.0353149 0.0934386 0.0971626
0 0.0348964 0.0951113 0.0989892
0 0.0343921 0.0965029 0.100518
0 0.0338365 0.0976033 0.101729
0 0.033229 0.0983679 0.102573
0 0.0325552 0.0987383 0.102988
0 0.031812 0.0986666 0.102929
0 0.0310399 0.0981493 0.102395
0 0.0303283 0.097239 0.101444
0 0.0297653 0.0960065 0.100144
0 0.0293914 0.0945138 0.0985417
0 0.0291692 0.0927887 0.096639
0 0.0289867 0.0908116 0.0943889
0 0.0287109 0.0885511 0.0917435
0 0.0282345 0.0859971 0.0886951
0 0.0275019 0.0831702 0.0852905
0 0.0265044 0.0801117 0.0816166
0 0.0252706 0.0768763 0.0777835
0 0.0238682 0.0735377 0.0739185
0 0.0223596 0.0701532 0.0701189
0 0.0207603 0.0667331 0.0664153
0 0.0190584 0.0632708 0.0628007
0 0.0172733 0.0597865 0.0592723
0 0.015472 0.0563311 0.0558396
0 0.0137162 0.0529586 0.0525053
0 0.0120515 0.0497101 0.0492584
0 0.0105206 0.0466187 0.0460924
0 0.00916517 0.0437194 0.0430227
0 0.00802293 0.041039 0.0400808
0 0.00709791 0.0385713 0.0372869
0 0.0063577 0.0362767 0.0346426
0 0.00576223 0.0341119 0.0321497
0 0.0052762 0.0320455 0.0298158
0 0.00486699 0.0300553 0.0276439
0 0.00451188 0.0281362 0.0256359
0 0.00420801 0.0263083 0.0238009
0 0.00395568 0.0245993 0.0221404
0 0.00373806 0.0230213 0.0206321
0 0.00352782 0.0215739 0.0192399
0 0.00329273 0.0202458 0.017924
0 0.00301777 0.0190337 0.0166661
0 0.00273188 0.0179685 0.0154977
0 0.00247655 0.0170854 0.0144696
0 0.00226849 0.0163901 0.0136132
0 0.00212884 0.015891 0.0129665
0 0.00210228 0.0156222 0.01259
0 0.00220917 0.015599 0.0125174
0 0.00243915 0.0158149 0.0127488
0 0.00279403 0.0162838 0.0132925
0 0.00329002 0.0170382 0.014167
0 0.00393423 0.0181027 0.0153784
0 0.00471595 0.0194816 0.0169144
0 0.0056291 0.0211787 0.0187679
0 0.00668662 0.0232095 0.0209528
0 0.00788662 0.0255687 0.0234702
0 0.00919954 0.0282176 0.0262941
0 0.0105861 0.0311029 0.0293866
0 0.0119987 0.0341581 0.032695
0 0.0134049 0.0373273 0.0361718
0 0.0148141 0.0405938 0.0397993
0 0.016248 0.0439553 0.0435647
0 0.0176865 0.0473788 0.0474183
0 0.0190663 0.0507873 0.0512638
0 0.0203165 0.0540775 0.0549761
0 0.0213776 0.0571614 0.0584486
0 0.022253 0.0600223 0.0616507
0 0.0230208 0.0627063 0.0646187
0 0.0237352 0.0652333 0.0673694
0 0.0243885 0.0675691 0.0698737
0 0.0249919 0.0696977 0.0721269
0 0.0255851 0.0716371 0.074161
0 0.0261785 0.0733872 0.0759885
0 0.0267497 0.0749214 0.0775909
0 0.0272706 0.0762134 0.0789474
0 0.0277266 0.077257 0.0800538
0 0.028123 0.0780669 0.0809236
0 0.0284624 0.078659 0.0815683
0 0.0287226 0.0790263 0.0819736
0 0.0288642 0.0791434 0.082107
0 0.0288529 0.0789883 0.0819409
0 0.0286819 0.078564 0.0814751
0 0.0283778 0.0779034 0.0807419
0 0.027983 0.0770526 0.079789
0 0.0275416 0.0760595 0.0786676
0 0.0270827 0.0749586 0.0774178
0 0.0266003 0.0737524 0.0760482
0 0.0260588 0.0724162 0.0745396
0 0.0254332 0.070936 0.0728822
0 0.0247322 0.0693308 0.071098
0 0.0239729 0.0676265 0.0692149
0 0.0231579 0.0658326 0.0672429
0 0.0222845 0.0639514 0.0651838
0 0.0213627 0.0619966 0.06305
0 0.0204196 0.059998 0.06087
0 0.0194771 0.05798 0.0586674
0 0.0185313 0.0559442 0.0564435
0 0.0175719 0.0538879 0.0541964
0 0.0166037 0.0518246 0.051942
0 0.015652 0.049782 0.0497109
0 0.0147502 0.0477901 0.047536
0 0.0139168 0.0458702 0.0454416
0 0.0131669 0.044045 0.0434523
0 0.0125215 0.0423454 0.0415996
0 0.0120076 0.0408122 0.0399241
0 0.0116582 0.0394971 0.0384769
0 0.011479 0.0384281 0.0372863
0 0.0114189 0.03758 0.0363276
0 0.0114008 0.0369014 0.0355506
0 0.0113782 0.0363666 0.0349322
0 0.0113461 0.0359842 0.034485
0 0.0113012 0.0357574 0.034217
0 0.0112302 0.0356724 0.0341183
0 0.011124 0.035711 0.0341739
0 0.0109716 0.0358422 0.0343552
0 0.0107801 0.0360438 0.0346416
0 0.0106049 0.0363351 0.0350507
0 0.0105197 0.0367533 0.0356138
0 0.0105678 0.0373107 0.0363327
0 0.0107458 0.0379824 0.0371677
0 0.0110161 0.0387179 0.0380533
0 0.0113349 0.0394668 0.0389255
0 0.0116683 0.0401918 0.0397383
0 0.0119933 0.0408674 0.0404639
0 0.0123088 0.0414891 0.0411026
0 0.0126433 0.0420834 0.0416904
0 0.0130315 0.0426854 0.042275
0 0.0134768 0.0433049 0.0428781
0 0.0139575 0.0439328 0.0435001
0 0.0144542 0.0445664 0.0441435
0 0.0149485 0.0452062 0.04481
0 0.0154203 0.0458511 0.0454964
0 0.015863 0.04651 0.0462075
0 0.0162894 0.0472069 0.0469633
0 0.0167116 0.0479599 0.047779
0 0.0171237 0.0487651 0.0486498
0 0.0175052 0.0495992 0.0495537
0 0.0178307 0.0504298 0.0504606
0 0.0180849 0.0512288 0.0513459
0 0.0182664 0.0519774 0.0521938
0 0.0183734 0.052653 0.0529837
0 0.0184131 0.0532384 0.0536974
0 0.0184224 0.0537466 0.0543429
0 0.018453 0.0542093 0.054942
0 0.0185367 0.0546439 0.0554996
0 0.0186739 0.0550438 0.0559962
0 0.0188487 0.0553925 0.0564053
0 0.0190428 0.0556761 0.0567073
0 0.0192503 0.0558968 0.0569046
0 0.0194801 0.0560746 0.0570235
0 0.0197328 0.0562243 0.0570895
0 0.0199816 0.056336 0.0571064
0 0.0201825 0.0563831 0.0570613
0 0.020312 0.0563577 0.0569584
0 0.02039 0.0562934 0.0568401
0 0.0204551 0.0562406 0.0567609
0 0.0205205 0.0562233 0.0567436
0 0.0205753 0.0562399 0.056782
0 0.0206212 0.0562994 0.0568777
0 0.020674 0.0564217 0.0570431
0 0.0207381 0.0566117 0.0572769
0 0.0208089 0.0568616 0.0575673
0 0.0208959 0.0571741 0.0579166
0 0.0210173 0.0575586 0.0583364
0 0.021181 0.0580132 0.0588287
0 0.021388 0.05853 0.0593898
0 0.0216328 0.0590965 0.0600105
0 0.0218949 0.0596874 0.0606668
0 0.0221555 0.06028 0.0613352
0 0.0224163 0.0608739 0.0620121
0 0.022682 0.0614718 0.0626957
0 0.0229572 0.0620774 0.0633845
0 0.0232437 0.0626919 0.0640754
0 0.0235084 0.063281 0.0647311
0 0.0236959 0.0637853 0.0652914
0 0.023782 0.064172 0.0657249
0 0.023774 0.0644349 0.0660284
0 0.0236766 0.0645615 0.0661924
0 0.02349 0.0645325 0.0661993
0 0.0232122 0.0643263 0.0660266
0 0.0228479 0.0639284 0.0656564
0 0.0224264 0.0633522 0.0650952
0 0.0219831 0.0626222 0.0643587
0 0.021519 0.0617355 0.0634341
0 0.0209898 0.0606484 0.0622692
0 0.0203335 0.059302 0.0608001
0 0.0195137 0.0576617 0.0589919
0 0.0185396 0.0557376 0.0568589
0 0.0174418 0.0535626 0.0544421
0 0.0162506 0.0511729 0.0517878
0 0.0149887 0.0486053 0.0489435
0 0.0136903 0.0458964 0.0459564
0 0.0124139 0.0430932 0.0428798
0 0.0112017 0.0402494 0.0397667
0 0.0100747 0.0374124 0.0366618
0 0.00905377 0.0346291 0.0336105
0 0.00815239 0.0319458 0.030659
0 0.00736484 0.0293913 0.0278381
0 0.00666002 0.0269661 0.0251539
0 0.00600085 0.0246612 0.0226053
0 0.00538417 0.0224963 0.0202221
0 0.00483802 0.0205161 0.0180584
0 0.00436617 0.0187386 0.0161385
0 0.00394323 0.0171517 0.0144517
0 0.003552 0.0157483 0.0129876
0 0.00318694 0.0145306 0.0117409
0 0.00285149 0.0135073 0.0107101
0 0.00256632 0.0127014 0.00990725
0 0.00236786 0.0121497 0.00935937
0 0.00228224 0.0118776 0.00908555
0 0.00231068 0.0118855 0.0090839
0 0.00245325 0.0121703 0.00935497
0 0.00271477 0.0127295 0.00990671
0 0.00309614 0.0135536 0.0107445
0 0.0035999 0.0146322 0.0118731
0 0.0042255 0.0159521 0.0132908
0 0.00497312 0.0175037 0.0149939
0 0.00585353 0.0192914 0.0169843
0 0.00688324 0.0213301 0.0192667
0 0.00806577 0.0236261 0.0218328
0 0.00937415 0.0261585 0.0246453
0 0.0107652 0.0288897 0.0276528
0 0.0122068 0.031789 0.030817
0 0.0136863 0.0348383 0.0341185
0 0.015196 0.0380178 0.0375426
0 0.0167161 0.0412967 0.0410673
0 0.0182167 0.0446388 0.0446685
0 0.0196839 0.0480104 0.0483233
0 0.0211158 0.0513808 0.0520079
0 0.0224997 0.0547295 0.0557012
0 0.0238224 0.0580416 0.0593768
0 0.0250609 0.0612863 0.0629845
0 0.0261782 0.0644207 0.0664609
0 0.0271567 0.067418 0.0697614
0 0.0280145 0.070279 0.0728757
0 0.0287853 0.0730189 0.0758154
0 0.0294968 0.0756477 0.0785931
0 0.0301702 0.0781668 0.0812189
0 0.0308095 0.0805639 0.0836941
0 0.0314015 0.0828117 0.0860079
0 0.0319319 0.0848835 0.0881484
0 0.0323783 0.0867494 0.0900951
0 0.0327074 0.0883705 0.0918115
0 0.0328849 0.0897069 0.0932534
0 0.032892 0.0907328 0.0943868
0 0.0327479 0.0914562 0.09521
0 0.0324922 0.0919007 0.0957369
0 0.0321482 0.0920706 0.0959636
0 0.0317226 0.0919495 0.0958679
0 0.0312149 0.0915106 0.0954218
0 0.0306185 0.0907198 0.0945929
0 0.0299254 0.0895471 0.0933515
0 0.0291353 0.0879826 0.0916833
0 0.0282568 0.0860408 0.0895931
0 0.0273005 0.0837505 0.0870978
0 0.0262793 0.081153 0.0842282
0 0.0252063 0.0782968 0.0810278
0 0.0240762 0.0752157 0.0775338
0 0.0228807 0.0719403 0.0737895
0 0.0216213 0.0685087 0.0698546
0 0.020293 0.0649483 0.0657828
0 0.0189011 0.0612948 0.0616381
0 0.0174603 0.0575977 0.0574951
0 0.0159596 0.0538785 0.0533944
0 0.014384 0.050132 0.0493403
0 0.0127334 0.0463558 0.045332
0 0.0110092 0.0425554 0.0413664
0 0.0092226 0.0387416 0.0374316
0 0.00739201 0.0349241 0.033511
0 0.00553936 0.0311137 0.029591
0 0.00370874 0.0273383 0.0256814
0 0.00197331 0.0236511 0.0218275
0 0.000404318 0.0201059 0.018083
0 -0.000951057 0.0167375 0.0144913
0 -0.00206117 0.0135708 0.0110911
0 -0.00292033 0.0106116 0.00790556
0 -0.00353869 0.00785649 0.00494826
0 -0.00391744 0.00531701 0.0022438
0 -0.00405874 0.00301077 -0.000183549
0 -0.00396488 0.000962517 -0.00231032
0 -0.00363092 -0.000786874 -0.00410439
0 -0.00305514 -0.00218937 -0.00553153
0 -0.00225704 -0.00320907 -0.00657115
0 -0.00129165 -0.0038385 -0.00722891
0 -0.000224207 -0.00407806 -0.00751317
0 0.0008942 -0.00391634 -0.00741373
0 0.00201548 -0.00334283 -0.00691444
0 0.00309591 -0.00234953 -0.0059959
0 0.00409913 -0.000937063 -0.00463999
0 0.00499895 0.000874026 -0.00283633
0 0.00579609 0.0030534 -0.000574131
0 0.00650935 0.00555611 0.00214114
0 0.00716113 0.00831798 0.00527076
0 0.007797 0.0112882 0.00876639
0 0.00849392 0.0144495 0.0125855
0 0.00932791 0.0177954 0.01667
0 0.0103463 0.0213099 0.0209345
0 0.0115686 0.0249691 0.0252858
0 0.0129923 0.0287526 0.0296464
0 0.0146046 0.0326412 0.0339537
0 0.0163749 0.0365838 0.0381464
0 0.0182424 0.0405092 0.042174
0 0.0201565 0.044376 0.0460346
0 0.0220933 0.0481715 0.0497723
0 0.0240164 0.0518754 0.0534277
0 0.0258531 0.0554355 0.0570004
0 0.0275195 0.058789 0.0604617
0 0.0289632 0.0619081 0.0637914
0 0.0301588 0.0647919 0.0669726
0 0.0310812 0.0674339 0.0699643
0 0.0317115 0.0698279 0.0727155
0 0.0320511 0.0719766 0.075184
0 0.0321077 0.0738756 0.0773281
0 0.0318926 0.0755086 0.0791101
0 0.0314319 0.0768564 0.0805086
0 0.0307619 0.0778942 0.0815156
0 0.0299372 0.0786035 0.0821438
0 0.0290314 0.078979 0.082425
0 0.0281092 0.0790101 0.082383
0 0.0272159 0.0786755 0.0820208
0 0.0263873 0.0779575 0.0813296
0 0.0256521 0.0768524 0.0802946
0 0.0250214 0.0753731 0.0788925
0 0.0244875 0.0735544 0.0771017
0 0.0240238 0.0714472 0.0749103
0 0.023582 0.0690972 0.0723134
0 0.0231121 0.0665513 0.0693355
0 0.0225708 0.063854 0.0660347
0 0.0219094 0.0610243 0.0624807
0 0.0210953 0.0580756 0.058764
0 0.0201239 0.0550313 0.0549932
0 0.0189979 0.051905 0.0512616
0 0.0177148 0.0487009 0.0476322
0 0.0162615 0.0454274 0.0441356
0 0.0146472 0.0421016 0.0407777
0 0.0129205 0.038765 0.0375495
0 0.01114 0.0354802 0.0344367
0 0.00935865 0.0322974 0.0314118
0 0.00761857 0.0292446 0.0284337
0 0.00596086 0.0263413 0.0254778
0 0.00442865 0.0236006 0.0225456
0 0.00306422 0.0210295 0.0196642
0 0.00190665 0.0186293 0.016882
0 0.000973292 0.0163874 0.0142471
0 0.000265283 0.0142851 0.0117996
0 -0.000219346 0.0123155 0.00957712
0 -0.000480659 0.010492 0.00761523
0 -0.000514073 0.00884817 0.00594414
0 -0.000323474 0.00742534 0.00457912
0 6.56603e-05 0.00625731 0.00351216
0 0.000615574 0.00537316 0.00272518
0 0.00129181 0.00480626 0.00221007
0 0.00206009 0.00458586 0.00196983
0 0.00288568 0.00473189 0.00201887
0 0.0037326 0.00525211 0.00238071
0 0.00455278 0.00613032 0.00307254
0 0.00529937 0.00733075 0.00410611
0 0.00595508 0.00881926 0.00550416
0 0.00653456 0.010569 0.00729425
0 0.00707886 0.012561 0.00949482
0 0.00764429 0.0147854 0.0121054
0 0.00827677 0.0172258 0.0150873
0 0.00899839 0.0198501 0.0183576
0 0.0098099 0.0226146 0.0218026
0 0.0107111 0.0254823 0.0253118
0 0.0117102 0.0284285 0.0288025
0 0.0128112 0.0314328 0.0322162
0 0.0140153 0.0344828 0.0355223
0 0.0153355 0.0375629 0.0387183
0 0.0167762 0.0406392 0.0418121
0 0.0183 0.0436644 0.0448068
0 0.01985 0.0465858 0.0477025
0 0.0213743 0.0493647 0.0505044
0 0.0228243 0.0519794 0.0532171
0 0.0241618 0.0544233 0.0558405
0 0.0253696 0.0567135 0.0583774
0 0.0264305 0.0588664 0.0608144
0 0.0273051 0.0608705 0.0631034
0 0.02795 0.0626977 0.0651819
0 0.0283372 0.0643208 0.0669978
0 0.0284558 0.0657128 0.0685133
0 0.0283157 0.0668493 0.0697076
0 0.0279466 0.0677107 0.0705777
0 0.0273836 0.0682717 0.0711223
0 0.0266593 0.0684974 0.0713317
0 0.0258106 0.0683566 0.0711955
0 0.0248943 0.0678422 0.0707169
0 0.023979 0.066968 0.069908
0 0.0231203 0.0657522 0.0687693
0 0.022352 0.0642192 0.0672912
0 0.0216883 0.0624077 0.0654667
0 0.0211361 0.060379 0.0633113
0 0.0206978 0.0582099 0.0608683
0 0.0203495 0.0559604 0.0581881
0 0.0200336 0.0536569 0.0553159
0 0.0196763 0.0513 0.0522993
0 0.0192035 0.0488757 0.0491913
0 0.0185574 0.0463668 0.0460478
0 0.0177108 0.0437677 0.0429308
0 0.0166645 0.041098 0.0399058
0 0.0154343 0.0383935 0.0370267
0 0.0140522 0.0356872 0.0343143
0 0.0125531 0.0330063 0.0317486
0 0.0109624 0.0303744 0.0292877
0 0.0093178 0.0278132 0.0268869
0 0.00766503 0.0253371 0.0245027
0 0.0060566 0.0229617 0.0221138
0 0.0045606 0.0207106 0.0197325
0 0.00323624 0.0185954 0.017385
0 0.00212061 0.0166103 0.0151022
0 0.00123986 0.0147491 0.012925
0 0.000626619 0.0130254 0.0109132
0 0.000314234 0.011474 0.00913632
0 0.000303237 0.0101182 0.00763511
0 0.000555889 0.00896302 0.00641261
0 0.00102053 0.00801832 0.00546043
0 0.00163376 0.00729365 0.00475904
0 0.00233037 0.00679904 0.00428668
0 0.00307194 0.00656769 0.00405014
0 0.00383373 0.00663695 0.00407225
0 0.00457876 0.0070197 0.00436662
0 0.00526542 0.00771048 0.0049433
0 0.00586738 0.008697 0.00581966
0 0.00638572 0.00996543 0.00702409
0 0.00683922 0.0114933 0.0085806
0 0.00724545 0.0132371 0.0104834
0 0.00762056 0.0151422 0.012696
0 0.00799218 0.0171653 0.0151668
0 0.0084038 0.0192841 0.0178384
0 0.00890798 0.0214962 0.0206518
0 0.00954435 0.0237984 0.0235382
0 0.0103246 0.0261715 0.0264195
0 0.0112507 0.0285988 0.0292365
0 0.0123218 0.0310751 0.0319569
0 0.0135163 0.0335802 0.0345608
0 0.014802 0.0360687 0.0370336
0 0.0161471 0.0384928 0.039375
0 0.0175108 0.0408147 0.0416016
0 0.0188478 0.0430045 0.0437343
0 0.0201126 0.0450404 0.0457867
0 0.0212522 0.0469012 0.0477526
0 0.0222137 0.048568 0.0496066
0 0.0229703 0.0500437 0.0513275
0 0.0235162 0.0513453 0.0528969
0 0.0238515 0.052484 0.0542891
0 0.0239864 0.0534656 0.0554788
0 0.0239392 0.0542894 0.0564461
0 0.0237393 0.054951 0.0571827
0 0.0234335 0.0554515 0.0576998
0 0.0230701 0.0557884 0.0580152
0 0.0226796 0.055941 0.0581323
0 0.022271 0.0558726 0.0580361
0 0.0218436 0.0555456 0.057703
0 0.0214092 0.0549481 0.0571225
0 0.021002 0.0541081 0.0563097
0 0.0206477 0.0530684 0.055281
0 0.0203443 0.0518642 0.0540387
0 0.0200679 0.0505221 0.0525788
0 0.0197769 0.0490559 0.0508969
0 0.019433 0.0474798 0.0490071
0 0.0190155 0.0458159 0.0469517
0 0.0185242 0.0440956 0.0447986
0 0.0179709 0.042352 0.0426266
0 0.017356 0.0405998 0.0404932
0 0.0166823 0.03885 0.0384428
0 0.0159658 0.0371236 0.0365177
0 0.0152172 0.0354411 0.0347415
0 0.014442 0.033822 0.0331192
0 0.0136525 0.0322896 0.0316434
0 0.012868 0.0308696 0.0302993
0 0.012106 0.0295843 0.0290712
0 0.0113871 0.0284502 0.0279477
0 0.0107336 0.0274729 0.0269219
0 0.0101528 0.0266376 0.0259836
0 0.00964134 0.0259154 0.0251219
0 0.00920147 0.0252803 0.0243373
0 0.00884284 0.0247181 0.0236439
0 0.00857548 0.0242223 0.0230572
0 0.0084043 0.0237909 0.0225863
0 0.00832833 0.0234281 0.0222331
0 0.00834526 0.0231466 0.0219963
0 0.00845215 0.0229667 0.0218744
0 0.00864978 0.0229169 0.0218731
0 0.00894084 0.0230291 0.0220053
0 0.00931196 0.0233167 0.0222749
0 0.00972869 0.0237674 0.0226722
0 0.01016 0.0243635 0.0231941
0 0.0105974 0.0250993 0.0238593
0 0.0110335 0.0259609 0.0246821
0 0.0114444 0.0269109 0.0256505
0 0.0118072 0.0279072 0.0267394
0 0.0121156 0.0289218 0.027924
0 0.0123803 0.0299418 0.0291808
0 0.0126269 0.0309692 0.0304886
0 0.0128867 0.0320141 0.0318271
0 0.0131827 0.0330809 0.0331713
0 0.0135374 0.034178 0.0345039
0 0.0139689 0.0353149 0.0358141
0 0.0144814 0.036487 0.0370887
0 0.0150733 0.0376801 0.0383196
0 0.0157364 0.0388772 0.0395073
0 0.016453 0.0400602 0.0406578
0 0.0171934 0.0412056 0.0417723
0 0.0179164 0.0422847 0.0428429
0 0.0185767 0.0432711 0.043856
0 0.0191327 0.044143 0.0447928
0 0.0195571 0.0448891 0.0456372
0 0.0198372 0.0455081 0.0463767
0 0.0199716 0.0460015 0.0469983
0 0.0199754 0.0463775 0.0474956
0 0.0198798 0.0466525 0.0478735
0 0.0197228 0.0468423 0.0481407
0 0.0195298 0.0469469 0.0482951
0 0.0192977 0.0469363 0.0483089
0 0.0190125 0.0467702 0.0481461
0 0.0186769 0.0464276 0.0477908
0 0.0183073 0.0459066 0.0472443
0 0.0179177 0.0452108 0.04651
0 0.0175074 0.0443391 0.0455823
0 0.0170674 0.0432909 0.0444533
0 0.0165913 0.0420757 0.0431248
0 0.016076 0.0407115 0.0416085
0 0.0155231 0.0392239 0.0399279
0 0.0149443 0.0376502 0.0381246
0 0.0143573 0.0360333 0.0362516
0 0.0137624 0.0343964 0.0343474
0 0.0131412 0.0327405 0.0324291
0 0.0124868 0.0310715 0.0305174
0 0.0118108 0.0294129 0.0286488
0 0.0111381 0.0278032 0.026871
0 0.0104951 0.0262792 0.0252217
0 0.00989434 0.0248643 0.0237181
0 0.00934289 0.0235771 0.0223688
0 0.00884813 0.0224344 0.021178
0 0.00841542 0.0214489 0.0201474
0 0.00804473 0.0206252 0.0192737
0 0.00772707 0.0199549 0.0185452
0 0.00746134 0.0194337 0.0179602
0 0.00726573 0.0190736 0.0175375
0 0.00715311 0.01888 0.017292
0 0.00711468 0.0188374 0.0172171
0 0.00713866 0.0189283 0.017302
0 0.00722261 0.0191451 0.0175423
0 0.0073663 0.019483 0.0179333
0 0.00756613 0.0199361 0.0184642
0 0.00781616 0.0204958 0.019119
0 0.00811388 0.0211576 0.0198843
0 0.00846328 0.0219228 0.0207535
0 0.00887546 0.0227988 0.0217284
0 0.00935332 0.0237846 0.0228056
0 0.0098799 0.0248589 0.0239648
0 0.0104394 0.0260011 0.0251893
0 0.0110278 0.0272018 0.0264754
0 0.0116448 0.0284551 0.0278231
0 0.0122893 0.0297551 0.0292307
0 0.0129632 0.0311001 0.030698
0 0.0136779 0.0324998 0.0322331
0 0.0144428 0.0339657 0.0338437
0 0.0152476 0.0354938 0.035521
0 0.0160641 0.0370599 0.0372373
0 0.0168675 0.0386413 0.0389673
0 0.0176437 0.0402286 0.0407002
0 0.018378 0.0418091 0.0424225
0 0.019054 0.0433618 0.044114
0 0.0196598 0.0448683 0.0457584
0 0.0201915 0.0463124 0.0473432
0 0.0206501 0.0476784 0.0488554
0 0.0210311 0.0489446 0.0502734
0 0.0213174 0.0500739 0.0515573
0 0.0214924 0.0510288 0.0526645
0 0.0215627 0.051794 0.0535729
0 0.0215561 0.0523755 0.0542806
0 0.0214931 0.0527727 0.0547792
0 0.0213803 0.052974 0.0550499
0 0.0212207 0.0529662 0.0550758
0 0.0210062 0.0527286 0.0548346
0 0.0207242 0.0522396 0.0543058
0 0.0203737 0.0514958 0.0534864
0 0.0199688 0.0505163 0.0523961
0 0.0195294 0.0493342 0.0510681
0 0.0190727 0.0479867 0.0495405
0 0.0186064 0.0465085 0.0478495
0 0.0181251 0.044926 0.0460256
0 0.0176159 0.0432596 0.0440959
0 0.0170566 0.04152 0.0420809
0 0.0164188 0.0397073 0.0399927
0 0.0156779 0.0378191 0.0378409
0 0.0148269 0.0358624 0.0356432
0 0.0138794 0.0338623 0.0334339
0 0.0128676 0.0318549 0.0312555
0 0.0118347 0.0298735 0.0291429
0 0.0108026 0.0279326 0.0271064
0 0.00977958 0.0260359 0.0251386
0 0.00878793 0.0241951 0.0232372
0 0.00785783 0.0224328 0.0214102
0 0.00702933 0.0207844 0.0196813
0 0.00634523 0.0192887 0.0180824
0 0.00582579 0.0179678 0.0166348
0 0.00546982 0.016828 0.0153493
0 0.00527419 0.0158776 0.0142435
0 0.00522985 0.0151243 0.0133376
0 0.00530924 0.0145618 0.0126385
0 0.00547525 0.0141772 0.0121445
0 0.00569703 0.0139653 0.0118579
0 0.00595143 0.0139278 0.0117834
0 0.00622878 0.0140776 0.0119323
0 0.00653848 0.0144425 0.0123278
0 0.00688913 0.0150427 0.012985
0 0.00727751 0.0158767 0.0138997
0 0.00769963 0.0169316 0.0150596
0 0.00815689 0.0181894 0.0164501
0 0.00865509 0.0196286 0.018054
0 0.00919773 0.0212211 0.0198458
0 0.00977983 0.0229282 0.0217858
0 0.0104013 0.024717 0.0238352
0 0.0110794 0.0265753 0.0259709
0 0.0118343 0.0284996 0.028175
0 0.0126677 0.0304753 0.0304187
0 0.0135568 0.032472 0.0326602
0 0.0144766 0.0344634 0.0348638
0 0.0154317 0.0364489 0.0370228
0 0.0164379 0.0384356 0.039146
0 0.017475 0.040408 0.0412249
0 0.0185032 0.0423369 0.0432406
0 0.0194868 0.0441952 0.0451776
0 0.020384 0.0459521 0.0470174
0 0.0211599 0.0475798 0.0487424
0 0.0217948 0.0490597 0.0503404
0 0.0222791 0.0503798 0.0517998
0 0.0226146 0.0515339 0.0531091
0 0.022809 0.0525162 0.0542537
0 0.0228743 0.0533214 0.0552168
0 0.0228273 0.0539446 0.0559822
0 0.0226885 0.0543823 0.0565358
0 0.022484 0.0546347 0.0568704
0 0.0222382 0.0547008 0.0569812
0 0.0219686 0.0545744 0.0568632
0 0.0216913 0.0542523 0.0565166
0 0.0214117 0.0537287 0.0559397
0 0.0211212 0.052995 0.0551253
0 0.0208106 0.0520547 0.0540757
0 0.0204723 0.0509235 0.0528033
0 0.0200998 0.0496248 0.0513283
0 0.0196998 0.0481997 0.0496913
0 0.0192833 0.046696 0.0479431
0 0.0188381 0.0451362 0.0461144
0 0.0183333 0.0435205 0.0442185
0 0.0177408 0.0418457 0.0422681
0 0.0170475 0.0401154 0.0402826
0 0.0162538 0.0383386 0.038283
0 0.0153689 0.0365254 0.0362872
0 0.0144098 0.0346914 0.0343148
0 0.0133954 0.0328534 0.0323812
0 0.0123586 0.0310343 0.0305015
0 0.0113422 0.029262 0.0286898
0 0.0103685 0.0275499 0.0269424
0 0.00945261 0.0259035 0.0252482
0 0.00860928 0.0243274 0.0235992
0 0.00784204 0.0228189 0.0219861
0 0.00715744 0.0213795 0.0204112
0 0.00657928 0.0200294 0.0189025
0 0.00613962 0.0188026 0.0175058
0 0.00584755 0.017716 0.0162518
0 0.00568232 0.0167637 0.0151469
0 0.00561984 0.0159427 0.0141974
0 0.00563775 0.0152557 0.0134113
0 0.00571368 0.0147077 0.012794
0 0.00583062 0.0143094 0.0123529
0 0.0059729 0.0140706 0.0120919
0 0.00612032 0.0139923 0.0120059
0 0.00625327 0.0140699 0.0120857
0 0.00638085 0.0143181 0.0123446
0 0.00654586 0.0147743 0.0128236
0 0.006789 0.0154651 0.0135572
0 0.00712284 0.0163838 0.0145483
0 0.00752978 0.0174907 0.0157654
0 0.00798433 0.0187375 0.0171645
0 0.00847859 0.0200935 0.018713
0 0.0090262 0.0215506 0.0203948
0 0.00965396 0.0231175 0.0222051
0 0.0103779 0.0247967 0.0241301
0 0.0111748 0.0265566 0.026122
0 0.0119872 0.0283338 0.0281054
0 0.0127746 0.030081 0.030028
0 0.0135474 0.0318004 0.0318943
0 0.0143375 0.0335172 0.0337351
0 0.0151713 0.0352491 0.0355766
0 0.0160679 0.0370054 0.0374379
0 0.0170149 0.0387753 0.0393168
0 0.0179717 0.0405299 0.0411894
0 0.0189039 0.0422482 0.0430358
0 0.019779 0.0439136 0.0448371
0 0.0205573 0.0454995 0.0465638
0 0.0212078 0.0469805 0.0481871
0 0.0217181 0.0483426 0.0496901
0 0.0220889 0.049577 0.0510611
0 0.0223147 0.0506599 0.0522746
0 0.0223818 0.0515525 0.0532916
0 0.0222923 0.0522259 0.0540823
0 0.0220741 0.0526724 0.0546376
0 0.021771 0.0528998 0.0549619
0 0.0214168 0.052908 0.0550499
0 0.0210248 0.0526801 0.054879
0 0.0206081 0.052206 0.0544324
0 0.0201878 0.0514931 0.0537095
0 0.0197869 0.0505646 0.0527239
0 0.0194249 0.0494562 0.0515019
0 0.0191054 0.0482008 0.0500703
0 0.0188114 0.0468218 0.0484515
0 0.0185172 0.0453391 0.0466729
0 0.0181951 0.0437723 0.0447691
0 0.0178234 0.0421436 0.0427846
0 0.017394 0.0404835 0.0407755
0 0.0168981 0.0388148 0.0387885
0 0.0163199 0.0371436 0.0368486
0 0.0156474 0.035471 0.0349713
0 0.0148656 0.033793 0.0331589
0 0.0139583 0.0320994 0.0313984
0 0.0129385 0.0303971 0.0296831
0 0.0118505 0.0287159 0.0280205
0 0.0107392 0.0270822 0.0264129
0 0.00964817 0.0255121 0.0248551
0 0.00862789 0.0240248 0.0233504
0 0.00772878 0.0226436 0.0219137
0 0.00698941 0.0213841 0.0205594
0 0.00643139 0.0202529 0.0193001
0 0.00606299 0.0192543 0.0181521
0 0.0058767 0.0183879 0.0171283
0 0.00585226 0.0176507 0.0162391
0 0.00596238 0.0170433 0.0154951
0 0.00618207 0.0165751 0.0149125
0 0.00650159 0.0162758 0.014524
0 0.00690557 0.0161721 0.014356
0 0.00735071 0.0162614 0.014404
0 0.00778127 0.0165241 0.0146457
0 0.00816295 0.0169522 0.0150719
0 0.00849624 0.0175578 0.0156972
0 0.00878756 0.0183417 0.0165295
0 0.00903886 0.0192837 0.0175592
0 0.00926292 0.0203609 0.018773
0 0.00948581 0.0215547 0.0201579
0 0.00974414 0.0228549 0.0217014
0 0.010062 0.0242411 0.0233719
0 0.0104383 0.0256745 0.0251107
0 0.0108706 0.0271222 0.0268604
0 0.0113692 0.0285719 0.0285856
0 0.0119497 0.0300255 0.0302708
0 0.0126091 0.0314777 0.031896
0 0.0133233 0.0329077 0.033433
0 0.0140718 0.0342966 0.0348678
0 0.0148433 0.0356299 0.0362012
0 0.0156233 0.036893 0.0374399
0 0.0163895 0.038073 0.0385941
0 0.0171257 0.0391687 0.039682
0 0.0178214 0.0401879 0.040724
0 0.0184567 0.0411338 0.0417271
0 0.0190039 0.0420011 0.0426812
0 0.0194318 0.0427754 0.0435627
0 0.0197178 0.0434452 0.0443481
0 0.0198587 0.0440072 0.0450226
0 0.0198685 0.0444643 0.04558
0 0.0197792 0.0448287 0.0460277
0 0.0196253 0.045108 0.0463727
0 0.019431 0.0452959 0.0466111
0 0.0192159 0.0453823 0.0467366
0 0.0189917 0.0453527 0.0467372
0 0.0187546 0.045182 0.0465885
0 0.018505 0.0448568 0.0462746
0 0.0182686 0.0443977 0.0458108
0 0.0180774 0.0438428 0.0452266
0 0.0179392 0.0432172 0.0445378
0 0.017835 0.0425279 0.0437445
0 0.017733 0.0417739 0.0428437
0 0.0176135 0.0409669 0.0418521
0 0.0174795 0.0401397 0.0408141
0 0.0173336 0.0393209 0.0397753
0 0.0171654 0.0385216 0.0387663
0 0.0169541 0.0377384 0.0378006
0 0.0166765 0.03696 0.0368787
0 0.0163236 0.0361823 0.0360033
0 0.0158981 0.0354065 0.0351774
0 0.0154096 0.0346354 0.0344001
0 0.0148758 0.0338762 0.0336695
0 0.0143159 0.0331365 0.0329797
0 0.0137483 0.032422 0.0323213
0 0.0131942 0.0317377 0.0316852
0 0.01267 0.0310829 0.031059
0 0.0121805 0.0304461 0.0304241
0 0.01174 0.0298256 0.0297751
0 0.0113777 0.0292365 0.029128
0 0.0111092 0.0286865 0.0284945
0 0.010936 0.0281772 0.027883
0 0.0108577 0.0277157 0.0273093
0 0.0108579 0.0273006 0.0267812
0 0.010906 0.0269223 0.0262971
0 0.0109757 0.0265786 0.0258607
0 0.0110439 0.0262709 0.0254769
0 0.0110868 0.0259979 0.0251456
0 0.0110942 0.0257668 0.0248742
0 0.0110702 0.0255931 0.0246775
0 0.0110122 0.0254788 0.0245566
0 0.0109087 0.0254096 0.0244967
0 0.0107573 0.0253729 0.0244848
0 0.0105693 0.0253621 0.0245145
0 0.0103584 0.0253682 0.0245759
0 0.0101499 0.0253912 0.0246668
0 0.00998393 0.0254473 0.0247988
0 0.00989163 0.025548 0.0249764
0 0.00989471 0.0257027 0.0252007
0 0.0100123 0.0259268 0.0254781
0 0.0102478 0.0262287 0.02581
0 0.0105885 0.0266085 0.0261924
0 0.011018 0.0270679 0.0266283
0 0.0115252 0.0276173 0.027134
0 0.0120959 0.0282651 0.0277287
0 0.0127031 0.0290052 0.0284201
0 0.013309 0.0298167 0.0292024
0 0.0138856 0.0306824 0.0300714
0 0.0144272 0.0316021 0.0310361
0 0.0149255 0.0325695 0.0320931
0 0.0153567 0.0335594 0.0332136
0 0.015707 0.0345495 0.0343667
0 0.0159805 0.035529 0.0355314
0 0.0161844 0.0364849 0.0366856
0 0.016334 0.0374066 0.0378098
0 0.0164573 0.0382915 0.0388911
0 0.0165787 0.039133 0.0399129
0 0.0167158 0.0399209 0.0408557
0 0.0168839 0.0406469 0.0417046
0 0.0170924 0.0413039 0.0424491
0 0.0173424 0.0418842 0.0430813
0 0.0176286 0.0423813 0.0435967
0 0.0179405 0.0427913 0.0439958
0 0.0182632 0.0431129 0.0442828
0 0.0185779 0.0433463 0.0444647
0 0.0188643 0.0434937 0.0445507
0 0.019102 0.0435587 0.0445503
0 0.0192725 0.0435452 0.0444733
0 0.0193585 0.0434548 0.0443259
0 0.0193408 0.0432807 0.0441056
0 0.0192047 0.0430135 0.0438056
0 0.0189456 0.0426455 0.0434199
0 0.0185635 0.0421651 0.0429361
0 0.0180685 0.0415644 0.0423438
0 0.0174845 0.0408448 0.0416389
0 0.0168424 0.0400132 0.040821
0 0.0161776 0.0390833 0.0398942
0 0.0155167 0.0380654 0.0388585
0 0.0148726 0.0369637 0.0377084
0 0.0142558 0.0357874 0.0364457
0 0.0136726 0.0345483 0.0350796
0 0.0131225 0.0332581 0.0336243
0 0.0126015 0.0319275 0.032099
0 0.0121096 0.0305665 0.0305247
0 0.0116455 0.0291861 0.0289228
0 0.011201 0.0277999 0.0273162
0 0.0107672 0.0264224 0.0257294
0 0.0103345 0.0250674 0.0241858
0 0.0098933 0.0237495 0.0227057
0 0.00943873 0.0224831 0.0213054
0 0.00896847 0.0212811 0.0199971
0 0.00848339 0.0201555 0.0187896
0 0.00798891 0.0191163 0.0176888
0 0.00749611 0.018174 0.0167003
0 0.00702633 0.017345 0.0158356
0 0.00659776 0.0166387 0.0151008
0 0.0062156 0.0160499 0.0144887
0 0.0058931 0.0155808 0.0140006
0 0.00565635 0.0152463 0.0136518
0 0.00552327 0.0150561 0.0134522
0 0.00550227 0.0150143 0.0134062
0 0.00560512 0.0151327 0.0135258
0 0.00583821 0.0154227 0.0138228
0 0.00619287 0.0158858 0.0142985
0 0.00665064 0.0165165 0.0149484
0 0.00718665 0.0173042 0.0157634
0 0.00778595 0.0182468 0.0167451
0 0.0084481 0.0193542 0.0179079
0 0.00916586 0.0206265 0.0192567
0 0.00991676 0.0220445 0.0207774
0 0.0106698 0.0235759 0.022441
0 0.0114024 0.0251906 0.0242195
0 0.0121056 0.0268658 0.0260886
0 0.012772 0.0285735 0.0280167
0 0.0134031 0.0302915 0.0299738
0 0.0140126 0.0320095 0.0319407
0 0.0146111 0.0337156 0.033897
0 0.0152079 0.0353952 0.0358186
0 0.0158136 0.0370344 0.0376814
0 0.0164306 0.0386192 0.0394638
0 0.0170568 0.0401368 0.0411471
0 0.0176869 0.0415734 0.0427144
0 0.018311 0.0429169 0.0441545
0 0.0189255 0.0441659 0.0454712
0 0.0195311 0.0453243 0.0466763
0 0.0201176 0.0463899 0.0477763
0 0.0206758 0.0473637 0.04878
0 0.0211927 0.0482437 0.0496917
0 0.0216371 0.0490105 0.0504961
0 0.021986 0.049651 0.0511818
0 0.0222281 0.0501604 0.0517427
0 0.0223472 0.0505252 0.052162
0 0.0223331 0.0507313 0.0524212
0 0.0221908 0.0507741 0.0525118
0 0.0219401 0.050658 0.0524345
0 0.0216045 0.0503873 0.0521903
0 0.0212067 0.0499634 0.0517781
0 0.0207696 0.0493896 0.0511985
0 0.0203147 0.0486716 0.0504542
0 0.0198589 0.0478183 0.0495494
0 0.0194135 0.0468413 0.0484912
0 0.0189914 0.0457622 0.047297
0 0.0186033 0.0446085 0.0459921
0 0.0182394 0.0433941 0.0445916
0 0.0178773 0.0421235 0.0431053
0 0.0174952 0.0408035 0.0415492
0 0.0170671 0.039434 0.0399362
0 0.016578 0.0380221 0.0382876
0 0.0160365 0.0365936 0.0366416
0 0.0154622 0.0351799 0.0350384
0 0.0148759 0.0338103 0.0335132
0 0.0142865 0.0325025 0.0320869
0 0.0136873 0.0312562 0.030759
0 0.0130657 0.0300604 0.0295128
0 0.0124123 0.0289063 0.0283293
0 0.0117328 0.0277962 0.0271994
0 0.011048 0.0267387 0.0261213
0 0.0103834 0.0257425 0.0250968
0 0.00977263 0.0248237 0.0241381
0 0.00925266 0.0240017 0.0232645
0 0.00884256 0.0232827 0.0224843
0 0.00853842 0.022656 0.0217904
0 0.00833063 0.022111 0.0211764
0 0.00821314 0.0216467 0.0206451
0 0.00817803 0.0212657 0.0202014
0 0.00821532 0.0209727 0.0198516
0 0.00831302 0.0207734 0.019602
0 0.00845621 0.0206718 0.0194573
0 0.00862922 0.0206708 0.0194206
0 0.00881753 0.0207717 0.0194949
0 0.00900694 0.0209722 0.0196803
0 0.00917727 0.0212581 0.0199662
0 0.00930977 0.0216089 0.0203367
0 0.00940082 0.022011 0.0207828
0 0.00946351 0.0224603 0.0213037
0 0.00952614 0.0229633 0.0219063
0 0.00961681 0.0235256 0.0225923
0 0.00975269 0.0241435 0.0233504
0 0.00995493 0.0248215 0.0241737
0 0.0102508 0.0255754 0.0250657
0 0.0106573 0.0264173 0.026027
0 0.0111678 0.0273423 0.0270447
0 0.0117544 0.0283291 0.0280947
0 0.012387 0.0293569 0.0291593
0 0.0130434 0.0304128 0.0302334
0 0.013698 0.031479 0.0313104
0 0.0143181 0.0325292 0.0323758
0 0.01488 0.0335442 0.0334215
0 0.0153879 0.0345278 0.0344602
0 0.0158634 0.0354997 0.0355172
0 0.0163171 0.0364692 0.0366038
0 0.016745 0.037432 0.0377115
0 0.0171429 0.038382 0.0388243
0 0.0175078 0.0393139 0.0399229
0 0.017831 0.0402153 0.0409807
0 0.0180953 0.0410604 0.0419607
0 0.0182895 0.0418244 0.0428322
0 0.0184229 0.0424985 0.0435861
0 0.0185128 0.0430793 0.0442233
0 0.0185648 0.0435505 0.044735
0 0.0185704 0.043884 0.0451005
0 0.0185272 0.0440607 0.0453058
0 0.0184478 0.0440809 0.0453532
0 0.0183439 0.04395 0.0452452
0 0.0182205 0.0436734 0.0449808
0 0.0180787 0.0432599 0.0445591
0 0.0179157 0.0427202 0.0439811
0 0.0177187 0.0420589 0.0432439
0 0.017467 0.0412726 0.0423419
0 0.0171469 0.0403637 0.0412811
0 0.0167551 0.0393414 0.0400801
0 0.0162919 0.038215 0.0387617
0 0.0157599 0.0369935 0.0373495
0 0.0151633 0.0356864 0.0358656
0 0.0145092 0.0343062 0.0343298
0 0.013818 0.0328797 0.032771
0 0.0131243 0.0314482 0.0312288
0 0.0124569 0.0300442 0.029731
0 0.0118346 0.0286901 0.0282927
0 0.0112757 0.0274149 0.0269336
0 0.0107967 0.0262468 0.0256736
0 0.0104033 0.0252028 0.0245245
0 0.0100926 0.0242936 0.0234967
0 0.00986001 0.0235262 0.0226024
0 0.00969158 0.022897 0.0218474
0 0.00956473 0.0223925 0.0212296
0 0.00946722 0.0220066 0.0207542
0 0.00940583 0.02175 0.0204407
0 0.00939054 0.0216358 0.0203071
0 0.00940768 0.0216528 0.0203417
0 0.00942422 0.021768 0.0205066
0 0.00941421 0.0219505 0.0207635
0 0.00937179 0.022183 0.0210864
0 0.00931937 0.0224699 0.0214718
0 0.00929288 0.0228249 0.021927
0 0.00931215 0.0232445 0.0224434
0 0.00938461 0.0237146 0.0230032
0 0.00952859 0.0242353 0.0236041
0 0.00977583 0.0248258 0.024264
0 0.0101418 0.0254973 0.024993
0 0.0105994 0.0262271 0.0257682
0 0.0111125 0.0269899 0.0265646
0 0.0116903 0.0278096 0.0274082
0 0.0123714 0.0287428 0.0283592
0 0.0131619 0.0298164 0.0294494
0 0.0140176 0.0310079 0.0306623
0 0.0148742 0.0322745 0.0319611
0 0.015676 0.0335793 0.0333151
0 0.0163777 0.0348856 0.0346937
0 0.0169411 0.0361534 0.0360631
0 0.0173465 0.0373544 0.0374008
0 0.0175942 0.0384658 0.0386883
0 0.0176719 0.039439 0.0398757
0 0.0175577 0.0402103 0.0408899
0 0.0172839 0.0407641 0.0416981
0 0.0169295 0.0411295 0.0423065
0 0.0165543 0.041321 0.0427059
0 0.0162112 0.0413539 0.0428898
0 0.0159818 0.0412839 0.0428978
0 0.0159382 0.0411738 0.0427839
0 0.0160828 0.0410346 0.0425587
0 0.0163516 0.0408291 0.0421927
0 0.016671 0.0405253 0.0416694
0 0.0169945 0.0401268 0.041013
0 0.0172972 0.039663 0.0402771
0 0.0175577 0.0391663 0.0395183
0 0.0177555 0.0386659 0.0387871
0 0.0178692 0.0381835 0.0381197
0 0.0178691 0.0377211 0.037527
0 0.0177343 0.0372758 0.0370112
0 0.0174652 0.0368511 0.0365756
0 0.0170696 0.0364438 0.0362131
0 0.0165574 0.0360406 0.0359006
0 0.0159525 0.0356308 0.0356152
0 0.015293 0.0352115 0.0353401
0 0.0146227 0.034784 0.0350611
0 0.0139935 0.0343603 0.0347718
0 0.0134533 0.0339546 0.0344693
0 0.0130343 0.0335727 0.0341456
0 0.0127621 0.0332245 0.0338024
0 0.0126528 0.0329209 0.0334488
0 0.0126956 0.0326585 0.0330858
0 0.0128624 0.0324278 0.032714
0 0.0131234 0.0322259 0.0323449
0 0.0134606 0.0320676 0.0320086
0 0.0138521 0.0319684 0.0317345
0 0.0142469 0.0319159 0.0315242
0 0.0145877 0.0318902 0.0313709
0 0.0148447 0.0318919 0.0312863
0 0.0150145 0.031939 0.0312951
0 0.0150949 0.0320413 0.0314084
0 0.0150698 0.0321829 0.031607
0 0.0149341 0.0323455 0.0318664
0 0.0147167 0.0325334 0.0321813
0 0.0144635 0.03276 0.0325546
0 0.0142124 0.0330275 0.032978
0 0.0139913 0.0333286 0.0334348
0 0.0138088 0.0336385 0.0338916
0 0.0136483 0.0339102 0.0342926
0 0.0134982 0.0341052 0.0345909
0 0.0133742 0.034217 0.0347736
0 0.0133112 0.0342657 0.0348565
0 0.0133306 0.0342673 0.0348538
0 0.0134241 0.0342188 0.0347636
0 0.013582 0.0341256 0.0345945
0 0.0137981 0.0340043 0.034369
0 0.0140436 0.0338548 0.0340947
0 0.0142654 0.0336541 0.0337579
0 0.014408 0.0333747 0.0333407
0 0.0144417 0.033011 0.0328466
0 0.0143602 0.0325732 0.0322953
0 0.0141532 0.0320608 0.0316958
0 0.0138132 0.0314687 0.0310495
0 0.0133507 0.0308019 0.0303633
0 0.0127948 0.0300785 0.0296513
0 0.0121962 0.0293337 0.02894
0 0.0116254 0.0286191 0.0282684
0 0.0111515 0.0279864 0.0276741
0 0.010818 0.0274685 0.0271765
0 0.0106412 0.0270794 0.026779
0 0.0106201 0.0268246 0.0264815
0 0.0107441 0.026708 0.0262883
0 0.0109926 0.0267281 0.0262057
0 0.0113238 0.0268664 0.0262283
0 0.0116803 0.0270884 0.026339
0 0.0120092 0.0273606 0.0265224
0 0.0122763 0.0276616 0.0267727
0 0.0124668 0.0279816 0.0270911
0 0.0125782 0.0283161 0.0274769
0 0.0126139 0.0286593 0.0279207
0 0.012584 0.029006 0.028407
0 0.0125068 0.0293544 0.0289183
0 0.0124067 0.0297051 0.0294373
0 0.0123173 0.0300653 0.0299554
0 0.0122677 0.030439 0.0304648
0 0.0122643 0.0308116 0.0309429
0 0.0123075 0.0311677 0.0313694
0 0.0124017 0.0315009 0.0317366
0 0.0125482 0.0318065 0.032043
0 0.0127436 0.0320808 0.0322913
0 0.0129792 0.0323198 0.0324857
0 0.0132338 0.0325126 0.0326242
0 0.0134775 0.0326435 0.0326981
0 0.0136901 0.0327082 0.0327084
0 0.0138734 0.0327252 0.0326769
0 0.0140493 0.0327331 0.0326434
0 0.0142369 0.0327681 0.0326444
0 0.0144359 0.0328464 0.0326956
0 0.0146347 0.0329719 0.0328004
0 0.0148221 0.0331454 0.0329604
0 0.0149899 0.033367 0.033177
0 0.015131 0.0336328 0.0334487
0 0.0152321 0.0339273 0.0337632
0 0.0152819 0.0342314 0.0341044
0 0.0152794 0.0345309 0.0344607
0 0.0152224 0.0348064 0.0348134
0 0.015117 0.0350429 0.0351464
0 0.0149886 0.0352434 0.0354586
0 0.0148656 0.0354156 0.0357492
0 0.0147648 0.0355586 0.0360053
0 0.0146859 0.0356596 0.0362004
0 0.0146317 0.0357136 0.0363175
0 0.0146275 0.0357422 0.0363703
0 0.0147032 0.035777 0.0363877
0 0.0148741 0.0358411 0.0363959
0 0.0151304 0.0359387 0.0364072
0 0.0154398 0.0360565 0.0364206
0 0.0157637 0.0361786 0.0364336
0 0.016057 0.0362836 0.0364381
0 0.0162762 0.0363492 0.0364223
0 0.0163947 0.0363651 0.0363834
0 0.0164037 0.0363308 0.0363254
0 0.0163122 0.0362556 0.0362592
0 0.0161435 0.0361556 0.0361995
0 0.0159197 0.0360394 0.0361503
0 0.0156543 0.0359042 0.0361007
0 0.015363 0.0357473 0.0360372
0 0.0150696 0.0355741 0.0359525
0 0.0147968 0.0353907 0.03584
0 0.0145692 0.0352079 0.0357004
0 0.0144129 0.0350423 0.0355445
0 0.0143405 0.0349014 0.0353789
0 0.0143489 0.0347833 0.0352053
0 0.0144301 0.0346864 0.0350298
0 0.014575 0.0346139 0.034865
0 0.0147695 0.0345683 0.0347234
0 0.0149956 0.0345516 0.0346154
0 0.0152343 0.0345666 0.0345501
0 0.0154647 0.0346139 0.0345329
0 0.0156588 0.0346841 0.0345577
0 0.0157894 0.0347637 0.0346136
0 0.0158456 0.0348486 0.034698
0 0.0158282 0.0349385 0.0348114
0 0.0157425 0.0350305 0.0349501
0 0.0155992 0.0351203 0.0351081
0 0.0154146 0.035204 0.0352784
0 0.0152067 0.0352763 0.0354511
0 0.0149868 0.0353248 0.0356063
0 0.014761 0.0353332 0.0357178
0 0.01454 0.0352926 0.0357654
0 0.014339 0.0352024 0.0357384
0 0.0141659 0.0350591 0.0356254
0 0.0140181 0.0348534 0.0354136
0 0.0138995 0.0345878 0.0351055
0 0.0138122 0.0342678 0.0347109
0 0.0137422 0.0338879 0.0342318
0 0.0136831 0.0334545 0.0336832
0 0.0136308 0.0329792 0.033086
0 0.013571 0.0324657 0.0324507
0 0.0134966 0.0319254 0.031794
0 0.0134036 0.0313726 0.0311344
0 0.0132834 0.0308163 0.030484
0 0.0131268 0.0302641 0.0298529
0 0.0129208 0.0297163 0.0292422
0 0.0126526 0.0291676 0.0286461
0 0.0123203 0.0286176 0.0280634
0 0.0119403 0.0280767 0.027503
0 0.0115405 0.0275607 0.0269795
0 0.0111455 0.0270788 0.0264998
0 0.0107731 0.0266322 0.0260619
0 0.0104364 0.0262188 0.0256596
0 0.0101467 0.0258374 0.0252871
0 0.0099062 0.0254819 0.0249332
0 0.00970288 0.0251356 0.024577
0 0.00952555 0.0247862 0.0242033
0 0.00937075 0.0244312 0.0238088
0 0.00924521 0.0240806 0.0234048
0 0.00916356 0.0237547 0.0230148
0 0.00913896 0.0234753 0.0226654
0 0.00917923 0.0232622 0.0223814
0 0.00928972 0.0231361 0.0221886
0 0.00947071 0.0231155 0.0221101
0 0.00970594 0.023204 0.0221532
0 0.00997253 0.0233981 0.0223175
0 0.0102548 0.023699 0.0226066
0 0.0105408 0.0241067 0.0230228
0 0.0108187 0.024615 0.0235623
0 0.011081 0.0252149 0.0242181
0 0.0113295 0.0258996 0.0249846
0 0.0115706 0.0266611 0.0258536
0 0.0118121 0.0274881 0.0268116
0 0.0120627 0.0283682 0.0278414
0 0.0123384 0.0292952 0.0289298
0 0.0126584 0.0302683 0.0300673
0 0.0130247 0.0312734 0.0312319
0 0.0134292 0.0322909 0.0323973
0 0.013864 0.0333063 0.0335427
0 0.0143124 0.034298 0.0346421
0 0.0147603 0.0352446 0.0356724
0 0.015202 0.0361345 0.036624
0 0.0156309 0.0369586 0.0374928
0 0.0160382 0.0377085 0.038276
0 0.0164157 0.0383775 0.0389733
0 0.016763 0.0389701 0.0395936
0 0.0170946 0.0395079 0.0401614
0 0.0174232 0.0400123 0.0406985
0 0.0177409 0.0404862 0.0412065
0 0.018022 0.040915 0.0416683
0 0.018244 0.0412847 0.0420682
0 0.0184066 0.0416004 0.0424098
0 0.0185218 0.0418753 0.0427069
0 0.0185965 0.0421138 0.0429653
0 0.0186277 0.0423073 0.0431786
0 0.0186051 0.0424374 0.0433305
0 0.0185233 0.0424877 0.0434061
0 0.018389 0.0424531 0.0434002
0 0.0182164 0.0423357 0.0433126
0 0.0180194 0.0421383 0.043142
0 0.0178095 0.0418636 0.0428858
0 0.0175959 0.041516 0.042542
0 0.0173871 0.0411029 0.0421121
0 0.0171965 0.040641 0.0416087
0 0.0170435 0.0401573 0.0410569
0 0.0169426 0.0396784 0.0404845
0 0.0168855 0.039212 0.039904
0 0.0168474 0.0387515 0.0393163
0 0.0168058 0.0382929 0.0387271
0 0.0167353 0.0378278 0.0381383
0 0.0166141 0.0373479 0.0375508
0 0.0164436 0.0368642 0.0369817
0 0.016235 0.0363931 0.0364505
0 0.0159845 0.0359311 0.0359542
0 0.0156773 0.0354598 0.035472
0 0.0153073 0.0349648 0.0349853
0 0.0148839 0.0344432 0.0344855
0 0.0144246 0.0338982 0.0339691
0 0.0139481 0.0333331 0.0334324
0 0.0134728 0.0327515 0.0328716
0 0.0130165 0.0321565 0.0322843
0 0.0125963 0.031552 0.0316692
0 0.0122258 0.0309413 0.0310271
0 0.0119133 0.0303276 0.0303593
0 0.0116643 0.0297155 0.029671
0 0.0114856 0.0291179 0.0289764
0 0.0113873 0.0285583 0.0283022
0 0.0113786 0.0280661 0.0276829
0 0.0114576 0.0276646 0.0271492
0 0.0115989 0.027357 0.0267137
0 0.0117616 0.0271314 0.0263739
0 0.0119042 0.0269716 0.0261226
0 0.0119954 0.0268659 0.025955
0 0.0120252 0.0268147 0.0258766
0 0.0119956 0.0268225 0.0258934
0 0.0119185 0.0268946 0.02601
0 0.0118169 0.0270396 0.0262309
0 0.0117077 0.0272539 0.0265464
0 0.0115959 0.0275185 0.0269291
0 0.0114872 0.0278123 0.0273482
0 0.0113928 0.0281195 0.0277781
0 0.0113236 0.0284248 0.0281949
0 0.0112901 0.028716 0.0285798
0 0.0113125 0.028996 0.0289313
0 0.0114088 0.0292729 0.0292552
0 0.0115813 0.0295479 0.0295511
0 0.0118219 0.0298195 0.0298177
0 0.0121167 0.0300869 0.0300562
0 0.0124476 0.0303498 0.0302699
0 0.0127945 0.0306082 0.0304648
0 0.0131372 0.030862 0.0306485
0 0.0134567 0.0311104 0.0308298
0 0.0137368 0.031352 0.0310171
0 0.0139651 0.0315856 0.0312179
0 0.014133 0.0318095 0.0314365
0 0.0142399 0.0320257 0.0316768
0 0.0142992 0.032246 0.0319484
0 0.0143261 0.0324806 0.0322556
0 0.0143282 0.032729 0.0325905
0 0.0143061 0.0329812 0.0329351
0 0.0142609 0.0332253 0.0332709
0 0.0142111 0.0334648 0.0335959
0 0.0141801 0.0337081 0.0339141
0 0.0141802 0.0339537 0.0342208
0 0.0142205 0.0341996 0.034512
0 0.0143164 0.0344533 0.0347944
0 0.0144823 0.0347264 0.0350806
0 0.014717 0.035021 0.0353741
0 0.0150019 0.035327 0.0356674
0 0.0153094 0.0356295 0.0359485
0 0.0156129 0.0359174 0.0362098
0 0.0158841 0.0361775 0.0364423
0 0.016095 0.0363947 0.0366354
0 0.0162305 0.0365624 0.036787
0 0.0162861 0.036679 0.0368996
0 0.0162684 0.0367484 0.0369803
0 0.016198 0.0367841 0.0370435
0 0.0160952 0.0367961 0.0370982
0 0.0159804 0.036794 0.0371497
0 0.015878 0.0367919 0.0372057
0 0.0157919 0.036786 0.0372542
0 0.0157011 0.0367487 0.0372596
0 0.0155859 0.0366546 0.0371903
0 0.0154455 0.0364975 0.0370365
0 0.0152927 0.0362848 0.0368052
0 0.015137 0.0360213 0.0365039
0 0.0149795 0.0357059 0.0361359
0 0.0148217 0.03534 0.0357079
0 0.0146712 0.0349346 0.035236
0 0.0145327 0.0345018 0.0347353
0 0.014397 0.0340419 0.034208
0 0.014254 0.0335565 0.033656
0 0.0141061 0.0330596 0.0330923
0 0.0139545 0.0325637 0.0325286
0 0.0137885 0.0320681 0.0319641
0 0.0135982 0.0315705 0.0313975
0 0.013382 0.0310744 0.0308345
0 0.0131417 0.0305839 0.0302827
0 0.0128801 0.0301024 0.0297489
0 0.0126025 0.0296326 0.0292389
0 0.0123162 0.0291773 0.0287565
0 0.0120295 0.0287395 0.0283042
0 0.0117518 0.0283224 0.0278823
0 0.0114922 0.0279297 0.0274902
0 0.0112594 0.0275651 0.0271264
0 0.0110605 0.0272325 0.0267896
0 0.0109005 0.0269353 0.0264794
0 0.0107823 0.0266765 0.0261967
0 0.0107075 0.0264597 0.0259453
0 0.0106745 0.0262869 0.0257294
0 0.0106779 0.0261576 0.0255528
0 0.0107108 0.0260711 0.0254198
0 0.0107663 0.026027 0.0253354
0 0.0108371 0.0260251 0.0253036
0 0.0109195 0.0260683 0.0253303
0 0.0110206 0.0261693 0.0254298
0 0.0111484 0.0263416 0.0256149
0 0.0113017 0.0265884 0.0258872
0 0.0114761 0.0269081 0.0262428
0 0.0116676 0.0272977 0.0266764
0 0.0118734 0.0277527 0.0271817
0 0.0120918 0.0282671 0.0277521
0 0.0123226 0.0288338 0.0283804
0 0.0125668 0.029445 0.0290591
0 0.0128242 0.0300909 0.0297787
0 0.0130893 0.0307567 0.0305241
0 0.0133619 0.0314336 0.031285
0 0.013644 0.0321159 0.0320541
0 0.0139238 0.0327864 0.032812
0 0.014188 0.0334274 0.0335386
0 0.0144405 0.0340364 0.0342292
0 0.0146981 0.034625 0.0348929
0 0.0149746 0.035204 0.0355382
0 0.01527 0.0357717 0.0361613
0 0.015568 0.0363129 0.0367461
0 0.0158468 0.0368082 0.0372736
0 0.0161016 0.0372556 0.0377436
0 0.016337 0.0376627 0.0381668
0 0.0165466 0.0380261 0.0385427
0 0.0167207 0.0383382 0.0388669
0 0.0168577 0.038599 0.0391421
0 0.0169602 0.0388118 0.0393731
0 0.0170292 0.0389773 0.0395606
0 0.0170641 0.0390941 0.0397022
0 0.017061 0.0391566 0.0397897
0 0.0170174 0.0391592 0.039815
0 0.0169422 0.0391072 0.0397806
0 0.0168468 0.0390077 0.0396909
0 0.0167364 0.0388618 0.0395453
0 0.0166151 0.03867 0.0393432
0 0.0164892 0.0384366 0.0390887
0 0.0163722 0.0381749 0.0387956
0 0.0162726 0.0378958 0.0384758
0 0.01618 0.0375937 0.0381251
0 0.0160822 0.0372631 0.0377396
0 0.0159743 0.0369067 0.0373243
0 0.0158534 0.0365289 0.0368857
0 0.0157167 0.0361343 0.0364306
0 0.0155624 0.0357275 0.0359653
0 0.0153901 0.0353132 0.0354963
0 0.0151974 0.0348921 0.0350254
0 0.0149809 0.0344622 0.0345512
0 0.014747 0.0340299 0.0340803
0 0.0145063 0.0336041 0.0336213
0 0.0142654 0.0331889 0.0331782
0 0.0140379 0.0327953 0.0327609
0 0.0138439 0.0324416 0.0323865
0 0.0136911 0.0321345 0.03206
0 0.0135678 0.0318635 0.0317693
0 0.013461 0.0316175 0.0315017
0 0.0133592 0.0313868 0.031247
0 0.0132487 0.031159 0.0309928
0 0.0131226 0.0309273 0.0307333
0 0.0129818 0.030691 0.03047
0 0.0128295 0.0304503 0.0302051
0 0.0126696 0.0302054 0.0299409
0 0.012507 0.0299572 0.0296792
0 0.0123466 0.029707 0.0294209
0 0.012194 0.0294578 0.0291673
0 0.012061 0.0292199 0.0289262
0 0.0119644 0.0290108 0.0287113
0 0.0119134 0.0288425 0.0285319
0 0.0119062 0.0287186 0.0283891
0 0.0119372 0.0286402 0.0282837
0 0.0119984 0.0286071 0.0282169
0 0.0120786 0.0286152 0.0281883
0 0.0121718 0.028665 0.0282033
0 0.0122727 0.0287558 0.0282672
0 0.0123647 0.0288742 0.0283716
0 0.0124325 0.0290057 0.0285056
0 0.0124722 0.0291445 0.0286651
0 0.0124862 0.0292885 0.028847
0 0.0124827 0.0294389 0.0290492
0 0.0124798 0.0296061 0.0292769
0 0.0124964 0.0298007 0.0295346
0 0.0125411 0.0300244 0.0298179
0 0.0126171 0.0302743 0.0301192
0 0.0127254 0.0305473 0.0304324
0 0.0128655 0.0308404 0.0307536
0 0.0130347 0.0311504 0.0310802
0 0.0132289 0.0314739 0.031411
0 0.0134431 0.0318079 0.0317462
0 0.0136709 0.0321493 0.0320866
0 0.0139055 0.0324953 0.0324331
0 0.0141397 0.0328432 0.032786
0 0.0143663 0.0331903 0.0331452
0 0.0145791 0.0335342 0.0335095
0 0.0147729 0.0338728 0.0338771
0 0.0149432 0.0342038 0.0342452
0 0.0150877 0.0345249 0.0346104
0 0.0152055 0.0348335 0.0349681
0 0.0153004 0.0351295 0.0353166
0 0.015379 0.0354143 0.0356549
0 0.015442 0.035682 0.0359748
0 0.0154869 0.0359227 0.0362642
0 0.0155184 0.0361334 0.0365181
0 0.0155456 0.0363159 0.036737
0 0.015573 0.0364682 0.0369176
0 0.0156088 0.0365941 0.0370633
0 0.0156642 0.0367031 0.0371829
0 0.0157339 0.0367907 0.037272
0 0.0158021 0.0368442 0.0373184
0 0.0158555 0.036855 0.0373144
0 0.0158868 0.0368211 0.0372592
0 0.0158893 0.0367406 0.0371529
0 0.0158558 0.0366106 0.0369945
0 0.0157915 0.0364395 0.0367944
0 0.015705 0.0362378 0.0365649
0 0.0155985 0.0360092 0.0363106
0 0.0154732 0.0357564 0.0360344
0 0.0153313 0.035482 0.0357386
0 0.0151753 0.035189 0.0354251
0 0.0150084 0.0348806 0.0350957
0 0.0148334 0.0345595 0.0347521
0 0.0146513 0.0342264 0.0343938
0 0.0144632 0.0338818 0.0340208
0 0.0142749 0.0335306 0.033638
0 0.0140917 0.0331779 0.0332504
0 0.0139159 0.0328257 0.0328609
0 0.0137428 0.0324698 0.0324659
0 0.0135625 0.0321008 0.0320569
0 0.0133706 0.0317147 0.0316307
0 0.0131694 0.0313142 0.0311907
0 0.0129628 0.030903 0.030741
0 0.0127541 0.0304853 0.0302859
0 0.0125471 0.0300658 0.0298299
0 0.0123455 0.029649 0.0293769
0 0.0121519 0.0292396 0.0289311
0 0.0119687 0.0288424 0.0284965
0 0.0117977 0.0284616 0.0280771
0 0.0116392 0.0281006 0.0276764
0 0.0114946 0.0277631 0.0272989
0 0.0113656 0.0274537 0.0269503
0 0.0112534 0.0271761 0.0266357
0 0.0111569 0.0269316 0.0263581
0 0.0110725 0.026719 0.0261175
0 0.0110003 0.0265403 0.025917
0 0.0109449 0.026402 0.0257632
0 0.0109144 0.0263131 0.0256654
0 0.0109169 0.0262836 0.0256329
0 0.0109542 0.0263173 0.0256686
0 0.0110257 0.0264157 0.0257734
0 0.0111269 0.0265767 0.0259446
0 0.0112457 0.0267895 0.0261715
0 0.0113704 0.0270427 0.0264433
0 0.0114974 0.0273308 0.0267558
0 0.0116269 0.0276502 0.0271065
0 0.01176 0.0279968 0.0274924
0 0.0118986 0.0283668 0.0279095
0 0.0120483 0.0287593 0.0283562
0 0.0122203 0.02918 0.028836
0 0.0124232 0.0296332 0.0293502
0 0.0126588 0.0301182 0.0298951
0 0.0129235 0.0306311 0.0304638
0 0.0132114 0.0311666 0.0310494
0 0.0135171 0.031721 0.0316473
0 0.0138395 0.032295 0.0322591
0 0.0141792 0.0328921 0.0328899
0 0.014533 0.0335122 0.0335421
0 0.0148995 0.0341556 0.0342192
0 0.0152782 0.0348247 0.0349271
0 0.015661 0.035514 0.0356635
0 0.0160305 0.0362084 0.0364156
0 0.0163705 0.0368936 0.0371696
0 0.0166706 0.0375583 0.0379137
0 0.01692 0.0381886 0.0386313
0 0.0171107 0.0387703 0.0393048
0 0.017245 0.0392958 0.0399223
0 0.0173321 0.0397618 0.0404768
0 0.0173831 0.0401651 0.0409614
0 0.017413 0.0405058 0.0413735
0 0.017436 0.0407848 0.0417115
0 0.0174524 0.0409914 0.0419627
0 0.0174546 0.0411104 0.0421102
0 0.0174423 0.0411372 0.0421483
0 0.0174241 0.0410794 0.0420843
0 0.0174052 0.0409453 0.0419262
0 0.0173781 0.0407345 0.0416741
0 0.017332 0.0404463 0.0413283
0 0.017263 0.0400887 0.040899
0 0.0171659 0.0396688 0.0403967
0 0.0170296 0.0391875 0.0398265
0 0.0168466 0.0386474 0.0391956
0 0.0166142 0.0380536 0.0385139
0 0.0163326 0.037412 0.0377909
0 0.0160053 0.0367288 0.0370356
0 0.015638 0.0360109 0.0362553
0 0.0152382 0.0352658 0.0354559
0 0.0148147 0.0345009 0.0346421
0 0.0143767 0.0337235 0.0338182
0 0.0139335 0.0329405 0.0329877
0 0.0134942 0.0321586 0.0321548
0 0.013069 0.0313842 0.0313241
0 0.0126684 0.030624 0.0305011
0 0.0123003 0.0298847 0.0296923
0 0.0119706 0.0291733 0.0289052
0 0.0116843 0.0284973 0.0281485
0 0.0114424 0.0278637 0.0274316
0 0.0112438 0.0272794 0.0267646
0 0.0110862 0.0267513 0.0261574
0 0.0109682 0.0262891 0.0256225
0 0.0108881 0.0259024 0.0251718
0 0.0108373 0.0255935 0.0248095
0 0.0108051 0.0253618 0.0245364
0 0.0107846 0.0252077 0.0243541
0 0.0107721 0.0251319 0.0242641
0 0.0107661 0.0251341 0.0242664
0 0.0107674 0.0252125 0.0243594
0 0.0107786 0.0253636 0.0245398
0 0.0108045 0.0255833 0.0248029
0 0.0108554 0.0258713 0.0251467
0 0.0109461 0.0262309 0.0255725
0 0.0110861 0.0266616 0.0260762
0 0.0112774 0.0271573 0.0266477
0 0.0115193 0.0277115 0.0272764
0 0.0118085 0.0283172 0.0279519
0 0.0121363 0.0289643 0.0286615
0 0.0124917 0.0296409 0.0293932
0 0.0128654 0.0303381 0.030139
0 0.0132474 0.0310462 0.0308917
0 0.0136262 0.0317542 0.0316431
0 0.0139929 0.0324532 0.0323878
0 0.0143409 0.0331375 0.0331226
0 0.0146665 0.0338014 0.0338438
0 0.0149673 0.03444 0.034548
0 0.0152418 0.035049 0.035231
0 0.0154879 0.0356229 0.0358854
0 0.0157048 0.0361573 0.0365029
0 0.0158937 0.0366495 0.0370759
0 0.0160546 0.0370952 0.0375951
0 0.0161875 0.0374895 0.0380513
0 0.016294 0.0378283 0.0384381
0 0.0163763 0.0381078 0.038751
0 0.0164383 0.0383261 0.0389892
0 0.0164848 0.0384831 0.0391551
0 0.0165181 0.0385773 0.03925
0 0.0165358 0.0386053 0.0392728
0 0.0165353 0.0385648 0.0392226
0 0.0165139 0.0384565 0.0391005
0 0.0164699 0.0382835 0.0389085
0 0.0164012 0.0380502 0.0386495
0 0.0163059 0.0377612 0.0383266
0 0.0161805 0.0374193 0.037942
0 0.0160225 0.0370277 0.0374991
0 0.0158332 0.0365916 0.0370048
0 0.0156178 0.036119 0.0364698
0 0.0153816 0.0356174 0.0359042
0 0.015128 0.0350918 0.0353158
0 0.0148612 0.0345476 0.0347119
0 0.0145849 0.0339899 0.0340987
0 0.014302 0.0334232 0.0334803
0 0.0140159 0.0328522 0.0328609
0 0.0137307 0.0322822 0.0322443
0 0.0134501 0.0317182 0.0316344
0 0.013179 0.0311659 0.0310356
0 0.0129232 0.0306321 0.0304536
0 0.0126867 0.0301234 0.0298946
0 0.0124716 0.0296446 0.0293637
0 0.0122778 0.0291986 0.0288645
0 0.0121039 0.0287876 0.0284009
0 0.0119498 0.0284146 0.0279782
0 0.0118155 0.0280827 0.0276019
0 0.0117009 0.0277951 0.0272768
0 0.0116061 0.0275544 0.0270066
0 0.0115306 0.0273625 0.0267941
0 0.0114743 0.0272214 0.0266407
0 0.0114371 0.0271325 0.0265472
0 0.0114189 0.0270964 0.0265128
0 0.011419 0.0271122 0.0265355
0 0.0114375 0.0271788 0.0266135
0 0.011476 0.0272955 0.0267455
0 0.0115364 0.0274613 0.0269304
0 0.0116197 0.0276737 0.027166
0 0.0117264 0.0279296 0.0274496
0 0.0118566 0.028226 0.0277779
0 0.0120101 0.0285596 0.0281476
0 0.0121859 0.0289273 0.0285548
0 0.0123821 0.0293252 0.0289946
0 0.0125947 0.0297484 0.0294611
0 0.0128198 0.0301921 0.0299484
0 0.0130548 0.030653 0.0304523
0 0.0132967 0.0311275 0.030969
0 0.0135422 0.0316113 0.0314945
0 0.0137876 0.0321001 0.0320247
0 0.0140292 0.0325895 0.032556
0 0.0142636 0.0330749 0.0330848
0 0.0144885 0.033552 0.0336074
0 0.0147021 0.0340165 0.0341203
0 0.0149028 0.0344644 0.0346196
0 0.0150901 0.034892 0.0351011
0 0.0152627 0.035295 0.035559
0 0.0154196 0.0356697 0.0359875
0 0.0155605 0.0360128 0.0363808
0 0.0156849 0.0363214 0.0367336
0 0.015793 0.0365931 0.0370416
0 0.0158855 0.0368258 0.0373019
0 0.0159627 0.0370177 0.0375125
0 0.0160248 0.0371671 0.0376726
0 0.0160717 0.0372725 0.0377821
0 0.0161031 0.0373326 0.0378415
0 0.0161184 0.0373472 0.0378516
0 0.0161169 0.0373165 0.0378138
0 0.016098 0.037242 0.0377295
0 0.0160609 0.0371255 0.0376005
0 0.0160048 0.0369695 0.0374282
0 0.0159294 0.0367764 0.0372146
0 0.0158343 0.0365492 0.0369621
0 0.0157199 0.0362905 0.0366736
0 0.0155872 0.0360033 0.0363524
0 0.0154375 0.0356904 0.0360024
0 0.0152729 0.0353547 0.0356277
0 0.0150957 0.0349993 0.0352327
0 0.0149087 0.0346273 0.0348216
0 0.0147144 0.0342422 0.0343982
0 0.0145156 0.0338472 0.0339662
0 0.014315 0.033446 0.0335288
0 0.0141153 0.0330421 0.033089
0 0.0139187 0.0326393 0.0326498
0 0.0137275 0.0322409 0.0322141
0 0.0135438 0.0318504 0.031785
0 0.0133692 0.031471 0.0313658
0 0.0132055 0.0311061 0.0309599
0 0.0130533 0.0307585 0.0305711
0 0.0129129 0.0304312 0.0302032
0 0.0127846 0.030127 0.0298602
0 0.0126684 0.0298483 0.029546
0 0.012564 0.0295975 0.0292642
