0 -0.0491315 -0.0812971 -0.0808062
0 -0.0488671 -0.080819 -0.0802783
0 -0.0485817 -0.0803213 -0.0797288
0 -0.0482872 -0.0798116 -0.0791677
0 -0.0479909 -0.0792922 -0.0786
0 -0.0476991 -0.0787652 -0.0780298
0 -0.0474195 -0.0782363 -0.0774629
0 -0.0471538 -0.0777067 -0.0768991
0 -0.0469001 -0.0771753 -0.0763346
0 -0.0466637 -0.0766501 -0.0757739
0 -0.0464528 -0.0761437 -0.075226
0 -0.0462626 -0.0756566 -0.0746883
0 -0.0460813 -0.0751829 -0.0741533
0 -0.0459134 -0.0747332 -0.0736318
0 -0.0457779 -0.074332 -0.0731508
0 -0.0456856 -0.0739957 -0.072731
0 -0.0456337 -0.0737271 -0.0723812
0 -0.0456162 -0.0735261 -0.0721074
0 -0.0456215 -0.0733871 -0.0719097
0 -0.0456214 -0.0732869 -0.0717694
0 -0.0455952 -0.0732074 -0.071671
0 -0.045553 -0.0731587 -0.0716255
0 -0.0454977 -0.073141 -0.0716319
0 -0.0454066 -0.0731257 -0.0716585
0 -0.0452746 -0.0730983 -0.0716864
0 -0.0451216 -0.0730669 -0.0717184
0 -0.0449742 -0.0730445 -0.0717615
0 -0.0448724 -0.0730591 -0.0718377
0 -0.0448597 -0.0731455 -0.0719761
0 -0.0449502 -0.0733153 -0.0721832
0 -0.0451307 -0.0735581 -0.0724454
0 -0.0453876 -0.0738683 -0.0727561
0 -0.0457225 -0.0742597 -0.073131
0 -0.0461306 -0.0747419 -0.0735845
0 -0.0465708 -0.0752884 -0.0740974
0 -0.0469979 -0.075866 -0.0746462
0 -0.0473915 -0.0764622 -0.0752285
0 -0.0477234 -0.0770516 -0.0758287
0 -0.0479762 -0.077614 -0.0764333
0 -0.0481887 -0.0781817 -0.0770781
0 -0.0483981 -0.0787844 -0.0777902
0 -0.048567 -0.0793762 -0.0785169
0 -0.0486231 -0.079874 -0.0791646
0 -0.0485402 -0.0802368 -0.0796805
0 -0.0483685 -0.0804942 -0.0800831
0 -0.0481876 -0.0807012 -0.0804185
0 -0.0480536 -0.0808906 -0.0807132
0 -0.0480237 -0.0811014 -0.081002
0 -0.0481901 -0.0814172 -0.0813651
0 -0.0486263 -0.0819169 -0.0818791
0 -0.0493317 -0.0826209 -0.0825638
0 -0.0502329 -0.0834901 -0.0833818
0 -0.051176 -0.0844142 -0.0842285
0 -0.0519845 -0.0852614 -0.0849819
0 -0.0525752 -0.0859798 -0.0856055
0 -0.0529638 -0.0865981 -0.0861473
0 -0.0531839 -0.0871471 -0.0866593
0 -0.0532439 -0.0876196 -0.0871523
0 -0.0531456 -0.087991 -0.0876125
0 -0.0529285 -0.0882677 -0.088048
0 -0.0526769 -0.0884983 -0.0884984
0 -0.0524608 -0.0887202 -0.0889821
0 -0.0522926 -0.0889235 -0.0894593
0 -0.0521548 -0.0890772 -0.0898622
0 -0.0520269 -0.0891529 -0.0901276
0 -0.051877 -0.0891129 -0.0901915
0 -0.0516602 -0.0889053 -0.08999
0 -0.0513498 -0.0884922 -0.0894887
0 -0.0509984 -0.0879117 -0.0887426
0 -0.0507462 -0.0872926 -0.0879066
0 -0.0507132 -0.0867559 -0.0871303
0 -0.0509101 -0.0863338 -0.0864705
0 -0.0512515 -0.0859825 -0.0858992
0 -0.0516002 -0.0856183 -0.0853396
0 -0.051824 -0.0851629 -0.0847151
0 -0.051848 -0.0845845 -0.0839956
0 -0.0516411 -0.0838793 -0.0831789
0 -0.051173 -0.0830256 -0.0822451
0 -0.0504303 -0.0819982 -0.0811704
0 -0.0494567 -0.0808111 -0.0799692
0 -0.0483429 -0.0795141 -0.0786889
0 -0.0471882 -0.078161 -0.0773768
0 -0.0460623 -0.0767795 -0.0760495
0 -0.0450005 -0.0753726 -0.0746938
0 -0.044049 -0.073958 -0.0733091
0 -0.0432548 -0.0725648 -0.0719062
0 -0.0426226 -0.0711961 -0.0704711
0 -0.0421427 -0.069855 -0.0689928
0 -0.0418197 -0.0685718 -0.0674949
0 -0.0416427 -0.0673699 -0.0660054
0 -0.0415947 -0.0662706 -0.0645623
0 -0.0417082 -0.0653492 -0.0632657
0 -0.0420417 -0.0647131 -0.0622539
0 -0.0425837 -0.0644025 -0.0616018
0 -0.0432182 -0.0643552 -0.061279
0 -0.0437829 -0.0644587 -0.0611983
0 -0.0441389 -0.0646112 -0.0612733
0 -0.0441952 -0.0647388 -0.061435
0 -0.0439152 -0.0647954 -0.0616318
0 -0.043352 -0.0647958 -0.0618651
0 -0.0426761 -0.06485 -0.0622248
0 -0.0421208 -0.0651218 -0.0628495
0 -0.0418756 -0.0657375 -0.063836
0 -0.042048 -0.0667588 -0.0652151
0 -0.0426713 -0.0681979 -0.06697
0 -0.0436626 -0.0699749 -0.0689966
0 -0.0448353 -0.0719222 -0.0711129
0 -0.0460205 -0.0738926 -0.0731725
0 -0.0471285 -0.0758099 -0.0751137
0 -0.0481047 -0.0776217 -0.0769093
0 -0.0489193 -0.0792901 -0.0785525
0 -0.0496168 -0.0808479 -0.0801068
0 -0.0502776 -0.0823636 -0.0816667
0 -0.0508676 -0.0837865 -0.0831992
0 -0.0512224 -0.084939 -0.0845321
0 -0.0512254 -0.0856895 -0.085527
0 -0.0508838 -0.0860142 -0.0861426
0 -0.0502686 -0.0859454 -0.086383
0 -0.0495214 -0.0855857 -0.0863136
0 -0.0488883 -0.085146 -0.0861054
0 -0.048601 -0.0848386 -0.085936
0 -0.0487169 -0.0847265 -0.0858436
0 -0.0491777 -0.0847811 -0.0857893
0 -0.0499638 -0.085031 -0.0858088
0 -0.0510144 -0.0854788 -0.0859287
0 -0.0520415 -0.0859089 -0.0859714
0 -0.0526549 -0.0859968 -0.0856559
0 -0.0526636 -0.0855866 -0.0848747
0 -0.0521542 -0.0847612 -0.0837596
0 -0.0513427 -0.083706 -0.0825356
0 -0.0504512 -0.0826027 -0.0814038
0 -0.0496568 -0.0815941 -0.0805015
0 -0.0490537 -0.0807585 -0.0798763
0 -0.0486416 -0.0800994 -0.0794829
0 -0.0483488 -0.0795595 -0.0792079
0 -0.0481351 -0.0791158 -0.078976
0 -0.0480584 -0.078844 -0.0788229
0 -0.0482076 -0.0788499 -0.0788322
0 -0.0486166 -0.0791831 -0.0790519
0 -0.0492634 -0.0798368 -0.0794949
0 -0.0500928 -0.0807719 -0.0801586
0 -0.0510004 -0.0819007 -0.0810047
0 -0.0518365 -0.0830846 -0.0819504
0 -0.0524404 -0.0841648 -0.0828888
0 -0.0526699 -0.0849884 -0.0837062
0 -0.0524411 -0.0854389 -0.0843048
0 -0.0517988 -0.085508 -0.0846712
0 -0.0509512 -0.085343 -0.0849224
0 -0.0501942 -0.0851796 -0.0852448
0 -0.0497294 -0.085177 -0.0857362
0 -0.0495254 -0.0852883 -0.086279
0 -0.0494058 -0.08534 -0.0866322
0 -0.0492526 -0.0852197 -0.0866369
0 -0.0490464 -0.0849086 -0.0862582
0 -0.0487778 -0.08439 -0.0854961
0 -0.0484217 -0.0836259 -0.0843571
0 -0.047966 -0.0825894 -0.082875
0 -0.0474082 -0.0812673 -0.0810984
0 -0.0467356 -0.0796444 -0.0790612
0 -0.0459762 -0.0777496 -0.0768266
0 -0.0452783 -0.0757484 -0.0745771
0 -0.044867 -0.0739098 -0.0725761
0 -0.0448767 -0.0724336 -0.0709972
0 -0.0452366 -0.0713426 -0.0698232
0 -0.0457491 -0.0705466 -0.0689221
0 -0.0462048 -0.0699303 -0.0681488
0 -0.0464158 -0.0693744 -0.0673756
0 -0.0462593 -0.0687863 -0.0665265
0 -0.0457209 -0.0681385 -0.0656111
0 -0.0449102 -0.0674901 -0.0647381
0 -0.0439871 -0.0669231 -0.0640407
0 -0.0430513 -0.0664459 -0.0635673
0 -0.0421695 -0.0660374 -0.0633151
0 -0.041446 -0.0657321 -0.0633064
0 -0.0409717 -0.0655764 -0.0635468
0 -0.0407336 -0.0655397 -0.0639437
0 -0.0406765 -0.0655723 -0.0643767
0 -0.0408372 -0.0657339 -0.0648375
0 -0.0413051 -0.0661501 -0.0654008
0 -0.0421063 -0.066892 -0.066113
0 -0.0431759 -0.0679443 -0.0669649
0 -0.0443917 -0.0692327 -0.0679204
0 -0.0456284 -0.0706693 -0.068956
0 -0.0467772 -0.0721647 -0.0700628
0 -0.0477434 -0.0736252 -0.0712286
0 -0.0484438 -0.0749535 -0.0724262
0 -0.0488237 -0.0760692 -0.0736189
0 -0.048896 -0.0769533 -0.0747953
0 -0.0487291 -0.0776434 -0.0759625
0 -0.0484243 -0.0782128 -0.0771325
0 -0.0481146 -0.0787688 -0.0783333
0 -0.0479763 -0.0794652 -0.0796351
0 -0.0482159 -0.0804954 -0.0811545
0 -0.0489629 -0.081988 -0.0829624
0 -0.0501619 -0.0838965 -0.084987
0 -0.0516297 -0.0860602 -0.0870755
0 -0.0532206 -0.0883635 -0.0891553
0 -0.0548671 -0.0907608 -0.0912511
0 -0.0564572 -0.0931563 -0.0933483
0 -0.0577605 -0.0953306 -0.0953062
0 -0.0585188 -0.0970204 -0.0969233
0 -0.0586052 -0.0980722 -0.0980826
0 -0.0581067 -0.0985261 -0.0988299
0 -0.0572287 -0.0985256 -0.0992813
0 -0.0561473 -0.0981843 -0.0994902
0 -0.0549853 -0.0975701 -0.0994417
0 -0.053862 -0.0967566 -0.0991195
0 -0.0529383 -0.0958714 -0.0985703
0 -0.0524178 -0.0951012 -0.0979245
0 -0.0524922 -0.0946467 -0.0973568
0 -0.0532298 -0.0946183 -0.096985
0 -0.0544525 -0.0949132 -0.0967464
0 -0.0557651 -0.0952311 -0.0964083
0 -0.0567604 -0.0952557 -0.0957409
0 -0.0571909 -0.094807 -0.0946532
0 -0.0569574 -0.0938191 -0.0931561
0 -0.0560193 -0.0922479 -0.0912616
0 -0.054361 -0.0900406 -0.0889455
0 -0.0520271 -0.087173 -0.0861802
0 -0.0492144 -0.0837544 -0.0830355
0 -0.046336 -0.0801021 -0.0797598
0 -0.043954 -0.0767074 -0.0767556
0 -0.0425152 -0.0740285 -0.0743812
0 -0.0421248 -0.0722312 -0.0727112
0 -0.0426597 -0.0712602 -0.0716257
0 -0.0439564 -0.0710702 -0.0710522
0 -0.0458319 -0.0716247 -0.0709733
0 -0.0480004 -0.0727591 -0.0712939
0 -0.0500693 -0.0741767 -0.0718319
0 -0.0516776 -0.0755839 -0.0724319
0 -0.0525863 -0.0767563 -0.0730096
0 -0.052637 -0.0774988 -0.0734866
0 -0.051731 -0.077638 -0.0737577
0 -0.0499092 -0.0770862 -0.0737451
0 -0.0473754 -0.075887 -0.0734347
0 -0.0444171 -0.0741685 -0.0728359
0 -0.0413182 -0.0720684 -0.0719281
0 -0.0383588 -0.0697495 -0.0706991
0 -0.0358467 -0.0674327 -0.0692037
0 -0.0340633 -0.0653425 -0.0675383
0 -0.0331894 -0.063642 -0.0657928
0 -0.0332774 -0.0624101 -0.0640411
0 -0.0342431 -0.0616418 -0.0623361
0 -0.0358709 -0.0612383 -0.0606938
0 -0.0378591 -0.0610409 -0.0591058
0 -0.0398808 -0.0608817 -0.057569
0 -0.0416347 -0.0605993 -0.0560975
0 -0.042895 -0.0600841 -0.054726
0 -0.043526 -0.0592908 -0.0534971
0 -0.0435111 -0.0582626 -0.0524805
0 -0.0429893 -0.0571796 -0.051809
0 -0.0421648 -0.0562646 -0.0516015
0 -0.0411769 -0.0556545 -0.0518559
0 -0.0400933 -0.0553851 -0.0524605
0 -0.0389833 -0.055454 -0.0532912
0 -0.0380019 -0.0559141 -0.0543214
0 -0.0373704 -0.0568666 -0.0556212
0 -0.0372393 -0.0583391 -0.0572329
0 -0.0376325 -0.0602489 -0.0591227
0 -0.0385192 -0.0624873 -0.0612512
0 -0.0398752 -0.0649906 -0.0636274
0 -0.0416751 -0.0677371 -0.0662917
0 -0.0438253 -0.0706774 -0.0692356
0 -0.0461469 -0.0736978 -0.0723605
0 -0.0484605 -0.0766882 -0.0755494
0 -0.0506124 -0.0795882 -0.0787176
0 -0.0524583 -0.0823466 -0.0817808
0 -0.0538934 -0.0849051 -0.084651
0 -0.0548636 -0.0872255 -0.0872713
0 -0.0553696 -0.0892925 -0.08962
0 -0.0554657 -0.091106 -0.0916989
0 -0.055264 -0.0927034 -0.0935509
0 -0.0549451 -0.0941767 -0.0952741
0 -0.0547079 -0.0956365 -0.0969837
0 -0.0546934 -0.0971546 -0.0987499
0 -0.054956 -0.0987413 -0.100575
0 -0.0554483 -0.100331 -0.102378
0 -0.0560156 -0.101769 -0.103991
0 -0.0564496 -0.102859 -0.105201
0 -0.0565772 -0.103436 -0.105835
0 -0.0563158 -0.103412 -0.105807
0 -0.0556593 -0.102758 -0.105096
0 -0.0546356 -0.101467 -0.103708
0 -0.0532911 -0.0995469 -0.101662
0 -0.0517162 -0.0970507 -0.0990162
0 -0.0500653 -0.0941097 -0.0958964
0 -0.0485179 -0.0909031 -0.0924688
0 -0.0472401 -0.0876271 -0.0889096
0 -0.0463607 -0.08447 -0.0853871
0 -0.0459436 -0.0815839 -0.082039
0 -0.0459812 -0.0790748 -0.0789664
0 -0.0463953 -0.0769883 -0.0762319
0 -0.04705 -0.0753096 -0.0738536
0 -0.047768 -0.0739674 -0.071805
0 -0.0483463 -0.0728404 -0.0700312
0 -0.0485857 -0.0717865 -0.0684583
0 -0.0483106 -0.070654 -0.0669894
0 -0.047399 -0.0693102 -0.0655285
0 -0.0458433 -0.0677047 -0.0640302
0 -0.043756 -0.0658659 -0.0625014
0 -0.0413171 -0.0638579 -0.0609596
0 -0.0387418 -0.0617669 -0.0594247
0 -0.03624 -0.0596719 -0.0578993
0 -0.0339534 -0.0576007 -0.056332
0 -0.0319673 -0.0555587 -0.054655
0 -0.03037 -0.0535857 -0.0528502
0 -0.0292606 -0.0517616 -0.0509628
0 -0.02871 -0.0501683 -0.0490659
0 -0.0287351 -0.0488635 -0.0472357
0 -0.0293571 -0.047939 -0.0456105
0 -0.0306214 -0.0475425 -0.0444094
0 -0.0324696 -0.0477444 -0.0437907
0 -0.0346106 -0.0483934 -0.0436962
0 -0.0365992 -0.0491787 -0.0439001
0 -0.0380425 -0.0498173 -0.0441847
0 -0.0386558 -0.0500951 -0.0443711
0 -0.0382427 -0.0498346 -0.044283
0 -0.036757 -0.0489441 -0.0437992
0 -0.0343377 -0.0474473 -0.0428912
0 -0.0312427 -0.0454333 -0.0415794
0 -0.0277461 -0.0429855 -0.0398678
0 -0.024073 -0.040148 -0.0377162
0 -0.0203871 -0.03694 -0.035062
0 -0.0168052 -0.0333847 -0.0318563
0 -0.0133985 -0.0295095 -0.0280729
0 -0.0101892 -0.0253341 -0.0237036
0 -0.00714283 -0.0208504 -0.0187441
0 -0.00419237 -0.016037 -0.013209
0 -0.0013827 -0.0109921 -0.00726413
0 0.00104249 -0.00600971 -0.00129843
0 0.00276029 -0.00145226 0.00421305
0 0.00346442 0.00234327 0.00881986
0 0.00285966 0.00503977 0.0120902
0 0.000706441 0.0063048 0.013635
0 -0.00307099 0.00589299 0.0132018
0 -0.00832934 0.00370996 0.0107369
0 -0.0147626 -0.000228791 0.0063338
0 -0.0219966 -0.00585186 0.000154438
0 -0.0296495 -0.0130462 -0.00760804
0 -0.0373896 -0.0217038 -0.0167753
0 -0.0449965 -0.0317283 -0.0272097
0 -0.052378 -0.0430205 -0.0388343
0 -0.0595511 -0.0555027 -0.0516657
0 -0.0666519 -0.0691165 -0.0657898
0 -0.0739203 -0.0838258 -0.0813064
0 -0.0815278 -0.0995516 -0.0982071
0 -0.0894804 -0.116116 -0.116304
0 -0.0976818 -0.133305 -0.135293
0 -0.106002 -0.150971 -0.15482
0 -0.114318 -0.169004 -0.174517
0 -0.122379 -0.187164 -0.193915
0 -0.129785 -0.205065 -0.21247
0 -0.136178 -0.22229 -0.22972
0 -0.141319 -0.238483 -0.245391
0 -0.145046 -0.253443 -0.259462
0 -0.147288 -0.267083 -0.272043
0 -0.148064 -0.279285 -0.283175
0 -0.147344 -0.289862 -0.292825
0 -0.145114 -0.298667 -0.30102
0 -0.141614 -0.305753 -0.307939
0 -0.137247 -0.311318 -0.313803
0 -0.132516 -0.315651 -0.318825
0 -0.128192 -0.319329 -0.32344
0 -0.125224 -0.323172 -0.328309
0 -0.124271 -0.327799 -0.333877
0 -0.125245 -0.33317 -0.339935
0 -0.127515 -0.338754 -0.345833
0 -0.130681 -0.344284 -0.351257
0 -0.134772 -0.349945 -0.356437
0 -0.139502 -0.355623 -0.361371
0 -0.143917 -0.360534 -0.365416
0 -0.147192 -0.363964 -0.368015
0 -0.14932 -0.365953 -0.369352
0 -0.150738 -0.366975 -0.370004
0 -0.151704 -0.367355 -0.370327
0 -0.152236 -0.367189 -0.370383
0 -0.152111 -0.366333 -0.369935
0 -0.150903 -0.364416 -0.368497
0 -0.148363 -0.361193 -0.365705
0 -0.144645 -0.356747 -0.361535
0 -0.140149 -0.35133 -0.356173
0 -0.135278 -0.345165 -0.349816
0 -0.130247 -0.3383 -0.342518
0 -0.125099 -0.330653 -0.334223
0 -0.119918 -0.322242 -0.324985
0 -0.11486 -0.31321 -0.314982
0 -0.110113 -0.303741 -0.304445
0 -0.10594 -0.294186 -0.293765
0 -0.102666 -0.285035 -0.283479
0 -0.100504 -0.276617 -0.273972
0 -0.0991865 -0.268783 -0.265142
0 -0.0979828 -0.260894 -0.256418
0 -0.0961204 -0.252257 -0.247164
0 -0.0931601 -0.242474 -0.23701
0 -0.0891115 -0.231549 -0.225965
0 -0.0843271 -0.219857 -0.214362
0 -0.0792747 -0.207869 -0.202604
0 -0.0742135 -0.195849 -0.190871
0 -0.0692099 -0.183886 -0.179167
0 -0.0642821 -0.172013 -0.167462
0 -0.0592474 -0.160055 -0.155539
0 -0.0538813 -0.147788 -0.143163
0 -0.0482831 -0.135302 -0.130444
0 -0.0427927 -0.122925 -0.117744
0 -0.0377292 -0.110954 -0.105412
0 -0.0333737 -0.0996472 -0.0937626
0 -0.0300348 -0.0892967 -0.0831401
0 -0.028028 -0.0802106 -0.0738928
0 -0.0276465 -0.0726862 -0.0663368
0 -0.0289927 -0.0668753 -0.0606159
0 -0.0318158 -0.0626511 -0.0565664
0 -0.0357738 -0.0598489 -0.0539647
0 -0.0407017 -0.0585267 -0.0528038
0 -0.0464715 -0.0588151 -0.053161
0 -0.0528133 -0.0606921 -0.0549896
0 -0.0592657 -0.0639088 -0.0580593
0 -0.065272 -0.06808 -0.0620344
0 -0.0703608 -0.0728655 -0.0666188
0 -0.0742492 -0.0780613 -0.071659
0 -0.0768959 -0.0835735 -0.0771447
0 -0.078469 -0.0893873 -0.0831818
0 -0.0791962 -0.0954917 -0.0898898
0 -0.0792736 -0.101776 -0.097246
0 -0.0788338 -0.108054 -0.105065
0 -0.0778915 -0.114088 -0.113004
0 -0.0763478 -0.119564 -0.120553
0 -0.0740499 -0.124124 -0.127123
0 -0.0708745 -0.127472 -0.132178
0 -0.0668219 -0.129453 -0.135342
0 -0.0621022 -0.130075 -0.136501
0 -0.0571467 -0.129541 -0.135842
0 -0.0525339 -0.128199 -0.133811
0 -0.0488388 -0.126408 -0.13095
0 -0.0464765 -0.124419 -0.127743
0 -0.0456959 -0.122409 -0.124584
0 -0.046609 -0.120537 -0.121783
0 -0.0491212 -0.118934 -0.119515
0 -0.0529324 -0.11772 -0.117837
0 -0.0576451 -0.117011 -0.116735
0 -0.0628158 -0.116874 -0.116144
0 -0.0679812 -0.117297 -0.115966
0 -0.0726711 -0.118164 -0.116068
0 -0.0764122 -0.119231 -0.116272
0 -0.0788299 -0.120235 -0.116427
0 -0.0797393 -0.121011 -0.116497
0 -0.0791783 -0.121526 -0.116591
0 -0.0774022 -0.121861 -0.116915
0 -0.0747998 -0.122116 -0.117662
0 -0.0717957 -0.122382 -0.118939
0 -0.0687881 -0.122766 -0.120774
0 -0.0661394 -0.123387 -0.123127
0 -0.0641776 -0.124387 -0.125932
0 -0.0631678 -0.125918 -0.129107
0 -0.063235 -0.128065 -0.132506
0 -0.0642903 -0.130749 -0.135877
0 -0.0660674 -0.133735 -0.138918
0 -0.0682066 -0.136711 -0.141357
0 -0.0703077 -0.139318 -0.142977
0 -0.0720049 -0.141206 -0.14364
0 -0.0730542 -0.142125 -0.143334
0 -0.0733687 -0.141968 -0.142175
0 -0.0729985 -0.140774 -0.140352
0 -0.072081 -0.138682 -0.138071
0 -0.0708138 -0.135918 -0.135523
0 -0.069434 -0.132775 -0.13289
0 -0.068151 -0.129553 -0.130303
0 -0.0671033 -0.126506 -0.12782
0 -0.0663753 -0.123833 -0.125466
0 -0.0660196 -0.12169 -0.123275
0 -0.0660753 -0.120198 -0.121332
0 -0.0665821 -0.119454 -0.119782
0 -0.0675528 -0.119504 -0.118797
0 -0.0688785 -0.120261 -0.118452
0 -0.0702482 -0.121433 -0.118631
0 -0.0712809 -0.122641 -0.119128
0 -0.0717242 -0.123613 -0.119803
0 -0.0714349 -0.124163 -0.12053
0 -0.0702542 -0.12406 -0.121065
0 -0.0680469 -0.123071 -0.121083
0 -0.0648858 -0.121135 -0.120374
0 -0.0610581 -0.118354 -0.118866
0 -0.056889 -0.114874 -0.116526
0 -0.0526082 -0.110787 -0.113278
0 -0.048311 -0.106066 -0.108965
0 -0.0440376 -0.100661 -0.103467
0 -0.0398805 -0.0946088 -0.0968235
0 -0.0359495 -0.088004 -0.0891919
0 -0.032344 -0.080983 -0.0808137
0 -0.0292137 -0.073764 -0.0720429
0 -0.0267496 -0.0666305 -0.0633052
0 -0.0251358 -0.0598629 -0.0550316
0 -0.0245134 -0.0536998 -0.0476048
0 -0.0249457 -0.0483132 -0.0413083
0 -0.0264229 -0.0438141 -0.0363263
0 -0.0289034 -0.0403229 -0.0327868
0 -0.0323063 -0.0379643 -0.0307539
0 -0.0364255 -0.036772 -0.0301467
0 -0.0408959 -0.0366433 -0.030713
0 -0.0452975 -0.0374032 -0.0321299
0 -0.0492907 -0.0389113 -0.0341436
0 -0.0526762 -0.0411165 -0.0366363
0 -0.0553593 -0.0440193 -0.0395843
0 -0.0572694 -0.047568 -0.0429699
0 -0.0583584 -0.0516166 -0.0467574
0 -0.0586469 -0.0559599 -0.0509176
0 -0.0582178 -0.0603576 -0.0554124
0 -0.0571683 -0.0645654 -0.06016
0 -0.0555973 -0.0683687 -0.0650143
0 -0.0536232 -0.0715969 -0.0697512
0 -0.0513493 -0.0741294 -0.0740902
0 -0.0488739 -0.0758961 -0.0777468
0 -0.0463503 -0.0769166 -0.0804895
0 -0.0439766 -0.0773 -0.0821723
0 -0.0419154 -0.077138 -0.0827043
0 -0.0402438 -0.076444 -0.0820197
0 -0.0389833 -0.0751654 -0.0801047
0 -0.0381296 -0.0732302 -0.0770296
0 -0.0376742 -0.0706101 -0.0729578
0 -0.0376305 -0.0673632 -0.0681482
0 -0.0380194 -0.06365 -0.0629211
0 -0.0388102 -0.0596588 -0.0575693
0 -0.0398818 -0.0555209 -0.0522915
0 -0.0410347 -0.0513074 -0.0471853
0 -0.0420403 -0.0470462 -0.0422789
0 -0.0427057 -0.0427585 -0.0375762
0 -0.0429067 -0.0384785 -0.0330807
0 -0.0425905 -0.0342513 -0.0288017
0 -0.0417645 -0.0301334 -0.024748
0 -0.0404546 -0.0261529 -0.0208972
0 -0.0386639 -0.0222821 -0.0171719
0 -0.0363851 -0.0184552 -0.0134603
0 -0.0336454 -0.0146078 -0.00966693
0 -0.0305253 -0.0107102 -0.00574619
0 -0.0271426 -0.00675883 -0.00169807
0 -0.023622 -0.00275804 0.0024521
0 -0.0200677 0.00128958 0.00667132
0 -0.0165711 0.00537072 0.0109141
0 -0.0132899 0.00938184 0.0150514
0 -0.0104769 0.0131011 0.0188478
0 -0.00839824 0.0162729 0.0220458
0 -0.00728895 0.0186573 0.0244126
0 -0.00735326 0.0200312 0.0257386
0 -0.0087374 0.0201834 0.0258319
0 -0.0115151 0.018908 0.0245136
0 -0.015663 0.016046 0.021654
0 -0.0209782 0.011566 0.0172419
0 -0.0270915 0.00558213 0.0113916
0 -0.0335933 -0.00171637 0.00426006
0 -0.040098 -0.0101115 -0.00400455
0 -0.0463021 -0.0193738 -0.0132737
0 -0.0520726 -0.0292873 -0.0234452
0 -0.0573361 -0.0396545 -0.0344207
0 -0.0620182 -0.0502965 -0.0460827
0 -0.0661414 -0.0610543 -0.0582751
0 -0.0697444 -0.0717862 -0.0707772
0 -0.0728076 -0.0823515 -0.0832955
0 -0.0752859 -0.0926135 -0.0954996
0 -0.077165 -0.102512 -0.107097
0 -0.0784623 -0.112036 -0.117861
0 -0.079151 -0.121127 -0.127611
0 -0.0791849 -0.129681 -0.13622
0 -0.0785312 -0.137569 -0.143649
0 -0.0771958 -0.144656 -0.149944
0 -0.0752412 -0.150801 -0.155186
0 -0.0727202 -0.155865 -0.159442
0 -0.0697187 -0.15976 -0.162749
0 -0.0663957 -0.162442 -0.165125
0 -0.0629216 -0.1639 -0.166611
0 -0.0595325 -0.164222 -0.16731
0 -0.0565452 -0.163606 -0.167358
0 -0.0542659 -0.162309 -0.16687
0 -0.0529347 -0.1606 -0.165929
0 -0.0527388 -0.15877 -0.164646
0 -0.0538265 -0.157157 -0.163188
0 -0.0561926 -0.156049 -0.161702
0 -0.0595834 -0.155561 -0.160241
0 -0.0635746 -0.155634 -0.158795
0 -0.0676934 -0.156114 -0.157375
0 -0.0715231 -0.156845 -0.156065
0 -0.0747828 -0.157713 -0.155023
0 -0.0773311 -0.158638 -0.154458
0 -0.079136 -0.159609 -0.154583
0 -0.0802435 -0.160692 -0.155568
0 -0.0807531 -0.161987 -0.157508
0 -0.080809 -0.163629 -0.160425
0 -0.0806014 -0.165785 -0.164288
0 -0.0803583 -0.168637 -0.169027
0 -0.0802651 -0.172269 -0.174495
0 -0.08034 -0.176558 -0.180384
0 -0.0804731 -0.18125 -0.186289
0 -0.0805619 -0.186094 -0.191876
0 -0.0805133 -0.190836 -0.196891
0 -0.0802141 -0.195228 -0.201133
0 -0.0795612 -0.19903 -0.204463
0 -0.0784914 -0.20204 -0.206815
0 -0.0769943 -0.204106 -0.208193
0 -0.075113 -0.205123 -0.208645
0 -0.0729414 -0.205044 -0.208237
0 -0.0706258 -0.203888 -0.207049
0 -0.0683592 -0.20175 -0.205172
0 -0.0663257 -0.198772 -0.202678
0 -0.0646337 -0.195119 -0.199583
0 -0.0633038 -0.190954 -0.195845
0 -0.0622789 -0.186421 -0.191405
0 -0.0614412 -0.181628 -0.186217
0 -0.060636 -0.176615 -0.180267
0 -0.059691 -0.171357 -0.173585
0 -0.0584495 -0.165778 -0.166242
0 -0.0567571 -0.159773 -0.158333
0 -0.0544708 -0.153206 -0.149961
0 -0.0515132 -0.145946 -0.141228
0 -0.0478518 -0.137896 -0.132212
0 -0.0434797 -0.129003 -0.122937
0 -0.038428 -0.119271 -0.113382
0 -0.0328002 -0.108806 -0.103536
0 -0.0267891 -0.097831 -0.0934299
0 -0.0206105 -0.0866077 -0.0831132
0 -0.0144551 -0.0753782 -0.0726227
0 -0.00847932 -0.0643413 -0.0619973
0 -0.00280302 -0.053642 -0.0512941
0 0.00247616 -0.0433812 -0.0406039
0 0.00725876 -0.0336363 -0.0300727
0 0.0114255 -0.024486 -0.0199094
0 0.0148468 -0.0160087 -0.0103586
0 0.0173994 -0.00827738 -0.00166293
0 0.0189662 -0.00137076 0.00595734
0 0.0194306 0.00461089 0.0123121
0 0.0186798 0.00952891 0.0172396
0 0.0166387 0.0132124 0.020614
0 0.0133326 0.0155154 0.0223898
0 0.00891041 0.0163582 0.0226199
0 0.00359827 0.0156988 0.0213983
0 -0.00237446 0.0134882 0.0187845
0 -0.00882133 0.00967406 0.0147783
0 -0.0155663 0.00424303 0.0093626
0 -0.0223748 -0.00272516 0.0025848
0 -0.0289782 -0.0110473 -0.00543903
0 -0.035187 -0.0204988 -0.0146119
0 -0.0408911 -0.030831 -0.0248686
0 -0.0460136 -0.041755 -0.0361199
0 -0.0505593 -0.0529981 -0.0482423
0 -0.0545965 -0.0643607 -0.061084
0 -0.0581947 -0.0757344 -0.0744453
0 -0.0614043 -0.0870553 -0.0880602
0 -0.0642443 -0.0982615 -0.101608
0 -0.066697 -0.109327 -0.114749
0 -0.0687357 -0.12024 -0.127193
0 -0.0703684 -0.130987 -0.138762
0 -0.071626 -0.14156 -0.149409
0 -0.0725443 -0.1519 -0.159182
0 -0.0731559 -0.161883 -0.168178
0 -0.0734334 -0.171354 -0.176483
0 -0.0732759 -0.180137 -0.184129
0 -0.0726027 -0.188046 -0.19111
0 -0.071379 -0.194887 -0.197412
0 -0.0695422 -0.200491 -0.202999
0 -0.0670544 -0.204735 -0.207759
0 -0.0639623 -0.20755 -0.211502
0 -0.0603257 -0.208899 -0.213991
0 -0.0562108 -0.208764 -0.214996
0 -0.0517428 -0.207152 -0.214338
0 -0.0470958 -0.20412 -0.211915
0 -0.0424514 -0.199736 -0.20769
0 -0.0379599 -0.194048 -0.201673
0 -0.0337241 -0.187117 -0.193949
0 -0.029842 -0.179057 -0.184694
0 -0.0263781 -0.170049 -0.174154
0 -0.0232826 -0.160297 -0.162615
0 -0.0205026 -0.15001 -0.150389
0 -0.0180518 -0.139401 -0.1378
0 -0.0159273 -0.128632 -0.125172
0 -0.0141328 -0.117817 -0.112808
0 -0.0127192 -0.107093 -0.100978
0 -0.0117528 -0.0965983 -0.0898995
0 -0.0113058 -0.0864783 -0.0797301
0 -0.0114509 -0.0769052 -0.0705545
0 -0.0122241 -0.0680216 -0.0623755
0 -0.0136012 -0.0599465 -0.0551342
0 -0.0155238 -0.0527893 -0.0487558
0 -0.0179176 -0.0466387 -0.0431822
0 -0.020684 -0.0415652 -0.0383843
0 -0.0237106 -0.0376108 -0.0343673
0 -0.0268796 -0.0347878 -0.0311701
0 -0.0300729 -0.0330835 -0.0288571
0 -0.0331819 -0.0324616 -0.0275105
0 -0.0361048 -0.0328775 -0.02722
0 -0.0387436 -0.0342891 -0.0280643
0 -0.0410099 -0.0366426 -0.0300853
0 -0.042822 -0.0398474 -0.0332626
0 -0.0441054 -0.0437598 -0.0375089
0 -0.044833 -0.0481952 -0.0426799
0 -0.0450038 -0.0529473 -0.0485724
0 -0.0446173 -0.0578068 -0.054931
0 -0.0437387 -0.0625969 -0.06147
0 -0.0424743 -0.0671901 -0.0678937
0 -0.0409178 -0.071458 -0.0739105
0 -0.0391711 -0.075289 -0.0792508
0 -0.0373499 -0.0786427 -0.0837009
0 -0.0355731 -0.0814953 -0.0871358
0 -0.0339602 -0.0838277 -0.0895192
0 -0.0326319 -0.0856313 -0.0908977
0 -0.0317131 -0.0869026 -0.091407
0 -0.0313402 -0.0876759 -0.0912598
0 -0.0316331 -0.0880033 -0.0906929
0 -0.0326309 -0.0879312 -0.0899043
0 -0.034265 -0.0875084 -0.0890151
0 -0.0363762 -0.0867942 -0.088071
0 -0.0387326 -0.0858618 -0.0870573
0 -0.0410648 -0.0847847 -0.0859193
0 -0.0431104 -0.0836183 -0.0845901
0 -0.0446313 -0.0823922 -0.0830177
0 -0.045448 -0.0811128 -0.0811902
0 -0.0454741 -0.0797747 -0.0791479
0 -0.0447086 -0.0783729 -0.0769768
0 -0.0432332 -0.0769038 -0.0747997
0 -0.041197 -0.0753589 -0.0727495
0 -0.0387748 -0.0737194 -0.0709254
0 -0.0361509 -0.0719633 -0.0693703
0 -0.0335101 -0.070094 -0.068078
0 -0.0310169 -0.0681518 -0.0670021
0 -0.0288072 -0.0661971 -0.06606
0 -0.0269804 -0.0642919 -0.0651416
0 -0.0256002 -0.0624965 -0.0641299
0 -0.0246991 -0.0608674 -0.062929
0 -0.0242773 -0.0594471 -0.0614868
0 -0.0243076 -0.0582622 -0.0598094
0 -0.024737 -0.057317 -0.0579592
0 -0.0254899 -0.056592 -0.0560429
0 -0.0264749 -0.0560554 -0.0541922
0 -0.027583 -0.0556614 -0.0525447
0 -0.028686 -0.0553491 -0.0512148
0 -0.029645 -0.055053 -0.0502646
0 -0.0303236 -0.0547092 -0.0496945
0 -0.0306057 -0.0542732 -0.0494525
0 -0.030421 -0.0537341 -0.0494532
0 -0.0297545 -0.0531115 -0.0495943
0 -0.0286478 -0.0524481 -0.049773
0 -0.0271978 -0.0517933 -0.0499012
0 -0.0255416 -0.0511882 -0.0499177
0 -0.02384 -0.0506608 -0.0497966
0 -0.0222621 -0.0502269 -0.0495471
0 -0.0209651 -0.0498938 -0.0492048
0 -0.0200693 -0.0496563 -0.0488143
0 -0.0196317 -0.0494821 -0.0484027
0 -0.0196358 -0.0493109 -0.0479652
0 -0.0200125 -0.0490816 -0.0474796
0 -0.0206698 -0.0487617 -0.0469294
0 -0.0215122 -0.0483564 -0.0463152
0 -0.0224523 -0.0479067 -0.0456603
0 -0.0234228 -0.0474836 -0.0450158
0 -0.0243832 -0.0471769 -0.0444577
0 -0.0253214 -0.0470866 -0.0440857
0 -0.0262527 -0.0473168 -0.0440208
0 -0.027198 -0.0479523 -0.0443799
0 -0.0281555 -0.0490326 -0.0452441
0 -0.0290996 -0.0505508 -0.0466508
0 -0.0299949 -0.0524637 -0.0485977
0 -0.0308095 -0.0547055 -0.0510505
0 -0.0315205 -0.0571977 -0.0539447
0 -0.0321231 -0.0598644 -0.0571966
0 -0.0326434 -0.0626523 -0.0607201
0 -0.03314 -0.065538 -0.0644384
0 -0.0336984 -0.0685317 -0.0682941
0 -0.0344218 -0.071674 -0.0722545
0 -0.0354059 -0.0750142 -0.0763068
0 -0.0367267 -0.0785996 -0.0804505
0 -0.0384436 -0.082469 -0.0846901
0 -0.0405746 -0.0866325 -0.0890331
0 -0.0430818 -0.0910667 -0.093483
0 -0.0458644 -0.0956928 -0.0980097
0 -0.0487462 -0.100358 -0.102526
0 -0.0515196 -0.104877 -0.106915
0 -0.0540019 -0.109085 -0.111068
0 -0.0560499 -0.112847 -0.114893
0 -0.0575689 -0.116073 -0.118314
0 -0.0585229 -0.118728 -0.121283
0 -0.0589302 -0.120825 -0.123779
0 -0.0588521 -0.122417 -0.125804
0 -0.0583781 -0.123577 -0.12737
0 -0.0576099 -0.124369 -0.128491
0 -0.0566463 -0.124842 -0.129178
0 -0.055569 -0.125017 -0.129435
0 -0.0544388 -0.124884 -0.129259
0 -0.0533037 -0.124417 -0.12865
0 -0.0522098 -0.123591 -0.127619
0 -0.0511936 -0.122378 -0.126182
0 -0.0502587 -0.120739 -0.124335
0 -0.0493723 -0.118641 -0.122054
0 -0.048489 -0.116075 -0.119315
0 -0.0475713 -0.113071 -0.116113
0 -0.0466064 -0.109709 -0.112483
0 -0.0456168 -0.106107 -0.108504
0 -0.0446449 -0.102407 -0.104296
0 -0.0437257 -0.0987316 -0.0999871
0 -0.042882 -0.0951789 -0.0957052
0 -0.0421352 -0.0918354 -0.0915816
0 -0.0415071 -0.0887712 -0.0877417
0 -0.0409963 -0.0860196 -0.0842896
0 -0.0405591 -0.0835775 -0.0812874
0 -0.0401188 -0.0814001 -0.0787355
0 -0.0395806 -0.079419 -0.0765855
0 -0.0388731 -0.077587 -0.0747797
0 -0.0379746 -0.0758936 -0.0732682
0 -0.0368951 -0.0743474 -0.0720032
0 -0.0356665 -0.0729634 -0.0709351
0 -0.0343305 -0.071747 -0.0700093
0 -0.0329225 -0.0706751 -0.0691608
0 -0.031469 -0.0696949 -0.068318
0 -0.0299928 -0.0687348 -0.067413
0 -0.0285241 -0.0677264 -0.0663973
0 -0.0271123 -0.0666267 -0.0652545
0 -0.0258327 -0.0654348 -0.0640094
0 -0.0247729 -0.0641874 -0.0627149
0 -0.0240078 -0.0629391 -0.0614279
0 -0.0235913 -0.0617571 -0.0602019
0 -0.023552 -0.0607156 -0.0590857
0 -0.0238801 -0.059879 -0.0581155
0 -0.0245233 -0.0592913 -0.0573136
0 -0.025397 -0.058974 -0.0566947
0 -0.0264011 -0.0589302 -0.0562754
0 -0.027437 -0.0591515 -0.056081
0 -0.0284153 -0.059618 -0.0561421
0 -0.0292501 -0.0602903 -0.0564771
0 -0.0298561 -0.0611043 -0.0570779
0 -0.030162 -0.0619814 -0.0579112
0 -0.0301308 -0.0628469 -0.0589297
0 -0.0297713 -0.0636442 -0.0600806
0 -0.0291381 -0.0643419 -0.0613102
0 -0.028327 -0.0649381 -0.0625683
0 -0.0274669 -0.0654616 -0.0638161
0 -0.0267007 -0.0659644 -0.0650267
0 -0.0261577 -0.0665006 -0.0661795
0 -0.025928 -0.067105 -0.0672506
0 -0.0260409 -0.0677767 -0.0681973
0 -0.0264679 -0.0684812 -0.0689648
0 -0.0271486 -0.0691738 -0.069514
0 -0.0280127 -0.0698188 -0.0698382
0 -0.0289884 -0.0703942 -0.0699631
0 -0.0300071 -0.0708909 -0.0699392
0 -0.0310084 -0.0713109 -0.0698359
0 -0.031944 -0.0716684 -0.0697352
0 -0.0327796 -0.0719904 -0.0697207
0 -0.0334906 -0.0723094 -0.0698603
0 -0.0340599 -0.0726586 -0.0701974
0 -0.0344801 -0.0730714 -0.070751
0 -0.034757 -0.0735806 -0.071521
0 -0.0349133 -0.0742192 -0.0724969
0 -0.0349849 -0.0750144 -0.0736611
0 -0.0350143 -0.0759811 -0.0749898
0 -0.0350514 -0.0771246 -0.0764622
0 -0.0351547 -0.0784462 -0.0780693
0 -0.0353869 -0.0799477 -0.0798158
0 -0.0358059 -0.0816303 -0.0817134
0 -0.0364548 -0.0834916 -0.0837705
0 -0.037353 -0.085524 -0.0859881
0 -0.0384963 -0.0877154 -0.0883599
0 -0.0398639 -0.0900509 -0.0908723
0 -0.0414137 -0.0925131 -0.0935047
0 -0.0430768 -0.0950704 -0.0962219
0 -0.0447559 -0.0976665 -0.0989643
0 -0.0463366 -0.100224 -0.101654
0 -0.0477161 -0.102664 -0.104219
0 -0.0488212 -0.104922 -0.106601
0 -0.049608 -0.106945 -0.10876
0 -0.050067 -0.108697 -0.110671
0 -0.0502315 -0.110174 -0.112336
0 -0.0501679 -0.111397 -0.113776
0 -0.0499598 -0.112402 -0.115019
0 -0.0496957 -0.113231 -0.116092
0 -0.0494638 -0.113932 -0.117023
0 -0.0493445 -0.114556 -0.117841
0 -0.0493928 -0.115142 -0.118566
0 -0.0496211 -0.115698 -0.119193
0 -0.0499975 -0.116203 -0.119696
0 -0.0504653 -0.116619 -0.120041
0 -0.0509617 -0.116913 -0.120205
0 -0.0514251 -0.117058 -0.12018
0 -0.0517963 -0.117032 -0.11996
0 -0.0520158 -0.11681 -0.119543
0 -0.0520245 -0.116362 -0.118915
0 -0.0517683 -0.11565 -0.118057
0 -0.0512045 -0.114638 -0.116939
0 -0.0503059 -0.113288 -0.115527
0 -0.0490594 -0.111562 -0.113778
0 -0.0474603 -0.109415 -0.111635
0 -0.0455146 -0.106804 -0.109035
0 -0.0432441 -0.103691 -0.105917
0 -0.0406868 -0.100053 -0.102233
0 -0.0378928 -0.0958841 -0.0979521
0 -0.0349192 -0.0911939 -0.093061
0 -0.0318445 -0.0860028 -0.0875651
0 -0.0287554 -0.0803509 -0.0814956
0 -0.0256915 -0.0743067 -0.0749196
0 -0.0226983 -0.0679659 -0.0679359
0 -0.0198675 -0.0614294 -0.060657
0 -0.017255 -0.0547952 -0.0532088
0 -0.0149006 -0.0481693 -0.0457397
0 -0.0128655 -0.0416556 -0.0384068
0 -0.011188 -0.0353402 -0.0313548
0 -0.00988682 -0.0292932 -0.0247091
0 -0.00898719 -0.0235836 -0.0185758
0 -0.00850731 -0.0182733 -0.0130327
0 -0.00844591 -0.0134165 -0.0081223
0 -0.00878782 -0.00906265 -0.00385465
0 -0.00950288 -0.00525576 -0.000218247
0 -0.0105495 -0.00204498 0.00280272
0 -0.0118852 0.0005164 0.00521462
0 -0.0134648 0.00237698 0.00700999
0 -0.0152313 0.00349732 0.00817169
0 -0.0171114 0.00386189 0.00868142
0 -0.019014 0.00348208 0.00852625
0 -0.0208349 0.00239305 0.0077006
0 -0.0224711 0.000644324 0.00620352
0 -0.0238335 -0.00169781 0.00404011
0 -0.0248658 -0.00453988 0.00122846
0 -0.0255601 -0.00776849 -0.00219731
0 -0.0259527 -0.0112696 -0.00618611
0 -0.0261204 -0.014947 -0.010667
0 -0.0261709 -0.018732 -0.0155475
0 -0.0262254 -0.0225885 -0.0207152
0 -0.0264078 -0.0265152 -0.0260468
0 -0.0268334 -0.0305371 -0.0314169
0 -0.027579 -0.0346728 -0.0367045
0 -0.0286815 -0.0389285 -0.0418048
0 -0.030159 -0.0433092 -0.046645
0 -0.0319896 -0.0477896 -0.0511914
0 -0.0341201 -0.0523184 -0.05545
0 -0.0364829 -0.0568294 -0.0594597
0 -0.0389839 -0.061237 -0.0632752
0 -0.0415126 -0.0654453 -0.066944
0 -0.0439504 -0.0693546 -0.070489
0 -0.0461796 -0.0728788 -0.0739051
0 -0.0481028 -0.0759608 -0.0771631
0 -0.0496476 -0.0785727 -0.0802079
0 -0.0507575 -0.0807078 -0.0829578
0 -0.051391 -0.0823738 -0.085312
0 -0.0515229 -0.0835846 -0.0871652
0 -0.0511415 -0.0843487 -0.0884211
0 -0.0502551 -0.0846617 -0.0890034
0 -0.0488956 -0.0844995 -0.0888622
0 -0.0471105 -0.0838163 -0.0879735
0 -0.0449598 -0.0825483 -0.0863351
0 -0.042519 -0.080625 -0.0839632
0 -0.0398787 -0.0779853 -0.0808897
0 -0.0371409 -0.0745948 -0.0771586
0 -0.0344127 -0.0704662 -0.0728216
0 -0.0317979 -0.0656749 -0.0679369
0 -0.0293859 -0.0603534 -0.0625668
0 -0.0272508 -0.054672 -0.0567751
0 -0.0254553 -0.0488119 -0.0506307
0 -0.0239907 -0.042937 -0.0442118
0 -0.0227877 -0.0371797 -0.0376111
0 -0.0218096 -0.031625 -0.0309379
0 -0.0210094 -0.0263097 -0.0243191
0 -0.020324 -0.0212463 -0.0179019
0 -0.0197263 -0.0164353 -0.011843
0 -0.0191949 -0.011871 -0.00628706
0 -0.0187123 -0.00755133 -0.00134586
0 -0.0182776 -0.00349434 0.00291447
0 -0.0178981 0.0002575 0.00647373
0 -0.01759 0.00363389 0.00934798
0 -0.0173774 0.00654536 0.0115831
0 -0.0172786 0.00890971 0.0132482
0 -0.0172967 0.0106619 0.0144204
0 -0.0174305 0.0117567 0.0151608
0 -0.0176796 0.0121677 0.0154985
0 -0.0180415 0.0118866 0.0154257
0 -0.0185116 0.0109319 0.014904
0 -0.0190834 0.00936211 0.0138803
0 -0.0197494 0.00727604 0.0123038
0 -0.0204991 0.00479509 0.0101385
0 -0.0213248 0.00203466 0.00737384
0 -0.022228 -0.000917446 0.00403317
0 -0.0232169 -0.00400906 0.000177408
0 -0.0242944 -0.00721665 -0.00409065
0 -0.0254496 -0.0105284 -0.00862766
0 -0.0266591 -0.0139354 -0.013269
0 -0.0278995 -0.0174294 -0.0178563
0 -0.0291604 -0.0209969 -0.0222538
0 -0.0304275 -0.0246047 -0.0263576
0 -0.0316711 -0.0282036 -0.0301067
0 -0.0328866 -0.0317468 -0.0334981
0 -0.034104 -0.0351949 -0.0365946
0 -0.0353696 -0.0385356 -0.0395141
0 -0.0367521 -0.0417866 -0.0424031
0 -0.0383171 -0.0449785 -0.0453966
0 -0.0400907 -0.048143 -0.0485852
0 -0.0420659 -0.0513081 -0.0520081
0 -0.0442061 -0.0544969 -0.0556522
0 -0.0464349 -0.0577147 -0.0594474
0 -0.0486378 -0.060934 -0.0632688
0 -0.0506699 -0.0640879 -0.0669512
0 -0.0523799 -0.0670839 -0.0703238
0 -0.0536429 -0.0698272 -0.0732485
0 -0.0543819 -0.0722388 -0.0756439
0 -0.0545706 -0.0742613 -0.0774892
0 -0.0542292 -0.075858 -0.0788145
0 -0.0534238 -0.0770118 -0.0796839
0 -0.0522586 -0.0777228 -0.0801769
0 -0.0508524 -0.0780012 -0.0803651
0 -0.0493166 -0.0778565 -0.0802893
0 -0.0477439 -0.0772915 -0.0799486
0 -0.0462029 -0.0763042 -0.0793045
0 -0.0447445 -0.0748948 -0.0782943
0 -0.043403 -0.0730716 -0.0768462
0 -0.0421906 -0.0708559 -0.074891
0 -0.0411018 -0.0682825 -0.0723764
0 -0.0401155 -0.0653917 -0.0692793
0 -0.0391971 -0.0622245 -0.065615
0 -0.0383067 -0.0588189 -0.0614405
0 -0.0374017 -0.0552038 -0.0568473
0 -0.0364378 -0.0513992 -0.0519508
0 -0.0353824 -0.047429 -0.0468764
0 -0.0342219 -0.0433151 -0.0417429
0 -0.0329301 -0.0390644 -0.0366509
0 -0.031462 -0.0346851 -0.0316719
0 -0.0297978 -0.030194 -0.0268411
0 -0.0279383 -0.0256161 -0.0221631
0 -0.0258949 -0.020993 -0.0176256
0 -0.0237102 -0.0163881 -0.0132142
0 -0.0214532 -0.0118799 -0.00892037
0 -0.0191989 -0.00754831 -0.00474392
0 -0.017019 -0.00346222 -0.000692478
0 -0.0149808 0.0003279 0.00321447
0 -0.0131414 0.00378757 0.00694057
0 -0.0115476 0.00689814 0.0104343
0 -0.0102326 0.0096596 0.0136402
0 -0.00920867 0.0120889 0.0165101
0 -0.00847097 0.0142129 0.0190088
0 -0.00800807 0.0160555 0.0211126
0 -0.00780936 0.0176272 0.0228063
0 -0.00786773 0.018921 0.0240812
0 -0.00817592 0.0199133 0.0249358
0 -0.00872059 0.0205709 0.0253775
0 -0.00947845 0.0208575 0.0254218
0 -0.0104138 0.0207407 0.0250903
0 -0.0114769 0.0202002 0.0244073
0 -0.0126101 0.0192284 0.0233927
0 -0.0137548 0.0178302 0.0220543
0 -0.0148621 0.0160259 0.0203851
0 -0.0159041 0.0138506 0.0183629
0 -0.0168781 0.0113522 0.0159586
0 -0.0177994 0.00858583 0.0131478
0 -0.0186955 0.00560626 0.00992292
0 -0.0195998 0.00246205 0.00630222
0 -0.0205446 -0.000808809 0.00233443
0 -0.0215564 -0.00418025 -0.00190293
0 -0.0226587 -0.00764142 -0.00631717
0 -0.0238772 -0.0111981 -0.0108194
0 -0.0252434 -0.0148674 -0.0153326
0 -0.0267884 -0.0186682 -0.0197923
0 -0.0285073 -0.0225994 -0.0241476
0 -0.0303623 -0.0266302 -0.0283575
0 -0.0323099 -0.030704 -0.0323932
0 -0.0342851 -0.0347414 -0.0362452
0 -0.0362218 -0.0386618 -0.0399219
0 -0.0380717 -0.0423928 -0.0434411
0 -0.0397896 -0.0458771 -0.0468227
0 -0.0413421 -0.0490786 -0.0500784
0 -0.0427053 -0.0519755 -0.0531999
0 -0.0438558 -0.0545595 -0.0561561
0 -0.0447782 -0.0568371 -0.0589015
0 -0.0454705 -0.0588281 -0.0613861
0 -0.0459401 -0.0605587 -0.0635626
0 -0.046202 -0.0620554 -0.0653954
0 -0.04628 -0.0633408 -0.0668661
0 -0.0462017 -0.0644274 -0.0679755
0 -0.045991 -0.0653097 -0.0687363
0 -0.0456673 -0.0659638 -0.0691681
0 -0.0452482 -0.0663558 -0.0692956
0 -0.0447527 -0.0664524 -0.0691469
0 -0.0442025 -0.0662252 -0.0687459
0 -0.0436207 -0.0656563 -0.0681075
0 -0.0430266 -0.0647417 -0.0672346
0 -0.0424286 -0.063493 -0.0661126
0 -0.0418257 -0.0619394 -0.064716
0 -0.0412111 -0.0601266 -0.0630198
0 -0.0405796 -0.0581136 -0.0610138
0 -0.0399321 -0.0559663 -0.0587116
0 -0.039269 -0.0537428 -0.0561493
0 -0.0385839 -0.0514822 -0.0533786
0 -0.0378658 -0.0492038 -0.0504648
0 -0.037104 -0.0469134 -0.0474839
0 -0.0362906 -0.0446128 -0.0445131
0 -0.035424 -0.0423078 -0.0416213
0 -0.0345103 -0.0400058 -0.0388669
0 -0.0335593 -0.0377162 -0.0362919
0 -0.0325813 -0.0354565 -0.0339168
0 -0.0315868 -0.033248 -0.031739
0 -0.0305812 -0.0311201 -0.0297395
0 -0.0295714 -0.029112 -0.0278966
0 -0.0285799 -0.0272637 -0.0261911
0 -0.0276321 -0.0256062 -0.0246056
0 -0.0267484 -0.0241545 -0.0231259
0 -0.0259473 -0.0229077 -0.0217453
0 -0.0252417 -0.0218519 -0.0204669
0 -0.0246391 -0.0209619 -0.0193009
0 -0.024139 -0.0202038 -0.0182585
0 -0.0237333 -0.01954 -0.0173481
0 -0.0234087 -0.0189351 -0.0165717
0 -0.0231459 -0.0183586 -0.0159201
0 -0.0229207 -0.0177863 -0.0153705
0 -0.0227087 -0.0172035 -0.0148906
0 -0.0224941 -0.0166114 -0.0144489
0 -0.0222785 -0.016031 -0.0140261
0 -0.0220771 -0.0154963 -0.0136174
0 -0.0219144 -0.0150468 -0.0132317
0 -0.0218229 -0.0147248 -0.0128948
0 -0.0218372 -0.0145701 -0.0126466
0 -0.0219835 -0.0146113 -0.0125315
0 -0.0222708 -0.0148595 -0.0125891
0 -0.0226844 -0.0153043 -0.0128438
0 -0.0231833 -0.0159113 -0.0132975
0 -0.0237047 -0.016626 -0.0139265
0 -0.0241824 -0.0173901 -0.0146929
0 -0.0245668 -0.0181583 -0.0155588
0 -0.0248365 -0.0189084 -0.0164954
0 -0.0250048 -0.0196458 -0.0174895
0 -0.0251163 -0.0204011 -0.0185448
0 -0.0252367 -0.0212209 -0.0196777
0 -0.0254359 -0.0221544 -0.0209085
0 -0.025771 -0.0232396 -0.0222524
0 -0.0262731 -0.024493 -0.0237112
0 -0.0269432 -0.0259065 -0.0252719
0 -0.0277571 -0.0274527 -0.0269116
0 -0.028679 -0.0290959 -0.0286067
0 -0.0296704 -0.0307997 -0.0303372
0 -0.0306919 -0.0325277 -0.0320846
0 -0.0316977 -0.0342458 -0.0338324
0 -0.0326443 -0.0359236 -0.0355653
0 -0.0334983 -0.0375312 -0.037265
0 -0.0342321 -0.0390447 -0.038915
0 -0.0348371 -0.040453 -0.0405068
0 -0.0353201 -0.0417524 -0.0420321
0 -0.0356872 -0.0429384 -0.0434725
0 -0.0359435 -0.0440031 -0.0447985
0 -0.0360945 -0.044935 -0.0459754
0 -0.0361441 -0.0457189 -0.0469674
0 -0.0360941 -0.0463331 -0.0477379
0 -0.0359478 -0.0467535 -0.048256
0 -0.0357167 -0.0469615 -0.0485046
0 -0.035423 -0.0469487 -0.0484831
0 -0.0350957 -0.0467157 -0.0482048
0 -0.0347628 -0.0462693 -0.0476892
0 -0.0344442 -0.0456196 -0.046956
0 -0.0341478 -0.0447795 -0.0460207
0 -0.0338652 -0.0437608 -0.0448912
0 -0.0335763 -0.0425759 -0.0435715
0 -0.0332573 -0.0412417 -0.0420689
0 -0.0328878 -0.0397808 -0.0403987
0 -0.032453 -0.0382196 -0.0385859
0 -0.0319442 -0.036585 -0.0366619
0 -0.031366 -0.0349067 -0.0346675
0 -0.0307318 -0.0332126 -0.032649
0 -0.0300565 -0.0315255 -0.0306498
0 -0.0293534 -0.0298642 -0.0287078
0 -0.0286321 -0.0282472 -0.0268572
0 -0.0279136 -0.0267016 -0.0251343
0 -0.0272342 -0.0252654 -0.023579
0 -0.0266326 -0.0239804 -0.0222275
0 -0.0261392 -0.0228816 -0.0211028
0 -0.025771 -0.0219937 -0.020213
0 -0.0255271 -0.0213255 -0.0195501
0 -0.0253851 -0.0208655 -0.0190879
0 -0.0253131 -0.0205896 -0.0187934
0 -0.0252819 -0.0204725 -0.0186393
0 -0.0252676 -0.0204883 -0.0186049
0 -0.0252554 -0.0206123 -0.0186774
0 -0.025245 -0.0208274 -0.0188561
0 -0.0252489 -0.0211247 -0.0191484
0 -0.0252885 -0.0215033 -0.0195661
0 -0.0253874 -0.0219677 -0.0201192
0 -0.025567 -0.0225257 -0.0208123
0 -0.025848 -0.0231921 -0.0216485
0 -0.0262496 -0.0239886 -0.0226326
0 -0.0267832 -0.0249362 -0.023766
0 -0.0274473 -0.0260484 -0.0250449
0 -0.0282282 -0.0273284 -0.02646
0 -0.0291008 -0.0287657 -0.0279965
0 -0.030033 -0.0303369 -0.0296357
0 -0.0309893 -0.032008 -0.0313553
0 -0.0319278 -0.0337368 -0.0331297
0 -0.0328039 -0.0354818 -0.0349348
0 -0.0335874 -0.0372086 -0.0367532
0 -0.0342688 -0.038895 -0.0385771
0 -0.0348544 -0.0405302 -0.040405
0 -0.0353607 -0.0421058 -0.0422315
0 -0.0357994 -0.0436073 -0.0440352
0 -0.0361705 -0.0450136 -0.0457754
0 -0.0364684 -0.0463 -0.0473977
0 -0.0366846 -0.0474397 -0.0488436
0 -0.0368127 -0.0484082 -0.0500604
0 -0.0368525 -0.0491838 -0.0510072
0 -0.0368063 -0.0497445 -0.0516552
0 -0.0366817 -0.0500715 -0.0519903
0 -0.0364979 -0.0501568 -0.0520196
0 -0.0362843 -0.0500052 -0.0517689
0 -0.0360711 -0.0496303 -0.0512735
0 -0.0358805 -0.0490512 -0.0505692
0 -0.0357217 -0.0482902 -0.0496861
0 -0.0355906 -0.0473733 -0.0486479
0 -0.0354718 -0.0463285 -0.0474731
0 -0.035345 -0.0451872 -0.04618
0 -0.0351953 -0.0439883 -0.0447965
0 -0.0350128 -0.0427732 -0.0433586
0 -0.0347904 -0.0415777 -0.0419059
0 -0.0345217 -0.0404292 -0.0404768
0 -0.0342034 -0.0393457 -0.0391068
0 -0.0338344 -0.0383342 -0.0378255
0 -0.033413 -0.0373904 -0.0366532
0 -0.0329413 -0.036507 -0.0356042
0 -0.0324267 -0.0356768 -0.0346859
0 -0.0318783 -0.0348929 -0.0338949
0 -0.0313042 -0.0341487 -0.033217
0 -0.0307103 -0.0334356 -0.0326257
0 -0.0300987 -0.0327402 -0.0320824
0 -0.0294668 -0.0320453 -0.0315418
0 -0.0288132 -0.0313326 -0.0309596
0 -0.0281425 -0.0305857 -0.0302989
0 -0.027469 -0.0297947 -0.0295372
0 -0.0268175 -0.0289587 -0.0286686
0 -0.0262171 -0.0280831 -0.0277011
0 -0.0256958 -0.0271773 -0.0266519
0 -0.0252766 -0.0262545 -0.0255464
0 -0.024975 -0.0253316 -0.0244148
0 -0.0247932 -0.0244243 -0.0232867
0 -0.0247166 -0.0235435 -0.0221846
0 -0.0247167 -0.0226959 -0.0211241
0 -0.0247547 -0.0218841 -0.0201141
0 -0.0247863 -0.0211054 -0.0191566
0 -0.024767 -0.0203532 -0.0182485
0 -0.0246576 -0.0196181 -0.0173831
0 -0.0244306 -0.0188908 -0.0165539
0 -0.024076 -0.0181665 -0.0157585
0 -0.0236017 -0.0174456 -0.0149987
0 -0.0230288 -0.0167301 -0.0142765
0 -0.0223907 -0.0160259 -0.0135952
0 -0.0217359 -0.0153489 -0.0129658
0 -0.021121 -0.0147228 -0.0124038
0 -0.020602 -0.0141749 -0.0119256
0 -0.0202301 -0.0137361 -0.0115494
0 -0.0200485 -0.0134406 -0.0112963
0 -0.0200893 -0.0133251 -0.0111913
0 -0.0203702 -0.0134253 -0.0112622
0 -0.0208882 -0.0137686 -0.0115345
0 -0.021617 -0.0143685 -0.0120269
0 -0.0225085 -0.0152212 -0.0127495
0 -0.023498 -0.0163063 -0.0137025
0 -0.0245193 -0.0175957 -0.0148841
0 -0.0255213 -0.0190661 -0.0162994
0 -0.0264749 -0.0207038 -0.0179607
0 -0.0273707 -0.0225009 -0.01988
0 -0.0282101 -0.0244472 -0.0220568
0 -0.0289987 -0.0265251 -0.0244712
0 -0.0297462 -0.0287123 -0.027086
0 -0.0304633 -0.0309814 -0.0298479
0 -0.0311616 -0.0333017 -0.0326926
0 -0.0318473 -0.0356428 -0.0355538
0 -0.0325147 -0.0379747 -0.0383675
0 -0.0331634 -0.0402654 -0.0410744
0 -0.0338001 -0.0424817 -0.0436235
0 -0.0344281 -0.0445929 -0.045975
0 -0.0350494 -0.0465672 -0.0481004
0 -0.0356585 -0.0483683 -0.0499792
0 -0.0362433 -0.0499608 -0.0515975
0 -0.03679 -0.0513122 -0.0529471
0 -0.0372843 -0.052398 -0.0540253
0 -0.0377154 -0.0532054 -0.0548351
0 -0.0380744 -0.0537313 -0.055381
0 -0.0383541 -0.0539824 -0.0556682
0 -0.0385497 -0.0539764 -0.055703
0 -0.0386575 -0.0537388 -0.055493
0 -0.0386757 -0.0533015 -0.0550495
0 -0.0386041 -0.052698 -0.0543894
0 -0.0384448 -0.0519607 -0.0535363
0 -0.0382052 -0.0511199 -0.0525218
0 -0.0378947 -0.0502009 -0.051383
0 -0.0375231 -0.0492218 -0.0501588
0 -0.0371013 -0.0481969 -0.0488884
0 -0.0366456 -0.0471431 -0.0476132
0 -0.0361773 -0.0460819 -0.046373
0 -0.0357153 -0.0450353 -0.0451992
0 -0.0352728 -0.0440228 -0.0441103
0 -0.0348572 -0.0430617 -0.043114
0 -0.0344718 -0.0421669 -0.0422099
0 -0.0341182 -0.0413516 -0.041394
0 -0.0337988 -0.0406279 -0.0406623
0 -0.0335162 -0.0400051 -0.0400122
0 -0.0332687 -0.0394848 -0.0394396
0 -0.033048 -0.0390577 -0.0389361
0 -0.0328408 -0.0387052 -0.0384902
0 -0.0326313 -0.0384026 -0.0380886
0 -0.0324032 -0.0381212 -0.0377167
0 -0.0321425 -0.0378325 -0.0373595
0 -0.031841 -0.0375123 -0.0370038
0 -0.0314989 -0.0371448 -0.0366392
0 -0.0311272 -0.036727 -0.0362608
0 -0.030745 -0.0362664 -0.0358679
0 -0.030372 -0.0357742 -0.035458
0 -0.0300243 -0.0352624 -0.0350259
0 -0.0297159 -0.0347445 -0.0345674
0 -0.0294567 -0.0342342 -0.0340807
0 -0.029253 -0.0337427 -0.0335659
0 -0.0291099 -0.0332815 -0.0330301
0 -0.0290305 -0.0328624 -0.0324875
0 -0.0290111 -0.0324917 -0.0319537
0 -0.0290388 -0.0321676 -0.0314417
0 -0.0290912 -0.0318798 -0.0309605
0 -0.0291373 -0.0316092 -0.0305112
0 -0.0291432 -0.0313324 -0.0300888
0 -0.0290817 -0.0310301 -0.0296873
0 -0.0289393 -0.030694 -0.0293051
0 -0.0287184 -0.0303276 -0.0289449
0 -0.0284331 -0.0299419 -0.0286099
0 -0.0281043 -0.0295513 -0.0283009
0 -0.0277588 -0.0291729 -0.0280184
0 -0.0274268 -0.0288256 -0.0277638
0 -0.0271373 -0.0285267 -0.0275389
0 -0.0269141 -0.0282891 -0.0273448
0 -0.0267717 -0.0281191 -0.0271813
0 -0.0267149 -0.0280161 -0.0270475
0 -0.0267384 -0.0279731 -0.0269415
0 -0.0268301 -0.0279805 -0.0268632
0 -0.0269778 -0.0280319 -0.0268183
0 -0.0271677 -0.0281232 -0.0268157
0 -0.027386 -0.028252 -0.0268649
0 -0.0276205 -0.0284203 -0.0269769
0 -0.0278632 -0.0286343 -0.0271638
0 -0.0281101 -0.0289039 -0.0274375
0 -0.0283612 -0.029241 -0.0278084
0 -0.0286144 -0.0296533 -0.0282799
0 -0.0288644 -0.0301406 -0.0288467
0 -0.0291077 -0.0306996 -0.0295004
0 -0.0293416 -0.0313226 -0.0302288
0 -0.029563 -0.0319961 -0.0310158
0 -0.0297742 -0.0327081 -0.0318474
0 -0.0299864 -0.033453 -0.0327167
0 -0.0302192 -0.0342332 -0.0336247
0 -0.0304952 -0.0350559 -0.0345765
0 -0.0308336 -0.0359289 -0.035577
0 -0.0312463 -0.0368558 -0.0366268
0 -0.0317273 -0.0378285 -0.0377148
0 -0.0322562 -0.0388278 -0.0388194
0 -0.0328071 -0.0398302 -0.0399156
0 -0.0333498 -0.0408102 -0.0409781
0 -0.0338588 -0.0417479 -0.0419883
0 -0.0343206 -0.042632 -0.042937
0 -0.0347267 -0.0434539 -0.0438189
0 -0.0350681 -0.044203 -0.0446267
0 -0.0353344 -0.0448632 -0.0453479
0 -0.0355153 -0.0454165 -0.0459667
0 -0.0356054 -0.0458479 -0.0464689
0 -0.0356064 -0.046147 -0.0468422
0 -0.035523 -0.0463052 -0.0470748
0 -0.0353624 -0.0463165 -0.0471549
0 -0.0351363 -0.0461788 -0.0470743
0 -0.0348612 -0.0458964 -0.0468302
0 -0.0345588 -0.0454815 -0.0464281
0 -0.0342493 -0.0449489 -0.0458772
0 -0.0339462 -0.0443122 -0.045187
0 -0.0336562 -0.0435837 -0.0443684
0 -0.0333853 -0.0427806 -0.0434396
0 -0.0331422 -0.0419276 -0.0424294
0 -0.0329316 -0.0410496 -0.0413694
0 -0.0327528 -0.0401696 -0.0402907
0 -0.0326019 -0.0393097 -0.039223
0 -0.0324714 -0.0384871 -0.0381921
0 -0.0323496 -0.0377128 -0.0372185
0 -0.0322199 -0.0369902 -0.0363158
0 -0.0320638 -0.0363167 -0.0354911
0 -0.031863 -0.0356853 -0.0347447
0 -0.0316001 -0.0350859 -0.0340705
0 -0.0312641 -0.0345088 -0.0334593
0 -0.0308534 -0.033947 -0.0329016
0 -0.0303759 -0.0333972 -0.0323879
0 -0.0298503 -0.0328599 -0.0319107
0 -0.029298 -0.0323342 -0.0314593
0 -0.0287382 -0.0318134 -0.0310164
0 -0.0281884 -0.0312874 -0.0305619
0 -0.0276655 -0.0307469 -0.0300768
0 -0.0271876 -0.0301877 -0.029549
0 -0.0267738 -0.0296119 -0.0289737
0 -0.0264385 -0.0290246 -0.0283514
0 -0.0261891 -0.0284324 -0.0276861
0 -0.0260251 -0.0278427 -0.0269849
0 -0.0259381 -0.0272628 -0.0262584
0 -0.0259139 -0.0267004 -0.0255202
0 -0.0259333 -0.0261625 -0.0247872
0 -0.0259757 -0.0256565 -0.0240787
0 -0.0260249 -0.0251934 -0.0234198
0 -0.0260718 -0.0247885 -0.0228411
0 -0.026113 -0.0244593 -0.0223729
0 -0.0261487 -0.0242231 -0.0220426
0 -0.0261833 -0.0240966 -0.0218724
0 -0.0262273 -0.0240986 -0.0218811
0 -0.0262949 -0.0242479 -0.0220832
0 -0.0263985 -0.0245565 -0.0224831
0 -0.0265459 -0.0250282 -0.0230746
0 -0.0267439 -0.0256613 -0.0238468
0 -0.0269996 -0.0264511 -0.0247867
0 -0.0273224 -0.0273923 -0.0258831
0 -0.0277246 -0.0284814 -0.0271292
0 -0.028219 -0.0297153 -0.0285216
0 -0.0288141 -0.0310886 -0.0300562
0 -0.0295123 -0.0325922 -0.0317255
0 -0.030308 -0.034213 -0.0335167
0 -0.0311902 -0.0359346 -0.0354126
0 -0.032141 -0.0377379 -0.0373915
0 -0.0331281 -0.0395995 -0.0394277
0 -0.0341134 -0.041492 -0.041493
0 -0.0350634 -0.0433858 -0.0435589
0 -0.0359494 -0.0452532 -0.0456002
0 -0.036751 -0.0470673 -0.0475925
0 -0.0374507 -0.0488002 -0.0495084
0 -0.0380316 -0.0504202 -0.0513152
0 -0.038476 -0.0518895 -0.0529731
0 -0.0387631 -0.0531642 -0.0544348
0 -0.0388787 -0.0542021 -0.0556534
0 -0.0388238 -0.0549736 -0.0565932
0 -0.0386159 -0.0554628 -0.0572314
0 -0.0382861 -0.0556662 -0.0575576
0 -0.0378712 -0.055588 -0.057569
0 -0.0374034 -0.055232 -0.0572638
0 -0.0369102 -0.0546038 -0.0566426
0 -0.0364168 -0.0537182 -0.055715
0 -0.0359387 -0.052594 -0.0544939
0 -0.0354799 -0.0512532 -0.0529956
0 -0.0350373 -0.049723 -0.0512443
0 -0.0345995 -0.0480323 -0.04927
0 -0.0341498 -0.04621 -0.0471086
0 -0.0336728 -0.044288 -0.0448054
0 -0.0331595 -0.0423035 -0.0424143
0 -0.0326075 -0.0402944 -0.0399915
0 -0.0320109 -0.0382867 -0.0375837
0 -0.0313604 -0.0362931 -0.035225
0 -0.0306437 -0.0343242 -0.0329418
0 -0.0298488 -0.0323903 -0.0307572
0 -0.0289778 -0.0305036 -0.0286908
0 -0.0280447 -0.0286785 -0.0267555
0 -0.0270715 -0.0269309 -0.0249578
0 -0.0260912 -0.0252813 -0.0233017
0 -0.0251436 -0.0237538 -0.0217919
0 -0.0242705 -0.0223735 -0.0204338
0 -0.0235136 -0.0211672 -0.0192367
0 -0.0229139 -0.0201628 -0.0182154
0 -0.0225043 -0.0193842 -0.0173869
0 -0.0223063 -0.0188498 -0.0167699
0 -0.0223305 -0.018573 -0.0163847
0 -0.0225738 -0.0185614 -0.0162513
0 -0.0230205 -0.0188184 -0.016388
0 -0.0236456 -0.0193454 -0.0168122
0 -0.0244175 -0.0201437 -0.0175394
0 -0.0253034 -0.0212154 -0.0185839
0 -0.026269 -0.0225601 -0.0199545
0 -0.0272786 -0.0241684 -0.021649
0 -0.028297 -0.0260206 -0.0236523
0 -0.0292949 -0.0280872 -0.0259376
0 -0.0302534 -0.0303331 -0.0284696
0 -0.0311598 -0.0327159 -0.0312016
0 -0.0320106 -0.0351876 -0.0340766
0 -0.0328118 -0.0377057 -0.0370373
0 -0.0335611 -0.0402355 -0.0400307
0 -0.0342564 -0.0427437 -0.0430043
0 -0.0349108 -0.0451975 -0.0459062
0 -0.035537 -0.0475654 -0.0486855
0 -0.0361453 -0.0498199 -0.0512932
0 -0.0367401 -0.0519312 -0.0536844
0 -0.0373138 -0.0538635 -0.0558179
0 -0.037854 -0.0555806 -0.0576597
0 -0.0383431 -0.0570458 -0.0591828
0 -0.0387621 -0.0582243 -0.0603682
0 -0.0390936 -0.0590884 -0.0612067
0 -0.039322 -0.0596159 -0.0616944
0 -0.0394333 -0.059791 -0.0618303
0 -0.0394158 -0.059607 -0.0616148
0 -0.0392593 -0.0590669 -0.0610482
0 -0.0389554 -0.0581823 -0.0601302
0 -0.0384975 -0.0569719 -0.0588625
0 -0.0378878 -0.0554644 -0.0572556
0 -0.0371404 -0.0536977 -0.0553329
0 -0.0362752 -0.051712 -0.0531273
0 -0.0353157 -0.0495462 -0.0506798
0 -0.0342889 -0.0472383 -0.04804
0 -0.0332202 -0.0448228 -0.0452608
0 -0.0321319 -0.0423308 -0.0423926
0 -0.0310435 -0.0397899 -0.0394801
0 -0.029973 -0.0372232 -0.0365619
0 -0.0289292 -0.0346545 -0.0336729
0 -0.0279118 -0.0321096 -0.0308417
0 -0.0269288 -0.0296148 -0.0280934
0 -0.0259927 -0.0272002 -0.025454
0 -0.0251143 -0.0248962 -0.0229489
0 -0.0243015 -0.0227281 -0.0205978
0 -0.0235575 -0.0207154 -0.0184139
0 -0.022883 -0.018872 -0.0164064
0 -0.0222781 -0.0172084 -0.0145852
0 -0.0217467 -0.0157358 -0.0129638
0 -0.0212931 -0.0144629 -0.0115554
0 -0.0209183 -0.0133941 -0.0103699
0 -0.0206217 -0.0125307 -0.00941327
0 -0.0204013 -0.0118722 -0.00868852
0 -0.0202573 -0.0114203 -0.008199
0 -0.0201913 -0.0111782 -0.00794723
0 -0.0202054 -0.0111494 -0.00793441
0 -0.0203056 -0.0113416 -0.00816414
0 -0.0204999 -0.0117628 -0.00864127
0 -0.0207975 -0.012419 -0.0093702
0 -0.0212068 -0.0133139 -0.0103552
0 -0.0217337 -0.0144471 -0.0115984
0 -0.022378 -0.0158119 -0.0130963
0 -0.0231345 -0.0173967 -0.0148405
0 -0.023997 -0.0191904 -0.0168216
0 -0.0249599 -0.0211831 -0.0190302
0 -0.0260131 -0.0233616 -0.0214517
0 -0.0271388 -0.0257054 -0.0240628
0 -0.0283174 -0.0281899 -0.0268345
0 -0.0295343 -0.0307906 -0.0297383
0 -0.030782 -0.0334838 -0.0327456
0 -0.0320571 -0.0362472 -0.0358265
0 -0.0333397 -0.0390595 -0.0389512
0 -0.0345978 -0.0418949 -0.042088
0 -0.035815 -0.0447238 -0.0452054
0 -0.0369804 -0.0475192 -0.048276
0 -0.0380877 -0.0502609 -0.0512778
0 -0.0391396 -0.0529339 -0.0541942
0 -0.0401364 -0.0555215 -0.057008
0 -0.0410709 -0.0580008 -0.0596953
0 -0.0419287 -0.0603429 -0.0622271
0 -0.0426948 -0.0625183 -0.0645742
0 -0.0433539 -0.0644988 -0.0667083
0 -0.0438914 -0.0662572 -0.0686027
0 -0.0442984 -0.0677709 -0.0702347
0 -0.0445717 -0.0690238 -0.0715882
0 -0.044711 -0.070002 -0.0726497
0 -0.0447187 -0.0706934 -0.0734073
0 -0.0446013 -0.0710905 -0.073854
0 -0.0443721 -0.0711899 -0.0739869
0 -0.0440484 -0.0709918 -0.073806
0 -0.0436466 -0.0704968 -0.0733113
0 -0.0431778 -0.0697063 -0.0725003
0 -0.0426473 -0.0686253 -0.07137
0 -0.0420558 -0.0672648 -0.0699199
0 -0.0414007 -0.0656414 -0.0681546
0 -0.0406746 -0.0637728 -0.0660826
0 -0.0398658 -0.0616752 -0.063717
0 -0.0389628 -0.059365 -0.0610782
0 -0.0379544 -0.0568563 -0.0581923
0 -0.0368301 -0.0541595 -0.0550881
0 -0.0355854 -0.0512862 -0.0517992
0 -0.0342282 -0.048257 -0.0483659
0 -0.032781 -0.0451035 -0.0448319
0 -0.0312776 -0.0418582 -0.0412387
0 -0.0297537 -0.0385551 -0.0376251
0 -0.0282311 -0.0352359 -0.0340284
0 -0.0267337 -0.0319425 -0.0304826
0 -0.0253006 -0.028715 -0.0270185
0 -0.0239605 -0.0255925 -0.0236666
0 -0.0227371 -0.0226141 -0.0204601
0 -0.0216603 -0.0198193 -0.0174347
0 -0.0207509 -0.0172439 -0.0146252
0 -0.0200204 -0.014916 -0.0120632
0 -0.0194717 -0.0128548 -0.00977503
0 -0.0190977 -0.0110706 -0.00778089
0 -0.018882 -0.00956655 -0.00609428
0 -0.0188037 -0.00834157 -0.00472245
0 -0.0188424 -0.00739679 -0.00367108
0 -0.018981 -0.00673923 -0.00294747
0 -0.0192064 -0.00637945 -0.00255886
0 -0.0195068 -0.00632948 -0.0025117
0 -0.0198729 -0.00660288 -0.00281282
0 -0.0202988 -0.00721202 -0.00346901
0 -0.02078 -0.00816124 -0.004484
0 -0.0213146 -0.00944183 -0.00585576
0 -0.0219033 -0.0110323 -0.00757627
0 -0.0225474 -0.0128999 -0.00962908
0 -0.0232444 -0.0150007 -0.0119844
0 -0.023989 -0.0172843 -0.0145987
0 -0.0247763 -0.019702 -0.0174196
0 -0.0256024 -0.0222097 -0.0203887
0 -0.026462 -0.024767 -0.0234422
0 -0.0273473 -0.027337 -0.0265147
0 -0.0282517 -0.0298887 -0.0295448
0 -0.0291735 -0.0323987 -0.0324814
0 -0.0301151 -0.0348506 -0.0352837
0 -0.0310733 -0.0372322 -0.0379242
0 -0.0320449 -0.0395319 -0.0403901
0 -0.0330341 -0.0417376 -0.0426797
0 -0.0340303 -0.0438312 -0.0447966
0 -0.0350106 -0.0457864 -0.0467429
0 -0.0359502 -0.0475743 -0.0485177
0 -0.0368181 -0.0491689 -0.0501188
0 -0.037585 -0.0505483 -0.0515397
0 -0.0382239 -0.0516952 -0.0527682
0 -0.0387106 -0.0525984 -0.0537882
0 -0.0390284 -0.0532534 -0.0545813
0 -0.0391724 -0.0536636 -0.0551318
0 -0.0391508 -0.0538422 -0.055432
0 -0.0389826 -0.0538063 -0.0554819
0 -0.0386914 -0.053571 -0.0552849
0 -0.0383037 -0.0531477 -0.0548492
0 -0.0378471 -0.0525457 -0.0541876
0 -0.0373455 -0.0517718 -0.0533151
0 -0.0368182 -0.0508323 -0.0522483
0 -0.0362828 -0.0497389 -0.051009
0 -0.0357532 -0.0485085 -0.0496208
0 -0.0352391 -0.0471632 -0.0481092
0 -0.0347488 -0.0457326 -0.0465028
0 -0.0342832 -0.0442463 -0.0448284
0 -0.0338329 -0.0427289 -0.043107
0 -0.0333833 -0.0412012 -0.041357
0 -0.0329212 -0.0396829 -0.0395973
0 -0.0324383 -0.0381904 -0.0378485
0 -0.0319294 -0.0367358 -0.0361336
0 -0.0313933 -0.0353298 -0.0344777
0 -0.0308361 -0.0339843 -0.0329073
0 -0.0302644 -0.0327128 -0.0314483
0 -0.0296865 -0.0315294 -0.0301233
0 -0.0291173 -0.0304483 -0.0289494
0 -0.0285721 -0.0294802 -0.027936
0 -0.0280655 -0.0286346 -0.0270855
0 -0.0276149 -0.0279214 -0.0263968
0 -0.0272368 -0.0273499 -0.025866
0 -0.0269444 -0.0269278 -0.025487
0 -0.0267479 -0.0266597 -0.0252535
0 -0.0266537 -0.0265475 -0.0251599
0 -0.0266617 -0.0265881 -0.0252
0 -0.0267633 -0.0267704 -0.0253653
0 -0.0269412 -0.0270752 -0.0256437
0 -0.0271731 -0.0274785 -0.0260214
0 -0.0274351 -0.0279547 -0.0264842
0 -0.0277044 -0.0284789 -0.0270175
0 -0.0279621 -0.0290288 -0.0276067
0 -0.0281976 -0.0295894 -0.0282403
0 -0.0284069 -0.0301511 -0.0289076
0 -0.028589 -0.0307058 -0.0295948
0 -0.0287477 -0.0312493 -0.0302885
0 -0.0288901 -0.03178 -0.0309752
0 -0.0290238 -0.0322967 -0.0316415
0 -0.0291566 -0.0327988 -0.0322756
0 -0.0292977 -0.0332872 -0.0328703
0 -0.0294577 -0.0337657 -0.0334248
0 -0.0296485 -0.0342411 -0.0339451
0 -0.0298814 -0.034721 -0.0344415
0 -0.0301619 -0.0352098 -0.0349242
0 -0.0304877 -0.0357072 -0.0354003
0 -0.0308503 -0.0362102 -0.0358749
0 -0.0312356 -0.0367127 -0.03635
0 -0.0316242 -0.0372059 -0.0368238
0 -0.0319978 -0.037683 -0.0372946
0 -0.0323445 -0.0381433 -0.0377644
0 -0.0326593 -0.0385917 -0.0382391
0 -0.0329385 -0.0390333 -0.0387226
0 -0.0331795 -0.0394714 -0.039216
0 -0.033383 -0.0399093 -0.0397197
0 -0.0335524 -0.0403491 -0.0402328
0 -0.033691 -0.0407896 -0.0407519
0 -0.0338014 -0.0412252 -0.0412694
0 -0.0338826 -0.0416439 -0.0417718
0 -0.0339304 -0.0420288 -0.0422407
0 -0.033941 -0.0423621 -0.0426562
0 -0.0339117 -0.0426259 -0.0429979
0 -0.0338407 -0.0428039 -0.0432461
0 -0.0337313 -0.0428849 -0.0433864
0 -0.0335924 -0.0428652 -0.0434112
0 -0.0334334 -0.0427436 -0.043316
0 -0.0332586 -0.0425171 -0.0430949
0 -0.0330674 -0.0421818 -0.0427417
0 -0.0328583 -0.0417365 -0.0422539
0 -0.0326315 -0.0411861 -0.0416359
0 -0.0323902 -0.0405414 -0.0408996
0 -0.0321392 -0.0398183 -0.040063
0 -0.031884 -0.0390356 -0.0391473
0 -0.031628 -0.038212 -0.0381747
0 -0.0313714 -0.037364 -0.0371657
0 -0.031112 -0.0365046 -0.0361392
0 -0.0308474 -0.0356437 -0.0351126
0 -0.0305742 -0.034788 -0.0341012
0 -0.030287 -0.033944 -0.0331183
0 -0.0299814 -0.0331192 -0.0321757
0 -0.0296519 -0.0323187 -0.0312794
0 -0.0292902 -0.0315421 -0.0304276
0 -0.0288879 -0.0307843 -0.029613
0 -0.0284424 -0.0300396 -0.0288265
0 -0.0279575 -0.0293034 -0.0280607
0 -0.0274439 -0.0285735 -0.0273096
0 -0.0269217 -0.0278532 -0.0265735
0 -0.0264217 -0.0271564 -0.0258628
0 -0.0259786 -0.0265028 -0.0251938
0 -0.0256213 -0.0259107 -0.0245807
0 -0.0253683 -0.0253949 -0.0240338
0 -0.0252283 -0.0249666 -0.0235609
0 -0.0252 -0.0246342 -0.0231681
0 -0.0252737 -0.0244032 -0.0228606
0 -0.0254361 -0.0242796 -0.0226474
0 -0.0256715 -0.0242694 -0.0225402
0 -0.0259602 -0.0243751 -0.0225498
0 -0.0262813 -0.0245961 -0.0226859
0 -0.0266143 -0.0249294 -0.0229567
0 -0.0269412 -0.0253697 -0.023367
0 -0.0272489 -0.0259101 -0.0239186
0 -0.0275301 -0.0265426 -0.0246094
0 -0.0277835 -0.0272584 -0.0254325
0 -0.0280164 -0.0280513 -0.0263794
0 -0.0282454 -0.0289198 -0.0274417
0 -0.0284938 -0.0298666 -0.028612
0 -0.0287873 -0.0308958 -0.0298821
0 -0.0291476 -0.0320093 -0.03124
0 -0.0295879 -0.0332042 -0.0326686
0 -0.030111 -0.034472 -0.0341467
0 -0.0307114 -0.0357987 -0.0356511
0 -0.0313745 -0.0371674 -0.0371594
0 -0.0320777 -0.0385584 -0.0386518
0 -0.0328006 -0.0399494 -0.0401127
0 -0.0335225 -0.0413166 -0.0415291
0 -0.0342199 -0.0426377 -0.042893
0 -0.0348787 -0.0438976 -0.0442026
0 -0.0354907 -0.0450862 -0.045458
0 -0.0360462 -0.0461947 -0.0466562
0 -0.0365367 -0.0472151 -0.0477895
0 -0.0369559 -0.0481414 -0.0488465
0 -0.0372984 -0.0489684 -0.0498131
0 -0.03756 -0.0496903 -0.0506719
0 -0.0377377 -0.0502993 -0.0514039
0 -0.0378298 -0.0507866 -0.0519911
0 -0.0378368 -0.0511415 -0.0524176
0 -0.037761 -0.0513521 -0.0526702
0 -0.0376087 -0.051408 -0.052741
0 -0.0373886 -0.0513 -0.0526258
0 -0.037109 -0.0510193 -0.0523218
0 -0.0367773 -0.050559 -0.0518275
0 -0.0363979 -0.0499149 -0.0511407
0 -0.0359744 -0.0490882 -0.0502608
0 -0.0355112 -0.0480877 -0.0491912
0 -0.035012 -0.0469272 -0.0479385
0 -0.0344786 -0.0456236 -0.0465121
0 -0.0339106 -0.0441947 -0.0449244
0 -0.0333064 -0.0426587 -0.0431921
0 -0.0326684 -0.0410372 -0.0413399
0 -0.0320012 -0.0393533 -0.0393971
0 -0.0313097 -0.0376269 -0.0373926
0 -0.0306002 -0.035875 -0.0353569
0 -0.0298815 -0.0341125 -0.0333198
0 -0.0291576 -0.0323539 -0.0313078
0 -0.0284265 -0.0306133 -0.029343
0 -0.0276953 -0.0289079 -0.0274461
0 -0.0269785 -0.0272603 -0.0256389
0 -0.0262912 -0.0256947 -0.023942
0 -0.0256533 -0.0242373 -0.0223764
0 -0.0250867 -0.0229166 -0.020963
0 -0.0246112 -0.0217606 -0.0197224
0 -0.0242447 -0.0207946 -0.0186744
0 -0.0239998 -0.0200393 -0.0178364
0 -0.0238805 -0.019508 -0.0172218
0 -0.0238808 -0.0192038 -0.0168369
0 -0.0239861 -0.0191216 -0.0166822
0 -0.024179 -0.0192531 -0.0167567
0 -0.0244445 -0.0195917 -0.0170623
0 -0.024772 -0.0201318 -0.0176019
0 -0.0251561 -0.0208699 -0.0183795
0 -0.0255935 -0.0217997 -0.0193944
0 -0.0260788 -0.0229097 -0.0206375
0 -0.0266068 -0.024185 -0.0220929
0 -0.0271748 -0.0256106 -0.0237404
0 -0.0277824 -0.0271714 -0.0255568
0 -0.0284311 -0.0288519 -0.0275165
0 -0.0291229 -0.0306353 -0.0295918
0 -0.029861 -0.0325033 -0.0317542
0 -0.0306478 -0.034437 -0.0339739
0 -0.0314804 -0.0364161 -0.03622
0 -0.0323454 -0.0384213 -0.0384657
0 -0.0332282 -0.0404329 -0.0406873
0 -0.0341157 -0.0424246 -0.0428596
0 -0.0349854 -0.0443659 -0.0449578
0 -0.0358154 -0.0462277 -0.0469581
0 -0.0365875 -0.0479806 -0.0488383
0 -0.0372819 -0.0495982 -0.0505778
0 -0.0378852 -0.051059 -0.0521596
0 -0.0383921 -0.0523492 -0.0535718
0 -0.0388049 -0.0534643 -0.0548095
0 -0.0391327 -0.0544068 -0.0558714
0 -0.0393858 -0.0551805 -0.0567557
0 -0.0395711 -0.0557882 -0.0574581
0 -0.0396927 -0.05623 -0.0579724
0 -0.0397512 -0.0565029 -0.0582914
0 -0.0397438 -0.0566017 -0.0584072
0 -0.0396686 -0.0565214 -0.0583156
0 -0.0395278 -0.0562618 -0.0580187
0 -0.0393251 -0.0558265 -0.0575234
0 -0.0390637 -0.0552216 -0.0568385
0 -0.0387459 -0.0544549 -0.0559744
0 -0.0383726 -0.0535366 -0.0549428
0 -0.0379445 -0.0524783 -0.0537561
0 -0.0374575 -0.0512886 -0.0524234
0 -0.0369014 -0.0499705 -0.0509485
0 -0.0362649 -0.0485247 -0.0493334
0 -0.0355373 -0.04695 -0.0475794
0 -0.0347088 -0.0452427 -0.0456858
0 -0.0337751 -0.0434004 -0.0436536
0 -0.0327411 -0.0414274 -0.041489
0 -0.0316222 -0.0393342 -0.0392028
0 -0.0304426 -0.0371355 -0.0368103
0 -0.0292334 -0.03485 -0.0343312
0 -0.0280252 -0.032501 -0.0317884
0 -0.0268409 -0.030114 -0.0292035
0 -0.0257064 -0.0277152 -0.0265969
0 -0.0246415 -0.0253283 -0.023987
0 -0.0236524 -0.0229725 -0.0213899
0 -0.0227423 -0.0206661 -0.0188246
0 -0.021914 -0.0184272 -0.0163142
0 -0.021168 -0.0162743 -0.0138851
0 -0.0205045 -0.0142267 -0.0115673
0 -0.0199252 -0.0123036 -0.00939181
0 -0.0194274 -0.010521 -0.00738594
0 -0.0190047 -0.00889111 -0.00557042
0 -0.0186531 -0.00742792 -0.00396338
0 -0.0183714 -0.00614845 -0.00258148
0 -0.0181606 -0.00507129 -0.00143913
0 -0.0180267 -0.00421869 -0.000551486
0 -0.0179789 -0.0036151 6.56465e-05
0 -0.0180271 -0.00328441 0.000397179
0 -0.0181799 -0.00324904 0.00042821
0 -0.0184429 -0.00352724 0.000144994
0 -0.0188173 -0.00412981 -0.00046434
0 -0.0193012 -0.00505729 -0.00140895
0 -0.0198907 -0.0062989 -0.00269307
0 -0.0205772 -0.00783274 -0.0043129
0 -0.0213505 -0.00963012 -0.00625672
0 -0.0222015 -0.0116608 -0.00850608
0 -0.023122 -0.0138949 -0.0110347
0 -0.0241036 -0.0163034 -0.0138074
0 -0.0251375 -0.0188582 -0.0167812
0 -0.0262171 -0.0215351 -0.01991
0 -0.0273408 -0.0243155 -0.023151
0 -0.0285116 -0.0271835 -0.0264649
0 -0.0297379 -0.0301235 -0.0298164
0 -0.0310252 -0.0331184 -0.0331729
0 -0.0323567 -0.0361479 -0.036504
0 -0.0337076 -0.0391856 -0.0397819
0 -0.0350581 -0.0421962 -0.0429788
0 -0.0363766 -0.04514 -0.0460691
0 -0.0376324 -0.0479775 -0.0490325
0 -0.0388023 -0.0506716 -0.0518506
0 -0.039861 -0.0531886 -0.0545045
0 -0.0407894 -0.0555013 -0.0569748
0 -0.0415759 -0.0575894 -0.0592428
0 -0.0422127 -0.0594391 -0.0612887
0 -0.0426973 -0.0610422 -0.0630922
0 -0.0430348 -0.0623963 -0.0646361
0 -0.0432355 -0.0635034 -0.0659072
0 -0.0433112 -0.0643651 -0.0668943
0 -0.0432738 -0.0649803 -0.0675889
0 -0.0431344 -0.0653442 -0.067985
0 -0.042904 -0.0654488 -0.0680798
0 -0.0425946 -0.0652849 -0.0678738
0 -0.0422193 -0.0648453 -0.0673716
0 -0.0417911 -0.0641284 -0.0665808
0 -0.0413241 -0.0631446 -0.0655148
0 -0.0408325 -0.0619173 -0.0641924
0 -0.0403241 -0.0604773 -0.0626333
0 -0.0397995 -0.058858 -0.0608572
0 -0.0392526 -0.0570929 -0.0588854
0 -0.0386725 -0.0552126 -0.0567424
0 -0.0380458 -0.0532434 -0.0544568
0 -0.0373586 -0.0512056 -0.0520609
0 -0.0365989 -0.0491136 -0.0495893
0 -0.0357605 -0.0469806 -0.0470782
0 -0.0348455 -0.0448217 -0.0445626
0 -0.0338648 -0.0426511 -0.0420748
0 -0.0328369 -0.0404821 -0.0396447
0 -0.0317827 -0.0383291 -0.0372953
0 -0.0307206 -0.0362071 -0.0350406
0 -0.0296629 -0.0341336 -0.0328869
0 -0.0286227 -0.0321288 -0.0308353
0 -0.0276206 -0.0302134 -0.0288842
0 -0.02668 -0.028408 -0.0270328
0 -0.0258219 -0.0267312 -0.025283
0 -0.025064 -0.0251966 -0.0236395
0 -0.0244193 -0.0238137 -0.022111
0 -0.0238975 -0.0225889 -0.0207115
0 -0.0235018 -0.0215246 -0.0194569
0 -0.0232297 -0.0206193 -0.0183627
0 -0.0230734 -0.0198704 -0.0174441
0 -0.0230227 -0.0192769 -0.0167148
0 -0.0230645 -0.0188392 -0.0161844
0 -0.0231819 -0.0185581 -0.0158564
0 -0.0233559 -0.0184352 -0.0157288
0 -0.023568 -0.0184731 -0.0157955
0 -0.0238007 -0.0186739 -0.0160476
0 -0.0240388 -0.0190369 -0.0164739
0 -0.0242719 -0.0195573 -0.0170629
0 -0.0244971 -0.0202261 -0.0178049
0 -0.0247187 -0.0210299 -0.018692
0 -0.0249451 -0.0219509 -0.0197151
0 -0.0251884 -0.0229692 -0.020864
0 -0.0254631 -0.0240657 -0.0221265
0 -0.0257845 -0.0252242 -0.0234877
0 -0.0261654 -0.0264319 -0.0249297
0 -0.0266137 -0.0276782 -0.0264305
0 -0.0271307 -0.0289539 -0.0279653
0 -0.0277127 -0.0302518 -0.0295094
0 -0.028351 -0.0315659 -0.03104
0 -0.0290329 -0.0328897 -0.032538
0 -0.0297431 -0.0342145 -0.0339888
0 -0.0304668 -0.0355309 -0.035383
0 -0.0311888 -0.0368289 -0.0367159
0 -0.0318904 -0.0380962 -0.0379872
0 -0.0325546 -0.039319 -0.0391997
0 -0.0331709 -0.0404832 -0.0403578
0 -0.033728 -0.0415753 -0.0414662
0 -0.0342162 -0.0425838 -0.042527
0 -0.0346316 -0.0435001 -0.0435386
0 -0.0349727 -0.0443193 -0.0444945
0 -0.0352393 -0.0450398 -0.0453836
0 -0.0354351 -0.0456632 -0.0461907
0 -0.0355667 -0.0461935 -0.0468987
0 -0.0356417 -0.0466351 -0.0474915
0 -0.0356697 -0.0469913 -0.0479562
0 -0.0356605 -0.0472622 -0.0482847
0 -0.0356233 -0.0474457 -0.0484747
0 -0.0355673 -0.0475375 -0.0485301
0 -0.0355003 -0.0475328 -0.0484593
0 -0.0354281 -0.0474272 -0.0482736
0 -0.0353536 -0.0472186 -0.047985
0 -0.0352764 -0.0469085 -0.0476045
0 -0.0351922 -0.0465019 -0.0471406
0 -0.0350935 -0.0460076 -0.0465989
0 -0.0349712 -0.0454368 -0.0459828
0 -0.0348154 -0.0448022 -0.0452955
0 -0.0346173 -0.0441166 -0.0445409
0 -0.0343704 -0.0433914 -0.0437249
0 -0.034071 -0.0426356 -0.0428557
0 -0.0337198 -0.0418561 -0.0419446
0 -0.0333212 -0.0410582 -0.0410042
0 -0.032883 -0.0402449 -0.040048
0 -0.0324162 -0.0394182 -0.0390885
0 -0.0319323 -0.0385801 -0.0381375
0 -0.0314425 -0.0377328 -0.0372047
0 -0.0309582 -0.03688 -0.0362968
0 -0.0304908 -0.0360272 -0.0354166
0 -0.0300499 -0.0351821 -0.0345642
0 -0.0296413 -0.0343543 -0.033737
0 -0.0292692 -0.0335545 -0.0329316
0 -0.0289367 -0.0327934 -0.0321451
0 -0.0286445 -0.0320809 -0.0313773
0 -0.0283926 -0.0314253 -0.0306314
0 -0.0281797 -0.030832 -0.0299153
0 -0.0280037 -0.0303035 -0.0292404
0 -0.0278623 -0.0298403 -0.0286212
0 -0.0277523 -0.0294414 -0.0280731
0 -0.0276702 -0.0291056 -0.0276105
0 -0.0276123 -0.0288319 -0.0272452
0 -0.0275747 -0.0286206 -0.026985
0 -0.0275539 -0.0284733 -0.0268325
0 -0.0275468 -0.0283931 -0.0267856
0 -0.0275514 -0.0283837 -0.0268382
0 -0.0275666 -0.0284487 -0.0269811
0 -0.0275935 -0.0285903 -0.0272043
0 -0.0276345 -0.0288086 -0.0274982
0 -0.0276937 -0.0291009 -0.0278547
0 -0.0277762 -0.0294621 -0.0282677
0 -0.0278872 -0.0298845 -0.0287327
0 -0.0280316 -0.0303591 -0.0292468
0 -0.0282128 -0.0308765 -0.0298071
0 -0.0284322 -0.0314275 -0.0304106
0 -0.0286893 -0.0320042 -0.0310527
0 -0.0289809 -0.0326004 -0.0317276
0 -0.0293017 -0.0332117 -0.0324277
0 -0.029645 -0.0338351 -0.0331443
0 -0.0300029 -0.0344686 -0.0338687
0 -0.0303672 -0.0351103 -0.0345922
0 -0.03073 -0.035758 -0.0353078
0 -0.031084 -0.0364084 -0.03601
0 -0.0314224 -0.037057 -0.0366952
0 -0.0317388 -0.0376981 -0.0373617
0 -0.0320284 -0.0383247 -0.0380084
0 -0.0322886 -0.0389292 -0.0386355
0 -0.032519 -0.039504 -0.0392424
0 -0.0327196 -0.0400415 -0.039828
0 -0.0328921 -0.0405353 -0.0403891
0 -0.0330387 -0.0409804 -0.0409205
0 -0.0331622 -0.0413736 -0.0414152
0 -0.0332651 -0.0417134 -0.0418643
0 -0.0333502 -0.0419999 -0.0422576
0 -0.0334199 -0.0422345 -0.0425847
0 -0.0334759 -0.0424188 -0.0428367
0 -0.0335195 -0.0425538 -0.0430073
0 -0.0335517 -0.0426396 -0.0430944
0 -0.0335726 -0.0426752 -0.0430998
0 -0.0335818 -0.0426585 -0.0430287
0 -0.0335783 -0.0425874 -0.042889
0 -0.0335599 -0.0424604 -0.0426894
0 -0.0335243 -0.0422776 -0.0424385
0 -0.0334684 -0.0420404 -0.0421436
0 -0.0333889 -0.0417525 -0.0418104
0 -0.0332831 -0.041419 -0.0414426
0 -0.0331488 -0.0410459 -0.0410427
0 -0.032985 -0.0406401 -0.0406125
0 -0.0327922 -0.0402082 -0.0401533
0 -0.0325723 -0.0397557 -0.0396666
