0 -0.0391963 -0.0752608 -0.0741473
0 -0.0390123 -0.0749056 -0.0737685
0 -0.0388367 -0.0745685 -0.0734066
0 -0.0386703 -0.07425 -0.0730617
0 -0.0385141 -0.0739507 -0.0727345
0 -0.0383688 -0.0736709 -0.0724253
0 -0.0382352 -0.073411 -0.0721348
0 -0.0381138 -0.0731712 -0.0718634
0 -0.0380053 -0.0729517 -0.0716118
0 -0.03791 -0.0727527 -0.0713807
0 -0.0378282 -0.0725741 -0.0711707
0 -0.0377601 -0.072416 -0.0709824
0 -0.0377057 -0.0722785 -0.0708164
0 -0.0376651 -0.0721615 -0.0706732
0 -0.0376379 -0.0720649 -0.0705535
0 -0.0376238 -0.0719889 -0.0704575
0 -0.0376225 -0.0719334 -0.0703856
0 -0.0376334 -0.0718984 -0.070338
0 -0.0376558 -0.071884 -0.0703149
0 -0.0376892 -0.0718902 -0.0703163
0 -0.0377327 -0.0719171 -0.070342
0 -0.0377855 -0.0719647 -0.070392
0 -0.0378469 -0.072033 -0.0704661
0 -0.0379159 -0.072122 -0.0705637
0 -0.0379916 -0.0722315 -0.0706847
0 -0.0380734 -0.0723613 -0.0708284
0 -0.0381602 -0.072511 -0.0709942
0 -0.0382514 -0.0726802 -0.0711816
0 -0.0383464 -0.0728684 -0.07139
0 -0.0384448 -0.0730751 -0.0716188
0 -0.0385463 -0.0732996 -0.0718676
0 -0.0386505 -0.0735412 -0.0721356
0 -0.0387573 -0.073799 -0.0724223
0 -0.0388664 -0.074072 -0.0727268
0 -0.038978 -0.0743592 -0.0730484
0 -0.0390922 -0.0746597 -0.0733863
0 -0.0392091 -0.0749724 -0.0737398
0 -0.039329 -0.0752963 -0.074108
0 -0.0394521 -0.0756302 -0.0744897
0 -0.0395786 -0.075973 -0.0748839
0 -0.0397088 -0.0763237 -0.0752894
0 -0.0398432 -0.0766815 -0.0757051
0 -0.0399821 -0.0770456 -0.0761298
0 -0.0401256 -0.077415 -0.0765619
0 -0.0402739 -0.0777889 -0.0770002
0 -0.0404274 -0.078167 -0.0774431
0 -0.0405861 -0.0785486 -0.0778895
0 -0.0407497 -0.0789332 -0.0783377
0 -0.0409175 -0.0793196 -0.0787859
0 -0.0410887 -0.0797068 -0.0792321
0 -0.0412624 -0.0800935 -0.0796742
0 -0.0414379 -0.0804785 -0.0801107
0 -0.0416141 -0.0808608 -0.08054
0 -0.0417902 -0.0812396 -0.0809611
0 -0.0419656 -0.0816138 -0.0813728
0 -0.0421393 -0.0819823 -0.0817743
0 -0.0423106 -0.082344 -0.0821647
0 -0.0424789 -0.0826984 -0.0825438
0 -0.0426453 -0.0830457 -0.0829126
0 -0.0428111 -0.0833868 -0.0832724
0 -0.0429771 -0.0837219 -0.0836244
0 -0.0431434 -0.0840508 -0.0839692
0 -0.0433097 -0.084373 -0.0843069
0 -0.0434757 -0.0846877 -0.0846377
0 -0.0436407 -0.0849946 -0.0849615
0 -0.0438041 -0.0852931 -0.0852785
0 -0.043965 -0.0855824 -0.0855881
0 -0.0441222 -0.0858617 -0.0858899
0 -0.0442746 -0.0861304 -0.0861831
0 -0.0444216 -0.0863883 -0.0864676
0 -0.0445633 -0.0866361 -0.0867437
0 -0.0446997 -0.0868744 -0.0870117
0 -0.0448306 -0.0871035 -0.0872716
0 -0.0449552 -0.0873233 -0.0875226
0 -0.0450728 -0.0875338 -0.0877642
0 -0.0451825 -0.0877345 -0.0879951
0 -0.0452811 -0.0879227 -0.0882123
0 -0.045364 -0.0880941 -0.0884108
0 -0.0454264 -0.0882441 -0.0885855
0 -0.0454665 -0.0883705 -0.088734
0 -0.0454866 -0.0884752 -0.088858
0 -0.0454915 -0.088562 -0.0889612
0 -0.0454835 -0.0886321 -0.089045
0 -0.0454605 -0.0886822 -0.0891062
0 -0.0454186 -0.0887073 -0.0891401
0 -0.0453575 -0.0887055 -0.0891449
0 -0.0452827 -0.0886805 -0.089125
0 -0.045203 -0.0886394 -0.0890875
0 -0.045125 -0.0885872 -0.0890379
0 -0.0450516 -0.0885254 -0.0889777
0 -0.0449831 -0.0884534 -0.0889067
0 -0.0449194 -0.0883706 -0.0888239
0 -0.044859 -0.0882749 -0.0887273
0 -0.0447972 -0.0881619 -0.088612
0 -0.0447277 -0.0880253 -0.0884714
0 -0.0446476 -0.0878627 -0.0883026
0 -0.044562 -0.0876795 -0.0881105
0 -0.0444818 -0.0874872 -0.0879059
0 -0.0444159 -0.0872955 -0.0876984
0 -0.0443662 -0.0871076 -0.0874904
0 -0.0443289 -0.0869213 -0.0872792
0 -0.044299 -0.0867337 -0.0870618
0 -0.0442737 -0.0865436 -0.0868369
0 -0.0442501 -0.0863505 -0.0866038
0 -0.0442242 -0.0861521 -0.0863604
0 -0.0441903 -0.0859447 -0.0861034
0 -0.0441424 -0.0857241 -0.0858292
0 -0.0440752 -0.0854863 -0.0855344
0 -0.0439835 -0.0852271 -0.0852156
0 -0.0438615 -0.0849412 -0.0848685
0 -0.0437028 -0.0846222 -0.0844878
0 -0.0435039 -0.084266 -0.0840705
0 -0.0432683 -0.0838749 -0.08362
0 -0.0430061 -0.0834574 -0.0831461
0 -0.0427276 -0.0830221 -0.0826583
0 -0.042437 -0.0825714 -0.0821601
0 -0.0421338 -0.0821034 -0.0816502
0 -0.0418192 -0.0816178 -0.0811288
0 -0.0414993 -0.0811181 -0.0805997
0 -0.0411821 -0.0806104 -0.0800689
0 -0.0408739 -0.0800998 -0.0795409
0 -0.0405781 -0.0795891 -0.0790177
0 -0.0402947 -0.0790777 -0.0784975
0 -0.0400215 -0.0785635 -0.0779766
0 -0.0397573 -0.0780454 -0.0774523
0 -0.0395052 -0.077527 -0.0769261
0 -0.0392707 -0.0770147 -0.0764026
0 -0.0390567 -0.0765129 -0.0758838
0 -0.0388611 -0.0760211 -0.0753677
0 -0.0386808 -0.0755384 -0.0748514
0 -0.0385159 -0.0750669 -0.0743359
0 -0.0383663 -0.0746088 -0.0738224
0 -0.0382266 -0.074161 -0.0733075
0 -0.0380867 -0.0737153 -0.0727833
0 -0.0379369 -0.0732636 -0.0722425
0 -0.0377707 -0.0728006 -0.0716812
0 -0.0375815 -0.0723204 -0.0710954
0 -0.0373602 -0.0718139 -0.0704783
0 -0.0370968 -0.0712704 -0.0698217
0 -0.0367864 -0.0706836 -0.0691222
0 -0.0364317 -0.070054 -0.0683833
0 -0.0360402 -0.0693867 -0.0676129
0 -0.0356201 -0.0686872 -0.0668187
0 -0.0351785 -0.0679595 -0.066007
0 -0.0347223 -0.0672078 -0.0651833
0 -0.0342617 -0.0664398 -0.0643561
0 -0.0338126 -0.0656693 -0.0635392
0 -0.0333967 -0.0649169 -0.0627525
0 -0.0330358 -0.0642042 -0.062016
0 -0.0327425 -0.0635448 -0.0613414
0 -0.0325138 -0.0629376 -0.0607249
0 -0.0323351 -0.0623707 -0.0601516
0 -0.0321918 -0.0618331 -0.0596074
0 -0.0320768 -0.0613215 -0.059086
0 -0.0319868 -0.060837 -0.0585856
0 -0.0319154 -0.0603772 -0.0581014
0 -0.0318491 -0.0599326 -0.0576223
0 -0.0317737 -0.0594923 -0.057136
0 -0.0316809 -0.0590509 -0.0566367
0 -0.0315692 -0.058609 -0.0561252
0 -0.0314364 -0.0581657 -0.055602
0 -0.0312738 -0.0577131 -0.0550607
0 -0.0310688 -0.057238 -0.0544904
0 -0.0308148 -0.0567325 -0.0538863
0 -0.0305197 -0.0562027 -0.0532573
0 -0.030204 -0.0556666 -0.052625
0 -0.0298922 -0.055146 -0.0520141
0 -0.0296051 -0.0546594 -0.0514462
0 -0.0293591 -0.0542207 -0.0509376
0 -0.0291673 -0.0538418 -0.0505022
0 -0.0290424 -0.0535348 -0.0501531
0 -0.0289975 -0.0533129 -0.0499041
0 -0.0290455 -0.0531908 -0.0497698
0 -0.0291987 -0.0531842 -0.0497647
0 -0.0294682 -0.0533089 -0.0499031
0 -0.0298621 -0.0535794 -0.0501975
0 -0.030384 -0.0540072 -0.0506568
0 -0.0310315 -0.0545993 -0.0512854
0 -0.0317965 -0.0553584 -0.0520832
0 -0.0326662 -0.0562831 -0.0530467
0 -0.0336252 -0.0573698 -0.0541703
0 -0.0346576 -0.0586145 -0.0554491
0 -0.0357498 -0.0600148 -0.0568804
0 -0.0368909 -0.0615694 -0.0584645
0 -0.0380687 -0.0632738 -0.0601991
0 -0.039265 -0.0651148 -0.0620747
0 -0.0404555 -0.0670701 -0.064074
0 -0.0416139 -0.0691144 -0.0661771
0 -0.042719 -0.0712249 -0.0683674
0 -0.0437578 -0.0733826 -0.0706322
0 -0.044725 -0.0755704 -0.0729604
0 -0.045619 -0.0777711 -0.0753398
0 -0.0464313 -0.0799664 -0.0777559
0 -0.0471464 -0.0821382 -0.0801926
0 -0.0477532 -0.0842682 -0.0826311
0 -0.0482457 -0.086338 -0.0850509
0 -0.0486229 -0.0883351 -0.0874361
0 -0.0488989 -0.0902637 -0.0897838
0 -0.0491045 -0.092141 -0.0921055
0 -0.0492773 -0.0939863 -0.0944183
0 -0.0494488 -0.095817 -0.0967315
0 -0.0496317 -0.0976365 -0.0990354
0 -0.0498171 -0.0994267 -0.101301
0 -0.049986 -0.101161 -0.10349
0 -0.0501247 -0.102819 -0.105571
0 -0.0502365 -0.104398 -0.10753
0 -0.050344 -0.105916 -0.109376
0 -0.0504815 -0.107401 -0.11113
0 -0.0506825 -0.108881 -0.112815
0 -0.0509674 -0.110373 -0.114445
0 -0.0513387 -0.111876 -0.11602
0 -0.0517879 -0.11338 -0.117533
0 -0.052306 -0.114873 -0.118977
0 -0.0528894 -0.116353 -0.120356
0 -0.0535399 -0.117819 -0.121681
0 -0.0542597 -0.119276 -0.122965
0 -0.0550454 -0.120721 -0.124217
0 -0.0558837 -0.122143 -0.125438
0 -0.0567531 -0.123523 -0.126621
0 -0.0576291 -0.124842 -0.127757
0 -0.0584887 -0.126079 -0.128835
0 -0.0593144 -0.127222 -0.129851
0 -0.0600959 -0.128264 -0.130805
0 -0.0608306 -0.129208 -0.131702
0 -0.0615175 -0.130059 -0.13255
0 -0.0621434 -0.130807 -0.133338
0 -0.0626789 -0.13143 -0.134042
0 -0.0630928 -0.131903 -0.134632
0 -0.0633732 -0.132219 -0.135093
0 -0.0635326 -0.132396 -0.135437
0 -0.0635924 -0.132459 -0.13568
0 -0.0635639 -0.132423 -0.135827
0 -0.0634369 -0.132281 -0.135862
0 -0.0631852 -0.132009 -0.135753
0 -0.0627862 -0.131584 -0.135467
0 -0.0622397 -0.131001 -0.134996
0 -0.061567 -0.130277 -0.13435
0 -0.0607918 -0.129428 -0.133542
0 -0.0599261 -0.128455 -0.132573
0 -0.0589713 -0.12735 -0.131434
0 -0.0579296 -0.126105 -0.130119
0 -0.056809 -0.124713 -0.128625
0 -0.0556231 -0.123178 -0.126958
0 -0.0543873 -0.121502 -0.125126
0 -0.0531145 -0.119687 -0.123134
0 -0.0518113 -0.117729 -0.120984
0 -0.0504796 -0.115624 -0.118674
0 -0.0491238 -0.113369 -0.116206
0 -0.0477587 -0.110977 -0.113593
0 -0.0464113 -0.108472 -0.110861
0 -0.045117 -0.105892 -0.108048
0 -0.0439102 -0.103276 -0.105193
0 -0.0428145 -0.100654 -0.102323
0 -0.0418414 -0.0980474 -0.0994578
0 -0.0409972 -0.095473 -0.0966106
0 -0.040285 -0.0929452 -0.0937941
0 -0.0397003 -0.0904733 -0.0910146
0 -0.0392242 -0.088058 -0.0882698
0 -0.0388263 -0.0856928 -0.0855522
0 -0.038483 -0.0833705 -0.0828569
0 -0.0381844 -0.0810953 -0.0801884
0 -0.037929 -0.0788812 -0.0775626
0 -0.0377183 -0.0767419 -0.0750005
0 -0.0375487 -0.0746846 -0.0725177
0 -0.0374079 -0.0727083 -0.0701208
0 -0.0372824 -0.0708081 -0.0678139
0 -0.0371661 -0.0689838 -0.0656071
0 -0.0370599 -0.0672429 -0.0635169
0 -0.0369637 -0.0655909 -0.0615567
0 -0.0368665 -0.0640212 -0.0597271
0 -0.0367474 -0.0625163 -0.0580159
0 -0.0365828 -0.0610558 -0.0564063
0 -0.0363539 -0.0596236 -0.0548831
0 -0.0360481 -0.058209 -0.0534348
0 -0.0356602 -0.0568085 -0.052054
0 -0.0351949 -0.0554273 -0.0507407
0 -0.0346656 -0.0540791 -0.0495008
0 -0.0340895 -0.0527804 -0.0483422
0 -0.0334832 -0.0515471 -0.0472711
0 -0.032864 -0.0503948 -0.046293
0 -0.0322534 -0.0493431 -0.0454177
0 -0.0316772 -0.0484159 -0.0446596
0 -0.0311612 -0.0476369 -0.0440338
0 -0.0307259 -0.0470245 -0.0435517
0 -0.0303829 -0.0465881 -0.0432166
0 -0.0301307 -0.0463241 -0.043021
0 -0.0299546 -0.046215 -0.0429452
0 -0.0298315 -0.046234 -0.0429627
0 -0.029738 -0.0463525 -0.0430473
0 -0.0296542 -0.0465436 -0.043177
0 -0.0295686 -0.0467876 -0.0433393
0 -0.0294827 -0.0470766 -0.0435345
0 -0.0294103 -0.0474142 -0.0437757
0 -0.0293722 -0.0478107 -0.0440831
0 -0.0293917 -0.0482793 -0.044479
0 -0.0294883 -0.0488305 -0.0449823
0 -0.029666 -0.0494609 -0.0455965
0 -0.029905 -0.0501451 -0.046301
0 -0.0301706 -0.0508439 -0.0470596
0 -0.0304319 -0.0515236 -0.0478394
0 -0.0306721 -0.0521658 -0.0486205
0 -0.0308893 -0.0527677 -0.0493967
0 -0.031093 -0.053339 -0.0501724
0 -0.0313013 -0.0538986 -0.0509592
0 -0.0315356 -0.0544697 -0.0517724
0 -0.0318175 -0.0550765 -0.0526271
0 -0.0321664 -0.0557422 -0.0535376
0 -0.0325975 -0.0564865 -0.0545148
0 -0.0331198 -0.0573243 -0.0555655
0 -0.033737 -0.0582656 -0.0566928
0 -0.0344474 -0.0593159 -0.0578969
0 -0.0352422 -0.0604736 -0.0591725
0 -0.036102 -0.0617263 -0.0605056
0 -0.0369991 -0.0630529 -0.0618753
0 -0.0379083 -0.0644334 -0.063264
0 -0.03882 -0.0658617 -0.0646702
0 -0.0397402 -0.0673465 -0.0661088
0 -0.0406803 -0.0689004 -0.0676001
0 -0.0416449 -0.0705274 -0.0691569
0 -0.0426252 -0.0722152 -0.0707761
0 -0.043599 -0.0739358 -0.0724387
0 -0.0445341 -0.0756549 -0.0741194
0 -0.0453975 -0.0773431 -0.0757963
0 -0.0461695 -0.0789803 -0.0774564
0 -0.0468477 -0.0805591 -0.0790972
0 -0.0474425 -0.0820843 -0.0807271
0 -0.0479708 -0.0835695 -0.0823612
0 -0.0484519 -0.0850309 -0.0840155
0 -0.048906 -0.0864842 -0.0857034
0 -0.0493519 -0.087943 -0.0874345
0 -0.0498013 -0.0894145 -0.0892113
0 -0.0502556 -0.0908966 -0.0910262
0 -0.0507133 -0.0923854 -0.0928677
0 -0.0511816 -0.0938862 -0.0947317
0 -0.0516782 -0.0954156 -0.0966247
0 -0.0522222 -0.0969922 -0.0985549
0 -0.0528184 -0.098621 -0.100517
0 -0.053446 -0.100282 -0.102482
0 -0.0540656 -0.101938 -0.104404
0 -0.0546385 -0.103548 -0.106237
0 -0.0551455 -0.105094 -0.107959
0 -0.0555926 -0.106579 -0.109569
0 -0.056 -0.108018 -0.111087
0 -0.0563817 -0.109423 -0.112524
0 -0.0567314 -0.11078 -0.113873
0 -0.0570262 -0.112064 -0.115112
0 -0.0572401 -0.113241 -0.116218
0 -0.057354 -0.114286 -0.117174
0 -0.0573649 -0.115188 -0.117977
0 -0.0572916 -0.11596 -0.118647
0 -0.0571734 -0.11663 -0.119224
0 -0.0570537 -0.117235 -0.11975
0 -0.0569575 -0.117792 -0.12025
0 -0.0568803 -0.118292 -0.120718
0 -0.0567965 -0.118704 -0.121128
0 -0.0566786 -0.118999 -0.12145
0 -0.0565092 -0.119157 -0.121665
0 -0.056284 -0.11917 -0.121763
0 -0.0560126 -0.119046 -0.121748
0 -0.0557166 -0.118806 -0.121635
0 -0.0554233 -0.118474 -0.121442
0 -0.0551583 -0.118077 -0.121189
0 -0.0549391 -0.117636 -0.120888
0 -0.0547715 -0.117161 -0.120539
0 -0.054649 -0.116652 -0.120133
0 -0.0545541 -0.116101 -0.119651
0 -0.05446 -0.115488 -0.11907
0 -0.0543347 -0.114793 -0.118358
0 -0.0541495 -0.113994 -0.117492
0 -0.053892 -0.113086 -0.116465
0 -0.053572 -0.112085 -0.115291
0 -0.0532124 -0.111018 -0.114002
0 -0.052832 -0.109906 -0.112622
0 -0.0524369 -0.108758 -0.111168
0 -0.0520211 -0.10757 -0.109644
0 -0.0515744 -0.106333 -0.108051
0 -0.0510898 -0.105041 -0.106393
0 -0.0505703 -0.103697 -0.104684
0 -0.0500282 -0.102313 -0.102947
0 -0.0494812 -0.100907 -0.101207
0 -0.0489465 -0.0994978 -0.0994903
0 -0.0484382 -0.0981016 -0.097818
0 -0.0479646 -0.0967304 -0.0962048
0 -0.0475297 -0.0953929 -0.094661
0 -0.0471395 -0.0940992 -0.0931982
0 -0.0468073 -0.0928671 -0.091834
0 -0.0465504 -0.0917202 -0.0905902
0 -0.0463806 -0.0906789 -0.089483
0 -0.0462956 -0.0897497 -0.0885143
0 -0.0462785 -0.0889255 -0.0876715
0 -0.0463073 -0.0881949 -0.086937
0 -0.0463621 -0.087549 -0.0862953
0 -0.0464223 -0.0869764 -0.0857294
0 -0.0464594 -0.0864566 -0.0852136
0 -0.0464402 -0.0859632 -0.0847174
0 -0.0463421 -0.0854781 -0.0842198
0 -0.0461641 -0.0850028 -0.0837202
0 -0.0459205 -0.0845514 -0.0832323
0 -0.0456262 -0.0841366 -0.0827695
0 -0.0452878 -0.0837614 -0.0823365
0 -0.0449049 -0.083419 -0.0819303
0 -0.0444745 -0.0830982 -0.081544
0 -0.0439956 -0.0827882 -0.0811719
0 -0.0434726 -0.082482 -0.0808127
0 -0.0429179 -0.0821791 -0.0804717
0 -0.0423563 -0.0818911 -0.0801658
0 -0.0418263 -0.0816437 -0.0799246
0 -0.0413717 -0.0814685 -0.0797831
0 -0.0410285 -0.0813916 -0.0797687
0 -0.0408156 -0.0814247 -0.0798928
0 -0.0407329 -0.0815629 -0.080148
0 -0.0407616 -0.0817849 -0.0805094
0 -0.0408634 -0.0820528 -0.0809335
0 -0.0409861 -0.0823154 -0.0813633
0 -0.0410858 -0.0825312 -0.0817506
0 -0.0411535 -0.0826937 -0.0820821
0 -0.041219 -0.0828354 -0.0823839
0 -0.041329 -0.0830064 -0.0827
0 -0.0415198 -0.0832467 -0.0830654
0 -0.041797 -0.0835659 -0.0834852
0 -0.0421282 -0.0839362 -0.0839281
0 -0.0424573 -0.084306 -0.0843397
0 -0.0427311 -0.084626 -0.0846696
0 -0.0429169 -0.0848662 -0.0848877
0 -0.0429968 -0.0850094 -0.084979
0 -0.0429535 -0.0850366 -0.084928
0 -0.0427644 -0.0849211 -0.0847126
0 -0.0424091 -0.0846356 -0.0843112
0 -0.0418815 -0.084165 -0.0837151
0 -0.0411999 -0.0835161 -0.0829375
0 -0.0404115 -0.0827234 -0.0820196
0 -0.0395952 -0.0818535 -0.0810344
0 -0.0388633 -0.0810082 -0.0800888
0 -0.0383424 -0.0803069 -0.079306
0 -0.0381203 -0.0798349 -0.0787727
0 -0.038193 -0.0795902 -0.0784867
0 -0.0384586 -0.0794774 -0.0783503
0 -0.0387666 -0.0793552 -0.0782182
0 -0.0389923 -0.0791098 -0.0779715
0 -0.0390952 -0.0787124 -0.0775757
0 -0.0391323 -0.0782317 -0.0770934
0 -0.0392155 -0.0777915 -0.0766431
0 -0.0394461 -0.0775056 -0.0763336
0 -0.0398726 -0.0774355 -0.0762222
0 -0.0404839 -0.0775843 -0.0763087
0 -0.0412288 -0.0779159 -0.0765548
0 -0.0420447 -0.0783824 -0.0769122
0 -0.0428777 -0.0789447 -0.0773431
0 -0.0436889 -0.0795768 -0.0778251
0 -0.0444518 -0.0802612 -0.078346
0 -0.0451514 -0.0809892 -0.0789041
0 -0.0457808 -0.0817569 -0.079504
0 -0.0463122 -0.0825363 -0.0801274
0 -0.0466672 -0.0832451 -0.0807022
0 -0.0467366 -0.0837657 -0.0811211
0 -0.046438 -0.0840037 -0.0812997
0 -0.0457605 -0.0839309 -0.0812189
0 -0.0447678 -0.0835893 -0.0809279
0 -0.0435707 -0.0830649 -0.0805172
0 -0.0422888 -0.0824513 -0.0800823
0 -0.0410217 -0.0818233 -0.0796961
0 -0.0398389 -0.0812283 -0.0794013
0 -0.0387855 -0.0806933 -0.0792158
0 -0.0378949 -0.0802383 -0.0791471
0 -0.0371997 -0.0798871 -0.0792041
0 -0.0367361 -0.0796706 -0.079403
0 -0.0365511 -0.0796345 -0.0797748
0 -0.0367044 -0.0798433 -0.0803669
0 -0.0372438 -0.0803571 -0.081221
0 -0.0381652 -0.0811893 -0.0823338
0 -0.0393786 -0.0822709 -0.0836224
0 -0.0407057 -0.083446 -0.0849194
0 -0.0419309 -0.0845186 -0.0860214
0 -0.0428784 -0.0853289 -0.0867661
0 -0.0434631 -0.0858047 -0.0870834
0 -0.0436944 -0.0859627 -0.0869977
0 -0.0436498 -0.0858799 -0.0865988
0 -0.0434377 -0.0856565 -0.0860041
0 -0.0431567 -0.0853792 -0.0853206
0 -0.0428603 -0.0850903 -0.0846101
0 -0.0425446 -0.0847756 -0.0838775
0 -0.042169 -0.0843824 -0.0830886
0 -0.0416933 -0.0838571 -0.0822083
0 -0.0411105 -0.0831797 -0.0812333
0 -0.0404633 -0.0823811 -0.0802078
0 -0.0398428 -0.0815434 -0.0792224
0 -0.0393699 -0.080783 -0.0783973
0 -0.0391656 -0.0802217 -0.0778527
0 -0.0393208 -0.0799578 -0.0776805
0 -0.0398772 -0.0800481 -0.0779262
0 -0.0408204 -0.0805006 -0.0785821
0 -0.0420816 -0.0812735 -0.0795887
0 -0.0435436 -0.0822805 -0.0808408
0 -0.0450573 -0.0834048 -0.0822026
0 -0.0464728 -0.0845244 -0.0835356
0 -0.0476691 -0.0855397 -0.0847263
0 -0.0485684 -0.0863932 -0.0857072
0 -0.0491535 -0.087082 -0.086471
0 -0.0494743 -0.0876591 -0.0870707
0 -0.0496241 -0.0882116 -0.0875968
0 -0.0496954 -0.0888229 -0.0881397
0 -0.0497438 -0.0895386 -0.0887542
0 -0.0497695 -0.0903462 -0.0894403
0 -0.0497204 -0.0911775 -0.0901444
0 -0.0495231 -0.0919384 -0.0907883
0 -0.0491183 -0.092547 -0.0913057
0 -0.0484779 -0.0929506 -0.0916585
0 -0.0476025 -0.0931219 -0.0918318
0 -0.0465123 -0.0930497 -0.0918247
0 -0.0452358 -0.0927326 -0.0916423
0 -0.0437997 -0.0921708 -0.0912869
0 -0.0422225 -0.0913557 -0.0907484
0 -0.0405153 -0.0902682 -0.0900035
0 -0.0386944 -0.0888954 -0.0890301
0 -0.0367986 -0.0872516 -0.087828
0 -0.0348945 -0.0853889 -0.0864304
0 -0.0330726 -0.0833946 -0.0849027
0 -0.0314418 -0.0813763 -0.0833283
0 -0.0301104 -0.0794419 -0.0817898
0 -0.0291602 -0.0776798 -0.0803508
0 -0.0286337 -0.0761458 -0.0790441
0 -0.0285315 -0.0748606 -0.0778704
0 -0.0288228 -0.0738191 -0.0768089
0 -0.0294607 -0.0730035 -0.0758317
0 -0.0303963 -0.0723961 -0.0749171
0 -0.0315876 -0.0719894 -0.0740581
0 -0.0329996 -0.0717867 -0.0732628
0 -0.0345876 -0.0717783 -0.0725361
0 -0.0362785 -0.0719206 -0.0718575
0 -0.0379871 -0.0721572 -0.0711965
0 -0.0396663 -0.0724636 -0.0705607
0 -0.0413301 -0.0728716 -0.0700186
0 -0.0430261 -0.0734487 -0.0696722
0 -0.0447882 -0.0742454 -0.0696073
0 -0.0466057 -0.0752617 -0.069859
0 -0.0484178 -0.0764472 -0.0704058
0 -0.0501268 -0.0777138 -0.0711828
0 -0.0516162 -0.0789531 -0.0720995
0 -0.0527692 -0.0800585 -0.0730601
0 -0.0534893 -0.080943 -0.0739811
0 -0.053716 -0.0815483 -0.0748013
0 -0.0534268 -0.0818482 -0.0754853
0 -0.05264 -0.0818518 -0.0760272
0 -0.0514206 -0.0816056 -0.0764543
0 -0.0498741 -0.0811867 -0.0768203
0 -0.0481231 -0.0806853 -0.0771886
0 -0.0462841 -0.0801845 -0.0776136
0 -0.0444563 -0.0797523 -0.0781325
0 -0.0427235 -0.0794459 -0.0787724
0 -0.0411678 -0.0793231 -0.0795609
0 -0.0398704 -0.0794423 -0.0805273
0 -0.0388888 -0.0798416 -0.0816857
0 -0.0382381 -0.0805152 -0.0830135
0 -0.0378862 -0.081415 -0.0844475
0 -0.037768 -0.0824676 -0.0858988
0 -0.0378075 -0.083588 -0.087274
0 -0.0379394 -0.0846993 -0.0884965
0 -0.0381266 -0.0857542 -0.0895236
0 -0.0383682 -0.0867419 -0.0903552
0 -0.0386902 -0.0876799 -0.0910248
0 -0.0391226 -0.0885917 -0.0915756
0 -0.0396817 -0.0894886 -0.0920418
0 -0.0403665 -0.0903685 -0.0924457
0 -0.0411709 -0.0912269 -0.092807
0 -0.0420935 -0.0920663 -0.0931523
0 -0.0431348 -0.0928954 -0.0935121
0 -0.0442864 -0.0937163 -0.0939064
0 -0.0455166 -0.0945101 -0.0943302
0 -0.0467656 -0.0952351 -0.094752
0 -0.0479582 -0.0958388 -0.095125
0 -0.0490241 -0.0962756 -0.0954036
0 -0.0499117 -0.0965161 -0.095555
0 -0.050587 -0.0965462 -0.0955593
0 -0.0510265 -0.0963614 -0.0954041
0 -0.0512165 -0.0959633 -0.0950825
0 -0.0511531 -0.0953605 -0.0945933
0 -0.0508388 -0.0945643 -0.0939374
0 -0.0502782 -0.0935842 -0.0931136
0 -0.0494794 -0.0924282 -0.0921195
0 -0.0484592 -0.0911079 -0.090957
0 -0.0472495 -0.0896453 -0.0896401
0 -0.0459008 -0.0880774 -0.088199
0 -0.0444792 -0.0864553 -0.0866789
0 -0.0430569 -0.0848366 -0.0851325
0 -0.0417033 -0.0832757 -0.0836103
0 -0.0404748 -0.0818165 -0.0821543
0 -0.0394108 -0.080492 -0.080797
0 -0.0385428 -0.0793281 -0.0795659
0 -0.0378993 -0.0783463 -0.0784851
0 -0.037502 -0.0775644 -0.0775749
0 -0.0373678 -0.0769989 -0.0768542
0 -0.037513 -0.0766712 -0.0763464
0 -0.0379522 -0.0766068 -0.0760784
0 -0.0386852 -0.0768205 -0.0760672
0 -0.0396821 -0.0772995 -0.0763043
0 -0.0408812 -0.0780014 -0.0767522
0 -0.0422018 -0.0788647 -0.0773555
0 -0.0435623 -0.0798273 -0.0780581
0 -0.0448947 -0.0808407 -0.0788185
0 -0.0461515 -0.0818739 -0.0796132
0 -0.0473012 -0.0829076 -0.0804303
0 -0.0483206 -0.0839283 -0.081265
0 -0.0491925 -0.084928 -0.0821179
0 -0.049907 -0.0859012 -0.0829917
0 -0.050456 -0.0868393 -0.0838847
0 -0.0508303 -0.0877303 -0.0847906
0 -0.0510274 -0.088567 -0.0857055
0 -0.0510582 -0.0893514 -0.0866336
0 -0.0509424 -0.0900914 -0.0875829
0 -0.0507008 -0.0907928 -0.0885576
0 -0.050355 -0.0914607 -0.0895588
0 -0.049932 -0.0921061 -0.0905901
0 -0.0494676 -0.0927485 -0.0916618
0 -0.0490016 -0.0934112 -0.0927864
0 -0.04857 -0.0941143 -0.0939729
0 -0.048201 -0.0948706 -0.0952235
0 -0.0479146 -0.0956843 -0.0965326
0 -0.047719 -0.0965514 -0.0978835
0 -0.0476045 -0.0974533 -0.0992434
0 -0.047544 -0.0983561 -0.100565
0 -0.0475069 -0.0992234 -0.101801
0 -0.0474756 -0.100032 -0.102919
0 -0.0474523 -0.10078 -0.103907
0 -0.0474524 -0.101475 -0.104772
0 -0.047497 -0.102134 -0.105526
0 -0.0476069 -0.102774 -0.106189
0 -0.0477979 -0.103405 -0.106775
0 -0.0480746 -0.10403 -0.107292
0 -0.0484258 -0.104637 -0.107738
0 -0.0488266 -0.105199 -0.108097
0 -0.0492484 -0.105689 -0.108352
0 -0.0496677 -0.106087 -0.108495
0 -0.050069 -0.106377 -0.108524
0 -0.0504374 -0.10655 -0.10844
0 -0.05075 -0.106586 -0.108233
0 -0.0509777 -0.106463 -0.107888
0 -0.0511003 -0.106166 -0.107398
0 -0.0511192 -0.105702 -0.106774
0 -0.0510525 -0.105097 -0.106043
0 -0.0509188 -0.104375 -0.105229
0 -0.0507253 -0.103551 -0.104345
0 -0.0504695 -0.102631 -0.103391
0 -0.0501446 -0.101615 -0.102363
0 -0.0497432 -0.100503 -0.101254
0 -0.0492598 -0.0992981 -0.100058
0 -0.048694 -0.0980043 -0.0987723
0 -0.0480544 -0.0966347 -0.0974028
0 -0.0473566 -0.0952085 -0.0959616
0 -0.0466175 -0.0937444 -0.0944619
0 -0.0458482 -0.0922547 -0.0929116
0 -0.0450535 -0.090744 -0.0913125
0 -0.0442337 -0.0892113 -0.0896622
0 -0.0433875 -0.0876528 -0.0879574
0 -0.0425144 -0.0860632 -0.086195
0 -0.0416143 -0.0844369 -0.0843724
0 -0.0406862 -0.08277 -0.0824899
0 -0.0397348 -0.0810652 -0.0805539
0 -0.0387753 -0.0793333 -0.0785789
0 -0.0378277 -0.0775892 -0.0765847
0 -0.0369089 -0.0758449 -0.0745884
0 -0.0360251 -0.074102 -0.0725971
0 -0.0351694 -0.0723515 -0.0706061
0 -0.0343306 -0.0705804 -0.0686069
0 -0.0335038 -0.0687826 -0.066597
0 -0.0326924 -0.0669614 -0.0645827
0 -0.0319009 -0.0651221 -0.0625709
0 -0.0311278 -0.063265 -0.0605622
0 -0.0303684 -0.0613875 -0.0585535
0 -0.0296233 -0.0594934 -0.0565469
0 -0.0289058 -0.0575995 -0.0545568
0 -0.0282429 -0.0557369 -0.0526115
0 -0.0276723 -0.0539487 -0.0507505
0 -0.0272352 -0.0522815 -0.049017
0 -0.0269661 -0.0507765 -0.0474489
0 -0.0268892 -0.0494655 -0.0460746
0 -0.0270192 -0.0483723 -0.0449151
0 -0.0273628 -0.0475151 -0.0439862
0 -0.0279176 -0.0469044 -0.0432965
0 -0.0286679 -0.0465385 -0.0428434
0 -0.0295841 -0.0464036 -0.0426129
0 -0.0306268 -0.0464767 -0.0425824
0 -0.0317528 -0.046731 -0.042727
0 -0.0329256 -0.0471466 -0.0430288
0 -0.0341245 -0.0477186 -0.0434862
0 -0.0353439 -0.0484569 -0.0441126
0 -0.0365848 -0.0493769 -0.0449273
0 -0.0378461 -0.050491 -0.0459466
0 -0.0391223 -0.051805 -0.0471806
0 -0.0404022 -0.0533186 -0.0486332
0 -0.0416713 -0.0550259 -0.0503037
0 -0.0429142 -0.0569163 -0.0521874
0 -0.0441168 -0.0589753 -0.0542763
0 -0.0452655 -0.0611853 -0.05656
0 -0.0463469 -0.063525 -0.0590244
0 -0.0473472 -0.0659686 -0.06165
0 -0.0482547 -0.0684856 -0.0644116
0 -0.0490613 -0.0710474 -0.0672841
0 -0.0497621 -0.073636 -0.0702514
0 -0.0503662 -0.0762484 -0.0733101
0 -0.0508979 -0.0788914 -0.0764635
0 -0.0513823 -0.0815726 -0.0797124
0 -0.0518383 -0.0842945 -0.0830495
0 -0.052278 -0.0870535 -0.0864578
0 -0.0527042 -0.0898397 -0.0899133
0 -0.0531151 -0.0926348 -0.0933877
0 -0.0535105 -0.0954206 -0.0968527
0 -0.0538941 -0.098191 -0.100284
0 -0.0542757 -0.100948 -0.103664
0 -0.0546739 -0.103701 -0.106988
0 -0.0551123 -0.106467 -0.110259
0 -0.0556127 -0.109264 -0.113483
0 -0.0561906 -0.112101 -0.11666
0 -0.0568553 -0.114986 -0.119791
0 -0.0576116 -0.11792 -0.122878
0 -0.0584598 -0.1209 -0.12592
0 -0.0593918 -0.123918 -0.128913
0 -0.0603877 -0.126949 -0.131843
0 -0.061418 -0.129963 -0.134692
0 -0.0624476 -0.132921 -0.137436
0 -0.0634384 -0.135783 -0.140051
0 -0.0643517 -0.138506 -0.14251
0 -0.0651504 -0.141049 -0.144791
0 -0.0658024 -0.143377 -0.146872
0 -0.0662825 -0.145459 -0.14874
0 -0.0665755 -0.147276 -0.150386
0 -0.0666744 -0.148816 -0.151811
0 -0.0665755 -0.150073 -0.153012
0 -0.0662725 -0.151036 -0.153983
0 -0.0657582 -0.151691 -0.154712
0 -0.0650291 -0.152028 -0.155184
0 -0.0640887 -0.152042 -0.15539
0 -0.06295 -0.151735 -0.155323
0 -0.0616333 -0.151116 -0.154982
0 -0.0601634 -0.150198 -0.154366
0 -0.0585665 -0.148994 -0.153476
0 -0.0568689 -0.147516 -0.152309
0 -0.0550964 -0.145776 -0.150864
0 -0.0532742 -0.143788 -0.149139
0 -0.051427 -0.141563 -0.147134
0 -0.0495788 -0.139118 -0.144851
0 -0.0477527 -0.136471 -0.142295
0 -0.0459702 -0.13364 -0.139475
0 -0.0442482 -0.130642 -0.136397
0 -0.0425957 -0.12749 -0.133067
0 -0.0410146 -0.124194 -0.129491
0 -0.0395034 -0.120757 -0.12567
0 -0.0380633 -0.117182 -0.12161
0 -0.0366861 -0.113466 -0.117314
0 -0.0353418 -0.109609 -0.112789
0 -0.0340026 -0.10561 -0.108048
0 -0.032658 -0.101471 -0.103107
0 -0.0313075 -0.0972011 -0.0979925
0 -0.0299562 -0.0928239 -0.0927364
0 -0.028609 -0.0883591 -0.0873767
0 -0.0272677 -0.0838132 -0.0819488
0 -0.0259363 -0.0791942 -0.0764861
0 -0.0246212 -0.074518 -0.0710216
0 -0.0233301 -0.0698008 -0.0655886
0 -0.0220725 -0.0650576 -0.0602206
0 -0.020861 -0.0603064 -0.0549501
0 -0.0197112 -0.0555699 -0.049808
0 -0.0186426 -0.0508738 -0.0448253
0 -0.0176777 -0.0462473 -0.0400321
0 -0.0168392 -0.0417214 -0.0354554
0 -0.0161469 -0.0373255 -0.0311154
0 -0.0156174 -0.0330859 -0.0270257
0 -0.0152678 -0.02903 -0.0231977
0 -0.0151164 -0.0251878 -0.0196423
0 -0.0151787 -0.0215877 -0.0163674
0 -0.015464 -0.0182542 -0.0133759
0 -0.0159784 -0.0152109 -0.0106704
0 -0.0167301 -0.0124845 -0.00825772
0 -0.0177287 -0.010104 -0.00614901
0 -0.0189782 -0.00809508 -0.00435524
0 -0.0204722 -0.00647452 -0.00288157
0 -0.0221922 -0.00524781 -0.00172562
0 -0.0241117 -0.00441247 -0.000880977
0 -0.0262015 -0.00396367 -0.000342987
0 -0.0284333 -0.00389689 -0.000111164
0 -0.0307773 -0.00420505 -0.000186083
0 -0.0332008 -0.00487408 -0.00056477
0 -0.0356664 -0.0058821 -0.00124026
0 -0.0381328 -0.00720362 -0.00220576
0 -0.0405659 -0.00881572 -0.00345833
0 -0.0429379 -0.0106995 -0.00499712
0 -0.045216 -0.0128356 -0.0068183
0 -0.0473647 -0.0152009 -0.00891416
0 -0.0493567 -0.017774 -0.0112779
0 -0.0511801 -0.0205382 -0.0139074
0 -0.0528345 -0.023478 -0.0168021
0 -0.05432 -0.0265744 -0.0199578
0 -0.0556268 -0.0298033 -0.0233628
0 -0.0567414 -0.0331355 -0.0269987
0 -0.0576601 -0.0365399 -0.0308415
0 -0.0583862 -0.0399851 -0.0348623
0 -0.0589189 -0.0434384 -0.0390259
0 -0.0592528 -0.0468659 -0.0432891
0 -0.059381 -0.0502346 -0.0476025
0 -0.0592994 -0.053515 -0.051913
0 -0.0590066 -0.0566855 -0.0561666
0 -0.0585036 -0.0597233 -0.0603114
0 -0.057797 -0.0626 -0.064299
0 -0.0568976 -0.0652991 -0.068083
0 -0.0558144 -0.0678126 -0.071616
0 -0.0545538 -0.0701242 -0.0748499
0 -0.0531242 -0.0722182 -0.0777433
0 -0.0515407 -0.0740876 -0.0802656
0 -0.0498243 -0.0757299 -0.0823962
0 -0.047998 -0.0771418 -0.0841224
0 -0.0460841 -0.0783186 -0.0854377
0 -0.0441055 -0.0792558 -0.0863426
0 -0.0420872 -0.0799505 -0.0868465
0 -0.0400604 -0.0804029 -0.0869686
0 -0.0380609 -0.0806171 -0.0867378
0 -0.0361244 -0.0805992 -0.0861884
0 -0.034285 -0.0803552 -0.0853573
0 -0.0325757 -0.0798903 -0.084282
0 -0.0310286 -0.0792111 -0.0830003
0 -0.0296735 -0.0783271 -0.0815505
0 -0.0285387 -0.077253 -0.079972
0 -0.0276508 -0.0760083 -0.0783037
0 -0.0270346 -0.0746149 -0.076581
0 -0.0267094 -0.0730978 -0.0748345
0 -0.0266838 -0.0714862 -0.0730888
0 -0.0269563 -0.0698129 -0.0713636
0 -0.0275176 -0.0681128 -0.069673
0 -0.0283496 -0.0664205 -0.0680251
0 -0.0294244 -0.0647677 -0.0664213
0 -0.0307045 -0.0631804 -0.0648564
0 -0.0321429 -0.0616764 -0.0633192
0 -0.0336886 -0.0602664 -0.0617952
0 -0.0352908 -0.058958 -0.0602709
0 -0.0368994 -0.0577549 -0.0587369
0 -0.0384687 -0.0566528 -0.0571888
0 -0.039957 -0.0556426 -0.0556265
0 -0.0413257 -0.054711 -0.0540528
0 -0.04254 -0.0538432 -0.0524727
0 -0.04357 -0.0530244 -0.050894
0 -0.0443903 -0.052237 -0.0493276
0 -0.0449812 -0.0514625 -0.0477864
0 -0.0453284 -0.0506858 -0.0462851
0 -0.0454225 -0.0498935 -0.044839
0 -0.0452597 -0.0490734 -0.0434629
0 -0.0448429 -0.0482167 -0.0421706
0 -0.0441817 -0.0473196 -0.0409758
0 -0.0432927 -0.0463839 -0.0398925
0 -0.0421985 -0.045415 -0.0389326
0 -0.0409266 -0.0444205 -0.0381044
0 -0.0395072 -0.0434102 -0.0374109
0 -0.0379705 -0.0423942 -0.0368495
0 -0.0363477 -0.041381 -0.03641
0 -0.0346704 -0.0403774 -0.0360764
0 -0.0329655 -0.0393898 -0.0358289
0 -0.0312578 -0.0384236 -0.0356447
0 -0.0295726 -0.0374833 -0.0354994
0 -0.0279344 -0.036573 -0.0353673
0 -0.0263665 -0.0356983 -0.0352271
0 -0.0248936 -0.0348685 -0.0350646
0 -0.0235422 -0.0340971 -0.0348708
0 -0.0223359 -0.0333981 -0.0346387
0 -0.0212913 -0.0327785 -0.0343604
0 -0.020418 -0.0322369 -0.0340271
0 -0.0197211 -0.0317696 -0.0336325
0 -0.0192034 -0.0313726 -0.0331739
0 -0.0188645 -0.0310388 -0.0326521
0 -0.0187009 -0.030759 -0.0320702
0 -0.0187056 -0.0305231 -0.0314332
0 -0.01887 -0.0303221 -0.0307499
0 -0.0191869 -0.0301508 -0.0300346
0 -0.0196505 -0.0300102 -0.029307
0 -0.0202549 -0.0299029 -0.0285904
0 -0.020991 -0.0298318 -0.0279088
0 -0.0218471 -0.0298015 -0.0272862
0 -0.0228099 -0.0298178 -0.0267463
0 -0.0238666 -0.029889 -0.0263134
0 -0.0250068 -0.0300283 -0.0260133
0 -0.0262233 -0.0302538 -0.025873
0 -0.02751 -0.0305857 -0.025919
0 -0.028859 -0.0310429 -0.0261732
0 -0.0302596 -0.0316416 -0.0266514
0 -0.0316966 -0.0323926 -0.0273618
0 -0.0331515 -0.033301 -0.0283039
0 -0.0346024 -0.0343668 -0.0294698
0 -0.0360228 -0.0355853 -0.0308457
0 -0.0373823 -0.0369465 -0.0324111
0 -0.0386495 -0.0384346 -0.0341391
0 -0.0397922 -0.0400276 -0.0359979
0 -0.0407778 -0.0416988 -0.037952
0 -0.0415768 -0.0434187 -0.0399652
0 -0.0421665 -0.0451585 -0.0420043
0 -0.0425338 -0.0468913 -0.0440406
0 -0.0426722 -0.0485907 -0.046048
0 -0.0425774 -0.0502275 -0.0479995
0 -0.0422437 -0.0517684 -0.0498657
0 -0.0416671 -0.0531792 -0.0516171
0 -0.040854 -0.0544297 -0.0532277
0 -0.0398196 -0.0554966 -0.054676
0 -0.0385844 -0.0563642 -0.0559453
0 -0.0371748 -0.0570213 -0.0570229
0 -0.0356219 -0.0574568 -0.0579002
0 -0.0339636 -0.0576661 -0.0585735
0 -0.0322456 -0.0576599 -0.0590442
0 -0.0305153 -0.0574569 -0.0593183
0 -0.028822 -0.0570795 -0.0594062
0 -0.0272181 -0.0565584 -0.0593249
0 -0.0257566 -0.0559334 -0.0590989
0 -0.0244945 -0.0552506 -0.0587607
0 -0.0234929 -0.0545618 -0.05835
0 -0.0228094 -0.0539188 -0.0579082
0 -0.02249 -0.0533679 -0.057473
0 -0.0225677 -0.0529484 -0.0570772
0 -0.0230624 -0.0526966 -0.0567516
0 -0.0239835 -0.0526487 -0.0565282
0 -0.0253328 -0.0528399 -0.0564401
0 -0.0271046 -0.0533032 -0.0565213
0 -0.0292821 -0.054067 -0.0568048
0 -0.0318365 -0.0551492 -0.0573169
0 -0.03473 -0.0565524 -0.0580732
0 -0.0379129 -0.0582667 -0.0590791
0 -0.0413129 -0.0602761 -0.0603338
0 -0.0448479 -0.0625567 -0.0618308
0 -0.0484414 -0.0650689 -0.0635586
0 -0.0520206 -0.0677657 -0.0655023
0 -0.0555187 -0.0706025 -0.0676461
0 -0.0588755 -0.0735367 -0.0699718
0 -0.0620316 -0.0765211 -0.0724554
0 -0.0649271 -0.0795027 -0.0750663
0 -0.0675066 -0.0824296 -0.0777685
0 -0.0697218 -0.0852519 -0.0805229
0 -0.0715299 -0.0879201 -0.0832879
0 -0.0728915 -0.090385 -0.0860169
0 -0.0737691 -0.0925976 -0.0886573
0 -0.0741289 -0.09451 -0.0911525
0 -0.073946 -0.0960807 -0.0934472
0 -0.0732135 -0.0972827 -0.0954944
0 -0.0719488 -0.098113 -0.0972587
0 -0.0701928 -0.0985788 -0.0987173
0 -0.0680034 -0.0986842 -0.0998578
0 -0.0654515 -0.0984497 -0.100676
0 -0.0626196 -0.0979185 -0.101177
0 -0.0595943 -0.0971353 -0.10137
0 -0.0564613 -0.0961396 -0.101269
0 -0.0533034 -0.0949736 -0.100887
0 -0.0501997 -0.0936848 -0.100247
0 -0.0472277 -0.0923235 -0.099377
0 -0.0444655 -0.0909396 -0.0983155
0 -0.0419862 -0.0895797 -0.0971017
0 -0.0398501 -0.0882807 -0.0957731
0 -0.038099 -0.0870669 -0.0943625
0 -0.0367598 -0.085952 -0.0928982
0 -0.0358513 -0.0849429 -0.0914072
0 -0.0353838 -0.0840426 -0.089917
0 -0.0353599 -0.0832522 -0.0884555
0 -0.0357774 -0.0825754 -0.0870521
0 -0.036626 -0.0820172 -0.0857352
0 -0.0378783 -0.0815788 -0.0845275
0 -0.0394894 -0.0812544 -0.0834415
0 -0.0414031 -0.0810344 -0.0824825
0 -0.0435586 -0.0809094 -0.0816522
0 -0.0458941 -0.0808722 -0.0809513
0 -0.0483487 -0.0809177 -0.080379
0 -0.0508615 -0.0810448 -0.0799344
0 -0.0533716 -0.0812506 -0.0796165
0 -0.0558239 -0.0815221 -0.0794246
0 -0.0581731 -0.0818501 -0.0793582
0 -0.0603812 -0.0822365 -0.0794167
0 -0.0624153 -0.0826799 -0.0795984
0 -0.0642462 -0.0831742 -0.0798992
0 -0.0658488 -0.0837154 -0.0803144
0 -0.0672039 -0.0843029 -0.08084
0 -0.0682987 -0.084937 -0.0814734
0 -0.0691259 -0.0856175 -0.0822122
0 -0.0696817 -0.086344 -0.0830527
0 -0.0699643 -0.0871125 -0.0839877
0 -0.0699745 -0.0879144 -0.0850068
0 -0.0697175 -0.0887385 -0.0860981
0 -0.0692078 -0.0895755 -0.0872517
0 -0.0684706 -0.0904186 -0.0884605
0 -0.0675354 -0.0912621 -0.089717
0 -0.0664301 -0.0920979 -0.0910105
0 -0.0651799 -0.092914 -0.0923246
0 -0.0638066 -0.0936937 -0.0936357
0 -0.062326 -0.0944076 -0.0949131
0 -0.0607496 -0.0950189 -0.0961212
0 -0.0590892 -0.0955011 -0.097222
0 -0.0573572 -0.0958336 -0.0981761
0 -0.0555647 -0.0959926 -0.0989451
0 -0.0537229 -0.0959582 -0.0994941
0 -0.0518424 -0.0957189 -0.0997937
0 -0.0499354 -0.0952668 -0.0998199
0 -0.0480176 -0.0945943 -0.0995515
0 -0.0461047 -0.0936938 -0.0989694
0 -0.0442093 -0.0925585 -0.0980579
0 -0.0423427 -0.0911833 -0.0968066
0 -0.0405178 -0.0895662 -0.0952119
0 -0.0387502 -0.0877094 -0.0932773
0 -0.0370592 -0.0856201 -0.0910143
0 -0.035465 -0.0833103 -0.0884417
0 -0.0339814 -0.0807958 -0.0855832
0 -0.0326181 -0.0780933 -0.082463
0 -0.0313825 -0.0752175 -0.0791043
0 -0.0302765 -0.0721831 -0.0755296
0 -0.0292998 -0.0690076 -0.0717647
0 -0.0284541 -0.0657152 -0.0678414
0 -0.0277441 -0.062336 -0.0637973
0 -0.0271762 -0.0589042 -0.0596737
0 -0.0267561 -0.0554581 -0.055511
0 -0.0264883 -0.0520344 -0.0513477
0 -0.0263756 -0.0486579 -0.047223
0 -0.0264205 -0.045353 -0.0431782
0 -0.0266252 -0.0421493 -0.0392554
0 -0.0269912 -0.0390748 -0.0354943
0 -0.0275191 -0.0361509 -0.031932
0 -0.0282084 -0.033397 -0.0286041
0 -0.0290593 -0.0308361 -0.0255457
0 -0.0300741 -0.0284927 -0.0227908
0 -0.0312559 -0.0263901 -0.0203706
0 -0.0326055 -0.0245509 -0.0183115
0 -0.0341207 -0.0229972 -0.0166351
0 -0.0357969 -0.0217504 -0.0153592
0 -0.0376299 -0.0208332 -0.014499
0 -0.0396156 -0.0202687 -0.0140675
0 -0.04175 -0.02008 -0.0140747
0 -0.0440246 -0.0202877 -0.0145266
0 -0.0464248 -0.0209089 -0.0154251
0 -0.0489338 -0.021956 -0.0167667
0 -0.0515325 -0.0234356 -0.0185428
0 -0.0541949 -0.025348 -0.0207392
0 -0.0568905 -0.0276869 -0.0233365
0 -0.0595886 -0.0304382 -0.0263098
0 -0.0622551 -0.0335791 -0.0296297
0 -0.0648485 -0.0370772 -0.033263
0 -0.0673236 -0.0408924 -0.0371745
0 -0.0696409 -0.044977 -0.0413271
0 -0.0717694 -0.0492743 -0.0456811
0 -0.0736769 -0.0537183 -0.050192
0 -0.075325 -0.0582352 -0.0548098
0 -0.0766754 -0.0627471 -0.0594811
0 -0.0776941 -0.0671764 -0.0641511
0 -0.0783511 -0.0714504 -0.0687657
0 -0.0786231 -0.0755039 -0.0732726
0 -0.0784979 -0.0792869 -0.0776231
0 -0.077971 -0.0827624 -0.0817732
0 -0.0770493 -0.0858971 -0.085686
0 -0.0757576 -0.0886724 -0.0893315
0 -0.0741347 -0.0910949 -0.0926887
0 -0.0722284 -0.0931854 -0.0957457
0 -0.0700967 -0.0949715 -0.0984988
0 -0.067805 -0.0964903 -0.100951
0 -0.0654217 -0.0977841 -0.103111
0 -0.0630135 -0.0988946 -0.10499
0 -0.0606428 -0.0998605 -0.106602
0 -0.0583661 -0.100718 -0.107961
0 -0.0562358 -0.101501 -0.109091
0 -0.0543043 -0.102245 -0.110019
0 -0.0526229 -0.10298 -0.110776
0 -0.0512362 -0.103731 -0.111397
0 -0.0501745 -0.104512 -0.111911
0 -0.0494514 -0.105319 -0.112336
0 -0.049067 -0.10614 -0.112685
0 -0.04901 -0.106949 -0.11296
0 -0.0492574 -0.107713 -0.113159
0 -0.0497782 -0.108399 -0.113275
0 -0.0505351 -0.10897 -0.113299
0 -0.0514842 -0.109395 -0.113221
0 -0.0525778 -0.109646 -0.113028
0 -0.0537638 -0.109697 -0.112704
0 -0.0549829 -0.109522 -0.112227
0 -0.0561729 -0.1091 -0.111573
0 -0.0572742 -0.108413 -0.110713
0 -0.0582331 -0.107447 -0.109623
0 -0.0590038 -0.106201 -0.108286
0 -0.0595495 -0.10468 -0.106688
0 -0.0598425 -0.102895 -0.104822
0 -0.0598649 -0.100862 -0.102689
0 -0.059609 -0.0985999 -0.100293
0 -0.0590757 -0.0961276 -0.0976458
0 -0.0582733 -0.0934672 -0.0947639
0 -0.0572201 -0.0906443 -0.0916706
0 -0.0559504 -0.0876864 -0.0883934
0 -0.0544993 -0.0846197 -0.0849626
0 -0.0528881 -0.0814663 -0.081409
0 -0.0511392 -0.0782461 -0.077763
0 -0.0492866 -0.0749772 -0.0740539
0 -0.047365 -0.0716751 -0.0703099
0 -0.0454056 -0.0683515 -0.0665568
0 -0.0434338 -0.0650156 -0.0628175
0 -0.0414711 -0.0616749 -0.0591116
0 -0.0395389 -0.0583364 -0.0554563
0 -0.0376589 -0.055009 -0.0518682
0 -0.0358518 -0.0517055 -0.0483645
0 -0.0341386 -0.048442 -0.0449627
0 -0.0325401 -0.0452373 -0.0416798
0 -0.0310772 -0.042112 -0.0385316
0 -0.0297703 -0.0390888 -0.0355339
0 -0.0286403 -0.0361935 -0.032703
0 -0.0277094 -0.0334542 -0.0300565
0 -0.0270006 -0.0309015 -0.0276134
0 -0.0265374 -0.028567 -0.0253935
0 -0.0263421 -0.0264818 -0.0234164
0 -0.0264345 -0.024676 -0.0217018
0 -0.0268303 -0.0231783 -0.0202693
0 -0.0275406 -0.0220157 -0.0191383
0 -0.028573 -0.0212132 -0.0183286
0 -0.0299315 -0.0207941 -0.0178603
0 -0.0316155 -0.0207807 -0.0177549
0 -0.0336194 -0.021193 -0.0180336
0 -0.035932 -0.0220472 -0.0187164
0 -0.0385362 -0.0233552 -0.0198208
0 -0.0414086 -0.0251238 -0.0213607
0 -0.0445205 -0.0273529 -0.023345
0 -0.0478369 -0.0300343 -0.0257758
0 -0.0513126 -0.0331507 -0.0286488
0 -0.0548991 -0.0366781 -0.0319549
0 -0.058553 -0.0405904 -0.0356804
0 -0.0622336 -0.0448574 -0.0398064
0 -0.0659026 -0.0494418 -0.0443078
0 -0.0695094 -0.0543007 -0.0491533
0 -0.0729859 -0.0593855 -0.0543067
0 -0.0762838 -0.0646436 -0.0597283
0 -0.0793792 -0.0700226 -0.0653765
0 -0.0822473 -0.0754713 -0.0712084
0 -0.0848619 -0.0809402 -0.0771804
0 -0.0872033 -0.0863839 -0.0832485
0 -0.0892583 -0.0917622 -0.0893689
0 -0.0910206 -0.0970417 -0.0954972
0 -0.0924876 -0.102198 -0.101588
0 -0.0936561 -0.107204 -0.107597
0 -0.0945228 -0.112027 -0.113477
0 -0.0950847 -0.116645 -0.119182
0 -0.0953401 -0.121047 -0.124664
0 -0.0952894 -0.125226 -0.129881
0 -0.0949399 -0.129179 -0.134795
0 -0.0943064 -0.132908 -0.139378
0 -0.0934074 -0.136416 -0.143606
0 -0.0922623 -0.139707 -0.147459
0 -0.0908898 -0.142777 -0.150921
0 -0.0893091 -0.145623 -0.153985
0 -0.0875428 -0.148242 -0.156647
0 -0.0856204 -0.150627 -0.158913
0 -0.0835804 -0.152775 -0.160798
0 -0.0814574 -0.154677 -0.16232
0 -0.0792713 -0.156325 -0.163498
0 -0.0770459 -0.157715 -0.164351
0 -0.0748154 -0.158846 -0.164898
0 -0.0726099 -0.159713 -0.165156
0 -0.0704522 -0.160315 -0.165148
0 -0.0683591 -0.160643 -0.164892
0 -0.0663455 -0.160689 -0.164407
0 -0.0644294 -0.16044 -0.163708
0 -0.0626314 -0.159891 -0.162811
0 -0.0609719 -0.159044 -0.16173
0 -0.0594705 -0.157908 -0.160482
0 -0.0581471 -0.156498 -0.159081
0 -0.0570189 -0.154832 -0.15754
0 -0.0560959 -0.152931 -0.155863
0 -0.0553835 -0.150824 -0.154053
0 -0.054886 -0.148543 -0.152109
0 -0.0546046 -0.146125 -0.150032
0 -0.0545357 -0.14361 -0.14782
0 -0.0546646 -0.141039 -0.145474
0 -0.0549655 -0.138449 -0.142995
0 -0.0554152 -0.135877 -0.140386
0 -0.0559965 -0.133354 -0.137654
0 -0.0566867 -0.130905 -0.134812
0 -0.057458 -0.128544 -0.131873
0 -0.0582797 -0.126279 -0.128851
0 -0.0591176 -0.12411 -0.125763
0 -0.0599341 -0.122028 -0.122623
0 -0.06069 -0.120005 -0.119445
0 -0.0613452 -0.118003 -0.116243
0 -0.0618597 -0.115987 -0.113025
0 -0.0621939 -0.113923 -0.109801
0 -0.0623102 -0.111769 -0.106574
0 -0.0621773 -0.109485 -0.10335
0 -0.0617729 -0.107041 -0.100131
0 -0.0610831 -0.104413 -0.0969207
0 -0.0601027 -0.101584 -0.0937198
0 -0.0588344 -0.0985434 -0.0905265
0 -0.0572882 -0.0952899 -0.0873368
0 -0.0554823 -0.091831 -0.0841464
0 -0.0534443 -0.0881833 -0.0809513
0 -0.0512086 -0.0843724 -0.0777479
0 -0.0488147 -0.0804315 -0.0745337
0 -0.0463079 -0.0764016 -0.0713099
0 -0.0437395 -0.072332 -0.068083
0 -0.0411648 -0.0682789 -0.0648659
0 -0.038642 -0.0643029 -0.0616773
0 -0.0362291 -0.0604661 -0.0585412
0 -0.0339835 -0.0568298 -0.0554867
0 -0.0319608 -0.053453 -0.0525479
0 -0.0302144 -0.0503916 -0.0497628
0 -0.0287948 -0.0476979 -0.0471731
0 -0.0277495 -0.0454193 -0.0448238
0 -0.0271208 -0.0435964 -0.042761
0 -0.0269418 -0.0422594 -0.0410282
0 -0.0272324 -0.0414253 -0.0396633
0 -0.0279959 -0.0410993 -0.038698
0 -0.0292211 -0.0412763 -0.0381588
0 -0.0308881 -0.0419426 -0.0380669
0 -0.0329677 -0.0430773 -0.0384373
0 -0.0354165 -0.0446529 -0.039278
0 -0.0381801 -0.0466374 -0.0405895
0 -0.0412002 -0.0489958 -0.0423654
0 -0.0444163 -0.0516921 -0.0445938
0 -0.0477685 -0.0546932 -0.0472595
0 -0.0512016 -0.0579713 -0.0503465
0 -0.0546606 -0.0615037 -0.0538382
0 -0.0580941 -0.065271 -0.0577158
0 -0.0614635 -0.0692573 -0.0619574
0 -0.064739 -0.0734485 -0.0665384
0 -0.0679007 -0.0778305 -0.071431
0 -0.0709326 -0.0823863 -0.0766032
0 -0.0738017 -0.0870964 -0.0820194
0 -0.0764746 -0.0919404 -0.0876423
0 -0.0789432 -0.0968978 -0.0934344
0 -0.0812103 -0.101947 -0.0993582
0 -0.0832731 -0.107067 -0.105376
0 -0.0851284 -0.112232 -0.111449
0 -0.0867753 -0.117426 -0.117541
0 -0.0882151 -0.122625 -0.123612
0 -0.089448 -0.12779 -0.129625
0 -0.0904703 -0.132883 -0.135535
0 -0.0912749 -0.137879 -0.141299
0 -0.0918536 -0.142755 -0.146874
0 -0.0921996 -0.14748 -0.152221
0 -0.0923089 -0.152031 -0.157307
0 -0.0921796 -0.156394 -0.162103
0 -0.0918145 -0.160555 -0.166592
0 -0.0912225 -0.164504 -0.170761
0 -0.0904142 -0.168231 -0.174604
0 -0.0894008 -0.171726 -0.178116
0 -0.0881961 -0.174979 -0.181298
0 -0.0868255 -0.177982 -0.184159
0 -0.085322 -0.18073 -0.186712
0 -0.0837067 -0.183216 -0.188969
0 -0.0819947 -0.185435 -0.190944
0 -0.0802126 -0.187391 -0.192644
0 -0.0783939 -0.189086 -0.19408
0 -0.0765689 -0.190522 -0.195261
0 -0.0747642 -0.191704 -0.196202
0 -0.0730035 -0.192631 -0.196914
0 -0.0713082 -0.193303 -0.197413
0 -0.0696982 -0.193719 -0.197712
0 -0.0681912 -0.193878 -0.197816
0 -0.0667988 -0.193776 -0.197725
0 -0.0655247 -0.19341 -0.197433
0 -0.0643691 -0.192778 -0.196928
0 -0.0633305 -0.191877 -0.196198
0 -0.0624055 -0.190705 -0.19523
0 -0.0615878 -0.189263 -0.19401
0 -0.0608689 -0.187556 -0.192524
0 -0.0602386 -0.185591 -0.190757
0 -0.0596841 -0.183383 -0.188696
0 -0.0591909 -0.180946 -0.186331
0 -0.0587448 -0.178299 -0.183656
0 -0.0583348 -0.175464 -0.180673
0 -0.0579495 -0.172464 -0.177388
0 -0.0575725 -0.169324 -0.173819
0 -0.0571908 -0.166068 -0.169989
0 -0.0568047 -0.162726 -0.165934
0 -0.0564238 -0.159325 -0.161696
0 -0.0560602 -0.155896 -0.157324
0 -0.0557254 -0.152474 -0.15287
0 -0.0554326 -0.149089 -0.148393
0 -0.0552002 -0.145761 -0.143954
0 -0.0550515 -0.142513 -0.139616
0 -0.0550107 -0.139375 -0.135446
0 -0.0550998 -0.136377 -0.131505
0 -0.0553389 -0.133546 -0.127853
0 -0.0557474 -0.130907 -0.124543
0 -0.0563435 -0.12849 -0.121622
0 -0.057142 -0.126323 -0.119131
0 -0.0581525 -0.124435 -0.117101
0 -0.0593791 -0.122851 -0.115554
0 -0.0608204 -0.121597 -0.114503
0 -0.0624695 -0.120693 -0.113951
0 -0.0643147 -0.12016 -0.113892
0 -0.0663363 -0.120011 -0.114311
0 -0.0685073 -0.120257 -0.115188
0 -0.0707961 -0.120904 -0.116494
0 -0.0731688 -0.121951 -0.118196
0 -0.0755882 -0.123393 -0.120257
0 -0.0780185 -0.125219 -0.12264
0 -0.0804217 -0.127416 -0.125304
0 -0.082743 -0.129959 -0.128208
0 -0.0849247 -0.132816 -0.131311
0 -0.0869254 -0.135943 -0.134567
0 -0.0887094 -0.13929 -0.137936
0 -0.0902388 -0.142797 -0.141376
0 -0.091478 -0.146399 -0.144848
0 -0.0923958 -0.150023 -0.148313
0 -0.0929655 -0.153595 -0.151736
0 -0.0931644 -0.157044 -0.15508
0 -0.0929737 -0.160298 -0.158312
0 -0.0923822 -0.163292 -0.161396
0 -0.0913865 -0.165974 -0.164297
0 -0.08999 -0.168292 -0.166977
0 -0.0882051 -0.170196 -0.169398
0 -0.0860538 -0.171659 -0.171523
0 -0.083565 -0.172666 -0.17332
0 -0.0807726 -0.173211 -0.174758
0 -0.0777156 -0.173293 -0.175809
0 -0.074439 -0.172928 -0.176448
0 -0.0709903 -0.172135 -0.176656
0 -0.0674178 -0.170942 -0.176419
0 -0.0637778 -0.16938 -0.17573
0 -0.0601336 -0.16748 -0.174586
0 -0.0565377 -0.16527 -0.172994
0 -0.053037 -0.162779 -0.170967
0 -0.0496882 -0.160043 -0.168527
0 -0.0465491 -0.157102 -0.165708
0 -0.0436656 -0.153998 -0.162548
0 -0.0410793 -0.150771 -0.159093
0 -0.0388339 -0.147462 -0.15539
0 -0.0369631 -0.144108 -0.151487
0 -0.0354839 -0.140745 -0.147431
0 -0.0344081 -0.137408 -0.143274
0 -0.0337449 -0.134131 -0.139068
0 -0.0334972 -0.130944 -0.134863
0 -0.0336595 -0.127875 -0.130712
0 -0.034213 -0.124948 -0.12666
0 -0.0351292 -0.12218 -0.122748
0 -0.0363742 -0.119592 -0.119011
0 -0.0379115 -0.117198 -0.115483
0 -0.0397021 -0.114989 -0.112194
0 -0.0417032 -0.112961 -0.109176
0 -0.043872 -0.111125 -0.106454
0 -0.0461698 -0.109484 -0.104052
0 -0.048561 -0.108032 -0.101987
0 -0.0510107 -0.106768 -0.10027
0 -0.0534819 -0.105691 -0.098906
0 -0.0559357 -0.104799 -0.0978913
0 -0.058338 -0.104086 -0.0972161
0 -0.0606593 -0.10355 -0.0968652
0 -0.06287 -0.103194 -0.0968199
0 -0.0649464 -0.103018 -0.0970597
0 -0.0668696 -0.103028 -0.097562
0 -0.0686199 -0.103231 -0.0983038
0 -0.0701772 -0.10363 -0.0992613
0 -0.0715254 -0.104234 -0.100412
0 -0.072654 -0.105047 -0.101735
0 -0.0735579 -0.106073 -0.103213
0 -0.0742373 -0.107313 -0.104832
0 -0.0746955 -0.108763 -0.106579
0 -0.0749386 -0.110414 -0.108446
0 -0.074977 -0.112253 -0.110427
0 -0.0748255 -0.114259 -0.112516
0 -0.0745031 -0.116407 -0.114709
0 -0.0740312 -0.118665 -0.117002
0 -0.0734308 -0.120998 -0.119386
0 -0.0727215 -0.123371 -0.121854
0 -0.0719247 -0.125751 -0.124395
0 -0.0710653 -0.128115 -0.127
0 -0.0701664 -0.13044 -0.129657
0 -0.0692485 -0.132699 -0.132351
0 -0.0683314 -0.134871 -0.13506
0 -0.0674306 -0.136943 -0.13776
0 -0.066554 -0.1389 -0.140419
0 -0.0657012 -0.140723 -0.142998
0 -0.0648678 -0.142397 -0.145454
0 -0.0640476 -0.143909 -0.147745
0 -0.0632337 -0.145243 -0.149828
0 -0.0624176 -0.146388 -0.15166
0 -0.0615907 -0.147332 -0.153206
0 -0.0607464 -0.148064 -0.154433
0 -0.0598797 -0.148575 -0.155314
0 -0.0589879 -0.148854 -0.155828
0 -0.05807 -0.148892 -0.155962
0 -0.0571283 -0.148682 -0.155709
0 -0.0561668 -0.148216 -0.155068
0 -0.0551885 -0.147484 -0.154042
0 -0.0541933 -0.146473 -0.152634
0 -0.0531792 -0.145169 -0.150848
0 -0.0521452 -0.143558 -0.148694
0 -0.0510936 -0.141637 -0.146188
0 -0.0500313 -0.139408 -0.143355
0 -0.0489702 -0.136883 -0.140224
0 -0.0479263 -0.134077 -0.136824
0 -0.0469128 -0.131009 -0.133187
0 -0.0459268 -0.1277 -0.129337
0 -0.0449558 -0.124169 -0.1253
0 -0.0439955 -0.120442 -0.121098
0 -0.0430505 -0.116546 -0.116755
0 -0.0421259 -0.112519 -0.112297
0 -0.0412253 -0.108397 -0.107749
0 -0.0403525 -0.104208 -0.103138
0 -0.0395109 -0.0999765 -0.0984892
0 -0.0387025 -0.0957252 -0.0938236
0 -0.0379288 -0.0914779 -0.0891623
0 -0.0371917 -0.0872527 -0.0845258
0 -0.0364968 -0.083066 -0.0799361
0 -0.0358535 -0.0789382 -0.0754181
0 -0.0352748 -0.0748909 -0.0709989
0 -0.0347751 -0.0709449 -0.0667062
0 -0.0343683 -0.0671192 -0.0625658
0 -0.0340654 -0.0634299 -0.0585992
0 -0.0338737 -0.0598881 -0.0548225
0 -0.0337966 -0.0565016 -0.0512472
0 -0.0338356 -0.0532766 -0.0478817
0 -0.0339913 -0.0502195 -0.0447325
0 -0.0342632 -0.0473373 -0.0418052
0 -0.0346501 -0.0446376 -0.0391038
0 -0.0351489 -0.0421275 -0.0366301
0 -0.0357534 -0.0398126 -0.0343832
0 -0.0364545 -0.0376969 -0.0323591
0 -0.0372405 -0.0357828 -0.0305517
0 -0.0380983 -0.034072 -0.0289539
0 -0.0390143 -0.0325661 -0.0275585
0 -0.0399752 -0.031267 -0.0263596
0 -0.0409684 -0.0301771 -0.0253528
0 -0.0419819 -0.0292988 -0.0245349
0 -0.0430036 -0.0286336 -0.0239037
0 -0.0440207 -0.0281813 -0.023457
0 -0.0450181 -0.0279383 -0.023191
0 -0.0459792 -0.0278982 -0.0231008
0 -0.0468877 -0.0280524 -0.0231813
0 -0.047731 -0.0283939 -0.0234304
0 -0.048502 -0.0289191 -0.0238507
0 -0.0491972 -0.0296268 -0.0244474
0 -0.0498131 -0.0305143 -0.0252255
0 -0.050346 -0.0315746 -0.0261874
0 -0.050794 -0.0327969 -0.0273333
0 -0.051158 -0.034168 -0.0286621
0 -0.0514424 -0.0356731 -0.0301722
0 -0.0516539 -0.0372975 -0.0318617
0 -0.0518021 -0.0390273 -0.0337283
0 -0.0519007 -0.0408512 -0.0357701
0 -0.0519679 -0.0427607 -0.0379856
0 -0.052024 -0.0447497 -0.0403719
0 -0.0520889 -0.0468128 -0.0429221
0 -0.0521813 -0.0489451 -0.0456249
0 -0.0523201 -0.0511429 -0.0484656
0 -0.0525223 -0.0534045 -0.0514266
0 -0.0527957 -0.0557274 -0.0544872
0 -0.0531416 -0.0581074 -0.0576239
0 -0.053561 -0.0605417 -0.0608114
0 -0.0540543 -0.0630245 -0.0640238
0 -0.0546199 -0.0655466 -0.0672368
0 -0.0552574 -0.0681066 -0.0704294
0 -0.0559687 -0.0707077 -0.0735849
0 -0.0567549 -0.0733507 -0.07669
0 -0.0576148 -0.0760355 -0.0797345
0 -0.0585442 -0.07876 -0.08271
0 -0.0595349 -0.0815173 -0.0856081
0 -0.0605735 -0.0842946 -0.0884199
0 -0.0616426 -0.087075 -0.0911363
0 -0.0627236 -0.0898396 -0.0937503
0 -0.0637984 -0.0925694 -0.0962586
0 -0.06485 -0.0952454 -0.0986606
0 -0.0658623 -0.0978491 -0.100957
0 -0.0668196 -0.100362 -0.103151
0 -0.0677071 -0.102765 -0.105243
0 -0.068511 -0.105041 -0.107235
0 -0.0692187 -0.107175 -0.109128
0 -0.0698187 -0.10915 -0.110921
0 -0.0703011 -0.110955 -0.112613
0 -0.0706578 -0.112579 -0.1142
0 -0.0708834 -0.114015 -0.115678
0 -0.0709748 -0.115258 -0.117043
0 -0.0709305 -0.116307 -0.118288
0 -0.0707498 -0.117161 -0.119404
0 -0.0704326 -0.117819 -0.120378
0 -0.0699801 -0.118281 -0.121197
0 -0.0693947 -0.118546 -0.121846
0 -0.0686824 -0.118618 -0.122309
0 -0.0678529 -0.118502 -0.122576
0 -0.0669195 -0.118205 -0.122637
0 -0.0658974 -0.117735 -0.122486
0 -0.0648032 -0.117101 -0.122118
0 -0.0636531 -0.116308 -0.121528
0 -0.0624636 -0.115363 -0.120717
0 -0.0612507 -0.114269 -0.119683
0 -0.0600304 -0.113031 -0.11843
0 -0.0588181 -0.11165 -0.116961
0 -0.0576281 -0.110127 -0.115284
0 -0.0564724 -0.108467 -0.113407
0 -0.0553621 -0.106672 -0.11134
0 -0.0543064 -0.104745 -0.109094
0 -0.053311 -0.102691 -0.106682
0 -0.0523803 -0.100518 -0.104121
0 -0.0515198 -0.0982385 -0.101428
0 -0.0507366 -0.0958677 -0.0986257
0 -0.0500363 -0.0934235 -0.0957372
0 -0.0494221 -0.0909234 -0.0927842
0 -0.0488948 -0.0883841 -0.0897867
0 -0.0484545 -0.0858211 -0.0867633
0 -0.0480978 -0.0832502 -0.083732
0 -0.0478119 -0.0806879 -0.0807092
0 -0.0475814 -0.0781494 -0.0777089
0 -0.0473976 -0.075645 -0.0747444
0 -0.0472539 -0.0731847 -0.0718292
0 -0.0471421 -0.0707784 -0.0689773
0 -0.0470535 -0.0684339 -0.0662027
0 -0.04698 -0.0661602 -0.0635193
0 -0.0469154 -0.0639654 -0.0609401
0 -0.0468547 -0.0618551 -0.0584776
0 -0.0467937 -0.059835 -0.0561438
0 -0.0467297 -0.0579118 -0.0539501
0 -0.0466615 -0.0560914 -0.0519065
0 -0.0465885 -0.0543789 -0.0500209
0 -0.0465098 -0.0527789 -0.0482985
0 -0.0464238 -0.0512952 -0.0467423
0 -0.0463285 -0.0499303 -0.0453524
0 -0.0462206 -0.0486853 -0.0441255
0 -0.0460959 -0.0475601 -0.0430561
0 -0.0459499 -0.0465539 -0.0421366
0 -0.0457787 -0.0456656 -0.0413584
0 -0.045579 -0.0448938 -0.0407123
0 -0.0453491 -0.044238 -0.0401897
0 -0.0450905 -0.0436998 -0.0397848
0 -0.0448074 -0.0432819 -0.0394938
0 -0.0445051 -0.0429869 -0.0393136
0 -0.0441884 -0.042815 -0.0392407
0 -0.043861 -0.0427626 -0.0392698
0 -0.0435261 -0.0428233 -0.0393948
0 -0.0431876 -0.0429883 -0.0396094
0 -0.0428503 -0.0432479 -0.0399077
0 -0.0425196 -0.0435911 -0.0402844
0 -0.042201 -0.0440064 -0.0407347
0 -0.0419006 -0.0444819 -0.0412538
0 -0.041625 -0.0450061 -0.0418371
0 -0.0413816 -0.0455693 -0.0424811
0 -0.0411788 -0.0461636 -0.0431826
0 -0.0410247 -0.0467827 -0.0439384
0 -0.0409265 -0.0474213 -0.0447441
0 -0.0408905 -0.0480753 -0.0455944
0 -0.0409216 -0.048742 -0.0464834
0 -0.0410236 -0.0494199 -0.0474046
0 -0.041198 -0.050108 -0.0483503
0 -0.0414428 -0.050804 -0.0493104
0 -0.0417527 -0.0515043 -0.0502727
0 -0.0421199 -0.0522048 -0.0512245
0 -0.0425362 -0.0529023 -0.052154
0 -0.042993 -0.0535945 -0.0530509
0 -0.0434818 -0.0542795 -0.0539067
0 -0.0439947 -0.0549565 -0.0547156
0 -0.0445256 -0.0556265 -0.0554747
0 -0.0450699 -0.0562923 -0.0561845
0 -0.0456238 -0.056957 -0.0568478
0 -0.0461837 -0.0576229 -0.0574685
0 -0.0467453 -0.0582916 -0.0580512
0 -0.0473043 -0.0589635 -0.0586013
0 -0.0478569 -0.0596388 -0.0591253
0 -0.0484003 -0.0603176 -0.059631
0 -0.0489323 -0.0609998 -0.0601274
0 -0.0494524 -0.0616855 -0.0606245
0 -0.0499606 -0.0623754 -0.0611327
0 -0.0504579 -0.0630701 -0.0616625
0 -0.0509453 -0.0637707 -0.0622238
0 -0.0514236 -0.0644774 -0.0628247
0 -0.0518921 -0.0651895 -0.0634708
0 -0.0523494 -0.0659052 -0.0641646
0 -0.0527924 -0.0666234 -0.0649069
0 -0.0532178 -0.0673433 -0.0656971
0 -0.0536232 -0.0680652 -0.0665331
0 -0.0540071 -0.0687899 -0.0674116
0 -0.0543675 -0.0695178 -0.0683273
0 -0.0547017 -0.0702491 -0.0692736
0 -0.0550071 -0.0709838 -0.0702427
0 -0.0552822 -0.0717214 -0.0712268
0 -0.0555257 -0.0724613 -0.0722177
0 -0.0557369 -0.0732026 -0.0732076
0 -0.0559148 -0.0739434 -0.0741882
0 -0.0560588 -0.0746811 -0.0751511
0 -0.056168 -0.0754114 -0.076087
0 -0.0562406 -0.0761278 -0.0769852
0 -0.0562738 -0.0768226 -0.0778348
0 -0.0562675 -0.0774897 -0.0786283
0 -0.0562269 -0.0781269 -0.0793634
0 -0.0561608 -0.0787348 -0.0800422
0 -0.0560789 -0.0793141 -0.0806678
0 -0.0559884 -0.0798633 -0.0812421
0 -0.0558943 -0.0803786 -0.0817656
0 -0.0558001 -0.0808551 -0.0822379
0 -0.0557094 -0.0812884 -0.0826591
0 -0.0556252 -0.0816742 -0.0830295
0 -0.0555501 -0.0820087 -0.0833493
0 -0.0554857 -0.0822882 -0.0836186
0 -0.0554334 -0.08251 -0.083837
0 -0.0553954 -0.0826729 -0.0840055
0 -0.0553741 -0.0827775 -0.0841253
0 -0.055372 -0.082826 -0.0841982
0 -0.055391 -0.0828206 -0.0842255
0 -0.0554316 -0.0827644 -0.0842078
0 -0.055493 -0.0826609 -0.0841454
0 -0.0555743 -0.0825147 -0.0840385
0 -0.055674 -0.0823309 -0.0838873
0 -0.0557893 -0.0821145 -0.0836922
0 -0.0559166 -0.0818705 -0.0834535
0 -0.0560509 -0.0816029 -0.0831708
0 -0.056186 -0.0813146 -0.0828437
0 -0.0563154 -0.0810078 -0.0824719
0 -0.0564326 -0.0806845 -0.0820564
0 -0.0565328 -0.0803475 -0.0816003
0 -0.0566138 -0.0800011 -0.0811095
0 -0.0566757 -0.0796511 -0.0805931
0 -0.0567201 -0.0793036 -0.0800613
0 -0.0567487 -0.078964 -0.079525
0 -0.0567632 -0.0786365 -0.0789946
0 -0.0567644 -0.0783242 -0.0784792
0 -0.0567521 -0.0780287 -0.0779861
0 -0.0567256 -0.0777501 -0.0775211
0 -0.0566836 -0.0774875 -0.0770886
0 -0.056624 -0.0772389 -0.0766915
0 -0.0565438 -0.0770006 -0.0763305
0 -0.0564385 -0.0767671 -0.076004
0 -0.0563012 -0.0765301 -0.0757061
0 -0.0561237 -0.0762798 -0.0754286
0 -0.0559005 -0.0760087 -0.0751641
0 -0.0556317 -0.0757144 -0.0749091
0 -0.0553221 -0.0753989 -0.0746631
0 -0.0549779 -0.0750653 -0.0744257
0 -0.0546049 -0.0747159 -0.0741949
0 -0.0542086 -0.0743528 -0.0739677
0 -0.0537954 -0.0739783 -0.073741
0 -0.0533717 -0.0735948 -0.0735116
0 -0.0529424 -0.0732032 -0.0732749
0 -0.0525103 -0.0728027 -0.0730242
0 -0.0520765 -0.0723907 -0.0727513
0 -0.0516421 -0.071965 -0.0724483
0 -0.0512095 -0.0715249 -0.0721096
0 -0.0507833 -0.0710711 -0.0717318
0 -0.0503686 -0.0706047 -0.071313
0 -0.0499696 -0.0701266 -0.0708522
0 -0.0495901 -0.0696369 -0.0703489
0 -0.0492332 -0.069136 -0.0698039
0 -0.0489021 -0.0686247 -0.0692198
0 -0.0486003 -0.0681046 -0.0686009
0 -0.0483321 -0.0675784 -0.0679528
0 -0.0481009 -0.0670482 -0.0672817
0 -0.0479091 -0.0665163 -0.0665941
0 -0.0477586 -0.0659852 -0.0658964
0 -0.0476504 -0.0654577 -0.0651953
0 -0.0475853 -0.0649373 -0.0644977
0 -0.0475631 -0.0644279 -0.0638104
0 -0.0475823 -0.0639339 -0.0631401
0 -0.0476407 -0.0634596 -0.0624935
0 -0.0477354 -0.0630095 -0.061877
0 -0.0478627 -0.062588 -0.0612967
0 -0.0480186 -0.0621999 -0.0607587
0 -0.0481985 -0.06185 -0.0602689
0 -0.0483977 -0.0615428 -0.0598328
0 -0.0486117 -0.0612826 -0.0594558
0 -0.048835 -0.0610729 -0.0591416
0 -0.0490618 -0.0609154 -0.0588924
0 -0.0492851 -0.0608106 -0.058709
0 -0.0494984 -0.0607582 -0.0585911
0 -0.0496956 -0.0607571 -0.0585382
0 -0.049871 -0.0608057 -0.0585489
0 -0.050019 -0.0609011 -0.0586206
0 -0.0501348 -0.0610397 -0.0587504
0 -0.0502157 -0.0612188 -0.0589362
0 -0.0502622 -0.0614374 -0.0591774
0 -0.050277 -0.0616951 -0.0594745
0 -0.0502642 -0.0619914 -0.0598277
0 -0.050228 -0.062325 -0.0602361
0 -0.0501723 -0.062693 -0.0606975
0 -0.0501008 -0.0630916 -0.0612079
0 -0.0500167 -0.0635161 -0.0617625
0 -0.0499242 -0.0639622 -0.0623558
0 -0.0498287 -0.0644264 -0.0629833
0 -0.0497368 -0.0649071 -0.0636413
0 -0.0496556 -0.0654031 -0.0643261
0 -0.0495916 -0.065913 -0.0650337
0 -0.0495493 -0.0664344 -0.0657585
0 -0.049531 -0.0669642 -0.0664935
0 -0.0495384 -0.0674988 -0.0672314
0 -0.0495738 -0.0680361 -0.0679669
0 -0.0496416 -0.0685772 -0.0686968
0 -0.0497471 -0.0691249 -0.06942
0 -0.0498949 -0.0696816 -0.070135
0 -0.0500878 -0.0702486 -0.0708395
0 -0.0503256 -0.0708247 -0.0715295
0 -0.050605 -0.071407 -0.0721999
0 -0.0509213 -0.0719917 -0.0728458
0 -0.0512693 -0.0725751 -0.073463
0 -0.0516439 -0.0731536 -0.0740487
0 -0.0520396 -0.0737233 -0.0746009
0 -0.0524501 -0.0742801 -0.0751177
0 -0.0528685 -0.0748198 -0.0755984
0 -0.0532876 -0.075338 -0.0760425
0 -0.0537006 -0.0758312 -0.0764507
0 -0.0541025 -0.0762971 -0.0768255
0 -0.0544909 -0.0767359 -0.0771719
0 -0.0548643 -0.077149 -0.0774956
0 -0.055221 -0.0775374 -0.0778018
0 -0.0555573 -0.0779003 -0.0780934
0 -0.0558673 -0.0782349 -0.0783704
0 -0.0561444 -0.0785373 -0.078631
0 -0.0563824 -0.0788038 -0.0788731
0 -0.056577 -0.0790324 -0.0790952
0 -0.0567269 -0.0792235 -0.0792978
0 -0.0568338 -0.0793801 -0.0794834
0 -0.0569015 -0.0795069 -0.0796556
0 -0.0569345 -0.0796087 -0.0798176
0 -0.0569374 -0.0796903 -0.0799718
0 -0.0569145 -0.0797559 -0.0801198
0 -0.0568694 -0.0798083 -0.0802612
0 -0.0568032 -0.079848 -0.0803933
0 -0.0567156 -0.0798735 -0.080511
0 -0.0566067 -0.0798833 -0.0806097
0 -0.0564786 -0.0798776 -0.0806864
0 -0.0563352 -0.0798577 -0.08074
0 -0.0561801 -0.0798246 -0.0807693
0 -0.0560159 -0.0797776 -0.0807722
0 -0.0558432 -0.079714 -0.0807452
0 -0.055662 -0.0796305 -0.0806846
0 -0.0554738 -0.0795247 -0.0805883
0 -0.0552827 -0.0793971 -0.0804576
0 -0.0550955 -0.0792511 -0.0802969
0 -0.0549193 -0.0790901 -0.0801114
0 -0.0547578 -0.0789153 -0.0799037
0 -0.0546118 -0.0787252 -0.0796742
0 -0.0544802 -0.0785171 -0.0794218
0 -0.0543618 -0.0782891 -0.0791462
0 -0.0542556 -0.0780399 -0.0788473
0 -0.0541598 -0.0777684 -0.0785249
0 -0.0540707 -0.0774724 -0.0781776
0 -0.053983 -0.0771485 -0.0778021
0 -0.0538906 -0.0767929 -0.0773947
0 -0.053787 -0.0764019 -0.0769514
0 -0.0536669 -0.0759734 -0.0764697
0 -0.0535273 -0.0755074 -0.0759489
0 -0.0533683 -0.0750073 -0.0753917
0 -0.0531922 -0.074478 -0.0748023
0 -0.0530016 -0.073925 -0.0741854
0 -0.0527985 -0.0733529 -0.073545
0 -0.0525842 -0.0727654 -0.0728843
0 -0.0523592 -0.0721652 -0.0722058
0 -0.0521239 -0.0715547 -0.071512
0 -0.0518784 -0.0709359 -0.0708052
0 -0.0516244 -0.070311 -0.0700883
0 -0.0513651 -0.0696836 -0.0693655
0 -0.0511058 -0.0690595 -0.0686436
0 -0.0508535 -0.0684464 -0.0679313
0 -0.0506154 -0.0678527 -0.0672385
0 -0.0503986 -0.067287 -0.0665745
0 -0.0502089 -0.0667566 -0.0659479
0 -0.0500505 -0.0662673 -0.0653656
0 -0.0499254 -0.0658231 -0.0648324
0 -0.0498342 -0.065427 -0.0643525
0 -0.0497774 -0.0650821 -0.0639296
0 -0.0497548 -0.0647907 -0.0635668
0 -0.0497645 -0.0645541 -0.0632658
0 -0.0498031 -0.0643717 -0.0630264
0 -0.0498664 -0.0642425 -0.0628479
0 -0.0499513 -0.0641661 -0.0627303
0 -0.0500561 -0.0641436 -0.0626747
0 -0.0501801 -0.064177 -0.0626834
0 -0.0503226 -0.064268 -0.0627581
0 -0.050482 -0.0644169 -0.0628992
0 -0.0506555 -0.0646226 -0.0631058
0 -0.0508398 -0.0648832 -0.0633759
0 -0.0510313 -0.0651956 -0.0637067
0 -0.0512244 -0.0655542 -0.0640928
0 -0.0514109 -0.0659502 -0.0645256
0 -0.0515808 -0.0663723 -0.0649942
0 -0.0517257 -0.0668095 -0.0654879
0 -0.05184 -0.0672532 -0.0659985
0 -0.0519221 -0.0676977 -0.0665207
0 -0.0519728 -0.0681392 -0.0670508
0 -0.0519941 -0.0685745 -0.0675855
0 -0.0519887 -0.0690006 -0.0681215
0 -0.0519593 -0.0694147 -0.0686553
0 -0.0519075 -0.0698133 -0.0691821
0 -0.0518344 -0.0701921 -0.0696961
0 -0.0517408 -0.0705462 -0.0701908
0 -0.0516279 -0.0708714 -0.07066
0 -0.0514977 -0.0711633 -0.0710976
0 -0.051352 -0.0714181 -0.0714977
0 -0.0511932 -0.0716322 -0.0718546
0 -0.0510237 -0.0718026 -0.0721628
0 -0.0508465 -0.0719272 -0.0724172
0 -0.050665 -0.0720045 -0.0726138
0 -0.050484 -0.0720352 -0.0727502
0 -0.0503095 -0.0720216 -0.0728261
0 -0.0501475 -0.0719671 -0.0728425
0 -0.0500037 -0.0718754 -0.0728009
0 -0.0498823 -0.0717496 -0.0727032
0 -0.049787 -0.071593 -0.0725513
0 -0.0497201 -0.0714086 -0.0723479
0 -0.0496825 -0.0711987 -0.0720952
0 -0.0496741 -0.0709656 -0.0717962
0 -0.0496952 -0.0707128 -0.0714555
0 -0.0497468 -0.0704455 -0.0710802
0 -0.0498306 -0.0701704 -0.0706788
0 -0.0499467 -0.0698933 -0.0702597
0 -0.0500924 -0.0696179 -0.0698292
0 -0.0502624 -0.0693456 -0.0693914
0 -0.0504505 -0.0690768 -0.0689497
0 -0.0506511 -0.0688129 -0.0685084
0 -0.0508604 -0.068557 -0.0680737
0 -0.0510753 -0.0683129 -0.0676523
0 -0.0512914 -0.0680833 -0.06725
0 -0.0515027 -0.0678691 -0.0668704
0 -0.0517025 -0.0676702 -0.0665164
0 -0.0518844 -0.0674862 -0.0661907
0 -0.0520425 -0.0673173 -0.0658956
0 -0.0521709 -0.0671621 -0.0656322
0 -0.0522631 -0.0670186 -0.0654002
0 -0.0523133 -0.0668836 -0.0651982
0 -0.0523167 -0.0667545 -0.0650245
0 -0.0522708 -0.0666293 -0.0648776
0 -0.0521756 -0.0665079 -0.0647575
0 -0.0520339 -0.0663913 -0.0646645
0 -0.0518498 -0.0662811 -0.0645996
0 -0.0516283 -0.0661789 -0.0645626
0 -0.051375 -0.0660857 -0.0645527
0 -0.051096 -0.0660026 -0.064569
0 -0.0507982 -0.0659307 -0.0646098
0 -0.0504885 -0.0658706 -0.0646731
0 -0.050174 -0.0658227 -0.0647567
0 -0.0498615 -0.0657872 -0.0648577
0 -0.0495581 -0.0657642 -0.0649735
0 -0.0492703 -0.0657538 -0.065101
0 -0.0490042 -0.065756 -0.0652373
0 -0.048765 -0.0657704 -0.0653794
0 -0.0485571 -0.0657965 -0.0655243
0 -0.0483844 -0.0658335 -0.0656692
0 -0.0482492 -0.06588 -0.0658106
0 -0.0481513 -0.0659331 -0.0659436
0 -0.0480882 -0.0659881 -0.0660618
0 -0.0480558 -0.0660397 -0.0661587
0 -0.048051 -0.0660843 -0.0662296
0 -0.0480728 -0.0661208 -0.0662729
0 -0.048122 -0.0661506 -0.0662902
0 -0.0481992 -0.0661755 -0.0662839
0 -0.0483029 -0.066196 -0.0662554
0 -0.0484286 -0.0662096 -0.0662039
0 -0.0485693 -0.0662122 -0.0661271
0 -0.0487187 -0.0662006 -0.0660238
0 -0.0488723 -0.0661738 -0.0658951
0 -0.0490275 -0.0661328 -0.0657445
0 -0.0491823 -0.0660794 -0.065576
0 -0.0493342 -0.0660149 -0.0653937
0 -0.0494805 -0.0659403 -0.0652012
0 -0.0496183 -0.0658567 -0.0650024
0 -0.0497455 -0.0657653 -0.0648013
0 -0.04986 -0.0656677 -0.0646019
0 -0.0499599 -0.0655657 -0.0644081
0 -0.0500449 -0.0654619 -0.0642242
0 -0.0501164 -0.0653608 -0.064056
0 -0.0501773 -0.0652679 -0.0639102
0 -0.0502311 -0.0651896 -0.0637935
0 -0.0502813 -0.0651312 -0.0637114
0 -0.0503295 -0.0650965 -0.0636673
0 -0.0503751 -0.0650865 -0.0636616
0 -0.0504151 -0.0650997 -0.0636916
0 -0.0504459 -0.0651336 -0.0637535
0 -0.0504646 -0.0651857 -0.0638434
0 -0.0504697 -0.0652544 -0.0639582
0 -0.0504619 -0.0653397 -0.0640964
0 -0.0504445 -0.0654439 -0.0642587
0 -0.0504234 -0.0655709 -0.0644478
0 -0.0504049 -0.065725 -0.0646667
0 -0.0503944 -0.065909 -0.0649173
0 -0.0503948 -0.0661232 -0.0651991
0 -0.0504064 -0.0663647 -0.0655085
0 -0.0504275 -0.0666291 -0.0658404
0 -0.0504564 -0.0669114 -0.0661897
0 -0.0504919 -0.0672074 -0.0665516
0 -0.0505324 -0.0675126 -0.0669216
0 -0.0505763 -0.0678225 -0.067295
0 -0.0506219 -0.0681327 -0.0676671
0 -0.0506672 -0.0684386 -0.0680334
0 -0.0507111 -0.0687369 -0.0683902
0 -0.0507547 -0.0690262 -0.0687362
0 -0.050801 -0.0693072 -0.0690719
0 -0.0508539 -0.0695818 -0.0693991
0 -0.0509167 -0.0698519 -0.0697194
0 -0.0509918 -0.0701182 -0.0700336
0 -0.0510798 -0.0703803 -0.0703407
0 -0.0511795 -0.0706361 -0.0706385
0 -0.0512887 -0.0708833 -0.0709243
0 -0.0514053 -0.0711195 -0.0711955
0 -0.0515275 -0.0713435 -0.0714504
0 -0.0516542 -0.0715548 -0.071688
0 -0.0517851 -0.0717538 -0.0719083
0 -0.0519196 -0.0719412 -0.0721117
0 -0.0520572 -0.0721178 -0.0722986
0 -0.0521971 -0.0722841 -0.0724695
0 -0.0523381 -0.0724407 -0.0726247
0 -0.0524782 -0.0725874 -0.0727642
0 -0.0526149 -0.0727231 -0.0728873
0 -0.0527448 -0.0728462 -0.0729928
0 -0.0528646 -0.0729549 -0.0730796
0 -0.0529714 -0.0730478 -0.073147
0 -0.0530634 -0.0731243 -0.0731953
0 -0.0531394 -0.0731843 -0.0732253
0 -0.0531985 -0.0732275 -0.0732379
0 -0.05324 -0.0732538 -0.0732338
0 -0.0532632 -0.0732628 -0.0732139
0 -0.0532679 -0.0732543 -0.0731788
0 -0.0532541 -0.073228 -0.0731293
0 -0.0532221 -0.0731839 -0.0730661
0 -0.0531722 -0.0731217 -0.0729896
0 -0.0531053 -0.0730414 -0.0729002
0 -0.0530221 -0.0729431 -0.072798
0 -0.0529238 -0.0728267 -0.0726831
0 -0.0528114 -0.0726925 -0.0725557
0 -0.0526864 -0.0725407 -0.0724153
0 -0.0525496 -0.0723712 -0.0722614
0 -0.0524014 -0.0721834 -0.0720922
0 -0.052241 -0.0719756 -0.0719052
0 -0.0520676 -0.071746 -0.0716973
0 -0.0518806 -0.0714929 -0.0714655
0 -0.0516797 -0.0712152 -0.0712075
0 -0.051466 -0.0709131 -0.070922
0 -0.0512421 -0.070588 -0.0706094
0 -0.0510115 -0.0702423 -0.0702706
0 -0.0507772 -0.0698783 -0.0699068
0 -0.0505423 -0.0694979 -0.0695192
0 -0.0503088 -0.0691026 -0.0691084
0 -0.0500776 -0.0686926 -0.0686741
0 -0.0498483 -0.0682671 -0.0682154
0 -0.0496196 -0.0678249 -0.0677308
0 -0.0493906 -0.0673647 -0.0672193
0 -0.0491604 -0.0668855 -0.0666802
0 -0.0489287 -0.0663869 -0.0661137
0 -0.0486959 -0.0658697 -0.0655209
0 -0.0484638 -0.0653362 -0.0649047
0 -0.0482348 -0.0647891 -0.0642687
0 -0.0480111 -0.0642319 -0.0636169
0 -0.0477946 -0.0636676 -0.062953
0 -0.047587 -0.0630992 -0.0622813
0 -0.04739 -0.0625302 -0.0616063
0 -0.0472049 -0.061964 -0.0609324
0 -0.0470324 -0.0614035 -0.0602637
0 -0.0468719 -0.0608506 -0.0596031
0 -0.0467218 -0.0603066 -0.0589528
0 -0.0465801 -0.0597724 -0.0583146
0 -0.0464462 -0.0592502 -0.0576919
0 -0.0463212 -0.0587441 -0.0570895
0 -0.0462068 -0.0582589 -0.056513
0 -0.0461038 -0.0577984 -0.0559668
0 -0.046011 -0.0573642 -0.0554532
0 -0.0459262 -0.0569569 -0.054973
0 -0.0458472 -0.056577 -0.0545271
0 -0.0457726 -0.0562255 -0.0541167
0 -0.045702 -0.0559041 -0.0537438
0 -0.045635 -0.0556144 -0.0534098
0 -0.0455707 -0.0553568 -0.0531153
0 -0.0455073 -0.0551309 -0.0528598
0 -0.0454428 -0.0549355 -0.0526418
0 -0.0453763 -0.0547701 -0.0524609
0 -0.045311 -0.0546378 -0.0523199
0 -0.0452553 -0.0545471 -0.052227
0 -0.0452205 -0.0545086 -0.0521927
0 -0.0452155 -0.054531 -0.0522254
0 -0.0452445 -0.0546181 -0.0523286
0 -0.0453086 -0.0547701 -0.0525025
0 -0.0454065 -0.0549855 -0.0527454
0 -0.0455355 -0.0552612 -0.0530539
0 -0.0456912 -0.0555923 -0.053423
0 -0.0458686 -0.0559733 -0.0538473
0 -0.0460655 -0.0564015 -0.0543239
0 -0.0462843 -0.0568787 -0.0548547
0 -0.0465311 -0.0574102 -0.0554451
0 -0.0468122 -0.0580021 -0.056101
0 -0.0471319 -0.058658 -0.0568264
0 -0.0474914 -0.059379 -0.057622
0 -0.0478896 -0.0601639 -0.058487
0 -0.0483252 -0.0610115 -0.0594197
0 -0.0487966 -0.0619203 -0.0604189
0 -0.0493014 -0.0628879 -0.0614821
0 -0.0498352 -0.0639095 -0.0626044
0 -0.0503909 -0.0649779 -0.0637785
0 -0.0509601 -0.0660839 -0.0649953
0 -0.0515352 -0.0672187 -0.066246
0 -0.0521106 -0.0683745 -0.0675226
0 -0.0526822 -0.0695452 -0.0688186
0 -0.0532459 -0.0707273 -0.07013
0 -0.0537976 -0.0719192 -0.0714544
0 -0.0543361 -0.0731199 -0.0727903
0 -0.0548622 -0.0743281 -0.0741359
0 -0.055376 -0.0755422 -0.0754894
0 -0.0558761 -0.0767597 -0.0768487
0 -0.0563611 -0.0779771 -0.0782106
0 -0.0568295 -0.0791892 -0.0795701
0 -0.0572786 -0.080389 -0.0809203
0 -0.0577044 -0.0815699 -0.0822535
0 -0.0581039 -0.0827256 -0.0835627
0 -0.0584757 -0.0838513 -0.0848419
0 -0.0588191 -0.0849423 -0.0860852
0 -0.0591335 -0.0859945 -0.0872871
0 -0.0594187 -0.087004 -0.0884424
0 -0.0596751 -0.0879677 -0.0895465
0 -0.0599037 -0.0888826 -0.0905952
0 -0.0601053 -0.089746 -0.0915843
0 -0.0602803 -0.0905548 -0.0925098
0 -0.0604288 -0.0913057 -0.0933671
0 -0.060551 -0.0919952 -0.0941523
0 -0.0606468 -0.0926201 -0.0948614
0 -0.0607163 -0.0931773 -0.0954911
0 -0.0607596 -0.0936637 -0.0960383
0 -0.0607769 -0.0940765 -0.0965002
0 -0.0607682 -0.0944129 -0.0968744
0 -0.060734 -0.0946706 -0.0971592
0 -0.0606764 -0.0948489 -0.0973546
0 -0.0605997 -0.0949495 -0.0974632
0 -0.0605094 -0.0949759 -0.097489
0 -0.060411 -0.0949312 -0.0974365
0 -0.0603075 -0.0948173 -0.097308
0 -0.060199 -0.0946334 -0.0971036
0 -0.0600833 -0.0943778 -0.0968218
0 -0.059959 -0.0940502 -0.0964619
0 -0.0598262 -0.0936526 -0.0960256
0 -0.059686 -0.0931889 -0.0955159
0 -0.0595393 -0.0926638 -0.0949362
0 -0.0593862 -0.0920816 -0.0942895
0 -0.0592261 -0.0914467 -0.0935792
0 -0.0590579 -0.0907634 -0.0928082
0 -0.0588804 -0.090036 -0.09198
0 -0.0586918 -0.0892684 -0.091098
0 -0.0584901 -0.0884646 -0.0901659
0 -0.0582735 -0.0876282 -0.0891878
0 -0.0580401 -0.0867625 -0.088168
0 -0.0577873 -0.0858701 -0.0871102
0 -0.0575111 -0.0849516 -0.0860172
0 -0.0572068 -0.0840059 -0.0848904
0 -0.0568694 -0.0830314 -0.0837308
0 -0.0564948 -0.0820266 -0.0825402
0 -0.0560812 -0.0809917 -0.0813215
0 -0.0556293 -0.0799286 -0.0800794
0 -0.0551418 -0.0788409 -0.0788195
0 -0.0546215 -0.0777313 -0.0775461
0 -0.0540696 -0.0766 -0.0762616
0 -0.0534863 -0.0754454 -0.0749659
0 -0.0528721 -0.0742655 -0.0736586
0 -0.052228 -0.0730594 -0.0723402
0 -0.0515586 -0.0718296 -0.0710134
0 -0.0508726 -0.0705807 -0.0696827
0 -0.0501759 -0.0693175 -0.0683519
0 -0.0494701 -0.0680425 -0.0670217
0 -0.0487554 -0.0667562 -0.0656903
0 -0.0480333 -0.0654585 -0.064355
0 -0.0473068 -0.0641503 -0.0630136
0 -0.0465798 -0.0628342 -0.0616656
0 -0.0458575 -0.0615143 -0.0603119
0 -0.0451459 -0.0601955 -0.0589546
0 -0.0444512 -0.0588832 -0.0575962
0 -0.0437787 -0.057582 -0.0562389
0 -0.0431329 -0.056296 -0.0548848
0 -0.0425173 -0.0550287 -0.0535362
0 -0.0419351 -0.0537836 -0.0521958
0 -0.0413894 -0.0525639 -0.0508668
0 -0.0408834 -0.0513734 -0.0495537
0 -0.0404203 -0.0502163 -0.0482619
0 -0.0400028 -0.0490963 -0.0469971
0 -0.0396332 -0.0480172 -0.0457652
0 -0.0393132 -0.0469823 -0.0445723
0 -0.0390441 -0.045995 -0.0434247
0 -0.0388266 -0.0450584 -0.0423286
0 -0.0386611 -0.0441754 -0.0412902
0 -0.0385473 -0.043349 -0.0403155
0 -0.0384846 -0.042582 -0.03941
0 -0.0384722 -0.0418774 -0.038579
0 -0.0385084 -0.0412381 -0.0378275
0 -0.0385914 -0.0406672 -0.0371596
0 -0.0387188 -0.0401676 -0.0365793
0 -0.0388875 -0.0397422 -0.0360893
0 -0.0390942 -0.0393935 -0.0356922
0 -0.039335 -0.0391245 -0.03539
0 -0.039606 -0.0389375 -0.0351838
0 -0.039902 -0.0388342 -0.0350738
0 -0.0402166 -0.0388147 -0.0350581
0 -0.0405424 -0.038878 -0.0351338
0 -0.0408721 -0.0390227 -0.0352975
0 -0.0411987 -0.0392475 -0.035546
0 -0.0415164 -0.0395513 -0.0358763
0 -0.0418198 -0.0399328 -0.0362859
0 -0.0421048 -0.04039 -0.0367726
0 -0.042368 -0.0409203 -0.0373341
0 -0.042607 -0.0415194 -0.0379678
0 -0.0428197 -0.0421814 -0.0386701
0 -0.043004 -0.0428985 -0.0394364
0 -0.0431592 -0.0436624 -0.0402618
0 -0.0432867 -0.0444657 -0.0411428
0 -0.0433911 -0.0453032 -0.0420775
0 -0.0434795 -0.0461707 -0.0430651
0 -0.0435588 -0.0470642 -0.044104
0 -0.0436356 -0.0479791 -0.0451906
0 -0.0437158 -0.0489101 -0.0463202
0 -0.0438051 -0.0498527 -0.0474869
0 -0.043909 -0.0508031 -0.0486845
0 -0.0440329 -0.0517582 -0.049906
0 -0.0441814 -0.0527154 -0.051144
0 -0.0443591 -0.0536733 -0.0523916
0 -0.0445707 -0.054632 -0.0536425
0 -0.0448212 -0.0555929 -0.0548919
0 -0.0451151 -0.0565584 -0.0561357
0 -0.0454553 -0.0575311 -0.0573703
0 -0.0458431 -0.058513 -0.0585919
0 -0.0462776 -0.0595045 -0.059796
0 -0.046756 -0.0605055 -0.0609771
0 -0.0472746 -0.0615153 -0.06213
0 -0.0478294 -0.0625322 -0.0632506
0 -0.048417 -0.0635542 -0.0643361
0 -0.049034 -0.0645793 -0.0653852
0 -0.049676 -0.0656055 -0.0663984
0 -0.0503368 -0.0666312 -0.067378
0 -0.0510121 -0.0676548 -0.068328
0 -0.0516991 -0.0686747 -0.0692533
0 -0.0523939 -0.069689 -0.0701593
0 -0.0530921 -0.0706957 -0.0710513
0 -0.0537888 -0.0716918 -0.071934
0 -0.0544771 -0.072674 -0.0728108
0 -0.0551499 -0.0736381 -0.0736838
0 -0.0558009 -0.0745802 -0.0745544
0 -0.0564243 -0.0754966 -0.0754237
0 -0.057014 -0.0763842 -0.0762918
0 -0.0575642 -0.0772402 -0.0771586
0 -0.0580704 -0.0780623 -0.0780224
0 -0.0585283 -0.0788482 -0.078881
0 -0.058934 -0.0795961 -0.0797312
0 -0.0592844 -0.0803046 -0.0805689
0 -0.0595775 -0.0809728 -0.0813897
0 -0.0598125 -0.0816006 -0.0821888
0 -0.0599906 -0.0821898 -0.0829624
0 -0.0601148 -0.082743 -0.083707
0 -0.0601891 -0.0832635 -0.0844195
0 -0.0602174 -0.0837534 -0.0850961
0 -0.0602021 -0.0842131 -0.0857316
0 -0.060145 -0.0846413 -0.0863196
0 -0.0600476 -0.0850355 -0.0868537
0 -0.0599124 -0.0853933 -0.0873286
0 -0.0597436 -0.0857134 -0.0877412
0 -0.0595474 -0.0859957 -0.0880906
0 -0.0593315 -0.0862408 -0.0883783
0 -0.0591038 -0.0864497 -0.0886067
0 -0.058872 -0.0866227 -0.0887785
0 -0.0586429 -0.0867597 -0.0888968
0 -0.0584224 -0.0868598 -0.0889644
0 -0.0582149 -0.0869211 -0.0889832
0 -0.0580236 -0.0869409 -0.0889548
0 -0.0578507 -0.0869169 -0.0888803
0 -0.0576983 -0.0868469 -0.0887611
0 -0.0575681 -0.0867299 -0.0885989
0 -0.0574617 -0.0865657 -0.0883956
0 -0.0573809 -0.0863559 -0.088154
0 -0.0573268 -0.0861036 -0.0878769
0 -0.0573001 -0.0858125 -0.0875669
0 -0.0573003 -0.0854872 -0.0872261
0 -0.0573257 -0.0851324 -0.0868563
0 -0.0573728 -0.0847522 -0.0864581
0 -0.0574356 -0.0843494 -0.0860302
0 -0.0575064 -0.0839254 -0.0855701
0 -0.057576 -0.0834807 -0.0850749
0 -0.0576358 -0.0830159 -0.0845424
0 -0.0576782 -0.0825323 -0.0839717
0 -0.0576972 -0.082032 -0.0833642
0 -0.0576889 -0.0815182 -0.0827231
0 -0.0576504 -0.0809939 -0.0820532
0 -0.0575798 -0.0804621 -0.0813598
0 -0.0574753 -0.0799244 -0.0806483
0 -0.0573351 -0.0793814 -0.0799239
0 -0.0571571 -0.078832 -0.0791906
0 -0.0569393 -0.0782743 -0.0784516
0 -0.0566802 -0.077706 -0.0777095
0 -0.0563791 -0.0771248 -0.0769665
0 -0.056037 -0.076529 -0.076225
0 -0.0556564 -0.0759179 -0.0754882
0 -0.0552416 -0.0752917 -0.0747595
0 -0.0547977 -0.0746513 -0.0740422
0 -0.0543302 -0.0739976 -0.0733391
0 -0.0538446 -0.0733321 -0.0726517
0 -0.0533466 -0.0726562 -0.071981
0 -0.0528424 -0.0719722 -0.0713272
0 -0.0523382 -0.0712825 -0.0706898
0 -0.051839 -0.0705901 -0.0700678
0 -0.0513493 -0.0698982 -0.0694597
0 -0.0508737 -0.0692099 -0.0688634
0 -0.0504174 -0.0685286 -0.0682768
0 -0.0499842 -0.0678564 -0.0676966
0 -0.0495747 -0.0671943 -0.0671182
0 -0.0491876 -0.0665415 -0.066536
0 -0.0488216 -0.0658974 -0.0659445
0 -0.048476 -0.0652614 -0.0653394
0 -0.0481511 -0.0646345 -0.0647183
0 -0.0478483 -0.0640183 -0.0640807
0 -0.0475693 -0.0634147 -0.0634274
0 -0.0473154 -0.0628255 -0.0627602
0 -0.0470872 -0.0622518 -0.0620809
0 -0.0468851 -0.0616946 -0.0613925
0 -0.0467096 -0.0611549 -0.0606985
0 -0.0465609 -0.0606344 -0.0600039
0 -0.0464398 -0.0601345 -0.0593149
0 -0.0463467 -0.0596566 -0.0586384
0 -0.0462806 -0.0592009 -0.0579804
0 -0.0462387 -0.0587662 -0.0573456
0 -0.0462165 -0.0583499 -0.0567372
0 -0.0462091 -0.0579494 -0.056158
0 -0.0462123 -0.0575627 -0.0556111
0 -0.0462231 -0.0571898 -0.0551004
0 -0.0462408 -0.0568333 -0.0546315
0 -0.0462663 -0.0564976 -0.0542106
0 -0.0463008 -0.0561879 -0.0538433
0 -0.0463437 -0.055908 -0.0535329
0 -0.0463936 -0.0556609 -0.0532804
0 -0.0464489 -0.0554494 -0.0530862
0 -0.0465081 -0.0552769 -0.0529498
0 -0.0465692 -0.0551455 -0.0528696
0 -0.0466293 -0.0550565 -0.0528424
0 -0.0466848 -0.0550099 -0.0528638
0 -0.0467326 -0.0550054 -0.0529295
0 -0.0467704 -0.0550427 -0.0530353
0 -0.0467966 -0.0551212 -0.0531777
0 -0.0468103 -0.0552403 -0.0533538
0 -0.0468122 -0.0553988 -0.0535611
0 -0.0468034 -0.0555953 -0.0537981
0 -0.046786 -0.0558281 -0.0540635
0 -0.0467626 -0.0560944 -0.0543564
0 -0.0467357 -0.0563913 -0.0546761
0 -0.0467084 -0.0567153 -0.0550218
0 -0.0466837 -0.0570624 -0.0553925
0 -0.0466646 -0.0574287 -0.0557875
0 -0.0466542 -0.05781 -0.0562054
0 -0.0466553 -0.0582027 -0.056645
0 -0.0466707 -0.0586031 -0.0571046
0 -0.0467026 -0.0590081 -0.057582
0 -0.046753 -0.0594148 -0.0580748
0 -0.0468233 -0.0598208 -0.05858
0 -0.0469144 -0.0602243 -0.0590945
0 -0.0470274 -0.0606245 -0.0596153
0 -0.0471636 -0.061022 -0.0601401
0 -0.0473246 -0.0614187 -0.0606674
0 -0.0475115 -0.0618169 -0.0611955
0 -0.0477236 -0.0622179 -0.0617218
0 -0.0479585 -0.0626215 -0.0622423
0 -0.0482122 -0.0630266 -0.0627527
0 -0.0484804 -0.063432 -0.0632487
0 -0.048759 -0.0638365 -0.0637268
0 -0.0490439 -0.064239 -0.064184
0 -0.0493309 -0.0646381 -0.0646177
0 -0.0496155 -0.0650319 -0.0650258
0 -0.0498941 -0.0654186 -0.0654069
0 -0.0501641 -0.0657975 -0.0657615
0 -0.0504248 -0.0661688 -0.0660918
0 -0.0506766 -0.0665337 -0.0664018
0 -0.0509198 -0.0668935 -0.0666961
0 -0.0511551 -0.0672491 -0.066979
0 -0.0513831 -0.0676011 -0.0672551
0 -0.0516042 -0.0679499 -0.0675289
0 -0.0518191 -0.0682961 -0.0678048
0 -0.0520284 -0.0686396 -0.0680869
0 -0.0522328 -0.0689805 -0.0683786
0 -0.0524324 -0.0693191 -0.0686833
0 -0.0526277 -0.0696557 -0.0690035
0 -0.0528194 -0.0699912 -0.0693417
0 -0.0530079 -0.0703261 -0.069699
0 -0.0531925 -0.0706606 -0.0700754
0 -0.0533716 -0.0709939 -0.0704691
0 -0.0535432 -0.0713253 -0.0708773
0 -0.0537053 -0.0716538 -0.0712968
0 -0.0538565 -0.0719788 -0.0717242
0 -0.0539956 -0.0722999 -0.072156
0 -0.0541211 -0.0726166 -0.0725886
0 -0.0542322 -0.0729282 -0.0730181
0 -0.0543282 -0.0732341 -0.0734407
0 -0.0544091 -0.0735338 -0.0738529
0 -0.0544751 -0.0738272 -0.0742513
0 -0.0545273 -0.074114 -0.074633
0 -0.0545668 -0.0743939 -0.0749955
0 -0.0545952 -0.0746664 -0.0753368
0 -0.0546142 -0.0749308 -0.0756554
0 -0.0546261 -0.0751869 -0.075951
0 -0.0546341 -0.0754347 -0.0762244
0 -0.0546416 -0.0756745 -0.0764772
0 -0.0546518 -0.0759062 -0.076711
0 -0.0546674 -0.0761292 -0.0769273
0 -0.0546895 -0.0763417 -0.0771268
0 -0.0547185 -0.0765415 -0.0773097
0 -0.0547544 -0.0767262 -0.0774761
0 -0.054797 -0.0768938 -0.077626
0 -0.0548458 -0.0770424 -0.0777596
0 -0.0549 -0.0771704 -0.0778768
0 -0.0549586 -0.0772767 -0.0779772
0 -0.0550202 -0.07736 -0.0780604
0 -0.0550833 -0.0774198 -0.0781255
0 -0.0551462 -0.0774556 -0.0781717
0 -0.055207 -0.0774674 -0.0781978
0 -0.0552639 -0.0774559 -0.0782029
0 -0.0553156 -0.0774222 -0.0781866
0 -0.055361 -0.0773679 -0.0781485
0 -0.0553992 -0.0772951 -0.0780886
0 -0.0554291 -0.0772054 -0.0780068
0 -0.0554494 -0.0771005 -0.077903
0 -0.0554583 -0.0769809 -0.0777766
0 -0.0554532 -0.0768465 -0.0776265
0 -0.0554315 -0.0766965 -0.0774513
0 -0.0553906 -0.0765296 -0.0772499
0 -0.0553289 -0.0763453 -0.0770224
0 -0.0552461 -0.0761435 -0.0767698
0 -0.0551431 -0.0759249 -0.0764944
0 -0.0550212 -0.0756906 -0.0761988
0 -0.0548824 -0.0754412 -0.0758859
0 -0.0547283 -0.0751773 -0.0755584
0 -0.054561 -0.0748995 -0.0752189
0 -0.0543826 -0.0746085 -0.0748699
0 -0.0541953 -0.074305 -0.0745137
0 -0.0540005 -0.073989 -0.0741515
0 -0.0537984 -0.0736595 -0.0737832
0 -0.0535884 -0.0733148 -0.0734076
0 -0.0533694 -0.0729533 -0.0730227
0 -0.0531411 -0.0725736 -0.0726269
0 -0.0529029 -0.0721745 -0.0722182
0 -0.0526547 -0.0717553 -0.0717947
0 -0.0523965 -0.0713158 -0.0713548
0 -0.0521286 -0.0708562 -0.0708968
0 -0.0518514 -0.0703767 -0.0704195
0 -0.0515655 -0.069878 -0.0699213
0 -0.0512712 -0.0693603 -0.0694009
0 -0.0509689 -0.0688241 -0.0688569
0 -0.0506593 -0.06827 -0.0682885
0 -0.0503436 -0.0676986 -0.067695
0 -0.0500232 -0.067111 -0.0670763
0 -0.0496997 -0.0665079 -0.0664326
0 -0.0493743 -0.0658901 -0.0657644
0 -0.049048 -0.0652582 -0.0650722
0 -0.0487213 -0.0646128 -0.0643569
0 -0.0483957 -0.0639547 -0.06362
0 -0.048073 -0.0632855 -0.0628633
0 -0.0477551 -0.062607 -0.0620896
0 -0.0474442 -0.0619215 -0.061302
0 -0.0471421 -0.0612313 -0.0605037
0 -0.0468503 -0.0605384 -0.0596982
0 -0.0465702 -0.0598451 -0.058889
0 -0.0463028 -0.0591535 -0.0580798
0 -0.0460489 -0.0584661 -0.0572742
0 -0.0458092 -0.0577852 -0.0564761
0 -0.045584 -0.0571134 -0.0556891
0 -0.0453734 -0.056453 -0.0549168
0 -0.0451775 -0.0558067 -0.0541628
0 -0.0449959 -0.0551768 -0.0534304
0 -0.0448286 -0.054566 -0.0527229
0 -0.0446749 -0.0539768 -0.0520433
0 -0.0445345 -0.0534118 -0.0513945
0 -0.0444068 -0.0528735 -0.0507792
0 -0.0442913 -0.0523644 -0.0501998
0 -0.0441874 -0.0518869 -0.0496586
0 -0.0440946 -0.0514434 -0.0491577
0 -0.0440121 -0.0510355 -0.0486986
0 -0.0439386 -0.0506646 -0.048282
0 -0.0438727 -0.0503313 -0.0479085
0 -0.0438129 -0.0500362 -0.0475781
0 -0.0437582 -0.0497796 -0.0472911
0 -0.0437075 -0.0495619 -0.0470475
0 -0.0436602 -0.0493831 -0.0468473
0 -0.0436158 -0.0492433 -0.0466905
0 -0.0435745 -0.0491428 -0.0465775
0 -0.0435374 -0.0490823 -0.0465092
0 -0.0435066 -0.0490632 -0.0464872
0 -0.043484 -0.0490867 -0.046513
0 -0.0434719 -0.0491535 -0.0465877
0 -0.0434717 -0.049263 -0.0467114
0 -0.0434832 -0.0494131 -0.0468824
0 -0.0435052 -0.0496002 -0.0470975
0 -0.0435356 -0.0498198 -0.0473528
0 -0.0435729 -0.0500675 -0.0476442
0 -0.0436158 -0.0503395 -0.0479678
0 -0.0436638 -0.0506322 -0.04832
0 -0.0437173 -0.0509433 -0.0486984
0 -0.0437785 -0.0512722 -0.0491015
0 -0.0438504 -0.051619 -0.0495288
0 -0.0439359 -0.0519842 -0.0499798
0 -0.0440374 -0.052368 -0.0504535
0 -0.0441571 -0.0527706 -0.0509486
0 -0.044297 -0.0531925 -0.0514641
0 -0.044459 -0.0536341 -0.051999
0 -0.0446443 -0.0540961 -0.0525522
0 -0.0448539 -0.0545789 -0.0531227
0 -0.0450885 -0.055083 -0.0537097
0 -0.0453482 -0.0556088 -0.0543125
0 -0.0456327 -0.0561567 -0.0549305
0 -0.0459416 -0.056727 -0.0555636
0 -0.0462736 -0.0573197 -0.0562114
0 -0.046627 -0.0579343 -0.0568736
0 -0.0469998 -0.0585702 -0.05755
0 -0.0473896 -0.0592266 -0.0582405
0 -0.0477941 -0.0599027 -0.0589452
0 -0.048211 -0.0605976 -0.0596646
0 -0.0486382 -0.06131 -0.0603991
0 -0.0490734 -0.0620388 -0.0611491
0 -0.0495149 -0.0627828 -0.0619151
0 -0.0499608 -0.0635407 -0.0626976
0 -0.0504097 -0.0643115 -0.0634969
0 -0.05086 -0.065094 -0.0643132
0 -0.0513108 -0.0658871 -0.0651464
0 -0.0517587 -0.0666894 -0.0659959
0 -0.0521997 -0.0674992 -0.0668603
0 -0.0526307 -0.0683142 -0.0677377
0 -0.0530491 -0.0691324 -0.0686256
0 -0.0534518 -0.0699513 -0.0695218
0 -0.0538367 -0.0707689 -0.0704236
0 -0.0542017 -0.0715827 -0.0713286
0 -0.0545446 -0.07239 -0.0722337
0 -0.0548633 -0.0731875 -0.0731355
0 -0.055156 -0.0739718 -0.0740303
0 -0.0554217 -0.0747392 -0.0749141
0 -0.0556599 -0.0754864 -0.0757827
0 -0.0558698 -0.07621 -0.0766318
0 -0.0560515 -0.0769073 -0.077457
0 -0.0562055 -0.0775754 -0.0782538
0 -0.0563337 -0.0782127 -0.0790187
0 -0.0564385 -0.0788182 -0.0797487
0 -0.0565229 -0.0793915 -0.0804418
0 -0.0565903 -0.0799322 -0.0810957
0 -0.0566437 -0.0804398 -0.0817084
0 -0.0566861 -0.0809137 -0.0822781
0 -0.0567205 -0.0813536 -0.0828032
0 -0.0567498 -0.0817589 -0.0832827
0 -0.0567766 -0.0821295 -0.0837157
0 -0.0568035 -0.082465 -0.0841017
0 -0.0568328 -0.0827655 -0.0844409
0 -0.0568671 -0.0830313 -0.0847338
0 -0.0569083 -0.0832628 -0.0849816
0 -0.0569583 -0.0834606 -0.0851855
0 -0.0570185 -0.0836254 -0.0853471
0 -0.0570897 -0.0837579 -0.0854681
0 -0.0571724 -0.0838588 -0.0855504
0 -0.0572666 -0.083929 -0.0855958
0 -0.0573717 -0.0839697 -0.0856064
0 -0.0574864 -0.0839821 -0.0855841
0 -0.0576089 -0.0839675 -0.0855307
0 -0.057737 -0.0839274 -0.0854477
0 -0.0578679 -0.0838631 -0.0853369
0 -0.0579988 -0.0837766 -0.0852
0 -0.0581265 -0.0836694 -0.0850389
0 -0.0582477 -0.0835434 -0.0848552
0 -0.0583588 -0.0833997 -0.0846503
0 -0.0584558 -0.0832393 -0.0844254
0 -0.0585348 -0.083063 -0.0841816
0 -0.0585921 -0.0828714 -0.08392
0 -0.0586247 -0.0826651 -0.0836422
0 -0.0586297 -0.0824444 -0.0833495
0 -0.0586049 -0.0822096 -0.0830434
0 -0.0585486 -0.0819608 -0.0827252
0 -0.0584595 -0.0816979 -0.0823964
0 -0.0583373 -0.0814206 -0.0820582
0 -0.0581821 -0.0811286 -0.0817117
0 -0.0579946 -0.0808216 -0.0813579
0 -0.0577761 -0.0804992 -0.0809974
0 -0.0575284 -0.080161 -0.0806308
0 -0.0572537 -0.0798065 -0.0802582
0 -0.0569546 -0.0794354 -0.0798793
0 -0.0566338 -0.0790472 -0.0794933
0 -0.0562941 -0.0786414 -0.079099
0 -0.0559385 -0.0782176 -0.078695
0 -0.0555701 -0.0777756 -0.0782796
0 -0.0551921 -0.0773156 -0.0778511
0 -0.0548079 -0.0768376 -0.0774075
0 -0.0544206 -0.0763421 -0.0769467
0 -0.0540332 -0.0758295 -0.0764667
0 -0.0536485 -0.0753005 -0.0759656
0 -0.0532694 -0.0747559 -0.0754419
0 -0.0528983 -0.0741968 -0.0748941
0 -0.0525375 -0.0736243 -0.0743214
0 -0.0521889 -0.0730395 -0.0737235
0 -0.0518544 -0.0724439 -0.0731004
0 -0.051535 -0.0718383 -0.0724524
0 -0.0512315 -0.071224 -0.0717803
0 -0.0509439 -0.070602 -0.0710854
0 -0.050672 -0.0699733 -0.0703694
0 -0.0504156 -0.0693389 -0.0696343
0 -0.0501743 -0.0686998 -0.0688825
0 -0.0499474 -0.0680569 -0.0681165
0 -0.0497342 -0.0674108 -0.0673389
0 -0.0495336 -0.0667624 -0.0665526
0 -0.0493441 -0.0661121 -0.0657601
0 -0.0491633 -0.0654602 -0.0649641
0 -0.0489891 -0.064807 -0.064167
0 -0.0488192 -0.0641528 -0.0633712
0 -0.0486512 -0.0634984 -0.0625791
0 -0.048482 -0.0628439 -0.0617927
0 -0.0483085 -0.0621894 -0.0610136
0 -0.0481277 -0.0615352 -0.060243
0 -0.0479369 -0.0608817 -0.0594822
0 -0.047734 -0.0602296 -0.0587325
0 -0.0475182 -0.0595804 -0.0579957
0 -0.0472895 -0.0589364 -0.0572744
0 -0.0470489 -0.0583 -0.056571
0 -0.0467974 -0.0576737 -0.0558876
0 -0.0465365 -0.05706 -0.0552259
0 -0.0462675 -0.0564609 -0.0545875
0 -0.045992 -0.0558783 -0.053973
0 -0.0457111 -0.0553134 -0.0533828
0 -0.0454258 -0.054767 -0.0528164
0 -0.0451372 -0.0542395 -0.0522733
0 -0.0448465 -0.0537315 -0.0517528
0 -0.0445557 -0.0532436 -0.0512546
0 -0.044267 -0.0527768 -0.0507787
0 -0.0439833 -0.0523327 -0.0503259
0 -0.0437081 -0.0519129 -0.0498971
0 -0.0434447 -0.051519 -0.0494933
0 -0.043196 -0.0511523 -0.0491156
0 -0.0429651 -0.0508142 -0.0487649
0 -0.0427547 -0.0505056 -0.0484422
0 -0.0425672 -0.0502275 -0.0481487
0 -0.0424045 -0.0499805 -0.0478849
0 -0.0422678 -0.0497647 -0.0476514
0 -0.0421577 -0.0495798 -0.0474481
0 -0.0420746 -0.0494257 -0.0472753
0 -0.0420187 -0.0493021 -0.0471331
0 -0.0419898 -0.0492091 -0.0470219
0 -0.0419879 -0.0491466 -0.046942
0 -0.0420126 -0.049115 -0.0468942
0 -0.0420638 -0.049115 -0.0468793
0 -0.0421411 -0.0491476 -0.0468988
0 -0.042244 -0.049214 -0.0469538
0 -0.0423718 -0.049315 -0.0470455
0 -0.0425232 -0.0494515 -0.0471747
0 -0.0426965 -0.0496242 -0.0473423
0 -0.0428898 -0.0498335 -0.0475488
0 -0.0431011 -0.0500798 -0.0477947
0 -0.0433279 -0.0503631 -0.0480801
0 -0.0435678 -0.0506831 -0.0484052
0 -0.0438185 -0.0510396 -0.04877
0 -0.0440779 -0.0514322 -0.0491748
0 -0.0443441 -0.0518603 -0.0496196
0 -0.0446156 -0.0523235 -0.0501047
0 -0.044891 -0.052821 -0.0506301
0 -0.0451692 -0.0533518 -0.0511956
0 -0.0454492 -0.0539147 -0.0518009
0 -0.0457302 -0.0545083 -0.0524452
0 -0.0460116 -0.0551311 -0.0531278
0 -0.0462929 -0.0557811 -0.0538472
0 -0.0465738 -0.0564565 -0.0546019
0 -0.0468543 -0.0571551 -0.05539
0 -0.0471343 -0.0578749 -0.0562092
0 -0.0474143 -0.0586137 -0.057057
0 -0.0476945 -0.0593692 -0.0579305
0 -0.0479753 -0.0601391 -0.0588266
0 -0.0482575 -0.060921 -0.0597419
0 -0.0485415 -0.0617126 -0.0606729
0 -0.0488282 -0.0625115 -0.0616159
0 -0.0491185 -0.0633159 -0.0625674
0 -0.0494132 -0.0641242 -0.0635235
0 -0.0497127 -0.0649347 -0.0644806
0 -0.050018 -0.065746 -0.065435
0 -0.0503286 -0.0665565 -0.0663835
0 -0.0506432 -0.0673649 -0.067323
0 -0.0509608 -0.0681696 -0.0682503
0 -0.0512814 -0.0689689 -0.0691628
0 -0.0516049 -0.0697609 -0.0700577
0 -0.0519307 -0.0705436 -0.0709327
0 -0.0522578 -0.071315 -0.0717857
0 -0.0525858 -0.0720729 -0.0726146
0 -0.0529141 -0.0728154 -0.0734182
0 -0.0532415 -0.0735405 -0.0741949
0 -0.0535664 -0.0742463 -0.0749441
0 -0.0538877 -0.0749308 -0.0756648
0 -0.0542048 -0.0755922 -0.0763566
0 -0.0545163 -0.0762287 -0.077019
0 -0.0548206 -0.0768385 -0.0776519
0 -0.055116 -0.0774202 -0.078255
0 -0.0554014 -0.0779723 -0.0788282
0 -0.0556754 -0.0784936 -0.0793711
0 -0.0559366 -0.0789831 -0.0798837
0 -0.0561834 -0.0794398 -0.0803656
0 -0.0564147 -0.0798631 -0.0808163
0 -0.0566293 -0.0802524 -0.0812354
0 -0.0568261 -0.0806075 -0.0816223
0 -0.057004 -0.0809282 -0.0819765
0 -0.0571621 -0.0812144 -0.0822972
0 -0.0572998 -0.0814663 -0.0825837
0 -0.0574165 -0.0816838 -0.0828353
0 -0.0575115 -0.0818673 -0.0830511
0 -0.0575847 -0.082017 -0.0832306
0 -0.0576359 -0.082133 -0.0833732
0 -0.0576651 -0.0822158 -0.0834782
0 -0.0576726 -0.0822654 -0.0835454
0 -0.0576586 -0.0822821 -0.0835746
0 -0.0576238 -0.082266 -0.0835655
0 -0.0575687 -0.0822174 -0.0835183
0 -0.0574944 -0.0821362 -0.0834332
0 -0.057402 -0.0820227 -0.0833106
0 -0.0572924 -0.0818768 -0.0831511
0 -0.0571669 -0.081699 -0.0829551
0 -0.0570269 -0.0814892 -0.0827236
0 -0.0568735 -0.081248 -0.0824573
0 -0.0567082 -0.0809756 -0.0821571
0 -0.0565321 -0.0806727 -0.0818238
0 -0.0563465 -0.0803399 -0.0814586
0 -0.0561524 -0.0799779 -0.0810622
0 -0.055951 -0.0795878 -0.0806358
0 -0.0557431 -0.0791705 -0.0801804
0 -0.0555296 -0.0787274 -0.0796969
0 -0.0553113 -0.0782597 -0.0791864
0 -0.0550886 -0.0777689 -0.07865
0 -0.0548621 -0.0772566 -0.0780889
0 -0.0546322 -0.0767244 -0.0775042
0 -0.0543991 -0.0761741 -0.0768974
0 -0.054163 -0.0756072 -0.0762696
0 -0.053924 -0.0750257 -0.0756226
0 -0.0536821 -0.0744311 -0.0749578
0 -0.0534374 -0.0738254 -0.0742771
0 -0.0531896 -0.0732101 -0.0735823
0 -0.0529386 -0.0725868 -0.0728752
0 -0.0526848 -0.0719574 -0.072158
0 -0.0524283 -0.0713234 -0.0714327
0 -0.0521691 -0.0706864 -0.0707011
0 -0.0519073 -0.0700476 -0.0699654
0 -0.0516427 -0.0694085 -0.0692276
0 -0.0513758 -0.0687699 -0.0684897
0 -0.051107 -0.068133 -0.0677539
0 -0.0508369 -0.0674985 -0.0670222
0 -0.0505661 -0.0668672 -0.0662968
0 -0.0502952 -0.0662399 -0.0655798
0 -0.0500252 -0.0656176 -0.0648731
0 -0.0497564 -0.0650014 -0.0641785
0 -0.0494882 -0.0643923 -0.0634975
0 -0.0492209 -0.0637915 -0.0628315
0 -0.0489551 -0.0632004 -0.0621816
0 -0.048691 -0.0626203 -0.0615487
0 -0.048429 -0.0620527 -0.0609337
0 -0.0481698 -0.061499 -0.0603374
0 -0.0479143 -0.0609606 -0.0597604
0 -0.0476636 -0.0604392 -0.0592033
