0 0.0124613 0.0293667 0.0290076
0 0.0123532 0.0291503 0.0287712
0 0.0122652 0.0289741 0.0285806
0 0.0122287 0.0288701 0.0284676
0 0.012252 0.028849 0.0284419
0 0.0123304 0.0289104 0.0285019
0 0.0124346 0.0290297 0.0286226
0 0.012503 0.0291488 0.0287459
0 0.0125037 0.0292345 0.0288397
0 0.0124591 0.0293022 0.0289216
0 0.0123935 0.0293657 0.0290073
0 0.0123183 0.0294247 0.0290971
0 0.0122551 0.0294892 0.0292
0 0.0122236 0.0295696 0.0293235
0 0.0122311 0.0296676 0.0294643
0 0.0123001 0.0298037 0.0296382
0 0.0124492 0.0299997 0.0298618
0 0.0126778 0.0302627 0.0301386
0 0.0129787 0.0305972 0.0304715
0 0.0133352 0.0309996 0.0308582
0 0.013725 0.0314613 0.0312941
0 0.014128 0.0319739 0.0317778
0 0.0145092 0.0325121 0.0322928
0 0.0147816 0.0329936 0.0327664
0 0.0148757 0.0333439 0.0331326
0 0.0148094 0.0335672 0.0334015
0 0.0146181 0.0336795 0.0335908
0 0.0143264 0.0336808 0.0336972
0 0.0139755 0.0335856 0.0337277
0 0.0135899 0.033394 0.0336691
0 0.0131923 0.0331076 0.0335047
0 0.0128524 0.0327811 0.0332692
0 0.0126641 0.0325014 0.033032
0 0.0127065 0.0323515 0.0328649
0 0.0130047 0.0323751 0.0328089
0 0.013513 0.0325573 0.0328559
0 0.0141205 0.0328245 0.0329485
0 0.0147165 0.0331047 0.0330356
0 0.0152981 0.0334306 0.0331734
0 0.0158692 0.0338385 0.0334239
0 0.0163127 0.0342377 0.033721
0 0.0165128 0.0345261 0.0339799
0 0.0164071 0.0346391 0.0341425
0 0.0159702 0.0345289 0.0341564
0 0.0153031 0.0342565 0.0340679
0 0.0145704 0.0339393 0.0339735
0 0.0138967 0.0336543 0.0339244
0 0.0134179 0.0334976 0.0339866
0 0.0132531 0.0335643 0.0342239
0 0.0134357 0.0338816 0.0346389
0 0.013949 0.0344446 0.0352129
0 0.0146948 0.0351805 0.0358741
0 0.0154669 0.0359126 0.0364626
0 0.0160607 0.0364632 0.0368307
0 0.0163613 0.0367346 0.0369184
0 0.0163289 0.0366878 0.0367223
0 0.0159681 0.0363124 0.0362591
0 0.0153806 0.035685 0.0356202
0 0.0147294 0.034942 0.0349414
0 0.0141059 0.0341565 0.0342779
0 0.0135537 0.0333648 0.0336349
0 0.0131318 0.0326314 0.0330367
0 0.0129073 0.0320388 0.0325251
0 0.012921 0.0316494 0.032133
0 0.0131368 0.0314542 0.0318397
0 0.01344 0.0313681 0.0315681
0 0.01374 0.0313241 0.0312771
0 0.0140231 0.031326 0.0310078
0 0.0142653 0.0313609 0.0307916
0 0.0143994 0.0313659 0.0306102
0 0.0143828 0.0312967 0.0304525
0 0.0142199 0.0311519 0.0303307
0 0.0139132 0.0309249 0.03023
0 0.0134039 0.0305443 0.0300511
0 0.0126427 0.0299408 0.0296844
0 0.0117339 0.0291856 0.0291591
0 0.0108985 0.0284561 0.0286164
0 0.0103298 0.0279073 0.0281834
0 0.010112 0.027603 0.027905
0 0.0102178 0.0275159 0.0277487
0 0.0105907 0.0276071 0.0276844
0 0.0111857 0.0278653 0.0277216
0 0.0119616 0.0282952 0.0278943
0 0.0128667 0.0288961 0.0282399
0 0.0137684 0.0295844 0.0287143
0 0.0144499 0.030183 0.0291743
0 0.0147473 0.0305509 0.0295016
0 0.0146474 0.0306735 0.0296902
0 0.014235 0.0306133 0.0297949
0 0.0136265 0.0304517 0.0298732
0 0.0129688 0.0302917 0.0299927
0 0.0124316 0.0302565 0.0302388
0 0.0121358 0.0304267 0.0306591
0 0.0121063 0.0308024 0.0312239
0 0.0122963 0.0313265 0.0318533
0 0.0126013 0.0318926 0.0324334
0 0.0129342 0.0324144 0.0328879
0 0.0132677 0.0328647 0.0332143
0 0.0135832 0.0332245 0.0334263
0 0.0138278 0.0334419 0.0335035
0 0.0139491 0.0334675 0.0334211
0 0.0139812 0.0333419 0.0332338
0 0.0140156 0.0331683 0.0330473
0 0.0141144 0.0330263 0.0329325
0 0.0143017 0.0329647 0.0329213
0 0.0146162 0.0330533 0.0330623
0 0.0151192 0.0333899 0.0334337
0 0.0158048 0.03401 0.0340573
0 0.0165035 0.0347831 0.0347984
0 0.0170097 0.0355279 0.0354842
0 0.0172761 0.0362 0.0360905
0 0.0173366 0.0368127 0.0366596
0 0.0172197 0.0373515 0.037209
0 0.016946 0.0377801 0.0377286
0 0.0164764 0.037995 0.0381263
0 0.0157909 0.0379113 0.0383083
0 0.014971 0.0375513 0.0382669
0 0.0141591 0.0370115 0.0380492
0 0.0135288 0.0364384 0.0377434
0 0.0132085 0.0359551 0.0374196
0 0.0132056 0.0355856 0.0370641
0 0.0134066 0.0352485 0.0365813
0 0.0136565 0.0348275 0.0358683
0 0.0138807 0.0342871 0.0349283
0 0.0141202 0.0337047 0.0338957
0 0.0144752 0.0332161 0.0329685
0 0.0150323 0.03295 0.0323311
0 0.0157434 0.0329165 0.0320335
0 0.0164334 0.0330082 0.0319892
0 0.0169922 0.0331789 0.0321523
0 0.0173724 0.0334359 0.0325089
0 0.0175424 0.0337813 0.0330286
0 0.0175027 0.0342195 0.0336826
0 0.01719 0.034656 0.0343492
0 0.0165284 0.0349468 0.0348703
0 0.0155386 0.0350156 0.0351675
0 0.0143067 0.034836 0.0352165
0 0.0129917 0.0344473 0.035057
0 0.0117934 0.0339379 0.034771
0 0.0107975 0.0333076 0.0343417
0 0.00995272 0.0324492 0.0336359
0 0.00925939 0.0313348 0.0325948
0 0.00887179 0.0301278 0.0313497
0 0.00898691 0.0290755 0.0301219
0 0.00964761 0.0283113 0.0290355
0 0.0107236 0.0278249 0.0280948
0 0.0120777 0.0276135 0.0273327
0 0.0136312 0.0277398 0.026862
0 0.0153016 0.0282508 0.0267968
0 0.0168624 0.0290287 0.0271003
0 0.0179677 0.029817 0.0275853
0 0.0184039 0.0304449 0.0281283
0 0.018159 0.0308805 0.0287187
0 0.0173113 0.0311338 0.0293543
0 0.0160042 0.0312374 0.0300267
0 0.0144239 0.0312378 0.0307158
0 0.0127821 0.0312006 0.031407
0 0.0113632 0.0312721 0.0321638
0 0.0104114 0.0315848 0.0330327
0 0.00997958 0.0321122 0.0339218
0 0.0099834 0.032718 0.0346659
0 0.0103257 0.0332827 0.0351457
0 0.0109385 0.0337419 0.0353294
0 0.0117359 0.0340453 0.035223
0 0.0126428 0.034179 0.0348802
0 0.0136225 0.0341811 0.0344067
0 0.0146335 0.0340994 0.0339036
0 0.0156336 0.0339902 0.033462
0 0.0165453 0.0338778 0.033124
0 0.017243 0.0337358 0.0328627
0 0.0176368 0.0335547 0.0326574
0 0.0176725 0.0333343 0.0324858
0 0.0173432 0.033084 0.0323328
0 0.0167796 0.0329073 0.0322864
0 0.0161283 0.0328914 0.0324252
0 0.0154177 0.0329849 0.0326943
0 0.0146569 0.0331094 0.0330142
0 0.0139468 0.0332806 0.0333993
0 0.0134466 0.0335814 0.0339276
0 0.013179 0.0339764 0.0345504
0 0.0130164 0.034298 0.0350798
0 0.0128913 0.0344551 0.0354002
0 0.0128455 0.0344808 0.0355214
0 0.0129508 0.0344534 0.0355055
0 0.0131923 0.0343801 0.0353533
0 0.0134697 0.0341938 0.035003
0 0.013799 0.0339489 0.0345263
0 0.0142791 0.0337886 0.0340924
0 0.0148897 0.0337426 0.0337611
0 0.0155593 0.0337929 0.033544
0 0.0162199 0.0339273 0.0334555
0 0.0167342 0.0340599 0.0334319
0 0.0170138 0.0341393 0.0334373
0 0.0170791 0.0342057 0.0335171
0 0.0169052 0.0342334 0.0336394
0 0.0163804 0.0340845 0.0336521
0 0.0154606 0.0336623 0.0334389
0 0.0142953 0.0330463 0.0330585
0 0.0131827 0.0324583 0.0327117
0 0.0124581 0.0321651 0.0326408
0 0.0123049 0.0323072 0.0329593
0 0.012571 0.0327237 0.0334826
0 0.0129369 0.0331093 0.0338904
0 0.0131732 0.0332512 0.0339671
0 0.013216 0.0330961 0.0336718
0 0.0131667 0.0327556 0.0331403
0 0.0131271 0.0323395 0.0325133
0 0.0130999 0.0318592 0.0318306
0 0.0130894 0.0313347 0.0311326
0 0.0131231 0.0308158 0.0304808
0 0.0132302 0.0303612 0.0299382
0 0.0134173 0.0300168 0.029545
0 0.0136565 0.0297978 0.0293027
0 0.0138971 0.0296951 0.0291857
0 0.0140616 0.029664 0.0291371
0 0.014129 0.0296995 0.0291484
0 0.0141289 0.0298301 0.0292539
0 0.0140519 0.0300302 0.0294402
0 0.0138668 0.0302386 0.0296621
0 0.0135402 0.0303805 0.0298593
0 0.0130519 0.0303865 0.0299704
0 0.0124466 0.0302504 0.029986
0 0.0118164 0.0300134 0.0299341
0 0.0112286 0.029698 0.029816
0 0.0107111 0.0292998 0.0295999
0 0.0103267 0.0288634 0.0292989
0 0.0101996 0.028511 0.0290064
0 0.0103484 0.0282786 0.028739
0 0.0106366 0.0280638 0.0283895
0 0.010934 0.0277777 0.0278804
0 0.0111992 0.0274207 0.0272354
0 0.0114794 0.0270805 0.026575
0 0.0118135 0.0268343 0.0260176
0 0.0121535 0.0266696 0.0255935
0 0.0124443 0.0265641 0.0253132
0 0.0126965 0.0265562 0.0252329
0 0.0129935 0.0267536 0.0254606
0 0.0134375 0.0272817 0.0261061
0 0.0140632 0.0281984 0.0272005
0 0.014787 0.0294414 0.0286513
0 0.0153958 0.0308076 0.0302299
0 0.0156204 0.0320113 0.0316364
0 0.0152696 0.0328021 0.0326202
0 0.0143344 0.0330719 0.0330839
0 0.0130488 0.0329374 0.0331587
0 0.011794 0.0326577 0.0331111
0 0.0108495 0.032405 0.0331061
0 0.0103709 0.0322653 0.0332062
0 0.0104534 0.0323161 0.0334497
0 0.0110448 0.0325389 0.0337733
0 0.0119674 0.0328343 0.0340382
0 0.0130274 0.0331141 0.0341347
0 0.0141115 0.0333683 0.0340611
0 0.0151949 0.0336579 0.0339176
0 0.0162153 0.0339932 0.0337754
0 0.017061 0.03432 0.0336509
0 0.0176646 0.0346119 0.0335897
0 0.0179734 0.0348384 0.0336228
0 0.0178735 0.0348861 0.0336698
0 0.0172515 0.0346155 0.0335891
0 0.0161564 0.0340207 0.033343
0 0.0147973 0.0332399 0.033012
0 0.0132611 0.0322823 0.0325359
0 0.0114738 0.0309915 0.0316868
0 0.00956543 0.0294044 0.0304333
0 0.00795602 0.0278425 0.0290476
0 0.00706897 0.0266621 0.0278606
0 0.00715816 0.0261046 0.0271096
0 0.00835325 0.0263474 0.0269921
0 0.0106624 0.0275177 0.0276767
0 0.0138865 0.0295996 0.0292022
0 0.0176459 0.0324533 0.0314874
0 0.0214617 0.0358483 0.0343706
0 0.0248193 0.0394324 0.0375852
0 0.0272391 0.0428052 0.040816
0 0.0283547 0.0456327 0.0437913
0 0.0280245 0.0477022 0.0463244
0 0.0263108 0.0488832 0.0482751
0 0.0234493 0.0491492 0.0495698
0 0.0199498 0.0487174 0.0503239
0 0.0163946 0.0478894 0.0506929
0 0.0131174 0.0467678 0.0506132
0 0.0101851 0.0452436 0.049816
0 0.00748441 0.043075 0.0479526
0 0.00493171 0.0400815 0.0448131
0 0.0027554 0.036424 0.0405904
0 0.00142392 0.0325436 0.0357971
0 0.00126859 0.0288428 0.0309297
0 0.00236489 0.025596 0.0263685
0 0.00460382 0.0229612 0.0223915
0 0.00761905 0.020897 0.0190695
0 0.0108264 0.0191739 0.0162634
0 0.013744 0.0176044 0.0138783
0 0.0161911 0.0162385 0.0120314
0 0.0181095 0.0152105 0.0108705
0 0.0193729 0.01454 0.0103846
0 0.0197445 0.0140907 0.0103575
0 0.0190145 0.0136893 0.010507
0 0.0173379 0.0134189 0.0108195
0 0.0153015 0.0136772 0.0116344
0 0.0135786 0.0148756 0.0133529
0 0.0126235 0.0171957 0.0161765
0 0.0126147 0.0205832 0.020079
0 0.013478 0.0247997 0.0248468
0 0.0149957 0.0295282 0.0301647
0 0.016919 0.0344622 0.0356967
0 0.0188955 0.0392353 0.0410358
0 0.0205255 0.043471 0.0457634
0 0.0215227 0.0468955 0.0495676
0 0.0218356 0.0494387 0.0523596
0 0.0217561 0.0513575 0.0543962
0 0.0216002 0.0529168 0.0559607
0 0.0213049 0.0539919 0.0569642
0 0.0206984 0.0543493 0.057216
0 0.0198274 0.0539699 0.0567384
0 0.0186691 0.0527659 0.0554726
0 0.0169781 0.0504315 0.0531176
0 0.0145478 0.0467131 0.0493942
0 0.0113942 0.0415952 0.0442328
0 0.00789168 0.0354445 0.0379302
0 0.00461323 0.0288964 0.0310528
0 0.00187286 0.0223036 0.0239023
0 -0.000400035 0.0156131 0.016409
0 -0.00238029 0.00878078 0.00856131
0 -0.00415048 0.00184575 0.000468048
0 -0.00572137 -0.00514057 -0.00771464
0 -0.00690471 -0.0119194 -0.015581
0 -0.00730191 -0.0180377 -0.0225476
0 -0.00665747 -0.0231817 -0.028217
0 -0.00509307 -0.0273625 -0.0325691
0 -0.00300438 -0.0308194 -0.0358845
0 -0.000768216 -0.0337557 -0.0384615
0 0.00150912 -0.0360899 -0.0403439
0 0.00398293 -0.0374861 -0.0413273
0 0.00677558 -0.0376562 -0.0412279
0 0.00965591 -0.0366727 -0.0401787
0 0.0121152 -0.0349262 -0.0385739
0 0.0137837 -0.0327282 -0.0366704
0 0.0146227 -0.030148 -0.0344285
0 0.0148306 -0.0271462 -0.0316486
0 0.0148371 -0.0235379 -0.0279717
0 0.0151888 -0.0190262 -0.0229739
0 0.0161449 -0.013552 -0.0165562
0 0.017498 -0.00747888 -0.00914686
0 0.0189061 -0.00126179 -0.00135103
0 0.0202924 0.00499227 0.00651856
0 0.0218585 0.0115042 0.0144518
0 0.0237687 0.0184544 0.0224401
0 0.0257449 0.0255833 0.0301137
0 0.0272002 0.0323038 0.0368698
0 0.0278707 0.038295 0.0424801
0 0.0278977 0.043605 0.0471578
0 0.0274567 0.0482889 0.0511567
0 0.0265125 0.0521705 0.0544906
0 0.0248812 0.0549264 0.0569746
0 0.0225352 0.0563861 0.0585066
0 0.0196314 0.0565664 0.0590922
0 0.0165062 0.0556786 0.0588603
0 0.0138443 0.054317 0.0582701
0 0.012402 0.053201 0.057879
0 0.0126218 0.0528044 0.0579993
0 0.014651 0.0534149 0.0587756
0 0.0183869 0.055208 0.060286
0 0.0233624 0.0580814 0.0624092
0 0.0287465 0.0615663 0.0647545
0 0.033761 0.0651788 0.0670115
0 0.0380134 0.0687015 0.0692046
0 0.0412819 0.0719645 0.0714224
0 0.0433011 0.0746714 0.0735862
0 0.0438507 0.0765241 0.0755259
0 0.0428808 0.0773559 0.0770872
0 0.0405156 0.0771281 0.0781296
0 0.0369687 0.0758491 0.0784616
0 0.0325072 0.0735477 0.0778405
0 0.0275005 0.070352 0.0761015
0 0.0224755 0.0665713 0.0733064
0 0.0180744 0.0626416 0.0697443
0 0.0146956 0.0587839 0.0656047
0 0.0121817 0.0547214 0.0606803
0 0.0100906 0.0499621 0.0546211
0 0.00817273 0.0443035 0.0474035
0 0.00657264 0.0379767 0.0394385
0 0.00553126 0.0313419 0.0312398
0 0.00490168 0.0244631 0.022996
0 0.00425077 0.017143 0.0145872
0 0.00327028 0.00927151 0.00593691
0 0.00190776 0.00094349 -0.0028411
0 0.000278278 -0.0076134 -0.0115551
0 -0.00153649 -0.0162391 -0.020126
0 -0.00352704 -0.0248713 -0.0285883
0 -0.00566941 -0.033443 -0.0369871
0 -0.00805935 -0.0420344 -0.0454956
0 -0.010884 -0.0508325 -0.0543616
0 -0.014085 -0.0597966 -0.0635672
0 -0.0173168 -0.068599 -0.0727681
0 -0.0202236 -0.0768871 -0.0815675
0 -0.0225868 -0.0845045 -0.089729
0 -0.0242974 -0.0914504 -0.0971301
0 -0.0252562 -0.0976858 -0.103614
0 -0.025376 -0.103127 -0.10905
0 -0.0246759 -0.107748 -0.113453
0 -0.0232194 -0.111525 -0.116894
0 -0.0210439 -0.114368 -0.119362
0 -0.0181802 -0.116135 -0.120788
0 -0.0148283 -0.116839 -0.121263
0 -0.0114253 -0.116726 -0.121095
0 -0.00833608 -0.115987 -0.120492
0 -0.00573431 -0.114672 -0.119466
0 -0.00373831 -0.112818 -0.117977
0 -0.00247722 -0.110544 -0.116043
0 -0.00204747 -0.108051 -0.113735
0 -0.00237417 -0.105462 -0.111035
0 -0.00316022 -0.102746 -0.107805
0 -0.00397712 -0.0997659 -0.103875
0 -0.00454071 -0.0964881 -0.0992795
0 -0.00497533 -0.0932202 -0.094485
0 -0.00551739 -0.0903239 -0.0900634
0 -0.00604574 -0.0877681 -0.086196
0 -0.00625984 -0.08531 -0.0828236
0 -0.00609429 -0.0829271 -0.0800349
0 -0.00553671 -0.0806532 -0.0778736
0 -0.00423811 -0.0781723 -0.0759433
0 -0.00180216 -0.0750816 -0.0736837
0 0.00171925 -0.0713731 -0.0708911
0 0.00592742 -0.0673256 -0.0676562
0 0.0105757 -0.0629889 -0.0638809
0 0.0158677 -0.0579166 -0.0590353
0 0.022061 -0.0516096 -0.0526081
0 0.0289069 -0.0440946 -0.044673
0 0.0358603 -0.0357599 -0.0356898
0 0.0425638 -0.0269066 -0.0260251
0 0.0487512 -0.0178108 -0.0160138
0 0.0541136 -0.00883936 -0.0061002
0 0.0584824 -0.00025438 0.00335208
0 0.0618121 0.00783331 0.0121363
0 0.064067 0.01533 0.0201008
0 0.0653121 0.0222286 0.027221
0 0.06574 0.0286651 0.0336475
0 0.0655239 0.0347358 0.0395242
0 0.0647004 0.040369 0.0448565
0 0.0631976 0.0453791 0.0495512
0 0.0610812 0.0497005 0.0536283
0 0.0586061 0.0534289 0.0572411
0 0.0559379 0.0565757 0.0604177
0 0.0531291 0.0590576 0.0630547
0 0.0501738 0.0607278 0.0649646
0 0.0468342 0.0612067 0.0657197
0 0.042718 0.0599571 0.0647337
0 0.0376573 0.0566435 0.0616214
0 0.0319752 0.0514143 0.0564881
0 0.0264364 0.044891 0.0499239
0 0.0218123 0.037799 0.0426179
0 0.0184977 0.0305914 0.0349621
0 0.0164608 0.0233876 0.0270019
0 0.0153986 0.0161574 0.0186568
0 0.0150016 0.00889847 0.00993759
0 0.0150749 0.00166934 0.00101065
0 0.0156443 -0.00527975 -0.00770062
0 0.0169882 -0.0114702 -0.0155076
0 0.0192252 -0.016634 -0.0219126
0 0.0219066 -0.0210582 -0.0270513
0 0.0242677 -0.0253174 -0.0314556
0 0.0257565 -0.0297568 -0.0355397
0 0.026286 -0.034305 -0.0393956
0 0.0260984 -0.0386433 -0.042866
0 0.0254445 -0.0424353 -0.0457824
0 0.024557 -0.0454086 -0.0480739
0 0.0236555 -0.0473391 -0.049688
0 0.0227821 -0.0482066 -0.0506721
0 0.0218096 -0.0482543 -0.0511915
0 0.0207498 -0.0476662 -0.0512402
0 0.0199401 -0.0463725 -0.0505149
0 0.0196412 -0.0443937 -0.0488119
0 0.0196258 -0.0421802 -0.0464249
0 0.0194438 -0.0403324 -0.0439111
0 0.0191116 -0.038924 -0.0414299
0 0.019264 -0.0373542 -0.0385731
0 0.0205375 -0.0349482 -0.0349081
0 0.0231328 -0.0313899 -0.0303474
0 0.0268492 -0.0267041 -0.0250854
0 0.0313223 -0.0210531 -0.0193676
0 0.0361499 -0.0146168 -0.0133462
0 0.0408645 -0.00774289 -0.00721801
0 0.0449383 -0.000986681 -0.00130314
0 0.0477971 0.00506275 0.00407547
0 0.0490819 0.00996542 0.00871651
0 0.0488693 0.0136142 0.012654
0 0.0475288 0.0162255 0.0161101
0 0.0455537 0.0181487 0.0193093
0 0.0433715 0.0196706 0.0223224
0 0.0410033 0.020712 0.02481
0 0.038185 0.0209096 0.0261553
0 0.0349115 0.0201382 0.0260429
0 0.0314531 0.0185321 0.0245176
0 0.0280958 0.0162055 0.0217189
0 0.025199 0.0133332 0.0179527
0 0.0232465 0.0102564 0.0137518
0 0.0225267 0.0072149 0.00954611
0 0.0228953 0.00415489 0.00542374
0 0.0241374 0.00107699 0.00145079
0 0.0261506 -0.00180445 -0.00216443
0 0.0286136 -0.00442026 -0.00539755
0 0.0310578 -0.00684131 -0.00838349
0 0.0331564 -0.00905641 -0.011155
0 0.0347097 -0.0110215 -0.0136581
0 0.0357784 -0.0125161 -0.0156356
0 0.0367455 -0.0130656 -0.0165601
0 0.037896 -0.0123293 -0.016036
0 0.0391556 -0.0103444 -0.0140649
0 0.0403459 -0.00729625 -0.0108022
0 0.0414658 -0.00326821 -0.00630411
0 0.0425946 0.00167809 -0.000621056
0 0.0436233 0.00727132 0.0059582
0 0.0443354 0.0131074 0.012983
0 0.0445874 0.0188532 0.0200391
0 0.0441 0.0240653 0.0265588
0 0.0423641 0.0280521 0.0317158
0 0.039072 0.030285 0.0348605
0 0.0347102 0.0310063 0.0361409
0 0.0302327 0.0309138 0.0362198
0 0.0260417 0.0301553 0.0352756
0 0.0219888 0.0283484 0.0330129
0 0.0179615 0.0251918 0.0292567
0 0.0140812 0.0206539 0.0241018
0 0.0108072 0.0150965 0.0179905
0 0.00861888 0.00905237 0.0114569
0 0.00755181 0.00278393 0.00468865
0 0.00749597 -0.00349563 -0.00221657
0 0.00841294 -0.00946769 -0.00903042
0 0.0100218 -0.0150386 -0.0156903
0 0.0118682 -0.0203248 -0.0222688
0 0.0136266 -0.0254244 -0.0287162
0 0.0151334 -0.0303575 -0.0348608
0 0.0162692 -0.0351523 -0.040561
0 0.0168384 -0.0399483 -0.0458375
0 0.0165114 -0.0450172 -0.0509368
0 0.0150677 -0.0505562 -0.0561161
0 0.0127094 -0.0563911 -0.0613058
0 0.00987711 -0.0621265 -0.066248
0 0.00685038 -0.0675465 -0.070904
0 0.00365327 -0.0726919 -0.0754991
0 0.000312508 -0.0775928 -0.0801958
0 -0.00301609 -0.0821708 -0.0849536
0 -0.00620301 -0.0863814 -0.0896764
0 -0.00903931 -0.0900912 -0.0941207
0 -0.0110877 -0.0929202 -0.0977644
0 -0.0118969 -0.0944514 -0.100038
0 -0.011195 -0.0944417 -0.100555
0 -0.00888317 -0.0927828 -0.0990985
0 -0.00489757 -0.0892855 -0.0954398
0 0.000745385 -0.08372 -0.0894055
0 0.00752313 -0.0762899 -0.081325
0 0.0146249 -0.0674754 -0.0718126
0 0.0216129 -0.057477 -0.0611476
0 0.0281979 -0.0464685 -0.0495009
0 0.034008 -0.0348799 -0.037239
0 0.0388914 -0.023103 -0.0246721
0 0.0430145 -0.0112314 -0.011816
0 0.0468051 0.000936437 0.00156895
0 0.050638 0.0136055 0.0156343
0 0.0543257 0.0264891 0.0299632
0 0.0572583 0.038931 0.0437227
0 0.0592848 0.0507726 0.0565673
0 0.0609455 0.0625371 0.0688964
0 0.0627484 0.0747087 0.0811659
0 0.06466 0.0872093 0.0933608
0 0.0661468 0.0994271 0.105008
0 0.0665901 0.110654 0.115571
0 0.0656398 0.120428 0.124755
0 0.063146 0.128438 0.132393
0 0.0591755 0.134526 0.138422
0 0.0542041 0.138861 0.143045
0 0.0488085 0.141758 0.146519
0 0.0432324 0.143306 0.148806
0 0.0375804 0.143404 0.14965
0 0.0319877 0.141948 0.148804
0 0.026488 0.138845 0.14605
0 0.0211543 0.134101 0.141318
0 0.016394 0.128056 0.134933
0 0.0129304 0.121462 0.127634
0 0.0113655 0.115112 0.120207
0 0.0118982 0.109544 0.113182
0 0.0143696 0.10502 0.106863
0 0.0183671 0.101568 0.101433
0 0.0233154 0.0990362 0.0969596
0 0.0283866 0.0969768 0.0932275
0 0.0327652 0.0948754 0.0899398
0 0.0361821 0.0927011 0.087203
0 0.0386861 0.0907098 0.0852871
0 0.0401527 0.0889244 0.08413
0 0.04035 0.0872149 0.0834197
0 0.0391123 0.0854886 0.0828271
0 0.0364378 0.0837265 0.0821045
0 0.0325811 0.0819907 0.0811491
0 0.0277693 0.0801303 0.0797618
0 0.0219518 0.0776262 0.0774805
0 0.0152698 0.0741142 0.0740601
0 0.00842219 0.0697913 0.0698268
0 0.00226595 0.065136 0.065342
0 -0.0026143 0.0605395 0.0610024
0 -0.00597982 0.0562097 0.0569489
0 -0.0078893 0.052192 0.0531081
0 -0.00854377 0.0484662 0.0493275
0 -0.00807628 0.0451089 0.0455822
0 -0.00662455 0.0422355 0.0419475
0 -0.00441537 0.0398915 0.0385105
0 -0.00155771 0.0381965 0.0355205
0 0.0019165 0.0373192 0.0333377
0 0.00579395 0.0372409 0.032152
0 0.0097618 0.0378258 0.0320051
0 0.0136039 0.0390298 0.0329539
0 0.0170838 0.0407872 0.034942
0 0.0198448 0.0429051 0.0376949
0 0.0215634 0.0451945 0.0408724
0 0.0221993 0.0476658 0.0443199
0 0.0221355 0.0506343 0.0482214
0 0.0218755 0.0544305 0.0528371
0 0.021622 0.0590014 0.0581098
0 0.0212205 0.063879 0.0636219
0 0.020519 0.0685896 0.0689779
0 0.0198264 0.0731567 0.0742468
0 0.0197209 0.0779428 0.0797861
0 0.0204831 0.0831043 0.0857142
0 0.0221164 0.0886205 0.0919345
0 0.0247044 0.0946318 0.0985084
0 0.028406 0.101423 0.105665
0 0.0332075 0.109145 0.11353
0 0.0389168 0.11776 0.12208
0 0.0452667 0.127114 0.131223
0 0.0516196 0.136628 0.140484
0 0.0570041 0.145336 0.149012
0 0.0608767 0.152655 0.15632
0 0.0633808 0.158667 0.162558
0 0.0648963 0.163717 0.168073
0 0.0656121 0.167969 0.172973
0 0.065474 0.171329 0.177064
0 0.0644221 0.173754 0.180178
0 0.0626245 0.175439 0.182395
0 0.0603869 0.176557 0.183823
0 0.0577308 0.176965 0.184296
0 0.0544672 0.17631 0.183475
0 0.0505214 0.174299 0.181105
0 0.0459047 0.17073 0.177056
0 0.040791 0.165541 0.171369
0 0.0354399 0.158742 0.16414
0 0.0299358 0.150296 0.155343
0 0.0243458 0.140345 0.145045
0 0.0190238 0.129434 0.133655
0 0.0145082 0.118296 0.121756
0 0.0111578 0.107537 0.109858
0 0.00904614 0.097509 0.0983273
0 0.00810728 0.0883235 0.0874122
0 0.00826033 0.0800042 0.0773449
0 0.00942971 0.0725706 0.068401
0 0.0114745 0.0659891 0.0607682
0 0.0141141 0.0601131 0.0544123
0 0.016947 0.0547251 0.0491134
0 0.019572 0.0496422 0.0445685
0 0.0216458 0.0447265 0.0404432
0 0.0228967 0.0398944 0.0364341
0 0.023234 0.0351915 0.0323876
0 0.0227066 0.0307245 0.0282749
0 0.0212695 0.0264342 0.0239812
0 0.0189366 0.0222385 0.0194459
0 0.0161659 0.0184315 0.0150484
0 0.0136559 0.0155237 0.0114299
0 0.0118504 0.0137706 0.00900734
0 0.0108365 0.0130967 0.00786855
0 0.0105311 0.0133073 0.00793454
0 0.0108184 0.0142238 0.00906615
0 0.0115663 0.0157054 0.0110828
0 0.0127557 0.0177732 0.0139025
0 0.0145794 0.0206889 0.0176479
0 0.0170737 0.0245815 0.0223023
0 0.0198314 0.0291399 0.0274391
0 0.0223844 0.0339539 0.0325977
0 0.0246827 0.038963 0.0377432
0 0.0270147 0.0443844 0.0431811
0 0.029546 0.0503127 0.0491254
0 0.0322548 0.0566566 0.0556016
0 0.035123 0.0633081 0.0625933
0 0.0379707 0.070041 0.0699145
0 0.0404185 0.0764722 0.0771571
0 0.0421095 0.0822359 0.0838827
0 0.0427621 0.0870248 0.0896725
0 0.0422214 0.0906374 0.0941967
0 0.0406796 0.0931794 0.0974507
0 0.0386782 0.0950634 0.0997721
0 0.0366907 0.0966198 0.101466
0 0.0347989 0.0977773 0.102487
0 0.0328363 0.0982129 0.102585
0 0.0307045 0.0976792 0.101614
0 0.0286135 0.0962463 0.0997528
0 0.0271822 0.094429 0.0976032
0 0.0270384 0.0928435 0.0958184
0 0.028119 0.0915503 0.0944242
0 0.0297969 0.0901645 0.0929408
0 0.0316158 0.0885459 0.091108
0 0.0333867 0.0868378 0.0889687
0 0.0348599 0.0850762 0.0865202
0 0.0357204 0.0831507 0.0836941
0 0.0357454 0.0809402 0.0804824
0 0.0346871 0.0782088 0.0767938
0 0.0321927 0.0745271 0.0723523
0 0.0280418 0.0695375 0.0669389
0 0.0223914 0.0631916 0.0605716
0 0.0157497 0.0556957 0.0534304
0 0.00872028 0.0474114 0.0457678
0 0.00191196 0.0388286 0.0378907
0 -0.00411629 0.0304733 0.0301028
0 -0.00904269 0.0227602 0.0226095
0 -0.0128036 0.015902 0.015483
0 -0.0154133 0.0099837 0.00878687
0 -0.0168976 0.00501802 0.00264316
0 -0.0175165 0.000743668 -0.0030002
0 -0.0177318 -0.00332897 -0.00837868
0 -0.0176487 -0.00733581 -0.0133906
0 -0.0168209 -0.0108213 -0.0174199
0 -0.0147783 -0.0132449 -0.0198771
0 -0.011482 -0.0144191 -0.0206364
0 -0.00734958 -0.0145141 -0.0200206
0 -0.0029925 -0.0138418 -0.0185424
0 0.00115618 -0.0125561 -0.0165527
0 0.00490801 -0.0106127 -0.0141543
0 0.0081025 -0.00800806 -0.0114115
0 0.0105776 -0.00482285 -0.0083919
0 0.0123115 -0.00110191 -0.00504167
0 0.0134681 0.00316754 -0.00116318
0 0.0143304 0.00804341 0.00352702
0 0.0151721 0.0135502 0.0092532
0 0.0161909 0.0196112 0.0160574
0 0.017537 0.0261579 0.0238683
0 0.0193841 0.0332581 0.032628
0 0.0219454 0.0410761 0.0422867
0 0.0252714 0.0496907 0.0526577
0 0.0291334 0.0589507 0.0633404
0 0.0331694 0.0685422 0.0738493
0 0.0370303 0.078147 0.0837932
0 0.0404187 0.087454 0.0929118
0 0.0430379 0.096104 0.100999
0 0.0445614 0.103688 0.107858
0 0.0446359 0.109746 0.113256
0 0.0430759 0.113943 0.11704
0 0.0401536 0.116365 0.119412
0 0.0364033 0.11736 0.12075
0 0.0322856 0.117197 0.121271
0 0.028275 0.116158 0.121141
0 0.0248461 0.114587 0.120526
0 0.0221693 0.11259 0.119322
0 0.0202202 0.110132 0.117311
0 0.0191682 0.107413 0.114577
0 0.0192518 0.104783 0.111409
0 0.0203955 0.102396 0.107952
0 0.0221812 0.100122 0.10414
0 0.0240373 0.0976551 0.0998283
0 0.0254305 0.0946831 0.0949393
0 0.0260433 0.0910424 0.0895727
0 0.0258339 0.086798 0.0840217
0 0.0249701 0.0822028 0.0786875
0 0.023694 0.0775354 0.0739046
0 0.0221436 0.0729669 0.0697687
0 0.0204177 0.0686574 0.0662592
0 0.0188227 0.0649652 0.0635037
0 0.0177139 0.0622881 0.0616595
0 0.0171861 0.0607619 0.0606751
0 0.0171575 0.0603337 0.0603921
0 0.0175973 0.0609749 0.0607667
0 0.0185887 0.0627353 0.0619345
0 0.020142 0.0655607 0.0640158
0 0.0219615 0.0690692 0.0668537
0 0.0236339 0.0727507 0.0701544
0 0.0250697 0.0764272 0.0738928
0 0.0265417 0.0803184 0.0783437
0 0.0283336 0.0846723 0.0837033
0 0.0305021 0.0895373 0.0898802
0 0.0328872 0.0948157 0.0965831
0 0.0351789 0.100262 0.103364
0 0.036932 0.10545 0.109626
0 0.0377399 0.109944 0.114827
0 0.0374754 0.113515 0.118711
0 0.0361509 0.116007 0.121164
0 0.033718 0.117148 0.122018
0 0.0301357 0.116625 0.121101
0 0.025513 0.114241 0.118356
0 0.0202432 0.110081 0.113981
0 0.0149253 0.104475 0.10836
0 0.0100723 0.0977995 0.10183
0 0.00596088 0.0903716 0.0945802
0 0.00273147 0.0824553 0.0866764
0 0.000373451 0.0742516 0.0781105
0 -0.00123308 0.0659819 0.0689609
0 -0.00203199 0.05798 0.0595452
0 -0.00196359 0.0504821 0.0502317
0 -0.00121539 0.0434727 0.0412382
0 8.69995e-05 0.0369459 0.0328504
0 0.0020332 0.0310645 0.0255269
0 0.00461761 0.0259416 0.0195738
0 0.00763025 0.0215372 0.0150142
0 0.0107737 0.017756 0.0116867
0 0.013586 0.0143721 0.00918108
0 0.0155667 0.0111065 0.00697581
0 0.0166011 0.00801505 0.0048761
0 0.0169719 0.00549303 0.00307116
0 0.0169893 0.00389817 0.00179699
0 0.0167909 0.00335985 0.00115118
0 0.0163838 0.00381232 0.00113138
0 0.0158007 0.00511874 0.00176709
0 0.0153046 0.00728974 0.00331382
0 0.0154072 0.0105559 0.00625925
0 0.0165465 0.0151057 0.0109878
0 0.018818 0.0208926 0.017528
0 0.0220072 0.0277093 0.0256054
0 0.0257509 0.0352597 0.0347486
0 0.0296433 0.0432066 0.0443954
0 0.0332642 0.0512558 0.054005
0 0.0361982 0.0590863 0.0630449
0 0.0380649 0.0663013 0.0710043
0 0.0386388 0.0726036 0.0775586
0 0.0379696 0.0779121 0.0826922
0 0.0363613 0.0823333 0.0866538
0 0.0342188 0.0860531 0.0898007
0 0.0319595 0.0892666 0.0925036
0 0.0299492 0.0921369 0.0950676
0 0.0283142 0.094641 0.0975516
0 0.0269638 0.0965865 0.0997827
0 0.0257924 0.0977983 0.101542
0 0.0246515 0.0980965 0.102551
0 0.0233164 0.0972609 0.102452
0 0.0216394 0.0951572 0.100949
0 0.0196621 0.0918484 0.0979442
0 0.0176087 0.0876109 0.093595
0 0.0156955 0.082739 0.0881382
0 0.01398 0.0773807 0.0817444
0 0.0124735 0.0716729 0.0746442
0 0.0112826 0.0658308 0.0671967
0 0.0105126 0.0600218 0.0597482
0 0.0100984 0.0543027 0.0525436
0 0.0098789 0.0486627 0.045727
0 0.00965284 0.043006 0.0393127
0 0.00914603 0.0371656 0.0331779
0 0.00811121 0.0309944 0.0271229
0 0.00641198 0.0244094 0.020949
0 0.00403196 0.0174218 0.0145107
0 0.00109959 0.0101582 0.0077645
0 -0.00217076 0.0027909 0.000740786
0 -0.00561385 -0.00456806 -0.00654368
0 -0.00899653 -0.0117425 -0.0139445
0 -0.0118774 -0.0183474 -0.021046
0 -0.013864 -0.024032 -0.0274186
0 -0.0148335 -0.0287078 -0.0328621
0 -0.0147904 -0.0324145 -0.0372912
0 -0.0136755 -0.0351047 -0.0405455
0 -0.0114061 -0.0366382 -0.0424116
0 -0.00807323 -0.0369591 -0.0428142
0 -0.00395665 -0.0361458 -0.0418623
0 0.000752951 -0.0341625 -0.0395862
0 0.00613912 -0.0306771 -0.0357374
0 0.0123298 -0.0252942 -0.0299993
0 0.0192224 -0.0178593 -0.0222695
0 0.0264828 -0.00847938 -0.0126641
0 0.0336722 0.00252415 -0.00145393
0 0.0403855 0.0146156 0.0109405
0 0.0463516 0.0272577 0.0241323
0 0.0515419 0.0401685 0.037973
0 0.0561398 0.0532491 0.0524251
0 0.0602611 0.0663835 0.0672915
0 0.0637167 0.0792874 0.0820726
0 0.0660792 0.0914797 0.0960378
0 0.0668709 0.10243 0.108417
0 0.0656708 0.111652 0.118551
0 0.0623342 0.118865 0.126098
0 0.0571646 0.124124 0.131166
0 0.0508063 0.127665 0.134161
0 0.0440694 0.129832 0.135632
0 0.0377447 0.131054 0.136169
0 0.0324009 0.131659 0.136212
0 0.0283642 0.131769 0.13599
0 0.0257821 0.131368 0.135569
0 0.0246048 0.130336 0.134836
0 0.0246043 0.128516 0.133515
0 0.0254287 0.125841 0.131302
0 0.0267342 0.122418 0.128018
0 0.0282107 0.118407 0.123581
0 0.0295287 0.113924 0.117976
0 0.030453 0.109066 0.111355
0 0.0308489 0.103867 0.103988
0 0.0306434 0.0983214 0.096215
0 0.0298698 0.0924657 0.0884275
0 0.0285735 0.0862853 0.0809178
0 0.0268182 0.0797837 0.0738633
0 0.0248013 0.0731266 0.0674401
0 0.0227392 0.0665259 0.0617299
0 0.0208058 0.0601961 0.0566901
0 0.0192604 0.0544646 0.0523281
0 0.0184958 0.0498048 0.0488034
0 0.018962 0.0467549 0.0464086
0 0.0209691 0.0457189 0.0454214
0 0.0244845 0.0467822 0.0459321
0 0.0291147 0.049699 0.0478217
0 0.0342379 0.053997 0.0508383
0 0.039132 0.0590809 0.0546579
0 0.043094 0.064342 0.0589542
0 0.0456413 0.0693105 0.0635132
0 0.0467085 0.0737842 0.0683118
0 0.0465844 0.0778311 0.0734636
0 0.0456827 0.081661 0.0790706
0 0.0444345 0.0854844 0.0851196
0 0.0432165 0.0894607 0.0914764
0 0.0422577 0.0936783 0.0978912
0 0.0415818 0.0980533 0.103963
0 0.0409925 0.102275 0.109168
0 0.0402331 0.105978 0.113056
0 0.039196 0.108921 0.11545
0 0.0378839 0.11093 0.116386
0 0.0362495 0.111766 0.115913
0 0.0342222 0.111152 0.114057
0 0.0318797 0.108975 0.110964
0 0.0295102 0.105403 0.106946
0 0.0274679 0.100773 0.102354
0 0.0259574 0.0954524 0.0974137
0 0.0250372 0.089773 0.0922002
0 0.0247511 0.0840855 0.0867677
0 0.0251426 0.0787912 0.0812687
0 0.0262985 0.0742962 0.0759939
0 0.0282888 0.0709079 0.0713017
0 0.0310222 0.0687439 0.0674827
0 0.0342645 0.0677302 0.0647235
0 0.0377187 0.0676884 0.0631434
0 0.0410382 0.0684059 0.0627843
0 0.0438746 0.069679 0.06361
0 0.0460514 0.0714423 0.0656025
0 0.047537 0.0737387 0.0687295
0 0.0482702 0.0765596 0.0728213
0 0.0482649 0.0798914 0.0776631
0 0.0477395 0.0837921 0.0831239
0 0.0469723 0.0882879 0.0890939
0 0.0461552 0.0932762 0.0953861
0 0.0454086 0.098588 0.101764
0 0.0447753 0.104005 0.107974
0 0.0441501 0.109195 0.113688
0 0.043317 0.113768 0.11853
0 0.0421332 0.117432 0.122245
0 0.0406293 0.120076 0.12479
0 0.0389045 0.121659 0.126204
0 0.0370545 0.122133 0.126527
0 0.0352549 0.121562 0.12589
0 0.0337798 0.120148 0.124515
0 0.0328397 0.118087 0.122563
0 0.0325008 0.115539 0.120097
0 0.0327869 0.11273 0.117213
0 0.033684 0.109911 0.114045
0 0.0350592 0.107246 0.11068
0 0.0366912 0.104797 0.107181
0 0.0384161 0.102655 0.103718
0 0.0401897 0.100968 0.100598
0 0.0420052 0.0998747 0.0981614
0 0.0438541 0.0994891 0.0967183
0 0.0456604 0.0998344 0.0964506
0 0.047233 0.100816 0.0973396
0 0.0483943 0.102346 0.0992765
0 0.049019 0.104338 0.102091
0 0.0489655 0.106616 0.105478
0 0.0481685 0.108986 0.109109
0 0.046723 0.111347 0.112751
0 0.0447752 0.113588 0.116185
0 0.0424172 0.115492 0.119114
0 0.039739 0.116835 0.121264
0 0.0369158 0.117514 0.122499
0 0.0341758 0.117528 0.122799
0 0.0317422 0.116911 0.122208
0 0.0298126 0.115717 0.120825
0 0.0284806 0.113946 0.118712
0 0.0276856 0.111518 0.11584
0 0.0272703 0.108361 0.112145
0 0.0270641 0.104484 0.107623
0 0.0269184 0.0999587 0.102329
0 0.0266352 0.0948143 0.0962857
0 0.0259808 0.0890299 0.0894934
0 0.0248875 0.0826927 0.0820928
0 0.0234938 0.0760381 0.0743953
0 0.0219743 0.0692959 0.0667257
0 0.0204547 0.0626014 0.0593222
0 0.0190431 0.0560639 0.0523537
0 0.0178438 0.0497947 0.0459415
0 0.0169351 0.0438943 0.0401454
0 0.0163738 0.0384612 0.0349766
0 0.0162104 0.0335978 0.030432
0 0.0165098 0.0294341 0.0265361
0 0.0173508 0.0261205 0.0233581
0 0.0187365 0.0237396 0.0209366
0 0.0205735 0.0222874 0.019265
0 0.0227492 0.0217417 0.0183562
0 0.025143 0.0220692 0.0182394
0 0.0275963 0.0231953 0.0189185
0 0.0298565 0.0249478 0.0203008
0 0.0316213 0.0270872 0.0222166
0 0.0327547 0.0294893 0.0246035
0 0.0333294 0.0321639 0.0275255
0 0.0334256 0.0350636 0.0309668
0 0.0330516 0.0380233 0.0347562
0 0.0322563 0.0408877 0.0386891
0 0.0312406 0.0436468 0.0426659
0 0.0302955 0.0463913 0.0466652
0 0.0296077 0.0491395 0.0505795
0 0.0292117 0.0518128 0.054195
0 0.0290946 0.0543127 0.057314
0 0.0292466 0.0565553 0.0598106
0 0.0296672 0.0584897 0.0616442
0 0.0303735 0.0600949 0.062865
0 0.031404 0.061395 0.0636079
0 0.0327975 0.0624559 0.0640592
0 0.034524 0.0633165 0.0643644
0 0.0364205 0.0639416 0.0645536
0 0.0382536 0.0642755 0.0645899
0 0.039864 0.0643556 0.064491
0 0.0411975 0.0643242 0.0643588
0 0.042187 0.0642793 0.0642465
0 0.0427083 0.0642054 0.0641048
0 0.0427302 0.0641218 0.0639416
0 0.0423323 0.0640961 0.0638402
0 0.0415718 0.0641139 0.0638245
0 0.0405009 0.064106 0.0638733
0 0.0392318 0.0640348 0.0639876
0 0.0379284 0.0639122 0.0641945
0 0.03673 0.0637437 0.0644828
0 0.0357115 0.0635035 0.0647733
0 0.0349506 0.0632094 0.0650019
0 0.0345257 0.0629208 0.0651362
0 0.0344662 0.06268 0.0651386
0 0.0347613 0.062515 0.0649838
0 0.0353833 0.0624563 0.0646865
0 0.0363057 0.0625501 0.0643191
0 0.0375014 0.0628519 0.0640025
0 0.0389182 0.0634003 0.0638692
0 0.040449 0.0641853 0.0640111
0 0.0419347 0.0651415 0.0644552
0 0.0431885 0.0661614 0.0651658
0 0.0440435 0.0671375 0.0660764
0 0.0444458 0.0680444 0.0671696
0 0.044454 0.0689316 0.0684713
0 0.044145 0.0698346 0.0699638
0 0.0435732 0.0707372 0.0715589
0 0.0427965 0.071602 0.07314
0 0.0419067 0.0724089 0.0746096
0 0.0409826 0.0731183 0.0758612
0 0.0400495 0.0736374 0.0767569
0 0.0391377 0.0738861 0.0771974
0 0.0382953 0.0738146 0.0771406
0 0.0375478 0.0733673 0.0765604
0 0.036912 0.0725031 0.075458
0 0.0364183 0.0712277 0.0738808
0 0.0360919 0.0695861 0.0719035
0 0.0359019 0.0676143 0.0695734
0 0.0357589 0.0653256 0.0669002
0 0.0355585 0.0627405 0.0638917
0 0.0352268 0.0599135 0.0605924
0 0.0347686 0.0569645 0.0571229
0 0.0341993 0.0540024 0.0536104
0 0.0334476 0.0510316 0.0500888
0 0.0324034 0.0479859 0.04653
0 0.0310185 0.0448197 0.042937
0 0.0293458 0.0415715 0.0393882
0 0.0274808 0.0383061 0.0359644
0 0.025494 0.0350522 0.032686
0 0.0234623 0.0318486 0.0295599
0 0.021482 0.0287546 0.0265967
0 0.019609 0.0257938 0.0237652
0 0.0178781 0.0229769 0.0210238
0 0.0163463 0.020342 0.0183714
0 0.0150607 0.0179187 0.0158206
0 0.0140497 0.0157226 0.0133941
0 0.0133292 0.0137596 0.0111276
0 0.0128964 0.0120215 0.00905633
0 0.0127758 0.0105367 0.00725579
0 0.0130063 0.00935961 0.00582248
0 0.0135358 0.00847213 0.00476665
0 0.014241 0.00780393 0.00402831
0 0.0150382 0.0073361 0.00357968
0 0.0159151 0.0071269 0.00345383
0 0.0169037 0.00728113 0.00372088
0 0.018014 0.00788266 0.00442908
0 0.019208 0.00896476 0.00558354
0 0.0204473 0.0105483 0.00719276
0 0.0216813 0.0126143 0.00924988
0 0.0228162 0.0150617 0.0116929
0 0.0237815 0.0177707 0.0144594
0 0.0245781 0.0206588 0.0175268
0 0.0252622 0.0236793 0.0208941
0 0.0259344 0.0268264 0.0245708
0 0.0267061 0.0301174 0.0285516
0 0.0276486 0.0335559 0.0327804
0 0.0287923 0.0371359 0.0371708
0 0.0301696 0.0408762 0.041659
0 0.0318061 0.0447962 0.0461854
0 0.0336477 0.0488418 0.0506438
0 0.0355692 0.0529046 0.0549144
0 0.0374754 0.0569066 0.0589412
0 0.0393274 0.0608105 0.0627435
0 0.0410858 0.064577 0.0663584
0 0.0426743 0.0681277 0.0697856
0 0.0440083 0.0713682 0.0729979
0 0.0450383 0.0742447 0.075981
0 0.0457479 0.0767399 0.0787242
0 0.0461288 0.0788423 0.0811902
0 0.0461889 0.0805597 0.0833345
0 0.0460007 0.0819582 0.0851585
0 0.0456937 0.0831527 0.0867123
0 0.0453762 0.0842327 0.0880348
0 0.0450718 0.0851943 0.0890953
0 0.0447493 0.0859712 0.089829
0 0.0444135 0.086528 0.0902289
0 0.0440902 0.0868464 0.0903245
0 0.043759 0.0868626 0.0901078
0 0.0433647 0.0864827 0.0895365
0 0.0428433 0.0856139 0.0885512
0 0.0421361 0.0841875 0.0870878
0 0.0411961 0.0821701 0.0850856
0 0.0399964 0.0795652 0.0824958
0 0.0385419 0.0764145 0.0792965
0 0.0368435 0.0727663 0.0754775
0 0.0348923 0.0686419 0.0710206
0 0.0326792 0.0640517 0.0659265
0 0.0302411 0.0590426 0.0602637
0 0.0276507 0.0537045 0.0541713
0 0.0250226 0.048147 0.0478282
0 0.0225226 0.0424933 0.0414259
0 0.020254 0.0368449 0.0351186
0 0.0182393 0.0312662 0.0290091
0 0.0164997 0.0258185 0.0231732
0 0.0150375 0.0205572 0.0176528
0 0.0138247 0.0155249 0.0124601
0 0.0128373 0.0107582 0.00759519
0 0.0120431 0.00627698 0.00303848
0 0.0113877 0.00207791 -0.00124646
0 0.0108318 -0.00184223 -0.0052853
0 0.0103601 -0.00547538 -0.00907975
0 0.00997774 -0.00879961 -0.0126017
0 0.0097329 -0.0117593 -0.0157782
0 0.00968066 -0.0142963 -0.0185265
0 0.00982162 -0.0164031 -0.0208139
0 0.0101215 -0.0181011 -0.0226423
0 0.0105592 -0.0193913 -0.0240019
0 0.0111292 -0.0202493 -0.0248685
0 0.0118187 -0.0206504 -0.0252276
0 0.0125859 -0.0205948 -0.0250962
0 0.0133722 -0.020096 -0.0245084
0 0.0141323 -0.01916 -0.023488
0 0.0148398 -0.017795 -0.0220497
0 0.0154861 -0.0160255 -0.0202039
0 0.0160722 -0.0139027 -0.017968
0 0.0166121 -0.0114965 -0.0153701
0 0.0171642 -0.00884939 -0.0124168
0 0.0178439 -0.00594655 -0.0090757
0 0.0187666 -0.00275688 -0.00532547
0 0.0199672 0.000696075 -0.00122714
0 0.0214077 0.00434473 0.00309282
0 0.0230797 0.00817538 0.00755178
0 0.0250019 0.0122212 0.0121236
0 0.0271302 0.0164715 0.0167634
0 0.0294271 0.0209131 0.021452
0 0.031933 0.0255944 0.0262572
0 0.0346804 0.0305755 0.0312794
0 0.0376539 0.0358833 0.0366013
0 0.0408063 0.0415116 0.0422744
0 0.0440289 0.0473923 0.0482785
0 0.0471264 0.0533683 0.0544884
0 0.0499043 0.0592714 0.0607465
0 0.0522837 0.0650372 0.0669753
0 0.0542655 0.0706769 0.0731492
0 0.0558431 0.0761856 0.0792058
0 0.0569711 0.0815118 0.0850305
0 0.0575781 0.086566 0.0904819
0 0.0576345 0.0912825 0.0954657
0 0.0571957 0.0956622 0.0999825
0 0.0563597 0.0997257 0.104075
0 0.0552009 0.103454 0.107762
0 0.053774 0.106791 0.111032
0 0.0521563 0.109692 0.113883
0 0.0504514 0.112146 0.116336
0 0.0487796 0.114162 0.118419
0 0.0472358 0.115735 0.120137
0 0.045871 0.116827 0.121447
0 0.0447187 0.117401 0.122284
0 0.0437864 0.117428 0.122581
0 0.0430771 0.116895 0.122275
0 0.0426161 0.11583 0.121336
0 0.0423856 0.114271 0.119741
0 0.0422877 0.112233 0.11745
0 0.0422086 0.109743 0.114459
0 0.0420539 0.106844 0.110822
0 0.0417234 0.103568 0.106615
0 0.0411322 0.0999386 0.101946
0 0.0402547 0.0960134 0.0969754
0 0.039095 0.0918494 0.0918679
0 0.0376393 0.0874673 0.0867342
0 0.0358672 0.0828811 0.0816492
0 0.0337966 0.0781206 0.0766591
0 0.031457 0.0731967 0.0717439
0 0.028843 0.0680951 0.0668186
0 0.0260003 0.0628447 0.061812
0 0.0230663 0.0575514 0.0567252
0 0.0202142 0.0523586 0.0516145
0 0.0175836 0.04737 0.0465282
0 0.0152566 0.0426342 0.0415022
0 0.013313 0.0382025 0.0366165
0 0.0118129 0.0341089 0.0319675
0 0.0107445 0.0303246 0.0276076
0 0.0100644 0.0267977 0.0235676
0 0.00974161 0.0235005 0.0198872
0 0.00976088 0.0204349 0.0166088
0 0.0101179 0.0176341 0.0137711
0 0.0107883 0.0151351 0.0113828
0 0.0117202 0.012968 0.00941807
0 0.0128594 0.011175 0.00784815
0 0.0141496 0.00980134 0.00664842
0 0.0155151 0.0088681 0.00578597
0 0.0168559 0.00836177 0.00522082
0 0.0181057 0.00828528 0.00496133
0 0.0192525 0.00867678 0.00507996
0 0.0202936 0.00956673 0.00566224
0 0.0212164 0.0109518 0.00677413
0 0.0219829 0.0127679 0.00843114
0 0.0225745 0.0149331 0.0106294
0 0.0230537 0.0174161 0.0133927
0 0.0235186 0.0202067 0.0167267
0 0.0240565 0.0232879 0.0205847
0 0.0247292 0.026631 0.0248656
0 0.0255521 0.0301782 0.0294093
0 0.0265072 0.0338539 0.0340317
0 0.0275743 0.0375909 0.0385739
0 0.028734 0.0413473 0.0429193
0 0.029989 0.0450961 0.0470051
0 0.0313848 0.0488194 0.0508349
0 0.0329464 0.0525053 0.0544501
0 0.0346501 0.0561193 0.0578917
0 0.0364571 0.0596134 0.0612002
0 0.0383021 0.0629353 0.0644004
0 0.0400684 0.066 0.0674633
0 0.0416434 0.0687345 0.0703384
0 0.0429789 0.0711361 0.0730095
0 0.0440546 0.073234 0.075465
0 0.0448501 0.0750492 0.0776676
0 0.0453544 0.0766005 0.0795748
0 0.0455509 0.0778863 0.0811334
0 0.0454015 0.078859 0.0822627
0 0.044895 0.0794721 0.0829081
0 0.0441108 0.0797456 0.0831067
0 0.0431565 0.0797088 0.0829248
0 0.0421042 0.0793469 0.0823951
0 0.0410327 0.0786538 0.0815581
0 0.0400277 0.077642 0.080461
0 0.0391487 0.076322 0.0791254
0 0.0384373 0.0747265 0.0775634
0 0.0379135 0.0729144 0.0757845
0 0.0375666 0.0709544 0.0737917
0 0.0373742 0.0689291 0.071605
0 0.0373075 0.0669248 0.0692699
0 0.0373077 0.0649934 0.0668321
0 0.0372761 0.0631279 0.0643194
0 0.0370937 0.061274 0.0617469
0 0.0366624 0.0593656 0.0591374
0 0.0359403 0.0573618 0.0565407
0 0.0349324 0.0552503 0.0540184
0 0.0336511 0.0530173 0.0516001
0 0.0321136 0.0506528 0.0492818
0 0.0303797 0.0481929 0.0470566
0 0.0285454 0.0456979 0.0449049
0 0.0266964 0.0432165 0.0427814
0 0.0248932 0.0407779 0.0406256
0 0.0231839 0.0383919 0.0383804
0 0.0216134 0.0360633 0.0360109
0 0.0201972 0.0337697 0.0334872
0 0.018912 0.0314512 0.0307776
0 0.0177544 0.0290704 0.0279037
0 0.0167804 0.0266582 0.0249718
0 0.0160442 0.0242597 0.0221
0 0.0155387 0.0218806 0.0193486
0 0.0152302 0.0195218 0.0167473
0 0.0151092 0.0172259 0.0143387
0 0.0151767 0.0150602 0.0121645
0 0.0153985 0.0130666 0.0102228
0 0.0157313 0.0112813 0.00849897
0 0.0161524 0.00975623 0.00699897
0 0.0166309 0.00852592 0.00572598
0 0.0171314 0.00760826 0.00468763
0 0.0176326 0.00702143 0.00391368
0 0.0181196 0.00677706 0.00344533
0 0.0185981 0.00689698 0.00334448
0 0.0191117 0.00743334 0.00370555
0 0.0197139 0.0084394 0.00462125
0 0.0204276 0.00992616 0.00613688
0 0.0212271 0.0118458 0.00822779
0 0.0220343 0.0140874 0.0107882
0 0.0227754 0.0165335 0.0136867
0 0.023466 0.0191461 0.0168544
0 0.0241861 0.0219443 0.0202672
0 0.0249867 0.0249177 0.0238649
0 0.025871 0.0280112 0.0275434
0 0.0268497 0.0311817 0.0312231
0 0.0279772 0.0344382 0.0348947
0 0.0293361 0.0378428 0.038611
0 0.0309959 0.0414531 0.0424331
0 0.0329705 0.045265 0.0463788
0 0.0351961 0.0492297 0.0504279
0 0.0375615 0.0532827 0.0545476
0 0.0399719 0.0573765 0.0587232
0 0.0423509 0.061487 0.0629558
0 0.044599 0.065569 0.0672153
0 0.0466362 0.069583 0.0714666
0 0.048436 0.0735313 0.0757057
0 0.0499728 0.0774066 0.0799112
0 0.0512075 0.0811725 0.0840251
0 0.0521163 0.0847973 0.0879901
0 0.0526929 0.088259 0.0917581
0 0.0529292 0.0915199 0.0952717
0 0.0528262 0.0945399 0.0984809
0 0.0524267 0.0973064 0.101375
0 0.0517995 0.0998224 0.103969
0 0.0509923 0.102062 0.106255
0 0.0500177 0.103956 0.108181
0 0.048876 0.105423 0.109682
0 0.0475847 0.106393 0.110703
0 0.0462194 0.106861 0.111243
0 0.0449203 0.106889 0.111361
0 0.0438311 0.106558 0.111129
0 0.0430522 0.105925 0.110588
0 0.0426024 0.104994 0.109716
0 0.0423998 0.103711 0.108423
0 0.0423109 0.102024 0.106608
0 0.0422085 0.0999205 0.104218
0 0.0420055 0.0974382 0.101268
0 0.0416514 0.0946451 0.0978344
0 0.0411262 0.0916229 0.0940378
0 0.0404493 0.0884683 0.0900445
0 0.0396321 0.0852477 0.0860044
0 0.0386376 0.0819603 0.0819963
0 0.0374189 0.0785781 0.0780562
0 0.0359689 0.0751009 0.0742263
0 0.0343183 0.0715719 0.0705576
0 0.032518 0.0680473 0.0670745
0 0.0306289 0.0645734 0.063762
0 0.0287058 0.0611982 0.0605878
0 0.0268174 0.0579786 0.0575298
0 0.0250383 0.0549652 0.0545766
0 0.023403 0.0521675 0.051702
0 0.0219085 0.0495487 0.0488647
0 0.0205419 0.0470581 0.0460407
0 0.0192947 0.0446489 0.0432339
0 0.01816 0.042277 0.040463
0 0.0171379 0.0399141 0.0377595
0 0.0162469 0.0375638 0.0351694
0 0.0155033 0.035243 0.0327271
0 0.0148954 0.0329564 0.0304286
0 0.0143923 0.0307021 0.0282409
0 0.0139518 0.0284737 0.0261126
0 0.0135488 0.026283 0.0240069
0 0.0132088 0.0241892 0.0219411
0 0.0129707 0.0222583 0.0199548
0 0.0128409 0.020517 0.0180685
0 0.0128305 0.0189892 0.0163215
0 0.0129796 0.0177238 0.0147947
0 0.0132963 0.016739 0.0135476
0 0.0137501 0.0160206 0.0126073
0 0.0143264 0.0155779 0.0120152
0 0.0150281 0.0154466 0.0118244
0 0.0158452 0.0156592 0.0120669
0 0.0167439 0.0162326 0.0127433
0 0.0176944 0.017193 0.0138518
0 0.018695 0.0185878 0.0154105
0 0.0197349 0.0204362 0.0174199
0 0.0207813 0.0227075 0.0198495
0 0.0218059 0.0253421 0.0226583
0 0.0227829 0.0282549 0.0257915
0 0.0237126 0.0313673 0.0292037
0 0.0246506 0.0346468 0.0328858
0 0.0256691 0.0380811 0.036829
0 0.0267941 0.0416262 0.0409688
0 0.0279806 0.0451864 0.0451721
0 0.0291316 0.0486352 0.0492657
0 0.0301726 0.0518806 0.0531013
0 0.0311391 0.0549231 0.0566281
0 0.0321344 0.0578308 0.059885
0 0.0331999 0.0606382 0.0628943
0 0.0343088 0.0633085 0.0656298
0 0.0354519 0.0658199 0.0681042
0 0.0366428 0.0681912 0.0703824
0 0.0378648 0.070415 0.0725074
0 0.0390609 0.0724495 0.0744807
0 0.0401669 0.0742576 0.0762931
0 0.0411425 0.0758296 0.0779457
0 0.0419758 0.0771864 0.0794519
0 0.042657 0.0783529 0.0808136
0 0.0431528 0.0793252 0.0819952
0 0.0434156 0.0800756 0.0829348
0 0.043411 0.0805767 0.0835767
0 0.0431481 0.0808264 0.083902
0 0.0426851 0.0808536 0.0839373
0 0.0421043 0.0806974 0.0837335
0 0.0414936 0.0803948 0.0833488
0 0.0409216 0.0799651 0.0828273
0 0.0404096 0.0793885 0.0821709
0 0.0399356 0.0786153 0.0813425
0 0.0394782 0.0776173 0.0803112
0 0.0390432 0.0764167 0.0790816
0 0.038635 0.0750521 0.0776637
0 0.038229 0.0735445 0.0760483
0 0.0377861 0.0719056 0.0742237
0 0.0372811 0.070157 0.0722031
0 0.0367115 0.0683338 0.0700306
0 0.0360731 0.0664587 0.0677543
0 0.0353394 0.0645204 0.0653999
0 0.0344877 0.0625017 0.0629906
0 0.0335249 0.0604082 0.0605656
0 0.0324831 0.0582675 0.0581728
0 0.031399 0.0561116 0.0558522
0 0.0302943 0.0539653 0.053623
0 0.0291974 0.0518593 0.0514966
0 0.0281543 0.049838 0.0494875
0 0.0272175 0.0479604 0.0476196
0 0.026448 0.046298 0.045933
0 0.0258758 0.0448909 0.0444462
0 0.0254584 0.0437086 0.0431216
0 0.0251188 0.0426826 0.0419001
0 0.0248139 0.0417729 0.0407658
0 0.0245487 0.0409823 0.0397531
0 0.024325 0.0403084 0.0388918
0 0.0241265 0.0397314 0.0381879
0 0.023935 0.039232 0.0376356
0 0.0237212 0.0387822 0.0372067
0 0.0234733 0.0383723 0.036878
0 0.0232359 0.0380484 0.0366715
0 0.0230762 0.0378793 0.0366276
0 0.0230274 0.0378993 0.0367538
0 0.0230709 0.0380891 0.0370126
0 0.0231539 0.0383907 0.0373396
0 0.0232242 0.0387396 0.0376766
0 0.0232503 0.0390837 0.0379881
0 0.0232207 0.0393843 0.0382576
0 0.0231549 0.039631 0.0384961
0 0.0231121 0.0398557 0.0387501
0 0.0231585 0.0401065 0.0390713
0 0.023319 0.0404041 0.0394716
0 0.0235834 0.0407484 0.0399322
0 0.0239394 0.0411481 0.0404384
0 0.0243708 0.0416142 0.0409787
0 0.0248544 0.0421521 0.0415442
0 0.0253782 0.0427752 0.0421449
0 0.02595 0.043511 0.0428185
0 0.0265736 0.0443768 0.0436029
0 0.0272278 0.04536 0.0445129
0 0.0278726 0.046424 0.0455402
0 0.0284624 0.0475221 0.0466609
0 0.0289657 0.0486158 0.0478498
0 0.0293712 0.0496815 0.0490841
0 0.0296705 0.0506946 0.0503268
0 0.0298658 0.0516386 0.0515397
0 0.0299998 0.0525346 0.0527182
0 0.0301363 0.0534248 0.0538791
0 0.0303173 0.0543306 0.0550199
0 0.0305503 0.0552393 0.056109
0 0.030826 0.056122 0.0571081
0 0.0311338 0.0569495 0.0579904
0 0.0314782 0.0577127 0.0587574
0 0.0318804 0.0584254 0.0594397
0 0.0323484 0.0590969 0.0600653
0 0.0328523 0.0597087 0.0606323
0 0.0333362 0.0602245 0.0611159
0 0.033765 0.0606339 0.0615112
0 0.0341545 0.0609807 0.0618612
0 0.034541 0.0613296 0.0622261
0 0.0349275 0.0617114 0.0626296
0 0.0352875 0.0621231 0.0630628
0 0.0356114 0.0625726 0.0635303
0 0.0359088 0.0630794 0.0640533
0 0.0361783 0.0636433 0.0646369
0 0.0364098 0.0642473 0.0652726
0 0.0366141 0.0648891 0.0659669
0 0.0368157 0.0655758 0.0667344
0 0.0370286 0.0663033 0.0675738
0 0.03726 0.0670617 0.0684724
0 0.0375104 0.067838 0.0694086
0 0.0377622 0.0686035 0.0703412
0 0.038 0.0693336 0.0712311
0 0.0382337 0.07003 0.0720669
0 0.0384757 0.0706978 0.0728436
0 0.0387368 0.0713417 0.0735609
0 0.0390229 0.0719627 0.0742208
0 0.0392936 0.0725169 0.0747853
0 0.0394785 0.0729296 0.0751894
0 0.0395439 0.0731609 0.0754042
0 0.0394932 0.0732056 0.0754348
0 0.0393258 0.0730529 0.0752767
0 0.0390353 0.0726846 0.0749131
0 0.0386128 0.0720806 0.0743197
0 0.0380592 0.0712304 0.0734762
0 0.0374079 0.0701576 0.0723931
0 0.0367024 0.0688985 0.0710924
0 0.0359462 0.067453 0.069561
0 0.0350883 0.0657687 0.0677378
0 0.0340571 0.0637723 0.0655469
0 0.0328143 0.0614204 0.0629485
0 0.0313788 0.0587245 0.0599633
0 0.0297977 0.0557251 0.0566443
0 0.0281099 0.0524668 0.0530495
0 0.0263517 0.0489955 0.0492367
0 0.0245886 0.0453583 0.0452609
0 0.0228931 0.0416179 0.0411853
0 0.0213036 0.0378447 0.0370746
0 0.0198473 0.0340964 0.032984
0 0.0185499 0.0304283 0.0289703
0 0.0174216 0.0268949 0.0250914
0 0.0164541 0.0235263 0.0213857
0 0.0156085 0.0203176 0.0178604
0 0.0148349 0.0172524 0.014512
0 0.0141281 0.0143511 0.0113734
0 0.0135216 0.0116672 0.00850603
0 0.0130161 0.00922169 0.00593288
0 0.0125775 0.00699866 0.00363302
0 0.012181 0.00498923 0.00158632
0 0.0118151 0.00319632 -0.0002192
0 0.0114798 0.00163061 -0.00178867
0 0.0111961 0.000320034 -0.00310782
0 0.0110044 -0.000690447 -0.00414091
0 0.0109333 -0.00136999 -0.00486045
0 0.0109811 -0.00171903 -0.00526411
0 0.0111431 -0.00174022 -0.00534653
0 0.0114184 -0.00143097 -0.0050935
0 0.0118016 -0.000794868 -0.00449363
0 0.0122906 0.000161616 -0.00353512
0 0.0128835 0.00142582 -0.0022124
0 0.0135854 0.00298745 -0.000522318
0 0.0144185 0.00485159 0.00154572
0 0.0154149 0.00703515 0.00400456
0 0.0165926 0.00954533 0.00684798
0 0.0179326 0.0123564 0.0100301
0 0.0193944 0.0154241 0.013484
0 0.0209495 0.0187154 0.0171562
0 0.0225893 0.0222138 0.021016
0 0.0243078 0.0259017 0.0250396
0 0.0260881 0.0297461 0.0291957
0 0.0279017 0.0337066 0.0334523
0 0.0297119 0.0377408 0.0377822
0 0.0315007 0.0418119 0.0421626
0 0.0332726 0.045898 0.0465803
0 0.0350092 0.0499777 0.0510182
0 0.0366635 0.0540102 0.0554282
0 0.0381875 0.057944 0.0597414
0 0.0395527 0.0617476 0.0639077
0 0.0407659 0.0654278 0.0679157
0 0.0418636 0.0690094 0.0717778
0 0.0428763 0.0725104 0.0755067
0 0.0438217 0.0759381 0.0791099
0 0.0447054 0.0792819 0.0825837
0 0.0455114 0.0825114 0.08591
0 0.0462213 0.0855939 0.0890722
0 0.0468123 0.0884902 0.0920474
0 0.0472462 0.0911474 0.0947953
0 0.0474823 0.0935108 0.0972668
0 0.0475002 0.0955439 0.0994239
0 0.0473251 0.0972538 0.101266
0 0.0470072 0.0986682 0.102809
0 0.0465775 0.0997909 0.104047
0 0.0460461 0.1006 0.104948
0 0.0454154 0.101062 0.105471
0 0.0446811 0.101131 0.10557
0 0.0438429 0.100761 0.105199
0 0.0429199 0.099924 0.104335
0 0.0419515 0.0986128 0.102974
0 0.0409778 0.0968401 0.101123
0 0.0400318 0.0946413 0.0988008
0 0.0391309 0.0920715 0.0960342
0 0.0382575 0.0891756 0.0928399
0 0.0373791 0.0859995 0.0892435
0 0.0364667 0.0825996 0.0852979
0 0.0354788 0.0790146 0.0810605
0 0.0343919 0.0752883 0.0766153
0 0.033209 0.0714769 0.0720728
0 0.0319052 0.0675945 0.0675062
0 0.0304184 0.0636131 0.0629437
0 0.0287075 0.0595166 0.0584084
0 0.0267777 0.0553037 0.0539166
0 0.0246452 0.0509748 0.0494633
0 0.0223272 0.0465404 0.0450232
0 0.019861 0.0420194 0.0405612
0 0.0173161 0.037457 0.0360621
0 0.0147954 0.0329345 0.0315504
0 0.0124016 0.0285295 0.0270643
0 0.0102107 0.0242929 0.0226373
0 0.0082753 0.0202566 0.0183093
0 0.00661574 0.0164231 0.0141125
0 0.00523296 0.0127794 0.010077
0 0.00413608 0.0093279 0.00625323
0 0.00333417 0.00607806 0.0026939
0 0.00283809 0.00305017 -0.000550801
0 0.00267112 0.00028838 -0.00342514
0 0.00285818 -0.00214886 -0.00587918
0 0.00339835 -0.00421224 -0.0078898
0 0.00424304 -0.00588271 -0.00947558
0 0.00532524 -0.00714749 -0.0106643
0 0.00658749 -0.00797801 -0.0114621
0 0.00797086 -0.00834823 -0.0118642
0 0.0094159 -0.0082384 -0.0118552
0 0.0108594 -0.0076398 -0.0114128
0 0.0122328 -0.00655989 -0.0105168
0 0.013484 -0.00500674 -0.00913618
0 0.0145753 -0.00300649 -0.00724528
0 0.0154772 -0.000621373 -0.00484406
0 0.0162033 0.00208936 -0.00193409
0 0.0168287 0.0050976 0.00149182
0 0.0174476 0.00838221 0.00541417
0 0.0181355 0.0119095 0.00976273
0 0.0189533 0.0156446 0.0144313
0 0.0199516 0.0195639 0.0193027
0 0.0211559 0.0236427 0.0242594
0 0.0225483 0.0278377 0.0291752
0 0.0241013 0.0320942 0.0339354
0 0.0258115 0.0363752 0.0384911
0 0.027686 0.0406784 0.0428631
0 0.0297122 0.0449856 0.0470855
0 0.031819 0.0492228 0.0511636
0 0.0339048 0.0532992 0.0550889
0 0.0359002 0.0571588 0.0588785
0 0.0377599 0.0607788 0.0625577
0 0.0394299 0.0641354 0.0661161
0 0.04086 0.0672113 0.0695179
0 0.0420211 0.0700112 0.0727231
0 0.0428874 0.072539 0.0756763
0 0.0434364 0.0747908 0.0783125
0 0.0436598 0.0767634 0.080577
0 0.0435592 0.078447 0.0824275
0 0.0431625 0.0798356 0.0838509
0 0.0425266 0.0809325 0.0848683
0 0.0417084 0.081724 0.0855056
0 0.0407544 0.0821731 0.0857772
0 0.03971 0.0822397 0.0856945
0 0.0386245 0.0818928 0.0852672
0 0.0375453 0.0811103 0.084493
0 0.0365203 0.0798883 0.0833628
0 0.0355896 0.0782446 0.0818591
0 0.0347619 0.0762073 0.079946
0 0.0340256 0.0738297 0.0775963
0 0.0333605 0.0711829 0.0748056
0 0.0327194 0.0683201 0.0715782
0 0.0320542 0.0652904 0.0679549
0 0.0313372 0.0621474 0.0640274
0 0.0305397 0.0589222 0.0599047
0 0.029621 0.0556152 0.055687
0 0.028541 0.0522051 0.0514598
0 0.027269 0.0486828 0.0473037
0 0.025797 0.0450703 0.0432921
0 0.0241654 0.0414075 0.0394803
0 0.0224226 0.0377411 0.0358789
0 0.0205837 0.0341079 0.0324484
0 0.0186808 0.030546 0.0291363
0 0.0167662 0.0271034 0.0258965
0 0.014891 0.0238237 0.0226981
0 0.0131128 0.0207417 0.0195351
0 0.0114756 0.0178669 0.0164139
0 0.0100036 0.0151845 0.013355
0 0.00872249 0.0126783 0.0104043
0 0.00766617 0.0103433 0.00763022
0 0.00687141 0.00819036 0.0051119
0 0.00636606 0.00623779 0.00291696
0 0.00615442 0.00449864 0.00107979
0 0.00622402 0.00299012 -0.000391688
0 0.00656223 0.00174862 -0.00149765
0 0.00714904 0.000819711 -0.00224678
0 0.00795368 0.000249478 -0.00265234
0 0.00893391 7.61749e-05 -0.00272708
0 0.0100235 0.000310098 -0.0024923
0 0.0111428 0.000938053 -0.00196725
0 0.0122309 0.00195126 -0.00114043
0 0.0132555 0.00334722 3.05645e-05
0 0.0142124 0.0051196 0.00160623
0 0.0151212 0.00725443 0.00365002
0 0.016002 0.0097149 0.00619365
0 0.0168598 0.0124363 0.00921464
0 0.0176861 0.0153399 0.0126388
0 0.0184852 0.0183635 0.0163686
0 0.0192867 0.0214774 0.020304
0 0.0201283 0.0246683 0.024341
0 0.0210499 0.0279326 0.0283878
0 0.0220867 0.0312762 0.0323774
0 0.0232641 0.0346989 0.0362541
0 0.0245865 0.0381635 0.0399679
0 0.0260256 0.0416116 0.0434858
0 0.0275514 0.044994 0.0468069
0 0.0291339 0.0482643 0.0499544
0 0.0307392 0.0513893 0.0529665
0 0.0323516 0.0543625 0.0558963
0 0.0339426 0.0571778 0.0587762
0 0.0354441 0.0598056 0.0615845
0 0.0367772 0.0622066 0.0642629
0 0.0378754 0.0643559 0.0667466
0 0.038689 0.0662396 0.0689711
0 0.0391918 0.0678523 0.070882
0 0.0393806 0.0691956 0.0724433
0 0.0392601 0.0702595 0.0736248
0 0.0388378 0.0710131 0.0743964
0 0.0381352 0.0714194 0.0747409
0 0.0372079 0.07146 0.0746738
0 0.0361386 0.0711336 0.0742336
0 0.0350052 0.0704351 0.0734509
0 0.0338751 0.069358 0.0723422
0 0.0328107 0.0679097 0.0709164
0 0.0318744 0.0661323 0.0691902
0 0.0311187 0.0641026 0.0671902
0 0.030553 0.0618956 0.0649287
0 0.0301322 0.0595596 0.0623959
0 0.0297779 0.0571202 0.0595816
0 0.0293976 0.0545857 0.0564919
0 0.0289078 0.0519544 0.0531621
0 0.0282543 0.049229 0.0496644
0 0.0274177 0.0464196 0.0460979
0 0.0264058 0.0435446 0.0425691
0 0.0252221 0.0406237 0.0391654
0 0.0238625 0.0376601 0.03593
0 0.0223429 0.0346547 0.0328665
0 0.0206839 0.0316265 0.0299521
0 0.018906 0.0285973 0.027139
0 0.0170616 0.0256028 0.0243816
0 0.015224 0.0226996 0.0216561
0 0.0134585 0.0199304 0.0189451
0 0.0118189 0.0173155 0.0162376
0 0.0103513 0.0148648 0.0135469
0 0.00911354 0.0125993 0.0109294
0 0.00817383 0.0105535 0.00847555
0 0.0075623 0.0087359 0.00625821
0 0.00726306 0.00712583 0.00431484
0 0.00724899 0.00570919 0.00267151
0 0.00747753 0.00447642 0.00133456
0 0.00789621 0.00342834 0.000294691
0 0.00847882 0.00260656 -0.000438586
0 0.00920768 0.00206926 -0.000852413
0 0.0100403 0.0018529 -0.000957926
0 0.010921 0.00197556 -0.000775657
0 0.0117997 0.00245001 -0.000313996
0 0.0126441 0.00329173 0.00044294
0 0.0134346 0.00450467 0.00152376
0 0.0141474 0.00605436 0.00294369
0 0.0147607 0.00787561 0.00470296
0 0.0152796 0.00990284 0.00679959
0 0.0157406 0.0120874 0.00922983
0 0.016202 0.0144028 0.0119805
0 0.016718 0.0168284 0.0150061
0 0.0173191 0.0193361 0.0182197
0 0.0180333 0.0219132 0.0215268
0 0.0188892 0.0245618 0.0248478
0 0.0198924 0.0272743 0.0281064
0 0.0210174 0.0300284 0.0312279
0 0.0222344 0.0327902 0.0341617
0 0.0235305 0.0355216 0.0368952
0 0.0248853 0.0381863 0.0394427
0 0.0262659 0.0407433 0.0418324
0 0.0276272 0.043143 0.0440872
0 0.0289104 0.045337 0.0462168
0 0.0300765 0.0473056 0.048236
0 0.0311048 0.049055 0.0501559
0 0.031972 0.050595 0.0519639
0 0.0326584 0.0519399 0.0536316
0 0.0331513 0.0531057 0.0551218
0 0.0334501 0.0541094 0.0564007
0 0.0335757 0.0549755 0.0574551
0 0.0335564 0.0557195 0.0582837
0 0.0334052 0.0563252 0.058876
0 0.0331179 0.0567461 0.0592109
0 0.0326889 0.0569246 0.0592683
0 0.0321397 0.0568249 0.0590534
0 0.0315309 0.056454 0.0586073
0 0.0309265 0.0558314 0.0579686
0 0.030365 0.0549694 0.0571475
0 0.0298575 0.0538781 0.0561289
0 0.0293862 0.052566 0.0548782
0 0.0289287 0.0510564 0.0533681
0 0.028473 0.0493928 0.0515984
0 0.0280212 0.0476345 0.0496024
0 0.027581 0.0458411 0.0474396
0 0.0271385 0.0440406 0.0451649
0 0.0266762 0.0422472 0.0428417
0 0.0261892 0.0404796 0.0405476
0 0.0256696 0.0387453 0.0383472
0 0.0251101 0.0370463 0.036291
0 0.0245072 0.0353925 0.0344175
0 0.0238591 0.0337993 0.0327474
0 0.0231688 0.0322869 0.0312816
0 0.0224474 0.0308831 0.0300044
0 0.0217056 0.0296118 0.0288865
0 0.0209417 0.0284771 0.0278819
0 0.0201513 0.027465 0.0269393
0 0.0193458 0.0265592 0.0260263
0 0.0185564 0.0257499 0.0251375
0 0.017822 0.0250262 0.0242842
0 0.0171789 0.0243729 0.023484
0 0.0166574 0.0237763 0.0227571
0 0.016283 0.0232327 0.0221251
0 0.0160748 0.0227515 0.0216077
0 0.0160501 0.0223615 0.0212268
0 0.0162194 0.022105 0.0210041
0 0.0165641 0.0220112 0.0209407
0 0.0170308 0.0220841 0.0210138
0 0.0175648 0.0223245 0.0212073
0 0.0181356 0.0227483 0.0215351
0 0.0187123 0.0233568 0.0220143
0 0.0192444 0.0241149 0.0226399
0 0.0196856 0.0249736 0.0234012
0 0.0200162 0.025894 0.0242968
0 0.0202435 0.0268506 0.0253295
0 0.0203987 0.0278358 0.0265026
0 0.0205261 0.0288533 0.027811
0 0.0206652 0.0299061 0.0292287
0 0.0208579 0.0310061 0.0307247
0 0.0211413 0.0321675 0.0322686
0 0.0215321 0.0333931 0.0338224
0 0.0220336 0.0346818 0.0353496
0 0.0226427 0.036027 0.0368254
0 0.0233531 0.0374135 0.0382392
0 0.0241442 0.0388123 0.0395856
0 0.0249765 0.0401811 0.0408592
0 0.0258043 0.0414759 0.0420572
0 0.0265788 0.0426564 0.0431758
0 0.0272621 0.043697 0.0442146
0 0.02783 0.0445892 0.0451743
0 0.0282653 0.0453327 0.0460483
0 0.028567 0.0459414 0.0468312
0 0.0287525 0.0464441 0.0475239
0 0.0288465 0.046871 0.0481276
0 0.0288619 0.0472317 0.0486275
0 0.0287798 0.0474958 0.0489781
0 0.0285736 0.0476143 0.0491278
0 0.0282444 0.0475568 0.0490544
0 0.0278172 0.0473113 0.0487617
0 0.0273206 0.0468676 0.0482581
0 0.0267703 0.0462073 0.0475405
0 0.0261742 0.0453132 0.0465993
0 0.0255438 0.0441847 0.0454308
0 0.024892 0.0428371 0.0440367
0 0.0242336 0.0413014 0.0424274
0 0.0235917 0.0396283 0.0406321
0 0.0229905 0.0378792 0.0386957
0 0.0224261 0.0360925 0.0366507
0 0.0218649 0.0342747 0.0345128
0 0.0212831 0.0324302 0.032308
0 0.0206839 0.0305835 0.0300868
0 0.0200885 0.0287791 0.0279221
0 0.0195135 0.0270546 0.0258817
0 0.0189602 0.0254284 0.0240092
0 0.018427 0.0239174 0.0223331
0 0.0179145 0.0225393 0.0208692
0 0.0174233 0.0213107 0.0196213
0 0.0169502 0.0202426 0.0185782
0 0.0164841 0.0193321 0.017712
0 0.0160283 0.018583 0.0170033
0 0.0156137 0.018019 0.0164594
0 0.0152672 0.017652 0.0160856
0 0.0149911 0.0174632 0.0158675
0 0.0147859 0.0174271 0.0157921
0 0.0146638 0.0175273 0.0158605
0 0.0146385 0.0177509 0.0160769
0 0.0147164 0.0180842 0.0164389
0 0.0148955 0.0185137 0.0169365
0 0.0151735 0.0190353 0.0175595
0 0.0155516 0.0196573 0.0183023
0 0.0160354 0.0203993 0.0191668
0 0.0166169 0.0212724 0.0201473
0 0.0172622 0.0222625 0.0212181
0 0.0179395 0.0233539 0.0223606
0 0.0186339 0.0245419 0.0235765
0 0.0193382 0.0258222 0.024876
0 0.0200473 0.0271867 0.0262704
0 0.020764 0.0286297 0.0277734
0 0.0215067 0.0301585 0.0294072
0 0.0222962 0.0317831 0.0311882
0 0.0231287 0.0334962 0.033105
0 0.0239738 0.0352689 0.0351164
0 0.024807 0.037076 0.0371826
0 0.0256231 0.0389113 0.0392818
0 0.0264151 0.040765 0.0413888
0 0.0271688 0.0426155 0.0434696
0 0.0278766 0.044443 0.0454976
0 0.0285376 0.0462294 0.047454
0 0.0291515 0.0479552 0.0493243
0 0.0297096 0.0495908 0.0510882
0 0.0301847 0.0510865 0.0527055
0 0.0305481 0.0523918 0.0541333
0 0.030798 0.0534844 0.0553529
0 0.0309591 0.0543701 0.0563684
0 0.0310462 0.0550478 0.0571727
0 0.0310579 0.0555033 0.0577421
0 0.0309901 0.0557222 0.0580511
0 0.0308275 0.0556801 0.058065
0 0.0305529 0.0553503 0.0577496
0 0.030168 0.0547258 0.0570938
0 0.0296969 0.0538257 0.0561145
0 0.0291733 0.0526848 0.0548464
0 0.0286282 0.0513424 0.0533308
0 0.0280802 0.0498344 0.0516073
0 0.02753 0.048187 0.0497076
0 0.0269668 0.0464206 0.04766
0 0.0263662 0.0445446 0.0454834
0 0.0256926 0.0425573 0.0431873
0 0.0249125 0.0404554 0.0407801
0 0.0240133 0.0382486 0.0382829
0 0.0230092 0.0359685 0.0357364
0 0.0219289 0.0336585 0.033191
0 0.0208123 0.0313598 0.0306919
0 0.0196841 0.0290892 0.028257
0 0.018545 0.0268475 0.0258839
0 0.0174109 0.0246466 0.023575
0 0.0163162 0.022513 0.021345
0 0.0153078 0.0204899 0.019225
0 0.0144373 0.018626 0.0172541
0 0.0137317 0.0169497 0.0154552
0 0.0131936 0.0154701 0.0138364
0 0.0128245 0.0141992 0.0124136
0 0.012622 0.013148 0.011206
0 0.0125612 0.0123099 0.0102177
0 0.0126053 0.0116682 0.00944376
0 0.0127257 0.0112157 0.00888729
0 0.0129019 0.0109536 0.00855621
0 0.0131281 0.0108971 0.00846807
0 0.0134199 0.0110813 0.00865626
0 0.0137872 0.0115342 0.00914408
0 0.0142207 0.0122595 0.00993064
0 0.0147081 0.013248 0.0110052
0 0.0152418 0.0144849 0.0123548
0 0.0158199 0.0159504 0.0139643
0 0.0164387 0.0176147 0.0158098
0 0.0170855 0.0194333 0.0178504
0 0.0177567 0.0213675 0.0200471
0 0.0184735 0.0234033 0.0223794
0 0.0192639 0.0255365 0.0248316
0 0.0201364 0.0277504 0.0273704
0 0.0210717 0.0300069 0.0299418
0 0.022046 0.0322723 0.0324988
0 0.0230652 0.0345474 0.0350302
0 0.024151 0.0368474 0.0375427
0 0.0252939 0.0391567 0.0400209
0 0.0264556 0.0414406 0.0424373
0 0.0275977 0.0436672 0.0447705
0 0.0286758 0.0457986 0.0469961
0 0.0296497 0.0478006 0.0490937
0 0.0304924 0.0496498 0.0510518
0 0.031189 0.0513299 0.0528622
0 0.0317352 0.0528324 0.054517
0 0.0321304 0.0541502 0.0560031
0 0.0323798 0.0552768 0.0573039
0 0.0324929 0.0562074 0.0584017
0 0.0324835 0.0569381 0.0592806
0 0.032375 0.0574705 0.0599312
0 0.0321899 0.0578036 0.0603449
0 0.0319453 0.0579301 0.0605117
0 0.0316601 0.0578441 0.0604283
0 0.0313444 0.0575336 0.0600888
0 0.030996 0.0569797 0.0594807
0 0.0306161 0.0561775 0.0586017
0 0.0302085 0.0551377 0.0574606
0 0.029776 0.0538822 0.0560735
0 0.0293364 0.0524578 0.0544801
0 0.0289091 0.0509217 0.0527314
0 0.02848 0.0493017 0.0508539
0 0.0280081 0.0475985 0.0488535
0 0.0274526 0.0458081 0.0467395
0 0.026789 0.043934 0.0445344
0 0.0260077 0.0419853 0.0422689
0 0.0251102 0.0399726 0.0399722
0 0.0241132 0.0379125 0.0376745
0 0.0230358 0.0358214 0.0354009
0 0.0219038 0.0337234 0.0331773
0 0.0207598 0.03165 0.0310279
0 0.019632 0.0296158 0.0289516
0 0.0185315 0.0276278 0.0269336
0 0.017473 0.0256936 0.0249593
0 0.0164645 0.0238127 0.0230097
0 0.0155173 0.0219907 0.0210789
0 0.0146671 0.0202555 0.0191934
0 0.0139625 0.0186506 0.0174042
0 0.0134238 0.0171965 0.0157462
0 0.013035 0.0158833 0.0142273
0 0.012777 0.0147043 0.0128582
0 0.0126314 0.0136594 0.0116531
0 0.0125783 0.0127519 0.0106241
0 0.0126028 0.0119937 0.00978499
0 0.0126888 0.0113975 0.00914445
0 0.0128115 0.0109675 0.0086977
0 0.0129442 0.0107029 0.0084332
0 0.0130918 0.0106295 0.00836682
0 0.0132968 0.0108046 0.00854922
0 0.0135961 0.0112737 0.00902496
0 0.0139916 0.012039 0.00980266
0 0.0144492 0.0130578 0.010853
0 0.014929 0.0142724 0.0121349
0 0.0154181 0.0156431 0.0136242
0 0.0159345 0.0171563 0.0153174
0 0.0165171 0.0188187 0.017222
0 0.0171948 0.020631 0.0193286
0 0.0179496 0.0225537 0.0215785
0 0.0187221 0.024511 0.0238708
0 0.0194744 0.0264498 0.0261273
0 0.020232 0.0283786 0.0283379
0 0.0210445 0.0303319 0.0305276
0 0.0219464 0.0323369 0.0327193
0 0.022959 0.034411 0.0349312
0 0.0240754 0.0365416 0.0371608
0 0.0252553 0.0386898 0.0393855
0 0.0264575 0.0408245 0.0415917
0 0.0276407 0.0429189 0.0437689
0 0.0287509 0.0449365 0.0458916
0 0.02974 0.0468442 0.0479323
0 0.0305804 0.0486259 0.0498752
0 0.03126 0.050274 0.0517074
0 0.0317578 0.0517637 0.0533943
0 0.0320431 0.0530531 0.0548814
0 0.032107 0.0541108 0.0561252
0 0.0319749 0.0549302 0.0571094
0 0.0316956 0.0555207 0.0578368
0 0.0313103 0.0558789 0.0583
0 0.0308378 0.0559783 0.0584711
0 0.0303012 0.0557982 0.0583304
0 0.029738 0.055337 0.0578783
0 0.029193 0.0546098 0.0571311
0 0.0287101 0.0536482 0.0561165
0 0.0283116 0.0524841 0.0548572
0 0.0279887 0.0511423 0.0533649
0 0.0277161 0.0496487 0.0516539
0 0.0274609 0.0480315 0.0497472
0 0.0271917 0.0463238 0.0476827
0 0.0268898 0.0445675 0.0455191
0 0.026532 0.0427922 0.0433138
0 0.0260824 0.0410039 0.0411061
0 0.0255115 0.0391996 0.0389256
0 0.0247935 0.0373649 0.0367879
0 0.0239027 0.0354796 0.0346936
0 0.0228382 0.0335447 0.032652
0 0.0216416 0.0315895 0.0306842
0 0.0203671 0.0296466 0.0287965
0 0.0190586 0.0277404 0.0269777
0 0.0177729 0.0259009 0.0252211
0 0.0165768 0.0241643 0.0235302
0 0.0155217 0.0225566 0.0219077
0 0.0146435 0.0210907 0.0203554
0 0.0139667 0.0197741 0.0188841
0 0.013496 0.0186035 0.0175074
0 0.013221 0.0175695 0.0162408
0 0.0131237 0.016665 0.015105
0 0.0131874 0.0158946 0.0141294
0 0.0134122 0.0152905 0.0133636
0 0.0137868 0.0148836 0.012847
0 0.0142597 0.0146723 0.0125773
0 0.0147593 0.0146371 0.0125263
0 0.0152369 0.0147768 0.0126797
0 0.0156812 0.0151189 0.0130516
0 0.0160837 0.0156796 0.0136493
0 0.0164279 0.016449 0.0144626
0 0.0167116 0.017409 0.0154829
0 0.0169531 0.0185414 0.0167088
0 0.0171901 0.0198328 0.0181445
0 0.0174498 0.0212529 0.0197727
0 0.0177339 0.0227465 0.0215405
0 0.018047 0.0242668 0.02339
0 0.018415 0.0257967 0.0252805
0 0.0188736 0.0273405 0.0271852
0 0.0194351 0.0288915 0.0290676
0 0.0200828 0.0304285 0.0308784
0 0.0207997 0.0319401 0.0325816
0 0.0215716 0.0334194 0.0341604
0 0.0223842 0.0348544 0.0356103
0 0.0232245 0.0362314 0.0369385
0 0.0240817 0.0375457 0.0381717
0 0.0249473 0.0388003 0.0393462
0 0.0258001 0.0399907 0.0404873
0 0.0266017 0.0411021 0.0415994
0 0.0273051 0.0421118 0.0426664
0 0.0278711 0.0430043 0.0436678
0 0.0282799 0.0437785 0.0445882
0 0.0285311 0.0444442 0.0454179
0 0.0286475 0.0450248 0.0461595
0 0.0286568 0.0455377 0.046813
0 0.0285766 0.0459805 0.0473649
0 0.0284245 0.0463427 0.0478016
0 0.0282128 0.0466032 0.0481058
0 0.0279396 0.0467242 0.048248
0 0.0276135 0.0466786 0.0482108
0 0.0272785 0.0464798 0.0480157
0 0.0269908 0.0461619 0.0477005
0 0.0267779 0.0457436 0.0472814
0 0.0266326 0.0452251 0.0467491
0 0.0265279 0.0446017 0.0460851
0 0.0264469 0.0438894 0.0452913
0 0.026396 0.0431335 0.0444035
0 0.026376 0.0423755 0.0434617
0 0.026366 0.0416339 0.042493
0 0.0263291 0.0409055 0.0415122
0 0.0262231 0.040174 0.0405279
0 0.026022 0.0394294 0.0395558
0 0.0257149 0.0386684 0.0386133
0 0.0253018 0.037889 0.0377132
0 0.0247963 0.0370951 0.0368665
0 0.0242191 0.036292 0.0360764
0 0.0235924 0.0354849 0.035336
0 0.022941 0.034681 0.0346334
0 0.0222844 0.0338822 0.0339473
0 0.02163 0.0330793 0.0332445
0 0.0209963 0.0322754 0.0325069
0 0.0204239 0.0314941 0.0317424
0 0.0199406 0.0307475 0.0309561
0 0.019559 0.0300374 0.0301514
0 0.0192918 0.0293709 0.029344
0 0.0191313 0.0287434 0.0285422
0 0.0190498 0.0281393 0.0277467
0 0.0190221 0.0275521 0.0269695
0 0.0190234 0.0269799 0.0262265
0 0.0190242 0.0264191 0.0255276
0 0.0190084 0.0258805 0.0248901
0 0.0189743 0.0253875 0.0243376
0 0.0189094 0.0249498 0.0238737
0 0.0187884 0.0245584 0.0234807
0 0.0185972 0.0242071 0.0231424
0 0.0183393 0.0238968 0.0228517
0 0.0180231 0.0236235 0.0225995
0 0.0176752 0.0233912 0.022389
0 0.0173443 0.0232205 0.0222427
0 0.0170724 0.0231237 0.022176
0 0.0168934 0.023109 0.0221989
0 0.0168407 0.0231915 0.0223258
0 0.0169302 0.0233794 0.0225608
0 0.0171577 0.0236722 0.0228968
0 0.0175139 0.0240741 0.0233308
0 0.0179949 0.0246023 0.0238739
0 0.0185898 0.0252723 0.0245397
0 0.019268 0.0260818 0.0253289
0 0.0199815 0.0270087 0.0262284
0 0.020691 0.0280333 0.027232
0 0.0213857 0.0291544 0.028355
0 0.0220532 0.0303603 0.0296012
0 0.0226623 0.0316136 0.0309449
0 0.0231896 0.0328812 0.0323578
0 0.023634 0.0341467 0.0338192
0 0.0240005 0.0353942 0.0353023
0 0.0243005 0.0366125 0.0367829
0 0.0245598 0.0378013 0.0382452
0 0.0248034 0.0389564 0.0396668
0 0.0250489 0.0400676 0.0410193
0 0.0253123 0.0411262 0.0422781
0 0.0256077 0.0421239 0.0434246
0 0.0259398 0.0430492 0.0444448
0 0.0263065 0.0438899 0.0453305
0 0.0267024 0.0446361 0.0460812
0 0.0271167 0.0452797 0.0467012
0 0.0275344 0.0458148 0.0471976
0 0.0279376 0.0462387 0.0475792
0 0.0283059 0.0465516 0.0478543
0 0.0286186 0.0467568 0.0480298
0 0.0288529 0.046856 0.0481074
0 0.0289802 0.0468425 0.0480775
0 0.0289754 0.0467063 0.0479268
0 0.0288238 0.0464394 0.0476446
0 0.0285152 0.0460276 0.0472154
0 0.0280532 0.0454598 0.0466287
0 0.0274595 0.0447349 0.0458841
0 0.0267663 0.0438575 0.0449867
0 0.0260141 0.0428405 0.0439473
0 0.0252359 0.0416925 0.0427694
0 0.0244513 0.0404158 0.0414474
0 0.0236787 0.0390205 0.039981
0 0.0229327 0.0375225 0.0383761
0 0.0222193 0.0359392 0.0366425
0 0.0215364 0.0342884 0.034796
0 0.0208766 0.0325867 0.032858
0 0.0202374 0.0308475 0.0308534
0 0.0196186 0.0290846 0.0288084
0 0.0190129 0.0273148 0.0267516
0 0.0184123 0.0255549 0.0247143
0 0.0178093 0.0238194 0.0227275
0 0.0171973 0.0221231 0.0208181
0 0.0165738 0.0204814 0.0190069
0 0.015939 0.018909 0.0173091
0 0.0152964 0.0174207 0.0157339
0 0.0146556 0.0160331 0.0142887
0 0.0140391 0.0147709 0.0129869
0 0.013465 0.0136513 0.0118343
0 0.0129358 0.0126727 0.0108207
0 0.0124655 0.0118414 0.00994794
0 0.0120843 0.011179 0.00923698
0 0.0118146 0.0106982 0.00870422
0 0.0116683 0.0104041 0.00836029
0 0.0116633 0.0103108 0.00822589
0 0.0118121 0.0104321 0.00832088
0 0.0121088 0.0107696 0.0086512
0 0.0125349 0.0113179 0.00921343
0 0.0130637 0.012066 0.00999694
0 0.0136808 0.0130148 0.0110024
0 0.0143891 0.0141806 0.0122461
0 0.0151819 0.0155671 0.0137325
0 0.0160326 0.0171539 0.0154429
0 0.0169034 0.0189033 0.0173421
0 0.017766 0.0207795 0.0193969
0 0.0186076 0.0227543 0.0215814
0 0.0194158 0.0247929 0.0238607
0 0.0201901 0.0268664 0.0262028
0 0.0209481 0.028961 0.0285865
0 0.0217027 0.0310607 0.0309866
0 0.0224575 0.0331449 0.0333734
0 0.0232203 0.0351975 0.0357183
0 0.0239991 0.0372051 0.0379943
0 0.0247932 0.0391531 0.0401766
0 0.0255954 0.0410254 0.0422416
0 0.0263972 0.0428082 0.0441719
0 0.0271975 0.0444998 0.045969
0 0.0279986 0.0461049 0.0476455
0 0.02879 0.0476194 0.0492086
0 0.0295618 0.049042 0.0506698
0 0.0302985 0.0503677 0.0520348
0 0.0309614 0.0515696 0.0532854
0 0.0315196 0.0526289 0.0544074
0 0.031957 0.0535377 0.0553933
0 0.0322502 0.0542777 0.0562209
0 0.032381 0.0548302 0.0568653
0 0.0323511 0.0551894 0.0573127
0 0.0321796 0.0553603 0.0575608
0 0.0318909 0.0553469 0.057608
0 0.0315098 0.0551493 0.0574501
0 0.0310639 0.054768 0.0570859
0 0.030581 0.0542051 0.0565164
0 0.030086 0.0534647 0.0557452
0 0.0295984 0.0525553 0.0547776
0 0.0291383 0.0514988 0.0536305
0 0.0287229 0.0503263 0.0523294
0 0.0283425 0.0490532 0.050885
0 0.0279699 0.0476849 0.0493017
0 0.0275777 0.0462301 0.0475923
0 0.0271316 0.0446891 0.0457673
0 0.0266101 0.0430708 0.043851
0 0.0260204 0.0414062 0.041893
0 0.0253824 0.0397342 0.0399496
0 0.0247188 0.0380905 0.0380698
0 0.0240422 0.0364962 0.0362824
0 0.0233446 0.0349492 0.034589
0 0.0226043 0.0334337 0.0329733
0 0.0218066 0.0319369 0.0314162
0 0.0209587 0.030462 0.0299092
0 0.0200801 0.029022 0.0284504
0 0.0191984 0.0276319 0.0270402
0 0.0183555 0.0263156 0.0256915
0 0.0175979 0.0251015 0.0244253
0 0.0169523 0.0240001 0.0232502
0 0.0164186 0.0229999 0.0221567
0 0.0159905 0.0220881 0.0211378
0 0.0156673 0.021263 0.0202
0 0.0154463 0.0205267 0.0193533
0 0.0153216 0.019884 0.0186095
0 0.0152849 0.0193421 0.0179802
0 0.0153225 0.0189074 0.0174737
0 0.0154181 0.0185856 0.0170957
0 0.0155546 0.0183826 0.0168503
0 0.0157131 0.0183007 0.0167379
0 0.0158649 0.0183281 0.0167454
0 0.0159806 0.0184463 0.0168546
0 0.0160485 0.0186453 0.0170577
0 0.0160777 0.018925 0.0173596
0 0.0160975 0.0192964 0.0177776
0 0.0161392 0.0197671 0.018324
0 0.0162228 0.0203314 0.0189948
0 0.0163753 0.0209932 0.0197906
0 0.0166338 0.0217709 0.0207215
0 0.0170237 0.0226792 0.0217901
0 0.0175429 0.0237134 0.0229778
0 0.0181628 0.0248494 0.0242482
0 0.018852 0.0260641 0.0255704
0 0.0195883 0.0273442 0.0269292
0 0.0203431 0.0286681 0.0283084
0 0.021079 0.0300016 0.0296847
0 0.0217709 0.0313178 0.0310449
0 0.0224238 0.0326184 0.032404
0 0.0230634 0.0339257 0.0337946
0 0.0237045 0.0352503 0.0352335
0 0.0243413 0.0365838 0.0367151
0 0.0249637 0.0379156 0.0382257
0 0.0255631 0.0392369 0.0397469
0 0.0261224 0.0405313 0.0412474
0 0.0266122 0.0417677 0.0426798
0 0.0270114 0.0429176 0.0440022
0 0.0273242 0.0439726 0.0451986
0 0.0275665 0.0449304 0.0462649
0 0.0277413 0.0457715 0.0471856
0 0.0278359 0.0464591 0.0479317
0 0.027848 0.0469661 0.0484849
0 0.0277954 0.0472874 0.0488477
0 0.0276975 0.0474233 0.0490243
0 0.0275668 0.0473733 0.0490127
0 0.0274124 0.0471408 0.0488104
0 0.0272387 0.0467332 0.0484145
0 0.0270363 0.0461524 0.0478144
0 0.026783 0.0453934 0.0469933
0 0.0264633 0.0444606 0.045948
0 0.0260717 0.0433678 0.0446915
0 0.0256049 0.042129 0.0432443
0 0.0250617 0.0407567 0.0416322
0 0.0244429 0.0392626 0.0398839
0 0.0237529 0.0376599 0.0380308
0 0.0230137 0.03598 0.0361186
0 0.0222638 0.0342722 0.0342051
0 0.0215279 0.0325744 0.0323311
0 0.0208206 0.0309115 0.0305206
0 0.0201649 0.0293183 0.0288033
0 0.0195766 0.0278299 0.0272059
0 0.0190594 0.0264689 0.0257412
0 0.0186126 0.0252519 0.0244173
0 0.0182335 0.0241918 0.023243
0 0.0179098 0.0232874 0.022219
0 0.0176201 0.0225241 0.0213374
0 0.0173559 0.0218952 0.0206014
0 0.0171334 0.0214141 0.0200353
0 0.016973 0.0210961 0.0196638
0 0.0168638 0.0209256 0.0194768
0 0.0167686 0.0208602 0.0194326
0 0.0166569 0.0208615 0.0194888
0 0.0165214 0.0209097 0.0196182
0 0.0163874 0.0210138 0.0198201
0 0.0162958 0.0211961 0.0201062
0 0.0162662 0.0214584 0.0204681
0 0.0163022 0.0217886 0.0208855
0 0.0164222 0.0221922 0.0213584
0 0.0166624 0.0226974 0.0219126
0 0.0170399 0.0233207 0.0225656
0 0.0175208 0.0240348 0.0232937
0 0.0180612 0.0248077 0.0240713
0 0.018676 0.025669 0.0249353
0 0.0194172 0.0266887 0.0259639
0 0.0202959 0.0279002 0.0271981
0 0.0212596 0.0292756 0.0286162
0 0.0222339 0.0307615 0.0301695
0 0.0231561 0.0323119 0.0318156
0 0.0239702 0.0338813 0.033511
0 0.024632 0.0354209 0.0352076
0 0.0251263 0.0368977 0.0368724
0 0.0254522 0.0382854 0.0384803
0 0.0255899 0.0395247 0.0399701
0 0.0255106 0.0405354 0.0412548
0 0.0252486 0.0412961 0.0422989
0 0.0248959 0.0418407 0.0431157
0 0.0245217 0.0421859 0.0436984
0 0.0241862 0.042349 0.044042
0 0.0239865 0.0423984 0.0441971
0 0.0240099 0.0424118 0.0442306
0 0.0242582 0.0424021 0.0441519
0 0.0246514 0.0423225 0.0439186
0 0.0250994 0.0421326 0.0435032
0 0.0255464 0.0418355 0.0429293
0 0.025966 0.041466 0.0422579
0 0.0263358 0.0410614 0.0415547
0 0.0266348 0.0406545 0.0408793
0 0.0268396 0.0402681 0.0402751
0 0.0269148 0.0399011 0.039755
0 0.0268341 0.0395467 0.0393205
0 0.0265958 0.0392067 0.0389754
0 0.0262064 0.0388757 0.03871
0 0.0256741 0.0385353 0.0384955
0 0.0250237 0.0381711 0.0383032
0 0.0242992 0.0377795 0.0381109
0 0.0235544 0.0373627 0.0378982
0 0.0228534 0.0369363 0.0376547
0 0.0222555 0.0365186 0.0373746
0 0.021799 0.0361176 0.0370474
0 0.0215134 0.0357453 0.0366756
0 0.0214156 0.0354149 0.036272
0 0.0214904 0.0351216 0.0358397
0 0.0217019 0.0348528 0.0353809
0 0.0220133 0.0346052 0.0349117
0 0.0224029 0.0343967 0.034472
0 0.0228453 0.0342457 0.0340995
0 0.0232792 0.034136 0.0337952
0 0.0236367 0.034042 0.0335488
0 0.0238835 0.033965 0.0333735
0 0.0240179 0.0339285 0.0332988
0 0.0240399 0.0339458 0.0333369
0 0.0239324 0.0339987 0.0334633
0 0.023691 0.0340662 0.0336469
0 0.023353 0.0341551 0.0338827
0 0.0229762 0.0342839 0.0341769
0 0.0226076 0.0344569 0.0345229
0 0.0222818 0.0346667 0.0349033
0 0.0220089 0.0348842 0.0352786
0 0.0217667 0.0350525 0.0355815
0 0.0215386 0.0351254 0.0357562
0 0.0213418 0.0350967 0.0357898
0 0.0212174 0.0349939 0.0357053
0 0.0211899 0.0348389 0.0355231
0 0.0212477 0.03463 0.0352426
0 0.0213784 0.0343754 0.0348764
0 0.0215751 0.0340969 0.0344535
0 0.0218036 0.0337945 0.0339839
0 0.0220006 0.0334391 0.0334505
0 0.0220994 0.0329963 0.0328303
0 0.0220658 0.0324586 0.0321279
0 0.021894 0.0318396 0.0313692
0 0.0215741 0.0311393 0.0305655
0 0.021099 0.030352 0.0297172
0 0.0204838 0.0294848 0.0288315
0 0.0197685 0.0285607 0.0279253
0 0.0190202 0.0276235 0.027031
0 0.0183281 0.0267376 0.0261974
0 0.0177768 0.0259679 0.0254715
0 0.0174173 0.0253556 0.024878
0 0.0172657 0.0249183 0.0244219
0 0.0173164 0.0246629 0.0241039
0 0.0175517 0.0245933 0.0239305
0 0.0179414 0.0247073 0.0239102
0 0.0184305 0.0249808 0.0240368
0 0.0189445 0.0253697 0.0242883
0 0.0194154 0.0258309 0.0246446
0 0.0197991 0.026336 0.0250975
0 0.0200772 0.0268712 0.0256469
0 0.0202484 0.0274285 0.02629
0 0.0203193 0.0279982 0.0270128
0 0.0203056 0.0285717 0.0277929
0 0.0202334 0.0291445 0.0286055
0 0.0201364 0.0297156 0.0294253
0 0.0200586 0.0302931 0.030238
0 0.0200373 0.0308808 0.0310309
0 0.0200804 0.0314609 0.0317724
0 0.0201875 0.0320153 0.0324334
0 0.0203626 0.0325361 0.0330023
0 0.0206062 0.0330168 0.0334773
0 0.0209124 0.0334506 0.0338631
0 0.0212684 0.0338305 0.0341678
0 0.0216463 0.0341412 0.0343919
0 0.0220066 0.034362 0.0345275
0 0.0223215 0.0344871 0.0345775
0 0.0225899 0.0345405 0.03457
0 0.0228363 0.0345709 0.0345547
0 0.023083 0.0346248 0.0345763
0 0.023328 0.0347232 0.034653
0 0.0235571 0.0348717 0.0347875
0 0.0237569 0.0350719 0.0349805
0 0.0239187 0.0353238 0.0352326
0 0.0240366 0.0356221 0.0355418
0 0.0240973 0.0359469 0.0358927
0 0.0240903 0.0362731 0.0362657
0 0.0240183 0.0365821 0.0366471
0 0.0238831 0.0368487 0.037014
0 0.0236958 0.0370544 0.0373461
0 0.0234909 0.0372043 0.0376402
0 0.0233048 0.0373104 0.0378939
0 0.0231575 0.0373745 0.0380906
0 0.0230466 0.0373831 0.0381985
0 0.0229728 0.0373319 0.0381986
0 0.0229639 0.0372499 0.0381116
0 0.0230531 0.0371779 0.037978
0 0.0232557 0.0371459 0.0378352
0 0.0235558 0.0371598 0.0377033
0 0.0239102 0.0372035 0.0375848
0 0.0242692 0.0372574 0.0374798
0 0.0245773 0.0372954 0.0373788
0 0.0247823 0.0372901 0.0372673
0 0.0248549 0.0372288 0.0371409
0 0.0247884 0.037111 0.0370038
0 0.0245984 0.0369483 0.0368681
0 0.0243181 0.0367615 0.0367502
0 0.0239781 0.0365623 0.036653
0 0.0235982 0.0363473 0.0365612
0 0.0232 0.0361139 0.0364565
0 0.0228143 0.0358694 0.0363287
0 0.0224697 0.035622 0.036169
0 0.0221963 0.035385 0.0359787
0 0.0220255 0.0351793 0.0357722
0 0.0219707 0.0350139 0.0355596
0 0.0220252 0.034886 0.0353449
0 0.0221759 0.0347937 0.0351375
0 0.0224085 0.0347401 0.0349544
0 0.0227031 0.0347282 0.0348121
0 0.0230346 0.0347601 0.0347235
0 0.0233773 0.0348387 0.0347
0 0.0237038 0.0349641 0.0347482
0 0.0239778 0.0351233 0.0348607
0 0.0241653 0.0352991 0.0350231
0 0.024253 0.0354853 0.0352303
0 0.0242431 0.0356815 0.0354803
0 0.0241441 0.0358832 0.0357655
0 0.0239714 0.0360843 0.0360758
0 0.0237475 0.0362788 0.0364005
0 0.0234974 0.0364586 0.0367256
0 0.0232382 0.0366069 0.0370247
0 0.0229796 0.0367019 0.0372631
0 0.0227365 0.0367313 0.0374144
0 0.0225285 0.0366937 0.0374643
0 0.0223647 0.0365842 0.0373983
0 0.0222402 0.0363911 0.0371997
0 0.0221571 0.036118 0.0368715
0 0.0221147 0.0357723 0.0364264
0 0.0220917 0.0353477 0.0358669
0 0.0220765 0.0348527 0.0352134
0 0.0220608 0.0343019 0.0344935
0 0.0220243 0.0336992 0.0337227
0 0.021956 0.0330579 0.0329232
0 0.0218502 0.0323952 0.0321191
0 0.0216965 0.0317212 0.0313264
0 0.0214856 0.0310448 0.0305573
0 0.0212034 0.0303657 0.0298123
0 0.0208356 0.0296772 0.0290822
0 0.0203829 0.0289792 0.028363
0 0.0198681 0.0282847 0.0276633
0 0.0193286 0.0276142 0.0269986
0 0.0187978 0.0269797 0.0263759
0 0.0182996 0.0263831 0.0257918
0 0.0178514 0.0258219 0.0252386
0 0.0174679 0.0252947 0.02471
0 0.0171516 0.0247938 0.0241942
0 0.0168866 0.0242984 0.0236672
0 0.0166574 0.0237934 0.0231124
0 0.0164581 0.0232763 0.0225281
0 0.0162948 0.0227605 0.0219303
0 0.0161842 0.0222727 0.02135
0 0.0161407 0.0218414 0.020821
0 0.0161732 0.0214927 0.0203754
0 0.0162877 0.0212536 0.0200456
0 0.0164846 0.0211481 0.019861
0 0.0167442 0.0211814 0.0198311
0 0.0170389 0.0213497 0.019956
0 0.0173504 0.0216547 0.0202406
0 0.0176653 0.0220969 0.0206882
0 0.0179704 0.0226689 0.0212948
0 0.0182576 0.0233597 0.0220522
0 0.0185306 0.0241609 0.0229539
0 0.0187988 0.025063 0.0239902
0 0.0190724 0.0260522 0.0251444
0 0.0193631 0.0271135 0.0263953
0 0.0196906 0.0282398 0.0277264
0 0.0200791 0.0294304 0.029126
0 0.0205315 0.0306681 0.030566
0 0.0210369 0.0319275 0.0320126
0 0.0215847 0.0331902 0.0334402
0 0.0221522 0.0344304 0.0348165
0 0.0227183 0.0356224 0.036113
0 0.0232752 0.0367516 0.0373178
0 0.0238145 0.0378069 0.0384267
0 0.0243262 0.0387769 0.0394371
0 0.0248007 0.0396525 0.0403486
0 0.0252381 0.0404385 0.041173
0 0.0256589 0.041161 0.0419405
0 0.0260806 0.0418459 0.0426779
0 0.0264944 0.0424966 0.043386
0 0.0268702 0.0430946 0.0440418
0 0.0271802 0.0436227 0.0446235
0 0.0274235 0.0440877 0.0451343
0 0.0276144 0.0445063 0.0455897
0 0.0277598 0.0448843 0.0459961
0 0.0278538 0.0452108 0.0463455
0 0.0278813 0.0454619 0.0466181
0 0.0278327 0.0456164 0.0467964
0 0.027714 0.0456664 0.0468753
0 0.0275413 0.0456131 0.0468558
0 0.0273305 0.0454583 0.0467371
0 0.0270953 0.0452042 0.0465158
0 0.0268477 0.0448546 0.0461884
0 0.0265992 0.044418 0.0457547
0 0.0263684 0.0439148 0.0452273
0 0.026181 0.0433785 0.0446338
0 0.0260572 0.0428422 0.0440054
0 0.0259886 0.0423155 0.0433543
0 0.0259458 0.0417897 0.0426791
0 0.0259017 0.0412595 0.0419859
0 0.0258249 0.0407131 0.0412769
0 0.0256883 0.0401392 0.0405547
0 0.0254928 0.03955 0.0398431
0 0.0252509 0.0389651 0.0391691
0 0.0249557 0.0383804 0.0385307
0 0.0245869 0.0377734 0.0379029
0 0.0241355 0.037127 0.037263
0 0.0236123 0.0364395 0.0366008
0 0.0230386 0.0357161 0.0359116
0 0.022438 0.0349628 0.0351903
0 0.021834 0.034185 0.0344323
0 0.0212481 0.0333881 0.0336346
0 0.0206997 0.032577 0.032797
0 0.0202063 0.0317557 0.0319221
0 0.0197797 0.0309277 0.0310137
0 0.0194268 0.0300986 0.0300791
0 0.0191578 0.0292842 0.0291366
0 0.0189876 0.0285146 0.0282199
0 0.0189293 0.0278269 0.027372
0 0.0189828 0.0272503 0.0266308
0 0.0191183 0.0267897 0.0260111
0 0.0192864 0.0264307 0.025509
0 0.0194361 0.0261544 0.0251149
0 0.0195283 0.0259465 0.0248229
0 0.0195494 0.025809 0.0246403
0 0.0195009 0.025748 0.024576
0 0.0193965 0.0257713 0.0246373
0 0.0192632 0.02589 0.0248325
0 0.0191205 0.0261002 0.0251517
0 0.0189735 0.0263786 0.0255634
0 0.0188275 0.0266989 0.026031
0 0.0186962 0.0270419 0.0265241
0 0.0185927 0.027389 0.027013
0 0.0185305 0.0277259 0.0274734
0 0.0185362 0.0280564 0.0279021
0 0.0186342 0.0283907 0.0283046
0 0.0188296 0.0287296 0.0286794
0 0.019114 0.029071 0.0290237
0 0.0194714 0.0294136 0.029338
0 0.01988 0.029757 0.0296256
0 0.0203147 0.0301011 0.0298932
0 0.0207494 0.0304454 0.0301502
0 0.0211598 0.0307884 0.0304076
0 0.0215249 0.0311274 0.0306764
0 0.0218288 0.03146 0.0309664
0 0.0220606 0.0317833 0.0312831
0 0.0222192 0.0320988 0.0316315
0 0.0223209 0.0324205 0.0320232
0 0.0223844 0.0327609 0.0324633
0 0.0224186 0.0331193 0.0329402
0 0.0224233 0.033483 0.0334303
0 0.0223992 0.0338373 0.0339095
0 0.0223687 0.0341869 0.0343749
0 0.0223599 0.034542 0.0348306
0 0.0223875 0.034901 0.0352704
0 0.0224631 0.0352607 0.0356888
0 0.0226054 0.0356295 0.0360945
0 0.022832 0.0360212 0.0365033
0 0.0231415 0.0364374 0.0369201
0 0.0235102 0.0368644 0.0373353
0 0.0239029 0.0372829 0.0377337
0 0.0242867 0.0376785 0.0381055
0 0.0246264 0.0380343 0.0384384
0 0.0248876 0.0383314 0.0387175
0 0.0250525 0.0385615 0.0389392
0 0.0251165 0.0387225 0.0391052
0 0.0250891 0.0388196 0.0392233
0 0.0249966 0.0388693 0.0393108
0 0.024865 0.0388845 0.0393789
0 0.02472 0.0388769 0.0394343
0 0.0245918 0.0388641 0.0394873
0 0.0244854 0.0388411 0.0395242
0 0.0243738 0.0387734 0.0395017
0 0.0242316 0.0386295 0.0393815
0 0.0240571 0.0384021 0.0391523
0 0.0238656 0.0381011 0.0388234
0 0.0236681 0.0377338 0.0384042
0 0.0234657 0.0372997 0.0378992
0 0.0232594 0.0368017 0.0373169
0 0.0230585 0.0362543 0.0366777
0 0.0228692 0.0356729 0.0360014
0 0.0226798 0.035058 0.0352917
0 0.0224786 0.0344119 0.0345518
0 0.0222693 0.0337516 0.0337991
0 0.0220544 0.0330926 0.0330485
0 0.0218215 0.0324341 0.0322996
0 0.0215588 0.0317734 0.0315505
0 0.0212653 0.0311155 0.0308087
0 0.0209434 0.0304662 0.0300835
0 0.0205973 0.0298305 0.029383
0 0.0202343 0.0292124 0.0287141
0 0.0198639 0.0286158 0.0280816
0 0.0194969 0.0280446 0.0274884
0 0.0191453 0.0275028 0.0269356
0 0.0188204 0.026995 0.0264229
0 0.0185323 0.0265259 0.0259492
0 0.0182889 0.0261001 0.0255135
0 0.0180957 0.0257219 0.0251157
0 0.0179553 0.0253952 0.0247573
0 0.017869 0.0251245 0.024443
0 0.0178346 0.0249124 0.0241779
0 0.0178448 0.0247584 0.0239661
0 0.0178912 0.0246613 0.0238127
0 0.0179652 0.0246207 0.0237234
0 0.018058 0.0246358 0.0237028
0 0.0181655 0.0247098 0.0237581
0 0.0182968 0.0248584 0.0239067
0 0.0184625 0.0250977 0.0241645
0 0.0186616 0.0254311 0.0245334
0 0.0188884 0.0258565 0.0250081
0 0.0191383 0.0263696 0.0255816
0 0.0194076 0.0269648 0.0262458
0 0.0196939 0.0276345 0.0269917
0 0.0199964 0.0283698 0.0278097
0 0.0203156 0.029161 0.0286902
0 0.020651 0.0299956 0.0296209
0 0.0209962 0.030855 0.0305827
0 0.0213501 0.0317272 0.0315627
0 0.0217149 0.0326048 0.0325518
0 0.0220755 0.0334659 0.0335259
0 0.0224154 0.0342884 0.0344599
0 0.0227389 0.0350692 0.0353481
0 0.023066 0.0358227 0.0362013
0 0.0234138 0.0365624 0.0370298
0 0.0237815 0.0372865 0.0378285
0 0.0241488 0.0379756 0.0385767
0 0.0244887 0.0386057 0.0392507
0 0.0247958 0.0391739 0.0398502
0 0.0250769 0.0396896 0.0403882
0 0.0253258 0.040148 0.0408642
0 0.0255317 0.0405393 0.0412726
0 0.0256937 0.0408634 0.0416168
0 0.0258163 0.0411246 0.0419028
0 0.0259008 0.0413239 0.0421311
0 0.0259465 0.0414602 0.0422988
0 0.0259478 0.0415268 0.0423957
0 0.0259004 0.0415174 0.0424118
0 0.0258143 0.0414393 0.0423507
0 0.0257024 0.0413014 0.0422185
0 0.02557 0.0411056 0.0420153
0 0.0254208 0.0408526 0.0417413
0 0.0252619 0.0405477 0.0414023
0 0.0251098 0.0402075 0.0410167
0 0.0249751 0.0398454 0.0405995
0 0.0248453 0.0394543 0.0401459
0 0.0247059 0.039027 0.0396509
0 0.0245521 0.0385671 0.0391202
0 0.0243811 0.0380801 0.0385613
0 0.0241912 0.037572 0.0379819
0 0.0239812 0.0370484 0.0373892
0 0.0237519 0.0365156 0.0367905
0 0.0235008 0.0359746 0.0361876
0 0.023224 0.0354231 0.0355788
0 0.0229301 0.0348693 0.0349724
0 0.0226322 0.0343243 0.0343796
0 0.0223387 0.0337936 0.0338054
0 0.0220658 0.0332909 0.0332632
0 0.0218374 0.0328391 0.0327748
0 0.021662 0.0324468 0.0323478
0 0.021524 0.032101 0.0319678
0 0.0214055 0.0317878 0.03162
0 0.0212908 0.0314956 0.0312922
0 0.0211615 0.0312091 0.0309695
0 0.0210082 0.0309202 0.0306453
0 0.0208318 0.030628 0.0303211
0 0.0206364 0.0303329 0.0299998
0 0.0204277 0.0300351 0.0296836
0 0.0202128 0.0297354 0.0293738
0 0.0199995 0.0294353 0.029071
0 0.0197962 0.029138 0.0287757
0 0.0196194 0.0288561 0.0284968
0 0.0194916 0.0286109 0.0282508
0 0.0194255 0.028417 0.0280482
0 0.0194197 0.0282785 0.0278902
0 0.0194673 0.0281967 0.0277772
0 0.0195582 0.0281711 0.0277101
0 0.0196773 0.0281967 0.0276885
0 0.0198162 0.0282743 0.0277192
0 0.0199663 0.028403 0.0278089
0 0.0201053 0.0285663 0.0279479
0 0.0202124 0.0287459 0.0281234
0 0.0202815 0.0289345 0.0283313
0 0.0203143 0.0291289 0.0285684
0 0.0203203 0.0293304 0.0288332
0 0.0203223 0.0295518 0.0291326
0 0.0203436 0.0298059 0.0294718
0 0.0203961 0.0300949 0.0298447
0 0.0204843 0.0304151 0.0302407
0 0.0206107 0.0307627 0.030651
0 0.0207756 0.0311339 0.0310693
0 0.0209769 0.031525 0.0314915
0 0.0212104 0.0319318 0.0319152
0 0.0214701 0.0323506 0.0323398
0 0.0217487 0.0327777 0.0327659
0 0.0220378 0.0332095 0.0331947
0 0.0223283 0.0336423 0.0336273
0 0.0226111 0.0340723 0.0340644
0 0.0228782 0.0344962 0.0345056
0 0.0231217 0.034911 0.0349499
0 0.0233355 0.0353135 0.0353947
0 0.0235158 0.0357012 0.0358362
0 0.0236607 0.0360708 0.0362692
0 0.0237745 0.0364229 0.036691
0 0.0238649 0.0367598 0.0371002
0 0.0239327 0.0370751 0.0374856
0 0.0239753 0.0373568 0.0378316
0 0.0239987 0.0376017 0.0381317
0 0.0240151 0.0378123 0.0383863
0 0.0240307 0.0379858 0.038592
0 0.0240569 0.0381267 0.0387533
0 0.0241088 0.0382463 0.0388822
0 0.0241802 0.0383386 0.0389736
0 0.0242523 0.0383876 0.0390126
0 0.0243089 0.0383827 0.0389897
0 0.0243408 0.0383219 0.0389038
0 0.0243393 0.0382033 0.0387543
0 0.0242953 0.0380239 0.0385397
0 0.0242149 0.0377948 0.0382727
0 0.0241081 0.0375296 0.0379688
0 0.0239773 0.0372331 0.0376342
0 0.0238237 0.0369085 0.0372729
0 0.0236497 0.0365591 0.0368887
0 0.023458 0.0361883 0.0364849
0 0.0232524 0.0357998 0.0360644
0 0.0230367 0.035397 0.0356298
0 0.0228119 0.0349804 0.0351807
0 0.0225797 0.034551 0.0347169
0 0.0223475 0.0341151 0.034244
0 0.0221224 0.033679 0.0337678
0 0.0219069 0.0332454 0.033291
0 0.0216956 0.0328094 0.0328088
0 0.0214761 0.0323591 0.0323097
0 0.0212432 0.0318895 0.0317898
0 0.0209998 0.0314039 0.031253
0 0.0207499 0.0309066 0.0307047
0 0.0204981 0.0304027 0.0301508
0 0.0202491 0.0298977 0.0295971
0 0.0200068 0.0293972 0.0290493
0 0.0197747 0.0289064 0.0285126
0 0.0195557 0.0284309 0.0279922
0 0.0193519 0.027976 0.0274927
0 0.0191641 0.0275454 0.0270177
0 0.0189936 0.027144 0.0265721
0 0.0188426 0.0267774 0.0261621
0 0.0187124 0.0264503 0.0257932
0 0.0186014 0.0261642 0.0254684
0 0.0185052 0.0259175 0.0251873
0 0.0184239 0.0257124 0.0249537
0 0.0183631 0.0255562 0.0247762
0 0.0183328 0.0254602 0.0246666
0 0.018343 0.0254359 0.0246368
0 0.0183959 0.0254882 0.024691
0 0.0184906 0.0256187 0.0248302
0 0.0186213 0.0258247 0.025051
0 0.0187725 0.026093 0.0253399
0 0.0189297 0.0264097 0.025683
0 0.0190882 0.0267682 0.0260746
0 0.0192482 0.0271641 0.0265115
0 0.0194112 0.0275929 0.0269899
0 0.0195796 0.0280494 0.0275048
0 0.0197606 0.0285329 0.0280546
0 0.0199683 0.0290501 0.0286442
0 0.020214 0.0296063 0.0292757
0 0.0205001 0.0302005 0.0299447
0 0.0208227 0.0308276 0.0306429
0 0.0211744 0.0314813 0.0313615
0 0.0215489 0.0321568 0.0320948
0 0.0219442 0.0328558 0.0328443
0 0.0223605 0.0335832 0.0336164
0 0.0227942 0.0343391 0.0344139
0 0.0232425 0.0351247 0.0352414
0 0.0237036 0.0359429 0.0361066
0 0.0241668 0.0367868 0.0370069
0 0.024611 0.0376376 0.0379267
0 0.0250175 0.038477 0.0388495
0 0.025374 0.0392909 0.0397611
0 0.0256682 0.0400618 0.0406413
0 0.0258918 0.0407722 0.0414684
0 0.026048 0.0414128 0.0422278
0 0.0261487 0.0419805 0.0429104
0 0.0262079 0.0424717 0.0435074
0 0.0262436 0.0428877 0.0440152
0 0.0262729 0.0432304 0.0444318
0 0.0262954 0.043487 0.0447415
0 0.0263009 0.0436385 0.0449237
0 0.026289 0.0436789 0.0449722
0 0.0262699 0.0436171 0.0448968
0 0.0262504 0.0434626 0.0447082
0 0.0262212 0.0432146 0.0444072
0 0.0261689 0.0428715 0.0439938
0 0.0260888 0.0424431 0.0434803
0 0.0259743 0.0419384 0.0428788
0 0.0258116 0.0413585 0.0421942
0 0.025591 0.0407071 0.0414343
0 0.0253085 0.0399904 0.0406103
0 0.0249646 0.0392152 0.0397336
0 0.0245633 0.0383891 0.0388149
0 0.0241123 0.0375197 0.0378637
0 0.0236216 0.036615 0.0368879
0 0.023103 0.0356838 0.0358937
0 0.0225678 0.0347346 0.0348864
0 0.0220291 0.0337761 0.0338704
0 0.0214989 0.0328167 0.0328502
0 0.0209877 0.0318646 0.0318309
0 0.0205084 0.0309285 0.0308188
0 0.0200705 0.0300175 0.0298216
0 0.0196794 0.0291411 0.0288481
0 0.0193397 0.0283088 0.027909
0 0.0190521 0.027529 0.0270169
0 0.0188144 0.0268096 0.0261851
0 0.0186237 0.0261582 0.0254271
0 0.0184785 0.0255861 0.0247591
0 0.0183771 0.0251041 0.0241963
0 0.0183095 0.0247151 0.023744
0 0.0182631 0.024418 0.0234022
0 0.0182298 0.024214 0.0231719
0 0.0182053 0.0241044 0.0230534
0 0.0181884 0.0240898 0.0230456
0 0.0181799 0.0241686 0.0231456
0 0.0181836 0.0243371 0.023349
0 0.0182055 0.0245903 0.0236504
0 0.0182586 0.0249275 0.0240485
0 0.0183612 0.0253527 0.0245463
0 0.0185255 0.0258649 0.0251407
0 0.0187538 0.0264563 0.0258204
0 0.0190452 0.0271186 0.0265732
0 0.0193954 0.027844 0.0273866
0 0.0197932 0.0286203 0.0282449
0 0.0202246 0.029434 0.0291323
0 0.020678 0.0302746 0.0300381
0 0.021141 0.0311308 0.0309529
0 0.0215995 0.0319886 0.0318658
0 0.0220421 0.0328376 0.0327702
0 0.0224612 0.0336702 0.0336623
0 0.0228516 0.0344795 0.0345384
0 0.0232107 0.0352592 0.0353952
0 0.0235361 0.0360035 0.0362283
0 0.0238253 0.0367052 0.0370293
0 0.0240784 0.0373587 0.0377884
0 0.0242974 0.0379605 0.0384962
0 0.0244832 0.0385058 0.0391407
0 0.0246361 0.0389889 0.0397096
0 0.0247588 0.0394054 0.040194
0 0.0248547 0.0397512 0.0405875
0 0.0249288 0.0400242 0.0408884
0 0.0249875 0.0402245 0.0410996
0 0.0250332 0.0403501 0.0412226
0 0.0250634 0.0403964 0.0412567
0 0.0250738 0.0403601 0.0412018
0 0.0250611 0.0402414 0.0410597
0 0.0250219 0.0400436 0.040834
0 0.0249531 0.0397719 0.0405285
0 0.024851 0.0394318 0.0401471
0 0.0247105 0.0390273 0.0396922
0 0.0245279 0.038562 0.0391673
0 0.0243042 0.0380428 0.0385802
0 0.0240459 0.0374797 0.0379432
0 0.0237602 0.0368815 0.0372685
0 0.0234521 0.0362543 0.036565
0 0.0231271 0.0356041 0.0358415
0 0.0227908 0.0349371 0.0351057
0 0.0224476 0.034258 0.0343625
0 0.0221031 0.0335724 0.0336168
0 0.0217621 0.0328865 0.0328733
0 0.021429 0.0322065 0.0321364
0 0.02111 0.0315393 0.0314114
0 0.0208111 0.0308934 0.0307052
0 0.0205365 0.0302776 0.0300256
0 0.0202878 0.029698 0.0293787
0 0.0200638 0.0291584 0.0287693
0 0.0198618 0.0286613 0.0282025
0 0.019681 0.02821 0.0276853
0 0.0195213 0.0278082 0.0272249
0 0.0193828 0.0274593 0.0268276
0 0.0192653 0.027166 0.0264982
0 0.0191689 0.0269307 0.0262398
0 0.0190937 0.0267558 0.0260539
0 0.0190404 0.0266432 0.0259408
0 0.0190092 0.0265936 0.0258988
0 0.0189998 0.0266063 0.0259247
0 0.0190132 0.0266803 0.0260157
0 0.0190517 0.0268147 0.02617
0 0.0191181 0.0270084 0.0263863
0 0.0192141 0.0272583 0.0266621
0 0.0193404 0.0275607 0.0269946
0 0.0194969 0.0279116 0.0273805
0 0.0196832 0.0283073 0.0278164
0 0.0198977 0.028744 0.0282982
0 0.0201371 0.0292172 0.0288205
0 0.0203964 0.0297211 0.0293761
0 0.0206705 0.0302501 0.0299584
0 0.0209557 0.0308003 0.030562
0 0.0212483 0.0313676 0.0311822
0 0.0215443 0.0319471 0.0318137
0 0.0218388 0.0325333 0.0324517
0 0.0221274 0.033121 0.0330917
0 0.0224058 0.033705 0.0337293
0 0.0226711 0.0342798 0.0343604
0 0.0229213 0.03484 0.0349807
0 0.0231546 0.035381 0.035586
0 0.02337 0.0358977 0.036171
0 0.0235672 0.0363848 0.0367286
0 0.0237455 0.0368378 0.0372515
0 0.0239048 0.0372525 0.0377323
0 0.0240456 0.0376254 0.0381641
0 0.0241686 0.0379539 0.0385413
0 0.0242746 0.0382355 0.0388597
0 0.0243647 0.0384681 0.0391169
0 0.0244395 0.0386498 0.0393119
0 0.0244985 0.0387786 0.0394444
0 0.0245412 0.0388533 0.0395152
0 0.0245666 0.038873 0.0395259
0 0.0245731 0.0388384 0.0394785
0 0.0245594 0.0387509 0.0393754
0 0.0245238 0.038613 0.0392188
0 0.0244646 0.0384274 0.0390112
0 0.0243805 0.0381973 0.0387549
0 0.0242709 0.0379263 0.0384529
0 0.0241359 0.0376178 0.0381085
0 0.0239766 0.0372751 0.0377255
0 0.0237952 0.0369015 0.0373084
0 0.0235946 0.0365008 0.0368618
0 0.0233784 0.0360763 0.0363907
0 0.0231502 0.0356318 0.0358999
0 0.0229141 0.0351712 0.0353938
0 0.022674 0.0346986 0.0348765
0 0.0224334 0.0342182 0.034352
0 0.0221961 0.0337343 0.0338237
0 0.0219652 0.0332512 0.0332951
0 0.0217425 0.0327732 0.0327698
0 0.0215306 0.0323044 0.0322514
0 0.0213311 0.0318491 0.031744
0 0.021145 0.031411 0.031252
0 0.0209726 0.0309942 0.0307803
0 0.0208132 0.0306022 0.0303342
0 0.0206664 0.0302385 0.0299188
0 0.0205314 0.0299061 0.0295394
0 0.0204077 0.0296076 0.0292008
