0 -0.0474188 -0.0599361 -0.058667
0 -0.0471813 -0.0594529 -0.058152
0 -0.0469522 -0.0589909 -0.0576591
0 -0.0467326 -0.058551 -0.0571884
0 -0.0465235 -0.058134 -0.0567405
0 -0.0463258 -0.0577408 -0.0563158
0 -0.0461405 -0.057372 -0.0559148
0 -0.0459682 -0.0570281 -0.055538
0 -0.0458099 -0.0567094 -0.055186
0 -0.045666 -0.0564165 -0.0548594
0 -0.0455372 -0.0561495 -0.0545589
0 -0.045424 -0.0559086 -0.054285
0 -0.0453265 -0.0556939 -0.0540383
0 -0.0452451 -0.0555055 -0.0538196
0 -0.0451797 -0.0553435 -0.0536293
0 -0.0451303 -0.0552078 -0.053468
0 -0.0450968 -0.0550985 -0.0533361
0 -0.0450789 -0.0550154 -0.0532339
0 -0.0450761 -0.0549587 -0.0531617
0 -0.045088 -0.0549283 -0.0531198
0 -0.045114 -0.0549241 -0.0531081
0 -0.0451535 -0.0549461 -0.0531268
0 -0.0452055 -0.0549944 -0.0531755
0 -0.0452694 -0.0550687 -0.0532542
0 -0.0453442 -0.055169 -0.0533625
0 -0.0454288 -0.055295 -0.0534998
0 -0.0455224 -0.0554462 -0.0536656
0 -0.045624 -0.0556222 -0.0538593
0 -0.0457328 -0.0558226 -0.0540801
0 -0.0458481 -0.0560467 -0.0543277
0 -0.0459694 -0.0562941 -0.0546012
0 -0.0460961 -0.056564 -0.0549
0 -0.0462278 -0.0568554 -0.0552233
0 -0.0463638 -0.0571673 -0.0555701
0 -0.046504 -0.0574987 -0.0559395
0 -0.0466483 -0.0578486 -0.0563306
0 -0.0467966 -0.0582158 -0.0567427
0 -0.0469489 -0.0585992 -0.0571744
0 -0.047105 -0.0589975 -0.0576247
0 -0.047265 -0.0594092 -0.0580921
0 -0.0474292 -0.0598333 -0.0585757
0 -0.0475977 -0.0602686 -0.0590741
0 -0.047771 -0.060714 -0.0595862
0 -0.0479491 -0.0611682 -0.0601102
0 -0.0481321 -0.06163 -0.0606446
0 -0.0483205 -0.0620984 -0.061188
0 -0.0485144 -0.0625728 -0.0617389
0 -0.048714 -0.0630519 -0.0622955
0 -0.0489186 -0.0635344 -0.0628554
0 -0.0491271 -0.0640186 -0.063416
0 -0.0493384 -0.064503 -0.0639749
0 -0.0495515 -0.064986 -0.0645297
0 -0.0497659 -0.0654666 -0.0650784
0 -0.0499807 -0.0659437 -0.0656192
0 -0.0501949 -0.066416 -0.0661506
0 -0.0504073 -0.0668825 -0.066671
0 -0.0506166 -0.0673419 -0.0671789
0 -0.0508226 -0.0677937 -0.0676741
0 -0.0510261 -0.0682384 -0.0681572
0 -0.0512288 -0.068677 -0.0686298
0 -0.051432 -0.06911 -0.0690929
0 -0.0516357 -0.0695371 -0.0695471
0 -0.0518393 -0.0699574 -0.0699924
0 -0.0520427 -0.0703703 -0.0704288
0 -0.0522454 -0.0707749 -0.0708563
0 -0.0524468 -0.0711702 -0.0712748
0 -0.0526459 -0.0715553 -0.071684
0 -0.0528414 -0.0719289 -0.0720831
0 -0.0530321 -0.07229 -0.0724715
0 -0.0532174 -0.0726383 -0.072849
0 -0.0533974 -0.072974 -0.0732161
0 -0.0535722 -0.073298 -0.0735732
0 -0.0537416 -0.0736104 -0.0739204
0 -0.0539049 -0.0739111 -0.0742569
0 -0.0540613 -0.0741997 -0.074582
0 -0.0542094 -0.0744755 -0.0748942
0 -0.0543454 -0.0747353 -0.0751896
0 -0.0544634 -0.0749735 -0.075462
0 -0.0545572 -0.0751842 -0.0757051
0 -0.0546245 -0.075365 -0.0759157
0 -0.054668 -0.0755183 -0.076096
0 -0.0546933 -0.0756486 -0.0762502
0 -0.0547031 -0.0757578 -0.07638
0 -0.0546945 -0.075842 -0.0764815
0 -0.0546624 -0.0758947 -0.0765484
0 -0.054606 -0.0759137 -0.0765787
0 -0.0545321 -0.075904 -0.0765774
0 -0.0544512 -0.0758741 -0.0765536
0 -0.0543715 -0.0758307 -0.0765141
0 -0.0542963 -0.0757754 -0.0764609
0 -0.0542259 -0.0757075 -0.0763933
0 -0.0541602 -0.0756261 -0.0763104
0 -0.0540971 -0.0755287 -0.0762099
0 -0.0540307 -0.0754094 -0.0760856
0 -0.053953 -0.0752604 -0.0759293
0 -0.0538606 -0.0750785 -0.0757376
0 -0.0537597 -0.0748703 -0.0755166
0 -0.0536641 -0.0746499 -0.0752801
0 -0.0535853 -0.0744295 -0.0750397
0 -0.0535256 -0.0742129 -0.0747989
0 -0.0534803 -0.0739971 -0.0745543
0 -0.0534435 -0.0737785 -0.0743018
0 -0.0534115 -0.0735556 -0.0740399
0 -0.0533811 -0.0733275 -0.0737676
0 -0.0533472 -0.0730916 -0.0734824
0 -0.0533028 -0.072843 -0.0731798
0 -0.0532405 -0.0725767 -0.0728551
0 -0.0531539 -0.0722875 -0.0725042
0 -0.0530365 -0.0719704 -0.0721226
0 -0.0528811 -0.0716188 -0.0717048
0 -0.0526801 -0.0712249 -0.071244
0 -0.0524289 -0.0707836 -0.0707361
0 -0.0521322 -0.0702978 -0.0701854
0 -0.051803 -0.0697786 -0.0696036
0 -0.0514542 -0.0692365 -0.0690027
0 -0.0510913 -0.0686748 -0.0683867
0 -0.0507141 -0.0680912 -0.0677539
0 -0.0503246 -0.0674852 -0.0671044
0 -0.0499297 -0.0668617 -0.0664431
0 -0.0495394 -0.066228 -0.0657772
0 -0.049162 -0.0655906 -0.0651126
0 -0.0488018 -0.0649528 -0.0644517
0 -0.0484583 -0.0643141 -0.0637928
0 -0.0481281 -0.0636715 -0.0631314
0 -0.0478099 -0.0630236 -0.0624645
0 -0.047507 -0.0623749 -0.0617942
0 -0.0472261 -0.0617334 -0.0611264
0 -0.0469705 -0.0611044 -0.0604644
0 -0.0467373 -0.0604875 -0.0598054
0 -0.0465225 -0.0598812 -0.0591465
0 -0.0463258 -0.0592883 -0.0584888
0 -0.046147 -0.0587114 -0.0578345
0 -0.0459793 -0.0581466 -0.0571794
0 -0.0458097 -0.0575836 -0.0565139
0 -0.0456261 -0.0570122 -0.0558289
0 -0.0454202 -0.0564257 -0.0551195
0 -0.0451838 -0.0558168 -0.0543808
0 -0.0449053 -0.055174 -0.0536042
0 -0.0445723 -0.0544841 -0.0527795
0 -0.0441786 -0.053739 -0.0519022
0 -0.0437274 -0.0529396 -0.0509764
0 -0.0432283 -0.0520925 -0.0500118
0 -0.0426914 -0.0512045 -0.0490178
0 -0.0421253 -0.0502807 -0.0480017
0 -0.0415391 -0.0493266 -0.0469702
0 -0.0409452 -0.0483518 -0.0459334
0 -0.0403636 -0.0473736 -0.0449085
0 -0.0398214 -0.0464176 -0.0439197
0 -0.0393459 -0.045511 -0.0429921
0 -0.0389534 -0.0446706 -0.0421399
0 -0.0386401 -0.0438948 -0.0413581
0 -0.0383882 -0.0431685 -0.0406282
0 -0.0381799 -0.0424778 -0.0399324
0 -0.0380068 -0.041818 -0.0392628
0 -0.0378655 -0.0411904 -0.0386173
0 -0.0377482 -0.0405914 -0.0379897
0 -0.0376389 -0.0400091 -0.0373662
0 -0.0375202 -0.0394294 -0.0367316
0 -0.0373822 -0.0388454 -0.0360785
0 -0.037223 -0.0382576 -0.0354079
0 -0.0370404 -0.0376649 -0.0347203
0 -0.0368235 -0.0370573 -0.0340075
0 -0.0365563 -0.0364182 -0.0332559
0 -0.0362306 -0.0357381 -0.0324591
0 -0.0358557 -0.0350244 -0.0316283
0 -0.0354569 -0.0343 -0.03079
0 -0.0350642 -0.0335924 -0.0299752
0 -0.0347032 -0.0329247 -0.0292104
0 -0.0343935 -0.0323147 -0.0285162
0 -0.0341514 -0.0317773 -0.0279094
0 -0.0339923 -0.0313279 -0.0274067
0 -0.0339321 -0.0309832 -0.0270253
0 -0.0339871 -0.0307614 -0.0267833
0 -0.0341725 -0.0306821 -0.0266993
0 -0.0345021 -0.030765 -0.0267913
0 -0.0349863 -0.0310283 -0.0270751
0 -0.0356294 -0.0314861 -0.0275622
0 -0.0364286 -0.0321472 -0.0282584
0 -0.0373738 -0.0330147 -0.029164
0 -0.0384493 -0.0340872 -0.0302748
0 -0.0396354 -0.0353603 -0.031584
0 -0.0409124 -0.0368291 -0.0330855
0 -0.0422631 -0.038491 -0.0347765
0 -0.0436734 -0.0403449 -0.0366572
0 -0.0451275 -0.0423857 -0.0387251
0 -0.0466027 -0.0445972 -0.0409685
0 -0.0480691 -0.0469521 -0.0433658
0 -0.0494939 -0.0494192 -0.0458927
0 -0.0508493 -0.0519698 -0.0485285
0 -0.0521186 -0.0545807 -0.0512575
0 -0.0532944 -0.0572306 -0.0540662
0 -0.0543752 -0.0598984 -0.0569397
0 -0.0553533 -0.0625617 -0.0598605
0 -0.0562088 -0.0651975 -0.0628088
0 -0.0569266 -0.0677828 -0.0657617
0 -0.0575012 -0.0702949 -0.068694
0 -0.0579327 -0.0727182 -0.0715862
0 -0.0582375 -0.0750581 -0.0744344
0 -0.0584527 -0.0773381 -0.0772533
0 -0.0586251 -0.0795837 -0.0800643
0 -0.0587939 -0.0818162 -0.0828793
0 -0.0589736 -0.084041 -0.0856868
0 -0.0591523 -0.0862374 -0.0884508
0 -0.0593053 -0.0883723 -0.0911241
0 -0.0594153 -0.0904211 -0.093668
0 -0.059486 -0.0923819 -0.0960669
0 -0.0595448 -0.0942759 -0.0983315
0 -0.0596343 -0.0961391 -0.10049
0 -0.0597962 -0.0980074 -0.102573
0 -0.0600558 -0.0999015 -0.104599
0 -0.0604161 -0.101821 -0.106569
0 -0.0608663 -0.103752 -0.108474
0 -0.0613949 -0.105683 -0.11031
0 -0.0619976 -0.107606 -0.112079
0 -0.062677 -0.109525 -0.113798
0 -0.0634365 -0.111442 -0.115481
0 -0.0642722 -0.113355 -0.117143
0 -0.0651682 -0.11525 -0.118783
0 -0.0660982 -0.117104 -0.120394
0 -0.0670315 -0.118891 -0.121961
0 -0.0679402 -0.120587 -0.123474
0 -0.0688037 -0.122176 -0.124926
0 -0.0696101 -0.123649 -0.126315
0 -0.0703577 -0.125011 -0.127649
0 -0.0710465 -0.126266 -0.128935
0 -0.0716622 -0.127403 -0.130161
0 -0.0721697 -0.128395 -0.131293
0 -0.0725321 -0.129209 -0.132292
0 -0.0727366 -0.129837 -0.133143
0 -0.0728005 -0.1303 -0.133855
0 -0.0727522 -0.13063 -0.13445
0 -0.0726074 -0.130846 -0.134933
0 -0.0723551 -0.130938 -0.135283
0 -0.0719643 -0.130876 -0.135459
0 -0.0714083 -0.13063 -0.135422
0 -0.0706872 -0.130197 -0.135158
0 -0.069828 -0.129595 -0.134681
0 -0.0688609 -0.128843 -0.134006
0 -0.067801 -0.127945 -0.133134
0 -0.0666504 -0.12689 -0.132055
0 -0.0654116 -0.125665 -0.130759
0 -0.0640945 -0.124263 -0.129245
0 -0.0627159 -0.122686 -0.127519
0 -0.0612938 -0.120935 -0.12559
0 -0.0598433 -0.119011 -0.123466
0 -0.0583722 -0.11691 -0.121147
0 -0.0568829 -0.114623 -0.118632
0 -0.0553802 -0.112148 -0.115922
0 -0.0538813 -0.109498 -0.113032
0 -0.0524181 -0.106704 -0.109995
0 -0.0510327 -0.103814 -0.106857
0 -0.0497662 -0.100876 -0.103663
0 -0.0486464 -0.0979294 -0.100449
0 -0.0476857 -0.095 -0.0972362
0 -0.0468889 -0.0921094 -0.0940402
0 -0.0462577 -0.0892764 -0.0908753
0 -0.0457817 -0.0865115 -0.0877489
0 -0.045429 -0.0838139 -0.0846578
0 -0.0451629 -0.0811775 -0.0815933
0 -0.0449576 -0.0785974 -0.0785498
0 -0.0447992 -0.0760742 -0.0755334
0 -0.044684 -0.0736205 -0.0725642
0 -0.0446128 -0.071254 -0.0696684
0 -0.0445803 -0.0689837 -0.066866
0 -0.0445718 -0.0668066 -0.0641657
0 -0.04457 -0.064714 -0.0615726
0 -0.0445664 -0.062705 -0.0590997
0 -0.0445622 -0.0607882 -0.0567676
0 -0.0445574 -0.058969 -0.0545925
0 -0.0445387 -0.0572384 -0.0525744
0 -0.0444801 -0.0555741 -0.050697
0 -0.0443525 -0.0539508 -0.0489379
0 -0.0441329 -0.0523479 -0.0472767
0 -0.0438065 -0.0507526 -0.0456971
0 -0.0433676 -0.0491606 -0.0441885
0 -0.042823 -0.0475788 -0.0427491
0 -0.0421906 -0.0460246 -0.0413851
0 -0.041493 -0.0445192 -0.0401048
0 -0.0407523 -0.0430827 -0.0389147
0 -0.0399914 -0.041735 -0.0378209
0 -0.0392385 -0.0405008 -0.0368346
0 -0.038527 -0.0394102 -0.0359733
0 -0.0378905 -0.0384928 -0.0352559
0 -0.0373556 -0.0377715 -0.0346964
0 -0.0369375 -0.0372577 -0.0342996
0 -0.0366353 -0.0369468 -0.0340567
0 -0.0364305 -0.0368166 -0.0339438
0 -0.0362948 -0.0368333 -0.033929
0 -0.0361982 -0.0369607 -0.0339803
0 -0.0361155 -0.0371654 -0.0340716
0 -0.0360319 -0.0374226 -0.0341881
0 -0.0359483 -0.0377225 -0.0343316
0 -0.035881 -0.0380697 -0.0345195
0 -0.0358551 -0.0384775 -0.0347785
0 -0.0358984 -0.0389628 -0.0351375
0 -0.0360338 -0.0395394 -0.035621
0 -0.0362651 -0.0402038 -0.0362344
0 -0.0365664 -0.0409249 -0.0369525
0 -0.0368929 -0.0416548 -0.0377309
0 -0.037205 -0.042352 -0.0385286
0 -0.0374811 -0.0429945 -0.0393217
0 -0.0377175 -0.0435796 -0.0401026
0 -0.037926 -0.0441203 -0.0408773
0 -0.0381286 -0.0446408 -0.0416611
0 -0.0383522 -0.045171 -0.0424732
0 -0.0386236 -0.0457417 -0.0433331
0 -0.0389674 -0.0463825 -0.0442588
0 -0.0394031 -0.0471187 -0.0452645
0 -0.0399429 -0.0479691 -0.0463591
0 -0.0405922 -0.0489466 -0.0475469
0 -0.0413503 -0.0500582 -0.0488284
0 -0.0422073 -0.0513021 -0.0501976
0 -0.0431405 -0.052663 -0.0516374
0 -0.0441165 -0.0541143 -0.0531222
0 -0.0451053 -0.0556313 -0.0546307
0 -0.0460955 -0.0572064 -0.0561613
0 -0.0470962 -0.0588506 -0.0577332
0 -0.0481232 -0.0605796 -0.059372
0 -0.0491835 -0.0623987 -0.0610941
0 -0.0502644 -0.0642925 -0.0628961
0 -0.0513365 -0.0662262 -0.064755
0 -0.0523658 -0.0681571 -0.0666393
0 -0.0533186 -0.0700487 -0.0685217
0 -0.054167 -0.0718769 -0.0703856
0 -0.0549039 -0.0736334 -0.0722271
0 -0.0555434 -0.075325 -0.0740561
0 -0.056109 -0.0769699 -0.0758909
0 -0.0566255 -0.0785902 -0.0777511
0 -0.0571169 -0.0802066 -0.0796532
0 -0.0576055 -0.0818352 -0.0816094
0 -0.0581062 -0.0834845 -0.0836231
0 -0.0586213 -0.085154 -0.0856853
0 -0.0591483 -0.0868403 -0.0877817
0 -0.0596948 -0.0885504 -0.0899075
0 -0.0602827 -0.090305 -0.0920713
0 -0.0609357 -0.0921277 -0.0942846
0 -0.0616591 -0.0940252 -0.0965424
0 -0.0624262 -0.0959725 -0.0988099
0 -0.0631873 -0.0979211 -0.101031
0 -0.0638933 -0.0998227 -0.103151
0 -0.06452 -0.101652 -0.105142
0 -0.0650741 -0.103413 -0.107009
0 -0.0655804 -0.105127 -0.108772
0 -0.0660557 -0.106805 -0.11045
0 -0.0664916 -0.108433 -0.112034
0 -0.0668591 -0.109978 -0.113498
0 -0.0671249 -0.111398 -0.114812
0 -0.067265 -0.112664 -0.115955
0 -0.0672745 -0.113761 -0.116925
0 -0.0671769 -0.114705 -0.117747
0 -0.0670203 -0.115534 -0.118468
0 -0.0668586 -0.116294 -0.119142
0 -0.0667231 -0.117006 -0.119799
0 -0.0666078 -0.117659 -0.12043
0 -0.0664808 -0.118217 -0.121003
0 -0.0663078 -0.118642 -0.12148
0 -0.0660674 -0.11891 -0.121835
0 -0.0657546 -0.119011 -0.122056
0 -0.065382 -0.118956 -0.122148
0 -0.0649771 -0.118769 -0.122128
0 -0.0645749 -0.118482 -0.122021
0 -0.0642089 -0.118126 -0.12185
0 -0.0639029 -0.117727 -0.121629
0 -0.0636662 -0.117295 -0.121361
0 -0.0634917 -0.116829 -0.121034
0 -0.0633593 -0.116316 -0.120624
0 -0.0632381 -0.115732 -0.120101
0 -0.0630896 -0.115048 -0.119426
0 -0.0628792 -0.114237 -0.118569
0 -0.062592 -0.113293 -0.117519
0 -0.0622413 -0.112234 -0.116294
0 -0.0618557 -0.111093 -0.11493
0 -0.0614588 -0.109898 -0.113459
0 -0.0610579 -0.108659 -0.111898
0 -0.0606449 -0.107373 -0.110251
0 -0.060206 -0.106027 -0.108518
0 -0.0597317 -0.104616 -0.106701
0 -0.0592237 -0.103143 -0.104816
0 -0.0586964 -0.101624 -0.10289
0 -0.0581697 -0.100082 -0.100957
0 -0.0576637 -0.098538 -0.0990464
0 -0.0571941 -0.0970133 -0.0971868
0 -0.0567698 -0.0955219 -0.0953964
0 -0.0563943 -0.0940743 -0.0936878
0 -0.0560737 -0.0926843 -0.0920754
0 -0.0558231 -0.0913749 -0.0905819
0 -0.0556632 -0.0901738 -0.0892353
0 -0.0556071 -0.0891043 -0.0880567
0 -0.0556507 -0.0881733 -0.0870497
0 -0.0557719 -0.0873713 -0.0861995
0 -0.0559426 -0.0866835 -0.0854851
0 -0.056137 -0.0860975 -0.0848879
0 -0.0563284 -0.0855982 -0.0843869
0 -0.0564802 -0.0851592 -0.0839507
0 -0.0565504 -0.0847469 -0.0835411
0 -0.0565103 -0.0843383 -0.0831316
0 -0.0563588 -0.0839346 -0.0827212
0 -0.0561143 -0.0835534 -0.0823263
0 -0.055796 -0.0832103 -0.0819627
0 -0.0554138 -0.0829085 -0.0816354
0 -0.054968 -0.0826396 -0.0813393
0 -0.0544554 -0.0823893 -0.0810643
0 -0.0538761 -0.082144 -0.0808021
0 -0.0532366 -0.0818947 -0.0805492
0 -0.0525528 -0.0816413 -0.0803104
0 -0.0518559 -0.0813986 -0.0801053
0 -0.0511945 -0.0811986 -0.0799693
0 -0.0506237 -0.0810812 -0.0799444
0 -0.0501889 -0.0810793 -0.0800637
0 -0.0499144 -0.0812078 -0.0803401
0 -0.0498004 -0.0814604 -0.0807638
0 -0.0498237 -0.0818108 -0.0813031
0 -0.049937 -0.0822112 -0.0819042
0 -0.0500756 -0.0825969 -0.0824965
0 -0.0501855 -0.0829148 -0.0830207
0 -0.0502566 -0.0831561 -0.0834614
0 -0.0503266 -0.083361 -0.0838512
0 -0.0504544 -0.0835918 -0.0842454
0 -0.0506855 -0.0838985 -0.0846874
0 -0.0510265 -0.0842934 -0.0851836
0 -0.0514374 -0.0847419 -0.0856955
0 -0.0518481 -0.0851793 -0.0861556
0 -0.0521924 -0.0855437 -0.0865018
0 -0.052429 -0.0857971 -0.0866976
0 -0.0525349 -0.0859182 -0.0867252
0 -0.0524874 -0.0858832 -0.0865664
0 -0.052257 -0.0856588 -0.0861947
0 -0.0518173 -0.0852113 -0.0855846
0 -0.0511606 -0.0845221 -0.0847257
0 -0.0503099 -0.0836002 -0.0836352
0 -0.0493234 -0.0824894 -0.0823639
0 -0.0482982 -0.0812741 -0.0810023
0 -0.0473733 -0.0800829 -0.079684
0 -0.0467056 -0.0790664 -0.0785622
0 -0.046404 -0.078332 -0.0777455
0 -0.0464627 -0.0778786 -0.0772311
0 -0.0467538 -0.0775873 -0.0768968
0 -0.0470895 -0.0772819 -0.0765614
0 -0.0473143 -0.0768205 -0.0760767
0 -0.047378 -0.0761675 -0.0753999
0 -0.047352 -0.0754085 -0.0746102
0 -0.0473765 -0.0746985 -0.0738561
0 -0.0475793 -0.0741796 -0.0732749
0 -0.0480212 -0.0739284 -0.0729389
0 -0.048689 -0.0739486 -0.072849
0 -0.0495194 -0.0741947 -0.0729584
0 -0.0504348 -0.0746063 -0.0732074
0 -0.0513704 -0.0751344 -0.07355
0 -0.0522793 -0.075746 -0.0739584
0 -0.0531284 -0.0764196 -0.0744186
0 -0.0538995 -0.0771441 -0.0749287
0 -0.0545847 -0.077915 -0.0754947
0 -0.0551499 -0.0786981 -0.0760932
0 -0.055497 -0.0793913 -0.0766335
0 -0.0554897 -0.0798489 -0.0769807
0 -0.0550266 -0.079954 -0.0770285
0 -0.0540946 -0.0796727 -0.076752
0 -0.0527723 -0.079059 -0.0762122
0 -0.0511976 -0.0782212 -0.0755221
0 -0.0495214 -0.0772773 -0.0748003
0 -0.0478678 -0.0763214 -0.0741381
0 -0.0463212 -0.0754131 -0.0735883
0 -0.0449383 -0.0745861 -0.0731733
0 -0.0437632 -0.0738654 -0.0729028
0 -0.0428359 -0.0732807 -0.0727884
0 -0.0421998 -0.0728714 -0.0728517
0 -0.0419129 -0.0726956 -0.0731329
0 -0.0420502 -0.072833 -0.0736929
0 -0.042672 -0.0733576 -0.0745851
0 -0.043773 -0.0742856 -0.0758065
0 -0.0452402 -0.0755307 -0.0772552
0 -0.0468508 -0.0768974 -0.0787235
0 -0.0483337 -0.0781402 -0.0799585
0 -0.0494682 -0.0790592 -0.0807586
0 -0.0501496 -0.0795639 -0.0810372
0 -0.0503922 -0.0796755 -0.0808254
0 -0.050293 -0.0794909 -0.0802355
0 -0.049986 -0.0791358 -0.0794145
0 -0.0495933 -0.078719 -0.0784955
0 -0.0491824 -0.0782933 -0.0775553
0 -0.0487501 -0.0778403 -0.0765995
0 -0.0482459 -0.0772932 -0.0755857
0 -0.0476197 -0.0765857 -0.0744696
0 -0.0468632 -0.0756935 -0.0732461
0 -0.0460299 -0.0746566 -0.0719691
0 -0.0452336 -0.0735783 -0.0707507
0 -0.044626 -0.0726053 -0.0697396
0 -0.0443581 -0.0718908 -0.0690848
0 -0.0445435 -0.0715586 -0.0688998
0 -0.0452337 -0.0716803 -0.0692402
0 -0.0464105 -0.0722658 -0.0700957
0 -0.0479864 -0.073263 -0.0713915
0 -0.0498146 -0.0745634 -0.072996
0 -0.051711 -0.0760199 -0.0747397
0 -0.0534866 -0.0774795 -0.0764498
0 -0.0549847 -0.0788169 -0.0779855
0 -0.0561124 -0.0799589 -0.0792635
0 -0.0568573 -0.0809012 -0.0802752
0 -0.0572835 -0.0817092 -0.0810874
0 -0.0575031 -0.0824906 -0.0818136
0 -0.0576298 -0.083349 -0.082567
0 -0.0577344 -0.0843399 -0.0834169
0 -0.0578187 -0.0854471 -0.0843638
0 -0.0578176 -0.0865848 -0.0853417
0 -0.0576364 -0.0876346 -0.0862537
0 -0.0572003 -0.0884934 -0.087017
0 -0.0564737 -0.0890954 -0.087583
0 -0.0554566 -0.0894075 -0.0879316
0 -0.0541731 -0.089417 -0.0880603
0 -0.0526574 -0.0891245 -0.0879744
0 -0.050942 -0.0885315 -0.0876758
0 -0.0490509 -0.087626 -0.0871504
0 -0.0469997 -0.0863842 -0.0863677
0 -0.0448065 -0.0847924 -0.0852984
0 -0.0425091 -0.0828701 -0.083941
0 -0.0401812 -0.0806825 -0.0823363
0 -0.0379388 -0.0783379 -0.0805655
0 -0.035923 -0.0759704 -0.0787338
0 -0.0342684 -0.0737136 -0.0769459
0 -0.0330748 -0.0716759 -0.0752826
0 -0.0323933 -0.0699249 -0.0737861
0 -0.0322269 -0.0684844 -0.0724585
0 -0.0325412 -0.0673457 -0.0712749
0 -0.0332794 -0.0664846 -0.0702011
0 -0.0343812 -0.0658771 -0.0692106
0 -0.0357967 -0.0655105 -0.0682951
0 -0.0374858 -0.0653853 -0.0674647
0 -0.0393954 -0.0654934 -0.0667244
0 -0.0414359 -0.065783 -0.0660476
0 -0.0435036 -0.0661769 -0.0653952
0 -0.0455416 -0.0666419 -0.0647744
0 -0.0475705 -0.0672227 -0.0642684
0 -0.0496533 -0.0680041 -0.0640021
0 -0.0518331 -0.0690478 -0.0640799
0 -0.0540965 -0.0703551 -0.0645424
0 -0.0563698 -0.0718651 -0.0653595
0 -0.0585346 -0.0734687 -0.066447
0 -0.0604473 -0.0750316 -0.0676885
0 -0.0619599 -0.0764226 -0.0689617
0 -0.0629506 -0.0775347 -0.0701604
0 -0.0633436 -0.0782962 -0.0712066
0 -0.0631092 -0.0786758 -0.0720558
0 -0.062268 -0.0786856 -0.0727015
0 -0.0608977 -0.0783842 -0.073179
0 -0.0591254 -0.0778684 -0.0735578
0 -0.057101 -0.0772505 -0.0739198
0 -0.0549687 -0.0766345 -0.0743361
0 -0.0528498 -0.0761044 -0.0748572
0 -0.0508456 -0.0757304 -0.0755211
0 -0.049055 -0.075584 -0.0763665
0 -0.0475761 -0.0757405 -0.0774338
0 -0.046478 -0.0762436 -0.0787436
0 -0.0457766 -0.0770795 -0.0802712
0 -0.0454295 -0.0781926 -0.0819418
0 -0.0453525 -0.0794941 -0.0836473
0 -0.0454488 -0.0808743 -0.0852736
0 -0.0456358 -0.0822365 -0.0867268
0 -0.0458661 -0.0835223 -0.0879548
0 -0.0461377 -0.0847189 -0.0889576
0 -0.0464829 -0.0858482 -0.0897767
0 -0.0469409 -0.08694 -0.0904648
0 -0.0475336 -0.0880098 -0.0910627
0 -0.0482625 -0.0890562 -0.0915959
0 -0.0491215 -0.0900743 -0.0920863
0 -0.0501108 -0.0910685 -0.092564
0 -0.0512357 -0.0920506 -0.0930641
0 -0.0524898 -0.0930232 -0.0936091
0 -0.0538359 -0.0939631 -0.0941904
0 -0.0552015 -0.0948183 -0.0947655
0 -0.0564951 -0.0955236 -0.0952732
0 -0.0576329 -0.0960215 -0.0956541
0 -0.0585543 -0.0962748 -0.0958653
0 -0.0592202 -0.0962657 -0.0958804
0 -0.0596043 -0.0959884 -0.0956829
0 -0.0596915 -0.0954453 -0.0952636
0 -0.0594791 -0.0946463 -0.0946208
0 -0.0589729 -0.0936048 -0.093756
0 -0.0581806 -0.0923322 -0.0926681
0 -0.0571134 -0.090838 -0.0913545
0 -0.0557924 -0.0891367 -0.0898181
0 -0.0542574 -0.087256 -0.0880763
0 -0.052571 -0.0852427 -0.0861678
0 -0.050815 -0.0831602 -0.0841502
0 -0.0490825 -0.0810794 -0.0820913
0 -0.0474595 -0.0790672 -0.0800567
0 -0.0460057 -0.077178 -0.0781007
0 -0.0447655 -0.0754533 -0.0762659
0 -0.043781 -0.0739266 -0.0745885
0 -0.0430872 -0.072626 -0.0731001
0 -0.0427071 -0.0715744 -0.0718276
0 -0.0426574 -0.0707932 -0.0707961
0 -0.042955 -0.0703099 -0.0700362
0 -0.0436159 -0.0701567 -0.0695829
0 -0.0446377 -0.0703514 -0.0694586
0 -0.0459803 -0.0708778 -0.0696536
0 -0.047564 -0.0716836 -0.070122
0 -0.0492869 -0.0726928 -0.0707951
0 -0.051047 -0.0738273 -0.0716037
0 -0.0527576 -0.0750266 -0.0724963
0 -0.0543566 -0.0762523 -0.0734431
0 -0.055805 -0.07748 -0.0744289
0 -0.0570775 -0.0786936 -0.0754464
0 -0.058155 -0.079884 -0.0764949
0 -0.0590223 -0.0810458 -0.0775758
0 -0.0596682 -0.0821692 -0.0786857
0 -0.0600845 -0.08324 -0.0798148
0 -0.0602696 -0.0842496 -0.0809577
0 -0.0602367 -0.0852009 -0.0821185
0 -0.0600116 -0.0861033 -0.0833064
0 -0.0596229 -0.0869637 -0.0845264
0 -0.0591 -0.0877877 -0.0857792
0 -0.0584789 -0.0885879 -0.087069
0 -0.0578054 -0.0893879 -0.0884081
0 -0.0571313 -0.0902189 -0.0898122
0 -0.0565037 -0.0911069 -0.0912927
0 -0.0559586 -0.0920635 -0.0928525
0 -0.0555215 -0.0930918 -0.0944849
0 -0.0552028 -0.0941897 -0.0961692
0 -0.0549911 -0.0953351 -0.0978645
0 -0.0548535 -0.096484 -0.0995132
0 -0.0547523 -0.0975908 -0.101056
0 -0.0546651 -0.0986276 -0.102453
0 -0.0545943 -0.0995898 -0.103692
0 -0.0545596 -0.10049 -0.104779
0 -0.054587 -0.101347 -0.105734
0 -0.0547025 -0.102183 -0.106578
0 -0.0549255 -0.103012 -0.107332
0 -0.0552615 -0.103836 -0.108008
0 -0.0556963 -0.104639 -0.108599
0 -0.0561989 -0.10539 -0.109089
0 -0.0567335 -0.106054 -0.109456
0 -0.0572709 -0.106604 -0.10969
0 -0.0577913 -0.107023 -0.109787
0 -0.0582764 -0.107297 -0.109749
0 -0.0586972 -0.107402 -0.109564
0 -0.0590173 -0.10731 -0.109212
0 -0.0592111 -0.107003 -0.108683
0 -0.0592801 -0.106491 -0.107992
0 -0.0592467 -0.105803 -0.10717
0 -0.0591333 -0.104973 -0.106247
0 -0.0589489 -0.104019 -0.105238
0 -0.0586896 -0.102947 -0.104145
0 -0.058346 -0.10176 -0.102959
0 -0.0579084 -0.100457 -0.101672
0 -0.0573693 -0.0990398 -0.100277
0 -0.0567274 -0.0975157 -0.0987698
0 -0.0559928 -0.0959003 -0.0971574
0 -0.0551848 -0.0942171 -0.0954554
0 -0.0543241 -0.092489 -0.0936801
0 -0.0534247 -0.090731 -0.0918419
0 -0.052493 -0.088948 -0.0899431
0 -0.0515296 -0.0871378 -0.0879812
0 -0.0505339 -0.085295 -0.0859522
0 -0.0495054 -0.0834134 -0.0838525
0 -0.0484404 -0.0814863 -0.0816792
0 -0.0473349 -0.0795086 -0.0794326
0 -0.0461962 -0.0774823 -0.0771206
0 -0.0450446 -0.0754201 -0.0747611
0 -0.0439054 -0.0733406 -0.0723787
0 -0.0427993 -0.0712579 -0.069995
0 -0.0417324 -0.0691737 -0.0676191
0 -0.0406959 -0.0670759 -0.0652451
0 -0.039676 -0.0649481 -0.0628619
0 -0.0386667 -0.0627823 -0.0604659
0 -0.0376717 -0.0605825 -0.0580635
0 -0.0366963 -0.0583553 -0.0556623
0 -0.0357387 -0.0561007 -0.053262
0 -0.0347929 -0.0538154 -0.0508574
0 -0.0338599 -0.0515038 -0.04845
0 -0.0329561 -0.0491865 -0.0460567
0 -0.0321153 -0.0469024 -0.0437116
0 -0.0313854 -0.0447046 -0.0414632
0 -0.0308179 -0.0426509 -0.0393643
0 -0.0304571 -0.0407926 -0.0374614
0 -0.0303344 -0.0391687 -0.0357893
0 -0.0304692 -0.0378083 -0.0343734
0 -0.0308713 -0.0367336 -0.0332331
0 -0.0315391 -0.035957 -0.0323785
0 -0.032454 -0.035476 -0.0318062
0 -0.0335806 -0.0352726 -0.0314981
0 -0.0348705 -0.0353174 -0.0314259
0 -0.0362707 -0.0355768 -0.031558
0 -0.0377362 -0.0360254 -0.031872
0 -0.0392419 -0.0366568 -0.0323654
0 -0.0407814 -0.0374833 -0.0330549
0 -0.0423558 -0.038524 -0.0339644
0 -0.0439643 -0.0397945 -0.0351145
0 -0.0456004 -0.0413021 -0.0365175
0 -0.0472509 -0.0430468 -0.0381789
0 -0.0488956 -0.0450225 -0.0400977
0 -0.0505131 -0.0472172 -0.0422684
0 -0.0520838 -0.0496146 -0.044681
0 -0.0535892 -0.0521944 -0.0473227
0 -0.0550103 -0.0549322 -0.0501762
0 -0.0563294 -0.057797 -0.0532181
0 -0.0575325 -0.0607525 -0.0564182
0 -0.0586022 -0.0637639 -0.0597469
0 -0.0595261 -0.0668098 -0.063186
0 -0.0603159 -0.0698867 -0.0667336
0 -0.0610028 -0.0730032 -0.0703965
0 -0.0616194 -0.0761683 -0.0741783
0 -0.0621899 -0.0793849 -0.0780721
0 -0.0627268 -0.0826509 -0.0820586
0 -0.0632318 -0.085954 -0.0861097
0 -0.0637029 -0.0892682 -0.0901924
0 -0.0641398 -0.0925732 -0.0942734
0 -0.0645455 -0.095864 -0.0983234
0 -0.0649309 -0.0991433 -0.102323
0 -0.0653185 -0.102423 -0.106267
0 -0.0657381 -0.105725 -0.11016
0 -0.0662174 -0.109074 -0.114009
0 -0.066776 -0.112483 -0.117818
0 -0.0674258 -0.115961 -0.121588
0 -0.0681742 -0.119511 -0.125319
0 -0.069023 -0.123133 -0.129012
0 -0.0699634 -0.126813 -0.132661
0 -0.0709723 -0.130526 -0.13625
0 -0.0720146 -0.134232 -0.139754
0 -0.0730486 -0.137885 -0.143145
0 -0.0740289 -0.141435 -0.146391
0 -0.0749087 -0.144829 -0.14946
0 -0.0756438 -0.148017 -0.152323
0 -0.0761956 -0.150954 -0.154952
0 -0.0765344 -0.153605 -0.157331
0 -0.0766419 -0.155944 -0.15945
0 -0.0765107 -0.157958 -0.161306
0 -0.0761374 -0.159637 -0.1629
0 -0.075519 -0.160968 -0.164222
0 -0.0746517 -0.161935 -0.165257
0 -0.0735337 -0.162521 -0.165987
0 -0.0721705 -0.162721 -0.166399
0 -0.0705781 -0.162536 -0.166483
0 -0.0687844 -0.16198 -0.166238
0 -0.0668245 -0.161069 -0.165661
0 -0.0647333 -0.159818 -0.164753
0 -0.0625432 -0.158243 -0.163512
0 -0.0602856 -0.156357 -0.161939
0 -0.0579919 -0.154171 -0.160032
0 -0.0556928 -0.151699 -0.157794
0 -0.0534187 -0.148957 -0.15523
0 -0.0511986 -0.145964 -0.152347
0 -0.049057 -0.142744 -0.149154
0 -0.047012 -0.139318 -0.145659
0 -0.0450745 -0.135701 -0.14187
0 -0.04325 -0.131904 -0.137789
0 -0.04154 -0.127933 -0.133421
0 -0.0399266 -0.12379 -0.128766
0 -0.0383691 -0.119473 -0.123828
0 -0.0368375 -0.114984 -0.118613
0 -0.0353183 -0.110321 -0.113132
0 -0.0337983 -0.105488 -0.107403
0 -0.032266 -0.100498 -0.101454
0 -0.0307199 -0.0953771 -0.0953236
0 -0.0291665 -0.0901491 -0.0890575
0 -0.0276133 -0.0848198 -0.0826982
0 -0.0260654 -0.0793985 -0.076286
0 -0.0245271 -0.0739046 -0.0698614
0 -0.0230071 -0.0683546 -0.0634655
0 -0.0215193 -0.0627642 -0.0571392
0 -0.0200811 -0.0571548 -0.0509225
0 -0.0187126 -0.051553 -0.0448533
0 -0.017438 -0.0459884 -0.0389689
0 -0.0162855 -0.040496 -0.0333059
0 -0.0152847 -0.0351136 -0.027897
0 -0.0144611 -0.0298766 -0.022766
0 -0.0138366 -0.0248168 -0.0179292
0 -0.013433 -0.0199679 -0.0133998
0 -0.0132741 -0.0153668 -0.00919072
0 -0.0133803 -0.0110482 -0.00531116
0 -0.0137639 -0.00704219 -0.00176465
0 -0.0144325 -0.00337789 0.00144592
0 -0.0153968 -8.81723e-05 0.00431213
0 -0.0166697 0.00279129 0.00681993
0 -0.0182573 0.00522863 0.0089557
0 -0.0201513 0.00720311 0.0107131
0 -0.0223287 0.00870798 0.0120951
0 -0.0247572 0.00974647 0.0131099
0 -0.0274013 0.0103246 0.0137637
0 -0.0302264 0.0104477 0.0140573
0 -0.0331982 0.0101245 0.0139906
0 -0.0362776 0.00937222 0.0135677
0 -0.039416 0.00821921 0.0127979
0 -0.042567 0.00669727 0.0116901
0 -0.0456934 0.00483152 0.010249
0 -0.0487555 0.00264159 0.00847652
0 -0.0517078 0.000149908 0.00637747
0 -0.0545109 -0.00261666 0.00396067
0 -0.0571386 -0.00563251 0.00123318
0 -0.0595768 -0.00887777 -0.00180343
0 -0.0618172 -0.0123355 -0.00514977
0 -0.0638503 -0.0159848 -0.00880173
0 -0.0656654 -0.0197971 -0.012746
0 -0.0672564 -0.0237378 -0.0169608
0 -0.0686213 -0.02777 -0.0214185
0 -0.0697566 -0.0318559 -0.0260857
0 -0.0706558 -0.0359556 -0.0309221
0 -0.0713099 -0.0400274 -0.0358786
0 -0.0717097 -0.0440293 -0.0408991
0 -0.0718476 -0.0479232 -0.0459227
0 -0.0717169 -0.0516823 -0.0508862
0 -0.0713113 -0.055282 -0.0557279
0 -0.0706318 -0.0586892 -0.06039
0 -0.0696883 -0.0618818 -0.0648173
0 -0.0684888 -0.0648507 -0.0689522
0 -0.0670361 -0.0675786 -0.0727368
0 -0.0653367 -0.0700456 -0.0761216
0 -0.0634071 -0.0722428 -0.0790702
0 -0.0612722 -0.0741683 -0.0815587
0 -0.0589599 -0.0758186 -0.0835727
0 -0.0564979 -0.0771884 -0.0851049
0 -0.0539143 -0.0782725 -0.0861558
0 -0.0512404 -0.0790681 -0.0867367
0 -0.0485146 -0.0795766 -0.0868708
0 -0.0457812 -0.0798043 -0.0865921
0 -0.0430861 -0.0797601 -0.0859417
0 -0.0404728 -0.0794527 -0.0849638
0 -0.0379823 -0.0788901 -0.0837031
0 -0.0356557 -0.0780815 -0.0822046
0 -0.0335312 -0.0770395 -0.0805147
0 -0.0316434 -0.0757821 -0.0786808
0 -0.030027 -0.0743329 -0.07675
0 -0.028716 -0.0727183 -0.0747656
0 -0.0277382 -0.0709655 -0.0727645
0 -0.0271151 -0.069104 -0.0707771
0 -0.0268595 -0.0671688 -0.0688272
0 -0.0269737 -0.0651978 -0.066932
0 -0.0274485 -0.0632288 -0.0651007
0 -0.0282607 -0.0612968 -0.0633337
0 -0.0293738 -0.0594311 -0.0616222
0 -0.0307389 -0.0576528 -0.0599491
0 -0.0322979 -0.0559752 -0.0582922
0 -0.0339909 -0.0544057 -0.0566298
0 -0.0357598 -0.0529501 -0.0549447
0 -0.0375474 -0.0516119 -0.0532252
0 -0.0393 -0.0503848 -0.0514657
0 -0.0409708 -0.0492516 -0.0496658
0 -0.0425179 -0.0481929 -0.0478297
0 -0.0439009 -0.0471915 -0.0459648
0 -0.0450845 -0.0462284 -0.044082
0 -0.0460424 -0.0452823 -0.0421965
0 -0.0467552 -0.0443328 -0.040327
0 -0.0472085 -0.0433634 -0.0384935
0 -0.0473928 -0.0423593 -0.0367152
0 -0.0473051 -0.0413089 -0.0350114
0 -0.0469509 -0.0402067 -0.0334016
0 -0.0463446 -0.0390545 -0.0319061
0 -0.0455063 -0.0378596 -0.0305438
0 -0.0444598 -0.036633 -0.02933
0 -0.0432306 -0.0353877 -0.0282747
0 -0.041846 -0.0341366 -0.0273807
0 -0.0403339 -0.0328915 -0.0266425
0 -0.0387226 -0.0316615 -0.0260458
0 -0.0370386 -0.0304553 -0.0255712
0 -0.0353056 -0.0292808 -0.0251948
0 -0.0335477 -0.0281444 -0.02489
0 -0.0317902 -0.0270514 -0.0246285
0 -0.0300589 -0.0260091 -0.0243857
0 -0.0283829 -0.0250294 -0.0241457
0 -0.0267943 -0.0241273 -0.0239003
0 -0.0253231 -0.0233162 -0.0236434
0 -0.0239917 -0.0226036 -0.0233657
0 -0.0228142 -0.0219902 -0.0230556
0 -0.0217998 -0.0214714 -0.022703
0 -0.0209544 -0.0210406 -0.0223015
0 -0.0202817 -0.0206889 -0.0218486
0 -0.0197814 -0.0204043 -0.0213441
0 -0.01945 -0.0201732 -0.0207898
0 -0.0192836 -0.0199831 -0.0201921
0 -0.0192813 -0.0198264 -0.0195637
0 -0.0194453 -0.0197019 -0.0189242
0 -0.0197769 -0.0196127 -0.0182971
0 -0.0202751 -0.0195636 -0.0177064
0 -0.0209348 -0.0195589 -0.0171763
0 -0.0217485 -0.0196053 -0.0167306
0 -0.022708 -0.0197135 -0.016394
0 -0.0238072 -0.0199006 -0.0161939
0 -0.0250424 -0.0201897 -0.0161604
0 -0.0264102 -0.0206064 -0.0163228
0 -0.0279038 -0.0211754 -0.0167062
0 -0.0295117 -0.0219172 -0.0173291
0 -0.0312154 -0.0228455 -0.018201
0 -0.0329896 -0.0239668 -0.019322
0 -0.0348046 -0.0252801 -0.0206844
0 -0.0366284 -0.0267789 -0.0222734
0 -0.0384231 -0.0284494 -0.0240671
0 -0.0401439 -0.0302705 -0.0260368
0 -0.0417457 -0.0322137 -0.0281475
0 -0.0431857 -0.0342448 -0.0303601
0 -0.0444232 -0.0363267 -0.0326346
0 -0.0454246 -0.0384232 -0.0349341
0 -0.0461675 -0.0405012 -0.0372274
0 -0.0466393 -0.0425284 -0.0394862
0 -0.0468284 -0.0444692 -0.0416803
0 -0.0467188 -0.0462837 -0.0437765
0 -0.046298 -0.0479311 -0.0457412
0 -0.0455663 -0.049375 -0.0475443
0 -0.0445359 -0.0505868 -0.0491612
0 -0.0432282 -0.0515461 -0.0505712
0 -0.0416728 -0.0522425 -0.0517581
0 -0.0399057 -0.0526711 -0.0527107
0 -0.0379686 -0.0528264 -0.053425
0 -0.0359151 -0.0527164 -0.0539033
0 -0.0338061 -0.052367 -0.054153
0 -0.0317033 -0.0518097 -0.0541871
0 -0.0296705 -0.051082 -0.0540264
0 -0.0277732 -0.0502334 -0.0537008
0 -0.0260813 -0.0493237 -0.05325
0 -0.0246708 -0.0484181 -0.0527227
0 -0.0236145 -0.047581 -0.0521696
0 -0.0229731 -0.0468694 -0.0516368
0 -0.0227917 -0.0463312 -0.0511642
0 -0.0231026 -0.0460095 -0.05079
0 -0.0239264 -0.0459462 -0.0505533
0 -0.0252721 -0.0461827 -0.0504947
0 -0.0271387 -0.0467582 -0.0506555
0 -0.0295135 -0.0477064 -0.0510757
0 -0.0323657 -0.0490481 -0.0517862
0 -0.035652 -0.0507856 -0.052804
0 -0.0393178 -0.0529049 -0.0541337
0 -0.0432817 -0.0553812 -0.0557716
0 -0.0474436 -0.0581859 -0.0577078
0 -0.0517109 -0.0612774 -0.0599257
0 -0.0559986 -0.0645952 -0.0624037
0 -0.060227 -0.0680805 -0.0651191
0 -0.0643244 -0.0716835 -0.0680465
0 -0.0682209 -0.0753469 -0.0711534
0 -0.0718451 -0.0790051 -0.0743991
0 -0.0751302 -0.082594 -0.0777369
0 -0.0780167 -0.0860528 -0.0811169
0 -0.0804512 -0.0893217 -0.0844863
0 -0.0823828 -0.092341 -0.0877872
0 -0.0837623 -0.0950511 -0.0909551
0 -0.0845454 -0.0973938 -0.0939214
0 -0.0846989 -0.0993181 -0.0966208
0 -0.084209 -0.100793 -0.0989989
0 -0.0830865 -0.101812 -0.101017
0 -0.0813698 -0.102382 -0.10265
0 -0.0791218 -0.102515 -0.103888
0 -0.0764234 -0.102239 -0.10473
0 -0.0733686 -0.101606 -0.105186
0 -0.0700578 -0.100669 -0.105275
0 -0.0665893 -0.0994805 -0.105018
0 -0.0630591 -0.0980903 -0.104437
0 -0.0595617 -0.0965563 -0.103565
0 -0.0561907 -0.0949402 -0.102442
0 -0.0530372 -0.0933043 -0.101119
0 -0.0501866 -0.091706 -0.099648
0 -0.0477115 -0.0901912 -0.0980764
0 -0.0456631 -0.0887908 -0.096445
0 -0.0440719 -0.087523 -0.0947882
0 -0.042958 -0.0863974 -0.0931373
0 -0.0423363 -0.0854185 -0.0915238
0 -0.0422156 -0.0845883 -0.0899793
0 -0.0425961 -0.0839108 -0.0885363
0 -0.0434657 -0.0833918 -0.0872263
0 -0.044797 -0.0830318 -0.0860728
0 -0.0465436 -0.0828226 -0.085087
0 -0.0486443 -0.0827508 -0.0842703
0 -0.0510311 -0.0828033 -0.0836201
0 -0.0536341 -0.0829698 -0.0831324
0 -0.0563837 -0.0832419 -0.0828019
0 -0.059211 -0.0836149 -0.0826236
0 -0.0620469 -0.0840846 -0.0825927
0 -0.0648289 -0.0846366 -0.0827041
0 -0.0675068 -0.0852586 -0.082954
0 -0.0700393 -0.0859508 -0.083339
0 -0.0723893 -0.0867112 -0.0838546
0 -0.0745239 -0.0875318 -0.0844942
0 -0.0764161 -0.0884068 -0.0852505
0 -0.0780456 -0.0893343 -0.0861182
0 -0.0793985 -0.0903135 -0.0870939
0 -0.0804674 -0.0913434 -0.0881753
0 -0.0812485 -0.0924221 -0.0893586
0 -0.0817399 -0.0935437 -0.0906364
0 -0.0819419 -0.0946965 -0.0919977
0 -0.0818571 -0.0958667 -0.0934297
0 -0.0814981 -0.0970429 -0.0949227
0 -0.0808902 -0.0982172 -0.0964699
0 -0.0800634 -0.0993841 -0.0980644
0 -0.0790451 -0.100535 -0.0996957
0 -0.0778614 -0.101658 -0.101346
0 -0.0765327 -0.102729 -0.102986
0 -0.0750695 -0.103708 -0.104581
0 -0.0734788 -0.104556 -0.106087
0 -0.0717687 -0.105248 -0.107458
0 -0.0699471 -0.105754 -0.108648
0 -0.068021 -0.106046 -0.10961
0 -0.0659992 -0.106101 -0.110305
0 -0.0638937 -0.105906 -0.110697
0 -0.0617181 -0.105452 -0.110759
0 -0.0594856 -0.104729 -0.110466
0 -0.0572096 -0.103727 -0.109797
0 -0.0549041 -0.102439 -0.108733
0 -0.0525841 -0.100857 -0.107264
0 -0.0502655 -0.098978 -0.105386
0 -0.0479676 -0.0968049 -0.103104
0 -0.0457151 -0.0943454 -0.100433
0 -0.0435367 -0.0916129 -0.0973974
0 -0.0414574 -0.0886244 -0.0940254
0 -0.0394898 -0.085398 -0.0903464
0 -0.0376418 -0.0819499 -0.0863871
0 -0.0359221 -0.0782963 -0.0821733
0 -0.0343362 -0.0744574 -0.0777338
0 -0.0328903 -0.0704614 -0.0731046
0 -0.0315944 -0.0663452 -0.0683287
0 -0.0304608 -0.06215 -0.0634529
0 -0.0295006 -0.0579183 -0.0585232
0 -0.0287228 -0.0536973 -0.0535836
0 -0.0281361 -0.0495295 -0.048678
0 -0.0277504 -0.0454433 -0.0438522
0 -0.0275738 -0.0414709 -0.0391523
0 -0.0276122 -0.0376501 -0.0346227
0 -0.0278725 -0.0340103 -0.0303055
0 -0.0283612 -0.030576 -0.026242
0 -0.0290843 -0.0273746 -0.0224745
0 -0.0300485 -0.0244368 -0.0190449
0 -0.0312605 -0.0217913 -0.0159924
0 -0.0327248 -0.0194651 -0.0133518
0 -0.0344422 -0.0174838 -0.0111517
0 -0.0364093 -0.0158732 -0.00941703
0 -0.0386212 -0.0146595 -0.00816976
0 -0.0410721 -0.0138696 -0.00742922
0 -0.0437562 -0.0135305 -0.00721114
0 -0.0466648 -0.0136659 -0.00752651
0 -0.04978 -0.0142957 -0.00838074
0 -0.0530776 -0.0154334 -0.0097728
0 -0.0565328 -0.0170857 -0.0116947
0 -0.0601147 -0.0192519 -0.0141315
0 -0.0637899 -0.0219231 -0.0170613
0 -0.0675217 -0.0250818 -0.0204551
0 -0.0712556 -0.0287009 -0.0242776
0 -0.0749263 -0.0327441 -0.0284878
0 -0.0784805 -0.0371663 -0.0330413
0 -0.0818768 -0.0419149 -0.0378905
0 -0.0850713 -0.0469277 -0.0429838
0 -0.0880128 -0.0521302 -0.0482638
0 -0.0906474 -0.0574376 -0.0536668
0 -0.0929227 -0.0627586 -0.059125
0 -0.0947923 -0.0680013 -0.0645708
0 -0.0962149 -0.0730777 -0.0699388
0 -0.0971529 -0.0779074 -0.0751674
0 -0.0975825 -0.0824216 -0.0802014
0 -0.0974993 -0.0865737 -0.0849931
0 -0.0969078 -0.0903333 -0.0895033
0 -0.0958232 -0.093673 -0.0937011
0 -0.0942855 -0.0965877 -0.0975658
0 -0.0923526 -0.0991023 -0.101088
0 -0.0900917 -0.101254 -0.104269
0 -0.0875791 -0.103087 -0.107116
0 -0.0848961 -0.104648 -0.109643
0 -0.0821229 -0.105992 -0.111868
0 -0.0793364 -0.107164 -0.113808
0 -0.0766082 -0.108211 -0.115483
0 -0.0740053 -0.109175 -0.11692
0 -0.0715907 -0.110099 -0.11815
0 -0.0694251 -0.111026 -0.119212
0 -0.0675632 -0.111988 -0.120141
0 -0.0660472 -0.113004 -0.120971
0 -0.0649018 -0.114076 -0.12172
0 -0.0641316 -0.115185 -0.122397
0 -0.0637205 -0.116298 -0.123002
0 -0.0636393 -0.117375 -0.123525
0 -0.063859 -0.118373 -0.123953
0 -0.0643447 -0.119254 -0.12427
0 -0.0650488 -0.119975 -0.12446
0 -0.0659184 -0.120499 -0.124505
0 -0.0668993 -0.120786 -0.124383
0 -0.0679336 -0.1208 -0.124068
0 -0.0689582 -0.120506 -0.123527
0 -0.069907 -0.119875 -0.122726
0 -0.0707186 -0.118889 -0.121635
0 -0.0713433 -0.117543 -0.120231
0 -0.0717434 -0.115839 -0.118495
0 -0.0718912 -0.11379 -0.11642
0 -0.0717679 -0.111414 -0.114002
0 -0.0713634 -0.108735 -0.111246
0 -0.0706786 -0.10578 -0.108162
0 -0.0697273 -0.102578 -0.104769
0 -0.0685401 -0.0991633 -0.101094
0 -0.0671508 -0.0955698 -0.0971684
0 -0.0655816 -0.0918329 -0.0930277
0 -0.0638566 -0.0879854 -0.0887099
0 -0.0620098 -0.0840552 -0.0842534
0 -0.060079 -0.0800642 -0.0796951
0 -0.0581008 -0.0760307 -0.07507
0 -0.0561023 -0.0719714 -0.0704112
0 -0.0541049 -0.0678987 -0.0657496
0 -0.05213 -0.0638215 -0.0611125
0 -0.0501981 -0.0597476 -0.0565247
0 -0.0483272 -0.0556871 -0.0520106
0 -0.0465359 -0.0516541 -0.0475959
0 -0.0448447 -0.0476666 -0.0433063
0 -0.0432757 -0.0437457 -0.0391668
0 -0.0418506 -0.0399146 -0.0352006
0 -0.0405917 -0.0361997 -0.03143
0 -0.039523 -0.0326309 -0.0278778
0 -0.0386706 -0.0292419 -0.0245671
0 -0.0380631 -0.0260694 -0.0215222
0 -0.0377295 -0.0231517 -0.0187674
0 -0.0376981 -0.0205274 -0.0163264
0 -0.0379931 -0.0182338 -0.0142218
0 -0.0386332 -0.0163069 -0.0124754
0 -0.0396334 -0.014781 -0.0111087
0 -0.0410045 -0.0136884 -0.0101426
0 -0.0427514 -0.0130592 -0.00959853
0 -0.0448743 -0.0129227 -0.00949887
0 -0.0473679 -0.0133053 -0.00986613
0 -0.0502201 -0.0142289 -0.0107209
0 -0.053412 -0.01571 -0.0120808
0 -0.056919 -0.0177584 -0.0139597
0 -0.0607099 -0.020375 -0.0163655
0 -0.0647423 -0.0235489 -0.0192986
0 -0.0689657 -0.0272578 -0.0227525
0 -0.0733323 -0.0314745 -0.0267146
0 -0.0777976 -0.036169 -0.031167
0 -0.0823139 -0.0413036 -0.0360869
0 -0.0868135 -0.046832 -0.0414451
0 -0.0912203 -0.0526995 -0.0472055
0 -0.0954819 -0.0588438 -0.0533261
0 -0.0995656 -0.065199 -0.0597613
0 -0.103434 -0.0716991 -0.0664635
0 -0.107046 -0.0782789 -0.073384
0 -0.110374 -0.084876 -0.0804737
0 -0.113396 -0.0914337 -0.0876832
0 -0.116091 -0.0979015 -0.0949617
0 -0.118446 -0.104239 -0.102255
0 -0.120449 -0.110421 -0.109505
0 -0.122087 -0.11642 -0.116653
0 -0.123356 -0.122201 -0.123639
0 -0.124254 -0.127739 -0.130405
0 -0.124776 -0.133027 -0.136893
0 -0.124917 -0.138058 -0.143053
0 -0.124679 -0.142826 -0.148845
0 -0.124074 -0.147333 -0.15424
0 -0.123121 -0.151583 -0.159215
0 -0.121841 -0.155578 -0.163752
0 -0.120256 -0.159312 -0.167838
0 -0.118389 -0.16278 -0.171468
0 -0.116266 -0.165978 -0.174643
0 -0.113936 -0.168896 -0.177371
0 -0.111444 -0.171526 -0.179669
0 -0.108807 -0.173859 -0.181556
0 -0.106054 -0.175896 -0.183054
0 -0.103234 -0.177638 -0.18418
0 -0.100387 -0.179082 -0.184956
0 -0.0975406 -0.180224 -0.185404
0 -0.0947208 -0.181058 -0.18555
0 -0.0919465 -0.181573 -0.185418
0 -0.0892407 -0.181755 -0.185028
0 -0.0866296 -0.181595 -0.184399
0 -0.0841359 -0.181087 -0.183543
0 -0.0817791 -0.180236 -0.182479
0 -0.0795817 -0.179055 -0.181222
0 -0.0775705 -0.177564 -0.17979
0 -0.0757715 -0.175784 -0.178195
0 -0.0742044 -0.173736 -0.176446
0 -0.0728802 -0.171447 -0.174545
0 -0.0718071 -0.16895 -0.172494
0 -0.0709955 -0.166284 -0.170293
0 -0.0704471 -0.163493 -0.167943
0 -0.0701493 -0.160621 -0.165441
0 -0.0700883 -0.157713 -0.162788
0 -0.0702516 -0.154809 -0.159986
0 -0.0706206 -0.151948 -0.157039
0 -0.0711709 -0.149159 -0.153957
0 -0.0718733 -0.146462 -0.150751
0 -0.0726951 -0.143868 -0.147433
0 -0.0735986 -0.141374 -0.144016
0 -0.074539 -0.138972 -0.140511
0 -0.0754667 -0.136641 -0.13693
0 -0.0763307 -0.134338 -0.133286
0 -0.0770802 -0.132014 -0.129585
0 -0.077664 -0.129624 -0.125833
0 -0.0780331 -0.127123 -0.122036
0 -0.0781447 -0.124462 -0.118196
0 -0.0779672 -0.121599 -0.114318
0 -0.0774801 -0.118505 -0.110409
0 -0.0766723 -0.115157 -0.106473
0 -0.0755412 -0.111539 -0.102511
0 -0.0740944 -0.107648 -0.0985226
0 -0.0723505 -0.10349 -0.0945076
0 -0.0703382 -0.0990825 -0.0904674
0 -0.068094 -0.0944545 -0.0864036
0 -0.0656611 -0.0896442 -0.0823196
0 -0.0630895 -0.0847003 -0.0782222
0 -0.0604362 -0.0796823 -0.0741247
0 -0.0577639 -0.0746585 -0.0700472
0 -0.0551388 -0.0697036 -0.0660159
0 -0.0526283 -0.0648947 -0.0620623
0 -0.0503 -0.0603084 -0.0582231
0 -0.0482199 -0.0560196 -0.0545395
0 -0.0464521 -0.0520993 -0.0510578
0 -0.0450582 -0.0486137 -0.0478275
0 -0.0440963 -0.0456239 -0.0449017
0 -0.0436184 -0.0431829 -0.0423342
0 -0.0436659 -0.0413298 -0.0401754
0 -0.0442626 -0.0400881 -0.0384677
0 -0.0454101 -0.0394668 -0.0372453
0 -0.0470946 -0.0394634 -0.0365352
0 -0.0492899 -0.0400649 -0.0363578
0 -0.0519544 -0.0412487 -0.0367266
0 -0.0550324 -0.0429842 -0.0376475
0 -0.0584594 -0.0452334 -0.0391187
0 -0.0621664 -0.047952 -0.0411317
0 -0.0660857 -0.051093 -0.0436727
0 -0.0701504 -0.0546102 -0.0467254
0 -0.0742951 -0.0584622 -0.0502741
0 -0.0784661 -0.0626162 -0.0543015
0 -0.0826176 -0.0670465 -0.0587869
0 -0.0867111 -0.0717314 -0.0637054
0 -0.0907154 -0.076653 -0.0690286
0 -0.0945879 -0.0817944 -0.0747243
0 -0.0982868 -0.0871351 -0.0807548
0 -0.101789 -0.0926519 -0.0870773
0 -0.105084 -0.0983215 -0.0936471
0 -0.108164 -0.10412 -0.100419
0 -0.111023 -0.110024 -0.10735
0 -0.113652 -0.116006 -0.114394
0 -0.11605 -0.122039 -0.121507
0 -0.118214 -0.128105 -0.128643
0 -0.120141 -0.134177 -0.135754
0 -0.121819 -0.140208 -0.142789
0 -0.123238 -0.146159 -0.149692
0 -0.124388 -0.152008 -0.156407
0 -0.125262 -0.157726 -0.16288
0 -0.125851 -0.163279 -0.169066
0 -0.126139 -0.16864 -0.174925
0 -0.126119 -0.17379 -0.18043
0 -0.125787 -0.178711 -0.185563
0 -0.125152 -0.183389 -0.190319
0 -0.124225 -0.18781 -0.194695
0 -0.12302 -0.19196 -0.198691
0 -0.121567 -0.195822 -0.202315
0 -0.119894 -0.199382 -0.205577
0 -0.118017 -0.202632 -0.208494
0 -0.115959 -0.205573 -0.211081
0 -0.113761 -0.208209 -0.21335
0 -0.111465 -0.210543 -0.215314
0 -0.109105 -0.212576 -0.216985
0 -0.106711 -0.214309 -0.218382
0 -0.104312 -0.21574 -0.219521
0 -0.101939 -0.216866 -0.220423
0 -0.0996255 -0.217688 -0.221102
0 -0.0973975 -0.218211 -0.221571
0 -0.0952754 -0.218437 -0.221831
0 -0.0932722 -0.218367 -0.221877
0 -0.0913942 -0.218 -0.221697
0 -0.0896411 -0.217332 -0.221272
0 -0.0880106 -0.216358 -0.220586
0 -0.0865027 -0.215076 -0.219621
0 -0.0851163 -0.213483 -0.218362
0 -0.0838441 -0.211579 -0.21679
0 -0.082676 -0.20937 -0.214887
0 -0.0816017 -0.206865 -0.212635
0 -0.0806128 -0.204081 -0.21002
0 -0.0797013 -0.201036 -0.207033
0 -0.0788551 -0.197755 -0.203674
0 -0.0780552 -0.194262 -0.199948
0 -0.0772843 -0.190588 -0.195872
0 -0.0765405 -0.186766 -0.191475
0 -0.0758333 -0.182829 -0.186795
0 -0.0751736 -0.178813 -0.18188
0 -0.0745739 -0.174756 -0.176788
0 -0.0740514 -0.1707 -0.171581
0 -0.0736259 -0.166684 -0.166327
0 -0.0733209 -0.16274 -0.161098
0 -0.0731638 -0.158897 -0.155973
0 -0.073184 -0.155192 -0.151029
0 -0.0734093 -0.15166 -0.146346
0 -0.0738641 -0.148335 -0.141995
0 -0.0745704 -0.145247 -0.138044
0 -0.0755487 -0.142431 -0.134555
0 -0.0768157 -0.13992 -0.131579
0 -0.0783817 -0.137748 -0.129158
0 -0.0802491 -0.135946 -0.127322
0 -0.0824128 -0.134541 -0.126089
0 -0.0848615 -0.133559 -0.125464
0 -0.0875779 -0.133021 -0.125443
0 -0.0905348 -0.132944 -0.12601
0 -0.0936952 -0.13334 -0.127141
0 -0.0970197 -0.134213 -0.128803
0 -0.100468 -0.135562 -0.130955
0 -0.104005 -0.137378 -0.133553
0 -0.107585 -0.139651 -0.136549
0 -0.111132 -0.142361 -0.139894
0 -0.114572 -0.145481 -0.143534
0 -0.117857 -0.148976 -0.147415
0 -0.120942 -0.152796 -0.15148
0 -0.123775 -0.156884 -0.155674
0 -0.126298 -0.161175 -0.159943
0 -0.128462 -0.165594 -0.164235
0 -0.130227 -0.170056 -0.168501
0 -0.131555 -0.174476 -0.172692
0 -0.132413 -0.178764 -0.176763
0 -0.132769 -0.182836 -0.180674
0 -0.132598 -0.186612 -0.184382
0 -0.131886 -0.190019 -0.187848
0 -0.13063 -0.192997 -0.191034
0 -0.12884 -0.195489 -0.1939
0 -0.126536 -0.197451 -0.19641
0 -0.123751 -0.198859 -0.19853
0 -0.120524 -0.199704 -0.200229
0 -0.116899 -0.199985 -0.201479
0 -0.112931 -0.199714 -0.202258
0 -0.108683 -0.198914 -0.202547
0 -0.104219 -0.197617 -0.202334
0 -0.0996008 -0.19586 -0.201611
0 -0.094899 -0.193684 -0.200376
0 -0.090182 -0.191129 -0.198636
0 -0.0855077 -0.188232 -0.196404
0 -0.0809459 -0.185041 -0.193707
0 -0.0765701 -0.181611 -0.190582
0 -0.072433 -0.177994 -0.187075
0 -0.068583 -0.17424 -0.183237
0 -0.0650755 -0.170396 -0.179122
0 -0.0619598 -0.166506 -0.174785
0 -0.0592741 -0.162607 -0.170279
0 -0.0570458 -0.158736 -0.165661
0 -0.0552927 -0.15493 -0.160989
0 -0.0540269 -0.151227 -0.156318
0 -0.0532544 -0.147657 -0.151703
0 -0.0529719 -0.144247 -0.147193
0 -0.0531613 -0.141016 -0.142832
0 -0.0537897 -0.137978 -0.138656
0 -0.0548209 -0.13515 -0.134699
0 -0.0562197 -0.132553 -0.130992
0 -0.0579468 -0.130191 -0.127565
0 -0.0599578 -0.128052 -0.124445
0 -0.0622067 -0.126142 -0.121657
0 -0.0646497 -0.12447 -0.119223
0 -0.067244 -0.123033 -0.117159
0 -0.0699478 -0.121823 -0.115472
0 -0.0727188 -0.120837 -0.114165
0 -0.0755106 -0.120067 -0.113232
0 -0.0782802 -0.119507 -0.112661
0 -0.0809938 -0.119152 -0.11244
0 -0.0836199 -0.119003 -0.112549
0 -0.0861311 -0.119062 -0.112969
0 -0.088506 -0.119331 -0.113678
0 -0.0907211 -0.119815 -0.114654
0 -0.0927519 -0.12052 -0.115872
0 -0.0945796 -0.12145 -0.117311
0 -0.0961911 -0.122611 -0.118952
0 -0.0975796 -0.124008 -0.120777
0 -0.0987425 -0.12564 -0.122771
0 -0.09968 -0.127504 -0.124922
0 -0.100394 -0.12959 -0.127222
0 -0.100892 -0.131882 -0.12966
0 -0.101182 -0.134357 -0.13223
0 -0.101273 -0.136985 -0.134922
0 -0.101177 -0.139729 -0.137724
0 -0.100906 -0.14255 -0.140626
0 -0.100476 -0.145409 -0.143613
0 -0.0999075 -0.148274 -0.146676
0 -0.0992238 -0.151118 -0.149805
0 -0.0984469 -0.153918 -0.152984
0 -0.0975945 -0.156641 -0.156192
0 -0.0966813 -0.15926 -0.159403
0 -0.0957167 -0.161753 -0.162582
0 -0.094703 -0.164098 -0.165689
0 -0.0936368 -0.16627 -0.168677
0 -0.0925118 -0.168247 -0.171496
0 -0.0913216 -0.17001 -0.174096
0 -0.0900602 -0.17154 -0.176429
0 -0.0887217 -0.172823 -0.178449
0 -0.0873023 -0.173844 -0.180117
0 -0.0858011 -0.174591 -0.181399
0 -0.0842184 -0.175053 -0.182266
0 -0.0825574 -0.17522 -0.182698
0 -0.0808288 -0.175083 -0.182684
0 -0.0790478 -0.174636 -0.182216
0 -0.0772218 -0.173865 -0.181293
0 -0.0753518 -0.172758 -0.179911
0 -0.0734433 -0.171299 -0.178069
0 -0.071505 -0.169476 -0.175772
0 -0.0695468 -0.16728 -0.173034
0 -0.0675847 -0.164713 -0.16988
0 -0.0656417 -0.161782 -0.166342
0 -0.0637425 -0.158503 -0.162455
0 -0.0619027 -0.154894 -0.158253
0 -0.0601233 -0.150978 -0.153768
0 -0.0584023 -0.146778 -0.149028
0 -0.0567441 -0.142319 -0.144059
0 -0.0551539 -0.137635 -0.138891
0 -0.0536354 -0.132765 -0.133556
0 -0.052192 -0.12775 -0.128084
0 -0.0508283 -0.122639 -0.122507
0 -0.0495486 -0.117468 -0.116851
0 -0.0483533 -0.112263 -0.111142
0 -0.0472409 -0.107045 -0.105405
0 -0.0462113 -0.101842 -0.0996653
0 -0.0452683 -0.0966766 -0.0939528
0 -0.0444221 -0.0915714 -0.0883008
0 -0.0436878 -0.0865508 -0.0827457
0 -0.0430821 -0.0816405 -0.0773249
0 -0.0426204 -0.0768635 -0.0720727
0 -0.0423152 -0.0722375 -0.0670182
0 -0.0421738 -0.0677753 -0.0621835
0 -0.0421996 -0.0634858 -0.0575843
0 -0.0423934 -0.0593757 -0.0532325
0 -0.0427542 -0.0554522 -0.0491375
0 -0.0432794 -0.0517236 -0.0453071
0 -0.043965 -0.0481985 -0.0417473
0 -0.0448053 -0.0448852 -0.0384611
0 -0.0457908 -0.0417907 -0.0354477
0 -0.0469071 -0.0389195 -0.0327026
0 -0.0481365 -0.0362747 -0.030218
0 -0.0494601 -0.0338588 -0.0279846
0 -0.0508587 -0.031674 -0.0259928
0 -0.0523131 -0.0297235 -0.0242339
0 -0.0538048 -0.028011 -0.0227011
0 -0.0553168 -0.0265407 -0.0213888
0 -0.0568319 -0.0253157 -0.0202922
0 -0.0583323 -0.0243367 -0.0194062
0 -0.0597992 -0.0236011 -0.0187242
0 -0.0612125 -0.0231014 -0.0182378
0 -0.0625523 -0.022828 -0.0179393
0 -0.0638007 -0.0227726 -0.017825
0 -0.0649459 -0.0229321 -0.0178976
0 -0.0659817 -0.0233063 -0.0181636
0 -0.0669029 -0.0238946 -0.018629
0 -0.0677007 -0.0246925 -0.0192968
0 -0.0683651 -0.0256908 -0.0201668
0 -0.0688903 -0.0268782 -0.0212375
0 -0.0692748 -0.0282417 -0.0225076
0 -0.069522 -0.029766 -0.0239766
0 -0.0696416 -0.0314349 -0.0256451
0 -0.0696511 -0.033234 -0.0275158
0 -0.0695729 -0.0351514 -0.0295934
0 -0.0694336 -0.037177 -0.0318814
0 -0.069262 -0.0393009 -0.0343787
0 -0.0690866 -0.0415136 -0.0370785
0 -0.068931 -0.043807 -0.039969
0 -0.0688127 -0.046175 -0.0430337
0 -0.0687469 -0.048612 -0.0462511
0 -0.0687471 -0.0511107 -0.0495948
0 -0.0688212 -0.0536644 -0.053035
0 -0.0689718 -0.056269 -0.0565414
0 -0.0692026 -0.0589173 -0.0600838
0 -0.0695198 -0.0616039 -0.0636353
0 -0.0699296 -0.0643336 -0.0671726
0 -0.0704369 -0.0671134 -0.0706754
0 -0.0710443 -0.0699461 -0.0741256
0 -0.0717508 -0.0728327 -0.0775069
0 -0.0725499 -0.0757692 -0.0808031
0 -0.0734281 -0.078744 -0.0839968
0 -0.0743661 -0.0817399 -0.0870713
0 -0.0753427 -0.084737 -0.090013
0 -0.0763372 -0.0877147 -0.0928134
0 -0.0773299 -0.0906523 -0.095469
0 -0.0783018 -0.0935286 -0.0979793
0 -0.0792342 -0.0963212 -0.100346
0 -0.0801087 -0.0990077 -0.102573
0 -0.0809083 -0.101566 -0.104663
0 -0.0816169 -0.103974 -0.106622
0 -0.08222 -0.106213 -0.108452
0 -0.0827051 -0.108264 -0.110157
0 -0.0830617 -0.110112 -0.111739
0 -0.0832822 -0.111744 -0.113199
0 -0.0833624 -0.113152 -0.114538
0 -0.0832997 -0.114332 -0.115754
0 -0.0830925 -0.115278 -0.116841
0 -0.0827397 -0.115988 -0.11779
0 -0.082241 -0.116459 -0.118588
0 -0.081598 -0.11669 -0.119217
0 -0.0808162 -0.116684 -0.119664
0 -0.0799055 -0.116448 -0.119914
0 -0.0788801 -0.11599 -0.119955
0 -0.0777565 -0.115324 -0.119776
0 -0.0765516 -0.11446 -0.119368
0 -0.0752834 -0.11341 -0.118723
0 -0.0739703 -0.112184 -0.117832
0 -0.0726299 -0.110791 -0.116691
0 -0.0712787 -0.109238 -0.115296
0 -0.0699325 -0.107531 -0.113646
0 -0.0686062 -0.105678 -0.111745
0 -0.0673137 -0.103685 -0.109598
0 -0.0660656 -0.101558 -0.107215
0 -0.0648692 -0.0993021 -0.104606
0 -0.0637308 -0.0969244 -0.101788
0 -0.0626574 -0.0944335 -0.0987797
0 -0.0616572 -0.091842 -0.0956054
0 -0.0607407 -0.0891665 -0.0922952
0 -0.0599187 -0.0864248 -0.088881
0 -0.0592011 -0.0836341 -0.0853944
0 -0.0585897 -0.0808099 -0.081865
0 -0.0580739 -0.0779674 -0.0783208
0 -0.0576437 -0.0751243 -0.0747873
0 -0.0572948 -0.072296 -0.0712873
0 -0.0570221 -0.0694913 -0.0678418
0 -0.056818 -0.0667189 -0.0644706
0 -0.0566721 -0.0639874 -0.0611922
0 -0.0565741 -0.0613066 -0.0580237
0 -0.0565163 -0.0586895 -0.0549806
0 -0.0564929 -0.0561463 -0.0520767
0 -0.0564967 -0.053685 -0.0493238
0 -0.056521 -0.0513152 -0.0467318
0 -0.0565614 -0.049047 -0.044309
0 -0.056616 -0.0468901 -0.0420623
0 -0.0566834 -0.0448545 -0.0399964
0 -0.0567616 -0.0429498 -0.0381135
0 -0.0568483 -0.0411843 -0.0364132
0 -0.0569406 -0.0395649 -0.0348928
0 -0.0570344 -0.0380968 -0.033547
0 -0.0571236 -0.0367831 -0.0323681
0 -0.057201 -0.0356243 -0.0313464
0 -0.0572589 -0.0346197 -0.0304714
0 -0.0572902 -0.0337671 -0.0297326
0 -0.0572882 -0.0330636 -0.0291201
0 -0.0572484 -0.032507 -0.0286266
0 -0.0571702 -0.0320967 -0.0282482
0 -0.057056 -0.0318338 -0.027985
0 -0.05691 -0.0317186 -0.0278386
0 -0.0567358 -0.0317481 -0.0278101
0 -0.0565357 -0.031915 -0.0278987
0 -0.056312 -0.0322079 -0.0281027
0 -0.0560677 -0.0326133 -0.0284194
0 -0.0558073 -0.0331161 -0.0288462
0 -0.0555364 -0.033701 -0.0293805
0 -0.0552607 -0.0343521 -0.0300187
0 -0.0549871 -0.035054 -0.030756
0 -0.0547232 -0.0357925 -0.0315869
0 -0.0544779 -0.0365561 -0.0325058
0 -0.0542611 -0.0373366 -0.0335068
0 -0.0540829 -0.0381281 -0.0345826
0 -0.0539523 -0.0389265 -0.0357239
0 -0.0538771 -0.0397293 -0.0369199
0 -0.0538642 -0.0405359 -0.0381584
0 -0.0539191 -0.0413473 -0.0394265
0 -0.0540449 -0.0421647 -0.0407101
0 -0.0542408 -0.0429873 -0.0419929
0 -0.054502 -0.043812 -0.0432567
0 -0.0548211 -0.0446345 -0.0444832
0 -0.0551902 -0.0454512 -0.0456562
0 -0.0556016 -0.0462594 -0.0467616
0 -0.0560472 -0.0470566 -0.0477878
0 -0.0565201 -0.0478412 -0.0487266
0 -0.0570156 -0.0486136 -0.0495748
0 -0.0575311 -0.0493758 -0.0503346
0 -0.0580648 -0.0501296 -0.0510113
0 -0.0586147 -0.0508762 -0.0516127
0 -0.0591779 -0.0516153 -0.0521479
0 -0.0597511 -0.0523456 -0.0526275
0 -0.0603314 -0.0530655 -0.053063
0 -0.0609163 -0.0537738 -0.0534669
0 -0.0615042 -0.0544701 -0.0538522
0 -0.0620943 -0.0551545 -0.0542333
0 -0.0626867 -0.055828 -0.0546246
0 -0.0632812 -0.0564923 -0.0550405
0 -0.063878 -0.0571493 -0.055494
0 -0.064476 -0.057801 -0.0559957
0 -0.065071 -0.0584482 -0.0565526
0 -0.0656568 -0.0590911 -0.0571676
0 -0.0662275 -0.0597301 -0.057841
0 -0.0667782 -0.0603668 -0.0585713
0 -0.0673042 -0.0610036 -0.0593556
0 -0.0678009 -0.0616436 -0.060189
0 -0.068263 -0.0622892 -0.0610648
0 -0.0686857 -0.0629422 -0.0619746
0 -0.0690645 -0.0636037 -0.0629092
0 -0.0693961 -0.0642743 -0.0638589
0 -0.0696777 -0.0649543 -0.0648143
0 -0.0699073 -0.0656428 -0.0657664
0 -0.0700838 -0.0663376 -0.066706
0 -0.0702066 -0.0670352 -0.0676239
0 -0.0702753 -0.0677294 -0.0685101
0 -0.0702877 -0.0684118 -0.0693531
0 -0.0702412 -0.0690718 -0.0701413
0 -0.0701367 -0.0697009 -0.0708671
0 -0.0699819 -0.0702952 -0.0715293
0 -0.0697897 -0.0708548 -0.0721322
0 -0.0695732 -0.0713794 -0.0726807
0 -0.0693431 -0.0718665 -0.0731783
0 -0.0691073 -0.072311 -0.0736258
0 -0.0688719 -0.0727068 -0.0740227
0 -0.0686426 -0.0730482 -0.0743686
0 -0.0684247 -0.0733306 -0.074663
0 -0.0682223 -0.0735499 -0.074905
0 -0.0680386 -0.0737026 -0.0750929
0 -0.0678764 -0.0737862 -0.0752246
0 -0.0677387 -0.0738005 -0.0752994
0 -0.0676293 -0.0737479 -0.0753171
0 -0.0675516 -0.0736319 -0.0752784
0 -0.0675077 -0.0734572 -0.0751832
0 -0.0674982 -0.073229 -0.075031
0 -0.0675224 -0.0729528 -0.0748212
0 -0.0675789 -0.0726353 -0.0745536
0 -0.067665 -0.0722832 -0.0742285
0 -0.0677773 -0.0719034 -0.0738468
0 -0.0679109 -0.0715019 -0.0734097
0 -0.0680595 -0.0710834 -0.0729183
0 -0.068215 -0.070651 -0.0723735
0 -0.0683688 -0.0702066 -0.0717772
0 -0.0685128 -0.0697519 -0.0711327
0 -0.0686406 -0.0692892 -0.0704461
0 -0.0687492 -0.068823 -0.0697269
0 -0.0688385 -0.0683595 -0.0689884
0 -0.06891 -0.0679055 -0.0682453
0 -0.0689656 -0.0674674 -0.067512
0 -0.0690071 -0.0670509 -0.0668019
0 -0.0690352 -0.0666593 -0.0661265
0 -0.0690494 -0.0662936 -0.0654957
0 -0.069048 -0.0659533 -0.0649172
0 -0.069029 -0.0656371 -0.064397
0 -0.0689891 -0.0653423 -0.0639385
0 -0.0689244 -0.0650648 -0.0635423
0 -0.0688287 -0.0647979 -0.0632052
0 -0.0686926 -0.0645322 -0.0629186
0 -0.0685054 -0.0642561 -0.0626705
0 -0.06826 -0.0639615 -0.0624495
0 -0.0679562 -0.0636463 -0.0622493
0 -0.0675998 -0.063314 -0.062067
0 -0.0671985 -0.062969 -0.0619004
0 -0.0667594 -0.0626149 -0.0617452
0 -0.0662899 -0.0622546 -0.0615964
0 -0.0657978 -0.0618912 -0.0614487
0 -0.0652913 -0.0615272 -0.0612973
0 -0.0647768 -0.0611635 -0.0611362
0 -0.0642582 -0.0607979 -0.0609569
0 -0.0637373 -0.0604265 -0.0607496
0 -0.0632171 -0.0600453 -0.0605051
0 -0.0627021 -0.0596519 -0.060217
0 -0.0621982 -0.0592458 -0.059882
0 -0.0617123 -0.0588268 -0.0594988
0 -0.0612502 -0.0583944 -0.0590669
0 -0.0608165 -0.0579476 -0.0585866
0 -0.0604163 -0.0574853 -0.0580595
0 -0.0600545 -0.0570078 -0.0574891
0 -0.0597361 -0.0565164 -0.0568809
0 -0.0594663 -0.0560136 -0.0562416
0 -0.0592492 -0.0555021 -0.0555785
0 -0.0590874 -0.054985 -0.0548985
0 -0.0589825 -0.0544654 -0.0542086
0 -0.0589351 -0.0539476 -0.0535159
0 -0.0589452 -0.0534363 -0.052828
0 -0.0590111 -0.0529372 -0.0521523
0 -0.0591305 -0.0524557 -0.0514964
0 -0.0592997 -0.0519976 -0.0508678
0 -0.0595138 -0.0515687 -0.0502733
0 -0.0597669 -0.0511757 -0.0497198
0 -0.0600525 -0.050825 -0.0492139
0 -0.0603642 -0.0505226 -0.0487618
0 -0.0606955 -0.0502745 -0.0483698
0 -0.0610402 -0.0500861 -0.0480439
0 -0.0613912 -0.0499612 -0.0477889
0 -0.0617406 -0.0499018 -0.0476076
0 -0.0620798 -0.0499075 -0.0475016
0 -0.0624006 -0.049977 -0.0474712
0 -0.0626955 -0.0501082 -0.0475167
0 -0.0629577 -0.0502979 -0.0476371
0 -0.0631805 -0.0505414 -0.04783
0 -0.0633583 -0.0508332 -0.0480925
0 -0.0634883 -0.0511691 -0.0484227
0 -0.0635713 -0.0515466 -0.0488205
0 -0.0636117 -0.0519645 -0.0492868
0 -0.0636145 -0.0524218 -0.049822
0 -0.0635856 -0.0529161 -0.0504249
0 -0.0635303 -0.053444 -0.0510923
0 -0.0634532 -0.0540007 -0.0518187
0 -0.0633588 -0.0545807 -0.0525969
0 -0.0632524 -0.0551789 -0.0534192
0 -0.0631408 -0.0557919 -0.0542788
0 -0.0630324 -0.0564184 -0.0551699
0 -0.0629359 -0.0570577 -0.0560868
0 -0.0628589 -0.0577092 -0.0570234
0 -0.0628066 -0.058371 -0.0579714
0 -0.0627828 -0.0590399 -0.0589214
0 -0.0627895 -0.0597118 -0.0598635
0 -0.0628294 -0.0603851 -0.06079
0 -0.0629077 -0.0610614 -0.0616966
0 -0.063031 -0.0617432 -0.0625812
0 -0.0632051 -0.062433 -0.0634429
0 -0.0634332 -0.0631322 -0.0642794
0 -0.063715 -0.0638391 -0.0650871
0 -0.0640469 -0.0645492 -0.0658612
0 -0.0644233 -0.0652572 -0.0665969
0 -0.0648381 -0.0659577 -0.0672908
0 -0.0652843 -0.0666457 -0.0679409
0 -0.0657548 -0.0673157 -0.0685458
0 -0.0662417 -0.0679623 -0.0691049
0 -0.0667361 -0.0685797 -0.069618
0 -0.0672285 -0.0691625 -0.0700854
0 -0.0677109 -0.0697059 -0.0705085
0 -0.0681779 -0.0702076 -0.0708908
0 -0.0686263 -0.0706678 -0.0712382
0 -0.069054 -0.071089 -0.0715579
0 -0.0694586 -0.0714731 -0.0718557
0 -0.0698358 -0.0718201 -0.0721347
0 -0.0701786 -0.0721273 -0.0723941
0 -0.0704785 -0.0723908 -0.0726309
0 -0.0707277 -0.072607 -0.0728416
0 -0.0709209 -0.0727743 -0.0730237
0 -0.0710566 -0.0728939 -0.0731772
0 -0.0711371 -0.0729705 -0.0733044
0 -0.0711672 -0.0730108 -0.0734095
0 -0.0711525 -0.0730214 -0.0734961
0 -0.071099 -0.0730087 -0.0735671
0 -0.0710128 -0.0729782 -0.0736245
0 -0.0708983 -0.0729337 -0.0736684
0 -0.0707576 -0.0728756 -0.073696
0 -0.0705906 -0.0728017 -0.0737018
0 -0.0703978 -0.0727098 -0.0736812
0 -0.0701824 -0.0725997 -0.0736319
0 -0.0699495 -0.0724724 -0.0735537
0 -0.0697042 -0.0723286 -0.0734467
0 -0.0694498 -0.0721673 -0.0733093
0 -0.0691874 -0.0719846 -0.0731383
0 -0.0689174 -0.0717762 -0.0729301
0 -0.0686415 -0.071539 -0.0726827
0 -0.0683649 -0.0712738 -0.0723982
0 -0.0680961 -0.070985 -0.0720825
0 -0.0678435 -0.0706775 -0.0717419
0 -0.0676117 -0.0703534 -0.0713799
0 -0.0674012 -0.0700115 -0.0709963
0 -0.0672102 -0.0696493 -0.0705894
0 -0.067037 -0.0692652 -0.0701581
0 -0.06688 -0.0688587 -0.0697019
0 -0.0667363 -0.0684289 -0.0692199
0 -0.0666011 -0.0679739 -0.0687096
0 -0.0664674 -0.06749 -0.0681669
0 -0.0663274 -0.0669731 -0.0675866
0 -0.066173 -0.0664189 -0.0669639
0 -0.0659976 -0.0658248 -0.0662952
0 -0.0657977 -0.0651911 -0.0655802
0 -0.0655735 -0.0645218 -0.0648225
0 -0.0653276 -0.0638229 -0.0640278
0 -0.0650635 -0.0631009 -0.0632024
0 -0.0647844 -0.0623609 -0.0623518
0 -0.0644923 -0.0616069 -0.0614808
0 -0.0641886 -0.0608416 -0.060593
0 -0.063874 -0.060067 -0.0596921
0 -0.0635504 -0.0592851 -0.0587817
0 -0.0632205 -0.0584985 -0.0578658
0 -0.0628872 -0.0577113 -0.0569505
0 -0.0625554 -0.0569307 -0.0560445
0 -0.0622336 -0.0561663 -0.0551591
0 -0.0619316 -0.0554287 -0.0543065
0 -0.0616582 -0.0547286 -0.0534982
0 -0.0614206 -0.0540755 -0.0527446
0 -0.0612242 -0.0534769 -0.0520534
0 -0.0610716 -0.0529381 -0.0514304
0 -0.0609639 -0.0524632 -0.0508796
0 -0.0609018 -0.0520564 -0.0504051
0 -0.060885 -0.0517207 -0.0500098
0 -0.0609112 -0.0514579 -0.0496951
0 -0.0609761 -0.0512674 -0.0494602
0 -0.0610744 -0.0511483 -0.0493033
0 -0.0612022 -0.0511001 -0.0492238
0 -0.0613569 -0.0511242 -0.0492228
0 -0.0615377 -0.0512231 -0.0493024
0 -0.0617435 -0.0513987 -0.0494646
0 -0.0619721 -0.0516514 -0.0497101
0 -0.0622198 -0.0519793 -0.0500374
0 -0.0624825 -0.0523795 -0.0504446
0 -0.0627555 -0.0528478 -0.0509282
0 -0.0630318 -0.0533768 -0.051482
0 -0.0633013 -0.0539545 -0.0520957
0 -0.0635515 -0.0545665 -0.0527559
0 -0.0637716 -0.0551983 -0.0534498
0 -0.0639547 -0.0558386 -0.0541673
0 -0.0640987 -0.05648 -0.0549019
0 -0.0642047 -0.0571174 -0.0556493
0 -0.0642752 -0.0577463 -0.0564052
0 -0.0643132 -0.0583629 -0.0571654
0 -0.0643218 -0.0589632 -0.0579252
0 -0.0643033 -0.0595427 -0.0586784
0 -0.0642592 -0.0600963 -0.059417
0 -0.0641904 -0.0606182 -0.0601322
0 -0.0640978 -0.061103 -0.0608152
0 -0.0639828 -0.061546 -0.0614578
0 -0.0638477 -0.0619425 -0.0620519
0 -0.0636949 -0.0622882 -0.06259
0 -0.0635273 -0.0625793 -0.063065
0 -0.0633482 -0.0628129 -0.0634703
0 -0.0631617 -0.0629876 -0.0638006
0 -0.0629735 -0.0631041 -0.0640529
0 -0.0627909 -0.0631652 -0.0642267
0 -0.0626216 -0.0631749 -0.0643235
0 -0.0624726 -0.0631374 -0.0643451
0 -0.0623493 -0.0630564 -0.064294
0 -0.0622563 -0.0629355 -0.0641734
0 -0.0621965 -0.062778 -0.0639864
0 -0.0621711 -0.0625862 -0.0637366
0 -0.06218 -0.0623626 -0.0634276
0 -0.0622239 -0.062111 -0.0630654
0 -0.0623044 -0.0618377 -0.0626588
0 -0.0624237 -0.0615507 -0.0622185
0 -0.0625823 -0.061257 -0.0617547
0 -0.0627767 -0.0609612 -0.0612753
0 -0.0630002 -0.0606652 -0.0607851
0 -0.0632444 -0.06037 -0.0602881
0 -0.0635027 -0.0600776 -0.0597895
0 -0.0637708 -0.0597916 -0.0592969
0 -0.0640446 -0.0595166 -0.0588184
0 -0.0643185 -0.0592559 -0.058361
0 -0.0645846 -0.0590108 -0.0579292
0 -0.0648345 -0.0587812 -0.0575263
0 -0.0650606 -0.0585669 -0.0571549
0 -0.0652557 -0.058368 -0.0568173
0 -0.0654123 -0.0581836 -0.0565142
0 -0.0655227 -0.0580109 -0.0562445
0 -0.0655798 -0.0578463 -0.056006
0 -0.0655777 -0.0576866 -0.0557964
0 -0.0655134 -0.0575294 -0.055614
0 -0.0653871 -0.0573742 -0.0554585
0 -0.0652022 -0.0572225 -0.055331
0 -0.0649641 -0.0570761 -0.0552324
0 -0.0646793 -0.0569367 -0.0551631
0 -0.064355 -0.0568055 -0.0551226
0 -0.063999 -0.0566838 -0.05511
0 -0.06362 -0.0565724 -0.0551239
0 -0.0632267 -0.0564721 -0.0551625
0 -0.062828 -0.0563833 -0.0552232
0 -0.0624324 -0.0563062 -0.0553031
0 -0.0620483 -0.0562411 -0.0553989
0 -0.0616836 -0.0561885 -0.0555071
0 -0.0613456 -0.0561486 -0.0556241
0 -0.0610406 -0.0561214 -0.0557461
0 -0.0607739 -0.0561061 -0.0558694
0 -0.0605499 -0.0561023 -0.0559905
0 -0.0603711 -0.0561085 -0.0561055
0 -0.0602371 -0.056121 -0.0562082
0 -0.0601444 -0.0561343 -0.0562909
0 -0.060088 -0.0561422 -0.0563455
0 -0.0600639 -0.05614 -0.0563664
0 -0.0600709 -0.0561267 -0.0563519
0 -0.06011 -0.0561039 -0.0563039
0 -0.0601819 -0.0560744 -0.0562261
0 -0.0602848 -0.0560385 -0.0561202
0 -0.060413 -0.0559935 -0.0559854
0 -0.0605582 -0.0559343 -0.0558192
0 -0.0607125 -0.0558569 -0.05562
0 -0.0608706 -0.0557603 -0.0553895
0 -0.0610294 -0.055646 -0.0551321
0 -0.0611866 -0.0555162 -0.0548534
0 -0.0613392 -0.0553727 -0.0545586
0 -0.0614836 -0.0552167 -0.0542526
0 -0.0616167 -0.0550495 -0.0539404
0 -0.0617358 -0.0548728 -0.0536272
0 -0.0618384 -0.0546889 -0.0533177
0 -0.0619227 -0.0545002 -0.0530167
0 -0.0619883 -0.0543102 -0.0527298
0 -0.0620372 -0.0541245 -0.052464
0 -0.0620732 -0.0539505 -0.0522276
0 -0.0621012 -0.0537959 -0.0520287
0 -0.0621255 -0.0536678 -0.0518741
0 -0.0621488 -0.0535709 -0.0517682
0 -0.0621703 -0.0535068 -0.0517111
0 -0.0621867 -0.0534736 -0.0516995
0 -0.0621938 -0.0534682 -0.0517285
0 -0.0621881 -0.0534877 -0.0517933
0 -0.062168 -0.0535301 -0.0518901
0 -0.0621343 -0.0535955 -0.0520168
0 -0.0620915 -0.0536867 -0.0521747
0 -0.0620469 -0.0538088 -0.0523672
0 -0.0620085 -0.0539671 -0.0525982
0 -0.061983 -0.0541652 -0.0528703
0 -0.0619742 -0.0544033 -0.0531827
0 -0.0619821 -0.0546778 -0.0535316
0 -0.0620048 -0.0549832 -0.0539108
0 -0.0620402 -0.0553133 -0.0543139
0 -0.0620862 -0.0556624 -0.0547353
0 -0.0621409 -0.0560252 -0.0551694
0 -0.0622025 -0.0563961 -0.0556105
0 -0.0622683 -0.0567692 -0.0560529
0 -0.0623361 -0.057139 -0.056491
0 -0.0624044 -0.0575013 -0.0569203
0 -0.0624741 -0.0578543 -0.0573389
0 -0.0625488 -0.0581991 -0.0577475
0 -0.0626325 -0.058538 -0.0581482
0 -0.0627297 -0.0588736 -0.0585431
0 -0.0628428 -0.0592071 -0.058933
0 -0.0629721 -0.0595379 -0.0593168
0 -0.0631153 -0.0598639 -0.0596919
0 -0.0632697 -0.060182 -0.0600548
0 -0.0634322 -0.0604897 -0.0604023
0 -0.0636001 -0.0607851 -0.0607324
0 -0.0637717 -0.0610677 -0.0610439
0 -0.0639464 -0.0613378 -0.0613371
0 -0.0641237 -0.0615961 -0.0616125
0 -0.0643031 -0.0618435 -0.0618708
0 -0.0644835 -0.0620804 -0.0621126
0 -0.0646635 -0.0623071 -0.0623384
0 -0.0648408 -0.0625233 -0.0625483
0 -0.0650125 -0.0627274 -0.0627413
0 -0.0651746 -0.0629171 -0.0629157
0 -0.0653233 -0.0630899 -0.0630698
0 -0.0654555 -0.0632442 -0.0632028
0 -0.0655691 -0.0633788 -0.0633145
0 -0.0656629 -0.0634933 -0.0634058
0 -0.0657364 -0.0635876 -0.0634772
0 -0.0657888 -0.0636611 -0.0635295
0 -0.0658197 -0.0637135 -0.0635632
0 -0.065829 -0.0637443 -0.0635788
0 -0.065817 -0.0637532 -0.0635769
0 -0.0657843 -0.0637402 -0.0635576
0 -0.0657315 -0.0637049 -0.0635213
0 -0.0656595 -0.0636473 -0.063468
0 -0.0655695 -0.0635673 -0.0633976
0 -0.0654628 -0.0634651 -0.06331
0 -0.0653409 -0.0633409 -0.0632048
0 -0.0652053 -0.0631949 -0.0630815
0 -0.0650572 -0.0630272 -0.0629391
0 -0.0648967 -0.0628365 -0.0627755
0 -0.0647229 -0.062621 -0.0625873
0 -0.0645347 -0.0623782 -0.0623707
0 -0.0643308 -0.062106 -0.0621221
0 -0.0641109 -0.0618028 -0.0618387
0 -0.0638763 -0.0614687 -0.0615191
0 -0.0636297 -0.0611055 -0.0611637
0 -0.0633748 -0.0607159 -0.0607742
0 -0.0631153 -0.0603027 -0.0603523
0 -0.0628546 -0.0598681 -0.0598997
0 -0.0625956 -0.0594138 -0.0594173
0 -0.0623389 -0.05894 -0.0589052
0 -0.0620839 -0.0584456 -0.0583623
0 -0.0618288 -0.0579289 -0.0577871
0 -0.0615718 -0.0573882 -0.0571783
0 -0.0613117 -0.0568223 -0.0565352
0 -0.0610476 -0.0562307 -0.0558579
0 -0.0607796 -0.0556144 -0.055148
0 -0.0605097 -0.0549763 -0.0544091
0 -0.0602407 -0.05432 -0.0536459
0 -0.0599752 -0.0536493 -0.0528634
0 -0.0597152 -0.0529681 -0.0520664
0 -0.0594629 -0.0522801 -0.0512601
0 -0.0592205 -0.0515896 -0.0504498
0 -0.0589897 -0.050901 -0.0496408
0 -0.0587714 -0.0502182 -0.0488378
0 -0.0585649 -0.0495438 -0.0480439
0 -0.0583684 -0.048879 -0.0472614
0 -0.05818 -0.0482253 -0.0464925
0 -0.0579991 -0.0475854 -0.0457408
0 -0.0578274 -0.0469643 -0.0450121
0 -0.0576678 -0.0463679 -0.044313
0 -0.0575215 -0.0458009 -0.0436487
0 -0.0573876 -0.0452654 -0.0430218
0 -0.0572638 -0.0447619 -0.0424332
0 -0.0571477 -0.0442907 -0.0418838
0 -0.0570381 -0.0438532 -0.0413753
0 -0.0569348 -0.0434513 -0.0409098
0 -0.0568376 -0.0430865 -0.0404892
0 -0.0567455 -0.0427597 -0.0401145
0 -0.0566567 -0.0424699 -0.0397849
0 -0.0565687 -0.0422157 -0.0394989
0 -0.0564806 -0.0419964 -0.0392559
0 -0.056396 -0.0418159 -0.0390597
0 -0.0563257 -0.0416846 -0.0389206
0 -0.0562834 -0.0416161 -0.038852
0 -0.0562801 -0.0416212 -0.0388644
0 -0.0563209 -0.0417048 -0.0389625
0 -0.0564064 -0.0418675 -0.0391465
0 -0.0565349 -0.0421076 -0.0394144
0 -0.0567025 -0.0424215 -0.0397624
0 -0.0569033 -0.0428032 -0.0401843
0 -0.0571306 -0.0432462 -0.0406733
0 -0.0573811 -0.0437472 -0.0412263
0 -0.0576576 -0.0443087 -0.0418457
0 -0.0579672 -0.0449377 -0.0425385
0 -0.0583177 -0.0456417 -0.0433125
0 -0.0587139 -0.0464255 -0.0441728
0 -0.0591571 -0.0472905 -0.0451206
0 -0.0596461 -0.0482355 -0.0461552
0 -0.0601788 -0.0492587 -0.0472749
0 -0.0607534 -0.0503584 -0.0484781
0 -0.0613669 -0.0515317 -0.0497623
0 -0.0620135 -0.0527726 -0.0511217
0 -0.0626847 -0.0540719 -0.0525469
0 -0.0633705 -0.0554183 -0.0540271
0 -0.0640616 -0.0568009 -0.0555513
0 -0.0647515 -0.0582097 -0.0571096
0 -0.0654348 -0.0596371 -0.0586941
0 -0.066105 -0.0610787 -0.0602993
0 -0.0667584 -0.0625327 -0.0619221
0 -0.0673958 -0.0639979 -0.0635602
0 -0.0680182 -0.0654729 -0.0652109
0 -0.0686255 -0.0669557 -0.0668715
0 -0.0692177 -0.0684437 -0.0685391
0 -0.0697929 -0.0699327 -0.0702099
0 -0.0703487 -0.071416 -0.0718773
0 -0.0708818 -0.0728858 -0.0735328
0 -0.0713877 -0.074334 -0.0751669
0 -0.0718627 -0.0757531 -0.0767712
0 -0.0723048 -0.0771373 -0.0783382
0 -0.072713 -0.0784813 -0.0798611
0 -0.0730866 -0.0797799 -0.0813331
0 -0.0734252 -0.0810286 -0.0827483
0 -0.0737289 -0.0822238 -0.0841014
0 -0.0739986 -0.0833622 -0.0853877
0 -0.0742351 -0.0844403 -0.0866027
0 -0.0744386 -0.0854545 -0.0877417
0 -0.074609 -0.0864008 -0.0888
0 -0.0747461 -0.087275 -0.0897731
0 -0.0748496 -0.0880732 -0.0906567
0 -0.0749196 -0.0887916 -0.0914471
0 -0.0749559 -0.0894264 -0.092141
0 -0.0749584 -0.089974 -0.0927355
0 -0.0749273 -0.0904309 -0.0932278
0 -0.0748633 -0.0907942 -0.0936162
0 -0.0747691 -0.0910631 -0.093901
0 -0.0746501 -0.0912396 -0.0940854
0 -0.0745139 -0.0913277 -0.0941746
0 -0.0743676 -0.0913316 -0.094174
0 -0.0742155 -0.0912531 -0.0940865
0 -0.0740587 -0.091091 -0.0939116
0 -0.0738957 -0.0908428 -0.0936474
0 -0.0737251 -0.0905072 -0.0932926
0 -0.0735479 -0.0900865 -0.0928484
0 -0.0733666 -0.0895853 -0.0923181
0 -0.073183 -0.0890091 -0.0917049
0 -0.0729978 -0.0883632 -0.0910121
0 -0.0728108 -0.0876531 -0.0902423
0 -0.072621 -0.0868841 -0.0893987
0 -0.072427 -0.0860616 -0.0884842
0 -0.0722265 -0.0851909 -0.0875022
0 -0.072017 -0.0842768 -0.0864564
0 -0.0717959 -0.0833242 -0.0853509
0 -0.0715604 -0.0823375 -0.0841905
0 -0.0713068 -0.0813197 -0.0829793
0 -0.0710297 -0.0802715 -0.0817203
0 -0.0707222 -0.0791919 -0.0804151
0 -0.0703774 -0.0780783 -0.079065
0 -0.0699894 -0.0769289 -0.0776723
0 -0.0695552 -0.0757433 -0.0762413
0 -0.0690747 -0.0745234 -0.0747784
0 -0.0685502 -0.0732732 -0.0732911
0 -0.0679844 -0.0719959 -0.0717859
0 -0.0673779 -0.0706917 -0.0702662
0 -0.06673 -0.0693576 -0.068733
0 -0.0660406 -0.0679902 -0.0671862
0 -0.0653106 -0.0665885 -0.0656271
0 -0.0645446 -0.065155 -0.0640597
0 -0.0637529 -0.0636949 -0.0624901
0 -0.0629443 -0.0622138 -0.0609233
0 -0.0621201 -0.0607145 -0.0593604
0 -0.0612798 -0.0591974 -0.0577989
0 -0.0604247 -0.0576624 -0.0562349
0 -0.0595575 -0.0561109 -0.0546654
0 -0.0586829 -0.0545461 -0.0530887
0 -0.0578072 -0.0529732 -0.0515054
0 -0.0569378 -0.0513988 -0.0499172
0 -0.0560821 -0.0498291 -0.0483262
0 -0.0552467 -0.0482703 -0.0467344
0 -0.0544375 -0.0467274 -0.0451437
0 -0.053659 -0.045205 -0.0435556
0 -0.0529157 -0.0437071 -0.0419726
0 -0.0522117 -0.0422379 -0.040398
0 -0.0515515 -0.040802 -0.0388364
0 -0.0509396 -0.0394042 -0.037294
0 -0.0503798 -0.038049 -0.0357774
0 -0.0498757 -0.0367406 -0.0342936
0 -0.0494302 -0.0354828 -0.03285
0 -0.0490455 -0.034279 -0.0314542
0 -0.0487235 -0.0331327 -0.0301141
0 -0.0484654 -0.0320472 -0.0288372
0 -0.0482719 -0.0310253 -0.027631
0 -0.0481432 -0.0300702 -0.0265026
0 -0.048079 -0.0291849 -0.0254587
0 -0.0480786 -0.0283727 -0.0245057
0 -0.0481404 -0.0276369 -0.0236491
0 -0.0482623 -0.0269809 -0.0228935
0 -0.0484412 -0.0264077 -0.0222427
0 -0.0486736 -0.0259208 -0.0216998
0 -0.0489552 -0.0255233 -0.021267
0 -0.0492814 -0.0252185 -0.0209459
0 -0.049646 -0.0250084 -0.0207361
0 -0.050041 -0.0248934 -0.0206354
0 -0.050457 -0.0248725 -0.0206397
0 -0.0508846 -0.0249444 -0.0207445
0 -0.0513146 -0.0251078 -0.0209455
0 -0.051739 -0.0253619 -0.0212388
0 -0.0521503 -0.0257058 -0.021621
0 -0.0525419 -0.0261385 -0.0220891
0 -0.0529079 -0.0266578 -0.0226401
0 -0.0532427 -0.0272602 -0.0232706
0 -0.0535413 -0.0279397 -0.0239765
0 -0.0537992 -0.0286878 -0.0247524
0 -0.0540135 -0.0294952 -0.0255933
0 -0.0541844 -0.0303533 -0.0264958
0 -0.0543165 -0.031256 -0.0274592
0 -0.054417 -0.0321982 -0.0284842
0 -0.0544941 -0.0331749 -0.0295705
0 -0.0545556 -0.0341798 -0.0307162
0 -0.0546086 -0.035206 -0.0319173
0 -0.0546602 -0.0362471 -0.0331686
0 -0.0547179 -0.0372976 -0.0344645
0 -0.0547889 -0.0383531 -0.0357981
0 -0.05488 -0.0394098 -0.0371616
0 -0.0549977 -0.0404655 -0.038547
0 -0.0551494 -0.0415202 -0.0399474
0 -0.0553424 -0.0425759 -0.0413567
0 -0.0555841 -0.0436354 -0.0427696
0 -0.0558799 -0.0447021 -0.0441807
0 -0.0562332 -0.0457793 -0.0455843
0 -0.0566444 -0.0468684 -0.046974
0 -0.0571116 -0.0479689 -0.0483425
0 -0.0576309 -0.0490806 -0.0496819
0 -0.0581979 -0.0502028 -0.0509856
0 -0.0588082 -0.051334 -0.0522485
0 -0.0594578 -0.0524724 -0.0534673
0 -0.0601436 -0.0536166 -0.0546411
0 -0.060862 -0.0547656 -0.0557713
0 -0.0616068 -0.0559183 -0.0568619
0 -0.0623724 -0.0570733 -0.0579179
0 -0.0631551 -0.0582287 -0.0589458
0 -0.0639503 -0.059382 -0.0599518
0 -0.0647517 -0.0605298 -0.0609423
0 -0.0655526 -0.0616677 -0.0619221
0 -0.0663448 -0.0627904 -0.0628948
0 -0.067119 -0.0638926 -0.0638633
0 -0.0678672 -0.0649692 -0.0648298
0 -0.0685824 -0.0660159 -0.0657963
0 -0.069258 -0.0670289 -0.0667636
0 -0.0698873 -0.0680043 -0.0677316
0 -0.0704643 -0.068939 -0.068699
0 -0.0709838 -0.0698303 -0.0696631
0 -0.0714414 -0.070676 -0.0706205
0 -0.0718338 -0.0714747 -0.0715666
0 -0.0721591 -0.072226 -0.0724971
0 -0.072418 -0.0729318 -0.0734081
0 -0.0726133 -0.0735955 -0.0742967
0 -0.0727492 -0.0742216 -0.0751593
0 -0.0728292 -0.0748131 -0.0759911
0 -0.0728556 -0.0753711 -0.0767852
0 -0.0728292 -0.0758948 -0.0775329
0 -0.0727507 -0.0763821 -0.0782255
0 -0.0726223 -0.0768311 -0.0788552
0 -0.0724481 -0.077241 -0.0794169
0 -0.072235 -0.0776126 -0.0799083
0 -0.0719919 -0.0779479 -0.0803299
0 -0.0717283 -0.0782485 -0.0806837
0 -0.0714532 -0.0785156 -0.0809723
0 -0.0711753 -0.0787493 -0.0811988
0 -0.0709016 -0.0789487 -0.081366
0 -0.0706378 -0.0791113 -0.0814764
0 -0.0703882 -0.0792336 -0.0815318
0 -0.0701563 -0.0793119 -0.0815341
0 -0.069945 -0.0793431 -0.0814855
0 -0.0697575 -0.0793246 -0.0813886
0 -0.0695971 -0.0792554 -0.081247
0 -0.0694675 -0.0791359 -0.0810648
0 -0.0693721 -0.0789679 -0.0808464
0 -0.0693133 -0.0787542 -0.0805961
0 -0.0692922 -0.0784986 -0.080317
0 -0.0693087 -0.0782053 -0.0800117
0 -0.0693599 -0.0778784 -0.0796807
0 -0.06944 -0.0775204 -0.0793223
0 -0.0695398 -0.0771321 -0.0789322
0 -0.0696492 -0.0767142 -0.0785056
0 -0.0697578 -0.0762675 -0.0780378
0 -0.0698562 -0.0757939 -0.077526
0 -0.0699369 -0.075297 -0.0769694
0 -0.0699944 -0.0747813 -0.07637
0 -0.0700248 -0.074252 -0.0757312
0 -0.0700246 -0.0737135 -0.0750575
0 -0.0699908 -0.073169 -0.0743536
0 -0.0699198 -0.07262 -0.073624
0 -0.0698079 -0.072066 -0.0728728
0 -0.0696508 -0.0715046 -0.0721032
0 -0.0694453 -0.0709329 -0.0713185
0 -0.0691892 -0.0703478 -0.0705223
0 -0.0688823 -0.0697469 -0.0697183
0 -0.0685264 -0.0691288 -0.0689112
0 -0.0681255 -0.0684934 -0.0681062
0 -0.0676846 -0.0678409 -0.0673087
0 -0.0672095 -0.0671719 -0.0665234
0 -0.0667065 -0.0664866 -0.0657542
0 -0.0661817 -0.0657861 -0.0650038
0 -0.0656417 -0.0650718 -0.0642743
0 -0.0650935 -0.0643458 -0.0635666
0 -0.0645442 -0.0636108 -0.0628807
0 -0.0640001 -0.0628699 -0.0622157
0 -0.0634664 -0.0621267 -0.06157
0 -0.062948 -0.0613847 -0.0609409
0 -0.0624491 -0.0606467 -0.0603245
0 -0.0619712 -0.0599137 -0.0597145
0 -0.0615142 -0.0591851 -0.0591037
0 -0.061077 -0.0584599 -0.0584842
0 -0.0606585 -0.0577381 -0.0578495
0 -0.0602586 -0.0570209 -0.0571954
0 -0.059879 -0.0563111 -0.0565196
0 -0.0595222 -0.0556115 -0.0558215
0 -0.0591901 -0.0549246 -0.0551017
0 -0.0588841 -0.0542523 -0.0543611
0 -0.0586054 -0.053596 -0.0536021
0 -0.0583551 -0.0529572 -0.0528279
0 -0.0581347 -0.052338 -0.0520433
0 -0.057946 -0.0517408 -0.0512546
0 -0.0577904 -0.0511683 -0.0504688
0 -0.0576676 -0.050621 -0.0496925
0 -0.0575747 -0.0500973 -0.0489308
0 -0.0575072 -0.0495934 -0.0481876
0 -0.0574597 -0.049106 -0.0474664
0 -0.0574278 -0.0486326 -0.0467712
0 -0.0574083 -0.0481723 -0.0461078
0 -0.057401 -0.0477274 -0.0454839
0 -0.0574076 -0.0473029 -0.0449089
0 -0.0574299 -0.0469043 -0.0443913
0 -0.0574675 -0.0465356 -0.0439366
0 -0.0575186 -0.0461997 -0.0435477
0 -0.0575811 -0.0458999 -0.0432265
0 -0.0576532 -0.0456395 -0.0429737
0 -0.0577318 -0.0454214 -0.0427884
0 -0.0578128 -0.0452468 -0.0426673
0 -0.0578913 -0.045116 -0.0426055
0 -0.0579627 -0.0450291 -0.042598
0 -0.0580231 -0.0449863 -0.0426396
0 -0.0580696 -0.0449878 -0.0427258
0 -0.0581004 -0.0450338 -0.0428525
0 -0.0581146 -0.0451241 -0.0430162
0 -0.0581125 -0.0452584 -0.0432142
0 -0.0580953 -0.0454359 -0.0434446
0 -0.0580652 -0.0456546 -0.0437054
0 -0.0580244 -0.0459119 -0.0439954
0 -0.057976 -0.0462044 -0.0443133
0 -0.057923 -0.046528 -0.0446579
0 -0.0578689 -0.0468783 -0.0450284
0 -0.0578173 -0.0472505 -0.0454237
0 -0.057772 -0.04764 -0.0458428
0 -0.0577366 -0.0480421 -0.0462845
0 -0.0577145 -0.0484526 -0.0467471
0 -0.0577088 -0.0488673 -0.0472287
0 -0.0577222 -0.0492828 -0.0477268
0 -0.0577569 -0.049696 -0.0482387
0 -0.0578153 -0.0501053 -0.0487616
0 -0.0579003 -0.0505107 -0.0492939
0 -0.0580153 -0.050914 -0.0498344
0 -0.0581626 -0.0513175 -0.0503817
0 -0.0583429 -0.0517228 -0.0509328
0 -0.0585537 -0.0521296 -0.0514827
0 -0.0587912 -0.0525367 -0.0520256
0 -0.0590507 -0.0529429 -0.0525559
0 -0.0593277 -0.0533469 -0.0530686
0 -0.0596174 -0.0537479 -0.0535596
0 -0.0599147 -0.0541445 -0.0540249
0 -0.0602144 -0.054535 -0.0544611
0 -0.0605117 -0.0549181 -0.0548658
0 -0.0608035 -0.0552932 -0.0552386
0 -0.0610884 -0.0556616 -0.0555817
0 -0.0613671 -0.0560254 -0.0558993
0 -0.06164 -0.0563869 -0.0561963
0 -0.061908 -0.0567479 -0.056478
0 -0.0621719 -0.0571095 -0.0567495
0 -0.062432 -0.0574728 -0.0570165
0 -0.062689 -0.0578385 -0.0572845
0 -0.0629432 -0.058207 -0.0575587
0 -0.0631947 -0.0585784 -0.0578443
0 -0.0634433 -0.0589529 -0.0581458
0 -0.0636894 -0.0593307 -0.0584677
0 -0.0639336 -0.0597126 -0.0588137
0 -0.0641758 -0.0600991 -0.0591863
0 -0.0644151 -0.0604897 -0.0595867
0 -0.064649 -0.0608834 -0.0600137
0 -0.0648748 -0.0612783 -0.060465
0 -0.0650895 -0.0616732 -0.0609375
0 -0.0652909 -0.062067 -0.0614277
0 -0.0654772 -0.062459 -0.0619318
0 -0.0656467 -0.0628486 -0.0624453
0 -0.0657978 -0.0632351 -0.0629638
0 -0.0659296 -0.0636176 -0.0634827
0 -0.0660414 -0.0639953 -0.0639982
0 -0.0661338 -0.064368 -0.0645063
0 -0.0662076 -0.0647353 -0.0650038
0 -0.066264 -0.065097 -0.0654873
0 -0.0663048 -0.0654525 -0.0659537
0 -0.0663321 -0.0658014 -0.0664005
0 -0.066349 -0.0661437 -0.0668262
0 -0.0663596 -0.06648 -0.0672307
0 -0.0663683 -0.066811 -0.0676146
0 -0.0663794 -0.067137 -0.0679792
0 -0.0663963 -0.0674575 -0.068325
0 -0.066421 -0.0677706 -0.0686521
0 -0.0664542 -0.0680736 -0.0689598
0 -0.0664963 -0.0683636 -0.0692474
0 -0.0665475 -0.0686376 -0.0695145
0 -0.0666077 -0.0688934 -0.069761
0 -0.0666765 -0.0691285 -0.0699865
0 -0.066753 -0.0693407 -0.0701907
0 -0.0668361 -0.0695283 -0.0703731
0 -0.0669242 -0.0696896 -0.0705331
0 -0.0670158 -0.0698234 -0.0706699
0 -0.0671088 -0.0699289 -0.0707826
0 -0.0672016 -0.0700059 -0.0708706
0 -0.0672927 -0.0700551 -0.0709337
0 -0.067381 -0.070078 -0.0709718
0 -0.0674653 -0.0700763 -0.0709852
0 -0.0675443 -0.070052 -0.0709737
0 -0.0676163 -0.0700066 -0.0709372
0 -0.0676784 -0.0699408 -0.0708748
0 -0.0677274 -0.0698544 -0.0707845
0 -0.067759 -0.0697465 -0.0706643
0 -0.0677697 -0.0696159 -0.0705122
0 -0.0677565 -0.0694621 -0.0703274
0 -0.0677184 -0.0692856 -0.0701105
0 -0.0676556 -0.0690876 -0.0698636
0 -0.0675692 -0.0688697 -0.0695895
0 -0.0674606 -0.0686332 -0.0692909
0 -0.0673312 -0.068379 -0.0689707
0 -0.0671829 -0.068108 -0.068632
0 -0.0670177 -0.0678212 -0.0682777
0 -0.0668377 -0.0675191 -0.0679107
0 -0.0666444 -0.0672017 -0.0675326
0 -0.0664378 -0.0668675 -0.0671436
0 -0.0662169 -0.066514 -0.0667424
0 -0.0659806 -0.0661385 -0.0663271
0 -0.0657278 -0.0657388 -0.0658958
0 -0.0654581 -0.0653131 -0.0654467
0 -0.0651712 -0.0648599 -0.0649778
0 -0.0648674 -0.0643784 -0.0644873
0 -0.0645478 -0.0638683 -0.0639735
0 -0.0642135 -0.0633295 -0.063435
0 -0.0638653 -0.0627624 -0.0628701
0 -0.0635038 -0.0621673 -0.0622771
0 -0.0631301 -0.0615445 -0.0616543
0 -0.0627456 -0.0608948 -0.0610002
0 -0.0623519 -0.060219 -0.0603136
0 -0.0619503 -0.0595186 -0.0595942
0 -0.0615427 -0.0587949 -0.0588415
0 -0.0611317 -0.058049 -0.0580555
0 -0.0607196 -0.057282 -0.0572364
0 -0.0603073 -0.056495 -0.0563848
0 -0.0598956 -0.0556892 -0.0555018
0 -0.0594868 -0.0548662 -0.0545894
0 -0.0590838 -0.0540286 -0.0536508
0 -0.0586895 -0.0531792 -0.0526892
0 -0.0583062 -0.0523209 -0.0517084
0 -0.0579358 -0.0514565 -0.0507123
0 -0.0575802 -0.050589 -0.0497049
0 -0.0572408 -0.0497214 -0.0486908
0 -0.0569184 -0.0488561 -0.0476747
0 -0.0566138 -0.0479964 -0.0466613
0 -0.0563274 -0.0471452 -0.0456555
0 -0.0560594 -0.0463056 -0.0446622
0 -0.0558096 -0.0454805 -0.043686
0 -0.0555779 -0.0446729 -0.0427318
0 -0.0553636 -0.0438857 -0.0418041
0 -0.0551663 -0.0431217 -0.0409075
0 -0.0549852 -0.0423842 -0.040046
0 -0.0548196 -0.041676 -0.0392235
0 -0.0546688 -0.0410001 -0.0384436
0 -0.0545319 -0.0403595 -0.0377097
0 -0.0544083 -0.0397568 -0.0370246
0 -0.0542967 -0.0391944 -0.0363904
0 -0.0541955 -0.0386738 -0.0358085
0 -0.0541028 -0.0381963 -0.0352794
0 -0.0540167 -0.0377625 -0.0348033
0 -0.0539356 -0.0373733 -0.0343801
0 -0.0538583 -0.0370294 -0.0340099
0 -0.0537836 -0.0367314 -0.0336923
0 -0.053711 -0.0364797 -0.0334271
0 -0.0536405 -0.0362752 -0.0332143
0 -0.0535735 -0.0361193 -0.0330549
0 -0.0535121 -0.0360142 -0.0329506
0 -0.053459 -0.0359619 -0.0329031
0 -0.0534165 -0.0359637 -0.0329137
0 -0.0533862 -0.0360195 -0.0329823
0 -0.0533679 -0.0361268 -0.0331071
0 -0.0533599 -0.0362814 -0.0332843
0 -0.05336 -0.0364779 -0.0335093
0 -0.0533662 -0.0367107 -0.0337775
0 -0.0533774 -0.0369749 -0.0340847
0 -0.053393 -0.037266 -0.0344269
0 -0.0534142 -0.0375809 -0.0348018
0 -0.053444 -0.0379184 -0.0352084
0 -0.0534865 -0.0382786 -0.0356466
0 -0.0535459 -0.0386619 -0.0361165
0 -0.0536256 -0.0390684 -0.0366173
0 -0.0537289 -0.0394983 -0.0371481
0 -0.0538586 -0.0399519 -0.0377078
0 -0.0540173 -0.04043 -0.0382953
0 -0.054207 -0.0409335 -0.0389096
0 -0.0544292 -0.0414633 -0.0395492
0 -0.0546848 -0.0420201 -0.0402131
0 -0.0549743 -0.042605 -0.0409001
0 -0.0552973 -0.0432188 -0.0416092
0 -0.0556533 -0.0438624 -0.0423396
0 -0.0560408 -0.0445362 -0.0430908
0 -0.0564577 -0.0452403 -0.043862
0 -0.0569014 -0.0459741 -0.0446526
0 -0.0573687 -0.0467373 -0.0454623
0 -0.0578565 -0.0475289 -0.046291
0 -0.0583616 -0.0483482 -0.0471392
0 -0.0588806 -0.049194 -0.0480073
0 -0.0594105 -0.0500648 -0.0488961
0 -0.0599484 -0.0509593 -0.0498064
0 -0.0604919 -0.0518755 -0.0507392
0 -0.061039 -0.0528119 -0.0516952
0 -0.0615878 -0.0537667 -0.0526754
0 -0.0621362 -0.0547379 -0.0536802
0 -0.0626829 -0.0557235 -0.0547093
0 -0.063225 -0.0567209 -0.0557615
0 -0.063757 -0.0577271 -0.0568346
0 -0.0642741 -0.0587393 -0.0579259
0 -0.0647735 -0.0597545 -0.0590325
0 -0.0652525 -0.0607701 -0.060151
0 -0.0657081 -0.0617832 -0.0612781
0 -0.0661381 -0.0627907 -0.0624098
0 -0.0665404 -0.0637889 -0.0635415
0 -0.0669122 -0.064774 -0.0646683
0 -0.0672511 -0.0657415 -0.0657852
0 -0.0675561 -0.0666874 -0.066887
0 -0.0678271 -0.0676077 -0.0679682
0 -0.0680638 -0.0684987 -0.0690234
0 -0.0682662 -0.0693575 -0.0700469
0 -0.0684362 -0.0701817 -0.0710342
0 -0.0685771 -0.0709705 -0.0719817
0 -0.0686925 -0.0717234 -0.0728866
0 -0.0687862 -0.0724401 -0.0737462
0 -0.0688617 -0.0731198 -0.0745579
0 -0.0689229 -0.0737621 -0.0753194
0 -0.0689731 -0.0743663 -0.0760291
0 -0.0690161 -0.074932 -0.0766854
0 -0.069055 -0.0754585 -0.0772875
0 -0.0690931 -0.0759454 -0.0778349
0 -0.0691334 -0.0763925 -0.0783279
0 -0.0691791 -0.0768001 -0.0787673
0 -0.069233 -0.0771684 -0.0791547
0 -0.0692977 -0.077498 -0.0794917
0 -0.069375 -0.0777892 -0.0797804
0 -0.0694664 -0.0780425 -0.0800227
0 -0.069573 -0.0782587 -0.080221
0 -0.0696953 -0.0784385 -0.0803775
0 -0.0698332 -0.0785829 -0.0804947
0 -0.0699859 -0.0786927 -0.0805746
0 -0.0701515 -0.0787691 -0.080619
0 -0.0703278 -0.0788134 -0.0806297
0 -0.0705121 -0.0788272 -0.0806082
0 -0.0707011 -0.0788125 -0.0805559
0 -0.0708913 -0.0787714 -0.0804746
0 -0.0710787 -0.0787059 -0.0803653
0 -0.0712588 -0.0786177 -0.0802291
0 -0.0714267 -0.0785081 -0.0800665
0 -0.0715772 -0.0783782 -0.0798781
0 -0.0717056 -0.078229 -0.0796648
0 -0.0718075 -0.0780614 -0.0794277
0 -0.0718789 -0.077876 -0.0791678
0 -0.0719165 -0.0776733 -0.0788867
0 -0.0719175 -0.0774534 -0.0785858
0 -0.0718795 -0.0772162 -0.0782667
0 -0.0718011 -0.0769613 -0.077931
0 -0.0716816 -0.0766881 -0.0775803
0 -0.0715211 -0.076396 -0.0772163
0 -0.0713205 -0.0760841 -0.0768403
0 -0.0710812 -0.0757515 -0.0764535
0 -0.0708054 -0.0753972 -0.0760566
0 -0.0704956 -0.0750204 -0.0756501
0 -0.0701547 -0.0746197 -0.0752337
0 -0.0697858 -0.0741943 -0.0748064
0 -0.0693922 -0.0737431 -0.0743669
0 -0.0689777 -0.0732656 -0.0739137
0 -0.068546 -0.0727614 -0.0734446
0 -0.0681008 -0.0722306 -0.0729574
0 -0.0676461 -0.0716734 -0.0724495
0 -0.0671857 -0.0710903 -0.0719184
0 -0.0667233 -0.0704821 -0.0713613
0 -0.0662626 -0.0698499 -0.0707757
0 -0.0658068 -0.0691952 -0.0701593
0 -0.0653592 -0.0685196 -0.0695104
0 -0.0649227 -0.0678248 -0.0688277
0 -0.0644998 -0.0671126 -0.0681102
0 -0.0640923 -0.0663846 -0.0673575
0 -0.0637016 -0.0656424 -0.06657
0 -0.0633289 -0.0648877 -0.0657484
0 -0.0629748 -0.0641218 -0.0648943
0 -0.0626389 -0.063346 -0.0640096
0 -0.0623204 -0.0625615 -0.0630972
0 -0.0620188 -0.0617697 -0.0621599
0 -0.0617332 -0.0609718 -0.0612014
0 -0.0614624 -0.0601688 -0.0602254
0 -0.0612054 -0.0593613 -0.0592354
0 -0.0609603 -0.0585494 -0.0582349
0 -0.0607238 -0.0577331 -0.0572272
0 -0.0604932 -0.0569124 -0.0562158
0 -0.0602657 -0.0560874 -0.0552039
0 -0.0600384 -0.0552584 -0.0541945
0 -0.0598074 -0.0544254 -0.0531903
0 -0.0595689 -0.0535883 -0.052193
0 -0.0593192 -0.0527471 -0.0512046
0 -0.0590558 -0.051903 -0.050227
0 -0.0587773 -0.0510578 -0.0492629
0 -0.0584838 -0.0502142 -0.0483154
0 -0.0581761 -0.0493758 -0.0473879
0 -0.0578553 -0.0485458 -0.0464831
0 -0.0575229 -0.0477273 -0.0456034
0 -0.0571803 -0.0469235 -0.0447503
0 -0.056829 -0.0461369 -0.0439249
0 -0.0564699 -0.0453694 -0.0431274
0 -0.056104 -0.0446224 -0.0423572
0 -0.0557321 -0.0438968 -0.0416133
0 -0.0553557 -0.0431935 -0.040895
0 -0.0549764 -0.0425138 -0.0402016
0 -0.0545971 -0.0418592 -0.0395335
0 -0.0542212 -0.0412318 -0.0388913
0 -0.0538526 -0.0406339 -0.0382764
0 -0.0534952 -0.0400677 -0.0376904
0 -0.0531528 -0.039535 -0.0371347
0 -0.0528289 -0.0390373 -0.0366107
0 -0.052527 -0.038576 -0.0361201
0 -0.0522502 -0.0381523 -0.0356644
0 -0.0520009 -0.0377668 -0.0352448
0 -0.0517808 -0.0374195 -0.0348623
0 -0.051591 -0.03711 -0.0345173
0 -0.0514323 -0.036838 -0.0342104
0 -0.0513053 -0.0366032 -0.0339421
0 -0.0512105 -0.0364054 -0.0337131
0 -0.0511479 -0.0362445 -0.0335242
0 -0.0511179 -0.0361209 -0.0333762
0 -0.0511208 -0.0360357 -0.0332706
0 -0.0511571 -0.0359901 -0.0332088
0 -0.0512268 -0.0359857 -0.0331924
0 -0.0513294 -0.0360237 -0.0332226
0 -0.0514638 -0.0361053 -0.0333004
0 -0.0516287 -0.0362317 -0.0334266
0 -0.0518221 -0.0364039 -0.0336016
0 -0.0520417 -0.0366225 -0.0338258
0 -0.0522847 -0.036888 -0.034099
0 -0.0525482 -0.0372006 -0.0344213
0 -0.0528293 -0.0375605 -0.0347926
0 -0.0531252 -0.0379675 -0.0352128
0 -0.0534334 -0.0384216 -0.0356822
0 -0.0537518 -0.0389223 -0.0362012
0 -0.0540784 -0.0394692 -0.03677
0 -0.0544115 -0.0400611 -0.0373887
0 -0.0547495 -0.0406969 -0.0380574
0 -0.055091 -0.0413748 -0.0387757
0 -0.0554349 -0.0420929 -0.0395432
0 -0.0557803 -0.0428489 -0.0403589
0 -0.0561264 -0.0436403 -0.0412215
0 -0.0564728 -0.0444645 -0.0421296
0 -0.0568191 -0.0453186 -0.0430809
0 -0.0571653 -0.0461998 -0.0440731
0 -0.0575114 -0.0471053 -0.0451032
0 -0.0578576 -0.0480319 -0.0461678
0 -0.0582041 -0.0489766 -0.047263
0 -0.0585512 -0.0499367 -0.0483846
0 -0.0588997 -0.0509092 -0.0495285
0 -0.0592505 -0.0518914 -0.0506902
0 -0.0596044 -0.0528809 -0.0518651
0 -0.0599626 -0.0538755 -0.0530483
0 -0.0603256 -0.0548735 -0.054235
0 -0.0606943 -0.0558731 -0.0554206
0 -0.0610694 -0.0568724 -0.0566005
0 -0.061451 -0.0578698 -0.0577706
0 -0.0618374 -0.0588637 -0.0589267
0 -0.0622267 -0.0598524 -0.0600652
0 -0.0626189 -0.0608335 -0.0611826
0 -0.0630138 -0.061805 -0.0622756
0 -0.0634104 -0.0627643 -0.0633415
0 -0.0638076 -0.0637092 -0.0643777
0 -0.0642051 -0.0646373 -0.0653824
0 -0.0646018 -0.0655462 -0.0663541
0 -0.0649958 -0.0664334 -0.0672916
0 -0.0653858 -0.0672965 -0.0681941
0 -0.0657709 -0.0681329 -0.0690613
0 -0.0661498 -0.0689405 -0.069893
0 -0.0665208 -0.0697171 -0.070689
0 -0.066882 -0.0704604 -0.0714495
0 -0.0672321 -0.0711687 -0.0721745
0 -0.0675696 -0.0718403 -0.0728642
0 -0.067893 -0.0724735 -0.0735185
0 -0.0682006 -0.0730673 -0.0741372
0 -0.0684911 -0.0736207 -0.0747201
0 -0.068763 -0.0741328 -0.0752668
0 -0.069015 -0.0746034 -0.0757766
0 -0.0692461 -0.0750322 -0.0762488
0 -0.069455 -0.0754191 -0.0766825
0 -0.0696408 -0.0757642 -0.0770765
0 -0.0698027 -0.0760679 -0.0774298
0 -0.0699399 -0.0763304 -0.0777413
0 -0.070052 -0.0765522 -0.0780098
0 -0.0701386 -0.0767337 -0.0782343
0 -0.0701995 -0.0768753 -0.0784138
0 -0.0702349 -0.0769775 -0.0785476
0 -0.0702447 -0.0770405 -0.0786351
0 -0.0702295 -0.0770648 -0.0786759
0 -0.0701898 -0.0770505 -0.0786699
0 -0.0701265 -0.0769977 -0.0786172
0 -0.0700406 -0.0769067 -0.0785181
0 -0.0699335 -0.0767774 -0.0783733
0 -0.0698063 -0.0766098 -0.0781834
0 -0.0696606 -0.076404 -0.0779496
0 -0.0694979 -0.0761603 -0.0776728
0 -0.0693196 -0.0758788 -0.0773543
0 -0.0691272 -0.0755599 -0.0769953
0 -0.0689222 -0.0752041 -0.0765971
0 -0.068706 -0.0748122 -0.076161
0 -0.0684798 -0.074385 -0.0756884
0 -0.0682448 -0.0739235 -0.0751805
0 -0.0680021 -0.0734291 -0.0746385
0 -0.0677525 -0.0729032 -0.0740638
0 -0.0674967 -0.0723474 -0.0734576
0 -0.0672355 -0.0717636 -0.072821
0 -0.0669693 -0.0711536 -0.0721554
0 -0.0666985 -0.0705196 -0.0714622
0 -0.0664233 -0.0698636 -0.0707425
0 -0.0661439 -0.0691878 -0.0699981
0 -0.0658604 -0.0684944 -0.0692306
0 -0.0655727 -0.0677856 -0.0684416
0 -0.065281 -0.0670635 -0.0676332
0 -0.0649852 -0.0663302 -0.0668075
0 -0.0646853 -0.0655877 -0.0659666
0 -0.064381 -0.0648379 -0.065113
0 -0.0640727 -0.0640828 -0.0642491
0 -0.0637612 -0.0633243 -0.0633772
0 -0.0634464 -0.062564 -0.0624999
0 -0.0631281 -0.0618032 -0.0616195
0 -0.0628066 -0.0610433 -0.0607386
0 -0.0624829 -0.0602853 -0.0598598
0 -0.0621578 -0.0595301 -0.0589856
0 -0.0618321 -0.0587787 -0.0581189
0 -0.0615071 -0.058032 -0.057262
0 -0.0611832 -0.057291 -0.0564176
0 -0.06086 -0.0565568 -0.0555876
0 -0.0605378 -0.0558307 -0.0547741
0 -0.0602171 -0.0551142 -0.0539786
0 -0.0598984 -0.0544088 -0.0532026
0 -0.059582 -0.053716 -0.0524471
0 -0.0592688 -0.0530377 -0.0517133
0 -0.0589601 -0.0523759 -0.0510022
