0 -0.0323223 -0.0392812 -0.0391488
0 -0.0320364 -0.0387772 -0.0385922
0 -0.0317214 -0.0382464 -0.0380015
0 -0.0313918 -0.0376977 -0.0373887
0 -0.0310561 -0.0371332 -0.0367598
0 -0.030723 -0.0365543 -0.03612
0 -0.0304027 -0.0359663 -0.0354773
0 -0.0300981 -0.0353692 -0.0348326
0 -0.0298062 -0.03476 -0.0341817
0 -0.0295332 -0.034148 -0.0335304
0 -0.0292894 -0.0335487 -0.0328893
0 -0.0290683 -0.0329631 -0.032254
0 -0.0288539 -0.0323847 -0.0316135
0 -0.0286519 -0.031828 -0.0309795
0 -0.0284855 -0.0313249 -0.0303844
0 -0.0283679 -0.0308964 -0.0298533
0 -0.0282956 -0.0305467 -0.0293968
0 -0.0282615 -0.0302757 -0.0290233
0 -0.0282516 -0.030076 -0.0287342
0 -0.0282314 -0.0299178 -0.0285079
0 -0.0281757 -0.0297779 -0.0283271
0 -0.0280981 -0.0296683 -0.0282077
0 -0.0280024 -0.0295893 -0.0281496
0 -0.0278609 -0.0295058 -0.0281143
0 -0.0276671 -0.0294008 -0.0280781
0 -0.0274461 -0.0292857 -0.0280443
0 -0.0272308 -0.0291787 -0.0280216
0 -0.0270714 -0.0291164 -0.0280367
0 -0.0270222 -0.0291441 -0.0281261
0 -0.027101 -0.0292773 -0.0282981
0 -0.0272914 -0.0295039 -0.0285365
0 -0.0275768 -0.0298175 -0.0288344
0 -0.0279594 -0.0302353 -0.0292129
0 -0.0284335 -0.0307691 -0.029692
0 -0.0289476 -0.0313856 -0.0302493
0 -0.0294455 -0.0320431 -0.0308571
0 -0.0299015 -0.0327259 -0.0315134
0 -0.0302814 -0.0334026 -0.0321991
0 -0.0305641 -0.0340479 -0.0328976
0 -0.0307997 -0.0347025 -0.0336528
0 -0.0310361 -0.0354034 -0.0344988
0 -0.0312279 -0.0360941 -0.0353687
0 -0.0312841 -0.0366715 -0.0361446
0 -0.0311708 -0.0370857 -0.0367601
0 -0.03095 -0.0373746 -0.0372385
0 -0.0307203 -0.0376082 -0.0376375
0 -0.0305512 -0.037828 -0.0379899
0 -0.030514 -0.0380833 -0.0383381
0 -0.0307236 -0.0384783 -0.0387823
0 -0.031272 -0.0391113 -0.0394189
0 -0.0321588 -0.0400069 -0.0402741
0 -0.0332919 -0.0411148 -0.041303
0 -0.0344771 -0.0422956 -0.0423765
0 -0.0354934 -0.0433833 -0.0433439
0 -0.036238 -0.0443122 -0.0441598
0 -0.0367313 -0.0451178 -0.0448835
0 -0.0370158 -0.045839 -0.0455781
0 -0.0371032 -0.046467 -0.0462545
0 -0.036996 -0.0469711 -0.0468932
0 -0.0367438 -0.0473593 -0.0475017
0 -0.0364523 -0.0476925 -0.0481271
0 -0.0362081 -0.0480197 -0.0487883
0 -0.0360256 -0.0483295 -0.0494327
0 -0.0358821 -0.0485822 -0.0499759
0 -0.0357516 -0.0487407 -0.0503418
0 -0.0355937 -0.0487547 -0.0504548
0 -0.0353522 -0.0485561 -0.0502387
0 -0.0349934 -0.0480951 -0.0496536
0 -0.0345826 -0.0474178 -0.0487701
0 -0.0342948 -0.046685 -0.0477816
0 -0.0342793 -0.0460488 -0.0468727
0 -0.0345481 -0.0455505 -0.0461116
0 -0.0349937 -0.0451366 -0.0454612
0 -0.0354427 -0.0447032 -0.044823
0 -0.0357283 -0.0441549 -0.0440989
0 -0.0357566 -0.0434555 -0.0432473
0 -0.0354898 -0.0426017 -0.0422621
0 -0.0348918 -0.0415656 -0.0411167
0 -0.0339478 -0.0403136 -0.0397825
0 -0.0327161 -0.0388607 -0.0382801
0 -0.0313136 -0.037266 -0.0366729
0 -0.0298655 -0.0355934 -0.0350246
0 -0.0284633 -0.0338752 -0.0333595
0 -0.0271525 -0.0321141 -0.0316632
0 -0.0259831 -0.0303332 -0.0299351
0 -0.0250122 -0.0285716 -0.0281865
0 -0.024245 -0.0268363 -0.0263964
0 -0.0236641 -0.0251346 -0.0245471
0 -0.0232729 -0.0235071 -0.0226646
0 -0.0230573 -0.0219845 -0.0207817
0 -0.0229953 -0.0205938 -0.018946
0 -0.023128 -0.0194263 -0.0172854
0 -0.0235318 -0.0186113 -0.0159777
0 -0.0241944 -0.0181962 -0.0151205
0 -0.0249733 -0.0181005 -0.0146779
0 -0.0256681 -0.018182 -0.0145414
0 -0.0261062 -0.0183141 -0.0146013
0 -0.0261733 -0.0184072 -0.0147678
0 -0.0258215 -0.0184078 -0.0149722
0 -0.0251143 -0.0183392 -0.0152127
0 -0.0242627 -0.0183423 -0.0155989
0 -0.0235568 -0.0186241 -0.0163036
0 -0.0232324 -0.0193429 -0.0174494
0 -0.0234239 -0.0205747 -0.0190778
0 -0.0241739 -0.0223329 -0.021173
0 -0.02538 -0.0245145 -0.0236116
0 -0.0268104 -0.026906 -0.0261726
0 -0.028255 -0.0293213 -0.028677
0 -0.029601 -0.031664 -0.0310493
0 -0.0307839 -0.0338694 -0.0332549
0 -0.0317685 -0.0358924 -0.0352823
0 -0.032605 -0.0377773 -0.0372058
0 -0.0333942 -0.0396152 -0.0391387
0 -0.0340959 -0.0413474 -0.0410352
0 -0.034502 -0.0427533 -0.0426781
0 -0.0344689 -0.0436678 -0.0438934
0 -0.034008 -0.0440623 -0.0446293
0 -0.0332077 -0.0439779 -0.0448914
0 -0.0322474 -0.0435412 -0.0447648
0 -0.031437 -0.043012 -0.04447
0 -0.0310673 -0.0426511 -0.044236
0 -0.0312113 -0.0425331 -0.0441165
0 -0.0317961 -0.0426203 -0.0440656
0 -0.0327967 -0.0429488 -0.0441272
0 -0.0341353 -0.0435235 -0.0443305
0 -0.0354494 -0.0440776 -0.0444487
0 -0.0362479 -0.044208 -0.0441267
0 -0.0362911 -0.0437248 -0.0432249
0 -0.035686 -0.042736 -0.0419025
0 -0.0347006 -0.0414738 -0.0404361
0 -0.0336127 -0.0401642 -0.0390763
0 -0.0326451 -0.0389833 -0.0379973
0 -0.0319176 -0.0380247 -0.0372632
0 -0.0314314 -0.0372878 -0.0368235
0 -0.0310959 -0.0366967 -0.0365414
0 -0.0308619 -0.0362196 -0.0363257
0 -0.0308025 -0.0359503 -0.0362209
0 -0.0310278 -0.0360218 -0.0363278
0 -0.0315804 -0.0364978 -0.0367029
0 -0.0324302 -0.0373716 -0.0373584
0 -0.0335046 -0.038596 -0.0382868
0 -0.0346724 -0.0400637 -0.0394349
0 -0.0357443 -0.0416036 -0.0406942
0 -0.0365166 -0.0430173 -0.0419288
0 -0.036815 -0.0441122 -0.0429972
0 -0.0365371 -0.0447394 -0.0437806
0 -0.0357381 -0.0448863 -0.0442671
0 -0.0346816 -0.0447316 -0.0446079
0 -0.0337403 -0.0445637 -0.0450393
0 -0.033167 -0.0445823 -0.0456826
0 -0.0329234 -0.0447328 -0.0463882
0 -0.0327882 -0.0447994 -0.0468516
0 -0.032612 -0.0446448 -0.0468715
0 -0.0323693 -0.0442474 -0.0464022
0 -0.0320469 -0.0435877 -0.0454423
0 -0.0316119 -0.0426197 -0.0439995
0 -0.0310477 -0.0413097 -0.0421179
0 -0.0303509 -0.0396392 -0.0398622
0 -0.0295046 -0.0375862 -0.0372795
0 -0.0285417 -0.0351896 -0.0344509
0 -0.027653 -0.0326599 -0.0316038
0 -0.0271205 -0.0303315 -0.0290668
0 -0.0271061 -0.0284529 -0.0270564
0 -0.0275269 -0.0270521 -0.0255519
0 -0.02814 -0.0260148 -0.024389
0 -0.0286832 -0.0251953 -0.0233864
0 -0.0289256 -0.0244429 -0.0223839
0 -0.0287159 -0.0236427 -0.0212849
0 -0.028035 -0.022762 -0.0200988
0 -0.0270198 -0.0218783 -0.0189581
0 -0.0258685 -0.0210981 -0.0180269
0 -0.0247021 -0.0204345 -0.0173646
0 -0.0236015 -0.0198637 -0.0169676
0 -0.0226945 -0.0194291 -0.0168664
0 -0.0220922 -0.019188 -0.0170716
0 -0.0217777 -0.0191011 -0.0174718
0 -0.0216822 -0.0191041 -0.0179212
0 -0.0218526 -0.0192681 -0.0184157
0 -0.0224025 -0.0197476 -0.0190537
0 -0.0233665 -0.0206298 -0.0198957
0 -0.0246651 -0.021896 -0.0209301
0 -0.0261474 -0.0234553 -0.0221085
0 -0.0276575 -0.0252002 -0.0233967
0 -0.0290589 -0.0270223 -0.0247788
0 -0.0302332 -0.0288067 -0.0262356
0 -0.0310774 -0.0304339 -0.0277285
0 -0.031525 -0.0318052 -0.0292084
0 -0.0315947 -0.0328972 -0.0306597
0 -0.0313741 -0.0337557 -0.0320917
0 -0.0309901 -0.0344699 -0.0335216
0 -0.0306095 -0.0351714 -0.0349885
0 -0.0304521 -0.036053 -0.0365859
0 -0.0307729 -0.037353 -0.0384622
0 -0.0317319 -0.0392285 -0.0407081
0 -0.033258 -0.0416257 -0.0432359
0 -0.0351173 -0.0443428 -0.0458557
0 -0.0371259 -0.0472352 -0.048476
0 -0.0391985 -0.0502498 -0.0511267
0 -0.0411961 -0.0532675 -0.0537885
0 -0.0428332 -0.0560164 -0.056284
0 -0.0437884 -0.0581695 -0.0583601
0 -0.0439036 -0.0595369 -0.0598684
0 -0.0432853 -0.0601717 -0.060865
0 -0.0421874 -0.0602557 -0.0614949
0 -0.040829 -0.0599314 -0.0618258
0 -0.0393625 -0.0592822 -0.0618424
0 -0.0379376 -0.0583975 -0.0615297
0 -0.0367577 -0.0574316 -0.0609523
0 -0.0360823 -0.0566125 -0.0602774
0 -0.0361576 -0.056185 -0.0597254
0 -0.0370741 -0.0562828 -0.0594414
0 -0.0386141 -0.0567763 -0.0593409
0 -0.0402869 -0.0572918 -0.059124
0 -0.041585 -0.0574375 -0.0584927
0 -0.0421991 -0.0569916 -0.0573252
0 -0.0420023 -0.0558745 -0.0556285
0 -0.0409388 -0.0540335 -0.0534122
0 -0.038983 -0.0514047 -0.0506438
0 -0.0361849 -0.047959 -0.0472899
0 -0.0327842 -0.0438295 -0.0434433
0 -0.0292876 -0.0394064 -0.039423
0 -0.0264064 -0.0352979 -0.0357408
0 -0.0247018 -0.0320728 -0.0328509
0 -0.0242827 -0.0299379 -0.0308501
0 -0.0249991 -0.0288237 -0.0295896
0 -0.0266531 -0.0286709 -0.0289785
0 -0.0290097 -0.0294316 -0.0289936
0 -0.0317185 -0.0308991 -0.0295126
0 -0.0342903 -0.0327028 -0.0303005
0 -0.036282 -0.0344792 -0.0311533
0 -0.0374021 -0.0359527 -0.0319559
0 -0.0374423 -0.0368835 -0.0326029
0 -0.0362819 -0.0370569 -0.0329593
0 -0.0339788 -0.0363634 -0.0329265
0 -0.0307888 -0.034855 -0.0324886
0 -0.0270821 -0.0326896 -0.0316622
0 -0.0232102 -0.0300404 -0.0304292
0 -0.0195051 -0.0271077 -0.0287823
0 -0.0163454 -0.0241597 -0.0267964
0 -0.0140722 -0.0214823 -0.0245967
0 -0.0128983 -0.0192804 -0.0223021
0 -0.0128944 -0.0176443 -0.0200097
0 -0.0139603 -0.0165645 -0.0177863
0 -0.0158289 -0.0159247 -0.015651
0 -0.018138 -0.0155295 -0.0135889
0 -0.020493 -0.0151592 -0.0115875
0 -0.0225282 -0.0146166 -0.00965616
0 -0.0239754 -0.0137688 -0.0078278
0 -0.0246759 -0.0125576 -0.00614498
0 -0.0246145 -0.0110413 -0.00468598
0 -0.0239682 -0.00944736 -0.00361169
0 -0.0229901 -0.00805521 -0.00307119
0 -0.0218438 -0.00704112 -0.00306692
0 -0.0205976 -0.00645532 -0.00346783
0 -0.0193189 -0.00630049 -0.00412911
0 -0.0181835 -0.00664778 -0.00503037
0 -0.0174528 -0.00762335 -0.00627608
0 -0.0173033 -0.00925977 -0.00793677
0 -0.0177584 -0.0114516 -0.00998522
0 -0.0187784 -0.0140611 -0.012383
0 -0.020336 -0.0170073 -0.015147
0 -0.0224068 -0.020262 -0.0183288
0 -0.0248843 -0.0237636 -0.0219134
0 -0.0275539 -0.0273717 -0.0257674
0 -0.0302037 -0.0309532 -0.0297296
0 -0.0326626 -0.0344377 -0.0336787
0 -0.0347628 -0.0377669 -0.0374965
0 -0.0363834 -0.0408729 -0.0410631
0 -0.0374701 -0.0437104 -0.0442993
0 -0.0380274 -0.0462601 -0.0471723
0 -0.0381253 -0.0485221 -0.0496863
0 -0.0379018 -0.050542 -0.051905
0 -0.0375735 -0.0524309 -0.0539659
0 -0.0373796 -0.0543242 -0.0560296
0 -0.0374836 -0.0563086 -0.0582001
0 -0.0379405 -0.0583945 -0.0604933
0 -0.0386802 -0.060499 -0.0628187
0 -0.0394991 -0.0624317 -0.0649675
0 -0.0401293 -0.0639495 -0.0666741
0 -0.0403498 -0.0648496 -0.0677149
0 -0.0400554 -0.0650267 -0.0679713
0 -0.0392384 -0.0644494 -0.0674085
0 -0.0379388 -0.06311 -0.0660241
0 -0.0362243 -0.0610127 -0.0638326
0 -0.0342202 -0.058217 -0.0609013
0 -0.0321344 -0.0548777 -0.0573846
0 -0.0302049 -0.0512083 -0.0534862
0 -0.0286494 -0.0474455 -0.0494235
0 -0.0276318 -0.0438204 -0.045402
0 -0.0272319 -0.0405198 -0.0415871
0 -0.0274412 -0.0376733 -0.0380995
0 -0.0281572 -0.0353452 -0.0350134
0 -0.0291994 -0.033521 -0.032348
0 -0.0303357 -0.0321054 -0.0300665
0 -0.0313034 -0.0309482 -0.028099
0 -0.0318441 -0.0298714 -0.0263543
0 -0.031728 -0.0286811 -0.0247147
0 -0.0307959 -0.0272087 -0.0230649
0 -0.0290336 -0.0253883 -0.0213529
0 -0.0265705 -0.0232545 -0.0195905
0 -0.0236248 -0.020886 -0.0178025
0 -0.020465 -0.0183902 -0.0160147
0 -0.0173452 -0.0158659 -0.0142281
0 -0.0144413 -0.0133489 -0.0123738
0 -0.0118642 -0.0108442 -0.0103641
0 -0.00972331 -0.00839757 -0.00817482
0 -0.0081467 -0.00610656 -0.00585875
0 -0.00723002 -0.00407185 -0.00350266
0 -0.00700519 -0.00236316 -0.00119567
0 -0.00751528 -0.00109294 0.000896781
0 -0.00883707 -0.000444483 0.00250687
0 -0.0109156 -0.000503478 0.00344045
0 -0.0134003 -0.00107947 0.00377169
0 -0.0157463 -0.001783 0.00378441
0 -0.0174704 -0.00226045 0.0037518
0 -0.0182182 -0.00224547 0.00389728
0 -0.0177396 -0.00152177 0.00443963
0 -0.0159617 1.43503e-05 0.00552705
0 -0.0130333 0.00231979 0.00718988
0 -0.00925012 0.00527015 0.00939382
0 -0.0049242 0.00875112 0.0121211
0 -0.000298875 0.0127016 0.0154052
0 0.00446236 0.0170956 0.0193062
0 0.00925147 0.0219071 0.0238664
0 0.0140087 0.0271098 0.0291025
0 0.0187226 0.0326907 0.0350133
0 0.0234398 0.0386735 0.041599
0 0.028236 0.0451017 0.0488429
0 0.0330366 0.0518682 0.056547
0 0.0375127 0.0586177 0.0642462
0 0.0412306 0.0649035 0.0713792
0 0.0437582 0.0703089 0.0774204
0 0.0446565 0.0744122 0.0818666
0 0.0435498 0.0767856 0.0842683
0 0.0402937 0.0771049 0.0843461
0 0.0350326 0.0752388 0.0820618
0 0.0280686 0.0712016 0.077544
0 0.0198345 0.065084 0.0709839
0 0.0108307 0.057037 0.0625904
0 0.00144441 0.0472179 0.0525392
0 -0.00804442 0.0357595 0.0409534
0 -0.0174955 0.0227747 0.0278882
0 -0.0269245 0.00833529 0.0132923
0 -0.0364601 -0.00751643 -0.0029625
0 -0.0463726 -0.0247667 -0.0210147
0 -0.0568488 -0.0433351 -0.0408658
0 -0.0678649 -0.063031 -0.0622964
0 -0.0792886 -0.0836165 -0.084945
0 -0.0909358 -0.104885 -0.108397
0 -0.102659 -0.126706 -0.132211
0 -0.114173 -0.148788 -0.155812
0 -0.124968 -0.170644 -0.178507
0 -0.134592 -0.191772 -0.199699
0 -0.142723 -0.211745 -0.21903
0 -0.149176 -0.23033 -0.236478
0 -0.153962 -0.247406 -0.252217
0 -0.156977 -0.262768 -0.266329
0 -0.158018 -0.276181 -0.27876
0 -0.157117 -0.287533 -0.289491
0 -0.154538 -0.296917 -0.298698
0 -0.150674 -0.304564 -0.306661
0 -0.14607 -0.310801 -0.313672
0 -0.141642 -0.316339 -0.320284
0 -0.138586 -0.322231 -0.327322
0 -0.137714 -0.329244 -0.335346
0 -0.138906 -0.337299 -0.344122
0 -0.141368 -0.34572 -0.352862
0 -0.1446 -0.354164 -0.361181
0 -0.148707 -0.362872 -0.369353
0 -0.153408 -0.371702 -0.377361
0 -0.157565 -0.379662 -0.384393
0 -0.160213 -0.385861 -0.389737
0 -0.16142 -0.390352 -0.393597
0 -0.161816 -0.393721 -0.396667
0 -0.161797 -0.396349 -0.399378
0 -0.161432 -0.398323 -0.401793
0 -0.160504 -0.399434 -0.403609
0 -0.158553 -0.399199 -0.404199
0 -0.155318 -0.397297 -0.403082
0 -0.151021 -0.393813 -0.400208
0 -0.146149 -0.389058 -0.395783
0 -0.141172 -0.383304 -0.390029
0 -0.13631 -0.376611 -0.382989
0 -0.131535 -0.368885 -0.374573
0 -0.126856 -0.360169 -0.364837
0 -0.12238 -0.350652 -0.354002
0 -0.118264 -0.34058 -0.34237
0 -0.114776 -0.330393 -0.33046
0 -0.112276 -0.320705 -0.318991
0 -0.110987 -0.311909 -0.308488
0 -0.110562 -0.303768 -0.298866
0 -0.110082 -0.295452 -0.289441
0 -0.108591 -0.286072 -0.279423
0 -0.105563 -0.275121 -0.268333
0 -0.10104 -0.262617 -0.256147
0 -0.0955 -0.249045 -0.24323
0 -0.0895403 -0.235019 -0.230026
0 -0.0834826 -0.220894 -0.216698
0 -0.0774119 -0.206808 -0.2032
0 -0.0713511 -0.192816 -0.18946
0 -0.0650679 -0.1787 -0.175204
0 -0.0582762 -0.164162 -0.160163
0 -0.0510986 -0.14929 -0.144523
0 -0.0439628 -0.134456 -0.128804
0 -0.0372699 -0.119996 -0.113507
0 -0.0313728 -0.106205 -0.0990754
0 -0.0266577 -0.0934336 -0.0859653
0 -0.0235171 -0.0820696 -0.074609
0 -0.0223157 -0.0724999 -0.0653733
0 -0.0232062 -0.0649402 -0.0583916
0 -0.0259159 -0.059263 -0.0534059
0 -0.0300423 -0.0552924 -0.0500852
0 -0.0354206 -0.0531251 -0.04838
0 -0.0419367 -0.0529381 -0.0483639
0 -0.0492764 -0.0547058 -0.0499754
0 -0.0568926 -0.0581082 -0.0529443
0 -0.0641227 -0.0626486 -0.056885
0 -0.0703898 -0.0678846 -0.0614738
0 -0.0753469 -0.0735521 -0.0665661
0 -0.0789253 -0.0795388 -0.0721901
0 -0.081279 -0.085845 -0.0785111
0 -0.0826614 -0.0924827 -0.0857021
0 -0.083289 -0.0993444 -0.0937498
0 -0.0832604 -0.106225 -0.102432
0 -0.0825428 -0.112852 -0.111327
0 -0.0809742 -0.118857 -0.119806
0 -0.0783265 -0.123797 -0.12714
0 -0.0744289 -0.127304 -0.132666
0 -0.0692831 -0.129187 -0.135926
0 -0.0631489 -0.129449 -0.136784
0 -0.0565633 -0.128343 -0.135483
0 -0.0502617 -0.126305 -0.13258
0 -0.0449538 -0.123777 -0.12875
0 -0.0411412 -0.121082 -0.124586
0 -0.0391635 -0.118438 -0.120577
0 -0.0392229 -0.116016 -0.117097
0 -0.041281 -0.11395 -0.114358
0 -0.0450514 -0.112367 -0.112414
0 -0.0500988 -0.111394 -0.111225
0 -0.0559047 -0.111115 -0.110683
0 -0.0619165 -0.111521 -0.110631
0 -0.0675818 -0.112471 -0.110874
0 -0.0723306 -0.113677 -0.11117
0 -0.0756659 -0.114816 -0.111312
0 -0.077339 -0.115687 -0.111246
0 -0.0773775 -0.116263 -0.11111
0 -0.0760366 -0.116659 -0.111182
0 -0.0737195 -0.117014 -0.111739
0 -0.0708791 -0.117442 -0.112966
0 -0.0679557 -0.11806 -0.114944
0 -0.0653499 -0.119006 -0.117668
0 -0.0634347 -0.120458 -0.121094
0 -0.0625216 -0.122598 -0.125157
0 -0.0627585 -0.12551 -0.129689
0 -0.0640354 -0.129101 -0.134366
0 -0.066027 -0.133087 -0.138776
0 -0.0683047 -0.137091 -0.142534
0 -0.0704036 -0.140681 -0.145313
0 -0.0719098 -0.143432 -0.146893
0 -0.0725665 -0.145033 -0.147215
0 -0.0723227 -0.145344 -0.1464
0 -0.0713028 -0.144385 -0.144681
0 -0.0697367 -0.142296 -0.142319
0 -0.0679201 -0.139321 -0.139569
0 -0.0661786 -0.135803 -0.136667
0 -0.0647807 -0.132108 -0.13378
0 -0.0638847 -0.128553 -0.130975
0 -0.063559 -0.125406 -0.128274
0 -0.0638202 -0.122881 -0.125714
0 -0.0646637 -0.121153 -0.123395
0 -0.0660835 -0.120362 -0.121503
0 -0.0680406 -0.120585 -0.120266
0 -0.0703458 -0.121712 -0.119797
0 -0.0725707 -0.123369 -0.119979
0 -0.0742186 -0.125074 -0.120581
0 -0.0749641 -0.126475 -0.121451
0 -0.0746281 -0.127331 -0.122452
0 -0.0730203 -0.12734 -0.123285
0 -0.0699902 -0.126207 -0.12354
0 -0.0656562 -0.123852 -0.122936
0 -0.0603966 -0.120414 -0.121355
0 -0.0546718 -0.116073 -0.118725
0 -0.0488114 -0.110943 -0.114918
0 -0.0429026 -0.105005 -0.10971
0 -0.0369901 -0.0981936 -0.102928
0 -0.0311927 -0.090549 -0.0946112
0 -0.0256291 -0.0821747 -0.0849523
0 -0.02042 -0.0732196 -0.0742631
0 -0.0157509 -0.0639551 -0.0630034
0 -0.0118597 -0.0547199 -0.0517207
0 -0.0089748 -0.0458476 -0.0409592
0 -0.00727923 -0.0376343 -0.0311955
0 -0.00687361 -0.0302923 -0.0227756
0 -0.0077846 -0.0239662 -0.0159185
0 -0.0100031 -0.0188082 -0.010775
0 -0.0134626 -0.0149792 -0.00741801
0 -0.0179445 -0.0125262 -0.00574207
0 -0.0230238 -0.0113221 -0.00542856
0 -0.0281861 -0.0111523 -0.00607242
0 -0.0330186 -0.011843 -0.00735724
0 -0.0372785 -0.0133311 -0.00914009
0 -0.0408391 -0.0156216 -0.0114005
0 -0.0435873 -0.0186752 -0.0141264
0 -0.0454019 -0.0223539 -0.0172826
0 -0.0462305 -0.0264479 -0.0208465
0 -0.0461059 -0.0306944 -0.0247955
0 -0.0450905 -0.034803 -0.0290692
0 -0.0432704 -0.0384986 -0.0335428
0 -0.0407741 -0.0415435 -0.0379976
0 -0.0377306 -0.0437597 -0.0421299
0 -0.0342736 -0.0450639 -0.0456166
0 -0.030611 -0.0454716 -0.0481875
0 -0.0270161 -0.0451011 -0.0496572
0 -0.0237064 -0.0440932 -0.0498833
0 -0.0207858 -0.042483 -0.0487342
0 -0.0183022 -0.04023 -0.0461366
0 -0.0162763 -0.0372715 -0.0421246
0 -0.0147294 -0.0335737 -0.0368594
0 -0.0137219 -0.0292066 -0.0306401
0 -0.0133324 -0.0243501 -0.0238607
0 -0.0135828 -0.0192103 -0.0168974
0 -0.0143758 -0.0139222 -0.0100176
0 -0.0154983 -0.00854345 -0.00336779
0 -0.0166867 -0.00308376 0.00299468
0 -0.0177142 0.00244866 0.00905319
0 -0.0184248 0.00802159 0.0148042
0 -0.0187354 0.0135823 0.0202504
0 -0.0186245 0.0190559 0.0254055
0 -0.01808 0.0243957 0.030328
0 -0.0170536 0.0296236 0.0351449
0 -0.0154821 0.0348095 0.0400205
0 -0.0133438 0.040024 0.0450893
0 -0.0106874 0.0452985 0.0504114
0 -0.00761453 0.0506346 0.0559799
0 -0.00424251 0.0560272 0.0617483
0 -0.000671782 0.0614774 0.0676547
0 0.00300634 0.0669777 0.0736155
0 0.00661188 0.0724109 0.0794397
0 0.00983846 0.0775131 0.0848061
0 0.0123556 0.081975 0.0893737
0 0.0138687 0.0855026 0.0928428
0 0.0141159 0.0878195 0.0949533
0 0.0128872 0.0886592 0.0954775
0 0.0100525 0.0877574 0.0942149
0 0.00561017 0.0849044 0.0910384
0 -0.000237154 0.0800428 0.0859746
0 -0.00707598 0.0732984 0.0791961
0 -0.0144164 0.0649013 0.0709091
0 -0.0218173 0.0551279 0.0612956
0 -0.0289484 0.0442739 0.0505118
0 -0.0356732 0.032611 0.0386788
0 -0.0419237 0.0203863 0.0259048
0 -0.0476125 0.00782224 0.0123117
0 -0.0527632 -0.00488864 -0.00193372
0 -0.0574126 -0.0175869 -0.0165809
0 -0.0615029 -0.0301124 -0.0312874
0 -0.0649499 -0.0423075 -0.0456686
0 -0.0677179 -0.0541147 -0.0593859
0 -0.069807 -0.0655246 -0.0721811
0 -0.0711668 -0.076468 -0.0838461
0 -0.0717217 -0.086824 -0.0942292
0 -0.0714156 -0.0964364 -0.103274
0 -0.0702205 -0.105149 -0.111025
0 -0.0681564 -0.112808 -0.117577
0 -0.0652952 -0.119254 -0.123024
0 -0.0617484 -0.124352 -0.127436
0 -0.0576389 -0.12802 -0.130832
0 -0.0531787 -0.130288 -0.133219
0 -0.0487192 -0.131314 -0.134674
0 -0.0446447 -0.131345 -0.13536
0 -0.041332 -0.130658 -0.135456
0 -0.0391212 -0.129548 -0.13511
0 -0.0383038 -0.128344 -0.134489
0 -0.0391248 -0.127413 -0.13381
0 -0.0416474 -0.127052 -0.133251
0 -0.0456382 -0.127374 -0.132849
0 -0.0506039 -0.128311 -0.132539
0 -0.0559608 -0.1297 -0.13225
0 -0.0611968 -0.131375 -0.132
0 -0.0659434 -0.133236 -0.131924
0 -0.0700023 -0.135232 -0.132236
0 -0.0733231 -0.137355 -0.133189
0 -0.0759478 -0.139673 -0.135021
0 -0.0779765 -0.1423 -0.137893
0 -0.0795604 -0.145378 -0.1419
0 -0.0808955 -0.149083 -0.147079
0 -0.0822103 -0.153616 -0.153421
0 -0.0836859 -0.159077 -0.160808
0 -0.0852986 -0.165312 -0.168897
0 -0.0868574 -0.172021 -0.177196
0 -0.0881902 -0.178918 -0.185272
0 -0.089148 -0.185725 -0.192774
0 -0.0895623 -0.192168 -0.199404
0 -0.0892702 -0.197984 -0.204942
0 -0.0881601 -0.202944 -0.209261
0 -0.0862161 -0.206876 -0.212341
0 -0.0835055 -0.209655 -0.214243
0 -0.0801664 -0.211203 -0.215073
0 -0.0764182 -0.211521 -0.214974
0 -0.0725481 -0.210694 -0.214106
0 -0.0688613 -0.208865 -0.212604
0 -0.0656066 -0.206164 -0.210528
0 -0.0629253 -0.202696 -0.20785
0 -0.0608526 -0.198565 -0.204472
0 -0.0593335 -0.193881 -0.200259
0 -0.0582215 -0.188731 -0.195073
0 -0.0573005 -0.183152 -0.188808
0 -0.0563517 -0.177121 -0.181423
0 -0.0551383 -0.170557 -0.172952
0 -0.0534119 -0.163349 -0.163489
0 -0.0510042 -0.155376 -0.153179
0 -0.0478034 -0.146486 -0.142183
0 -0.0437288 -0.136539 -0.130645
0 -0.0387647 -0.125482 -0.118675
0 -0.032995 -0.11338 -0.106392
0 -0.0266234 -0.100446 -0.093938
0 -0.0198982 -0.0869873 -0.0814289
0 -0.0130445 -0.0732993 -0.0689133
0 -0.00624876 -0.0596537 -0.0563939
0 0.000341594 -0.0462784 -0.0438604
0 0.00660184 -0.0333466 -0.0313267
0 0.0124031 -0.021011 -0.0188729
0 0.0175917 -0.00941701 -0.00666908
0 0.0219996 0.001305 0.00504477
0 0.0254655 0.0110486 0.0159945
0 0.0278354 0.0197251 0.0258938
0 0.0289557 0.027238 0.0344574
0 0.0286709 0.033458 0.0414079
0 0.0268541 0.038221 0.0465021
0 0.0234926 0.0413866 0.049604
0 0.0187369 0.0428846 0.0507233
0 0.0128348 0.0426763 0.0499519
0 0.00603258 0.0406967 0.0473696
0 -0.00146144 0.0368592 0.0430051
0 -0.00944719 0.0311204 0.0368775
0 -0.0176646 0.0235476 0.0290909
0 -0.0257979 0.0143224 0.0198396
0 -0.0335793 0.00366746 0.00929295
0 -0.0408478 -0.00815966 -0.00243405
0 -0.0475338 -0.0208322 -0.0152252
0 -0.0536292 -0.0340196 -0.0289569
0 -0.0591807 -0.0474609 -0.0435062
0 -0.0642687 -0.0609856 -0.0587158
0 -0.0689482 -0.0744902 -0.0743527
0 -0.0732016 -0.0878785 -0.090106
0 -0.0769538 -0.101087 -0.10562
0 -0.0801231 -0.114108 -0.120555
0 -0.082676 -0.126946 -0.134666
0 -0.0846385 -0.139619 -0.147836
0 -0.0860331 -0.1521 -0.160052
0 -0.0868809 -0.164286 -0.17137
0 -0.087157 -0.176 -0.181867
0 -0.086729 -0.187003 -0.191577
0 -0.0854904 -0.197053 -0.200487
0 -0.0834137 -0.205926 -0.208575
0 -0.0804846 -0.213422 -0.215798
0 -0.0767085 -0.219362 -0.222056
0 -0.0721367 -0.223614 -0.227157
0 -0.0668738 -0.226107 -0.23085
0 -0.0610454 -0.226812 -0.232869
0 -0.0548044 -0.225737 -0.232998
0 -0.0483568 -0.222947 -0.231108
0 -0.0419115 -0.218527 -0.22714
0 -0.035645 -0.212538 -0.221082
0 -0.0296962 -0.205042 -0.213002
0 -0.0241784 -0.19615 -0.203071
0 -0.0191667 -0.186054 -0.191548
0 -0.0146464 -0.174993 -0.178737
0 -0.0105848 -0.163221 -0.164973
0 -0.00696788 -0.151007 -0.150616
0 -0.00378236 -0.138584 -0.136032
0 -0.00105756 -0.1261 -0.121587
0 0.00115681 -0.113689 -0.107617
0 0.00278161 -0.101508 -0.0944202
0 0.00370433 -0.0897178 -0.0822319
0 0.00383462 -0.0784963 -0.0712019
0 0.00312312 -0.0680066 -0.0613726
0 0.00158 -0.05838 -0.0526973
0 -0.000731893 -0.0497441 -0.0450922
0 -0.00372015 -0.042219 -0.0384768
0 -0.0072646 -0.0359026 -0.0327922
0 -0.0112223 -0.0308674 -0.0280121
0 -0.0154403 -0.0271513 -0.0241488
0 -0.0197703 -0.0247567 -0.0212499
0 -0.0240694 -0.0236537 -0.0193929
0 -0.0282061 -0.0237968 -0.0186762
0 -0.0320582 -0.0251421 -0.019198
0 -0.0354963 -0.027632 -0.02103
0 -0.0383924 -0.0311641 -0.0241798
0 -0.0406337 -0.0355718 -0.028577
0 -0.0421306 -0.0406337 -0.0340847
0 -0.0428201 -0.0460912 -0.0404988
0 -0.0426924 -0.0516779 -0.0475527
0 -0.0418027 -0.0571629 -0.0549349
0 -0.0402448 -0.0623776 -0.0623037
0 -0.038138 -0.0671817 -0.0693061
0 -0.0356154 -0.0714443 -0.075602
0 -0.0328308 -0.0751175 -0.0809037
0 -0.0299559 -0.0782067 -0.085022
0 -0.0271596 -0.0807083 -0.0878764
0 -0.0246131 -0.0826324 -0.089492
0 -0.0225042 -0.0839956 -0.0900146
0 -0.0210376 -0.0848422 -0.0896996
0 -0.0204031 -0.0852349 -0.0888464
0 -0.0207129 -0.0852068 -0.0877189
0 -0.0219483 -0.084775 -0.0864955
0 -0.0239641 -0.0839681 -0.0852617
0 -0.0265219 -0.0828443 -0.0840195
0 -0.0293104 -0.081485 -0.0827027
0 -0.0319961 -0.0799682 -0.0812096
0 -0.0342701 -0.0783533 -0.0794413
0 -0.0358809 -0.0766826 -0.0773446
0 -0.0366741 -0.0749809 -0.0749405
0 -0.0365978 -0.0732622 -0.0723196
0 -0.0356889 -0.0715454 -0.0696274
0 -0.0340567 -0.0698419 -0.0670368
0 -0.0318602 -0.0681297 -0.0647001
0 -0.0292857 -0.0663666 -0.0627183
0 -0.0265198 -0.0645308 -0.0611409
0 -0.0237524 -0.0626372 -0.0599634
0 -0.0211685 -0.0607298 -0.0591194
0 -0.0189066 -0.0588645 -0.0584862
0 -0.017066 -0.0571039 -0.0579182
0 -0.0157129 -0.0555159 -0.0572769
0 -0.0148749 -0.0541566 -0.0564501
0 -0.014554 -0.0530696 -0.055377
0 -0.0147231 -0.0522774 -0.0540622
0 -0.0153284 -0.0517711 -0.052573
0 -0.016294 -0.0515208 -0.051025
0 -0.017516 -0.0514713 -0.0495566
0 -0.0188563 -0.0515389 -0.0482984
0 -0.0201513 -0.0516247 -0.0473422
0 -0.0212296 -0.0516258 -0.0467223
0 -0.021935 -0.0514601 -0.0464177
0 -0.0221564 -0.0510927 -0.0463687
0 -0.0218448 -0.0505327 -0.04649
0 -0.0210149 -0.0498281 -0.0466833
0 -0.0197421 -0.049051 -0.046852
0 -0.0181516 -0.0482731 -0.046916
0 -0.0164043 -0.0475566 -0.0468282
0 -0.0146805 -0.0469461 -0.0465829
0 -0.0131591 -0.0464686 -0.0462085
0 -0.0119869 -0.0461281 -0.0457483
0 -0.0112431 -0.0458868 -0.0452278
0 -0.0109253 -0.0456637 -0.0446395
0 -0.0109774 -0.045367 -0.0439626
0 -0.0113235 -0.0449345 -0.0431884
0 -0.0118861 -0.0443517 -0.0423272
0 -0.0125969 -0.0436545 -0.0414117
0 -0.0134063 -0.0429242 -0.0405014
0 -0.0142876 -0.0422748 -0.0396802
0 -0.0152405 -0.0418402 -0.0390552
0 -0.01629 -0.0417648 -0.0387577
0 -0.0174589 -0.0421713 -0.0389154
0 -0.0187337 -0.043125 -0.0396179
0 -0.0200633 -0.0446324 -0.0409095
0 -0.021375 -0.0466523 -0.0427962
0 -0.0225974 -0.0491103 -0.0452548
0 -0.0236744 -0.0519093 -0.0482353
0 -0.0245762 -0.0549494 -0.0516699
0 -0.0253172 -0.0581547 -0.0554892
0 -0.0259594 -0.061486 -0.0596298
0 -0.0266067 -0.0649453 -0.0640386
0 -0.0273902 -0.0685798 -0.0686809
0 -0.02843 -0.0724655 -0.0735418
0 -0.0298284 -0.0766646 -0.0786116
0 -0.0316725 -0.0812275 -0.0838731
0 -0.0340001 -0.0861897 -0.0893058
0 -0.0367855 -0.0915327 -0.0948834
0 -0.0399234 -0.0971679 -0.100543
0 -0.0432128 -0.102914 -0.106157
0 -0.0464155 -0.108539 -0.111577
0 -0.0493204 -0.113832 -0.116673
0 -0.0517621 -0.118618 -0.121346
0 -0.0536306 -0.122773 -0.125524
0 -0.0548828 -0.126241 -0.129175
0 -0.0555381 -0.129031 -0.132297
0 -0.0556647 -0.131204 -0.134911
0 -0.0553574 -0.13285 -0.137044
0 -0.0547211 -0.134056 -0.138712
0 -0.0538572 -0.134894 -0.13992
0 -0.0528459 -0.1354 -0.140658
0 -0.051744 -0.135575 -0.140902
0 -0.0505954 -0.135393 -0.140638
0 -0.0494432 -0.134829 -0.139867
0 -0.0483272 -0.133851 -0.138599
0 -0.0472562 -0.132405 -0.136834
0 -0.0462003 -0.130426 -0.134552
0 -0.0451181 -0.127877 -0.131734
0 -0.0439853 -0.124774 -0.128385
0 -0.042808 -0.121193 -0.124548
0 -0.04163 -0.117274 -0.120316
0 -0.0405157 -0.113188 -0.115817
0 -0.0395142 -0.109096 -0.111185
0 -0.038652 -0.105129 -0.10655
0 -0.037951 -0.1014 -0.102051
0 -0.0374276 -0.0980083 -0.097828
0 -0.0370743 -0.0950115 -0.0940007
0 -0.0368398 -0.0923971 -0.0906416
0 -0.036615 -0.0901017 -0.0877588
0 -0.0362695 -0.0880302 -0.0853084
0 -0.03571 -0.0861069 -0.0832402
0 -0.0348955 -0.0843066 -0.0815149
0 -0.0338286 -0.0826309 -0.0800913
0 -0.0325399 -0.0810941 -0.0789191
0 -0.0310729 -0.0797046 -0.0779311
0 -0.0294675 -0.0784411 -0.0770385
0 -0.0277522 -0.0772482 -0.0761372
0 -0.0259565 -0.0760488 -0.0751263
0 -0.0241227 -0.0747672 -0.0739301
0 -0.0223181 -0.0733567 -0.0725166
0 -0.0206442 -0.0718196 -0.0709109
0 -0.0192181 -0.0701999 -0.0691797
0 -0.0181413 -0.0685601 -0.067401
0 -0.017488 -0.0669763 -0.0656536
0 -0.0173002 -0.0655328 -0.064012
0 -0.0175722 -0.0643033 -0.062534
0 -0.0182445 -0.0633381 -0.0612566
0 -0.0192174 -0.0626627 -0.0602029
0 -0.0203703 -0.062283 -0.0593929
0 -0.0215825 -0.0621938 -0.0588523
0 -0.0227434 -0.0623788 -0.0586096
0 -0.0237444 -0.0627991 -0.0586776
0 -0.0244733 -0.0633873 -0.0590366
0 -0.0248309 -0.0640592 -0.0596392
0 -0.0247582 -0.064733 -0.0604268
0 -0.0242548 -0.0653454 -0.0613421
0 -0.0233816 -0.0658579 -0.0623341
0 -0.0222545 -0.0662638 -0.0633622
0 -0.0210339 -0.0665917 -0.0644012
0 -0.0199015 -0.0668981 -0.0654386
0 -0.0190241 -0.0672458 -0.0664615
0 -0.0185208 -0.0676774 -0.0674449
0 -0.0184357 -0.0681923 -0.0683364
0 -0.018742 -0.0687523 -0.069063
0 -0.0193734 -0.0693113 -0.0695642
0 -0.0202494 -0.0698338 -0.0698153
0 -0.0212876 -0.0703015 -0.0698324
0 -0.022409 -0.0707115 -0.0696665
0 -0.0235427 -0.0710716 -0.0693974
0 -0.0246321 -0.071401 -0.0691267
0 -0.0256365 -0.0717304 -0.0689627
0 -0.026525 -0.0720951 -0.0689995
0 -0.0272732 -0.0725295 -0.069304
0 -0.0278663 -0.0730677 -0.0699138
0 -0.0283046 -0.0737451 -0.0708408
0 -0.0286081 -0.0745999 -0.0720797
0 -0.0288134 -0.0756659 -0.073611
0 -0.0289662 -0.0769645 -0.0754028
0 -0.0291222 -0.0785062 -0.0774215
0 -0.0293498 -0.0802976 -0.0796444
0 -0.0297259 -0.082343 -0.0820648
0 -0.0303233 -0.0846437 -0.0846883
0 -0.0311995 -0.0871968 -0.0875215
0 -0.0323885 -0.0899895 -0.0905645
0 -0.0338907 -0.0930004 -0.0938092
0 -0.0356778 -0.0962069 -0.097239
0 -0.037707 -0.0995811 -0.100829
0 -0.0399026 -0.103079 -0.104536
0 -0.042146 -0.106626 -0.108286
0 -0.0443022 -0.110125 -0.11198
0 -0.0462491 -0.113477 -0.115523
0 -0.0478952 -0.116607 -0.118841
0 -0.0491827 -0.11945 -0.121878
0 -0.0500933 -0.12197 -0.124599
0 -0.0506553 -0.124166 -0.127009
0 -0.0509356 -0.126068 -0.129134
0 -0.0510204 -0.127723 -0.131017
0 -0.0509994 -0.129185 -0.132698
0 -0.0509649 -0.13051 -0.134223
0 -0.051005 -0.131758 -0.13564
0 -0.0511807 -0.132972 -0.136981
0 -0.0515056 -0.134159 -0.138246
0 -0.0519443 -0.135286 -0.139403
0 -0.0524367 -0.136303 -0.140405
0 -0.0529219 -0.137162 -0.141217
0 -0.0533458 -0.137824 -0.141813
0 -0.0536609 -0.138254 -0.142172
0 -0.0538195 -0.138412 -0.14227
0 -0.0537711 -0.138255 -0.142072
0 -0.0534651 -0.137735 -0.141532
0 -0.0528573 -0.136805 -0.140598
0 -0.0519142 -0.135419 -0.139214
0 -0.0506118 -0.133532 -0.137317
0 -0.0489292 -0.131092 -0.134838
0 -0.0468532 -0.128042 -0.131703
0 -0.0443874 -0.124338 -0.127852
0 -0.0415556 -0.119948 -0.12324
0 -0.0383985 -0.114863 -0.117849
0 -0.0349662 -0.109092 -0.11168
0 -0.031314 -0.102661 -0.104757
0 -0.0275385 -0.0956206 -0.09713
0 -0.0237404 -0.0880528 -0.0888881
0 -0.0199564 -0.080078 -0.0801551
0 -0.0162508 -0.0718236 -0.0710674
0 -0.0127276 -0.063407 -0.0617735
0 -0.00945409 -0.0549578 -0.0524447
0 -0.0064962 -0.0466066 -0.0432594
0 -0.00392563 -0.0384575 -0.0343773
0 -0.00178959 -0.0305978 -0.0259343
0 -0.000123596 -0.0231121 -0.0180445
0 0.00103473 -0.0160746 -0.0107921
0 0.0016632 -0.00954945 -0.00422399
0 0.00176254 -0.00359153 0.00164659
0 0.00134619 0.0017518 0.0068278
0 0.0004374 0.00642707 0.01133
0 -0.000931065 0.0103746 0.0151514
0 -0.00271608 0.0135344 0.0182752
0 -0.00485562 0.0158588 0.0206759
0 -0.00725811 0.017327 0.0223308
0 -0.00980378 0.0179499 0.0232264
0 -0.0123531 0.0177666 0.02336
0 -0.0147621 0.0168331 0.0227345
0 -0.0168979 0.0152145 0.0213596
0 -0.0186405 0.0129878 0.019261
0 -0.0198987 0.0102436 0.0164784
0 -0.0206494 0.00708138 0.013058
0 -0.0209419 0.00359962 0.00905297
0 -0.0208748 -0.000114196 0.00452601
0 -0.0205905 -0.00399367 -0.000445784
0 -0.0202618 -0.00800054 -0.00576816
0 -0.0200629 -0.012128 -0.011332
0 -0.0201319 -0.0163903 -0.0170148
0 -0.0205635 -0.0207967 -0.022688
0 -0.0214242 -0.0253476 -0.0282333
0 -0.0227322 -0.030039 -0.0335534
0 -0.0244587 -0.0348456 -0.0385853
0 -0.0265466 -0.0397164 -0.0433067
0 -0.028902 -0.0445767 -0.0477272
0 -0.0313997 -0.0493229 -0.051871
0 -0.0338974 -0.0538326 -0.0557614
0 -0.0362538 -0.0579856 -0.059415
0 -0.0383469 -0.0616845 -0.0628394
0 -0.0400804 -0.0648617 -0.0660247
0 -0.0413801 -0.0674745 -0.0689316
0 -0.0421901 -0.0695033 -0.0714913
0 -0.0424708 -0.070947 -0.0736107
0 -0.0421984 -0.0718132 -0.0751803
0 -0.0413681 -0.0721084 -0.0760879
0 -0.0399973 -0.0718274 -0.0762315
0 -0.0381226 -0.0709449 -0.0755277
0 -0.035796 -0.0694139 -0.0739188
0 -0.033088 -0.0671737 -0.0713793
0 -0.0300918 -0.0641642 -0.0679201
0 -0.0269251 -0.0603445 -0.0635884
0 -0.0237199 -0.0557156 -0.0584634
0 -0.0206107 -0.0503422 -0.0526503
0 -0.0177255 -0.044351 -0.0462698
0 -0.0151822 -0.0379142 -0.0394442
0 -0.0130464 -0.0312242 -0.0322916
0 -0.01129 -0.0244698 -0.0249217
0 -0.00987222 -0.0178018 -0.0174373
0 -0.00875895 -0.0113233 -0.00994027
0 -0.00787902 -0.00510368 -0.00254264
0 -0.00717498 0.000828132 0.00462288
0 -0.00661797 0.00645658 0.0114111
0 -0.00618122 0.0117746 0.0176843
0 -0.00584875 0.0167829 0.0233309
0 -0.00561911 0.0214611 0.028279
0 -0.00549755 0.025769 0.0324956
0 -0.00549913 0.0296379 0.0359776
0 -0.00564624 0.0329781 0.0387498
0 -0.0059468 0.0357093 0.0408634
0 -0.00638821 0.0377689 0.0423838
0 -0.00695179 0.039112 0.043367
0 -0.00761763 0.0397098 0.0438413
0 -0.00836653 0.039548 0.0438025
0 -0.00917861 0.0386332 0.0432203
0 -0.0100213 0.0370086 0.0420566
0 -0.0108584 0.0347646 0.0402789
0 -0.0116679 0.0320266 0.0378651
0 -0.0124441 0.0289286 0.0348089
0 -0.0132023 0.0255845 0.0311298
0 -0.013978 0.022073 0.0268818
0 -0.014807 0.0184437 0.0221649
0 -0.0157084 0.0147309 0.0171279
0 -0.0166848 0.0109609 0.0119507
0 -0.0177351 0.00715233 0.00681728
0 -0.018862 0.00331564 0.00189579
0 -0.0200448 -0.000522033 -0.00267599
0 -0.0212485 -0.00431901 -0.00680759
0 -0.0224774 -0.00804072 -0.010476
0 -0.0237616 -0.0116601 -0.0137406
0 -0.0251524 -0.0151823 -0.016736
0 -0.026735 -0.0186437 -0.0196433
0 -0.0285843 -0.0220877 -0.0226431
0 -0.0307296 -0.0255515 -0.0258717
0 -0.0331623 -0.0290613 -0.0294083
0 -0.0358353 -0.0326336 -0.0332703
0 -0.0386532 -0.0362633 -0.0374034
0 -0.0414755 -0.0399083 -0.0416778
0 -0.044124 -0.0434844 -0.0459008
0 -0.0464096 -0.0468819 -0.0498574
0 -0.0481762 -0.0499953 -0.0533614
0 -0.0493258 -0.0527419 -0.0562896
0 -0.0498204 -0.0550668 -0.0585909
0 -0.0496781 -0.0569392 -0.0602789
0 -0.0489674 -0.0583478 -0.0614157
0 -0.047803 -0.0592964 -0.0620912
0 -0.0463221 -0.0597952 -0.0623963
0 -0.0446523 -0.0598481 -0.0623937
0 -0.0428984 -0.0594464 -0.0621016
0 -0.0411395 -0.0585741 -0.061494
0 -0.0394331 -0.0572178 -0.0605139
0 -0.0378236 -0.0553739 -0.0590874
0 -0.0363357 -0.0530538 -0.0571356
0 -0.0349741 -0.0502888 -0.0545883
0 -0.0337292 -0.0471252 -0.0513988
0 -0.0325728 -0.043615 -0.0475578
0 -0.0314671 -0.0398115 -0.0431009
0 -0.0303712 -0.0357588 -0.0381047
0 -0.0292411 -0.0314885 -0.0326799
0 -0.0280479 -0.0270304 -0.0269623
0 -0.0267706 -0.0224082 -0.021092
0 -0.0253685 -0.0176286 -0.0151939
0 -0.0237963 -0.0126912 -0.00936614
0 -0.0220247 -0.00759644 -0.00367168
0 -0.0200401 -0.00235903 0.00186066
0 -0.0178497 0.00298405 0.00722367
0 -0.0154914 0.00836849 0.0124196
0 -0.0130359 0.0137003 0.0174529
0 -0.0105645 0.0188793 0.0223287
0 -0.00815337 0.0238142 0.0270513
0 -0.00587479 0.0284314 0.0316157
0 -0.00379082 0.0326781 0.0359987
0 -0.00195324 0.0365203 0.0401573
0 -0.000398733 0.0399504 0.0440391
0 0.00085934 0.0429869 0.0475939
0 0.00182566 0.0456642 0.0507786
0 0.002512 0.0480193 0.0535564
0 0.00292657 0.050075 0.0558948
0 0.00307004 0.0518338 0.0577666
0 0.00293903 0.0532776 0.0591545
0 0.00253495 0.0543739 0.0600545
0 0.00187087 0.0550835 0.0604777
0 0.0009749 0.0553685 0.0604483
0 -0.000105888 0.0552007 0.0600011
0 -0.00131055 0.054564 0.0591718
0 -0.00257388 0.0534519 0.0579865
0 -0.0038333 0.0518687 0.0564551
0 -0.00504076 0.0498327 0.0545666
0 -0.00617396 0.0473801 0.0522923
0 -0.00723666 0.0445639 0.0495954
0 -0.0082503 0.0414479 0.0464458
0 -0.00924657 0.0380967 0.0428337
0 -0.0102612 0.0345681 0.0387808
0 -0.0113262 0.0309074 0.0343445
0 -0.0124724 0.0271392 0.0296085
0 -0.0137346 0.0232624 0.0246649
0 -0.0151512 0.0192573 0.0196018
0 -0.0167629 0.0150954 0.0144996
0 -0.0185886 0.0107588 0.00943496
0 -0.0205908 0.00626732 0.00448468
0 -0.0227057 0.00167721 -0.000283773
0 -0.0248691 -0.00293572 -0.00482946
0 -0.0270094 -0.00748346 -0.00914271
0 -0.0290692 -0.0118795 -0.0132382
0 -0.0310052 -0.0160511 -0.0171464
0 -0.0327822 -0.0199428 -0.0208992
0 -0.0343745 -0.0235148 -0.0245123
0 -0.0357574 -0.0267415 -0.0279761
0 -0.0369136 -0.0296174 -0.031261
0 -0.0378392 -0.0321572 -0.0343247
0 -0.0385398 -0.0343903 -0.0371181
0 -0.0390294 -0.036353 -0.0395941
0 -0.0393299 -0.0380828 -0.0417168
0 -0.0394662 -0.0396091 -0.0434658
0 -0.039456 -0.0409408 -0.0448317
0 -0.0393073 -0.0420621 -0.0458148
0 -0.039027 -0.0429407 -0.0464289
0 -0.0386272 -0.0435385 -0.0467017
0 -0.0381244 -0.0438167 -0.0466666
0 -0.0375409 -0.0437433 -0.0463561
0 -0.036903 -0.0432969 -0.0457932
0 -0.0362333 -0.0424655 -0.0449828
0 -0.0355474 -0.0412537 -0.0439124
0 -0.0348569 -0.0396925 -0.04256
0 -0.0341735 -0.0378402 -0.040906
0 -0.0335101 -0.0357752 -0.0389447
0 -0.0328731 -0.0335777 -0.0366842
0 -0.0322552 -0.0313113 -0.034145
0 -0.0316379 -0.0290172 -0.0313646
0 -0.0309993 -0.0267177 -0.0284022
0 -0.0303197 -0.0244196 -0.0253352
0 -0.0295858 -0.0221234 -0.0222524
0 -0.0287924 -0.0198334 -0.0192409
0 -0.0279401 -0.0175523 -0.0163741
0 -0.0270322 -0.0152794 -0.0137055
0 -0.0260727 -0.0130231 -0.0112629
0 -0.0250692 -0.0108012 -0.00904983
0 -0.0240417 -0.00864835 -0.00705458
0 -0.0230105 -0.00661352 -0.00525631
0 -0.0219887 -0.00474006 -0.00362496
0 -0.0209952 -0.00305793 -0.00212434
0 -0.0200466 -0.00158231 -0.00072041
0 -0.0191558 -0.000311387 0.000610823
0 -0.018336 0.000773455 0.00188111
0 -0.0175932 0.00170679 0.00309264
0 -0.0169272 0.00253439 0.00424161
0 -0.0163334 0.00330561 0.00532189
0 -0.0158016 0.00406963 0.00633129
0 -0.0153139 0.00487115 0.00727776
0 -0.0148509 0.00574245 0.0081796
0 -0.0144018 0.00669259 0.00905693
0 -0.0139731 0.00769991 0.00992104
0 -0.0135855 0.00871962 0.0107737
0 -0.0132676 0.00969409 0.0116073
0 -0.0130556 0.0105569 0.0123988
0 -0.0129864 0.0112424 0.0131114
0 -0.0130864 0.0116985 0.0137015
0 -0.0133603 0.0118972 0.0141282
0 -0.0137842 0.0118412 0.0143625
0 -0.0143019 0.0115677 0.0143969
0 -0.014831 0.0111428 0.0142477
0 -0.0152858 0.0106414 0.013943
0 -0.0156023 0.010124 0.0135075
0 -0.0157537 0.00962333 0.0129543
0 -0.0157588 0.00913657 0.0122806
0 -0.0156777 0.00862678 0.0114687
0 -0.0155972 0.00803311 0.0104931
0 -0.0156105 0.00728756 0.00933099
0 -0.0157952 0.00633363 0.00797285
0 -0.0161972 0.00514004 0.00642864
0 -0.0168238 0.00370675 0.00472768
0 -0.0176501 0.00206032 0.0029099
0 -0.0186334 0.000241293 0.00101187
0 -0.0197245 -0.00170384 -0.000939934
0 -0.0208731 -0.00372391 -0.00292637
0 -0.0220333 -0.00576888 -0.00493484
0 -0.0231643 -0.00779405 -0.006956
0 -0.0242195 -0.00975843 -0.00897482
0 -0.0251595 -0.011632 -0.0109747
0 -0.0259718 -0.0134025 -0.0129462
0 -0.0266559 -0.0150677 -0.0148802
0 -0.0272128 -0.0166218 -0.0167569
0 -0.0276435 -0.0180528 -0.0185416
0 -0.0279474 -0.0193476 -0.0201891
0 -0.0281248 -0.0204901 -0.0216488
0 -0.0281734 -0.021456 -0.0228682
0 -0.0280928 -0.0222167 -0.0238021
0 -0.0278951 -0.0227493 -0.0244232
0 -0.0276075 -0.023041 -0.024727
0 -0.0272679 -0.0230895 -0.0247281
0 -0.0269147 -0.0228968 -0.0244509
0 -0.0265791 -0.0224668 -0.0239211
0 -0.0262781 -0.0218051 -0.023159
0 -0.026008 -0.0209167 -0.0221733
0 -0.0257504 -0.0198107 -0.0209652
0 -0.0254788 -0.018504 -0.019536
0 -0.0251682 -0.0170244 -0.0178952
0 -0.0247979 -0.0154061 -0.016062
0 -0.024352 -0.0136846 -0.0140652
0 -0.0238284 -0.011901 -0.0119485
0 -0.0232375 -0.0100942 -0.00976589
0 -0.0225912 -0.00829068 -0.00757006
0 -0.0219014 -0.00651035 -0.00540992
0 -0.0211804 -0.00477247 -0.0033328
0 -0.0204472 -0.0031048 -0.00139026
0 -0.0197402 -0.00154952 0.000361437
0 -0.0191048 -0.000153831 0.00187141
0 -0.0185749 0.00104237 0.00310664
0 -0.0181702 0.00201071 0.004056
0 -0.0178901 0.00274002 0.004732
0 -0.0177083 0.00324347 0.00517282
0 -0.017587 0.00354824 0.00542722
0 -0.0174944 0.00368276 0.0055373
0 -0.0174053 0.00367666 0.00553636
0 -0.0173064 0.00355877 0.00544609
0 -0.0172037 0.00334998 0.00527092
0 -0.0171189 0.00306175 0.00500165
0 -0.0170828 0.00269658 0.00462119
0 -0.017129 0.00225015 0.00411219
0 -0.017286 0.00171381 0.00346291
0 -0.0175794 0.00106937 0.0026623
0 -0.0180318 0.00028858 0.0016982
0 -0.0186539 -0.00065745 0.000563228
0 -0.0194398 -0.00179019 -0.000741526
0 -0.0203676 -0.00311913 -0.00220729
0 -0.0214015 -0.00463715 -0.0038177
0 -0.0224969 -0.0063207 -0.00555163
0 -0.0236059 -0.0081312 -0.0073842
0 -0.0246726 -0.0100187 -0.0092865
0 -0.0256418 -0.0119327 -0.0112321
0 -0.0264787 -0.0138312 -0.0132031
0 -0.0271732 -0.0156865 -0.0151933
0 -0.0277401 -0.0174859 -0.0172038
0 -0.0282068 -0.0192201 -0.0192299
0 -0.0285921 -0.0208715 -0.0212469
0 -0.0289024 -0.0224143 -0.0232055
0 -0.0291347 -0.0238191 -0.0250384
0 -0.0292811 -0.0250553 -0.0266714
0 -0.0293369 -0.0260956 -0.0280371
0 -0.0293024 -0.0269162 -0.0290823
0 -0.029181 -0.0274927 -0.0297692
0 -0.0289824 -0.0278038 -0.0300801
0 -0.0287301 -0.0278406 -0.0300245
0 -0.0284596 -0.0276089 -0.0296369
0 -0.0282074 -0.0271247 -0.0289648
0 -0.0279993 -0.0264099 -0.0280567
0 -0.0278443 -0.0254907 -0.0269539
0 -0.0277348 -0.0243978 -0.0256892
0 -0.0276485 -0.023165 -0.0242871
0 -0.0275574 -0.0218306 -0.0227708
0 -0.0274403 -0.0204432 -0.0211731
0 -0.0272832 -0.0190541 -0.019536
0 -0.0270758 -0.017709 -0.0179042
0 -0.0268101 -0.0164418 -0.0163206
0 -0.0264823 -0.0152722 -0.0148246
0 -0.0260918 -0.0142059 -0.0134504
0 -0.0256372 -0.013236 -0.0122216
0 -0.0251221 -0.0123502 -0.0111541
0 -0.0245563 -0.0115372 -0.0102548
0 -0.0239509 -0.0107858 -0.00951783
0 -0.0233172 -0.0100852 -0.00892375
0 -0.022663 -0.00942225 -0.00843781
0 -0.0219903 -0.00877796 -0.00800979
0 -0.0212958 -0.00812899 -0.00758056
0 -0.0205777 -0.00745079 -0.00709239
0 -0.0198417 -0.00672136 -0.00649732
0 -0.019105 -0.00592714 -0.00576481
0 -0.0183953 -0.00506611 -0.00488578
0 -0.0177462 -0.00414457 -0.00386848
0 -0.0171888 -0.00317405 -0.00273324
0 -0.0167484 -0.00217136 -0.00151018
0 -0.0164414 -0.00115788 -0.000236329
0 -0.0162676 -0.00015351 0.00105168
0 -0.0162075 0.000828904 0.00232464
0 -0.0162249 0.001782 0.00356171
0 -0.0162715 0.00270353 0.00474992
0 -0.0162926 0.00359815 0.00588444
0 -0.0162346 0.00447541 0.00696744
0 -0.0160519 0.00534807 0.0080061
0 -0.0157136 0.00622893 0.0090085
0 -0.0152116 0.00712433 0.00997827
0 -0.0145602 0.0080336 0.0109147
0 -0.0137893 0.00895366 0.0118181
0 -0.0129439 0.00987564 0.0126868
0 -0.0120864 0.010778 0.0135102
0 -0.011288 0.0116291 0.0142707
0 -0.010618 0.0123928 0.0149489
0 -0.0101386 0.0130289 0.0155215
0 -0.00990145 0.0134932 0.0159602
0 -0.00994446 0.0137396 0.0162304
0 -0.0102875 0.0137234 0.0162931
0 -0.0109245 0.0134106 0.0161115
0 -0.0118209 0.0127844 0.0156576
0 -0.0129145 0.0118487 0.014915
0 -0.0141226 0.0106279 0.0138807
0 -0.015361 0.00915486 0.012555
0 -0.0165647 0.00745609 0.0109312
0 -0.0176975 0.00554604 0.00899377
0 -0.0187486 0.00343208 0.00672824
0 -0.0197212 0.00112532 0.00413554
0 -0.0206242 -0.00135369 0.00124038
0 -0.0214715 -0.0039775 -0.00191081
0 -0.0222789 -0.00671182 -0.00525204
0 -0.0230633 -0.00951703 -0.0087036
0 -0.0238398 -0.0123544 -0.0121833
0 -0.0246077 -0.0151872 -0.0156116
0 -0.0253625 -0.0179775 -0.0189147
0 -0.026112 -0.0206863 -0.0220308
0 -0.026862 -0.0232768 -0.024911
0 -0.0276116 -0.0257123 -0.0275208
0 -0.0283525 -0.0279503 -0.0298358
0 -0.0290689 -0.0299476 -0.0318407
0 -0.0297422 -0.0316645 -0.0335278
0 -0.0303539 -0.0330705 -0.0348966
0 -0.0308917 -0.0341484 -0.0359539
0 -0.0313459 -0.0348924 -0.0367076
0 -0.0317095 -0.0353085 -0.037166
0 -0.0319792 -0.0354153 -0.0373375
0 -0.0321523 -0.035243 -0.03723
0 -0.0322281 -0.0348306 -0.0368541
0 -0.032207 -0.0342205 -0.0362255
0 -0.0320904 -0.033454 -0.035367
0 -0.031885 -0.0325704 -0.034312
0 -0.0316002 -0.0316021 -0.0331013
0 -0.0312451 -0.0305718 -0.0317796
0 -0.0308307 -0.0294959 -0.0303947
0 -0.0303748 -0.0283923 -0.0289985
0 -0.0299014 -0.0272836 -0.0276437
0 -0.0294325 -0.0261924 -0.0263726
0 -0.0289832 -0.0251389 -0.0252114
0 -0.0285612 -0.0241407 -0.0241712
0 -0.028169 -0.0232135 -0.0232518
0 -0.0278077 -0.0223728 -0.0224462
0 -0.0274792 -0.0216337 -0.0217461
0 -0.027186 -0.0210087 -0.0211432
0 -0.0269263 -0.0205013 -0.0206269
0 -0.0266903 -0.0201009 -0.0201815
0 -0.0264624 -0.0197848 -0.0197885
0 -0.0262247 -0.0195218 -0.0194285
0 -0.0259586 -0.0192751 -0.0190813
0 -0.0256494 -0.0190075 -0.0187277
0 -0.0252888 -0.0186866 -0.0183515
0 -0.024879 -0.0182907 -0.0179413
0 -0.0244352 -0.0178135 -0.0174934
0 -0.0239812 -0.017263 -0.0170098
0 -0.0235402 -0.0166527 -0.0164896
0 -0.0231309 -0.0159979 -0.0159281
0 -0.0227688 -0.0153171 -0.0153205
0 -0.0224641 -0.01463 -0.0146643
0 -0.0222205 -0.0139535 -0.0139592
0 -0.0220397 -0.0133044 -0.0132137
0 -0.021924 -0.0127 -0.0124462
0 -0.0218666 -0.01215 -0.0116767
0 -0.0218507 -0.0116534 -0.0109225
0 -0.0218501 -0.0111979 -0.0101964
0 -0.0218283 -0.0107588 -0.00950264
0 -0.0217468 -0.0103053 -0.00883819
0 -0.0215753 -0.00981215 -0.00819895
0 -0.0213009 -0.00926798 -0.007585
0 -0.0209305 -0.00867724 -0.00700074
0 -0.0204851 -0.00805519 -0.00644975
0 -0.0199931 -0.00742222 -0.00593153
0 -0.019489 -0.00680255 -0.00544446
0 -0.0190112 -0.00622308 -0.00498851
0 -0.0185959 -0.00570875 -0.00456465
0 -0.0182714 -0.00527818 -0.00417418
0 -0.018055 -0.00494095 -0.00381821
0 -0.0179515 -0.00469729 -0.00349832
0 -0.0179528 -0.0045384 -0.00321604
0 -0.0180433 -0.00445169 -0.00297585
0 -0.0182065 -0.00442822 -0.00278968
0 -0.0184247 -0.00446197 -0.00267287
0 -0.0186794 -0.00454969 -0.00264092
0 -0.018955 -0.00469376 -0.00270955
0 -0.0192405 -0.00490299 -0.00289379
0 -0.0195309 -0.00519168 -0.00320689
0 -0.0198254 -0.00557694 -0.0036589
0 -0.0201218 -0.00607024 -0.00425069
0 -0.0204141 -0.00667294 -0.00497226
0 -0.020699 -0.00738157 -0.00581055
0 -0.0209744 -0.00818567 -0.00674905
0 -0.0212383 -0.0090668 -0.00776733
0 -0.0214953 -0.0100073 -0.00884901
0 -0.0217612 -0.0109969 -0.00998677
0 -0.022062 -0.0120357 -0.0111831
0 -0.0224269 -0.0131301 -0.0124452
0 -0.0228802 -0.0142878 -0.0137783
0 -0.0234363 -0.0155133 -0.0151815
0 -0.0240888 -0.0167975 -0.0166384
0 -0.0248098 -0.0181178 -0.0181191
0 -0.0255606 -0.019447 -0.019589
0 -0.0263017 -0.0207552 -0.0210137
0 -0.0270006 -0.022018 -0.0223684
0 -0.0276365 -0.0232204 -0.0236416
0 -0.0281971 -0.0243503 -0.0248284
0 -0.0286719 -0.0253919 -0.0259222
0 -0.0290469 -0.0263232 -0.02691
0 -0.0293086 -0.0271188 -0.0277748
0 -0.0294515 -0.0277582 -0.0285005
0 -0.029477 -0.0282268 -0.0290723
0 -0.0293913 -0.0285137 -0.029474
0 -0.0292043 -0.0286115 -0.0296887
0 -0.0289311 -0.0285183 -0.0297023
0 -0.0285937 -0.0282403 -0.0295078
0 -0.0282208 -0.027793 -0.0291081
0 -0.0278396 -0.0271947 -0.0285115
0 -0.0274688 -0.026462 -0.0277275
0 -0.0271186 -0.0256096 -0.0267683
0 -0.0267977 -0.0246579 -0.0256566
0 -0.0265172 -0.0236366 -0.0244288
0 -0.0262827 -0.0225757 -0.0231259
0 -0.0260917 -0.0215032 -0.021789
0 -0.0259372 -0.0204464 -0.0204583
0 -0.0258072 -0.0194279 -0.0191683
0 -0.0256842 -0.0184615 -0.0179458
0 -0.025545 -0.017553 -0.0168085
0 -0.025364 -0.0167003 -0.0157648
0 -0.0251177 -0.0158953 -0.0148151
0 -0.0247854 -0.0151261 -0.0139512
0 -0.0243538 -0.014381 -0.0131617
0 -0.0238209 -0.0136515 -0.0124349
0 -0.0231976 -0.0129333 -0.0117594
0 -0.0225087 -0.0122271 -0.0111259
0 -0.0217829 -0.0115319 -0.0105212
0 -0.0210452 -0.010839 -0.00992397
0 -0.0203194 -0.010136 -0.00930918
0 -0.0196275 -0.00941126 -0.00865355
0 -0.0189934 -0.00865965 -0.00794176
0 -0.0184418 -0.00788433 -0.00716801
0 -0.017991 -0.00709255 -0.00633237
0 -0.0176501 -0.00629381 -0.0054397
0 -0.0174182 -0.00549829 -0.00449905
0 -0.0172849 -0.0047158 -0.00352389
0 -0.0172328 -0.00395577 -0.00253238
0 -0.0172386 -0.00322715 -0.00154649
0 -0.0172765 -0.00253892 -0.000592204
0 -0.0173259 -0.00190452 0.000297504
0 -0.0173752 -0.00134379 0.00108354
0 -0.0174193 -0.000878839 0.00172706
0 -0.017458 -0.000531865 0.00219373
0 -0.0174959 -0.000325072 0.00245573
0 -0.0175451 -0.000282779 0.00248972
0 -0.0176228 -0.000429586 0.00227801
0 -0.0177435 -0.000781661 0.00181529
0 -0.0179167 -0.00134401 0.00110873
0 -0.0181509 -0.00211467 0.000171776
0 -0.0184559 -0.00308742 -0.000980317
0 -0.0188439 -0.00425482 -0.00233429
0 -0.0193316 -0.00561175 -0.00388237
0 -0.019936 -0.00715391 -0.00562018
0 -0.0206684 -0.00887433 -0.00754238
0 -0.0215309 -0.0107613 -0.00963938
0 -0.0225169 -0.0127977 -0.0118952
0 -0.0236121 -0.0149626 -0.0142878
0 -0.0247961 -0.0172314 -0.0167892
0 -0.0260322 -0.0195747 -0.0193663
0 -0.0272692 -0.0219591 -0.0219819
0 -0.0284637 -0.0243495 -0.0245987
0 -0.0295831 -0.0267126 -0.0271832
0 -0.0306003 -0.0290163 -0.0297043
0 -0.031493 -0.031226 -0.0321289
0 -0.0322396 -0.0333025 -0.0344179
0 -0.0328162 -0.0351989 -0.0365245
0 -0.0331955 -0.0368602 -0.0383925
0 -0.0333574 -0.0382344 -0.039967
0 -0.0333007 -0.0392839 -0.0412063
0 -0.0330449 -0.0399891 -0.0420846
0 -0.032628 -0.0403457 -0.0425902
0 -0.0320966 -0.0403587 -0.0427203
0 -0.0314926 -0.0400322 -0.0424719
0 -0.0308541 -0.0393718 -0.0418444
0 -0.0302176 -0.0383928 -0.0408475
0 -0.029608 -0.0371162 -0.0394936
0 -0.0290353 -0.0355677 -0.037798
0 -0.0284996 -0.0337809 -0.0357852
0 -0.0279887 -0.0317918 -0.0334866
0 -0.0274824 -0.029637 -0.0309417
0 -0.0269605 -0.0273572 -0.0282032
0 -0.0264083 -0.024998 -0.025337
0 -0.0258187 -0.0226071 -0.0224151
0 -0.0251802 -0.0202162 -0.019499
0 -0.0244764 -0.017839 -0.016634
0 -0.02369 -0.015487 -0.0138564
0 -0.022802 -0.0131701 -0.011199
0 -0.021811 -0.0109001 -0.00868947
0 -0.0207325 -0.00869385 -0.00634585
0 -0.0195886 -0.00657039 -0.00417637
0 -0.0184172 -0.00455572 -0.00218397
0 -0.0172668 -0.00268166 -0.000370512
0 -0.0161868 -0.00098111 0.00126166
0 -0.01523 0.000511218 0.00270539
0 -0.0144486 0.00175979 0.00394587
0 -0.0138857 0.00273465 0.00496423
0 -0.013572 0.0034138 0.00573878
0 -0.013526 0.00378221 0.00624428
0 -0.0137492 0.00383257 0.00645514
0 -0.0142281 0.00356297 0.00634675
0 -0.0149368 0.00297345 0.0058957
0 -0.01584 0.00206362 0.00508122
0 -0.0168989 0.000829994 0.00388463
0 -0.0180714 -0.000728589 0.00229504
0 -0.0193108 -0.00260393 0.000315451
0 -0.0205704 -0.00477528 -0.00203535
0 -0.0218096 -0.00720993 -0.00472445
0 -0.0229997 -0.00986772 -0.0077095
0 -0.0241209 -0.0126985 -0.0109355
0 -0.0251657 -0.0156436 -0.0143354
0 -0.0261382 -0.0186506 -0.0178425
0 -0.0270333 -0.0216758 -0.0213957
0 -0.0278463 -0.0246773 -0.0249343
0 -0.0285946 -0.0276149 -0.0283983
0 -0.0292967 -0.0304507 -0.0317281
0 -0.0299641 -0.0331525 -0.0348648
0 -0.0306042 -0.0356865 -0.0377525
0 -0.0312104 -0.0380118 -0.0403387
0 -0.0317682 -0.0400863 -0.0425795
0 -0.0322594 -0.0418672 -0.0444399
0 -0.0326644 -0.0433133 -0.0458949
0 -0.0329657 -0.0443905 -0.0469326
0 -0.0331489 -0.0450703 -0.0475488
0 -0.0332024 -0.0453307 -0.0477442
0 -0.033117 -0.0451592 -0.0475215
0 -0.0328862 -0.0445549 -0.0468829
0 -0.0325041 -0.0435281 -0.0458284
0 -0.031965 -0.042101 -0.0443581
0 -0.0312709 -0.0403095 -0.0424816
0 -0.0304354 -0.0382033 -0.0402228
0 -0.0294778 -0.0358357 -0.0376171
0 -0.0284205 -0.0332587 -0.0347108
0 -0.0272893 -0.0305219 -0.0315625
0 -0.0261087 -0.0276687 -0.0282376
0 -0.0249002 -0.0247366 -0.0248014
0 -0.0236842 -0.0217559 -0.0213137
0 -0.0224806 -0.0187496 -0.0178278
0 -0.0212947 -0.0157437 -0.0143912
0 -0.0201236 -0.0127653 -0.0110437
0 -0.0189811 -0.00984104 -0.00781956
0 -0.0178837 -0.00700478 -0.00475133
0 -0.0168445 -0.00429222 -0.00186549
0 -0.0158771 -0.00173452 0.000822562
0 -0.0149881 0.000642611 0.00330761
0 -0.0141795 0.00282062 0.00558964
0 -0.0134545 0.00478443 0.00766686
0 -0.0128201 0.0065194 0.00953079
0 -0.0122827 0.0080155 0.01117
0 -0.0118453 0.00926919 0.0125737
0 -0.0115079 0.0102824 0.0137324
0 -0.0112678 0.0110597 0.0146376
0 -0.0111249 0.0116035 0.0152787
0 -0.0110802 0.0119134 0.015646
0 -0.0111345 0.0119872 0.0157325
0 -0.0112919 0.0118153 0.0155301
0 -0.0115574 0.0113846 0.0150315
0 -0.0119367 0.010683 0.0142317
0 -0.012436 0.00970026 0.0131272
0 -0.0130587 0.00843167 0.0117171
0 -0.0138035 0.00688145 0.0100067
0 -0.0146643 0.00506125 0.00800591
0 -0.0156362 0.00298425 0.0057242
0 -0.0167166 0.000663083 0.0031697
0 -0.0178985 -0.00188435 0.000356368
0 -0.0191663 -0.00463098 -0.00269077
0 -0.020501 -0.00754524 -0.00593924
0 -0.0218891 -0.0105973 -0.00935551
0 -0.0233244 -0.0137588 -0.0129047
0 -0.0248048 -0.0170041 -0.0165495
0 -0.0263072 -0.0203104 -0.020252
0 -0.0277928 -0.0236501 -0.0239707
0 -0.0292413 -0.0269905 -0.0276644
0 -0.0306391 -0.0303029 -0.031299
0 -0.0319777 -0.0335668 -0.0348495
0 -0.0332584 -0.036766 -0.0382996
0 -0.0344795 -0.0398816 -0.0416338
0 -0.0356305 -0.0428861 -0.0448296
0 -0.0366918 -0.0457443 -0.0478587
0 -0.0376426 -0.0484199 -0.0506915
0 -0.0384624 -0.0508782 -0.0532992
0 -0.0391316 -0.0530866 -0.055652
0 -0.0396374 -0.0550188 -0.0577242
0 -0.0399745 -0.0566567 -0.0594954
0 -0.0401418 -0.0579857 -0.0609471
0 -0.0401408 -0.0589931 -0.0620616
0 -0.0399799 -0.0596711 -0.0628267
0 -0.0396761 -0.0600165 -0.0632358
0 -0.0392532 -0.0600288 -0.0632867
0 -0.0387358 -0.0597066 -0.062978
0 -0.0381457 -0.0590453 -0.0623061
0 -0.0374993 -0.0580415 -0.0612667
0 -0.0368068 -0.0566991 -0.0598575
0 -0.0360732 -0.0550315 -0.0580795
0 -0.0352933 -0.0530566 -0.0559361
0 -0.0344519 -0.0507936 -0.0534333
0 -0.0335313 -0.0482644 -0.0505854
0 -0.0325105 -0.0454896 -0.0474138
0 -0.0313668 -0.0424842 -0.0439456
0 -0.0300843 -0.039264 -0.0402174
0 -0.0286622 -0.0358519 -0.0362802
0 -0.0271169 -0.0322831 -0.0321939
0 -0.0254797 -0.0285954 -0.0280173
0 -0.0237929 -0.0248251 -0.0238057
0 -0.0220854 -0.0210162 -0.0196119
0 -0.0203777 -0.0172148 -0.0154841
0 -0.0187121 -0.013465 -0.0114631
0 -0.0171277 -0.00981225 -0.00758461
0 -0.0156552 -0.00630421 -0.00388316
0 -0.014332 -0.00299058 -0.00039336
0 -0.0131897 8.1749e-05 0.0028533
0 -0.0122473 0.00287533 0.00583015
0 -0.0115127 0.00536456 0.00851583
0 -0.0109834 0.00753575 0.0108936
0 -0.010645 0.00938636 0.0129514
0 -0.0104768 0.0109207 0.0146804
0 -0.01046 0.0121415 0.0160701
0 -0.0105785 0.0130447 0.0171056
0 -0.0108193 0.0136215 0.0177708
0 -0.0111699 0.0138599 0.0180515
0 -0.0116188 0.0137441 0.0179337
0 -0.0121556 0.0132564 0.0174056
0 -0.0127673 0.0123838 0.0164613
0 -0.0134387 0.0111262 0.0151037
0 -0.014158 0.00949842 0.0133431
0 -0.0149162 0.00753115 0.0111983
0 -0.0157026 0.00527213 0.00870141
0 -0.0165067 0.00278079 0.00589778
0 -0.0173232 0.000118095 0.00284135
0 -0.0181512 -0.00265872 -0.000406807
0 -0.0189917 -0.00549647 -0.00377798
0 -0.0198445 -0.00834656 -0.00719815
0 -0.0207106 -0.0111693 -0.0105952
0 -0.0215955 -0.013937 -0.0139055
0 -0.0225099 -0.0166324 -0.0170765
0 -0.0234608 -0.0192451 -0.0200694
0 -0.0244517 -0.0217671 -0.0228608
0 -0.025489 -0.0241919 -0.0254408
0 -0.0265652 -0.0265041 -0.027807
0 -0.0276561 -0.0286763 -0.0299584
0 -0.0287305 -0.0306754 -0.0318949
0 -0.0297504 -0.032469 -0.0336191
0 -0.0306783 -0.0340281 -0.0351322
0 -0.0314782 -0.0353274 -0.0364302
0 -0.0321169 -0.0363493 -0.0375045
0 -0.0325697 -0.037085 -0.0383426
0 -0.0328244 -0.0375372 -0.038932
0 -0.0328855 -0.037723 -0.0392667
0 -0.0327696 -0.0376665 -0.0393453
0 -0.032499 -0.0373905 -0.0391672
0 -0.0321002 -0.0369144 -0.0387352
0 -0.0316025 -0.0362547 -0.0380572
0 -0.0310337 -0.0354222 -0.0371446
0 -0.0304184 -0.0344244 -0.036013
0 -0.0297817 -0.0332724 -0.0346868
0 -0.029146 -0.0319808 -0.0331958
0 -0.0285301 -0.0305691 -0.0315729
0 -0.0279515 -0.0290655 -0.0298552
0 -0.027418 -0.0274991 -0.0280763
0 -0.0269232 -0.0258943 -0.02626
0 -0.0264518 -0.0242736 -0.0244242
0 -0.0259879 -0.0226601 -0.0225855
0 -0.0255189 -0.0210752 -0.0207618
0 -0.0250359 -0.0195356 -0.0189736
0 -0.0245338 -0.0180566 -0.0172439
0 -0.0240132 -0.0166546 -0.0156
0 -0.0234769 -0.0153465 -0.0140709
0 -0.022933 -0.0141484 -0.0126843
0 -0.0223957 -0.0130741 -0.0114642
0 -0.0218786 -0.0121324 -0.0104267
0 -0.0213965 -0.0113298 -0.00958078
0 -0.0209666 -0.0106737 -0.00893001
0 -0.0206062 -0.0101718 -0.00847285
0 -0.0203299 -0.00983098 -0.00820284
0 -0.0201492 -0.00965605 -0.00810999
0 -0.0200719 -0.00964959 -0.00818308
0 -0.0200998 -0.00980879 -0.00840857
0 -0.0202245 -0.0101212 -0.00876846
0 -0.0204281 -0.0105647 -0.00924074
0 -0.0206867 -0.0111102 -0.00980203
0 -0.0209748 -0.0117265 -0.0104304
0 -0.0212687 -0.0123821 -0.0111053
0 -0.0215485 -0.013048 -0.0118087
0 -0.0218045 -0.0137044 -0.0125289
0 -0.0220334 -0.0143375 -0.013256
0 -0.0222346 -0.0149368 -0.0139779
0 -0.0224112 -0.0154976 -0.0146826
0 -0.0225691 -0.0160194 -0.0153578
0 -0.0227139 -0.0165036 -0.0159913
0 -0.0228511 -0.0169524 -0.0165719
0 -0.0229884 -0.0173706 -0.0170939
0 -0.0231363 -0.0177663 -0.017559
0 -0.0233086 -0.0181509 -0.0179766
0 -0.0235185 -0.0185368 -0.0183612
0 -0.0237727 -0.0189317 -0.0187269
0 -0.0240694 -0.0193373 -0.0190844
0 -0.0244003 -0.0197509 -0.0194417
0 -0.0247506 -0.020166 -0.0198029
0 -0.0251 -0.0205723 -0.0201674
0 -0.0254298 -0.0209619 -0.0205343
0 -0.0257297 -0.0213346 -0.0209074
0 -0.0259965 -0.0216975 -0.0212948
0 -0.0262294 -0.0220579 -0.0217018
0 -0.0264285 -0.022422 -0.0221299
0 -0.0265967 -0.0227954 -0.0225792
0 -0.026739 -0.0231826 -0.0230489
0 -0.0268605 -0.0235843 -0.0235352
0 -0.0269631 -0.0239953 -0.0240296
0 -0.0270439 -0.0244021 -0.0245167
0 -0.0270959 -0.0247847 -0.0249756
0 -0.0271116 -0.0251214 -0.0253843
0 -0.0270849 -0.0253901 -0.0257205
0 -0.0270108 -0.0255701 -0.0259626
0 -0.0268911 -0.0256474 -0.0260953
0 -0.0267348 -0.0256168 -0.0261107
0 -0.0265522 -0.0254766 -0.0260039
0 -0.0263479 -0.0252232 -0.0257672
0 -0.0261207 -0.0248515 -0.0253911
0 -0.0258695 -0.0243599 -0.02487
0 -0.0255958 -0.0237538 -0.0242065
0 -0.0253054 -0.0230461 -0.0234119
0 -0.0250068 -0.0222555 -0.0225055
0 -0.0247089 -0.0214033 -0.0215112
0 -0.0244181 -0.0205109 -0.0204542
0 -0.0241362 -0.0195963 -0.0193583
0 -0.0238629 -0.0186733 -0.0182453
0 -0.0235968 -0.0177524 -0.0171358
0 -0.0233308 -0.016841 -0.0160469
0 -0.023056 -0.0159469 -0.0149937
0 -0.0227659 -0.0150791 -0.0139893
0 -0.0224517 -0.0142429 -0.0130405
0 -0.022101 -0.0134368 -0.012145
0 -0.0217019 -0.0126529 -0.0112932
0 -0.0212481 -0.0118823 -0.0104743
0 -0.0207416 -0.0111184 -0.00967838
0 -0.0201932 -0.0103568 -0.00889821
0 -0.0196248 -0.00960076 -0.00813367
0 -0.0190727 -0.00886656 -0.00739686
0 -0.0185789 -0.00817814 -0.00670686
0 -0.0181784 -0.00755751 -0.00607987
0 -0.0178949 -0.00702198 -0.0055271
0 -0.01774 -0.00658495 -0.00505648
0 -0.0177137 -0.00625582 -0.00467367
0 -0.0178061 -0.00604049 -0.0043835
0 -0.0180027 -0.00594576 -0.00419516
0 -0.0182865 -0.00597855 -0.00412184
0 -0.0186353 -0.00614131 -0.00417588
0 -0.0190243 -0.00643298 -0.00436856
0 -0.0194297 -0.00684972 -0.00470946
0 -0.0198296 -0.00738489 -0.0052048
0 -0.0202079 -0.00803029 -0.00585742
0 -0.0205548 -0.00877648 -0.00666554
0 -0.0208676 -0.00961339 -0.00762201
0 -0.0211539 -0.0105344 -0.00871771
0 -0.0214321 -0.011539 -0.00994418
0 -0.0217296 -0.0126318 -0.011294
0 -0.0220767 -0.0138199 -0.0127593
0 -0.022499 -0.0151067 -0.0143275
0 -0.0230126 -0.0164898 -0.0159796
0 -0.0236208 -0.0179599 -0.0176915
0 -0.0243161 -0.0194998 -0.0194364
0 -0.0250796 -0.0210892 -0.0211878
0 -0.0258866 -0.0227043 -0.0229219
0 -0.0267144 -0.0243176 -0.0246191
0 -0.0275355 -0.0259002 -0.0262631
0 -0.0283244 -0.027426 -0.0278432
0 -0.0290675 -0.028878 -0.0293567
0 -0.0297548 -0.0302453 -0.0308033
0 -0.0303773 -0.0315184 -0.0321792
0 -0.0309267 -0.0326883 -0.0334759
0 -0.0313956 -0.0337481 -0.0346811
0 -0.0317787 -0.0346919 -0.0357792
0 -0.0320713 -0.0355127 -0.0367506
0 -0.0322689 -0.0362012 -0.037574
0 -0.0323687 -0.0367469 -0.0382292
0 -0.0323698 -0.0371374 -0.0386977
0 -0.0322735 -0.0373588 -0.038964
0 -0.0320859 -0.0373991 -0.0390187
0 -0.0318165 -0.0372476 -0.0388563
0 -0.0314748 -0.0368939 -0.0384733
0 -0.0310695 -0.0363297 -0.0378674
0 -0.030606 -0.0355495 -0.0370354
0 -0.0300885 -0.0345541 -0.0359761
0 -0.029523 -0.0333537 -0.0346936
0 -0.0289146 -0.0319647 -0.0331954
0 -0.0282663 -0.0304066 -0.0314925
0 -0.0275787 -0.0287006 -0.0295992
0 -0.0268509 -0.0268682 -0.0275348
0 -0.0260861 -0.0249355 -0.0253287
0 -0.0252904 -0.02293 -0.0230155
0 -0.0244696 -0.0208759 -0.0206301
0 -0.0236341 -0.0187936 -0.0182087
0 -0.0227923 -0.0167011 -0.0157871
0 -0.0219446 -0.0146162 -0.0133966
0 -0.0210925 -0.0125555 -0.0110637
0 -0.0202446 -0.010539 -0.00881449
0 -0.0194164 -0.00859267 -0.0066765
0 -0.018627 -0.00674423 -0.00467555
0 -0.0178986 -0.00502541 -0.00283668
0 -0.0172561 -0.0034707 -0.00118467
0 -0.0167236 -0.00211407 0.00025654
0 -0.0163214 -0.000986861 0.00146436
0 -0.0160638 -0.0001146 0.00241885
0 -0.0159557 0.000486558 0.00310551
0 -0.0159888 0.000812667 0.00351824
0 -0.0161447 0.000870518 0.0036578
0 -0.0164013 0.000670569 0.00352571
0 -0.0167403 0.000221775 0.00311992
0 -0.0171487 -0.000468392 0.00243587
0 -0.0176206 -0.00139447 0.00146771
0 -0.018153 -0.00254798 0.000215066
0 -0.0187402 -0.00391374 -0.00131155
0 -0.0193768 -0.0054734 -0.00309312
0 -0.0200604 -0.00720837 -0.00510476
0 -0.0207912 -0.0091009 -0.00731744
0 -0.0215714 -0.0111332 -0.00969879
0 -0.0224038 -0.013286 -0.0122141
0 -0.0232927 -0.0155386 -0.0148278
0 -0.0242416 -0.0178692 -0.0175036
0 -0.0252438 -0.0202537 -0.0202048
0 -0.0262824 -0.0226689 -0.0228992
0 -0.0273405 -0.0250903 -0.0255585
0 -0.0283983 -0.0274853 -0.028153
0 -0.0294303 -0.029818 -0.030654
0 -0.0304118 -0.0320532 -0.033035
0 -0.0313176 -0.0341552 -0.0352711
0 -0.0321254 -0.0360924 -0.0373394
0 -0.03282 -0.0378396 -0.0392208
0 -0.0333945 -0.039381 -0.0409026
0 -0.0338539 -0.0407126 -0.0423791
0 -0.0342105 -0.0418391 -0.0436497
0 -0.0344776 -0.0427666 -0.0447123
0 -0.0346656 -0.0434995 -0.0455619
0 -0.0347804 -0.0440388 -0.0461911
0 -0.0348235 -0.0443812 -0.0465905
0 -0.0347928 -0.0445197 -0.0467504
0 -0.0346873 -0.0444477 -0.0466654
0 -0.0345107 -0.044164 -0.0463381
0 -0.0342689 -0.0436717 -0.0457765
0 -0.0339666 -0.0429774 -0.0449909
0 -0.0336062 -0.0420905 -0.043993
0 -0.0331881 -0.041023 -0.0427959
0 -0.0327114 -0.0397896 -0.0414135
0 -0.0321689 -0.0384007 -0.0398555
0 -0.0315458 -0.0368601 -0.0381254
0 -0.0308254 -0.0351678 -0.0362248
0 -0.0299925 -0.0333214 -0.0341545
0 -0.0290324 -0.0313147 -0.0319138
0 -0.027938 -0.0291429 -0.0295039
0 -0.0267144 -0.0268094 -0.0269334
0 -0.0253797 -0.0243257 -0.0242157
0 -0.0239644 -0.021709 -0.0213695
0 -0.0225093 -0.0189815 -0.0184179
0 -0.0210492 -0.0161714 -0.0153873
0 -0.0196113 -0.0133098 -0.0123026
0 -0.0182313 -0.0104278 -0.00918739
0 -0.016932 -0.00755312 -0.00606275
0 -0.0157209 -0.00470755 -0.00294658
0 -0.0146048 -0.00191158 0.000140265
0 -0.0135866 0.000813904 0.00317176
0 -0.0126682 0.00344775 0.00611798
0 -0.011852 0.00596798 0.00894447
0 -0.0111406 0.00835259 0.011615
0 -0.010532 0.0105835 0.0140983
0 -0.0100199 0.0126473 0.0163706
0 -0.00959988 0.0145279 0.0184113
0 -0.00927079 0.0162052 0.020201
0 -0.00903427 0.017657 0.0217231
0 -0.00889736 0.0188556 0.0229593
0 -0.00887065 0.0197706 0.0238903
0 -0.00896457 0.0203716 0.0244968
0 -0.00918732 0.0206294 0.0247596
0 -0.00954214 0.0205194 0.0246602
0 -0.0100252 0.0200236 0.0241823
0 -0.0106257 0.019135 0.0233126
0 -0.011329 0.0178605 0.0220422
0 -0.0121189 0.0162229 0.0203697
0 -0.0129801 0.0142559 0.018302
0 -0.013902 0.0119976 0.015853
0 -0.0148787 0.00948691 0.0130464
0 -0.0159068 0.00676203 0.00991853
0 -0.0169838 0.00385901 0.00651809
0 -0.0181108 0.000807542 0.00290092
0 -0.0192945 -0.00237146 -0.00087739
0 -0.0205444 -0.00566227 -0.00476356
0 -0.0218724 -0.00905019 -0.00870773
0 -0.0232922 -0.0125184 -0.0126638
0 -0.0247967 -0.0160469 -0.0165891
0 -0.0263559 -0.0196072 -0.0204461
0 -0.0279417 -0.0231588 -0.0242
0 -0.0295188 -0.0266564 -0.0278222
0 -0.0310467 -0.0300513 -0.0312943
0 -0.0324933 -0.0332962 -0.0346026
0 -0.0338251 -0.0363484 -0.037734
0 -0.0350144 -0.0391721 -0.0406744
0 -0.036043 -0.0417421 -0.0434086
0 -0.0368974 -0.044042 -0.0459179
0 -0.0375703 -0.0460628 -0.0481803
0 -0.0380632 -0.0478046 -0.050174
0 -0.0383847 -0.0492731 -0.0518798
0 -0.0385458 -0.0504745 -0.0532795
0 -0.0385577 -0.051411 -0.0543566
0 -0.0384314 -0.0520792 -0.0550983
0 -0.0381788 -0.0524701 -0.0554968
0 -0.037815 -0.0525713 -0.0555509
0 -0.0373588 -0.0523704 -0.0552663
0 -0.0368331 -0.0518578 -0.0546543
0 -0.0362662 -0.0510349 -0.0537337
0 -0.0356875 -0.0499181 -0.0525288
0 -0.0351184 -0.0485349 -0.0510616
0 -0.0345673 -0.0469201 -0.0493498
0 -0.0340298 -0.0451129 -0.0474087
0 -0.0334922 -0.0431532 -0.0452539
0 -0.0329333 -0.0410779 -0.0429051
0 -0.0323282 -0.0389166 -0.0403883
0 -0.0316516 -0.0366907 -0.0377365
0 -0.0308852 -0.0344162 -0.0349915
0 -0.0300201 -0.0321073 -0.0322013
0 -0.0290591 -0.0297794 -0.0294137
0 -0.028016 -0.0274455 -0.0266741
0 -0.0269101 -0.0251144 -0.0240204
0 -0.0257629 -0.0227971 -0.0214792
0 -0.0245954 -0.0205082 -0.0190659
0 -0.0234206 -0.0182668 -0.0167847
0 -0.0222565 -0.0160975 -0.0146313
0 -0.0211318 -0.0140272 -0.0125982
0 -0.0200737 -0.0120818 -0.0106771
0 -0.0191069 -0.0102828 -0.00886083
0 -0.0182536 -0.00864624 -0.00714773
0 -0.0175306 -0.00718353 -0.0055442
0 -0.0169492 -0.00589908 -0.00406278
0 -0.0165127 -0.00478999 -0.00271991
0 -0.0162184 -0.00385027 -0.00153578
0 -0.0160598 -0.00307404 -0.000532631
0 -0.0160264 -0.00245652 0.00026927
0 -0.0161015 -0.00199399 0.000856333
0 -0.016264 -0.00168511 0.00122313
0 -0.0164912 -0.00153232 0.00137135
0 -0.0167596 -0.00154041 0.00130931
0 -0.017046 -0.00171404 0.00105089
0 -0.01733 -0.00205628 0.000612565
0 -0.0175975 -0.00256743 9.1815e-06
0 -0.017843 -0.00324213 -0.000747517
0 -0.018069 -0.00406702 -0.0016478
0 -0.0182848 -0.00502257 -0.00268412
0 -0.0185064 -0.00608646 -0.00385045
0 -0.0187543 -0.0072368 -0.00514029
0 -0.0190495 -0.00845388 -0.00654376
0 -0.0194088 -0.00972022 -0.00804421
0 -0.0198429 -0.0110216 -0.00961851
0 -0.0203563 -0.0123483 -0.0112397
0 -0.0209465 -0.0136936 -0.0128789
0 -0.0216042 -0.0150528 -0.0145071
0 -0.0223149 -0.016421 -0.0160986
0 -0.0230609 -0.0177916 -0.017634
0 -0.0238246 -0.019157 -0.0191005
0 -0.0245894 -0.0205081 -0.0204918
0 -0.0253363 -0.0218327 -0.0218076
0 -0.0260465 -0.0231164 -0.023053
0 -0.0267083 -0.0243441 -0.0242366
0 -0.0273108 -0.0255003 -0.0253673
0 -0.027843 -0.0265714 -0.0264524
0 -0.0283003 -0.027547 -0.0274949
0 -0.0286804 -0.0284207 -0.0284918
0 -0.0289824 -0.0291905 -0.0294344
0 -0.0292101 -0.0298588 -0.0303084
0 -0.0293695 -0.0304313 -0.0310955
0 -0.0294675 -0.0309149 -0.0317755
0 -0.0295126 -0.0313144 -0.0323297
0 -0.0295144 -0.0316328 -0.0327445
0 -0.0294826 -0.0318692 -0.0330137
0 -0.0294273 -0.0320201 -0.0331383
0 -0.0293584 -0.0320796 -0.0331264
0 -0.0292837 -0.0320414 -0.0329908
0 -0.0292086 -0.0319001 -0.032746
0 -0.0291348 -0.031653 -0.0324062
0 -0.0290591 -0.0313012 -0.031982
0 -0.0289748 -0.0308507 -0.0314807
0 -0.0288724 -0.0303115 -0.0309057
0 -0.0287412 -0.0296971 -0.0302586
0 -0.0285705 -0.029022 -0.0295403
0 -0.0283512 -0.0282997 -0.0287531
0 -0.0280774 -0.0275424 -0.0279024
0 -0.0277478 -0.0267599 -0.0269976
0 -0.0273654 -0.0259587 -0.0260513
0 -0.0269363 -0.0251423 -0.0250774
0 -0.0264698 -0.0243122 -0.0240905
0 -0.0259784 -0.0234696 -0.0231047
0 -0.0254746 -0.0226149 -0.0221324
0 -0.0249696 -0.0217498 -0.021183
0 -0.0244752 -0.020878 -0.0202627
0 -0.0240035 -0.0200057 -0.0193735
0 -0.0235624 -0.0191416 -0.0185136
0 -0.0231568 -0.0182964 -0.0176786
0 -0.0227908 -0.0174818 -0.0168633
0 -0.0224668 -0.01671 -0.0160646
0 -0.0221846 -0.0159915 -0.0152827
0 -0.0219434 -0.0153347 -0.0145221
0 -0.0217416 -0.0147446 -0.0137921
0 -0.0215766 -0.0142233 -0.0131065
0 -0.0214453 -0.0137703 -0.0124818
0 -0.0213443 -0.0133837 -0.0119351
0 -0.0212698 -0.0130616 -0.0114818
0 -0.0212178 -0.0128025 -0.011134
0 -0.0211845 -0.0126065 -0.0108987
0 -0.0211662 -0.0124754 -0.0107776
0 -0.0211602 -0.0124129 -0.0107664
0 -0.0211648 -0.0124233 -0.0108568
0 -0.02118 -0.0125108 -0.011038
0 -0.0212074 -0.0126779 -0.0112985
0 -0.0212506 -0.0129243 -0.0116278
0 -0.0213145 -0.013247 -0.0120174
0 -0.0214048 -0.0136399 -0.0124611
0 -0.0215271 -0.0140945 -0.0129549
0 -0.0216863 -0.0146008 -0.0134963
0 -0.0218856 -0.0151486 -0.014083
0 -0.0221258 -0.015728 -0.0147125
0 -0.0224054 -0.0163309 -0.0153806
0 -0.0227202 -0.0169513 -0.0160813
0 -0.0230637 -0.0175849 -0.016807
0 -0.023428 -0.0182293 -0.0175488
0 -0.0238044 -0.0188828 -0.0182974
0 -0.0241836 -0.0195438 -0.0190441
0 -0.0245575 -0.0202102 -0.0197816
0 -0.0249186 -0.0208786 -0.0205043
0 -0.0252596 -0.0215442 -0.0212086
0 -0.0255746 -0.0222011 -0.0218925
0 -0.0258594 -0.0228419 -0.0225553
0 -0.0261133 -0.0234585 -0.0231968
0 -0.0263363 -0.0240425 -0.0238166
0 -0.026529 -0.0245861 -0.0244133
0 -0.0266943 -0.0250826 -0.0249833
0 -0.026835 -0.0255271 -0.0255212
0 -0.0269541 -0.0259164 -0.0260191
0 -0.027055 -0.0262495 -0.0264674
0 -0.0271399 -0.0265273 -0.0268551
0 -0.027211 -0.0267515 -0.0271716
0 -0.0272696 -0.0269241 -0.0274079
0 -0.0273165 -0.0270466 -0.0275585
0 -0.0273518 -0.0271188 -0.0276222
0 -0.0273751 -0.0271396 -0.0276018
0 -0.0273852 -0.0271068 -0.0275039
0 -0.0273806 -0.0270183 -0.0273374
0 -0.0273589 -0.0268728 -0.0271119
0 -0.0273172 -0.0266702 -0.0268365
0 -0.0272523 -0.0264126 -0.0265188
0 -0.0271612 -0.0261037 -0.0261644
0 -0.0270413 -0.025749 -0.0257771
0 -0.0268907 -0.0253548 -0.0253588
0 -0.0267088 -0.024928 -0.0249107
