0 1.13698e-06 1.31336e-06 1.29544e-06
0 4.91874e-06 6.19296e-06 6.13315e-06
0 1.00934e-05 1.44965e-05 1.46372e-05
0 1.43445e-05 2.4232e-05 2.56246e-05
0 1.76217e-05 3.42799e-05 3.89166e-05
0 2.06618e-05 4.38275e-05 5.37248e-05
0 2.34875e-05 5.20357e-05 6.77779e-05
0 2.69516e-05 5.98171e-05 7.98471e-05
0 3.20574e-05 6.87649e-05 9.01548e-05
0 3.71995e-05 7.7691e-05 9.79756e-05
0 4.00061e-05 8.37421e-05 0.000102516
0 4.16531e-05 8.71562e-05 0.000106045
0 4.45228e-05 9.05621e-05 0.000111459
0 4.62192e-05 9.31343e-05 0.000116496
0 4.17779e-05 9.01234e-05 0.000115072
0 3.07203e-05 7.79077e-05 0.000103398
0 1.71445e-05 5.62732e-05 8.10279e-05
0 4.32541e-06 2.721e-05 4.80583e-05
0 -6.11982e-06 -4.45443e-06 6.62345e-06
0 -1.09733e-05 -2.97104e-05 -3.47399e-05
0 -9.92717e-06 -4.27326e-05 -6.62448e-05
0 -9.17843e-06 -4.71383e-05 -8.40263e-05
0 -9.8452e-06 -4.5164e-05 -8.35116e-05
0 -4.45685e-06 -3.09367e-05 -5.76707e-05
0 9.86608e-06 -2.22553e-07 -7.89961e-06
0 2.92692e-05 4.54107e-05 5.65559e-05
0 4.98923e-05 0.000100216 0.000126427
0 6.67862e-05 0.000151591 0.000191134
0 7.51831e-05 0.000184918 0.000239131
0 7.59559e-05 0.000194687 0.000263448
0 7.28919e-05 0.000185226 0.000261515
0 6.58308e-05 0.000161793 0.000231543
0 4.9643e-05 0.000123269 0.000172038
0 2.26895e-05 6.67261e-05 8.76569e-05
0 -6.54046e-06 -1.88186e-06 -6.40812e-06
0 -3.10168e-05 -7.17686e-05 -9.59654e-05
0 -5.25806e-05 -0.000134321 -0.000175278
0 -7.00645e-05 -0.000178811 -0.000236421
0 -8.07029e-05 -0.000199995 -0.000271665
0 -9.12434e-05 -0.000209583 -0.000286314
0 -0.000104405 -0.000218845 -0.000287699
0 -0.000104888 -0.000216933 -0.00026921
0 -7.57102e-05 -0.000180038 -0.000218129
0 -1.98854e-05 -9.62497e-05 -0.000130353
0 4.03814e-05 2.06747e-05 -1.33524e-05
0 8.53342e-05 0.000141458 0.000122472
0 0.000111891 0.000240996 0.000266813
0 0.000120591 0.000301518 0.000395087
0 0.000101987 0.000305823 0.000461531
0 5.08636e-05 0.000243266 0.00042358
0 -2.04201e-05 0.000116331 0.000267856
0 -9.01585e-05 -5.94612e-05 1.49165e-05
0 -0.000136088 -0.000248471 -0.000281794
0 -0.000151582 -0.00040636 -0.000555518
0 -0.000159104 -0.000511578 -0.000758377
0 -0.000187758 -0.000572351 -0.000868872
0 -0.000239883 -0.000605616 -0.000882827
0 -0.000288314 -0.000615853 -0.000811956
0 -0.00030242 -0.000591715 -0.000686689
0 -0.000274466 -0.000522931 -0.000550608
0 -0.000220319 -0.000417896 -0.000440281
0 -0.000156803 -0.00029958 -0.000361175
0 -8.95433e-05 -0.000188808 -0.000288078
0 -2.37757e-05 -9.44004e-05 -0.000193205
0 2.98706e-05 -1.05327e-05 -6.74415e-05
0 6.74109e-05 7.97592e-05 8.3635e-05
0 0.000100679 0.000192636 0.00025247
0 0.000147076 0.000329936 0.000432194
0 0.000204116 0.000467997 0.000603137
0 0.000241926 0.000561885 0.000725925
0 0.000234182 0.000575074 0.000763342
0 0.000183991 0.000501623 0.000700873
0 0.000116405 0.000363374 0.000546723
0 5.9009e-05 0.000198843 0.000328015
0 2.41396e-05 4.57136e-05 8.38591e-05
0 2.83561e-06 -7.67306e-05 -0.000144986
0 -1.89697e-05 -0.000165391 -0.000318965
0 -4.13305e-05 -0.000217329 -0.00040258
0 -5.49108e-05 -0.000225627 -0.00038076
0 -5.56096e-05 -0.000187331 -0.000271596
0 -4.43037e-05 -0.000107792 -0.000115082
0 -1.90863e-05 -4.00992e-08 4.96103e-05
0 2.68441e-05 0.000121312 0.000200853
0 9.59767e-05 0.000245431 0.000334815
0 0.000172995 0.000360898 0.000450935
0 0.000233867 0.000457065 0.00054855
0 0.000268068 0.000530868 0.000633325
0 0.000277946 0.000579742 0.000707519
0 0.000268689 0.000597209 0.000760481
0 0.000249478 0.000583313 0.000777791
0 0.000226292 0.000542114 0.000745481
0 0.000188009 0.000463708 0.00064367
0 0.000117143 0.000326339 0.00045565
0 1.70705e-05 0.000123541 0.000189303
0 -8.56866e-05 -0.000119335 -0.000120624
0 -0.000164935 -0.000354762 -0.00042922
0 -0.000211424 -0.000534937 -0.000693266
0 -0.000227556 -0.000628523 -0.000870743
0 -0.000216738 -0.000627219 -0.000923566
0 -0.000187866 -0.000548962 -0.000838143
0 -0.000163328 -0.000435335 -0.000647031
0 -0.000166493 -0.000334491 -0.000422258
0 -0.000198417 -0.0002784 -0.000242551
0 -0.000239853 -0.000279415 -0.000168752
0 -0.000270841 -0.00033681 -0.000230557
0 -0.000273585 -0.000427341 -0.000406046
0 -0.000238376 -0.000507941 -0.000623851
0 -0.000181847 -0.000545912 -0.000801473
0 -0.000136887 -0.000533629 -0.000875238
0 -0.000118767 -0.000474779 -0.000808266
0 -0.000116436 -0.000374601 -0.000602398
0 -0.000115879 -0.000247636 -0.000312401
0 -0.000105297 -0.00011084 -2.05459e-05
0 -5.13747e-05 4.75723e-05 0.000228093
0 8.45947e-05 0.000263788 0.000448927
0 0.000293798 0.000552299 0.000681065
0 0.000518655 0.000889634 0.000961252
0 0.00069787 0.00123132 0.00131365
0 0.000789878 0.00151897 0.00171943
0 0.000772337 0.00168334 0.00209102
0 0.000659012 0.00167784 0.00230514
0 0.000510087 0.0015134 0.00226936
0 0.000382745 0.00123287 0.00194644
0 0.000275308 0.000858761 0.00134687
0 0.000157428 0.000404499 0.000552597
0 3.63543e-05 -7.20774e-05 -0.000263722
0 -6.05027e-05 -0.000479777 -0.000910815
0 -0.000143463 -0.00075728 -0.00128382
0 -0.000250132 -0.000902053 -0.0013905
0 -0.000386833 -0.000950414 -0.00130562
0 -0.000513151 -0.000949569 -0.00112876
0 -0.000577697 -0.000932959 -0.000959484
0 -0.000555609 -0.000904047 -0.000869362
0 -0.0004594 -0.000844493 -0.000874513
0 -0.000323721 -0.000737906 -0.000925552
0 -0.00019773 -0.000601501 -0.00094539
0 -0.000134349 -0.00048836 -0.000884984
0 -0.000159301 -0.000445719 -0.000748313
0 -0.000252167 -0.000478619 -0.000587434
0 -0.000362479 -0.000556064 -0.000480929
0 -0.000437771 -0.000638718 -0.000493736
0 -0.000440686 -0.000694938 -0.000631983
0 -0.000362459 -0.000704374 -0.000830486
0 -0.000228842 -0.000654659 -0.000980947
0 -8.47687e-05 -0.000534412 -0.000976167
0 3.21489e-05 -0.000334514 -0.000751356
0 0.000102407 -6.74688e-05 -0.000318587
0 0.000122495 0.000218325 0.000225195
0 0.000106827 0.000455926 0.000733446
0 9.46026e-05 0.000604938 0.00107833
0 0.000141454 0.000686388 0.00121294
0 0.000272244 0.000755981 0.00117448
0 0.000441634 0.000841373 0.00104258
0 0.000568645 0.000924087 0.000911495
0 0.000604258 0.000971435 0.000868608
0 0.000553846 0.000968225 0.000952971
0 0.000457023 0.000928943 0.00112807
0 0.000365303 0.000891879 0.0013067
0 0.000326645 0.000896166 0.00140964
0 0.000358044 0.000944602 0.00140067
0 0.000417176 0.000977854 0.00127458
0 0.00042295 0.000903039 0.0010387
0 0.000320322 0.00066317 0.000712008
0 0.000120686 0.000279358 0.000321024
0 -0.000117993 -0.000170243 -0.000115949
0 -0.000328926 -0.00059501 -0.000583838
0 -0.000459569 -0.000921897 -0.00104429
0 -0.000492202 -0.00111474 -0.00143042
0 -0.000453294 -0.0011781 -0.00167001
0 -0.000401186 -0.00114857 -0.00172163
0 -0.000382718 -0.00106651 -0.00158733
0 -0.000392363 -0.00094469 -0.00129985
0 -0.000390734 -0.000778519 -0.000922708
0 -0.000347461 -0.000572469 -0.000542755
0 -0.000250431 -0.000338742 -0.000227485
0 -9.53922e-05 -8.14192e-05 1.59012e-05
0 9.73828e-05 0.000190557 0.000223021
0 0.000265502 0.000437507 0.000419551
0 0.000344305 0.000605936 0.000604938
0 0.000319238 0.000665191 0.000761417
0 0.000229702 0.000621783 0.00085673
0 0.000135632 0.000512464 0.00085253
0 7.89778e-05 0.000381833 0.000723596
0 6.98454e-05 0.000262624 0.000483599
0 9.37053e-05 0.000167722 0.000194023
0 0.000125496 9.6674e-05 -5.59185e-05
0 0.000140579 4.7689e-05 -0.000189551
0 0.000119623 1.9664e-05 -0.000182043
0 6.19182e-05 1.31897e-05 -6.50832e-05
0 -9.9116e-06 2.58297e-05 9.40268e-05
0 -6.64686e-05 4.3146e-05 0.000217684
0 -9.88789e-05 3.25284e-05 0.000235607
0 -0.000131058 -5.23051e-05 9.69979e-05
0 -0.000192671 -0.00024193 -0.000206205
0 -0.000284451 -0.00052025 -0.000623907
0 -0.000387614 -0.000835686 -0.0010756
0 -0.000498672 -0.00114396 -0.00149993
0 -0.000623821 -0.00142191 -0.0018639
0 -0.000740279 -0.0016411 -0.0021324
0 -0.000789526 -0.0017467 -0.00225139
0 -0.00072 -0.00167247 -0.0021661
0 -0.000534834 -0.0013841 -0.0018519
0 -0.000293955 -0.000913795 -0.00132782
0 -5.98452e-05 -0.000343202 -0.000637669
0 0.000148743 0.000245272 0.000165764
0 0.000343521 0.000797497 0.00100739
0 0.000529852 0.0012861 0.00178199
0 0.000687793 0.00168411 0.00237286
0 0.000781117 0.00193929 0.00268553
0 0.000778796 0.00197892 0.00267213
0 0.000675801 0.0017554 0.00234059
0 0.000505871 0.00130357 0.00175747
0 0.000323197 0.00074375 0.00103225
0 0.000162223 0.000213481 0.000283332
0 2.44056e-05 -0.000204113 -0.000383264
0 -9.30234e-05 -0.00048923 -0.000872635
0 -0.000173163 -0.000645207 -0.00110847
0 -0.000190354 -0.000661728 -0.00105855
0 -0.00013357 -0.000514124 -0.000750336
0 -2.50054e-05 -0.000208212 -0.000269922
0 8.17407e-05 0.000173656 0.000254328
0 0.000123494 0.000477333 0.000674762
0 6.93667e-05 0.000557164 0.000863971
0 -4.87051e-05 0.000376148 0.00076062
0 -0.000186354 -1.71117e-06 0.000356532
0 -0.000345079 -0.000497203 -0.000329183
0 -0.000542581 -0.00105721 -0.00122172
0 -0.000757052 -0.0016349 -0.00216608
0 -0.000935414 -0.00216365 -0.00297283
0 -0.00104515 -0.00255866 -0.00349914
0 -0.00108492 -0.00273382 -0.00367972
0 -0.00104604 -0.00262152 -0.00349584
0 -0.000894328 -0.00219646 -0.00294483
0 -0.000601868 -0.00148947 -0.00204802
0 -0.000185346 -0.000573597 -0.000869487
0 0.000296239 0.000465535 0.00048864
0 0.000776834 0.00154652 0.00190989
0 0.00120267 0.0025784 0.003272
0 0.00153161 0.00345182 0.004446
0 0.00174194 0.00406531 0.00531072
0 0.0018324 0.00435845 0.00577139
0 0.00180708 0.00431873 0.00577241
0 0.00167115 0.00396951 0.00531168
0 0.00144196 0.00336441 0.00445285
0 0.00114566 0.00257463 0.00331577
0 0.000802997 0.00167603 0.00204719
0 0.00043458 0.000749563 0.000789036
0 5.96847e-05 -0.000127441 -0.000347106
0 -0.000299046 -0.000889477 -0.00128929
0 -0.000613412 -0.00149676 -0.00201005
0 -0.00087103 -0.00195244 -0.00252933
0 -0.00106554 -0.00227912 -0.00288708
0 -0.00117836 -0.00248325 -0.00310824
0 -0.00119384 -0.00255133 -0.00319544
0 -0.00112042 -0.00247192 -0.0031419
0 -0.00100016 -0.00226781 -0.00295241
0 -0.00088451 -0.00199649 -0.00264838
0 -0.000788799 -0.00170812 -0.0022524
0 -0.00069102 -0.00141794 -0.00179067
0 -0.000569733 -0.00111786 -0.00130889
0 -0.000427117 -0.000803072 -0.000864878
0 -0.000280608 -0.000489196 -0.000500272
0 -0.000137534 -0.000200357 -0.000213548
0 8.63926e-06 5.31255e-05 3.50054e-05
0 0.00015245 0.000275329 0.000282597
0 0.000271435 0.000476369 0.000539745
0 0.000353142 0.000668704 0.000802932
0 0.00040969 0.000858044 0.00106644
0 0.000463282 0.00103644 0.00131858
0 0.000525925 0.00119089 0.00153959
0 0.000590417 0.00131143 0.00170492
0 0.000630806 0.00138228 0.00178689
0 0.000614274 0.00137066 0.00175662
0 0.000522513 0.00123631 0.00159093
0 0.000363723 0.000957496 0.0012783
0 0.000163748 0.000548368 0.000818444
0 -4.42287e-05 6.21311e-05 0.00023193
0 -0.000223917 -0.000420128 -0.000421984
0 -0.000344357 -0.000817262 -0.00104509
0 -0.000394883 -0.00107496 -0.00152401
0 -0.000390718 -0.00117448 -0.00176492
0 -0.000352334 -0.00111811 -0.00171758
0 -0.000286057 -0.00091139 -0.0013837
0 -0.00018067 -0.000560837 -0.000813054
0 -2.22961e-05 -8.7358e-05 -9.25004e-05
0 0.00018337 0.000460495 0.000672759
0 0.000412267 0.00101358 0.00138621
0 0.000626893 0.00149474 0.0019733
0 0.000782471 0.0018327 0.00238071
0 0.000845611 0.00197956 0.00257277
0 0.000803357 0.00191671 0.00252708
0 0.000665643 0.00165368 0.00223629
0 0.000463278 0.00122559 0.00171636
0 0.000235406 0.000687757 0.0010145
0 1.51494e-05 0.000106308 0.00020814
0 -0.000178196 -0.000450756 -0.000602162
0 -0.000332918 -0.000918215 -0.00130404
0 -0.000441516 -0.00124398 -0.00179688
0 -0.00050692 -0.00140424 -0.00202199
0 -0.000532734 -0.00140134 -0.00197413
0 -0.000513106 -0.00125081 -0.00169168
0 -0.000439495 -0.000977793 -0.00124394
0 -0.000305215 -0.000610566 -0.000707433
0 -0.000107449 -0.000171306 -0.000137179
0 0.000139363 0.000315771 0.000436762
0 0.000396287 0.00081146 0.000994944
0 0.000614316 0.00126247 0.00151701
0 0.00075853 0.00161723 0.00197641
0 0.000821961 0.0018424 0.00233596
0 0.000806057 0.00191291 0.00253368
0 0.000707844 0.00180321 0.00249138
0 0.000546668 0.00151352 0.00216817
0 0.000382406 0.00110206 0.00161062
0 0.000277279 0.000670838 0.000940643
0 0.000242591 0.000315289 0.000302653
0 0.000252197 0.000103162 -0.000160074
0 0.000286986 7.57037e-05 -0.000321224
0 0.000344343 0.000239408 -0.000115089
0 0.000430012 0.000570377 0.000432957
0 0.000556441 0.00103576 0.0012213
0 0.000742265 0.0016074 0.00211899
0 0.00100292 0.00225813 0.00301417
0 0.00133295 0.00294961 0.00384041
0 0.00169485 0.00362884 0.00457575
0 0.00202987 0.00423898 0.00522556
0 0.0022816 0.00473541 0.00579828
0 0.00242904 0.00509908 0.00628924
0 0.00248804 0.00532984 0.00667332
0 0.00246137 0.0054065 0.00688305
0 0.00232306 0.00526424 0.00680666
0 0.00204736 0.0048241 0.00633325
0 0.0016233 0.00402292 0.00538422
0 0.00104269 0.00282181 0.00391089
0 0.000294849 0.00121231 0.00189868
0 -0.000610181 -0.000764448 -0.000609425
0 -0.00162282 -0.0030074 -0.00349508
0 -0.0026807 -0.00538219 -0.00657937
0 -0.003725 -0.00775986 -0.0096634
0 -0.00468448 -0.0100121 -0.0125671
0 -0.00551659 -0.0120046 -0.0151487
0 -0.00620794 -0.0136372 -0.0172983
0 -0.00673167 -0.0148518 -0.0189309
0 -0.00708111 -0.0156307 -0.0199942
0 -0.00726856 -0.0159994 -0.0204737
0 -0.00729921 -0.0159927 -0.0203973
0 -0.00717661 -0.0156327 -0.0198198
0 -0.0068801 -0.0149091 -0.0187953
0 -0.0063762 -0.0138026 -0.0173692
0 -0.00567158 -0.0123352 -0.0155772
0 -0.00479955 -0.0105502 -0.0134373
0 -0.00378012 -0.00847661 -0.010936
0 -0.00262753 -0.00612347 -0.00804292
0 -0.00136289 -0.00349334 -0.00475581
0 -3.29281e-05 -0.000623826 -0.00112831
0 0.00124763 0.00235672 0.00271076
0 0.00243521 0.00528086 0.00656765
0 0.00356894 0.0080276 0.0102461
0 0.00460139 0.0105235 0.0135891
0 0.00551702 0.0127345 0.0164809
0 0.0062717 0.0145726 0.0188251
0 0.00675815 0.0158957 0.020541
0 0.00696081 0.0165867 0.021548
0 0.00681032 0.0165002 0.0216856
0 0.00619291 0.0154774 0.0207185
0 0.00514459 0.0134689 0.0184762
0 0.00386018 0.0106307 0.014999
0 0.00257068 0.0072777 0.0105359
0 0.00133481 0.0036664 0.00538033
0 -2.02512e-06 -0.000118429 -0.000182898
0 -0.00157258 -0.00402709 -0.00573481
0 -0.00314867 -0.00774041 -0.010696
0 -0.00442597 -0.0108462 -0.0146269
0 -0.00550599 -0.0132416 -0.0174488
0 -0.00644432 -0.0148924 -0.0192712
0 -0.00710348 -0.0157814 -0.0201943
0 -0.00737244 -0.0159811 -0.0202676
0 -0.00707847 -0.0154398 -0.0194973
0 -0.00619611 -0.0140455 -0.0178586
0 -0.00489964 -0.0117677 -0.0153321
0 -0.00338971 -0.0087282 -0.0119352
0 -0.00185994 -0.0052218 -0.00772637
0 -0.00039282 -0.00155586 -0.00285704
0 0.000980827 0.00206359 0.00239112
0 0.00226468 0.00554666 0.00763138
0 0.00356956 0.0089315 0.012464
0 0.00485993 0.0121428 0.0165885
0 0.00603126 0.0149128 0.0198526
0 0.00701321 0.0169958 0.0222012
0 0.00758424 0.0181578 0.0235666
0 0.00761422 0.0182842 0.023883
0 0.00719739 0.017506 0.0231734
0 0.00651547 0.0160708 0.0215656
0 0.00580983 0.0142724 0.0192454
0 0.00518939 0.012347 0.0164197
0 0.00456599 0.0103609 0.0133012
0 0.00381632 0.0082653 0.0100839
0 0.00284545 0.0059791 0.00692652
0 0.00168039 0.00350118 0.00394237
0 0.000458037 0.000962708 0.00115465
0 -0.000735779 -0.00146274 -0.00149169
0 -0.00174532 -0.00356202 -0.00399534
0 -0.00235913 -0.00514012 -0.00624615
0 -0.00263729 -0.00619173 -0.00809574
0 -0.00276396 -0.00684128 -0.00939875
0 -0.00284878 -0.0071984 -0.0100469
0 -0.00300302 -0.0073511 -0.0100476
0 -0.00323853 -0.00735379 -0.00956246
0 -0.00348003 -0.00724099 -0.00885544
0 -0.00365173 -0.00706366 -0.00820481
0 -0.0036478 -0.00684978 -0.00779335
0 -0.00340216 -0.00657519 -0.00763261
0 -0.00297655 -0.00622186 -0.00762047
0 -0.00254638 -0.00583977 -0.00763616
0 -0.0022946 -0.00552222 -0.00756212
0 -0.00227055 -0.00532756 -0.0073027
0 -0.00237041 -0.00521965 -0.00682476
0 -0.00243598 -0.00507335 -0.00617708
0 -0.00233976 -0.00474121 -0.00545957
0 -0.00203741 -0.00414403 -0.00475079
0 -0.00156674 -0.00331665 -0.00404816
0 -0.00101905 -0.00238574 -0.0032847
0 -0.000511074 -0.0014925 -0.00239173
0 -0.000128213 -0.000706112 -0.00134756
0 0.000111189 -1.30923e-05 -0.00020325
0 0.000263971 0.000638831 0.000951743
0 0.000454478 0.00133302 0.0020638
0 0.000807399 0.00216483 0.00313999
0 0.00136352 0.00317635 0.00422951
0 0.00205716 0.0043566 0.00540603
0 0.00274597 0.00563932 0.00672613
0 0.00327578 0.00687521 0.00818087
0 0.00354941 0.00788044 0.00966234
0 0.00355956 0.00850521 0.0109641
0 0.00337624 0.00868085 0.0118248
0 0.00308901 0.00841889 0.0119864
0 0.00275795 0.00775757 0.0112782
0 0.00240336 0.00672729 0.00969064
0 0.00200277 0.00534342 0.00737971
0 0.00149654 0.00361875 0.00460342
0 0.000820969 0.00160063 0.0016355
0 -6.6313e-05 -0.000637396 -0.00129992
0 -0.00114993 -0.00293813 -0.00404012
0 -0.00224133 -0.00505895 -0.00647531
0 -0.00311384 -0.00683008 -0.00853721
0 -0.00369978 -0.00813203 -0.0101728
0 -0.00397204 -0.00890009 -0.0113308
0 -0.00398375 -0.00918349 -0.011956
0 -0.0038619 -0.00905465 -0.0119984
0 -0.00366211 -0.00859587 -0.0114479
0 -0.0034233 -0.00788833 -0.0103696
0 -0.00315294 -0.00697713 -0.00890736
0 -0.00281313 -0.00591123 -0.0072542
0 -0.00239005 -0.00475168 -0.00560091
0 -0.00187109 -0.00355352 -0.00407342
0 -0.00124767 -0.00235482 -0.00269844
0 -0.000556363 -0.00116232 -0.00142255
0 0.000138023 3.51877e-05 -0.000152998
0 0.000762846 0.00124989 0.00120936
0 0.00130051 0.00248493 0.00273587
0 0.00178091 0.00372444 0.00443116
0 0.00219978 0.00493377 0.00621617
0 0.00256541 0.00606285 0.0079449
0 0.0028933 0.00705586 0.00944804
0 0.00316106 0.00784471 0.0105745
0 0.00334525 0.00834303 0.0112133
0 0.00341068 0.00847186 0.0113089
0 0.00331489 0.00818181 0.0108566
0 0.00303611 0.00746027 0.0098796
0 0.00256276 0.00632892 0.00841438
0 0.00190635 0.00482965 0.00650294
0 0.00110701 0.00301562 0.00419313
0 0.000212611 0.000955095 0.00154927
0 -0.000746479 -0.00126224 -0.0013245
0 -0.00168764 -0.00350186 -0.00426234
0 -0.00247074 -0.00555355 -0.00704708
0 -0.00308271 -0.0072432 -0.0094599
0 -0.00355842 -0.00850281 -0.0113005
0 -0.00384382 -0.00924754 -0.0123787
0 -0.00390157 -0.00940157 -0.0125679
0 -0.00372263 -0.00895074 -0.0118654
0 -0.00331389 -0.00790693 -0.0103764
0 -0.00270435 -0.00634252 -0.0082541
0 -0.00188733 -0.00435738 -0.00564518
0 -0.000850283 -0.00203448 -0.0026675
0 0.00033602 0.000524492 0.00056823
0 0.00151616 0.00317925 0.00393495
0 0.00261593 0.00581372 0.00730939
0 0.00361426 0.00830375 0.0105617
0 0.00440629 0.0104487 0.0135169
0 0.0049626 0.0120992 0.0159614
0 0.00528964 0.0131642 0.017666
0 0.00535336 0.0135667 0.0184327
0 0.0051877 0.013294 0.0181508
0 0.00481182 0.0123448 0.0168127
0 0.00420409 0.0107233 0.0144994
0 0.00335926 0.00847728 0.0113546
0 0.0022767 0.00570046 0.00757532
0 0.00100838 0.002556 0.00339694
0 -0.000377198 -0.000767632 -0.000943694
0 -0.00185356 -0.00411815 -0.0052369
0 -0.00327465 -0.00728824 -0.00929239
0 -0.00449947 -0.0100885 -0.0129369
0 -0.00554182 -0.0124461 -0.01601
0 -0.00632455 -0.0142448 -0.0183594
0 -0.00678738 -0.0153861 -0.0198704
0 -0.00695772 -0.0158366 -0.020475
0 -0.00679813 -0.0155388 -0.0201394
0 -0.00631704 -0.014503 -0.0188637
0 -0.00554429 -0.0127882 -0.016682
0 -0.00448303 -0.010442 -0.0136695
0 -0.00319149 -0.00756209 -0.00995331
0 -0.00174037 -0.00427987 -0.00570774
0 -0.000201488 -0.000748303 -0.00114236
0 0.00126049 0.00279769 0.00352154
0 0.0026025 0.00619707 0.00808713
0 0.00392652 0.00940923 0.0123762
0 0.00513032 0.0122953 0.0162073
0 0.00612566 0.0147264 0.0194206
0 0.00691029 0.0166228 0.0218831
0 0.0073806 0.0178399 0.0234839
0 0.00752305 0.0182956 0.0241495
0 0.00736634 0.0179855 0.0238495
0 0.00690957 0.0169431 0.02259
0 0.00621654 0.0152649 0.0204195
0 0.00533408 0.0130631 0.0174477
0 0.00428777 0.0104362 0.0138395
0 0.00312781 0.00749117 0.00979785
0 0.00187725 0.00434068 0.00553652
0 0.000567461 0.00111438 0.00125759
0 -0.000795316 -0.00207431 -0.00285495
0 -0.0021481 -0.00505798 -0.00662322
0 -0.00329205 -0.00761114 -0.00988511
0 -0.00417378 -0.00964018 -0.0125151
0 -0.00480247 -0.0110778 -0.0144073
0 -0.00511649 -0.0118534 -0.0154822
0 -0.00515131 -0.0119852 -0.0156965
0 -0.0049316 -0.0114837 -0.015052
0 -0.00447557 -0.0104066 -0.0136249
0 -0.00387065 -0.00888492 -0.011565
0 -0.00315832 -0.00705094 -0.00906712
0 -0.00236886 -0.00505663 -0.00634705
0 -0.00155425 -0.0030515 -0.0036262
0 -0.000756486 -0.00116561 -0.00111204
0 -6.13549e-05 0.000451126 0.00102372
0 0.000450342 0.00170595 0.00266658
0 0.000801814 0.00257629 0.00376614
0 0.0010255 0.00303077 0.0043254
0 0.0011054 0.00309875 0.00438191
0 0.00105554 0.00285052 0.00399134
0 0.000883082 0.00233111 0.00322767
0 0.000591552 0.00159574 0.00217948
0 0.000218626 0.000686402 0.000937363
0 -0.000219935 -0.000361997 -0.000421196
0 -0.000708449 -0.00148671 -0.00183491
0 -0.00119159 -0.0025986 -0.00323958
0 -0.00161845 -0.00360019 -0.00455467
0 -0.00195749 -0.0044218 -0.00568608
0 -0.00218276 -0.00501957 -0.0065437
0 -0.00229407 -0.00536382 -0.00705707
0 -0.00229766 -0.00543319 -0.00717559
0 -0.00218487 -0.00520251 -0.00687278
0 -0.0019507 -0.00466005 -0.00615233
0 -0.00159085 -0.00381871 -0.00504548
0 -0.00110321 -0.00270577 -0.00360102
0 -0.000499762 -0.00136189 -0.00187727
0 0.000182149 0.00015968 6.02179e-05
0 0.000877632 0.00178367 0.00214317
0 0.00155735 0.00343605 0.00429889
0 0.00220332 0.00504246 0.00642946
0 0.00274302 0.00647755 0.00840163
0 0.0031414 0.00762987 0.0100689
0 0.00339603 0.00842939 0.0112867
0 0.00347957 0.00880102 0.0119197
0 0.00338345 0.00869174 0.0118609
0 0.00310953 0.00808014 0.0110667
0 0.00267633 0.00698951 0.00958139
0 0.0021289 0.00550671 0.00752424
0 0.00149303 0.00374553 0.00505894
0 0.000776679 0.00181792 0.00236392
0 -2.06294e-05 -0.000194511 -0.000394774
0 -0.000922449 -0.00224699 -0.00307691
0 -0.00186608 -0.00424952 -0.00557473
0 -0.00274493 -0.00610475 -0.00782867
0 -0.00354924 -0.00776927 -0.00981884
0 -0.00423199 -0.00917795 -0.0115374
0 -0.00474506 -0.0102949 -0.0129736
0 -0.00511342 -0.0111325 -0.0141033
0 -0.00532535 -0.0116788 -0.0148827
0 -0.00536689 -0.0119015 -0.0152391
0 -0.00523232 -0.0117431 -0.0150931
0 -0.00490882 -0.01115 -0.0143954
0 -0.00441084 -0.0101114 -0.0131251
0 -0.00374283 -0.00864027 -0.0112827
0 -0.00289896 -0.00677187 -0.00890068
0 -0.00190402 -0.00456659 -0.00605317
0 -0.000796749 -0.0020968 -0.00285505
0 0.000349049 0.000536769 0.000554742
0 0.00142566 0.00318168 0.0040283
0 0.00243518 0.00573033 0.00742345
0 0.00339362 0.00809952 0.0105893
0 0.0041985 0.0101314 0.013358
0 0.00482511 0.0117401 0.015583
0 0.00527694 0.0128871 0.0171515
0 0.00551679 0.013512 0.0179956
0 0.00557207 0.0136192 0.0181039
0 0.00545045 0.0132268 0.0175123
0 0.00514411 0.0123692 0.0163001
0 0.00468116 0.0111285 0.0145767
0 0.0040786 0.00958583 0.0124718
0 0.00337128 0.00783485 0.0101238
0 0.00261723 0.00598391 0.00766726
0 0.0018597 0.00413154 0.00522702
0 0.00114687 0.00238159 0.00291748
0 0.000517111 0.000820672 0.000837606
0 -3.36996e-05 -0.000519568 -0.000941136
0 -0.000517723 -0.0016174 -0.00237166
0 -0.00092086 -0.00245513 -0.00343144
0 -0.00123353 -0.00305476 -0.00412801
0 -0.00145417 -0.00342344 -0.0044922
0 -0.00156297 -0.00356052 -0.00457324
0 -0.00155445 -0.00348701 -0.00442477
0 -0.00144591 -0.0032267 -0.00409565
0 -0.0012643 -0.00283054 -0.00363075
0 -0.00105479 -0.00236717 -0.00307181
0 -0.000859 -0.00189821 -0.00246632
0 -0.000705902 -0.00148314 -0.00187542
0 -0.000618622 -0.00117089 -0.00137601
0 -0.000607076 -0.00100381 -0.00105339
0 -0.000673909 -0.00102275 -0.000985059
0 -0.000812522 -0.00124861 -0.00121981
0 -0.00100442 -0.00167725 -0.00176711
0 -0.00124202 -0.00228869 -0.00260315
0 -0.00153837 -0.00305808 -0.0036799
0 -0.00191297 -0.00396718 -0.00493364
0 -0.00236864 -0.00499535 -0.00629201
0 -0.00286927 -0.00609077 -0.00767299
0 -0.00335299 -0.00716662 -0.0089948
0 -0.00376887 -0.00812829 -0.0101917
0 -0.00408388 -0.00889364 -0.0112021
0 -0.00427285 -0.00940224 -0.0119496
0 -0.00432243 -0.00962093 -0.0123505
0 -0.00423894 -0.00954107 -0.0123401
0 -0.00404237 -0.00916663 -0.01189
0 -0.00374806 -0.00850373 -0.0110094
0 -0.0033555 -0.00756251 -0.0097382
0 -0.0028529 -0.0063634 -0.00813714
0 -0.00223409 -0.00494218 -0.00627992
0 -0.00151697 -0.00335463 -0.0042498
0 -0.000744176 -0.00167286 -0.00213168
0 2.31521e-05 2.10745e-05 -1.42248e-06
0 0.000710735 0.00163705 0.00207639
0 0.00131335 0.00312586 0.00404904
0 0.00187344 0.00448048 0.0058686
0 0.00237112 0.00567515 0.00748455
0 0.00280514 0.00670343 0.0088551
0 0.00318945 0.00757178 0.00995649
0 0.00350241 0.00826318 0.010791
0 0.00375067 0.00877723 0.0113843
0 0.00393414 0.00912041 0.01177
0 0.00403572 0.00930015 0.0119778
0 0.00405829 0.00933645 0.0120254
0 0.00400066 0.00923623 0.0119166
0 0.00387161 0.00900136 0.0116499
0 0.00370055 0.00864579 0.0112277
0 0.00350159 0.00818365 0.0106527
0 0.00327386 0.00762759 0.00992681
0 0.00300927 0.00698372 0.00905759
0 0.00269629 0.00624782 0.00806317
0 0.00233545 0.00541677 0.00696701
0 0.00193175 0.00449296 0.00578712
0 0.00148957 0.00348869 0.00453149
0 0.00102003 0.00242736 0.00320335
0 0.000536102 0.00133247 0.00180987
0 4.5425e-05 0.000217399 0.000365632
0 -0.000458457 -0.000918984 -0.00111056
0 -0.000969407 -0.00206611 -0.00259093
0 -0.00145857 -0.00318268 -0.00403269
0 -0.00192086 -0.00423081 -0.00538685
0 -0.0023509 -0.00518065 -0.00660673
0 -0.00272535 -0.00599976 -0.00765261
0 -0.0030348 -0.0066683 -0.00849554
0 -0.00326722 -0.00716913 -0.00911758
0 -0.00341224 -0.00748653 -0.00951118
0 -0.00347271 -0.00761668 -0.00967532
0 -0.00344875 -0.00756217 -0.00961323
0 -0.00334586 -0.00733528 -0.00933353
0 -0.00317607 -0.00695682 -0.00885217
0 -0.00294747 -0.00644618 -0.00819216
0 -0.00266556 -0.00581827 -0.00737783
0 -0.00233011 -0.0050817 -0.00643068
0 -0.00193893 -0.00424198 -0.00536868
0 -0.00149545 -0.00330691 -0.00420447
0 -0.00100801 -0.00228792 -0.00294702
0 -0.000492376 -0.00120322 -0.0016072
0 2.59624e-05 -7.81968e-05 -0.000200596
0 0.000514504 0.00105376 0.00125194
0 0.000970538 0.00216729 0.00272318
0 0.00141055 0.00324693 0.00417221
0 0.00181532 0.00425639 0.00554007
0 0.00217017 0.00515486 0.00676225
0 0.00247099 0.00590985 0.0077793
0 0.00269241 0.006476 0.00853605
0 0.00281453 0.00680673 0.00898234
0 0.00282075 0.0068641 0.00907789
0 0.00270114 0.00662608 0.00880016
0 0.00246974 0.00610241 0.00814928
0 0.00214671 0.00532686 0.00714848
0 0.00175288 0.00434793 0.00584569
0 0.00131367 0.00322571 0.00431473
0 0.000849043 0.00202163 0.0026508
0 0.000374801 0.000794328 0.000958585
0 -0.000104354 -0.000411775 -0.000666916
0 -0.000588895 -0.00155012 -0.00214662
0 -0.00104693 -0.00255623 -0.00342012
0 -0.00144492 -0.00339317 -0.00445412
0 -0.00177233 -0.00404464 -0.00523453
0 -0.00199832 -0.00448748 -0.00575807
0 -0.00210234 -0.0047127 -0.00602706
0 -0.00209323 -0.00471859 -0.00604689
0 -0.0019822 -0.00451281 -0.00582519
0 -0.00179346 -0.00412244 -0.00536936
0 -0.00154823 -0.00357748 -0.00469202
0 -0.00125628 -0.00290941 -0.00382009
0 -0.000932001 -0.00215018 -0.0027999
0 -0.000585484 -0.00132733 -0.00169219
0 -0.000226379 -0.000474226 -0.000560276
0 0.000125806 0.00036749 0.000541841
0 0.000457346 0.00116379 0.0015752
0 0.000765881 0.00188975 0.00250924
0 0.00103887 0.00251656 0.00331641
0 0.00125838 0.00302393 0.00397679
0 0.0014212 0.003407 0.00447947
0 0.00153034 0.00366662 0.00482218
0 0.00159287 0.00381067 0.00500989
0 0.00161682 0.00384905 0.0050508
0 0.00160176 0.00378873 0.00495547
0 0.00154519 0.00363584 0.00473618
0 0.0014456 0.00339384 0.00440622
0 0.00130348 0.00306595 0.00397837
0 0.00112406 0.00265918 0.00346263
0 0.000914457 0.0021838 0.002866
0 0.000682287 0.00165378 0.00219542
0 0.000438674 0.00108697 0.001464
0 0.000197021 0.000506234 0.000697541
0 -2.73204e-05 -5.88273e-05 -6.50426e-05
0 -0.000221376 -0.000577062 -0.000778456
0 -0.000382203 -0.00101736 -0.00139572
0 -0.000511593 -0.00135498 -0.00187413
0 -0.000613471 -0.00158437 -0.00218554
0 -0.000690057 -0.00171106 -0.00232387
0 -0.000738077 -0.00174544 -0.0023086
0 -0.000756625 -0.00170456 -0.00218114
0 -0.000748486 -0.00160883 -0.00199487
0 -0.000716536 -0.00148183 -0.0017987
0 -0.000663104 -0.00134473 -0.00162265
0 -0.000591187 -0.00121043 -0.0014763
0 -0.000509087 -0.00108442 -0.00135412
0 -0.000429431 -0.000966 -0.00124249
0 -0.000361295 -0.000850758 -0.00112499
0 -0.000307379 -0.000735849 -0.000988644
0 -0.000265726 -0.000622315 -0.000831226
0 -0.000233705 -0.000515333 -0.000663786
0 -0.000211618 -0.000423934 -0.000508558
0 -0.000203014 -0.000360941 -0.000393676
0 -0.000213998 -0.00034403 -0.000347428
0 -0.000250414 -0.000391914 -0.000393343
0 -0.000315225 -0.000518059 -0.000546107
0 -0.000408864 -0.000726851 -0.00081066
0 -0.000529218 -0.0010112 -0.00118056
0 -0.000664383 -0.00134698 -0.00162937
0 -0.000789752 -0.0016899 -0.00210522
0 -0.000882229 -0.00198734 -0.0025419
0 -0.00092994 -0.00219363 -0.00287383
0 -0.000930105 -0.00227608 -0.00304359
0 -0.000885436 -0.00221852 -0.00301089
0 -0.000799977 -0.00202226 -0.00276203
0 -0.000678305 -0.0017025 -0.00231408
0 -0.00052542 -0.00128391 -0.00171234
0 -0.000345555 -0.000796821 -0.0010189
0 -0.000144067 -0.000274364 -0.000296418
0 6.91016e-05 0.000250978 0.000405471
0 0.000285327 0.000756683 0.00105572
0 0.000497549 0.00122695 0.00163813
0 0.000690894 0.00164348 0.0021452
0 0.000849749 0.00199121 0.00257282
0 0.000964181 0.00225935 0.00291725
0 0.00103459 0.00244464 0.00317654
0 0.00107377 0.00255623 0.00335014
0 0.00109274 0.00260645 0.00343628
0 0.00109475 0.00260339 0.00343257
0 0.00107513 0.00254594 0.00333742
0 0.00102142 0.00241953 0.00314887
0 0.000922391 0.00220473 0.00286364
0 0.000774896 0.00189026 0.00247799
0 0.000583224 0.00147754 0.00198658
0 0.000355371 0.000977832 0.00138267
0 9.83661e-05 0.000405582 0.00066484
0 -0.000178832 -0.000224171 -0.000154264
0 -0.000460483 -0.000891823 -0.00104345
0 -0.000724454 -0.00155927 -0.00194949
0 -0.00095239 -0.00217242 -0.0028018
0 -0.00114373 -0.00268964 -0.00353156
0 -0.00130262 -0.00308583 -0.0040841
0 -0.00142419 -0.00334529 -0.00442293
0 -0.00149735 -0.00346171 -0.00453529
0 -0.00150505 -0.00342717 -0.00442999
0 -0.00143062 -0.00323049 -0.0041279
0 -0.00126452 -0.00286486 -0.00364964
0 -0.00100732 -0.00233317 -0.00300754
0 -0.000674026 -0.00165506 -0.00220778
0 -0.000295179 -0.000866645 -0.00126087
0 8.63154e-05 -1.58353e-05 -0.000194705
0 0.000429758 0.000840142 0.000942266
0 0.000722713 0.00165137 0.00208614
0 0.000974659 0.00238527 0.00316141
0 0.00118954 0.00301054 0.00408677
0 0.00137073 0.00350059 0.00479183
0 0.00151892 0.00384258 0.00523505
0 0.0016208 0.00402449 0.00540815
0 0.00166151 0.00403662 0.00533216
0 0.00162632 0.00387657 0.00504461
0 0.00150477 0.00354957 0.00458482
0 0.00130497 0.00307856 0.00398782
0 0.00105067 0.00250391 0.00328382
0 0.000774968 0.00187412 0.00250207
0 0.000509963 0.00123757 0.00167556
0 0.000273102 0.000631109 0.000843965
0 6.76489e-05 7.55692e-05 5.11129e-05
0 -0.0001138 -0.000420573 -0.000660763
0 -0.000285249 -0.000852014 -0.00125553
0 -0.000454824 -0.001215 -0.00171289
0 -0.000619038 -0.00151047 -0.00203373
0 -0.000760327 -0.00173187 -0.00223359
0 -0.000849172 -0.00186263 -0.00233144
0 -0.000861535 -0.00188471 -0.00233793
0 -0.000790653 -0.00178467 -0.00225074
0 -0.000650003 -0.00156429 -0.00205546
0 -0.000467637 -0.00124147 -0.0017327
0 -0.000271977 -0.000842264 -0.00127198
0 -8.40191e-05 -0.000395189 -0.000684502
0 8.48652e-05 7.38725e-05 -8.19925e-06
0 0.000235607 0.000540907 0.000699712
0 0.000379623 0.00098826 0.0013787
0 0.000526529 0.00140418 0.00197596
0 0.00067736 0.00176891 0.00245198
0 0.000820569 0.00206039 0.00278719
0 0.000931041 0.00225839 0.00297938
0 0.000984539 0.00234187 0.00303627
0 0.000967594 0.00229904 0.00296816
0 0.000879565 0.0021284 0.00277885
0 0.000731663 0.0018372 0.00246281
0 0.000540525 0.00144189 0.00201024
0 0.000322907 0.000961332 0.00141707
0 9.05377e-05 0.000413325 0.000694475
0 -0.000152264 -0.000187858 -0.000130018
0 -0.000406708 -0.000831671 -0.00101786
0 -0.000672827 -0.00149565 -0.00192134
0 -0.000945189 -0.0021456 -0.00278785
0 -0.00121386 -0.00275108 -0.00356879
0 -0.00145614 -0.00327579 -0.00422186
0 -0.00164031 -0.00367705 -0.00471246
0 -0.00174331 -0.00392045 -0.00501601
0 -0.00175528 -0.00398182 -0.0051147
0 -0.00167798 -0.00385329 -0.00499419
0 -0.00152414 -0.00354674 -0.00464701
0 -0.00131367 -0.00308864 -0.00408203
0 -0.00106839 -0.00251591 -0.00333067
0 -0.000806397 -0.0018683 -0.0024463
0 -0.000538487 -0.00118413 -0.00149789
0 -0.000273589 -0.000504734 -0.000559549
0 -2.36274e-05 0.000126933 0.000302447
0 0.000201819 0.000681402 0.00104097
0 0.000400836 0.00114328 0.00162931
0 0.000569963 0.00149903 0.00205863
0 0.00069727 0.00174294 0.00233465
0 0.000771657 0.00187515 0.0024696
0 0.000787028 0.0018954 0.00247767
0 0.000745993 0.00181023 0.00237254
0 0.000662471 0.00163331 0.00216587
0 0.000554063 0.00138601 0.0018697
0 0.00043738 0.00109713 0.00149997
0 0.000324806 0.000794686 0.00108121
0 0.000223258 0.000501202 0.000647942
0 0.000138535 0.000236281 0.000241498
0 7.45493e-05 1.85641e-05 -9.45373e-05
0 3.36288e-05 -0.000131319 -0.000320649
0 2.07363e-05 -0.000190875 -0.00040823
0 4.10246e-05 -0.000145463 -0.000343013
0 9.9846e-05 1.20297e-05 -0.000123847
0 0.00020356 0.000281872 0.00024069
0 0.000353908 0.000652889 0.000735432
0 0.000543818 0.00110946 0.00133911
0 0.000757617 0.00162826 0.00202158
0 0.000976113 0.00217313 0.00274408
0 0.00118211 0.00270654 0.00346332
0 0.00136192 0.00319003 0.00413201
0 0.0015033 0.00358512 0.00469811
0 0.00159512 0.0038617 0.00511014
0 0.00163141 0.00399693 0.0053258
0 0.00160956 0.00397529 0.00531703
0 0.00152695 0.00378817 0.00507147
0 0.00138192 0.00343332 0.00459303
0 0.00117447 0.00291894 0.00390081
0 0.000908327 0.00226356 0.00302547
0 0.000591034 0.00149277 0.00200488
0 0.000230706 0.000634891 0.000878942
0 -0.000167716 -0.000287053 -0.000316309
0 -0.000597957 -0.00125114 -0.00154875
0 -0.00103277 -0.00221818 -0.00278114
0 -0.00144165 -0.0031415 -0.00396903
0 -0.00181254 -0.00398464 -0.00506383
0 -0.00212617 -0.00470939 -0.00601375
0 -0.00236539 -0.00527976 -0.00677017
0 -0.00252521 -0.00566963 -0.00729176
0 -0.00259606 -0.00585521 -0.00754648
0 -0.00257366 -0.00582253 -0.00751537
0 -0.00245941 -0.005571 -0.00719537
0 -0.00225578 -0.0051107 -0.00660095
0 -0.00197346 -0.00446577 -0.00576321
0 -0.00162733 -0.00367067 -0.00472776
0 -0.00123447 -0.00276731 -0.0035513
0 -0.000816468 -0.00180452 -0.00229747
0 -0.000395358 -0.000832142 -0.00103143
0 2.42039e-06 9.8441e-05 0.00018656
0 0.000351591 0.000943379 0.00130632
0 0.000650091 0.00168124 0.00228768
0 0.000901369 0.00229196 0.00309561
0 0.00109385 0.00275117 0.00370276
0 0.00122333 0.00305153 0.00409431
0 0.00129126 0.00319386 0.00426891
0 0.00129819 0.00318569 0.00423966
0 0.00125276 0.00304522 0.00403053
0 0.0011612 0.00279067 0.00367112
0 0.00102822 0.0024434 0.00319442
0 0.000864264 0.00202927 0.00263526
0 0.000679882 0.00157388 0.00202878
0 0.000488031 0.00110465 0.00140871
0 0.000302545 0.000648653 0.000806684
0 0.000134696 0.000231218 0.000251851
0 -4.2564e-06 -0.000123904 -0.000227727
0 -0.000105065 -0.000394625 -0.000602675
0 -0.000160837 -0.000560071 -0.000843172
0 -0.000167273 -0.000606007 -0.000924221
0 -0.000124146 -0.00052546 -0.000831847
0 -3.55987e-05 -0.000319739 -0.000566798
0 9.15095e-05 -2.42153e-06 -0.000145762
0 0.000245617 0.000401283 0.000399989
0 0.000413437 0.000856668 0.00102845
0 0.000583569 0.00132655 0.00169034
0 0.00074572 0.00177745 0.00233187
0 0.000893728 0.00217941 0.002901
0 0.00102062 0.00250841 0.00335579
0 0.00111897 0.00274751 0.00366901
0 0.00118218 0.00288331 0.00382838
0 0.00120048 0.00290585 0.00383306
0 0.00116631 0.00280981 0.0036893
0 0.00107715 0.00259571 0.00340677
0 0.000935545 0.0022715 0.0029959
0 0.000750478 0.00185134 0.00246739
0 0.00053287 0.00135226 0.00183305
0 0.000291184 0.000790633 0.00110683
0 3.13366e-05 0.000180141 0.000306982
0 -0.000243456 -0.000465907 -0.000543028
0 -0.000525872 -0.00112808 -0.00141329
0 -0.000802791 -0.00177813 -0.00226685
0 -0.00106699 -0.00238798 -0.00306561
0 -0.00131299 -0.00293705 -0.00377629
0 -0.00152909 -0.00340692 -0.00437196
0 -0.00170203 -0.00377819 -0.0048324
0 -0.00181695 -0.00403093 -0.00514201
0 -0.00186206 -0.00414564 -0.0052886
0 -0.00183466 -0.00411071 -0.00526272
0 -0.00173897 -0.00392679 -0.00505804
0 -0.00158511 -0.00360569 -0.00467463
0 -0.00138492 -0.00316631 -0.00412168
0 -0.0011467 -0.0026275 -0.00341895
0 -0.00087628 -0.00200644 -0.00259701
0 -0.00057935 -0.00132187 -0.00169456
0 -0.000264016 -0.000596891 -0.000752304
0 5.55385e-05 0.000139516 0.000194208
0 0.000363109 0.000858241 0.00111794
0 0.000648084 0.00153478 0.00199348
0 0.000896878 0.00213799 0.00278663
0 0.00108616 0.00262724 0.00345308
0 0.00119786 0.00296423 0.0039424
0 0.00122692 0.00311779 0.00420574
0 0.00117717 0.00307092 0.00420545
0 0.00105957 0.00282456 0.00392082
0 0.000884742 0.00239318 0.00335455
0 0.000661206 0.00180456 0.00253906
0 0.00040125 0.00109832 0.00153756
0 0.000116837 0.000321295 0.000435927
0 -0.00018226 -0.000479119 -0.000675116
0 -0.000482724 -0.0012475 -0.00171072
0 -0.000764699 -0.00192162 -0.00259905
0 -0.00101011 -0.00246216 -0.0032912
0 -0.00120482 -0.00285028 -0.00376166
0 -0.00133018 -0.00307381 -0.00400716
0 -0.00137536 -0.00313421 -0.0040431
0 -0.00134125 -0.00303785 -0.00389391
0 -0.00123182 -0.00279399 -0.00358333
0 -0.00105649 -0.00241996 -0.00312773
0 -0.000826758 -0.00193511 -0.00253802
0 -0.000556269 -0.00136095 -0.00182639
0 -0.000263148 -0.000720382 -0.0010124
0 3.43188e-05 -3.54502e-05 -0.000123939
0 0.000321704 0.000667171 0.00080637
0 0.000596232 0.00136381 0.0017447
0 0.00086217 0.00203622 0.00265448
0 0.00111413 0.00265872 0.00349475
0 0.00134151 0.00320768 0.00422737
0 0.00153434 0.0036646 0.00482266
0 0.00167928 0.00400809 0.00526011
0 0.0017681 0.00422149 0.00552877
0 0.00179873 0.0042958 0.00562498
0 0.00177168 0.00423165 0.00555072
0 0.00169334 0.0040422 0.00531336
0 0.00157166 0.00374577 0.0049263
0 0.00141379 0.00336013 0.0044093
0 0.00122628 0.00290036 0.00378662
0 0.00101235 0.00237793 0.00308423
0 0.000774729 0.00180548 0.00232757
0 0.000518968 0.00119956 0.00154035
0 0.000251918 0.000578512 0.000743399
0 -1.8082e-05 -3.91409e-05 -4.59456e-05
0 -0.00028129 -0.000636775 -0.000811209
0 -0.000525174 -0.00119372 -0.00153063
0 -0.00073449 -0.00168375 -0.00217508
0 -0.000901704 -0.00208603 -0.00271276
0 -0.00102446 -0.00238382 -0.00311475
0 -0.00109998 -0.0025655 -0.0033603
0 -0.0011303 -0.00262918 -0.00344071
0 -0.00111667 -0.00257808 -0.00336022
0 -0.00105886 -0.00242049 -0.00313475
0 -0.000959191 -0.00216929 -0.00278838
0 -0.00082009 -0.00183919 -0.00234879
0 -0.000647092 -0.0014473 -0.00184269
0 -0.000450006 -0.00101291 -0.00129373
0 -0.000242169 -0.000556851 -0.000722627
0 -3.95771e-05 -0.000101044 -0.000147806
0 0.000144319 0.00033245 0.00041301
0 0.000301861 0.000725639 0.000940547
0 0.000430789 0.00106427 0.00141171
0 0.000530565 0.00133604 0.00180093
0 0.00060308 0.00153404 0.00208498
0 0.000650395 0.00165309 0.00224792
0 0.000670242 0.0016899 0.00228456
0 0.000659914 0.0016434 0.0021994
0 0.000613944 0.00151148 0.0020026
0 0.000526493 0.00129428 0.00170622
0 0.000398089 0.000996188 0.00132155
0 0.000233427 0.000627391 0.000859604
0 4.57251e-05 0.00020595 0.000334097
0 -0.000146669 -0.000242547 -0.000236721
0 -0.000331647 -0.000691369 -0.000829321
0 -0.000498201 -0.00111506 -0.00141205
0 -0.000640476 -0.00148992 -0.00194469
0 -0.000761906 -0.00180163 -0.00238695
0 -0.000862364 -0.00204087 -0.00270834
0 -0.000937853 -0.00219733 -0.0028927
0 -0.000981227 -0.00226204 -0.0029394
0 -0.000982167 -0.00222842 -0.00285984
0 -0.000934357 -0.00209668 -0.0026712
0 -0.000837523 -0.00187595 -0.00239064
0 -0.000698924 -0.00158187 -0.0020328
0 -0.000533707 -0.00123513 -0.00161158
0 -0.000359503 -0.000858021 -0.00114236
0 -0.000190225 -0.000470243 -0.000642737
0 -3.31782e-05 -8.73002e-05 -0.000132155
0 0.000111158 0.000278349 0.000368981
0 0.000244956 0.000619162 0.000840196
0 0.000370166 0.000929952 0.00126208
0 0.000485079 0.00120246 0.00161849
0 0.000584793 0.0014287 0.00189958
0 0.000665144 0.0016003 0.00210273
0 0.000718624 0.00170981 0.00222944
0 0.000739483 0.00175366 0.00228135
0 0.000725654 0.00172906 0.00225735
0 0.000676057 0.00163484 0.00215325
0 0.000596228 0.00147341 0.00196502
0 0.000495075 0.00125134 0.00169272
0 0.000380646 0.000979768 0.00134259
0 0.000257777 0.000671569 0.000927811
0 0.000127869 0.000337853 0.000467874
0 -8.50413e-06 -1.09465e-05 -1.46442e-05
0 -0.000152346 -0.000366017 -0.000496885
0 -0.000301937 -0.000716933 -0.000956713
0 -0.000449599 -0.00104748 -0.00137473
0 -0.000586147 -0.00134234 -0.00173658
0 -0.000701693 -0.00158638 -0.00203292
0 -0.000787122 -0.00176767 -0.00225816
0 -0.000838919 -0.0018822 -0.00240813
0 -0.00085557 -0.00192821 -0.00247788
0 -0.000838149 -0.00190579 -0.00246227
0 -0.00079137 -0.001817 -0.00235844
0 -0.000719145 -0.00166433 -0.00216746
0 -0.000624856 -0.00145234 -0.00189468
0 -0.000509425 -0.00118708 -0.00154926
0 -0.000372605 -0.000875183 -0.00114335
0 -0.000217036 -0.000524733 -0.00069094
0 -4.73793e-05 -0.000144071 -0.000205165
0 0.000130256 0.000257351 0.000303954
0 0.000308817 0.000668772 0.000828464
0 0.000481551 0.00107756 0.00135747
0 0.0006395 0.00146587 0.00187286
0 0.000774266 0.00181426 0.00234976
0 0.000880801 0.00210433 0.00275896
0 0.000953884 0.00231785 0.0030699
0 0.000990992 0.00243969 0.00325515
0 0.000991167 0.00245954 0.00329551
0 0.000954004 0.00237367 0.00318386
0 0.000882599 0.00218722 0.00292719
0 0.000781701 0.00191468 0.00254695
0 0.000658459 0.0015787 0.00207667
0 0.000520803 0.00120553 0.00155574
0 0.000373767 0.000819171 0.00102214
0 0.000220421 0.000437387 0.00050631
0 6.38978e-05 7.12919e-05 2.74509e-05
0 -9.35464e-05 -0.000274608 -0.000406721
0 -0.000251283 -0.000599559 -0.000797805
0 -0.000403535 -0.000901963 -0.00115285
0 -0.000542083 -0.0011794 -0.00147935
0 -0.000659916 -0.00142534 -0.00177959
0 -0.000747297 -0.00162943 -0.00204688
0 -0.000800848 -0.00178143 -0.00226597
0 -0.000822905 -0.00187235 -0.00241689
0 -0.00081731 -0.00189697 -0.00248014
0 -0.000789665 -0.00185335 -0.00244114
0 -0.000741111 -0.00174167 -0.00229479
0 -0.000669992 -0.00156412 -0.00204737
0 -0.000573308 -0.00132392 -0.00171402
0 -0.000448801 -0.00102742 -0.00131572
0 -0.00030119 -0.000687565 -0.000875901
0 -0.000139543 -0.000322264 -0.000415176
0 2.52057e-05 5.02897e-05 5.18022e-05
0 0.000182837 0.000413394 0.000514501
0 0.000328301 0.000755239 0.000962386
0 0.0004569 0.00106796 0.00138263
0 0.000566472 0.00134483 0.00176133
0 0.000660669 0.00158286 0.00208551
0 0.000740249 0.00177704 0.00234375
0 0.000801371 0.00191993 0.00252708
0 0.00083997 0.00200523 0.00262973
0 0.000850864 0.00202629 0.00264966
0 0.000830941 0.00198019 0.00258794
0 0.000782423 0.00186938 0.00244808
0 0.000709888 0.00170122 0.00223644
0 0.000620263 0.00148778 0.00196226
0 0.000520427 0.0012423 0.00163768
0 0.000414147 0.000976314 0.00127747
0 0.000303317 0.000699125 0.000898603
0 0.000189693 0.000418073 0.000518111
0 7.47486e-05 0.000139854 0.000149285
0 -4.17196e-05 -0.000130229 -0.00019892
0 -0.000156898 -0.000385865 -0.000519677
0 -0.00026381 -0.0006175 -0.00080706
0 -0.000356454 -0.000818559 -0.00105655
0 -0.000432498 -0.000985254 -0.00126593
0 -0.000493211 -0.00111673 -0.00143522
0 -0.000540777 -0.00121724 -0.00156531
0 -0.000576536 -0.00128993 -0.00165656
0 -0.00059953 -0.00133559 -0.00170938
0 -0.000607163 -0.00135203 -0.00172373
0 -0.000595243 -0.00133197 -0.00169696
0 -0.000559947 -0.00126844 -0.00162428
0 -0.00050176 -0.00115856 -0.00150063
0 -0.000423589 -0.0010034 -0.00132134
0 -0.000330621 -0.000808334 -0.00108496
0 -0.000229833 -0.000582144 -0.000796934
0 -0.000127053 -0.000335902 -0.000470276
0 -2.82952e-05 -8.21605e-05 -0.000123746
0 6.37342e-05 0.00016552 0.00022144
0 0.00014928 0.000394964 0.000544347
0 0.00022582 0.000596243 0.000824408
0 0.000289152 0.00075712 0.00104266
0 0.00033377 0.000866474 0.00118511
0 0.00035563 0.000917396 0.0012448
0 0.000352679 0.000904876 0.0012214
0 0.000324579 0.000830352 0.00111997
0 0.000273796 0.000701615 0.000949562
0 0.000204575 0.000529382 0.000722535
0 0.000124008 0.000328121 0.000454304
0 3.86059e-05 0.000112423 0.000161665
0 -4.81995e-05 -0.000107276 -0.000138889
0 -0.000134634 -0.000323458 -0.000432754
0 -0.000221687 -0.000530194 -0.000708225
0 -0.000308346 -0.000723171 -0.000955522
0 -0.000388341 -0.000895552 -0.00116628
0 -0.000454425 -0.00103585 -0.00133337
0 -0.000497305 -0.00113202 -0.00145014
0 -0.000509707 -0.00117313 -0.0015091
0 -0.000490876 -0.00115248 -0.00150158
0 -0.000443052 -0.00106968 -0.00141916
0 -0.000370956 -0.000927755 -0.00125583
0 -0.000281358 -0.000732978 -0.0010121
0 -0.000180675 -0.000495264 -0.000698548
0 -7.49489e-05 -0.000227694 -0.000334929
0 3.08782e-05 5.42559e-05 5.43318e-05
0 0.000135295 0.000334581 0.000444767
0 0.000237979 0.000600954 0.000814014
0 0.000336982 0.000843945 0.00114218
0 0.00042702 0.00105343 0.00141395
0 0.000501072 0.00122075 0.00161975
0 0.000552074 0.00133478 0.0017539
0 0.000572279 0.00138383 0.0018127
0 0.000558361 0.0013623 0.00179297
0 0.00051234 0.00126982 0.00169149
0 0.000438531 0.00111184 0.00150611
0 0.000344221 0.000898498 0.00123891
0 0.000236914 0.000641526 0.000899706
0 0.000122161 0.000352194 0.000505114
0 3.2397e-06 4.23365e-05 7.59726e-05
0 -0.000119813 -0.000276702 -0.000364312
0 -0.000246541 -0.000592176 -0.000791163
0 -0.000370342 -0.000886565 -0.00117954
0 -0.000482443 -0.00114277 -0.0015066
0 -0.000572945 -0.00134282 -0.00175459
0 -0.000629193 -0.00146939 -0.00191078
0 -0.000645229 -0.00151177 -0.00196686
0 -0.000619702 -0.00146558 -0.00191842
0 -0.000555455 -0.00133463 -0.00176534
0 -0.000461268 -0.00112976 -0.00151286
0 -0.000345049 -0.000864828 -0.00117262
0 -0.000215259 -0.00055576 -0.000763719
0 -7.91889e-05 -0.000219327 -0.000310743
0 5.93344e-05 0.000128904 0.00016089
0 0.000197442 0.000475309 0.000629196
0 0.0003347 0.000810166 0.00107604
0 0.000469181 0.00112526 0.00148665
0 0.000594885 0.00141178 0.00185105
0 0.000707874 0.00166333 0.00216418
0 0.000802871 0.00187359 0.00242449
0 0.00087435 0.00203713 0.00263144
0 0.000921303 0.00215074 0.00278267
0 0.000942399 0.00221158 0.00287353
0 0.000939228 0.00221957 0.00289873
0 0.000915671 0.00217612 0.00285369
0 0.000872362 0.0020812 0.00273495
0 0.000809436 0.00193466 0.002542
0 0.000726491 0.00173684 0.00227837
0 0.000622389 0.00148902 0.00195047
0 0.000497463 0.00119446 0.0015659
0 0.000352554 0.000858301 0.00113235
0 0.00018957 0.00048673 0.000657416
0 1.47125e-05 8.8956e-05 0.0001498
0 -0.000164133 -0.000322737 -0.00037897
0 -0.000339303 -0.000732663 -0.000912169
0 -0.000499449 -0.00111908 -0.00142558
0 -0.000637333 -0.00146155 -0.00189005
0 -0.000753262 -0.00174595 -0.00227838
0 -0.000847202 -0.00196402 -0.00257052
0 -0.000919432 -0.00211341 -0.00275634
0 -0.00096655 -0.00219254 -0.00283556
0 -0.000981101 -0.00219867 -0.00281535
0 -0.000957927 -0.00213011 -0.00270713
0 -0.000893804 -0.00198699 -0.00252138
0 -0.000790199 -0.00177331 -0.00226433
0 -0.00065451 -0.00149817 -0.00193908
0 -0.000497171 -0.00117367 -0.00154853
0 -0.000330171 -0.000813653 -0.00109958
0 -0.000163682 -0.000432392 -0.000605697
0 -4.02292e-06 -4.30996e-05 -8.60593e-05
0 0.000147199 0.000341052 0.000437868
0 0.000292859 0.000711197 0.000945393
0 0.000435112 0.00106127 0.00141715
0 0.000571417 0.00138211 0.00183653
0 0.000696363 0.00166482 0.00219179
0 0.000801726 0.00189783 0.00247586
0 0.000877269 0.00206863 0.00268495
0 0.000917779 0.00216878 0.00281564
0 0.000921521 0.00219262 0.00286237
0 0.000889241 0.00213966 0.00281791
0 0.000826584 0.00201358 0.00267572
0 0.000738991 0.00181956 0.00243364
0 0.000631256 0.00156416 0.0020966
0 0.00050681 0.00125442 0.00167671
0 0.000365671 0.000898524 0.00119198
0 0.000207352 0.000506275 0.000663672
0 3.38101e-05 8.91434e-05 0.000112299
0 -0.000151781 -0.000341729 -0.000445023
0 -0.000345145 -0.000773773 -0.000993644
0 -0.00053523 -0.00119008 -0.00151855
0 -0.000709744 -0.00157473 -0.00200398
0 -0.000860376 -0.00191159 -0.00243396
0 -0.000979106 -0.00218551 -0.0027921
0 -0.00106269 -0.00238674 -0.00306273
0 -0.00111123 -0.00250865 -0.00323255
0 -0.00112517 -0.00254866 -0.00329258
0 -0.00110604 -0.00250698 -0.00323936
0 -0.00105278 -0.00238379 -0.00307482
0 -0.000963979 -0.00218094 -0.00280627
0 -0.000839787 -0.00190256 -0.0024447
0 -0.000681966 -0.00155555 -0.00200286
0 -0.000496143 -0.00115107 -0.00149437
0 -0.000291684 -0.000704147 -0.000933904
0 -8.11235e-05 -0.000232962 -0.000337972
0 0.000121568 0.000241584 0.000274174
0 0.000306749 0.00069853 0.000880978
0 0.000471169 0.0011204 0.0014581
0 0.000613338 0.00149321 0.00197784
0 0.00073316 0.0018045 0.00241218
0 0.000829249 0.00204401 0.00273787
0 0.000897097 0.00220353 0.00294099
0 0.000932631 0.00227519 0.00301714
0 0.000930198 0.00225334 0.00296941
0 0.000886404 0.00213771 0.00280675
0 0.000803492 0.00193507 0.00254136
0 0.000687372 0.00165953 0.00218781
0 0.000549219 0.00133076 0.00176389
0 0.000401838 0.00097113 0.00129104
0 0.000253762 0.000601193 0.000793404
0 0.000110544 0.000236946 0.000295371
0 -2.59598e-05 -0.000110129 -0.000180436
0 -0.000157124 -0.000431283 -0.000613454
0 -0.000280763 -0.000717229 -0.000985807
0 -0.000392539 -0.000959376 -0.0012856
0 -0.000488114 -0.00115085 -0.00150925
0 -0.000559856 -0.00128537 -0.00165884
0 -0.000600178 -0.00135888 -0.00173874
0 -0.000606061 -0.00137005 -0.00175224
0 -0.000577269 -0.00131975 -0.00169996
0 -0.000518286 -0.00121119 -0.0015805
0 -0.000437355 -0.00105029 -0.00139282
0 -0.000342498 -0.000845763 -0.00114011
0 -0.000240962 -0.00060817 -0.000831308
0 -0.000135791 -0.000348535 -0.000481298
0 -2.92594e-05 -7.75103e-05 -0.000109565
0 7.60353e-05 0.000193089 0.000262852
0 0.000178562 0.000452106 0.000615948
0 0.000274479 0.000689785 0.000932035
0 0.000359991 0.000894347 0.00119762
0 0.000430747 0.00105714 0.00140445
0 0.000482607 0.00117276 0.0015479
0 0.000512581 0.00123645 0.00162645
0 0.000518564 0.00124837 0.00164117
0 0.000501417 0.00121047 0.00159385
0 0.000462411 0.00112416 0.00148597
0 0.000403138 0.000991754 0.00131867
0 0.000325373 0.000815719 0.00109404
0 0.000231374 0.000599744 0.00081637
0 0.000125387 0.000350265 0.000492872
0 1.25612e-05 7.80783e-05 0.000135071
0 -0.000101467 -0.000203443 -0.000240922
0 -0.000211638 -0.000480337 -0.000615673
0 -0.000312712 -0.0007369 -0.000966929
0 -0.000402043 -0.000960548 -0.00127245
0 -0.00047979 -0.00114333 -0.0015148
0 -0.000542446 -0.00127809 -0.00168306
0 -0.000584817 -0.00135885 -0.00177258
0 -0.000600454 -0.00137991 -0.00178362
0 -0.000583042 -0.00133645 -0.00171937
0 -0.000532019 -0.00122817 -0.00158434
0 -0.000450814 -0.00105981 -0.00138285
0 -0.000346191 -0.000840078 -0.00111872
0 -0.000226852 -0.000580407 -0.000797525
0 -0.000100567 -0.000293163 -0.000429149
0 2.47936e-05 9.16267e-06 -2.87649e-05
0 0.000143226 0.000312113 0.000384135
0 0.000253211 0.000603016 0.000788538
0 0.00035573 0.000872629 0.00116349
0 0.000449827 0.00111069 0.00148948
0 0.000531961 0.00130829 0.00175001
0 0.000596437 0.00145528 0.00193293
0 0.000634759 0.00154032 0.0020321
0 0.000641946 0.00155657 0.00204618
0 0.000616829 0.00150052 0.00197577
0 0.000559926 0.00137404 0.00182243
0 0.000476734 0.00118551 0.00158951
0 0.000374604 0.000946774 0.0012844
0 0.000260491 0.000671665 0.000920315
0 0.000141856 0.000373746 0.000516123
0 2.41252e-05 6.72937e-05 9.4176e-05
0 -9.13975e-05 -0.000234322 -0.000322119
0 -0.000204154 -0.000518926 -0.000709854
0 -0.00031076 -0.000773287 -0.00104794
0 -0.000407437 -0.000988055 -0.00132047
0 -0.0004884 -0.00115413 -0.00151835
0 -0.000543059 -0.0012609 -0.00163742
0 -0.000563569 -0.00130056 -0.0016771
0 -0.000546591 -0.00126805 -0.00163796
0 -0.000493238 -0.00116443 -0.00152071
0 -0.000411086 -0.000997522 -0.00132687
0 -0.000308974 -0.000778442 -0.00106011
0 -0.000194938 -0.00051971 -0.000729153
0 -7.55254e-05 -0.000233499 -0.000348576
0 4.54875e-05 6.94953e-05 6.28695e-05
0 0.000165954 0.000377774 0.000485168
0 0.000285554 0.000681546 0.000899132
0 0.000403681 0.000971843 0.00128665
0 0.000513994 0.00123537 0.00163097
0 0.00060915 0.00145961 0.00191786
0 0.000682333 0.00163159 0.00213627
0 0.000725139 0.00173892 0.00227745
0 0.000734909 0.00177505 0.00233386
0 0.000711484 0.00173587 0.00229835
0 0.000655713 0.00162125 0.0021654
0 0.000573236 0.00143656 0.00193461
0 0.000469806 0.00119005 0.00161263
0 0.000349839 0.000892575 0.00121285
0 0.000215742 0.00055532 0.000754074
0 6.85156e-05 0.000188414 0.000257187
0 -9.09603e-05 -0.000198133 -0.000258057
0 -0.000261924 -0.000593983 -0.00077363
0 -0.000437321 -0.000985631 -0.00127221
0 -0.00060642 -0.00135662 -0.00173739
0 -0.000759705 -0.00169057 -0.00215466
0 -0.000886315 -0.00197137 -0.00251028
0 -0.000978485 -0.00218508 -0.00279022
0 -0.00103214 -0.00232172 -0.00297989
0 -0.00104564 -0.00237416 -0.00306533
0 -0.00102132 -0.00233953 -0.00303641
0 -0.000963125 -0.00221942 -0.00288973
0 -0.000874645 -0.00201882 -0.00262988
0 -0.000757777 -0.00174547 -0.00226848
0 -0.000612815 -0.00140807 -0.0018223
0 -0.000439951 -0.00101557 -0.0013103
0 -0.000242394 -0.000577427 -0.00075
0 -2.84241e-05 -0.00010507 -0.000156148
0 0.000189346 0.000384966 0.000458803
0 0.000398336 0.000873681 0.00108223
0 0.000589029 0.00134055 0.00169647
0 0.000754514 0.00176448 0.00227672
0 0.000893196 0.00213089 0.00279398
0 0.00100511 0.002429 0.0032187
0 0.00108883 0.00264896 0.00352551
0 0.00114383 0.00278349 0.00369922
0 0.00116731 0.00282608 0.00373652
0 0.00115439 0.00277266 0.00364307
0 0.00110126 0.00262432 0.00343059
0 0.00100595 0.00238713 0.0031134
0 0.000871131 0.00207133 0.00270546
0 0.000703982 0.00168981 0.00221954
0 0.000514518 0.00125695 0.00166847
0 0.000315002 0.000790795 0.00106836
0 0.00011606 0.000311198 0.000439936
0 -7.55435e-05 -0.000162707 -0.000193129
0 -0.00025644 -0.000613502 -0.000804384
0 -0.000423603 -0.00102463 -0.00136337
0 -0.000573382 -0.00137952 -0.00183934
0 -0.000701825 -0.00166681 -0.00220879
0 -0.000803394 -0.00187712 -0.00246007
0 -0.000871547 -0.00200228 -0.00259361
0 -0.000900284 -0.00203979 -0.00261787
0 -0.000886859 -0.0019919 -0.00254499
0 -0.000833178 -0.00186758 -0.00238793
0 -0.000746415 -0.00168076 -0.00215872
0 -0.000637363 -0.00144669 -0.00186932
0 -0.000517459 -0.00118169 -0.00153374
0 -0.000396489 -0.000901496 -0.00116869
0 -0.000280928 -0.000620439 -0.000793526
0 -0.000173528 -0.000351828 -0.000428983
0 -7.62067e-05 -0.000106886 -9.46886e-05
0 8.22772e-06 0.000103905 0.000192138
0 7.79132e-05 0.00027268 0.000418017
0 0.000130216 0.00039521 0.000575021
0 0.00016394 0.000467688 0.000661341
0 0.000178796 0.000489889 0.000680199
0 0.000173787 0.000464985 0.000638016
0 0.000150788 0.000398275 0.000543891
0 0.000113266 0.00029907 0.000409038
0 6.47668e-05 0.000176746 0.00024439
0 8.8347e-06 3.93045e-05 6.00843e-05
0 -5.06247e-05 -0.000105309 -0.000133249
0 -0.00010948 -0.000249597 -0.000325186
0 -0.000164687 -0.000385554 -0.000505862
0 -0.000213675 -0.000505595 -0.000665693
0 -0.000252683 -0.000602512 -0.000795041
0 -0.000277589 -0.000668142 -0.000884004
0 -0.000285434 -0.000695145 -0.000923715
0 -0.00027339 -0.000677713 -0.000906985
0 -0.000239991 -0.000612031 -0.000829066
0 -0.000186289 -0.000497746 -0.000688649
0 -0.000113824 -0.000337544 -0.000487378
0 -2.60112e-05 -0.000136072 -0.000229723
0 7.35697e-05 9.99174e-05 7.67323e-05
0 0.000182066 0.000360964 0.000421752
0 0.000295398 0.000638467 0.00079311
0 0.000410941 0.000924155 0.0011763
0 0.000523418 0.00120516 0.00155399
0 0.000627259 0.00146808 0.00190709
0 0.000719005 0.0016994 0.0022171
0 0.000792 0.00188471 0.00246732
0 0.000841746 0.00201347 0.00264323
0 0.000865422 0.00207777 0.00273383
0 0.000860571 0.00207303 0.00273277
0 0.000828411 0.00199968 0.00263883
0 0.000770597 0.00186069 0.00245572
0 0.000689126 0.00166192 0.00219151
0 0.00058745 0.00141218 0.00185845
0 0.00046902 0.00112157 0.00147147
0 0.000336688 0.000801014 0.00104641
0 0.000194083 0.000460883 0.000599195
0 4.73581e-05 0.00011316 0.000145205
0 -9.71846e-05 -0.000229028 -0.00030043
0 -0.00023449 -0.000552711 -0.000722181
0 -0.000357605 -0.000843121 -0.00110357
0 -0.000462373 -0.00108947 -0.00142838
0 -0.0005475 -0.00128374 -0.0016826
0 -0.000607886 -0.00141841 -0.00185554
0 -0.000640649 -0.00148907 -0.00194134
0 -0.000644318 -0.00149262 -0.00193941
0 -0.00061753 -0.00142926 -0.0018539
0 -0.000563068 -0.00130379 -0.00169225
0 -0.000484201 -0.00112436 -0.00146393
0 -0.000386543 -0.000903135 -0.00118145
0 -0.000278901 -0.000654566 -0.000860189
0 -0.000168356 -0.000393223 -0.000517576
0 -6.17685e-05 -0.000133222 -0.00017207
0 3.52209e-05 0.000111816 0.000158627
0 0.00012111 0.000330726 0.000458626
0 0.000194386 0.000516724 0.000713757
0 0.000253015 0.00066288 0.000911398
0 0.000293776 0.00076175 0.00104154
0 0.00031385 0.000809191 0.00109909
0 0.000313191 0.0008031 0.00108471
0 0.000291503 0.000744221 0.00100284
0 0.000248853 0.000636595 0.000859534
0 0.00018632 0.00048558 0.00066195
0 0.000106921 0.000298606 0.000418405
0 1.54981e-05 8.43909e-05 0.000138358
0 -8.28471e-05 -0.000148336 -0.000166781
0 -0.000182811 -0.000389435 -0.000484311
0 -0.00028098 -0.000627722 -0.00080122
0 -0.000376001 -0.000854801 -0.00110381
0 -0.000467098 -0.0010643 -0.00137896
0 -0.000550845 -0.00124875 -0.00161508
0 -0.000620548 -0.00140011 -0.0018023
0 -0.000669678 -0.00150839 -0.00193317
0 -0.000692658 -0.001564 -0.00200239
0 -0.00068688 -0.00156105 -0.00200542
0 -0.000652184 -0.00149703 -0.00193743
0 -0.000590795 -0.0013743 -0.00179516
0 -0.000507893 -0.00119896 -0.00157958
0 -0.000408432 -0.000978296 -0.00129685
0 -0.000297264 -0.000720599 -0.000958433
0 -0.000177879 -0.000435455 -0.000580351
0 -5.32726e-05 -0.000133592 -0.00018047
0 7.27803e-05 0.000172587 0.000224342
0 0.00019726 0.000471867 0.000619617
0 0.000317205 0.000756476 0.000992903
0 0.000428688 0.00101762 0.00133312
0 0.000526043 0.00124713 0.00163072
0 0.000606467 0.00143866 0.00187798
0 0.000668178 0.00158547 0.00206948
0 0.000709336 0.0016847 0.0022018
0 0.000731432 0.00173673 0.00227282
0 0.000735197 0.00174343 0.00228278
0 0.00072282 0.00170969 0.00223557
0 0.000697345 0.00164069 0.00213796
0 0.000658761 0.00154005 0.00199761
0 0.000606866 0.00141079 0.00182194
0 0.000542039 0.00125606 0.00161795
0 0.000465796 0.00107978 0.00139155
0 0.000380787 0.00088671 0.00114707
0 0.000290027 0.000681723 0.000888128
0 0.000197763 0.000470391 0.00061879
0 0.000108025 0.000258821 0.000343772
0 2.13344e-05 5.13824e-05 6.83633e-05
0 -6.34807e-05 -0.000150523 -0.000201572
0 -0.000145944 -0.000345082 -0.000459284
0 -0.000225875 -0.000528337 -0.000697549
0 -0.00030111 -0.000696339 -0.000909643
0 -0.000366868 -0.000842475 -0.00108978
0 -0.000419604 -0.000958256 -0.00123296
0 -0.000455018 -0.00103755 -0.00133436
0 -0.000470197 -0.00107659 -0.00138986
0 -0.000466925 -0.00107584 -0.00139707
0 -0.000448629 -0.00103934 -0.00135601
0 -0.000419354 -0.000972286 -0.00127004
0 -0.000383498 -0.000881729 -0.00114687
0 -0.000343959 -0.000775584 -0.000998038
0 -0.000301535 -0.000660936 -0.00083682
0 -0.000256045 -0.000544165 -0.000675581
0 -0.000207741 -0.000429924 -0.000523836
0 -0.000157725 -0.000321061 -0.00038695
0 -0.000108173 -0.000219419 -0.000265455
0 -6.05636e-05 -0.000124805 -0.00015615
0 -1.58184e-05 -3.67073e-05 -5.46405e-05
0 2.3811e-05 4.50239e-05 4.30664e-05
0 5.78378e-05 0.000121282 0.000139934
0 8.8126e-05 0.000193397 0.000237381
0 0.000116434 0.000263208 0.000334696
0 0.000143839 0.000331676 0.000429269
0 0.000170463 0.000397635 0.000517644
0 0.000195146 0.00045787 0.000595867
0 0.000215164 0.000507789 0.000659841
0 0.000228447 0.000542852 0.000706142
0 0.000234645 0.000560604 0.000732468
0 0.000234689 0.000561963 0.000738268
0 0.000230723 0.000550304 0.00072481
0 0.000224483 0.00052961 0.000694756
0 0.000217111 0.000503565 0.000652855
0 0.000209769 0.000475431 0.000605722
0 0.000202852 0.000447889 0.000560232
0 0.000196035 0.000423285 0.000522109
0 0.000188542 0.000403042 0.000494433
0 0.000179066 0.000386489 0.000476582
0 0.000167256 0.000371546 0.000465295
0 0.00015466 0.000356335 0.000456425
0 0.000143155 0.000339832 0.000445399
0 0.000133618 0.000321715 0.000428023
0 0.000126167 0.000302379 0.000402255
0 0.000119982 0.000281924 0.000368638
0 0.000113045 0.000258885 0.000329035
0 0.000103206 0.000231203 0.000285838
0 8.84941e-05 0.000196957 0.000240367
0 6.73784e-05 0.000154471 0.000191343
0 4.06652e-05 0.000103731 0.000136313
0 1.16661e-05 4.70821e-05 7.35796e-05
0 -1.60167e-05 -1.20284e-05 2.77597e-06
0 -3.99388e-05 -7.04195e-05 -7.48541e-05
0 -5.96751e-05 -0.000126291 -0.000156158
0 -7.69308e-05 -0.000178612 -0.000236266
0 -9.37212e-05 -0.000226928 -0.000309495
0 -0.000111753 -0.000272142 -0.000371774
0 -0.000132208 -0.00031461 -0.000422036
0 -0.000154479 -0.00035424 -0.000461944
0 -0.000176816 -0.000390494 -0.000495292
0 -0.000195714 -0.000421673 -0.000525702
0 -0.000207839 -0.000446671 -0.000555344
0 -0.000213637 -0.000465303 -0.000584487
0 -0.000214775 -0.000478168 -0.000611234
0 -0.00021364 -0.000486471 -0.000632354
0 -0.000213187 -0.000491241 -0.00064457
0 -0.000214355 -0.000493034 -0.000646165
0 -0.000216231 -0.000491201 -0.000637143
0 -0.000215839 -0.000483126 -0.000618145
0 -0.000208761 -0.000464774 -0.00058927
0 -0.000191672 -0.000431937 -0.000549121
0 -0.000163563 -0.00038157 -0.000494507
0 -0.000125501 -0.000312478 -0.000420715
0 -8.10403e-05 -0.000225386 -0.000323074
0 -3.39705e-05 -0.000123334 -0.000199694
0 1.37295e-05 -1.03389e-05 -5.23166e-05
0 6.00285e-05 0.000109516 0.000113805
0 0.000105032 0.000232037 0.000289815
0 0.000150173 0.000354201 0.000465193
0 0.000195509 0.000472737 0.000629864
0 0.000240895 0.000583147 0.000775643
0 0.000283489 0.000680416 0.000896916
0 0.00031849 0.000758125 0.000989852
0 0.00034141 0.000809388 0.00105139
0 0.000348121 0.000828928 0.00107831
0 0.000337555 0.000814068 0.00106747
0 0.00031205 0.000765521 0.00101648
0 0.000274956 0.000686929 0.000924259
0 0.000230279 0.000583338 0.000792702
0 0.000181966 0.00046105 0.00062764
0 0.000131461 0.000326178 0.000438007
0 7.75817e-05 0.000182448 0.000233787
0 1.82907e-05 3.21055e-05 2.46444e-05
0 -4.71229e-05 -0.000122672 -0.000180642
0 -0.000116254 -0.000277614 -0.000375368
0 -0.000185634 -0.000426746 -0.000555949
0 -0.000251115 -0.000564633 -0.000721135
0 -0.000306979 -0.000685316 -0.000869488
0 -0.000349288 -0.000783202 -0.000997198
0 -0.000375579 -0.000853491 -0.00109717
0 -0.000384398 -0.0008916 -0.00116013
0 -0.000377298 -0.000894335 -0.00117717
0 -0.000356328 -0.000859521 -0.00114165
0 -0.000322429 -0.000786375 -0.00105054
0 -0.000276503 -0.000676899 -0.000906048
0 -0.000219048 -0.000535447 -0.000715704
0 -0.00015026 -0.000367614 -0.000490048
0 -7.15064e-05 -0.000178828 -0.000239597
0 1.57759e-05 2.57466e-05 2.66171e-05
0 0.000108897 0.000238833 0.000300506
0 0.000201275 0.000452571 0.000574348
0 0.000287503 0.000658425 0.000839868
0 0.000362929 0.000844862 0.00108715
0 0.000422654 0.0010022 0.00130458
0 0.00046634 0.00112395 0.00147951
0 0.000494591 0.00120507 0.00160034
0 0.000507513 0.00124349 0.00165865
0 0.000505945 0.00123882 0.00165096
0 0.000489721 0.00119151 0.00157956
0 0.000458233 0.00110356 0.00145136
0 0.000410999 0.000978247 0.00127598
0 0.000348318 0.000821269 0.00106467
0 0.000273697 0.000641393 0.000829483
0 0.000193578 0.00044976 0.000582181
0 0.000114308 0.000258539 0.000333417
0 4.06078e-05 7.81957e-05 9.34829e-05
0 -2.43994e-05 -8.38142e-05 -0.000127034
0 -7.89663e-05 -0.000222511 -0.000318389
0 -0.000124779 -0.000336074 -0.000473756
0 -0.000165225 -0.000426104 -0.000590108
0 -0.000200367 -0.000493761 -0.00066766
0 -0.000227333 -0.000538504 -0.000709742
0 -0.000243233 -0.000559532 -0.000721685
0 -0.000245211 -0.000555758 -0.00070871
0 -0.000231837 -0.000527351 -0.000674188
0 -0.000205608 -0.000477047 -0.000619585
0 -0.000170938 -0.000409348 -0.000545148
0 -0.000132369 -0.000329383 -0.000450774
0 -9.44211e-05 -0.000241714 -0.000338099
0 -5.86512e-05 -0.000149822 -0.0002116
0 -2.39998e-05 -5.64537e-05 -7.80322e-05
0 9.84752e-06 3.58298e-05 5.45723e-05
0 4.38398e-05 0.000124542 0.000178574
0 7.8585e-05 0.000207424 0.000288142
0 0.000111536 0.000280766 0.000378986
0 0.000138052 0.000338978 0.000447874
0 0.00015374 0.000375936 0.000491843
0 0.000155435 0.00038599 0.000507531
0 0.000141786 0.000365981 0.000491413
0 0.000115219 0.000316452 0.000440419
0 8.00428e-05 0.000241277 0.000353289
0 3.99281e-05 0.000146469 0.000231932
0 -1.65059e-06 3.87067e-05 8.24295e-05
0 -4.28565e-05 -7.63627e-05 -8.50824e-05
0 -8.40357e-05 -0.00019404 -0.00025781
0 -0.000125214 -0.000308564 -0.000422008
0 -0.000166934 -0.000414692 -0.000566187
0 -0.00020929 -0.000508784 -0.000683867
0 -0.000249067 -0.0005871 -0.000773182
0 -0.000282239 -0.000646282 -0.000835156
0 -0.000304028 -0.00068341 -0.000871936
0 -0.000310404 -0.000696206 -0.000885405
0 -0.000301322 -0.000684022 -0.000875908
0 -0.000278798 -0.000647312 -0.000841501
0 -0.000246044 -0.000587658 -0.000778904
0 -0.000206726 -0.000507604 -0.000685564
0 -0.000162797 -0.000409817 -0.0005612
0 -0.000115294 -0.000296239 -0.000408645
0 -6.47654e-05 -0.000168813 -0.00023407
0 -9.83368e-06 -3.03972e-05 -4.52628e-05
0 5.03721e-05 0.000115683 0.000150294
0 0.000114544 0.000265967 0.00034648
0 0.000181271 0.000417466 0.000539135
0 0.000247627 0.000565812 0.000725074
0 0.000308667 0.000705241 0.000901011
0 0.000360859 0.000830322 0.00106308
0 0.000402481 0.000935853 0.00120618
0 0.000433146 0.00101876 0.00132429
0 0.00045404 0.00107742 0.00141099
0 0.000465271 0.00110989 0.00146005
0 0.00046618 0.00111493 0.00146747
0 0.000456859 0.0010915 0.00143279
0 0.000436657 0.00103893 0.00135822
0 0.000405055 0.000958274 0.00124797
0 0.000362114 0.000852467 0.00110756
0 0.000309064 0.000726173 0.000943099
0 0.000248314 0.000584215 0.000760071
0 0.000181935 0.000431011 0.000562887
0 0.000112592 0.000270754 0.000355576
0 4.18079e-05 0.000106439 0.000141771
0 -3.017e-05 -6.00026e-05 -7.51405e-05
0 -0.000102385 -0.000226897 -0.000291787
0 -0.000174604 -0.000391622 -0.000504423
0 -0.000245911 -0.000551177 -0.000708986
0 -0.000313221 -0.000702066 -0.000900686
0 -0.000373078 -0.000838265 -0.00107338
0 -0.00042216 -0.000952326 -0.0012201
0 -0.000457811 -0.00103824 -0.00133412
0 -0.000479141 -0.00109246 -0.00140993
0 -0.000487251 -0.00111437 -0.00144382
0 -0.000483944 -0.00110627 -0.00143499
0 -0.000470413 -0.00107086 -0.00138565
0 -0.000446818 -0.00101042 -0.00130034
0 -0.000412778 -0.000927242 -0.00118567
0 -0.000369131 -0.000824273 -0.00104921
0 -0.000317639 -0.000706201 -0.00089827
0 -0.000260636 -0.000578931 -0.000739019
0 -0.000201707 -0.000448695 -0.00057631
0 -0.000144447 -0.000321049 -0.000414448
0 -9.22744e-05 -0.000200339 -0.000257667
0 -4.64724e-05 -8.95612e-05 -0.000110169
0 -6.29662e-06 8.8769e-06 2.31901e-05
0 2.7692e-05 9.30357e-05 0.000137814
0 5.66163e-05 0.000162798 0.000231151
0 8.25167e-05 0.000219076 0.000302689
0 0.000105071 0.000262918 0.000353876
0 0.000123722 0.000295957 0.000388019
0 0.000138031 0.000319499 0.000409401
0 0.000147103 0.000334139 0.000422024
0 0.000149831 0.000339826 0.000428019
0 0.000145436 0.000335276 0.000426598
0 0.000133827 0.000319003 0.00041466
0 0.000116387 0.000290579 0.000388498
0 9.58878e-05 0.000250908 0.000345368
0 7.48085e-05 0.000202299 0.000284616
0 5.45099e-05 0.000147915 0.000208619
0 3.57848e-05 9.11527e-05 0.000122941
0 1.82731e-05 3.46645e-05 3.49991e-05
0 -3.48988e-07 -2.0319e-05 -4.80896e-05
0 -2.12592e-05 -7.27753e-05 -0.000120695
0 -4.35898e-05 -0.000121045 -0.000179378
0 -6.56263e-05 -0.00016291 -0.000223597
0 -8.42782e-05 -0.000195825 -0.000254964
0 -9.63707e-05 -0.000217361 -0.000275556
0 -9.93397e-05 -0.000224918 -0.000285507
0 -9.09272e-05 -0.000215596 -0.000281605
0 -7.07181e-05 -0.000186779 -0.000258337
0 -4.03798e-05 -0.000136478 -0.000209087
0 -1.50242e-06 -6.29054e-05 -0.000127141
0 4.43193e-05 3.46687e-05 -8.09986e-06
0 9.51831e-05 0.000154571 0.000148067
0 0.000150156 0.000293158 0.000336683
0 0.000208645 0.000445882 0.000549037
0 0.000269885 0.000607047 0.000773545
0 0.000332498 0.000769303 0.000997079
0 0.000394353 0.000925106 0.00120728
0 0.000452844 0.00106746 0.00139403
0 0.000505532 0.00119016 0.00155048
0 0.000549819 0.00128841 0.00167327
0 0.000581929 0.00135876 0.00176054
0 0.00059914 0.00139859 0.00181091
0 0.000600258 0.00140602 0.00182314
0 0.000585615 0.00138017 0.00179574
0 0.000557212 0.00132144 0.00172721
0 0.00051765 0.00123262 0.00161764
0 0.000469993 0.00111846 0.00146976
0 0.000415897 0.000983751 0.00128859
0 0.00035504 0.000832176 0.00108126
0 0.000287245 0.000666226 0.000856182
0 0.000212499 0.00048789 0.000620538
0 0.000130928 0.000299744 0.000378852
0 4.35188e-05 0.000104685 0.000133381
0 -4.79227e-05 -9.46907e-05 -0.00011505
0 -0.000139482 -0.000295221 -0.00036559
0 -0.000228045 -0.00049228 -0.000615805
0 -0.000310662 -0.000681152 -0.000860896
0 -0.000383998 -0.00085687 -0.00109302
0 -0.000448244 -0.00101272 -0.00130167
0 -0.000502028 -0.00114229 -0.00147589
0 -0.00054333 -0.00124058 -0.00160635
0 -0.000571601 -0.00130342 -0.00168669
0 -0.000584208 -0.00132795 -0.00171396
0 -0.000579055 -0.00131235 -0.00168846
0 -0.000555697 -0.00125675 -0.00161357
0 -0.00051546 -0.00116485 -0.00149524
0 -0.000461713 -0.00104297 -0.00134067
0 -0.000398324 -0.000899088 -0.00115763
0 -0.000329324 -0.000741384 -0.000954418
0 -0.000258046 -0.000576901 -0.000740021
0 -0.000186812 -0.000411666 -0.000523457
0 -0.000117371 -0.00024964 -0.000311608
0 -5.01095e-05 -9.32423e-05 -0.000108997
0 1.49882e-05 5.43666e-05 8.07203e-05
0 7.62881e-05 0.00019087 0.000254987
0 0.000131573 0.000315256 0.000412523
0 0.000179851 0.000425292 0.000552243
0 0.000219739 0.000518468 0.000672682
0 0.000250008 0.000592944 0.000771794
0 0.000271019 0.000647071 0.000846942
0 0.000282454 0.000679674 0.000894848
0 0.000284456 0.000689809 0.000912338
0 0.000278128 0.000677276 0.000897865
0 0.000264134 0.000643212 0.000852296
0 0.000243874 0.000589865 0.000778919
0 0.000218463 0.000520879 0.000683095
0 0.000188582 0.000440791 0.000571519
0 0.000155307 0.000353851 0.000451239
0 0.00011937 0.000263963 0.000328897
0 8.10844e-05 0.000173654 0.000209207
0 4.07666e-05 8.3702e-05 9.43478e-05
0 -3.90736e-07 -4.92451e-06 -1.48975e-05
0 -4.03974e-05 -9.04214e-05 -0.000118454
0 -7.68273e-05 -0.000170174 -0.000216195
0 -0.000107615 -0.000241406 -0.000307102
0 -0.000131686 -0.000301646 -0.000388744
0 -0.00014843 -0.000348572 -0.000456968
0 -0.000158356 -0.000380591 -0.000506637
0 -0.000162131 -0.000396504 -0.000533267
0 -0.000160419 -0.000395933 -0.000534504
0 -0.000154886 -0.000379677 -0.000510754
0 -0.000145487 -0.00034917 -0.000464922
0 -0.00013094 -0.000306154 -0.000401389
0 -0.00011077 -0.000252115 -0.000324933
0 -8.43652e-05 -0.000188645 -0.000240108
0 -5.24145e-05 -0.000117813 -0.000150532
0 -1.7992e-05 -4.25433e-05 -5.87043e-05
0 1.58946e-05 3.2885e-05 3.33665e-05
0 4.66815e-05 0.000104128 0.000123695
0 7.23731e-05 0.000167901 0.000209806
0 9.2954e-05 0.00022219 0.000287963
0 0.000108591 0.000266009 0.000353529
0 0.000119362 0.000298662 0.000402496
0 0.000127178 0.000320144 0.000432644
0 0.000133048 0.000330711 0.000443627
0 0.000135707 0.000330159 0.00043667
0 0.000134205 0.000318606 0.000414311
0 0.000127588 0.000296731 0.000379974
0 0.000115494 0.000265752 0.000337124
0 9.90082e-05 0.000227529 0.000288408
0 7.94421e-05 0.00018437 0.000235614
0 5.88743e-05 0.000139088 0.000180159
0 3.97467e-05 9.4612e-05 0.000123561
0 2.30249e-05 5.31069e-05 6.76669e-05
0 8.8585e-06 1.60966e-05 1.4962e-05
0 -2.49227e-06 -1.54416e-05 -3.14495e-05
0 -1.13667e-05 -4.09273e-05 -6.85722e-05
0 -1.8457e-05 -5.96614e-05 -9.4366e-05
0 -2.42618e-05 -7.1614e-05 -0.000108324
0 -2.87534e-05 -7.70597e-05 -0.000111339
0 -3.08985e-05 -7.59234e-05 -0.000104987
0 -2.94572e-05 -6.83193e-05 -9.10613e-05
0 -2.38991e-05 -5.44204e-05 -7.13526e-05
0 -1.45126e-05 -3.46546e-05 -4.71569e-05
0 -2.3013e-06 -9.91141e-06 -1.88751e-05
0 1.15402e-05 1.86552e-05 1.37832e-05
0 2.59024e-05 4.96752e-05 5.11453e-05
0 3.96621e-05 8.17867e-05 9.28617e-05
0 5.22525e-05 0.000113798 0.000137552
0 6.38725e-05 0.000145097 0.000182957
0 7.4811e-05 0.000175126 0.000226348
0 8.52977e-05 0.000202855 0.000265156
0 9.53231e-05 0.000227341 0.000297472
0 0.000104305 0.000247373 0.000322125
0 0.000111222 0.000261627 0.000338587
0 0.000115112 0.000269193 0.000346707
0 0.000115221 0.000269303 0.000346403
0 0.000111084 0.00026145 0.000337445
0 0.000103014 0.000245621 0.000319405
0 9.18192e-05 0.000222264 0.000291904
0 7.82917e-05 0.000192375 0.000254985
0 6.33587e-05 0.000157287 0.000209297
0 4.77186e-05 0.000118262 0.000156284
0 3.13143e-05 7.64807e-05 9.82398e-05
0 1.40289e-05 3.29546e-05 3.79545e-05
0 -3.92918e-06 -1.11712e-05 -2.17713e-05
0 -2.22537e-05 -5.46613e-05 -7.86078e-05
0 -4.03028e-05 -9.60182e-05 -0.000130757
0 -5.69141e-05 -0.000133153 -0.00017685
0 -7.09248e-05 -0.000164419 -0.000215878
0 -8.1387e-05 -0.000188525 -0.00024689
0 -8.76044e-05 -0.00020446 -0.000268873
0 -8.95908e-05 -0.000211827 -0.00028073
0 -8.77548e-05 -0.000210455 -0.000281446
0 -8.27079e-05 -0.000200642 -0.000270488
0 -7.52008e-05 -0.000183096 -0.000248038
0 -6.55511e-05 -0.000158684 -0.000215036
0 -5.37692e-05 -0.000128364 -0.000173152
0 -3.98916e-05 -9.316e-05 -0.000124676
0 -2.40181e-05 -5.42582e-05 -7.2152e-05
0 -6.54799e-06 -1.29015e-05 -1.79418e-05
0 1.17807e-05 2.93932e-05 3.60783e-05
0 3.00568e-05 7.08698e-05 8.85174e-05
0 4.72722e-05 0.000109971 0.000138267
0 6.24007e-05 0.000145306 0.000184188
0 7.48833e-05 0.000175625 0.000224939
0 8.46536e-05 0.000200236 0.000259104
0 9.15861e-05 0.000218768 0.000285311
0 9.58902e-05 0.000230716 0.000302428
0 9.79361e-05 0.000235952 0.000309776
0 9.76248e-05 0.000234486 0.000307217
0 9.48451e-05 0.000226362 0.000295184
0 8.94758e-05 0.000211963 0.000274615
0 8.1345e-05 0.000191719 0.00024677
0 7.0735e-05 0.000166329 0.000213025
0 5.81625e-05 0.000136831 0.00017472
0 4.42017e-05 0.000104432 0.000133107
0 2.96621e-05 7.05236e-05 8.94479e-05
0 1.5202e-05 3.6584e-05 4.51214e-05
0 1.45923e-06 3.90918e-06 1.66408e-06
0 -1.09199e-05 -2.65591e-05 -3.93125e-05
0 -2.17933e-05 -5.38563e-05 -7.61784e-05
0 -3.10602e-05 -7.70018e-05 -0.000107404
0 -3.86193e-05 -9.53415e-05 -0.000131771
0 -4.44105e-05 -0.000108405 -0.000148487
0 -4.80283e-05 -0.000115786 -0.000157239
0 -4.91312e-05 -0.000117286 -0.000158124
0 -4.75596e-05 -0.000112929 -0.00015158
0 -4.32924e-05 -0.000102848 -0.000138229
0 -3.66019e-05 -8.752e-05 -0.000118742
0 -2.79193e-05 -6.77467e-05 -9.38134e-05
0 -1.77821e-05 -4.44594e-05 -6.42048e-05
0 -6.76129e-06 -1.87235e-05 -3.08757e-05
0 4.60197e-06 8.41225e-06 4.93484e-06
0 1.58335e-05 3.58906e-05 4.17951e-05
0 2.66498e-05 6.27677e-05 7.81998e-05
0 3.68653e-05 8.82229e-05 0.000112651
0 4.6319e-05 0.00011134 0.000143739
0 5.47749e-05 0.000131359 0.000170247
0 6.1868e-05 0.000147698 0.000191318
0 6.72422e-05 0.000159804 0.000206455
0 7.05513e-05 0.000167205 0.000215481
0 7.16305e-05 0.000169635 0.00021842
0 7.05001e-05 0.00016709 0.000215361
0 6.72464e-05 0.000159814 0.000206451
0 6.2164e-05 0.000148299 0.000191939
0 5.56316e-05 0.000133136 0.000172287
0 4.80122e-05 0.000114983 0.000148235
0 3.96664e-05 9.45654e-05 0.000120783
0 3.07995e-05 7.25807e-05 9.11257e-05
0 2.15522e-05 4.98547e-05 6.05622e-05
0 1.21926e-05 2.72778e-05 3.03827e-05
0 3.04172e-06 5.51789e-06 1.74463e-06
0 -5.53681e-06 -1.46068e-05 -2.43929e-05
0 -1.3087e-05 -3.22754e-05 -4.72361e-05
0 -1.92921e-05 -4.69915e-05 -6.61456e-05
0 -2.40083e-05 -5.81192e-05 -8.06003e-05
0 -2.70303e-05 -6.52507e-05 -9.01695e-05
0 -2.82487e-05 -6.83718e-05 -9.45536e-05
0 -2.77395e-05 -6.74208e-05 -9.3606e-05
0 -2.55641e-05 -6.25496e-05 -8.73814e-05
0 -2.18675e-05 -5.40033e-05 -7.61565e-05
