0 -1.45945e-05 -3.94225e-05 -5.78563e-05
0 -8.26495e-07 -1.47169e-05 -2.8709e-05
0 1.69042e-05 1.95322e-05 1.07841e-05
0 3.38566e-05 5.897e-05 5.77456e-05
0 4.94586e-05 0.000100842 0.000111776
0 6.45339e-05 0.000142753 0.0001715
0 7.89759e-05 0.000182408 0.000232359
0 9.44403e-05 0.000221504 0.000291262
0 0.000112852 0.000262998 0.000347175
0 0.000131336 0.000304592 0.000396689
0 0.000145936 0.000340383 0.000436539
0 0.000159314 0.000369892 0.000470492
0 0.000175177 0.000397354 0.00050452
0 0.000187588 0.000420023 0.000534688
0 0.000185452 0.000427657 0.000549248
0 0.000166567 0.0004125 0.000540501
0 0.000139048 0.00037333 0.000506562
0 0.000110409 0.000313304 0.000445412
0 8.53404e-05 0.000241585 0.000357814
0 7.111e-05 0.00017627 0.000256634
0 6.86421e-05 0.000129652 0.000158342
0 6.53471e-05 9.45544e-05 7.09778e-05
0 5.68405e-05 6.53662e-05 8.42578e-06
0 5.53702e-05 5.33484e-05 -6.85229e-06
0 6.50479e-05 6.81082e-05 3.07093e-05
0 7.79877e-05 0.000109576 0.000107522
0 8.90126e-05 0.000172008 0.000206732
0 9.39019e-05 0.000236095 0.000306783
0 8.99646e-05 0.000277464 0.00038445
0 8.36524e-05 0.000287877 0.000426834
0 8.36119e-05 0.000275237 0.000429741
0 8.65397e-05 0.000249768 0.000389835
0 7.70427e-05 0.000207747 0.000302847
0 4.74661e-05 0.000138417 0.000175592
0 1.2142e-05 4.77218e-05 3.57378e-05
0 -1.60297e-05 -5.02632e-05 -9.23338e-05
0 -4.2199e-05 -0.000143449 -0.000203494
0 -6.56703e-05 -0.000211069 -0.000289865
0 -8.21571e-05 -0.000242892 -0.000343234
0 -0.000105562 -0.000263003 -0.000377272
0 -0.000140034 -0.000295667 -0.000404369
0 -0.000153987 -0.000321564 -0.000406464
0 -0.000113137 -0.000291576 -0.000354701
0 -2.28837e-05 -0.000175125 -0.000239549
0 7.45886e-05 9.40021e-06 -7.40874e-05
0 0.000143178 0.000210958 0.000128029
0 0.000178804 0.000380826 0.000361098
0 0.000184463 0.000482361 0.000593554
0 0.000139837 0.000483322 0.000745527
0 3.09366e-05 0.000365843 0.000730848
0 -0.00011621 0.000138906 0.000507223
0 -0.000252507 -0.000167335 9.1014e-05
0 -0.000324026 -0.000492533 -0.000437723
0 -0.000309665 -0.000763797 -0.000968478
0 -0.00026262 -0.000945981 -0.00141264
0 -0.000266467 -0.0010561 -0.001712
0 -0.000352155 -0.0011384 -0.00183046
0 -0.000481399 -0.00121271 -0.00176451
0 -0.000589685 -0.00125678 -0.00156383
0 -0.000639739 -0.00124217 -0.00132851
0 -0.00063462 -0.00116373 -0.00116034
0 -0.000580267 -0.0010414 -0.0010977
0 -0.000471192 -0.000902569 -0.00110069
0 -0.000319283 -0.000764593 -0.0010936
0 -0.00016467 -0.000624747 -0.00101171
0 -4.55323e-05 -0.000457374 -0.000817209
0 3.32899e-05 -0.000230217 -0.000492292
0 9.90065e-05 6.60935e-05 -4.34263e-05
0 0.000165857 0.000390468 0.000474099
0 0.000210047 0.00066226 0.000952812
0 0.000214821 0.000819406 0.00128544
0 0.000198441 0.000853604 0.00141524
0 0.000196227 0.000802104 0.00134451
0 0.000235608 0.000723326 0.00112886
0 0.000311641 0.000663021 0.000854514
0 0.000386366 0.00063119 0.000604736
0 0.000422384 0.000615623 0.000449328
0 0.000416511 0.000616067 0.000444047
0 0.000390121 0.000647258 0.000601603
0 0.000358911 0.000716662 0.000871541
0 0.000331621 0.000820054 0.0011695
0 0.000323416 0.000943406 0.00141931
0 0.000356591 0.00106988 0.00158293
0 0.000441295 0.00118929 0.00166374
0 0.000548932 0.00128655 0.00167809
0 0.00062909 0.00134467 0.00164709
0 0.000655335 0.00136151 0.00160635
0 0.000627373 0.00133595 0.00158142
0 0.000554772 0.00126058 0.00156456
0 0.000461266 0.00114268 0.00152963
0 0.000368946 0.000997918 0.00144031
0 0.000267029 0.0008129 0.00124128
0 0.000128703 0.000545187 0.000882483
0 -4.00561e-05 0.000174349 0.000368007
0 -0.000199032 -0.000264266 -0.000239339
0 -0.000312001 -0.000697015 -0.000854442
0 -0.000370635 -0.00104185 -0.00139459
0 -0.000389132 -0.00123594 -0.0017779
0 -0.000379914 -0.00126444 -0.00192939
0 -0.000355947 -0.00116225 -0.00182133
0 -0.000355146 -0.00100644 -0.00151431
0 -0.000417906 -0.000889466 -0.00114522
0 -0.000541823 -0.000869343 -0.000863508
0 -0.000686223 -0.000963007 -0.000784224
0 -0.000803859 -0.00115802 -0.000966765
0 -0.00084631 -0.00140147 -0.00137979
0 -0.000781955 -0.00161099 -0.00189965
0 -0.000641775 -0.00171971 -0.00236759
0 -0.000505077 -0.00171081 -0.00264049
0 -0.000426822 -0.00160045 -0.00261393
0 -0.000408597 -0.00140556 -0.0022564
0 -0.000434171 -0.00115737 -0.00165294
0 -0.000472747 -0.000888892 -0.000966767
0 -0.000432127 -0.000568518 -0.000310445
0 -0.000199993 -0.000100391 0.000313058
0 0.000233581 0.000577302 0.000946925
0 0.000765413 0.00142801 0.00164575
0 0.00127143 0.00235248 0.00248004
0 0.00163834 0.00321311 0.00347142
0 0.0017687 0.00383981 0.00451352
0 0.00165214 0.00412001 0.00540081
0 0.00140105 0.00407378 0.00593226
0 0.00115859 0.00379394 0.00595217
0 0.000981959 0.00333762 0.00535807
0 0.00086424 0.0027306 0.00419393
0 0.000830919 0.00206336 0.00273343
0 0.000893937 0.00146826 0.00135793
0 0.000949218 0.000993606 0.000341743
0 0.000830595 0.000613276 -0.000225875
0 0.000462399 0.000266183 -0.000406701
0 -8.34152e-05 -0.000155333 -0.000371235
0 -0.000651325 -0.000693802 -0.000356296
0 -0.00108176 -0.00127913 -0.000586614
0 -0.00127272 -0.00179639 -0.0011805
0 -0.00122251 -0.00216346 -0.0020903
0 -0.00103647 -0.00240319 -0.00312931
0 -0.000889608 -0.00261499 -0.0040596
0 -0.000940456 -0.00291517 -0.00469168
0 -0.00123642 -0.0033514 -0.00496987
0 -0.00170128 -0.00385331 -0.00498924
0 -0.00217933 -0.00430515 -0.00493817
0 -0.00248083 -0.00459307 -0.00497415
0 -0.00245959 -0.00462369 -0.0051222
0 -0.00208936 -0.00435486 -0.00526301
0 -0.00147302 -0.00377914 -0.00517612
0 -0.000789356 -0.00291946 -0.00463075
0 -0.000223508 -0.00186205 -0.00350455
0 9.64467e-05 -0.000756966 -0.00187112
0 0.000154625 0.000227913 7.6514e-06
0 8.62264e-05 0.00097526 0.00179086
0 0.000127138 0.00157057 0.00322399
0 0.000447303 0.00222705 0.00419606
0 0.001028 0.00299492 0.0047077
0 0.00169958 0.00380853 0.00490339
0 0.00226896 0.00455263 0.00503931
0 0.00260506 0.00507489 0.00535166
0 0.00265533 0.00533079 0.00592821
0 0.0024565 0.00536868 0.00665865
0 0.00213602 0.00528712 0.00731741
0 0.0018481 0.00517931 0.00766585
0 0.00166783 0.0050034 0.00750228
0 0.00155532 0.00461672 0.00672443
0 0.001421 0.00390983 0.00538139
0 0.00119423 0.00287789 0.00365867
0 0.000832969 0.00162004 0.00178625
0 0.000329683 0.000261936 -4.41896e-05
0 -0.000276762 -0.00106849 -0.00168483
0 -0.000887913 -0.00223676 -0.0030429
0 -0.00138631 -0.00317625 -0.00409883
0 -0.00174725 -0.00388577 -0.00489678
0 -0.00199109 -0.00437237 -0.00549319
0 -0.00210095 -0.00464265 -0.0058902
0 -0.00208523 -0.00470039 -0.006057
0 -0.00198871 -0.00457556 -0.00598484
0 -0.00185407 -0.00431155 -0.00567894
0 -0.0016814 -0.00390256 -0.00512779
0 -0.00144057 -0.00333021 -0.00433497
0 -0.00115594 -0.00263453 -0.00337765
0 -0.000881043 -0.0018959 -0.00237265
0 -0.000624447 -0.00118605 -0.00140818
0 -0.00036283 -0.000539419 -0.000528303
0 -7.65131e-05 5.12445e-05 0.00025419
0 0.000226095 0.000614501 0.000940085
0 0.00051923 0.00117096 0.00154645
0 0.000787678 0.0017155 0.00211405
0 0.00102964 0.00223568 0.00269541
0 0.00124571 0.00272166 0.00332163
0 0.00141989 0.00315674 0.00396793
0 0.00152717 0.00352026 0.00456369
0 0.0015586 0.00377791 0.00502111
0 0.00151819 0.00387548 0.00525037
0 0.00139518 0.00373848 0.00515617
0 0.00115671 0.00328407 0.00463971
0 0.000790654 0.00247916 0.00364903
0 0.000348437 0.00139188 0.00223556
0 -0.000101878 0.000153028 0.00053138
0 -0.000566793 -0.00115125 -0.0013313
0 -0.00107017 -0.00247691 -0.0032324
0 -0.00157209 -0.00373158 -0.00500397
0 -0.00199918 -0.00478673 -0.00643373
0 -0.00225327 -0.00549504 -0.00733888
0 -0.00229511 -0.00573154 -0.00763446
0 -0.00219784 -0.00550287 -0.00735636
0 -0.00202422 -0.0049131 -0.00659459
0 -0.00176929 -0.0040743 -0.00543487
0 -0.00140521 -0.00307709 -0.00397915
0 -0.000934159 -0.00197264 -0.00237363
0 -0.000430468 -0.000823825 -0.000800985
0 -9.63842e-06 0.000239556 0.00056692
0 0.000252656 0.00106322 0.00160678
0 0.000378183 0.00154317 0.00226032
0 0.000463023 0.00169998 0.00255842
0 0.000601766 0.00171586 0.00261079
0 0.000829555 0.0018083 0.00255146
0 0.00109699 0.00207311 0.00251158
0 0.0013372 0.00248079 0.00263174
0 0.00154269 0.00295466 0.00304708
0 0.00173627 0.00345611 0.0038231
0 0.00192559 0.00401157 0.00489584
0 0.00207583 0.00462595 0.00606683
0 0.00210919 0.00517853 0.0070483
0 0.00195012 0.00540899 0.00752706
0 0.00159104 0.00505838 0.00726686
0 0.00112249 0.00407161 0.00619327
0 0.00062635 0.00259338 0.00434764
0 6.66723e-05 0.000801686 0.00181735
0 -0.000653667 -0.00119494 -0.00121855
0 -0.00150208 -0.0033262 -0.00443382
0 -0.00229873 -0.00541378 -0.00740889
0 -0.00295323 -0.00722299 -0.0098027
0 -0.00346469 -0.00858119 -0.0114463
0 -0.00378699 -0.00929212 -0.0122562
0 -0.00384901 -0.00923863 -0.0121795
0 -0.00357289 -0.00845733 -0.011203
0 -0.00294657 -0.00703926 -0.00939029
0 -0.00206566 -0.0051242 -0.00689142
0 -0.00104553 -0.00284615 -0.00389673
0 -4.43504e-07 -0.00034736 -0.000626433
0 0.000913454 0.00211619 0.00267278
0 0.00166241 0.00431893 0.00576271
0 0.00232649 0.00616278 0.00842662
0 0.00285848 0.00754689 0.010468
0 0.0032426 0.00845589 0.011759
0 0.00352232 0.00895846 0.0122873
0 0.00367646 0.00907993 0.0121555
0 0.00372491 0.00887007 0.0115441
0 0.00366625 0.0083878 0.0106469
0 0.00345316 0.00767972 0.00961487
0 0.00308823 0.00681873 0.00853398
0 0.00258524 0.0058389 0.007413
0 0.00195778 0.00471229 0.00617887
0 0.00126334 0.00341292 0.00473319
0 0.000577608 0.00196267 0.00302629
0 -3.60816e-05 0.000447221 0.00108134
0 -0.000580869 -0.00104911 -0.00102443
0 -0.00112045 -0.00252289 -0.00319946
0 -0.00170505 -0.003985 -0.00533268
0 -0.0023602 -0.00542558 -0.00728355
0 -0.00303476 -0.00681615 -0.00893472
0 -0.00363109 -0.00804097 -0.0102423
0 -0.00410701 -0.00898582 -0.0112395
0 -0.00443123 -0.00960256 -0.0119702
0 -0.00454836 -0.00985513 -0.0124081
0 -0.00441241 -0.00972726 -0.0124505
0 -0.00402752 -0.00920774 -0.0119887
0 -0.00347419 -0.00828873 -0.0109676
0 -0.00284093 -0.00698846 -0.00937809
0 -0.0021558 -0.00534666 -0.00725124
0 -0.00140814 -0.00343912 -0.00467806
0 -0.000581018 -0.00136384 -0.00181322
0 0.000293587 0.000772038 0.00114434
0 0.00113135 0.00285669 0.00398838
0 0.00189742 0.0047946 0.00653221
0 0.002549 0.00643591 0.00862348
0 0.00300746 0.00761627 0.0101643
0 0.00327641 0.00828266 0.0111004
0 0.0033756 0.00846037 0.0114145
0 0.0033291 0.00824703 0.0111526
0 0.00321181 0.00778958 0.010428
0 0.00305878 0.00718599 0.0093963
0 0.0028626 0.00648357 0.00821661
0 0.00260986 0.00570669 0.0070247
0 0.00228045 0.00487514 0.00591619
0 0.0018871 0.00403268 0.00493378
0 0.00146296 0.00321654 0.00405791
0 0.00102634 0.00242453 0.00321474
0 0.000597926 0.00163043 0.00231615
0 0.000185438 0.000790517 0.00128932
0 -0.000230942 -0.000138976 9.04456e-05
0 -0.000677131 -0.00118239 -0.0012882
0 -0.00115907 -0.00233189 -0.00281689
0 -0.0016606 -0.00353218 -0.0044217
0 -0.00215876 -0.00470942 -0.00599407
0 -0.0026031 -0.00577833 -0.00740798
0 -0.00293139 -0.00662618 -0.00853497
0 -0.00309972 -0.00714264 -0.00925713
0 -0.00307027 -0.00723252 -0.00946479
0 -0.00282694 -0.0068333 -0.00907038
0 -0.00239731 -0.00595707 -0.00804373
0 -0.0018335 -0.00467788 -0.00642517
0 -0.00118483 -0.00309795 -0.00431817
0 -0.000489748 -0.0013336 -0.00188528
0 0.000213347 0.000499284 0.000680854
0 0.000901514 0.00230812 0.00321107
0 0.0016094 0.00406508 0.0055783
0 0.00233003 0.00572138 0.00767598
0 0.00295633 0.00713905 0.0094145
0 0.00342001 0.00821641 0.0107377
0 0.00368651 0.00888283 0.0116067
0 0.00370306 0.00905515 0.0119535
0 0.00345273 0.00868606 0.0116709
0 0.0029745 0.00778117 0.0106918
0 0.00240519 0.00647491 0.00908637
0 0.00191945 0.00501323 0.00705364
0 0.00157712 0.00361382 0.00484737
0 0.00134671 0.00243424 0.00275931
0 0.00118692 0.00156003 0.0010971
0 0.0010534 0.00100528 0.000107518
0 0.00091621 0.000776899 -0.000111253
0 0.000778625 0.000850825 0.000359276
0 0.000691965 0.00118766 0.00132914
0 0.000753213 0.00179964 0.00258041
0 0.00104668 0.00270512 0.00394329
0 0.00158623 0.00387158 0.00532622
0 0.00230429 0.00521533 0.00671469
0 0.00307506 0.00663543 0.00816282
0 0.00377777 0.00804368 0.00973666
0 0.00433936 0.00937056 0.0114599
0 0.0046962 0.0105178 0.0132184
0 0.00477877 0.0113134 0.0147244
0 0.00456805 0.0115688 0.0156191
0 0.00410178 0.0111336 0.0155619
0 0.00340727 0.00988829 0.0142704
0 0.00246422 0.00775197 0.0115658
0 0.00124315 0.00471608 0.00744143
0 -0.000255244 0.000865083 0.00209165
0 -0.00211033 -0.00368805 -0.00415456
0 -0.00426818 -0.00876591 -0.0109088
0 -0.0064737 -0.014005 -0.0177525
0 -0.00871981 -0.019099 -0.0243252
0 -0.0109662 -0.0238915 -0.0303874
0 -0.0129753 -0.0281678 -0.0357786
0 -0.0146945 -0.0318429 -0.0404279
0 -0.0161207 -0.0349835 -0.0443483
0 -0.0172166 -0.0375511 -0.0476031
0 -0.0180172 -0.0394866 -0.0502356
0 -0.0184776 -0.04079 -0.0521914
0 -0.0184857 -0.041381 -0.0533638
0 -0.0180964 -0.0411672 -0.0536222
0 -0.0174121 -0.0401506 -0.0528135
0 -0.0164156 -0.0382876 -0.0507405
0 -0.015072 -0.0354819 -0.0472127
0 -0.013322 -0.0316583 -0.0421544
0 -0.0111436 -0.0267843 -0.0356392
0 -0.00865019 -0.0209711 -0.0279067
0 -0.0059824 -0.0144528 -0.0192738
0 -0.00316623 -0.00749816 -0.0100226
0 -0.00011467 -0.000299359 -0.000396541
0 0.00314466 0.00706529 0.00930068
0 0.00630683 0.0143915 0.0187368
0 0.00885956 0.0211287 0.0275764
0 0.010728 0.0268611 0.0354635
0 0.0122145 0.0314477 0.0420564
0 0.0129856 0.0343486 0.0468846
0 0.0127313 0.0352057 0.0495558
0 0.0118844 0.0343786 0.0499933
0 0.0108603 0.032296 0.0482666
0 0.00977453 0.0292808 0.0444004
0 0.00856336 0.0255347 0.0384169
0 0.00712939 0.0211027 0.0308016
0 0.00566564 0.0162197 0.0225852
0 0.00437978 0.011301 0.0147173
0 0.00293017 0.00647001 0.0075836
0 0.000842199 0.00163722 0.00117932
0 -0.00178176 -0.00313981 -0.00445909
0 -0.00443559 -0.007769 -0.00933725
0 -0.0066019 -0.0120304 -0.01356
0 -0.00788686 -0.0153843 -0.017163
0 -0.00822081 -0.0173452 -0.0201777
0 -0.00789094 -0.017863 -0.0225005
0 -0.00723018 -0.0172694 -0.0237898
0 -0.00642581 -0.0160143 -0.0236062
0 -0.00559323 -0.0143846 -0.0216235
0 -0.00481254 -0.0123619 -0.017884
0 -0.00411417 -0.00977347 -0.0128376
0 -0.00342751 -0.00654372 -0.00711192
0 -0.00253566 -0.00280555 -0.00128357
0 -0.00126244 0.00108498 0.00422955
0 0.000294712 0.00471791 0.00910609
0 0.00188855 0.00788981 0.013079
0 0.00339888 0.0106457 0.0161927
0 0.00484971 0.0132052 0.0188286
0 0.00629378 0.0158133 0.0214377
0 0.00771729 0.0185395 0.0243632
0 0.00893699 0.0212332 0.0276781
0 0.00967927 0.023611 0.0311757
0 0.00988475 0.0253751 0.03448
0 0.00976355 0.0264031 0.0371908
0 0.00952513 0.0267834 0.0389485
0 0.00933959 0.0266726 0.0394621
0 0.00935261 0.0262779 0.0387033
0 0.00952878 0.0257321 0.036904
0 0.00963301 0.0249036 0.0343453
0 0.00933855 0.0234785 0.0312886
0 0.00842052 0.0212015 0.0279383
0 0.00683518 0.0180012 0.0243213
0 0.00466375 0.0139288 0.0202275
0 0.00210221 0.00911846 0.0153027
0 -0.000617267 0.00375439 0.00921739
0 -0.00324323 -0.00198585 0.00186424
0 -0.00548903 -0.00789109 -0.00651652
0 -0.00726756 -0.0137211 -0.0155538
0 -0.00883535 -0.0193373 -0.0247804
0 -0.0105545 -0.0248128 -0.0335623
0 -0.0126607 -0.030267 -0.0413762
0 -0.0150293 -0.0354456 -0.047822
0 -0.01719 -0.0398311 -0.0526793
0 -0.0188273 -0.0431167 -0.0560085
0 -0.0198275 -0.0450761 -0.0579675
0 -0.020045 -0.0455273 -0.0586743
0 -0.0195332 -0.0446228 -0.058158
0 -0.0185006 -0.0426436 -0.056337
0 -0.0170355 -0.0397753 -0.0530948
0 -0.0152773 -0.0361576 -0.0484227
0 -0.0134011 -0.0318235 -0.0424202
0 -0.0113736 -0.0267232 -0.0352445
0 -0.00905161 -0.0208347 -0.0270633
0 -0.00635598 -0.0141731 -0.0180273
0 -0.00327736 -0.00685758 -0.00831582
0 8.54488e-05 0.000857718 0.00181232
0 0.00345864 0.00865449 0.0120288
0 0.00650371 0.0161542 0.0219959
0 0.00897012 0.0229262 0.0313356
0 0.0106442 0.0284813 0.039616
0 0.0116075 0.0324927 0.046412
0 0.0122681 0.0351124 0.0513169
0 0.0126545 0.0365486 0.0540109
0 0.0126305 0.0367345 0.0544024
0 0.0123315 0.0356992 0.0525827
0 0.0117502 0.0335253 0.0487756
0 0.0107572 0.0302244 0.0434024
0 0.00935182 0.0259642 0.0369434
0 0.00756099 0.0210234 0.0298731
0 0.00544968 0.0156928 0.0226132
0 0.00318334 0.0102559 0.015434
0 0.000876568 0.00489905 0.00849061
0 -0.00142227 -0.000276967 0.00181439
0 -0.00357045 -0.00517051 -0.00459682
0 -0.00544787 -0.00970195 -0.0107187
0 -0.007077 -0.0138607 -0.0164878
0 -0.00848283 -0.017628 -0.021788
0 -0.00967563 -0.0209579 -0.0265549
0 -0.010735 -0.0238574 -0.0307277
0 -0.0117092 -0.0263427 -0.0342155
0 -0.0125177 -0.028321 -0.0369033
0 -0.0130219 -0.0296224 -0.0386417
0 -0.0130732 -0.0300669 -0.0393015
0 -0.0125997 -0.0294441 -0.0387373
0 -0.0116542 -0.0276373 -0.0367933
0 -0.010299 -0.0247303 -0.0333641
0 -0.0086207 -0.0208764 -0.0284434
0 -0.00676011 -0.0162726 -0.0221795
0 -0.00483047 -0.0111765 -0.0148751
0 -0.00292751 -0.00582704 -0.006964
0 -0.00110844 -0.000498013 0.00101324
0 0.000656273 0.00454403 0.00853622
0 0.00238426 0.00917391 0.0152749
0 0.00401738 0.0132896 0.0209619
0 0.00546505 0.0167181 0.0253632
0 0.00662624 0.0192935 0.028437
0 0.00738923 0.0208853 0.0301803
0 0.00765511 0.0213744 0.0306168
0 0.00741984 0.0207512 0.0298393
0 0.0068097 0.0192253 0.0279753
0 0.00597275 0.0170818 0.0252138
0 0.0050076 0.0145453 0.0217227
0 0.00399915 0.0118126 0.0177086
0 0.00304432 0.00905548 0.0134927
0 0.00221604 0.00643024 0.009426
0 0.00148123 0.00405526 0.00576983
0 0.000731136 0.00195679 0.00265735
0 -9.17287e-05 0.00012742 0.000163667
0 -0.000914286 -0.00139894 -0.00165751
0 -0.00156089 -0.00254971 -0.00277351
0 -0.00190234 -0.00322117 -0.00322531
0 -0.00193509 -0.00332025 -0.00314156
0 -0.00171406 -0.00284303 -0.00261638
0 -0.00131055 -0.00190591 -0.00168679
0 -0.000821448 -0.000722864 -0.000407213
0 -0.000365337 0.000458735 0.0011315
0 -6.2865e-05 0.00143047 0.00276246
0 1.06553e-05 0.00206937 0.00424226
0 -0.000137173 0.00234498 0.00531126
0 -0.000430837 0.00226886 0.00575669
0 -0.000780483 0.00182825 0.0054288
0 -0.00113432 0.000995454 0.00425431
0 -0.00147717 -0.000206331 0.00231073
0 -0.00180998 -0.00167942 -0.000194589
0 -0.00216061 -0.00328345 -0.00299374
0 -0.00258185 -0.00489077 -0.00580649
0 -0.00312278 -0.0064545 -0.00836526
0 -0.0037915 -0.00799066 -0.0104783
0 -0.00452436 -0.00945982 -0.0120883
0 -0.0052072 -0.0107315 -0.0132197
0 -0.00572396 -0.0116549 -0.0139598
0 -0.00597469 -0.0121062 -0.0143814
0 -0.00588817 -0.012013 -0.0144628
0 -0.00544975 -0.0113726 -0.0141022
0 -0.00471284 -0.0102175 -0.0131387
0 -0.00378155 -0.00857593 -0.0114203
0 -0.00277458 -0.00648794 -0.00886639
0 -0.00178419 -0.00402945 -0.00550509
0 -0.000843949 -0.0013079 -0.0014879
0 7.64762e-05 0.00156003 0.00293778
0 0.001052 0.00447723 0.00750937
0 0.0021585 0.00743418 0.0120155
0 0.00339622 0.0104659 0.0162582
0 0.00468178 0.0134817 0.0200791
0 0.00590911 0.016284 0.0234087
0 0.0069558 0.0186619 0.0262062
0 0.00769947 0.0204107 0.0284303
0 0.00807332 0.0214254 0.030023
0 0.00808502 0.0217438 0.0308953
0 0.00780964 0.021458 0.0309607
0 0.00735212 0.0206531 0.0301589
0 0.00680087 0.0194025 0.0284893
0 0.00620417 0.0177482 0.0260248
0 0.00554603 0.0157157 0.0228973
0 0.00477299 0.0133608 0.0192973
0 0.00386181 0.0107704 0.0154532
0 0.00283209 0.00805163 0.0115948
0 0.00173061 0.0053301 0.00790968
0 0.000617907 0.00271941 0.00450788
0 -0.000445427 0.00031626 0.00144288
0 -0.00138592 -0.00177876 -0.00125047
0 -0.00212882 -0.00348955 -0.00354659
0 -0.00264505 -0.00479374 -0.00541388
0 -0.00298355 -0.00573131 -0.0068291
0 -0.00325449 -0.00640734 -0.00783258
0 -0.00355907 -0.00695648 -0.00851425
0 -0.00394769 -0.00750229 -0.0089866
0 -0.00442032 -0.00813663 -0.0094076
0 -0.00494804 -0.00891944 -0.00996741
0 -0.00551104 -0.00988979 -0.0108584
0 -0.00609086 -0.0110598 -0.0122196
0 -0.00663719 -0.012396 -0.0140592
0 -0.00709194 -0.013816 -0.0162477
0 -0.00743953 -0.0152137 -0.0185694
0 -0.00770869 -0.0164836 -0.0207749
0 -0.00794733 -0.0175405 -0.022623
0 -0.00818937 -0.0183313 -0.0239212
0 -0.00842131 -0.0188228 -0.0245544
0 -0.00858723 -0.01898 -0.0244973
0 -0.008612 -0.0187494 -0.0238035
0 -0.00841407 -0.0180618 -0.0225614
0 -0.00792425 -0.0168526 -0.0208377
0 -0.00711732 -0.0150954 -0.0186511
0 -0.00603529 -0.0128332 -0.0159865
0 -0.00477067 -0.0101641 -0.0128137
0 -0.00341869 -0.00719136 -0.00910353
0 -0.00204644 -0.00399662 -0.0048649
0 -0.000701387 -0.000646033 -0.000186958
0 0.000592718 0.0027846 0.00476199
0 0.00186396 0.00621435 0.00978916
0 0.00314989 0.00961638 0.0147291
0 0.00445286 0.012977 0.0194139
0 0.00576476 0.0162014 0.0236947
0 0.00704167 0.0191659 0.0274895
0 0.00816189 0.0217335 0.0307074
0 0.00895737 0.0237036 0.0332389
0 0.00932744 0.0248927 0.0349655
0 0.00928537 0.0252038 0.03574
0 0.00882754 0.0245721 0.0353891
0 0.00794962 0.0229551 0.0337219
0 0.00673748 0.0203954 0.0306252
0 0.00530815 0.0170141 0.0261458
0 0.0037942 0.0129993 0.0204882
0 0.0022841 0.00859076 0.0139818
0 0.000745926 0.00399039 0.00701893
0 -0.000910396 -0.000695742 -4.28627e-05
0 -0.00271822 -0.00538093 -0.00690419
0 -0.00462892 -0.00995229 -0.0132241
0 -0.00657665 -0.0143524 -0.018807
0 -0.00847943 -0.0185167 -0.0237129
0 -0.0102328 -0.0222855 -0.0280428
0 -0.011756 -0.0255323 -0.0319502
0 -0.0130289 -0.0282483 -0.0355341
0 -0.0139694 -0.0304474 -0.0387416
0 -0.0144173 -0.0320764 -0.041399
0 -0.0144036 -0.0330052 -0.043221
0 -0.0140672 -0.0330918 -0.0439567
0 -0.0134793 -0.0322693 -0.0433929
0 -0.0126996 -0.0305469 -0.0413544
0 -0.0116968 -0.0279675 -0.0377959
0 -0.0104038 -0.0245837 -0.0328268
0 -0.00881199 -0.0204396 -0.0267044
0 -0.00691389 -0.0155775 -0.0197523
0 -0.00474097 -0.0101075 -0.0122734
0 -0.00239909 -0.00427771 -0.00452963
0 9.15482e-06 0.00158479 0.00323529
0 0.00239684 0.00723214 0.0108108
0 0.00460041 0.0125119 0.0180236
0 0.00646459 0.0172777 0.0246493
0 0.00798113 0.0214197 0.0304804
0 0.00916862 0.0248563 0.035385
0 0.0100458 0.0274881 0.0392434
0 0.0107675 0.0293555 0.0419887
0 0.011389 0.0306088 0.0436055
0 0.011761 0.0312576 0.0441397
0 0.011875 0.0312906 0.0437324
0 0.0117824 0.0307534 0.0425705
0 0.0114171 0.029641 0.0408408
0 0.0108026 0.0280211 0.0386864
0 0.00999207 0.0260371 0.0361869
0 0.00897426 0.0237829 0.0333655
0 0.00780867 0.0213013 0.0302058
0 0.00658218 0.0186006 0.0266976
0 0.00533771 0.0156887 0.0228563
0 0.00410595 0.0126091 0.0187202
0 0.00288254 0.0094357 0.0143578
0 0.00162393 0.00623467 0.00986943
0 0.000315511 0.00302705 0.00537265
0 -0.00102214 -0.000176861 0.000951297
0 -0.00237453 -0.00334631 -0.0033263
0 -0.00371995 -0.00645895 -0.00740683
0 -0.0050286 -0.00948732 -0.0112809
0 -0.00628654 -0.0123925 -0.0149546
0 -0.00748429 -0.0151496 -0.0184769
0 -0.00860939 -0.0177547 -0.0218861
0 -0.00964078 -0.0202124 -0.0251716
0 -0.0105407 -0.0224978 -0.0282885
0 -0.0112879 -0.0245597 -0.0311621
0 -0.0119219 -0.0263634 -0.0337406
0 -0.0125225 -0.0279029 -0.0359831
0 -0.0130882 -0.0291875 -0.037833
0 -0.013519 -0.0301924 -0.039204
0 -0.0137573 -0.0308221 -0.0399972
0 -0.0137771 -0.0309774 -0.0401595
0 -0.013548 -0.0305915 -0.0396703
0 -0.0130814 -0.0296145 -0.0384986
0 -0.0123804 -0.0280582 -0.0366086
0 -0.0114569 -0.0259943 -0.033988
0 -0.0103716 -0.0234934 -0.0306724
0 -0.00916713 -0.0206142 -0.0267423
0 -0.00786201 -0.0174072 -0.0223081
0 -0.00647456 -0.0139265 -0.0174987
0 -0.00501142 -0.0102559 -0.0124521
0 -0.00349593 -0.00649815 -0.00732145
0 -0.00198534 -0.00278537 -0.00227735
0 -0.000528231 0.000746969 0.00254551
0 0.000840896 0.00403223 0.00704567
0 0.00207609 0.00703409 0.0111324
0 0.00316114 0.00971614 0.0147578
0 0.00413458 0.0120725 0.017894
0 0.00502322 0.0141123 0.0205473
0 0.00581132 0.0158402 0.0227425
0 0.00648708 0.0172698 0.0245121
0 0.0070504 0.0184375 0.0259187
0 0.0074946 0.0193741 0.0270258
0 0.00782356 0.0200903 0.0278941
0 0.00805049 0.0206022 0.0285616
0 0.00817055 0.020917 0.0290254
0 0.00817495 0.0210235 0.0292626
0 0.00808007 0.0209262 0.0292474
0 0.00791427 0.0206345 0.0289521
0 0.0076811 0.0201357 0.0283415
0 0.00735799 0.0194046 0.0273799
0 0.00693066 0.0184155 0.0260462
0 0.00638782 0.0171421 0.0243324
0 0.0057113 0.0155645 0.0222365
0 0.00489848 0.0136776 0.0197599
0 0.00395897 0.0114938 0.016907
0 0.00290483 0.009039 0.0136904
0 0.00175676 0.00634543 0.010131
0 0.000535851 0.0034473 0.00626121
0 -0.000748418 0.000383409 0.00213136
0 -0.00208027 -0.00280181 -0.00220296
0 -0.00341406 -0.0060365 -0.00665221
0 -0.0046997 -0.00922108 -0.0110831
0 -0.0059171 -0.0122883 -0.0153521
0 -0.00706475 -0.0151921 -0.0193248
0 -0.00813675 -0.0178564 -0.0229108
0 -0.00911654 -0.0202093 -0.0260414
0 -0.00997641 -0.0222101 -0.028665
0 -0.0106759 -0.0238215 -0.0307532
0 -0.0111773 -0.0250059 -0.0322859
0 -0.0114728 -0.0257428 -0.0332612
0 -0.011563 -0.0260168 -0.0336722
0 -0.0114297 -0.0258033 -0.0334904
0 -0.0110729 -0.0250891 -0.0326703
0 -0.0105043 -0.0238764 -0.0311649
0 -0.00972065 -0.0221573 -0.0289454
0 -0.00873888 -0.0199289 -0.0260106
0 -0.00758485 -0.017215 -0.0223918
0 -0.00627367 -0.0140599 -0.0181498
0 -0.00482233 -0.0105281 -0.01337
0 -0.00325358 -0.00670322 -0.00816587
0 -0.00162315 -0.00268909 -0.00268425
0 1.37176e-05 0.001373 0.00289359
0 0.00162694 0.0053538 0.00839785
0 0.00314654 0.00916971 0.013687
0 0.004495 0.0126937 0.0185725
0 0.00563574 0.0157605 0.0228497
0 0.00654134 0.0182424 0.0263543
0 0.00719195 0.0200414 0.0289408
0 0.00758541 0.0210959 0.0305109
0 0.00772504 0.0214175 0.0310167
0 0.00761491 0.0210592 0.0304632
0 0.00726642 0.0200572 0.0289295
0 0.00669456 0.0184604 0.0265475
0 0.00592005 0.0163525 0.0234865
0 0.0049676 0.0138211 0.0199186
0 0.00385164 0.0109653 0.015994
0 0.00259511 0.00789195 0.0118423
0 0.00124722 0.00469002 0.00756876
0 -0.000135756 0.00144385 0.00326249
0 -0.00150191 -0.00176482 -0.00100781
0 -0.00278513 -0.00483786 -0.00516102
0 -0.00392034 -0.00766243 -0.00909238
0 -0.00489214 -0.0101776 -0.0126785
0 -0.00571302 -0.0123536 -0.0157787
0 -0.00638727 -0.0141383 -0.0182932
0 -0.00691669 -0.0154831 -0.0201437
0 -0.00729715 -0.0163619 -0.0212853
0 -0.00750755 -0.0167566 -0.0217184
0 -0.00751514 -0.0166532 -0.0214618
0 -0.00730217 -0.0160589 -0.0205671
0 -0.00687324 -0.0149991 -0.0190962
0 -0.00624527 -0.0135092 -0.0171115
0 -0.00545279 -0.0116488 -0.0146753
0 -0.00453546 -0.00948994 -0.0118385
0 -0.00352248 -0.0070954 -0.00865469
0 -0.00244256 -0.00452409 -0.00518723
0 -0.00132913 -0.0018353 -0.00152203
0 -0.000221639 0.000896527 0.00224146
0 0.000851236 0.00358527 0.00600431
0 0.00187061 0.00617278 0.00964719
0 0.00280004 0.00859992 0.0130429
0 0.0036138 0.0107693 0.0160666
0 0.00430827 0.0125941 0.0186039
0 0.00486299 0.0140116 0.0205662
0 0.0052432 0.0149603 0.0218782
0 0.00542519 0.0154052 0.0224928
0 0.00540488 0.015352 0.0224063
0 0.00520197 0.0148262 0.0216563
0 0.00484873 0.0138748 0.0203143
0 0.00436531 0.012565 0.0184646
0 0.00375762 0.010959 0.0161972
0 0.00303134 0.00910624 0.0136042
0 0.00219667 0.00705132 0.0107713
0 0.00126983 0.00482912 0.0077714
0 0.000271679 0.00247302 0.00465585
0 -0.000780954 2.27336e-05 0.0014461
0 -0.00187139 -0.00247924 -0.00184105
0 -0.00295007 -0.00496717 -0.00516186
0 -0.00393946 -0.00735473 -0.00845033
0 -0.00479433 -0.00957323 -0.0115843
0 -0.00550872 -0.0115552 -0.0144172
0 -0.00608745 -0.0132155 -0.0168338
0 -0.00654292 -0.01449 -0.0187151
0 -0.00688389 -0.0153542 -0.0199738
0 -0.0071006 -0.0158061 -0.0205706
0 -0.00717728 -0.0158583 -0.0205128
0 -0.00711406 -0.0155364 -0.019877
0 -0.00691983 -0.0148736 -0.0187761
0 -0.00660028 -0.0139173 -0.0173365
0 -0.00616497 -0.0127333 -0.0156708
0 -0.00562774 -0.0113925 -0.0138619
0 -0.00500927 -0.00995615 -0.0119717
0 -0.00433522 -0.00845858 -0.0100281
0 -0.00361709 -0.00689542 -0.00802118
0 -0.0028575 -0.00524564 -0.00592215
0 -0.00206793 -0.00350262 -0.00370334
0 -0.00126862 -0.00168169 -0.00135502
0 -0.000485519 0.000177767 0.00111718
0 0.000257478 0.00201608 0.00368124
0 0.000934213 0.00377748 0.00623758
0 0.00151399 0.0054123 0.0086596
0 0.00198905 0.00685537 0.0108244
0 0.00237592 0.00804121 0.0125982
0 0.00268759 0.00892468 0.0138903
0 0.00292411 0.00947948 0.0146496
0 0.0030709 0.00970037 0.0148607
0 0.00310024 0.00959655 0.0145606
0 0.00298662 0.00917363 0.0138075
0 0.00272371 0.00843847 0.0126816
0 0.00232873 0.00742473 0.0112707
0 0.00183592 0.00619809 0.00965169
0 0.00128256 0.00484008 0.00788813
0 0.000698086 0.00342792 0.00602496
0 0.000103814 0.00201112 0.00410069
0 -0.00048847 0.000601356 0.00214384
0 -0.00107806 -0.000811324 0.000174977
0 -0.00166845 -0.00223006 -0.00177487
0 -0.00225694 -0.00363644 -0.00368002
0 -0.00283512 -0.00500778 -0.00552924
0 -0.00339734 -0.00632914 -0.0072924
0 -0.00393038 -0.00757431 -0.00893274
0 -0.00440207 -0.00869738 -0.0104183
0 -0.00477039 -0.00963525 -0.0116876
0 -0.00500139 -0.0103156 -0.0126715
0 -0.00508669 -0.0106858 -0.013304
0 -0.00504249 -0.0107302 -0.0135253
0 -0.00489331 -0.0104614 -0.0132947
0 -0.00465741 -0.00990653 -0.0125913
0 -0.00434019 -0.00909119 -0.0114307
0 -0.00393569 -0.00802688 -0.00985983
0 -0.00342899 -0.00671245 -0.00794441
0 -0.00280507 -0.00515142 -0.00575717
0 -0.00206395 -0.00336989 -0.00336435
0 -0.00123531 -0.00142848 -0.000828438
0 -0.000381954 0.000574959 0.00180036
0 0.000428748 0.00253143 0.00445782
0 0.00114354 0.00435622 0.00703062
0 0.00172142 0.00598006 0.00940695
0 0.00215744 0.0073344 0.0114694
0 0.00248056 0.0083734 0.0130906
0 0.00271695 0.00908 0.0141895
0 0.0028773 0.00945173 0.0147156
0 0.00295436 0.00949662 0.0146652
0 0.00292248 0.00922321 0.0140875
0 0.00275569 0.00863226 0.0130597
0 0.00244687 0.00773596 0.0116861
0 0.00200966 0.00657963 0.0100695
0 0.00147345 0.00523794 0.00829692
0 0.000878109 0.00380059 0.00643666
0 0.000267032 0.00235402 0.00454007
0 -0.000318754 0.000961295 0.00265563
0 -0.000849714 -0.000343549 0.000824943
0 -0.00131999 -0.00154699 -0.000908321
0 -0.0017436 -0.00264263 -0.00249993
0 -0.0021342 -0.00362882 -0.00392575
0 -0.00249322 -0.00450529 -0.00514356
0 -0.00280763 -0.00524847 -0.00610308
0 -0.00305091 -0.00581089 -0.00678521
0 -0.0031953 -0.00614506 -0.0071743
0 -0.0032251 -0.00621842 -0.0072664
0 -0.00313685 -0.00602591 -0.00706144
0 -0.00293778 -0.00559009 -0.0065528
0 -0.00265039 -0.00494852 -0.00575067
0 -0.00230844 -0.00414555 -0.00468131
0 -0.00194515 -0.00322846 -0.00339733
0 -0.00158367 -0.00224545 -0.00197449
0 -0.00123201 -0.00124433 -0.000487186
0 -0.000888958 -0.0002698 0.000993795
0 -0.000555503 0.000642797 0.00238795
0 -0.000241117 0.00147124 0.00361138
0 3.90049e-05 0.00219303 0.00460821
0 0.00027285 0.00277352 0.00534828
0 0.000448951 0.00317445 0.0058152
0 0.000548048 0.00336312 0.00601137
0 0.000545756 0.00331784 0.00593426
0 0.000423147 0.00303261 0.00557775
0 0.000180167 0.00251556 0.00494081
0 -0.000161398 0.00178371 0.00402465
0 -0.000569122 0.000862654 0.00284295
0 -0.00101331 -0.000210388 0.00141824
0 -0.00147543 -0.00139102 -0.000216666
0 -0.00194392 -0.0026285 -0.00200057
0 -0.00239752 -0.00385836 -0.00383888
0 -0.00280518 -0.00501725 -0.00562588
0 -0.00315253 -0.00605871 -0.00722744
0 -0.00344571 -0.00693741 -0.00851864
0 -0.00369054 -0.00760571 -0.00944188
0 -0.00388665 -0.00803223 -0.00996621
0 -0.00402367 -0.00821016 -0.0101025
0 -0.00407893 -0.0081552 -0.00989831
0 -0.00403416 -0.00789616 -0.00941177
0 -0.00388924 -0.00746296 -0.00872217
0 -0.00366296 -0.00688854 -0.00790294
0 -0.0033864 -0.00621708 -0.00701654
0 -0.00308813 -0.00549938 -0.0061043
0 -0.00278205 -0.00477739 -0.00517974
0 -0.00247185 -0.00407251 -0.00424794
0 -0.0021649 -0.00338841 -0.00331715
0 -0.00187363 -0.00272246 -0.00240247
0 -0.00160684 -0.00207622 -0.00151505
0 -0.00136402 -0.00145817 -0.000663679
0 -0.00113649 -0.000878354 0.000140955
0 -0.000912445 -0.000338945 0.000895965
0 -0.000685435 0.000170057 0.00160044
0 -0.000458583 0.000662887 0.00225506
0 -0.000235048 0.00115026 0.00287103
0 -1.16497e-05 0.0016392 0.00346781
0 0.000217988 0.0021362 0.0040736
0 0.000460158 0.00265041 0.00471807
0 0.000715192 0.00319451 0.00542058
0 0.000976345 0.00377918 0.00619026
0 0.00123752 0.00440544 0.00702564
0 0.00149824 0.00506396 0.00791695
0 0.00176067 0.0057387 0.00884732
0 0.00202131 0.00640783 0.00978669
0 0.00226464 0.0070418 0.0106892
0 0.00246773 0.007603 0.011498
0 0.00261235 0.00804944 0.0121553
0 0.00268737 0.00833755 0.0126068
0 0.00268137 0.00842403 0.0127965
0 0.00258278 0.00827392 0.0126723
0 0.00238594 0.0078686 0.0121953
0 0.00209053 0.00720335 0.0113437
0 0.00169896 0.00628117 0.0101143
0 0.00121765 0.00511334 0.00852531
0 0.000657009 0.00372307 0.00661674
0 2.92018e-05 0.00214638 0.00444553
0 -0.000653609 0.000428883 0.00207565
0 -0.00138388 -0.00138614 -0.000435353
0 -0.00215649 -0.00325772 -0.00302369
0 -0.00294742 -0.00513837 -0.00562659
0 -0.00371719 -0.00698949 -0.00817787
0 -0.00444252 -0.008776 -0.0105882
0 -0.00510896 -0.0104356 -0.0127949
0 -0.00569413 -0.0118915 -0.0147471
0 -0.00617661 -0.013083 -0.0163821
0 -0.00653271 -0.0139678 -0.0176419
0 -0.00673321 -0.0145142 -0.0184579
0 -0.00676514 -0.0147005 -0.018778
0 -0.00664235 -0.0145125 -0.0185762
0 -0.00638737 -0.0139492 -0.0178496
0 -0.0060195 -0.0130346 -0.0166238
0 -0.00555334 -0.0118176 -0.0149447
0 -0.00499716 -0.0103583 -0.0128864
0 -0.00436319 -0.00871881 -0.0105504
0 -0.00367325 -0.00695816 -0.00805209
0 -0.00295013 -0.00513337 -0.00550736
0 -0.00221508 -0.00330872 -0.00301932
0 -0.00149429 -0.00155556 -0.000655166
0 -0.000818392 6.02615e-05 0.00154708
0 -0.000212985 0.00149619 0.00352967
0 0.000300353 0.00273832 0.00524359
0 0.000710409 0.00377853 0.00666816
0 0.00103222 0.00460508 0.00778471
0 0.00128913 0.0052172 0.0085975
0 0.00148582 0.00562346 0.00911718
0 0.00161262 0.00583485 0.00935347
0 0.00165978 0.00586815 0.00933364
0 0.00162481 0.00573937 0.00909041
0 0.00151753 0.00545929 0.00866537
0 0.00135649 0.00504713 0.00810011
0 0.0011591 0.00453775 0.00742815
0 0.000941189 0.003975 0.00668345
0 0.00072207 0.00340655 0.00590256
0 0.000523865 0.00287688 0.0051335
0 0.000365984 0.00241935 0.00443219
0 0.000257119 0.00205688 0.00385023
0 0.000190173 0.00180337 0.00342648
0 0.000147082 0.00165848 0.00318096
0 0.000108174 0.00160296 0.00310934
0 6.01568e-05 0.00160259 0.00317962
0 -5.69243e-07 0.00161827 0.00333947
0 -7.05712e-05 0.00161879 0.00351908
0 -0.000142396 0.00158914 0.00364559
0 -0.000207062 0.00152619 0.00366441
0 -0.00025753 0.00142877 0.0035438
0 -0.000294124 0.00129105 0.00328225
0 -0.000330013 0.0011007 0.00290196
0 -0.000388729 0.0008446 0.00243035
0 -0.000494006 0.00051522 0.0018986
0 -0.000658968 0.000111598 0.00133181
0 -0.000880067 -0.000361128 0.000737541
0 -0.0011418 -0.000894157 0.000110624
0 -0.00142585 -0.00147747 -0.000567442
0 -0.00171653 -0.00209864 -0.00131942
0 -0.00200012 -0.00274178 -0.00215529
0 -0.00226238 -0.0033891 -0.00306569
0 -0.00249827 -0.00402662 -0.00402309
0 -0.00271623 -0.00464924 -0.00499184
0 -0.00292899 -0.00525639 -0.00592201
0 -0.00314893 -0.00584312 -0.00676168
0 -0.00337838 -0.00639312 -0.0074824
0 -0.00359941 -0.00687577 -0.00806329
0 -0.00378099 -0.0072524 -0.00849269
0 -0.00389343 -0.00748929 -0.00876706
0 -0.00391872 -0.00756581 -0.00887871
0 -0.00385591 -0.00747645 -0.00882035
0 -0.00371738 -0.00722779 -0.00857668
0 -0.00351798 -0.00683066 -0.00812752
0 -0.00327014 -0.00629477 -0.0074584
0 -0.00298458 -0.00562955 -0.0065684
0 -0.002668 -0.00484597 -0.00547729
0 -0.00232039 -0.00395686 -0.00422008
0 -0.00193975 -0.00298077 -0.00284376
0 -0.00153194 -0.00194921 -0.00140057
0 -0.00112031 -0.000910477 5.60337e-05
0 -0.000742655 7.0966e-05 0.00145371
0 -0.000437977 0.00092217 0.00270129
0 -0.000233903 0.00157863 0.00370843
0 -0.00013474 0.00199326 0.00440105
0 -0.000127095 0.00213929 0.00472101
0 -0.000195865 0.0020179 0.0046301
0 -0.00032593 0.00165628 0.0041324
0 -0.000497815 0.00110238 0.00327942
0 -0.000689325 0.000422009 0.00217105
0 -0.000883271 -0.000313316 0.000930801
0 -0.00107499 -0.00104069 -0.00030997
0 -0.00126957 -0.00171066 -0.00142675
0 -0.00147227 -0.0022917 -0.00234154
0 -0.00168261 -0.00277552 -0.00300378
0 -0.00189058 -0.00316149 -0.00339881
0 -0.0020793 -0.00344177 -0.00357191
0 -0.00222823 -0.00360803 -0.00358935
0 -0.00230925 -0.00365415 -0.00351044
0 -0.00229443 -0.00357398 -0.0033668
0 -0.00217376 -0.00336506 -0.00315699
0 -0.00196221 -0.00303067 -0.00286204
0 -0.00169284 -0.00258024 -0.00244695
0 -0.00140399 -0.00203175 -0.00187278
0 -0.00112558 -0.00141056 -0.00111477
0 -0.000868521 -0.000740803 -0.000170995
0 -0.00062901 -4.08996e-05 0.000927628
0 -0.000398623 0.0006768 0.00211976
0 -0.000163316 0.00140873 0.00332556
0 9.22827e-05 0.00215304 0.00446681
0 0.000374365 0.00289411 0.00549156
0 0.000677043 0.00359916 0.0063697
0 0.000981563 0.0042312 0.00709485
0 0.00125726 0.00476132 0.00768385
0 0.00147133 0.00517258 0.00815411
0 0.00160157 0.00545838 0.00851875
0 0.00164189 0.00561563 0.00877616
0 0.00160077 0.00563837 0.00890505
0 0.00149515 0.00552011 0.0088715
0 0.00134208 0.00525957 0.00863541
0 0.00115412 0.00486171 0.00816723
0 0.000937193 0.00433446 0.00745683
0 0.000689321 0.0036843 0.00651721
0 0.000403774 0.00291544 0.00538348
0 7.55446e-05 0.0020372 0.00410554
0 -0.000294184 0.00107199 0.00273809
0 -0.000696587 5.52464e-05 0.00133147
0 -0.00111601 -0.000971745 -6.69145e-05
0 -0.00153287 -0.00196923 -0.00141819
0 -0.00192746 -0.00290384 -0.00269441
0 -0.00228234 -0.00375421 -0.00386888
0 -0.0025861 -0.00450755 -0.004917
0 -0.00283888 -0.00515113 -0.00581031
0 -0.00304516 -0.00567233 -0.00652426
0 -0.00320426 -0.00605919 -0.0070462
0 -0.00331174 -0.00630119 -0.00736361
0 -0.00336016 -0.0063932 -0.00747285
0 -0.00334297 -0.00633583 -0.00737883
0 -0.00326157 -0.00613436 -0.00709308
0 -0.00312399 -0.00579982 -0.00663626
0 -0.00294038 -0.00535015 -0.00603052
0 -0.00272128 -0.00480859 -0.00530048
0 -0.00247618 -0.00420067 -0.00447276
0 -0.00221343 -0.00355129 -0.00357684
0 -0.00194267 -0.00288308 -0.00264708
0 -0.0016752 -0.00221845 -0.00171351
0 -0.00142521 -0.00158206 -0.000807791
0 -0.00120777 -0.00100235 2.72755e-05
0 -0.00103049 -0.00050804 0.000753323
0 -0.000894393 -0.000119034 0.00133928
0 -0.000794129 0.00015852 0.00176326
0 -0.000717989 0.000333132 0.00202138
0 -0.000659785 0.000422727 0.00212082
0 -0.00062207 0.000442503 0.00208019
0 -0.000609392 0.000399712 0.00192802
0 -0.000626887 0.000295614 0.00169577
0 -0.000679176 0.00012972 0.00141418
0 -0.000765859 -9.29626e-05 0.00110424
0 -0.000880513 -0.0003587 0.000777392
0 -0.00101409 -0.000649058 0.000436721
0 -0.00115526 -0.000947515 7.76585e-05
0 -0.00129123 -0.0012435 -0.000302206
0 -0.00141358 -0.00153187 -0.000700652
0 -0.00152073 -0.00181196 -0.00111166
0 -0.00161677 -0.00208426 -0.00152385
0 -0.00170702 -0.00234443 -0.00192086
0 -0.00179219 -0.00258333 -0.00228168
0 -0.00186887 -0.00279024 -0.00258523
0 -0.0019328 -0.00295419 -0.0028156
0 -0.00197848 -0.00306486 -0.00296201
0 -0.00200064 -0.00311426 -0.00301951
0 -0.00199574 -0.00309739 -0.00298772
0 -0.00196054 -0.00301118 -0.00286717
0 -0.00189386 -0.00285609 -0.0026599
0 -0.00179988 -0.00263825 -0.00237139
0 -0.00168846 -0.00237081 -0.00201285
0 -0.00157271 -0.00207407 -0.00160262
0 -0.00146284 -0.00177006 -0.00116289
0 -0.00136171 -0.00147578 -0.000716623
0 -0.00126728 -0.00120164 -0.000287226
0 -0.00117752 -0.000952317 0.000102201
0 -0.00109294 -0.00073018 0.000432253
0 -0.00101635 -0.00054063 0.000689946
0 -0.000952074 -0.000392401 0.000869513
0 -0.00090507 -0.000294961 0.000972016
0 -0.000879579 -0.000254706 0.00100284
0 -0.000878578 -0.000271726 0.000968708
0 -0.000904283 -0.000341901 0.000874771
0 -0.00095792 -0.000461694 0.000722159
0 -0.00103718 -0.000628899 0.000510036
0 -0.00113416 -0.000839025 0.000240112
0 -0.00123773 -0.00108295 -8.14656e-05
0 -0.00133883 -0.00134669 -0.000444129
0 -0.00143272 -0.0016132 -0.00083226
0 -0.00151686 -0.00186604 -0.00122365
0 -0.00158791 -0.00209028 -0.00158942
0 -0.0016413 -0.00227195 -0.00189725
0 -0.00167315 -0.00239853 -0.00211666
0 -0.00168027 -0.00245672 -0.00222277
0 -0.00165881 -0.00243147 -0.00219764
0 -0.00160488 -0.00231069 -0.00203155
0 -0.00151737 -0.00209162 -0.00172532
0 -0.0014006 -0.00178447 -0.00129245
0 -0.00126282 -0.00141026 -0.000757184
0 -0.00111417 -0.000996936 -0.000152566
0 -0.000966774 -0.000576108 0.000479692
0 -0.000833336 -0.000178615 0.00109302
0 -0.00072217 0.000169009 0.00164225
0 -0.00063328 0.000448731 0.00208987
0 -0.00056067 0.00065546 0.00241203
0 -0.000495067 0.000797891 0.00260501
0 -0.000426752 0.000894642 0.00268741
0 -0.000353041 0.000965818 0.00269219
0 -0.000282532 0.00102309 0.00265573
0 -0.000231702 0.00106477 0.00261005
0 -0.000218963 0.00107634 0.00257352
0 -0.000258775 0.00103419 0.00254108
0 -0.000356903 0.000913694 0.00248354
0 -0.000508088 0.000699401 0.00235519
0 -0.000696618 0.000390703 0.00210546
0 -0.000899433 1.16815e-06 0.00169626
0 -0.00109285 -0.000446587 0.00111612
0 -0.00126147 -0.000928157 0.000383224
0 -0.00140386 -0.00142393 -0.000456055
0 -0.00153253 -0.00192025 -0.00133496
0 -0.00166545 -0.00240485 -0.00218059
0 -0.00181457 -0.00286606 -0.00292763
0 -0.00198093 -0.00329123 -0.00352605
0 -0.00215361 -0.00365882 -0.00394666
0 -0.00231255 -0.00394115 -0.00419504
0 -0.00243469 -0.00411654 -0.00430194
0 -0.00249773 -0.00417393 -0.00429839
0 -0.00248423 -0.00411155 -0.004205
0 -0.00238906 -0.00393495 -0.00402325
0 -0.00222505 -0.00365374 -0.00374199
0 -0.00201822 -0.00327893 -0.00334513
0 -0.001794 -0.0028228 -0.00281435
0 -0.00156811 -0.00230026 -0.00214157
0 -0.00134862 -0.00172928 -0.00133545
0 -0.00113718 -0.00112884 -0.000424319
0 -0.000929683 -0.000517398 0.000543135
0 -0.000723426 8.97593e-05 0.00150851
0 -0.000516462 0.000680806 0.00241551
0 -0.000304108 0.00124294 0.00321782
0 -8.66409e-05 0.00176135 0.00389385
0 0.000126368 0.00221898 0.00444103
0 0.000317876 0.00259703 0.00486301
0 0.000464343 0.00287782 0.00517137
0 0.000544622 0.00304747 0.00537215
0 0.000550726 0.00309698 0.00546363
0 0.000486751 0.00302192 0.00543475
0 0.00036516 0.00282424 0.00526388
0 0.000204728 0.00251414 0.00493236
0 2.32486e-05 0.00210798 0.00442995
0 -0.000170138 0.0016219 0.00376037
0 -0.000377738 0.00106394 0.00294174
0 -0.000610687 0.000433916 0.00199762
0 -0.000880818 -0.000270554 0.000957775
0 -0.0011916 -0.00104547 -0.000140639
0 -0.00153441 -0.0018728 -0.00126561
0 -0.00189101 -0.00271984 -0.0023889
0 -0.00223426 -0.00354142 -0.00347686
0 -0.00253441 -0.00428872 -0.00449648
0 -0.00277318 -0.00492247 -0.00540762
0 -0.00294345 -0.00541558 -0.00615732
0 -0.00304606 -0.00575191 -0.00669922
0 -0.00309184 -0.00592709 -0.00699879
0 -0.00309342 -0.00594504 -0.00703914
0 -0.00305763 -0.00581519 -0.00682875
0 -0.00298424 -0.00555091 -0.006394
0 -0.00286718 -0.00516694 -0.00577879
0 -0.00270185 -0.00468158 -0.00503709
0 -0.00249171 -0.00411943 -0.00422417
0 -0.00224724 -0.00351042 -0.00339014
0 -0.00198393 -0.00288682 -0.00256442
0 -0.00171956 -0.00227779 -0.001763
0 -0.00147098 -0.00170497 -0.00100244
0 -0.00125141 -0.00118281 -0.000292862
0 -0.00106366 -0.00071803 0.000357886
0 -0.000903085 -0.000310296 0.000941287
0 -0.000765623 4.17154e-05 0.0014508
0 -0.000648151 0.000337499 0.00187616
0 -0.000552692 0.000572732 0.00220498
0 -0.000487286 0.000737036 0.002426
0 -0.000457207 0.000819227 0.00253201
0 -0.000460358 0.000815408 0.00252418
0 -0.000490297 0.000732202 0.00241133
0 -0.000539638 0.000585762 0.00220722
0 -0.000601421 0.000397824 0.00193045
0 -0.000670757 0.000188105 0.00160373
0 -0.000743842 -2.92644e-05 0.00125316
0 -0.000815709 -0.000243275 0.000907445
0 -0.000883858 -0.000446176 0.000591242
0 -0.000951805 -0.000634039 0.000318603
0 -0.0010256 -0.000806546 9.17511e-05
0 -0.00110804 -0.000966864 -9.60736e-05
0 -0.00119499 -0.00111828 -0.000255576
0 -0.0012767 -0.00126156 -0.000398801
0 -0.00134427 -0.00139444 -0.000537531
0 -0.00139344 -0.00151142 -0.000679757
0 -0.00142601 -0.00160903 -0.000828447
0 -0.00145047 -0.00169246 -0.000982889
0 -0.00147684 -0.00177351 -0.00113878
0 -0.00151222 -0.0018649 -0.00129037
0 -0.0015599 -0.00197436 -0.00143442
0 -0.00162007 -0.00210163 -0.00157337
0 -0.00168922 -0.00223907 -0.00171355
0 -0.00175813 -0.00237432 -0.00185932
0 -0.00181573 -0.00249637 -0.00201125
0 -0.00185381 -0.00259772 -0.00216426
0 -0.00186919 -0.00267286 -0.00230642
0 -0.00186392 -0.00271713 -0.00242075
0 -0.00184224 -0.00272463 -0.00248662
0 -0.00180648 -0.00268745 -0.00248168
0 -0.00175523 -0.00259647 -0.00238567
0 -0.00168479 -0.00244303 -0.00218464
0 -0.00159164 -0.00222094 -0.00187357
0 -0.00147528 -0.00192957 -0.00145793
0 -0.00133894 -0.00157599 -0.000952929
0 -0.00118688 -0.0011742 -0.000379928
0 -0.00102357 -0.000742769 0.000236321
0 -0.00085578 -0.000302152 0.000868704
0 -0.000691917 0.000127352 0.00148894
0 -0.000538361 0.000528821 0.0020706
0 -0.000398186 0.000890708 0.00259208
0 -0.000272377 0.00120624 0.00303721
0 -0.000160637 0.00147319 0.00339809
0 -6.21747e-05 0.00169201 0.00367582
0 2.30118e-05 0.00186445 0.00387731
0 9.35434e-05 0.001994 0.00401527
0 0.000146553 0.00208415 0.00410375
0 0.000177624 0.00213619 0.00415305
0 0.000183283 0.00214986 0.00416872
0 0.000164776 0.00212538 0.00415152
0 0.000125839 0.00206276 0.00409702
0 6.81496e-05 0.00195968 0.00399381
0 -8.16332e-06 0.00181197 0.00382715
0 -0.000103155 0.00161455 0.00358413
0 -0.000217711 0.00136144 0.00325513
0 -0.000354117 0.00104641 0.00283418
0 -0.000516101 0.000664256 0.0023173
0 -0.000706902 0.000212711 0.00170394
0 -0.000925012 -0.000304834 0.00100033
0 -0.00116286 -0.000876915 0.000219263
0 -0.00140732 -0.0014832 -0.000617723
0 -0.00164368 -0.00209593 -0.00147963
0 -0.00186363 -0.00268525 -0.00233096
0 -0.00206468 -0.00322865 -0.00313689
0 -0.00224898 -0.00371738 -0.00386893
0 -0.00242254 -0.00415214 -0.0045002
0 -0.00258494 -0.00453169 -0.00500605
0 -0.0027279 -0.00484632 -0.00537994
0 -0.00284222 -0.00507964 -0.00562726
0 -0.0029146 -0.00521258 -0.00575515
0 -0.00292865 -0.00523008 -0.00576811
0 -0.00287536 -0.00512661 -0.00566055
0 -0.00275653 -0.00490395 -0.00542207
0 -0.00258367 -0.00456895 -0.005041
0 -0.00237556 -0.00413337 -0.0045099
0 -0.00214957 -0.00361203 -0.00383117
0 -0.0019144 -0.00302132 -0.00301764
0 -0.00166932 -0.00237759 -0.00209604
0 -0.00141005 -0.00169471 -0.0010954
0 -0.00113548 -0.00098313 -4.68139e-05
0 -0.000848323 -0.000254578 0.00100686
0 -0.000557242 0.000474263 0.00202871
0 -0.000273593 0.00118105 0.00298921
0 -6.81477e-06 0.00183699 0.00386099
0 0.000230564 0.00241214 0.00462619
0 0.000422673 0.00288092 0.00526336
0 0.000556006 0.00322296 0.00574716
0 0.000622479 0.00342433 0.00605593
0 0.000620737 0.00347578 0.00616755
0 0.000556022 0.00337129 0.00606648
0 0.000436342 0.00311144 0.00574469
0 0.000267907 0.00270413 0.00520348
0 5.41855e-05 0.00216214 0.00445658
0 -0.000204596 0.00149952 0.00352558
0 -0.000509247 0.000729286 0.00243936
0 -0.000855611 -0.000133165 0.0012287
0 -0.00123386 -0.00106645 -6.8748e-05
0 -0.00163042 -0.00204181 -0.00141111
0 -0.00203007 -0.00302372 -0.00276367
0 -0.00241663 -0.00397703 -0.00408804
0 -0.00277409 -0.00487289 -0.00534478
0 -0.00309348 -0.00568627 -0.00648661
0 -0.00336939 -0.0063917 -0.00746441
0 -0.00359296 -0.0069619 -0.00824605
0 -0.00375478 -0.0073697 -0.00880051
0 -0.00384404 -0.00759216 -0.00910495
0 -0.00384855 -0.00761373 -0.00914446
0 -0.00376163 -0.00742681 -0.00890751
0 -0.0035853 -0.00703206 -0.00839535
0 -0.00332914 -0.00644057 -0.00761762
0 -0.00300914 -0.00567556 -0.00659705
0 -0.00264279 -0.00477043 -0.00536909
0 -0.00224309 -0.00376315 -0.00397796
0 -0.00182109 -0.00269289 -0.0024807
0 -0.00139097 -0.00159909 -0.000934304
0 -0.000966788 -0.000519342 0.000611498
0 -0.000561433 0.000513486 0.00209943
0 -0.000188417 0.00147306 0.00346719
0 0.000142238 0.00233358 0.00466668
0 0.000426152 0.00306547 0.00566502
0 0.000661417 0.0036434 0.00643657
0 0.000844019 0.00405395 0.00697222
0 0.000966687 0.00429688 0.00727421
0 0.00102253 0.00438066 0.0073527
0 0.00100869 0.00431527 0.00722808
0 0.000927252 0.00410773 0.00692044
0 0.000783582 0.00376312 0.00644944
0 0.000584869 0.00329132 0.00583071
0 0.000339789 0.00271014 0.00507604
0 5.76767e-05 0.00204102 0.00419815
0 -0.000250919 0.00130521 0.0032121
0 -0.000573641 0.000522756 0.00213825
0 -0.000898527 -0.00028693 0.00100328
0 -0.00121653 -0.00110254 -0.000155978
0 -0.00152057 -0.00189856 -0.00129865
0 -0.00180475 -0.002647 -0.00238315
0 -0.00206385 -0.00332357 -0.00336577
0 -0.00229185 -0.0039109 -0.00421024
0 -0.00248476 -0.00439462 -0.00488106
0 -0.00263934 -0.00476085 -0.00535459
0 -0.00275007 -0.00499789 -0.00563262
0 -0.00281176 -0.0050991 -0.00572316
0 -0.00281908 -0.00506602 -0.00564293
0 -0.00276764 -0.00490863 -0.00541203
0 -0.00265803 -0.00463989 -0.00504604
0 -0.002497 -0.00427235 -0.00456136
0 -0.00229707 -0.00382047 -0.00397195
0 -0.0020728 -0.00330099 -0.00329267
0 -0.00183582 -0.00273312 -0.00253803
0 -0.00159477 -0.0021391 -0.0017226
0 -0.00136072 -0.00154202 -0.000871312
0 -0.00114565 -0.00096574 -2.23777e-05
0 -0.000955837 -0.00043348 0.000781506
0 -0.000794524 3.54381e-05 0.00149825
0 -0.000660992 0.000425148 0.00209123
0 -0.000547558 0.000727761 0.00253622
0 -0.00044977 0.000945023 0.00282505
0 -0.000370764 0.00108136 0.00296435
0 -0.000316475 0.00114018 0.00297115
0 -0.000296345 0.00112188 0.002869
0 -0.000320427 0.00102378 0.00268045
0 -0.000391772 0.000845548 0.00242365
0 -0.000504115 0.000595573 0.00211121
0 -0.000643564 0.000291935 0.00174939
0 -0.000792451 -4.19287e-05 0.00134296
0 -0.000935481 -0.000382347 0.000897911
0 -0.00106319 -0.000711215 0.000425417
0 -0.00117022 -0.00101748 -5.3539e-05
0 -0.0012563 -0.00129389 -0.000511143
0 -0.00132814 -0.00153706 -0.000918386
0 -0.00139496 -0.00174634 -0.00125183
0 -0.00146442 -0.00192142 -0.0014994
0 -0.00153785 -0.00206244 -0.00165968
0 -0.00160678 -0.00216727 -0.00173996
0 -0.00165823 -0.00223019 -0.00175429
0 -0.00168381 -0.00224779 -0.00172158
0 -0.00168255 -0.00222277 -0.00166212
0 -0.00165799 -0.00216235 -0.00158966
0 -0.00161694 -0.00207819 -0.00150934
0 -0.00156832 -0.0019847 -0.00142121
0 -0.00152139 -0.0018939 -0.00132347
0 -0.00148372 -0.00181235 -0.00121566
0 -0.00145776 -0.00174049 -0.00109959
0 -0.00143957 -0.0016739 -0.000978736
0 -0.00142099 -0.00160553 -0.000856735
0 -0.00139279 -0.00152771 -0.000735131
0 -0.0013493 -0.00143442 -0.00061313
0 -0.00129118 -0.001323 -0.000487519
0 -0.00122424 -0.00119554 -0.000353025
0 -0.00115682 -0.00105904 -0.000204434
0 -0.00109483 -0.000920645 -3.68218e-05
0 -0.00103873 -0.0007833 0.000153374
0 -0.000985854 -0.000645335 0.000365349
0 -0.000933037 -0.00050226 0.000593325
0 -0.000878549 -0.000351073 0.000827553
0 -0.00082174 -0.000193576 0.00105733
0 -0.00076188 -3.57901e-05 0.0012745
0 -0.000699641 0.000114941 0.00147389
0 -0.000638178 0.000252284 0.00165225
0 -0.000582887 0.000371519 0.00180712
0 -0.000539509 0.000469385 0.00193629
0 -0.000511059 0.000543193 0.00203787
0 -0.0004974 0.000590048 0.00210963
0 -0.000498227 0.000605851 0.00214655
0 -0.000514682 0.000585695 0.00213997
0 -0.000548211 0.000525539 0.00207998
0 -0.000599567 0.000422351 0.00195763
0 -0.000668449 0.000273706 0.00176651
0 -0.000755035 7.66116e-05 0.00150241
0 -0.000860083 -0.00017123 0.00116393
0 -0.000982329 -0.000467738 0.000755046
0 -0.00111835 -0.000806107 0.000285053
0 -0.00126428 -0.00117624 -0.000233394
0 -0.00141712 -0.0015666 -0.000785166
0 -0.00157566 -0.00196763 -0.00135403
0 -0.00173936 -0.00237239 -0.00192486
0 -0.00190606 -0.00277466 -0.00248426
0 -0.00207156 -0.00316828 -0.00302066
0 -0.00223029 -0.00354443 -0.00352422
0 -0.00237572 -0.00389049 -0.00398591
0 -0.00250022 -0.00419308 -0.00439486
0 -0.00259656 -0.00443913 -0.00473612
0 -0.00265986 -0.00461594 -0.00499367
0 -0.00268687 -0.00471254 -0.00515102
0 -0.00267659 -0.00472138 -0.00519214
0 -0.00263153 -0.00463973 -0.00510649
0 -0.00255497 -0.00446889 -0.00488912
0 -0.00244773 -0.00421153 -0.00454071
0 -0.00230766 -0.00386934 -0.00406681
0 -0.0021307 -0.0034419 -0.00347574
0 -0.00191243 -0.00292781 -0.00277684
0 -0.00165283 -0.00232936 -0.00197575
0 -0.00136262 -0.00165712 -0.00108039
0 -0.00105934 -0.000931873 -0.000109296
0 -0.000758147 -0.000183432 0.000913777
0 -0.000471652 0.000556583 0.00195949
0 -0.000206902 0.00126214 0.00299165
0 3.5179e-05 0.00191506 0.00396461
0 0.000251549 0.002502 0.00483248
0 0.000439321 0.00300924 0.0055591
0 0.00059892 0.00342051 0.00611451
0 0.000726767 0.00371794 0.00648637
0 0.000812871 0.0038865 0.00667331
0 0.000844439 0.00391715 0.00667859
0 0.000808838 0.00380636 0.00651032
0 0.000698554 0.0035532 0.00617255
0 0.000517375 0.00315936 0.00567001
0 0.000281385 0.00263671 0.00501034
0 1.23404e-05 0.00200984 0.00420596
0 -0.000271248 0.00131023 0.0032763
0 -0.000558642 0.000569865 0.00224636
0 -0.000844891 -0.000184869 0.0011485
0 -0.00112703 -0.000935477 2.83022e-05
0 -0.00140178 -0.00166711 -0.00106266
0 -0.00166784 -0.00236563 -0.00208214
0 -0.00192675 -0.00301798 -0.00299667
0 -0.00217576 -0.00361065 -0.00378689
0 -0.00240893 -0.00413028 -0.00444395
0 -0.0026189 -0.00456656 -0.00496784
0 -0.00279181 -0.0049122 -0.00537259
0 -0.00291465 -0.00516225 -0.00566923
0 -0.00298265 -0.00531535 -0.00586621
0 -0.00299711 -0.00537364 -0.00596794
0 -0.00296654 -0.00534302 -0.00597029
0 -0.00290509 -0.0052338 -0.00586951
0 -0.0028256 -0.00505996 -0.00566321
0 -0.00273797 -0.00483723 -0.00535792
0 -0.00264731 -0.00457893 -0.00497093
0 -0.00255118 -0.00429318 -0.00452559
0 -0.00244215 -0.00398302 -0.00404893
0 -0.0023133 -0.00364943 -0.00356455
0 -0.00216264 -0.00329548 -0.00308493
0 -0.0019926 -0.0029247 -0.00261145
0 -0.00180922 -0.00254043 -0.00214028
0 -0.00162432 -0.00215004 -0.00166465
0 -0.00145146 -0.00176471 -0.00117962
0 -0.00129819 -0.00139514 -0.000685278
0 -0.001166 -0.00105022 -0.000188045
0 -0.00105265 -0.000734731 0.000297291
0 -0.000953052 -0.000448237 0.000751474
0 -0.000859803 -0.000187354 0.00115741
0 -0.000764363 5.37348e-05 0.00150499
0 -0.000661624 0.000280062 0.00179351
0 -0.000552032 0.000493578 0.00203224
0 -0.000441623 0.000694084 0.00223693
0 -0.000340729 0.000878731 0.00242479
0 -0.000258249 0.00104364 0.00261059
0 -0.000198119 0.0011864 0.00280264
0 -0.000158987 0.00130704 0.00300032
0 -0.000134695 0.00140856 0.00319405
0 -0.000116661 0.00149622 0.00336881
0 -9.71032e-05 0.00157492 0.00351071
0 -7.32146e-05 0.00164381 0.00360867
0 -4.92199e-05 0.00169399 0.00365459
0 -3.35848e-05 0.00171266 0.00364668
0 -3.65156e-05 0.00168717 0.00358601
0 -6.79509e-05 0.00160724 0.00347201
0 -0.000133069 0.00146804 0.00330222
0 -0.000229559 0.00127111 0.00307223
0 -0.000348869 0.001023 0.00277776
0 -0.000480192 0.00073354 0.00241634
0 -0.000614698 0.000413632 0.0019894
0 -0.000747059 7.37503e-05 0.00150561
0 -0.00087635 -0.000277594 0.000980669
0 -0.0010059 -0.000635423 0.000434639
0 -0.00113944 -0.000997047 -0.000110551
0 -0.00127751 -0.0013572 -0.000633065
0 -0.00141727 -0.00170606 -0.00111391
0 -0.0015531 -0.00203038 -0.00153998
0 -0.00167744 -0.00231547 -0.00190416
0 -0.00178269 -0.00255009 -0.00220397
0 -0.00186162 -0.00272728 -0.00243771
0 -0.00190852 -0.00284225 -0.00260139
0 -0.0019214 -0.00289252 -0.00268942
0 -0.00190307 -0.00287805 -0.00269606
0 -0.00186106 -0.00280224 -0.00261811
0 -0.00180333 -0.00267192 -0.00245582
0 -0.00173544 -0.00249683 -0.00221417
0 -0.00166182 -0.00228937 -0.00190609
0 -0.00158573 -0.00206236 -0.00155217
0 -0.00150897 -0.00182758 -0.00117808
0 -0.00143306 -0.00159625 -0.000811769
0 -0.00135947 -0.00137934 -0.000478911
0 -0.00128886 -0.00118647 -0.000198736
0 -0.00122332 -0.00102607 1.68807e-05
0 -0.00116932 -0.000908124 0.00016099
0 -0.0011361 -0.000842883 0.000229804
0 -0.00113048 -0.000836923 0.00022353
0 -0.00115348 -0.000891724 0.000146192
0 -0.00120181 -0.00100368 2.71147e-06
0 -0.00127117 -0.00116556 -0.000203328
0 -0.00135664 -0.00136794 -0.000467984
0 -0.00145269 -0.00160082 -0.00078475
0 -0.0015539 -0.00185481 -0.00114336
0 -0.00165451 -0.00211957 -0.00152818
0 -0.00175076 -0.00238415 -0.00192055
0 -0.00184307 -0.00264018 -0.00230272
0 -0.00193425 -0.00288264 -0.00265986
0 -0.00202648 -0.00310876 -0.00298104
0 -0.00211707 -0.00331506 -0.00325784
0 -0.00219692 -0.00349316 -0.00348244
0 -0.00225516 -0.00362946 -0.00364773
0 -0.00228388 -0.00370902 -0.00374795
0 -0.00227875 -0.00371962 -0.00377646
0 -0.00223837 -0.00365416 -0.00372306
0 -0.00216494 -0.00351289 -0.00357622
0 -0.00206423 -0.00330223 -0.00332755
0 -0.00194292 -0.00302988 -0.00297456
0 -0.00180677 -0.002703 -0.00252284
0 -0.00166059 -0.00232981 -0.00198583
0 -0.00150723 -0.00191985 -0.00138381
0 -0.00134714 -0.00148414 -0.000742456
0 -0.00117851 -0.0010348 -8.75498e-05
0 -0.000999929 -0.000581904 0.000558708
0 -0.000814943 -0.000133692 0.0011784
0 -0.000630832 0.000299653 0.00175896
0 -0.000455952 0.000705729 0.00229193
0 -0.000298157 0.0010732 0.00277299
0 -0.000162608 0.00139353 0.00319998
0 -5.23494e-05 0.00166076 0.0035683
0 3.23147e-05 0.00187399 0.00387295
0 9.47283e-05 0.00203681 0.00410999
0 0.000139011 0.00215237 0.00427553
0 0.00016633 0.00222035 0.00436641
0 0.000173887 0.00223636 0.00437955
0 0.000157763 0.00219468 0.0043139
0 0.000114532 0.00209073 0.00416989
0 4.11429e-05 0.00192136 0.00394692
0 -6.28379e-05 0.00168638 0.00364455
0 -0.000194033 0.00138954 0.0032634
0 -0.000347075 0.00103749 0.00280539
0 -0.000517402 0.000637314 0.00227243
0 -0.000702182 0.000195145 0.00166875
0 -0.000898655 -0.000282935 0.0010038
0 -0.001103 -0.000789054 0.000291451
0 -0.00130971 -0.00131215 -0.0004486
0 -0.00151294 -0.00183726 -0.00119239
0 -0.00170864 -0.0023454 -0.0019139
0 -0.0018918 -0.00281673 -0.00258595
0 -0.00205626 -0.00323566 -0.00318461
0 -0.00219957 -0.00359319 -0.00369237
0 -0.00232106 -0.00388494 -0.00409506
0 -0.00241856 -0.0041082 -0.00438351
0 -0.00249153 -0.00426166 -0.00456166
0 -0.00254079 -0.00434607 -0.00464119
0 -0.00256389 -0.00436365 -0.00463523
0 -0.00255602 -0.00431811 -0.00455604
0 -0.00251458 -0.00421388 -0.00441153
0 -0.00244037 -0.00405406 -0.00420661
0 -0.00233649 -0.0038394 -0.003941
0 -0.00220792 -0.00357018 -0.00361028
0 -0.00206092 -0.00324947 -0.00320983
0 -0.00190059 -0.00288368 -0.00273639
0 -0.00173002 -0.00248018 -0.00219126
0 -0.00155186 -0.00204486 -0.00158116
0 -0.00136873 -0.00158329 -0.000920622
0 -0.00118288 -0.00110389 -0.000230914
0 -0.000996663 -0.000618817 0.000464193
0 -0.000814909 -0.000144284 0.00113908
0 -0.000644096 0.000300166 0.00176861
0 -0.000489904 0.000695519 0.00232976
0 -0.000357388 0.00102867 0.00280287
0 -0.000249623 0.00129417 0.00317466
0 -0.000167152 0.00149047 0.00343987
0 -0.000109921 0.00161775 0.00359888
0 -7.75544e-05 0.00167744 0.00365718
0 -6.94059e-05 0.00167211 0.00362603
0 -8.55315e-05 0.00160671 0.00351787
0 -0.000126348 0.00148831 0.00334491
0 -0.000192055 0.00132324 0.00311694
0 -0.000282242 0.00111508 0.00283863
0 -0.000394119 0.000866247 0.00251259
0 -0.00052139 0.000581041 0.00214139
0 -0.000656734 0.000266369 0.00172768
0 -0.000794791 -6.88089e-05 0.00127578
0 -0.000931449 -0.000413394 0.000794565
0 -0.00106398 -0.000757204 0.000297376
0 -0.00119181 -0.00109418 -0.000199927
0 -0.00131523 -0.00141973 -0.000679963
0 -0.00143603 -0.00173058 -0.00112732
0 -0.00155643 -0.00202479 -0.00153214
0 -0.00167482 -0.00229708 -0.00188883
0 -0.00178421 -0.0025388 -0.00219354
0 -0.00187536 -0.00274016 -0.00244397
0 -0.0019412 -0.00289197 -0.00263904
0 -0.00197878 -0.00298881 -0.00277719
0 -0.00198884 -0.00302985 -0.00285515
0 -0.00197525 -0.00301808 -0.00286837
0 -0.00194434 -0.00296037 -0.00281393
0 -0.00190331 -0.00286579 -0.00269317
0 -0.00185801 -0.00274323 -0.00251301
0 -0.00181099 -0.0026001 -0.00228573
0 -0.00176087 -0.00244133 -0.00202694
0 -0.00170465 -0.00227071 -0.00175392
0 -0.00164074 -0.00209252 -0.00148356
0 -0.00156997 -0.0019125 -0.00122959
0 -0.00149529 -0.00173764 -0.00100064
0 -0.001422 -0.00157551 -0.000800374
0 -0.00135646 -0.00143382 -0.000629292
0 -0.00130309 -0.0013178 -0.00048575
0 -0.00126308 -0.00122778 -0.000366388
0 -0.00123379 -0.00115921 -0.000266969
0 -0.00120984 -0.0011039 -0.000183141
0 -0.00118599 -0.00105258 -0.000110444
0 -0.00115813 -0.000997268 -4.32268e-05
0 -0.00112393 -0.00093294 2.53849e-05
0 -0.00108512 -0.000859436 0.000101226
0 -0.0010456 -0.000779778 0.000188908
0 -0.00100846 -0.000697381 0.000291453
0 -0.000976447 -0.000615846 0.00040786
0 -0.000951023 -0.000538141 0.000532927
0 -0.00093121 -0.000465983 0.000658638
0 -0.00091467 -0.0004006 0.000775513
0 -0.000899836 -0.00034424 0.00087347
0 -0.000887298 -0.000301261 0.000942829
0 -0.000880301 -0.000278167 0.00097525
0 -0.000883314 -0.00028241 0.000964702
0 -0.000899246 -0.000319773 0.000908803
0 -0.000928652 -0.000392009 0.000808558
0 -0.000970768 -0.000496906 0.000666723
0 -0.00102328 -0.000628622 0.000487932
0 -0.00108211 -0.000778516 0.000279444
0 -0.0011438 -0.000938798 4.98128e-05
0 -0.0012077 -0.0011053 -0.000193153
0 -0.00127513 -0.00127688 -0.000442728
0 -0.0013464 -0.00145285 -0.000692118
0 -0.00142022 -0.00163128 -0.000935329
0 -0.00149506 -0.00180865 -0.00116887
0 -0.00156905 -0.00197999 -0.00139112
0 -0.0016386 -0.0021398 -0.00160023
0 -0.00169841 -0.00228178 -0.00179208
0 -0.00174271 -0.0023979 -0.00195873
0 -0.00176644 -0.00247933 -0.00208888
0 -0.00176794 -0.00251806 -0.00216991
0 -0.00174884 -0.00250776 -0.00218887
0 -0.00171107 -0.002445 -0.00213382
0 -0.00165753 -0.00233096 -0.00199759
0 -0.00159221 -0.00217093 -0.00178036
0 -0.00151706 -0.00197112 -0.0014889
0 -0.00143054 -0.00173548 -0.00113432
0 -0.00132996 -0.00146587 -0.000730637
0 -0.00121434 -0.00116583 -0.000294112
0 -0.00108598 -0.000842877 0.000158463
0 -0.000951148 -0.000509504 0.000611449
0 -0.000818906 -0.000183075 0.00105071
0 -0.000698184 0.000118373 0.00146278
0 -0.000596331 0.000379611 0.00183353
0 -0.000518554 0.000589535 0.00214801
0 -0.000466718 0.00074208 0.00239121
0 -0.00043946 0.000835386 0.00255004
0 -0.000433066 0.000869851 0.00261618
0 -0.000443959 0.000846697 0.00258646
0 -0.000470862 0.00076789 0.00246373
0 -0.000513375 0.000637673 0.00225792
0 -0.000570372 0.000463992 0.00198537
0 -0.000639866 0.000257852 0.00166752
0 -0.000719552 3.14759e-05 0.00132631
0 -0.000806701 -0.000203314 0.00098156
0 -0.00089766 -0.000436469 0.000650033
0 -0.000989449 -0.00066053 0.000342125
0 -0.00108168 -0.000872915 6.03711e-05
0 -0.00117434 -0.00107498 -0.000198165
0 -0.00126462 -0.00126669 -0.000437477
0 -0.00134742 -0.00144585 -0.000660586
0 -0.00141806 -0.00160906 -0.000869374
0 -0.00147402 -0.00175106 -0.00106305
0 -0.00151502 -0.00186691 -0.0012372
0 -0.00154349 -0.00195579 -0.00138557
0 -0.0015629 -0.00202004 -0.00150098
0 -0.00157566 -0.00206206 -0.00157618
0 -0.00158319 -0.00208336 -0.00160692
0 -0.00158579 -0.00208348 -0.00159348
0 -0.00158251 -0.00206049 -0.00154009
0 -0.00157126 -0.00201319 -0.00145356
0 -0.0015492 -0.00194214 -0.00134112
0 -0.00151458 -0.0018498 -0.00120915
0 -0.0014695 -0.00174165 -0.00106416
0 -0.0014205 -0.00162654 -0.000913821
0 -0.00137622 -0.0015159 -0.000767125
0 -0.00134394 -0.00142219 -0.000634071
0 -0.00132677 -0.00135549 -0.000524563
0 -0.00132323 -0.00132036 -0.000447707
0 -0.00132879 -0.00131511 -0.000410822
0 -0.00133848 -0.00133345 -0.000417853
0 -0.00134843 -0.00136729 -0.000467522
0 -0.00135643 -0.00141009 -0.000552366
0 -0.00136219 -0.00145796 -0.000659317
0 -0.00136687 -0.00150813 -0.000771792
0 -0.0013737 -0.00155884 -0.000874674
0 -0.00138783 -0.00160982 -0.000958873
0 -0.00141217 -0.00166104 -0.00102137
0 -0.00144414 -0.0017111 -0.00106347
0 -0.0014768 -0.00175673 -0.00108972
0 -0.0015025 -0.00179342 -0.00110652
0 -0.00151574 -0.00181615 -0.00111953
0 -0.00151364 -0.00182028 -0.00113021
0 -0.00149614 -0.001803 -0.00113423
0 -0.00146602 -0.00176429 -0.0011225
0 -0.00142724 -0.00170561 -0.00108333
0 -0.00138392 -0.0016283 -0.0010061
0 -0.00133997 -0.00153354 -0.000885109
0 -0.00129692 -0.00142163 -0.000720421
0 -0.00125261 -0.00129174 -0.000516724
0 -0.00120233 -0.00114287 -0.000282144
0 -0.00114056 -0.000973671 -2.57231e-05
0 -0.00106466 -0.000784229 0.000243859
0 -0.000977156 -0.000578914 0.000518812
0 -0.000883706 -0.000364744 0.000794023
0 -0.000790944 -0.000150491 0.00106673
0 -0.00070454 5.38962e-05 0.00133467
0 -0.00062897 0.000240281 0.00159353
0 -0.000568757 0.000401645 0.00183399
0 -0.00052627 0.000531784 0.00204333
0 -0.000500451 0.000626961 0.00220838
0 -0.000488595 0.000684781 0.00231664
0 -0.000487694 0.000703562 0.00235903
0 -0.000495886 0.000683198 0.00233184
0 -0.000513288 0.000625113 0.00223691
0 -0.000543184 0.000529692 0.00207983
0 -0.000590917 0.000395124 0.00186771
0 -0.000660336 0.000219172 0.00160834
0 -0.000753184 2.7558e-07 0.00130745
0 -0.00086896 -0.00026147 0.000966612
0 -0.00100482 -0.000563717 0.000583906
0 -0.00115557 -0.000900517 0.000156189
0 -0.00131402 -0.00126355 -0.000317677
0 -0.0014724 -0.00164317 -0.000832597
0 -0.00162357 -0.00202691 -0.00137498
0 -0.00176197 -0.00240059 -0.00192357
0 -0.00188573 -0.00275081 -0.00245317
0 -0.00199751 -0.00306824 -0.00293905
0 -0.00210147 -0.00334818 -0.00336012
0 -0.00219983 -0.00358885 -0.00370168
0 -0.0022902 -0.00378776 -0.00395367
0 -0.00236582 -0.0039383 -0.00411434
0 -0.0024184 -0.00403123 -0.0041921
0 -0.00244087 -0.0040588 -0.00419719
0 -0.0024291 -0.00401889 -0.0041385
0 -0.00238237 -0.00391579 -0.00401972
0 -0.00230465 -0.00375757 -0.00383964
0 -0.00220501 -0.00355372 -0.00359705
0 -0.00209405 -0.00331295 -0.00329184
0 -0.00197933 -0.00304233 -0.00292757
0 -0.00186483 -0.00274966 -0.00251286
0 -0.00175081 -0.00244261 -0.0020605
0 -0.00163333 -0.00212542 -0.00158626
0 -0.00150798 -0.00179995 -0.00110646
0 -0.00137356 -0.00146794 -0.00063551
0 -0.00123119 -0.00113213 -0.000183446
0 -0.00108456 -0.000798078 0.000245427
0 -0.000941197 -0.000475716 0.000650585
0 -0.000811172 -0.000178224 0.00103092
0 -0.000704815 8.02369e-05 0.00138056
0 -0.000629876 0.000286637 0.00168751
0 -0.000588175 0.000432635 0.00193571
0 -0.000574834 0.000515905 0.00210813
0 -0.000581627 0.000539114 0.00218984
0 -0.000600322 0.000508919 0.00217247
0 -0.000625279 0.000433185 0.00205715
0 -0.000656197 0.000317629 0.00185416
0 -0.000697864 0.000164294 0.00158069
0 -0.000756688 -2.64234e-05 0.00125803
0 -0.000837012 -0.000252794 0.000907788
0 -0.000938995 -0.000510083 0.000546968
0 -0.00105836 -0.00078879 0.000186042
0 -0.0011866 -0.00107552 -0.000169944
0 -0.00131101 -0.00135396 -0.00051694
0 -0.00141712 -0.00160528 -0.000846697
0 -0.00149326 -0.00181234 -0.00114589
0 -0.00153369 -0.00196118 -0.00139562
0 -0.00153794 -0.00204001 -0.00157107
0 -0.00151046 -0.00204261 -0.00164672
0 -0.00145975 -0.00196947 -0.00160247
0 -0.00139382 -0.00182531 -0.00142793
0 -0.00131746 -0.00161807 -0.00112605
0 -0.00123175 -0.0013569 -0.000713545
0 -0.00113459 -0.00105118 -0.000218643
0 -0.00102219 -0.000710011 0.000324958
0 -0.000891765 -0.000342455 0.000884585
0 -0.000743082 4.15361e-05 0.00143403
0 -0.000579143 0.000431325 0.00195677
0 -0.00040902 0.000813262 0.00244367
0 -0.000246771 0.00117096 0.00289012
0 -0.000107108 0.00148795 0.00329265
0 -1.6952e-06 0.00174855 0.00364401
0 6.39683e-05 0.00194051 0.00393231
0 9.2028e-05 0.00205848 0.00414253
0 9.02241e-05 0.00210354 0.00425829
0 6.60959e-05 0.00207892 0.00426486
0 2.34602e-05 0.00198716 0.00415263
0 -3.76337e-05 0.00182873 0.00392068
0 -0.000121608 0.00160042 0.00357588
0 -0.00023562 0.00129765 0.00312974
0 -0.000385953 0.000918496 0.00259391
0 -0.00057535 0.000465549 0.00197825
0 -0.000800401 -5.38147e-05 0.00129183
0 -0.0010513 -0.000627347 0.000540908
0 -0.00131418 -0.00123839 -0.000266573
0 -0.00157458 -0.00186738 -0.00111701
0 -0.001822 -0.00249208 -0.00198973
0 -0.00204996 -0.00308985 -0.0028557
0 -0.00225382 -0.00364244 -0.00368074
0 -0.00243426 -0.00413822 -0.00443004
0 -0.0025934 -0.0045677 -0.00506198
0 -0.00272926 -0.00491838 -0.00554267
0 -0.00284074 -0.00517739 -0.00586344
0 -0.00292503 -0.00533464 -0.00602604
0 -0.0029718 -0.0053847 -0.00604324
0 -0.00296968 -0.00532898 -0.00593183
0 -0.00291219 -0.00517287 -0.0057049
0 -0.00280012 -0.00492276 -0.00537633
0 -0.0026434 -0.00458731 -0.00495458
0 -0.00245514 -0.00417691 -0.00444333
0 -0.00224565 -0.00370383 -0.00384363
0 -0.00202399 -0.00318353 -0.00316007
0 -0.00179716 -0.00263205 -0.00240551
0 -0.00156883 -0.00206244 -0.00159592
0 -0.00134368 -0.00148447 -0.000754272
0 -0.00112522 -0.000909142 8.68862e-05
0 -0.000912967 -0.000349594 0.000897245
0 -0.000708323 0.00018096 0.00165078
0 -0.000515653 0.000665651 0.00232378
0 -0.000340926 0.00108673 0.00289733
0 -0.000193899 0.00143176 0.00335703
0 -8.40332e-05 0.00169054 0.00369541
0 -1.51017e-05 0.00185538 0.0039096
0 1.32161e-05 0.0019245 0.00400027
0 3.11309e-06 0.00190036 0.00397172
0 -4.17151e-05 0.00178907 0.00382843
0 -0.000117775 0.00160032 0.00357679
0 -0.000223346 0.00134238 0.00322439
0 -0.000356465 0.0010202 0.00277955
0 -0.000513251 0.000639764 0.00225278
0 -0.000688702 0.000210065 0.00165798
0 -0.000876861 -0.000256956 0.00101198
0 -0.00107176 -0.000745868 0.000331495
0 -0.00126717 -0.00124003 -0.000363559
0 -0.00145566 -0.00172302 -0.00104968
0 -0.00163145 -0.00217818 -0.00170201
0 -0.00179081 -0.00259078 -0.00229584
0 -0.00192956 -0.00294902 -0.00280997
0 -0.00204561 -0.00324403 -0.00322835
0 -0.00213872 -0.00346996 -0.00354026
0 -0.00220574 -0.00362217 -0.00373866
0 -0.00224202 -0.00369635 -0.00382107
0 -0.00224483 -0.00368958 -0.00379181
0 -0.0022126 -0.00360132 -0.00365909
0 -0.00214574 -0.00343517 -0.00343191
0 -0.00204807 -0.00320005 -0.00311953
0 -0.00192524 -0.00290834 -0.00273106
0 -0.00178418 -0.00257301 -0.00227675
0 -0.0016335 -0.00220685 -0.00176993
0 -0.00148112 -0.00182254 -0.00122762
0 -0.00133174 -0.00143224 -0.000668735
0 -0.00118618 -0.00104725 -0.000112428
0 -0.00104417 -0.000677503 0.000422032
0 -0.000908374 -0.000331679 0.000916619
0 -0.00078291 -1.86342e-05 0.00135602
0 -0.000671118 0.000253701 0.00172909
0 -0.000576801 0.000478475 0.00202932
0 -0.000503909 0.000648881 0.00225323
0 -0.000455458 0.000760288 0.00239961
0 -0.000433275 0.000811278 0.00246879
0 -0.000437331 0.000802918 0.00246167
0 -0.000466096 0.000738001 0.0023796
0 -0.000516633 0.000621076 0.00222518
0 -0.000584493 0.000458233 0.0020033
0 -0.000665407 0.00025611 0.00172124
0 -0.000756476 2.20389e-05 0.00138845
0 -0.000856182 -0.000236609 0.00101619
0 -0.000963456 -0.000513439 0.000617114
0 -0.00107608 -0.000801369 0.000205168
0 -0.00119053 -0.00109186 -0.000205469
0 -0.00130329 -0.0013761 -0.00060181
0 -0.0014112 -0.00164499 -0.000972491
0 -0.00151031 -0.00188915 -0.0013075
0 -0.00159618 -0.00209987 -0.00159786
0 -0.00166488 -0.00227027 -0.00183566
0 -0.00171385 -0.00239554 -0.0020142
0 -0.0017422 -0.00247258 -0.00212815
0 -0.00175019 -0.00250003 -0.00217379
0 -0.00173941 -0.00247859 -0.00214981
0 -0.0017118 -0.00241076 -0.00205756
0 -0.00166879 -0.00230042 -0.00190132
0 -0.00161216 -0.00215261 -0.00168831
0 -0.00154364 -0.0019731 -0.00142832
0 -0.00146493 -0.00176828 -0.00113301
0 -0.00137872 -0.00154539 -0.000814952
0 -0.00128808 -0.00131277 -0.000486713
0 -0.00119592 -0.00107931 -0.000160264
0 -0.00110583 -0.000853506 0.000153616
0 -0.00102158 -0.000643605 0.000445538
0 -0.00094668 -0.000456855 0.000707101
0 -0.000884305 -0.000298578 0.000930814
0 -0.000836525 -0.000173558 0.00111011
0 -0.000803891 -8.55408e-05 0.00123937
0 -0.000786429 -3.61648e-05 0.00131436
0 -0.000783856 -2.61727e-05 0.00133259
0 -0.000795424 -5.50072e-05 0.00129372
0 -0.00082042 -0.000120299 0.00120004
0 -0.000858028 -0.000219015 0.00105628
0 -0.000907052 -0.000347625 0.000869223
0 -0.000966127 -0.000501739 0.000647003
0 -0.00103359 -0.000675855 0.000398513
0 -0.00110719 -0.000863708 0.000132905
0 -0.00118443 -0.00105904 -0.000140879
0 -0.00126286 -0.00125514 -0.000414237
0 -0.00133958 -0.0014454 -0.000678842
0 -0.00141141 -0.00162413 -0.000926899
0 -0.0014757 -0.00178574 -0.00115139
0 -0.0015306 -0.00192473 -0.00134603
0 -0.00157457 -0.00203698 -0.00150523
0 -0.00160634 -0.00211956 -0.00162418
0 -0.00162554 -0.00217037 -0.00169909
0 -0.0016321 -0.00218873 -0.00172761
0 -0.00162602 -0.00217496 -0.00170912
0 -0.00160791 -0.00212974 -0.00164484
0 -0.00157852 -0.0020547 -0.0015378
0 -0.00153863 -0.0019526 -0.00139255
0 -0.00148937 -0.00182694 -0.00121481
0 -0.00143233 -0.00168208 -0.00101111
0 -0.00136939 -0.00152317 -0.000788587
0 -0.00130258 -0.00135565 -0.000554652
0 -0.00123447 -0.00118516 -0.000316804
0 -0.00116761 -0.00101726 -8.24207e-05
0 -0.00110415 -0.000857331 0.000141395
0 -0.00104619 -0.000710706 0.000347961
0 -0.000995546 -0.000581726 0.000531183
0 -0.000953524 -0.000473604 0.000685688
0 -0.00092106 -0.000389185 0.00080695
0 -0.000898697 -0.000330557 0.00089152
0 -0.000886542 -0.000298815 0.00093723
0 -0.000884663 -0.00029437 0.000943284
0 -0.000893083 -0.00031681 0.000910352
0 -0.000911503 -0.000365032 0.000840498
0 -0.000939413 -0.000437304 0.000736947
0 -0.000976074 -0.000531012 0.000603858
0 -0.00102021 -0.000642729 0.000446124
0 -0.0010701 -0.000768604 0.000269131
0 -0.00112398 -0.00090449 7.86403e-05
0 -0.00118002 -0.00104574 -0.000119255
0 -0.00123625 -0.0011875 -0.000318245
0 -0.00129089 -0.00132533 -0.00051202
0 -0.00134224 -0.00145513 -0.000694519
0 -0.00138876 -0.00157307 -0.000860172
0 -0.00142915 -0.00167566 -0.0010041
0 -0.00146238 -0.00175987 -0.00112224
0 -0.00148761 -0.00182348 -0.0012114
0 -0.00150423 -0.00186496 -0.00126941
0 -0.00151175 -0.0018834 -0.0012951
0 -0.00150992 -0.00187876 -0.00128839
0 -0.00149912 -0.00185165 -0.00125023
0 -0.00147989 -0.00180336 -0.00118253
0 -0.00145299 -0.00173588 -0.00108806
0 -0.00141975 -0.00165178 -0.000970365
0 -0.00138128 -0.00155412 -0.000833614
0 -0.00133854 -0.00144624 -0.000682462
0 -0.00129323 -0.0013319 -0.000521955
0 -0.00124691 -0.00121485 -0.000357376
0 -0.00120085 -0.0010986 -0.000194047
0 -0.0011566 -0.000986862 -3.71327e-05
0 -0.00111561 -0.000883175 0.000108537
0 -0.00107897 -0.000790593 0.000238649
0 -0.00104781 -0.000711941 0.000349508
0 -0.00102312 -0.000649337 0.0004381
0 -0.00100549 -0.000604197 0.000502144
0 -0.000995248 -0.000577683 0.00054011
0 -0.000992524 -0.000570207 0.000551277
0 -0.000997099 -0.000581456 0.000535782
0 -0.00100861 -0.000610709 0.000494594
0 -0.00102661 -0.00065662 0.000429515
0 -0.00105035 -0.000717323 0.000343181
0 -0.00107894 -0.000790588 0.000238934
