0 -0.00110808 -0.000869943 0.000124487
0 -0.00113209 -0.000945632 1.07415e-05
0 -0.00115339 -0.00101453 -9.74296e-05
0 -0.00117756 -0.0010789 -0.000198541
0 -0.00120368 -0.00113871 -0.000287275
0 -0.00122866 -0.00119353 -0.000359461
0 -0.00125151 -0.00124336 -0.000415697
0 -0.00126865 -0.00128255 -0.000455329
0 -0.00127572 -0.00130281 -0.000476286
0 -0.0012755 -0.00130404 -0.000481823
0 -0.00127265 -0.00129247 -0.000476058
0 -0.0012619 -0.0012675 -0.00045265
0 -0.00123611 -0.0012234 -0.000401588
0 -0.00120481 -0.00116542 -0.000327772
0 -0.00118722 -0.00111027 -0.000248711
0 -0.00118955 -0.00107133 -0.000177137
0 -0.00120197 -0.00105308 -0.000118177
0 -0.00121363 -0.0010545 -7.84805e-05
0 -0.00121663 -0.00106532 -6.28584e-05
0 -0.00119891 -0.00106027 -6.0882e-05
0 -0.00115901 -0.00102188 -5.86267e-05
0 -0.00111699 -0.000962542 -5.36857e-05
0 -0.0010799 -0.000894943 -2.99104e-05
0 -0.00103162 -0.000810851 4.75144e-05
0 -0.00097144 -0.00070494 0.000192494
0 -0.000918287 -0.000581673 0.000390569
0 -0.000886663 -0.000449785 0.000617353
0 -0.00088541 -0.000334867 0.00083662
0 -0.000913482 -0.000271029 0.00100705
0 -0.000950341 -0.000270195 0.00110254
0 -0.000973187 -0.000316615 0.00111096
0 -0.000982269 -0.000390508 0.001021
0 -0.00100193 -0.000491958 0.000821349
0 -0.00104808 -0.000632945 0.000523088
0 -0.0011024 -0.000808713 0.000176786
0 -0.0011478 -0.00100614 -0.000164397
0 -0.00119555 -0.00121456 -0.00047525
0 -0.00125189 -0.00140431 -0.000733716
0 -0.00131705 -0.00155177 -0.000927082
0 -0.00140986 -0.00168315 -0.0010818
0 -0.00152576 -0.00182974 -0.00122224
0 -0.00160266 -0.0019611 -0.00132278
0 -0.0015786 -0.00200226 -0.00133879
0 -0.00146055 -0.00190124 -0.00125664
0 -0.00131977 -0.00167577 -0.00109795
0 -0.00121869 -0.00139759 -0.000879972
0 -0.00116373 -0.00114416 -0.00059687
0 -0.00115096 -0.000984699 -0.000271155
0 -0.00121471 -0.000982238 -1.22593e-07
0 -0.0013835 -0.00116116 9.08268e-05
0 -0.00162636 -0.00149226 -8.21962e-05
0 -0.00186099 -0.00191217 -0.000532874
0 -0.00197873 -0.00231841 -0.00118183
0 -0.00191782 -0.0026022 -0.00189197
0 -0.00174145 -0.00272656 -0.00254818
0 -0.00158703 -0.00274302 -0.00307344
0 -0.00154652 -0.00273877 -0.00337385
0 -0.00161977 -0.0027682 -0.00336026
0 -0.00175669 -0.00282363 -0.00304852
0 -0.00191771 -0.002868 -0.0025712
0 -0.00208212 -0.00287709 -0.00210969
0 -0.002205 -0.00283916 -0.00179265
0 -0.0022104 -0.00274272 -0.00165616
0 -0.00205352 -0.00258102 -0.00166891
0 -0.00176474 -0.00235053 -0.00174831
0 -0.00142293 -0.00204262 -0.00178465
0 -0.00110492 -0.00164931 -0.00165465
0 -0.000861164 -0.00118713 -0.00125231
0 -0.000739026 -0.000730175 -0.000570976
0 -0.000789626 -0.000403374 0.000245812
0 -0.00100025 -0.000297838 0.00100309
0 -0.00126639 -0.000395207 0.00154082
0 -0.00145277 -0.000578522 0.00174334
0 -0.00145785 -0.0007035 0.00160095
0 -0.00126 -0.000680485 0.00119442
0 -0.000931474 -0.000519081 0.000651079
0 -0.000588224 -0.000293785 0.000159852
0 -0.000320789 -6.78306e-05 -7.85836e-05
0 -0.000182161 0.000130357 7.63968e-05
0 -0.000204751 0.000289288 0.000629666
0 -0.000380039 0.000407093 0.00142107
0 -0.000633612 0.000491844 0.0022562
0 -0.00083943 0.000578993 0.00296003
0 -0.000880955 0.000718813 0.0034022
0 -0.000728986 0.000920822 0.00354127
0 -0.000444438 0.00115357 0.00339173
0 -0.000120919 0.00137741 0.00307184
0 0.000136635 0.00153796 0.00273277
0 0.000233216 0.00157065 0.0024816
0 0.000136794 0.00144435 0.00238816
0 -0.000123461 0.0011644 0.0024154
0 -0.000512099 0.000727362 0.00242403
0 -0.000987425 0.000129594 0.00221293
0 -0.00145329 -0.00058265 0.00164048
0 -0.00177486 -0.00130981 0.000717137
0 -0.00186503 -0.00194009 -0.000457136
0 -0.00174531 -0.00239542 -0.00171615
0 -0.00151962 -0.00264002 -0.00284602
0 -0.00130765 -0.00268668 -0.00362304
0 -0.00121608 -0.00262574 -0.00387189
0 -0.00133502 -0.00259875 -0.00359779
0 -0.0017007 -0.00272327 -0.00301757
0 -0.00224106 -0.00304066 -0.00244073
0 -0.00280035 -0.00352124 -0.00215304
0 -0.00322124 -0.00408479 -0.00234687
0 -0.00337549 -0.00459609 -0.00305584
0 -0.00320078 -0.00491012 -0.00413032
0 -0.00277147 -0.00496217 -0.00531921
0 -0.00226964 -0.00479712 -0.006317
0 -0.00187061 -0.00451525 -0.00677855
0 -0.00168436 -0.00420086 -0.00648578
0 -0.00176619 -0.00390992 -0.00550157
0 -0.00207525 -0.00365315 -0.00408561
0 -0.00238869 -0.00332695 -0.0025332
0 -0.00239247 -0.00274229 -0.00100738
0 -0.00192337 -0.00175635 0.000435897
0 -0.00105655 -0.000346215 0.0017574
0 -9.67551e-07 0.00137191 0.00303036
0 0.000993468 0.00313962 0.00436735
0 0.00166514 0.00460834 0.00580881
0 0.0018549 0.00549235 0.00730227
0 0.00162385 0.00573721 0.00866843
0 0.00115269 0.00549662 0.00965634
0 0.000588437 0.00494679 0.00995925
0 9.38122e-05 0.00422728 0.00935118
0 -7.73773e-05 0.00353411 0.00797567
0 0.000235303 0.00307342 0.00624903
0 0.000863868 0.00289366 0.00456309
0 0.00138059 0.00284245 0.00316225
0 0.00141244 0.00266948 0.00220031
0 0.000857429 0.00214578 0.00177317
0 -0.000133013 0.00115024 0.00173246
0 -0.00128457 -0.000258232 0.00167601
0 -0.00232083 -0.00180181 0.00121305
0 -0.00302333 -0.00312158 0.00011802
0 -0.00329533 -0.00406035 -0.00166919
0 -0.00321623 -0.00474903 -0.00401556
0 -0.00299736 -0.00544336 -0.00663064
0 -0.00287914 -0.00633267 -0.00907484
0 -0.00307082 -0.00746747 -0.0109538
0 -0.00368032 -0.00876564 -0.0121908
0 -0.00460629 -0.0100352 -0.012862
0 -0.00553926 -0.01105 -0.0131124
0 -0.0061133 -0.0116142 -0.0131052
0 -0.00608149 -0.0115669 -0.012896
0 -0.00542155 -0.0108102 -0.0124595
0 -0.00435773 -0.00940157 -0.0116804
0 -0.00326072 -0.00760526 -0.0104325
0 -0.00245545 -0.00580632 -0.00865438
0 -0.00204958 -0.00429853 -0.00635193
0 -0.00189072 -0.00308672 -0.00363022
0 -0.00171907 -0.00193768 -0.000734581
0 -0.00137238 -0.000623319 0.0020017
0 -0.000806097 0.000970416 0.00437226
0 4.31687e-06 0.00283296 0.00633295
0 0.00104636 0.00479353 0.00797927
0 0.00218855 0.00663806 0.00953203
0 0.00320599 0.00825211 0.0111416
0 0.00389366 0.00959739 0.0128654
0 0.00414444 0.0106384 0.0146435
0 0.00395449 0.0112628 0.0162199
0 0.00341661 0.0112871 0.0172358
0 0.00271987 0.0106274 0.0173523
0 0.00209197 0.00942238 0.0163852
0 0.00166875 0.00792868 0.0143399
0 0.00143585 0.00636293 0.0114038
0 0.00129318 0.00483289 0.00796957
0 0.0011103 0.0033194 0.00449796
0 0.000742361 0.00171235 0.0013709
0 5.3633e-05 -8.38308e-05 -0.00114765
0 -0.000996837 -0.00204547 -0.00303366
0 -0.00227963 -0.00404452 -0.00448716
0 -0.0035431 -0.00591505 -0.00576882
0 -0.00453971 -0.00751548 -0.00714161
0 -0.00512207 -0.00877484 -0.00873471
0 -0.00523709 -0.00963868 -0.0104813
0 -0.00495662 -0.0100764 -0.0121709
0 -0.00453618 -0.0101899 -0.0135114
0 -0.00427487 -0.0101726 -0.014273
0 -0.00431084 -0.0101592 -0.0143229
0 -0.00458347 -0.0101577 -0.0136451
0 -0.004912 -0.0100628 -0.0124058
0 -0.00508964 -0.00970923 -0.0108789
0 -0.0049488 -0.00894959 -0.00932318
0 -0.00440215 -0.00772693 -0.00785555
0 -0.00346099 -0.00607781 -0.00639157
0 -0.00224869 -0.00410684 -0.00475968
0 -0.000998477 -0.00197804 -0.00277977
0 3.97026e-05 0.000136502 -0.00033846
0 0.000722702 0.00208918 0.00250366
0 0.00104171 0.00373301 0.00551604
0 0.00106015 0.00494619 0.00832312
0 0.000879986 0.00567593 0.010504
0 0.000645961 0.00592394 0.0116873
0 0.000526289 0.00577886 0.0116954
0 0.00062777 0.00539327 0.0106422
0 0.00087149 0.00482079 0.00876568
0 0.00102393 0.00399143 0.00637676
0 0.000904062 0.00286739 0.00384626
0 0.000513699 0.00153257 0.00156955
0 -2.7695e-05 0.000178825 -9.88135e-05
0 -0.00061668 -0.000980567 -0.00107523
0 -0.0012229 -0.00186028 -0.00154986
0 -0.00181362 -0.00249299 -0.00177868
0 -0.002272 -0.00291687 -0.00194439
0 -0.00246939 -0.00316665 -0.00213689
0 -0.00240093 -0.00328178 -0.0024101
0 -0.00221499 -0.00332041 -0.00281275
0 -0.00212795 -0.00341201 -0.00338859
0 -0.00230664 -0.00375659 -0.00417014
0 -0.00276029 -0.0044958 -0.00511611
0 -0.00330689 -0.00554556 -0.00610662
0 -0.00369057 -0.00657844 -0.00701646
0 -0.00376062 -0.00720071 -0.00773154
0 -0.00352799 -0.00717822 -0.00815763
0 -0.00306875 -0.00651467 -0.00813558
0 -0.00242826 -0.00534981 -0.00740616
0 -0.00163433 -0.00381595 -0.00575054
0 -0.000769482 -0.00197224 -0.00312497
0 -5.41049e-06 0.000120381 0.000241981
0 0.000472187 0.00224052 0.00385514
0 0.00055548 0.00397061 0.007119
0 0.000299923 0.00494785 0.00952605
0 -3.26604e-05 0.00510834 0.0107361
0 -0.000205362 0.00461236 0.0105869
0 -0.000242531 0.00367487 0.00905142
0 -0.0003112 0.00243935 0.00628644
0 -0.000492176 0.00095449 0.00276123
0 -0.000756125 -0.00073939 -0.000925915
0 -0.00108979 -0.00253368 -0.0041793
0 -0.00154245 -0.00422042 -0.00653681
0 -0.002125 -0.00555727 -0.00788851
0 -0.00271867 -0.00632993 -0.00825155
0 -0.00312486 -0.00640933 -0.00772582
0 -0.00317688 -0.0058311 -0.00652437
0 -0.00281283 -0.00472976 -0.0048368
0 -0.0020923 -0.00321756 -0.00285299
0 -0.00119557 -0.00142485 -0.000702166
0 -0.000366146 0.000429541 0.0014995
0 0.000226052 0.00208411 0.003605
0 0.000545564 0.00332519 0.00551196
0 0.000640803 0.00405983 0.00707774
0 0.000603593 0.00434447 0.00814163
0 0.00054605 0.00435482 0.00861136
0 0.000567038 0.00428519 0.00847803
0 0.000732724 0.00425633 0.00789192
0 0.00104931 0.00430435 0.00711225
0 0.00143301 0.00440686 0.00641332
0 0.00173993 0.00452475 0.00601229
0 0.00182071 0.00460105 0.00599427
0 0.00156588 0.00451613 0.00627247
0 0.000993125 0.00414452 0.00660027
0 0.000280303 0.00347218 0.00672362
0 -0.000342833 0.00261849 0.00644584
0 -0.00073971 0.00173764 0.00560481
0 -0.00094629 0.000877125 0.00412406
0 -0.00111351 -6.04643e-05 0.00204664
0 -0.00136186 -0.0012159 -0.000450539
0 -0.00173837 -0.00265834 -0.00307906
0 -0.00227771 -0.00434262 -0.00555737
0 -0.00302096 -0.00616474 -0.0077652
0 -0.00396369 -0.00802471 -0.00974597
0 -0.00497545 -0.00979062 -0.0115605
0 -0.00580991 -0.0112948 -0.0132042
0 -0.00626662 -0.0124052 -0.0146311
0 -0.00631125 -0.0130323 -0.0157711
0 -0.00603141 -0.0131111 -0.0164958
0 -0.00555451 -0.0126408 -0.0166119
0 -0.0050029 -0.0117003 -0.0159301
0 -0.00445495 -0.0104015 -0.0143473
0 -0.00393703 -0.00884226 -0.0119084
0 -0.0034552 -0.00709707 -0.00884158
0 -0.0030075 -0.00524119 -0.00551541
0 -0.00256157 -0.0033824 -0.00233984
0 -0.00205447 -0.00164349 0.000408428
0 -0.00143775 -9.11146e-05 0.00261464
0 -0.00069833 0.00130414 0.00424983
0 0.000143774 0.00261682 0.00544336
0 0.00102545 0.00391421 0.00643699
0 0.00185429 0.00523138 0.00748109
0 0.00253616 0.00653007 0.00877176
0 0.00300918 0.00773268 0.0103801
0 0.00328144 0.00880451 0.0122579
0 0.0034271 0.00976221 0.0142492
0 0.00352325 0.0106204 0.016108
0 0.00360373 0.0113427 0.0175564
0 0.00366994 0.0118303 0.0183614
0 0.0036862 0.0119359 0.0183809
0 0.00357793 0.011516 0.0175644
0 0.00325979 0.0104835 0.0159329
0 0.00266313 0.00882371 0.013555
0 0.00177154 0.00659433 0.0105294
0 0.000648481 0.00391798 0.00698505
0 -0.00057854 0.000970852 0.00308616
0 -0.00177796 -0.0020427 -0.000991791
0 -0.00284689 -0.00490793 -0.00504642
0 -0.0036924 -0.00740126 -0.00883571
0 -0.00426748 -0.00935597 -0.0120578
0 -0.00462923 -0.0107348 -0.0144336
0 -0.00487681 -0.0115722 -0.0158326
0 -0.00506714 -0.011908 -0.0162134
0 -0.00521379 -0.0118011 -0.0156609
0 -0.00527001 -0.0112967 -0.0143669
0 -0.00511886 -0.010378 -0.0125273
0 -0.00466627 -0.0090208 -0.0103427
0 -0.00391976 -0.00726277 -0.00797899
0 -0.00297157 -0.00521556 -0.00554662
0 -0.00195055 -0.00304638 -0.00308427
0 -0.000984908 -0.000933133 -0.000582972
0 -0.000205287 0.000939706 0.00190086
0 0.000272427 0.00238958 0.00420622
0 0.000439469 0.00335223 0.00613159
0 0.000483241 0.00397937 0.00760532
0 0.000690578 0.00455626 0.00870547
0 0.00121933 0.00533503 0.0095279
0 0.00205551 0.00646591 0.0102658
0 0.00310005 0.00798651 0.0112105
0 0.00418841 0.00980281 0.0126371
0 0.00512373 0.0117244 0.0147104
0 0.00576891 0.0135609 0.0173939
0 0.00611482 0.0152113 0.0204829
0 0.00628089 0.016688 0.0236588
0 0.00645334 0.0180639 0.0265612
0 0.00679107 0.0193942 0.0288914
0 0.00736005 0.0206797 0.0304859
0 0.00811207 0.0218678 0.0313625
0 0.00890911 0.0228726 0.0317008
0 0.00956423 0.023597 0.031751
0 0.00984412 0.023882 0.0316492
0 0.00950651 0.023464 0.0312809
0 0.00843426 0.0220771 0.0303399
0 0.0067126 0.0195619 0.0284054
0 0.00453166 0.0158583 0.0249814
0 0.00206946 0.0109831 0.0196089
0 -0.000532872 0.00504704 0.0120495
0 -0.00319949 -0.00175982 0.0024235
0 -0.00589491 -0.00926641 -0.00884445
0 -0.00859698 -0.0173222 -0.0212251
0 -0.0113841 -0.0256657 -0.0338859
0 -0.0145672 -0.0341574 -0.0459675
0 -0.0182368 -0.0426978 -0.0571185
0 -0.0219318 -0.0508077 -0.0671651
0 -0.0254189 -0.0581712 -0.0761809
0 -0.0287099 -0.0648698 -0.0844423
0 -0.0315595 -0.0708281 -0.0921362
0 -0.0338012 -0.0758668 -0.0994645
0 -0.0354234 -0.0799449 -0.106461
0 -0.0362966 -0.0829845 -0.112931
0 -0.0363014 -0.0848715 -0.118633
0 -0.0355623 -0.0856378 -0.12324
0 -0.0342623 -0.0852662 -0.126242
0 -0.0324858 -0.0835567 -0.127059
0 -0.0303789 -0.0803717 -0.1251
0 -0.0281297 -0.0758336 -0.119923
0 -0.0258648 -0.0701461 -0.111628
0 -0.023617 -0.063375 -0.100745
0 -0.0211934 -0.0555806 -0.0879488
0 -0.0182518 -0.0467933 -0.0740253
0 -0.0145734 -0.036986 -0.059627
0 -0.0102284 -0.0263915 -0.0451788
0 -0.00552751 -0.0155023 -0.0309597
0 -0.000930162 -0.00485968 -0.0171793
0 0.00295415 0.00483589 -0.00417092
0 0.00555431 0.0127105 0.00754544
0 0.00670561 0.0181282 0.0174968
0 0.00680891 0.0211417 0.0255172
0 0.00652183 0.0224046 0.0315721
0 0.00616915 0.0225263 0.0352722
0 0.00558006 0.0217287 0.0359333
0 0.00480947 0.0202892 0.0335506
0 0.00453897 0.0187527 0.0291922
0 0.00514555 0.0173628 0.0240303
0 0.0059759 0.015811 0.0187213
0 0.0059932 0.0136708 0.0136395
0 0.00467297 0.0106911 0.00902822
0 0.00219943 0.00679949 0.00503365
0 -0.000698968 0.00229608 0.00166552
0 -0.00314753 -0.00207427 -0.00126292
0 -0.00469426 -0.00553355 -0.00408686
0 -0.00538593 -0.00767484 -0.00715218
0 -0.00542898 -0.00859474 -0.0104885
0 -0.00503109 -0.00878096 -0.0136665
0 -0.00434058 -0.00869971 -0.0160157
0 -0.00352883 -0.00850313 -0.0169041
0 -0.00296762 -0.0081351 -0.0161126
0 -0.00298466 -0.00748045 -0.0139455
0 -0.00352352 -0.0065118 -0.0108831
0 -0.00426695 -0.00545849 -0.00751451
0 -0.00490256 -0.00470415 -0.00458471
0 -0.00517602 -0.00442143 -0.00268697
0 -0.00483655 -0.00425606 -0.00199657
0 -0.00369278 -0.00350803 -0.00214706
0 -0.00179115 -0.0016746 -0.0023672
0 0.000538706 0.00129828 -0.0018051
0 0.00279375 0.00498983 0.000215682
0 0.004438 0.00865312 0.00400436
0 0.00513994 0.0116459 0.0093725
0 0.00499176 0.0137796 0.015649
0 0.00439868 0.0153215 0.0219429
0 0.00387243 0.0167147 0.0273594
0 0.00397714 0.0183449 0.03126
0 0.00504027 0.0203924 0.0334598
0 0.00682789 0.0226753 0.0340944
0 0.00869276 0.0246733 0.0334819
0 0.00994797 0.0257452 0.0320655
0 0.0100707 0.0253503 0.0302647
0 0.00883567 0.0231804 0.0281406
0 0.00633241 0.0191818 0.0252873
0 0.00283198 0.0135324 0.021026
0 -0.00111943 0.0066552 0.0146879
0 -0.00478472 -0.000846495 0.00598612
0 -0.00774432 -0.00848497 -0.00495002
0 -0.0100702 -0.0161651 -0.0177379
0 -0.0121033 -0.0239875 -0.0317579
0 -0.0142052 -0.0319453 -0.0461968
0 -0.0165396 -0.0399789 -0.0599585
0 -0.0191319 -0.0479572 -0.0720651
0 -0.0219458 -0.0553576 -0.0821857
0 -0.0247071 -0.0615184 -0.0902555
0 -0.0270881 -0.066325 -0.096342
0 -0.0290058 -0.069916 -0.100686
0 -0.0303275 -0.0722577 -0.103435
0 -0.0308066 -0.0733594 -0.104698
0 -0.030464 -0.0731896 -0.104532
0 -0.029436 -0.0715521 -0.102829
0 -0.027704 -0.0683034 -0.0993577
0 -0.0252644 -0.063435 -0.0937842
0 -0.0222234 -0.0569792 -0.0858434
0 -0.0187077 -0.0490797 -0.0755258
0 -0.0149461 -0.0400253 -0.0630951
0 -0.0112415 -0.030198 -0.0491078
0 -0.00774178 -0.020162 -0.0343513
0 -0.00449673 -0.0105116 -0.0196315
0 -0.0015624 -0.00161102 -0.00561755
0 0.00103431 0.00629638 0.00710332
0 0.00327522 0.0129879 0.0179679
0 0.00513751 0.0183653 0.0265823
0 0.00661211 0.0224463 0.0327966
0 0.00772283 0.0252256 0.0366026
0 0.00849937 0.0266583 0.0381056
0 0.00892121 0.0268307 0.0375769
0 0.0089586 0.0259554 0.0353882
0 0.00862645 0.0241871 0.0319663
0 0.00793005 0.0217012 0.0277955
0 0.00685762 0.0187042 0.0232426
0 0.00540232 0.0152491 0.0184747
0 0.00357075 0.0113187 0.0135104
0 0.00144285 0.00695846 0.00825674
0 -0.00082847 0.00223173 0.00258573
0 -0.00311387 -0.00277566 -0.00361765
0 -0.0053313 -0.00793883 -0.0104173
0 -0.00742445 -0.0131675 -0.0177862
0 -0.00940605 -0.0184344 -0.0256132
0 -0.0112986 -0.0236938 -0.0336786
0 -0.0130337 -0.0288032 -0.0416031
0 -0.0145009 -0.0335197 -0.0489316
0 -0.0156307 -0.0375185 -0.0552343
0 -0.016393 -0.0404768 -0.0601237
0 -0.0167576 -0.04219 -0.0632624
0 -0.0166797 -0.042503 -0.0643777
0 -0.0161694 -0.0413932 -0.0633275
0 -0.015333 -0.039136 -0.0601746
0 -0.0142543 -0.0359875 -0.0552075
0 -0.0129861 -0.0320873 -0.0488975
0 -0.0116072 -0.0276796 -0.0418388
0 -0.0101298 -0.0230377 -0.0346017
0 -0.0085186 -0.0184148 -0.0276183
0 -0.00682105 -0.0140342 -0.0212285
0 -0.00513831 -0.0100271 -0.0156721
0 -0.00359992 -0.00653637 -0.0111124
0 -0.00239726 -0.00376826 -0.00766539
0 -0.00166607 -0.00190787 -0.00535866
0 -0.00135155 -0.00101161 -0.00412291
0 -0.00126935 -0.000915754 -0.00378998
0 -0.00127074 -0.00131512 -0.00417056
0 -0.00131158 -0.00191878 -0.0051306
0 -0.00139321 -0.00253436 -0.00650345
0 -0.00144297 -0.00304128 -0.00797263
0 -0.00133279 -0.00333425 -0.00914626
0 -0.00108953 -0.00339696 -0.00977477
0 -0.000901826 -0.00330093 -0.00980894
0 -0.000912161 -0.00310798 -0.00932014
0 -0.00109199 -0.00284258 -0.00841273
0 -0.00124342 -0.00245433 -0.0071624
0 -0.00116247 -0.00184672 -0.00567465
0 -0.000810676 -0.000973227 -0.00412919
0 -0.000284705 0.000137993 -0.00269335
0 0.000275307 0.0013554 -0.00146413
0 0.000706589 0.00240682 -0.000514108
0 0.00084911 0.00295312 5.51492e-05
0 0.000582653 0.00271545 7.80549e-05
0 -0.000146175 0.00155868 -0.000683296
0 -0.00130212 -0.000497771 -0.00248958
0 -0.00277341 -0.00334624 -0.00555831
0 -0.0044301 -0.00688421 -0.0100205
0 -0.00616984 -0.0110395 -0.0158648
0 -0.00790624 -0.015698 -0.0228664
0 -0.00957296 -0.0206639 -0.0306023
0 -0.0111329 -0.0256847 -0.0385689
0 -0.0126026 -0.0304813 -0.0462592
0 -0.0140908 -0.0348796 -0.05322
0 -0.0156662 -0.0388685 -0.0591293
0 -0.017229 -0.0424145 -0.0637908
0 -0.0186166 -0.0453604 -0.0671265
0 -0.0197044 -0.047493 -0.0691995
0 -0.0203254 -0.048607 -0.0701296
0 -0.0203192 -0.0485556 -0.0699734
0 -0.0196783 -0.0472917 -0.0686975
0 -0.0184361 -0.0448722 -0.0661686
0 -0.0166538 -0.0414006 -0.0622242
0 -0.014526 -0.0369938 -0.0567879
0 -0.0122662 -0.0318126 -0.0499199
0 -0.010042 -0.026064 -0.0418421
0 -0.00792593 -0.0199894 -0.0328921
0 -0.00579587 -0.0138154 -0.0234347
0 -0.00349541 -0.00761207 -0.0138458
0 -0.0010328 -0.00133351 -0.00447573
0 0.00147387 0.00494022 0.00437356
0 0.00389185 0.0109737 0.0124362
0 0.00608478 0.0164809 0.0195851
0 0.00793092 0.0211652 0.0257806
0 0.00934954 0.0247985 0.030971
0 0.0102919 0.0273278 0.0351076
0 0.010718 0.0288652 0.0380946
0 0.0107014 0.0295447 0.0398125
0 0.0104103 0.0294297 0.0401812
0 0.00991235 0.0285416 0.0391645
0 0.00927612 0.0269254 0.0368082
0 0.00856334 0.0246648 0.0332524
0 0.00770877 0.0218582 0.0287222
0 0.0066828 0.0186421 0.0235445
0 0.00548482 0.0151616 0.0180716
0 0.00408963 0.0115008 0.012598
0 0.00254628 0.00773408 0.00734729
0 0.000936997 0.00398017 0.00244422
0 -0.000667268 0.000370175 -0.00207289
0 -0.00216658 -0.00295974 -0.00621425
0 -0.00350674 -0.00593816 -0.0100564
0 -0.00474115 -0.00865301 -0.0137248
0 -0.00593822 -0.0112728 -0.0173285
0 -0.00713953 -0.0139517 -0.0209572
0 -0.00839001 -0.0168096 -0.0247042
0 -0.00974452 -0.0199193 -0.0286848
0 -0.0112531 -0.0233228 -0.0330332
0 -0.0129024 -0.0270297 -0.0378433
0 -0.0145755 -0.0309694 -0.0431005
0 -0.016106 -0.0349757 -0.0486742
0 -0.0173791 -0.0388289 -0.0543611
0 -0.0184231 -0.0423083 -0.0599091
0 -0.0192826 -0.0452992 -0.0650415
0 -0.0198967 -0.0477307 -0.0694565
0 -0.0203036 -0.0494693 -0.0728475
0 -0.0205862 -0.0505252 -0.0749753
0 -0.0206994 -0.0509701 -0.0756908
0 -0.0205998 -0.0506988 -0.0749731
0 -0.0202578 -0.049588 -0.0729176
0 -0.0195638 -0.0475668 -0.0696646
0 -0.0184297 -0.0445987 -0.065394
0 -0.0168593 -0.0407666 -0.0602615
0 -0.0148603 -0.0361973 -0.054341
0 -0.0124893 -0.0309917 -0.0476712
0 -0.00992964 -0.0252841 -0.0402944
0 -0.00737439 -0.0192696 -0.032289
0 -0.00489131 -0.0131226 -0.0237783
0 -0.00247972 -0.00694585 -0.0149277
0 -0.000163683 -0.000833372 -0.0059408
0 0.00204597 0.0051322 0.00294725
0 0.00414959 0.0108698 0.0114655
0 0.00608829 0.0162208 0.0193332
0 0.00775031 0.0209458 0.026284
0 0.00903842 0.0247839 0.0320794
0 0.00987145 0.0275113 0.0365082
0 0.0101356 0.0289523 0.0393367
0 0.00982733 0.0289781 0.040289
0 0.00902156 0.0275572 0.0391332
0 0.00775285 0.0248356 0.0358193
0 0.00625394 0.021081 0.0305218
0 0.0047373 0.0165519 0.023573
0 0.00313142 0.0114826 0.0154169
0 0.00136177 0.00603556 0.00656298
0 -0.000659982 0.000249131 -0.00250925
0 -0.0030516 -0.00585765 -0.0114263
0 -0.0057573 -0.012186 -0.0199726
0 -0.0086278 -0.0185989 -0.028083
0 -0.0115368 -0.0249663 -0.0358294
0 -0.0143513 -0.0311606 -0.0434009
0 -0.0169248 -0.0370602 -0.0509702
0 -0.0192026 -0.0425489 -0.0585734
0 -0.0211094 -0.047525 -0.0660439
0 -0.0223682 -0.0518205 -0.0730276
0 -0.0229204 -0.0551069 -0.0791207
0 -0.0230288 -0.0571541 -0.0839193
0 -0.0227866 -0.0579813 -0.0869814
0 -0.0221947 -0.0575713 -0.0878871
0 -0.0213511 -0.0559323 -0.0863339
0 -0.0202666 -0.0532316 -0.0822993
0 -0.0189297 -0.0494931 -0.0760928
0 -0.0173617 -0.0446751 -0.0682088
0 -0.0154706 -0.0389059 -0.0592559
0 -0.0131517 -0.0323849 -0.0497636
0 -0.010457 -0.0254279 -0.0400919
0 -0.00750866 -0.0183921 -0.0305306
0 -0.00443748 -0.0114662 -0.0212579
0 -0.00149409 -0.00477185 -0.0123775
0 0.00107207 0.00150646 -0.00397577
0 0.00322612 0.0072049 0.00392734
0 0.00506991 0.0122725 0.0113354
0 0.00667559 0.0167168 0.0182032
0 0.00806665 0.0205664 0.0244368
0 0.00927291 0.0239235 0.0299256
0 0.0103392 0.0269193 0.0345944
0 0.0112472 0.0295857 0.0384398
0 0.0119976 0.0318495 0.0415256
0 0.0127173 0.0336603 0.0439288
0 0.0133574 0.0350168 0.0456716
0 0.0136741 0.0358424 0.0467005
0 0.0135842 0.0359505 0.0469193
0 0.0130795 0.0351962 0.0462289
0 0.0121724 0.0335618 0.0445298
0 0.010992 0.0310819 0.0417073
0 0.00959928 0.0278447 0.0376699
0 0.00799708 0.0239802 0.0323985
0 0.00622069 0.0195467 0.025959
0 0.00426201 0.0145355 0.0185159
0 0.00208293 0.00894478 0.0102993
0 -0.000360436 0.0027851 0.00153057
0 -0.00307965 -0.00390249 -0.00762466
0 -0.00604822 -0.0110061 -0.0170759
0 -0.00922234 -0.0183926 -0.0268051
0 -0.0124639 -0.0259614 -0.0367946
0 -0.0155712 -0.0335782 -0.0469697
0 -0.0184632 -0.0410488 -0.0572583
0 -0.0212499 -0.0482567 -0.06758
0 -0.0239467 -0.0552185 -0.0778037
0 -0.0263759 -0.0617997 -0.087757
0 -0.0285086 -0.067743 -0.0971761
0 -0.0303787 -0.0730112 -0.105753
0 -0.0318611 -0.0775387 -0.113235
0 -0.0329053 -0.0810991 -0.119428
0 -0.0335984 -0.0836001 -0.124166
0 -0.0339237 -0.0850281 -0.127279
0 -0.0338211 -0.085339 -0.128614
0 -0.0333732 -0.0845685 -0.128061
0 -0.0326308 -0.0828263 -0.125618
0 -0.0315476 -0.0801221 -0.121427
0 -0.0301271 -0.0763866 -0.11572
0 -0.0283555 -0.071675 -0.108813
0 -0.0261959 -0.0661323 -0.101026
0 -0.0236691 -0.0599183 -0.092603
0 -0.0208588 -0.0532652 -0.0837577
0 -0.0179174 -0.0464161 -0.0746399
0 -0.0149823 -0.0395251 -0.0653549
0 -0.0121234 -0.0326739 -0.0559954
0 -0.00938245 -0.0259263 -0.0466113
0 -0.00678156 -0.0193388 -0.0372596
0 -0.00430257 -0.0129406 -0.0280259
0 -0.00189947 -0.00672169 -0.0189849
0 0.000453805 -0.000664975 -0.0102033
0 0.00275524 0.00521995 -0.00172104
0 0.00500043 0.0109132 0.0064597
0 0.00717068 0.0163874 0.0143348
0 0.00920361 0.0215719 0.0218814
0 0.0110201 0.0263632 0.029067
0 0.0125603 0.0306702 0.0358508
0 0.0136394 0.0343998 0.0421634
0 0.0142697 0.0374523 0.0478757
0 0.0147374 0.0397825 0.0527938
0 0.0149278 0.0413518 0.0566872
0 0.0147741 0.0420554 0.0593118
0 0.0144795 0.0419591 0.0604508
0 0.0139791 0.0411812 0.0599652
0 0.0132539 0.0395926 0.0577911
0 0.0123614 0.0371448 0.0539551
0 0.0111875 0.033832 0.0486111
0 0.00962709 0.0295411 0.0419931
0 0.00764184 0.0243069 0.0343474
0 0.00521912 0.0182544 0.025901
0 0.00238953 0.0115251 0.0168435
0 -0.000721784 0.00430739 0.00731615
0 -0.0038968 -0.00317115 -0.00256922
0 -0.00696112 -0.0106659 -0.0127017
0 -0.00981857 -0.0180081 -0.0229733
0 -0.0124074 -0.0250658 -0.0332378
0 -0.0147161 -0.0317095 -0.0432941
0 -0.0167705 -0.037876 -0.0529336
0 -0.0186352 -0.0435367 -0.061936
0 -0.0204728 -0.0487544 -0.0701165
0 -0.0223074 -0.0535394 -0.0773173
0 -0.0238792 -0.0576078 -0.0833504
0 -0.0250786 -0.0607651 -0.0880963
0 -0.0259486 -0.0630272 -0.0914709
0 -0.0263415 -0.0642468 -0.0933621
0 -0.0261548 -0.0642315 -0.093687
0 -0.0254952 -0.0629988 -0.0923594
0 -0.024394 -0.0606056 -0.0893182
0 -0.0228294 -0.0570405 -0.0845887
0 -0.0209113 -0.0524235 -0.0782678
0 -0.0186945 -0.0469268 -0.0705603
0 -0.0161719 -0.0406344 -0.0617419
0 -0.0134735 -0.0337452 -0.0520836
0 -0.0107135 -0.026575 -0.0419011
0 -0.00789605 -0.019341 -0.031549
0 -0.00511588 -0.0122171 -0.0213585
0 -0.00254588 -0.00546338 -0.0116486
0 -0.000276013 0.000689118 -0.00269066
0 0.00169198 0.00612351 0.00531488
0 0.00337445 0.0107631 0.0122134
0 0.00477076 0.0145464 0.0179027
0 0.00587752 0.0174642 0.0223162
0 0.0067077 0.019566 0.0254221
0 0.0072786 0.0209129 0.0272448
0 0.0075872 0.0215199 0.0278465
0 0.00761046 0.0213729 0.0273217
0 0.00733502 0.020476 0.0257804
0 0.00673753 0.0188262 0.0233081
0 0.00577283 0.0164321 0.0199852
0 0.00446278 0.0133747 0.0158934
0 0.0029016 0.00976898 0.0111101
0 0.00118125 0.00573364 0.00572269
0 -0.000610105 0.00141073 -0.00016982
0 -0.00239956 -0.00305774 -0.00643772
0 -0.0041582 -0.00755878 -0.0129028
0 -0.00585694 -0.0119884 -0.0193545
0 -0.00744896 -0.0162253 -0.0255841
0 -0.00892188 -0.0201632 -0.0313872
0 -0.0102797 -0.0237338 -0.0365699
0 -0.0114954 -0.0268726 -0.0410055
0 -0.0125312 -0.0294999 -0.0446202
0 -0.0133633 -0.0315441 -0.0473646
0 -0.0139628 -0.032962 -0.0492283
0 -0.0142783 -0.0337106 -0.0502036
0 -0.0142639 -0.0337349 -0.0502638
0 -0.0139074 -0.0330098 -0.0493846
0 -0.0132202 -0.0315425 -0.0475444
0 -0.0122395 -0.0293607 -0.0447402
0 -0.0110351 -0.0265469 -0.0410154
0 -0.00967945 -0.0232272 -0.0364611
0 -0.0082294 -0.0195357 -0.0312242
0 -0.00673484 -0.0156162 -0.025508
0 -0.0052517 -0.0116293 -0.0195699
0 -0.0038111 -0.00771485 -0.0136868
0 -0.00240716 -0.00395274 -0.00810199
0 -0.00106838 -0.000430956 -0.00302949
0 0.000165812 0.00272931 0.00137948
0 0.00129898 0.00546026 0.00507401
0 0.00231685 0.00774499 0.00805112
0 0.00315375 0.00954992 0.0103247
0 0.00374093 0.0108333 0.0119177
0 0.00404054 0.0115672 0.0128417
0 0.00403331 0.011707 0.0130892
0 0.00372014 0.0111982 0.0126197
0 0.00312744 0.0100322 0.0113586
0 0.00227615 0.00823442 0.00922036
0 0.00119329 0.00583496 0.00614813
0 -5.56591e-05 0.00290139 0.00215889
0 -0.00139757 -0.000465074 -0.00263848
0 -0.00278321 -0.00415622 -0.0080602
0 -0.00419781 -0.00804726 -0.0138703
0 -0.00565558 -0.0120217 -0.0198017
0 -0.0071449 -0.0159652 -0.0256073
0 -0.0086154 -0.0197363 -0.0310672
0 -0.0100317 -0.0232391 -0.0359922
0 -0.0113687 -0.0264337 -0.0402939
0 -0.0125843 -0.0292679 -0.0439641
0 -0.0136456 -0.0316864 -0.0470288
0 -0.0145404 -0.0336739 -0.0495494
0 -0.0152449 -0.0352402 -0.0515772
0 -0.0157222 -0.0363795 -0.0531283
0 -0.015958 -0.03708 -0.054196
0 -0.0159519 -0.0373227 -0.054728
0 -0.0156818 -0.0370337 -0.0546111
0 -0.0151335 -0.0361201 -0.0537089
0 -0.014333 -0.0345458 -0.0519008
0 -0.0133141 -0.0323217 -0.0491082
0 -0.0121131 -0.0294912 -0.045323
0 -0.0107782 -0.0261484 -0.0406278
0 -0.00935436 -0.0224197 -0.0352024
0 -0.00788325 -0.0184439 -0.0292981
0 -0.00641463 -0.0143868 -0.0232057
0 -0.00497023 -0.010409 -0.0172282
0 -0.00353283 -0.00660052 -0.0116098
0 -0.0021243 -0.00302819 -0.00653012
0 -0.000803331 0.000200648 -0.00213128
0 0.00038592 0.00299169 0.00153344
0 0.00139438 0.00528876 0.00446386
0 0.00216193 0.00703002 0.00666616
0 0.00265512 0.00817235 0.0081766
0 0.00288665 0.00874476 0.00903024
0 0.00288462 0.00880413 0.00924031
0 0.00267086 0.00838228 0.00880657
0 0.00226856 0.00751029 0.0077134
0 0.00168728 0.00620345 0.00594544
0 0.000925569 0.00443717 0.00350199
0 -2.88663e-06 0.00220897 0.000409235
0 -0.00108125 -0.000441626 -0.00327544
0 -0.00230166 -0.00346546 -0.00748108
0 -0.00365067 -0.00679482 -0.0121236
0 -0.00510304 -0.0103406 -0.0170878
0 -0.00661224 -0.0140123 -0.0222244
0 -0.00807768 -0.0176751 -0.0273566
0 -0.00938395 -0.0211294 -0.0322876
0 -0.0104945 -0.0242137 -0.0368213
0 -0.0114267 -0.0268421 -0.0407914
0 -0.012181 -0.0289559 -0.0440543
0 -0.0127513 -0.0305237 -0.0464747
0 -0.0131366 -0.0315397 -0.047958
0 -0.0133158 -0.0319785 -0.0484642
0 -0.013251 -0.0317755 -0.0479956
0 -0.0129175 -0.0308789 -0.0465909
0 -0.0122989 -0.0292846 -0.0443134
0 -0.0113907 -0.0270358 -0.0412411
0 -0.0102387 -0.0242456 -0.0374775
0 -0.00893053 -0.0210767 -0.0331544
0 -0.00755718 -0.0176865 -0.0284247
0 -0.00621454 -0.0142367 -0.0234781
0 -0.00497269 -0.0108929 -0.0185301
0 -0.00383179 -0.00775409 -0.0137847
0 -0.00277342 -0.00485952 -0.00942695
0 -0.00180516 -0.00227307 -0.00561805
0 -0.000933234 -5.78343e-05 -0.00247182
0 -0.000165937 0.00176101 -4.23528e-05
0 0.000460199 0.00314313 0.00166159
0 0.000903496 0.00404112 0.00267305
0 0.00115242 0.00446105 0.00306343
0 0.00121067 0.00444448 0.00291351
0 0.00108048 0.00403081 0.00229501
0 0.000777799 0.00327295 0.00126513
0 0.000328603 0.00222796 -0.000134563
0 -0.000241497 0.000927674 -0.00187472
0 -0.000905636 -0.000606694 -0.00393691
0 -0.00164566 -0.00235278 -0.0063066
0 -0.00245079 -0.00428853 -0.00896072
0 -0.00330022 -0.00637181 -0.0118525
0 -0.00415662 -0.0085274 -0.0148963
0 -0.00497727 -0.0106632 -0.0179726
0 -0.00573648 -0.0126939 -0.0209504
0 -0.0064223 -0.0145476 -0.0237062
0 -0.00702147 -0.0161609 -0.0261272
0 -0.00753179 -0.017493 -0.0281185
0 -0.00795795 -0.0185376 -0.0296189
0 -0.00829635 -0.0192989 -0.0306078
0 -0.00854225 -0.0197751 -0.0311083
0 -0.00869154 -0.0199694 -0.0311755
0 -0.00873284 -0.019892 -0.0308789
0 -0.00865063 -0.0195553 -0.0302868
0 -0.00844219 -0.0189863 -0.0294585
0 -0.00812614 -0.0182321 -0.028446
0 -0.00773562 -0.0173429 -0.0272901
0 -0.00731181 -0.0163711 -0.0260243
0 -0.00689497 -0.015375 -0.0246828
0 -0.00651671 -0.0144102 -0.0233109
0 -0.00620011 -0.0135289 -0.0219752
0 -0.00595685 -0.0127781 -0.0207572
0 -0.00578213 -0.0121836 -0.0197383
0 -0.00566199 -0.0117542 -0.0189894
0 -0.00558481 -0.0114983 -0.018562
0 -0.00554512 -0.0114209 -0.0184766
0 -0.00554668 -0.0115194 -0.0187203
0 -0.00559422 -0.0117826 -0.0192453
0 -0.00568177 -0.0121776 -0.0199679
0 -0.00579663 -0.0126493 -0.0207849
0 -0.00592855 -0.0131391 -0.0215981
0 -0.00607116 -0.0135964 -0.0223271
0 -0.00621461 -0.0139816 -0.0229101
0 -0.00634611 -0.0142748 -0.0233144
0 -0.00646182 -0.0144804 -0.023542
0 -0.00656689 -0.0146197 -0.0236269
0 -0.0066668 -0.0147197 -0.0236254
0 -0.00676495 -0.0148075 -0.0236012
0 -0.00686556 -0.0149126 -0.0236204
0 -0.00697394 -0.0150652 -0.0237431
0 -0.00709069 -0.0152859 -0.024005
0 -0.00720568 -0.0155733 -0.02441
0 -0.0073021 -0.0158996 -0.0249259
0 -0.00737192 -0.0162255 -0.0254976
0 -0.007421 -0.0165162 -0.0260636
0 -0.0074596 -0.0167497 -0.0265576
0 -0.00749146 -0.0169148 -0.0269171
0 -0.00750801 -0.0169984 -0.0270897
0 -0.007491 -0.016976 -0.0270362
0 -0.00741924 -0.0168101 -0.0267394
0 -0.00727228 -0.0164596 -0.0261957
0 -0.00703121 -0.015892 -0.0254019
0 -0.00667853 -0.0150892 -0.0243478
0 -0.00620079 -0.0140427 -0.0230109
0 -0.00559977 -0.0127519 -0.0213642
0 -0.0049017 -0.0112282 -0.0193902
0 -0.00413895 -0.00949386 -0.0170908
0 -0.00333424 -0.00758004 -0.0144889
0 -0.00251231 -0.0055319 -0.0116291
0 -0.00169155 -0.00340824 -0.00858577
0 -0.000881047 -0.001271 -0.00545995
0 -0.000103839 0.000809933 -0.00238118
0 0.000605732 0.00275098 0.000502261
0 0.00121984 0.0044664 0.00304876
0 0.00171385 0.0058706 0.0051313
0 0.00205571 0.00687356 0.00663465
0 0.00221249 0.00739519 0.00746103
0 0.00216193 0.00738198 0.00753907
0 0.00189468 0.006809 0.00682446
0 0.00140837 0.0056739 0.0052998
0 0.000706503 0.00399203 0.00298013
0 -0.000190551 0.00180101 -8.21661e-05
0 -0.00124992 -0.000837418 -0.00379953
0 -0.00244177 -0.00384542 -0.00805923
0 -0.00374315 -0.00713874 -0.0127351
0 -0.00514133 -0.010636 -0.0176957
0 -0.00663304 -0.0142771 -0.0228137
0 -0.00817779 -0.0179946 -0.0279713
0 -0.00968814 -0.0216718 -0.0330481
0 -0.0111019 -0.0251909 -0.037916
0 -0.0123827 -0.0284522 -0.0424603
0 -0.0134836 -0.0313448 -0.0465736
0 -0.0143706 -0.0337662 -0.0501296
0 -0.0150333 -0.0356515 -0.0529986
0 -0.0154633 -0.0369617 -0.0550642
0 -0.0156558 -0.0376609 -0.056233
0 -0.0156291 -0.0377329 -0.0564522
0 -0.0154133 -0.037201 -0.0557212
0 -0.0150208 -0.0361039 -0.0540893
0 -0.0144506 -0.0344906 -0.051656
0 -0.0137074 -0.0324362 -0.0485674
0 -0.0127991 -0.030019 -0.0449927
0 -0.0117431 -0.0273158 -0.0411022
0 -0.0105757 -0.0244206 -0.0370466
0 -0.00934332 -0.0214325 -0.0329443
0 -0.00810308 -0.0184539 -0.0288963
0 -0.0069193 -0.0155936 -0.0249842
0 -0.00582787 -0.0129281 -0.0212726
0 -0.00483339 -0.0104861 -0.0178262
0 -0.00394701 -0.00828604 -0.0146972
0 -0.0031765 -0.00634537 -0.0119313
0 -0.00250879 -0.004668 -0.00957235
0 -0.00193609 -0.00326216 -0.00763971
0 -0.00146644 -0.002146 -0.00614123
0 -0.00110543 -0.00132708 -0.00507263
0 -0.000854479 -0.000797442 -0.00441146
0 -0.000721837 -0.000548248 -0.00413354
0 -0.000707879 -0.000564574 -0.00420462
0 -0.000790589 -0.000809876 -0.00457879
0 -0.00094482 -0.00124003 -0.00520593
0 -0.0011495 -0.0018087 -0.00602748
0 -0.00137687 -0.0024537 -0.00697838
0 -0.00160902 -0.00312156 -0.0079951
0 -0.00184596 -0.00378643 -0.00902037
0 -0.00209353 -0.00443922 -0.0100109
0 -0.00236667 -0.00509344 -0.0109493
0 -0.00268621 -0.00578242 -0.0118485
0 -0.0030635 -0.00653746 -0.0127477
0 -0.00349438 -0.00737746 -0.0137029
0 -0.00396037 -0.00830599 -0.01477
0 -0.00443276 -0.0093076 -0.0159894
0 -0.00488259 -0.0103532 -0.0173739
0 -0.0052947 -0.0114145 -0.0189042
0 -0.00567369 -0.0124737 -0.0205338
0 -0.00603714 -0.0135225 -0.0221975
0 -0.00640797 -0.0145604 -0.0238242
0 -0.00680421 -0.0155868 -0.0253486
0 -0.00722645 -0.0165886 -0.0267248
0 -0.00766176 -0.017545 -0.0279407
0 -0.00809479 -0.0184428 -0.029014
0 -0.00850497 -0.0192701 -0.0299767
0 -0.00886346 -0.020009 -0.0308603
0 -0.00914417 -0.0206417 -0.0316792
0 -0.00933698 -0.0211555 -0.0324299
0 -0.00945229 -0.0215473 -0.0330947
0 -0.00951592 -0.021828 -0.033645
0 -0.00955449 -0.0220167 -0.0340459
0 -0.00958005 -0.0221238 -0.0342632
0 -0.00958602 -0.0221416 -0.0342702
0 -0.00955513 -0.0220455 -0.0340561
0 -0.00946983 -0.021805 -0.033629
0 -0.00931794 -0.0213998 -0.0330093
0 -0.00909441 -0.0208319 -0.0322205
0 -0.00879836 -0.0201196 -0.031279
0 -0.00843124 -0.0192828 -0.0301885
0 -0.00800269 -0.018337 -0.0289485
0 -0.00753355 -0.0172956 -0.0275646
0 -0.0070485 -0.0161753 -0.0260509
0 -0.00656729 -0.0150014 -0.0244272
0 -0.00609799 -0.0138047 -0.0227235
0 -0.00564264 -0.0126188 -0.0209924
0 -0.00522064 -0.0114908 -0.0193147
0 -0.00487254 -0.0104913 -0.0177967
0 -0.00463831 -0.00970823 -0.0165604
0 -0.00453971 -0.00922626 -0.0157225
0 -0.00457557 -0.00910432 -0.0153727
0 -0.00473265 -0.0093646 -0.015575
0 -0.00499604 -0.00998907 -0.0163569
0 -0.00534602 -0.010924 -0.0176909
0 -0.00574846 -0.0120887 -0.0194821
0 -0.00615587 -0.0133793 -0.0215673
0 -0.00653032 -0.0146829 -0.0237464
0 -0.0068638 -0.0159032 -0.0258199
0 -0.00716841 -0.0169653 -0.0276127
0 -0.00745499 -0.0178147 -0.0289931
0 -0.00772552 -0.0184366 -0.0298879
0 -0.00796942 -0.0188455 -0.0302908
0 -0.00816313 -0.019048 -0.0302574
0 -0.0082776 -0.0190408 -0.0298883
0 -0.00828143 -0.0188195 -0.0292906
0 -0.00814354 -0.0183741 -0.0285416
0 -0.0078462 -0.0177018 -0.027676
0 -0.00740052 -0.0168212 -0.0266836
0 -0.00684917 -0.0157655 -0.0255298
0 -0.00625434 -0.0145763 -0.0241731
0 -0.00567329 -0.0133039 -0.0225824
0 -0.00513725 -0.0119955 -0.0207629
0 -0.00465672 -0.0106836 -0.0187653
0 -0.00422687 -0.00939086 -0.0166809
0 -0.00382288 -0.00813442 -0.014622
0 -0.00341648 -0.00692702 -0.012703
0 -0.00299512 -0.00579092 -0.0110208
0 -0.00256496 -0.00476181 -0.00963597
0 -0.00215069 -0.00387703 -0.00856937
0 -0.00178847 -0.00317035 -0.00780418
0 -0.00151338 -0.00266781 -0.00730122
0 -0.00135294 -0.00238302 -0.00702112
0 -0.00132497 -0.00232202 -0.00694148
0 -0.001434 -0.00248936 -0.00706914
0 -0.00166966 -0.00288687 -0.00743752
0 -0.00200878 -0.00351018 -0.008092
0 -0.00241909 -0.00434579 -0.00907271
0 -0.00287078 -0.00537128 -0.0104004
0 -0.00334928 -0.00656115 -0.0120679
0 -0.00385465 -0.00789259 -0.014036
0 -0.00439132 -0.00934236 -0.0162309
0 -0.00495982 -0.0108801 -0.0185531
0 -0.0055546 -0.0124656 -0.020895
0 -0.006167 -0.0140491 -0.0231642
0 -0.00678954 -0.0155804 -0.0252893
0 -0.00740497 -0.0170121 -0.0272197
0 -0.00797667 -0.0183006 -0.0289308
0 -0.00846944 -0.0194165 -0.0304076
0 -0.00886492 -0.0203424 -0.0316382
0 -0.0091525 -0.0210576 -0.0326166
0 -0.00932917 -0.0215429 -0.0333297
0 -0.00940302 -0.0217915 -0.0337562
0 -0.00938434 -0.0218078 -0.0338741
0 -0.00928295 -0.0216054 -0.0336673
0 -0.00911409 -0.0212076 -0.0331363
0 -0.00889354 -0.0206393 -0.0323056
0 -0.0086311 -0.0199235 -0.031221
0 -0.0083316 -0.0190855 -0.0299424
0 -0.00799478 -0.0181538 -0.0285372
0 -0.00761775 -0.0171573 -0.0270703
0 -0.00720483 -0.0161272 -0.0255969
0 -0.0067758 -0.0150998 -0.0241647
0 -0.00636161 -0.0141141 -0.0228207
0 -0.00599282 -0.0132144 -0.0216067
0 -0.0056938 -0.0124525 -0.0205596
0 -0.00547756 -0.0118688 -0.0197121
0 -0.00533836 -0.0114734 -0.0190869
0 -0.00525711 -0.0112497 -0.0186946
0 -0.00521633 -0.011166 -0.0185369
0 -0.00520548 -0.0111894 -0.0186015
0 -0.00521906 -0.0112998 -0.0188579
0 -0.00525857 -0.0114918 -0.0192637
0 -0.00533151 -0.0117669 -0.019771
0 -0.00544499 -0.0121207 -0.0203351
0 -0.00560174 -0.0125377 -0.020922
0 -0.00579838 -0.012996 -0.0215126
0 -0.00602296 -0.0134742 -0.0221021
0 -0.00625595 -0.0139554 -0.022693
0 -0.00647765 -0.0144275 -0.0232896
0 -0.00667506 -0.0148826 -0.0238954
0 -0.00684452 -0.015314 -0.0245078
0 -0.00698793 -0.0157112 -0.0251116
0 -0.00710478 -0.0160616 -0.0256774
0 -0.00719362 -0.0163521 -0.0261676
0 -0.0072567 -0.0165706 -0.0265463
0 -0.007296 -0.0167094 -0.0267844
0 -0.00731158 -0.0167622 -0.0268646
0 -0.00730181 -0.016722 -0.0267832
0 -0.00726005 -0.0165839 -0.0265455
0 -0.00717746 -0.0163461 -0.0261648
0 -0.00705139 -0.0160119 -0.0256627
0 -0.00688942 -0.0155971 -0.0250674
0 -0.00670721 -0.0151319 -0.0244127
0 -0.00652182 -0.0146496 -0.0237319
0 -0.00634202 -0.0141773 -0.0230535
0 -0.00617104 -0.013736 -0.0224034
0 -0.00601523 -0.0133373 -0.0218077
0 -0.00587925 -0.0129871 -0.0212906
0 -0.0057665 -0.0126942 -0.0208714
0 -0.00568157 -0.0124706 -0.020564
0 -0.0056252 -0.0123269 -0.0203755
0 -0.00559697 -0.0122692 -0.0203054
0 -0.00559844 -0.012296 -0.0203494
0 -0.00563205 -0.0123997 -0.0205012
0 -0.00570172 -0.012576 -0.0207555
0 -0.00580923 -0.0128249 -0.0211066
0 -0.00594796 -0.0131429 -0.0215442
0 -0.00610462 -0.0135182 -0.0220526
0 -0.00626671 -0.0139299 -0.0226144
0 -0.00642562 -0.014351 -0.0232085
0 -0.00657289 -0.0147536 -0.0238064
0 -0.00669771 -0.015112 -0.0243713
0 -0.00678984 -0.0154034 -0.0248596
0 -0.0068416 -0.0156086 -0.0252264
0 -0.00684831 -0.015708 -0.0254316
0 -0.00680817 -0.0156797 -0.0254423
0 -0.00672063 -0.0155086 -0.0252357
0 -0.00658858 -0.0151931 -0.0248062
0 -0.00642113 -0.0147497 -0.0241702
0 -0.00622888 -0.0142101 -0.0233632
0 -0.00602331 -0.0136126 -0.0224392
0 -0.00581883 -0.0129991 -0.0214684
0 -0.0056282 -0.0124113 -0.0205284
0 -0.00546021 -0.0118857 -0.0196912
0 -0.00531617 -0.0114496 -0.019012
0 -0.00518879 -0.0111151 -0.0185215
0 -0.00506793 -0.0108745 -0.0182194
0 -0.00494506 -0.0107023 -0.0180746
0 -0.00482061 -0.010569 -0.0180369
0 -0.00470797 -0.0104568 -0.0180518
0 -0.00462868 -0.0103686 -0.0180735
0 -0.00460607 -0.010328 -0.0180803
0 -0.00465931 -0.0103702 -0.0180844
0 -0.00479787 -0.01053 -0.0181327
0 -0.00501636 -0.0108296 -0.0182962
0 -0.00529256 -0.0112714 -0.0186495
0 -0.00559196 -0.0118384 -0.0192472
0 -0.00587843 -0.0124986 -0.0201059
0 -0.00612839 -0.0132144 -0.0211969
0 -0.00634128 -0.0139535 -0.0224519
0 -0.00653712 -0.0146943 -0.0237782
0 -0.00674099 -0.0154218 -0.02507
0 -0.00696957 -0.0161218 -0.0262255
0 -0.00722371 -0.0167715 -0.027172
0 -0.00748297 -0.0173385 -0.0278707
0 -0.00771784 -0.0177885 -0.0283178
0 -0.00790249 -0.0180917 -0.0285437
0 -0.00801102 -0.0182277 -0.0285908
0 -0.00802069 -0.0181889 -0.0284885
0 -0.00792091 -0.0179775 -0.0282452
0 -0.0077182 -0.0176038 -0.027854
0 -0.00743731 -0.0170837 -0.0272948
0 -0.00711031 -0.0164342 -0.0265435
0 -0.00676529 -0.0156757 -0.0255848
0 -0.00642337 -0.0148352 -0.0244226
0 -0.00609521 -0.0139448 -0.0230908
0 -0.00578063 -0.0130353 -0.021653
0 -0.00547398 -0.0121272 -0.0201928
0 -0.00516834 -0.0112373 -0.0187929
0 -0.00485611 -0.0103862 -0.0175209
0 -0.00453393 -0.00959257 -0.0164242
0 -0.00421064 -0.00887686 -0.0155192
0 -0.00390884 -0.00826446 -0.0148035
0 -0.00366186 -0.00778143 -0.0142674
0 -0.00350134 -0.00745251 -0.0138975
0 -0.0034443 -0.00729821 -0.0136895
0 -0.00349411 -0.00733209 -0.0136543
0 -0.00364044 -0.00755642 -0.0138175
0 -0.00386034 -0.00795854 -0.0142098
0 -0.00412761 -0.00851404 -0.0148544
0 -0.00442127 -0.00919685 -0.0157586
0 -0.00473445 -0.00999168 -0.0169118
0 -0.00507609 -0.0108973 -0.0182849
0 -0.00546046 -0.0119181 -0.0198332
0 -0.0058963 -0.0130505 -0.0215009
0 -0.00638249 -0.0142738 -0.0232331
0 -0.00690544 -0.0155461 -0.0249762
0 -0.00743271 -0.0168055 -0.0266732
0 -0.00791683 -0.0179781 -0.0282694
0 -0.00831726 -0.0189962 -0.0297116
0 -0.00861371 -0.0198127 -0.0309408
0 -0.00880222 -0.0204004 -0.0318952
0 -0.00889318 -0.0207486 -0.032523
0 -0.0089078 -0.0208646 -0.032789
0 -0.00886752 -0.0207694 -0.032681
0 -0.00878277 -0.0204854 -0.0322182
0 -0.00865251 -0.0200335 -0.031446
0 -0.00847351 -0.0194374 -0.0304363
0 -0.0082436 -0.0187241 -0.0292761
0 -0.00796275 -0.0179251 -0.0280495
0 -0.00763601 -0.0170758 -0.0268236
0 -0.00727487 -0.0162123 -0.0256429
0 -0.00689832 -0.0153655 -0.0245316
0 -0.0065302 -0.0145592 -0.0234983
0 -0.00618919 -0.0138089 -0.0225384
0 -0.00588543 -0.0131251 -0.0216435
0 -0.00562667 -0.0125149 -0.0208116
0 -0.00541748 -0.0119847 -0.0200506
0 -0.00525979 -0.0115455 -0.0193825
0 -0.00515542 -0.0112118 -0.0188421
0 -0.00510031 -0.0109947 -0.0184626
0 -0.00508132 -0.0108953 -0.0182653
0 -0.00508308 -0.0109015 -0.0182551
0 -0.00509499 -0.0109917 -0.0184167
0 -0.00511357 -0.011142 -0.0187183
0 -0.00514312 -0.0113343 -0.019115
0 -0.00519098 -0.0115573 -0.0195555
0 -0.00526049 -0.0118022 -0.0199898
0 -0.00535231 -0.0120603 -0.0203805
0 -0.00546796 -0.0123243 -0.0207132
0 -0.00560693 -0.0125903 -0.0209973
0 -0.00576186 -0.0128566 -0.0212566
0 -0.00591727 -0.0131218 -0.0215184
0 -0.00605497 -0.0133826 -0.0218046
0 -0.00616358 -0.0136338 -0.0221279
0 -0.00624262 -0.0138692 -0.0224876
0 -0.00630252 -0.0140874 -0.0228725
0 -0.00636271 -0.0142984 -0.0232657
0 -0.00644154 -0.0145201 -0.0236496
0 -0.0065481 -0.0147683 -0.0240122
0 -0.0066813 -0.0150475 -0.02435
0 -0.006833 -0.0153503 -0.0246712
0 -0.0069895 -0.0156585 -0.0249914
0 -0.00713065 -0.0159473 -0.0253201
0 -0.0072379 -0.0161966 -0.0256571
0 -0.00730206 -0.0163945 -0.0259896
0 -0.00732313 -0.0165344 -0.0262902
0 -0.0073088 -0.016613 -0.026523
0 -0.0072699 -0.0166256 -0.0266491
0 -0.00721268 -0.0165621 -0.0266313
0 -0.00713462 -0.0164082 -0.0264412
0 -0.00702786 -0.0161498 -0.0260646
0 -0.00688323 -0.0157767 -0.0255027
0 -0.00669494 -0.0152866 -0.0247723
0 -0.00646611 -0.014692 -0.023903
0 -0.00620396 -0.0140158 -0.0229311
0 -0.00591706 -0.0132857 -0.0218954
0 -0.0056201 -0.0125361 -0.0208368
0 -0.00532984 -0.011802 -0.019797
0 -0.00505948 -0.0111125 -0.0188132
0 -0.00481695 -0.0104898 -0.0179183
0 -0.00460366 -0.00994756 -0.0171375
0 -0.00441778 -0.00949034 -0.0164867
0 -0.00425729 -0.00911667 -0.0159732
0 -0.00412035 -0.00882129 -0.0155933
0 -0.00400633 -0.00859693 -0.0153337
0 -0.00391763 -0.00843878 -0.0151761
0 -0.00386029 -0.00834674 -0.0151029
0 -0.00384128 -0.00832354 -0.0151013
0 -0.00386338 -0.00837082 -0.0151641
0 -0.00392585 -0.00848923 -0.0152925
0 -0.00402847 -0.0086819 -0.0154998
0 -0.00417033 -0.00895383 -0.0158067
0 -0.00434747 -0.00930996 -0.0162342
0 -0.00455554 -0.00975516 -0.0168002
0 -0.00479327 -0.0102942 -0.0175172
0 -0.00506317 -0.0109313 -0.0183907
0 -0.0053692 -0.0116683 -0.0194177
0 -0.00571099 -0.0125 -0.0205833
0 -0.00608035 -0.01341 -0.0218593
0 -0.00646239 -0.0143679 -0.0232073
0 -0.00683925 -0.015332 -0.0245777
0 -0.00719606 -0.0162596 -0.0259162
0 -0.00752439 -0.0171163 -0.0271747
0 -0.00782188 -0.017882 -0.0283125
0 -0.0080909 -0.0185525 -0.0292975
0 -0.00833061 -0.0191265 -0.0301042
0 -0.00853097 -0.0195936 -0.0307145
0 -0.00868083 -0.0199352 -0.031125
0 -0.00876913 -0.0201278 -0.0313368
0 -0.00878125 -0.0201498 -0.0313483
0 -0.00870718 -0.0199897 -0.0311558
0 -0.00854551 -0.0196482 -0.0307496
0 -0.0083036 -0.0191352 -0.0301209
0 -0.00799908 -0.0184682 -0.0292674
0 -0.00765313 -0.0176686 -0.0281968
0 -0.00728124 -0.01676 -0.02693
0 -0.00689093 -0.0157661 -0.025499
0 -0.00648511 -0.0147113 -0.0239444
0 -0.00606212 -0.0136144 -0.0223176
0 -0.00562052 -0.0124897 -0.0206783
0 -0.0051704 -0.011362 -0.0190811
0 -0.0047288 -0.0102678 -0.0175718
0 -0.00431159 -0.00924832 -0.0161912
0 -0.00393923 -0.00834787 -0.014971
0 -0.00363588 -0.00760644 -0.0139431
0 -0.00342145 -0.00705458 -0.013143
0 -0.00330821 -0.00671396 -0.0126049
0 -0.00329855 -0.00659926 -0.0123628
0 -0.00338465 -0.00671853 -0.0124447
0 -0.00355395 -0.00707 -0.0128675
0 -0.00379572 -0.00764216 -0.0136339
0 -0.00410335 -0.00841731 -0.0147282
0 -0.004476 -0.00937647 -0.0161196
0 -0.00491579 -0.0105027 -0.0177641
0 -0.00541932 -0.0117763 -0.0196051
0 -0.00597508 -0.0131679 -0.0215802
0 -0.00656762 -0.0146368 -0.0236305
0 -0.00718155 -0.0161354 -0.0257006
0 -0.00779409 -0.0176121 -0.0277362
0 -0.00837006 -0.0190117 -0.0296869
0 -0.00888145 -0.0202873 -0.0315
0 -0.00931358 -0.0214046 -0.0331155
0 -0.00965248 -0.022327 -0.0344721
0 -0.00989008 -0.0230154 -0.0355117
0 -0.0100265 -0.0234401 -0.0361819
0 -0.0100586 -0.0235794 -0.0364407
0 -0.00997986 -0.0234204 -0.0362604
0 -0.00978866 -0.0229634 -0.0356327
0 -0.00948896 -0.0222205 -0.0345751
0 -0.00909074 -0.0212141 -0.0331298
0 -0.00861056 -0.0199811 -0.0313589
0 -0.00806372 -0.018569 -0.0293354
0 -0.00746175 -0.0170304 -0.0271361
0 -0.00682501 -0.0154253 -0.0248391
0 -0.00618237 -0.0138133 -0.0225236
0 -0.00555249 -0.0122358 -0.0202713
0 -0.00495235 -0.0107329 -0.0181538
0 -0.00440948 -0.00936017 -0.0162325
0 -0.00393987 -0.00816614 -0.0145627
0 -0.00354645 -0.00718287 -0.0131805
0 -0.00323639 -0.00642999 -0.0121124
0 -0.00301453 -0.00590858 -0.0113744
0 -0.00287798 -0.00560475 -0.0109643
0 -0.00282444 -0.0055069 -0.0108705
0 -0.00285392 -0.00561115 -0.0110726
0 -0.00296561 -0.00591502 -0.0115458
0 -0.00316018 -0.00641425 -0.0122663
0 -0.00343783 -0.00709767 -0.0132104
0 -0.00379214 -0.00794414 -0.0143569
0 -0.00421063 -0.0089285 -0.0156855
0 -0.00467602 -0.0100237 -0.0171722
0 -0.00516536 -0.0111974 -0.018785
0 -0.0056559 -0.0124124 -0.0204826
0 -0.00613087 -0.0136285 -0.0222146
0 -0.00657962 -0.0148041 -0.0239238
0 -0.00699704 -0.0159022 -0.0255469
0 -0.00737707 -0.0168936 -0.0270194
0 -0.00770908 -0.0177515 -0.0282869
0 -0.00798657 -0.0184562 -0.0293057
0 -0.00820687 -0.0189959 -0.0300469
0 -0.00836656 -0.019359 -0.0305042
0 -0.00846338 -0.0195391 -0.0306897
0 -0.00849368 -0.0195395 -0.0306254
0 -0.00844942 -0.0193686 -0.0303357
0 -0.008324 -0.0190353 -0.0298444
0 -0.00812085 -0.0185525 -0.0291742
0 -0.0078525 -0.0179368 -0.0283462
0 -0.00753547 -0.0172074 -0.0273785
0 -0.0071893 -0.0163922 -0.0262885
0 -0.00683672 -0.01553 -0.0251025
0 -0.00650037 -0.0146649 -0.0238615
0 -0.00619514 -0.0138375 -0.022619
0 -0.00592685 -0.0130774 -0.0214389
0 -0.00569567 -0.0124058 -0.0203836
0 -0.00549332 -0.0118334 -0.0194998
0 -0.00530697 -0.0113599 -0.0188158
0 -0.00513154 -0.0109831 -0.0183376
0 -0.00497368 -0.0107024 -0.0180515
0 -0.00485031 -0.0105216 -0.0179326
0 -0.00478357 -0.0104511 -0.0179522
0 -0.00478911 -0.0105015 -0.0180845
0 -0.00486661 -0.010673 -0.0183096
0 -0.00500101 -0.0109495 -0.0186159
0 -0.00517 -0.0113019 -0.0190012
0 -0.00535101 -0.0116968 -0.0194672
0 -0.00552547 -0.0121054 -0.0200103
0 -0.00567969 -0.0125076 -0.0206129
0 -0.00580765 -0.0128924 -0.0212429
0 -0.00591429 -0.0132546 -0.0218613
0 -0.00601431 -0.0135928 -0.0224319
0 -0.00612489 -0.013909 -0.0229276
0 -0.00625397 -0.0142043 -0.023333
0 -0.0063944 -0.0144751 -0.0236458
0 -0.0065282 -0.0147122 -0.0238736
0 -0.0066393 -0.0149059 -0.0240371
0 -0.00672167 -0.015052 -0.0241647
0 -0.00677389 -0.0151506 -0.0242779
0 -0.00679729 -0.0152088 -0.0243862
0 -0.00679799 -0.0152396 -0.0244886
0 -0.00678558 -0.0152564 -0.0245757
0 -0.00677069 -0.015267 -0.0246361
0 -0.00676077 -0.0152712 -0.0246593
0 -0.00675626 -0.015262 -0.0246373
0 -0.00674989 -0.0152289 -0.0245656
0 -0.00672921 -0.0151596 -0.024441
0 -0.00668328 -0.0150437 -0.024263
0 -0.00660788 -0.0148751 -0.0240325
0 -0.00650607 -0.0146544 -0.0237513
0 -0.00638653 -0.0143902 -0.0234215
0 -0.00625701 -0.0140939 -0.0230434
0 -0.0061204 -0.013774 -0.0226151
0 -0.00597727 -0.0134341 -0.0221381
0 -0.00582878 -0.0130748 -0.0216195
0 -0.00567909 -0.0126993 -0.0210748
0 -0.00553278 -0.0123162 -0.0205231
0 -0.00539108 -0.0119385 -0.0199825
0 -0.00525391 -0.01158 -0.019471
0 -0.00512293 -0.0112531 -0.0190044
0 -0.00500301 -0.0109657 -0.018597
0 -0.00490098 -0.0107238 -0.018261
0 -0.00482245 -0.0105333 -0.018004
0 -0.00477034 -0.0104013 -0.0178301
0 -0.00474784 -0.0103373 -0.0177438
0 -0.00476037 -0.0103523 -0.0177533
0 -0.00481273 -0.0104545 -0.0178686
0 -0.00490683 -0.0106479 -0.0181005
0 -0.00504111 -0.0109334 -0.0184581
0 -0.00521248 -0.011311 -0.0189486
0 -0.00541713 -0.0117793 -0.019575
0 -0.00564829 -0.0123306 -0.0203307
0 -0.00589745 -0.0129502 -0.0211983
0 -0.00615836 -0.0136192 -0.0221529
0 -0.00642843 -0.0143179 -0.0231657
0 -0.00670711 -0.0150299 -0.0242043
0 -0.00699439 -0.0157441 -0.0252369
0 -0.00728695 -0.0164509 -0.026238
0 -0.00757586 -0.0171383 -0.0271849
0 -0.00785025 -0.0177879 -0.02806
0 -0.00809814 -0.0183771 -0.0288494
0 -0.00830669 -0.0188829 -0.0295377
0 -0.00846406 -0.0192828 -0.0301059
0 -0.00856101 -0.0195585 -0.0305302
0 -0.00859244 -0.0196961 -0.0307829
0 -0.00855921 -0.0196861 -0.0308384
0 -0.00846943 -0.0195273 -0.0306779
0 -0.00833247 -0.0192246 -0.0302925
0 -0.0081518 -0.0187842 -0.0296829
0 -0.00792465 -0.0182114 -0.0288585
0 -0.00764308 -0.0175073 -0.0278362
0 -0.0072975 -0.016668 -0.0266356
0 -0.00688726 -0.0156955 -0.0252773
0 -0.00642736 -0.014608 -0.0237869
0 -0.0059398 -0.0134381 -0.0221969
0 -0.00544449 -0.0122286 -0.0205453
0 -0.00496281 -0.0110296 -0.0188753
0 -0.00451388 -0.00988475 -0.0172353
0 -0.0041079 -0.00882638 -0.0156808
0 -0.00375403 -0.00788276 -0.0142739
0 -0.00345886 -0.00707843 -0.0130729
0 -0.00322115 -0.00643322 -0.0121236
0 -0.00304145 -0.00596652 -0.0114586
0 -0.00292578 -0.00569432 -0.0110961
0 -0.00288293 -0.00562626 -0.0110391
0 -0.00292475 -0.00576818 -0.0112814
0 -0.00306333 -0.00612504 -0.0118121
0 -0.00330309 -0.00669801 -0.0126155
0 -0.00363315 -0.00747379 -0.013669
0 -0.00403058 -0.0084209 -0.0149422
0 -0.00447101 -0.00949581 -0.0164004
0 -0.00493445 -0.0106511 -0.0180047
0 -0.00540515 -0.0118431 -0.0197065
0 -0.00586977 -0.0130361 -0.021447
0 -0.0063187 -0.0142018 -0.0231639
0 -0.00674994 -0.0153177 -0.0247981
0 -0.00716481 -0.0163646 -0.0262981
0 -0.00755805 -0.0173193 -0.0276283
0 -0.00791964 -0.018161 -0.0287692
0 -0.00824113 -0.0188804 -0.0297133
0 -0.00851186 -0.0194707 -0.0304619
0 -0.00871884 -0.0199219 -0.0310247
0 -0.00885587 -0.0202288 -0.0314131
0 -0.00892339 -0.0203906 -0.0316343
0 -0.00892434 -0.0204107 -0.0316928
0 -0.00886743 -0.0203006 -0.0315883
0 -0.00876631 -0.0200789 -0.0313227
0 -0.00863559 -0.0197674 -0.0309062
0 -0.00848758 -0.0193861 -0.0303567
0 -0.00832781 -0.0189509 -0.0296993
0 -0.00815267 -0.0184699 -0.0289626
0 -0.00795464 -0.0179465 -0.0281754
0 -0.0077293 -0.0173844 -0.0273634
0 -0.00747476 -0.0167871 -0.0265415
0 -0.00719307 -0.016158 -0.0257147
0 -0.0068961 -0.0155074 -0.0248832
0 -0.00660224 -0.0148536 -0.0240459
0 -0.00632596 -0.0142154 -0.0232035
0 -0.00607593 -0.0136092 -0.0223632
0 -0.00585703 -0.0130485 -0.0215416
0 -0.00566789 -0.0125382 -0.0207636
0 -0.00549967 -0.0120765 -0.0200537
0 -0.0053399 -0.0116574 -0.0194289
0 -0.00517839 -0.0112735 -0.018898
0 -0.00501023 -0.0109187 -0.0184565
0 -0.0048399 -0.0105912 -0.018089
0 -0.00468032 -0.0102939 -0.017776
0 -0.00454413 -0.0100322 -0.0174957
0 -0.00444015 -0.00981177 -0.017231
0 -0.00437139 -0.00963545 -0.0169755
0 -0.00433345 -0.00950126 -0.0167338
0 -0.00431698 -0.00940288 -0.0165198
0 -0.00431109 -0.0093326 -0.0163517
0 -0.004309 -0.00928809 -0.0162486
0 -0.00431174 -0.0092765 -0.0162276
0 -0.00432516 -0.00931074 -0.0162982
0 -0.00435793 -0.00940521 -0.0164625
0 -0.00442129 -0.0095735 -0.0167201
0 -0.00452432 -0.00982373 -0.0170692
0 -0.00466891 -0.0101554 -0.0175071
0 -0.00484929 -0.0105604 -0.0180308
0 -0.00505486 -0.0110258 -0.0186358
0 -0.00527368 -0.0115361 -0.0193156
0 -0.00549467 -0.0120741 -0.0200579
0 -0.00571103 -0.012624 -0.0208441
0 -0.00592208 -0.0131749 -0.0216523
0 -0.00612962 -0.0137182 -0.0224577
0 -0.00633375 -0.0142445 -0.0232324
0 -0.00653071 -0.0147418 -0.0239473
0 -0.00671284 -0.0151939 -0.0245796
0 -0.00687335 -0.0155836 -0.0251125
0 -0.0070073 -0.0158992 -0.0255373
0 -0.00710794 -0.0161313 -0.0258498
0 -0.00716898 -0.0162724 -0.0260448
0 -0.00718642 -0.01632 -0.0261179
0 -0.00715968 -0.0162736 -0.0260672
0 -0.00709497 -0.0161365 -0.0258941
0 -0.00700174 -0.0159186 -0.025605
0 -0.00688826 -0.0156336 -0.0252105
0 -0.00676314 -0.0153012 -0.0247292
0 -0.00663514 -0.0149438 -0.024188
0 -0.00650998 -0.0145815 -0.0236203
0 -0.00639105 -0.0142317 -0.0230641
0 -0.0062823 -0.0139115 -0.0225567
0 -0.00618527 -0.0136333 -0.0221291
0 -0.00609997 -0.0134069 -0.0218025
0 -0.00603202 -0.0132457 -0.0215905
0 -0.00599185 -0.0131633 -0.0215015
0 -0.00598769 -0.0131692 -0.0215359
0 -0.006022 -0.0132655 -0.0216857
0 -0.00609293 -0.0134468 -0.0219399
0 -0.00619736 -0.0137033 -0.0222884
0 -0.00633011 -0.0140221 -0.022721
0 -0.0064835 -0.0143889 -0.0232255
0 -0.00664785 -0.0147888 -0.0237859
0 -0.00681208 -0.0152047 -0.024381
0 -0.00696908 -0.0156185 -0.0249866
0 -0.00711688 -0.0160163 -0.0255794
0 -0.00725748 -0.0163898 -0.0261389
0 -0.00739444 -0.0167339 -0.0266478
0 -0.00752487 -0.0170448 -0.02709
0 -0.0076381 -0.0173127 -0.0274493
0 -0.00772099 -0.0175176 -0.027712
0 -0.00776327 -0.0176379 -0.0278672
0 -0.0077591 -0.0176556 -0.027905
0 -0.00770491 -0.017559 -0.027813
0 -0.00760066 -0.0173468 -0.0275775
0 -0.00745202 -0.0170281 -0.0271896
0 -0.00726766 -0.0166142 -0.0266467
0 -0.00705699 -0.0161164 -0.0259554
0 -0.00682932 -0.0155475 -0.0251349
0 -0.00659184 -0.014924 -0.0242146
0 -0.00634673 -0.0142637 -0.0232304
0 -0.00609082 -0.0135831 -0.0222203
0 -0.00582157 -0.0128956 -0.0212201
0 -0.00554216 -0.0122132 -0.0202592
0 -0.0052607 -0.0115495 -0.0193586
0 -0.00498999 -0.0109224 -0.0185338
0 -0.00474223 -0.0103505 -0.0177907
0 -0.00452495 -0.00984888 -0.0171302
0 -0.00434515 -0.00942784 -0.0165553
0 -0.00420672 -0.00909049 -0.0160709
0 -0.00410645 -0.008832 -0.0156829
0 -0.00403879 -0.00864649 -0.0153976
0 -0.00400087 -0.00853346 -0.0152236
0 -0.00399296 -0.00849832 -0.0151699
0 -0.00401712 -0.00854858 -0.0152421
0 -0.00407676 -0.00869083 -0.0154426
0 -0.00417675 -0.00893009 -0.0157728
0 -0.00432058 -0.00926799 -0.0162322
0 -0.00450689 -0.00970106 -0.0168166
0 -0.00473029 -0.0102219 -0.0175192
0 -0.00498555 -0.0108223 -0.0183329
0 -0.00526872 -0.0114939 -0.0192497
0 -0.00557472 -0.0122262 -0.0202577
0 -0.00589585 -0.0130049 -0.0213385
0 -0.00622192 -0.0138104 -0.0224668
0 -0.00654305 -0.0146179 -0.0236116
0 -0.00684988 -0.0153998 -0.0247349
0 -0.00713171 -0.0161291 -0.025796
0 -0.00738197 -0.0167821 -0.0267568
0 -0.0075989 -0.0173426 -0.0275851
0 -0.0077822 -0.0178043 -0.0282574
0 -0.00793363 -0.0181651 -0.0287596
0 -0.00805326 -0.0184249 -0.0290898
0 -0.00814001 -0.018587 -0.0292595
0 -0.00819178 -0.0186537 -0.0292878
0 -0.00820148 -0.0186258 -0.0291944
0 -0.0081625 -0.018505 -0.0289965
0 -0.00807244 -0.0182931 -0.0287049
0 -0.00793076 -0.0179903 -0.0283209
0 -0.00774151 -0.0175973 -0.027837
0 -0.00751475 -0.0171186 -0.027244
0 -0.00726257 -0.0165636 -0.0265351
0 -0.00699543 -0.0159449 -0.0257084
0 -0.00671909 -0.0152743 -0.0247708
0 -0.00643747 -0.0145642 -0.0237408
0 -0.00615363 -0.0138285 -0.0226506
0 -0.0058688 -0.0130807 -0.0215419
0 -0.00558877 -0.012341 -0.0204603
0 -0.00532125 -0.0116377 -0.0194496
0 -0.00507268 -0.0109989 -0.0185471
0 -0.00485047 -0.0104484 -0.0177803
0 -0.00466036 -0.0100007 -0.0171653
0 -0.00450766 -0.00966002 -0.0167084
0 -0.00439895 -0.00942634 -0.0164091
0 -0.004337 -0.00929808 -0.0162604
0 -0.00431918 -0.00927117 -0.0162489
0 -0.00434099 -0.00933941 -0.0163595
0 -0.00439794 -0.0094935 -0.0165782
0 -0.00448828 -0.00972328 -0.0168943
0 -0.00461346 -0.010022 -0.0173026
0 -0.00477259 -0.0103863 -0.0177989
0 -0.00495894 -0.010812 -0.0183758
0 -0.00516321 -0.0112911 -0.0190239
0 -0.00537789 -0.011812 -0.0197327
0 -0.00559689 -0.0123577 -0.0204876
0 -0.00581541 -0.01291 -0.02127
0 -0.00603097 -0.0134555 -0.0220588
0 -0.00624122 -0.013985 -0.0228316
0 -0.00644473 -0.0144927 -0.0235657
0 -0.00664167 -0.0149748 -0.0242449
0 -0.00682979 -0.0154233 -0.0248584
0 -0.0070019 -0.0158251 -0.0253953
0 -0.00714722 -0.0161654 -0.0258467
0 -0.00725726 -0.0164297 -0.0262067
0 -0.00732845 -0.0166098 -0.026468
0 -0.00736081 -0.0167049 -0.0266249
0 -0.0073575 -0.016717 -0.0266718
0 -0.00732527 -0.0166536 -0.0266065
0 -0.00727312 -0.0165268 -0.0264346
0 -0.00720799 -0.0163486 -0.0261678
0 -0.0071334 -0.0161301 -0.025824
0 -0.00704925 -0.0158801 -0.0254249
0 -0.00695318 -0.0156064 -0.0249939
0 -0.00684511 -0.0153172 -0.0245545
0 -0.00672846 -0.0150213 -0.0241275
0 -0.0066078 -0.0147287 -0.0237278
0 -0.00648873 -0.0144518 -0.0233644
0 -0.00637849 -0.0142026 -0.0230423
0 -0.00628342 -0.0139889 -0.0227629
0 -0.0062054 -0.0138124 -0.0225241
0 -0.0061415 -0.0136674 -0.0223208
0 -0.00608586 -0.0135435 -0.0221465
0 -0.00603237 -0.0134293 -0.0219937
0 -0.0059763 -0.013315 -0.0218531
0 -0.00591524 -0.0131943 -0.0217145
0 -0.00585187 -0.0130674 -0.0215705
0 -0.00579131 -0.0129386 -0.0214165
0 -0.00573705 -0.0128121 -0.02125
0 -0.00569171 -0.0126927 -0.0210743
0 -0.00565646 -0.0125844 -0.0208977
0 -0.0056298 -0.0124894 -0.0207315
0 -0.00560888 -0.0124092 -0.0205881
0 -0.0055924 -0.0123471 -0.0204801
0 -0.00558227 -0.0123092 -0.0204191
0 -0.00558359 -0.0123051 -0.0204152
0 -0.00560261 -0.0123453 -0.0204758
0 -0.00564277 -0.0124367 -0.0206036
0 -0.00570356 -0.0125803 -0.0207971
0 -0.00578238 -0.0127709 -0.0210521
0 -0.00587453 -0.0129984 -0.0213613
0 -0.00597335 -0.0132489 -0.0217128
0 -0.00607363 -0.01351 -0.0220921
0 -0.00617472 -0.013775 -0.0224865
0 -0.00627933 -0.0140427 -0.0228847
0 -0.0063886 -0.0143122 -0.0232747
0 -0.00650054 -0.0145806 -0.0236473
0 -0.00661252 -0.0148431 -0.0239969
0 -0.00672159 -0.0150925 -0.0243212
0 -0.00682275 -0.0153209 -0.0246188
0 -0.00690789 -0.0155186 -0.0248852
0 -0.00696752 -0.0156739 -0.0251105
0 -0.00699443 -0.0157744 -0.0252793
0 -0.00698636 -0.0158086 -0.0253737
0 -0.00694574 -0.0157682 -0.0253747
0 -0.00687697 -0.0156495 -0.0252642
0 -0.00678578 -0.0154555 -0.0250311
0 -0.00667896 -0.0151955 -0.0246755
0 -0.00656043 -0.0148806 -0.0242075
0 -0.00642761 -0.0145165 -0.0236443
0 -0.00627496 -0.014105 -0.023009
0 -0.00610081 -0.0136509 -0.0223286
0 -0.00590837 -0.0131635 -0.0216305
0 -0.00570515 -0.01266 -0.02094
0 -0.00550325 -0.012167 -0.0202785
0 -0.0053166 -0.0117125 -0.0196648
0 -0.00515794 -0.0113198 -0.0191181
0 -0.00503701 -0.0110064 -0.0186579
0 -0.00495878 -0.0107821 -0.0183039
0 -0.00492198 -0.01065 -0.0180744
0 -0.00492007 -0.0106094 -0.0179816
0 -0.00494624 -0.0106575 -0.0180317
0 -0.00499623 -0.0107894 -0.0182229
0 -0.00506744 -0.0109971 -0.0185428
0 -0.00515731 -0.0112675 -0.0189676
0 -0.00526249 -0.0115837 -0.0194647
0 -0.00538041 -0.0119283 -0.0199989
0 -0.0055092 -0.0122854 -0.0205376
0 -0.00564564 -0.0126402 -0.0210526
0 -0.00578661 -0.0129822 -0.0215264
0 -0.00593166 -0.0133079 -0.0219552
0 -0.00607933 -0.0136182 -0.0223444
0 -0.00622272 -0.0139124 -0.022702
0 -0.00635241 -0.014186 -0.0230361
0 -0.00646048 -0.014432 -0.0233514
0 -0.0065424 -0.0146422 -0.023647
0 -0.00659874 -0.0148105 -0.0239154
0 -0.00663503 -0.0149367 -0.024145
0 -0.00665812 -0.0150257 -0.0243228
0 -0.00667314 -0.0150828 -0.0244359
0 -0.00668292 -0.0151107 -0.0244771
0 -0.00668775 -0.0151089 -0.0244475
0 -0.00668543 -0.015074 -0.0243546
0 -0.0066716 -0.0150032 -0.0242109
0 -0.00664077 -0.0148961 -0.0240295
0 -0.00658925 -0.0147557 -0.0238217
0 -0.00651955 -0.0145898 -0.0235981
0 -0.00644154 -0.014412 -0.0233695
0 -0.0063692 -0.0142407 -0.0231482
0 -0.00631524 -0.0140955 -0.0229476
0 -0.00628579 -0.013992 -0.0227806
0 -0.00627942 -0.0139375 -0.0226601
0 -0.00628958 -0.0139295 -0.0225974
0 -0.00630775 -0.0139578 -0.0225994
0 -0.00632648 -0.0140095 -0.0226663
0 -0.00634109 -0.014074 -0.0227891
0 -0.00635015 -0.0141447 -0.0229497
0 -0.00635515 -0.0142173 -0.0231237
0 -0.00636166 -0.0142902 -0.0232872
0 -0.00637867 -0.0143644 -0.0234244
0 -0.00641215 -0.014441 -0.0235282
0 -0.00645963 -0.0145183 -0.0235985
0 -0.00651131 -0.0145917 -0.0236412
0 -0.00655526 -0.0146534 -0.0236666
0 -0.00658183 -0.014695 -0.0236846
0 -0.00658505 -0.0147081 -0.0236997
0 -0.00656333 -0.0146875 -0.0237075
0 -0.00651958 -0.0146324 -0.0236956
0 -0.00645953 -0.0145452 -0.0236461
0 -0.00639038 -0.0144289 -0.0235415
0 -0.00631973 -0.0142866 -0.0233704
0 -0.00625175 -0.0141199 -0.0231303
0 -0.00618455 -0.0139283 -0.0228265
0 -0.00611171 -0.0137099 -0.0224708
0 -0.00602435 -0.0134616 -0.0220777
0 -0.00591652 -0.0131825 -0.021663
0 -0.00578961 -0.0128772 -0.021241
0 -0.0056501 -0.0125554 -0.0208212
0 -0.00550686 -0.0122306 -0.0204092
0 -0.00536932 -0.0119174 -0.020008
0 -0.00524647 -0.011629 -0.0196213
0 -0.00514754 -0.0113783 -0.0192606
0 -0.00507816 -0.0111753 -0.0189422
0 -0.00503757 -0.0110262 -0.0186843
0 -0.00502132 -0.0109353 -0.0185062
0 -0.00502355 -0.0109045 -0.018424
0 -0.00503939 -0.0109323 -0.0184466
0 -0.0050671 -0.0110155 -0.0185744
0 -0.00511042 -0.0111528 -0.0188012
0 -0.00517716 -0.0113471 -0.0191167
0 -0.00527426 -0.0116024 -0.0195076
0 -0.00540654 -0.0119231 -0.0199633
0 -0.00557566 -0.0123106 -0.0204787
0 -0.0057789 -0.0127616 -0.0210546
0 -0.00600876 -0.0132677 -0.021695
0 -0.00625384 -0.0138162 -0.0224025
0 -0.00650095 -0.0143906 -0.023173
0 -0.00673601 -0.014971 -0.0239899
0 -0.00694821 -0.0155355 -0.0248238
0 -0.00713512 -0.0160647 -0.0256396
0 -0.00730093 -0.0165454 -0.0263996
0 -0.00745249 -0.01697 -0.0270681
0 -0.00759562 -0.0173368 -0.0276191
0 -0.00772967 -0.0176441 -0.028036
0 -0.00784538 -0.0178839 -0.0283133
0 -0.00793105 -0.0180435 -0.0284575
0 -0.0079775 -0.0181109 -0.028483
0 -0.00797706 -0.0180796 -0.0284057
0 -0.00792625 -0.017951 -0.0282357
0 -0.00782759 -0.0177346 -0.0279762
0 -0.007689 -0.0174441 -0.0276276
0 -0.00752347 -0.0170927 -0.0271886
0 -0.00734468 -0.0166921 -0.0266604
0 -0.00716354 -0.0162549 -0.026052
0 -0.0069854 -0.0157927 -0.0253791
0 -0.00680715 -0.0153142 -0.0246609
0 -0.00662218 -0.0148249 -0.02392
0 -0.00642541 -0.0143253 -0.0231798
0 -0.00621474 -0.0138166 -0.02246
0 -0.00599508 -0.0133057 -0.0217738
0 -0.00577533 -0.0128037 -0.0211281
0 -0.00556706 -0.0123301 -0.0205263
0 -0.00538746 -0.0119102 -0.0199762
0 -0.0052516 -0.0115663 -0.0194923
0 -0.00516598 -0.0113137 -0.0190937
0 -0.00512888 -0.0111588 -0.0188028
0 -0.00513085 -0.0110986 -0.018641
0 -0.00515824 -0.011124 -0.0186224
0 -0.00519937 -0.0112231 -0.0187503
0 -0.0052495 -0.0113853 -0.0190151
0 -0.00531224 -0.0116049 -0.0193968
0 -0.00539589 -0.0118801 -0.0198675
0 -0.00550796 -0.012209 -0.0203954
0 -0.00565127 -0.012586 -0.0209511
0 -0.00582268 -0.013 -0.0215133
0 -0.00601295 -0.0134337 -0.0220696
0 -0.006205 -0.0138629 -0.0226106
0 -0.0063769 -0.0142587 -0.0231237
0 -0.00650912 -0.0145935 -0.0235918
0 -0.00658845 -0.0148433 -0.0239903
0 -0.00661047 -0.0149886 -0.0242856
0 -0.00658029 -0.015018 -0.024441
0 -0.00650934 -0.0149319 -0.0244249
0 -0.00641115 -0.0147381 -0.0242173
0 -0.00629649 -0.0144503 -0.0238161
0 -0.00617006 -0.0140838 -0.023239
0 -0.00603213 -0.0136531 -0.022524
0 -0.00587782 -0.0131702 -0.0217213
0 -0.00569941 -0.012644 -0.0208837
0 -0.00549187 -0.0120856 -0.0200552
0 -0.00525538 -0.0115097 -0.0192642
0 -0.00499984 -0.0109354 -0.018528
0 -0.00474557 -0.0103873 -0.0178534
0 -0.0045176 -0.00989218 -0.0172426
0 -0.00433828 -0.00947598 -0.0167011
0 -0.00422091 -0.00915952 -0.0162406
0 -0.00416604 -0.00895426 -0.0158802
0 -0.00416327 -0.00886045 -0.0156441
0 -0.00419978 -0.00887197 -0.0155596
0 -0.00426597 -0.0089824 -0.0156503
0 -0.00435664 -0.00918825 -0.0159283
0 -0.0044737 -0.00949225 -0.0163923
0 -0.00462525 -0.00990214 -0.017029
0 -0.00482203 -0.010425 -0.0178174
0 -0.00507378 -0.0110628 -0.0187351
0 -0.00538388 -0.0118094 -0.0197621
0 -0.00574564 -0.0126495 -0.0208821
0 -0.00614224 -0.0135594 -0.0220803
0 -0.00655122 -0.0145081 -0.023341
0 -0.00694997 -0.0154606 -0.0246407
0 -0.00731905 -0.016383 -0.0259458
0 -0.00764579 -0.0172436 -0.0272157
0 -0.00792549 -0.0180163 -0.0283998
0 -0.00816018 -0.0186832 -0.0294451
0 -0.00835387 -0.0192314 -0.0303003
0 -0.00850896 -0.0196511 -0.0309236
0 -0.00862807 -0.0199354 -0.0313001
0 -0.00871009 -0.0200789 -0.0314336
0 -0.00874517 -0.0200785 -0.0313412
0 -0.00871977 -0.0199339 -0.0310516
0 -0.00862322 -0.0196473 -0.030593
0 -0.00845161 -0.0192246 -0.0299914
0 -0.00820927 -0.0186749 -0.0292636
0 -0.00790823 -0.0180112 -0.0284156
0 -0.00756646 -0.0172538 -0.0274503
0 -0.00720383 -0.0164284 -0.0263716
0 -0.00683862 -0.0155618 -0.0251892
0 -0.00648471 -0.0146791 -0.0239265
0 -0.00614821 -0.013801 -0.022622
0 -0.00582869 -0.0129422 -0.021325
0 -0.00552411 -0.0121175 -0.0200882
0 -0.00523439 -0.0113469 -0.0189592
0 -0.00496231 -0.0106531 -0.0179786
0 -0.00471507 -0.0100589 -0.017174
0 -0.00450494 -0.00958486 -0.0165584
0 -0.00434538 -0.00924462 -0.016135
0 -0.00424723 -0.00904475 -0.0158981
0 -0.00421636 -0.00898692 -0.0158386
0 -0.0042513 -0.00906735 -0.0159468
0 -0.00434515 -0.00927712 -0.0162143
0 -0.00449088 -0.00960629 -0.0166371
0 -0.00468217 -0.0100447 -0.017213
0 -0.00491062 -0.0105797 -0.0179356
0 -0.00516636 -0.0111966 -0.0187906
0 -0.00543968 -0.0118785 -0.0197551
0 -0.00572283 -0.0126053 -0.0207985
0 -0.00601037 -0.013355 -0.0218845
0 -0.00629741 -0.0141036 -0.0229744
0 -0.00657827 -0.0148268 -0.0240268
0 -0.00684599 -0.0155029 -0.0250021
0 -0.00709147 -0.0161121 -0.0258693
0 -0.00730622 -0.0166373 -0.0266042
0 -0.00748344 -0.0170644 -0.0271908
0 -0.00761663 -0.0173814 -0.0276202
0 -0.00770096 -0.0175792 -0.0278855
0 -0.00773221 -0.0176524 -0.027985
0 -0.00770912 -0.017601 -0.0279194
0 -0.00763592 -0.0174307 -0.0276929
0 -0.00751879 -0.0171517 -0.0273145
0 -0.00736551 -0.0167782 -0.0267973
0 -0.00718437 -0.0163267 -0.0261589
0 -0.00698201 -0.0158144 -0.0254219
0 -0.00676505 -0.015259 -0.0246138
0 -0.00653979 -0.0146782 -0.0237644
0 -0.00630902 -0.0140865 -0.0229037
0 -0.00607516 -0.0134978 -0.0220601
0 -0.00584566 -0.0129287 -0.0212599
0 -0.00562779 -0.0123958 -0.0205246
0 -0.00542816 -0.0119146 -0.0198691
0 -0.00525527 -0.0115001 -0.0193056
0 -0.00511527 -0.0111636 -0.0188439
0 -0.00501263 -0.0109129 -0.0184917
0 -0.00495017 -0.0107519 -0.0182561
0 -0.00492647 -0.0106807 -0.0181417
0 -0.00493822 -0.010697 -0.0181509
0 -0.00498202 -0.0107974 -0.018283
0 -0.00505356 -0.0109754 -0.0185323
0 -0.00514927 -0.0112229 -0.0188883
0 -0.00526744 -0.0115312 -0.0193368
0 -0.00540715 -0.0118917 -0.019861
0 -0.00556646 -0.0122955 -0.0204418
0 -0.00574115 -0.0127316 -0.0210595
0 -0.00592502 -0.0131864 -0.0216942
0 -0.0061111 -0.0136445 -0.0223287
0 -0.0062926 -0.0140895 -0.0229467
0 -0.00646256 -0.0145064 -0.0235311
0 -0.00661328 -0.0148816 -0.0240656
0 -0.00673876 -0.0152033 -0.0245336
0 -0.00683697 -0.0154628 -0.024919
0 -0.00690719 -0.0156547 -0.025209
0 -0.00694947 -0.0157745 -0.0253935
0 -0.00696564 -0.0158202 -0.0254663
0 -0.00695663 -0.0157933 -0.0254268
0 -0.00692267 -0.0156974 -0.0252794
0 -0.00686429 -0.0155368 -0.0250338
0 -0.00678239 -0.0153182 -0.0247038
0 -0.00667941 -0.0150494 -0.0243059
0 -0.00655859 -0.0147393 -0.0238575
0 -0.00642383 -0.0143998 -0.0233763
0 -0.00628088 -0.0140456 -0.0228792
0 -0.00613665 -0.0136901 -0.0223817
0 -0.0059973 -0.0133455 -0.0218985
0 -0.00586828 -0.0130241 -0.0214447
0 -0.00575463 -0.0127359 -0.0210335
0 -0.00565959 -0.0124892 -0.0206777
0 -0.00558455 -0.0122913 -0.0203893
0 -0.00553025 -0.0121475 -0.0201776
0 -0.00549728 -0.0120608 -0.0200495
0 -0.00548581 -0.0120324 -0.0200086
0 -0.00549576 -0.0120617 -0.020054
0 -0.0055269 -0.0121462 -0.0201814
0 -0.00557832 -0.0122825 -0.020383
0 -0.00564868 -0.0124654 -0.0206488
0 -0.00573597 -0.0126883 -0.0209674
0 -0.00583707 -0.0129427 -0.0213266
0 -0.0059483 -0.0132195 -0.0217142
0 -0.00606555 -0.0135088 -0.0221188
0 -0.00618396 -0.0138008 -0.0225285
0 -0.00629883 -0.0140858 -0.0229312
0 -0.00640623 -0.0143548 -0.0233145
0 -0.00650268 -0.0146 -0.0236671
0 -0.00658564 -0.014814 -0.0239777
0 -0.00665375 -0.0149905 -0.024236
0 -0.00670586 -0.0151252 -0.0244337
0 -0.00674097 -0.0152151 -0.0245646
0 -0.0067583 -0.0152581 -0.0246256
0 -0.00675722 -0.0152535 -0.0246157
0 -0.00673751 -0.0152017 -0.0245373
0 -0.00669971 -0.0151045 -0.0243949
0 -0.00664505 -0.0149653 -0.0241946
0 -0.00657505 -0.0147893 -0.0239442
0 -0.00649212 -0.014583 -0.0236523
0 -0.00639966 -0.0143539 -0.0233288
0 -0.00630136 -0.0141101 -0.0229841
0 -0.0062011 -0.01386 -0.0226291
0 -0.00610243 -0.0136113 -0.0222749
0 -0.00600809 -0.013372 -0.0219327
0 -0.00592045 -0.0131493 -0.0216135
0 -0.00584185 -0.0129494 -0.0213273
0 -0.00577421 -0.0127777 -0.0210825
0 -0.00571902 -0.012639 -0.0208864
0 -0.00567783 -0.0125369 -0.0207439
0 -0.00565197 -0.0124741 -0.0206579
0 -0.00564227 -0.0124522 -0.0206296
0 -0.00564921 -0.0124712 -0.020658
0 -0.00567263 -0.0125299 -0.020741
0 -0.00571134 -0.0126255 -0.0208749
0 -0.00576358 -0.0127544 -0.0210547
0 -0.00582703 -0.0129115 -0.0212744
0 -0.00589903 -0.0130911 -0.0215268
0 -0.00597697 -0.0132869 -0.0218035
0 -0.00605832 -0.0134922 -0.0220958
0 -0.00614061 -0.0137006 -0.0223942
0 -0.00622148 -0.0139056 -0.0226887
0 -0.00629885 -0.0141012 -0.0229696
0 -0.00637064 -0.0142817 -0.0232282
0 -0.0064346 -0.0144422 -0.0234566
0 -0.00648895 -0.0145778 -0.0236482
0 -0.0065322 -0.0146846 -0.0237983
0 -0.0065628 -0.0147596 -0.0239033
0 -0.00657979 -0.0148011 -0.0239612
0 -0.00658278 -0.0148083 -0.0239714
0 -0.00657184 -0.0147818 -0.0239346
0 -0.00654782 -0.0147232 -0.0238528
0 -0.00651211 -0.0146352 -0.0237291
0 -0.0064663 -0.0145213 -0.0235682
0 -0.00641219 -0.0143857 -0.0233755
0 -0.00635166 -0.0142333 -0.0231578
0 -0.00628658 -0.0140693 -0.0229227
0 -0.00621899 -0.0138987 -0.0226781
0 -0.00615102 -0.0137269 -0.022432
0 -0.00608457 -0.0135592 -0.0221926
0 -0.00602147 -0.0134006 -0.0219672
0 -0.00596369 -0.0132559 -0.0217626
0 -0.00591308 -0.0131294 -0.0215845
0 -0.00587112 -0.0130249 -0.0214374
0 -0.00583908 -0.0129451 -0.0213254
0 -0.00581793 -0.0128921 -0.0212508
0 -0.00580806 -0.0128671 -0.0212151
0 -0.00580951 -0.0128702 -0.0212187
0 -0.00582194 -0.0129006 -0.0212608
0 -0.00584448 -0.0129566 -0.0213393
0 -0.005876 -0.0130358 -0.0214511
