0 -0.0059107 -0.0131296 -0.0215866
0 -0.00594103 -0.0132253 -0.021732
0 -0.00597015 -0.0133189 -0.0218808
0 -0.00600552 -0.0134134 -0.0220308
0 -0.00604599 -0.0135084 -0.0221742
0 -0.00608746 -0.0136029 -0.0223039
0 -0.00612846 -0.0136961 -0.0224192
0 -0.00616389 -0.0137801 -0.0225176
0 -0.00618758 -0.0138424 -0.0225947
0 -0.00620269 -0.0138816 -0.0226538
0 -0.00621477 -0.0139047 -0.0226989
0 -0.00621605 -0.0139092 -0.0227205
0 -0.00619625 -0.0138864 -0.0227035
0 -0.00616734 -0.0138425 -0.0226529
0 -0.00615473 -0.0137989 -0.0225903
0 -0.00616681 -0.0137726 -0.0225311
0 -0.00619086 -0.0137687 -0.0224807
0 -0.00621252 -0.0137852 -0.0224468
0 -0.00622086 -0.0138082 -0.0224352
0 -0.00619923 -0.0138038 -0.0224324
0 -0.00614531 -0.0137484 -0.0224207
0 -0.00608547 -0.0136585 -0.0223986
0 -0.00602902 -0.0135513 -0.0223456
0 -0.00595474 -0.0134167 -0.0222159
0 -0.00586214 -0.0132494 -0.0219906
0 -0.0057773 -0.0130572 -0.0216887
0 -0.00572096 -0.0128524 -0.0213434
0 -0.00570643 -0.0126695 -0.0210048
0 -0.0057333 -0.0125542 -0.0207296
0 -0.00577386 -0.0125229 -0.0205544
0 -0.00579635 -0.0125558 -0.0204974
0 -0.00579965 -0.012628 -0.0205753
0 -0.00581574 -0.0127396 -0.0208052
0 -0.00586691 -0.0129058 -0.0211746
0 -0.00593068 -0.0131205 -0.0216172
0 -0.00598517 -0.0133676 -0.0220625
0 -0.00604504 -0.0136347 -0.0224753
0 -0.00611831 -0.0138844 -0.0228237
0 -0.00620597 -0.0140858 -0.023091
0 -0.00633438 -0.014273 -0.0233127
0 -0.00649763 -0.0144856 -0.0235206
0 -0.00661161 -0.0146817 -0.0236808
0 -0.0065921 -0.014761 -0.0237326
0 -0.00644687 -0.014654 -0.0236574
0 -0.00626944 -0.0143829 -0.023485
0 -0.00614345 -0.0140414 -0.0232389
0 -0.00607919 -0.0137314 -0.0229096
0 -0.0060709 -0.0135461 -0.0225215
0 -0.00616323 -0.0135707 -0.022199
0 -0.0063959 -0.0138376 -0.0221088
0 -0.00673088 -0.0143047 -0.0223605
0 -0.00705814 -0.0148839 -0.0229719
0 -0.00722924 -0.0154353 -0.0238421
0 -0.00715779 -0.0158131 -0.0247911
0 -0.0069228 -0.0159726 -0.025674
0 -0.00670647 -0.0159826 -0.0263875
0 -0.0066339 -0.0159482 -0.0268189
0 -0.00670429 -0.015947 -0.0268652
0 -0.00685182 -0.0159955 -0.0265067
0 -0.00703532 -0.0160609 -0.0258729
0 -0.00724884 -0.0161054 -0.0251959
0 -0.00744877 -0.016094 -0.0246773
0 -0.00752597 -0.0159868 -0.024399
0 -0.00738587 -0.0157666 -0.0243306
0 -0.00702932 -0.0154404 -0.0243827
0 -0.00654541 -0.0150038 -0.0244191
0 -0.00605068 -0.0144406 -0.0242699
0 -0.00564375 -0.0137675 -0.023793
0 -0.00541616 -0.0130943 -0.0229623
0 -0.00544774 -0.0126157 -0.0219135
0 -0.00572399 -0.0124702 -0.0208709
0 -0.00610749 -0.0126275 -0.0200573
0 -0.00641513 -0.0129208 -0.0196375
0 -0.00649937 -0.0131391 -0.0196758
0 -0.00630706 -0.0131336 -0.0201264
0 -0.00590169 -0.0128987 -0.0208265
0 -0.00541192 -0.01254 -0.0215316
0 -0.00496058 -0.0121663 -0.0219658
0 -0.00465257 -0.011838 -0.0219075
0 -0.00457828 -0.0115849 -0.0213136
0 -0.00476654 -0.0114219 -0.0203244
0 -0.0051365 -0.0113416 -0.0191794
0 -0.00550981 -0.0112941 -0.0181241
0 -0.00569885 -0.0112068 -0.017351
0 -0.00562365 -0.0110394 -0.0170008
0 -0.00532809 -0.0107926 -0.0171109
0 -0.00491028 -0.0104921 -0.017562
0 -0.00449889 -0.0102147 -0.0181509
0 -0.00423468 -0.0100784 -0.0186848
0 -0.0042055 -0.0101631 -0.019021
0 -0.0044348 -0.0104875 -0.0191275
0 -0.00492485 -0.0110633 -0.0191505
0 -0.00563167 -0.0118979 -0.0193504
0 -0.0063965 -0.0129287 -0.0199312
0 -0.00698535 -0.0139997 -0.0209572
0 -0.00722822 -0.0149201 -0.0223635
0 -0.00711391 -0.0155426 -0.0239764
0 -0.0067668 -0.0158145 -0.0255462
0 -0.00636299 -0.0157828 -0.0267735
0 -0.00607983 -0.0155832 -0.0273906
0 -0.00607807 -0.015439 -0.0273215
0 -0.00645293 -0.0155761 -0.0267351
0 -0.0071616 -0.0160731 -0.0259576
0 -0.00802782 -0.0168578 -0.0253872
0 -0.00881561 -0.0177781 -0.0253752
0 -0.00927389 -0.0185995 -0.0260617
0 -0.00921996 -0.0190884 -0.0273296
0 -0.00868022 -0.019161 -0.0288914
0 -0.00789153 -0.0188768 -0.0303725
0 -0.00713709 -0.0183517 -0.0313396
0 -0.00663087 -0.0177415 -0.0314156
0 -0.00651757 -0.0172225 -0.0305011
0 -0.00681372 -0.016882 -0.0287911
0 -0.00728223 -0.0165885 -0.026577
0 -0.00752367 -0.0160396 -0.0241465
0 -0.00726051 -0.0149609 -0.0217641
0 -0.00645727 -0.0132424 -0.0196055
0 -0.00524528 -0.0110108 -0.0176996
0 -0.00387243 -0.0086089 -0.0159401
0 -0.00270262 -0.00649754 -0.0142414
0 -0.00206339 -0.00508517 -0.0126173
0 -0.00202947 -0.00450631 -0.0111128
0 -0.00247004 -0.0046351 -0.0098802
0 -0.00322933 -0.00531265 -0.00925909
0 -0.00408016 -0.00636151 -0.00955227
0 -0.00462137 -0.00743235 -0.0107256
0 -0.00452395 -0.00813222 -0.0124505
0 -0.00387113 -0.00832069 -0.0143691
0 -0.00311694 -0.00818828 -0.0162068
0 -0.00274192 -0.00811447 -0.0177346
0 -0.0029996 -0.00849423 -0.0187764
0 -0.00387665 -0.00956649 -0.0193147
0 -0.00517084 -0.0112911 -0.019616
0 -0.00659029 -0.013359 -0.020116
0 -0.00782604 -0.0153306 -0.0211692
0 -0.00865211 -0.0169095 -0.0230026
0 -0.00900607 -0.0181156 -0.0256569
0 -0.00900326 -0.0191879 -0.0289089
0 -0.00887212 -0.0203692 -0.0323726
0 -0.00886936 -0.0217562 -0.0356005
0 -0.0092111 -0.0233093 -0.0382225
0 -0.009953 -0.0249086 -0.0400682
0 -0.0109129 -0.0263454 -0.0410837
0 -0.0117552 -0.027358 -0.041312
0 -0.0121573 -0.0277053 -0.0408789
0 -0.0119404 -0.0271996 -0.0398827
0 -0.0111594 -0.0258105 -0.0384176
0 -0.0100924 -0.0237842 -0.0365923
0 -0.00907325 -0.021564 -0.0344757
0 -0.00827293 -0.0195301 -0.0320694
0 -0.00761673 -0.0177697 -0.0292996
0 -0.00694807 -0.016092 -0.0261469
0 -0.00623263 -0.0142672 -0.0227921
0 -0.00550914 -0.0121848 -0.0194848
0 -0.00473113 -0.00985433 -0.0163445
0 -0.00379156 -0.00740321 -0.0133693
0 -0.00266334 -0.00500926 -0.0105134
0 -0.00146055 -0.00277112 -0.00774985
0 -0.000374678 -0.00069493 -0.00509402
0 0.000407833 0.00117242 -0.00261104
0 0.000732747 0.00261033 -0.000483757
0 0.000536387 0.00328008 0.00100202
0 -6.77263e-05 0.00296463 0.00158719
0 -0.000822404 0.00176055 0.00110974
0 -0.00151052 1.93696e-05 -0.000511192
0 -0.00205267 -0.0018679 -0.00323395
0 -0.00243822 -0.00364965 -0.00680427
0 -0.00269891 -0.00528952 -0.0107801
0 -0.00294303 -0.00692448 -0.0146739
0 -0.00337257 -0.00876175 -0.0181539
0 -0.00418474 -0.0109176 -0.0210858
0 -0.00540382 -0.0132929 -0.0234529
0 -0.00687985 -0.0156886 -0.025406
0 -0.00837849 -0.0179785 -0.0272162
0 -0.00962668 -0.0200592 -0.0291125
0 -0.0103816 -0.0217565 -0.0311729
0 -0.0105689 -0.0229244 -0.0333201
0 -0.0103768 -0.023589 -0.0354401
0 -0.0101169 -0.0239314 -0.0373607
0 -0.00999828 -0.0241684 -0.0387964
0 -0.0100594 -0.0244295 -0.0394791
0 -0.0102372 -0.0246766 -0.0392876
0 -0.0104525 -0.0247423 -0.0383197
0 -0.0105998 -0.0244242 -0.0368117
0 -0.0105196 -0.0235644 -0.0349693
0 -0.0100448 -0.0221059 -0.0328962
0 -0.00909475 -0.0200968 -0.0305903
0 -0.00777039 -0.0176656 -0.0280079
0 -0.00632305 -0.0149867 -0.0251196
0 -0.00503783 -0.0122719 -0.0219284
0 -0.00410539 -0.00977099 -0.0185116
0 -0.00359294 -0.00774256 -0.0150958
0 -0.00352129 -0.00639574 -0.0120611
0 -0.00379724 -0.00580581 -0.00980636
0 -0.0041521 -0.00582839 -0.00860949
0 -0.00433012 -0.00617278 -0.00857488
0 -0.00428105 -0.00664115 -0.00967934
0 -0.00412112 -0.00722437 -0.0117664
0 -0.00396713 -0.00797535 -0.0144427
0 -0.00384094 -0.00885924 -0.0171194
0 -0.00373766 -0.00973393 -0.0192387
0 -0.0037556 -0.0104527 -0.0204797
0 -0.00407342 -0.0109811 -0.0208497
0 -0.00473945 -0.01141 -0.0205864
0 -0.00555979 -0.0118477 -0.019966
0 -0.00624039 -0.0123011 -0.0192692
0 -0.00659674 -0.012683 -0.0188068
0 -0.00666665 -0.0129517 -0.0188793
0 -0.00665423 -0.0132125 -0.0197042
0 -0.00676758 -0.013706 -0.0213211
0 -0.00708243 -0.0146848 -0.0235626
0 -0.00749457 -0.0161609 -0.0260751
0 -0.00781469 -0.0177808 -0.0284096
0 -0.00795451 -0.0190529 -0.0302183
0 -0.00797894 -0.0196561 -0.0313333
0 -0.00793873 -0.0195152 -0.0316361
0 -0.00774061 -0.018713 -0.0309598
0 -0.00723533 -0.0173627 -0.029171
0 -0.00639092 -0.0155089 -0.0262911
0 -0.00540574 -0.0132083 -0.0225976
0 -0.00463653 -0.0107325 -0.0186269
0 -0.00437893 -0.00862177 -0.0150302
0 -0.00465648 -0.00740887 -0.0123674
0 -0.00516341 -0.00728405 -0.010947
0 -0.00556283 -0.00808308 -0.0109197
0 -0.00582506 -0.00946708 -0.0124307
0 -0.00611761 -0.0111311 -0.0154676
0 -0.00647252 -0.0129022 -0.0196128
0 -0.00674524 -0.0146929 -0.0241191
0 -0.00684673 -0.0164433 -0.0282206
0 -0.00686864 -0.0180089 -0.0313119
0 -0.00697219 -0.0191272 -0.0330284
0 -0.00721316 -0.019554 -0.0332601
0 -0.00748818 -0.0191901 -0.0320545
0 -0.00760427 -0.0181063 -0.0296283
0 -0.00738325 -0.0164687 -0.0263479
0 -0.00674624 -0.014411 -0.0226125
0 -0.00579015 -0.0120303 -0.0188284
0 -0.00474588 -0.0094912 -0.0153552
0 -0.00380937 -0.00707145 -0.0124377
0 -0.00307389 -0.00510581 -0.0101707
0 -0.00256438 -0.00383158 -0.0085441
0 -0.00227309 -0.0032782 -0.00754864
0 -0.00218523 -0.00328237 -0.00717568
0 -0.00225822 -0.00358251 -0.0073772
0 -0.00238697 -0.0039467 -0.00803477
0 -0.00244211 -0.00425301 -0.00894353
0 -0.00235585 -0.0044772 -0.00987197
0 -0.00216638 -0.00462987 -0.0106296
0 -0.00203077 -0.0047629 -0.0111391
0 -0.00217574 -0.00502721 -0.0114925
0 -0.0027161 -0.00560617 -0.0118678
0 -0.00353653 -0.00658278 -0.012415
0 -0.00439469 -0.00788992 -0.0132561
0 -0.00511326 -0.00936359 -0.0145296
0 -0.0057041 -0.0108904 -0.016406
0 -0.00629776 -0.0124949 -0.0189958
0 -0.00695059 -0.01426 -0.0221966
0 -0.00760917 -0.0162415 -0.0257201
0 -0.00824602 -0.0184227 -0.0292654
0 -0.00894271 -0.0207049 -0.0326268
0 -0.00981431 -0.0229858 -0.0357197
0 -0.0108394 -0.0251541 -0.0384844
0 -0.0118094 -0.027042 -0.0407954
0 -0.0124922 -0.0284918 -0.042543
0 -0.0127829 -0.0293892 -0.0436866
0 -0.0126875 -0.029619 -0.0441856
0 -0.0122667 -0.0290992 -0.0439581
0 -0.0116084 -0.0278687 -0.042899
0 -0.0107931 -0.0260684 -0.0409166
0 -0.00988675 -0.0238632 -0.0379985
0 -0.00897732 -0.0214212 -0.0342904
0 -0.00817382 -0.0189135 -0.0301082
0 -0.00753709 -0.0164947 -0.0258595
0 -0.00702586 -0.0142981 -0.0219341
0 -0.00651611 -0.0123837 -0.0186051
0 -0.0058555 -0.0106721 -0.015984
0 -0.00494311 -0.00902129 -0.0140301
0 -0.00378837 -0.0072973 -0.012535
0 -0.00250486 -0.00540382 -0.01119
0 -0.00127729 -0.00339176 -0.00970566
0 -0.000280629 -0.00143855 -0.00784483
0 0.00040728 0.000313564 -0.00549074
0 0.000807823 0.00181174 -0.00271337
0 0.000968855 0.00304894 0.000217878
0 0.000929129 0.00402093 0.00286958
0 0.000752784 0.00467747 0.00478837
0 0.000512064 0.00488787 0.00561628
0 0.000243038 0.00449783 0.00513569
0 -7.71101e-05 0.00341032 0.003295
0 -0.000546814 0.00159454 0.000183587
0 -0.0012875 -0.000922214 -0.00399699
0 -0.00235131 -0.00404459 -0.00894648
0 -0.00368544 -0.0076163 -0.01431
0 -0.00516676 -0.0114302 -0.0197431
0 -0.00666234 -0.0152318 -0.0249543
0 -0.00802234 -0.0187151 -0.0296954
0 -0.00909185 -0.0215757 -0.0337482
0 -0.00983097 -0.0236628 -0.0369595
0 -0.0102958 -0.0250014 -0.0392357
0 -0.0105307 -0.0256784 -0.0405067
0 -0.010589 -0.0258048 -0.0407642
0 -0.0105304 -0.0254831 -0.0400783
0 -0.0103461 -0.024728 -0.0385628
0 -0.00998099 -0.0234973 -0.0363663
0 -0.00942373 -0.0218132 -0.0336814
0 -0.00870675 -0.0197895 -0.0307191
0 -0.00786127 -0.0175722 -0.0276538
0 -0.0069322 -0.0153168 -0.0246009
0 -0.00604566 -0.013213 -0.0217062
0 -0.00537699 -0.0114625 -0.0191874
0 -0.00497731 -0.0101783 -0.017187
0 -0.00467179 -0.00925303 -0.0156436
0 -0.00419132 -0.00837344 -0.0143453
0 -0.00339658 -0.007221 -0.0130713
0 -0.00231299 -0.00558184 -0.0116024
0 -0.00102734 -0.00336122 -0.00965671
0 0.000348376 -0.000638414 -0.00697155
0 0.00166676 0.00234933 -0.0034339
0 0.00278654 0.00534469 0.00088366
0 0.00365113 0.00820189 0.00574356
0 0.00431755 0.0109094 0.0108065
0 0.00491503 0.0135225 0.0157089
0 0.00558253 0.0160776 0.0201284
0 0.00642162 0.0185564 0.023849
0 0.00745566 0.020903 0.0267936
0 0.00862559 0.0230667 0.0290296
0 0.00980119 0.0250012 0.0307195
0 0.0107155 0.0265251 0.0319351
0 0.0109895 0.027242 0.0325347
0 0.0103507 0.0266934 0.0322373
0 0.00877408 0.0245271 0.03065
0 0.00637587 0.0205421 0.0272263
0 0.00328689 0.0147279 0.0213511
0 -0.000285709 0.00727414 0.0125706
0 -0.00409094 -0.00152058 0.000811286
0 -0.00793071 -0.0113464 -0.0135791
0 -0.0116516 -0.0219916 -0.029932
0 -0.0152578 -0.0332337 -0.0474852
0 -0.0189503 -0.044702 -0.0654639
0 -0.0231093 -0.0563307 -0.0831769
0 -0.0278423 -0.0681391 -0.100197
0 -0.0327029 -0.0795793 -0.116328
0 -0.0375262 -0.0903648 -0.131638
0 -0.0424691 -0.10078 -0.146327
0 -0.0473253 -0.110705 -0.160503
0 -0.0518062 -0.11979 -0.174118
0 -0.0558431 -0.128024 -0.186995
0 -0.0593256 -0.135379 -0.19889
0 -0.0620144 -0.141633 -0.209528
0 -0.0637214 -0.146565 -0.21854
0 -0.0642875 -0.149865 -0.225441
0 -0.0635276 -0.151012 -0.229756
0 -0.0616629 -0.149627 -0.231088
0 -0.0592647 -0.145821 -0.229075
0 -0.0565885 -0.140067 -0.223331
0 -0.0536732 -0.132837 -0.213706
0 -0.0504925 -0.124308 -0.200523
0 -0.0469248 -0.114448 -0.184509
0 -0.0430391 -0.103329 -0.16683
0 -0.0389252 -0.0911894 -0.148565
0 -0.0345442 -0.0785186 -0.130292
0 -0.0301445 -0.0663118 -0.112667
0 -0.0263811 -0.0557894 -0.0966131
0 -0.0237707 -0.0476946 -0.0828268
0 -0.0221217 -0.0418825 -0.071465
0 -0.0207974 -0.0376127 -0.0623513
0 -0.0196089 -0.0343827 -0.0555882
0 -0.0189177 -0.0322381 -0.051634
0 -0.0186565 -0.0311053 -0.0504096
0 -0.0180002 -0.0303176 -0.0508197
0 -0.0164275 -0.0292839 -0.0517432
0 -0.0145549 -0.0282065 -0.0528869
0 -0.013531 -0.0276748 -0.0542361
0 -0.0139714 -0.0281485 -0.0556521
0 -0.0155818 -0.0298931 -0.0570151
0 -0.0175337 -0.0326776 -0.0582336
0 -0.0191114 -0.0356584 -0.0593769
0 -0.0199865 -0.0379321 -0.0607586
0 -0.02026 -0.0391055 -0.0627361
0 -0.0202405 -0.0394092 -0.0653431
0 -0.0200391 -0.0394628 -0.0681497
0 -0.0196248 -0.0397688 -0.0705011
0 -0.0191501 -0.0403703 -0.0718759
0 -0.0190179 -0.0410495 -0.0722118
0 -0.0195512 -0.0416079 -0.0718216
0 -0.0206809 -0.0420328 -0.0710833
0 -0.0220824 -0.042658 -0.070479
0 -0.0234722 -0.0439868 -0.0706541
0 -0.0246671 -0.0461883 -0.0721493
0 -0.0254116 -0.0487492 -0.0750245
0 -0.0253513 -0.050672 -0.0786952
0 -0.0243158 -0.0511178 -0.0821636
0 -0.0225308 -0.0498785 -0.0843824
0 -0.0205609 -0.0473736 -0.0845516
0 -0.019059 -0.0443964 -0.0822896
0 -0.0184619 -0.0417313 -0.07772
0 -0.0187362 -0.0397017 -0.0715014
0 -0.0194583 -0.0380805 -0.0645623
0 -0.0200718 -0.0363638 -0.0578065
0 -0.0199342 -0.0340478 -0.0519297
0 -0.0186393 -0.0309111 -0.0472997
0 -0.0164146 -0.027161 -0.0439976
0 -0.0139225 -0.0233458 -0.0418818
0 -0.0118434 -0.0202096 -0.0406586
0 -0.0107383 -0.0185157 -0.0400251
0 -0.0110067 -0.0187821 -0.0399572
0 -0.0127505 -0.0212064 -0.0409036
0 -0.0157875 -0.0257475 -0.0436221
0 -0.0196513 -0.0320654 -0.0488309
0 -0.0235293 -0.0395187 -0.0568889
0 -0.0268038 -0.0475157 -0.0677372
0 -0.0295075 -0.0558346 -0.0810667
0 -0.0319853 -0.0645804 -0.096306
0 -0.0345597 -0.073823 -0.112573
0 -0.0373584 -0.0832887 -0.128739
0 -0.0402872 -0.0926536 -0.143667
0 -0.0433622 -0.101628 -0.156644
0 -0.0466225 -0.109591 -0.167461
0 -0.0497176 -0.116039 -0.176151
0 -0.0523636 -0.121127 -0.182858
0 -0.0545421 -0.125075 -0.187773
0 -0.0559843 -0.127783 -0.190986
0 -0.0564167 -0.12914 -0.192525
0 -0.055901 -0.128925 -0.192375
0 -0.0544939 -0.126735 -0.190274
0 -0.0521217 -0.12235 -0.185778
0 -0.0488594 -0.115824 -0.17844
0 -0.04491 -0.107314 -0.167992
0 -0.0405275 -0.0971853 -0.154573
0 -0.0361304 -0.0860021 -0.13876
0 -0.0320917 -0.074397 -0.121476
0 -0.0284968 -0.0630281 -0.103741
0 -0.0252745 -0.0524036 -0.0864197
0 -0.0223854 -0.0428688 -0.0702183
0 -0.0198224 -0.0346639 -0.0558166
0 -0.0175583 -0.0278543 -0.0438012
0 -0.0155891 -0.022371 -0.0344898
0 -0.0139431 -0.0181418 -0.0279622
0 -0.0126124 -0.0151561 -0.0241428
0 -0.0115396 -0.0134106 -0.0227253
0 -0.010675 -0.0127344 -0.0232041
0 -0.0100172 -0.0128716 -0.0250157
0 -0.00965658 -0.013705 -0.0275799
0 -0.00978708 -0.0151055 -0.03043
0 -0.0105844 -0.0170112 -0.0333565
0 -0.0120768 -0.0196037 -0.0363766
0 -0.014118 -0.0230085 -0.039687
0 -0.0164464 -0.0271538 -0.0436151
0 -0.0188242 -0.031891 -0.0485306
0 -0.0211281 -0.0370184 -0.054733
0 -0.0233407 -0.0423833 -0.0623252
0 -0.0254791 -0.0480389 -0.0711575
0 -0.0275239 -0.0540619 -0.0808383
0 -0.0294324 -0.0602684 -0.0907959
0 -0.0311722 -0.0662945 -0.100368
0 -0.032715 -0.0717262 -0.108933
0 -0.0339931 -0.0761178 -0.115995
0 -0.0348846 -0.0791072 -0.121089
0 -0.0352839 -0.0805374 -0.123842
0 -0.0351776 -0.0804574 -0.124112
0 -0.0346516 -0.0790128 -0.121973
0 -0.0338233 -0.0763962 -0.117727
0 -0.0327874 -0.072875 -0.111888
0 -0.0316031 -0.0687351 -0.105064
0 -0.030274 -0.0642691 -0.0978507
0 -0.0287752 -0.0597807 -0.0907691
0 -0.0271511 -0.0554792 -0.0842447
0 -0.0255265 -0.0514907 -0.0785772
0 -0.0240412 -0.0479839 -0.0739533
0 -0.0228554 -0.0451932 -0.0704948
0 -0.0221016 -0.0433384 -0.0682396
0 -0.0217489 -0.0424732 -0.0670895
0 -0.0215844 -0.0423635 -0.066811
0 -0.0214165 -0.0426077 -0.0671316
0 -0.0212249 -0.0428666 -0.0678365
0 -0.0210275 -0.0429479 -0.0686924
0 -0.0207199 -0.0427164 -0.0693071
0 -0.0201641 -0.0420456 -0.0692248
0 -0.0194082 -0.0409339 -0.0682059
0 -0.0186802 -0.0394925 -0.0662809
0 -0.0181657 -0.0378408 -0.0636248
0 -0.0178292 -0.0360618 -0.0604408
0 -0.017421 -0.0341272 -0.0568742
0 -0.0167125 -0.031949 -0.0530894
0 -0.0156886 -0.0295103 -0.0493414
0 -0.0144912 -0.0268811 -0.0458668
0 -0.0133112 -0.024249 -0.042814
0 -0.0123666 -0.0219731 -0.0403048
0 -0.0118734 -0.020497 -0.0384941
0 -0.0120124 -0.0201986 -0.0376113
0 -0.0128375 -0.0212828 -0.0379719
0 -0.014262 -0.0237437 -0.0399267
0 -0.0161736 -0.0274265 -0.0437857
0 -0.0184207 -0.0321727 -0.0497322
0 -0.020829 -0.0378884 -0.0577481
0 -0.0232754 -0.044422 -0.0675377
0 -0.0256719 -0.0514829 -0.0785103
0 -0.0279668 -0.0587526 -0.089975
0 -0.0301908 -0.0659036 -0.101302
0 -0.0324733 -0.0726322 -0.111932
0 -0.0348777 -0.0788651 -0.121468
0 -0.0372824 -0.0846685 -0.129622
0 -0.0395166 -0.0898874 -0.136186
0 -0.0414374 -0.0941387 -0.141164
0 -0.0428473 -0.0971568 -0.144651
0 -0.0435506 -0.0987889 -0.146687
0 -0.0434696 -0.0988439 -0.147223
0 -0.0425921 -0.0972932 -0.146069
0 -0.0409529 -0.0942771 -0.142977
0 -0.0387242 -0.0898922 -0.137791
0 -0.0361764 -0.084293 -0.130563
0 -0.0335338 -0.0777741 -0.121531
0 -0.0309217 -0.0705758 -0.111069
0 -0.0282821 -0.0628958 -0.0995633
0 -0.0253989 -0.0549346 -0.087402
0 -0.0221956 -0.0467262 -0.0750348
0 -0.0188164 -0.0382783 -0.0628194
0 -0.015457 -0.0298329 -0.0510628
0 -0.012297 -0.0217889 -0.0400613
0 -0.00947513 -0.0145045 -0.0299306
0 -0.00706102 -0.00821573 -0.0206957
0 -0.00507502 -0.00302912 -0.0124357
0 -0.00353144 0.00109503 -0.00525378
0 -0.00244919 0.00430231 0.000714814
0 -0.00180812 0.00671569 0.00531986
0 -0.00152363 0.00833508 0.00847165
0 -0.00149318 0.00908275 0.0101382
0 -0.00161682 0.00895087 0.0103072
0 -0.00180107 0.00810443 0.00905961
0 -0.00204248 0.00675266 0.00660593
0 -0.00243368 0.00497733 0.00320801
0 -0.00305815 0.00280272 -0.000812177
0 -0.00395596 0.000227717 -0.00511333
0 -0.00513966 -0.00277488 -0.00945583
0 -0.00657782 -0.00613143 -0.0137149
0 -0.00819766 -0.00966997 -0.0178903
0 -0.00996427 -0.0133023 -0.0221458
0 -0.0118898 -0.0170972 -0.0267422
0 -0.0139507 -0.0211918 -0.0319148
0 -0.0160919 -0.025745 -0.0378357
0 -0.0182991 -0.030878 -0.0446271
0 -0.0206414 -0.0366225 -0.0523797
0 -0.0232296 -0.0429891 -0.0611553
0 -0.0261064 -0.0499854 -0.0709471
0 -0.0291526 -0.0575203 -0.0815977
0 -0.0321352 -0.0653499 -0.0927974
0 -0.0349048 -0.073138 -0.104223
0 -0.0375219 -0.0806208 -0.115595
0 -0.0399859 -0.0876274 -0.12661
0 -0.042077 -0.0938439 -0.13691
0 -0.0437518 -0.0990154 -0.146132
0 -0.0451238 -0.103247 -0.15395
0 -0.0461276 -0.106596 -0.160083
0 -0.0466821 -0.108893 -0.16432
0 -0.0468516 -0.110014 -0.166512
0 -0.0466446 -0.109869 -0.166546
0 -0.0460248 -0.108388 -0.164426
0 -0.0450202 -0.105603 -0.160281
0 -0.0435395 -0.101572 -0.154292
0 -0.0414619 -0.0963252 -0.146705
0 -0.0388122 -0.0899353 -0.137796
0 -0.0356503 -0.0825147 -0.127799
0 -0.0321138 -0.0742418 -0.116883
0 -0.0283917 -0.0653863 -0.105146
0 -0.0245541 -0.0561976 -0.0926964
0 -0.0206796 -0.0468282 -0.0796781
0 -0.016967 -0.0374578 -0.0662794
0 -0.0136126 -0.0283807 -0.0528142
0 -0.0107258 -0.0199155 -0.0396989
0 -0.00833964 -0.0123422 -0.0273312
0 -0.0064641 -0.00593413 -0.0161017
0 -0.0051556 -0.000965768 -0.00646694
0 -0.00451003 0.00236125 0.00106659
0 -0.0045346 0.00401002 0.00605715
0 -0.00505665 0.00412069 0.00825396
0 -0.00577475 0.00292719 0.00760569
0 -0.0064387 0.000787322 0.00433012
0 -0.00701896 -0.00197478 -0.00109704
0 -0.00767636 -0.00538537 -0.00812731
0 -0.00866906 -0.00957541 -0.016125
0 -0.0102689 -0.0145791 -0.0244834
0 -0.012626 -0.0204785 -0.0328595
0 -0.0157299 -0.0272273 -0.0411564
0 -0.0193964 -0.0345639 -0.0494951
0 -0.0232773 -0.0422652 -0.0581767
0 -0.0270381 -0.0501707 -0.0675336
0 -0.0304237 -0.0580355 -0.0777508
0 -0.033171 -0.0655088 -0.0886942
0 -0.0351083 -0.0722366 -0.0999334
0 -0.0363401 -0.0780066 -0.110925
0 -0.0370724 -0.0827875 -0.121083
0 -0.0373803 -0.0864246 -0.129684
0 -0.0373452 -0.0886134 -0.135984
0 -0.0370974 -0.0894013 -0.139468
0 -0.0366986 -0.0889831 -0.139783
0 -0.0361386 -0.0873493 -0.136923
0 -0.0353972 -0.084497 -0.131349
0 -0.0344084 -0.0804562 -0.123729
0 -0.0329957 -0.0752492 -0.11486
0 -0.0309957 -0.0690383 -0.105402
0 -0.0283629 -0.0621954 -0.0957499
0 -0.0252138 -0.0550385 -0.0861903
0 -0.021817 -0.0477106 -0.0768236
0 -0.0184544 -0.0403988 -0.0676274
0 -0.0153586 -0.0333177 -0.0585575
0 -0.0126531 -0.0265941 -0.049512
0 -0.0102937 -0.0203079 -0.0404093
0 -0.0081652 -0.0144722 -0.0312809
0 -0.00620014 -0.00899358 -0.0222447
0 -0.00437287 -0.00373624 -0.013455
0 -0.00261752 0.00139384 -0.00506262
0 -0.000823481 0.0064181 0.00285483
0 0.00106861 0.0112984 0.0102891
0 0.00297929 0.0159324 0.0171936
0 0.00471524 0.0201367 0.0234498
0 0.00608587 0.0236872 0.0289164
0 0.00697308 0.0263807 0.0334517
0 0.00731787 0.0280667 0.036917
0 0.00710507 0.0286542 0.039163
0 0.00642712 0.0281138 0.0399935
0 0.00541703 0.0264617 0.039151
0 0.00409186 0.0237853 0.0363599
0 0.00246848 0.0201919 0.0315201
0 0.0006073 0.0156471 0.0247235
0 -0.0015161 0.0100499 0.016134
0 -0.00399193 0.00336314 0.00606699
0 -0.0069762 -0.00442679 -0.00518509
0 -0.0106084 -0.0133044 -0.0174652
0 -0.014815 -0.02312 -0.0305982
0 -0.019353 -0.0335891 -0.0444448
0 -0.0239576 -0.0444484 -0.0589141
0 -0.0284293 -0.0554832 -0.0739314
0 -0.0328354 -0.066468 -0.0894945
0 -0.0373156 -0.0773201 -0.105567
0 -0.0415771 -0.0880314 -0.121966
0 -0.0452785 -0.098224 -0.138309
0 -0.0484728 -0.107467 -0.154136
0 -0.0512234 -0.115768 -0.169096
0 -0.0534564 -0.123085 -0.182812
0 -0.0551988 -0.129199 -0.194889
0 -0.0565739 -0.134133 -0.20503
0 -0.0576116 -0.138002 -0.21297
0 -0.05831 -0.140735 -0.218499
0 -0.0587316 -0.14226 -0.22149
0 -0.0588406 -0.142575 -0.221866
0 -0.0585682 -0.141603 -0.219765
0 -0.05791 -0.139269 -0.215526
0 -0.0567509 -0.135577 -0.20952
0 -0.0549514 -0.130602 -0.202193
0 -0.052495 -0.124534 -0.193882
0 -0.0494252 -0.117577 -0.184743
0 -0.0458696 -0.109841 -0.174853
0 -0.04205 -0.101459 -0.164171
0 -0.0381678 -0.0926022 -0.152649
0 -0.0343156 -0.0833928 -0.140277
0 -0.0305166 -0.0739323 -0.127057
0 -0.0267832 -0.0643212 -0.113051
0 -0.0230946 -0.0545846 -0.0983841
0 -0.019387 -0.0446862 -0.0832244
0 -0.0156197 -0.0346356 -0.0677623
0 -0.0118263 -0.0245522 -0.0521731
0 -0.00807041 -0.0146081 -0.0365883
0 -0.00439172 -0.00493701 -0.0211124
0 -0.000835623 0.00436711 -0.00586215
0 0.0025078 0.0132035 0.0089995
0 0.00552558 0.0214444 0.023248
0 0.00813137 0.0289457 0.0366363
0 0.0102817 0.035562 0.048917
0 0.01188 0.0410857 0.0597779
0 0.0127848 0.0450521 0.0687246
0 0.0131873 0.0475618 0.0752563
0 0.0133659 0.0492697 0.0796185
0 0.0131697 0.0498673 0.0821033
0 0.0125607 0.0490691 0.0820663
0 0.0116731 0.0471769 0.079401
0 0.010443 0.0439733 0.0743723
0 0.00884564 0.0393244 0.0669464
0 0.00682355 0.0334171 0.0577167
0 0.00425011 0.0263132 0.047124
0 0.00107373 0.0181422 0.0353642
0 -0.0026773 0.00912682 0.0228916
0 -0.00679324 -0.000496194 0.00987247
0 -0.0109734 -0.0104691 -0.00362853
0 -0.015041 -0.0205237 -0.0174478
0 -0.0189054 -0.030387 -0.0315258
0 -0.02247 -0.0398686 -0.0457847
0 -0.0256604 -0.0488594 -0.0600053
0 -0.0284404 -0.057225 -0.0739372
0 -0.0308949 -0.0648194 -0.0873048
0 -0.0330866 -0.0715881 -0.0997489
0 -0.034879 -0.077595 -0.110943
0 -0.0361939 -0.0826642 -0.120636
0 -0.0370575 -0.0864181 -0.128481
0 -0.0375128 -0.0888271 -0.134081
0 -0.0375613 -0.0899705 -0.137178
0 -0.0371947 -0.0897794 -0.137581
0 -0.0365367 -0.0882346 -0.135257
0 -0.0356045 -0.0854097 -0.130496
0 -0.0343271 -0.081372 -0.123716
0 -0.0326749 -0.0761624 -0.11537
0 -0.0305201 -0.0699681 -0.105973
0 -0.0278684 -0.0630926 -0.0960271
0 -0.0249652 -0.0558547 -0.085918
0 -0.0219994 -0.0485876 -0.075952
0 -0.0190785 -0.0415348 -0.0663285
0 -0.0163602 -0.0348605 -0.0571081
0 -0.0139656 -0.0287347 -0.0483723
0 -0.0119098 -0.023261 -0.0402192
0 -0.0101607 -0.018422 -0.0327139
0 -0.00867337 -0.0141662 -0.0259571
0 -0.00741255 -0.0104916 -0.0200504
0 -0.00636286 -0.00741988 -0.0150814
0 -0.00551691 -0.00496084 -0.0111473
0 -0.0048839 -0.0031455 -0.00832252
0 -0.0044997 -0.00204843 -0.00665942
0 -0.0044006 -0.00174198 -0.00619422
0 -0.00458827 -0.00223276 -0.00691543
0 -0.0050542 -0.00348519 -0.00877246
0 -0.00581902 -0.0054853 -0.0116999
0 -0.00688904 -0.00819674 -0.0155923
0 -0.00822295 -0.0115237 -0.0203011
0 -0.0097638 -0.0153553 -0.0256679
0 -0.0114538 -0.019564 -0.0315291
0 -0.01323 -0.0239948 -0.037717
0 -0.015048 -0.028511 -0.0440652
0 -0.0168625 -0.0330057 -0.0504033
0 -0.0185916 -0.0373502 -0.056568
0 -0.0201746 -0.0414064 -0.0624104
0 -0.0215889 -0.0450856 -0.0677674
0 -0.0228002 -0.0483076 -0.0724779
0 -0.0237565 -0.050952 -0.076403
0 -0.0244145 -0.0528998 -0.0793993
0 -0.0247613 -0.0540741 -0.0813387
0 -0.024799 -0.0544328 -0.082129
0 -0.0245372 -0.0539632 -0.0817061
0 -0.024016 -0.0527163 -0.0800648
0 -0.0232804 -0.0507905 -0.0772806
0 -0.0223531 -0.0482749 -0.0735005
0 -0.0212638 -0.045273 -0.0689422
0 -0.0200431 -0.0419149 -0.0638701
0 -0.0187115 -0.0383312 -0.0585553
0 -0.0173122 -0.0346736 -0.0532449
0 -0.0158793 -0.0310617 -0.0480998
0 -0.0144013 -0.0275209 -0.043201
0 -0.0129033 -0.0240833 -0.0386059
0 -0.0114776 -0.0208348 -0.0343356
0 -0.010206 -0.0178513 -0.0303995
0 -0.00914367 -0.0152189 -0.0268335
0 -0.00835221 -0.013065 -0.0237027
0 -0.00788283 -0.011505 -0.0211256
0 -0.00774747 -0.010611 -0.0192726
0 -0.00794089 -0.0104454 -0.0183422
0 -0.00843243 -0.0110524 -0.0185286
0 -0.00914105 -0.0124025 -0.0199624
0 -0.00998427 -0.0144057 -0.0226575
0 -0.0109134 -0.0169679 -0.0265093
0 -0.0119146 -0.0199921 -0.0313083
0 -0.0130093 -0.0233687 -0.0367494
0 -0.0142351 -0.0270034 -0.0424977
0 -0.0156353 -0.0308322 -0.0482587
0 -0.0172248 -0.0347751 -0.0538205
0 -0.018947 -0.0387149 -0.0590706
0 -0.0207155 -0.0425693 -0.0639745
0 -0.0224537 -0.0462929 -0.0685821
0 -0.0240797 -0.0498267 -0.0729852
0 -0.0255119 -0.0531024 -0.0772466
0 -0.0267026 -0.0560654 -0.0813843
0 -0.0276446 -0.058676 -0.0853454
0 -0.0283189 -0.0608638 -0.0889759
0 -0.0286745 -0.0625037 -0.0920288
0 -0.0286936 -0.0634627 -0.0942219
0 -0.0284105 -0.0636349 -0.0952954
0 -0.0278796 -0.0629538 -0.0950332
0 -0.0271561 -0.0614263 -0.0932918
0 -0.026268 -0.059132 -0.0900567
0 -0.0252286 -0.0561758 -0.0854748
0 -0.0240487 -0.0526668 -0.0798373
0 -0.022724 -0.0487234 -0.0735302
0 -0.0212433 -0.0444718 -0.0669491
0 -0.0196173 -0.0400696 -0.0604379
0 -0.0178766 -0.0356709 -0.0542317
0 -0.0160503 -0.0313674 -0.0484294
0 -0.0142172 -0.0272582 -0.0430849
0 -0.0125249 -0.0234824 -0.0382338
0 -0.0110932 -0.0201453 -0.0338598
0 -0.0099495 -0.0172977 -0.0299422
0 -0.00907058 -0.0149612 -0.0264797
0 -0.00843663 -0.0131322 -0.0235004
0 -0.00802525 -0.0117762 -0.0210902
0 -0.00781032 -0.0108704 -0.0193705
0 -0.0077976 -0.0104593 -0.0184688
0 -0.0080052 -0.0106292 -0.0185034
0 -0.00841159 -0.0114354 -0.0195416
0 -0.00900047 -0.0128978 -0.0215924
0 -0.00981032 -0.0150235 -0.0246351
0 -0.010878 -0.0177825 -0.0286046
0 -0.0122006 -0.0211076 -0.0333783
0 -0.0137285 -0.0249025 -0.0387798
0 -0.0153559 -0.0290077 -0.0445774
0 -0.0169875 -0.0332252 -0.0505208
0 -0.0185654 -0.0373613 -0.0563953
0 -0.0200286 -0.0412267 -0.0620221
0 -0.0213487 -0.0446923 -0.0672117
0 -0.0225147 -0.0477158 -0.0717719
0 -0.0234811 -0.0502638 -0.0755532
0 -0.0242002 -0.0522543 -0.0784359
0 -0.0246517 -0.0535826 -0.0803269
0 -0.0248272 -0.0541627 -0.0811735
0 -0.024708 -0.0539339 -0.0809382
0 -0.0242904 -0.0529003 -0.0796097
0 -0.0236102 -0.051165 -0.0772431
0 -0.0227162 -0.0488638 -0.073959
0 -0.0216669 -0.0461249 -0.0699344
0 -0.0205326 -0.0430884 -0.0653992
0 -0.0193583 -0.0398855 -0.0606014
0 -0.0181672 -0.0366402 -0.0557815
0 -0.0169785 -0.033475 -0.0511356
0 -0.0157855 -0.0304547 -0.0467906
0 -0.0145948 -0.0276089 -0.0428479
0 -0.0134753 -0.0250113 -0.0393821
0 -0.0124986 -0.0227422 -0.0364147
0 -0.0116833 -0.0208366 -0.0339343
0 -0.0110281 -0.0193106 -0.0319054
0 -0.0105335 -0.0181611 -0.0302878
0 -0.0101851 -0.0173413 -0.0290625
0 -0.00996725 -0.0167981 -0.0282285
0 -0.00988291 -0.0165202 -0.0277945
0 -0.00993271 -0.0165269 -0.0277773
0 -0.0101059 -0.0168474 -0.0281982
0 -0.0104126 -0.017524 -0.0290864
0 -0.0108771 -0.0185872 -0.030472
0 -0.0114902 -0.0200167 -0.0323571
0 -0.0122063 -0.0217433 -0.0346971
0 -0.0129674 -0.023669 -0.0373994
0 -0.013718 -0.0256838 -0.0403382
0 -0.0144315 -0.0276933 -0.0433742
0 -0.0151162 -0.0296361 -0.0463665
0 -0.0157887 -0.0314793 -0.0491824
0 -0.0164632 -0.0332087 -0.0517173
0 -0.0171461 -0.0348117 -0.053912
0 -0.0178198 -0.0362667 -0.055753
0 -0.0184508 -0.0375531 -0.0572657
0 -0.0190057 -0.0386488 -0.0585012
0 -0.0194475 -0.039528 -0.0595106
0 -0.0197474 -0.0401764 -0.0603312
0 -0.0199071 -0.0406026 -0.0609844
0 -0.0199537 -0.0408317 -0.0614673
0 -0.0199195 -0.0408947 -0.0617568
0 -0.0198433 -0.0408303 -0.0618295
0 -0.0197699 -0.0406823 -0.0616805
0 -0.0197284 -0.0404905 -0.0613361
0 -0.019724 -0.0402877 -0.0608563
0 -0.0197461 -0.0400933 -0.0603195
0 -0.0197662 -0.039912 -0.0598087
0 -0.0197534 -0.039742 -0.0593973
0 -0.0196948 -0.0395797 -0.0591294
0 -0.0195917 -0.039423 -0.0590122
0 -0.0194498 -0.0392667 -0.0590085
0 -0.0192698 -0.0390876 -0.0590321
0 -0.0190476 -0.0388443 -0.0589678
0 -0.0187896 -0.0384939 -0.0587086
0 -0.0185143 -0.0380072 -0.0581796
0 -0.018234 -0.0373713 -0.0573434
0 -0.0179499 -0.036597 -0.0562072
0 -0.0176655 -0.0357253 -0.0548337
0 -0.0173901 -0.0348167 -0.0533324
0 -0.0171346 -0.0339366 -0.0518409
0 -0.0169093 -0.0331461 -0.0504975
0 -0.016726 -0.0325007 -0.0494279
0 -0.0165994 -0.03206 -0.0487377
0 -0.0165419 -0.0318769 -0.0484848
0 -0.0165539 -0.0319671 -0.0486716
0 -0.0166256 -0.0323015 -0.0492505
0 -0.0167531 -0.0328294 -0.0501412
0 -0.016944 -0.0334995 -0.0512534
0 -0.0172022 -0.03427 -0.0524912
0 -0.0175157 -0.0351044 -0.0537612
0 -0.0178533 -0.0359557 -0.0549785
0 -0.0181728 -0.0367586 -0.0560674
0 -0.0184326 -0.0374348 -0.0569658
0 -0.0185965 -0.0379037 -0.0576206
0 -0.018634 -0.038097 -0.0579736
0 -0.0185196 -0.0379656 -0.0579549
0 -0.0182329 -0.0374729 -0.0574826
0 -0.0177667 -0.0365908 -0.0564756
0 -0.0171345 -0.0353031 -0.0548758
0 -0.0163692 -0.0336125 -0.0526601
0 -0.0155114 -0.0315492 -0.0498456
0 -0.0145759 -0.0291726 -0.0464917
0 -0.0135561 -0.0265423 -0.0426902
0 -0.0124726 -0.0237165 -0.0385696
0 -0.0113657 -0.0207957 -0.0343036
0 -0.0102786 -0.0179051 -0.0300814
0 -0.009264 -0.0151643 -0.0260846
0 -0.00837162 -0.0127068 -0.022485
0 -0.00765012 -0.0106721 -0.0194459
0 -0.00715033 -0.00917528 -0.0171218
0 -0.00690764 -0.00830183 -0.0156441
0 -0.00693569 -0.00811185 -0.0151202
0 -0.00722996 -0.00863408 -0.0156353
0 -0.00777521 -0.00986169 -0.0172311
0 -0.00855751 -0.0117672 -0.0198916
0 -0.00955843 -0.0143084 -0.023543
0 -0.0107583 -0.0174182 -0.0280576
0 -0.0121518 -0.0210213 -0.0332789
0 -0.0137361 -0.0250452 -0.0390459
0 -0.0155027 -0.0294127 -0.0452015
0 -0.0174343 -0.0340498 -0.0516001
0 -0.0194563 -0.0388451 -0.0581182
0 -0.021439 -0.0436218 -0.0646363
0 -0.0232866 -0.048215 -0.0710126
0 -0.0249477 -0.0524945 -0.0771056
0 -0.0263671 -0.0563271 -0.0827705
0 -0.0275013 -0.0595932 -0.0878322
0 -0.0283513 -0.0622207 -0.092111
0 -0.0289445 -0.0641816 -0.0954471
0 -0.029302 -0.0654594 -0.0977107
0 -0.0294488 -0.0660498 -0.0988215
0 -0.0294217 -0.0659837 -0.0987597
0 -0.0292436 -0.0653111 -0.0975798
0 -0.0288961 -0.0640677 -0.0954145
0 -0.028341 -0.062287 -0.0924499
0 -0.0275569 -0.0600241 -0.0888985
0 -0.0265352 -0.0573425 -0.0849593
0 -0.0252905 -0.0543193 -0.0807844
0 -0.0238819 -0.0510616 -0.0764778
0 -0.0223931 -0.047688 -0.0721008
0 -0.0209134 -0.0443091 -0.0676862
0 -0.0195235 -0.0410235 -0.0632607
0 -0.0182512 -0.0378943 -0.0588625
0 -0.017077 -0.0349317 -0.0545497
0 -0.016 -0.0321365 -0.0503969
0 -0.015026 -0.0295255 -0.046496
0 -0.0141254 -0.0271111 -0.0429369
0 -0.0132672 -0.024904 -0.0397759
0 -0.0124543 -0.0229276 -0.0370426
0 -0.0117048 -0.0212078 -0.0347454
0 -0.0110368 -0.0197496 -0.0328656
0 -0.0104761 -0.0185472 -0.0313661
0 -0.0100409 -0.0176004 -0.0301972
0 -0.00972114 -0.0168953 -0.0293014
0 -0.0094943 -0.0163968 -0.0286284
0 -0.00935012 -0.0160721 -0.0281493
0 -0.0092893 -0.0159044 -0.0278591
0 -0.00931608 -0.0158921 -0.0277758
0 -0.00944091 -0.0160626 -0.0279399
0 -0.00967941 -0.0164718 -0.0284089
0 -0.0100461 -0.0171776 -0.0292483
0 -0.0105472 -0.0182199 -0.0305223
0 -0.0111767 -0.0196079 -0.0322768
0 -0.0119173 -0.0213174 -0.034527
0 -0.0127404 -0.0233014 -0.0372485
0 -0.013617 -0.0255031 -0.0403765
0 -0.0145323 -0.0278694 -0.0438168
0 -0.0154822 -0.0303518 -0.0474559
0 -0.0164665 -0.0329031 -0.0511722
0 -0.0174928 -0.0354814 -0.0548524
0 -0.0185537 -0.0380418 -0.0584085
0 -0.0196088 -0.0405206 -0.0617776
0 -0.0206222 -0.042861 -0.0649169
0 -0.021572 -0.0450358 -0.0678098
0 -0.0224246 -0.0470153 -0.0704453
0 -0.0231419 -0.0487484 -0.0727995
0 -0.0237082 -0.0501951 -0.0748482
0 -0.0241336 -0.051341 -0.0765601
0 -0.0244316 -0.0521837 -0.0778964
0 -0.0246151 -0.0527322 -0.0788196
0 -0.0246961 -0.0530012 -0.0792905
0 -0.0246689 -0.0529816 -0.0792759
0 -0.0245176 -0.0526429 -0.0787614
0 -0.0242378 -0.0519627 -0.0777563
0 -0.0238296 -0.050938 -0.076292
0 -0.0232934 -0.0495911 -0.074415
0 -0.0226371 -0.0479687 -0.0721759
0 -0.0218686 -0.0461174 -0.0696221
0 -0.0210005 -0.0440727 -0.0668024
0 -0.0200621 -0.0418706 -0.0637725
0 -0.0190892 -0.0395561 -0.0605949
0 -0.0181208 -0.0371913 -0.0573314
0 -0.0171813 -0.0348433 -0.0540434
0 -0.0162767 -0.0325678 -0.0508089
0 -0.0154507 -0.0304403 -0.0477377
0 -0.0147812 -0.0285803 -0.0449793
0 -0.0143222 -0.0271184 -0.0427042
0 -0.0140961 -0.0261668 -0.0410722
0 -0.014102 -0.0258068 -0.0402208
0 -0.014312 -0.0260663 -0.0402569
0 -0.0146866 -0.0269064 -0.0412343
0 -0.0151928 -0.0282432 -0.0431272
0 -0.0157856 -0.0299682 -0.0458035
0 -0.0164004 -0.0319405 -0.0490246
0 -0.0169935 -0.034007 -0.0524884
0 -0.0175616 -0.0360384 -0.0558928
0 -0.0181341 -0.0379345 -0.0589874
0 -0.0187387 -0.0396104 -0.061578
0 -0.0193585 -0.0410152 -0.0635385
0 -0.0199495 -0.0421477 -0.064849
0 -0.0204691 -0.0430087 -0.0655777
0 -0.0208642 -0.0435691 -0.0658407
0 -0.0210777 -0.0437964 -0.0657676
0 -0.0210696 -0.0436652 -0.0654466
0 -0.0208194 -0.0431598 -0.0648968
0 -0.0203356 -0.0422966 -0.0640803
0 -0.0196745 -0.0411216 -0.0629238
0 -0.0189204 -0.0396865 -0.0613502
0 -0.0181511 -0.0380471 -0.0593155
0 -0.0174272 -0.0362615 -0.0568299
0 -0.0167648 -0.0343862 -0.0539701
0 -0.0161281 -0.0324673 -0.0508735
0 -0.0154825 -0.0305187 -0.0477026
0 -0.0148047 -0.0285522 -0.044619
0 -0.0140756 -0.0266133 -0.0417726
0 -0.0133086 -0.0247593 -0.0392597
0 -0.0125461 -0.0230509 -0.0371135
0 -0.0118353 -0.0215543 -0.0353284
0 -0.0112288 -0.0203181 -0.0338688
0 -0.0107778 -0.0193671 -0.0326981
0 -0.0105151 -0.0187233 -0.0318084
0 -0.0104525 -0.0184101 -0.0312243
0 -0.0105836 -0.0184462 -0.0310046
0 -0.0108776 -0.0188427 -0.0312293
0 -0.0112902 -0.0195937 -0.0319735
0 -0.0117872 -0.0206711 -0.0332886
0 -0.0123492 -0.0220428 -0.0351853
0 -0.0129716 -0.0236846 -0.0376224
0 -0.0136605 -0.0255696 -0.0405048
0 -0.0144185 -0.0276598 -0.0436945
0 -0.0152422 -0.0299024 -0.047038
0 -0.0161266 -0.0322268 -0.0503934
0 -0.0170623 -0.0345608 -0.0536485
0 -0.0180329 -0.0368418 -0.0567306
0 -0.0189951 -0.0390046 -0.0595952
0 -0.0198796 -0.0409881 -0.0622114
0 -0.0206393 -0.042751 -0.0645606
0 -0.0212549 -0.0442576 -0.0666236
0 -0.0217121 -0.0454667 -0.0683674
0 -0.0220123 -0.0463487 -0.0697471
0 -0.0221749 -0.0468982 -0.0707101
0 -0.0222194 -0.0471256 -0.0712047
0 -0.0221601 -0.0470495 -0.0711985
0 -0.0220194 -0.0466973 -0.0706939
0 -0.0218138 -0.0460955 -0.0697299
0 -0.0215382 -0.0452618 -0.0683784
0 -0.0211848 -0.0442189 -0.0667307
0 -0.0207453 -0.0429972 -0.0648807
0 -0.0202103 -0.0416299 -0.062913
0 -0.0195957 -0.040163 -0.0608986
0 -0.0189465 -0.0386614 -0.0588973
0 -0.0183187 -0.0372008 -0.0569619
0 -0.0177699 -0.0358615 -0.0551476
0 -0.01733 -0.0347071 -0.0535049
0 -0.0169858 -0.0337615 -0.0520729
0 -0.0167131 -0.0330147 -0.0508857
0 -0.0164921 -0.0324396 -0.04997
0 -0.0163035 -0.0320018 -0.0493384
0 -0.016141 -0.0316804 -0.0489834
0 -0.0160134 -0.0314794 -0.0488744
0 -0.0159333 -0.0314142 -0.0489671
0 -0.0159153 -0.0314943 -0.0492135
0 -0.0159746 -0.031717 -0.0495724
0 -0.0161174 -0.0320664 -0.0500214
0 -0.0163373 -0.0325209 -0.0505573
0 -0.0166141 -0.0330625 -0.0511877
0 -0.0169182 -0.0336763 -0.0519244
0 -0.0172231 -0.0343478 -0.0527774
0 -0.0175161 -0.0350614 -0.0537469
0 -0.0177917 -0.0357955 -0.0548124
0 -0.0180471 -0.0365231 -0.0559281
0 -0.0182826 -0.0372195 -0.0570324
0 -0.0184988 -0.0378624 -0.0580608
0 -0.0186963 -0.0384296 -0.0589503
0 -0.0188739 -0.038902 -0.0596521
0 -0.0190254 -0.0392628 -0.0601398
0 -0.0191369 -0.0394923 -0.0603998
0 -0.019192 -0.0395722 -0.0604343
0 -0.0191801 -0.0394939 -0.0602612
0 -0.0191019 -0.0392654 -0.0599081
0 -0.0189708 -0.038914 -0.0594114
0 -0.018803 -0.0384768 -0.0588068
0 -0.0186097 -0.0379879 -0.0581226
0 -0.0184002 -0.0374718 -0.0573849
0 -0.0181853 -0.036945 -0.0566223
0 -0.0179755 -0.0364203 -0.055864
0 -0.0177792 -0.035912 -0.0551379
0 -0.0176014 -0.035439 -0.0544699
0 -0.0174427 -0.0350218 -0.0538811
0 -0.0173031 -0.0346746 -0.0533872
0 -0.0171854 -0.0344011 -0.0529989
0 -0.0170959 -0.034202 -0.0527243
0 -0.0170444 -0.0340832 -0.0525717
0 -0.0170398 -0.0340554 -0.0525471
0 -0.0170796 -0.0341277 -0.0526489
0 -0.0171531 -0.034297 -0.0528684
0 -0.017249 -0.0345457 -0.0531931
0 -0.0173586 -0.0348474 -0.0536067
0 -0.0174727 -0.035171 -0.0540841
0 -0.0175787 -0.0354864 -0.0545869
0 -0.0176619 -0.0357672 -0.0550659
0 -0.0177113 -0.0359886 -0.0554678
0 -0.0177214 -0.0361236 -0.0557416
0 -0.0176894 -0.0361441 -0.0558413
0 -0.0176136 -0.0360265 -0.0557317
0 -0.0174974 -0.0357636 -0.0553966
0 -0.0173508 -0.0353724 -0.0548465
0 -0.0171869 -0.0348878 -0.0541179
0 -0.0170181 -0.0343535 -0.0532695
0 -0.0168591 -0.0338168 -0.0523797
0 -0.0167237 -0.0333239 -0.0515381
0 -0.0166187 -0.0329154 -0.0508287
0 -0.0165408 -0.0326178 -0.0503144
0 -0.0164778 -0.032436 -0.050026
0 -0.0164126 -0.0323511 -0.0499534
0 -0.0163295 -0.0323228 -0.0500466
0 -0.0162262 -0.0323062 -0.0502304
0 -0.0161189 -0.0322744 -0.0504248
0 -0.0160369 -0.0322291 -0.0505643
0 -0.016013 -0.0321997 -0.0506167
0 -0.0160747 -0.0322343 -0.0505971
0 -0.0162354 -0.0323819 -0.0505692
0 -0.0164882 -0.0326755 -0.0506313
0 -0.0168042 -0.0331227 -0.0508892
0 -0.0171386 -0.0337051 -0.0514255
0 -0.0174446 -0.0343849 -0.0522736
0 -0.0176924 -0.035118 -0.0534076
0 -0.017883 -0.035869 -0.0547485
0 -0.0180457 -0.0366194 -0.05618
0 -0.0182183 -0.0373597 -0.057574
0 -0.0184282 -0.038073 -0.058809
0 -0.0186821 -0.038734 -0.0597902
0 -0.0189592 -0.0393118 -0.0604726
0 -0.0192217 -0.0397679 -0.0608601
0 -0.0194324 -0.0400657 -0.0609972
0 -0.0195564 -0.0401818 -0.0609466
0 -0.0195633 -0.0401055 -0.0607542
0 -0.0194367 -0.0398355 -0.0604356
0 -0.0191849 -0.0393833 -0.0599811
0 -0.0188388 -0.038769 -0.0593616
0 -0.0184385 -0.0380129 -0.0585369
0 -0.018022 -0.0371382 -0.0574754
0 -0.01762 -0.0361757 -0.0561727
0 -0.0172481 -0.035162 -0.0546629
0 -0.0169045 -0.0341325 -0.0530221
0 -0.0165782 -0.0331112 -0.051346
0 -0.0162539 -0.0321143 -0.0497332
0 -0.0159157 -0.0311614 -0.0482742
0 -0.0155558 -0.0302703 -0.0470245
0 -0.0151837 -0.0294583 -0.0460036
0 -0.0148272 -0.0287522 -0.0452077
0 -0.0145277 -0.0281854 -0.0446156
0 -0.0143255 -0.027791 -0.044205
0 -0.0142455 -0.0275967 -0.0439641
0 -0.0142965 -0.0276225 -0.0439031
0 -0.0144693 -0.0278723 -0.0440561
0 -0.014736 -0.0283314 -0.0444657
0 -0.0150607 -0.028971 -0.0451675
0 -0.0154126 -0.0297602 -0.0461797
0 -0.0157799 -0.0306811 -0.0474987
0 -0.016175 -0.0317346 -0.049098
0 -0.0166192 -0.03293 -0.0509289
0 -0.0171275 -0.0342683 -0.0529248
0 -0.0177026 -0.0357314 -0.0550138
0 -0.0183331 -0.0372754 -0.0571277
0 -0.0189812 -0.0388233 -0.059199
0 -0.0195853 -0.040277 -0.0611587
0 -0.020095 -0.0415511 -0.0629431
0 -0.0204836 -0.0425882 -0.0644854
0 -0.0207384 -0.0433513 -0.0657109
0 -0.0208669 -0.0438264 -0.066554
0 -0.0208974 -0.0440233 -0.0669708
0 -0.0208614 -0.0439657 -0.0669445
0 -0.0207756 -0.0436808 -0.0664908
0 -0.0206427 -0.0431971 -0.0656591
0 -0.0204585 -0.0425453 -0.0645316
0 -0.020217 -0.0417575 -0.0632131
0 -0.0199163 -0.0408694 -0.0618108
0 -0.0195597 -0.0399196 -0.0604113
0 -0.0191556 -0.0389449 -0.05907
0 -0.0187221 -0.0379786 -0.0578158
0 -0.0182861 -0.0370491 -0.0566544
0 -0.0178738 -0.0361735 -0.055572
0 -0.0175008 -0.0353609 -0.0545485
0 -0.017176 -0.0346196 -0.0535705
0 -0.0169078 -0.0339589 -0.0526399
0 -0.0167029 -0.0333919 -0.051782
0 -0.016564 -0.0329383 -0.05104
0 -0.0164844 -0.0326137 -0.0504612
0 -0.0164448 -0.0324179 -0.0500811
0 -0.0164205 -0.0323355 -0.0499136
0 -0.0163947 -0.03234 -0.0499494
0 -0.0163629 -0.0324015 -0.0501544
0 -0.0163331 -0.0324995 -0.050475
0 -0.0163199 -0.032627 -0.0508476
0 -0.0163343 -0.0327795 -0.0512078
0 -0.0163826 -0.0329528 -0.0515073
0 -0.0164711 -0.0331454 -0.0517309
0 -0.0166022 -0.0333569 -0.051897
0 -0.0167664 -0.0335877 -0.0520457
0 -0.0169418 -0.0338381 -0.0522229
0 -0.0171015 -0.0341044 -0.0524673
0 -0.0172277 -0.0343799 -0.0528026
0 -0.017318 -0.0346579 -0.0532319
0 -0.0173874 -0.0349373 -0.053739
0 -0.0174642 -0.0352323 -0.0542986
0 -0.0175766 -0.0355678 -0.0548827
0 -0.0177402 -0.0359649 -0.0554682
0 -0.0179549 -0.0364287 -0.056045
0 -0.0182086 -0.0369461 -0.05662
0 -0.0184792 -0.0374891 -0.05721
0 -0.0187346 -0.0380191 -0.0578264
0 -0.0189458 -0.0385028 -0.0584677
0 -0.0190958 -0.0389181 -0.0591142
0 -0.0191811 -0.0392509 -0.059725
0 -0.0192119 -0.0394931 -0.0602452
0 -0.0192029 -0.0396352 -0.0606142
0 -0.0191628 -0.0396623 -0.0607723
0 -0.0190911 -0.0395543 -0.0606713
0 -0.0189787 -0.0392898 -0.0602858
0 -0.0188116 -0.0388519 -0.0596152
0 -0.01858 -0.0382358 -0.0586825
0 -0.0182831 -0.0374544 -0.0575292
0 -0.0179292 -0.0365372 -0.056207
0 -0.0175336 -0.035525 -0.0547729
0 -0.0171131 -0.0344626 -0.0532824
0 -0.016687 -0.0333964 -0.0517894
0 -0.0162781 -0.0323702 -0.0503466
0 -0.0159012 -0.0314192 -0.048997
0 -0.0155614 -0.030565 -0.0477748
0 -0.0152602 -0.0298172 -0.0467071
0 -0.0149963 -0.0291779 -0.0458088
0 -0.0147651 -0.0286427 -0.0450834
0 -0.0145639 -0.0282045 -0.044523
0 -0.0143951 -0.0278593 -0.0441118
0 -0.0142669 -0.0276095 -0.0438341
0 -0.0141905 -0.0274613 -0.0436778
0 -0.0141735 -0.0274215 -0.043635
0 -0.0142182 -0.0274958 -0.043707
0 -0.0143269 -0.0276923 -0.0439104
0 -0.0145006 -0.02802 -0.0442719
0 -0.0147359 -0.0284863 -0.0448207
0 -0.0150253 -0.0290961 -0.0455824
0 -0.0153638 -0.0298533 -0.0465757
0 -0.0157518 -0.0307612 -0.0478097
0 -0.0161916 -0.0318192 -0.0492798
0 -0.016681 -0.0330174 -0.0509638
0 -0.0172096 -0.0343321 -0.0528192
0 -0.0177585 -0.0357222 -0.0547857
0 -0.0183076 -0.0371336 -0.0567892
0 -0.0188399 -0.0385086 -0.0587559
0 -0.0193385 -0.0397932 -0.0606178
0 -0.0197972 -0.0409538 -0.0623171
0 -0.0202197 -0.0419846 -0.0638109
0 -0.0205984 -0.0428821 -0.0650621
0 -0.0209154 -0.0436278 -0.0660448
0 -0.0211572 -0.0441941 -0.0667512
0 -0.0213103 -0.0445487 -0.0671792
0 -0.021356 -0.0446598 -0.0673219
0 -0.0212814 -0.0445108 -0.0671678
0 -0.0210846 -0.0441043 -0.0667
0 -0.0207741 -0.0434529 -0.0659036
0 -0.0203722 -0.0425763 -0.0647765
0 -0.0199073 -0.0415023 -0.0633319
0 -0.0193995 -0.0402605 -0.0615999
0 -0.0188551 -0.0388813 -0.0596262
0 -0.0182762 -0.0373966 -0.0574683
0 -0.0176687 -0.0358393 -0.0551943
0 -0.0170381 -0.03424 -0.0528803
0 -0.0163919 -0.032627 -0.0505985
0 -0.0157533 -0.031044 -0.0484131
0 -0.015151 -0.0295557 -0.0463814
0 -0.014608 -0.0282222 -0.0445499
0 -0.0141528 -0.0270933 -0.0429661
0 -0.0138157 -0.0262149 -0.0416833
0 -0.0136124 -0.0256185 -0.0407528
0 -0.013545 -0.0253228 -0.0402241
0 -0.0136073 -0.0253442 -0.0401391
0 -0.0137836 -0.0256866 -0.0405247
0 -0.0140581 -0.0263363 -0.0413883
0 -0.0144266 -0.0272724 -0.0427133
0 -0.0148908 -0.0284747 -0.0444627
0 -0.0154525 -0.0299215 -0.0465803
0 -0.0161098 -0.0315877 -0.0489928
0 -0.0168488 -0.0334374 -0.0516187
0 -0.0176461 -0.0354176 -0.0543761
0 -0.0184848 -0.0374678 -0.0571904
0 -0.0193391 -0.0395198 -0.0599971
0 -0.020157 -0.0414929 -0.062731
0 -0.0208984 -0.0433214 -0.0653193
0 -0.0215428 -0.0449616 -0.0676855
0 -0.0220654 -0.0463636 -0.069745
0 -0.0224505 -0.0474716 -0.0714138
0 -0.0227004 -0.0482421 -0.0726196
0 -0.0228165 -0.0486425 -0.0732974
0 -0.02279 -0.048649 -0.0733958
0 -0.0226183 -0.0482579 -0.0728906
0 -0.0223071 -0.0474842 -0.0717897
0 -0.0218628 -0.0463514 -0.0701393
0 -0.0213019 -0.0448983 -0.0680187
0 -0.0206434 -0.0431795 -0.0655234
0 -0.019896 -0.0412538 -0.0627554
0 -0.0190755 -0.039189 -0.0598209
0 -0.0182186 -0.0370649 -0.0568199
0 -0.0173663 -0.0349556 -0.0538451
0 -0.0165442 -0.0329168 -0.0509842
0 -0.0157791 -0.031005 -0.0483138
0 -0.0151055 -0.0292898 -0.0459041
0 -0.0145351 -0.0278227 -0.043811
0 -0.0140622 -0.0266239 -0.0420734
0 -0.013689 -0.0256985 -0.0407228
0 -0.0134149 -0.0250371 -0.0397742
0 -0.0132323 -0.0246228 -0.0392256
0 -0.0131439 -0.0244528 -0.0390661
0 -0.0131594 -0.0245382 -0.0392745
0 -0.0132835 -0.0248858 -0.0398239
0 -0.0135201 -0.0254927 -0.0406885
0 -0.0138735 -0.0263467 -0.0418457
0 -0.014335 -0.0274227 -0.043277
0 -0.0148822 -0.0286868 -0.0449622
0 -0.0154862 -0.0301013 -0.0468714
0 -0.0161128 -0.0316197 -0.0489617
0 -0.0167321 -0.0331878 -0.0511748
0 -0.0173262 -0.0347508 -0.0534362
0 -0.0178891 -0.0362604 -0.0556615
0 -0.0184232 -0.037679 -0.0577689
0 -0.0189224 -0.0389695 -0.0596789
0 -0.0193709 -0.0400991 -0.0613202
0 -0.0197607 -0.0410484 -0.0626469
0 -0.0200861 -0.041802 -0.0636376
0 -0.0203368 -0.0423431 -0.0642946
0 -0.0205042 -0.0426623 -0.0646395
0 -0.0205784 -0.0427586 -0.0646971
0 -0.0205451 -0.0426328 -0.0644864
0 -0.0204 -0.0422923 -0.0640251
0 -0.0201538 -0.0417524 -0.0633267
0 -0.0198249 -0.0410315 -0.0624003
0 -0.0194386 -0.0401568 -0.0612598
0 -0.0190259 -0.039171 -0.0599317
0 -0.018615 -0.0381277 -0.0584608
0 -0.0182267 -0.0370808 -0.0569101
0 -0.0178746 -0.0360786 -0.0553589
0 -0.0175582 -0.0351529 -0.0538927
0 -0.0172603 -0.0343095 -0.0525785
0 -0.0169647 -0.0335459 -0.0514617
0 -0.0166662 -0.0328657 -0.0505637
0 -0.0163708 -0.0322722 -0.0498739
0 -0.0161021 -0.0317779 -0.0493684
0 -0.0158954 -0.0314082 -0.0490198
0 -0.0157778 -0.0311854 -0.048802
0 -0.0157572 -0.0311178 -0.0486991
0 -0.0158204 -0.031196 -0.0487057
0 -0.0159402 -0.0313917 -0.0488286
0 -0.0160871 -0.0316682 -0.0490823
0 -0.0162383 -0.0319942 -0.0494754
0 -0.0163755 -0.0323467 -0.049998
0 -0.0164903 -0.0327127 -0.0506195
0 -0.0165903 -0.0330888 -0.0512945
0 -0.0166954 -0.0334775 -0.0519765
0 -0.0168296 -0.0338839 -0.0526286
0 -0.0170067 -0.0343099 -0.053227
0 -0.0172203 -0.0347502 -0.053762
0 -0.0174481 -0.0351895 -0.0542386
0 -0.0176669 -0.03561 -0.0546776
0 -0.0178631 -0.0360004 -0.0551093
0 -0.0180284 -0.0363548 -0.0555562
0 -0.0181592 -0.0366739 -0.0560243
0 -0.0182597 -0.0369659 -0.0565046
0 -0.0183413 -0.0372393 -0.0569766
0 -0.0184162 -0.0374972 -0.0574134
0 -0.018492 -0.0377334 -0.057787
0 -0.0185678 -0.0379333 -0.0580731
0 -0.0186326 -0.0380786 -0.0582538
0 -0.0186689 -0.0381482 -0.0583164
0 -0.0186611 -0.0381225 -0.0582545
0 -0.0186011 -0.0379896 -0.0580672
0 -0.0184898 -0.0377474 -0.0577562
0 -0.018336 -0.0374051 -0.0573254
0 -0.0181489 -0.0369778 -0.0567773
0 -0.0179335 -0.0364782 -0.0561124
0 -0.0176936 -0.0359142 -0.0553355
0 -0.0174352 -0.0352917 -0.0544596
0 -0.0171662 -0.0346214 -0.053508
0 -0.016894 -0.0339214 -0.0525112
0 -0.0166244 -0.0332147 -0.0515022
0 -0.0163598 -0.0325256 -0.050514
0 -0.0161035 -0.0318761 -0.0495787
0 -0.0158639 -0.0312822 -0.0487271
0 -0.0156505 -0.0307569 -0.0479857
0 -0.0154712 -0.0303141 -0.0473741
0 -0.0153326 -0.0299684 -0.0469054
0 -0.0152417 -0.0297369 -0.0465912
0 -0.0152085 -0.0296391 -0.046446
0 -0.0152424 -0.0296895 -0.0464856
0 -0.0153471 -0.0298963 -0.0467252
0 -0.0155206 -0.0302618 -0.0471778
0 -0.015759 -0.0307855 -0.0478534
0 -0.016056 -0.0314634 -0.0487556
0 -0.0164002 -0.0322823 -0.0498744
0 -0.0167782 -0.033219 -0.0511839
0 -0.0171795 -0.034245 -0.0526457
0 -0.0175983 -0.0353307 -0.0542131
0 -0.0180345 -0.0364518 -0.0558349
0 -0.0184909 -0.0375909 -0.0574646
0 -0.0189614 -0.0387277 -0.059061
0 -0.0194298 -0.0398361 -0.0605863
0 -0.0198775 -0.0408893 -0.0620117
0 -0.0202853 -0.0418555 -0.0633123
0 -0.0206322 -0.0426981 -0.0644609
0 -0.0209009 -0.0433829 -0.0654286
0 -0.0210801 -0.0438812 -0.0661802
0 -0.0211632 -0.0441704 -0.0666743
0 -0.0211497 -0.0442372 -0.0668712
0 -0.0210496 -0.0440796 -0.0667415
0 -0.0208756 -0.0437039 -0.06627
0 -0.0206327 -0.0431179 -0.0654575
0 -0.0203181 -0.0423275 -0.0643187
0 -0.0199219 -0.0413341 -0.0628784
0 -0.0194299 -0.0401346 -0.0611666
0 -0.0188383 -0.0387333 -0.0592169
0 -0.0181656 -0.0371551 -0.0570674
0 -0.0174507 -0.0354506 -0.0547634
0 -0.0167299 -0.0336879 -0.0523613
0 -0.0160242 -0.0319303 -0.0499187
0 -0.0153576 -0.0302346 -0.0475016
0 -0.014753 -0.0286553 -0.045189
0 -0.01422 -0.027233 -0.0430647
0 -0.0137656 -0.0259967 -0.0412111
0 -0.0133948 -0.0249769 -0.0396963
0 -0.0131059 -0.024202 -0.0385699
0 -0.0129007 -0.0236919 -0.0378625
0 -0.0127915 -0.0234634 -0.0375848
0 -0.0127954 -0.0235291 -0.0377346
0 -0.0129288 -0.0238956 -0.0383009
0 -0.013203 -0.0245676 -0.0392646
0 -0.0136101 -0.0255339 -0.0405945
0 -0.0141211 -0.026756 -0.0422475
0 -0.0147034 -0.0281781 -0.0441761
0 -0.015331 -0.0297383 -0.0463288
0 -0.0159813 -0.0313753 -0.0486442
0 -0.0166336 -0.0330369 -0.0510469
0 -0.0172723 -0.0346839 -0.0534522
0 -0.0178936 -0.0362878 -0.0557793
0 -0.0184999 -0.0378202 -0.0579629
0 -0.0190816 -0.0392428 -0.0599513
0 -0.0196267 -0.0405255 -0.0617085
0 -0.0201263 -0.0416561 -0.0632203
0 -0.0205627 -0.0426234 -0.0644818
0 -0.0209154 -0.0434122 -0.0654949
0 -0.0211749 -0.0440116 -0.0662701
0 -0.0213408 -0.044414 -0.066815
0 -0.0214154 -0.0446162 -0.0671302
0 -0.0214059 -0.0446276 -0.0672125
0 -0.0213272 -0.0444701 -0.0670584
0 -0.0211968 -0.0441698 -0.0666734
0 -0.0210294 -0.0437512 -0.0660766
0 -0.0208346 -0.0432327 -0.0652964
0 -0.0206105 -0.0426231 -0.0643675
0 -0.0203469 -0.0419265 -0.0633266
0 -0.0200373 -0.0411497 -0.0622076
0 -0.0196776 -0.0402988 -0.0610341
0 -0.019269 -0.0393796 -0.0598158
0 -0.0188273 -0.0384075 -0.0585575
0 -0.0183786 -0.0374077 -0.0572647
0 -0.0179476 -0.0364091 -0.0559449
0 -0.0175514 -0.0354407 -0.0546139
0 -0.0171939 -0.0345246 -0.0532969
0 -0.0168707 -0.033673 -0.0520281
0 -0.0165763 -0.032889 -0.0508457
0 -0.0162978 -0.0321675 -0.0497793
0 -0.0160225 -0.0315021 -0.0488461
0 -0.0157465 -0.0308874 -0.0480477
0 -0.0154746 -0.0303238 -0.0473703
0 -0.0152204 -0.0298186 -0.0467932
0 -0.0150012 -0.0293805 -0.0462926
0 -0.0148312 -0.0290177 -0.0458487
0 -0.0147159 -0.0287351 -0.045453
0 -0.0146523 -0.0285316 -0.0451096
0 -0.0146299 -0.0284006 -0.0448333
0 -0.0146335 -0.0283328 -0.0446442
0 -0.0146534 -0.0283237 -0.0445661
0 -0.0146897 -0.0283792 -0.0446212
0 -0.014747 -0.0285116 -0.0448222
0 -0.0148336 -0.0287356 -0.0451712
0 -0.0149616 -0.0290659 -0.0456646
0 -0.0151404 -0.0295103 -0.0462947
0 -0.0153724 -0.0300653 -0.0470511
0 -0.0156518 -0.0307177 -0.0479218
0 -0.0159655 -0.0314477 -0.0488937
0 -0.0162982 -0.0322321 -0.049951
0 -0.0166339 -0.0330461 -0.0510727
0 -0.0169609 -0.0338663 -0.0522314
0 -0.0172756 -0.0346748 -0.0533973
0 -0.0175789 -0.0354585 -0.0545376
0 -0.0178704 -0.0362044 -0.0556161
0 -0.0181444 -0.036894 -0.0565976
0 -0.0183905 -0.0375047 -0.0574507
0 -0.0185995 -0.0380154 -0.0581523
0 -0.0187667 -0.0384108 -0.0586906
0 -0.0188861 -0.0386821 -0.0590589
0 -0.0189494 -0.0388239 -0.0592518
0 -0.0189517 -0.038833 -0.0592665
0 -0.0188934 -0.03871 -0.0591036
0 -0.0187826 -0.0384614 -0.0587712
0 -0.0186311 -0.0381003 -0.058282
0 -0.0184501 -0.0376473 -0.0576542
0 -0.0182513 -0.0371306 -0.0569159
0 -0.0180475 -0.0365814 -0.0561052
0 -0.0178491 -0.0360298 -0.0552692
0 -0.0176648 -0.0355029 -0.0544584
0 -0.0174996 -0.0350232 -0.0537211
0 -0.0173542 -0.0346098 -0.0530983
0 -0.0172291 -0.0342793 -0.0526188
0 -0.0171324 -0.0340468 -0.0523034
0 -0.0170775 -0.0339295 -0.0521658
0 -0.0170752 -0.0339401 -0.0522086
0 -0.0171276 -0.0340793 -0.0524221
0 -0.0172302 -0.03434 -0.0527907
0 -0.0173784 -0.0347101 -0.0532989
0 -0.0175665 -0.0351717 -0.0539302
0 -0.0177852 -0.035705 -0.0546652
0 -0.0180244 -0.0362898 -0.0554802
0 -0.01827 -0.0369024 -0.0563445
0 -0.018509 -0.0375177 -0.0572248
0 -0.0187365 -0.038114 -0.05809
0 -0.0189542 -0.0386753 -0.0589122
0 -0.0191641 -0.0391939 -0.059668
0 -0.0193609 -0.0396638 -0.0603357
0 -0.0195301 -0.0400692 -0.0608911
0 -0.0196543 -0.0403847 -0.0613114
0 -0.0197212 -0.0405822 -0.061579
0 -0.019725 -0.0406357 -0.0616774
0 -0.0196615 -0.0405293 -0.0615874
0 -0.0195301 -0.0402617 -0.061291
0 -0.0193371 -0.0398433 -0.0607763
0 -0.0190919 -0.0392886 -0.0600415
0 -0.0188051 -0.0386115 -0.0590985
0 -0.0184885 -0.0378284 -0.0579742
0 -0.0181518 -0.0369601 -0.0567082
0 -0.0178012 -0.0360324 -0.0553499
0 -0.0174376 -0.0350721 -0.0539506
0 -0.0170569 -0.0340991 -0.052553
0 -0.0166596 -0.0331299 -0.0511953
0 -0.016259 -0.032185 -0.0499095
0 -0.0158742 -0.0312891 -0.0487166
0 -0.0155208 -0.0304653 -0.0476294
0 -0.01521 -0.0297337 -0.0466537
0 -0.01495 -0.0291099 -0.0457953
0 -0.0147429 -0.0285997 -0.0450636
0 -0.0145851 -0.0281984 -0.0444673
0 -0.0144715 -0.0278993 -0.0440159
0 -0.0144001 -0.0277022 -0.0437224
0 -0.0143733 -0.0276155 -0.0435987
0 -0.0143946 -0.027651 -0.0436527
0 -0.014467 -0.0278192 -0.0438881
0 -0.0145962 -0.0281271 -0.0443077
0 -0.0147874 -0.0285763 -0.0449123
0 -0.015039 -0.0291611 -0.0456979
0 -0.0153432 -0.0298704 -0.0466558
0 -0.0156929 -0.0306933 -0.0477754
0 -0.0160819 -0.0316191 -0.0490442
0 -0.0165032 -0.0326332 -0.0504441
0 -0.0169473 -0.0337162 -0.0519488
0 -0.0174018 -0.0348412 -0.053522
0 -0.0178543 -0.0359761 -0.055119
0 -0.0182927 -0.0370853 -0.0566896
0 -0.0187013 -0.0381277 -0.0581819
0 -0.0190665 -0.0390663 -0.0595446
0 -0.0193856 -0.0398799 -0.0607353
0 -0.0196594 -0.0405594 -0.0617231
0 -0.0198858 -0.0411016 -0.0624854
0 -0.0200646 -0.0415071 -0.0630162
0 -0.0201985 -0.0417787 -0.0633286
0 -0.0202857 -0.0419181 -0.0634437
0 -0.0203174 -0.041926 -0.0633844
0 -0.0202849 -0.0418039 -0.0631719
0 -0.0201817 -0.0415539 -0.0628195
0 -0.0200042 -0.0411741 -0.0623298
0 -0.0197569 -0.0406629 -0.0616955
0 -0.0194528 -0.0400253 -0.060906
0 -0.0191079 -0.0392725 -0.0599527
0 -0.0187359 -0.0384215 -0.0588322
0 -0.018345 -0.0374905 -0.0575505
0 -0.017943 -0.0364971 -0.056131
0 -0.0175396 -0.0354618 -0.0546181
0 -0.0171404 -0.0344078 -0.0530675
0 -0.0167476 -0.0333616 -0.0515384
0 -0.0163688 -0.0323583 -0.0500928
0 -0.0160141 -0.0314395 -0.048785
0 -0.0156914 -0.0306373 -0.0476544
0 -0.0154091 -0.0299682 -0.0467272
0 -0.0151772 -0.0294402 -0.0460151
0 -0.0150034 -0.0290562 -0.045519
0 -0.0148914 -0.0288154 -0.0452304
0 -0.0148398 -0.0287163 -0.0451322
0 -0.0148442 -0.0287531 -0.0452056
0 -0.0149002 -0.0289132 -0.0454338
0 -0.015007 -0.0291838 -0.0458044
0 -0.0151669 -0.0295583 -0.0463118
0 -0.0153769 -0.0300322 -0.0469517
0 -0.0156266 -0.0305994 -0.0477156
0 -0.0159035 -0.0312499 -0.0485919
0 -0.0161978 -0.0319663 -0.0495668
0 -0.0165011 -0.0327247 -0.05062
0 -0.0168073 -0.0335011 -0.0517244
0 -0.0171129 -0.0342775 -0.0528486
0 -0.0174147 -0.0350416 -0.053958
0 -0.0177113 -0.0357858 -0.0550208
0 -0.0180042 -0.0365019 -0.0560148
0 -0.01829 -0.0371766 -0.0569242
0 -0.0185561 -0.0377895 -0.057734
0 -0.0187853 -0.0383165 -0.0584311
0 -0.0189642 -0.0387387 -0.0590049
0 -0.0190855 -0.0390452 -0.0594455
0 -0.019149 -0.0392305 -0.0597419
0 -0.0191605 -0.0392967 -0.0598839
0 -0.0191304 -0.0392537 -0.0598662
0 -0.0190715 -0.039116 -0.0596911
0 -0.0189935 -0.0389 -0.0593715
0 -0.0188999 -0.0386216 -0.05893
0 -0.0187899 -0.0382916 -0.0583954
0 -0.0186602 -0.0379183 -0.057801
0 -0.0185098 -0.0375118 -0.0571818
0 -0.0183417 -0.0370841 -0.0565685
0 -0.018162 -0.036651 -0.0559826
0 -0.0179792 -0.0362303 -0.0554369
0 -0.0178047 -0.0358387 -0.0549384
0 -0.0176485 -0.0354898 -0.0544891
0 -0.0175154 -0.0351886 -0.0540872
0 -0.017403 -0.0349288 -0.0537273
0 -0.0173039 -0.0346987 -0.053403
0 -0.0172106 -0.0344854 -0.0531076
0 -0.0171158 -0.0342767 -0.0528328
0 -0.0170159 -0.0340647 -0.0525691
0 -0.0169144 -0.0338505 -0.0523104
0 -0.0168177 -0.0336404 -0.0520528
0 -0.0167315 -0.0334412 -0.051794
0 -0.0166603 -0.0332608 -0.0515377
0 -0.0166066 -0.0331053 -0.0512937
0 -0.0165697 -0.0329784 -0.0510757
0 -0.0165464 -0.0328823 -0.050899
0 -0.0165347 -0.0328203 -0.0507796
0 -0.0165359 -0.0327996 -0.050733
0 -0.016555 -0.032831 -0.0507726
0 -0.0165988 -0.0329266 -0.0509078
0 -0.0166705 -0.0330941 -0.0511416
0 -0.0167691 -0.0333328 -0.0514697
0 -0.0168913 -0.0336351 -0.0518837
0 -0.0170309 -0.0339863 -0.0523702
0 -0.0171797 -0.0343674 -0.0529096
0 -0.017331 -0.0347613 -0.05348
0 -0.0174837 -0.0351583 -0.0540616
0 -0.0176406 -0.0355553 -0.0546383
0 -0.0178024 -0.0359499 -0.0551951
0 -0.0179658 -0.0363369 -0.05572
0 -0.0181264 -0.0367079 -0.0562066
0 -0.0182797 -0.0370542 -0.0566528
0 -0.0184176 -0.0373649 -0.0570563
0 -0.01853 -0.0376271 -0.0574108
0 -0.0186057 -0.0378263 -0.0577022
0 -0.018635 -0.0379467 -0.0579097
0 -0.0186161 -0.0379737 -0.0580098
0 -0.0185529 -0.0378973 -0.0579777
0 -0.0184505 -0.0377131 -0.0577912
0 -0.0183166 -0.0374252 -0.0574376
0 -0.0181602 -0.0370463 -0.0569189
0 -0.017986 -0.0365905 -0.0562504
0 -0.0177923 -0.0360673 -0.0554574
0 -0.0175735 -0.0354819 -0.0545713
0 -0.0173272 -0.03484 -0.0536268
0 -0.0170569 -0.0341562 -0.0526592
0 -0.0167727 -0.0334561 -0.0517024
0 -0.0164922 -0.0327735 -0.0507854
0 -0.0162344 -0.0321454 -0.0499347
0 -0.0160168 -0.0316043 -0.0491771
0 -0.0158527 -0.0311722 -0.0485395
0 -0.0157468 -0.0308619 -0.0480489
0 -0.0156962 -0.0306792 -0.0477298
0 -0.0156926 -0.0306223 -0.0475995
0 -0.0157269 -0.0306865 -0.0476662
0 -0.0157938 -0.0308655 -0.0479277
0 -0.0158904 -0.0311484 -0.0483666
0 -0.0160132 -0.0315181 -0.04895
0 -0.0161573 -0.0319526 -0.0496332
0 -0.0163197 -0.0324284 -0.0503688
0 -0.0164982 -0.0329235 -0.0511125
0 -0.0166885 -0.0334175 -0.0518269
0 -0.016886 -0.0338952 -0.0524876
0 -0.0170894 -0.0343523 -0.0530885
0 -0.0172963 -0.0347901 -0.0536364
0 -0.0174975 -0.0352063 -0.0541419
0 -0.0176803 -0.0355943 -0.0546146
0 -0.0178342 -0.0359445 -0.0550606
0 -0.0179531 -0.0362458 -0.0554785
0 -0.0180366 -0.0364895 -0.0558581
0 -0.0180919 -0.0366749 -0.0561839
0 -0.0181282 -0.0368085 -0.0564387
0 -0.0181521 -0.0368966 -0.0566051
0 -0.018168 -0.0369416 -0.0566731
0 -0.0181762 -0.0369434 -0.0566427
0 -0.0181737 -0.0368982 -0.0565236
0 -0.0181547 -0.0368022 -0.0563323
0 -0.0181119 -0.0366554 -0.0560862
0 -0.0180405 -0.0364617 -0.0558008
0 -0.0179441 -0.0362309 -0.055491
0 -0.0178351 -0.0359813 -0.0551714
0 -0.0177321 -0.0357378 -0.054859
0 -0.0176522 -0.0355268 -0.0545718
0 -0.0176045 -0.0353695 -0.0543274
0 -0.0175877 -0.0352765 -0.0541433
0 -0.0175931 -0.0352453 -0.0540342
0 -0.0176096 -0.0352631 -0.0540098
0 -0.0176276 -0.0353139 -0.0540711
0 -0.0176408 -0.0353836 -0.0542069
0 -0.0176474 -0.0354635 -0.0543949
0 -0.0176495 -0.0355484 -0.054604
0 -0.0176542 -0.0356359 -0.0548038
0 -0.0176733 -0.0357274 -0.0549743
0 -0.0177151 -0.0358247 -0.0551063
0 -0.017777 -0.0359259 -0.0551996
0 -0.0178464 -0.0360248 -0.0552614
0 -0.0179077 -0.0361121 -0.0553042
0 -0.0179477 -0.0361765 -0.0553406
0 -0.0179581 -0.0362069 -0.055376
0 -0.0179359 -0.0361954 -0.0554045
0 -0.0178846 -0.03614 -0.0554098
0 -0.0178116 -0.0360424 -0.0553683
0 -0.0177258 -0.0359056 -0.0552561
0 -0.0176372 -0.035733 -0.0550572
0 -0.0175514 -0.0355264 -0.0547665
0 -0.0174666 -0.0352846 -0.0543892
0 -0.0173742 -0.0350052 -0.0539393
0 -0.017262 -0.034684 -0.0534348
0 -0.0171223 -0.0343199 -0.0528952
0 -0.0169561 -0.0339188 -0.0523395
0 -0.0167715 -0.0334925 -0.0517814
0 -0.0165801 -0.0330581 -0.0512287
0 -0.0163948 -0.032635 -0.050686
0 -0.0162271 -0.0322408 -0.0501591
0 -0.0160895 -0.0318932 -0.0496625
0 -0.0159899 -0.0316065 -0.0492178
0 -0.0159278 -0.0313895 -0.0488495
0 -0.0158982 -0.0312485 -0.0485835
0 -0.0158939 -0.0311865 -0.0484421
0 -0.0159082 -0.031202 -0.0484385
0 -0.0159381 -0.0312915 -0.0485748
0 -0.0159881 -0.0314535 -0.0488445
0 -0.0160687 -0.0316923 -0.0492355
0 -0.0161894 -0.0320137 -0.0497315
0 -0.0163576 -0.032424 -0.0503188
0 -0.0165762 -0.0329265 -0.0509905
0 -0.0168424 -0.0335178 -0.0517471
0 -0.0171468 -0.0341876 -0.0525936
0 -0.0174749 -0.0349196 -0.0535334
0 -0.0178092 -0.035693 -0.0545605
0 -0.0181315 -0.036482 -0.0556535
0 -0.0184272 -0.037257 -0.0567761
0 -0.0186901 -0.03799 -0.0578836
0 -0.0189248 -0.0386604 -0.0589277
0 -0.0191413 -0.039257 -0.0598612
0 -0.0193459 -0.0397783 -0.060648
0 -0.0195366 -0.0402232 -0.0612636
0 -0.0197029 -0.0405815 -0.061696
0 -0.0198313 -0.040836 -0.0619507
0 -0.0199097 -0.0409688 -0.0620452
0 -0.0199291 -0.04097 -0.0619981
0 -0.0198829 -0.0408404 -0.0618225
0 -0.0197706 -0.040591 -0.0615235
0 -0.0196009 -0.0402382 -0.0611008
0 -0.0193898 -0.0397977 -0.0605533
0 -0.0191553 -0.0392831 -0.0598827
0 -0.0189132 -0.0387096 -0.0590983
0 -0.0186713 -0.0380938 -0.0582186
0 -0.0184262 -0.0374482 -0.0572659
0 -0.0181698 -0.0367803 -0.0562683
0 -0.0178977 -0.0360932 -0.0552587
0 -0.017609 -0.035389 -0.0542633
0 -0.017307 -0.0346741 -0.0533007
0 -0.0170003 -0.0339651 -0.0523827
0 -0.0167045 -0.0332895 -0.0515167
0 -0.0164423 -0.0326792 -0.0507148
0 -0.016236 -0.0321656 -0.0499981
0 -0.0160973 -0.0317718 -0.0493929
0 -0.0160251 -0.0315073 -0.0489291
0 -0.0160071 -0.0313714 -0.0486355
0 -0.0160253 -0.0313548 -0.0485327
0 -0.0160645 -0.0314418 -0.0486285
0 -0.0161175 -0.0316178 -0.0489143
0 -0.0161887 -0.0318755 -0.0493678
0 -0.0162895 -0.0322131 -0.0499544
0 -0.0164286 -0.0326293 -0.0506325
0 -0.0166104 -0.0331182 -0.0513628
0 -0.0168331 -0.0336662 -0.0521151
0 -0.0170861 -0.0342505 -0.0528704
0 -0.0173483 -0.0348401 -0.0536145
0 -0.0175906 -0.0353966 -0.0543299
0 -0.0177858 -0.0358813 -0.0549929
0 -0.0179148 -0.0362616 -0.0555712
0 -0.0179682 -0.0365088 -0.0560216
0 -0.0179504 -0.0366045 -0.0562968
0 -0.0178762 -0.0365455 -0.0563539
0 -0.0177629 -0.0363395 -0.056163
0 -0.0176254 -0.0360038 -0.0557164
0 -0.0174711 -0.0355601 -0.0550324
0 -0.0173014 -0.0350275 -0.0541571
0 -0.0171104 -0.0344209 -0.0531526
0 -0.0168884 -0.0337533 -0.0520839
0 -0.016627 -0.0330369 -0.0510097
0 -0.0163234 -0.0322875 -0.0499707
0 -0.0159893 -0.0315309 -0.04899
0 -0.0156508 -0.0307978 -0.04808
0 -0.0153402 -0.0301218 -0.0472452
0 -0.0150877 -0.0295388 -0.0464922
0 -0.0149128 -0.0290789 -0.0458367
0 -0.014818 -0.0287591 -0.045302
0 -0.014792 -0.0285823 -0.0449197
0 -0.0148197 -0.0285431 -0.044727
0 -0.0148892 -0.0286338 -0.0447582
0 -0.0149922 -0.0288507 -0.0450337
0 -0.0151296 -0.0291986 -0.0455576
0 -0.0153116 -0.0296881 -0.0463177
0 -0.0155514 -0.03033 -0.0472903
0 -0.0158629 -0.0311286 -0.0484482
0 -0.0162534 -0.0320782 -0.0497655
0 -0.0167164 -0.033161 -0.0512195
0 -0.0172323 -0.0343486 -0.0527891
0 -0.0177732 -0.0356032 -0.0544506
0 -0.0183114 -0.0368817 -0.0561728
0 -0.0188212 -0.0381378 -0.0579159
0 -0.0192804 -0.0393242 -0.0596307
0 -0.0196801 -0.0404026 -0.0612555
0 -0.0200227 -0.0413486 -0.0627224
0 -0.0203084 -0.0421456 -0.0639629
0 -0.0205389 -0.0427799 -0.0649197
0 -0.0207213 -0.0432419 -0.0655628
0 -0.0208579 -0.0435248 -0.0658899
0 -0.0209395 -0.0436222 -0.0659178
0 -0.0209489 -0.0435306 -0.0656753
0 -0.020869 -0.0432521 -0.0651979
0 -0.020689 -0.0427909 -0.0645182
0 -0.0204087 -0.0421527 -0.0636586
0 -0.0200407 -0.0413499 -0.0626299
0 -0.0196076 -0.0404044 -0.0614351
0 -0.0191353 -0.0393466 -0.0600769
0 -0.0186468 -0.0382119 -0.0585642
0 -0.0181611 -0.0370338 -0.0569193
0 -0.0176955 -0.0358436 -0.055187
0 -0.0172568 -0.0346693 -0.0534309
0 -0.0168378 -0.0335289 -0.0517172
0 -0.0164355 -0.0324431 -0.0501119
0 -0.0160542 -0.0314446 -0.0486773
0 -0.0156985 -0.0305656 -0.047455
0 -0.0153811 -0.0298301 -0.0464708
0 -0.0151216 -0.0292583 -0.0457367
0 -0.014936 -0.0288633 -0.0452492
0 -0.0148341 -0.0286501 -0.0449988
0 -0.0148192 -0.0286204 -0.0449735
0 -0.0148867 -0.0287699 -0.0451624
0 -0.0150301 -0.0290893 -0.0455626
0 -0.0152445 -0.0295686 -0.0461753
0 -0.0155196 -0.0301941 -0.0469982
0 -0.01584 -0.0309468 -0.0480195
0 -0.01619 -0.0318041 -0.0492155
0 -0.0165576 -0.0327406 -0.050551
0 -0.0169341 -0.033727 -0.0519805
0 -0.017314 -0.0347321 -0.0534497
0 -0.0176923 -0.035726 -0.0549004
0 -0.0180641 -0.0366814 -0.0562781
0 -0.0184213 -0.0375701 -0.057537
0 -0.0187511 -0.0383655 -0.0586404
0 -0.0190404 -0.0390462 -0.0595648
0 -0.0192776 -0.039594 -0.0602968
0 -0.0194494 -0.039992 -0.0608264
0 -0.0195467 -0.0402282 -0.061147
0 -0.0195686 -0.0402973 -0.0612563
0 -0.0195189 -0.0402015 -0.0611533
0 -0.019407 -0.0399518 -0.0608408
0 -0.0192438 -0.0395659 -0.0603277
0 -0.0190384 -0.0390632 -0.0596288
0 -0.0187993 -0.038464 -0.0587682
0 -0.0185349 -0.0377884 -0.0577801
0 -0.0182515 -0.0370555 -0.0567034
0 -0.0179533 -0.036284 -0.0555802
0 -0.017644 -0.0354937 -0.0544505
0 -0.0173287 -0.0347052 -0.0533474
0 -0.017015 -0.0339419 -0.0523008
0 -0.016714 -0.0332273 -0.0513335
0 -0.0164403 -0.0325816 -0.0504617
0 -0.0162069 -0.0320238 -0.0497011
0 -0.0160227 -0.031569 -0.0490655
0 -0.0158918 -0.031226 -0.0485673
0 -0.0158119 -0.0309999 -0.048219
0 -0.0157787 -0.0308913 -0.0480318
0 -0.0157886 -0.0308969 -0.0480136
0 -0.0158365 -0.0310106 -0.0481653
0 -0.0159182 -0.0312248 -0.048479
0 -0.016033 -0.0315322 -0.0489397
0 -0.0161808 -0.0319259 -0.0495267
0 -0.0163618 -0.0323973 -0.050216
0 -0.0165735 -0.0329341 -0.0509815
0 -0.0168097 -0.0335193 -0.0517976
0 -0.0170612 -0.0341327 -0.0526407
0 -0.0173173 -0.0347529 -0.0534893
0 -0.0175661 -0.0353586 -0.0543217
0 -0.0177967 -0.0359288 -0.0551156
0 -0.0180006 -0.0364452 -0.055848
0 -0.0181727 -0.0368925 -0.0564965
0 -0.0183107 -0.0372592 -0.0570394
0 -0.018414 -0.0375366 -0.0574569
0 -0.0184835 -0.0377196 -0.0577339
0 -0.0185194 -0.0378077 -0.0578625
0 -0.018521 -0.0378019 -0.0578422
0 -0.0184888 -0.0377038 -0.0576802
0 -0.0184228 -0.0375184 -0.0573904
0 -0.0183232 -0.0372521 -0.0569911
0 -0.0181928 -0.0369144 -0.0565025
0 -0.018036 -0.0365199 -0.055946
0 -0.0178596 -0.0360848 -0.0553422
0 -0.0176722 -0.0356257 -0.0547102
0 -0.0174825 -0.0351603 -0.0540682
0 -0.0172984 -0.0347052 -0.0534349
0 -0.0171269 -0.0342752 -0.0528286
0 -0.0169738 -0.0338839 -0.0522681
0 -0.0168428 -0.0335422 -0.0517718
0 -0.016736 -0.0332593 -0.0513569
0 -0.0166545 -0.0330424 -0.0510376
0 -0.0165984 -0.032896 -0.0508243
0 -0.0165681 -0.0328225 -0.050722
0 -0.0165641 -0.0328219 -0.0507305
0 -0.016587 -0.0328926 -0.0508447
0 -0.0166373 -0.0330316 -0.0510557
0 -0.0167142 -0.0332334 -0.0513513
0 -0.0168152 -0.0334906 -0.051718
0 -0.0169367 -0.0337936 -0.052142
0 -0.0170742 -0.0341313 -0.0526099
0 -0.0172216 -0.0344917 -0.0531081
0 -0.0173724 -0.0348624 -0.0536224
0 -0.0175205 -0.0352308 -0.0541379
0 -0.0176607 -0.0355852 -0.0546393
0 -0.0177895 -0.035915 -0.0551107
0 -0.0179042 -0.0362112 -0.0555367
0 -0.0180022 -0.036465 -0.0559032
0 -0.0180823 -0.0366699 -0.0561982
0 -0.0181431 -0.0368211 -0.0564128
0 -0.0181818 -0.0369147 -0.0565414
0 -0.0181971 -0.0369478 -0.0565819
0 -0.0181878 -0.0369201 -0.0565358
0 -0.0181539 -0.0368326 -0.0564077
0 -0.0180965 -0.0366887 -0.056204
0 -0.0180179 -0.0364944 -0.0559327
0 -0.0179214 -0.036257 -0.0556031
0 -0.0178109 -0.0359851 -0.055226
0 -0.017691 -0.0356887 -0.054813
0 -0.0175667 -0.035378 -0.0543769
0 -0.0174421 -0.0350628 -0.0539315
0 -0.01732 -0.0347529 -0.053491
0 -0.0172039 -0.0344575 -0.0530694
0 -0.0170966 -0.0341851 -0.0526804
0 -0.0170007 -0.0339428 -0.0523358
0 -0.0169189 -0.0337373 -0.0520458
0 -0.0168535 -0.0335745 -0.0518181
0 -0.0168066 -0.0334587 -0.051658
0 -0.0167796 -0.0333933 -0.0515683
0 -0.0167734 -0.0333794 -0.0515501
0 -0.0167883 -0.0334166 -0.0516021
0 -0.0168232 -0.0335025 -0.0517214
0 -0.0168762 -0.0336332 -0.0519034
0 -0.0169451 -0.0338036 -0.0521416
0 -0.0170267 -0.0340073 -0.0524278
0 -0.017118 -0.0342371 -0.0527525
0 -0.0172162 -0.0344852 -0.0531048
0 -0.0173183 -0.0347441 -0.053473
0 -0.0174216 -0.0350058 -0.0538449
0 -0.0175231 -0.0352622 -0.0542083
0 -0.01762 -0.0355057 -0.0545518
0 -0.0177095 -0.0357296 -0.0548653
0 -0.017789 -0.0359269 -0.0551402
0 -0.0178558 -0.0360918 -0.0553694
0 -0.0179076 -0.0362197 -0.0555475
0 -0.0179429 -0.0363072 -0.0556703
0 -0.0179609 -0.0363527 -0.0557351
0 -0.0179615 -0.0363557 -0.0557412
0 -0.0179452 -0.0363173 -0.0556891
0 -0.0179134 -0.0362395 -0.0555814
0 -0.0178676 -0.0361257 -0.0554223
0 -0.0178096 -0.0359802 -0.0552176
0 -0.0177412 -0.0358082 -0.0549747
0 -0.0176649 -0.0356155 -0.0547019
0 -0.0175831 -0.0354084 -0.0544085
0 -0.017498 -0.0351934 -0.0541044
0 -0.0174119 -0.0349771 -0.0537993
0 -0.0173277 -0.0347661 -0.0535027
0 -0.0172479 -0.0345671 -0.0532233
0 -0.0171752 -0.0343862 -0.0529693
0 -0.0171121 -0.0342285 -0.0527477
0 -0.0170603 -0.0340985 -0.0525642
0 -0.0170212 -0.0339996 -0.0524238
0 -0.0169957 -0.0339342 -0.05233
0 -0.016984 -0.0339036 -0.0522849
0 -0.016986 -0.0339075 -0.0522891
0 -0.0170009 -0.0339449 -0.0523415
