0 -0.0170223 -0.034007 -0.052433
0 -0.0170413 -0.0340795 -0.0525482
0 -0.0170623 -0.0341589 -0.0526809
0 -0.0170953 -0.0342498 -0.0528295
0 -0.0171393 -0.0343524 -0.052985
0 -0.0171893 -0.0344658 -0.0531394
0 -0.0172436 -0.0345892 -0.0532916
0 -0.0172955 -0.0347119 -0.0534379
0 -0.0173367 -0.0348176 -0.0535719
0 -0.0173705 -0.0349036 -0.053696
0 -0.0174032 -0.0349769 -0.0538141
0 -0.0174247 -0.0350328 -0.053912
0 -0.0174214 -0.035059 -0.0539686
0 -0.0174077 -0.0350614 -0.0539873
0 -0.0174145 -0.0350649 -0.0539922
0 -0.017452 -0.0350889 -0.054
0 -0.0175041 -0.035138 -0.054015
0 -0.017552 -0.0352084 -0.0540444
0 -0.0175809 -0.0352816 -0.0540929
0 -0.0175691 -0.0353142 -0.0541415
0 -0.0175129 -0.0352754 -0.0541671
0 -0.0174454 -0.0351843 -0.054167
0 -0.0173787 -0.0350615 -0.0541162
0 -0.0172861 -0.034894 -0.0539573
0 -0.0171668 -0.0346758 -0.0536667
0 -0.0170531 -0.0344174 -0.0532682
0 -0.0169715 -0.0341353 -0.0528033
0 -0.0169397 -0.0338733 -0.0523353
0 -0.0169584 -0.0336896 -0.051937
0 -0.0169936 -0.033606 -0.0516556
0 -0.0170053 -0.0336004 -0.0515149
0 -0.0169917 -0.0336432 -0.0515385
0 -0.0169928 -0.033735 -0.0517516
0 -0.0170373 -0.0338952 -0.0521424
0 -0.0170981 -0.0341166 -0.0526312
0 -0.0171482 -0.0343814 -0.0531306
0 -0.0172056 -0.0346778 -0.0535969
0 -0.0172816 -0.034961 -0.0539916
0 -0.0173796 -0.035192 -0.0542931
0 -0.0175346 -0.0354125 -0.0545471
0 -0.0177402 -0.0356727 -0.0547957
0 -0.0178905 -0.035921 -0.0549962
0 -0.0178761 -0.0360334 -0.0550727
0 -0.0177025 -0.0359225 -0.0550018
0 -0.0174873 -0.0356133 -0.054821
0 -0.0173381 -0.0352181 -0.0545608
0 -0.0172692 -0.0348623 -0.0542087
0 -0.0172738 -0.0346634 -0.0537916
0 -0.0174065 -0.0347305 -0.0534589
0 -0.0177149 -0.0351062 -0.0534093
0 -0.0181522 -0.0357369 -0.0537773
0 -0.0185855 -0.0365083 -0.054589
0 -0.0188288 -0.0372441 -0.055718
0 -0.018765 -0.0377623 -0.0569414
0 -0.018487 -0.0380048 -0.0580812
0 -0.0182207 -0.0380499 -0.0590153
0 -0.0181239 -0.0380259 -0.0596029
0 -0.0182032 -0.0380332 -0.0597053
0 -0.0183833 -0.0380943 -0.0592929
0 -0.0186129 -0.0381707 -0.0585193
0 -0.0188837 -0.03822 -0.0576716
0 -0.0191419 -0.0382012 -0.057002
0 -0.01925 -0.0380651 -0.0566109
0 -0.0190859 -0.0377844 -0.0564745
0 -0.0186436 -0.0373632 -0.0564908
0 -0.018025 -0.036796 -0.0564915
0 -0.0173747 -0.0360606 -0.0562748
0 -0.0168258 -0.0351754 -0.0556609
0 -0.0165015 -0.0342781 -0.0546049
0 -0.0165081 -0.0336175 -0.0532697
0 -0.0168354 -0.0333821 -0.0519319
0 -0.0173124 -0.0335437 -0.0508561
0 -0.017705 -0.0338876 -0.0502434
0 -0.0178252 -0.0341483 -0.0501953
0 -0.0175999 -0.0341348 -0.0506679
0 -0.0170986 -0.0338257 -0.051475
0 -0.0164755 -0.0333503 -0.0523228
0 -0.0158813 -0.0328527 -0.0528676
0 -0.015452 -0.0324115 -0.0528322
0 -0.0153144 -0.0320643 -0.0521358
0 -0.015521 -0.0318396 -0.0509384
0 -0.0159825 -0.0317386 -0.0495354
0 -0.0164779 -0.0316988 -0.048213
0 -0.016764 -0.0316261 -0.0472169
0 -0.0167258 -0.0314677 -0.0467435
0 -0.0164027 -0.0312127 -0.0468526
0 -0.0159057 -0.030877 -0.0474185
0 -0.0153909 -0.0305495 -0.0482011
0 -0.0150365 -0.03038 -0.0489493
0 -0.0149612 -0.0304766 -0.0494701
0 -0.0152091 -0.0308754 -0.0497035
0 -0.0157998 -0.0316003 -0.0498048
0 -0.0166909 -0.0326637 -0.050083
0 -0.0176865 -0.0339859 -0.0507948
0 -0.0184851 -0.0353685 -0.0520326
0 -0.0188561 -0.0365661 -0.0537329
0 -0.0187607 -0.0373871 -0.0557044
0 -0.0183353 -0.0377593 -0.0576507
0 -0.0178017 -0.037727 -0.0592175
0 -0.0173958 -0.0374525 -0.0600781
0 -0.0173348 -0.0372332 -0.0600955
0 -0.0177567 -0.0373691 -0.0594495
0 -0.018623 -0.0379704 -0.0585243
0 -0.0197209 -0.038953 -0.0577984
0 -0.020759 -0.04013 -0.0577239
0 -0.0214138 -0.0412081 -0.0584859
0 -0.0214273 -0.041873 -0.0599727
0 -0.0207997 -0.0420021 -0.0618566
0 -0.0198082 -0.0416631 -0.0636954
0 -0.018808 -0.0409913 -0.0649768
0 -0.0180873 -0.0401836 -0.0651998
0 -0.0178556 -0.0394752 -0.0642021
0 -0.0181595 -0.0390012 -0.0621909
0 -0.0187227 -0.0386194 -0.0594701
0 -0.0190553 -0.037948 -0.0563956
0 -0.0188039 -0.036648 -0.05332
0 -0.0179025 -0.0345817 -0.05047
0 -0.0164853 -0.0318541 -0.0479428
0 -0.014825 -0.0288653 -0.045657
0 -0.0133461 -0.0262003 -0.0435134
0 -0.0124601 -0.0243564 -0.0415362
0 -0.0122895 -0.0235122 -0.0397396
0 -0.0127148 -0.0235468 -0.0382508
0 -0.0135882 -0.0242791 -0.0374472
0 -0.0146493 -0.0255033 -0.0376662
0 -0.0153873 -0.0267999 -0.0388712
0 -0.0153536 -0.0276585 -0.0407022
0 -0.0146035 -0.027864 -0.0427746
0 -0.0136694 -0.0276342 -0.0448192
0 -0.013138 -0.0274293 -0.0465842
0 -0.0133329 -0.0277408 -0.0478559
0 -0.0142689 -0.0288961 -0.0485911
0 -0.0157382 -0.0308868 -0.0490372
0 -0.0174156 -0.0333616 -0.0496736
0 -0.0189449 -0.0357901 -0.050917
0 -0.0200558 -0.0378001 -0.0530561
0 -0.0206457 -0.0393956 -0.056192
0 -0.0208005 -0.0408524 -0.0600968
0 -0.0207475 -0.0424436 -0.0643593
0 -0.020777 -0.0442629 -0.0684929
0 -0.0211565 -0.0462643 -0.0720356
0 -0.0219852 -0.0483035 -0.0747437
0 -0.0230899 -0.0501476 -0.0764955
0 -0.0240996 -0.0515235 -0.0772317
0 -0.0246469 -0.0521529 -0.0770321
0 -0.0245255 -0.0517956 -0.0760142
0 -0.0237817 -0.0503887 -0.0743202
0 -0.0227085 -0.048193 -0.0721501
0 -0.0216594 -0.045722 -0.0696618
0 -0.0207954 -0.043426 -0.0668938
0 -0.0200049 -0.0413975 -0.0637648
0 -0.0191084 -0.0393965 -0.0602161
0 -0.0181055 -0.0371409 -0.0564062
0 -0.0171062 -0.0345246 -0.0525713
0 -0.0160921 -0.0316111 -0.0487909
0 -0.0149318 -0.0285541 -0.0450371
0 -0.0135825 -0.0255463 -0.0412595
0 -0.0121555 -0.0227084 -0.0374597
0 -0.0108351 -0.0200189 -0.0337199
0 -0.00981565 -0.0174911 -0.0301709
0 -0.00928623 -0.0153908 -0.0270686
0 -0.0093437 -0.0141542 -0.0247683
0 -0.00987648 -0.0140745 -0.0235511
0 -0.0105918 -0.0150773 -0.0235671
0 -0.0112386 -0.0167742 -0.0248952
0 -0.0117442 -0.0186842 -0.0275041
0 -0.0121043 -0.0204701 -0.0311314
0 -0.0123333 -0.022083 -0.0352981
0 -0.0125308 -0.0236996 -0.0394631
0 -0.0129169 -0.0255881 -0.0432358
0 -0.01373 -0.0279171 -0.0464674
0 -0.0150313 -0.0305795 -0.0491611
0 -0.0166891 -0.0333376 -0.0514666
0 -0.0184722 -0.0360498 -0.053684
0 -0.020063 -0.0386143 -0.0560778
0 -0.0211231 -0.0408434 -0.0587147
0 -0.0215134 -0.0425589 -0.0615142
0 -0.0214445 -0.0437648 -0.0643925
0 -0.0212881 -0.0446319 -0.0672177
0 -0.0212905 -0.0453755 -0.0696816
0 -0.021498 -0.0461434 -0.0714245
0 -0.0218345 -0.0469241 -0.0722332
0 -0.0222126 -0.0475528 -0.072113
0 -0.0225491 -0.0477871 -0.0712477
0 -0.0226995 -0.0474034 -0.0698601
0 -0.0224594 -0.046286 -0.0680727
0 -0.0216814 -0.0444566 -0.0658937
0 -0.0204086 -0.0420515 -0.0632996
0 -0.0188741 -0.0392612 -0.0602751
0 -0.0173939 -0.0363059 -0.0568436
0 -0.0162467 -0.0334489 -0.0531051
0 -0.0155864 -0.0310165 -0.0492964
0 -0.0154357 -0.029336 -0.0458211
0 -0.015696 -0.0285328 -0.0430997
0 -0.0160876 -0.0284307 -0.0414113
0 -0.0162848 -0.0286915 -0.0408946
0 -0.0162101 -0.0290486 -0.0415912
0 -0.015994 -0.0294412 -0.043388
0 -0.0157209 -0.0299278 -0.0458895
0 -0.0153665 -0.0304804 -0.0484297
0 -0.014926 -0.0309437 -0.0503361
0 -0.0145537 -0.0311627 -0.0512045
0 -0.0145369 -0.031126 -0.0510107
0 -0.0150178 -0.0309959 -0.0500119
0 -0.0158006 -0.0309545 -0.0485349
0 -0.0165193 -0.0310472 -0.0469256
0 -0.016923 -0.0311807 -0.0455921
0 -0.0170218 -0.0312871 -0.0449849
0 -0.01703 -0.0314661 -0.045468
0 -0.0171797 -0.0319799 -0.0471635
0 -0.0175427 -0.0331189 -0.0498994
0 -0.0179814 -0.0349177 -0.0532127
0 -0.0182928 -0.0369903 -0.0564983
0 -0.0184142 -0.0387497 -0.0592634
0 -0.0184596 -0.0397728 -0.0612238
0 -0.0185279 -0.0399593 -0.0621876
0 -0.018513 -0.0394182 -0.0619323
0 -0.0181856 -0.0382658 -0.0602764
0 -0.0174473 -0.0365286 -0.0572613
0 -0.0165037 -0.0342489 -0.0532687
0 -0.0157756 -0.0317107 -0.0489874
0 -0.0156307 -0.029546 -0.0452183
0 -0.0161162 -0.0284302 -0.0426167
0 -0.0168598 -0.0286137 -0.0415071
0 -0.0174435 -0.0299027 -0.0420016
0 -0.0178447 -0.0318933 -0.0442395
0 -0.0182923 -0.0341857 -0.048208
0 -0.0188329 -0.0365369 -0.0534114
0 -0.019257 -0.0388299 -0.0589835
0 -0.0193997 -0.0409531 -0.064002
0 -0.0193449 -0.0427179 -0.0677111
0 -0.0192974 -0.0438608 -0.0696834
0 -0.0193593 -0.0441013 -0.069776
0 -0.0194637 -0.0433005 -0.0680122
0 -0.0194275 -0.0415845 -0.0646313
0 -0.0190449 -0.0392011 -0.0600708
0 -0.0181937 -0.0363153 -0.0548376
0 -0.016967 -0.0330666 -0.04948
0 -0.0156371 -0.0296678 -0.0445022
0 -0.0144271 -0.026401 -0.0402592
0 -0.0134371 -0.0236478 -0.0369267
0 -0.0126964 -0.02174 -0.0345079
0 -0.0121857 -0.0207325 -0.0329595
0 -0.0118858 -0.0204347 -0.0322415
0 -0.0117867 -0.0205593 -0.0322633
0 -0.0118133 -0.0208202 -0.0328622
0 -0.0118272 -0.021046 -0.0337846
0 -0.0117368 -0.0212237 -0.0347455
0 -0.0115568 -0.0213827 -0.035524
0 -0.0114383 -0.0215751 -0.0360483
0 -0.0116478 -0.0219729 -0.0364648
0 -0.0123418 -0.0227835 -0.0370243
0 -0.0133893 -0.0240913 -0.0379136
0 -0.0144919 -0.0258241 -0.0392549
0 -0.0154282 -0.0278061 -0.0411767
0 -0.0162138 -0.0299091 -0.0438508
0 -0.0170245 -0.0321571 -0.0473974
0 -0.0179543 -0.0346376 -0.0516956
0 -0.0189376 -0.037399 -0.0563976
0 -0.019904 -0.0404032 -0.0611457
0 -0.0209196 -0.0435289 -0.0656961
0 -0.0221123 -0.0466536 -0.0699386
0 -0.0234605 -0.0496306 -0.0738106
0 -0.0247269 -0.0522418 -0.0771565
0 -0.0256463 -0.054295 -0.0798124
0 -0.0260978 -0.0556648 -0.0817051
0 -0.0260818 -0.0562217 -0.0827613
0 -0.0256626 -0.055861 -0.082868
0 -0.0249505 -0.054611 -0.0819061
0 -0.0240467 -0.0526263 -0.0797688
0 -0.0230218 -0.0501019 -0.0764375
0 -0.0219716 -0.0472451 -0.0720819
0 -0.0210241 -0.0442672 -0.0670768
0 -0.0202558 -0.0413545 -0.0619208
0 -0.0196218 -0.0386519 -0.0570993
0 -0.0189842 -0.0362419 -0.0529424
0 -0.0181654 -0.0340619 -0.0495673
0 -0.0170163 -0.0319114 -0.0469152
0 -0.0155251 -0.0295983 -0.0447471
0 -0.013835 -0.0270217 -0.0427064
0 -0.0121657 -0.0242275 -0.0404574
0 -0.0107221 -0.0214183 -0.0377204
0 -0.00962158 -0.0188031 -0.0343421
0 -0.00887211 -0.0164711 -0.0303814
0 -0.0084362 -0.0144408 -0.0261352
0 -0.00829218 -0.0127466 -0.0221034
0 -0.00838809 -0.011464 -0.0188331
0 -0.00862322 -0.0107398 -0.016785
0 -0.00891632 -0.0107576 -0.0162873
0 -0.00925452 -0.0116357 -0.0175049
0 -0.00970765 -0.0133923 -0.0204249
0 -0.0104045 -0.01598 -0.0248634
0 -0.0114314 -0.0193067 -0.0304712
0 -0.012761 -0.0232228 -0.0367761
0 -0.0142921 -0.0275179 -0.0432901
0 -0.0159059 -0.0319227 -0.0495897
0 -0.0174734 -0.0360844 -0.0553372
0 -0.0188467 -0.0396324 -0.0602808
0 -0.0199321 -0.0423694 -0.0642651
0 -0.0207322 -0.0443026 -0.0672239
0 -0.021267 -0.0455224 -0.0691319
0 -0.0215566 -0.046147 -0.0700145
0 -0.0216473 -0.0462692 -0.0699635
0 -0.021559 -0.0458895 -0.0690737
0 -0.0212656 -0.044961 -0.0674473
0 -0.0207665 -0.0435113 -0.0652395
0 -0.0201186 -0.0416804 -0.0626325
0 -0.0193685 -0.0396433 -0.0597891
0 -0.018544 -0.0375521 -0.0568432
0 -0.0177636 -0.0355932 -0.0539867
0 -0.0172187 -0.0339993 -0.0515072
0 -0.0169572 -0.0328901 -0.0496033
0 -0.0167315 -0.0320932 -0.0481895
0 -0.016182 -0.0312125 -0.046979
0 -0.0151584 -0.0298677 -0.0456714
0 -0.0137238 -0.0277917 -0.0439543
0 -0.0120012 -0.0248734 -0.0414526
0 -0.0101491 -0.0212338 -0.037831
0 -0.00835587 -0.0171769 -0.0329548
0 -0.00677989 -0.0130242 -0.0269453
0 -0.00547913 -0.00895812 -0.0201367
0 -0.00438321 -0.00498331 -0.0129775
0 -0.00333863 -0.00102689 -0.00591979
0 -0.00219299 0.00293118 0.000663795
0 -0.000850348 0.0068265 0.00654005
0 0.000700782 0.0105659 0.0116239
0 0.00239934 0.0140987 0.0159645
0 0.00412281 0.0174023 0.0196905
0 0.00558813 0.0202835 0.0228111
0 0.0063555 0.0222614 0.0251001
0 0.00606005 0.0227425 0.0262134
0 0.0046041 0.0212236 0.0257293
0 0.00209033 0.0173589 0.0230492
0 -0.00137215 0.0110455 0.0174091
0 -0.00559795 0.00252014 0.00811099
0 -0.0102651 -0.0077788 -0.00503394
0 -0.0150578 -0.0194408 -0.021669
0 -0.0197232 -0.0321944 -0.0411621
0 -0.0241925 -0.0458082 -0.0625935
0 -0.0286494 -0.0599117 -0.0850569
0 -0.033403 -0.074127 -0.107837
0 -0.0388863 -0.0884904 -0.13036
0 -0.0452133 -0.103218 -0.152489
0 -0.0518582 -0.117956 -0.174368
0 -0.0585973 -0.132395 -0.195853
0 -0.0656113 -0.146796 -0.216727
0 -0.0726502 -0.16104 -0.237094
0 -0.0793901 -0.174529 -0.256847
0 -0.0858609 -0.187044 -0.27569
0 -0.0919135 -0.19864 -0.293457
0 -0.0969993 -0.208949 -0.309661
0 -0.10067 -0.217441 -0.323613
0 -0.102674 -0.223755 -0.334826
0 -0.102855 -0.227385 -0.342905
0 -0.10155 -0.227962 -0.3476
0 -0.0994812 -0.225666 -0.348721
0 -0.0969664 -0.220866 -0.345725
0 -0.0939162 -0.213989 -0.337968
0 -0.0904043 -0.205501 -0.325556
0 -0.0867167 -0.195628 -0.309456
0 -0.0830716 -0.184511 -0.290939
0 -0.0795264 -0.172519 -0.271431
0 -0.0761988 -0.160505 -0.252263
0 -0.0733764 -0.14978 -0.234601
0 -0.0712202 -0.141407 -0.219467
0 -0.0694035 -0.135388 -0.207176
0 -0.0673724 -0.130747 -0.19748
0 -0.0651695 -0.12666 -0.190491
0 -0.0634201 -0.123133 -0.186679
0 -0.0621327 -0.120326 -0.185484
0 -0.0603516 -0.117821 -0.185182
0 -0.0575142 -0.115117 -0.184427
0 -0.0544581 -0.112379 -0.182837
0 -0.0526056 -0.110086 -0.180774
0 -0.0526184 -0.108587 -0.178647
0 -0.0540718 -0.108208 -0.176463
0 -0.0557558 -0.108846 -0.174215
0 -0.056496 -0.109673 -0.17195
0 -0.0560872 -0.10978 -0.169922
0 -0.0550703 -0.108741 -0.168764
0 -0.0540005 -0.106707 -0.168646
0 -0.053056 -0.10446 -0.16899
0 -0.0520537 -0.102856 -0.169118
0 -0.0509885 -0.102097 -0.168421
0 -0.0503169 -0.101894 -0.166868
0 -0.0505117 -0.101903 -0.165082
0 -0.0516338 -0.101977 -0.163596
0 -0.0533777 -0.102484 -0.162942
0 -0.0553447 -0.104223 -0.163779
0 -0.0572 -0.107649 -0.166563
0 -0.0585659 -0.112062 -0.171315
0 -0.0590313 -0.115945 -0.177387
0 -0.0584427 -0.118122 -0.183601
0 -0.0570427 -0.118226 -0.18869
0 -0.0553705 -0.116731 -0.191575
0 -0.0541195 -0.114766 -0.191643
0 -0.0538614 -0.113296 -0.18891
0 -0.0546527 -0.112561 -0.183966
0 -0.0560765 -0.112228 -0.177893
0 -0.0575157 -0.111689 -0.171761
0 -0.0581354 -0.110278 -0.166205
0 -0.0573052 -0.107655 -0.161623
0 -0.0552072 -0.104073 -0.158238
0 -0.0525993 -0.100139 -0.155996
0 -0.0502492 -0.0966168 -0.154669
0 -0.0488226 -0.0944385 -0.153965
0 -0.0488846 -0.0943376 -0.153805
0 -0.0506078 -0.0966316 -0.154631
0 -0.0537892 -0.101378 -0.157276
0 -0.0580168 -0.108237 -0.162555
0 -0.062424 -0.116421 -0.170913
0 -0.0662025 -0.125211 -0.182374
0 -0.0693102 -0.134349 -0.196686
0 -0.072096 -0.143945 -0.213305
0 -0.0748614 -0.154066 -0.231303
0 -0.0777272 -0.164361 -0.249372
0 -0.080763 -0.174435 -0.266206
0 -0.0840258 -0.184041 -0.281177
0 -0.0872561 -0.192571 -0.294032
0 -0.0902196 -0.199457 -0.304373
0 -0.0930097 -0.204922 -0.31222
0 -0.0955314 -0.209368 -0.317893
0 -0.0974495 -0.212664 -0.321384
0 -0.0985762 -0.214568 -0.322822
0 -0.0987466 -0.21486 -0.322411
0 -0.0976921 -0.212986 -0.319915
0 -0.0952466 -0.208471 -0.315014
0 -0.0914575 -0.201299 -0.307279
0 -0.0865856 -0.191622 -0.296236
0 -0.0811284 -0.179888 -0.281847
0 -0.0757069 -0.166915 -0.264503
0 -0.0708051 -0.153572 -0.245015
0 -0.0666509 -0.140633 -0.224474
0 -0.0632534 -0.128652 -0.203944
0 -0.0604797 -0.118001 -0.184363
0 -0.0581447 -0.108904 -0.166534
0 -0.0560837 -0.101354 -0.151181
0 -0.0542144 -0.0951861 -0.138869
0 -0.0525158 -0.0902368 -0.129839
0 -0.0509413 -0.0863963 -0.124063
0 -0.0493939 -0.0835828 -0.121315
0 -0.0477742 -0.0816444 -0.120963
0 -0.046062 -0.0803986 -0.122096
0 -0.0444394 -0.0797721 -0.123936
0 -0.043316 -0.0796932 -0.125798
0 -0.0431242 -0.0801572 -0.12731
0 -0.0440913 -0.0813949 -0.128551
0 -0.0460871 -0.0836604 -0.129775
0 -0.0486495 -0.087008 -0.131475
0 -0.0512906 -0.0912857 -0.134325
0 -0.0537308 -0.0961916 -0.138952
0 -0.0559221 -0.101436 -0.145781
0 -0.057961 -0.106962 -0.154792
0 -0.0598955 -0.112935 -0.165454
0 -0.0616664 -0.119374 -0.176916
0 -0.0632587 -0.125923 -0.188184
0 -0.0647432 -0.132047 -0.198337
0 -0.0661423 -0.137186 -0.206715
0 -0.0673436 -0.140872 -0.212847
0 -0.0681544 -0.142892 -0.216366
0 -0.0684365 -0.143285 -0.217115
0 -0.0681764 -0.14223 -0.215221
0 -0.0674675 -0.139926 -0.211063
0 -0.0664764 -0.136589 -0.205219
0 -0.0653505 -0.132517 -0.198406
0 -0.0641181 -0.128082 -0.191269
0 -0.0627281 -0.123631 -0.184311
0 -0.0611836 -0.119454 -0.17796
0 -0.0596214 -0.115741 -0.172517
0 -0.0582484 -0.112591 -0.168191
0 -0.057253 -0.110192 -0.165169
0 -0.0567581 -0.108792 -0.163514
0 -0.0566843 -0.108439 -0.163087
0 -0.0567038 -0.108833 -0.163573
0 -0.0565545 -0.109485 -0.164583
0 -0.0562666 -0.109974 -0.165824
0 -0.0559232 -0.110045 -0.166991
0 -0.0554235 -0.109526 -0.167568
0 -0.0546033 -0.108298 -0.166983
0 -0.053499 -0.106397 -0.164939
0 -0.0523565 -0.103972 -0.161503
0 -0.0514044 -0.101176 -0.156975
0 -0.0506229 -0.0980881 -0.151679
0 -0.0497079 -0.0946637 -0.145829
0 -0.0483692 -0.0908305 -0.139641
0 -0.0465859 -0.086618 -0.1334
0 -0.0445339 -0.0821424 -0.127378
0 -0.0424716 -0.0776374 -0.121773
0 -0.0407113 -0.0735282 -0.116766
0 -0.0395489 -0.0703526 -0.11257
0 -0.0392035 -0.0686006 -0.109469
0 -0.0397804 -0.0685879 -0.107823
0 -0.0411798 -0.0703816 -0.108046
0 -0.0431871 -0.0738603 -0.110582
0 -0.0456575 -0.0787852 -0.115858
0 -0.0484126 -0.0849036 -0.124001
0 -0.0511924 -0.0920423 -0.134704
0 -0.05383 -0.0999263 -0.147326
0 -0.0562705 -0.1082 -0.160924
0 -0.0585905 -0.116538 -0.174653
0 -0.0610665 -0.124612 -0.187901
0 -0.0639024 -0.132278 -0.200086
0 -0.0669578 -0.139553 -0.210862
0 -0.0699242 -0.146342 -0.220071
0 -0.0726253 -0.152418 -0.227612
0 -0.0748945 -0.157452 -0.233561
0 -0.0764284 -0.161019 -0.238039
0 -0.0770655 -0.162808 -0.240988
0 -0.0767867 -0.162737 -0.242179
0 -0.0755595 -0.160858 -0.241312
0 -0.0734941 -0.157337 -0.238068
0 -0.0709416 -0.152389 -0.232268
0 -0.0682852 -0.146293 -0.224048
0 -0.0656858 -0.139334 -0.213735
0 -0.063117 -0.13163 -0.201738
0 -0.0603919 -0.123318 -0.188562
0 -0.0572368 -0.114556 -0.174789
0 -0.0536136 -0.105335 -0.160914
0 -0.0497571 -0.0958027 -0.147294
0 -0.045943 -0.0864194 -0.134294
0 -0.0423794 -0.0776486 -0.122151
0 -0.0391865 -0.0697729 -0.110866
0 -0.0364064 -0.0629131 -0.100427
0 -0.0340528 -0.0570717 -0.0908966
0 -0.032161 -0.0521729 -0.0823757
0 -0.0307676 -0.0481111 -0.0749954
0 -0.0298493 -0.0448268 -0.0688945
0 -0.0293034 -0.0423524 -0.0641642
0 -0.0289779 -0.040735 -0.0608259
0 -0.0287333 -0.0399105 -0.0588619
0 -0.0284938 -0.0396902 -0.0582351
0 -0.028263 -0.0398557 -0.0588316
0 -0.0281261 -0.0403051 -0.0604443
0 -0.0281998 -0.0411286 -0.0628165
0 -0.0285599 -0.0424773 -0.0656398
0 -0.0292386 -0.0444178 -0.068646
0 -0.0302726 -0.0469253 -0.0717445
0 -0.0317508 -0.049975 -0.0750896
0 -0.0337532 -0.0536361 -0.0790435
0 -0.0362279 -0.0580554 -0.0840104
0 -0.0390132 -0.0633867 -0.0903232
0 -0.0419903 -0.0697215 -0.0982391
0 -0.0451511 -0.0770923 -0.107946
0 -0.0485558 -0.0855099 -0.119535
0 -0.0522847 -0.0949167 -0.13294
0 -0.0562858 -0.105139 -0.147893
0 -0.0603248 -0.115904 -0.163907
0 -0.0642573 -0.126858 -0.180416
0 -0.0681647 -0.137574 -0.196996
0 -0.072009 -0.147818 -0.213306
0 -0.07553 -0.157468 -0.229009
0 -0.0786229 -0.166145 -0.243788
0 -0.0813337 -0.173653 -0.257333
0 -0.0835742 -0.180164 -0.269232
0 -0.0852218 -0.185649 -0.279019
0 -0.0863503 -0.189804 -0.286478
0 -0.087019 -0.192414 -0.291491
0 -0.087161 -0.193451 -0.293881
0 -0.0868361 -0.192837 -0.293561
0 -0.0860404 -0.190628 -0.290518
0 -0.0845864 -0.186957 -0.284855
0 -0.0824434 -0.181686 -0.276859
0 -0.0796952 -0.174819 -0.266927
0 -0.0763578 -0.166578 -0.255425
0 -0.0724723 -0.15708 -0.24256
0 -0.0681244 -0.146604 -0.228474
0 -0.0634098 -0.135527 -0.213334
0 -0.0585346 -0.124053 -0.197359
0 -0.0538369 -0.112439 -0.180853
0 -0.0496316 -0.101179 -0.164192
0 -0.0460872 -0.0907901 -0.147818
0 -0.0432368 -0.0816372 -0.132177
0 -0.0411005 -0.0739904 -0.11777
0 -0.0397528 -0.0680981 -0.10522
0 -0.0392242 -0.064086 -0.0951394
0 -0.0393449 -0.0618321 -0.0879465
0 -0.0397296 -0.0609981 -0.0838116
0 -0.0399816 -0.061159 -0.0827244
0 -0.0399488 -0.0619502 -0.0844793
0 -0.0397654 -0.0632343 -0.0886049
0 -0.0397116 -0.0652119 -0.0944663
0 -0.0401509 -0.0682449 -0.101379
0 -0.0414499 -0.0725644 -0.10874
0 -0.0438041 -0.0782314 -0.116278
0 -0.047176 -0.0851494 -0.124084
0 -0.0513529 -0.0930555 -0.132469
0 -0.0559221 -0.101676 -0.141872
0 -0.0602923 -0.110731 -0.152616
0 -0.0639278 -0.119736 -0.164656
0 -0.0665532 -0.128118 -0.177583
0 -0.0681987 -0.135464 -0.190749
0 -0.0691378 -0.141511 -0.203359
0 -0.069638 -0.146194 -0.214569
0 -0.0698205 -0.149593 -0.223589
0 -0.0697666 -0.151628 -0.229865
0 -0.0694874 -0.152159 -0.232984
0 -0.0690192 -0.151336 -0.232408
0 -0.0684421 -0.149366 -0.228264
0 -0.0677264 -0.146162 -0.221443
0 -0.066795 -0.141641 -0.212643
0 -0.0654428 -0.135984 -0.202729
0 -0.0633769 -0.129408 -0.192504
0 -0.0605072 -0.122173 -0.182244
0 -0.0570064 -0.114567 -0.172206
0 -0.0531919 -0.106722 -0.162455
0 -0.0493841 -0.0987441 -0.152775
0 -0.0458164 -0.0908521 -0.142997
0 -0.0425974 -0.0832372 -0.132926
0 -0.039689 -0.0759409 -0.122356
0 -0.0369831 -0.0689072 -0.111304
0 -0.0344203 -0.0620362 -0.0999308
0 -0.0319782 -0.0551927 -0.0883843
0 -0.0295734 -0.0482629 -0.0768311
0 -0.0270663 -0.0412408 -0.0654168
0 -0.024407 -0.0342622 -0.0542565
0 -0.02173 -0.027561 -0.0435516
0 -0.0192624 -0.0213894 -0.0335809
0 -0.0171911 -0.0159782 -0.0245864
0 -0.0156238 -0.0115217 -0.0167617
0 -0.0146069 -0.00815304 -0.0103016
0 -0.0141597 -0.00595107 -0.00540874
0 -0.0142966 -0.00499308 -0.00228958
0 -0.014973 -0.00537405 -0.00118356
0 -0.0160903 -0.00716268 -0.00237557
0 -0.0176032 -0.0103255 -0.00609265
0 -0.019507 -0.0148085 -0.0123863
0 -0.0218169 -0.0206882 -0.0211629
0 -0.0246246 -0.0280605 -0.0322199
0 -0.0280918 -0.0369555 -0.0452594
0 -0.032297 -0.0473752 -0.0599704
0 -0.0371085 -0.0591212 -0.0760747
0 -0.0423142 -0.0717624 -0.0933409
0 -0.0477509 -0.0849593 -0.111612
0 -0.0532806 -0.098547 -0.130807
0 -0.0590389 -0.112345 -0.150867
0 -0.0650179 -0.126101 -0.171624
0 -0.0705804 -0.139657 -0.192785
0 -0.075448 -0.152827 -0.214065
0 -0.0798138 -0.165115 -0.235172
0 -0.0836324 -0.176196 -0.255774
0 -0.0867973 -0.186171 -0.275263
0 -0.0894085 -0.195096 -0.292873
0 -0.0916875 -0.202895 -0.308265
0 -0.0936903 -0.209559 -0.321188
0 -0.0954556 -0.215086 -0.331296
0 -0.0971154 -0.219316 -0.338474
0 -0.0985575 -0.222113 -0.342654
0 -0.0996237 -0.223517 -0.343835
0 -0.100293 -0.223533 -0.34234
0 -0.100379 -0.222092 -0.338647
0 -0.0996179 -0.219105 -0.3332
0 -0.0978329 -0.214523 -0.326441
0 -0.0949561 -0.208408 -0.31857
0 -0.0911723 -0.200836 -0.309504
0 -0.086822 -0.191957 -0.299092
0 -0.0821988 -0.18207 -0.287099
0 -0.0775124 -0.171445 -0.273335
0 -0.0728328 -0.160218 -0.257761
0 -0.0681546 -0.148447 -0.240501
0 -0.0634732 -0.136152 -0.22181
0 -0.0587468 -0.123368 -0.201948
0 -0.0539128 -0.110205 -0.181212
0 -0.0489248 -0.0968268 -0.159913
0 -0.0437743 -0.0833911 -0.138275
0 -0.0385231 -0.0700434 -0.11649
0 -0.0333029 -0.0569328 -0.0948101
0 -0.0282668 -0.0442165 -0.0735515
0 -0.023536 -0.0320659 -0.0530111
0 -0.0191854 -0.0206722 -0.0334408
0 -0.0152661 -0.0102296 -0.0151125
0 -0.0118237 -0.000906695 0.00165614
0 -0.00889999 0.00716512 0.0165417
0 -0.00653652 0.0138895 0.0292444
0 -0.00478356 0.0191849 0.0394795
0 -0.00369052 0.0229577 0.0469862
0 -0.00328443 0.0250973 0.0515688
0 -0.0035296 0.0255034 0.0531214
0 -0.00425865 0.0241742 0.0516411
0 -0.00534655 0.0212038 0.0472129
0 -0.00689113 0.0166415 0.0400392
0 -0.00900496 0.0105207 0.0304764
0 -0.0117448 0.00295525 0.0189616
0 -0.0151778 -0.00592628 0.0059483
0 -0.0192684 -0.015988 -0.00818036
0 -0.0238221 -0.0269618 -0.0231686
0 -0.028576 -0.038463 -0.0388593
0 -0.0333323 -0.0501671 -0.0551409
0 -0.037962 -0.0618354 -0.0718925
0 -0.0423093 -0.0732102 -0.0889448
0 -0.0462124 -0.0840008 -0.106034
0 -0.0497133 -0.093959 -0.122817
0 -0.0528018 -0.10292 -0.138923
0 -0.0551958 -0.110818 -0.153977
0 -0.0568795 -0.117633 -0.167605
0 -0.0580502 -0.123148 -0.179398
0 -0.058728 -0.127113 -0.188894
0 -0.0589093 -0.129639 -0.195658
0 -0.0587536 -0.130849 -0.199281
0 -0.058456 -0.130642 -0.199533
0 -0.0580342 -0.1291 -0.196668
0 -0.0574535 -0.126388 -0.191195
0 -0.0566043 -0.122481 -0.183707
0 -0.0552716 -0.11749 -0.174984
0 -0.0533887 -0.111696 -0.165747
0 -0.0509534 -0.105321 -0.156485
0 -0.0480285 -0.0986153 -0.147511
0 -0.0449074 -0.0918457 -0.138929
0 -0.0418555 -0.085201 -0.130668
0 -0.0389845 -0.0788392 -0.122626
0 -0.0364382 -0.0729295 -0.114711
0 -0.0343343 -0.0675689 -0.106885
0 -0.032639 -0.0627452 -0.0992295
0 -0.0312632 -0.0584346 -0.0919157
0 -0.0301731 -0.0546592 -0.0851777
0 -0.0293566 -0.051464 -0.0792831
0 -0.0287459 -0.0488973 -0.0744632
0 -0.0282448 -0.0469927 -0.0708888
0 -0.0278293 -0.0457602 -0.0686767
0 -0.0275618 -0.0452104 -0.0678891
0 -0.0275014 -0.0453644 -0.0685063
0 -0.0276847 -0.0462445 -0.0704008
0 -0.0281711 -0.0478899 -0.073371
0 -0.0290074 -0.0503198 -0.0771851
0 -0.0301995 -0.0534589 -0.0816372
0 -0.0317289 -0.0571653 -0.0865904
0 -0.0335266 -0.0612822 -0.0919497
0 -0.0354595 -0.0656347 -0.0976348
0 -0.0373955 -0.0700653 -0.103559
0 -0.039227 -0.0744572 -0.109609
0 -0.0408504 -0.0786716 -0.115641
0 -0.0422218 -0.0825387 -0.121479
0 -0.0433555 -0.0859273 -0.126876
0 -0.044248 -0.0887379 -0.131538
0 -0.044879 -0.0908724 -0.135206
0 -0.0452559 -0.0922656 -0.137674
0 -0.0454152 -0.0929026 -0.138814
0 -0.0453819 -0.0927913 -0.138606
0 -0.0451624 -0.0919544 -0.137127
0 -0.0447516 -0.0904509 -0.134538
0 -0.044116 -0.0883611 -0.131075
0 -0.0432314 -0.085774 -0.127009
0 -0.0421223 -0.0828113 -0.122603
0 -0.0408335 -0.0796063 -0.118081
0 -0.0394122 -0.0762714 -0.113578
0 -0.0379204 -0.0728901 -0.109125
0 -0.0364069 -0.0695032 -0.104707
0 -0.034909 -0.0661503 -0.100327
0 -0.033519 -0.0629222 -0.096005
0 -0.0323422 -0.0599334 -0.0918084
0 -0.0314185 -0.0572991 -0.0878608
0 -0.0307663 -0.0551474 -0.0843355
0 -0.0304192 -0.0536067 -0.0814596
0 -0.0303922 -0.0527836 -0.0794945
0 -0.0306567 -0.0527434 -0.0786806
0 -0.0311507 -0.0534947 -0.0791882
0 -0.0318004 -0.0549755 -0.0810753
0 -0.0325486 -0.0570778 -0.0842603
0 -0.0333836 -0.0597083 -0.0885404
0 -0.0343312 -0.0627756 -0.0936133
0 -0.0354301 -0.0661777 -0.0991263
0 -0.0367302 -0.069849 -0.104763
0 -0.038273 -0.0737325 -0.110302
0 -0.0400289 -0.0777279 -0.115623
0 -0.0419066 -0.0817465 -0.1207
0 -0.043826 -0.0857494 -0.125603
0 -0.045706 -0.0896953 -0.130443
0 -0.0474415 -0.0935127 -0.13531
0 -0.0489578 -0.0971306 -0.140237
0 -0.0502329 -0.100492 -0.145179
0 -0.0512328 -0.103495 -0.149969
0 -0.0518796 -0.105963 -0.154314
0 -0.0521262 -0.107712 -0.157864
0 -0.0520056 -0.1086 -0.160288
0 -0.0515784 -0.10853 -0.161291
0 -0.0509156 -0.107489 -0.160644
0 -0.050097 -0.105562 -0.158236
0 -0.0491556 -0.102885 -0.154146
0 -0.0480968 -0.0995802 -0.148653
0 -0.0469144 -0.0957558 -0.142188
0 -0.0455637 -0.0915206 -0.135235
0 -0.043992 -0.086994 -0.128226
0 -0.042193 -0.0823257 -0.121479
0 -0.0402121 -0.0776487 -0.115158
0 -0.0381214 -0.0730545 -0.109284
0 -0.0360581 -0.0686739 -0.103855
0 -0.0342037 -0.0646631 -0.0988442
0 -0.0326646 -0.0611059 -0.0941742
0 -0.0314354 -0.0580216 -0.0897998
0 -0.0304806 -0.0554177 -0.0857404
0 -0.0297909 -0.0532884 -0.0820828
0 -0.0293577 -0.0516215 -0.0789913
0 -0.0291618 -0.0504567 -0.0766692
0 -0.029199 -0.0498947 -0.075311
0 -0.0294597 -0.0500303 -0.0750742
0 -0.0299029 -0.0509017 -0.0760602
0 -0.0305239 -0.0525082 -0.0783075
0 -0.0313872 -0.0548457 -0.0817888
0 -0.032529 -0.05789 -0.0863847
0 -0.0339192 -0.0615601 -0.091868
0 -0.0354856 -0.0657043 -0.0979386
0 -0.037141 -0.0701142 -0.104281
0 -0.0388364 -0.0745805 -0.110626
0 -0.0405286 -0.0789043 -0.116779
0 -0.0421436 -0.082911 -0.122557
0 -0.0436191 -0.0865151 -0.127777
0 -0.0448954 -0.0896694 -0.132299
0 -0.0458902 -0.09227 -0.135999
0 -0.0465439 -0.0941756 -0.138762
0 -0.0468506 -0.0952691 -0.140496
0 -0.0468204 -0.0954818 -0.141117
0 -0.0464702 -0.0948122 -0.140552
0 -0.0458605 -0.0933684 -0.138791
0 -0.0450695 -0.0913258 -0.13592
0 -0.0441553 -0.0888278 -0.132112
0 -0.0431706 -0.0859959 -0.127628
0 -0.0421441 -0.0829519 -0.122782
0 -0.0410602 -0.0797934 -0.117871
0 -0.0398987 -0.0766234 -0.113143
0 -0.0386648 -0.0735326 -0.108748
0 -0.0373767 -0.0705587 -0.104754
0 -0.036087 -0.0677617 -0.101209
0 -0.034906 -0.0652428 -0.0981068
0 -0.0339167 -0.0630623 -0.0953934
0 -0.0331189 -0.0612314 -0.0930091
0 -0.0324898 -0.0597408 -0.0908953
0 -0.0320179 -0.0585498 -0.0890351
0 -0.0316795 -0.0575961 -0.0874579
0 -0.0314474 -0.0568483 -0.0862101
0 -0.0313189 -0.056329 -0.0853516
0 -0.0313036 -0.0560952 -0.0849476
0 -0.0314101 -0.0562191 -0.0850616
0 -0.0316588 -0.0567616 -0.0857493
0 -0.0320678 -0.0577348 -0.0870346
0 -0.0326115 -0.0590857 -0.0888813
0 -0.0332333 -0.060714 -0.0911951
0 -0.033887 -0.062508 -0.0938459
0 -0.0345469 -0.0643744 -0.0966889
0 -0.0352111 -0.0662518 -0.0995806
0 -0.035893 -0.0681032 -0.10239
0 -0.0366022 -0.0699098 -0.105016
0 -0.0373456 -0.0716645 -0.107403
0 -0.0381222 -0.0733551 -0.109546
0 -0.0388993 -0.0749534 -0.111474
0 -0.0396241 -0.0764284 -0.113228
0 -0.040256 -0.0777531 -0.11485
0 -0.0407694 -0.0789072 -0.116368
0 -0.0411586 -0.0798874 -0.117791
0 -0.0414446 -0.0807067 -0.119101
0 -0.0416617 -0.0813861 -0.120259
0 -0.0418435 -0.0819519 -0.121224
0 -0.0420237 -0.0824347 -0.12197
0 -0.0422334 -0.0828659 -0.122507
0 -0.0424822 -0.0832696 -0.122874
0 -0.0427507 -0.0836542 -0.123134
0 -0.0430059 -0.0840147 -0.123354
0 -0.0432121 -0.0843367 -0.123595
0 -0.0433416 -0.0846022 -0.123894
0 -0.0433859 -0.0847962 -0.124249
0 -0.0433445 -0.0848986 -0.124608
0 -0.0432073 -0.0848678 -0.124864
0 -0.0429646 -0.0846433 -0.124877
0 -0.0426253 -0.0841703 -0.124514
0 -0.0422142 -0.0834175 -0.123685
0 -0.0417519 -0.0823797 -0.122341
0 -0.0412505 -0.0810839 -0.120496
0 -0.0407248 -0.0795944 -0.118238
0 -0.040195 -0.0779997 -0.11572
0 -0.0396796 -0.0763953 -0.113135
0 -0.0391937 -0.0748749 -0.110686
0 -0.0387596 -0.0735359 -0.108555
0 -0.0384054 -0.0724656 -0.106896
0 -0.0381447 -0.0717235 -0.105817
0 -0.0379723 -0.0713431 -0.105349
0 -0.0378792 -0.071311 -0.105448
0 -0.0378666 -0.0715713 -0.106032
0 -0.0379486 -0.0720717 -0.106992
0 -0.0381435 -0.072773 -0.108215
0 -0.0384503 -0.0736367 -0.109584
0 -0.0388369 -0.0746154 -0.11099
0 -0.0392497 -0.075632 -0.112344
0 -0.039629 -0.0765807 -0.113569
0 -0.0399206 -0.0773518 -0.114598
0 -0.0400798 -0.0778493 -0.115362
0 -0.0400677 -0.0779977 -0.115769
0 -0.0398502 -0.0777394 -0.115701
0 -0.0394147 -0.0770306 -0.115036
0 -0.038778 -0.0758416 -0.113674
0 -0.0379786 -0.0741636 -0.111557
0 -0.0370665 -0.0720181 -0.108677
0 -0.036066 -0.0694645 -0.105089
0 -0.0349627 -0.0665786 -0.100892
0 -0.0337642 -0.0634244 -0.0962328
0 -0.0325129 -0.0600924 -0.0913127
0 -0.0312557 -0.0567279 -0.0863659
0 -0.0300465 -0.053478 -0.0816108
0 -0.0289471 -0.0504906 -0.0772477
0 -0.0280219 -0.0479372 -0.0734688
0 -0.027337 -0.0459711 -0.0704528
0 -0.0269462 -0.0446972 -0.0683546
0 -0.0268785 -0.0441916 -0.0673063
0 -0.0271337 -0.0445065 -0.0674221
0 -0.0276863 -0.0456453 -0.0687784
0 -0.028508 -0.0475719 -0.0713861
0 -0.0295754 -0.0502436 -0.0751871
0 -0.0308676 -0.0535961 -0.0800586
0 -0.0323821 -0.0575463 -0.0858301
0 -0.0341293 -0.0620247 -0.0923162
0 -0.0361175 -0.0669637 -0.0993351
0 -0.0383355 -0.0722885 -0.106715
0 -0.0407005 -0.0778762 -0.114312
0 -0.0430715 -0.0835282 -0.121992
0 -0.0453375 -0.0890526 -0.129599
0 -0.0474262 -0.094291 -0.136992
0 -0.0492599 -0.0990836 -0.144013
0 -0.0507712 -0.103287 -0.150472
0 -0.0519458 -0.106808 -0.156167
0 -0.0528133 -0.109603 -0.160909
0 -0.0534072 -0.111653 -0.164541
0 -0.0537633 -0.112955 -0.166946
0 -0.0539354 -0.113539 -0.168066
0 -0.0539517 -0.113466 -0.167908
0 -0.0538044 -0.112779 -0.166562
0 -0.0534834 -0.111503 -0.164198
0 -0.052941 -0.109668 -0.16104
0 -0.0521217 -0.107305 -0.157322
0 -0.0510167 -0.104469 -0.15324
0 -0.049648 -0.101251 -0.148923
0 -0.048081 -0.0977622 -0.144442
0 -0.0464173 -0.0941194 -0.139818
0 -0.0447539 -0.0904246 -0.135046
0 -0.0431726 -0.0867527 -0.130122
0 -0.0417117 -0.0831604 -0.125073
0 -0.0403524 -0.0796772 -0.119972
0 -0.0390735 -0.0763095 -0.114933
0 -0.037862 -0.0730698 -0.110062
0 -0.0366932 -0.0699768 -0.105452
0 -0.0355427 -0.0670439 -0.101199
0 -0.0344046 -0.0642857 -0.0973485
0 -0.0332993 -0.0617269 -0.0939031
0 -0.0322535 -0.0593927 -0.0908476
0 -0.0312852 -0.0572863 -0.0881312
0 -0.0304139 -0.0553948 -0.0856868
0 -0.0296572 -0.0537105 -0.0834615
0 -0.0290202 -0.0522269 -0.0814158
0 -0.0285078 -0.0509396 -0.079541
0 -0.0281379 -0.0498715 -0.0778751
0 -0.0279371 -0.0490841 -0.0764969
0 -0.0279291 -0.0486559 -0.0755203
0 -0.0281258 -0.0486642 -0.0750832
0 -0.0285151 -0.0491727 -0.0753262
0 -0.0290663 -0.0502037 -0.0763714
0 -0.0297529 -0.0517288 -0.0782876
0 -0.0305479 -0.0536992 -0.0810643
0 -0.0314354 -0.0560711 -0.0846172
0 -0.0324274 -0.0588041 -0.0887992
0 -0.0335454 -0.0618576 -0.0934273
0 -0.0348063 -0.065184 -0.0983199
0 -0.0362165 -0.0687158 -0.103317
0 -0.037766 -0.0723799 -0.108297
0 -0.0394024 -0.0760925 -0.113193
0 -0.0410326 -0.0797484 -0.117978
0 -0.0425887 -0.0832674 -0.122629
0 -0.044022 -0.0865943 -0.127123
0 -0.0452746 -0.0896629 -0.13141
0 -0.0463195 -0.0924064 -0.135417
0 -0.047178 -0.0947886 -0.13906
0 -0.04789 -0.0968085 -0.142251
0 -0.0484812 -0.0984709 -0.1449
0 -0.0489543 -0.0997674 -0.146923
0 -0.0492972 -0.100678 -0.148252
0 -0.0494843 -0.101158 -0.148843
0 -0.0494833 -0.101142 -0.148691
0 -0.0492801 -0.10059 -0.147821
0 -0.0488736 -0.0995137 -0.146279
0 -0.0482496 -0.0979448 -0.144114
0 -0.047403 -0.0959298 -0.141371
0 -0.0463567 -0.0935183 -0.138094
0 -0.0451515 -0.0907545 -0.13434
0 -0.0438426 -0.0876956 -0.130181
0 -0.0424814 -0.0844196 -0.125695
0 -0.0411043 -0.081017 -0.120973
0 -0.0397591 -0.0776074 -0.116133
0 -0.0385004 -0.0743284 -0.111353
0 -0.0373822 -0.0713038 -0.106839
0 -0.0364899 -0.0686862 -0.102818
0 -0.035892 -0.0666544 -0.0995402
0 -0.0355764 -0.0653291 -0.0972033
0 -0.0355009 -0.0647549 -0.0959498
0 -0.03564 -0.0649276 -0.0958864
0 -0.0359529 -0.0657771 -0.0970211
0 -0.0363788 -0.0671586 -0.0992287
0 -0.0368638 -0.0689101 -0.102256
0 -0.0373629 -0.0708783 -0.105751
0 -0.0378619 -0.0729075 -0.109343
0 -0.0383986 -0.0748877 -0.112718
0 -0.039022 -0.0767558 -0.115648
0 -0.0397442 -0.0784446 -0.117989
0 -0.0405258 -0.0799195 -0.119709
0 -0.0412854 -0.0811881 -0.120887
0 -0.0419373 -0.0822245 -0.121659
0 -0.0424062 -0.082967 -0.122168
0 -0.0426263 -0.0833628 -0.12251
0 -0.0425634 -0.083372 -0.122696
0 -0.0422334 -0.0829813 -0.122654
0 -0.0416947 -0.0822254 -0.122259
0 -0.0410342 -0.0811609 -0.12137
0 -0.0403452 -0.0798375 -0.119887
0 -0.0396933 -0.0783023 -0.117783
0 -0.0391015 -0.0765956 -0.11512
0 -0.0385464 -0.074749 -0.112046
0 -0.0379599 -0.0727995 -0.10876
0 -0.0372815 -0.07076 -0.105451
0 -0.0364928 -0.0686376 -0.102277
0 -0.035606 -0.0665009 -0.0993721
0 -0.0346655 -0.0644356 -0.0967849
0 -0.03374 -0.0625033 -0.0944993
0 -0.0328967 -0.0607739 -0.0924745
0 -0.0321974 -0.0593059 -0.0906633
0 -0.031696 -0.0581292 -0.0890556
0 -0.0314236 -0.0572782 -0.0876938
0 -0.0313807 -0.0567979 -0.0866664
0 -0.0315404 -0.0567175 -0.086092
0 -0.0318488 -0.0570442 -0.0860904
0 -0.0322498 -0.0577676 -0.0867629
0 -0.0327204 -0.0588594 -0.0881679
0 -0.0332611 -0.06029 -0.0902964
0 -0.0338799 -0.0620442 -0.0930641
0 -0.0345908 -0.0640987 -0.0963197
0 -0.0354033 -0.0664059 -0.0998775
0 -0.0363208 -0.0689017 -0.103561
0 -0.0373431 -0.0715086 -0.107233
0 -0.0384581 -0.0741519 -0.110802
0 -0.0396282 -0.0767632 -0.11422
0 -0.0407766 -0.0792669 -0.117461
0 -0.0418178 -0.0815975 -0.120507
0 -0.0427056 -0.0837028 -0.12334
0 -0.0434214 -0.0855265 -0.125925
0 -0.0439569 -0.0870196 -0.128198
0 -0.0443253 -0.0881582 -0.130081
0 -0.0445581 -0.088947 -0.131486
0 -0.0446825 -0.0894039 -0.132343
0 -0.0447179 -0.0895481 -0.132613
0 -0.0446857 -0.0894012 -0.132308
0 -0.0445889 -0.0889758 -0.131485
0 -0.0444034 -0.088276 -0.13023
0 -0.0441016 -0.0873142 -0.128648
0 -0.0436621 -0.0861125 -0.126837
0 -0.0430842 -0.0847072 -0.124878
0 -0.0424084 -0.0831611 -0.122843
0 -0.0417019 -0.081561 -0.120789
0 -0.0410322 -0.0800033 -0.118766
0 -0.040448 -0.0785736 -0.116817
0 -0.0399626 -0.0773194 -0.114981
0 -0.039558 -0.0762414 -0.113299
0 -0.0392055 -0.0753058 -0.111808
0 -0.0388791 -0.074469 -0.110543
0 -0.0385631 -0.07371 -0.10952
0 -0.0382576 -0.0730404 -0.108734
0 -0.0379759 -0.0724872 -0.10816
0 -0.0377409 -0.0720757 -0.107763
0 -0.0375803 -0.0718187 -0.10751
0 -0.037519 -0.0717165 -0.107383
0 -0.0375669 -0.0717661 -0.107385
0 -0.037712 -0.0719662 -0.107534
0 -0.0379269 -0.0723149 -0.107857
0 -0.0381841 -0.0728051 -0.108387
0 -0.0384626 -0.0734223 -0.109146
0 -0.0387476 -0.0741401 -0.110134
0 -0.0390278 -0.0749222 -0.111311
0 -0.0392975 -0.0757351 -0.112612
0 -0.0395607 -0.0765557 -0.113952
0 -0.0398258 -0.0773624 -0.115247
0 -0.0400969 -0.0781279 -0.11642
0 -0.0403714 -0.0788238 -0.117413
0 -0.0406348 -0.0794211 -0.11819
0 -0.0408614 -0.0798881 -0.118736
0 -0.0410272 -0.0802004 -0.119058
0 -0.041122 -0.0803521 -0.119184
0 -0.0411501 -0.0803585 -0.119151
0 -0.0411221 -0.0802476 -0.118992
0 -0.041045 -0.0800464 -0.118727
0 -0.0409251 -0.0797751 -0.118371
0 -0.0407744 -0.0794474 -0.117932
0 -0.0406085 -0.0790739 -0.117424
0 -0.040442 -0.0786683 -0.116864
0 -0.0402846 -0.0782506 -0.116272
0 -0.0401374 -0.0778411 -0.115671
0 -0.0399961 -0.0774542 -0.115083
0 -0.039856 -0.0770932 -0.114529
0 -0.0397182 -0.0767576 -0.114031
0 -0.0395939 -0.0764551 -0.113611
0 -0.0394953 -0.0762034 -0.113286
0 -0.0394257 -0.0760217 -0.113063
0 -0.0393809 -0.0759191 -0.112935
0 -0.039355 -0.0758893 -0.112893
0 -0.0393452 -0.0759129 -0.112925
0 -0.0393472 -0.0759631 -0.113012
0 -0.0393488 -0.0760116 -0.113126
0 -0.0393324 -0.0760322 -0.113227
0 -0.0392827 -0.0760008 -0.113269
0 -0.0391906 -0.075892 -0.113206
0 -0.0390535 -0.0756782 -0.112994
0 -0.0388739 -0.0753365 -0.112598
0 -0.038661 -0.0748638 -0.112
0 -0.0384343 -0.0742865 -0.111214
0 -0.038214 -0.0736528 -0.110282
0 -0.0380168 -0.0730167 -0.10927
0 -0.0378593 -0.0724356 -0.108273
0 -0.0377555 -0.0719646 -0.1074
0 -0.037709 -0.0716445 -0.106754
0 -0.0377096 -0.071498 -0.106409
0 -0.0377357 -0.0715236 -0.106398
0 -0.0377606 -0.0716886 -0.106697
0 -0.0377615 -0.0719336 -0.107228
0 -0.0377349 -0.0721966 -0.107882
0 -0.0377022 -0.0724365 -0.108541
0 -0.0376999 -0.072647 -0.109108
0 -0.0377681 -0.0728585 -0.109528
0 -0.037938 -0.0731241 -0.109811
0 -0.0382214 -0.0734978 -0.110027
0 -0.0386051 -0.0740155 -0.110297
0 -0.0390491 -0.0746816 -0.110752
0 -0.0394955 -0.0754689 -0.111493
0 -0.039887 -0.0763294 -0.112565
0 -0.0401883 -0.0772113 -0.113936
0 -0.0403981 -0.0780782 -0.11551
0 -0.0405513 -0.0789084 -0.117156
0 -0.0406991 -0.0796828 -0.118711
0 -0.0408804 -0.0803869 -0.120016
0 -0.041109 -0.0810089 -0.120962
0 -0.0413666 -0.0815165 -0.1215
0 -0.0416108 -0.0818623 -0.121648
0 -0.0417952 -0.082009 -0.121479
0 -0.0418745 -0.0819346 -0.121085
0 -0.041807 -0.0816291 -0.120538
0 -0.0415709 -0.0810995 -0.119868
0 -0.0411794 -0.0803662 -0.119072
0 -0.0406773 -0.0794555 -0.118116
0 -0.0401211 -0.0783972 -0.116952
0 -0.0395622 -0.0772256 -0.115538
0 -0.0390422 -0.075981 -0.113865
0 -0.0385809 -0.0747118 -0.111977
0 -0.0381724 -0.0734639 -0.109966
0 -0.0378005 -0.0722607 -0.10795
0 -0.0374446 -0.0711139 -0.106052
0 -0.0370792 -0.0700444 -0.104382
0 -0.0366888 -0.0690683 -0.103005
0 -0.0362819 -0.0682007 -0.101939
0 -0.0358907 -0.0674704 -0.101171
0 -0.0355663 -0.0669142 -0.100666
0 -0.0353613 -0.066568 -0.100385
0 -0.0353089 -0.0664637 -0.100301
0 -0.03542 -0.0666239 -0.100419
0 -0.0356825 -0.0670512 -0.100773
0 -0.0360603 -0.0677238 -0.101411
0 -0.0365046 -0.0686026 -0.102379
0 -0.0369729 -0.0696445 -0.1037
0 -0.0374486 -0.070824 -0.105374
0 -0.037944 -0.0721414 -0.107369
0 -0.0384857 -0.0736091 -0.109627
0 -0.0390968 -0.0752329 -0.112065
0 -0.0397901 -0.0769997 -0.114598
0 -0.0405509 -0.0788549 -0.117144
0 -0.0413193 -0.0806937 -0.119614
0 -0.0420276 -0.0824045 -0.121924
0 -0.0426295 -0.0838984 -0.123999
0 -0.0430866 -0.0851006 -0.125764
0 -0.0433775 -0.0859621 -0.127137
0 -0.0435151 -0.0864723 -0.128052
0 -0.0435311 -0.0866451 -0.128461
0 -0.0434568 -0.0865085 -0.128347
0 -0.0433191 -0.0861023 -0.127731
0 -0.0431288 -0.0854666 -0.126672
0 -0.0428824 -0.0846371 -0.125267
0 -0.0425784 -0.0836564 -0.123642
0 -0.0422168 -0.0825725 -0.121926
0 -0.0417956 -0.0814291 -0.120226
0 -0.0413219 -0.0802696 -0.118616
0 -0.0408146 -0.079133 -0.117133
0 -0.0402999 -0.0780475 -0.115782
0 -0.0398088 -0.077032 -0.114544
0 -0.0393673 -0.0760971 -0.113389
0 -0.0389888 -0.0752492 -0.112294
0 -0.0386798 -0.074498 -0.111253
0 -0.0384491 -0.0738608 -0.110289
0 -0.0383018 -0.0733587 -0.109452
0 -0.0382275 -0.0730082 -0.108797
0 -0.0382008 -0.072808 -0.108369
0 -0.0381896 -0.0727355 -0.108186
0 -0.0381683 -0.0727555 -0.108238
0 -0.0381287 -0.0728302 -0.108486
0 -0.0380812 -0.072934 -0.108864
0 -0.0380451 -0.0730584 -0.109292
0 -0.0380371 -0.0732007 -0.109691
0 -0.0380688 -0.0733584 -0.109998
0 -0.0381506 -0.0735328 -0.110194
0 -0.0382869 -0.0737272 -0.110302
0 -0.0384671 -0.0739447 -0.110378
0 -0.0386635 -0.0741864 -0.110483
0 -0.0388414 -0.0744488 -0.110671
0 -0.038977 -0.0747246 -0.11098
0 -0.0390659 -0.0750063 -0.111419
0 -0.0391261 -0.0752948 -0.11197
0 -0.0391953 -0.0756101 -0.112605
0 -0.0393116 -0.0759857 -0.113289
0 -0.0394981 -0.0764496 -0.113993
0 -0.0397572 -0.0770101 -0.114701
0 -0.0400744 -0.0776538 -0.115418
0 -0.0404218 -0.0783452 -0.116166
0 -0.0407573 -0.0790347 -0.11696
0 -0.0410429 -0.0796786 -0.117799
0 -0.0412552 -0.0802463 -0.11866
0 -0.041387 -0.0807185 -0.119495
0 -0.0414486 -0.0810828 -0.120231
0 -0.0414581 -0.0813257 -0.120789
0 -0.0414287 -0.0814259 -0.12109
0 -0.0413609 -0.0813566 -0.121069
0 -0.041244 -0.0810902 -0.120689
0 -0.0410612 -0.0806048 -0.119944
0 -0.040797 -0.0798931 -0.11886
0 -0.040448 -0.0789686 -0.117487
0 -0.0400213 -0.0778638 -0.115891
0 -0.0395341 -0.076627 -0.11414
0 -0.0390158 -0.0753188 -0.112306
0 -0.0384932 -0.0740009 -0.110456
0 -0.0379843 -0.0727213 -0.10865
0 -0.0375081 -0.0715188 -0.106944
0 -0.0370752 -0.0704247 -0.10538
0 -0.036683 -0.0694517 -0.103993
0 -0.0363298 -0.0686008 -0.1028
0 -0.0360145 -0.0678698 -0.101807
0 -0.0357332 -0.0672514 -0.101007
0 -0.035489 -0.0667402 -0.100381
0 -0.0352944 -0.0663415 -0.099913
0 -0.0351636 -0.0660669 -0.0995913
0 -0.035105 -0.0659259 -0.099409
0 -0.0351243 -0.0659279 -0.0993713
0 -0.0352261 -0.066087 -0.0995025
0 -0.0354116 -0.0664165 -0.0998398
0 -0.0356776 -0.0669269 -0.100423
0 -0.0360162 -0.0676279 -0.101286
0 -0.0364206 -0.0685258 -0.102457
0 -0.0368915 -0.069625 -0.103947
0 -0.0374325 -0.0709264 -0.105754
0 -0.0380409 -0.0724181 -0.10785
0 -0.0387044 -0.07407 -0.110182
0 -0.0394027 -0.0758331 -0.112674
0 -0.0401118 -0.0776422 -0.115236
0 -0.0408027 -0.0794193 -0.117776
0 -0.0414496 -0.0810919 -0.120204
0 -0.042053 -0.0826229 -0.122444
0 -0.0426209 -0.0840057 -0.124438
0 -0.0431396 -0.0852301 -0.12614
0 -0.0435867 -0.0862711 -0.127517
0 -0.0439443 -0.0870957 -0.128559
0 -0.0441892 -0.0876607 -0.129258
0 -0.0442948 -0.0879218 -0.129603
0 -0.0442464 -0.0878552 -0.129579
0 -0.0440423 -0.0874594 -0.129158
0 -0.0436931 -0.0867463 -0.128317
0 -0.0432241 -0.0857406 -0.127045
0 -0.04267 -0.0844753 -0.125353
0 -0.0420561 -0.0829843 -0.123276
0 -0.0413907 -0.0813017 -0.120866
0 -0.0406725 -0.0794624 -0.118198
0 -0.039902 -0.077502 -0.115355
0 -0.039096 -0.0754678 -0.112433
0 -0.0382753 -0.073414 -0.109522
0 -0.037453 -0.0713839 -0.106698
0 -0.0366624 -0.0694399 -0.104032
0 -0.0359471 -0.0676689 -0.101592
0 -0.0353346 -0.0661369 -0.0994371
0 -0.0348531 -0.0648937 -0.0976323
0 -0.034531 -0.0639887 -0.0962462
0 -0.034376 -0.0634526 -0.0953431
0 -0.0343805 -0.0633006 -0.0949805
0 -0.0345318 -0.0635439 -0.0951995
0 -0.0348116 -0.0641763 -0.0960165
0 -0.0352077 -0.065173 -0.0974188
0 -0.0357236 -0.0665134 -0.0993686
0 -0.0363673 -0.0681786 -0.101806
0 -0.0371364 -0.0701365 -0.104645
0 -0.0380162 -0.0723442 -0.107791
0 -0.0389839 -0.0747451 -0.111142
0 -0.0400186 -0.0772683 -0.114608
0 -0.041083 -0.0798261 -0.11811
0 -0.0421147 -0.0823196 -0.121564
0 -0.0430717 -0.0846703 -0.12488
0 -0.0439292 -0.086821 -0.127964
0 -0.0446495 -0.0887067 -0.130716
0 -0.0452068 -0.0902576 -0.133032
0 -0.0456003 -0.0914165 -0.13482
0 -0.0458269 -0.0921386 -0.135995
0 -0.0458763 -0.0923882 -0.136486
0 -0.0457496 -0.0921526 -0.136248
0 -0.0454563 -0.0914464 -0.135274
0 -0.0450043 -0.0902959 -0.133602
0 -0.0444107 -0.0887428 -0.131315
0 -0.0436921 -0.0868453 -0.128523
0 -0.042855 -0.0846667 -0.125351
0 -0.0419136 -0.0822777 -0.121925
0 -0.0408977 -0.0797603 -0.118372
0 -0.0398517 -0.0772032 -0.114806
0 -0.0388329 -0.0747001 -0.111328
0 -0.0378773 -0.0723286 -0.108022
0 -0.0370034 -0.070148 -0.104964
0 -0.0362434 -0.0682226 -0.102224
0 -0.0356094 -0.0665939 -0.0998559
0 -0.0350829 -0.0652602 -0.097899
0 -0.0346555 -0.0642107 -0.0963782
0 -0.0343309 -0.06344 -0.0953042
0 -0.0341088 -0.0629443 -0.0946769
0 -0.0339985 -0.0627338 -0.0944859
0 -0.0340192 -0.062831 -0.0947123
0 -0.0341786 -0.0632471 -0.0953333
0 -0.0344769 -0.0639765 -0.0963288
0 -0.0349165 -0.0650036 -0.0976849
0 -0.0354824 -0.0662977 -0.0993869
0 -0.0361383 -0.0678144 -0.10141
0 -0.0368459 -0.0695022 -0.103712
0 -0.0375678 -0.0713021 -0.106231
0 -0.0382733 -0.0731459 -0.108883
0 -0.0389533 -0.0749729 -0.111571
0 -0.0396147 -0.0767396 -0.114195
0 -0.0402514 -0.0784007 -0.11666
0 -0.0408451 -0.07991 -0.118869
0 -0.0413887 -0.0812419 -0.120752
0 -0.0418751 -0.0823775 -0.122274
0 -0.0422879 -0.0832915 -0.123428
0 -0.042613 -0.083965 -0.124231
0 -0.0428344 -0.0843872 -0.124706
0 -0.0429283 -0.0845483 -0.12487
0 -0.0428821 -0.0844452 -0.124734
0 -0.042704 -0.0840868 -0.124305
0 -0.0424122 -0.0834874 -0.12358
0 -0.0420341 -0.0826715 -0.122562
0 -0.0416083 -0.0816845 -0.121268
0 -0.0411717 -0.0805872 -0.119743
0 -0.0407479 -0.0794405 -0.118054
0 -0.0403487 -0.0782995 -0.116288
0 -0.0399735 -0.0772049 -0.114548
0 -0.0396078 -0.0761734 -0.112922
0 -0.0392346 -0.0752028 -0.111469
0 -0.0388436 -0.0742848 -0.110219
0 -0.0384363 -0.0734211 -0.109173
0 -0.0380376 -0.0726365 -0.108309
0 -0.0376909 -0.0719679 -0.107597
0 -0.0374351 -0.0714495 -0.107014
0 -0.03729 -0.0711027 -0.106542
0 -0.0372502 -0.0709236 -0.106184
0 -0.0372887 -0.0708863 -0.105952
0 -0.0373714 -0.0709582 -0.105875
0 -0.0374677 -0.0711091 -0.105976
0 -0.0375542 -0.0713145 -0.10626
0 -0.0376207 -0.0715607 -0.106706
0 -0.0376758 -0.0718459 -0.107274
0 -0.0377448 -0.0721765 -0.107915
0 -0.0378592 -0.072565 -0.108586
0 -0.0380392 -0.0730209 -0.109256
0 -0.0382823 -0.0735404 -0.109908
0 -0.0385663 -0.0741056 -0.110543
0 -0.038865 -0.0746947 -0.111181
0 -0.0391606 -0.0752903 -0.111858
0 -0.0394378 -0.0758804 -0.112599
0 -0.0396847 -0.0764593 -0.11341
0 -0.0398998 -0.077029 -0.114277
0 -0.0400911 -0.0775914 -0.115172
0 -0.0402717 -0.078141 -0.116051
0 -0.0404503 -0.0786641 -0.116867
0 -0.0406259 -0.0791391 -0.117573
0 -0.0407867 -0.079539 -0.118131
0 -0.0409115 -0.0798323 -0.118509
0 -0.0409798 -0.0799896 -0.118692
0 -0.0409788 -0.0799894 -0.118673
0 -0.0409039 -0.079823 -0.118453
0 -0.0407608 -0.0794968 -0.118036
0 -0.0405556 -0.0790254 -0.117427
0 -0.0402914 -0.078422 -0.116628
0 -0.0399737 -0.0776964 -0.115642
0 -0.039613 -0.0768587 -0.114487
0 -0.0392267 -0.0759269 -0.113189
0 -0.0388342 -0.0749312 -0.111788
0 -0.0384443 -0.0739077 -0.110327
0 -0.0380569 -0.0728891 -0.108854
0 -0.0376755 -0.071903 -0.107417
0 -0.0373097 -0.070974 -0.106069
0 -0.0369698 -0.0701227 -0.104853
0 -0.0366665 -0.0693695 -0.103805
0 -0.0364108 -0.0687386 -0.102948
0 -0.0362154 -0.068259 -0.102303
0 -0.0360977 -0.0679604 -0.10189
0 -0.0360741 -0.0678677 -0.101733
0 -0.0361527 -0.0679973 -0.101853
0 -0.0363323 -0.0683548 -0.10227
0 -0.0366075 -0.0689408 -0.103004
0 -0.0369692 -0.0697512 -0.104063
0 -0.037401 -0.0707685 -0.105439
0 -0.0378838 -0.0719618 -0.107102
0 -0.0384036 -0.0732943 -0.109003
0 -0.0389542 -0.074728 -0.11108
0 -0.0395389 -0.0762329 -0.113265
0 -0.0401606 -0.0777855 -0.115493
0 -0.0408053 -0.0793535 -0.117705
0 -0.0414537 -0.0809007 -0.119846
0 -0.0420876 -0.0823935 -0.121869
0 -0.0426791 -0.0837879 -0.123738
0 -0.0431967 -0.0850304 -0.125419
0 -0.0436169 -0.0860733 -0.126873
0 -0.043921 -0.0868766 -0.128055
0 -0.0440936 -0.0874067 -0.128911
0 -0.0441328 -0.0876424 -0.129384
0 -0.0440521 -0.0875792 -0.129433
0 -0.0438688 -0.0872218 -0.129028
0 -0.0435938 -0.0865785 -0.12816
0 -0.0432246 -0.0856577 -0.126841
0 -0.0427474 -0.0844596 -0.125097
0 -0.0421441 -0.0829777 -0.122965
0 -0.0414064 -0.0812148 -0.120493
0 -0.0405498 -0.0791982 -0.117736
0 -0.0396139 -0.076987 -0.114757
0 -0.0386574 -0.0746731 -0.111625
0 -0.0377262 -0.0723571 -0.108416
0 -0.0368328 -0.070106 -0.105209
0 -0.036003 -0.067971 -0.102097
0 -0.035271 -0.0660169 -0.0991935
0 -0.0346377 -0.0642893 -0.0966005
0 -0.0340976 -0.0628168 -0.0944048
0 -0.0336588 -0.0616408 -0.0926782
0 -0.0333252 -0.0607946 -0.0914668
0 -0.033105 -0.0602926 -0.0907947
0 -0.0330235 -0.0601531 -0.0906696
0 -0.0331056 -0.0603972 -0.0910854
0 -0.0333614 -0.0610344 -0.0920234
0 -0.0337855 -0.0620566 -0.0934481
0 -0.0343535 -0.0634273 -0.0953088
0 -0.0350283 -0.0650797 -0.0975489
0 -0.0357787 -0.0669378 -0.100107
0 -0.036578 -0.068931 -0.102911
0 -0.0373956 -0.0709944 -0.105872
0 -0.038209 -0.0730756 -0.108889
0 -0.0390149 -0.0751395 -0.111866
0 -0.0398103 -0.077146 -0.114724
0 -0.0405792 -0.0790417 -0.117394
0 -0.0413141 -0.0807921 -0.11982
0 -0.042008 -0.0823823 -0.121976
0 -0.0426371 -0.0837944 -0.123846
0 -0.0431746 -0.0850068 -0.125427
0 -0.043607 -0.0860015 -0.126724
0 -0.0439283 -0.0867623 -0.127744
0 -0.0441337 -0.0872762 -0.128485
0 -0.044228 -0.0875465 -0.128939
0 -0.0442258 -0.0875931 -0.129096
0 -0.0441454 -0.0874412 -0.12895
0 -0.0440071 -0.0871167 -0.128513
0 -0.0438246 -0.0866413 -0.127806
0 -0.0435955 -0.086022 -0.126859
0 -0.0433088 -0.0852602 -0.125711
0 -0.0429553 -0.0843617 -0.124402
0 -0.0425259 -0.08333 -0.122963
0 -0.0420182 -0.0821707 -0.121412
0 -0.0414483 -0.0809035 -0.119761
0 -0.0408465 -0.0795611 -0.118022
0 -0.0402427 -0.0781812 -0.116206
0 -0.0396625 -0.0768045 -0.114334
0 -0.0391265 -0.0754696 -0.112443
0 -0.0386424 -0.0742039 -0.11058
0 -0.0381967 -0.0730163 -0.108796
0 -0.0377684 -0.0718991 -0.107137
0 -0.0373468 -0.0708481 -0.105636
0 -0.0369236 -0.0698632 -0.104308
0 -0.0364998 -0.0689456 -0.103149
0 -0.0360964 -0.0681078 -0.102141
0 -0.0357386 -0.0673676 -0.10126
0 -0.0354453 -0.0667392 -0.100484
0 -0.0352301 -0.0662337 -0.0998026
0 -0.0350957 -0.0658567 -0.0992185
0 -0.0350308 -0.0656037 -0.0987494
0 -0.0350179 -0.0654638 -0.0984214
0 -0.0350446 -0.0654319 -0.0982674
0 -0.0351067 -0.0655137 -0.0983205
0 -0.035203 -0.0657195 -0.0986016
0 -0.0353399 -0.066063 -0.0991158
0 -0.0355322 -0.06656 -0.0998575
0 -0.0357892 -0.0672176 -0.100811
0 -0.0361156 -0.0680296 -0.101952
0 -0.0365084 -0.0689786 -0.103255
0 -0.0369525 -0.0700374 -0.104692
0 -0.0374292 -0.0711732 -0.106233
0 -0.0379172 -0.0723506 -0.107846
0 -0.0383977 -0.073535 -0.109494
0 -0.038864 -0.0747 -0.11114
0 -0.0393136 -0.0758245 -0.112744
0 -0.0397352 -0.0768826 -0.114262
0 -0.0401154 -0.0778444 -0.115646
0 -0.0404456 -0.0786839 -0.116849
0 -0.0407195 -0.0793773 -0.117836
0 -0.0409338 -0.0799079 -0.118581
0 -0.0410856 -0.0802654 -0.119074
0 -0.0411683 -0.0804436 -0.119307
0 -0.0411736 -0.0804384 -0.119279
0 -0.0410976 -0.0802493 -0.118998
0 -0.040947 -0.0798848 -0.118482
0 -0.0407326 -0.0793616 -0.117756
0 -0.0404672 -0.0787052 -0.116848
0 -0.0401694 -0.0779544 -0.115798
0 -0.0398586 -0.0771533 -0.114653
0 -0.039552 -0.0763449 -0.113469
0 -0.0392669 -0.0755707 -0.11231
0 -0.0390158 -0.0748667 -0.111238
0 -0.0388018 -0.0742579 -0.110307
0 -0.0386243 -0.0737624 -0.109563
0 -0.0384873 -0.0734003 -0.10904
0 -0.0384019 -0.0731924 -0.108763
0 -0.0383787 -0.073154 -0.108741
0 -0.0384216 -0.0732883 -0.108964
0 -0.0385289 -0.0735871 -0.109411
0 -0.0387002 -0.0740373 -0.110057
0 -0.0389333 -0.0746212 -0.110877
0 -0.0392189 -0.0753158 -0.11184
0 -0.0395429 -0.0760956 -0.112916
0 -0.0398839 -0.076927 -0.114068
0 -0.0402215 -0.0777722 -0.115254
0 -0.0405459 -0.0786003 -0.116438
0 -0.0408554 -0.0793896 -0.117583
0 -0.0411509 -0.080128 -0.118658
0 -0.0414274 -0.0808054 -0.119628
0 -0.0416687 -0.0813999 -0.120459
0 -0.0418549 -0.0818785 -0.121116
0 -0.0419711 -0.0822052 -0.121569
0 -0.0420078 -0.082347 -0.121796
0 -0.0419577 -0.0822821 -0.121769
0 -0.0418191 -0.0820052 -0.121465
0 -0.0415981 -0.0815259 -0.120872
0 -0.0413043 -0.0808597 -0.119988
0 -0.0409498 -0.0800228 -0.118827
0 -0.0405488 -0.0790361 -0.117424
0 -0.0401128 -0.0779268 -0.115826
0 -0.039649 -0.0767279 -0.114092
0 -0.0391615 -0.0754745 -0.112284
0 -0.0386561 -0.0741998 -0.110457
0 -0.0381413 -0.0729296 -0.108662
0 -0.0376239 -0.0716826 -0.10694
0 -0.0371196 -0.0704863 -0.105324
0 -0.0366502 -0.0693748 -0.103838
0 -0.0362267 -0.0683725 -0.102492
0 -0.0358579 -0.0674988 -0.101297
0 -0.035553 -0.066765 -0.100264
0 -0.0353117 -0.0661688 -0.0994038
0 -0.0351291 -0.0657045 -0.0987264
0 -0.035006 -0.065376 -0.0982472
0 -0.0349473 -0.0651967 -0.0979835
0 -0.0349554 -0.0651816 -0.0979493
0 -0.0350327 -0.0653431 -0.0981553
0 -0.0351847 -0.06569 -0.0986109
0 -0.0354149 -0.0662234 -0.0993215
0 -0.0357208 -0.0669367 -0.100284
0 -0.0360942 -0.0678177 -0.101486
0 -0.0365277 -0.0688534 -0.102911
0 -0.0370161 -0.070031 -0.10454
0 -0.0375532 -0.0713334 -0.106346
0 -0.0381281 -0.0727353 -0.108293
0 -0.0387278 -0.0742041 -0.110334
0 -0.0393366 -0.0756996 -0.112417
0 -0.0399278 -0.0771694 -0.11448
0 -0.0404728 -0.0785548 -0.116458
0 -0.0409607 -0.0798114 -0.118285
0 -0.0413916 -0.0809148 -0.119904
0 -0.0417637 -0.0818514 -0.121268
0 -0.0420776 -0.0826145 -0.122349
0 -0.042337 -0.0832052 -0.123135
0 -0.0425422 -0.0836268 -0.123637
0 -0.0426868 -0.083879 -0.123882
0 -0.04276 -0.0839608 -0.123895
0 -0.0427484 -0.0838721 -0.123705
0 -0.042641 -0.0836102 -0.12333
0 -0.0424341 -0.083171 -0.122771
0 -0.0421317 -0.0825536 -0.122018
0 -0.0417489 -0.0817636 -0.121055
0 -0.0413085 -0.080816 -0.119869
0 -0.0408301 -0.079733 -0.118452
0 -0.0403256 -0.0785369 -0.116813
0 -0.0398033 -0.0772501 -0.114981
0 -0.0392719 -0.0758992 -0.113013
0 -0.0387427 -0.0745168 -0.110982
0 -0.0382292 -0.0731448 -0.108966
0 -0.0377353 -0.0718252 -0.107046
0 -0.0372646 -0.0705995 -0.105292
0 -0.0368315 -0.0695121 -0.10376
0 -0.036446 -0.0685903 -0.102482
0 -0.0361154 -0.0678418 -0.101476
0 -0.0358554 -0.0672735 -0.100742
0 -0.0356766 -0.0668892 -0.100271
0 -0.0355775 -0.0666857 -0.100044
0 -0.0355548 -0.0666584 -0.100037
0 -0.0356039 -0.066797 -0.100232
0 -0.0357204 -0.0670863 -0.100617
0 -0.0359062 -0.067517 -0.101187
0 -0.0361597 -0.0680842 -0.101942
0 -0.0364673 -0.0687793 -0.102875
0 -0.0368121 -0.0695888 -0.10397
0 -0.0371818 -0.0704934 -0.105209
0 -0.0375662 -0.0714642 -0.106565
0 -0.0379584 -0.0724697 -0.108
0 -0.0383574 -0.0734876 -0.109472
0 -0.0387615 -0.0745026 -0.110938
0 -0.0391677 -0.0755021 -0.112357
0 -0.0395711 -0.0764724 -0.113701
0 -0.0399623 -0.0773934 -0.114945
0 -0.0403263 -0.0782382 -0.116069
0 -0.0406435 -0.0789767 -0.117055
0 -0.0408969 -0.0795829 -0.117884
0 -0.041078 -0.0800404 -0.118541
0 -0.0411864 -0.080342 -0.119009
0 -0.0412278 -0.0804888 -0.119274
0 -0.0412138 -0.0804906 -0.119326
0 -0.0411592 -0.0803639 -0.119168
0 -0.0410756 -0.0801281 -0.118814
0 -0.0409675 -0.0798009 -0.118294
0 -0.0408328 -0.0793954 -0.117641
0 -0.040668 -0.0789233 -0.116898
0 -0.0404716 -0.0783977 -0.116107
0 -0.0402482 -0.0778356 -0.115307
0 -0.0400065 -0.0772576 -0.114524
0 -0.0397584 -0.0766869 -0.113776
0 -0.039519 -0.076147 -0.113075
0 -0.0393017 -0.0756556 -0.112428
0 -0.0391121 -0.075219 -0.111835
0 -0.0389469 -0.0748325 -0.111294
0 -0.0387975 -0.0744828 -0.1108
0 -0.0386541 -0.0741539 -0.110347
0 -0.0385086 -0.0738324 -0.109925
0 -0.0383585 -0.0735116 -0.109525
0 -0.0382096 -0.073194 -0.109138
0 -0.038071 -0.0728891 -0.108761
0 -0.0379499 -0.0726074 -0.10839
0 -0.0378527 -0.0723585 -0.108033
0 -0.0377821 -0.0721501 -0.107703
0 -0.0377364 -0.0719868 -0.107418
0 -0.0377107 -0.0718706 -0.107198
0 -0.0377017 -0.071805 -0.107064
0 -0.0377106 -0.0717984 -0.107034
0 -0.0377438 -0.0718638 -0.107124
0 -0.0378096 -0.0720153 -0.107342
0 -0.0379124 -0.0722617 -0.107691
0 -0.0380516 -0.0726019 -0.108162
0 -0.0382223 -0.0730247 -0.108743
0 -0.0384162 -0.0735106 -0.109414
0 -0.0386234 -0.0740353 -0.11015
0 -0.0388344 -0.0745757 -0.110924
0 -0.0390463 -0.0751174 -0.111709
0 -0.039262 -0.0756554 -0.112486
0 -0.0394801 -0.0761846 -0.113236
0 -0.0396962 -0.0766968 -0.113941
0 -0.0399057 -0.0771831 -0.11459
0 -0.0401021 -0.0776322 -0.115177
0 -0.0402775 -0.0780306 -0.115698
0 -0.0404203 -0.0783627 -0.116146
0 -0.0405154 -0.0786103 -0.116502
0 -0.0405516 -0.078753 -0.116742
0 -0.0405248 -0.0787728 -0.11684
0 -0.0404382 -0.0786573 -0.116767
0 -0.040299 -0.0784008 -0.116496
0 -0.0401171 -0.0780093 -0.116013
0 -0.0399043 -0.0774999 -0.115321
0 -0.0396681 -0.0768917 -0.114441
0 -0.0394064 -0.0761983 -0.113402
0 -0.0391129 -0.0754278 -0.112245
0 -0.0387873 -0.0745908 -0.111014
0 -0.0384374 -0.0737066 -0.109755
0 -0.0380773 -0.0728063 -0.108513
0 -0.0377238 -0.0719309 -0.107326
0 -0.0373961 -0.071125 -0.10623
0 -0.0371167 -0.0704299 -0.105258
0 -0.0369023 -0.0698741 -0.104445
0 -0.0367599 -0.0694733 -0.103823
0 -0.0366899 -0.069235 -0.10342
0 -0.0366829 -0.0691587 -0.103256
0 -0.036727 -0.0692393 -0.10334
0 -0.036815 -0.0694689 -0.103669
0 -0.0369418 -0.069833 -0.104221
0 -0.0371023 -0.0703085 -0.104959
0 -0.0372894 -0.0708661 -0.105828
0 -0.037498 -0.0714756 -0.106769
0 -0.037725 -0.0721095 -0.107725
0 -0.0379654 -0.0727427 -0.108649
0 -0.0382149 -0.0733574 -0.109507
0 -0.0384745 -0.0739482 -0.110289
0 -0.0387425 -0.0745154 -0.111003
0 -0.0390074 -0.0750569 -0.111661
0 -0.0392516 -0.0755648 -0.112275
0 -0.0394583 -0.0760248 -0.112853
0 -0.039619 -0.0764215 -0.113396
0 -0.0397327 -0.0767434 -0.113893
0 -0.039806 -0.0769887 -0.114323
0 -0.0398521 -0.077165 -0.114663
0 -0.0398809 -0.0772805 -0.114891
0 -0.0398981 -0.0773405 -0.11499
0 -0.0399069 -0.0773444 -0.114959
0 -0.0399044 -0.0772876 -0.114809
0 -0.0398825 -0.077166 -0.114562
0 -0.0398313 -0.0769786 -0.11424
0 -0.0397428 -0.0767301 -0.113865
0 -0.0396197 -0.0764335 -0.113459
0 -0.0394777 -0.076111 -0.113041
0 -0.0393407 -0.0757928 -0.112633
0 -0.0392313 -0.075513 -0.112259
0 -0.0391622 -0.0752996 -0.111939
0 -0.0391333 -0.0751672 -0.111692
0 -0.0391344 -0.0751143 -0.111537
0 -0.0391519 -0.0751259 -0.111487
0 -0.0391735 -0.0751806 -0.111543
0 -0.0391901 -0.0752607 -0.111694
0 -0.0391983 -0.0753551 -0.111915
0 -0.0391994 -0.0754563 -0.112168
0 -0.0392017 -0.0755613 -0.112417
0 -0.0392207 -0.0756721 -0.112634
0 -0.0392686 -0.0757917 -0.112808
0 -0.0393437 -0.0759185 -0.112934
0 -0.0394318 -0.0760457 -0.113021
0 -0.0395137 -0.0761621 -0.113082
0 -0.0395718 -0.0762535 -0.113133
0 -0.0395943 -0.0763047 -0.113184
0 -0.0395755 -0.0763044 -0.113227
0 -0.039518 -0.0762483 -0.113247
0 -0.0394298 -0.0761374 -0.113213
0 -0.0393222 -0.0759753 -0.113094
0 -0.0392083 -0.0757669 -0.112868
0 -0.0390975 -0.0755148 -0.112526
0 -0.038989 -0.0752184 -0.112071
0 -0.0388736 -0.0748746 -0.111519
0 -0.0387372 -0.0744791 -0.110892
0 -0.0385691 -0.0740301 -0.110214
0 -0.038368 -0.0735327 -0.109513
0 -0.0381419 -0.0730008 -0.108806
0 -0.0379035 -0.0724553 -0.108107
0 -0.0376667 -0.0719183 -0.107421
0 -0.0374479 -0.0714125 -0.106756
0 -0.0372649 -0.070962 -0.106127
0 -0.0371294 -0.0705857 -0.10556
0 -0.0370432 -0.0702967 -0.105081
0 -0.0370009 -0.0701041 -0.104724
0 -0.0369931 -0.0700118 -0.104516
0 -0.0370102 -0.0700176 -0.104478
0 -0.0370466 -0.0701159 -0.104616
0 -0.0371063 -0.0703044 -0.104924
0 -0.037201 -0.0705877 -0.105391
0 -0.0373431 -0.070974 -0.105996
0 -0.0375428 -0.0714722 -0.106721
0 -0.0378062 -0.0720879 -0.107556
0 -0.0381322 -0.0728185 -0.108498
0 -0.0385113 -0.0736523 -0.109553
0 -0.0389279 -0.0745711 -0.110725
0 -0.0393603 -0.0755488 -0.112008
0 -0.0397788 -0.0765507 -0.113378
0 -0.040159 -0.0775365 -0.114796
0 -0.0404943 -0.0784687 -0.116205
0 -0.0407916 -0.0793233 -0.117544
0 -0.0410636 -0.0800893 -0.118751
0 -0.0413219 -0.0807648 -0.119776
0 -0.0415679 -0.0813473 -0.120586
0 -0.04179 -0.0818238 -0.121167
0 -0.0419697 -0.0821731 -0.121523
0 -0.0420886 -0.082373 -0.121676
0 -0.0421319 -0.0824097 -0.121652
0 -0.0420894 -0.0822823 -0.121468
0 -0.0419606 -0.0820009 -0.121133
0 -0.0417563 -0.081584 -0.120646
0 -0.0414964 -0.0810517 -0.120002
0 -0.0412039 -0.0804221 -0.119199
0 -0.0409 -0.0797148 -0.118246
0 -0.0405964 -0.0789507 -0.117162
0 -0.0402901 -0.0781447 -0.115976
0 -0.0399701 -0.0773055 -0.114723
0 -0.0396273 -0.0764376 -0.113442
0 -0.0392592 -0.0755445 -0.11217
0 -0.0388728 -0.0746359 -0.110933
0 -0.038482 -0.0737307 -0.109748
0 -0.0381048 -0.0728592 -0.108626
0 -0.0377649 -0.0720631 -0.107585
0 -0.0374885 -0.0713834 -0.106648
0 -0.0372935 -0.0708501 -0.105847
0 -0.0371811 -0.0704781 -0.105218
0 -0.0371392 -0.0702667 -0.104797
0 -0.0371487 -0.0702055 -0.104609
0 -0.0371886 -0.0702771 -0.104667
0 -0.0372469 -0.0704639 -0.104962
0 -0.0373275 -0.0707562 -0.105472
0 -0.0374433 -0.0711514 -0.106158
0 -0.0376056 -0.0716469 -0.106971
0 -0.0378208 -0.0722359 -0.107863
0 -0.0380882 -0.0729035 -0.108794
0 -0.0383965 -0.0736247 -0.109738
0 -0.0387223 -0.0743624 -0.110674
0 -0.039032 -0.0750684 -0.11158
0 -0.0392889 -0.0756946 -0.112427
0 -0.039466 -0.0761968 -0.113176
0 -0.0395506 -0.0765367 -0.113775
0 -0.0395445 -0.0766911 -0.114165
0 -0.0394637 -0.0766543 -0.11429
0 -0.0393315 -0.0764354 -0.114112
0 -0.039168 -0.0760547 -0.113617
0 -0.0389839 -0.0755363 -0.112826
0 -0.0387824 -0.0749039 -0.111791
0 -0.038557 -0.0741782 -0.110586
0 -0.0382957 -0.073377 -0.109293
0 -0.0379864 -0.0725151 -0.107981
0 -0.0376229 -0.0716068 -0.106704
0 -0.0372172 -0.0706785 -0.105494
0 -0.0368002 -0.0697695 -0.104366
0 -0.0364101 -0.0689222 -0.103325
0 -0.0360845 -0.068181 -0.10238
0 -0.035851 -0.0675857 -0.101545
0 -0.0357164 -0.0671585 -0.10085
0 -0.0356692 -0.0669039 -0.100331
0 -0.0356921 -0.0668174 -0.100034
0 -0.0357689 -0.0668915 -0.100005
0 -0.0358869 -0.0671218 -0.100273
0 -0.0360457 -0.0675133 -0.100849
0 -0.0362571 -0.0680789 -0.101724
0 -0.0365372 -0.0688325 -0.102872
0 -0.0369037 -0.0697815 -0.104261
0 -0.0373675 -0.0709219 -0.105858
0 -0.0379238 -0.0722349 -0.107632
0 -0.0385526 -0.0736878 -0.109556
0 -0.0392271 -0.0752375 -0.111602
0 -0.0399092 -0.0768306 -0.113733
0 -0.0405538 -0.0784031 -0.115904
0 -0.0411342 -0.0798957 -0.118054
0 -0.0416461 -0.0812664 -0.120108
0 -0.0420881 -0.0824844 -0.121982
0 -0.0424598 -0.0835243 -0.123591
0 -0.0427686 -0.0843685 -0.124866
0 -0.043023 -0.0850066 -0.125767
0 -0.0432213 -0.0854298 -0.126287
0 -0.0433529 -0.0856306 -0.126441
0 -0.0433988 -0.0856044 -0.12626
0 -0.0433357 -0.0853487 -0.125785
0 -0.0431507 -0.0848639 -0.125055
0 -0.0428415 -0.0841549 -0.124097
0 -0.0424172 -0.0832333 -0.122922
0 -0.0419035 -0.0821234 -0.121532
0 -0.0413325 -0.0808617 -0.119926
0 -0.0407331 -0.0794885 -0.118114
0 -0.0401296 -0.0780435 -0.116117
0 -0.0395405 -0.0765647 -0.113989
0 -0.0389784 -0.0750882 -0.111802
0 -0.0384493 -0.0736483 -0.109638
0 -0.0379459 -0.0722737 -0.107582
0 -0.0374603 -0.0709899 -0.105709
0 -0.0370026 -0.0698348 -0.104082
0 -0.0365873 -0.0688452 -0.102738
0 -0.0362283 -0.0680428 -0.101694
0 -0.0359482 -0.0674455 -0.100951
0 -0.0357666 -0.0670672 -0.100497
0 -0.0356902 -0.0669106 -0.100318
0 -0.0357199 -0.0669739 -0.100401
0 -0.035852 -0.0672543 -0.100744
0 -0.0360783 -0.0677435 -0.10135
0 -0.036387 -0.0684266 -0.102222
0 -0.0367592 -0.0692821 -0.103354
0 -0.0371726 -0.0702811 -0.104725
0 -0.0376109 -0.0713906 -0.106298
0 -0.0380637 -0.0725763 -0.108021
0 -0.0385238 -0.0738027 -0.109826
0 -0.0389889 -0.0750359 -0.111639
0 -0.0394554 -0.0762422 -0.113392
0 -0.0399098 -0.0773832 -0.115023
0 -0.0403385 -0.0784257 -0.11648
0 -0.0407309 -0.079346 -0.11773
0 -0.041069 -0.0801192 -0.118754
0 -0.0413316 -0.0807195 -0.119537
0 -0.0415063 -0.0811277 -0.120075
0 -0.041587 -0.0813322 -0.120363
0 -0.041574 -0.0813305 -0.120399
0 -0.0414773 -0.081133 -0.120181
0 -0.0413112 -0.0807603 -0.119713
0 -0.0410877 -0.0802342 -0.119003
0 -0.0408196 -0.0795768 -0.118075
0 -0.0405197 -0.0788124 -0.116964
0 -0.0401936 -0.0779628 -0.115715
0 -0.0398422 -0.0770487 -0.114377
0 -0.0394676 -0.0760938 -0.112999
0 -0.0390771 -0.0751247 -0.111627
0 -0.0386851 -0.0741695 -0.110301
0 -0.0383061 -0.0732546 -0.109053
0 -0.03795 -0.0724041 -0.107905
0 -0.0376307 -0.0716434 -0.106877
0 -0.0373632 -0.0709953 -0.105986
0 -0.0371547 -0.0704749 -0.105248
0 -0.037008 -0.0700904 -0.10468
0 -0.0369233 -0.069846 -0.104297
0 -0.036896 -0.0697426 -0.104114
0 -0.0369187 -0.0697761 -0.104137
0 -0.0369848 -0.0699394 -0.104363
0 -0.0370915 -0.0702248 -0.104783
0 -0.0372399 -0.0706242 -0.105377
0 -0.0374312 -0.0711285 -0.106122
0 -0.0376634 -0.0717255 -0.106988
0 -0.0379303 -0.0723979 -0.107941
0 -0.0382232 -0.0731243 -0.108951
0 -0.0385318 -0.0738802 -0.109989
0 -0.0388444 -0.0746395 -0.111029
0 -0.0391479 -0.075375 -0.112044
0 -0.039427 -0.0760617 -0.113006
0 -0.0396707 -0.0766773 -0.113887
0 -0.039874 -0.0772051 -0.114659
0 -0.0400349 -0.0776326 -0.115294
0 -0.0401537 -0.0779507 -0.115771
0 -0.0402323 -0.0781554 -0.116074
0 -0.0402713 -0.0782455 -0.116196
0 -0.0402701 -0.0782213 -0.11614
0 -0.0402275 -0.0780866 -0.115917
0 -0.0401428 -0.0778473 -0.115546
0 -0.0400162 -0.0775123 -0.11505
0 -0.0398515 -0.077095 -0.114453
0 -0.0396559 -0.0766132 -0.113781
0 -0.0394383 -0.0760866 -0.113055
0 -0.0392094 -0.0755357 -0.112299
0 -0.0389806 -0.0749808 -0.111532
0 -0.038763 -0.0744418 -0.110777
0 -0.0385638 -0.0739352 -0.110056
0 -0.0383876 -0.0734758 -0.109393
0 -0.0382372 -0.0730768 -0.108809
0 -0.0381128 -0.072748 -0.108326
0 -0.0380157 -0.0724959 -0.107959
0 -0.0379474 -0.0723259 -0.107718
0 -0.037909 -0.0722404 -0.107608
0 -0.0379024 -0.07224 -0.107627
0 -0.0379291 -0.0723238 -0.107765
0 -0.0379891 -0.0724884 -0.108013
0 -0.0380814 -0.072727 -0.108356
0 -0.0382027 -0.0730302 -0.10878
0 -0.0383483 -0.0733866 -0.109272
0 -0.0385117 -0.0737833 -0.109816
0 -0.0386855 -0.0742063 -0.110399
0 -0.038862 -0.0746407 -0.111003
0 -0.0390344 -0.0750724 -0.111611
0 -0.0391981 -0.0754883 -0.112204
0 -0.0393492 -0.0758758 -0.112764
0 -0.0394842 -0.0762237 -0.11327
0 -0.0396015 -0.0765231 -0.113705
0 -0.0396982 -0.076767 -0.114055
0 -0.039772 -0.0769486 -0.114307
0 -0.0398205 -0.0770623 -0.114458
0 -0.0398413 -0.0771048 -0.114507
0 -0.0398327 -0.0770749 -0.114455
0 -0.0397944 -0.0769742 -0.114308
0 -0.0397269 -0.0768074 -0.114074
0 -0.0396333 -0.0765814 -0.113761
0 -0.0395182 -0.076305 -0.11338
0 -0.0393871 -0.0759887 -0.112943
0 -0.0392461 -0.0756438 -0.112463
0 -0.0391006 -0.0752822 -0.111955
0 -0.0389553 -0.0749158 -0.111434
0 -0.038814 -0.0745558 -0.110918
0 -0.0386794 -0.0742114 -0.110423
0 -0.0385542 -0.0738917 -0.109966
0 -0.0384414 -0.0736058 -0.109561
0 -0.0383437 -0.0733616 -0.10922
0 -0.0382637 -0.0731659 -0.10895
0 -0.0382047 -0.0730246 -0.108758
0 -0.0381694 -0.0729415 -0.108646
0 -0.0381594 -0.0729183 -0.108616
0 -0.0381747 -0.072955 -0.108666
0 -0.038214 -0.0730487 -0.108793
0 -0.0382746 -0.0731949 -0.108993
0 -0.0383531 -0.0733877 -0.109259
0 -0.0384461 -0.0736195 -0.109583
0 -0.0385503 -0.0738821 -0.109954
0 -0.0386626 -0.0741672 -0.11036
0 -0.0387802 -0.074466 -0.110786
0 -0.0388998 -0.0747695 -0.111219
0 -0.0390184 -0.075069 -0.111645
0 -0.0391339 -0.0753561 -0.112049
0 -0.039242 -0.0756221 -0.112421
0 -0.0393386 -0.0758585 -0.11275
0 -0.0394211 -0.0760588 -0.113028
0 -0.0394863 -0.0762175 -0.113249
0 -0.0395317 -0.0763298 -0.113407
0 -0.0395568 -0.0763934 -0.113498
0 -0.0395617 -0.076408 -0.113522
0 -0.0395466 -0.0763739 -0.113477
0 -0.0395132 -0.0762936 -0.113367
0 -0.0394633 -0.0761711 -0.113196
0 -0.0393987 -0.0760108 -0.112969
0 -0.0393216 -0.0758183 -0.112696
0 -0.0392347 -0.0756004 -0.112386
0 -0.0391405 -0.0753637 -0.11205
0 -0.0390415 -0.0751157 -0.111699
0 -0.0389409 -0.0748643 -0.111344
0 -0.0388417 -0.0746173 -0.110996
0 -0.0387468 -0.0743818 -0.110666
0 -0.0386589 -0.0741644 -0.110363
0 -0.0385815 -0.073972 -0.110094
0 -0.038517 -0.0738103 -0.109867
0 -0.0384666 -0.0736833 -0.109688
0 -0.0384317 -0.0735942 -0.10956
0 -0.0384127 -0.0735446 -0.109488
0 -0.0384092 -0.0735346 -0.109472
